[2020/07/29 09:25:28][I][checkDatabaseONorNOT] Database running.
[2020/07/29 09:25:28][I][tryConnectDatabase] Connect to MariaDB GFI20 database success!!
[2020/07/29 09:25:28][I][tryConnectDatabase] Connect to MariaDB GFI20 database success!!
[2020/07/29 09:25:29][I][checkDatabaseONorNOT] Database running.
[2020/07/29 09:25:29][I][tryConnectDatabase] Connect to MariaDB GFI20 database success!!
[2020/07/29 09:25:29][I][tryConnectDatabase] Connect to MariaDB GFI20 database success!!
[2020/07/29 09:25:29][E][initialDatabase] UpdateDB.csv already exist.
[2020/07/29 09:25:51][I][WriteDataTocsv] Create new row with item GFI20Bootup.
[2020/07/29 09:25:51][I][WriteDataTocsv] Update complete.
[2020/07/29 09:25:51][WriteRFDataTocsv][I] Update testscript GFI20Bootup's data.
[2020/07/29 09:25:51][I][WriteRFDataTocsv] Update complete.
[2020/07/29 09:26:43][I][WriteDataTocsv] Create new row with item CountDown.
[2020/07/29 09:26:43][I][WriteDataTocsv] Update complete.
[2020/07/29 09:26:43][WriteRFDataTocsv][I] Update testscript CountDown's data.
[2020/07/29 09:26:43][I][WriteRFDataTocsv] Update complete.
[2020/07/29 09:27:25][I][WriteDataTocsv] Create new row with item WaitConnect.
[2020/07/29 09:27:25][I][WriteDataTocsv] Update complete.
[2020/07/29 09:27:25][WriteRFDataTocsv][I] Update testscript WaitConnect's data.
[2020/07/29 09:27:25][I][WriteRFDataTocsv] Update complete.
[2020/07/29 09:27:25]--------------------DBUploading start--------------------
[2020/07/29 09:27:25][I][uploadData] Projcet name: GFI20
[2020/07/29 09:27:25][I][uploadData] Station name: BRF
[2020/07/29 09:27:25][I][tryConnectDatabase] Connect to MariaDB GFI20 database success!!
[2020/07/29 09:27:25][I][uploadData] Write data into BRF_GFI20Bootup
[2020/07/29 09:27:25][I][uploadData] Write data into BRF_CountDown
[2020/07/29 09:27:25][I][uploadData] Write data into BRF_WaitConnect
[2020/07/29 09:27:25][I][tryConnectDatabase] Connect to MariaDB GFI20_RF database success!!
[2020/07/29 09:27:25]---------- INI ----------
[2020/07/29 09:27:25][E][uploadData] Read MDUT.ini failed.
