[2020/07/27 21:03:59.848943][I][class_GFI20] Initial class_GFI20
[2020/07/27 21:03:59.848943][I][connectDUT] COM: COM20, BaudRate: 115200
[2020/07/27 21:03:59.858675][I][connectDUT] Connect DUT success
[2020/07/27 21:03:59.868675][I][setScimitarMenu] Set Scimitar menu
[2020/07/27 21:04:00.079274][I][sendCOMCommand] DUT <= x
[2020/07/27 21:04:00.189256][I][sendCOMCommand] Serial buffer size: 23
[2020/07/27 21:04:00.739015][I][sendCOMCommand] DUT => Scimitar F/T program.

[2020/07/27 21:04:00.959182][I][sendCOMCommand] DUT <= x
[2020/07/27 21:04:01.069227][I][sendCOMCommand] Serial buffer size: 88
[2020/07/27 21:04:01.619210][I][sendCOMCommand] DUT => TEST Pro Version:2.3.105.0102 (C)2016-2019 Copyright by Dynabook Inc.
Start EZSP mode

[2020/07/27 21:04:01.839222][I][sendCOMCommand] DUT <= x
[2020/07/27 21:04:02.499217][W][sendCOMCommand] DUT => None
[2020/07/27 21:04:12.382081][I][class_GFI20] Initial class_GFI20
[2020/07/27 21:04:12.392113][I][connectDUT] COM: COM20, BaudRate: 115200
[2020/07/27 21:04:12.398608][I][connectDUT] Connect DUT success
[2020/07/27 21:04:12.403667][I][setScimitarMenu] Set Scimitar menu
[2020/07/27 21:04:12.613664][I][sendCOMCommand] DUT <= x
[2020/07/27 21:04:12.723649][I][sendCOMCommand] Serial buffer size: 7
[2020/07/27 21:04:13.273477][I][sendCOMCommand] DUT => x
$>

[2020/07/27 21:04:13.273477][I][setScimitarMenu] Success
[2020/07/27 21:04:19.423148][I][setZigbee_Tx] ZIGBEE_2450 CH: 15, Tx PWR: 0 dBm
[2020/07/27 21:04:19.423148][I][setScimitarMenu] Set Scimitar menu
[2020/07/27 21:04:19.643456][I][sendCOMCommand] DUT <= x
[2020/07/27 21:04:19.753650][I][sendCOMCommand] Serial buffer size: 7
[2020/07/27 21:04:20.303654][I][sendCOMCommand] DUT => x
$>

[2020/07/27 21:04:20.313161][I][setScimitarMenu] Success
[2020/07/27 21:04:20.313161][I][setZigbeeMenu] Check Zigbee Menu
[2020/07/27 21:04:20.523657][I][sendCOMCommand] DUT <= 2
[2020/07/27 21:04:20.633652][I][sendCOMCommand] Serial buffer size: 22
[2020/07/27 21:04:21.193656][I][sendCOMCommand] DUT => 2
$2_Zigbee(EM357)>

[2020/07/27 21:04:21.203167][I][setZigbeeMenu] Success
[2020/07/27 21:04:21.203167][I][setZigbee_Tx] Set Diagnostics Menu
[2020/07/27 21:04:21.413656][I][sendCOMCommand] DUT <= d
[2020/07/27 21:04:21.533648][I][sendCOMCommand] Serial buffer size: 22
[2020/07/27 21:04:22.093737][I][sendCOMCommand] DUT => d
$2-d_Diagnostics>

[2020/07/27 21:04:22.093737][I][setZigbee_Tx] Success
[2020/07/27 21:04:22.103148][I][setZigbee_Tx] Set Channel Menu
[2020/07/27 21:04:22.313649][I][sendCOMCommand] DUT <= 2
[2020/07/27 21:04:22.423648][I][sendCOMCommand] Serial buffer size: 66
[2020/07/27 21:04:22.993663][I][sendCOMCommand] DUT => 2
$2-d-2_Set Channel (11 => 26) [0B - 1A by HEX]>
$PARAMETER?>

[2020/07/27 21:04:23.003156][I][setZigbee_Tx] Success
[2020/07/27 21:04:23.003156][I][setZigbee_Tx] Set Channel
[2020/07/27 21:04:23.213645][I][sendCOMCommand] DUT <= 0F
[2020/07/27 21:04:23.323829][I][sendCOMCommand] Serial buffer size: 53
[2020/07/27 21:04:23.873651][I][sendCOMCommand] DUT => Set Channel: 15 (0x0F)
$DONE_OK
$2-d_Diagnostics>

[2020/07/27 21:04:23.883158][I][setZigbee_Tx] Success
[2020/07/27 21:04:23.883158][I][setZigbee_Tx] Set PWR Menu
[2020/07/27 21:04:24.093689][I][sendCOMCommand] DUT <= 3
[2020/07/27 21:04:24.203651][I][sendCOMCommand] Serial buffer size: 79
[2020/07/27 21:04:24.753653][I][sendCOMCommand] DUT => 3
$2-d-3_Set Power (-32 => +8dBm, Step=1dB) [-2B - 08 by HEX]>
$PARAMETER?>

[2020/07/27 21:04:24.753653][I][setZigbee_Tx] Success
[2020/07/27 21:04:24.763109][I][setZigbee_Tx] Set Tx PWR
[2020/07/27 21:04:24.973538][I][sendCOMCommand] DUT <= 00
[2020/07/27 21:04:25.083500][I][sendCOMCommand] Serial buffer size: 50
[2020/07/27 21:04:25.643731][I][sendCOMCommand] DUT => Set Power: 0 (0x00)
$DONE_OK
$2-d_Diagnostics>

[2020/07/27 21:04:25.643731][I][setZigbee_Tx] Success
[2020/07/27 21:04:25.663143][I][setScimitarMenu] Set Scimitar menu
[2020/07/27 21:04:25.873644][I][sendCOMCommand] DUT <= x
[2020/07/27 21:04:25.983649][I][sendCOMCommand] Serial buffer size: 22
[2020/07/27 21:04:26.543644][I][sendCOMCommand] DUT => x
$2_Zigbee(EM357)>

[2020/07/27 21:04:26.763656][I][sendCOMCommand] DUT <= x
[2020/07/27 21:04:26.873650][I][sendCOMCommand] Serial buffer size: 7
[2020/07/27 21:04:27.433653][I][sendCOMCommand] DUT => x
$>

[2020/07/27 21:04:27.443171][I][setScimitarMenu] Success
[2020/07/27 21:04:27.443171][I][setZigbeeMenu] Check Zigbee Menu
[2020/07/27 21:04:27.653659][I][sendCOMCommand] DUT <= 2
[2020/07/27 21:04:27.773629][I][sendCOMCommand] Serial buffer size: 22
[2020/07/27 21:04:28.323620][I][sendCOMCommand] DUT => 2
$2_Zigbee(EM357)>

[2020/07/27 21:04:28.333155][I][setZigbeeMenu] Success
[2020/07/27 21:04:28.333155][I][setTxStart] Set Tx start
[2020/07/27 21:04:30.553110][I][setTxStop] Set Tx stop
[2020/07/27 21:04:30.763652][I][sendCOMCommand] DUT <= 5
[2020/07/27 21:04:30.873633][I][sendCOMCommand] Serial buffer size: 170
[2020/07/27 21:04:31.423652][I][sendCOMCommand] DUT => [mfglib]Send Packet(100 bytes)
[mfglib]Send Packet(100 bytes)
5
ZigBee send packet test end.
Total number of emberStatus errors:0
$[0]
$DONE_OK
$2_Zigbee(EM357)>

[2020/07/27 21:04:31.433144][I][setTxStop] Success
[2020/07/27 21:04:31.453108][I][setZigbee_Tx] ZIGBEE_2450 CH: 15, Tx PWR: -1 dBm
[2020/07/27 21:04:31.463119][I][setScimitarMenu] Set Scimitar menu
[2020/07/27 21:04:31.673646][I][sendCOMCommand] DUT <= x
[2020/07/27 21:04:31.783646][I][sendCOMCommand] Serial buffer size: 7
[2020/07/27 21:04:32.333655][I][sendCOMCommand] DUT => x
$>

[2020/07/27 21:04:32.343152][I][setScimitarMenu] Success
[2020/07/27 21:04:32.343152][I][setZigbeeMenu] Check Zigbee Menu
[2020/07/27 21:04:32.563141][I][sendCOMCommand] DUT <= 2
[2020/07/27 21:04:32.673645][I][sendCOMCommand] Serial buffer size: 22
[2020/07/27 21:04:33.233651][I][sendCOMCommand] DUT => 2
$2_Zigbee(EM357)>

[2020/07/27 21:04:33.243152][I][setZigbeeMenu] Success
[2020/07/27 21:04:33.243152][I][setZigbee_Tx] Set Diagnostics Menu
[2020/07/27 21:04:33.463651][I][sendCOMCommand] DUT <= d
[2020/07/27 21:04:33.573642][I][sendCOMCommand] Serial buffer size: 22
[2020/07/27 21:04:34.133651][I][sendCOMCommand] DUT => d
$2-d_Diagnostics>

[2020/07/27 21:04:34.143152][I][setZigbee_Tx] Success
[2020/07/27 21:04:34.143152][I][setZigbee_Tx] Set Channel Menu
[2020/07/27 21:04:34.363652][I][sendCOMCommand] DUT <= 2
[2020/07/27 21:04:34.473644][I][sendCOMCommand] Serial buffer size: 66
[2020/07/27 21:04:35.033648][I][sendCOMCommand] DUT => 2
$2-d-2_Set Channel (11 => 26) [0B - 1A by HEX]>
$PARAMETER?>

[2020/07/27 21:04:35.043156][I][setZigbee_Tx] Success
[2020/07/27 21:04:35.043156][I][setZigbee_Tx] Set Channel
[2020/07/27 21:04:35.263645][I][sendCOMCommand] DUT <= 0F
[2020/07/27 21:04:35.373644][I][sendCOMCommand] Serial buffer size: 53
[2020/07/27 21:04:35.923642][I][sendCOMCommand] DUT => Set Channel: 15 (0x0F)
$DONE_OK
$2-d_Diagnostics>

[2020/07/27 21:04:35.933159][I][setZigbee_Tx] Success
[2020/07/27 21:04:35.933159][I][setZigbee_Tx] Set PWR Menu
[2020/07/27 21:04:36.153641][I][sendCOMCommand] DUT <= 3
[2020/07/27 21:04:36.263641][I][sendCOMCommand] Serial buffer size: 79
[2020/07/27 21:04:36.813648][I][sendCOMCommand] DUT => 3
$2-d-3_Set Power (-32 => +8dBm, Step=1dB) [-2B - 08 by HEX]>
$PARAMETER?>

[2020/07/27 21:04:36.813648][I][setZigbee_Tx] Success
[2020/07/27 21:04:36.823106][I][setZigbee_Tx] Set Tx PWR
[2020/07/27 21:04:37.033646][I][sendCOMCommand] DUT <= FF
[2020/07/27 21:04:37.143646][I][sendCOMCommand] Serial buffer size: 38
[2020/07/27 21:04:37.263646][W][sendCOMCommand] Buffer not empty!!!
[2020/07/27 21:04:37.263646][I][sendCOMCommand] Serial buffer size: 19
[2020/07/27 21:04:37.813643][I][sendCOMCommand] DUT => Set Power: -1 (0xFFFFFFFF)
$DONE_OK
$2-d_Diagnostics>

[2020/07/27 21:04:37.823149][I][setZigbee_Tx] Success
[2020/07/27 21:04:37.833141][I][setScimitarMenu] Set Scimitar menu
[2020/07/27 21:04:38.043645][I][sendCOMCommand] DUT <= x
[2020/07/27 21:04:38.153642][I][sendCOMCommand] Serial buffer size: 22
[2020/07/27 21:04:38.703650][I][sendCOMCommand] DUT => x
$2_Zigbee(EM357)>

[2020/07/27 21:04:38.923741][I][sendCOMCommand] DUT <= x
[2020/07/27 21:04:39.033617][I][sendCOMCommand] Serial buffer size: 7
[2020/07/27 21:04:39.593354][I][sendCOMCommand] DUT => x
$>

[2020/07/27 21:04:39.593354][I][setScimitarMenu] Success
[2020/07/27 21:04:39.603106][I][setZigbeeMenu] Check Zigbee Menu
[2020/07/27 21:04:39.813651][I][sendCOMCommand] DUT <= 2
[2020/07/27 21:04:39.923762][I][sendCOMCommand] Serial buffer size: 22
[2020/07/27 21:04:40.473650][I][sendCOMCommand] DUT => 2
$2_Zigbee(EM357)>

[2020/07/27 21:04:40.483141][I][setZigbeeMenu] Success
[2020/07/27 21:04:40.483141][I][setTxStart] Set Tx start
[2020/07/27 21:04:42.623146][I][setTxStop] Set Tx stop
[2020/07/27 21:04:42.833521][I][sendCOMCommand] DUT <= 5
[2020/07/27 21:04:42.943647][I][sendCOMCommand] Serial buffer size: 206
[2020/07/27 21:04:43.493733][I][sendCOMCommand] DUT => [mfglib]Send Packet(100 bytes)
[mfglib]Send Packet(100 bytes)
[mfglib]Send Packet(100 bytes)   *
5
ZigBee send packet test end.
Total number of emberStatus errors:0
$[0]
$DONE_OK
$2_Zigbee(EM357)>

[2020/07/27 21:04:43.503139][I][setTxStop] Success
[2020/07/27 21:04:47.243103][I][setZigbee_Tx] ZIGBEE_2450 CH: 21, Tx PWR: 0 dBm
[2020/07/27 21:04:47.243103][I][setScimitarMenu] Set Scimitar menu
[2020/07/27 21:04:47.463636][I][sendCOMCommand] DUT <= x
[2020/07/27 21:04:47.573639][I][sendCOMCommand] Serial buffer size: 7
[2020/07/27 21:04:48.133636][I][sendCOMCommand] DUT => x
$>

[2020/07/27 21:04:48.143165][I][setScimitarMenu] Success
[2020/07/27 21:04:48.143165][I][setZigbeeMenu] Check Zigbee Menu
[2020/07/27 21:04:48.363650][I][sendCOMCommand] DUT <= 2
[2020/07/27 21:04:48.473515][I][sendCOMCommand] Serial buffer size: 22
[2020/07/27 21:04:49.033648][I][sendCOMCommand] DUT => 2
$2_Zigbee(EM357)>

[2020/07/27 21:04:49.043151][I][setZigbeeMenu] Success
[2020/07/27 21:04:49.043151][I][setZigbee_Tx] Set Diagnostics Menu
[2020/07/27 21:04:49.263647][I][sendCOMCommand] DUT <= d
[2020/07/27 21:04:49.373644][I][sendCOMCommand] Serial buffer size: 22
[2020/07/27 21:04:49.933651][I][sendCOMCommand] DUT => d
$2-d_Diagnostics>

[2020/07/27 21:04:49.943103][I][setZigbee_Tx] Success
[2020/07/27 21:04:49.943103][I][setZigbee_Tx] Set Channel Menu
[2020/07/27 21:04:50.153696][I][sendCOMCommand] DUT <= 2
[2020/07/27 21:04:50.263648][I][sendCOMCommand] Serial buffer size: 66
[2020/07/27 21:04:50.823640][I][sendCOMCommand] DUT => 2
$2-d-2_Set Channel (11 => 26) [0B - 1A by HEX]>
$PARAMETER?>

[2020/07/27 21:04:50.833148][I][setZigbee_Tx] Success
[2020/07/27 21:04:50.833148][I][setZigbee_Tx] Set Channel
[2020/07/27 21:04:51.053642][I][sendCOMCommand] DUT <= 15
[2020/07/27 21:04:51.163642][I][sendCOMCommand] Serial buffer size: 53
[2020/07/27 21:04:51.713616][I][sendCOMCommand] DUT => Set Channel: 21 (0x15)
$DONE_OK
$2-d_Diagnostics>

[2020/07/27 21:04:51.723154][I][setZigbee_Tx] Success
[2020/07/27 21:04:51.723154][I][setZigbee_Tx] Set PWR Menu
[2020/07/27 21:04:51.933641][I][sendCOMCommand] DUT <= 3
[2020/07/27 21:04:52.043635][I][sendCOMCommand] Serial buffer size: 79
[2020/07/27 21:04:52.603805][I][sendCOMCommand] DUT => 3
$2-d-3_Set Power (-32 => +8dBm, Step=1dB) [-2B - 08 by HEX]>
$PARAMETER?>

[2020/07/27 21:04:52.603805][I][setZigbee_Tx] Success
[2020/07/27 21:04:52.613104][I][setZigbee_Tx] Set Tx PWR
[2020/07/27 21:04:52.823625][I][sendCOMCommand] DUT <= 00
[2020/07/27 21:04:52.933641][I][sendCOMCommand] Serial buffer size: 31
[2020/07/27 21:04:53.493641][I][sendCOMCommand] DUT => Set Power: 0 (0x00)
$DONE_OK
$2-d_Diagnostics>

[2020/07/27 21:04:53.503104][I][setZigbee_Tx] Success
[2020/07/27 21:04:53.513132][I][setScimitarMenu] Set Scimitar menu
[2020/07/27 21:04:53.723652][I][sendCOMCommand] DUT <= x
[2020/07/27 21:04:53.833643][I][sendCOMCommand] Serial buffer size: 22
[2020/07/27 21:04:54.393647][I][sendCOMCommand] DUT => x
$2_Zigbee(EM357)>

[2020/07/27 21:04:54.603643][I][sendCOMCommand] DUT <= x
[2020/07/27 21:04:54.713795][I][sendCOMCommand] Serial buffer size: 7
[2020/07/27 21:04:55.263538][I][sendCOMCommand] DUT => x
$>

[2020/07/27 21:04:55.263538][I][setScimitarMenu] Success
[2020/07/27 21:04:55.273144][I][setZigbeeMenu] Check Zigbee Menu
[2020/07/27 21:04:55.483643][I][sendCOMCommand] DUT <= 2
[2020/07/27 21:04:55.593642][I][sendCOMCommand] Serial buffer size: 22
[2020/07/27 21:04:56.143627][I][sendCOMCommand] DUT => 2
$2_Zigbee(EM357)>

[2020/07/27 21:04:56.153152][I][setZigbeeMenu] Success
[2020/07/27 21:04:56.153152][I][setTxStart] Set Tx start
[2020/07/27 21:04:58.403146][I][setTxStop] Set Tx stop
[2020/07/27 21:04:58.623641][I][sendCOMCommand] DUT <= 5
[2020/07/27 21:04:58.733639][I][sendCOMCommand] Serial buffer size: 170
[2020/07/27 21:04:59.293702][I][sendCOMCommand] DUT => [mfglib]Send Packet(100 bytes)
[mfglib]Send Packet(100 bytes)
5
ZigBee send packet test end.
Total number of emberStatus errors:0
$[0]
$DONE_OK
$2_Zigbee(EM357)>

[2020/07/27 21:04:59.293702][I][setTxStop] Success
[2020/07/27 21:04:59.323137][I][setZigbee_Tx] ZIGBEE_2450 CH: 21, Tx PWR: -1 dBm
[2020/07/27 21:04:59.323137][I][setScimitarMenu] Set Scimitar menu
[2020/07/27 21:04:59.543376][I][sendCOMCommand] DUT <= x
[2020/07/27 21:04:59.653607][I][sendCOMCommand] Serial buffer size: 3
[2020/07/27 21:05:00.213639][I][sendCOMCommand] DUT => x
$>

[2020/07/27 21:05:00.223138][I][setScimitarMenu] Success
[2020/07/27 21:05:00.223138][I][setZigbeeMenu] Check Zigbee Menu
[2020/07/27 21:05:00.433732][I][sendCOMCommand] DUT <= 2
[2020/07/27 21:05:00.543638][I][sendCOMCommand] Serial buffer size: 22
[2020/07/27 21:05:01.103640][I][sendCOMCommand] DUT => 2
$2_Zigbee(EM357)>

[2020/07/27 21:05:01.103640][I][setZigbeeMenu] Success
[2020/07/27 21:05:01.113148][I][setZigbee_Tx] Set Diagnostics Menu
[2020/07/27 21:05:01.323650][I][sendCOMCommand] DUT <= d
[2020/07/27 21:05:01.443638][I][sendCOMCommand] Serial buffer size: 22
[2020/07/27 21:05:01.993644][I][sendCOMCommand] DUT => d
$2-d_Diagnostics>

[2020/07/27 21:05:02.013643][I][setZigbee_Tx] Success
[2020/07/27 21:05:02.013643][I][setZigbee_Tx] Set Channel Menu
[2020/07/27 21:05:02.223637][I][sendCOMCommand] DUT <= 2
[2020/07/27 21:05:02.333631][I][sendCOMCommand] Serial buffer size: 66
[2020/07/27 21:05:02.893735][I][sendCOMCommand] DUT => 2
$2-d-2_Set Channel (11 => 26) [0B - 1A by HEX]>
$PARAMETER?>

[2020/07/27 21:05:02.893735][I][setZigbee_Tx] Success
[2020/07/27 21:05:02.903104][I][setZigbee_Tx] Set Channel
[2020/07/27 21:05:03.113635][I][sendCOMCommand] DUT <= 15
[2020/07/27 21:05:03.223637][I][sendCOMCommand] Serial buffer size: 53
[2020/07/27 21:05:03.783621][I][sendCOMCommand] DUT => Set Channel: 21 (0x15)
$DONE_OK
$2-d_Diagnostics>

[2020/07/27 21:05:03.793099][I][setZigbee_Tx] Success
[2020/07/27 21:05:03.793099][I][setZigbee_Tx] Set PWR Menu
[2020/07/27 21:05:04.003636][I][sendCOMCommand] DUT <= 3
[2020/07/27 21:05:04.113625][I][sendCOMCommand] Serial buffer size: 79
[2020/07/27 21:05:04.673634][I][sendCOMCommand] DUT => 3
$2-d-3_Set Power (-32 => +8dBm, Step=1dB) [-2B - 08 by HEX]>
$PARAMETER?>

[2020/07/27 21:05:04.683149][I][setZigbee_Tx] Success
[2020/07/27 21:05:04.683149][I][setZigbee_Tx] Set Tx PWR
[2020/07/27 21:05:04.903760][I][sendCOMCommand] DUT <= FF
[2020/07/27 21:05:05.013642][I][sendCOMCommand] Serial buffer size: 57
[2020/07/27 21:05:05.563637][I][sendCOMCommand] DUT => Set Power: -1 (0xFFFFFFFF)
$DONE_OK
$2-d_Diagnostics>

[2020/07/27 21:05:05.583131][I][setZigbee_Tx] Success
[2020/07/27 21:05:05.603138][I][setScimitarMenu] Set Scimitar menu
[2020/07/27 21:05:05.813553][I][sendCOMCommand] DUT <= x
[2020/07/27 21:05:05.923633][I][sendCOMCommand] Serial buffer size: 22
[2020/07/27 21:05:06.483655][I][sendCOMCommand] DUT => x
$2_Zigbee(EM357)>

[2020/07/27 21:05:06.713636][I][sendCOMCommand] DUT <= x
[2020/07/27 21:05:06.823623][I][sendCOMCommand] Serial buffer size: 7
[2020/07/27 21:05:07.383641][I][sendCOMCommand] DUT => x
$>

[2020/07/27 21:05:07.393155][I][setScimitarMenu] Success
[2020/07/27 21:05:07.393155][I][setZigbeeMenu] Check Zigbee Menu
[2020/07/27 21:05:07.613796][I][sendCOMCommand] DUT <= 2
[2020/07/27 21:05:07.723632][I][sendCOMCommand] Serial buffer size: 22
[2020/07/27 21:05:08.283647][I][sendCOMCommand] DUT => 2
$2_Zigbee(EM357)>

[2020/07/27 21:05:08.293150][I][setZigbeeMenu] Success
[2020/07/27 21:05:08.293150][I][setTxStart] Set Tx start
[2020/07/27 21:05:10.443142][I][setTxStop] Set Tx stop
[2020/07/27 21:05:10.653644][I][sendCOMCommand] DUT <= 5
[2020/07/27 21:05:10.763637][I][sendCOMCommand] Serial buffer size: 206
[2020/07/27 21:05:11.323642][I][sendCOMCommand] DUT => [mfglib]Send Packet(100 bytes)
[mfglib]Send Packet(100 bytes)
[mfglib]Send Packet(100 bytes)   *
5
ZigBee send packet test end.
Total number of emberStatus errors:0
$[0]
$DONE_OK
$2_Zigbee(EM357)>

[2020/07/27 21:05:11.333138][I][setTxStop] Success
[2020/07/27 21:05:15.093109][I][setZigbee_Tx] ZIGBEE_2450 CH: 24, Tx PWR: 0 dBm
[2020/07/27 21:05:15.093109][I][setScimitarMenu] Set Scimitar menu
[2020/07/27 21:05:15.313641][I][sendCOMCommand] DUT <= x
[2020/07/27 21:05:15.423694][I][sendCOMCommand] Serial buffer size: 7
[2020/07/27 21:05:15.973637][I][sendCOMCommand] DUT => x
$>

[2020/07/27 21:05:15.983146][I][setScimitarMenu] Success
[2020/07/27 21:05:15.983146][I][setZigbeeMenu] Check Zigbee Menu
[2020/07/27 21:05:16.203636][I][sendCOMCommand] DUT <= 2
[2020/07/27 21:05:16.323630][I][sendCOMCommand] Serial buffer size: 22
[2020/07/27 21:05:16.883474][I][sendCOMCommand] DUT => 2
$2_Zigbee(EM357)>

[2020/07/27 21:05:16.893144][I][setZigbeeMenu] Success
[2020/07/27 21:05:16.893144][I][setZigbee_Tx] Set Diagnostics Menu
[2020/07/27 21:05:17.113634][I][sendCOMCommand] DUT <= d
[2020/07/27 21:05:17.223633][I][sendCOMCommand] Serial buffer size: 22
[2020/07/27 21:05:17.773627][I][sendCOMCommand] DUT => d
$2-d_Diagnostics>

[2020/07/27 21:05:17.793100][I][setZigbee_Tx] Success
[2020/07/27 21:05:17.803139][I][setZigbee_Tx] Set Channel Menu
[2020/07/27 21:05:18.013632][I][sendCOMCommand] DUT <= 2
[2020/07/27 21:05:18.123606][I][sendCOMCommand] Serial buffer size: 66
[2020/07/27 21:05:18.683773][I][sendCOMCommand] DUT => 2
$2-d-2_Set Channel (11 => 26) [0B - 1A by HEX]>
$PARAMETER?>

[2020/07/27 21:05:18.683773][I][setZigbee_Tx] Success
[2020/07/27 21:05:18.693130][I][setZigbee_Tx] Set Channel
[2020/07/27 21:05:18.903756][I][sendCOMCommand] DUT <= 18
[2020/07/27 21:05:19.013630][I][sendCOMCommand] Serial buffer size: 53
[2020/07/27 21:05:19.563634][I][sendCOMCommand] DUT => Set Channel: 24 (0x18)
$DONE_OK
$2-d_Diagnostics>

[2020/07/27 21:05:19.573139][I][setZigbee_Tx] Success
[2020/07/27 21:05:19.573139][I][setZigbee_Tx] Set PWR Menu
[2020/07/27 21:05:19.793633][I][sendCOMCommand] DUT <= 3
[2020/07/27 21:05:19.903627][I][sendCOMCommand] Serial buffer size: 79
[2020/07/27 21:05:20.453637][I][sendCOMCommand] DUT => 3
$2-d-3_Set Power (-32 => +8dBm, Step=1dB) [-2B - 08 by HEX]>
$PARAMETER?>

[2020/07/27 21:05:20.463143][I][setZigbee_Tx] Success
[2020/07/27 21:05:20.463143][I][setZigbee_Tx] Set Tx PWR
[2020/07/27 21:05:20.683630][I][sendCOMCommand] DUT <= 00
[2020/07/27 21:05:20.793630][I][sendCOMCommand] Serial buffer size: 50
[2020/07/27 21:05:21.353636][I][sendCOMCommand] DUT => Set Power: 0 (0x00)
$DONE_OK
$2-d_Diagnostics>

[2020/07/27 21:05:21.363143][I][setZigbee_Tx] Success
[2020/07/27 21:05:21.373135][I][setScimitarMenu] Set Scimitar menu
[2020/07/27 21:05:21.593634][I][sendCOMCommand] DUT <= x
[2020/07/27 21:05:21.703630][I][sendCOMCommand] Serial buffer size: 22
[2020/07/27 21:05:22.263669][I][sendCOMCommand] DUT => x
$2_Zigbee(EM357)>

[2020/07/27 21:05:22.483631][I][sendCOMCommand] DUT <= x
[2020/07/27 21:05:22.593628][I][sendCOMCommand] Serial buffer size: 7
[2020/07/27 21:05:23.143635][I][sendCOMCommand] DUT => x
$>

[2020/07/27 21:05:23.153140][I][setScimitarMenu] Success
[2020/07/27 21:05:23.153140][I][setZigbeeMenu] Check Zigbee Menu
[2020/07/27 21:05:23.373637][I][sendCOMCommand] DUT <= 2
[2020/07/27 21:05:23.483630][I][sendCOMCommand] Serial buffer size: 22
[2020/07/27 21:05:24.043636][I][sendCOMCommand] DUT => 2
$2_Zigbee(EM357)>

[2020/07/27 21:05:24.053137][I][setZigbeeMenu] Success
[2020/07/27 21:05:24.053137][I][setTxStart] Set Tx start
[2020/07/27 21:05:26.313165][I][setTxStop] Set Tx stop
[2020/07/27 21:05:26.533629][I][sendCOMCommand] DUT <= 5
[2020/07/27 21:05:26.643622][I][sendCOMCommand] Serial buffer size: 170
[2020/07/27 21:05:27.193648][I][sendCOMCommand] DUT => [mfglib]Send Packet(100 bytes)
[mfglib]Send Packet(100 bytes)
5
ZigBee send packet test end.
Total number of emberStatus errors:0
$[0]
$DONE_OK
$2_Zigbee(EM357)>

[2020/07/27 21:05:27.203131][I][setTxStop] Success
[2020/07/27 21:05:27.233121][I][setZigbee_Tx] ZIGBEE_2450 CH: 24, Tx PWR: -2 dBm
[2020/07/27 21:05:27.233121][I][setScimitarMenu] Set Scimitar menu
[2020/07/27 21:05:27.453631][I][sendCOMCommand] DUT <= x
[2020/07/27 21:05:27.563625][I][sendCOMCommand] Serial buffer size: 7
[2020/07/27 21:05:28.123636][I][sendCOMCommand] DUT => x
$>

[2020/07/27 21:05:28.133092][I][setScimitarMenu] Success
[2020/07/27 21:05:28.133092][I][setZigbeeMenu] Check Zigbee Menu
[2020/07/27 21:05:28.343627][I][sendCOMCommand] DUT <= 2
[2020/07/27 21:05:28.453636][I][sendCOMCommand] Serial buffer size: 22
[2020/07/27 21:05:29.003099][I][sendCOMCommand] DUT => 2
$2_Zigbee(EM357)>

[2020/07/27 21:05:29.003099][I][setZigbeeMenu] Success
[2020/07/27 21:05:29.013107][I][setZigbee_Tx] Set Diagnostics Menu
[2020/07/27 21:05:29.223627][I][sendCOMCommand] DUT <= d
[2020/07/27 21:05:29.333597][I][sendCOMCommand] Serial buffer size: 22
[2020/07/27 21:05:29.893632][I][sendCOMCommand] DUT => d
$2-d_Diagnostics>

[2020/07/27 21:05:29.903136][I][setZigbee_Tx] Success
[2020/07/27 21:05:29.913090][I][setZigbee_Tx] Set Channel Menu
[2020/07/27 21:05:30.123640][I][sendCOMCommand] DUT <= 2
[2020/07/27 21:05:30.233616][I][sendCOMCommand] Serial buffer size: 66
[2020/07/27 21:05:30.793426][I][sendCOMCommand] DUT => 2
$2-d-2_Set Channel (11 => 26) [0B - 1A by HEX]>
$PARAMETER?>

[2020/07/27 21:05:30.803108][I][setZigbee_Tx] Success
[2020/07/27 21:05:30.803108][I][setZigbee_Tx] Set Channel
[2020/07/27 21:05:31.013647][I][sendCOMCommand] DUT <= 18
[2020/07/27 21:05:31.133627][I][sendCOMCommand] Serial buffer size: 53
[2020/07/27 21:05:31.683643][I][sendCOMCommand] DUT => Set Channel: 24 (0x18)
$DONE_OK
$2-d_Diagnostics>

[2020/07/27 21:05:31.693149][I][setZigbee_Tx] Success
[2020/07/27 21:05:31.693149][I][setZigbee_Tx] Set PWR Menu
[2020/07/27 21:05:31.913631][I][sendCOMCommand] DUT <= 3
[2020/07/27 21:05:32.023640][I][sendCOMCommand] Serial buffer size: 79
[2020/07/27 21:05:32.573631][I][sendCOMCommand] DUT => 3
$2-d-3_Set Power (-32 => +8dBm, Step=1dB) [-2B - 08 by HEX]>
$PARAMETER?>

[2020/07/27 21:05:32.583137][I][setZigbee_Tx] Success
[2020/07/27 21:05:32.583137][I][setZigbee_Tx] Set Tx PWR
[2020/07/27 21:05:32.803631][I][sendCOMCommand] DUT <= FE
[2020/07/27 21:05:32.913608][I][sendCOMCommand] Serial buffer size: 38
[2020/07/27 21:05:33.473655][I][sendCOMCommand] DUT => Set Power: -2 (0xFFFFFFFE)
$DONE_OK
$2-d_Diagnostics>

[2020/07/27 21:05:33.473655][I][setZigbee_Tx] Success
[2020/07/27 21:05:33.493098][I][setScimitarMenu] Set Scimitar menu
[2020/07/27 21:05:33.703631][I][sendCOMCommand] DUT <= x
[2020/07/27 21:05:33.813594][I][sendCOMCommand] Serial buffer size: 22
[2020/07/27 21:05:34.373631][I][sendCOMCommand] DUT => x
$2_Zigbee(EM357)>

[2020/07/27 21:05:34.593623][I][sendCOMCommand] DUT <= x
[2020/07/27 21:05:34.703640][I][sendCOMCommand] Serial buffer size: 7
[2020/07/27 21:05:35.263510][I][sendCOMCommand] DUT => x
$>

[2020/07/27 21:05:35.273090][I][setScimitarMenu] Success
[2020/07/27 21:05:35.273090][I][setZigbeeMenu] Check Zigbee Menu
[2020/07/27 21:05:35.483634][I][sendCOMCommand] DUT <= 2
[2020/07/27 21:05:35.593619][I][sendCOMCommand] Serial buffer size: 22
[2020/07/27 21:05:36.153628][I][sendCOMCommand] DUT => 2
$2_Zigbee(EM357)>

[2020/07/27 21:05:36.173137][I][setZigbeeMenu] Success
[2020/07/27 21:05:36.183135][I][setTxStart] Set Tx start
[2020/07/27 21:05:38.443091][I][setTxStop] Set Tx stop
[2020/07/27 21:05:38.653647][I][sendCOMCommand] DUT <= 5
[2020/07/27 21:05:38.773543][I][sendCOMCommand] Serial buffer size: 174
[2020/07/27 21:05:39.333624][I][sendCOMCommand] DUT => [mfglib]Send Packet(100 bytes)
[mfglib]Send Packet(100 bytes)   *
5
ZigBee send packet test end.
Total number of emberStatus errors:0
$[0]
$DONE_OK
$2_Zigbee(EM357)>

[2020/07/27 21:05:39.343132][I][setTxStop] Success
[2020/07/27 21:05:40.733102][I][setZigbee_Rx] ZIGBEE_2450 CH: 19
[2020/07/27 21:05:40.743127][I][setScimitarMenu] Set Scimitar menu
[2020/07/27 21:05:40.953141][I][sendCOMCommand] DUT <= x
[2020/07/27 21:05:41.063501][I][sendCOMCommand] Serial buffer size: 7
[2020/07/27 21:05:41.613625][I][sendCOMCommand] DUT => x
$>

[2020/07/27 21:05:41.623143][I][setScimitarMenu] Success
[2020/07/27 21:05:41.623143][I][setZigbeeMenu] Check Zigbee Menu
[2020/07/27 21:05:41.843644][I][sendCOMCommand] DUT <= 2
[2020/07/27 21:05:41.963627][I][sendCOMCommand] Serial buffer size: 22
[2020/07/27 21:05:42.523628][I][sendCOMCommand] DUT => 2
$2_Zigbee(EM357)>

[2020/07/27 21:05:42.523628][I][setZigbeeMenu] Success
[2020/07/27 21:05:42.533087][I][setZigbee_Rx] Set Diagnostics Menu
[2020/07/27 21:05:42.753627][I][sendCOMCommand] DUT <= d
[2020/07/27 21:05:42.863624][I][sendCOMCommand] Serial buffer size: 22
[2020/07/27 21:05:43.423601][I][sendCOMCommand] DUT => d
$2-d_Diagnostics>

[2020/07/27 21:05:43.433132][I][setZigbee_Rx] Success
[2020/07/27 21:05:43.433132][I][setZigbee_Rx] Set Channel Menu
[2020/07/27 21:05:43.653598][I][sendCOMCommand] DUT <= 2
[2020/07/27 21:05:43.763618][I][sendCOMCommand] Serial buffer size: 66
[2020/07/27 21:05:44.323613][I][sendCOMCommand] DUT => 2
$2-d-2_Set Channel (11 => 26) [0B - 1A by HEX]>
$PARAMETER?>

[2020/07/27 21:05:44.343130][I][setZigbee_Rx] Success
[2020/07/27 21:05:44.353142][I][setZigbee_Rx] Set Channel
[2020/07/27 21:05:44.563513][I][sendCOMCommand] DUT <= 13
[2020/07/27 21:05:44.673592][I][sendCOMCommand] Serial buffer size: 53
[2020/07/27 21:05:45.233796][I][sendCOMCommand] DUT => Set Channel: 19 (0x13)
$DONE_OK
$2-d_Diagnostics>

[2020/07/27 21:05:45.233796][I][setZigbee_Rx] Success
[2020/07/27 21:05:45.243129][I][setZigbeeLNAMode] LNA Mode: 1
[2020/07/27 21:05:45.253130][I][setScimitarMenu] Set Scimitar menu
[2020/07/27 21:05:45.463675][I][sendCOMCommand] DUT <= x
[2020/07/27 21:05:45.573625][I][sendCOMCommand] Serial buffer size: 22
[2020/07/27 21:05:46.123630][I][sendCOMCommand] DUT => x
$2_Zigbee(EM357)>

[2020/07/27 21:05:46.343633][I][sendCOMCommand] DUT <= x
[2020/07/27 21:05:46.453626][I][sendCOMCommand] Serial buffer size: 7
[2020/07/27 21:05:47.013640][I][sendCOMCommand] DUT => x
$>

[2020/07/27 21:05:47.013640][I][setScimitarMenu] Success
[2020/07/27 21:05:47.023123][I][setZigbeeMenu] Check Zigbee Menu
[2020/07/27 21:05:47.233627][I][sendCOMCommand] DUT <= 2
[2020/07/27 21:05:47.343635][I][sendCOMCommand] Serial buffer size: 22
[2020/07/27 21:05:47.893626][I][sendCOMCommand] DUT => 2
$2_Zigbee(EM357)>

[2020/07/27 21:05:47.903155][I][setZigbeeMenu] Success
[2020/07/27 21:05:47.903155][I][setZigbeeLNAMode] Set GPIO Write Menu
[2020/07/27 21:05:48.123624][I][sendCOMCommand] DUT <= 3
[2020/07/27 21:05:48.233625][I][sendCOMCommand] Serial buffer size: 28
[2020/07/27 21:05:48.783631][I][sendCOMCommand] DUT => 3
$2-3_ZigBee GPIO Write>

[2020/07/27 21:05:48.793088][I][setZigbeeLNAMode] Success
[2020/07/27 21:05:48.803125][I][setZigbeeLNAMode] Set LNA Mode
[2020/07/27 21:05:49.013625][I][sendCOMCommand] DUT <= 3
[2020/07/27 21:05:49.123619][I][sendCOMCommand] Serial buffer size: 106
[2020/07/27 21:05:49.673627][I][sendCOMCommand] DUT => 3
[EZSP]Setting GPIO was successful. (portPin=3, cfg=1, out=0)
$[0]
$DONE_OK
$2-3_ZigBee GPIO Write>

[2020/07/27 21:05:49.893623][I][sendCOMCommand] DUT <= 3
[2020/07/27 21:05:50.003354][I][sendCOMCommand] Serial buffer size: 106
[2020/07/27 21:05:50.553629][I][sendCOMCommand] DUT => 3
[EZSP]Setting GPIO was successful. (portPin=3, cfg=1, out=1)
$[1]
$DONE_OK
$2-3_ZigBee GPIO Write>

[2020/07/27 21:05:50.563143][I][setZigbeeLNAMode] Success
[2020/07/27 21:05:51.593626][I][getRxResult] Get Rx Result
[2020/07/27 21:05:51.593626][I][setScimitarMenu] Set Scimitar menu
[2020/07/27 21:05:51.813627][I][sendCOMCommand] DUT <= x
[2020/07/27 21:05:51.923628][I][sendCOMCommand] Serial buffer size: 22
[2020/07/27 21:05:52.483625][I][sendCOMCommand] DUT => x
$2_Zigbee(EM357)>

[2020/07/27 21:05:52.713624][I][sendCOMCommand] DUT <= x
[2020/07/27 21:05:52.823625][I][sendCOMCommand] Serial buffer size: 7
[2020/07/27 21:05:53.383641][I][sendCOMCommand] DUT => x
$>

[2020/07/27 21:05:53.383641][I][setScimitarMenu] Success
[2020/07/27 21:05:53.393154][I][setZigbeeMenu] Check Zigbee Menu
[2020/07/27 21:05:53.603622][I][sendCOMCommand] DUT <= 2
[2020/07/27 21:05:53.713638][I][sendCOMCommand] Serial buffer size: 22
[2020/07/27 21:05:54.273350][I][sendCOMCommand] DUT => 2
$2_Zigbee(EM357)>

[2020/07/27 21:05:54.273350][I][setZigbeeMenu] Success
[2020/07/27 21:05:54.493626][I][sendCOMCommand] DUT <= b
[2020/07/27 21:05:54.613625][I][sendCOMCommand] Serial buffer size: 94
[2020/07/27 21:05:54.733591][W][sendCOMCommand] Buffer not empty!!!
[2020/07/27 21:05:54.733591][I][sendCOMCommand] Serial buffer size: 183
[2020/07/27 21:05:55.293630][I][sendCOMCommand] DUT => b
ZigBee get Rssi test start.
Start Scan ... (Channel: 19 (0x13) duration:2 mask:00080000)
Channel: 19 (0x13), Rssi:-17
Total OK!    OOO   K  K   !
            O   O  K K    !
            O   O  KK     !
            O   O  K K     
             OOO   K  Kk  !
$[-17]

[2020/07/27 21:05:55.373125][I][setZigbee_Rx] ZIGBEE_2450 CH: 19
[2020/07/27 21:05:55.383125][I][setScimitarMenu] Set Scimitar menu
[2020/07/27 21:05:55.593445][I][sendCOMCommand] DUT <= x
[2020/07/27 21:05:55.703621][I][sendCOMCommand] Serial buffer size: 36
[2020/07/27 21:05:56.253626][I][sendCOMCommand] DUT => $DONE_OK
$2_Zigbee(EM357)>
x
$>

[2020/07/27 21:05:56.263143][I][setScimitarMenu] Success
[2020/07/27 21:05:56.263143][I][setZigbeeMenu] Check Zigbee Menu
[2020/07/27 21:05:56.483698][I][sendCOMCommand] DUT <= 2
[2020/07/27 21:05:56.593622][I][sendCOMCommand] Serial buffer size: 22
[2020/07/27 21:05:57.153628][I][sendCOMCommand] DUT => 2
$2_Zigbee(EM357)>

[2020/07/27 21:05:57.163143][I][setZigbeeMenu] Success
[2020/07/27 21:05:57.163143][I][setZigbee_Rx] Set Diagnostics Menu
[2020/07/27 21:05:57.383619][I][sendCOMCommand] DUT <= d
[2020/07/27 21:05:57.493622][I][sendCOMCommand] Serial buffer size: 22
[2020/07/27 21:05:58.053610][I][sendCOMCommand] DUT => d
$2-d_Diagnostics>

[2020/07/27 21:05:58.063135][I][setZigbee_Rx] Success
[2020/07/27 21:05:58.063135][I][setZigbee_Rx] Set Channel Menu
[2020/07/27 21:05:58.283623][I][sendCOMCommand] DUT <= 2
[2020/07/27 21:05:58.393620][I][sendCOMCommand] Serial buffer size: 66
[2020/07/27 21:05:58.943623][I][sendCOMCommand] DUT => 2
$2-d-2_Set Channel (11 => 26) [0B - 1A by HEX]>
$PARAMETER?>

[2020/07/27 21:05:58.953129][I][setZigbee_Rx] Success
[2020/07/27 21:05:58.953129][I][setZigbee_Rx] Set Channel
[2020/07/27 21:05:59.173775][I][sendCOMCommand] DUT <= 13
[2020/07/27 21:05:59.283623][I][sendCOMCommand] Serial buffer size: 34
[2020/07/27 21:05:59.843617][I][sendCOMCommand] DUT => Set Channel: 19 (0x13)
$DONE_OK
$2-d_Diagnostics>

[2020/07/27 21:05:59.853133][I][setZigbee_Rx] Success
[2020/07/27 21:05:59.863117][I][setZigbeeLNAMode] LNA Mode: 0
[2020/07/27 21:05:59.863117][I][setScimitarMenu] Set Scimitar menu
[2020/07/27 21:06:00.083698][I][sendCOMCommand] DUT <= x
[2020/07/27 21:06:00.193525][I][sendCOMCommand] Serial buffer size: 22
[2020/07/27 21:06:00.753522][I][sendCOMCommand] DUT => x
$2_Zigbee(EM357)>

[2020/07/27 21:06:00.973622][I][sendCOMCommand] DUT <= x
[2020/07/27 21:06:01.083617][I][sendCOMCommand] Serial buffer size: 3
[2020/07/27 21:06:01.643627][I][sendCOMCommand] DUT => x
$>

[2020/07/27 21:06:01.653131][I][setScimitarMenu] Success
[2020/07/27 21:06:01.653131][I][setZigbeeMenu] Check Zigbee Menu
[2020/07/27 21:06:01.873618][I][sendCOMCommand] DUT <= 2
[2020/07/27 21:06:01.993619][I][sendCOMCommand] Serial buffer size: 22
[2020/07/27 21:06:02.553622][I][sendCOMCommand] DUT => 2
$2_Zigbee(EM357)>

[2020/07/27 21:06:02.563086][I][setZigbeeMenu] Success
[2020/07/27 21:06:02.573082][I][setZigbeeLNAMode] Set GPIO Write Menu
[2020/07/27 21:06:02.783620][I][sendCOMCommand] DUT <= 3
[2020/07/27 21:06:02.903624][I][sendCOMCommand] Serial buffer size: 28
[2020/07/27 21:06:03.453628][I][sendCOMCommand] DUT => 3
$2-3_ZigBee GPIO Write>

[2020/07/27 21:06:03.463126][I][setZigbeeLNAMode] Success
[2020/07/27 21:06:03.463126][I][setZigbeeLNAMode] Set LNA Mode
[2020/07/27 21:06:03.683626][I][sendCOMCommand] DUT <= 3
[2020/07/27 21:06:03.793587][I][sendCOMCommand] Serial buffer size: 106
[2020/07/27 21:06:04.343589][I][sendCOMCommand] DUT => 3
[EZSP]Setting GPIO was successful. (portPin=3, cfg=1, out=0)
$[0]
$DONE_OK
$2-3_ZigBee GPIO Write>

[2020/07/27 21:06:04.353126][I][setZigbeeLNAMode] Success
[2020/07/27 21:06:05.383629][I][getRxResult] Get Rx Result
[2020/07/27 21:06:05.383629][I][setScimitarMenu] Set Scimitar menu
[2020/07/27 21:06:05.603608][I][sendCOMCommand] DUT <= x
[2020/07/27 21:06:05.713619][I][sendCOMCommand] Serial buffer size: 22
[2020/07/27 21:06:06.273623][I][sendCOMCommand] DUT => x
$2_Zigbee(EM357)>

[2020/07/27 21:06:06.483620][I][sendCOMCommand] DUT <= x
[2020/07/27 21:06:06.593611][I][sendCOMCommand] Serial buffer size: 7
[2020/07/27 21:06:07.153651][I][sendCOMCommand] DUT => x
$>

[2020/07/27 21:06:07.153651][I][setScimitarMenu] Success
[2020/07/27 21:06:07.163124][I][setZigbeeMenu] Check Zigbee Menu
[2020/07/27 21:06:07.373618][I][sendCOMCommand] DUT <= 2
[2020/07/27 21:06:07.483619][I][sendCOMCommand] Serial buffer size: 22
[2020/07/27 21:06:08.033621][I][sendCOMCommand] DUT => 2
$2_Zigbee(EM357)>

[2020/07/27 21:06:08.043127][I][setZigbeeMenu] Success
[2020/07/27 21:06:08.253626][I][sendCOMCommand] DUT <= b
[2020/07/27 21:06:08.363618][I][sendCOMCommand] Serial buffer size: 94
[2020/07/27 21:06:08.483546][W][sendCOMCommand] Buffer not empty!!!
[2020/07/27 21:06:08.493126][I][sendCOMCommand] Serial buffer size: 183
[2020/07/27 21:06:08.943616][W][sendCOMCommand] Buffer not empty!!!
[2020/07/27 21:06:08.943616][I][sendCOMCommand] Serial buffer size: 10
[2020/07/27 21:06:09.063618][W][sendCOMCommand] Buffer not empty!!!
[2020/07/27 21:06:09.073123][I][sendCOMCommand] Serial buffer size: 19
[2020/07/27 21:06:09.643626][I][sendCOMCommand] DUT => b
ZigBee get Rssi test start.
Start Scan ... (Channel: 19 (0x13) duration:2 mask:00080000)
Channel: 19 (0x13), Rssi:-29
Total OK!    OOO   K  K   !
            O   O  K K    !
            O   O  KK     !
            O   O  K K     
             OOO   K  Kk  !
$[-29]
$DONE_OK
$2_Zigbee(EM357)>

[2020/07/27 21:06:14.363693][I][disconnectDUT] Disconnect DUT success
