[2020/07/27 14:09:45.136958] ========== Start ==========
[2020/07/27 14:09:45.146971] [I][main] Python 3.7.2 (tags/v3.7.2:9a3ffc0492, Dec 23 2018, 23:09:28) [MSC v.1916 64 bit (AMD64)]
[2020/07/27 14:09:45.146971] [I][main] GFI20_RF_Zigbee.py 3.0.0.3
[2020/07/27 14:09:45.146971] [I][readINI] ---------- INI ----------
[2020/07/27 14:09:45.146971] [I][readINI] SKU = 1
[2020/07/27 14:09:45.146971] [I][readINI] InstrumentINI = GFI20_Zigbee_Instrument_Setting
[2020/07/27 14:09:45.156968] [I][readINI] ---------- Test Plan 1 ----------
[2020/07/27 14:09:45.156968] [I][readINI] TestPlan1 = ZIGBEE_2450;15/2425,21/2455,24/2470;TX_Power
[2020/07/27 14:09:45.156968] [I][readINI] CableLoss = ['8', '8.2', '8.2'] dBm
[2020/07/27 14:09:45.156968] [I][readINI] TX_Power = ['0', '0', '0'] dBm
[2020/07/27 14:09:45.166975] [I][readINI] Calibration_ON = 1
[2020/07/27 14:09:45.166975] [I][readINI] Ca_Tx_Power_Target = ['9.2', '9.2', '9.2']
[2020/07/27 14:09:45.166975] [I][readINI] Ca_Tx_Power_Gap = ['0.5', '0.5', '0.5']
[2020/07/27 14:09:45.166975] [I][readINI] Ca_Tx_Power_Offset = ['0.86', '0.86', '0.86']
[2020/07/27 14:09:45.166975] [I][readINI] Current_ON = 1
[2020/07/27 14:09:45.176979] [I][readINI] TX_Current_SpecMax = ['0.18', '0.18', '0.18'] A
[2020/07/27 14:09:45.176979] [I][readINI] TX_Current_SpecMin = ['0.045', '0.045', '0.045'] A
[2020/07/27 14:09:45.176979] [I][readINI] TX_Power_SpecMax = ['11', '11', '11'] dBm
[2020/07/27 14:09:45.176979] [I][readINI] TX_Power_SpecMin = ['6', '6', '6'] dBm
[2020/07/27 14:09:45.186985] [I][readINI] ---------- Test Plan 1 ----------
[2020/07/27 14:09:45.186985] [I][readINI] ---------- Test Plan 2 ----------
[2020/07/27 14:09:45.186985] [I][readINI] TestPlan2 = ZIGBEE_2450;19/2445;RX_RSSI
[2020/07/27 14:09:45.186985] [I][readINI] CableLoss = ['9'] dBm
[2020/07/27 14:09:45.186985] [I][readINI] RX_Cell_Power = ['-25'] dBm
[2020/07/27 14:09:45.196990] [I][readINI] RX_LNAON_RSSI_SpecMax = ['-9'] %
[2020/07/27 14:09:45.196990] [I][readINI] RX_LNAON_RSSI_SpecMin = ['-15'] %
[2020/07/27 14:09:45.196990] [I][readINI] RX_LNAOFF_RSSI_SpecMax = ['-24'] %
[2020/07/27 14:09:45.196990] [I][readINI] RX_LNAOFF_RSSI_SpecMin = ['-30'] %
[2020/07/27 14:09:45.207017] [I][readINI] ---------- Test Plan 2 ----------
[2020/07/27 14:09:45.207017] [I][readINI] StartButton_ON = 0
[2020/07/27 14:09:45.207017] [I][readINI] FailAutoExit = False
[2020/07/27 14:09:45.217000] [I][readINI] FailRetryAll = False
[2020/07/27 14:09:45.217000] [I][readINI] RFDatabase = True
[2020/07/27 14:09:45.217000] [I][readINI] EC = 010000S01
[2020/07/27 14:09:45.217000] [I][readINI] ---------- INI ----------
[2020/07/27 14:09:45.227005] [I][readInstrumentINI] ---------- Common ----------
[2020/07/27 14:09:45.227005] [I][readInstrumentINI] Instrument_Name = E6640A
[2020/07/27 14:09:45.227005] [I][readInstrumentINI] Instrument_IP_Addr = TCPIP0::192.168.1.2::hislip0::INSTR
[2020/07/27 14:09:45.227005] [I][readInstrumentINI] PowerSupplier_Name = 66321B
[2020/07/27 14:09:45.237041] [I][readInstrumentINI] PowerSupplier_Addr = GPIB0::5::INSTR
[2020/07/27 14:09:45.237041] [I][readInstrumentINI] Current_Delay = 0.5
[2020/07/27 14:09:45.237041] [I][readInstrumentINI] ---------- Common ----------
[2020/07/27 14:09:45.237041] [I][readInstrumentINI] ---------- ZIGBEE_2450 ----------
[2020/07/27 14:09:45.247016] [I][readInstrumentINI] RFIO_Input = 1
[2020/07/27 14:09:45.247016] [I][readInstrumentINI] Tx_Span = 10000.0 kHz
[2020/07/27 14:09:45.247016] [I][readInstrumentINI] Tx_PowRange = 20.0 dBm
[2020/07/27 14:09:45.247016] [I][readInstrumentINI] Tx_SymbolRate = 1000.0 kHz
[2020/07/27 14:09:45.257054] [I][readInstrumentINI] Tx_MeasInterval = 500
[2020/07/27 14:09:45.257054] [I][readInstrumentINI] Tx_TrigLevel = 30.0 mV
[2020/07/27 14:09:45.257054] [I][readInstrumentINI] Tx_TrigDelay = 0.3 ms
[2020/07/27 14:09:45.257054] [I][readInstrumentINI] RFIO_Output = 1
[2020/07/27 14:09:45.267064] [I][readInstrumentINI] ---------- ZIGBEE_2450 ----------
[2020/07/27 14:09:45.267064] ---------- StartTest ----------
[2020/07/27 14:09:45.287294] [I][chkDUTConnect] Connect to DUT
[2020/07/27 14:09:45.297044] [I][chkDUTConnect] Check DUT status
[2020/07/27 14:09:46.168052] [I][chkDUTConnect] Success
[2020/07/27 14:09:46.188128] [I][chkE6640AConnect] Connect to E6640A
[2020/07/27 14:09:47.378712] [I][chkE6640AConnect] Preset E6640A status
[2020/07/27 14:09:48.419223] [I][chkE6640AConnect] success
[2020/07/27 14:09:48.839551] ---------- Test Plan 1 ----------
[2020/07/27 14:09:48.848976] [I][startTestPlan]---------- ZIGBEE_2450 Freq 2425 ----------
[2020/07/27 14:09:48.848976] [I][startTestPlan]---------- Measure Tx Start ----------
[2020/07/27 14:09:48.848976] [I][startTestPlan] Preset E6640A
[2020/07/27 14:09:49.809507] [I][startTestPlan] Success
[2020/07/27 14:09:49.809507] [I][startTestPlan] Set Tx Start
[2020/07/27 14:09:52.220778] [I][startTestPlan] Success
[2020/07/27 14:09:52.220778] [I][startTestPlan] Set DUT Tx
[2020/07/27 14:09:58.444100] [I][startTestPlan] Success
[2020/07/27 14:09:58.444100] [I][startTestPlan] Start DUT Tx
[2020/07/27 14:10:01.105531] [I][startTestPlan] Success
[2020/07/27 14:10:02.726385] [I][startTestPlan] 9.959, 10.119, 14.109
[2020/07/27 14:10:03.286650] [I][startTestPlan] 0.049
[2020/07/27 14:10:03.286650] [I][startTestPlan] Stop DUT Tx
[2020/07/27 14:10:04.187841] [I][startTestPlan] Success
[2020/07/27 14:10:04.187841] [I][startTestPlan] Calibration
[2020/07/27 14:10:04.187841] [I][startTestPlan] Calculate DUT Tx Power
[2020/07/27 14:10:04.197169] [I][startTestPlan] DUT Tx Power: -1
[2020/07/27 14:10:04.197169] [I][startTestPlan] Measure again
[2020/07/27 14:10:04.197169] [I][startTestPlan] Set DUT Tx
[2020/07/27 14:10:10.460521] [I][startTestPlan] Success
[2020/07/27 14:10:10.460521] [I][startTestPlan] Start DUT Tx
[2020/07/27 14:10:13.111932] [I][startTestPlan] Success
[2020/07/27 14:10:14.722754] [I][startTestPlan] 8.823, 10.108, 14.687
[2020/07/27 14:10:15.293779] [I][startTestPlan] 0.088
[2020/07/27 14:10:15.293779] [I][startTestPlan] Stop DUT Tx
[2020/07/27 14:10:16.183570] [I][startTestPlan] Success
[2020/07/27 14:10:16.183570] [I][startTestPlan] Power: 8.823 dBm
[2020/07/27 14:10:16.183570] [I][startTestPlan] Freq Err: 10.108 ppm
[2020/07/27 14:10:16.193578] [I][startTestPlan] EVM: 14.687 %
[2020/07/27 14:10:16.193578] [I][startTestPlan] Current: 0.088 A
[2020/07/27 14:10:16.193578] [I][startTestPlan] Check Tx Result
[2020/07/27 14:10:16.203579] [I][startBTTest] Tx Test Time: 27.355
[2020/07/27 14:10:16.203579] [I][startTestPlan]---------- ZIGBEE_2450 Freq 2455 ----------
[2020/07/27 14:10:16.203579] [I][startTestPlan]---------- Measure Tx Start ----------
[2020/07/27 14:10:16.213588] [I][startTestPlan] Preset E6640A
[2020/07/27 14:10:17.484279] [I][startTestPlan] Success
[2020/07/27 14:10:17.494269] [I][startTestPlan] Set Tx Start
[2020/07/27 14:10:19.905570] [I][startTestPlan] Success
[2020/07/27 14:10:19.915564] [I][startTestPlan] Set DUT Tx
[2020/07/27 14:10:26.268971] [I][startTestPlan] Success
[2020/07/27 14:10:26.278972] [I][startTestPlan] Start DUT Tx
[2020/07/27 14:10:28.950351] [I][startTestPlan] Success
[2020/07/27 14:10:30.581270] [I][startTestPlan] 10.0, 10.121, 13.681
[2020/07/27 14:10:31.141559] [I][startTestPlan] 0.089
[2020/07/27 14:10:31.141559] [I][startTestPlan] Stop DUT Tx
[2020/07/27 14:10:32.032031] [I][startTestPlan] Success
[2020/07/27 14:10:32.032031] [I][startTestPlan] Calibration
[2020/07/27 14:10:32.032031] [I][startTestPlan] Calculate DUT Tx Power
[2020/07/27 14:10:32.042042] [I][startTestPlan] DUT Tx Power: -1
[2020/07/27 14:10:32.042042] [I][startTestPlan] Measure again
[2020/07/27 14:10:32.042042] [I][startTestPlan] Set DUT Tx
[2020/07/27 14:10:38.275329] [I][startTestPlan] Success
[2020/07/27 14:10:38.275329] [I][startTestPlan] Start DUT Tx
[2020/07/27 14:10:40.946796] [I][startTestPlan] Success
[2020/07/27 14:10:42.587680] [I][startTestPlan] 8.427999999999999, 10.123, 13.489
[2020/07/27 14:10:43.157935] [I][startTestPlan] 0.086
[2020/07/27 14:10:43.157935] [I][startTestPlan] Stop DUT Tx
[2020/07/27 14:10:44.048424] [I][startTestPlan] Success
[2020/07/27 14:10:44.048424] [I][startTestPlan] Power: 8.427999999999999 dBm
[2020/07/27 14:10:44.058452] [I][startTestPlan] Freq Err: 10.123 ppm
[2020/07/27 14:10:44.058452] [I][startTestPlan] EVM: 13.489 %
[2020/07/27 14:10:44.058452] [I][startTestPlan] Current: 0.086 A
[2020/07/27 14:10:44.068470] [I][startTestPlan] Check Tx Result
[2020/07/27 14:10:44.068470] [I][startBTTest] Tx Test Time: 27.865
[2020/07/27 14:10:44.068470] [I][startTestPlan]---------- ZIGBEE_2450 Freq 2470 ----------
[2020/07/27 14:10:44.078463] [I][startTestPlan]---------- Measure Tx Start ----------
[2020/07/27 14:10:44.078463] [I][startTestPlan] Preset E6640A
[2020/07/27 14:10:45.349141] [I][startTestPlan] Success
[2020/07/27 14:10:45.349141] [I][startTestPlan] Set Tx Start
[2020/07/27 14:10:47.780446] [I][startTestPlan] Success
[2020/07/27 14:10:47.780446] [I][startTestPlan] Set DUT Tx
[2020/07/27 14:10:53.983751] [I][startTestPlan] Success
[2020/07/27 14:10:53.983751] [I][startTestPlan] Start DUT Tx
[2020/07/27 14:10:56.645137] [I][startTestPlan] Success
[2020/07/27 14:10:58.296082] [I][startTestPlan] 9.989999999999998, 10.13, 13.504
[2020/07/27 14:10:58.866325] [I][startTestPlan] 0.086
[2020/07/27 14:10:58.866325] [I][startTestPlan] Stop DUT Tx
[2020/07/27 14:10:59.756837] [I][startTestPlan] Success
[2020/07/27 14:10:59.756837] [I][startTestPlan] Calibration
[2020/07/27 14:10:59.766819] [I][startTestPlan] Calculate DUT Tx Power
[2020/07/27 14:10:59.766819] [I][startTestPlan] DUT Tx Power: -1
[2020/07/27 14:10:59.776809] [I][startTestPlan] Measure again
[2020/07/27 14:10:59.776809] [I][startTestPlan] Set DUT Tx
[2020/07/27 14:11:06.130237] [I][startTestPlan] Success
[2020/07/27 14:11:06.130237] [I][startTestPlan] Start DUT Tx
[2020/07/27 14:11:08.811672] [I][startTestPlan] Success
[2020/07/27 14:11:10.352489] [I][startTestPlan] 8.859, 10.128, 13.321
[2020/07/27 14:11:10.913267] [I][startTestPlan] 0.059
[2020/07/27 14:11:10.922798] [I][startTestPlan] Stop DUT Tx
[2020/07/27 14:11:11.933335] [I][startTestPlan] Success
[2020/07/27 14:11:11.933335] [I][startTestPlan] Power: 8.859 dBm
[2020/07/27 14:11:11.943341] [I][startTestPlan] Freq Err: 10.128 ppm
[2020/07/27 14:11:11.943341] [I][startTestPlan] EVM: 13.321 %
[2020/07/27 14:11:11.943341] [I][startTestPlan] Current: 0.059 A
[2020/07/27 14:11:11.953352] [I][startTestPlan] Check Tx Result
[2020/07/27 14:11:11.953352] [I][startBTTest] Tx Test Time: 27.885
[2020/07/27 14:11:11.953352] ---------- Test Plan 2 ----------
[2020/07/27 14:11:11.963315] [I][startTestPlan]---------- ZIGBEE_2450 Freq 2445 ----------
[2020/07/27 14:11:11.963315] [I][startTestPlan]---------- Measure Rx Start ----------
[2020/07/27 14:11:11.973356] [I][startTestPlan] Preset E6640A
[2020/07/27 14:11:13.244058] [I][startTestPlan] Success
[2020/07/27 14:11:13.254054] [I][startTestPlan]---------- LNA ON ----------
[2020/07/27 14:11:13.264009] [I][startTestPlan] Set Rx one tone
[2020/07/27 14:11:13.304035] [I][startTestPlan] Success
[2020/07/27 14:11:13.304035] [I][startTestPlan] Set DUT Rx
[2020/07/27 14:11:17.766451] [I][startTestPlan] Success
[2020/07/27 14:11:23.109303] [I][startTestPlan] Success
[2020/07/27 14:11:28.242008] [I][startTestPlan] Rx RSSI: -17 dBm
[2020/07/27 14:11:28.252049] [I][startTestPlan]---------- LNA OFF ----------
[2020/07/27 14:11:28.252049] [I][startTestPlan] Set Rx one tone
[2020/07/27 14:11:28.292062] [I][startTestPlan] Success
[2020/07/27 14:11:28.292062] [I][startTestPlan] Set DUT Rx
[2020/07/27 14:11:32.774461] [I][startTestPlan] Success
[2020/07/27 14:11:37.226839] [I][startTestPlan] Success
[2020/07/27 14:11:42.509660] [I][startTestPlan] Rx RSSI: -29 dBm
[2020/07/27 14:11:42.519630] [I][startTestPlan] Check Rx Result
[2020/07/27 14:11:42.519630] [W][startTestPlan] RSSI(LNA ON): -17 out of SPEC(Hi/Lo): -9.0 / -15.0
[2020/07/27 14:11:42.529670] [I][startBTTest] Rx Test Time: 30.566
[2020/07/27 14:12:32.924686] [I][pressCancelBtn] User click cancel button!
[2020/07/27 14:12:33.103522] [I][pressCancelBtn] User click cancel button!
[2020/07/27 14:12:33.368652] [I][TestResult] Test Fail! Test Zigbee FAIL
[2020/07/27 14:12:33.378731] ========== End MDUT ==========


