01/01/2022 04:17:20 - 1300-1068 CommandLineParser::Parsecommands
01/01/2022 04:17:26 - 1300-1068 main: Calculating color space parameters.
01/01/2022 04:17:26 - 1300-1068 CommandLineParser::BuildCGTCommandString
01/01/2022 04:17:26 - 1300-1068 CommandLineParser::BuildCGTCommandString, Profile: Native Command: /dcd /input "c:\dreamcolor\cnd140bb8b_20220101015948.bin" /output "c:\dreamcolor\cnd140bb8b_20220101015948\Data-CND140BB8B\Native.txt" /nativecolorspace /filter /type MatrixRamp 256 16 txt /iccProfileAdvanced /iccd65
01/01/2022 04:17:26 - 1300-1068 CommandLineParser::BuildCGTCommandString, Profile: Web(sRGB) Command: /dcd /input "c:\dreamcolor\cnd140bb8b_20220101015948.bin" /output "c:\dreamcolor\cnd140bb8b_20220101015948\Data-CND140BB8B\Web(sRGB).txt" /filter /white 0.3127 0.329 /red 0.64 0.33 /green 0.3 0.6 /blue 0.15 0.06 /eotf PowerFunction 2.2 /type MatrixRamp 256 16 txt /iccProfileAdvanced /iccd65
01/01/2022 04:17:26 - 1300-1068 CommandLineParser::BuildCGTCommandString, Profile: Printing and Imaging (Adobe RGB) Command: /dcd /input "c:\dreamcolor\cnd140bb8b_20220101015948.bin" /output "c:\dreamcolor\cnd140bb8b_20220101015948\Data-CND140BB8B\Printing and Imaging (Adobe RGB).txt" /filter /white 0.3127 0.329 /red 0.64 0.33 /green 0.21 0.71 /blue 0.15 0.06 /eotf PowerFunction 2.2 /type MatrixRamp 256 16 txt /iccProfileAdvanced /iccd65
01/01/2022 04:17:26 - 1300-1068 CommandLineParser::BuildCGTCommandString, Profile: Photos and Videos (DCI-P3) Command: /dcd /input "c:\dreamcolor\cnd140bb8b_20220101015948.bin" /output "c:\dreamcolor\cnd140bb8b_20220101015948\Data-CND140BB8B\Photos and Videos (DCI-P3).txt" /filter /white 0.3127 0.329 /red 0.68 0.32 /green 0.265 0.69 /blue 0.15 0.06 /eotf PowerFunction 2.2 /type MatrixRamp 256 16 txt /iccProfileAdvanced /iccd65
01/01/2022 04:17:26 - 1300-1068 CommandLineParser::BuildCGTCommandString, Profile: Default Command: /dcd /input "c:\dreamcolor\cnd140bb8b_20220101015948.bin" /output "c:\dreamcolor\cnd140bb8b_20220101015948\Data-CND140BB8B\Default.txt" /filter /white 0.3127 0.329 /nativegamut /eotf PowerFunction 2.2 /type MatrixRamp 256 16 txt /iccProfileAdvanced /iccd65
01/01/2022 04:17:31 - 1300-1068 LaunchApp::Success, C:\Program Files\Portrait Displays\DreamColor Factory Tools\cgt.exe  /dcd /input "c:\dreamcolor\cnd140bb8b_20220101015948.bin" /output "c:\dreamcolor\cnd140bb8b_20220101015948\Data-CND140BB8B\Native.txt" /nativecolorspace /filter /type MatrixRamp 256 16 txt /iccProfileAdvanced /iccd65
01/01/2022 04:17:32 - 1300-1068 LaunchApp::Success, C:\Program Files\Portrait Displays\DreamColor Factory Tools\cgt.exe  /dcd /input "c:\dreamcolor\cnd140bb8b_20220101015948.bin" /output "c:\dreamcolor\cnd140bb8b_20220101015948\Data-CND140BB8B\Web(sRGB).txt" /filter /white 0.3127 0.329 /red 0.64 0.33 /green 0.3 0.6 /blue 0.15 0.06 /eotf PowerFunction 2.2 /type MatrixRamp 256 16 txt /iccProfileAdvanced /iccd65
01/01/2022 04:17:32 - 1300-1068 LaunchApp::Success, C:\Program Files\Portrait Displays\DreamColor Factory Tools\cgt.exe  /dcd /input "c:\dreamcolor\cnd140bb8b_20220101015948.bin" /output "c:\dreamcolor\cnd140bb8b_20220101015948\Data-CND140BB8B\Printing and Imaging (Adobe RGB).txt" /filter /white 0.3127 0.329 /red 0.64 0.33 /green 0.21 0.71 /blue 0.15 0.06 /eotf PowerFunction 2.2 /type MatrixRamp 256 16 txt /iccProfileAdvanced /iccd65
01/01/2022 04:17:33 - 1300-1068 LaunchApp::Success, C:\Program Files\Portrait Displays\DreamColor Factory Tools\cgt.exe  /dcd /input "c:\dreamcolor\cnd140bb8b_20220101015948.bin" /output "c:\dreamcolor\cnd140bb8b_20220101015948\Data-CND140BB8B\Photos and Videos (DCI-P3).txt" /filter /white 0.3127 0.329 /red 0.68 0.32 /green 0.265 0.69 /blue 0.15 0.06 /eotf PowerFunction 2.2 /type MatrixRamp 256 16 txt /iccProfileAdvanced /iccd65
01/01/2022 04:17:33 - 1300-1068 LaunchApp::Success, C:\Program Files\Portrait Displays\DreamColor Factory Tools\cgt.exe  /dcd /input "c:\dreamcolor\cnd140bb8b_20220101015948.bin" /output "c:\dreamcolor\cnd140bb8b_20220101015948\Data-CND140BB8B\Default.txt" /filter /white 0.3127 0.329 /nativegamut /eotf PowerFunction 2.2 /type MatrixRamp 256 16 txt /iccProfileAdvanced /iccd65
01/01/2022 04:17:40 - 1300-1068 CommandLineParser::BuildCWCommandString
01/01/2022 04:17:40 - 1300-1068 CommandLineParser::BuildCWCommandString: -cm4 SDC416C 97 "c:\dreamcolor\cnd140bb8b_20220101015948\Data-CND140BB8B\cw_Native.csv" 20 1 300 "c:\dreamcolor\cnd140bb8b_20220101015948\Log\CND140BB8B.log"
01/01/2022 04:17:40 - 3020-2544 Entering CcwDlg::OnInitDialog.
01/01/2022 04:17:40 - 3020-2544 Entering CTestSystem::Initialize.
01/01/2022 04:17:40 - 3020-2544 Entering CTestSystem::CreateDisplays.
01/01/2022 04:17:40 - 3020-2544 Entering CTestSystem::GetDTDisplay.
01/01/2022 04:17:40 - 3020-2544 Leaving CTestSystem::GetDTDisplay.
01/01/2022 04:17:40 - 3020-2544 Leaving CTestSystem::CreateDisplays.
01/01/2022 04:17:40 - 3020-2544 PNP Id and Gpu: SDC416C, ATI3 NODDC API.
01/01/2022 04:17:40 - 3020-2544 Leaving CTestSystem::Initialize.
01/01/2022 04:17:40 - 3020-2544 Entering CcwDlg::GetRegistryValue.
01/01/2022 04:17:40 - 3020-2544 Leaving CcwDlg::GetRegistryValue.
01/01/2022 04:17:40 - 3020-2544 Entering CTestSystem::AcquireTargetRects.
01/01/2022 04:17:40 - 3020-2544 Entering CMonitorReSynch::CMonitorReSynch().
01/01/2022 04:17:40 - 3020-2544 Leaving CMonitorReSynch::CMonitorReSynch().
01/01/2022 04:17:40 - 3020-2544 Entering CTestSystem::ReadEdidFromRegistry.
01/01/2022 04:17:40 - 3020-2544 Leaving CTestSystem::AcquireTargetRects.
01/01/2022 04:17:40 - 3020-2544 Entering CTestSystem::GetTargetRECT.
01/01/2022 04:17:40 - 3020-2544 Leaving CTestSystem::GetTargetRECT.
01/01/2022 04:17:40 - 3020-7748 Entering CTestSystem::CreateSensor.
01/01/2022 04:17:40 - 3020-7748 CalMANv6 - Load
01/01/2022 04:17:40 - 3020-7748 Initialized - 
01/01/2022 04:17:40 - 3020-7748 Meters - InitProfile
01/01/2022 04:17:40 - 3020-7748 Initialized - 
01/01/2022 04:17:40 - 3020-7748 X-Rite i1Display OEM - Create Object 
01/01/2022 04:17:40 - 3020-7748 X-Rite i1Display OEM - Load
01/01/2022 04:17:40 - 3020-7748 X-Rite i1Display OEM - Enum
01/01/2022 04:17:41 - 3020-7748 X-Rite i1Display OEM - Found  200776
01/01/2022 04:17:41 - 3020-7748 X-Rite i1Display OEM - Shutdown
01/01/2022 04:17:41 - 3020-7748 X-Rite i1Display OEM - Unload
01/01/2022 04:17:41 - 3020-7748 Initialized - 
01/01/2022 04:17:41 - 3020-7748 Meters - InitProfile
01/01/2022 04:17:41 - 3020-7748 Initialized - 
01/01/2022 04:17:41 - 3020-7748 Simulated Meter - Create Object 
01/01/2022 04:17:41 - 3020-7748 Simulated Meter - Load
01/01/2022 04:17:41 - 3020-7748 Simulated Meter - Enum
01/01/2022 04:17:41 - 3020-7748 Simulated Meter - Found  12345678
01/01/2022 04:17:41 - 3020-7748 Simulated Meter - Shutdown
01/01/2022 04:17:41 - 3020-7748 Simulated Meter - Shutdown
01/01/2022 04:17:41 - 3020-7748 Simulated Meter - Unload
01/01/2022 04:17:41 - 3020-7748 Initialized - 
01/01/2022 04:17:41 - 3020-7748 Meters - InitProfile
01/01/2022 04:17:41 - 3020-7748 Initialized - 
01/01/2022 04:17:41 - 3020-7748 X-Rite i1Display OEM - Create Object 
01/01/2022 04:17:41 - 3020-7748 SpectraCal C6 - Create Object 
01/01/2022 04:17:41 - 3020-7748 SpectraCal C6 - Load
01/01/2022 04:17:41 - 3020-7748 SpectraCal C6 - Startup
01/01/2022 04:17:42 - 3020-7748 SpectraCal C6 - Serial Number 00200776
01/01/2022 04:17:42 - 3020-7748 SpectraCal C6 - Version Version: SP-B-02 AIO
01/01/2022 04:17:42 - 3020-7748 SpectraCal C6 - Version2 Date Code: 1911
01/01/2022 04:17:42 - 3020-7748 SpectraCal C6 - Version3 Calibration Tables: 18
01/01/2022 04:17:42 - 3020-7748 SpectraCal C6 - Mode  5
01/01/2022 04:17:42 - 3020-7748 SpectraCal C6 - Table  12
01/01/2022 04:17:42 - 3020-7748 SpectraCal C6 - 45584302FA58.cbfx
01/01/2022 04:17:42 - 3020-7748 SpectraCal C6 - Tables 3
01/01/2022 04:17:42 - 3020-7748 SpectraCal C6 - Table  0 - __IDENTITY__
01/01/2022 04:17:42 - 3020-7748 SpectraCal C6 - Table  1 - __Generic CMF__
01/01/2022 04:17:42 - 3020-7748 SpectraCal C6 - Table *2 - HP LP2465
01/01/2022 04:17:43 - 3020-7748 SpectraCal C6 - Mode  5
01/01/2022 04:17:43 - 3020-7748 SpectraCal C6 - Table  12
01/01/2022 04:17:43 - 3020-7748 SpectraCal C6 - 45584302FA58.cbfx
01/01/2022 04:17:43 - 3020-7748 SpectraCal C6 - Tables 3
01/01/2022 04:17:43 - 3020-7748 SpectraCal C6 - Table  0 - __IDENTITY__
01/01/2022 04:17:43 - 3020-7748 SpectraCal C6 - Table  1 - __Generic CMF__
01/01/2022 04:17:43 - 3020-7748 SpectraCal C6 - Table *2 - HP LP2465
01/01/2022 04:17:44 - 3020-7748 Leaving CTestSystem::CreateSensor.
01/01/2022 04:17:44 - 3020-7748 Entering CDisplayCalibrator::SetSensorCalType.
01/01/2022 04:17:44 - 3020-7748 SpectraCal C6 - Mode  97
01/01/2022 04:17:44 - 3020-7748 SpectraCal C6 - Table  34
01/01/2022 04:17:44 - 3020-7748 SpectraCal C6 - CC62AB446B5B.cbfx
01/01/2022 04:17:44 - 3020-7748 SpectraCal C6 - Tables 3
01/01/2022 04:17:44 - 3020-7748 SpectraCal C6 - Table  0 - __IDENTITY__
01/01/2022 04:17:44 - 3020-7748 SpectraCal C6 - Table  1 - __Generic CMF__
01/01/2022 04:17:44 - 3020-7748 SpectraCal C6 - Table *2 - 
01/01/2022 04:17:45 - 3020-7748 CDisplayCalibrator::SetSensorCalType. CalType = 97 
01/01/2022 04:17:45 - 3020-7748 Leaving CDisplayCalibrator::SetSensorCalType.
01/01/2022 04:17:45 - 3020-7748 Entering CDisplayCalibrator::MeasureCustom4Data.
01/01/2022 04:17:48 - 3020-7748 Entering CDisplayCalibrator::TakeReading.
01/01/2022 04:17:48 - 3020-7748 SpectraCal C6 - ReadXYZ  0
01/01/2022 04:17:48 - 3020-7748 SpectraCal C6 - ReadRGB 14527500 11392500 5492500
01/01/2022 04:17:48 - 3020-7748 SpectraCal C6 - ReadRAW X:352.0156 Y:371.29942 Z:399.06411
01/01/2022 04:17:48 - 3020-7748 SpectraCal C6 - ReadXYZ XYZ X:352.0156 Y:371.29942 Z:399.06411
01/01/2022 04:17:48 - 3020-7748 CDisplayCalibrator::TakeReading X = 352.0156, Y = 371.2994, Z = 399.0641 
01/01/2022 04:17:48 - 3020-7748 Leaving CDisplayCalibrator::TakeReading.
01/01/2022 04:17:48 - 3020-7748 Entering CDisplayCalibrator::TakeReading.
01/01/2022 04:17:48 - 3020-7748 SpectraCal C6 - ReadXYZ  0
01/01/2022 04:17:48 - 3020-7748 SpectraCal C6 - ReadRGB 4897500 852500 74201
01/01/2022 04:17:48 - 3020-7748 SpectraCal C6 - ReadRAW X:155.06095 Y:78.844584 Z:5.3807721
01/01/2022 04:17:49 - 3020-7748 SpectraCal C6 - ReadRGB 4895625 854375 74974
01/01/2022 04:17:49 - 3020-7748 SpectraCal C6 - ReadRAW X:154.96705 Y:78.84821 Z:5.4371573
01/01/2022 04:17:49 - 3020-7748 SpectraCal C6 - ReadXYZ XYZ X:154.96705 Y:78.84821 Z:5.4371573
01/01/2022 04:17:49 - 3020-7748 CDisplayCalibrator::TakeReading X = 154.9670, Y = 78.8482, Z =  5.4372 
01/01/2022 04:17:49 - 3020-7748 Leaving CDisplayCalibrator::TakeReading.
01/01/2022 04:17:50 - 3020-7748 Entering CDisplayCalibrator::TakeReading.
01/01/2022 04:17:50 - 3020-7748 SpectraCal C6 - ReadXYZ  0
01/01/2022 04:17:50 - 3020-7748 SpectraCal C6 - ReadRGB 9467500 9597500 577500
01/01/2022 04:17:50 - 3020-7748 SpectraCal C6 - ReadRAW X:137.54507 Y:272.97195 Z:43.587114
01/01/2022 04:17:50 - 3020-7748 SpectraCal C6 - ReadXYZ XYZ X:137.54507 Y:272.97195 Z:43.587114
01/01/2022 04:17:50 - 3020-7748 CDisplayCalibrator::TakeReading X = 137.5451, Y = 272.9719, Z = 43.5871 
01/01/2022 04:17:50 - 3020-7748 Leaving CDisplayCalibrator::TakeReading.
01/01/2022 04:17:50 - 3020-7748 Entering CDisplayCalibrator::TakeReading.
01/01/2022 04:17:50 - 3020-7748 SpectraCal C6 - ReadXYZ  0
01/01/2022 04:17:51 - 3020-7748 SpectraCal C6 - ReadRGB 426822 1097500 4862500
01/01/2022 04:17:51 - 3020-7748 SpectraCal C6 - ReadRAW X:65.733316 Y:25.398406 Z:351.69058
01/01/2022 04:17:51 - 3020-7748 SpectraCal C6 - ReadXYZ XYZ X:65.733316 Y:25.398406 Z:351.69058
01/01/2022 04:17:51 - 3020-7748 CDisplayCalibrator::TakeReading X = 65.7333, Y = 25.3984, Z = 351.6906 
01/01/2022 04:17:51 - 3020-7748 Leaving CDisplayCalibrator::TakeReading.
01/01/2022 04:17:51 - 3020-7748 Leaving CDisplayCalibrator::MeasureCustom4Data.
01/01/2022 04:17:52 - 3020-2544 SpectraCal C6 - Shutdown
01/01/2022 04:17:52 - 3020-2544 SpectraCal C6 - Shutdown
01/01/2022 04:17:52 - 3020-2544 SpectraCal C6 - Unload
01/01/2022 04:17:52 - 3020-2544 SpectraCal C6 - Shutdown
01/01/2022 04:17:52 - 3020-2544 SpectraCal C6 - Unload
01/01/2022 04:17:52 - 3020-2544 SpectraCal C6 - Shutdown
01/01/2022 04:17:52 - 3020-2544 SpectraCal C6 - Unload
01/01/2022 04:17:52 - 1300-1068 LaunchApp::Application Failure, The operation completed successfully.
 C:\Program Files\Portrait Displays\DreamColor Factory Tools\cw.exe  -cm4 SDC416C 97 "c:\dreamcolor\cnd140bb8b_20220101015948\Data-CND140BB8B\cw_Native.csv" 20 1 300 "c:\dreamcolor\cnd140bb8b_20220101015948\Log\CND140BB8B.log"
01/01/2022 04:17:52 - 1300-1068 CommandLineParser::BuildCVTCommandString
01/01/2022 04:17:52 - 1300-1068 CommandLineParser::BuildCVTCommandString: --input "c:\dreamcolor\cnd140bb8b_20220101015948\Data-CND140BB8B\cw_Native.csv" --format CSV --output "c:\dreamcolor\cnd140bb8b_20220101015948\Data-CND140BB8B\cvt_Native.csv" 
01/01/2022 04:17:52 - 1300-1068 LaunchApp::Success, C:\Program Files\Portrait Displays\DreamColor Factory Tools\cvt.exe  --input "c:\dreamcolor\cnd140bb8b_20220101015948\Data-CND140BB8B\cw_Native.csv" --format CSV --output "c:\dreamcolor\cnd140bb8b_20220101015948\Data-CND140BB8B\cvt_Native.csv" 
01/01/2022 04:17:52 - 1300-1068 *****Delta E Values from file: c:\dreamcolor\cnd140bb8b_20220101015948\Data-CND140BB8B\cvt_Native.csv
01/01/2022 04:17:52 - 1300-1068 255,255,255=1.055248
01/01/2022 04:17:52 - 1300-1068 255,0,0=1.336803
01/01/2022 04:17:52 - 1300-1068 0,255,0=0.803804
01/01/2022 04:17:52 - 1300-1068 0,0,255=0.791260
01/01/2022 04:17:54 - 1300-1068 CommandLineParser::BuildCWCommandString
01/01/2022 04:17:54 - 1300-1068 CommandLineParser::BuildCWCommandString: -cm1 SDC416C 97 "c:\dreamcolor\cnd140bb8b_20220101015948\Data-CND140BB8B\cw_Web(sRGB).csv" 20 1 300 "c:\dreamcolor\cnd140bb8b_20220101015948\Log\CND140BB8B.log"
01/01/2022 04:17:54 - 2284-1884 Entering CTestSystem::AcquireTargetRects.
01/01/2022 04:17:54 - 2284-1884 Entering CMonitorReSynch::CMonitorReSynch().
01/01/2022 04:17:54 - 2284-1884 Leaving CMonitorReSynch::CMonitorReSynch().
01/01/2022 04:17:54 - 2284-1884 Entering CTestSystem::ReadEdidFromRegistry.
01/01/2022 04:17:54 - 2284-1884 Leaving CTestSystem::AcquireTargetRects.
01/01/2022 04:17:54 - 2284-1884 Entering CTestSystem::GetTargetRECT.
01/01/2022 04:17:54 - 2284-1884 Leaving CTestSystem::GetTargetRECT.
01/01/2022 04:17:54 - 2284-3420 Entering CTestSystem::CreateSensor.
01/01/2022 04:17:54 - 2284-3420 CalMANv6 - Load
01/01/2022 04:17:54 - 2284-3420 Initialized - 
01/01/2022 04:17:54 - 2284-3420 Meters - InitProfile
01/01/2022 04:17:54 - 2284-3420 Initialized - 
01/01/2022 04:17:54 - 2284-3420 X-Rite i1Display OEM - Create Object 
01/01/2022 04:17:54 - 2284-3420 X-Rite i1Display OEM - Load
01/01/2022 04:17:54 - 2284-3420 X-Rite i1Display OEM - Enum
01/01/2022 04:17:55 - 2284-3420 X-Rite i1Display OEM - Found  200776
01/01/2022 04:17:55 - 2284-3420 X-Rite i1Display OEM - Shutdown
01/01/2022 04:17:55 - 2284-3420 X-Rite i1Display OEM - Unload
01/01/2022 04:17:55 - 2284-3420 Initialized - 
01/01/2022 04:17:55 - 2284-3420 Meters - InitProfile
01/01/2022 04:17:55 - 2284-3420 Initialized - 
01/01/2022 04:17:55 - 2284-3420 Simulated Meter - Create Object 
01/01/2022 04:17:55 - 2284-3420 Simulated Meter - Load
01/01/2022 04:17:55 - 2284-3420 Simulated Meter - Enum
01/01/2022 04:17:55 - 2284-3420 Simulated Meter - Found  12345678
01/01/2022 04:17:55 - 2284-3420 Simulated Meter - Shutdown
01/01/2022 04:17:55 - 2284-3420 Simulated Meter - Shutdown
01/01/2022 04:17:55 - 2284-3420 Simulated Meter - Unload
01/01/2022 04:17:55 - 2284-3420 Initialized - 
01/01/2022 04:17:55 - 2284-3420 Meters - InitProfile
01/01/2022 04:17:55 - 2284-3420 Initialized - 
01/01/2022 04:17:55 - 2284-3420 X-Rite i1Display OEM - Create Object 
01/01/2022 04:17:55 - 2284-3420 SpectraCal C6 - Create Object 
01/01/2022 04:17:55 - 2284-3420 SpectraCal C6 - Load
01/01/2022 04:17:55 - 2284-3420 SpectraCal C6 - Startup
01/01/2022 04:17:56 - 2284-3420 SpectraCal C6 - Serial Number 00200776
01/01/2022 04:17:56 - 2284-3420 SpectraCal C6 - Version Version: SP-B-02 AIO
01/01/2022 04:17:56 - 2284-3420 SpectraCal C6 - Version2 Date Code: 1911
01/01/2022 04:17:56 - 2284-3420 SpectraCal C6 - Version3 Calibration Tables: 18
01/01/2022 04:17:56 - 2284-3420 SpectraCal C6 - Mode  5
01/01/2022 04:17:56 - 2284-3420 SpectraCal C6 - Table  12
01/01/2022 04:17:56 - 2284-3420 SpectraCal C6 - 45584302FA58.cbfx
01/01/2022 04:17:56 - 2284-3420 SpectraCal C6 - Tables 3
01/01/2022 04:17:56 - 2284-3420 SpectraCal C6 - Table  0 - __IDENTITY__
01/01/2022 04:17:56 - 2284-3420 SpectraCal C6 - Table  1 - __Generic CMF__
01/01/2022 04:17:56 - 2284-3420 SpectraCal C6 - Table *2 - HP LP2465
01/01/2022 04:17:57 - 2284-3420 SpectraCal C6 - Mode  5
01/01/2022 04:17:57 - 2284-3420 SpectraCal C6 - Table  12
01/01/2022 04:17:57 - 2284-3420 SpectraCal C6 - 45584302FA58.cbfx
01/01/2022 04:17:57 - 2284-3420 SpectraCal C6 - Tables 3
01/01/2022 04:17:57 - 2284-3420 SpectraCal C6 - Table  0 - __IDENTITY__
01/01/2022 04:17:57 - 2284-3420 SpectraCal C6 - Table  1 - __Generic CMF__
01/01/2022 04:17:57 - 2284-3420 SpectraCal C6 - Table *2 - HP LP2465
01/01/2022 04:17:58 - 2284-3420 Leaving CTestSystem::CreateSensor.
01/01/2022 04:17:58 - 2284-3420 Entering CDisplayCalibrator::SetSensorCalType.
01/01/2022 04:17:58 - 2284-3420 SpectraCal C6 - Mode  97
01/01/2022 04:17:58 - 2284-3420 SpectraCal C6 - Table  34
01/01/2022 04:17:58 - 2284-3420 SpectraCal C6 - CC62AB446B5B.cbfx
01/01/2022 04:17:58 - 2284-3420 SpectraCal C6 - Tables 3
01/01/2022 04:17:58 - 2284-3420 SpectraCal C6 - Table  0 - __IDENTITY__
01/01/2022 04:17:58 - 2284-3420 SpectraCal C6 - Table  1 - __Generic CMF__
01/01/2022 04:17:58 - 2284-3420 SpectraCal C6 - Table *2 - 
01/01/2022 04:17:59 - 2284-3420 CDisplayCalibrator::SetSensorCalType. CalType = 97 
01/01/2022 04:17:59 - 2284-3420 Leaving CDisplayCalibrator::SetSensorCalType.
01/01/2022 04:17:59 - 2284-3420 Entering CDisplayCalibrator::MeasureCustom1Data.
01/01/2022 04:18:02 - 2284-3420 Entering CDisplayCalibrator::TakeReading.
01/01/2022 04:18:02 - 2284-3420 SpectraCal C6 - ReadXYZ  0
01/01/2022 04:18:02 - 2284-3420 SpectraCal C6 - ReadRGB 13892500 10842500 5372500
01/01/2022 04:18:02 - 2284-3420 SpectraCal C6 - ReadRAW X:339.56246 Y:354.35786 Z:390.28819
01/01/2022 04:18:02 - 2284-3420 SpectraCal C6 - ReadXYZ XYZ X:339.56246 Y:354.35786 Z:390.28819
01/01/2022 04:18:02 - 2284-3420 CDisplayCalibrator::TakeReading X = 339.5625, Y = 354.3579, Z = 390.2882 
01/01/2022 04:18:02 - 2284-3420 Leaving CDisplayCalibrator::TakeReading.
01/01/2022 04:18:02 - 2284-3420 Entering CDisplayCalibrator::TakeReading.
01/01/2022 04:18:02 - 2284-3420 SpectraCal C6 - ReadXYZ  0
01/01/2022 04:18:02 - 2284-3420 SpectraCal C6 - ReadRGB 2500 2500 2500
01/01/2022 04:18:02 - 2284-3420 SpectraCal C6 - ReadRAW X:7.2797565e-002 Y:7.3033942e-002 Z:0.18117673
01/01/2022 04:18:05 - 2284-3420 SpectraCal C6 - ReadRGB 113 113 113
01/01/2022 04:18:05 - 2284-3420 SpectraCal C6 - ReadRAW X:3.3089802e-003 Y:3.3197246e-003 Z:8.2353058e-003
01/01/2022 04:18:07 - 2284-3420 SpectraCal C6 - ReadRGB 113 113 113
01/01/2022 04:18:07 - 2284-3420 SpectraCal C6 - ReadRAW X:3.3089802e-003 Y:3.3197246e-003 Z:8.2353058e-003
01/01/2022 04:18:09 - 2284-3420 SpectraCal C6 - ReadRGB 113 113 113
01/01/2022 04:18:09 - 2284-3420 SpectraCal C6 - ReadRAW X:3.3089802e-003 Y:3.3197246e-003 Z:8.2353058e-003
01/01/2022 04:18:11 - 2284-3420 SpectraCal C6 - ReadRGB 113 113 113
01/01/2022 04:18:11 - 2284-3420 SpectraCal C6 - ReadRAW X:3.3089802e-003 Y:3.3197246e-003 Z:8.2353058e-003
01/01/2022 04:18:13 - 2284-3420 SpectraCal C6 - ReadRGB 113 113 113
01/01/2022 04:18:13 - 2284-3420 SpectraCal C6 - ReadRAW X:3.3089802e-003 Y:3.3197246e-003 Z:8.2353058e-003
01/01/2022 04:18:13 - 2284-3420 SpectraCal C6 - ReadXYZ XYZ X:3.3089802e-003 Y:3.3197246e-003 Z:8.2353058e-003
01/01/2022 04:18:13 - 2284-3420 CDisplayCalibrator::TakeReading X =  0.0033, Y =  0.0033, Z =  0.0082 
01/01/2022 04:18:13 - 2284-3420 Leaving CDisplayCalibrator::TakeReading.
01/01/2022 04:18:14 - 2284-3420 Entering CDisplayCalibrator::TakeReading.
01/01/2022 04:18:14 - 2284-3420 SpectraCal C6 - ReadXYZ  0
01/01/2022 04:18:14 - 2284-3420 SpectraCal C6 - ReadRGB 95124 74988 37381
01/01/2022 04:18:14 - 2284-3420 SpectraCal C6 - ReadRAW X:2.3182216 Y:2.4380337 Z:2.7155572
01/01/2022 04:18:16 - 2284-3420 SpectraCal C6 - ReadRGB 95535 74107 36607
01/01/2022 04:18:16 - 2284-3420 SpectraCal C6 - ReadRAW X:2.339594 Y:2.4297549 Z:2.6593664
01/01/2022 04:18:16 - 2284-3420 SpectraCal C6 - ReadXYZ XYZ X:2.339594 Y:2.4297549 Z:2.6593664
01/01/2022 04:18:16 - 2284-3420 CDisplayCalibrator::TakeReading X =  2.3396, Y =  2.4298, Z =  2.6594 
01/01/2022 04:18:16 - 2284-3420 Leaving CDisplayCalibrator::TakeReading.
01/01/2022 04:18:16 - 2284-3420 Entering CDisplayCalibrator::TakeReading.
01/01/2022 04:18:16 - 2284-3420 SpectraCal C6 - ReadXYZ  0
01/01/2022 04:18:16 - 2284-3420 SpectraCal C6 - ReadRGB 418433 326661 161304
01/01/2022 04:18:16 - 2284-3420 SpectraCal C6 - ReadRAW X:10.217677 Y:10.674111 Z:11.71823
01/01/2022 04:18:17 - 2284-3420 SpectraCal C6 - ReadRGB 419166 326388 160833
01/01/2022 04:18:17 - 2284-3420 SpectraCal C6 - ReadRAW X:10.242028 Y:10.679557 Z:11.684118
01/01/2022 04:18:17 - 2284-3420 SpectraCal C6 - ReadXYZ XYZ X:10.242028 Y:10.679557 Z:11.684118
01/01/2022 04:18:17 - 2284-3420 CDisplayCalibrator::TakeReading X = 10.2420, Y = 10.6796, Z = 11.6841 
01/01/2022 04:18:17 - 2284-3420 Leaving CDisplayCalibrator::TakeReading.
01/01/2022 04:18:18 - 2284-3420 Entering CDisplayCalibrator::TakeReading.
01/01/2022 04:18:18 - 2284-3420 SpectraCal C6 - ReadXYZ  0
01/01/2022 04:18:18 - 2284-3420 SpectraCal C6 - ReadRGB 977500 762500 379181
01/01/2022 04:18:18 - 2284-3420 SpectraCal C6 - ReadRAW X:23.918327 Y:24.927949 Z:27.545295
01/01/2022 04:18:19 - 2284-3420 SpectraCal C6 - ReadRGB 979615 765769 378846
01/01/2022 04:18:19 - 2284-3420 SpectraCal C6 - ReadRAW X:23.918109 Y:25.005669 Z:27.52176
01/01/2022 04:18:19 - 2284-3420 SpectraCal C6 - ReadXYZ XYZ X:23.918109 Y:25.005669 Z:27.52176
01/01/2022 04:18:19 - 2284-3420 CDisplayCalibrator::TakeReading X = 23.9181, Y = 25.0057, Z = 27.5218 
01/01/2022 04:18:19 - 2284-3420 Leaving CDisplayCalibrator::TakeReading.
01/01/2022 04:18:19 - 2284-3420 Entering CDisplayCalibrator::TakeReading.
01/01/2022 04:18:19 - 2284-3420 SpectraCal C6 - ReadXYZ  0
01/01/2022 04:18:19 - 2284-3420 SpectraCal C6 - ReadRGB 1887500 1477500 727500
01/01/2022 04:18:19 - 2284-3420 SpectraCal C6 - ReadRAW X:46.004324 Y:48.209573 Z:52.851527
01/01/2022 04:18:20 - 2284-3420 SpectraCal C6 - ReadRGB 1887727 1476818 727727
01/01/2022 04:18:20 - 2284-3420 SpectraCal C6 - ReadRAW X:46.030248 Y:48.202457 Z:52.86779
01/01/2022 04:18:20 - 2284-3420 SpectraCal C6 - ReadXYZ XYZ X:46.030248 Y:48.202457 Z:52.86779
01/01/2022 04:18:20 - 2284-3420 CDisplayCalibrator::TakeReading X = 46.0302, Y = 48.2025, Z = 52.8678 
01/01/2022 04:18:20 - 2284-3420 Leaving CDisplayCalibrator::TakeReading.
01/01/2022 04:18:20 - 2284-3420 Entering CDisplayCalibrator::TakeReading.
01/01/2022 04:18:21 - 2284-3420 SpectraCal C6 - ReadXYZ  0
01/01/2022 04:18:21 - 2284-3420 SpectraCal C6 - ReadRGB 3117500 2447500 1202500
01/01/2022 04:18:21 - 2284-3420 SpectraCal C6 - ReadRAW X:75.844868 Y:79.734811 Z:87.360693
01/01/2022 04:18:21 - 2284-3420 SpectraCal C6 - ReadRGB 3113571 2442142 1202142
01/01/2022 04:18:21 - 2284-3420 SpectraCal C6 - ReadRAW X:75.815196 Y:79.600667 Z:87.3338
01/01/2022 04:18:21 - 2284-3420 SpectraCal C6 - ReadXYZ XYZ X:75.815196 Y:79.600667 Z:87.3338
01/01/2022 04:18:21 - 2284-3420 CDisplayCalibrator::TakeReading X = 75.8152, Y = 79.6007, Z = 87.3338 
01/01/2022 04:18:21 - 2284-3420 Leaving CDisplayCalibrator::TakeReading.
01/01/2022 04:18:21 - 2284-3420 Entering CDisplayCalibrator::TakeReading.
01/01/2022 04:18:22 - 2284-3420 SpectraCal C6 - ReadXYZ  0
01/01/2022 04:18:22 - 2284-3420 SpectraCal C6 - ReadRGB 4612500 3612500 1777500
01/01/2022 04:18:22 - 2284-3420 SpectraCal C6 - ReadRAW X:112.37584 Y:117.83902 Z:129.13263
01/01/2022 04:18:22 - 2284-3420 SpectraCal C6 - ReadRGB 4611250 3613750 1778750
01/01/2022 04:18:22 - 2284-3420 SpectraCal C6 - ReadRAW X:112.32442 Y:117.8419 Z:129.22331
01/01/2022 04:18:22 - 2284-3420 SpectraCal C6 - ReadXYZ XYZ X:112.32442 Y:117.8419 Z:129.22331
01/01/2022 04:18:22 - 2284-3420 CDisplayCalibrator::TakeReading X = 112.3244, Y = 117.8419, Z = 129.2233 
01/01/2022 04:18:22 - 2284-3420 Leaving CDisplayCalibrator::TakeReading.
01/01/2022 04:18:22 - 2284-3420 Entering CDisplayCalibrator::TakeReading.
01/01/2022 04:18:22 - 2284-3420 SpectraCal C6 - ReadXYZ  0
01/01/2022 04:18:22 - 2284-3420 SpectraCal C6 - ReadRGB 6377500 4992500 2462500
01/01/2022 04:18:22 - 2284-3420 SpectraCal C6 - ReadRAW X:155.50043 Y:162.89837 Z:178.8945
01/01/2022 04:18:22 - 2284-3420 SpectraCal C6 - ReadXYZ XYZ X:155.50043 Y:162.89837 Z:178.8945
01/01/2022 04:18:22 - 2284-3420 CDisplayCalibrator::TakeReading X = 155.5004, Y = 162.8984, Z = 178.8945 
01/01/2022 04:18:22 - 2284-3420 Leaving CDisplayCalibrator::TakeReading.
01/01/2022 04:18:23 - 2284-3420 Entering CDisplayCalibrator::TakeReading.
01/01/2022 04:18:23 - 2284-3420 SpectraCal C6 - ReadXYZ  0
01/01/2022 04:18:23 - 2284-3420 SpectraCal C6 - ReadRGB 8552500 6692500 3302500
01/01/2022 04:18:23 - 2284-3420 SpectraCal C6 - ReadRAW X:208.5919 Y:218.4136 Z:239.91774
01/01/2022 04:18:23 - 2284-3420 SpectraCal C6 - ReadXYZ XYZ X:208.5919 Y:218.4136 Z:239.91774
01/01/2022 04:18:23 - 2284-3420 CDisplayCalibrator::TakeReading X = 208.5919, Y = 218.4136, Z = 239.9177 
01/01/2022 04:18:23 - 2284-3420 Leaving CDisplayCalibrator::TakeReading.
01/01/2022 04:18:24 - 2284-3420 Entering CDisplayCalibrator::TakeReading.
01/01/2022 04:18:24 - 2284-3420 SpectraCal C6 - ReadXYZ  0
01/01/2022 04:18:24 - 2284-3420 SpectraCal C6 - ReadRGB 11147500 8732500 4302500
01/01/2022 04:18:24 - 2284-3420 SpectraCal C6 - ReadRAW X:271.65293 Y:284.82503 Z:312.56794
01/01/2022 04:18:24 - 2284-3420 SpectraCal C6 - ReadXYZ XYZ X:271.65293 Y:284.82503 Z:312.56794
01/01/2022 04:18:24 - 2284-3420 CDisplayCalibrator::TakeReading X = 271.6529, Y = 284.8250, Z = 312.5679 
01/01/2022 04:18:24 - 2284-3420 Leaving CDisplayCalibrator::TakeReading.
01/01/2022 04:18:24 - 2284-3420 Entering CDisplayCalibrator::TakeReading.
01/01/2022 04:18:24 - 2284-3420 SpectraCal C6 - ReadXYZ  0
01/01/2022 04:18:25 - 2284-3420 SpectraCal C6 - ReadRGB 4702500 812500 72100
01/01/2022 04:18:25 - 2284-3420 SpectraCal C6 - ReadRAW X:149.02862 Y:75.614182 Z:5.2268081
01/01/2022 04:18:25 - 2284-3420 SpectraCal C6 - ReadRGB 4700625 811875 72466
01/01/2022 04:18:25 - 2284-3420 SpectraCal C6 - ReadRAW X:148.98161 Y:75.579726 Z:5.2532403
01/01/2022 04:18:25 - 2284-3420 SpectraCal C6 - ReadXYZ XYZ X:148.98161 Y:75.579726 Z:5.2532403
01/01/2022 04:18:25 - 2284-3420 CDisplayCalibrator::TakeReading X = 148.9816, Y = 75.5797, Z =  5.2532 
01/01/2022 04:18:25 - 2284-3420 Leaving CDisplayCalibrator::TakeReading.
01/01/2022 04:18:26 - 2284-3420 Entering CDisplayCalibrator::TakeReading.
01/01/2022 04:18:26 - 2284-3420 SpectraCal C6 - ReadXYZ  0
01/01/2022 04:18:26 - 2284-3420 SpectraCal C6 - ReadRGB 8942500 9092500 557500
01/01/2022 04:18:26 - 2284-3420 SpectraCal C6 - ReadRAW X:129.52309 Y:258.2541 Z:42.045369
01/01/2022 04:18:26 - 2284-3420 SpectraCal C6 - ReadRGB 8936250 9083750 553750
01/01/2022 04:18:26 - 2284-3420 SpectraCal C6 - ReadRAW X:129.43226 Y:258.03526 Z:41.772554
01/01/2022 04:18:26 - 2284-3420 SpectraCal C6 - ReadXYZ XYZ X:129.43226 Y:258.03526 Z:41.772554
01/01/2022 04:18:26 - 2284-3420 CDisplayCalibrator::TakeReading X = 129.4323, Y = 258.0353, Z = 41.7726 
01/01/2022 04:18:26 - 2284-3420 Leaving CDisplayCalibrator::TakeReading.
01/01/2022 04:18:27 - 2284-3420 Entering CDisplayCalibrator::TakeReading.
01/01/2022 04:18:27 - 2284-3420 SpectraCal C6 - ReadXYZ  0
01/01/2022 04:18:27 - 2284-3420 SpectraCal C6 - ReadRGB 407386 1067500 4767500
01/01/2022 04:18:27 - 2284-3420 SpectraCal C6 - ReadRAW X:64.24098 Y:24.623379 Z:344.81796
01/01/2022 04:18:27 - 2284-3420 SpectraCal C6 - ReadXYZ XYZ X:64.24098 Y:24.623379 Z:344.81796
01/01/2022 04:18:27 - 2284-3420 CDisplayCalibrator::TakeReading X = 64.2410, Y = 24.6234, Z = 344.8180 
01/01/2022 04:18:27 - 2284-3420 Leaving CDisplayCalibrator::TakeReading.
01/01/2022 04:18:27 - 2284-3420 Leaving CDisplayCalibrator::MeasureCustom1Data.
01/01/2022 04:18:28 - 2284-1884 SpectraCal C6 - Shutdown
01/01/2022 04:18:28 - 2284-1884 SpectraCal C6 - Shutdown
01/01/2022 04:18:28 - 2284-1884 SpectraCal C6 - Unload
01/01/2022 04:18:28 - 2284-1884 SpectraCal C6 - Shutdown
01/01/2022 04:18:28 - 2284-1884 SpectraCal C6 - Unload
01/01/2022 04:18:28 - 2284-1884 SpectraCal C6 - Shutdown
01/01/2022 04:18:28 - 2284-1884 SpectraCal C6 - Unload
01/01/2022 04:18:28 - 1300-1068 LaunchApp::Application Failure, The operation completed successfully.
 C:\Program Files\Portrait Displays\DreamColor Factory Tools\cw.exe  -cm1 SDC416C 97 "c:\dreamcolor\cnd140bb8b_20220101015948\Data-CND140BB8B\cw_Web(sRGB).csv" 20 1 300 "c:\dreamcolor\cnd140bb8b_20220101015948\Log\CND140BB8B.log"
01/01/2022 04:18:28 - 1300-1068 CommandLineParser::BuildCVTCommandString
01/01/2022 04:18:28 - 1300-1068 CommandLineParser::BuildCVTCommandString: --input "c:\dreamcolor\cnd140bb8b_20220101015948\Data-CND140BB8B\cw_Web(sRGB).csv" --format CSV --output "c:\dreamcolor\cnd140bb8b_20220101015948\Data-CND140BB8B\cvt_Web(sRGB).csv" --white 0.3127 0.329 --red 0.64 0.33 --green 0.3 0.6 --blue 0.15 0.06 --eotf PowerFunction 2.2 
01/01/2022 04:18:28 - 1300-1068 LaunchApp::Success, C:\Program Files\Portrait Displays\DreamColor Factory Tools\cvt.exe  --input "c:\dreamcolor\cnd140bb8b_20220101015948\Data-CND140BB8B\cw_Web(sRGB).csv" --format CSV --output "c:\dreamcolor\cnd140bb8b_20220101015948\Data-CND140BB8B\cvt_Web(sRGB).csv" --white 0.3127 0.329 --red 0.64 0.33 --green 0.3 0.6 --blue 0.15 0.06 --eotf PowerFunction 2.2 
01/01/2022 04:18:28 - 1300-1068 *****Delta E Values from file: c:\dreamcolor\cnd140bb8b_20220101015948\Data-CND140BB8B\cvt_Web(sRGB).csv
01/01/2022 04:18:28 - 1300-1068 0,0,0=0.000000
01/01/2022 04:18:28 - 1300-1068 0,0,255=0.783905
01/01/2022 04:18:28 - 1300-1068 0,255,0=0.512178
01/01/2022 04:18:28 - 1300-1068 26,26,26=0.539872
01/01/2022 04:18:28 - 1300-1068 51,51,51=0.764638
01/01/2022 04:18:28 - 1300-1068 76,76,76=0.722540
01/01/2022 04:18:28 - 1300-1068 102,102,102=0.747817
01/01/2022 04:18:28 - 1300-1068 128,128,128=0.673215
01/01/2022 04:18:28 - 1300-1068 153,153,153=0.771471
01/01/2022 04:18:28 - 1300-1068 178,178,178=0.970449
01/01/2022 04:18:28 - 1300-1068 204,204,204=1.115816
01/01/2022 04:18:28 - 1300-1068 230,230,230=0.934652
01/01/2022 04:18:28 - 1300-1068 255,0,0=1.247295
01/01/2022 04:18:28 - 1300-1068 255,255,255=2.075635
01/01/2022 04:18:30 - 1300-1068 CommandLineParser::BuildCWCommandString
01/01/2022 04:18:30 - 1300-1068 CommandLineParser::BuildCWCommandString: -cm4 SDC416C 97 "c:\dreamcolor\cnd140bb8b_20220101015948\Data-CND140BB8B\cw_Printing and Imaging (Adobe RGB).csv" 20 1 300 "c:\dreamcolor\cnd140bb8b_20220101015948\Log\CND140BB8B.log"
01/01/2022 04:18:30 - 4508-5352 Entering CcwDlg::OnInitDialog.
01/01/2022 04:18:30 - 4508-5352 Entering CTestSystem::Initialize.
01/01/2022 04:18:30 - 4508-5352 Entering CTestSystem::CreateDisplays.
01/01/2022 04:18:30 - 4508-5352 Entering CTestSystem::GetDTDisplay.
01/01/2022 04:18:30 - 4508-5352 Leaving CTestSystem::GetDTDisplay.
01/01/2022 04:18:30 - 4508-5352 Leaving CTestSystem::CreateDisplays.
01/01/2022 04:18:30 - 4508-5352 PNP Id and Gpu: SDC416C, ATI3 NODDC API.
01/01/2022 04:18:30 - 4508-5352 Leaving CTestSystem::Initialize.
01/01/2022 04:18:30 - 4508-5352 Entering CcwDlg::GetRegistryValue.
01/01/2022 04:18:30 - 4508-5352 Leaving CcwDlg::GetRegistryValue.
01/01/2022 04:18:30 - 4508-5352 Entering CTestSystem::AcquireTargetRects.
01/01/2022 04:18:30 - 4508-5352 Entering CMonitorReSynch::CMonitorReSynch().
01/01/2022 04:18:30 - 4508-5352 Leaving CMonitorReSynch::CMonitorReSynch().
01/01/2022 04:18:30 - 4508-5352 Entering CTestSystem::ReadEdidFromRegistry.
01/01/2022 04:18:30 - 4508-5352 Leaving CTestSystem::AcquireTargetRects.
01/01/2022 04:18:30 - 4508-5352 Entering CTestSystem::GetTargetRECT.
01/01/2022 04:18:30 - 4508-5352 Leaving CTestSystem::GetTargetRECT.
01/01/2022 04:18:30 - 4508-7488 Entering CTestSystem::CreateSensor.
01/01/2022 04:18:30 - 4508-7488 CalMANv6 - Load
01/01/2022 04:18:30 - 4508-7488 Initialized - 
01/01/2022 04:18:30 - 4508-7488 Meters - InitProfile
01/01/2022 04:18:30 - 4508-7488 Initialized - 
01/01/2022 04:18:30 - 4508-7488 X-Rite i1Display OEM - Create Object 
01/01/2022 04:18:30 - 4508-7488 X-Rite i1Display OEM - Load
01/01/2022 04:18:30 - 4508-7488 X-Rite i1Display OEM - Enum
01/01/2022 04:18:31 - 4508-7488 X-Rite i1Display OEM - Found  200776
01/01/2022 04:18:31 - 4508-7488 X-Rite i1Display OEM - Shutdown
01/01/2022 04:18:31 - 4508-7488 X-Rite i1Display OEM - Unload
01/01/2022 04:18:31 - 4508-7488 Initialized - 
01/01/2022 04:18:31 - 4508-7488 Meters - InitProfile
01/01/2022 04:18:31 - 4508-7488 Initialized - 
01/01/2022 04:18:31 - 4508-7488 Simulated Meter - Create Object 
01/01/2022 04:18:31 - 4508-7488 Simulated Meter - Load
01/01/2022 04:18:31 - 4508-7488 Simulated Meter - Enum
01/01/2022 04:18:31 - 4508-7488 Simulated Meter - Found  12345678
01/01/2022 04:18:31 - 4508-7488 Simulated Meter - Shutdown
01/01/2022 04:18:31 - 4508-7488 Simulated Meter - Shutdown
01/01/2022 04:18:31 - 4508-7488 Simulated Meter - Unload
01/01/2022 04:18:31 - 4508-7488 Initialized - 
01/01/2022 04:18:31 - 4508-7488 Meters - InitProfile
01/01/2022 04:18:31 - 4508-7488 Initialized - 
01/01/2022 04:18:31 - 4508-7488 X-Rite i1Display OEM - Create Object 
01/01/2022 04:18:31 - 4508-7488 SpectraCal C6 - Create Object 
01/01/2022 04:18:31 - 4508-7488 SpectraCal C6 - Load
01/01/2022 04:18:31 - 4508-7488 SpectraCal C6 - Startup
01/01/2022 04:18:32 - 4508-7488 SpectraCal C6 - Serial Number 00200776
01/01/2022 04:18:32 - 4508-7488 SpectraCal C6 - Version Version: SP-B-02 AIO
01/01/2022 04:18:32 - 4508-7488 SpectraCal C6 - Version2 Date Code: 1911
01/01/2022 04:18:32 - 4508-7488 SpectraCal C6 - Version3 Calibration Tables: 18
01/01/2022 04:18:32 - 4508-7488 SpectraCal C6 - Mode  5
01/01/2022 04:18:32 - 4508-7488 SpectraCal C6 - Table  12
01/01/2022 04:18:32 - 4508-7488 SpectraCal C6 - 45584302FA58.cbfx
01/01/2022 04:18:32 - 4508-7488 SpectraCal C6 - Tables 3
01/01/2022 04:18:32 - 4508-7488 SpectraCal C6 - Table  0 - __IDENTITY__
01/01/2022 04:18:32 - 4508-7488 SpectraCal C6 - Table  1 - __Generic CMF__
01/01/2022 04:18:32 - 4508-7488 SpectraCal C6 - Table *2 - HP LP2465
01/01/2022 04:18:33 - 4508-7488 SpectraCal C6 - Mode  5
01/01/2022 04:18:33 - 4508-7488 SpectraCal C6 - Table  12
01/01/2022 04:18:33 - 4508-7488 SpectraCal C6 - 45584302FA58.cbfx
01/01/2022 04:18:33 - 4508-7488 SpectraCal C6 - Tables 3
01/01/2022 04:18:33 - 4508-7488 SpectraCal C6 - Table  0 - __IDENTITY__
01/01/2022 04:18:33 - 4508-7488 SpectraCal C6 - Table  1 - __Generic CMF__
01/01/2022 04:18:33 - 4508-7488 SpectraCal C6 - Table *2 - HP LP2465
01/01/2022 04:18:34 - 4508-7488 Leaving CTestSystem::CreateSensor.
01/01/2022 04:18:34 - 4508-7488 Entering CDisplayCalibrator::SetSensorCalType.
01/01/2022 04:18:34 - 4508-7488 SpectraCal C6 - Mode  97
01/01/2022 04:18:34 - 4508-7488 SpectraCal C6 - Table  34
01/01/2022 04:18:34 - 4508-7488 SpectraCal C6 - CC62AB446B5B.cbfx
01/01/2022 04:18:34 - 4508-7488 SpectraCal C6 - Tables 3
01/01/2022 04:18:34 - 4508-7488 SpectraCal C6 - Table  0 - __IDENTITY__
01/01/2022 04:18:34 - 4508-7488 SpectraCal C6 - Table  1 - __Generic CMF__
01/01/2022 04:18:34 - 4508-7488 SpectraCal C6 - Table *2 - 
01/01/2022 04:18:35 - 4508-7488 CDisplayCalibrator::SetSensorCalType. CalType = 97 
01/01/2022 04:18:35 - 4508-7488 Leaving CDisplayCalibrator::SetSensorCalType.
01/01/2022 04:18:35 - 4508-7488 Entering CDisplayCalibrator::MeasureCustom4Data.
01/01/2022 04:18:38 - 4508-7488 Entering CDisplayCalibrator::TakeReading.
01/01/2022 04:18:38 - 4508-7488 SpectraCal C6 - ReadXYZ  0
01/01/2022 04:18:38 - 4508-7488 SpectraCal C6 - ReadRGB 13902500 10852500 5377500
01/01/2022 04:18:38 - 4508-7488 SpectraCal C6 - ReadRAW X:339.77751 Y:354.64686 Z:390.65151
01/01/2022 04:18:38 - 4508-7488 SpectraCal C6 - ReadXYZ XYZ X:339.77751 Y:354.64686 Z:390.65151
01/01/2022 04:18:38 - 4508-7488 CDisplayCalibrator::TakeReading X = 339.7775, Y = 354.6469, Z = 390.6515 
01/01/2022 04:18:38 - 4508-7488 Leaving CDisplayCalibrator::TakeReading.
01/01/2022 04:18:39 - 4508-7488 Entering CDisplayCalibrator::TakeReading.
01/01/2022 04:18:39 - 4508-7488 SpectraCal C6 - ReadXYZ  0
01/01/2022 04:18:39 - 4508-7488 SpectraCal C6 - ReadRGB 6342500 1002500 69557
01/01/2022 04:18:39 - 4508-7488 SpectraCal C6 - ReadRAW X:202.56343 Y:100.5547 Z:5.0271348
01/01/2022 04:18:39 - 4508-7488 SpectraCal C6 - ReadXYZ XYZ X:202.56343 Y:100.5547 Z:5.0271348
01/01/2022 04:18:39 - 4508-7488 CDisplayCalibrator::TakeReading X = 202.5634, Y = 100.5547, Z =  5.0271 
01/01/2022 04:18:39 - 4508-7488 Leaving CDisplayCalibrator::TakeReading.
01/01/2022 04:18:39 - 4508-7488 Entering CDisplayCalibrator::TakeReading.
01/01/2022 04:18:39 - 4508-7488 SpectraCal C6 - ReadXYZ  0
01/01/2022 04:18:40 - 4508-7488 SpectraCal C6 - ReadRGB 7677500 9287500 359269
01/01/2022 04:18:40 - 4508-7488 SpectraCal C6 - ReadRAW X:77.927571 Y:244.05894 Z:27.807616
01/01/2022 04:18:40 - 4508-7488 SpectraCal C6 - ReadRGB 7668750 9276250 358750
01/01/2022 04:18:40 - 4508-7488 SpectraCal C6 - ReadRAW X:77.851204 Y:243.77066 Z:27.767811
01/01/2022 04:18:40 - 4508-7488 SpectraCal C6 - ReadXYZ XYZ X:77.851204 Y:243.77066 Z:27.767811
01/01/2022 04:18:40 - 4508-7488 CDisplayCalibrator::TakeReading X = 77.8512, Y = 243.7707, Z = 27.7678 
01/01/2022 04:18:40 - 4508-7488 Leaving CDisplayCalibrator::TakeReading.
01/01/2022 04:18:40 - 4508-7488 Entering CDisplayCalibrator::TakeReading.
01/01/2022 04:18:40 - 4508-7488 SpectraCal C6 - ReadXYZ  0
01/01/2022 04:18:40 - 4508-7488 SpectraCal C6 - ReadRGB 453946 1112500 4962500
01/01/2022 04:18:40 - 4508-7488 SpectraCal C6 - ReadRAW X:67.890364 Y:26.053041 Z:358.9209
01/01/2022 04:18:40 - 4508-7488 SpectraCal C6 - ReadXYZ XYZ X:67.890364 Y:26.053041 Z:358.9209
01/01/2022 04:18:40 - 4508-7488 CDisplayCalibrator::TakeReading X = 67.8904, Y = 26.0530, Z = 358.9209 
01/01/2022 04:18:40 - 4508-7488 Leaving CDisplayCalibrator::TakeReading.
01/01/2022 04:18:41 - 4508-7488 Leaving CDisplayCalibrator::MeasureCustom4Data.
01/01/2022 04:18:42 - 4508-5352 SpectraCal C6 - Shutdown
01/01/2022 04:18:42 - 4508-5352 SpectraCal C6 - Shutdown
01/01/2022 04:18:42 - 4508-5352 SpectraCal C6 - Unload
01/01/2022 04:18:42 - 4508-5352 SpectraCal C6 - Shutdown
01/01/2022 04:18:42 - 4508-5352 SpectraCal C6 - Unload
01/01/2022 04:18:42 - 4508-5352 SpectraCal C6 - Shutdown
01/01/2022 04:18:42 - 4508-5352 SpectraCal C6 - Unload
01/01/2022 04:18:42 - 1300-1068 LaunchApp::Application Failure, The operation completed successfully.
 C:\Program Files\Portrait Displays\DreamColor Factory Tools\cw.exe  -cm4 SDC416C 97 "c:\dreamcolor\cnd140bb8b_20220101015948\Data-CND140BB8B\cw_Printing and Imaging (Adobe RGB).csv" 20 1 300 "c:\dreamcolor\cnd140bb8b_20220101015948\Log\CND140BB8B.log"
01/01/2022 04:18:42 - 1300-1068 CommandLineParser::BuildCVTCommandString
01/01/2022 04:18:42 - 1300-1068 CommandLineParser::BuildCVTCommandString: --input "c:\dreamcolor\cnd140bb8b_20220101015948\Data-CND140BB8B\cw_Printing and Imaging (Adobe RGB).csv" --format CSV --output "c:\dreamcolor\cnd140bb8b_20220101015948\Data-CND140BB8B\cvt_Printing and Imaging (Adobe RGB).csv" --white 0.3127 0.329 --red 0.64 0.33 --green 0.21 0.71 --blue 0.15 0.06 --eotf PowerFunction 2.2 
01/01/2022 04:18:42 - 1300-1068 LaunchApp::Success, C:\Program Files\Portrait Displays\DreamColor Factory Tools\cvt.exe  --input "c:\dreamcolor\cnd140bb8b_20220101015948\Data-CND140BB8B\cw_Printing and Imaging (Adobe RGB).csv" --format CSV --output "c:\dreamcolor\cnd140bb8b_20220101015948\Data-CND140BB8B\cvt_Printing and Imaging (Adobe RGB).csv" --white 0.3127 0.329 --red 0.64 0.33 --green 0.21 0.71 --blue 0.15 0.06 --eotf PowerFunction 2.2 
01/01/2022 04:18:42 - 1300-1068 *****Delta E Values from file: c:\dreamcolor\cnd140bb8b_20220101015948\Data-CND140BB8B\cvt_Printing and Imaging (Adobe RGB).csv
01/01/2022 04:18:42 - 1300-1068 255,255,255=2.039370
01/01/2022 04:18:42 - 1300-1068 255,0,0=2.593956
01/01/2022 04:18:42 - 1300-1068 0,255,0=2.224464
01/01/2022 04:18:42 - 1300-1068 0,0,255=0.813342
01/01/2022 04:18:44 - 1300-1068 CommandLineParser::BuildCWCommandString
01/01/2022 04:18:44 - 1300-1068 CommandLineParser::BuildCWCommandString: -cm4 SDC416C 97 "c:\dreamcolor\cnd140bb8b_20220101015948\Data-CND140BB8B\cw_Photos and Videos (DCI-P3).csv" 20 1 300 "c:\dreamcolor\cnd140bb8b_20220101015948\Log\CND140BB8B.log"
01/01/2022 04:18:44 - 5820-5016 Entering CcwDlg::OnInitDialog.
01/01/2022 04:18:44 - 5820-5016 Entering CTestSystem::Initialize.
01/01/2022 04:18:44 - 5820-5016 Entering CTestSystem::CreateDisplays.
01/01/2022 04:18:44 - 5820-5016 Entering CTestSystem::GetDTDisplay.
01/01/2022 04:18:44 - 5820-5016 Leaving CTestSystem::GetDTDisplay.
01/01/2022 04:18:44 - 5820-5016 Leaving CTestSystem::CreateDisplays.
01/01/2022 04:18:44 - 5820-5016 PNP Id and Gpu: SDC416C, ATI3 NODDC API.
01/01/2022 04:18:44 - 5820-5016 Leaving CTestSystem::Initialize.
01/01/2022 04:18:44 - 5820-5016 Entering CcwDlg::GetRegistryValue.
01/01/2022 04:18:44 - 5820-5016 Leaving CcwDlg::GetRegistryValue.
01/01/2022 04:18:44 - 5820-5016 Entering CTestSystem::AcquireTargetRects.
01/01/2022 04:18:44 - 5820-5016 Entering CMonitorReSynch::CMonitorReSynch().
01/01/2022 04:18:44 - 5820-5016 Leaving CMonitorReSynch::CMonitorReSynch().
01/01/2022 04:18:44 - 5820-5016 Entering CTestSystem::ReadEdidFromRegistry.
01/01/2022 04:18:44 - 5820-5016 Leaving CTestSystem::AcquireTargetRects.
01/01/2022 04:18:44 - 5820-5016 Entering CTestSystem::GetTargetRECT.
01/01/2022 04:18:44 - 5820-5016 Leaving CTestSystem::GetTargetRECT.
01/01/2022 04:18:44 - 5820-376 Entering CTestSystem::CreateSensor.
01/01/2022 04:18:44 - 5820-376 CalMANv6 - Load
01/01/2022 04:18:44 - 5820-376 Initialized - 
01/01/2022 04:18:44 - 5820-376 Meters - InitProfile
01/01/2022 04:18:44 - 5820-376 Initialized - 
01/01/2022 04:18:44 - 5820-376 X-Rite i1Display OEM - Create Object 
01/01/2022 04:18:44 - 5820-376 X-Rite i1Display OEM - Load
01/01/2022 04:18:44 - 5820-376 X-Rite i1Display OEM - Enum
01/01/2022 04:18:45 - 5820-376 X-Rite i1Display OEM - Found  200776
01/01/2022 04:18:45 - 5820-376 X-Rite i1Display OEM - Shutdown
01/01/2022 04:18:45 - 5820-376 X-Rite i1Display OEM - Unload
01/01/2022 04:18:45 - 5820-376 Initialized - 
01/01/2022 04:18:45 - 5820-376 Meters - InitProfile
01/01/2022 04:18:45 - 5820-376 Initialized - 
01/01/2022 04:18:45 - 5820-376 Simulated Meter - Create Object 
01/01/2022 04:18:45 - 5820-376 Simulated Meter - Load
01/01/2022 04:18:45 - 5820-376 Simulated Meter - Enum
01/01/2022 04:18:45 - 5820-376 Simulated Meter - Found  12345678
01/01/2022 04:18:45 - 5820-376 Simulated Meter - Shutdown
01/01/2022 04:18:45 - 5820-376 Simulated Meter - Shutdown
01/01/2022 04:18:45 - 5820-376 Simulated Meter - Unload
01/01/2022 04:18:45 - 5820-376 Initialized - 
01/01/2022 04:18:45 - 5820-376 Meters - InitProfile
01/01/2022 04:18:45 - 5820-376 Initialized - 
01/01/2022 04:18:45 - 5820-376 X-Rite i1Display OEM - Create Object 
01/01/2022 04:18:45 - 5820-376 SpectraCal C6 - Create Object 
01/01/2022 04:18:45 - 5820-376 SpectraCal C6 - Load
01/01/2022 04:18:45 - 5820-376 SpectraCal C6 - Startup
01/01/2022 04:18:46 - 5820-376 SpectraCal C6 - Serial Number 00200776
01/01/2022 04:18:46 - 5820-376 SpectraCal C6 - Version Version: SP-B-02 AIO
01/01/2022 04:18:46 - 5820-376 SpectraCal C6 - Version2 Date Code: 1911
01/01/2022 04:18:46 - 5820-376 SpectraCal C6 - Version3 Calibration Tables: 18
01/01/2022 04:18:46 - 5820-376 SpectraCal C6 - Mode  5
01/01/2022 04:18:46 - 5820-376 SpectraCal C6 - Table  12
01/01/2022 04:18:46 - 5820-376 SpectraCal C6 - 45584302FA58.cbfx
01/01/2022 04:18:46 - 5820-376 SpectraCal C6 - Tables 3
01/01/2022 04:18:46 - 5820-376 SpectraCal C6 - Table  0 - __IDENTITY__
01/01/2022 04:18:46 - 5820-376 SpectraCal C6 - Table  1 - __Generic CMF__
01/01/2022 04:18:46 - 5820-376 SpectraCal C6 - Table *2 - HP LP2465
01/01/2022 04:18:47 - 5820-376 SpectraCal C6 - Mode  5
01/01/2022 04:18:47 - 5820-376 SpectraCal C6 - Table  12
01/01/2022 04:18:47 - 5820-376 SpectraCal C6 - 45584302FA58.cbfx
01/01/2022 04:18:47 - 5820-376 SpectraCal C6 - Tables 3
01/01/2022 04:18:47 - 5820-376 SpectraCal C6 - Table  0 - __IDENTITY__
01/01/2022 04:18:47 - 5820-376 SpectraCal C6 - Table  1 - __Generic CMF__
01/01/2022 04:18:47 - 5820-376 SpectraCal C6 - Table *2 - HP LP2465
01/01/2022 04:18:48 - 5820-376 Leaving CTestSystem::CreateSensor.
01/01/2022 04:18:48 - 5820-376 Entering CDisplayCalibrator::SetSensorCalType.
01/01/2022 04:18:48 - 5820-376 SpectraCal C6 - Mode  97
01/01/2022 04:18:48 - 5820-376 SpectraCal C6 - Table  34
01/01/2022 04:18:48 - 5820-376 SpectraCal C6 - CC62AB446B5B.cbfx
01/01/2022 04:18:48 - 5820-376 SpectraCal C6 - Tables 3
01/01/2022 04:18:48 - 5820-376 SpectraCal C6 - Table  0 - __IDENTITY__
01/01/2022 04:18:48 - 5820-376 SpectraCal C6 - Table  1 - __Generic CMF__
01/01/2022 04:18:48 - 5820-376 SpectraCal C6 - Table *2 - 
01/01/2022 04:18:49 - 5820-376 CDisplayCalibrator::SetSensorCalType. CalType = 97 
01/01/2022 04:18:49 - 5820-376 Leaving CDisplayCalibrator::SetSensorCalType.
01/01/2022 04:18:49 - 5820-376 Entering CDisplayCalibrator::MeasureCustom4Data.
01/01/2022 04:18:51 - 5820-376 Entering CDisplayCalibrator::TakeReading.
01/01/2022 04:18:51 - 5820-376 SpectraCal C6 - ReadXYZ  0
01/01/2022 04:18:51 - 5820-376 SpectraCal C6 - ReadRGB 13902500 10852500 5377500
01/01/2022 04:18:51 - 5820-376 SpectraCal C6 - ReadRAW X:339.77751 Y:354.64686 Z:390.65151
01/01/2022 04:18:51 - 5820-376 SpectraCal C6 - ReadXYZ XYZ X:339.77751 Y:354.64686 Z:390.65151
01/01/2022 04:18:51 - 5820-376 CDisplayCalibrator::TakeReading X = 339.7775, Y = 354.6469, Z = 390.6515 
01/01/2022 04:18:51 - 5820-376 Leaving CDisplayCalibrator::TakeReading.
01/01/2022 04:18:52 - 5820-376 Entering CDisplayCalibrator::TakeReading.
01/01/2022 04:18:52 - 5820-376 SpectraCal C6 - ReadXYZ  0
01/01/2022 04:18:52 - 5820-376 SpectraCal C6 - ReadRGB 5452500 667500 2500
01/01/2022 04:18:52 - 5820-376 SpectraCal C6 - ReadRAW X:177.3933 Y:83.468289 Z:0.13606305
01/01/2022 04:18:53 - 5820-376 SpectraCal C6 - ReadRGB 5457857 666428 4436
01/01/2022 04:18:53 - 5820-376 SpectraCal C6 - ReadRAW X:177.63373 Y:83.525376 Z:0.27562144
01/01/2022 04:18:53 - 5820-376 SpectraCal C6 - ReadXYZ XYZ X:177.63373 Y:83.525376 Z:0.27562144
01/01/2022 04:18:53 - 5820-376 CDisplayCalibrator::TakeReading X = 177.6337, Y = 83.5254, Z =  0.2756 
01/01/2022 04:18:53 - 5820-376 Leaving CDisplayCalibrator::TakeReading.
01/01/2022 04:18:54 - 5820-376 Entering CDisplayCalibrator::TakeReading.
01/01/2022 04:18:54 - 5820-376 SpectraCal C6 - ReadXYZ  0
01/01/2022 04:18:54 - 5820-376 SpectraCal C6 - ReadRGB 8192500 9232500 183418
01/01/2022 04:18:54 - 5820-376 SpectraCal C6 - ReadRAW X:94.508115 Y:250.04613 Z:15.066159
01/01/2022 04:18:54 - 5820-376 SpectraCal C6 - ReadXYZ XYZ X:94.508115 Y:250.04613 Z:15.066159
01/01/2022 04:18:54 - 5820-376 CDisplayCalibrator::TakeReading X = 94.5081, Y = 250.0461, Z = 15.0662 
01/01/2022 04:18:54 - 5820-376 Leaving CDisplayCalibrator::TakeReading.
01/01/2022 04:18:55 - 5820-376 Entering CDisplayCalibrator::TakeReading.
01/01/2022 04:18:55 - 5820-376 SpectraCal C6 - ReadXYZ  0
01/01/2022 04:18:55 - 5820-376 SpectraCal C6 - ReadRGB 2500 2500 2500
01/01/2022 04:18:55 - 5820-376 SpectraCal C6 - ReadRAW X:7.2797565e-002 Y:7.3033942e-002 Z:0.18117673
01/01/2022 04:18:57 - 5820-376 SpectraCal C6 - ReadRGB 269659 708068 3188295
01/01/2022 04:18:57 - 5820-376 SpectraCal C6 - ReadRAW X:42.987592 Y:16.341394 Z:230.59794
01/01/2022 04:18:59 - 5820-376 SpectraCal C6 - ReadRGB 437840 1151477 5185568
01/01/2022 04:18:59 - 5820-376 SpectraCal C6 - ReadRAW X:69.89383 Y:26.565974 Z:375.05348
01/01/2022 04:19:01 - 5820-376 SpectraCal C6 - ReadRGB 436931 1148068 5168522
01/01/2022 04:19:01 - 5820-376 SpectraCal C6 - ReadRAW X:69.674721 Y:26.49147 Z:373.82071
01/01/2022 04:19:03 - 5820-376 SpectraCal C6 - ReadRGB 436704 1148977 5175113
01/01/2022 04:19:04 - 5820-376 SpectraCal C6 - ReadRAW X:69.747799 Y:26.5063 Z:374.29731
01/01/2022 04:19:06 - 5820-376 SpectraCal C6 - ReadRGB 436022 1147840 5170113
01/01/2022 04:19:06 - 5820-376 SpectraCal C6 - ReadRAW X:69.67184 Y:26.476797 Z:373.93568
01/01/2022 04:19:06 - 5820-376 SpectraCal C6 - ReadXYZ XYZ X:64.395156 Y:24.476387 Z:345.54102
01/01/2022 04:19:06 - 5820-376 CDisplayCalibrator::TakeReading X = 64.3952, Y = 24.4764, Z = 345.5410 
01/01/2022 04:19:06 - 5820-376 Leaving CDisplayCalibrator::TakeReading.
01/01/2022 04:19:06 - 5820-376 Leaving CDisplayCalibrator::MeasureCustom4Data.
01/01/2022 04:19:07 - 5820-5016 SpectraCal C6 - Shutdown
01/01/2022 04:19:07 - 5820-5016 SpectraCal C6 - Shutdown
01/01/2022 04:19:07 - 5820-5016 SpectraCal C6 - Unload
01/01/2022 04:19:07 - 5820-5016 SpectraCal C6 - Shutdown
01/01/2022 04:19:07 - 5820-5016 SpectraCal C6 - Unload
01/01/2022 04:19:07 - 5820-5016 SpectraCal C6 - Shutdown
01/01/2022 04:19:07 - 5820-5016 SpectraCal C6 - Unload
01/01/2022 04:19:07 - 1300-1068 LaunchApp::Application Failure, The operation completed successfully.
 C:\Program Files\Portrait Displays\DreamColor Factory Tools\cw.exe  -cm4 SDC416C 97 "c:\dreamcolor\cnd140bb8b_20220101015948\Data-CND140BB8B\cw_Photos and Videos (DCI-P3).csv" 20 1 300 "c:\dreamcolor\cnd140bb8b_20220101015948\Log\CND140BB8B.log"
01/01/2022 04:19:07 - 1300-1068 CommandLineParser::BuildCVTCommandString
01/01/2022 04:19:07 - 1300-1068 CommandLineParser::BuildCVTCommandString: --input "c:\dreamcolor\cnd140bb8b_20220101015948\Data-CND140BB8B\cw_Photos and Videos (DCI-P3).csv" --format CSV --output "c:\dreamcolor\cnd140bb8b_20220101015948\Data-CND140BB8B\cvt_Photos and Videos (DCI-P3).csv" --white 0.3127 0.329 --red 0.68 0.32 --green 0.265 0.69 --blue 0.15 0.06 --eotf PowerFunction 2.2 
01/01/2022 04:19:07 - 1300-1068 LaunchApp::Success, C:\Program Files\Portrait Displays\DreamColor Factory Tools\cvt.exe  --input "c:\dreamcolor\cnd140bb8b_20220101015948\Data-CND140BB8B\cw_Photos and Videos (DCI-P3).csv" --format CSV --output "c:\dreamcolor\cnd140bb8b_20220101015948\Data-CND140BB8B\cvt_Photos and Videos (DCI-P3).csv" --white 0.3127 0.329 --red 0.68 0.32 --green 0.265 0.69 --blue 0.15 0.06 --eotf PowerFunction 2.2 
01/01/2022 04:19:07 - 1300-1068 *****Delta E Values from file: c:\dreamcolor\cnd140bb8b_20220101015948\Data-CND140BB8B\cvt_Photos and Videos (DCI-P3).csv
01/01/2022 04:19:07 - 1300-1068 255,255,255=2.039370
01/01/2022 04:19:07 - 1300-1068 255,0,0=0.700747
01/01/2022 04:19:07 - 1300-1068 0,255,0=0.603904
01/01/2022 04:19:07 - 1300-1068 0,0,255=1.888786
01/01/2022 04:19:07 - 1300-1068 Main::Testing is Complete.
