[2020/07/29 09:48:51.922713][I][class_GFI20] Initial class_GFI20
[2020/07/29 09:48:51.926944][I][connectDUT] COM: COM20, BaudRate: 115200
[2020/07/29 09:48:51.928426][E][connectDUT] could not open port 'COM20': FileNotFoundError(2, '系統找不到指定的檔案。', None, 2)
[2020/07/29 09:48:52.429794][I][connectDUT] COM: COM20, BaudRate: 115200
[2020/07/29 09:48:52.434503][E][connectDUT] could not open port 'COM20': FileNotFoundError(2, '系統找不到指定的檔案。', None, 2)
[2020/07/29 09:48:52.937808][I][connectDUT] COM: COM20, BaudRate: 115200
[2020/07/29 09:48:52.939701][E][connectDUT] could not open port 'COM20': FileNotFoundError(2, '系統找不到指定的檔案。', None, 2)
[2020/07/29 09:48:53.443023][I][connectDUT] COM: COM20, BaudRate: 115200
[2020/07/29 09:48:53.446031][E][connectDUT] could not open port 'COM20': FileNotFoundError(2, '系統找不到指定的檔案。', None, 2)
[2020/07/29 09:48:53.947574][I][connectDUT] COM: COM20, BaudRate: 115200
[2020/07/29 09:48:53.950579][E][connectDUT] could not open port 'COM20': FileNotFoundError(2, '系統找不到指定的檔案。', None, 2)
[2020/07/29 09:48:53.951550][E][connectDUT] Retry 5 times Fail
[2020/07/29 09:48:53.953555][E][connectDUT] Unable to connect DUT
[2020/07/29 09:49:29.158871][I][class_GFI20] Initial class_GFI20
[2020/07/29 09:49:29.164863][I][connectDUT] COM: COM20, BaudRate: 115200
[2020/07/29 09:49:29.171061][I][connectDUT] Connect DUT success
[2020/07/29 09:49:29.176587][I][setScimitarMenu] Set Scimitar menu
[2020/07/29 09:49:29.378179][I][sendCOMCommand] DUT <= x
[2020/07/29 09:49:29.987567][W][sendCOMCommand] DUT => None
[2020/07/29 09:50:06.323321][I][disconnectDUT] Disconnect DUT success
[2020/07/29 09:51:53.804011][I][class_GFI20] Initial class_GFI20
[2020/07/29 09:51:53.809027][I][connectDUT] COM: COM20, BaudRate: 115200
[2020/07/29 09:51:53.813333][I][connectDUT] Connect DUT success
[2020/07/29 09:51:53.817370][I][setScimitarMenu] Set Scimitar menu
[2020/07/29 09:51:54.020111][I][sendCOMCommand] DUT <= x
[2020/07/29 09:51:54.126222][I][sendCOMCommand] Serial buffer size: 7
[2020/07/29 09:51:54.638931][I][sendCOMCommand] DUT => x
$>

[2020/07/29 09:51:54.640956][I][setScimitarMenu] Success
[2020/07/29 09:52:00.711246][I][setZigbee_Tx] ZIGBEE_2450 CH: 15, Tx PWR: 0 dBm
[2020/07/29 09:52:00.712287][I][setScimitarMenu] Set Scimitar menu
[2020/07/29 09:52:00.915829][I][sendCOMCommand] DUT <= x
[2020/07/29 09:52:01.022369][I][sendCOMCommand] Serial buffer size: 7
[2020/07/29 09:52:01.538032][I][sendCOMCommand] DUT => x
$>

[2020/07/29 09:52:01.543005][I][setScimitarMenu] Success
[2020/07/29 09:52:01.549030][I][setZigbeeMenu] Check Zigbee Menu
[2020/07/29 09:52:01.754705][I][sendCOMCommand] DUT <= 2
[2020/07/29 09:52:01.861658][I][sendCOMCommand] Serial buffer size: 22
[2020/07/29 09:52:02.373972][I][sendCOMCommand] DUT => 2
$2_Zigbee(EM357)>

[2020/07/29 09:52:02.378954][I][setZigbeeMenu] Success
[2020/07/29 09:52:02.380943][I][setZigbee_Tx] Set Diagnostics Menu
[2020/07/29 09:52:02.583847][I][sendCOMCommand] DUT <= d
[2020/07/29 09:52:02.690079][I][sendCOMCommand] Serial buffer size: 22
[2020/07/29 09:52:03.203993][I][sendCOMCommand] DUT => d
$2-d_Diagnostics>

[2020/07/29 09:52:03.209064][I][setZigbee_Tx] Success
[2020/07/29 09:52:03.214037][I][setZigbee_Tx] Set Channel Menu
[2020/07/29 09:52:03.417420][I][sendCOMCommand] DUT <= 2
[2020/07/29 09:52:03.523966][I][sendCOMCommand] Serial buffer size: 66
[2020/07/29 09:52:04.038808][I][sendCOMCommand] DUT => 2
$2-d-2_Set Channel (11 => 26) [0B - 1A by HEX]>
$PARAMETER?>

[2020/07/29 09:52:04.044823][I][setZigbee_Tx] Success
[2020/07/29 09:52:04.049876][I][setZigbee_Tx] Set Channel
[2020/07/29 09:52:04.256252][I][sendCOMCommand] DUT <= 0F
[2020/07/29 09:52:04.362038][I][sendCOMCommand] Serial buffer size: 53
[2020/07/29 09:52:04.873054][I][sendCOMCommand] DUT => Set Channel: 15 (0x0F)
$DONE_OK
$2-d_Diagnostics>

[2020/07/29 09:52:04.878983][I][setZigbee_Tx] Success
[2020/07/29 09:52:04.884592][I][setZigbee_Tx] Set PWR Menu
[2020/07/29 09:52:05.090230][I][sendCOMCommand] DUT <= 3
[2020/07/29 09:52:05.196984][I][sendCOMCommand] Serial buffer size: 79
[2020/07/29 09:52:05.711660][I][sendCOMCommand] DUT => 3
$2-d-3_Set Power (-32 => +8dBm, Step=1dB) [-2B - 08 by HEX]>
$PARAMETER?>

[2020/07/29 09:52:05.715278][I][setZigbee_Tx] Success
[2020/07/29 09:52:05.716797][I][setZigbee_Tx] Set Tx PWR
[2020/07/29 09:52:05.919378][I][sendCOMCommand] DUT <= 00
[2020/07/29 09:52:06.026267][I][sendCOMCommand] Serial buffer size: 50
[2020/07/29 09:52:06.541406][I][sendCOMCommand] DUT => Set Power: 0 (0x00)
$DONE_OK
$2-d_Diagnostics>

[2020/07/29 09:52:06.546419][I][setZigbee_Tx] Success
[2020/07/29 09:52:06.557442][I][setScimitarMenu] Set Scimitar menu
[2020/07/29 09:52:06.760370][I][sendCOMCommand] DUT <= x
[2020/07/29 09:52:06.864235][I][sendCOMCommand] Serial buffer size: 22
[2020/07/29 09:52:07.374237][I][sendCOMCommand] DUT => x
$2_Zigbee(EM357)>

[2020/07/29 09:52:07.580057][I][sendCOMCommand] DUT <= x
[2020/07/29 09:52:07.687673][I][sendCOMCommand] Serial buffer size: 7
[2020/07/29 09:52:08.203061][I][sendCOMCommand] DUT => x
$>

[2020/07/29 09:52:08.209041][I][setScimitarMenu] Success
[2020/07/29 09:52:08.211034][I][setZigbeeMenu] Check Zigbee Menu
[2020/07/29 09:52:08.414764][I][sendCOMCommand] DUT <= 2
[2020/07/29 09:52:08.519966][I][sendCOMCommand] Serial buffer size: 22
[2020/07/29 09:52:09.034468][I][sendCOMCommand] DUT => 2
$2_Zigbee(EM357)>

[2020/07/29 09:52:09.039430][I][setZigbeeMenu] Success
[2020/07/29 09:52:09.043114][I][setTxStart] Set Tx start
[2020/07/29 09:52:11.241424][I][setTxStop] Set Tx stop
[2020/07/29 09:52:11.444912][I][sendCOMCommand] DUT <= 5
[2020/07/29 09:52:11.550231][I][sendCOMCommand] Serial buffer size: 170
[2020/07/29 09:52:12.066386][I][sendCOMCommand] DUT => [mfglib]Send Packet(100 bytes)
[mfglib]Send Packet(100 bytes)
5
ZigBee send packet test end.
Total number of emberStatus errors:0
$[0]
$DONE_OK
$2_Zigbee(EM357)>

[2020/07/29 09:52:12.068394][I][setTxStop] Success
[2020/07/29 09:52:15.799151][I][setZigbee_Tx] ZIGBEE_2450 CH: 21, Tx PWR: 0 dBm
[2020/07/29 09:52:15.801193][I][setScimitarMenu] Set Scimitar menu
[2020/07/29 09:52:16.005250][I][sendCOMCommand] DUT <= x
[2020/07/29 09:52:16.112890][I][sendCOMCommand] Serial buffer size: 7
[2020/07/29 09:52:16.625438][I][sendCOMCommand] DUT => x
$>

[2020/07/29 09:52:16.630450][I][setScimitarMenu] Success
[2020/07/29 09:52:16.632461][I][setZigbeeMenu] Check Zigbee Menu
[2020/07/29 09:52:16.836548][I][sendCOMCommand] DUT <= 2
[2020/07/29 09:52:16.944501][I][sendCOMCommand] Serial buffer size: 22
[2020/07/29 09:52:17.455207][I][sendCOMCommand] DUT => 2
$2_Zigbee(EM357)>

[2020/07/29 09:52:17.458408][I][setZigbeeMenu] Success
[2020/07/29 09:52:17.460419][I][setZigbee_Tx] Set Diagnostics Menu
[2020/07/29 09:52:17.663889][I][sendCOMCommand] DUT <= d
[2020/07/29 09:52:17.771625][I][sendCOMCommand] Serial buffer size: 22
[2020/07/29 09:52:18.284649][I][sendCOMCommand] DUT => d
$2-d_Diagnostics>

[2020/07/29 09:52:18.287633][I][setZigbee_Tx] Success
[2020/07/29 09:52:18.288675][I][setZigbee_Tx] Set Channel Menu
[2020/07/29 09:52:18.491985][I][sendCOMCommand] DUT <= 2
[2020/07/29 09:52:18.599268][I][sendCOMCommand] Serial buffer size: 66
[2020/07/29 09:52:19.112044][I][sendCOMCommand] DUT => 2
$2-d-2_Set Channel (11 => 26) [0B - 1A by HEX]>
$PARAMETER?>

[2020/07/29 09:52:19.118013][I][setZigbee_Tx] Success
[2020/07/29 09:52:19.120868][I][setZigbee_Tx] Set Channel
[2020/07/29 09:52:19.324159][I][sendCOMCommand] DUT <= 15
[2020/07/29 09:52:19.431596][I][sendCOMCommand] Serial buffer size: 53
[2020/07/29 09:52:19.947186][I][sendCOMCommand] DUT => Set Channel: 21 (0x15)
$DONE_OK
$2-d_Diagnostics>

[2020/07/29 09:52:19.949223][I][setZigbee_Tx] Success
[2020/07/29 09:52:19.951232][I][setZigbee_Tx] Set PWR Menu
[2020/07/29 09:52:20.154630][I][sendCOMCommand] DUT <= 3
[2020/07/29 09:52:20.260580][I][sendCOMCommand] Serial buffer size: 79
[2020/07/29 09:52:20.771886][I][sendCOMCommand] DUT => 3
$2-d-3_Set Power (-32 => +8dBm, Step=1dB) [-2B - 08 by HEX]>
$PARAMETER?>

[2020/07/29 09:52:20.774627][I][setZigbee_Tx] Success
[2020/07/29 09:52:20.776454][I][setZigbee_Tx] Set Tx PWR
[2020/07/29 09:52:20.979648][I][sendCOMCommand] DUT <= 00
[2020/07/29 09:52:21.087369][I][sendCOMCommand] Serial buffer size: 50
[2020/07/29 09:52:21.601052][I][sendCOMCommand] DUT => Set Power: 0 (0x00)
$DONE_OK
$2-d_Diagnostics>

[2020/07/29 09:52:21.603357][I][setZigbee_Tx] Success
[2020/07/29 09:52:21.614928][I][setScimitarMenu] Set Scimitar menu
[2020/07/29 09:52:21.819401][I][sendCOMCommand] DUT <= x
[2020/07/29 09:52:21.926688][I][sendCOMCommand] Serial buffer size: 22
[2020/07/29 09:52:22.441599][I][sendCOMCommand] DUT => x
$2_Zigbee(EM357)>

[2020/07/29 09:52:22.648537][I][sendCOMCommand] DUT <= x
[2020/07/29 09:52:22.756039][I][sendCOMCommand] Serial buffer size: 7
[2020/07/29 09:52:23.268032][I][sendCOMCommand] DUT => x
$>

[2020/07/29 09:52:23.270040][I][setScimitarMenu] Success
[2020/07/29 09:52:23.272012][I][setZigbeeMenu] Check Zigbee Menu
[2020/07/29 09:52:23.474693][I][sendCOMCommand] DUT <= 2
[2020/07/29 09:52:23.583115][I][sendCOMCommand] Serial buffer size: 22
[2020/07/29 09:52:24.098702][I][sendCOMCommand] DUT => 2
$2_Zigbee(EM357)>

[2020/07/29 09:52:24.100988][I][setZigbeeMenu] Success
[2020/07/29 09:52:24.101998][I][setTxStart] Set Tx start
[2020/07/29 09:52:26.242263][I][setTxStop] Set Tx stop
[2020/07/29 09:52:26.445750][I][sendCOMCommand] DUT <= 5
[2020/07/29 09:52:26.552743][I][sendCOMCommand] Serial buffer size: 170
[2020/07/29 09:52:27.068425][I][sendCOMCommand] DUT => [mfglib]Send Packet(100 bytes)
[mfglib]Send Packet(100 bytes)
5
ZigBee send packet test end.
Total number of emberStatus errors:0
$[0]
$DONE_OK
$2_Zigbee(EM357)>

[2020/07/29 09:52:27.071774][I][setTxStop] Success
[2020/07/29 09:52:27.100854][I][setZigbee_Tx] ZIGBEE_2450 CH: 21, Tx PWR: -1 dBm
[2020/07/29 09:52:27.102859][I][setScimitarMenu] Set Scimitar menu
[2020/07/29 09:52:27.306185][I][sendCOMCommand] DUT <= x
[2020/07/29 09:52:27.413628][I][sendCOMCommand] Serial buffer size: 7
[2020/07/29 09:52:27.926563][I][sendCOMCommand] DUT => x
$>

[2020/07/29 09:52:27.932564][I][setScimitarMenu] Success
[2020/07/29 09:52:27.934571][I][setZigbeeMenu] Check Zigbee Menu
[2020/07/29 09:52:28.138816][I][sendCOMCommand] DUT <= 2
[2020/07/29 09:52:28.246921][I][sendCOMCommand] Serial buffer size: 22
[2020/07/29 09:52:28.763353][I][sendCOMCommand] DUT => 2
$2_Zigbee(EM357)>

[2020/07/29 09:52:28.769469][I][setZigbeeMenu] Success
[2020/07/29 09:52:28.771323][I][setZigbee_Tx] Set Diagnostics Menu
[2020/07/29 09:52:28.974872][I][sendCOMCommand] DUT <= d
[2020/07/29 09:52:29.082567][I][sendCOMCommand] Serial buffer size: 22
[2020/07/29 09:52:29.595411][I][sendCOMCommand] DUT => d
$2-d_Diagnostics>

[2020/07/29 09:52:29.600399][I][setZigbee_Tx] Success
[2020/07/29 09:52:29.604215][I][setZigbee_Tx] Set Channel Menu
[2020/07/29 09:52:29.807260][I][sendCOMCommand] DUT <= 2
[2020/07/29 09:52:29.914611][I][sendCOMCommand] Serial buffer size: 66
[2020/07/29 09:52:30.428875][I][sendCOMCommand] DUT => 2
$2-d-2_Set Channel (11 => 26) [0B - 1A by HEX]>
$PARAMETER?>

[2020/07/29 09:52:30.434887][I][setZigbee_Tx] Success
[2020/07/29 09:52:30.437890][I][setZigbee_Tx] Set Channel
[2020/07/29 09:52:30.641167][I][sendCOMCommand] DUT <= 15
[2020/07/29 09:52:30.748110][I][sendCOMCommand] Serial buffer size: 53
[2020/07/29 09:52:31.267500][I][sendCOMCommand] DUT => Set Channel: 21 (0x15)
$DONE_OK
$2-d_Diagnostics>

[2020/07/29 09:52:31.272557][I][setZigbee_Tx] Success
[2020/07/29 09:52:31.275516][I][setZigbee_Tx] Set PWR Menu
[2020/07/29 09:52:31.480151][I][sendCOMCommand] DUT <= 3
[2020/07/29 09:52:31.587740][I][sendCOMCommand] Serial buffer size: 79
[2020/07/29 09:52:32.103578][I][sendCOMCommand] DUT => 3
$2-d-3_Set Power (-32 => +8dBm, Step=1dB) [-2B - 08 by HEX]>
$PARAMETER?>

[2020/07/29 09:52:32.111657][I][setZigbee_Tx] Success
[2020/07/29 09:52:32.117675][I][setZigbee_Tx] Set Tx PWR
[2020/07/29 09:52:32.324402][I][sendCOMCommand] DUT <= FF
[2020/07/29 09:52:32.429926][I][sendCOMCommand] Serial buffer size: 57
[2020/07/29 09:52:32.944837][I][sendCOMCommand] DUT => Set Power: -1 (0xFFFFFFFF)
$DONE_OK
$2-d_Diagnostics>

[2020/07/29 09:52:32.953817][I][setZigbee_Tx] Success
[2020/07/29 09:52:32.976771][I][setScimitarMenu] Set Scimitar menu
[2020/07/29 09:52:33.180610][I][sendCOMCommand] DUT <= x
[2020/07/29 09:52:33.286324][I][sendCOMCommand] Serial buffer size: 22
[2020/07/29 09:52:33.798368][I][sendCOMCommand] DUT => x
$2_Zigbee(EM357)>

[2020/07/29 09:52:34.005470][I][sendCOMCommand] DUT <= x
[2020/07/29 09:52:34.112733][I][sendCOMCommand] Serial buffer size: 7
[2020/07/29 09:52:34.630748][I][sendCOMCommand] DUT => x
$>

[2020/07/29 09:52:34.636765][I][setScimitarMenu] Success
[2020/07/29 09:52:34.639763][I][setZigbeeMenu] Check Zigbee Menu
[2020/07/29 09:52:34.843313][I][sendCOMCommand] DUT <= 2
[2020/07/29 09:52:34.950439][I][sendCOMCommand] Serial buffer size: 22
[2020/07/29 09:52:35.464137][I][sendCOMCommand] DUT => 2
$2_Zigbee(EM357)>

[2020/07/29 09:52:35.470154][I][setZigbeeMenu] Success
[2020/07/29 09:52:35.473477][I][setTxStart] Set Tx start
[2020/07/29 09:52:37.588879][I][setTxStop] Set Tx stop
[2020/07/29 09:52:37.792887][I][sendCOMCommand] DUT <= 5
[2020/07/29 09:52:37.900072][I][sendCOMCommand] Serial buffer size: 151
[2020/07/29 09:52:38.003627][W][sendCOMCommand] Buffer not empty!!!
[2020/07/29 09:52:38.009653][I][sendCOMCommand] Serial buffer size: 19
[2020/07/29 09:52:38.524505][I][sendCOMCommand] DUT => [mfglib]Send Packet(100 bytes)
[mfglib]Send Packet(100 bytes)
5
ZigBee send packet test end.
Total number of emberStatus errors:0
$[0]
$DONE_OK
$2_Zigbee(EM357)>

[2020/07/29 09:52:38.529553][I][setTxStop] Success
[2020/07/29 09:52:42.291663][I][setZigbee_Tx] ZIGBEE_2450 CH: 24, Tx PWR: 0 dBm
[2020/07/29 09:52:42.292668][I][setScimitarMenu] Set Scimitar menu
[2020/07/29 09:52:42.497169][I][sendCOMCommand] DUT <= x
[2020/07/29 09:52:42.604762][I][sendCOMCommand] Serial buffer size: 5
[2020/07/29 09:52:43.114762][I][sendCOMCommand] DUT => x
$>

[2020/07/29 09:52:43.118829][I][setScimitarMenu] Success
[2020/07/29 09:52:43.123797][I][setZigbeeMenu] Check Zigbee Menu
[2020/07/29 09:52:43.328970][I][sendCOMCommand] DUT <= 2
[2020/07/29 09:52:43.436784][I][sendCOMCommand] Serial buffer size: 22
[2020/07/29 09:52:43.952649][I][sendCOMCommand] DUT => 2
$2_Zigbee(EM357)>

[2020/07/29 09:52:43.958616][I][setZigbeeMenu] Success
[2020/07/29 09:52:43.961529][I][setZigbee_Tx] Set Diagnostics Menu
[2020/07/29 09:52:44.164692][I][sendCOMCommand] DUT <= d
[2020/07/29 09:52:44.272016][I][sendCOMCommand] Serial buffer size: 22
[2020/07/29 09:52:44.789818][I][sendCOMCommand] DUT => d
$2-d_Diagnostics>

[2020/07/29 09:52:44.798841][I][setZigbee_Tx] Success
[2020/07/29 09:52:44.804927][I][setZigbee_Tx] Set Channel Menu
[2020/07/29 09:52:45.010669][I][sendCOMCommand] DUT <= 2
[2020/07/29 09:52:45.119198][I][sendCOMCommand] Serial buffer size: 66
[2020/07/29 09:52:45.632851][I][sendCOMCommand] DUT => 2
$2-d-2_Set Channel (11 => 26) [0B - 1A by HEX]>
$PARAMETER?>

[2020/07/29 09:52:45.638854][I][setZigbee_Tx] Success
[2020/07/29 09:52:45.640862][I][setZigbee_Tx] Set Channel
[2020/07/29 09:52:45.844971][I][sendCOMCommand] DUT <= 18
[2020/07/29 09:52:45.950378][I][sendCOMCommand] Serial buffer size: 53
[2020/07/29 09:52:46.463141][I][sendCOMCommand] DUT => Set Channel: 24 (0x18)
$DONE_OK
$2-d_Diagnostics>

[2020/07/29 09:52:46.466094][I][setZigbee_Tx] Success
[2020/07/29 09:52:46.467136][I][setZigbee_Tx] Set PWR Menu
[2020/07/29 09:52:46.670970][I][sendCOMCommand] DUT <= 3
[2020/07/29 09:52:46.778670][I][sendCOMCommand] Serial buffer size: 79
[2020/07/29 09:52:47.291879][I][sendCOMCommand] DUT => 3
$2-d-3_Set Power (-32 => +8dBm, Step=1dB) [-2B - 08 by HEX]>
$PARAMETER?>

[2020/07/29 09:52:47.294299][I][setZigbee_Tx] Success
[2020/07/29 09:52:47.295306][I][setZigbee_Tx] Set Tx PWR
[2020/07/29 09:52:47.499540][I][sendCOMCommand] DUT <= 00
[2020/07/29 09:52:47.607144][I][sendCOMCommand] Serial buffer size: 50
[2020/07/29 09:52:48.124303][I][sendCOMCommand] DUT => Set Power: 0 (0x00)
$DONE_OK
$2-d_Diagnostics>

[2020/07/29 09:52:48.131358][I][setZigbee_Tx] Success
[2020/07/29 09:52:48.141904][I][setScimitarMenu] Set Scimitar menu
[2020/07/29 09:52:48.344922][I][sendCOMCommand] DUT <= x
[2020/07/29 09:52:48.453048][I][sendCOMCommand] Serial buffer size: 22
[2020/07/29 09:52:48.970539][I][sendCOMCommand] DUT => x
$2_Zigbee(EM357)>

[2020/07/29 09:52:49.179900][I][sendCOMCommand] DUT <= x
[2020/07/29 09:52:49.287827][I][sendCOMCommand] Serial buffer size: 7
[2020/07/29 09:52:49.799472][I][sendCOMCommand] DUT => x
$>

[2020/07/29 09:52:49.808800][I][setScimitarMenu] Success
[2020/07/29 09:52:49.814833][I][setZigbeeMenu] Check Zigbee Menu
[2020/07/29 09:52:50.021199][I][sendCOMCommand] DUT <= 2
[2020/07/29 09:52:50.129236][I][sendCOMCommand] Serial buffer size: 22
[2020/07/29 09:52:50.644333][I][sendCOMCommand] DUT => 2
$2_Zigbee(EM357)>

[2020/07/29 09:52:50.650292][I][setZigbeeMenu] Success
[2020/07/29 09:52:50.652323][I][setTxStart] Set Tx start
[2020/07/29 09:52:52.910683][I][setTxStop] Set Tx stop
[2020/07/29 09:52:53.113632][I][sendCOMCommand] DUT <= 5
[2020/07/29 09:52:53.220931][I][sendCOMCommand] Serial buffer size: 170
[2020/07/29 09:52:53.734077][I][sendCOMCommand] DUT => [mfglib]Send Packet(100 bytes)
[mfglib]Send Packet(100 bytes)
5
ZigBee send packet test end.
Total number of emberStatus errors:0
$[0]
$DONE_OK
$2_Zigbee(EM357)>

[2020/07/29 09:52:53.737118][I][setTxStop] Success
[2020/07/29 09:52:53.766806][I][setZigbee_Tx] ZIGBEE_2450 CH: 24, Tx PWR: -2 dBm
[2020/07/29 09:52:53.769780][I][setScimitarMenu] Set Scimitar menu
[2020/07/29 09:52:53.972979][I][sendCOMCommand] DUT <= x
[2020/07/29 09:52:54.080773][I][sendCOMCommand] Serial buffer size: 7
[2020/07/29 09:52:54.594937][I][sendCOMCommand] DUT => x
$>

[2020/07/29 09:52:54.596946][I][setScimitarMenu] Success
[2020/07/29 09:52:54.598951][I][setZigbeeMenu] Check Zigbee Menu
[2020/07/29 09:52:54.802819][I][sendCOMCommand] DUT <= 2
[2020/07/29 09:52:54.909603][I][sendCOMCommand] Serial buffer size: 22
[2020/07/29 09:52:55.418495][I][sendCOMCommand] DUT => 2
$2_Zigbee(EM357)>

[2020/07/29 09:52:55.420496][I][setZigbeeMenu] Success
[2020/07/29 09:52:55.424877][I][setZigbee_Tx] Set Diagnostics Menu
[2020/07/29 09:52:55.628458][I][sendCOMCommand] DUT <= d
[2020/07/29 09:52:55.736103][I][sendCOMCommand] Serial buffer size: 22
[2020/07/29 09:52:56.253739][I][sendCOMCommand] DUT => d
$2-d_Diagnostics>

[2020/07/29 09:52:56.259000][I][setZigbee_Tx] Success
[2020/07/29 09:52:56.262505][I][setZigbee_Tx] Set Channel Menu
[2020/07/29 09:52:56.465600][I][sendCOMCommand] DUT <= 2
[2020/07/29 09:52:56.572874][I][sendCOMCommand] Serial buffer size: 66
[2020/07/29 09:52:57.084421][I][sendCOMCommand] DUT => 2
$2-d-2_Set Channel (11 => 26) [0B - 1A by HEX]>
$PARAMETER?>

[2020/07/29 09:52:57.087339][I][setZigbee_Tx] Success
[2020/07/29 09:52:57.088361][I][setZigbee_Tx] Set Channel
[2020/07/29 09:52:57.292164][I][sendCOMCommand] DUT <= 18
[2020/07/29 09:52:57.400714][I][sendCOMCommand] Serial buffer size: 53
[2020/07/29 09:52:57.912206][I][sendCOMCommand] DUT => Set Channel: 24 (0x18)
$DONE_OK
$2-d_Diagnostics>

[2020/07/29 09:52:57.914850][I][setZigbee_Tx] Success
[2020/07/29 09:52:57.915857][I][setZigbee_Tx] Set PWR Menu
[2020/07/29 09:52:58.120065][I][sendCOMCommand] DUT <= 3
[2020/07/29 09:52:58.225194][I][sendCOMCommand] Serial buffer size: 79
[2020/07/29 09:52:58.740071][I][sendCOMCommand] DUT => 3
$2-d-3_Set Power (-32 => +8dBm, Step=1dB) [-2B - 08 by HEX]>
$PARAMETER?>

[2020/07/29 09:52:58.746210][I][setZigbee_Tx] Success
[2020/07/29 09:52:58.749085][I][setZigbee_Tx] Set Tx PWR
[2020/07/29 09:52:58.951993][I][sendCOMCommand] DUT <= FE
[2020/07/29 09:52:59.059088][I][sendCOMCommand] Serial buffer size: 57
[2020/07/29 09:52:59.571299][I][sendCOMCommand] DUT => Set Power: -2 (0xFFFFFFFE)
$DONE_OK
$2-d_Diagnostics>

[2020/07/29 09:52:59.574110][I][setZigbee_Tx] Success
[2020/07/29 09:52:59.584064][I][setScimitarMenu] Set Scimitar menu
[2020/07/29 09:52:59.786862][I][sendCOMCommand] DUT <= x
[2020/07/29 09:52:59.895035][I][sendCOMCommand] Serial buffer size: 22
[2020/07/29 09:53:00.409575][I][sendCOMCommand] DUT => x
$2_Zigbee(EM357)>

[2020/07/29 09:53:00.618174][I][sendCOMCommand] DUT <= x
[2020/07/29 09:53:00.726061][I][sendCOMCommand] Serial buffer size: 7
[2020/07/29 09:53:01.240334][I][sendCOMCommand] DUT => x
$>

[2020/07/29 09:53:01.242967][I][setScimitarMenu] Success
[2020/07/29 09:53:01.244975][I][setZigbeeMenu] Check Zigbee Menu
[2020/07/29 09:53:01.447571][I][sendCOMCommand] DUT <= 2
[2020/07/29 09:53:01.554359][I][sendCOMCommand] Serial buffer size: 22
[2020/07/29 09:53:02.066981][I][sendCOMCommand] DUT => 2
$2_Zigbee(EM357)>

[2020/07/29 09:53:02.072948][I][setZigbeeMenu] Success
[2020/07/29 09:53:02.075955][I][setTxStart] Set Tx start
[2020/07/29 09:53:04.307760][I][setTxStop] Set Tx stop
[2020/07/29 09:53:04.511648][I][sendCOMCommand] DUT <= 5
[2020/07/29 09:53:04.619082][I][sendCOMCommand] Serial buffer size: 170
[2020/07/29 09:53:05.136210][I][sendCOMCommand] DUT => [mfglib]Send Packet(100 bytes)
[mfglib]Send Packet(100 bytes)
5
ZigBee send packet test end.
Total number of emberStatus errors:0
$[0]
$DONE_OK
$2_Zigbee(EM357)>

[2020/07/29 09:53:05.142177][I][setTxStop] Success
[2020/07/29 09:53:06.503555][I][setZigbee_Rx] ZIGBEE_2450 CH: 19
[2020/07/29 09:53:06.505912][I][setScimitarMenu] Set Scimitar menu
[2020/07/29 09:53:06.708950][I][sendCOMCommand] DUT <= x
[2020/07/29 09:53:06.814063][I][sendCOMCommand] Serial buffer size: 7
[2020/07/29 09:53:07.325589][I][sendCOMCommand] DUT => x
$>

[2020/07/29 09:53:07.331617][I][setScimitarMenu] Success
[2020/07/29 09:53:07.337627][I][setZigbeeMenu] Check Zigbee Menu
[2020/07/29 09:53:07.541857][I][sendCOMCommand] DUT <= 2
[2020/07/29 09:53:07.648475][I][sendCOMCommand] Serial buffer size: 22
[2020/07/29 09:53:08.164755][I][sendCOMCommand] DUT => 2
$2_Zigbee(EM357)>

[2020/07/29 09:53:08.170805][I][setZigbeeMenu] Success
[2020/07/29 09:53:08.173768][I][setZigbee_Rx] Set Diagnostics Menu
[2020/07/29 09:53:08.377251][I][sendCOMCommand] DUT <= d
[2020/07/29 09:53:08.484770][I][sendCOMCommand] Serial buffer size: 22
[2020/07/29 09:53:09.000119][I][sendCOMCommand] DUT => d
$2-d_Diagnostics>

[2020/07/29 09:53:09.002990][I][setZigbee_Rx] Success
[2020/07/29 09:53:09.005095][I][setZigbee_Rx] Set Channel Menu
[2020/07/29 09:53:09.208606][I][sendCOMCommand] DUT <= 2
[2020/07/29 09:53:09.316405][I][sendCOMCommand] Serial buffer size: 66
[2020/07/29 09:53:09.830530][I][sendCOMCommand] DUT => 2
$2-d-2_Set Channel (11 => 26) [0B - 1A by HEX]>
$PARAMETER?>

[2020/07/29 09:53:09.837595][I][setZigbee_Rx] Success
[2020/07/29 09:53:09.839619][I][setZigbee_Rx] Set Channel
[2020/07/29 09:53:10.043394][I][sendCOMCommand] DUT <= 13
[2020/07/29 09:53:10.150829][I][sendCOMCommand] Serial buffer size: 53
[2020/07/29 09:53:10.664749][I][sendCOMCommand] DUT => Set Channel: 19 (0x13)
$DONE_OK
$2-d_Diagnostics>

[2020/07/29 09:53:10.670746][I][setZigbee_Rx] Success
[2020/07/29 09:53:10.677264][I][setZigbeeLNAMode] LNA Mode: 1
[2020/07/29 09:53:10.679272][I][setScimitarMenu] Set Scimitar menu
[2020/07/29 09:53:10.882659][I][sendCOMCommand] DUT <= x
[2020/07/29 09:53:10.991257][I][sendCOMCommand] Serial buffer size: 22
[2020/07/29 09:53:11.505500][I][sendCOMCommand] DUT => x
$2_Zigbee(EM357)>

[2020/07/29 09:53:11.712537][I][sendCOMCommand] DUT <= x
[2020/07/29 09:53:11.821512][I][sendCOMCommand] Serial buffer size: 7
[2020/07/29 09:53:12.335977][I][sendCOMCommand] DUT => x
$>

[2020/07/29 09:53:12.342041][I][setScimitarMenu] Success
[2020/07/29 09:53:12.344004][I][setZigbeeMenu] Check Zigbee Menu
[2020/07/29 09:53:12.548047][I][sendCOMCommand] DUT <= 2
[2020/07/29 09:53:12.655239][I][sendCOMCommand] Serial buffer size: 22
[2020/07/29 09:53:13.167024][I][sendCOMCommand] DUT => 2
$2_Zigbee(EM357)>

[2020/07/29 09:53:13.172991][I][setZigbeeMenu] Success
[2020/07/29 09:53:13.175998][I][setZigbeeLNAMode] Set GPIO Write Menu
[2020/07/29 09:53:13.379224][I][sendCOMCommand] DUT <= 3
[2020/07/29 09:53:13.486898][I][sendCOMCommand] Serial buffer size: 28
[2020/07/29 09:53:13.999584][I][sendCOMCommand] DUT => 3
$2-3_ZigBee GPIO Write>

[2020/07/29 09:53:14.005551][I][setZigbeeLNAMode] Success
[2020/07/29 09:53:14.008560][I][setZigbeeLNAMode] Set LNA Mode
[2020/07/29 09:53:14.211471][I][sendCOMCommand] DUT <= 3
[2020/07/29 09:53:14.317106][I][sendCOMCommand] Serial buffer size: 106
[2020/07/29 09:53:14.832970][I][sendCOMCommand] DUT => 3
[EZSP]Setting GPIO was successful. (portPin=3, cfg=1, out=0)
$[0]
$DONE_OK
$2-3_ZigBee GPIO Write>

[2020/07/29 09:53:15.036905][I][sendCOMCommand] DUT <= 3
[2020/07/29 09:53:15.145200][I][sendCOMCommand] Serial buffer size: 106
[2020/07/29 09:53:15.660044][I][sendCOMCommand] DUT => 3
[EZSP]Setting GPIO was successful. (portPin=3, cfg=1, out=1)
$[1]
$DONE_OK
$2-3_ZigBee GPIO Write>

[2020/07/29 09:53:15.665107][I][setZigbeeLNAMode] Success
[2020/07/29 09:53:16.682994][I][getRxResult] Get Rx Result
[2020/07/29 09:53:16.689017][I][setScimitarMenu] Set Scimitar menu
[2020/07/29 09:53:16.892813][I][sendCOMCommand] DUT <= x
[2020/07/29 09:53:16.998493][I][sendCOMCommand] Serial buffer size: 22
[2020/07/29 09:53:17.514326][I][sendCOMCommand] DUT => x
$2_Zigbee(EM357)>

[2020/07/29 09:53:17.721661][I][sendCOMCommand] DUT <= x
[2020/07/29 09:53:17.829209][I][sendCOMCommand] Serial buffer size: 7
[2020/07/29 09:53:18.341571][I][sendCOMCommand] DUT => x
$>

[2020/07/29 09:53:18.344311][I][setScimitarMenu] Success
[2020/07/29 09:53:18.345993][I][setZigbeeMenu] Check Zigbee Menu
[2020/07/29 09:53:18.549496][I][sendCOMCommand] DUT <= 2
[2020/07/29 09:53:18.657704][I][sendCOMCommand] Serial buffer size: 22
[2020/07/29 09:53:19.170564][I][sendCOMCommand] DUT => 2
$2_Zigbee(EM357)>

[2020/07/29 09:53:19.173534][I][setZigbeeMenu] Success
[2020/07/29 09:53:19.376418][I][sendCOMCommand] DUT <= b
[2020/07/29 09:53:19.480664][I][sendCOMCommand] Serial buffer size: 32
[2020/07/29 09:53:19.586040][W][sendCOMCommand] Buffer not empty!!!
[2020/07/29 09:53:19.592103][I][sendCOMCommand] Serial buffer size: 62
[2020/07/29 09:53:19.695171][W][sendCOMCommand] Buffer not empty!!!
[2020/07/29 09:53:19.699190][I][sendCOMCommand] Serial buffer size: 183
[2020/07/29 09:53:20.214052][I][sendCOMCommand] DUT => b
ZigBee get Rssi test start.
Start Scan ... (Channel: 19 (0x13) duration:2 mask:00080000)
Channel: 19 (0x13), Rssi:-15
Total OK!    OOO   K  K   !
            O   O  K K    !
            O   O  KK     !
            O   O  K K     
             OOO   K  Kk  !
$[-15]

[2020/07/29 09:53:20.293566][I][setZigbee_Rx] ZIGBEE_2450 CH: 19
[2020/07/29 09:53:20.296576][I][setScimitarMenu] Set Scimitar menu
[2020/07/29 09:53:20.500153][I][sendCOMCommand] DUT <= x
[2020/07/29 09:53:20.609553][I][sendCOMCommand] Serial buffer size: 36
[2020/07/29 09:53:21.126490][I][sendCOMCommand] DUT => $DONE_OK
$2_Zigbee(EM357)>
x
$>

[2020/07/29 09:53:21.132869][I][setScimitarMenu] Success
[2020/07/29 09:53:21.133879][I][setZigbeeMenu] Check Zigbee Menu
[2020/07/29 09:53:21.337998][I][sendCOMCommand] DUT <= 2
[2020/07/29 09:53:21.445214][I][sendCOMCommand] Serial buffer size: 22
[2020/07/29 09:53:21.954712][I][sendCOMCommand] DUT => 2
$2_Zigbee(EM357)>

[2020/07/29 09:53:21.956707][I][setZigbeeMenu] Success
[2020/07/29 09:53:21.958706][I][setZigbee_Rx] Set Diagnostics Menu
[2020/07/29 09:53:22.162511][I][sendCOMCommand] DUT <= d
[2020/07/29 09:53:22.270238][I][sendCOMCommand] Serial buffer size: 22
[2020/07/29 09:53:22.784410][I][sendCOMCommand] DUT => d
$2-d_Diagnostics>

[2020/07/29 09:53:22.790432][I][setZigbee_Rx] Success
[2020/07/29 09:53:22.792928][I][setZigbee_Rx] Set Channel Menu
[2020/07/29 09:53:22.995206][I][sendCOMCommand] DUT <= 2
[2020/07/29 09:53:23.104921][I][sendCOMCommand] Serial buffer size: 66
[2020/07/29 09:53:23.618980][I][sendCOMCommand] DUT => 2
$2-d-2_Set Channel (11 => 26) [0B - 1A by HEX]>
$PARAMETER?>

[2020/07/29 09:53:23.626984][I][setZigbee_Rx] Success
[2020/07/29 09:53:23.628953][I][setZigbee_Rx] Set Channel
[2020/07/29 09:53:23.832809][I][sendCOMCommand] DUT <= 13
[2020/07/29 09:53:23.941897][I][sendCOMCommand] Serial buffer size: 53
[2020/07/29 09:53:24.454763][I][sendCOMCommand] DUT => Set Channel: 19 (0x13)
$DONE_OK
$2-d_Diagnostics>

[2020/07/29 09:53:24.457815][I][setZigbee_Rx] Success
[2020/07/29 09:53:24.465797][I][setZigbeeLNAMode] LNA Mode: 0
[2020/07/29 09:53:24.468804][I][setScimitarMenu] Set Scimitar menu
[2020/07/29 09:53:24.673893][I][sendCOMCommand] DUT <= x
[2020/07/29 09:53:24.781519][I][sendCOMCommand] Serial buffer size: 22
[2020/07/29 09:53:25.297557][I][sendCOMCommand] DUT => x
$2_Zigbee(EM357)>

[2020/07/29 09:53:25.505162][I][sendCOMCommand] DUT <= x
[2020/07/29 09:53:25.612816][I][sendCOMCommand] Serial buffer size: 7
[2020/07/29 09:53:26.126489][I][sendCOMCommand] DUT => x
$>

[2020/07/29 09:53:26.132447][I][setScimitarMenu] Success
[2020/07/29 09:53:26.135395][I][setZigbeeMenu] Check Zigbee Menu
[2020/07/29 09:53:26.338978][I][sendCOMCommand] DUT <= 2
[2020/07/29 09:53:26.446202][I][sendCOMCommand] Serial buffer size: 22
[2020/07/29 09:53:26.958276][I][sendCOMCommand] DUT => 2
$2_Zigbee(EM357)>

[2020/07/29 09:53:26.960316][I][setZigbeeMenu] Success
[2020/07/29 09:53:26.963293][I][setZigbeeLNAMode] Set GPIO Write Menu
[2020/07/29 09:53:27.166994][I][sendCOMCommand] DUT <= 3
[2020/07/29 09:53:27.272708][I][sendCOMCommand] Serial buffer size: 28
[2020/07/29 09:53:27.789071][I][sendCOMCommand] DUT => 3
$2-3_ZigBee GPIO Write>

[2020/07/29 09:53:27.794255][I][setZigbeeLNAMode] Success
[2020/07/29 09:53:27.797104][I][setZigbeeLNAMode] Set LNA Mode
[2020/07/29 09:53:27.999799][I][sendCOMCommand] DUT <= 3
[2020/07/29 09:53:28.106834][I][sendCOMCommand] Serial buffer size: 106
[2020/07/29 09:53:28.619563][I][sendCOMCommand] DUT => 3
[EZSP]Setting GPIO was successful. (portPin=3, cfg=1, out=0)
$[0]
$DONE_OK
$2-3_ZigBee GPIO Write>

[2020/07/29 09:53:28.625604][I][setZigbeeLNAMode] Success
[2020/07/29 09:53:29.642532][I][getRxResult] Get Rx Result
[2020/07/29 09:53:29.649547][I][setScimitarMenu] Set Scimitar menu
[2020/07/29 09:53:29.852827][I][sendCOMCommand] DUT <= x
[2020/07/29 09:53:29.958637][I][sendCOMCommand] Serial buffer size: 3
[2020/07/29 09:53:30.062567][W][sendCOMCommand] Buffer not empty!!!
[2020/07/29 09:53:30.072541][I][sendCOMCommand] Serial buffer size: 19
[2020/07/29 09:53:30.586523][I][sendCOMCommand] DUT => x
$2_Zigbee(EM357)>

[2020/07/29 09:53:30.791090][I][sendCOMCommand] DUT <= x
[2020/07/29 09:53:30.898549][I][sendCOMCommand] Serial buffer size: 7
[2020/07/29 09:53:31.415631][I][sendCOMCommand] DUT => x
$>

[2020/07/29 09:53:31.421651][I][setScimitarMenu] Success
[2020/07/29 09:53:31.424467][I][setZigbeeMenu] Check Zigbee Menu
[2020/07/29 09:53:31.627750][I][sendCOMCommand] DUT <= 2
[2020/07/29 09:53:31.733129][I][sendCOMCommand] Serial buffer size: 22
[2020/07/29 09:53:32.246668][I][sendCOMCommand] DUT => 2
$2_Zigbee(EM357)>

[2020/07/29 09:53:32.248654][I][setZigbeeMenu] Success
[2020/07/29 09:53:32.455742][I][sendCOMCommand] DUT <= b
[2020/07/29 09:53:32.561307][I][sendCOMCommand] Serial buffer size: 94
[2020/07/29 09:53:32.668813][W][sendCOMCommand] Buffer not empty!!!
[2020/07/29 09:53:32.672813][I][sendCOMCommand] Serial buffer size: 115
[2020/07/29 09:53:32.777096][W][sendCOMCommand] Buffer not empty!!!
[2020/07/29 09:53:32.785066][I][sendCOMCommand] Serial buffer size: 39
[2020/07/29 09:53:33.094445][W][sendCOMCommand] Buffer not empty!!!
[2020/07/29 09:53:33.098435][I][sendCOMCommand] Serial buffer size: 10
[2020/07/29 09:53:33.203034][W][sendCOMCommand] Buffer not empty!!!
[2020/07/29 09:53:33.209093][I][sendCOMCommand] Serial buffer size: 19
[2020/07/29 09:53:33.722972][I][sendCOMCommand] DUT => b
ZigBee get Rssi test start.
Start Scan ... (Channel: 19 (0x13) duration:2 mask:00080000)
Channel: 19 (0x13), Rssi:-28
Total OK!    OOO   K  K   !
            O   O  K K    !
            O   O  KK     !
            O   O  K K     
             OOO   K  Kk  !
$[-28]
$DONE_OK
$2_Zigbee(EM357)>

[2020/07/29 09:53:33.955239][I][disconnectDUT] Disconnect DUT success
