[2020/07/29 09:53:54.067297]========== Start ==========
[2020/07/29 09:53:54.069301][I][class_E6640A_LTE] Initial class_E6640A_LTE
[2020/07/29 09:53:54.070304][I][class_E6640A_LTE] Version: 3.0.0.3
[2020/07/29 09:53:54.078325][I][connect_E6640A] Connect to E6640A
[2020/07/29 09:53:54.090357][I][connect_E6640A] Resource Manager of Visa Library at C:\Windows\system32\visa64.dll
[2020/07/29 09:53:54.144502][I][queryEx] E6640A <= *IDN?
[2020/07/29 09:53:54.150519][I][queryEx] E6640A => Keysight Technologies,E6640A,MY57150246,E.19.71
[2020/07/29 09:53:54.152523][I][set_Preset] System reset
[2020/07/29 09:53:54.157537][I][writeEx] E6640A <= *RST
[2020/07/29 09:53:54.159541][I][writeEx] E6640A <= *CLS
[2020/07/29 09:53:54.162550][I][writeEx] E6640A <= SYST:PRES
[2020/07/29 09:53:54.465354][I][queryEx] E6640A <= *OPC?
[2020/07/29 09:53:55.260031][I][queryEx] E6640A => 1
[2020/07/29 09:53:55.267049][I][set_Preset] System reset
[2020/07/29 09:53:55.269054][I][writeEx] E6640A <= *RST
[2020/07/29 09:53:55.273066][I][writeEx] E6640A <= *CLS
[2020/07/29 09:53:55.275071][I][writeEx] E6640A <= SYST:PRES
[2020/07/29 09:53:55.582898][I][queryEx] E6640A <= *OPC?
[2020/07/29 09:53:56.389031][I][queryEx] E6640A => 1
[2020/07/29 09:53:56.736955][I][set_Preset] System reset
[2020/07/29 09:53:56.738963][I][writeEx] E6640A <= *RST
[2020/07/29 09:53:56.743975][I][writeEx] E6640A <= *CLS
[2020/07/29 09:53:56.746986][I][writeEx] E6640A <= SYST:PRES
[2020/07/29 09:53:57.050789][I][queryEx] E6640A <= *OPC?
[2020/07/29 09:53:57.839887][I][queryEx] E6640A => 1
[2020/07/29 09:53:57.847908][I][set_Tx_Start] Set Tx start
[2020/07/29 09:53:57.850918][I][set_RFI_Port] Set input port
[2020/07/29 09:53:57.852922][I][writeEx] E6640A <= :FEED:RF:PORT:INPut RFIO1
[2020/07/29 09:53:57.854926][I][queryEx] E6640A <= :FEED:RF:PORT:INPut?
[2020/07/29 09:53:57.858937][I][queryEx] E6640A => RFIO1
[2020/07/29 09:53:57.861946][I][set_Modulation_Analysis] Set measurement function
[2020/07/29 09:53:57.863951][I][writeEx] E6640A <= INST:SEL LTEAFDD
[2020/07/29 09:53:58.166755][I][queryEx] E6640A <= *OPC?
[2020/07/29 09:53:58.171768][I][queryEx] E6640A => 1
[2020/07/29 09:53:58.174777][I][queryEx] E6640A <= INST:SEL?
[2020/07/29 09:53:58.180793][I][queryEx] E6640A => LTEAFDD
[2020/07/29 09:53:58.182799][I][writeEx] E6640A <= DISP:CHP:VIEW:WIND:TRAC:Y:COUP OFF
[2020/07/29 09:53:58.185806][I][set_Freq] Set frequence
[2020/07/29 09:53:58.189819][I][writeEx] E6640A <= :FREQuency:CENTer 897.4 MHz
[2020/07/29 09:53:58.192825][I][set_Continue] Set continue
[2020/07/29 09:53:58.195833][I][writeEx] E6640A <= :INIT:CONT ON
[2020/07/29 09:53:58.199845][I][set_Trigger_Free_Run] Set trigger free run
[2020/07/29 09:53:58.202851][I][writeEx] E6640A <= TRIG:CHP:SOUR IMM
[2020/07/29 09:53:58.505656][I][queryEx] E6640A <= *OPC?
[2020/07/29 09:53:58.511673][I][queryEx] E6640A => 1
[2020/07/29 09:54:03.060293][I][chk_Tx_Result] Check Tx result
[2020/07/29 09:54:03.067302][I][set_Limit_Range] Set reference value
[2020/07/29 09:54:03.070308][I][writeEx] E6640A <= DISP:CHP:VIEW:WIND:TRAC:Y:RLEV 30.0 dBm
[2020/07/29 09:54:03.374983][I][queryEx] E6640A <= *OPC?
[2020/07/29 09:54:03.384608][I][queryEx] E6640A => 1
[2020/07/29 09:54:03.389080][I][set_Limit_Range] Set power range
[2020/07/29 09:54:03.391129][I][writeEx] E6640A <= :POW:RANG 30.0 dBm
[2020/07/29 09:54:03.696189][I][queryEx] E6640A <= *OPC?
[2020/07/29 09:54:03.704772][I][queryEx] E6640A => 1
[2020/07/29 09:54:03.708786][I][set_Trigger_Video] Set trigger video
[2020/07/29 09:54:03.711945][I][writeEx] E6640A <= TRIG:CHP:SOUR IF
[2020/07/29 09:54:04.016300][I][queryEx] E6640A <= *OPC?
[2020/07/29 09:54:04.026784][I][queryEx] E6640A => 1
[2020/07/29 09:54:04.131782][I][set_Trigger_Free_Run] Set trigger free run
[2020/07/29 09:54:04.136804][I][writeEx] E6640A <= TRIG:CHP:SOUR IMM
[2020/07/29 09:54:04.441629][I][queryEx] E6640A <= *OPC?
[2020/07/29 09:54:04.451314][I][queryEx] E6640A => 1
[2020/07/29 09:54:04.456022][I][get_Power] Get Tx power
[2020/07/29 09:54:04.458030][I][queryEx] E6640A <= :FETCh:CHPower:CHPower?
[2020/07/29 09:54:04.465051][I][queryEx] E6640A => 1.429348660E+01
[2020/07/29 09:54:04.469095][I][chk_Tx_Result] Tx power(add loss: 8.500000) = 22.793000 dBm
[2020/07/29 09:54:04.472068][I][set_Continue] Set continue
[2020/07/29 09:54:04.476143][I][writeEx] E6640A <= :INIT:CONT ON
[2020/07/29 09:54:06.438951][I][set_Preset] System reset
[2020/07/29 09:54:06.443246][I][writeEx] E6640A <= *RST
[2020/07/29 09:54:06.446258][I][writeEx] E6640A <= *CLS
[2020/07/29 09:54:06.449263][I][writeEx] E6640A <= SYST:PRES
[2020/07/29 09:54:06.755462][I][queryEx] E6640A <= *OPC?
[2020/07/29 09:54:07.489869][I][queryEx] E6640A => 1
[2020/07/29 09:54:07.503857][I][set_Tx_Start] Set Tx start
[2020/07/29 09:54:07.506905][I][set_RFI_Port] Set input port
[2020/07/29 09:54:07.509912][I][writeEx] E6640A <= :FEED:RF:PORT:INPut RFIO1
[2020/07/29 09:54:07.513883][I][queryEx] E6640A <= :FEED:RF:PORT:INPut?
[2020/07/29 09:54:07.520157][I][queryEx] E6640A => RFIO1
[2020/07/29 09:54:07.524168][I][set_Modulation_Analysis] Set measurement function
[2020/07/29 09:54:07.527211][I][writeEx] E6640A <= INST:SEL LTEAFDD
[2020/07/29 09:54:07.831910][I][queryEx] E6640A <= *OPC?
[2020/07/29 09:54:07.842676][I][queryEx] E6640A => 1
[2020/07/29 09:54:07.846693][I][queryEx] E6640A <= INST:SEL?
[2020/07/29 09:54:07.852232][I][queryEx] E6640A => LTEAFDD
[2020/07/29 09:54:07.856885][I][writeEx] E6640A <= DISP:CHP:VIEW:WIND:TRAC:Y:COUP OFF
[2020/07/29 09:54:07.859895][I][set_Freq] Set frequence
[2020/07/29 09:54:07.863906][I][writeEx] E6640A <= :FREQuency:CENTer 1950.0 MHz
[2020/07/29 09:54:07.867954][I][set_Continue] Set continue
[2020/07/29 09:54:07.871970][I][writeEx] E6640A <= :INIT:CONT ON
[2020/07/29 09:54:07.875938][I][set_Trigger_Free_Run] Set trigger free run
[2020/07/29 09:54:07.879948][I][writeEx] E6640A <= TRIG:CHP:SOUR IMM
[2020/07/29 09:54:08.185274][I][queryEx] E6640A <= *OPC?
[2020/07/29 09:54:08.195933][I][queryEx] E6640A => 1
[2020/07/29 09:54:12.552677][I][chk_Tx_Result] Check Tx result
[2020/07/29 09:54:12.559687][I][set_Limit_Range] Set reference value
[2020/07/29 09:54:12.565413][I][writeEx] E6640A <= DISP:CHP:VIEW:WIND:TRAC:Y:RLEV 30.0 dBm
[2020/07/29 09:54:12.870930][I][queryEx] E6640A <= *OPC?
[2020/07/29 09:54:12.882048][I][queryEx] E6640A => 1
[2020/07/29 09:54:12.885093][I][set_Limit_Range] Set power range
[2020/07/29 09:54:12.889069][I][writeEx] E6640A <= :POW:RANG 30.0 dBm
[2020/07/29 09:54:13.194694][I][queryEx] E6640A <= *OPC?
[2020/07/29 09:54:13.204632][I][queryEx] E6640A => 1
[2020/07/29 09:54:13.209647][I][set_Trigger_Video] Set trigger video
[2020/07/29 09:54:13.213365][I][writeEx] E6640A <= TRIG:CHP:SOUR IF
[2020/07/29 09:54:13.518350][I][queryEx] E6640A <= *OPC?
[2020/07/29 09:54:13.529388][I][queryEx] E6640A => 1
[2020/07/29 09:54:13.634961][I][set_Trigger_Free_Run] Set trigger free run
[2020/07/29 09:54:13.646989][I][writeEx] E6640A <= TRIG:CHP:SOUR IMM
[2020/07/29 09:54:13.952798][I][queryEx] E6640A <= *OPC?
[2020/07/29 09:54:13.963600][I][queryEx] E6640A => 1
[2020/07/29 09:54:13.968637][I][get_Power] Get Tx power
[2020/07/29 09:54:13.972238][I][queryEx] E6640A <= :FETCh:CHPower:CHPower?
[2020/07/29 09:54:13.980283][I][queryEx] E6640A => 1.222293377E+01
[2020/07/29 09:54:13.983294][I][chk_Tx_Result] Tx power(add loss: 9.200000) = 21.423000 dBm
[2020/07/29 09:54:13.988313][I][set_Continue] Set continue
[2020/07/29 09:54:13.991315][I][writeEx] E6640A <= :INIT:CONT ON
[2020/07/29 09:54:15.953271][I][set_Preset] System reset
[2020/07/29 09:54:15.958246][I][writeEx] E6640A <= *RST
[2020/07/29 09:54:15.962241][I][writeEx] E6640A <= *CLS
[2020/07/29 09:54:15.965267][I][writeEx] E6640A <= SYST:PRES
[2020/07/29 09:54:16.271570][I][queryEx] E6640A <= *OPC?
[2020/07/29 09:54:16.992918][I][queryEx] E6640A => 1
[2020/07/29 09:54:17.009002][I][set_Tx_Start] Set Tx start
[2020/07/29 09:54:17.012978][I][set_RFI_Port] Set input port
[2020/07/29 09:54:17.017056][I][writeEx] E6640A <= :FEED:RF:PORT:INPut RFIO1
[2020/07/29 09:54:17.020104][I][queryEx] E6640A <= :FEED:RF:PORT:INPut?
[2020/07/29 09:54:17.026167][I][queryEx] E6640A => RFIO1
[2020/07/29 09:54:17.030142][I][set_Modulation_Analysis] Set measurement function
[2020/07/29 09:54:17.035155][I][writeEx] E6640A <= INST:SEL LTEAFDD
[2020/07/29 09:54:17.341029][I][queryEx] E6640A <= *OPC?
[2020/07/29 09:54:17.358056][I][queryEx] E6640A => 1
[2020/07/29 09:54:17.366081][I][queryEx] E6640A <= INST:SEL?
[2020/07/29 09:54:17.372564][I][queryEx] E6640A => LTEAFDD
[2020/07/29 09:54:17.377075][I][writeEx] E6640A <= DISP:CHP:VIEW:WIND:TRAC:Y:COUP OFF
[2020/07/29 09:54:17.380097][I][set_Freq] Set frequence
[2020/07/29 09:54:17.384130][I][writeEx] E6640A <= :FREQuency:CENTer 914.8 MHz
[2020/07/29 09:54:17.388153][I][set_Continue] Set continue
[2020/07/29 09:54:17.392160][I][writeEx] E6640A <= :INIT:CONT ON
[2020/07/29 09:54:17.397169][I][set_Trigger_Free_Run] Set trigger free run
[2020/07/29 09:54:17.400143][I][writeEx] E6640A <= TRIG:CHP:SOUR IMM
[2020/07/29 09:54:17.706815][I][queryEx] E6640A <= *OPC?
[2020/07/29 09:54:17.718364][I][queryEx] E6640A => 1
[2020/07/29 09:54:20.687247][I][chk_Tx_Result] Check Tx result
[2020/07/29 09:54:20.695274][I][set_Limit_Range] Set reference value
[2020/07/29 09:54:20.698320][I][writeEx] E6640A <= DISP:CHP:VIEW:WIND:TRAC:Y:RLEV 30.0 dBm
[2020/07/29 09:54:21.004864][I][queryEx] E6640A <= *OPC?
[2020/07/29 09:54:21.015979][I][queryEx] E6640A => 1
[2020/07/29 09:54:21.019021][I][set_Limit_Range] Set power range
[2020/07/29 09:54:21.023053][I][writeEx] E6640A <= :POW:RANG 30.0 dBm
[2020/07/29 09:54:21.329090][I][queryEx] E6640A <= *OPC?
[2020/07/29 09:54:21.339796][I][queryEx] E6640A => 1
[2020/07/29 09:54:23.345266][I][set_Trigger_Video] Set trigger video
[2020/07/29 09:54:23.350322][I][writeEx] E6640A <= TRIG:CHP:SOUR IF
[2020/07/29 09:54:23.656580][I][queryEx] E6640A <= *OPC?
[2020/07/29 09:54:23.668575][I][queryEx] E6640A => 1
[2020/07/29 09:54:23.673687][I][get_Power] Get Tx power
[2020/07/29 09:54:23.679745][I][queryEx] E6640A <= :FETCh:CHPower:CHPower?
[2020/07/29 09:54:24.308550][I][queryEx] E6640A => 2.269763565E+01
[2020/07/29 09:54:24.317523][I][chk_Tx_Result] Tx power(add loss: 8.500000) = 31.198000 dBm
[2020/07/29 09:54:24.321537][I][set_Continue] Set continue
[2020/07/29 09:54:24.326462][I][writeEx] E6640A <= :INIT:CONT ON
[2020/07/29 09:54:26.054681][I][set_Preset] System reset
[2020/07/29 09:54:26.058696][I][writeEx] E6640A <= *RST
[2020/07/29 09:54:26.063639][I][writeEx] E6640A <= *CLS
[2020/07/29 09:54:26.067652][I][writeEx] E6640A <= SYST:PRES
[2020/07/29 09:54:26.373827][I][queryEx] E6640A <= *OPC?
[2020/07/29 09:54:27.087675][I][queryEx] E6640A => 1
[2020/07/29 09:54:27.103761][I][set_Rx_Waveform] Set Rx waveform
[2020/07/29 09:54:27.107761][I][set_RFO_Port] Set output port
[2020/07/29 09:54:27.111778][I][writeEx] E6640A <= :FEED:RF:PORT:OUTPut RFIO1
[2020/07/29 09:54:27.116542][I][queryEx] E6640A <= :FEED:RF:PORT:OUTPut?
[2020/07/29 09:54:27.123909][I][queryEx] E6640A => RFIO1
[2020/07/29 09:54:27.127917][I][set_OneTone_Freq] Set One Tone frequence
[2020/07/29 09:54:27.131513][I][writeEx] E6640A <= :SOUR:FREQ 959.8 MHz
[2020/07/29 09:54:27.135526][I][set_OneTone_Power] Set One Tone power
[2020/07/29 09:54:27.140577][I][writeEx] E6640A <= :SOURce:POWer -51.5
[2020/07/29 09:54:27.144683][I][loading_Waveform] Load waveform
[2020/07/29 09:54:27.147740][I][queryEx] E6640A <= :SOURce:RADio:ARB:CATalog?
[2020/07/29 09:54:27.155681][I][queryEx] E6640A => 9600,4184704,"CTX10_RFLTE_20160809.wfm"
[2020/07/29 09:54:27.160727][I][writeEx] E6640A <= :SOUR:RAD:ARB:WAV "D:\NVARB\CTX10_RFLTE_20160809.wfm"
[2020/07/29 09:54:27.465961][I][queryEx] E6640A <= *OPC?
[2020/07/29 09:54:27.474774][I][queryEx] E6640A => 1
[2020/07/29 09:54:27.478832][I][set_ARB_ON] Set ARB ON
[2020/07/29 09:54:27.482849][I][writeEx] E6640A <= :SOUR:RAD:ARB ON
[2020/07/29 09:54:27.487860][I][set_Sample_Rate] Set Sample Rate
[2020/07/29 09:54:27.491862][I][writeEx] E6640A <= SOUR:RAD:ARB:SCL:RATE 100.0 kHz
[2020/07/29 09:54:27.495895][I][set_Modulation_ON] Set ARB ON
[2020/07/29 09:54:27.501228][I][writeEx] E6640A <= :OUTP:MOD ON
[2020/07/29 09:54:27.510254][I][set_OneTone_Start] Set One Tone start
[2020/07/29 09:54:27.513301][I][writeEx] E6640A <= OUTP ON
[2020/07/29 09:54:33.846780][I][set_OneTone_Stop] Set One Tone stop
[2020/07/29 09:54:33.860829][I][writeEx] E6640A <= OUTP OFF
[2020/07/29 09:54:51.671065][I][disconnect_E6640A] Disconnect E6640A
[2020/07/29 09:54:51.675079][I][set_Preset] System reset
[2020/07/29 09:54:51.679087][I][writeEx] E6640A <= *RST
[2020/07/29 09:54:51.683631][I][writeEx] E6640A <= *CLS
[2020/07/29 09:54:51.687644][I][writeEx] E6640A <= SYST:PRES
[2020/07/29 09:54:51.993799][I][queryEx] E6640A <= *OPC?
[2020/07/29 09:54:52.712839][I][queryEx] E6640A => 1
[2020/07/29 09:54:52.721812]========== End ==========
