[2020/08/03 16:03:08.520889]========== Start ==========
[2020/08/03 16:03:08.522647][I][class_E6640A_ZIGBEE] Initial class_E6640A_ZIGBEE
[2020/08/03 16:03:08.524678][I][class_E6640A_ZIGBEE] Version: 3.0.0.2
[2020/08/03 16:03:08.530270][I][connect_E6640A] Connect to E6640A
[2020/08/03 16:03:08.540615][I][connect_E6640A] Resource Manager of Visa Library at C:\Windows\system32\visa64.dll
[2020/08/03 16:03:08.590361][I][queryEx] E6640A <= *IDN?
[2020/08/03 16:03:08.595373][I][queryEx] E6640A => Keysight Technologies,E6640A,MY57150246,E.19.71
[2020/08/03 16:03:08.597377][I][set_Preset] System reset
[2020/08/03 16:03:08.599383][I][writeEx] E6640A <= *RST
[2020/08/03 16:03:08.602437][I][writeEx] E6640A <= *CLS
[2020/08/03 16:03:08.604396][I][writeEx] E6640A <= SYST:PRES
[2020/08/03 16:03:08.907911][I][queryEx] E6640A <= *OPC?
[2020/08/03 16:03:09.832167][I][queryEx] E6640A => 1
[2020/08/03 16:03:09.842547][I][set_Preset] System reset
[2020/08/03 16:03:09.845555][I][writeEx] E6640A <= *RST
[2020/08/03 16:03:09.848991][I][writeEx] E6640A <= *CLS
[2020/08/03 16:03:09.850998][I][writeEx] E6640A <= SYST:PRES
[2020/08/03 16:03:10.157619][I][queryEx] E6640A <= *OPC?
[2020/08/03 16:03:10.931174][I][queryEx] E6640A => 1
[2020/08/03 16:03:11.277882][I][set_Preset] System reset
[2020/08/03 16:03:11.279866][I][writeEx] E6640A <= *RST
[2020/08/03 16:03:11.283194][I][writeEx] E6640A <= *CLS
[2020/08/03 16:03:11.286240][I][writeEx] E6640A <= SYST:PRES
[2020/08/03 16:03:11.590156][I][queryEx] E6640A <= *OPC?
[2020/08/03 16:03:12.352236][I][queryEx] E6640A => 1
[2020/08/03 16:03:12.368065][I][set_Tx_Start] Set Tx start
[2020/08/03 16:03:12.370073][I][set_RFI_Port] Set input port
[2020/08/03 16:03:12.373391][I][writeEx] E6640A <= :FEED:RF:PORT:INPut RFIO1
[2020/08/03 16:03:12.377351][I][queryEx] E6640A <= :FEED:RF:PORT:INPut?
[2020/08/03 16:03:12.382371][I][queryEx] E6640A => RFIO1
[2020/08/03 16:03:12.385127][I][set_Modulation_Analysis] Set measurement function
[2020/08/03 16:03:12.389116][I][writeEx] E6640A <= INST:SEL VSA
[2020/08/03 16:03:12.693214][I][queryEx] E6640A <= *OPC?
[2020/08/03 16:03:12.700237][I][queryEx] E6640A => 1
[2020/08/03 16:03:12.705249][I][queryEx] E6640A <= INST:SEL?
[2020/08/03 16:03:12.711370][I][queryEx] E6640A => VSA
[2020/08/03 16:03:12.716311][I][writeEx] E6640A <= :CONFigure:DDEMod
[2020/08/03 16:03:13.021721][I][queryEx] E6640A <= *OPC?
[2020/08/03 16:03:13.201201][I][queryEx] E6640A => 1
[2020/08/03 16:03:13.205157][I][init_Zigbee_Mode] Initial Zigbee mode
[2020/08/03 16:03:13.208557][I][writeEx] E6640A <= :DDEM:STAN:PRES ZIGBEE2450
[2020/08/03 16:03:13.513945][I][queryEx] E6640A <= *OPC?
[2020/08/03 16:03:13.522916][I][queryEx] E6640A => 1
[2020/08/03 16:03:13.527809][I][set_Continue] Set continue
[2020/08/03 16:03:13.530701][I][writeEx] E6640A <= :INIT:CONT ON
[2020/08/03 16:03:13.532708][I][set_Freq] Set frequence
[2020/08/03 16:03:13.535717][I][writeEx] E6640A <= :FREQuency:CENTer 2425.0 MHz
[2020/08/03 16:03:13.539727][I][set_XScale_Span] Set frequence span
[2020/08/03 16:03:13.542735][I][writeEx] E6640A <= :FREQuency:SPAN 10000.000000 KHZ
[2020/08/03 16:03:13.545743][I][set_Power_Range] Get power range
[2020/08/03 16:03:13.549927][I][writeEx] E6640A <= :POW:RANG 20.000000
[2020/08/03 16:03:13.552948][I][set_Symbol_Rate] Get symbol rate
[2020/08/03 16:03:13.555945][I][writeEx] E6640A <= :DDEMod:SRATe 1000.000000 kHz
[2020/08/03 16:03:13.558991][I][set_Meas_Interval] Get meas interval
[2020/08/03 16:03:13.562624][I][writeEx] E6640A <= :DDEMod:SWEep:POINts 500
[2020/08/03 16:03:13.565648][I][set_Zigbee_TX_BandPower] Set marker function
[2020/08/03 16:03:13.569646][I][writeEx] E6640A <= CALC:DDEMod:MARK1:MODE POS
[2020/08/03 16:03:13.572714][I][writeEx] E6640A <= CALC:DDEMod:MARK1:TRAC 2
[2020/08/03 16:03:13.575697][I][writeEx] E6640A <= CALC:DDEMod:MARK1:FUNC BPOW
[2020/08/03 16:03:13.579673][I][writeEx] E6640A <= CALC:DDEMod:MARK1:FUNC:BPOW:CTYP MEAN
[2020/08/03 16:03:13.582681][I][writeEx] E6640A <= CALC:DDEMod:MARK1:FUNC:BAND:CENT 2425000000.000000
[2020/08/03 16:03:13.888827][I][queryEx] E6640A <= *OPC?
[2020/08/03 16:03:13.898921][I][queryEx] E6640A => 1
[2020/08/03 16:03:13.902857][I][queryEx] E6640A <= CALC:DDEMod:MARK1:FUNC:BAND:CENT?
[2020/08/03 16:03:13.908875][I][queryEx] E6640A => 2.425000000E+09
[2020/08/03 16:03:13.912883][I][writeEx] E6640A <= CALC:DDEMod:MARK1:FUNC:BAND:SPAN 10000000.000000
[2020/08/03 16:03:14.216879][I][queryEx] E6640A <= *OPC?
[2020/08/03 16:03:14.225786][I][queryEx] E6640A => 1
[2020/08/03 16:03:14.230741][I][set_Trigger_Video] Set trigger video
[2020/08/03 16:03:14.233761][I][writeEx] E6640A <= TRIG:DDEM:SOUR VID
[2020/08/03 16:03:14.538946][I][queryEx] E6640A <= *OPC?
[2020/08/03 16:03:14.549376][I][queryEx] E6640A => 1
[2020/08/03 16:03:14.553392][I][set_Trigger_Level] Set trigger level
[2020/08/03 16:03:14.557770][I][writeEx] E6640A <= :TRIGger:VIDeo:LEVel 30.000000 mV
[2020/08/03 16:03:14.562609][I][set_Trigger_Delay] Set trigger delay
[2020/08/03 16:03:14.566362][I][writeEx] E6640A <= :TRIGger:VIDeo:DELay:STATe ON
[2020/08/03 16:03:14.569372][I][queryEx] E6640A <= :TRIGger:VIDeo:DELay:STATe?
[2020/08/03 16:03:14.632126][I][queryEx] E6640A => 1
[2020/08/03 16:03:14.638212][I][writeEx] E6640A <= :TRIGger:VIDeo:DELay:STATe ON
[2020/08/03 16:03:14.645180][I][writeEx] E6640A <= :TRIGger:VIDeo:DELay 0.300000 ms
[2020/08/03 16:03:14.649204][I][init_Trigger_Reg] Initial trigger status register
[2020/08/03 16:03:14.652182][I][writeEx] E6640A <= *CLS
[2020/08/03 16:03:14.657197][I][writeEx] E6640A <= :STATus:PRESet
[2020/08/03 16:03:14.661207][I][writeEx] E6640A <= *SRE 192
[2020/08/03 16:03:14.667241][I][writeEx] E6640A <= :STATus:OPERation:ENABle 32
[2020/08/03 16:03:14.671234][I][writeEx] E6640A <= *CLS
[2020/08/03 16:03:14.675282][I][queryEx] E6640A <= *STB?
[2020/08/03 16:03:14.717603][I][queryEx] E6640A => 0
[2020/08/03 16:03:14.721612][I][init_Trigger_Reg] Status: 0
[2020/08/03 16:03:23.736340][I][chk_Tx_Result] Check Tx result
[2020/08/03 16:03:23.749373][I][get_Trigger_Status] Get trigger status
[2020/08/03 16:03:23.758438][I][queryEx] E6640A <= *STB?
[2020/08/03 16:03:23.764673][I][queryEx] E6640A => 192
[2020/08/03 16:03:23.768683][I][get_Trigger_Status] Status: 192
[2020/08/03 16:03:23.772726]Is triggered!
[2020/08/03 16:03:23.775701][I][writeEx] E6640A <= *CLS
[2020/08/03 16:03:23.780497][I][set_Continue] Set continue
[2020/08/03 16:03:23.784511][I][writeEx] E6640A <= :INIT:CONT ON
[2020/08/03 16:03:23.890578][I][set_Single] Set single
[2020/08/03 16:03:23.903648][I][writeEx] E6640A <= :INIT:CONT OFF
[2020/08/03 16:03:23.917705][I][set_Zigbee_TX_BandPower] Set marker function
[2020/08/03 16:03:23.928673][I][writeEx] E6640A <= CALC:DDEMod:MARK1:MODE POS
[2020/08/03 16:03:23.935816][I][writeEx] E6640A <= CALC:DDEMod:MARK1:TRAC 2
[2020/08/03 16:03:23.941838][I][writeEx] E6640A <= CALC:DDEMod:MARK1:FUNC BPOW
[2020/08/03 16:03:23.946665][I][writeEx] E6640A <= CALC:DDEMod:MARK1:FUNC:BPOW:CTYP MEAN
[2020/08/03 16:03:23.951681][I][writeEx] E6640A <= CALC:DDEMod:MARK1:FUNC:BAND:CENT 2425000000.000000
[2020/08/03 16:03:24.257509][I][queryEx] E6640A <= *OPC?
[2020/08/03 16:03:24.275001][I][queryEx] E6640A => 1
[2020/08/03 16:03:24.283016][I][queryEx] E6640A <= CALC:DDEMod:MARK1:FUNC:BAND:CENT?
[2020/08/03 16:03:24.289063][I][queryEx] E6640A => 2.425000000E+09
[2020/08/03 16:03:24.293077][I][writeEx] E6640A <= CALC:DDEMod:MARK1:FUNC:BAND:SPAN 10000000.000000
[2020/08/03 16:03:24.598343][I][queryEx] E6640A <= *OPC?
[2020/08/03 16:03:24.615051][I][queryEx] E6640A => 1
[2020/08/03 16:03:24.623025][I][get_Power] Get Tx power
[2020/08/03 16:03:24.627032][I][queryEx] E6640A <= :CALC:DDEMod:MARK1:Y?
[2020/08/03 16:03:24.633851][I][queryEx] E6640A => -4.929586340E+00
[2020/08/03 16:03:24.636862][I][chk_Tx_Result] Tx power(add loss: 8.200000) = 3.270000 dBm
[2020/08/03 16:03:24.640872][I][read_DDEMod_Array] Read measurement result
[2020/08/03 16:03:24.644883][I][queryEx] E6640A <= :READ:DDEMod?
[2020/08/03 16:03:24.897352][I][queryEx] E6640A => 1.390960789E+01,3.890361023E+01,2.510000000E+02,3.233431578E+00,1.353706741E+01,3.000000000E+01,9.91E+37,9.91E+37,9.91E+37,3.262314796E-01,-9.419500828E-01,4.170000000E+02,1.131970310E+01,3.179645729E+01,2.510000000E+02,1.953378320E+04,9.91E+37,9.91E+37,9.91E+37,9.91E+37,9.91E+37,-4.970368958E+01,9.91E+37,9.616639018E-01,4.387086257E-02,3.740701675E-01,9.91E+37,9.91E+37,9.91E+37,9.91E+37,9.91E+37,9.91E+37,9.91E+37,9.91E+37,9.91E+37,9.91E+37,9.91E+37,9.91E+37,9.91E+37,9.91E+37,9.91E+37,9.91E+37,9.91E+37,9.91E+37,9.91E+37,9.91E+37,9.91E+37,9.91E+37,9.91E+37,9.91E+37,9.91E+37,9.91E+37,9.91E+37,9.91E+37,9.91E+37,9.91E+37,9.91E+37,9.91E+37,9.91E+37,9.91E+37,9.91E+37,-2.297210973E-03,2.330004936E-03
[2020/08/03 16:03:24.905435][I][set_Continue] Set continue
[2020/08/03 16:03:24.909458][I][writeEx] E6640A <= :INIT:CONT ON
[2020/08/03 16:03:26.692329][I][disconnect_E6640A] Disconnect E6640A
[2020/08/03 16:03:26.697788]========== End ==========
