[2020/08/03 14:22:28][I][getBOM] No SFIS CheckStatus
[2020/08/03 14:22:28][I][loadTestItemBySKU] Test Item List = (GFI20Bootup.py,1)(CountDown.py,1)(WaitConnect.py,1)(GFI20_RF_Zigbee,2)(GFI20_RF_LTE,1)
[2020/08/03 14:22:28][I][loadTestItemBySKU] Test Item List Element = ['GFI20Bootup.py,1', 'CountDown.py,1', 'WaitConnect.py,1', 'GFI20_RF_Zigbee,2', 'GFI20_RF_LTE,1']
[2020/08/03 14:22:28][I][showTestingMsg] Waiting for testing...
[2020/08/03 14:22:28]---------- TestItem:GFI20Bootup.py  Method:1 ----------
[2020/08/03 14:22:28][I][runTestItem] Test start time: 2020/08/03 14:22:28
[2020/08/03 14:22:35][I][runTestItem] Test finished
[2020/08/03 14:22:35][I][checkTestResult] Version=3.0.0.3
[2020/08/03 14:22:35][I][checkTestResult] Result=Pass
[2020/08/03 14:22:35]*********************************************************
[2020/08/03 14:22:35]GFI20Bootup.py   3.0.0.3

[2020/08/03 14:22:35]			Result: Pass

[2020/08/03 14:22:35]			Method: 1

[2020/08/03 14:22:35]			Start: 2020/08/03 14:22:28

[2020/08/03 14:22:35]			End: 2020/08/03 14:22:35
[2020/08/03 14:22:35][I][runTestItem] Test end time: 2020/08/03 14:22:35
[2020/08/03 14:22:35]---------- TestItem:CountDown.py  Method:1 ----------
[2020/08/03 14:22:35][I][runTestItem] Test start time: 2020/08/03 14:22:35
[2020/08/03 14:23:27][I][runTestItem] Test finished
[2020/08/03 14:23:27][I][checkTestResult] Version=3.0.0.3
[2020/08/03 14:23:27][I][checkTestResult] Result=Pass
[2020/08/03 14:23:27]*********************************************************
[2020/08/03 14:23:27]CountDown.py   3.0.0.3

[2020/08/03 14:23:27]			Result: Pass

[2020/08/03 14:23:27]			Method: 1

[2020/08/03 14:23:27]			Start: 2020/08/03 14:22:35

[2020/08/03 14:23:27]			End: 2020/08/03 14:23:27
[2020/08/03 14:23:27][I][runTestItem] Test end time: 2020/08/03 14:23:27
[2020/08/03 14:23:27]---------- TestItem:WaitConnect.py  Method:1 ----------
[2020/08/03 14:23:27][I][runTestItem] Test start time: 2020/08/03 14:23:27
[2020/08/03 14:24:09][I][runTestItem] Test finished
[2020/08/03 14:24:09][I][checkTestResult] Version=3.0.0.4
[2020/08/03 14:24:09][I][checkTestResult] Result=Fail
[2020/08/03 14:24:09][I][checkTestResult] Reason=Unable to connect DUT
[2020/08/03 14:24:09][I][checkTestResult] EC=123
[2020/08/03 14:24:09]*********************************************************
[2020/08/03 14:24:09]WaitConnect.py   3.0.0.4

[2020/08/03 14:24:09]			Result: Fail

[2020/08/03 14:24:09]			Method: 1

[2020/08/03 14:24:09]			Start: 2020/08/03 14:23:27

[2020/08/03 14:24:09]			End: 2020/08/03 14:24:09
[2020/08/03 14:24:09]
			Fail Reason: Unable to connect DUT
[2020/08/03 14:24:09][I][runTestItem] Test end time: 2020/08/03 14:24:09
[2020/08/03 14:24:11][I][runLastScript] Waiting for ending...
[2020/08/03 14:24:11]---------- TestItem:GFI20LastScript.py  Method:1 ----------
[2020/08/03 14:24:11][I][runLastScript] Test start time: 2020/08/03 14:24:11
[2020/08/03 14:24:12][I][runLastScript] Test finished
[2020/08/03 14:24:12][I][runLastScript] Test end time: 2020/08/03 14:24:12
[2020/08/03 14:24:12][I][checkTestResult] Version=3.0.0.6
[2020/08/03 14:24:12][I][checkTestResult] Result=Fail
[2020/08/03 14:24:12][I][checkTestResult] Reason=Control digital meter failed!
[2020/08/03 14:24:12][I][checkTestResult] EC=010000S03
[2020/08/03 14:24:12]*********************************************************
[2020/08/03 14:24:12]GFI20LastScript.py   3.0.0.6

[2020/08/03 14:24:12]			Result: Fail

[2020/08/03 14:24:12]			Method: 1

[2020/08/03 14:24:12]			Start: 2020/08/03 14:24:11

[2020/08/03 14:24:12]			End: 2020/08/03 14:24:12
[2020/08/03 14:24:12]
			Fail Reason: Control digital meter failed!
