[2020/07/29 00:55:56][I][getBOM] Get BOM Success!
[2020/07/29 00:55:56][I][getSKU] Get SKU from BOM: BOM_SKU, SKU name: 451AOD30L02
[2020/07/29 00:55:56][I][loadTestItemBySKU] Test Item List = (GFI20Bootup.py,1)(CountDown.py,1)(GFI20_RF_Zigbee,2)(GFI20_RF_LTE,1)
[2020/07/29 00:55:56][I][loadTestItemBySKU] Test Item List Element = ['GFI20Bootup.py,1', 'CountDown.py,1', 'GFI20_RF_Zigbee,2', 'GFI20_RF_LTE,1']
[2020/07/29 00:55:56][I][showTestingMsg] Waiting for testing...
[2020/07/29 00:55:56]---------- TestItem:GFI20Bootup.py  Method:1 ----------
[2020/07/29 00:55:56][I][runTestItem] Test start time: 2020/07/29 00:55:56
[2020/07/29 00:56:05][I][runTestItem] Test finished
[2020/07/29 00:56:05][I][checkTestResult] Version=3.0.0.3
[2020/07/29 00:56:05][I][checkTestResult] Result=Pass
[2020/07/29 00:56:05]*********************************************************
[2020/07/29 00:56:05]GFI20Bootup.py   3.0.0.3

[2020/07/29 00:56:05]			Result: Pass

[2020/07/29 00:56:05]			Method: 1

[2020/07/29 00:56:05]			Start: 2020/07/29 00:55:56

[2020/07/29 00:56:05]			End: 2020/07/29 00:56:05
[2020/07/29 00:56:05][I][runTestItem] Test end time: 2020/07/29 00:56:05
[2020/07/29 00:56:05]---------- TestItem:CountDown.py  Method:1 ----------
[2020/07/29 00:56:05][I][runTestItem] Test start time: 2020/07/29 00:56:05
[2020/07/29 00:56:58][I][runTestItem] Test finished
[2020/07/29 00:56:58][I][checkTestResult] Version=3.0.0.3
[2020/07/29 00:56:58][I][checkTestResult] Result=Pass
[2020/07/29 00:56:58]*********************************************************
[2020/07/29 00:56:58]CountDown.py   3.0.0.3

[2020/07/29 00:56:58]			Result: Pass

[2020/07/29 00:56:58]			Method: 1

[2020/07/29 00:56:58]			Start: 2020/07/29 00:56:05

[2020/07/29 00:56:58]			End: 2020/07/29 00:56:58
[2020/07/29 00:56:58][I][runTestItem] Test end time: 2020/07/29 00:56:58
[2020/07/29 00:56:58]---------- TestItem:GFI20_RF_Zigbee.py  Method:2 ----------
[2020/07/29 00:56:58][I][runTestItem] Test start time: 2020/07/29 00:56:58
[2020/07/29 00:58:53][I][runTestItem] Test finished
[2020/07/29 00:58:53][I][checkTestResult] Version=3.0.0.3
[2020/07/29 00:58:53][I][checkTestResult] Result=Pass
[2020/07/29 00:58:53]*********************************************************
[2020/07/29 00:58:53]GFI20_RF_Zigbee.py   3.0.0.3

[2020/07/29 00:58:53]			Result: Pass

[2020/07/29 00:58:53]			Method: 2

[2020/07/29 00:58:53]			Start: 2020/07/29 00:56:58

[2020/07/29 00:58:53]			End: 2020/07/29 00:58:53
[2020/07/29 00:58:53][I][runTestItem] Test end time: 2020/07/29 00:58:53
[2020/07/29 00:58:53]---------- TestItem:GFI20_RF_LTE.py  Method:1 ----------
[2020/07/29 00:58:53][I][runTestItem] Test start time: 2020/07/29 00:58:53
[2020/07/29 01:00:17][I][runTestItem] Test finished
[2020/07/29 01:00:17][I][checkTestResult] Version=3.0.0.11
[2020/07/29 01:00:17][I][checkTestResult] Result=Pass
[2020/07/29 01:00:17]*********************************************************
[2020/07/29 01:00:17]GFI20_RF_LTE.py   3.0.0.11

[2020/07/29 01:00:17]			Result: Pass

[2020/07/29 01:00:17]			Method: 1

[2020/07/29 01:00:17]			Start: 2020/07/29 00:58:53

[2020/07/29 01:00:17]			End: 2020/07/29 01:00:17
[2020/07/29 01:00:17][I][runTestItem] Test end time: 2020/07/29 01:00:17
[2020/07/29 01:00:18][I][runLastScript] Waiting for ending...
[2020/07/29 01:00:18]---------- TestItem:GFI20LastScript.py  Method:1 ----------
[2020/07/29 01:00:18][I][runLastScript] Test start time: 2020/07/29 01:00:18
[2020/07/29 01:00:39][I][runLastScript] Test finished
[2020/07/29 01:00:39][I][runLastScript] Test end time: 2020/07/29 01:00:39
[2020/07/29 01:00:39][I][checkTestResult] Version=3.0.0.6
[2020/07/29 01:00:39][I][checkTestResult] Result=Pass
[2020/07/29 01:00:39]*********************************************************
[2020/07/29 01:00:39]GFI20LastScript.py   3.0.0.6

[2020/07/29 01:00:39]			Result: Pass

[2020/07/29 01:00:39]			Method: 1

[2020/07/29 01:00:39]			Start: 2020/07/29 01:00:18

[2020/07/29 01:00:39]			End: 2020/07/29 01:00:39
[2020/07/29 01:00:39][I][processSFISUploadPass] No SFIS RecordInfo
[2020/07/29 01:00:42][I][processSFISUploadPass] Upload pass Success!
