[2020/07/29 01:33:06][I][getBOM] Get BOM Success!
[2020/07/29 01:33:06][I][getSKU] Get SKU from BOM: BOM_SKU, SKU name: 451AOD30L02
[2020/07/29 01:33:06][I][loadTestItemBySKU] Test Item List = (GFI20Bootup.py,1)(CountDown.py,1)(GFI20_RF_Zigbee,2)(GFI20_RF_LTE,1)
[2020/07/29 01:33:06][I][loadTestItemBySKU] Test Item List Element = ['GFI20Bootup.py,1', 'CountDown.py,1', 'GFI20_RF_Zigbee,2', 'GFI20_RF_LTE,1']
[2020/07/29 01:33:06][I][showTestingMsg] Waiting for testing...
[2020/07/29 01:33:06]---------- TestItem:GFI20Bootup.py  Method:1 ----------
[2020/07/29 01:33:06][I][runTestItem] Test start time: 2020/07/29 01:33:06
[2020/07/29 01:33:12][I][runTestItem] Test finished
[2020/07/29 01:33:12][I][checkTestResult] Version=3.0.0.3
[2020/07/29 01:33:12][I][checkTestResult] Result=Pass
[2020/07/29 01:33:12]*********************************************************
[2020/07/29 01:33:12]GFI20Bootup.py   3.0.0.3

[2020/07/29 01:33:12]			Result: Pass

[2020/07/29 01:33:12]			Method: 1

[2020/07/29 01:33:12]			Start: 2020/07/29 01:33:06

[2020/07/29 01:33:12]			End: 2020/07/29 01:33:12
[2020/07/29 01:33:12][I][runTestItem] Test end time: 2020/07/29 01:33:12
[2020/07/29 01:33:12]---------- TestItem:CountDown.py  Method:1 ----------
[2020/07/29 01:33:12][I][runTestItem] Test start time: 2020/07/29 01:33:12
[2020/07/29 01:34:04][I][runTestItem] Test finished
[2020/07/29 01:34:04][I][checkTestResult] Version=3.0.0.3
[2020/07/29 01:34:04][I][checkTestResult] Result=Pass
[2020/07/29 01:34:04]*********************************************************
[2020/07/29 01:34:04]CountDown.py   3.0.0.3

[2020/07/29 01:34:04]			Result: Pass

[2020/07/29 01:34:04]			Method: 1

[2020/07/29 01:34:04]			Start: 2020/07/29 01:33:12

[2020/07/29 01:34:04]			End: 2020/07/29 01:34:04
[2020/07/29 01:34:04][I][runTestItem] Test end time: 2020/07/29 01:34:04
[2020/07/29 01:34:04]---------- TestItem:GFI20_RF_Zigbee.py  Method:2 ----------
[2020/07/29 01:34:04][I][runTestItem] Test start time: 2020/07/29 01:34:04
[2020/07/29 01:35:35][I][runTestItem] Test finished
[2020/07/29 01:35:35][I][checkTestResult] Version=3.0.0.3
[2020/07/29 01:35:35][I][checkTestResult] Result=Pass
[2020/07/29 01:35:35]*********************************************************
[2020/07/29 01:35:35]GFI20_RF_Zigbee.py   3.0.0.3

[2020/07/29 01:35:35]			Result: Pass

[2020/07/29 01:35:35]			Method: 2

[2020/07/29 01:35:35]			Start: 2020/07/29 01:34:04

[2020/07/29 01:35:35]			End: 2020/07/29 01:35:35
[2020/07/29 01:35:35][I][runTestItem] Test end time: 2020/07/29 01:35:35
[2020/07/29 01:35:35]---------- TestItem:GFI20_RF_LTE.py  Method:1 ----------
[2020/07/29 01:35:35][I][runTestItem] Test start time: 2020/07/29 01:35:35
[2020/07/29 01:36:54][I][runTestItem] Test finished
[2020/07/29 01:36:54][I][checkTestResult] Version=3.0.0.11
[2020/07/29 01:36:54][I][checkTestResult] Result=Pass
[2020/07/29 01:36:54]*********************************************************
[2020/07/29 01:36:54]GFI20_RF_LTE.py   3.0.0.11

[2020/07/29 01:36:54]			Result: Pass

[2020/07/29 01:36:54]			Method: 1

[2020/07/29 01:36:54]			Start: 2020/07/29 01:35:35

[2020/07/29 01:36:54]			End: 2020/07/29 01:36:54
[2020/07/29 01:36:54][I][runTestItem] Test end time: 2020/07/29 01:36:54
[2020/07/29 01:36:56][I][runLastScript] Waiting for ending...
[2020/07/29 01:36:56]---------- TestItem:GFI20LastScript.py  Method:1 ----------
[2020/07/29 01:36:56][I][runLastScript] Test start time: 2020/07/29 01:36:56
[2020/07/29 01:37:22][I][runLastScript] Test finished
[2020/07/29 01:37:22][I][runLastScript] Test end time: 2020/07/29 01:37:22
[2020/07/29 01:37:22][I][checkTestResult] Version=3.0.0.6
[2020/07/29 01:37:22][I][checkTestResult] Result=Pass
[2020/07/29 01:37:22]*********************************************************
[2020/07/29 01:37:22]GFI20LastScript.py   3.0.0.6

[2020/07/29 01:37:22]			Result: Pass

[2020/07/29 01:37:22]			Method: 1

[2020/07/29 01:37:22]			Start: 2020/07/29 01:36:56

[2020/07/29 01:37:22]			End: 2020/07/29 01:37:22
[2020/07/29 01:37:22][I][processSFISUploadPass] No SFIS RecordInfo
[2020/07/29 01:37:24][I][processSFISUploadPass] Upload pass Success!
