[2020/07/29 01:34:04.633365] ========== Start ==========
[2020/07/29 01:34:04.635321] [I][main] Python 3.7.2 (tags/v3.7.2:9a3ffc0492, Dec 23 2018, 23:09:28) [MSC v.1916 64 bit (AMD64)]
[2020/07/29 01:34:04.637363] [I][main] GFI20_RF_Zigbee.py 3.0.0.3
[2020/07/29 01:34:04.640368] [I][readINI] ---------- INI ----------
[2020/07/29 01:34:04.644487] [I][readINI] SKU = 1
[2020/07/29 01:34:04.646028] [I][readINI] InstrumentINI = GFI20_Zigbee_Instrument_Setting
[2020/07/29 01:34:04.648038] [I][readINI] ---------- Test Plan 1 ----------
[2020/07/29 01:34:04.649053] [I][readINI] TestPlan1 = ZIGBEE_2450;15/2425,21/2455,24/2470;TX_Power
[2020/07/29 01:34:04.651926] [I][readINI] CableLoss = ['8.2', '8.9', '8.8'] dBm
[2020/07/29 01:34:04.658294] [I][readINI] TX_Power = ['0', '0', '0'] dBm
[2020/07/29 01:34:04.661067] [I][readINI] Calibration_ON = 1
[2020/07/29 01:34:04.662993] [I][readINI] Ca_Tx_Power_Target = ['9.2', '9.2', '9.2']
[2020/07/29 01:34:04.663997] [I][readINI] Ca_Tx_Power_Gap = ['0.5', '0.5', '0.5']
[2020/07/29 01:34:04.666002] [I][readINI] Ca_Tx_Power_Offset = ['0.86', '0.86', '0.86']
[2020/07/29 01:34:04.668007] [I][readINI] Current_ON = 1
[2020/07/29 01:34:04.670699] [I][readINI] TX_Current_SpecMax = ['0.18', '0.18', '0.18'] A
[2020/07/29 01:34:04.671703] [I][readINI] TX_Current_SpecMin = ['0.045', '0.045', '0.045'] A
[2020/07/29 01:34:04.673709] [I][readINI] TX_Power_SpecMax = ['12', '12', '12'] dBm
[2020/07/29 01:34:04.675717] [I][readINI] TX_Power_SpecMin = ['6', '6', '6'] dBm
[2020/07/29 01:34:04.679012] [I][readINI] ---------- Test Plan 1 ----------
[2020/07/29 01:34:04.681020] [I][readINI] ---------- Test Plan 2 ----------
[2020/07/29 01:34:04.683027] [I][readINI] TestPlan2 = ZIGBEE_2450;19/2445;RX_RSSI
[2020/07/29 01:34:04.685485] [I][readINI] CableLoss = ['8.9'] dBm
[2020/07/29 01:34:04.687492] [I][readINI] RX_Cell_Power = ['-25'] dBm
[2020/07/29 01:34:04.689825] [I][readINI] RX_LNAON_RSSI_SpecMax = ['-9'] %
[2020/07/29 01:34:04.691833] [I][readINI] RX_LNAON_RSSI_SpecMin = ['-18'] %
[2020/07/29 01:34:04.694116] [I][readINI] RX_LNAOFF_RSSI_SpecMax = ['-24'] %
[2020/07/29 01:34:04.696160] [I][readINI] RX_LNAOFF_RSSI_SpecMin = ['-30'] %
[2020/07/29 01:34:04.699132] [I][readINI] ---------- Test Plan 2 ----------
[2020/07/29 01:34:04.702086] [I][readINI] StartButton_ON = 0
[2020/07/29 01:34:04.704094] [I][readINI] FailAutoExit = True
[2020/07/29 01:34:04.707101] [I][readINI] FailRetryAll = True
[2020/07/29 01:34:04.709743] [I][readINI] RFDatabase = True
[2020/07/29 01:34:04.711760] [I][readINI] EC = 010000S01
[2020/07/29 01:34:04.713755] [I][readINI] ---------- INI ----------
[2020/07/29 01:34:04.716804] [I][readInstrumentINI] ---------- Common ----------
[2020/07/29 01:34:04.718768] [I][readInstrumentINI] Instrument_Name = E6640A
[2020/07/29 01:34:04.722177] [I][readInstrumentINI] Instrument_IP_Addr = TCPIP0::192.168.1.2::hislip0::INSTR
[2020/07/29 01:34:04.724534] [I][readInstrumentINI] PowerSupplier_Name = 66321B
[2020/07/29 01:34:04.726540] [I][readInstrumentINI] PowerSupplier_Addr = GPIB0::5::INSTR
[2020/07/29 01:34:04.728545] [I][readInstrumentINI] Current_Delay = 0.5
[2020/07/29 01:34:04.731554] [I][readInstrumentINI] ---------- Common ----------
[2020/07/29 01:34:04.733559] [I][readInstrumentINI] ---------- ZIGBEE_2450 ----------
[2020/07/29 01:34:04.736575] [I][readInstrumentINI] RFIO_Input = 1
[2020/07/29 01:34:04.738572] [I][readInstrumentINI] Tx_Span = 10000.0 kHz
[2020/07/29 01:34:04.741582] [I][readInstrumentINI] Tx_PowRange = 20.0 dBm
[2020/07/29 01:34:04.743597] [I][readInstrumentINI] Tx_SymbolRate = 1000.0 kHz
[2020/07/29 01:34:04.746600] [I][readInstrumentINI] Tx_MeasInterval = 500
[2020/07/29 01:34:04.749081] [I][readInstrumentINI] Tx_TrigLevel = 30.0 mV
[2020/07/29 01:34:04.751089] [I][readInstrumentINI] Tx_TrigDelay = 0.3 ms
[2020/07/29 01:34:04.754103] [I][readInstrumentINI] RFIO_Output = 1
[2020/07/29 01:34:04.756102] [I][readInstrumentINI] ---------- ZIGBEE_2450 ----------
[2020/07/29 01:34:04.759140] ---------- StartTest ----------
[2020/07/29 01:34:04.766130] [I][chkDUTConnect] Connect to DUT
[2020/07/29 01:34:04.778522] [I][chkDUTConnect] Check DUT status
[2020/07/29 01:34:05.611253] [I][chkDUTConnect] Success
[2020/07/29 01:34:05.619423] [I][chkE6640AConnect] Connect to E6640A
[2020/07/29 01:34:06.497989] [I][chkE6640AConnect] Preset E6640A status
[2020/07/29 01:34:07.413229] [I][chkE6640AConnect] success
[2020/07/29 01:34:07.676268] ---------- Test Plan 1 ----------
[2020/07/29 01:34:07.680048] [I][startTestPlan]---------- ZIGBEE_2450 Freq 2425 ----------
[2020/07/29 01:34:07.683097] [I][startTestPlan]---------- Measure Tx Start ----------
[2020/07/29 01:34:07.686096] [I][startTestPlan] Preset E6640A
[2020/07/29 01:34:08.508804] [I][startTestPlan] Success
[2020/07/29 01:34:08.512814] [I][startTestPlan] Set Tx Start
[2020/07/29 01:34:10.850020] [I][startTestPlan] Success
[2020/07/29 01:34:10.853075] [I][startTestPlan] Set DUT Tx
[2020/07/29 01:34:16.933582] [I][startTestPlan] Success
[2020/07/29 01:34:16.936590] [I][startTestPlan] Start DUT Tx
[2020/07/29 01:34:19.447512] [I][startTestPlan] Success
[2020/07/29 01:34:20.986060] [I][startTestPlan] 9.309, 8.596, 12.937
[2020/07/29 01:34:21.544339] [I][startTestPlan] 0.085
[2020/07/29 01:34:21.550356] [I][startTestPlan] Stop DUT Tx
[2020/07/29 01:34:22.399377] [I][startTestPlan] Success
[2020/07/29 01:34:22.402597] [I][startTestPlan] Power: 9.309 dBm
[2020/07/29 01:34:22.404603] [I][startTestPlan] Freq Err: 8.596 ppm
[2020/07/29 01:34:22.407611] [I][startTestPlan] EVM: 12.937 %
[2020/07/29 01:34:22.410619] [I][startTestPlan] Current: 0.085 A
[2020/07/29 01:34:22.413627] [I][startTestPlan] Check Tx Result
[2020/07/29 01:34:22.416635] [I][startBTTest] Tx Test Time: 14.737
[2020/07/29 01:34:22.420557] [I][startTestPlan]---------- ZIGBEE_2450 Freq 2455 ----------
[2020/07/29 01:34:22.422575] [I][startTestPlan]---------- Measure Tx Start ----------
[2020/07/29 01:34:22.425571] [I][startTestPlan] Preset E6640A
[2020/07/29 01:34:23.620440] [I][startTestPlan] Success
[2020/07/29 01:34:23.623865] [I][startTestPlan] Set Tx Start
[2020/07/29 01:34:26.028415] [I][startTestPlan] Success
[2020/07/29 01:34:26.032426] [I][startTestPlan] Set DUT Tx
[2020/07/29 01:34:31.930465] [I][startTestPlan] Success
[2020/07/29 01:34:31.932472] [I][startTestPlan] Start DUT Tx
[2020/07/29 01:34:34.448253] [I][startTestPlan] Success
[2020/07/29 01:34:35.995589] [I][startTestPlan] 9.434000000000001, 8.584, 15.044
[2020/07/29 01:34:36.559137] [I][startTestPlan] 0.083
[2020/07/29 01:34:36.570563] [I][startTestPlan] Stop DUT Tx
[2020/07/29 01:34:37.425195] [I][startTestPlan] Success
[2020/07/29 01:34:37.428206] [I][startTestPlan] Power: 9.434000000000001 dBm
[2020/07/29 01:34:37.432255] [I][startTestPlan] Freq Err: 8.584 ppm
[2020/07/29 01:34:37.435394] [I][startTestPlan] EVM: 15.044 %
[2020/07/29 01:34:37.438416] [I][startTestPlan] Current: 0.083 A
[2020/07/29 01:34:37.441380] [I][startTestPlan] Check Tx Result
[2020/07/29 01:34:37.444445] [I][startBTTest] Tx Test Time: 15.023
[2020/07/29 01:34:37.447840] [I][startTestPlan]---------- ZIGBEE_2450 Freq 2470 ----------
[2020/07/29 01:34:37.450714] [I][startTestPlan]---------- Measure Tx Start ----------
[2020/07/29 01:34:37.453724] [I][startTestPlan] Preset E6640A
[2020/07/29 01:34:38.661975] [I][startTestPlan] Success
[2020/07/29 01:34:38.665399] [I][startTestPlan] Set Tx Start
[2020/07/29 01:34:41.038700] [I][startTestPlan] Success
[2020/07/29 01:34:41.042713] [I][startTestPlan] Set DUT Tx
[2020/07/29 01:34:46.942834] [I][startTestPlan] Success
[2020/07/29 01:34:46.945907] [I][startTestPlan] Start DUT Tx
[2020/07/29 01:34:49.476602] [I][startTestPlan] Success
[2020/07/29 01:34:51.127160] [I][startTestPlan] 9.809000000000001, 8.572, 13.587
[2020/07/29 01:34:51.684268] [I][startTestPlan] 0.083
[2020/07/29 01:34:51.690270] [I][startTestPlan] Stop DUT Tx
[2020/07/29 01:34:52.544185] [I][startTestPlan] Success
[2020/07/29 01:34:52.547704] [I][startTestPlan] Calibration
[2020/07/29 01:34:52.550788] [I][startTestPlan] Calculate DUT Tx Power
[2020/07/29 01:34:52.553848] [I][startTestPlan] DUT Tx Power: -1
[2020/07/29 01:34:52.556867] [I][startTestPlan] Measure again
[2020/07/29 01:34:52.559875] [I][startTestPlan] Set DUT Tx
[2020/07/29 01:34:58.610256] [I][startTestPlan] Success
[2020/07/29 01:34:58.613650] [I][startTestPlan] Start DUT Tx
[2020/07/29 01:35:01.138035] [I][startTestPlan] Success
[2020/07/29 01:35:02.702700] [I][startTestPlan] 8.712000000000002, 8.55, 14.169
[2020/07/29 01:35:03.263445] [I][startTestPlan] 0.08
[2020/07/29 01:35:03.270471] [I][startTestPlan] Stop DUT Tx
[2020/07/29 01:35:04.126480] [I][startTestPlan] Success
[2020/07/29 01:35:04.130538] [I][startTestPlan] Power: 8.712000000000002 dBm
[2020/07/29 01:35:04.133499] [I][startTestPlan] Freq Err: 8.55 ppm
[2020/07/29 01:35:04.136507] [I][startTestPlan] EVM: 14.169 %
[2020/07/29 01:35:04.139515] [I][startTestPlan] Current: 0.08 A
[2020/07/29 01:35:04.143568] [I][startTestPlan] Check Tx Result
[2020/07/29 01:35:04.146614] [I][startBTTest] Tx Test Time: 26.699
[2020/07/29 01:35:04.150589] ---------- Test Plan 2 ----------
[2020/07/29 01:35:04.154319] [I][startTestPlan]---------- ZIGBEE_2450 Freq 2445 ----------
[2020/07/29 01:35:04.157332] [I][startTestPlan]---------- Measure Rx Start ----------
[2020/07/29 01:35:04.160894] [I][startTestPlan] Preset E6640A
[2020/07/29 01:35:05.380307] [I][startTestPlan] Success
[2020/07/29 01:35:05.388368] [I][startTestPlan]---------- LNA ON ----------
[2020/07/29 01:35:05.395903] [I][startTestPlan] Set Rx one tone
[2020/07/29 01:35:05.438312] [I][startTestPlan] Success
[2020/07/29 01:35:05.442286] [I][startTestPlan] Set DUT Rx
[2020/07/29 01:35:09.664172] [I][startTestPlan] Success
[2020/07/29 01:35:14.703182] [I][startTestPlan] Success
[2020/07/29 01:35:19.762249] [I][startTestPlan] Rx RSSI: -14 dBm
[2020/07/29 01:35:19.772761] [I][startTestPlan]---------- LNA OFF ----------
[2020/07/29 01:35:19.775770] [I][startTestPlan] Set Rx one tone
[2020/07/29 01:35:19.816184] [I][startTestPlan] Success
[2020/07/29 01:35:19.819560] [I][startTestPlan] Set DUT Rx
[2020/07/29 01:35:24.033730] [I][startTestPlan] Success
[2020/07/29 01:35:28.261541] [I][startTestPlan] Success
[2020/07/29 01:35:33.270936] [I][startTestPlan] Rx RSSI: -27 dBm
[2020/07/29 01:35:33.281930] [I][startTestPlan] Check Rx Result
[2020/07/29 01:35:33.285912] [I][startBTTest] Rx Test Time: 29.131
[2020/07/29 01:35:33.289919] [I][startBTTest] Copy calibration data
[2020/07/29 01:35:33.297933] [I][startBTTest] Write Calibration Data
[2020/07/29 01:35:33.649416] [I][TestResult] Test Pass!
