[2020/07/29 01:35:52.990502]========== Start ==========
[2020/07/29 01:35:52.991504][I][class_E6640A_LTE] Initial class_E6640A_LTE
[2020/07/29 01:35:52.993510][I][class_E6640A_LTE] Version: 3.0.0.3
[2020/07/29 01:35:52.997520][I][connect_E6640A] Connect to E6640A
[2020/07/29 01:35:53.007574][I][connect_E6640A] Resource Manager of Visa Library at C:\Windows\system32\visa32.dll
[2020/07/29 01:35:53.058683][I][queryEx] E6640A <= *IDN?
[2020/07/29 01:35:53.063697][I][queryEx] E6640A => Keysight Technologies,E6640A,MY57150246,E.19.71
[2020/07/29 01:35:53.065701][I][set_Preset] System reset
[2020/07/29 01:35:53.067708][I][writeEx] E6640A <= *RST
[2020/07/29 01:35:53.069713][I][writeEx] E6640A <= *CLS
[2020/07/29 01:35:53.071719][I][writeEx] E6640A <= SYST:PRES
[2020/07/29 01:35:53.375647][I][queryEx] E6640A <= *OPC?
[2020/07/29 01:35:54.099878][I][queryEx] E6640A => 1
[2020/07/29 01:35:54.104891][I][set_Preset] System reset
[2020/07/29 01:35:54.106895][I][writeEx] E6640A <= *RST
[2020/07/29 01:35:54.109903][I][writeEx] E6640A <= *CLS
[2020/07/29 01:35:54.111918][I][writeEx] E6640A <= SYST:PRES
[2020/07/29 01:35:54.415064][I][queryEx] E6640A <= *OPC?
[2020/07/29 01:35:55.183729][I][queryEx] E6640A => 1
[2020/07/29 01:35:55.440412][I][set_Preset] System reset
[2020/07/29 01:35:55.442417][I][writeEx] E6640A <= *RST
[2020/07/29 01:35:55.444423][I][writeEx] E6640A <= *CLS
[2020/07/29 01:35:55.446428][I][writeEx] E6640A <= SYST:PRES
[2020/07/29 01:35:55.750270][I][queryEx] E6640A <= *OPC?
[2020/07/29 01:35:56.467142][I][queryEx] E6640A => 1
[2020/07/29 01:35:56.475164][I][set_Tx_Start] Set Tx start
[2020/07/29 01:35:56.478172][I][set_RFI_Port] Set input port
[2020/07/29 01:35:56.480178][I][writeEx] E6640A <= :FEED:RF:PORT:INPut RFIO1
[2020/07/29 01:35:56.482183][I][queryEx] E6640A <= :FEED:RF:PORT:INPut?
[2020/07/29 01:35:56.486192][I][queryEx] E6640A => RFIO1
[2020/07/29 01:35:56.489200][I][set_Modulation_Analysis] Set measurement function
[2020/07/29 01:35:56.491206][I][writeEx] E6640A <= INST:SEL LTEAFDD
[2020/07/29 01:35:56.795014][I][queryEx] E6640A <= *OPC?
[2020/07/29 01:35:56.800028][I][queryEx] E6640A => 1
[2020/07/29 01:35:56.802032][I][queryEx] E6640A <= INST:SEL?
[2020/07/29 01:35:56.807048][I][queryEx] E6640A => LTEAFDD
[2020/07/29 01:35:56.809051][I][writeEx] E6640A <= DISP:CHP:VIEW:WIND:TRAC:Y:COUP OFF
[2020/07/29 01:35:56.811058][I][set_Freq] Set frequence
[2020/07/29 01:35:56.814064][I][writeEx] E6640A <= :FREQuency:CENTer 897.4 MHz
[2020/07/29 01:35:56.816070][I][set_Continue] Set continue
[2020/07/29 01:35:56.819080][I][writeEx] E6640A <= :INIT:CONT ON
[2020/07/29 01:35:56.822087][I][set_Trigger_Free_Run] Set trigger free run
[2020/07/29 01:35:56.824092][I][writeEx] E6640A <= TRIG:CHP:SOUR IMM
[2020/07/29 01:35:57.127934][I][queryEx] E6640A <= *OPC?
[2020/07/29 01:35:57.133915][I][queryEx] E6640A => 1
[2020/07/29 01:36:01.695188][I][chk_Tx_Result] Check Tx result
[2020/07/29 01:36:01.702161][I][set_Limit_Range] Set reference value
[2020/07/29 01:36:01.705372][I][writeEx] E6640A <= DISP:CHP:VIEW:WIND:TRAC:Y:RLEV 30.0 dBm
[2020/07/29 01:36:02.008871][I][queryEx] E6640A <= *OPC?
[2020/07/29 01:36:02.019894][I][queryEx] E6640A => 1
[2020/07/29 01:36:02.022863][I][set_Limit_Range] Set power range
[2020/07/29 01:36:02.025871][I][writeEx] E6640A <= :POW:RANG 30.0 dBm
[2020/07/29 01:36:02.329648][I][queryEx] E6640A <= *OPC?
[2020/07/29 01:36:02.339675][I][queryEx] E6640A => 1
[2020/07/29 01:36:02.342957][I][set_Trigger_Video] Set trigger video
[2020/07/29 01:36:02.345373][I][writeEx] E6640A <= TRIG:CHP:SOUR IF
[2020/07/29 01:36:02.649566][I][queryEx] E6640A <= *OPC?
[2020/07/29 01:36:02.659548][I][queryEx] E6640A => 1
[2020/07/29 01:36:02.763848][I][set_Trigger_Free_Run] Set trigger free run
[2020/07/29 01:36:02.774923][I][writeEx] E6640A <= TRIG:CHP:SOUR IMM
[2020/07/29 01:36:03.085601][I][queryEx] E6640A <= *OPC?
[2020/07/29 01:36:03.095548][I][queryEx] E6640A => 1
[2020/07/29 01:36:03.098577][I][get_Power] Get Tx power
[2020/07/29 01:36:03.101588][I][queryEx] E6640A <= :FETCh:CHPower:CHPower?
[2020/07/29 01:36:03.107659][I][queryEx] E6640A => 1.412185478E+01
[2020/07/29 01:36:03.109667][I][chk_Tx_Result] Tx power(add loss: 8.500000) = 22.622000 dBm
[2020/07/29 01:36:03.113777][I][set_Continue] Set continue
[2020/07/29 01:36:03.115784][I][writeEx] E6640A <= :INIT:CONT ON
[2020/07/29 01:36:05.061322][I][set_Preset] System reset
[2020/07/29 01:36:05.066328][I][writeEx] E6640A <= *RST
[2020/07/29 01:36:05.069337][I][writeEx] E6640A <= *CLS
[2020/07/29 01:36:05.073284][I][writeEx] E6640A <= SYST:PRES
[2020/07/29 01:36:05.377440][I][queryEx] E6640A <= *OPC?
[2020/07/29 01:36:05.904988][I][queryEx] E6640A => 1
[2020/07/29 01:36:05.920611][I][set_Tx_Start] Set Tx start
[2020/07/29 01:36:05.923622][I][set_RFI_Port] Set input port
[2020/07/29 01:36:05.926630][I][writeEx] E6640A <= :FEED:RF:PORT:INPut RFIO1
[2020/07/29 01:36:05.929637][I][queryEx] E6640A <= :FEED:RF:PORT:INPut?
[2020/07/29 01:36:05.934924][I][queryEx] E6640A => RFIO1
[2020/07/29 01:36:05.937971][I][set_Modulation_Analysis] Set measurement function
[2020/07/29 01:36:05.941516][I][writeEx] E6640A <= INST:SEL LTEAFDD
[2020/07/29 01:36:06.245831][I][queryEx] E6640A <= *OPC?
[2020/07/29 01:36:06.257105][I][queryEx] E6640A => 1
[2020/07/29 01:36:06.260117][I][queryEx] E6640A <= INST:SEL?
[2020/07/29 01:36:06.267174][I][queryEx] E6640A => LTEAFDD
[2020/07/29 01:36:06.271160][I][writeEx] E6640A <= DISP:CHP:VIEW:WIND:TRAC:Y:COUP OFF
[2020/07/29 01:36:06.274358][I][set_Freq] Set frequence
[2020/07/29 01:36:06.277369][I][writeEx] E6640A <= :FREQuency:CENTer 1950.0 MHz
[2020/07/29 01:36:06.281561][I][set_Continue] Set continue
[2020/07/29 01:36:06.284387][I][writeEx] E6640A <= :INIT:CONT ON
[2020/07/29 01:36:06.287405][I][set_Trigger_Free_Run] Set trigger free run
[2020/07/29 01:36:06.290713][I][writeEx] E6640A <= TRIG:CHP:SOUR IMM
[2020/07/29 01:36:06.594353][I][queryEx] E6640A <= *OPC?
[2020/07/29 01:36:06.604461][I][queryEx] E6640A => 1
[2020/07/29 01:36:11.374525][I][chk_Tx_Result] Check Tx result
[2020/07/29 01:36:11.381536][I][set_Limit_Range] Set reference value
[2020/07/29 01:36:11.385566][I][writeEx] E6640A <= DISP:CHP:VIEW:WIND:TRAC:Y:RLEV 30.0 dBm
[2020/07/29 01:36:11.689740][I][queryEx] E6640A <= *OPC?
[2020/07/29 01:36:11.701631][I][queryEx] E6640A => 1
[2020/07/29 01:36:11.704641][I][set_Limit_Range] Set power range
[2020/07/29 01:36:11.708300][I][writeEx] E6640A <= :POW:RANG 30.0 dBm
[2020/07/29 01:36:12.013046][I][queryEx] E6640A <= *OPC?
[2020/07/29 01:36:12.023070][I][queryEx] E6640A => 1
[2020/07/29 01:36:12.026923][I][set_Trigger_Video] Set trigger video
[2020/07/29 01:36:12.029930][I][writeEx] E6640A <= TRIG:CHP:SOUR IF
[2020/07/29 01:36:12.335335][I][queryEx] E6640A <= *OPC?
[2020/07/29 01:36:12.346000][I][queryEx] E6640A => 1
[2020/07/29 01:36:12.451411][I][set_Trigger_Free_Run] Set trigger free run
[2020/07/29 01:36:12.464638][I][writeEx] E6640A <= TRIG:CHP:SOUR IMM
[2020/07/29 01:36:12.773503][I][queryEx] E6640A <= *OPC?
[2020/07/29 01:36:12.785199][I][queryEx] E6640A => 1
[2020/07/29 01:36:12.788861][I][get_Power] Get Tx power
[2020/07/29 01:36:12.791909][I][queryEx] E6640A <= :FETCh:CHPower:CHPower?
[2020/07/29 01:36:12.799062][I][queryEx] E6640A => 1.152685642E+01
[2020/07/29 01:36:12.802071][I][chk_Tx_Result] Tx power(add loss: 9.200000) = 20.727000 dBm
[2020/07/29 01:36:12.806016][I][set_Continue] Set continue
[2020/07/29 01:36:12.809375][I][writeEx] E6640A <= :INIT:CONT ON
[2020/07/29 01:36:14.743647][I][set_Preset] System reset
[2020/07/29 01:36:14.746655][I][writeEx] E6640A <= *RST
[2020/07/29 01:36:14.749892][I][writeEx] E6640A <= *CLS
[2020/07/29 01:36:14.753756][I][writeEx] E6640A <= SYST:PRES
[2020/07/29 01:36:15.061323][I][queryEx] E6640A <= *OPC?
[2020/07/29 01:36:15.565728][I][queryEx] E6640A => 1
[2020/07/29 01:36:15.582785][I][set_Tx_Start] Set Tx start
[2020/07/29 01:36:15.585777][I][set_RFI_Port] Set input port
[2020/07/29 01:36:15.588784][I][writeEx] E6640A <= :FEED:RF:PORT:INPut RFIO1
[2020/07/29 01:36:15.591792][I][queryEx] E6640A <= :FEED:RF:PORT:INPut?
[2020/07/29 01:36:15.597836][I][queryEx] E6640A => RFIO1
[2020/07/29 01:36:15.601819][I][set_Modulation_Analysis] Set measurement function
[2020/07/29 01:36:15.605486][I][writeEx] E6640A <= INST:SEL LTEAFDD
[2020/07/29 01:36:15.909361][I][queryEx] E6640A <= *OPC?
[2020/07/29 01:36:15.919521][I][queryEx] E6640A => 1
[2020/07/29 01:36:15.923548][I][queryEx] E6640A <= INST:SEL?
[2020/07/29 01:36:15.929940][I][queryEx] E6640A => LTEAFDD
[2020/07/29 01:36:15.933958][I][writeEx] E6640A <= DISP:CHP:VIEW:WIND:TRAC:Y:COUP OFF
[2020/07/29 01:36:15.937015][I][set_Freq] Set frequence
[2020/07/29 01:36:15.939974][I][writeEx] E6640A <= :FREQuency:CENTer 914.8 MHz
[2020/07/29 01:36:15.944151][I][set_Continue] Set continue
[2020/07/29 01:36:15.947162][I][writeEx] E6640A <= :INIT:CONT ON
[2020/07/29 01:36:15.950285][I][set_Trigger_Free_Run] Set trigger free run
[2020/07/29 01:36:15.953329][I][writeEx] E6640A <= TRIG:CHP:SOUR IMM
[2020/07/29 01:36:16.258028][I][queryEx] E6640A <= *OPC?
[2020/07/29 01:36:16.269275][I][queryEx] E6640A => 1
[2020/07/29 01:36:19.287500][I][chk_Tx_Result] Check Tx result
[2020/07/29 01:36:19.302499][I][set_Limit_Range] Set reference value
[2020/07/29 01:36:19.311917][I][writeEx] E6640A <= DISP:CHP:VIEW:WIND:TRAC:Y:RLEV 30.0 dBm
[2020/07/29 01:36:19.618896][I][queryEx] E6640A <= *OPC?
[2020/07/29 01:36:19.629609][I][queryEx] E6640A => 1
[2020/07/29 01:36:19.632622][I][set_Limit_Range] Set power range
[2020/07/29 01:36:19.635631][I][writeEx] E6640A <= :POW:RANG 30.0 dBm
[2020/07/29 01:36:19.941086][I][queryEx] E6640A <= *OPC?
[2020/07/29 01:36:19.952415][I][queryEx] E6640A => 1
[2020/07/29 01:36:21.957218][I][set_Trigger_Video] Set trigger video
[2020/07/29 01:36:21.965269][I][writeEx] E6640A <= TRIG:CHP:SOUR IF
[2020/07/29 01:36:22.269878][I][queryEx] E6640A <= *OPC?
[2020/07/29 01:36:22.281234][I][queryEx] E6640A => 1
[2020/07/29 01:36:22.285730][I][get_Power] Get Tx power
[2020/07/29 01:36:22.288741][I][queryEx] E6640A <= :FETCh:CHPower:CHPower?
[2020/07/29 01:36:22.924111][I][queryEx] E6640A => 2.275707245E+01
[2020/07/29 01:36:22.932160][I][chk_Tx_Result] Tx power(add loss: 8.500000) = 31.257000 dBm
[2020/07/29 01:36:22.936194][I][set_Continue] Set continue
[2020/07/29 01:36:22.940147][I][writeEx] E6640A <= :INIT:CONT ON
[2020/07/29 01:36:24.681333][I][set_Preset] System reset
[2020/07/29 01:36:24.684386][I][writeEx] E6640A <= *RST
[2020/07/29 01:36:24.688359][I][writeEx] E6640A <= *CLS
[2020/07/29 01:36:24.691361][I][writeEx] E6640A <= SYST:PRES
[2020/07/29 01:36:24.997289][I][queryEx] E6640A <= *OPC?
[2020/07/29 01:36:25.527409][I][queryEx] E6640A => 1
[2020/07/29 01:36:25.571509][I][set_Rx_Waveform] Set Rx waveform
[2020/07/29 01:36:25.584501][I][set_RFO_Port] Set output port
[2020/07/29 01:36:25.592525][I][writeEx] E6640A <= :FEED:RF:PORT:OUTPut RFIO1
[2020/07/29 01:36:25.601550][I][queryEx] E6640A <= :FEED:RF:PORT:OUTPut?
[2020/07/29 01:36:25.609440][I][queryEx] E6640A => RFIO1
[2020/07/29 01:36:25.615827][I][set_OneTone_Freq] Set One Tone frequence
[2020/07/29 01:36:25.618836][I][writeEx] E6640A <= :SOUR:FREQ 959.8 MHz
[2020/07/29 01:36:25.623462][I][set_OneTone_Power] Set One Tone power
[2020/07/29 01:36:25.626471][I][writeEx] E6640A <= :SOURce:POWer -51.5
[2020/07/29 01:36:25.629482][I][loading_Waveform] Load waveform
[2020/07/29 01:36:25.633516][I][queryEx] E6640A <= :SOURce:RADio:ARB:CATalog?
[2020/07/29 01:36:25.638893][I][queryEx] E6640A => 9600,4184704,"CTX10_RFLTE_20160809.wfm"
[2020/07/29 01:36:25.642442][I][writeEx] E6640A <= :SOUR:RAD:ARB:WAV "D:\NVARB\CTX10_RFLTE_20160809.wfm"
[2020/07/29 01:36:25.947206][I][queryEx] E6640A <= *OPC?
[2020/07/29 01:36:25.957676][I][queryEx] E6640A => 1
[2020/07/29 01:36:25.961727][I][set_ARB_ON] Set ARB ON
[2020/07/29 01:36:25.964697][I][writeEx] E6640A <= :SOUR:RAD:ARB ON
[2020/07/29 01:36:25.968709][I][set_Sample_Rate] Set Sample Rate
[2020/07/29 01:36:25.972246][I][writeEx] E6640A <= SOUR:RAD:ARB:SCL:RATE 100.0 kHz
[2020/07/29 01:36:25.975266][I][set_Modulation_ON] Set ARB ON
[2020/07/29 01:36:25.979082][I][writeEx] E6640A <= :OUTP:MOD ON
[2020/07/29 01:36:25.986046][I][set_OneTone_Start] Set One Tone start
[2020/07/29 01:36:25.989062][I][writeEx] E6640A <= OUTP ON
[2020/07/29 01:36:32.349576][I][set_OneTone_Stop] Set One Tone stop
[2020/07/29 01:36:32.358641][I][writeEx] E6640A <= OUTP OFF
[2020/07/29 01:36:50.122988][I][disconnect_E6640A] Disconnect E6640A
[2020/07/29 01:36:50.125996][I][set_Preset] System reset
[2020/07/29 01:36:50.130103][I][writeEx] E6640A <= *RST
[2020/07/29 01:36:50.133118][I][writeEx] E6640A <= *CLS
[2020/07/29 01:36:50.137125][I][writeEx] E6640A <= SYST:PRES
[2020/07/29 01:36:50.440914][I][queryEx] E6640A <= *OPC?
[2020/07/29 01:36:50.948276][I][queryEx] E6640A => 1
[2020/07/29 01:36:50.957297]========== End ==========
