[2020/07/28 09:42:04][I][getBOM] No SFIS CheckStatus
[2020/07/28 09:42:04][I][loadTestItemBySKU] Test Item List = (GFI20_RF_Zigbee,2)(GFI20_RF_LTE,1)
[2020/07/28 09:42:04][I][loadTestItemBySKU] Test Item List Element = ['GFI20_RF_Zigbee,2', 'GFI20_RF_LTE,1']
[2020/07/28 09:42:04][I][showTestingMsg] Waiting for testing...
[2020/07/28 09:42:05]---------- TestItem:GFI20_RF_Zigbee.py  Method:2 ----------
[2020/07/28 09:42:05][I][runTestItem] Test start time: 2020/07/28 09:42:05
[2020/07/28 09:42:41][I][runTestItem] Test finished
[2020/07/28 09:42:41][I][checkTestResult] Version=3.0.0.3
[2020/07/28 09:42:41][I][checkTestResult] Result=Fail
[2020/07/28 09:42:41][I][checkTestResult] Reason=Tx Power out of spec, give up calibration
[2020/07/28 09:42:41][I][checkTestResult] EC=010000S01
[2020/07/28 09:42:41]*********************************************************
[2020/07/28 09:42:41]GFI20_RF_Zigbee.py   3.0.0.3

[2020/07/28 09:42:41]			Result: Fail

[2020/07/28 09:42:41]			Method: 2

[2020/07/28 09:42:41]			Start: 2020/07/28 09:42:05

[2020/07/28 09:42:41]			End: 2020/07/28 09:42:41
[2020/07/28 09:42:41]
			Fail Reason: Tx Power out of spec, give up calibration
[2020/07/28 09:42:41][I][runTestItem] Test end time: 2020/07/28 09:42:41
