[2020/07/27 22:02:43][I][getBOM] No SFIS CheckStatus
[2020/07/27 22:02:43][I][loadTestItemBySKU] Test Item List = (GFI20_RF_Zigbee,2)(GFI20_RF_LTE,1)
[2020/07/27 22:02:43][I][loadTestItemBySKU] Test Item List Element = ['GFI20_RF_Zigbee,2', 'GFI20_RF_LTE,1']
[2020/07/27 22:02:43][I][showTestingMsg] Waiting for testing...
[2020/07/27 22:02:43]---------- TestItem:GFI20_RF_Zigbee.py  Method:2 ----------
[2020/07/27 22:02:43][I][runTestItem] Test start time: 2020/07/27 22:02:43
[2020/07/27 22:04:32][I][runTestItem] Test finished
[2020/07/27 22:04:32][I][checkTestResult] Version=3.0.0.3
[2020/07/27 22:04:32][I][checkTestResult] Result=Pass
[2020/07/27 22:04:32]*********************************************************
[2020/07/27 22:04:32]GFI20_RF_Zigbee.py   3.0.0.3

[2020/07/27 22:04:32]			Result: Pass

[2020/07/27 22:04:32]			Method: 2

[2020/07/27 22:04:32]			Start: 2020/07/27 22:02:43

[2020/07/27 22:04:32]			End: 2020/07/27 22:04:32
[2020/07/27 22:04:32][I][runTestItem] Test end time: 2020/07/27 22:04:32
[2020/07/27 22:04:32]---------- TestItem:GFI20_RF_LTE.py  Method:1 ----------
[2020/07/27 22:04:32][I][runTestItem] Test start time: 2020/07/27 22:04:32
[2020/07/27 22:06:16][I][runTestItem] Test finished
[2020/07/27 22:06:16][I][checkTestResult] Version=3.0.0.11
[2020/07/27 22:06:16][I][checkTestResult] Result=Fail
[2020/07/27 22:06:16][I][checkTestResult] Reason=Retry to connect DUT timeout.
[2020/07/27 22:06:16][I][checkTestResult] EC=010000L01
[2020/07/27 22:06:16]*********************************************************
[2020/07/27 22:06:16]GFI20_RF_LTE.py   3.0.0.11

[2020/07/27 22:06:16]			Result: Fail

[2020/07/27 22:06:16]			Method: 1

[2020/07/27 22:06:16]			Start: 2020/07/27 22:04:32

[2020/07/27 22:06:16]			End: 2020/07/27 22:06:16
[2020/07/27 22:06:16]
			Fail Reason: Retry to connect DUT timeout.
[2020/07/27 22:06:16][I][runTestItem] Test end time: 2020/07/27 22:06:16
