[2020/07/29 01:59:13][I][getBOM] Get BOM Success!
[2020/07/29 01:59:13][I][getSKU] Get SKU from BOM: BOM_SKU, SKU name: 451AOD30L02
[2020/07/29 01:59:13][I][loadTestItemBySKU] Test Item List = (GFI20Bootup.py,1)(CountDown.py,1)(GFI20_RF_Zigbee,2)(GFI20_RF_LTE,1)
[2020/07/29 01:59:13][I][loadTestItemBySKU] Test Item List Element = ['GFI20Bootup.py,1', 'CountDown.py,1', 'GFI20_RF_Zigbee,2', 'GFI20_RF_LTE,1']
[2020/07/29 01:59:13][I][showTestingMsg] Waiting for testing...
[2020/07/29 01:59:13]---------- TestItem:GFI20Bootup.py  Method:1 ----------
[2020/07/29 01:59:13][I][runTestItem] Test start time: 2020/07/29 01:59:13
[2020/07/29 01:59:20][I][runTestItem] Test finished
[2020/07/29 01:59:20][I][checkTestResult] Version=3.0.0.3
[2020/07/29 01:59:20][I][checkTestResult] Result=Pass
[2020/07/29 01:59:20]*********************************************************
[2020/07/29 01:59:20]GFI20Bootup.py   3.0.0.3

[2020/07/29 01:59:20]			Result: Pass

[2020/07/29 01:59:20]			Method: 1

[2020/07/29 01:59:20]			Start: 2020/07/29 01:59:13

[2020/07/29 01:59:20]			End: 2020/07/29 01:59:20
[2020/07/29 01:59:20][I][runTestItem] Test end time: 2020/07/29 01:59:20
[2020/07/29 01:59:20]---------- TestItem:CountDown.py  Method:1 ----------
[2020/07/29 01:59:20][I][runTestItem] Test start time: 2020/07/29 01:59:20
[2020/07/29 02:00:12][I][runTestItem] Test finished
[2020/07/29 02:00:12][I][checkTestResult] Version=3.0.0.3
[2020/07/29 02:00:12][I][checkTestResult] Result=Pass
[2020/07/29 02:00:12]*********************************************************
[2020/07/29 02:00:12]CountDown.py   3.0.0.3

[2020/07/29 02:00:12]			Result: Pass

[2020/07/29 02:00:12]			Method: 1

[2020/07/29 02:00:12]			Start: 2020/07/29 01:59:20

[2020/07/29 02:00:12]			End: 2020/07/29 02:00:12
[2020/07/29 02:00:12][I][runTestItem] Test end time: 2020/07/29 02:00:12
[2020/07/29 02:00:12]---------- TestItem:GFI20_RF_Zigbee.py  Method:2 ----------
[2020/07/29 02:00:12][I][runTestItem] Test start time: 2020/07/29 02:00:12
[2020/07/29 02:00:54][I][runTestItem] Test finished
[2020/07/29 02:00:54][I][checkTestResult] Version=3.0.0.3
[2020/07/29 02:00:54][I][checkTestResult] Result=Fail
[2020/07/29 02:00:54][I][checkTestResult] Reason=ZIGBEE_2450 2425
Tx Current FAIL
[2020/07/29 02:00:54][I][checkTestResult] EC=010000S01
[2020/07/29 02:00:54]*********************************************************
[2020/07/29 02:00:54]GFI20_RF_Zigbee.py   3.0.0.3

[2020/07/29 02:00:54]			Result: Fail

[2020/07/29 02:00:54]			Method: 2

[2020/07/29 02:00:54]			Start: 2020/07/29 02:00:12

[2020/07/29 02:00:54]			End: 2020/07/29 02:00:54
[2020/07/29 02:00:54]
			Fail Reason: ZIGBEE_2450 2425
Tx Current FAIL
[2020/07/29 02:00:54][I][runTestItem] Test end time: 2020/07/29 02:00:54
[2020/07/29 02:00:55][I][runLastScript] Waiting for ending...
[2020/07/29 02:00:55]---------- TestItem:GFI20LastScript.py  Method:1 ----------
[2020/07/29 02:00:56][I][runLastScript] Test start time: 2020/07/29 02:00:55
[2020/07/29 02:01:37][I][runLastScript] Test finished
[2020/07/29 02:01:37][I][runLastScript] Test end time: 2020/07/29 02:01:37
[2020/07/29 02:01:37][I][checkTestResult] Version=3.0.0.6
[2020/07/29 02:01:37][I][checkTestResult] Result=Pass
[2020/07/29 02:01:37]*********************************************************
[2020/07/29 02:01:37]GFI20LastScript.py   3.0.0.6

[2020/07/29 02:01:37]			Result: Pass

[2020/07/29 02:01:37]			Method: 1

[2020/07/29 02:01:37]			Start: 2020/07/29 02:00:55

[2020/07/29 02:01:37]			End: 2020/07/29 02:01:37
