[2020/07/29 02:00:13.645627]========== Start ==========
[2020/07/29 02:00:13.646634][I][class_E6640A_ZIGBEE] Initial class_E6640A_ZIGBEE
[2020/07/29 02:00:13.648638][I][class_E6640A_ZIGBEE] Version: 3.0.0.2
[2020/07/29 02:00:13.653920][I][connect_E6640A] Connect to E6640A
[2020/07/29 02:00:13.664119][I][connect_E6640A] Resource Manager of Visa Library at C:\Windows\system32\visa32.dll
[2020/07/29 02:00:13.716258][I][queryEx] E6640A <= *IDN?
[2020/07/29 02:00:13.721220][I][queryEx] E6640A => Keysight Technologies,E6640A,MY57150246,E.19.71
[2020/07/29 02:00:13.723226][I][set_Preset] System reset
[2020/07/29 02:00:13.725231][I][writeEx] E6640A <= *RST
[2020/07/29 02:00:13.727235][I][writeEx] E6640A <= *CLS
[2020/07/29 02:00:13.730247][I][writeEx] E6640A <= SYST:PRES
[2020/07/29 02:00:14.033327][I][queryEx] E6640A <= *OPC?
[2020/07/29 02:00:14.568669][I][queryEx] E6640A => 1
[2020/07/29 02:00:14.577216][I][set_Preset] System reset
[2020/07/29 02:00:14.579335][I][writeEx] E6640A <= *RST
[2020/07/29 02:00:14.581342][I][writeEx] E6640A <= *CLS
[2020/07/29 02:00:14.583347][I][writeEx] E6640A <= SYST:PRES
[2020/07/29 02:00:14.887089][I][queryEx] E6640A <= *OPC?
[2020/07/29 02:00:15.464187][I][queryEx] E6640A => 1
[2020/07/29 02:00:15.749200][I][set_Preset] System reset
[2020/07/29 02:00:15.751378][I][writeEx] E6640A <= *RST
[2020/07/29 02:00:15.753385][I][writeEx] E6640A <= *CLS
[2020/07/29 02:00:15.756125][I][writeEx] E6640A <= SYST:PRES
[2020/07/29 02:00:16.059588][I][queryEx] E6640A <= *OPC?
[2020/07/29 02:00:16.574099][I][queryEx] E6640A => 1
[2020/07/29 02:00:16.587140][I][set_Tx_Start] Set Tx start
[2020/07/29 02:00:16.589986][I][set_RFI_Port] Set input port
[2020/07/29 02:00:16.591995][I][writeEx] E6640A <= :FEED:RF:PORT:INPut RFIO1
[2020/07/29 02:00:16.595040][I][queryEx] E6640A <= :FEED:RF:PORT:INPut?
[2020/07/29 02:00:16.600152][I][queryEx] E6640A => RFIO1
[2020/07/29 02:00:16.603166][I][set_Modulation_Analysis] Set measurement function
[2020/07/29 02:00:16.605807][I][writeEx] E6640A <= INST:SEL VSA
[2020/07/29 02:00:16.909811][I][queryEx] E6640A <= *OPC?
[2020/07/29 02:00:16.924234][I][queryEx] E6640A => 1
[2020/07/29 02:00:16.930014][I][queryEx] E6640A <= INST:SEL?
[2020/07/29 02:00:16.935069][I][queryEx] E6640A => VSA
[2020/07/29 02:00:16.938423][I][writeEx] E6640A <= :CONFigure:DDEMod
[2020/07/29 02:00:17.241849][I][queryEx] E6640A <= *OPC?
[2020/07/29 02:00:17.405531][I][queryEx] E6640A => 1
[2020/07/29 02:00:17.411540][I][init_Zigbee_Mode] Initial Zigbee mode
[2020/07/29 02:00:17.414548][I][writeEx] E6640A <= :DDEM:STAN:PRES ZIGBEE2450
[2020/07/29 02:00:17.718530][I][queryEx] E6640A <= *OPC?
[2020/07/29 02:00:17.728336][I][queryEx] E6640A => 1
[2020/07/29 02:00:17.731453][I][set_Continue] Set continue
[2020/07/29 02:00:17.733825][I][writeEx] E6640A <= :INIT:CONT ON
[2020/07/29 02:00:17.736836][I][set_Freq] Set frequence
[2020/07/29 02:00:17.738841][I][writeEx] E6640A <= :FREQuency:CENTer 2425.0 MHz
[2020/07/29 02:00:17.742464][I][set_XScale_Span] Set frequence span
[2020/07/29 02:00:17.745215][I][writeEx] E6640A <= :FREQuency:SPAN 10000.000000 KHZ
[2020/07/29 02:00:17.747222][I][set_Power_Range] Get power range
[2020/07/29 02:00:17.750879][I][writeEx] E6640A <= :POW:RANG 20.000000
[2020/07/29 02:00:17.753729][I][set_Symbol_Rate] Get symbol rate
[2020/07/29 02:00:17.755736][I][writeEx] E6640A <= :DDEMod:SRATe 1000.000000 kHz
[2020/07/29 02:00:17.759502][I][set_Meas_Interval] Get meas interval
[2020/07/29 02:00:17.761508][I][writeEx] E6640A <= :DDEMod:SWEep:POINts 500
[2020/07/29 02:00:17.764517][I][set_Zigbee_TX_BandPower] Set marker function
[2020/07/29 02:00:17.767524][I][writeEx] E6640A <= CALC:DDEMod:MARK1:MODE POS
[2020/07/29 02:00:17.771132][I][writeEx] E6640A <= CALC:DDEMod:MARK1:TRAC 2
[2020/07/29 02:00:17.774120][I][writeEx] E6640A <= CALC:DDEMod:MARK1:FUNC BPOW
[2020/07/29 02:00:17.776127][I][writeEx] E6640A <= CALC:DDEMod:MARK1:FUNC:BPOW:CTYP MEAN
[2020/07/29 02:00:17.780136][I][writeEx] E6640A <= CALC:DDEMod:MARK1:FUNC:BAND:CENT 2425000000.000000
[2020/07/29 02:00:18.084743][I][queryEx] E6640A <= *OPC?
[2020/07/29 02:00:18.094326][I][queryEx] E6640A => 1
[2020/07/29 02:00:18.097585][I][queryEx] E6640A <= CALC:DDEMod:MARK1:FUNC:BAND:CENT?
[2020/07/29 02:00:18.104071][I][queryEx] E6640A => 2.425000000E+09
[2020/07/29 02:00:18.107078][I][writeEx] E6640A <= CALC:DDEMod:MARK1:FUNC:BAND:SPAN 10000000.000000
[2020/07/29 02:00:18.412746][I][queryEx] E6640A <= *OPC?
[2020/07/29 02:00:18.421126][I][queryEx] E6640A => 1
[2020/07/29 02:00:18.425141][I][set_Trigger_Video] Set trigger video
[2020/07/29 02:00:18.428668][I][writeEx] E6640A <= TRIG:DDEM:SOUR VID
[2020/07/29 02:00:18.733565][I][queryEx] E6640A <= *OPC?
[2020/07/29 02:00:18.743601][I][queryEx] E6640A => 1
[2020/07/29 02:00:18.751293][I][set_Trigger_Level] Set trigger level
[2020/07/29 02:00:18.754533][I][writeEx] E6640A <= :TRIGger:VIDeo:LEVel 30.000000 mV
[2020/07/29 02:00:18.757585][I][set_Trigger_Delay] Set trigger delay
[2020/07/29 02:00:18.761647][I][writeEx] E6640A <= :TRIGger:VIDeo:DELay:STATe ON
[2020/07/29 02:00:18.764722][I][queryEx] E6640A <= :TRIGger:VIDeo:DELay:STATe?
[2020/07/29 02:00:18.823490][I][queryEx] E6640A => 1
[2020/07/29 02:00:18.833521][I][writeEx] E6640A <= :TRIGger:VIDeo:DELay:STATe ON
[2020/07/29 02:00:18.840540][I][writeEx] E6640A <= :TRIGger:VIDeo:DELay 0.300000 ms
[2020/07/29 02:00:18.847556][I][init_Trigger_Reg] Initial trigger status register
[2020/07/29 02:00:18.850608][I][writeEx] E6640A <= *CLS
[2020/07/29 02:00:18.853572][I][writeEx] E6640A <= :STATus:PRESet
[2020/07/29 02:00:18.857588][I][writeEx] E6640A <= *SRE 192
[2020/07/29 02:00:18.860598][I][writeEx] E6640A <= :STATus:OPERation:ENABle 32
[2020/07/29 02:00:18.863605][I][writeEx] E6640A <= *CLS
[2020/07/29 02:00:18.867617][I][queryEx] E6640A <= *STB?
[2020/07/29 02:00:18.913783][I][queryEx] E6640A => 0
[2020/07/29 02:00:18.917809][I][init_Trigger_Reg] Status: 0
[2020/07/29 02:00:27.823364][I][chk_Tx_Result] Check Tx result
[2020/07/29 02:00:27.827414][I][get_Trigger_Status] Get trigger status
[2020/07/29 02:00:27.831431][I][queryEx] E6640A <= *STB?
[2020/07/29 02:00:27.838211][I][queryEx] E6640A => 192
[2020/07/29 02:00:27.842242][I][get_Trigger_Status] Status: 192
[2020/07/29 02:00:27.846259]Is triggered!
[2020/07/29 02:00:27.850623][I][writeEx] E6640A <= *CLS
[2020/07/29 02:00:27.854738][I][set_Continue] Set continue
[2020/07/29 02:00:27.857748][I][writeEx] E6640A <= :INIT:CONT ON
[2020/07/29 02:00:27.963446][I][set_Single] Set single
[2020/07/29 02:00:27.976488][I][writeEx] E6640A <= :INIT:CONT OFF
[2020/07/29 02:00:27.984260][I][set_Zigbee_TX_BandPower] Set marker function
[2020/07/29 02:00:27.987542][I][writeEx] E6640A <= CALC:DDEMod:MARK1:MODE POS
[2020/07/29 02:00:27.990889][I][writeEx] E6640A <= CALC:DDEMod:MARK1:TRAC 2
[2020/07/29 02:00:27.994329][I][writeEx] E6640A <= CALC:DDEMod:MARK1:FUNC BPOW
[2020/07/29 02:00:27.997648][I][writeEx] E6640A <= CALC:DDEMod:MARK1:FUNC:BPOW:CTYP MEAN
[2020/07/29 02:00:28.001075][I][writeEx] E6640A <= CALC:DDEMod:MARK1:FUNC:BAND:CENT 2425000000.000000
[2020/07/29 02:00:28.305793][I][queryEx] E6640A <= *OPC?
[2020/07/29 02:00:28.317839][I][queryEx] E6640A => 1
[2020/07/29 02:00:28.321841][I][queryEx] E6640A <= CALC:DDEMod:MARK1:FUNC:BAND:CENT?
[2020/07/29 02:00:28.329019][I][queryEx] E6640A => 2.425000000E+09
[2020/07/29 02:00:28.332389][I][writeEx] E6640A <= CALC:DDEMod:MARK1:FUNC:BAND:SPAN 10000000.000000
[2020/07/29 02:00:28.636948][I][queryEx] E6640A <= *OPC?
[2020/07/29 02:00:28.647986][I][queryEx] E6640A => 1
[2020/07/29 02:00:28.650933][I][get_Power] Get Tx power
[2020/07/29 02:00:28.653940][I][queryEx] E6640A <= :CALC:DDEMod:MARK1:Y?
[2020/07/29 02:00:28.660974][I][queryEx] E6640A => 2.282359248E+00
[2020/07/29 02:00:28.664022][I][chk_Tx_Result] Tx power(add loss: 8.200000) = 10.482000 dBm
[2020/07/29 02:00:28.666975][I][read_DDEMod_Array] Read measurement result
[2020/07/29 02:00:28.670911][I][queryEx] E6640A <= :READ:DDEMod?
[2020/07/29 02:00:28.816233][I][queryEx] E6640A => 1.305859375E+01,3.989976501E+01,2.230000000E+02,2.974106073E+00,1.443146801E+01,2.230000000E+02,9.91E+37,9.91E+37,9.91E+37,3.110657632E-01,-7.579028606E-01,1.940000000E+02,1.062646389E+01,3.272013855E+01,2.230000000E+02,1.692372070E+04,9.91E+37,9.91E+37,9.91E+37,9.91E+37,9.91E+37,-4.844744873E+01,9.91E+37,9.661782980E-01,9.325611591E-02,3.062608540E-01,9.91E+37,9.91E+37,9.91E+37,9.91E+37,9.91E+37,9.91E+37,9.91E+37,9.91E+37,9.91E+37,9.91E+37,9.91E+37,9.91E+37,9.91E+37,9.91E+37,9.91E+37,9.91E+37,9.91E+37,9.91E+37,9.91E+37,9.91E+37,9.91E+37,9.91E+37,9.91E+37,9.91E+37,9.91E+37,9.91E+37,9.91E+37,9.91E+37,9.91E+37,9.91E+37,9.91E+37,9.91E+37,9.91E+37,9.91E+37,9.91E+37,3.731854958E-03,-6.087673828E-04
[2020/07/29 02:00:28.825250][I][set_Continue] Set continue
[2020/07/29 02:00:28.828706][I][writeEx] E6640A <= :INIT:CONT ON
[2020/07/29 02:00:39.212368][I][chk_Tx_Result] Check Tx result
[2020/07/29 02:00:39.220351][I][get_Trigger_Status] Get trigger status
[2020/07/29 02:00:39.223364][I][queryEx] E6640A <= *STB?
[2020/07/29 02:00:39.230716][I][queryEx] E6640A => 192
[2020/07/29 02:00:39.234425][I][get_Trigger_Status] Status: 192
[2020/07/29 02:00:39.237449]Is triggered!
[2020/07/29 02:00:39.241460][I][writeEx] E6640A <= *CLS
[2020/07/29 02:00:39.245502][I][set_Continue] Set continue
[2020/07/29 02:00:39.248679][I][writeEx] E6640A <= :INIT:CONT ON
[2020/07/29 02:00:39.353617][I][set_Single] Set single
[2020/07/29 02:00:39.368075][I][writeEx] E6640A <= :INIT:CONT OFF
[2020/07/29 02:00:39.371085][I][set_Zigbee_TX_BandPower] Set marker function
[2020/07/29 02:00:39.375097][I][writeEx] E6640A <= CALC:DDEMod:MARK1:MODE POS
[2020/07/29 02:00:39.379106][I][writeEx] E6640A <= CALC:DDEMod:MARK1:TRAC 2
[2020/07/29 02:00:39.383132][I][writeEx] E6640A <= CALC:DDEMod:MARK1:FUNC BPOW
[2020/07/29 02:00:39.387129][I][writeEx] E6640A <= CALC:DDEMod:MARK1:FUNC:BPOW:CTYP MEAN
[2020/07/29 02:00:39.390138][I][writeEx] E6640A <= CALC:DDEMod:MARK1:FUNC:BAND:CENT 2425000000.000000
[2020/07/29 02:00:39.695524][I][queryEx] E6640A <= *OPC?
[2020/07/29 02:00:39.705704][I][queryEx] E6640A => 1
[2020/07/29 02:00:39.708714][I][queryEx] E6640A <= CALC:DDEMod:MARK1:FUNC:BAND:CENT?
[2020/07/29 02:00:39.715888][I][queryEx] E6640A => 2.425000000E+09
[2020/07/29 02:00:39.719857][I][writeEx] E6640A <= CALC:DDEMod:MARK1:FUNC:BAND:SPAN 10000000.000000
[2020/07/29 02:00:40.025079][I][queryEx] E6640A <= *OPC?
[2020/07/29 02:00:40.035797][I][queryEx] E6640A => 1
[2020/07/29 02:00:40.039813][I][get_Power] Get Tx power
[2020/07/29 02:00:40.043841][I][queryEx] E6640A <= :CALC:DDEMod:MARK1:Y?
[2020/07/29 02:00:40.050028][I][queryEx] E6640A => 1.286570420E+00
[2020/07/29 02:00:40.055139][I][chk_Tx_Result] Tx power(add loss: 8.200000) = 9.487000 dBm
[2020/07/29 02:00:40.058149][I][read_DDEMod_Array] Read measurement result
[2020/07/29 02:00:40.062722][I][queryEx] E6640A <= :READ:DDEMod?
[2020/07/29 02:00:40.313031][I][queryEx] E6640A => 1.405470657E+01,3.483737183E+01,4.220000000E+02,3.089934349E+00,1.108336830E+01,4.220000000E+02,9.91E+37,9.91E+37,9.91E+37,3.201082647E-01,7.856130600E-01,3.000000000E+00,1.143427563E+01,-2.858014107E+01,4.220000000E+02,1.678703711E+04,9.91E+37,9.91E+37,9.91E+37,9.91E+37,9.91E+37,-4.869020081E+01,9.91E+37,9.608587623E-01,3.792528808E-02,3.254660070E-01,9.91E+37,9.91E+37,9.91E+37,9.91E+37,9.91E+37,9.91E+37,9.91E+37,9.91E+37,9.91E+37,9.91E+37,9.91E+37,9.91E+37,9.91E+37,9.91E+37,9.91E+37,9.91E+37,9.91E+37,9.91E+37,9.91E+37,9.91E+37,9.91E+37,9.91E+37,9.91E+37,9.91E+37,9.91E+37,9.91E+37,9.91E+37,9.91E+37,9.91E+37,9.91E+37,9.91E+37,9.91E+37,9.91E+37,9.91E+37,9.91E+37,2.719413256E-03,-2.474852372E-03
[2020/07/29 02:00:40.321094][I][set_Continue] Set continue
[2020/07/29 02:00:40.325173][I][writeEx] E6640A <= :INIT:CONT ON
[2020/07/29 02:00:52.328518][I][disconnect_E6640A] Disconnect E6640A
[2020/07/29 02:00:52.335554]========== End ==========
