[2020/08/03 14:29:47.492412]========== Start ==========
[2020/08/03 14:29:47.493418][I][class_E6640A_LTE] Initial class_E6640A_LTE
[2020/08/03 14:29:47.495425][I][class_E6640A_LTE] Version: 3.0.0.3
[2020/08/03 14:29:47.500456][I][connect_E6640A] Connect to E6640A
[2020/08/03 14:29:47.509487][I][connect_E6640A] Resource Manager of Visa Library at C:\Windows\system32\visa64.dll
[2020/08/03 14:29:47.557859][I][queryEx] E6640A <= *IDN?
[2020/08/03 14:29:47.563059][I][queryEx] E6640A => Keysight Technologies,E6640A,MY57150246,E.19.71
[2020/08/03 14:29:47.565852][I][set_Preset] System reset
[2020/08/03 14:29:47.567917][I][writeEx] E6640A <= *RST
[2020/08/03 14:29:47.569863][I][writeEx] E6640A <= *CLS
[2020/08/03 14:29:47.573180][I][writeEx] E6640A <= SYST:PRES
[2020/08/03 14:29:47.875962][I][queryEx] E6640A <= *OPC?
[2020/08/03 14:29:48.627301][I][queryEx] E6640A => 1
[2020/08/03 14:29:48.633258][I][set_Preset] System reset
[2020/08/03 14:29:48.635262][I][writeEx] E6640A <= *RST
[2020/08/03 14:29:48.638272][I][writeEx] E6640A <= *CLS
[2020/08/03 14:29:48.640275][I][writeEx] E6640A <= SYST:PRES
[2020/08/03 14:29:48.943131][I][queryEx] E6640A <= *OPC?
[2020/08/03 14:29:49.701145][I][queryEx] E6640A => 1
[2020/08/03 14:29:50.082297][I][set_Preset] System reset
[2020/08/03 14:29:50.084303][I][writeEx] E6640A <= *RST
[2020/08/03 14:29:50.087310][I][writeEx] E6640A <= *CLS
[2020/08/03 14:29:50.089316][I][writeEx] E6640A <= SYST:PRES
[2020/08/03 14:29:50.394838][I][queryEx] E6640A <= *OPC?
[2020/08/03 14:29:51.128594][I][queryEx] E6640A => 1
[2020/08/03 14:29:51.141577][I][set_Tx_Start] Set Tx start
[2020/08/03 14:29:51.144582][I][set_RFI_Port] Set input port
[2020/08/03 14:29:51.147625][I][writeEx] E6640A <= :FEED:RF:PORT:INPut RFIO1
[2020/08/03 14:29:51.150675][I][queryEx] E6640A <= :FEED:RF:PORT:INPut?
[2020/08/03 14:29:51.156085][I][queryEx] E6640A => RFIO1
[2020/08/03 14:29:51.159099][I][set_Modulation_Analysis] Set measurement function
[2020/08/03 14:29:51.163110][I][writeEx] E6640A <= INST:SEL LTEAFDD
[2020/08/03 14:29:51.467431][I][queryEx] E6640A <= *OPC?
[2020/08/03 14:29:51.480521][I][queryEx] E6640A => 1
[2020/08/03 14:29:51.486532][I][queryEx] E6640A <= INST:SEL?
[2020/08/03 14:29:51.494023][I][queryEx] E6640A => LTEAFDD
[2020/08/03 14:29:51.497033][I][writeEx] E6640A <= DISP:CHP:VIEW:WIND:TRAC:Y:COUP OFF
[2020/08/03 14:29:51.500041][I][set_Freq] Set frequence
[2020/08/03 14:29:51.503085][I][writeEx] E6640A <= :FREQuency:CENTer 897.4 MHz
[2020/08/03 14:29:51.506096][I][set_Continue] Set continue
[2020/08/03 14:29:51.510071][I][writeEx] E6640A <= :INIT:CONT ON
[2020/08/03 14:29:51.513127][I][set_Trigger_Free_Run] Set trigger free run
[2020/08/03 14:29:51.516115][I][writeEx] E6640A <= TRIG:CHP:SOUR IMM
[2020/08/03 14:29:51.821497][I][queryEx] E6640A <= *OPC?
[2020/08/03 14:29:51.830618][I][queryEx] E6640A => 1
[2020/08/03 14:29:56.407533][I][chk_Tx_Result] Check Tx result
[2020/08/03 14:29:56.411544][I][set_Limit_Range] Set reference value
[2020/08/03 14:29:56.414586][I][writeEx] E6640A <= DISP:CHP:VIEW:WIND:TRAC:Y:RLEV 30.0 dBm
[2020/08/03 14:29:56.720246][I][queryEx] E6640A <= *OPC?
[2020/08/03 14:29:56.729782][I][queryEx] E6640A => 1
[2020/08/03 14:29:56.734801][I][set_Limit_Range] Set power range
[2020/08/03 14:29:56.737875][I][writeEx] E6640A <= :POW:RANG 30.0 dBm
[2020/08/03 14:29:57.041539][I][queryEx] E6640A <= *OPC?
[2020/08/03 14:29:57.051246][I][queryEx] E6640A => 1
[2020/08/03 14:29:57.055295][I][set_Trigger_Video] Set trigger video
[2020/08/03 14:29:57.058268][I][writeEx] E6640A <= TRIG:CHP:SOUR IF
[2020/08/03 14:29:57.363244][I][queryEx] E6640A <= *OPC?
[2020/08/03 14:29:57.371798][I][queryEx] E6640A => 1
[2020/08/03 14:29:57.478283][I][set_Trigger_Free_Run] Set trigger free run
[2020/08/03 14:29:57.485921][I][writeEx] E6640A <= TRIG:CHP:SOUR IMM
[2020/08/03 14:29:57.790378][I][queryEx] E6640A <= *OPC?
[2020/08/03 14:29:57.799935][I][queryEx] E6640A => 1
[2020/08/03 14:29:57.804149][I][get_Power] Get Tx power
[2020/08/03 14:29:57.807159][I][queryEx] E6640A <= :FETCh:CHPower:CHPower?
[2020/08/03 14:29:57.813547][I][queryEx] E6640A => 1.398084068E+01
[2020/08/03 14:29:57.817625][I][chk_Tx_Result] Tx power(add loss: 8.500000) = 22.481000 dBm
[2020/08/03 14:29:57.820636][I][set_Continue] Set continue
[2020/08/03 14:29:57.823644][I][writeEx] E6640A <= :INIT:CONT ON
[2020/08/03 14:29:59.783981][I][set_Preset] System reset
[2020/08/03 14:29:59.787948][I][writeEx] E6640A <= *RST
[2020/08/03 14:29:59.790993][I][writeEx] E6640A <= *CLS
[2020/08/03 14:29:59.794968][I][writeEx] E6640A <= SYST:PRES
[2020/08/03 14:30:00.099983][I][queryEx] E6640A <= *OPC?
[2020/08/03 14:30:00.787467][I][queryEx] E6640A => 1
[2020/08/03 14:30:00.802305][I][set_Tx_Start] Set Tx start
[2020/08/03 14:30:00.805319][I][set_RFI_Port] Set input port
[2020/08/03 14:30:00.809338][I][writeEx] E6640A <= :FEED:RF:PORT:INPut RFIO1
[2020/08/03 14:30:00.813810][I][queryEx] E6640A <= :FEED:RF:PORT:INPut?
[2020/08/03 14:30:00.819244][I][queryEx] E6640A => RFIO1
[2020/08/03 14:30:00.823255][I][set_Modulation_Analysis] Set measurement function
[2020/08/03 14:30:00.826262][I][writeEx] E6640A <= INST:SEL LTEAFDD
[2020/08/03 14:30:01.132126][I][queryEx] E6640A <= *OPC?
[2020/08/03 14:30:01.142590][I][queryEx] E6640A => 1
[2020/08/03 14:30:01.146604][I][queryEx] E6640A <= INST:SEL?
[2020/08/03 14:30:01.152621][I][queryEx] E6640A => LTEAFDD
[2020/08/03 14:30:01.156631][I][writeEx] E6640A <= DISP:CHP:VIEW:WIND:TRAC:Y:COUP OFF
[2020/08/03 14:30:01.159685][I][set_Freq] Set frequence
[2020/08/03 14:30:01.163690][I][writeEx] E6640A <= :FREQuency:CENTer 1950.0 MHz
[2020/08/03 14:30:01.168095][I][set_Continue] Set continue
[2020/08/03 14:30:01.172690][I][writeEx] E6640A <= :INIT:CONT ON
[2020/08/03 14:30:01.175701][I][set_Trigger_Free_Run] Set trigger free run
[2020/08/03 14:30:01.179710][I][writeEx] E6640A <= TRIG:CHP:SOUR IMM
[2020/08/03 14:30:01.485701][I][queryEx] E6640A <= *OPC?
[2020/08/03 14:30:01.497073][I][queryEx] E6640A => 1
[2020/08/03 14:30:05.850861][I][chk_Tx_Result] Check Tx result
[2020/08/03 14:30:05.855887][I][set_Limit_Range] Set reference value
[2020/08/03 14:30:05.859873][I][writeEx] E6640A <= DISP:CHP:VIEW:WIND:TRAC:Y:RLEV 30.0 dBm
[2020/08/03 14:30:06.165702][I][queryEx] E6640A <= *OPC?
[2020/08/03 14:30:06.175011][I][queryEx] E6640A => 1
[2020/08/03 14:30:06.180026][I][set_Limit_Range] Set power range
[2020/08/03 14:30:06.184049][I][writeEx] E6640A <= :POW:RANG 30.0 dBm
[2020/08/03 14:30:06.491159][I][queryEx] E6640A <= *OPC?
[2020/08/03 14:30:06.508862][I][queryEx] E6640A => 1
[2020/08/03 14:30:06.514884][I][set_Trigger_Video] Set trigger video
[2020/08/03 14:30:06.519023][I][writeEx] E6640A <= TRIG:CHP:SOUR IF
[2020/08/03 14:30:06.823642][I][queryEx] E6640A <= *OPC?
[2020/08/03 14:30:06.832889][I][queryEx] E6640A => 1
[2020/08/03 14:30:06.937799][I][set_Trigger_Free_Run] Set trigger free run
[2020/08/03 14:30:06.944956][I][writeEx] E6640A <= TRIG:CHP:SOUR IMM
[2020/08/03 14:30:07.249403][I][queryEx] E6640A <= *OPC?
[2020/08/03 14:30:07.257905][I][queryEx] E6640A => 1
[2020/08/03 14:30:07.262096][I][get_Power] Get Tx power
[2020/08/03 14:30:07.265106][I][queryEx] E6640A <= :FETCh:CHPower:CHPower?
[2020/08/03 14:30:07.272421][I][queryEx] E6640A => 1.151359844E+01
[2020/08/03 14:30:07.276063][I][chk_Tx_Result] Tx power(add loss: 9.200000) = 20.714000 dBm
[2020/08/03 14:30:07.279074][I][set_Continue] Set continue
[2020/08/03 14:30:07.283149][I][writeEx] E6640A <= :INIT:CONT ON
[2020/08/03 14:30:09.248885][I][set_Preset] System reset
[2020/08/03 14:30:09.252859][I][writeEx] E6640A <= *RST
[2020/08/03 14:30:09.256869][I][writeEx] E6640A <= *CLS
[2020/08/03 14:30:09.260881][I][writeEx] E6640A <= SYST:PRES
[2020/08/03 14:30:09.566639][I][queryEx] E6640A <= *OPC?
[2020/08/03 14:30:10.286198][I][queryEx] E6640A => 1
[2020/08/03 14:30:10.302193][I][set_Tx_Start] Set Tx start
[2020/08/03 14:30:10.306203][I][set_RFI_Port] Set input port
[2020/08/03 14:30:10.310214][I][writeEx] E6640A <= :FEED:RF:PORT:INPut RFIO1
[2020/08/03 14:30:10.313502][I][queryEx] E6640A <= :FEED:RF:PORT:INPut?
[2020/08/03 14:30:10.319648][I][queryEx] E6640A => RFIO1
[2020/08/03 14:30:10.323531][I][set_Modulation_Analysis] Set measurement function
[2020/08/03 14:30:10.327542][I][writeEx] E6640A <= INST:SEL LTEAFDD
[2020/08/03 14:30:10.633403][I][queryEx] E6640A <= *OPC?
[2020/08/03 14:30:10.642540][I][queryEx] E6640A => 1
[2020/08/03 14:30:10.647406][I][queryEx] E6640A <= INST:SEL?
[2020/08/03 14:30:10.654429][I][queryEx] E6640A => LTEAFDD
[2020/08/03 14:30:10.659441][I][writeEx] E6640A <= DISP:CHP:VIEW:WIND:TRAC:Y:COUP OFF
[2020/08/03 14:30:10.663452][I][set_Freq] Set frequence
[2020/08/03 14:30:10.668450][I][writeEx] E6640A <= :FREQuency:CENTer 914.8 MHz
[2020/08/03 14:30:10.672500][I][set_Continue] Set continue
[2020/08/03 14:30:10.677504][I][writeEx] E6640A <= :INIT:CONT ON
[2020/08/03 14:30:10.681517][I][set_Trigger_Free_Run] Set trigger free run
[2020/08/03 14:30:10.684527][I][writeEx] E6640A <= TRIG:CHP:SOUR IMM
[2020/08/03 14:30:10.991252][I][queryEx] E6640A <= *OPC?
[2020/08/03 14:30:11.001315][I][queryEx] E6640A => 1
[2020/08/03 14:30:13.984417][I][chk_Tx_Result] Check Tx result
[2020/08/03 14:30:13.991440][I][set_Limit_Range] Set reference value
[2020/08/03 14:30:13.996498][I][writeEx] E6640A <= DISP:CHP:VIEW:WIND:TRAC:Y:RLEV 30.0 dBm
[2020/08/03 14:30:14.302243][I][queryEx] E6640A <= *OPC?
[2020/08/03 14:30:14.312015][I][queryEx] E6640A => 1
[2020/08/03 14:30:14.317032][I][set_Limit_Range] Set power range
[2020/08/03 14:30:14.321043][I][writeEx] E6640A <= :POW:RANG 30.0 dBm
[2020/08/03 14:30:14.626765][I][queryEx] E6640A <= *OPC?
[2020/08/03 14:30:14.636150][I][queryEx] E6640A => 1
[2020/08/03 14:30:16.642690][I][set_Trigger_Video] Set trigger video
[2020/08/03 14:30:16.651647][I][writeEx] E6640A <= TRIG:CHP:SOUR IF
[2020/08/03 14:30:16.956740][I][queryEx] E6640A <= *OPC?
[2020/08/03 14:30:16.965535][I][queryEx] E6640A => 1
[2020/08/03 14:30:16.972657][I][get_Power] Get Tx power
[2020/08/03 14:30:16.975702][I][queryEx] E6640A <= :FETCh:CHPower:CHPower?
[2020/08/03 14:30:17.606164][I][queryEx] E6640A => 2.297106934E+01
[2020/08/03 14:30:17.614171][I][chk_Tx_Result] Tx power(add loss: 8.500000) = 31.471000 dBm
[2020/08/03 14:30:17.619149][I][set_Continue] Set continue
[2020/08/03 14:30:17.623198][I][writeEx] E6640A <= :INIT:CONT ON
[2020/08/03 14:30:19.356967][I][set_Preset] System reset
[2020/08/03 14:30:19.359976][I][writeEx] E6640A <= *RST
[2020/08/03 14:30:19.365290][I][writeEx] E6640A <= *CLS
[2020/08/03 14:30:19.368337][I][writeEx] E6640A <= SYST:PRES
[2020/08/03 14:30:19.675029][I][queryEx] E6640A <= *OPC?
[2020/08/03 14:30:20.311143][I][queryEx] E6640A => 1
[2020/08/03 14:30:20.328875][I][set_Rx_Waveform] Set Rx waveform
[2020/08/03 14:30:20.331934][I][set_RFO_Port] Set output port
[2020/08/03 14:30:20.336971][I][writeEx] E6640A <= :FEED:RF:PORT:OUTPut RFIO1
[2020/08/03 14:30:20.340028][I][queryEx] E6640A <= :FEED:RF:PORT:OUTPut?
[2020/08/03 14:30:20.391823][I][queryEx] E6640A => RFIO1
[2020/08/03 14:30:20.398846][I][set_OneTone_Freq] Set One Tone frequence
[2020/08/03 14:30:20.404896][I][writeEx] E6640A <= :SOUR:FREQ 959.8 MHz
[2020/08/03 14:30:20.410877][I][set_OneTone_Power] Set One Tone power
[2020/08/03 14:30:20.415890][I][writeEx] E6640A <= :SOURce:POWer -51.5
[2020/08/03 14:30:20.419901][I][loading_Waveform] Load waveform
[2020/08/03 14:30:20.424714][I][queryEx] E6640A <= :SOURce:RADio:ARB:CATalog?
[2020/08/03 14:30:20.430896][I][queryEx] E6640A => 9600,4184704,"CTX10_RFLTE_20160809.wfm"
[2020/08/03 14:30:20.434944][I][writeEx] E6640A <= :SOUR:RAD:ARB:WAV "D:\NVARB\CTX10_RFLTE_20160809.wfm"
[2020/08/03 14:30:20.740744][I][queryEx] E6640A <= *OPC?
[2020/08/03 14:30:20.751765][I][queryEx] E6640A => 1
[2020/08/03 14:30:20.756475][I][set_ARB_ON] Set ARB ON
[2020/08/03 14:30:20.759486][I][writeEx] E6640A <= :SOUR:RAD:ARB ON
[2020/08/03 14:30:20.764506][I][set_Sample_Rate] Set Sample Rate
[2020/08/03 14:30:20.768994][I][writeEx] E6640A <= SOUR:RAD:ARB:SCL:RATE 100.0 kHz
[2020/08/03 14:30:20.772043][I][set_Modulation_ON] Set ARB ON
[2020/08/03 14:30:20.777017][I][writeEx] E6640A <= :OUTP:MOD ON
[2020/08/03 14:30:20.786041][I][set_OneTone_Start] Set One Tone start
[2020/08/03 14:30:20.790053][I][writeEx] E6640A <= OUTP ON
[2020/08/03 14:30:27.193218][I][set_OneTone_Stop] Set One Tone stop
[2020/08/03 14:30:27.202245][I][writeEx] E6640A <= OUTP OFF
[2020/08/03 14:30:44.997127][I][disconnect_E6640A] Disconnect E6640A
[2020/08/03 14:30:45.000111][I][set_Preset] System reset
[2020/08/03 14:30:45.005124][I][writeEx] E6640A <= *RST
[2020/08/03 14:30:45.009135][I][writeEx] E6640A <= *CLS
[2020/08/03 14:30:45.014131][I][writeEx] E6640A <= SYST:PRES
[2020/08/03 14:30:45.319569][I][queryEx] E6640A <= *OPC?
[2020/08/03 14:30:45.956074][I][queryEx] E6640A => 1
[2020/08/03 14:30:45.965106]========== End ==========
