[2020/08/03 14:27:28.535062][I][class_GFI20] Initial class_GFI20
[2020/08/03 14:27:28.541200][I][connectDUT] COM: COM20, BaudRate: 115200
[2020/08/03 14:27:28.546892][I][connectDUT] Connect DUT success
[2020/08/03 14:27:28.553882][I][setScimitarMenu] Set Scimitar menu
[2020/08/03 14:27:28.757926][I][sendCOMCommand] DUT <= x
[2020/08/03 14:27:28.865526][I][sendCOMCommand] Serial buffer size: 7
[2020/08/03 14:27:29.381860][I][sendCOMCommand] DUT => x
$>

[2020/08/03 14:27:29.387913][I][setScimitarMenu] Success
[2020/08/03 14:27:35.490727][I][setZigbee_Tx] ZIGBEE_2450 CH: 15, Tx PWR: 0 dBm
[2020/08/03 14:27:35.492774][I][setScimitarMenu] Set Scimitar menu
[2020/08/03 14:27:35.697321][I][sendCOMCommand] DUT <= x
[2020/08/03 14:27:35.804185][I][sendCOMCommand] Serial buffer size: 7
[2020/08/03 14:27:36.318182][I][sendCOMCommand] DUT => x
$>

[2020/08/03 14:27:36.321235][I][setScimitarMenu] Success
[2020/08/03 14:27:36.323407][I][setZigbeeMenu] Check Zigbee Menu
[2020/08/03 14:27:36.526810][I][sendCOMCommand] DUT <= 2
[2020/08/03 14:27:36.636955][I][sendCOMCommand] Serial buffer size: 22
[2020/08/03 14:27:37.152592][I][sendCOMCommand] DUT => 2
$2_Zigbee(EM357)>

[2020/08/03 14:27:37.158593][I][setZigbeeMenu] Success
[2020/08/03 14:27:37.161959][I][setZigbee_Tx] Set Diagnostics Menu
[2020/08/03 14:27:37.365753][I][sendCOMCommand] DUT <= d
[2020/08/03 14:27:37.472987][I][sendCOMCommand] Serial buffer size: 22
[2020/08/03 14:27:37.986883][I][sendCOMCommand] DUT => d
$2-d_Diagnostics>

[2020/08/03 14:27:37.989857][I][setZigbee_Tx] Success
[2020/08/03 14:27:37.993767][I][setZigbee_Tx] Set Channel Menu
[2020/08/03 14:27:38.198404][I][sendCOMCommand] DUT <= 2
[2020/08/03 14:27:38.306656][I][sendCOMCommand] Serial buffer size: 66
[2020/08/03 14:27:38.826066][I][sendCOMCommand] DUT => 2
$2-d-2_Set Channel (11 => 26) [0B - 1A by HEX]>
$PARAMETER?>

[2020/08/03 14:27:38.834068][I][setZigbee_Tx] Success
[2020/08/03 14:27:38.837335][I][setZigbee_Tx] Set Channel
[2020/08/03 14:27:39.040985][I][sendCOMCommand] DUT <= 0F
[2020/08/03 14:27:39.149333][I][sendCOMCommand] Serial buffer size: 53
[2020/08/03 14:27:39.669155][I][sendCOMCommand] DUT => Set Channel: 15 (0x0F)
$DONE_OK
$2-d_Diagnostics>

[2020/08/03 14:27:39.680185][I][setZigbee_Tx] Success
[2020/08/03 14:27:39.686197][I][setZigbee_Tx] Set PWR Menu
[2020/08/03 14:27:39.891992][I][sendCOMCommand] DUT <= 3
[2020/08/03 14:27:39.999034][I][sendCOMCommand] Serial buffer size: 79
[2020/08/03 14:27:40.511533][I][sendCOMCommand] DUT => 3
$2-d-3_Set Power (-32 => +8dBm, Step=1dB) [-2B - 08 by HEX]>
$PARAMETER?>

[2020/08/03 14:27:40.514581][I][setZigbee_Tx] Success
[2020/08/03 14:27:40.517590][I][setZigbee_Tx] Set Tx PWR
[2020/08/03 14:27:40.722567][I][sendCOMCommand] DUT <= 00
[2020/08/03 14:27:40.831415][I][sendCOMCommand] Serial buffer size: 50
[2020/08/03 14:27:41.352989][I][sendCOMCommand] DUT => Set Power: 0 (0x00)
$DONE_OK
$2-d_Diagnostics>

[2020/08/03 14:27:41.361000][I][setZigbee_Tx] Success
[2020/08/03 14:27:41.371977][I][setScimitarMenu] Set Scimitar menu
[2020/08/03 14:27:41.576229][I][sendCOMCommand] DUT <= x
[2020/08/03 14:27:41.684936][I][sendCOMCommand] Serial buffer size: 22
[2020/08/03 14:27:42.199406][I][sendCOMCommand] DUT => x
$2_Zigbee(EM357)>

[2020/08/03 14:27:42.412171][I][sendCOMCommand] DUT <= x
[2020/08/03 14:27:42.521423][I][sendCOMCommand] Serial buffer size: 7
[2020/08/03 14:27:43.036200][I][sendCOMCommand] DUT => x
$>

[2020/08/03 14:27:43.044242][I][setScimitarMenu] Success
[2020/08/03 14:27:43.047235][I][setZigbeeMenu] Check Zigbee Menu
[2020/08/03 14:27:43.251788][I][sendCOMCommand] DUT <= 2
[2020/08/03 14:27:43.360070][I][sendCOMCommand] Serial buffer size: 22
[2020/08/03 14:27:43.881449][I][sendCOMCommand] DUT => 2
$2_Zigbee(EM357)>

[2020/08/03 14:27:43.889419][I][setZigbeeMenu] Success
[2020/08/03 14:27:43.893502][I][setTxStart] Set Tx start
[2020/08/03 14:27:46.096816][I][setTxStop] Set Tx stop
[2020/08/03 14:27:46.302474][I][sendCOMCommand] DUT <= 5
[2020/08/03 14:27:46.410002][I][sendCOMCommand] Serial buffer size: 170
[2020/08/03 14:27:46.932041][I][sendCOMCommand] DUT => [mfglib]Send Packet(100 bytes)
[mfglib]Send Packet(100 bytes)
5
ZigBee send packet test end.
Total number of emberStatus errors:0
$[0]
$DONE_OK
$2_Zigbee(EM357)>

[2020/08/03 14:27:46.938366][I][setTxStop] Success
[2020/08/03 14:27:46.964755][I][setZigbee_Tx] ZIGBEE_2450 CH: 15, Tx PWR: -2 dBm
[2020/08/03 14:27:46.967762][I][setScimitarMenu] Set Scimitar menu
[2020/08/03 14:27:47.173013][I][sendCOMCommand] DUT <= x
[2020/08/03 14:27:47.282812][I][sendCOMCommand] Serial buffer size: 7
[2020/08/03 14:27:47.805732][I][sendCOMCommand] DUT => x
$>

[2020/08/03 14:27:47.814566][I][setScimitarMenu] Success
[2020/08/03 14:27:47.818086][I][setZigbeeMenu] Check Zigbee Menu
[2020/08/03 14:27:48.022699][I][sendCOMCommand] DUT <= 2
[2020/08/03 14:27:48.138362][I][sendCOMCommand] Serial buffer size: 22
[2020/08/03 14:27:48.655436][I][sendCOMCommand] DUT => 2
$2_Zigbee(EM357)>

[2020/08/03 14:27:48.669472][I][setZigbeeMenu] Success
[2020/08/03 14:27:48.676454][I][setZigbee_Tx] Set Diagnostics Menu
[2020/08/03 14:27:48.880915][I][sendCOMCommand] DUT <= d
[2020/08/03 14:27:48.991736][I][sendCOMCommand] Serial buffer size: 22
[2020/08/03 14:27:49.513887][I][sendCOMCommand] DUT => d
$2-d_Diagnostics>

[2020/08/03 14:27:49.521897][I][setZigbee_Tx] Success
[2020/08/03 14:27:49.525908][I][setZigbee_Tx] Set Channel Menu
[2020/08/03 14:27:49.731192][I][sendCOMCommand] DUT <= 2
[2020/08/03 14:27:49.846778][I][sendCOMCommand] Serial buffer size: 66
[2020/08/03 14:27:50.363612][I][sendCOMCommand] DUT => 2
$2-d-2_Set Channel (11 => 26) [0B - 1A by HEX]>
$PARAMETER?>

[2020/08/03 14:27:50.371621][I][setZigbee_Tx] Success
[2020/08/03 14:27:50.375595][I][setZigbee_Tx] Set Channel
[2020/08/03 14:27:50.580525][I][sendCOMCommand] DUT <= 0F
[2020/08/03 14:27:50.692497][I][sendCOMCommand] Serial buffer size: 34
[2020/08/03 14:27:51.215978][I][sendCOMCommand] DUT => Set Channel: 15 (0x0F)
$DONE_OK
$2-d_Diagnostics>

[2020/08/03 14:27:51.230012][I][setZigbee_Tx] Success
[2020/08/03 14:27:51.237028][I][setZigbee_Tx] Set PWR Menu
[2020/08/03 14:27:51.442905][I][sendCOMCommand] DUT <= 3
[2020/08/03 14:27:51.552469][I][sendCOMCommand] Serial buffer size: 79
[2020/08/03 14:27:52.068276][I][sendCOMCommand] DUT => 3
$2-d-3_Set Power (-32 => +8dBm, Step=1dB) [-2B - 08 by HEX]>
$PARAMETER?>

[2020/08/03 14:27:52.074750][I][setZigbee_Tx] Success
[2020/08/03 14:27:52.078763][I][setZigbee_Tx] Set Tx PWR
[2020/08/03 14:27:52.284148][I][sendCOMCommand] DUT <= FE
[2020/08/03 14:27:52.393942][I][sendCOMCommand] Serial buffer size: 38
[2020/08/03 14:27:52.907591][I][sendCOMCommand] DUT => Set Power: -2 (0xFFFFFFFE)
$DONE_OK
$2-d_Diagnostics>

[2020/08/03 14:27:52.912093][I][setZigbee_Tx] Success
[2020/08/03 14:27:52.926790][I][setScimitarMenu] Set Scimitar menu
[2020/08/03 14:27:53.131321][I][sendCOMCommand] DUT <= x
[2020/08/03 14:27:53.240982][I][sendCOMCommand] Serial buffer size: 22
[2020/08/03 14:27:53.758458][I][sendCOMCommand] DUT => x
$2_Zigbee(EM357)>

[2020/08/03 14:27:53.972797][I][sendCOMCommand] DUT <= x
[2020/08/03 14:27:54.082127][I][sendCOMCommand] Serial buffer size: 7
[2020/08/03 14:27:54.601209][I][sendCOMCommand] DUT => x
$>

[2020/08/03 14:27:54.606618][I][setScimitarMenu] Success
[2020/08/03 14:27:54.612636][I][setZigbeeMenu] Check Zigbee Menu
[2020/08/03 14:27:54.818507][I][sendCOMCommand] DUT <= 2
[2020/08/03 14:27:54.926024][I][sendCOMCommand] Serial buffer size: 22
[2020/08/03 14:27:55.450077][I][sendCOMCommand] DUT => 2
$2_Zigbee(EM357)>

[2020/08/03 14:27:55.459034][I][setZigbeeMenu] Success
[2020/08/03 14:27:55.462444][I][setTxStart] Set Tx start
[2020/08/03 14:27:57.533777][I][setTxStop] Set Tx stop
[2020/08/03 14:27:57.737470][I][sendCOMCommand] DUT <= 5
[2020/08/03 14:27:57.843904][I][sendCOMCommand] Serial buffer size: 170
[2020/08/03 14:27:58.357991][I][sendCOMCommand] DUT => [mfglib]Send Packet(100 bytes)
[mfglib]Send Packet(100 bytes)
5
ZigBee send packet test end.
Total number of emberStatus errors:0
$[0]
$DONE_OK
$2_Zigbee(EM357)>

[2020/08/03 14:27:58.361007][I][setTxStop] Success
[2020/08/03 14:28:02.179008][I][setZigbee_Tx] ZIGBEE_2450 CH: 21, Tx PWR: 0 dBm
[2020/08/03 14:28:02.183876][I][setScimitarMenu] Set Scimitar menu
[2020/08/03 14:28:02.388941][I][sendCOMCommand] DUT <= x
[2020/08/03 14:28:02.498053][I][sendCOMCommand] Serial buffer size: 5
[2020/08/03 14:28:03.012912][I][sendCOMCommand] DUT => x
$>

[2020/08/03 14:28:03.018248][I][setScimitarMenu] Success
[2020/08/03 14:28:03.023265][I][setZigbeeMenu] Check Zigbee Menu
[2020/08/03 14:28:03.229149][I][sendCOMCommand] DUT <= 2
[2020/08/03 14:28:03.339033][I][sendCOMCommand] Serial buffer size: 22
[2020/08/03 14:28:03.854396][I][sendCOMCommand] DUT => 2
$2_Zigbee(EM357)>

[2020/08/03 14:28:03.863298][I][setZigbeeMenu] Success
[2020/08/03 14:28:03.866344][I][setZigbee_Tx] Set Diagnostics Menu
[2020/08/03 14:28:04.072251][I][sendCOMCommand] DUT <= d
[2020/08/03 14:28:04.181680][I][sendCOMCommand] Serial buffer size: 22
[2020/08/03 14:28:04.705563][I][sendCOMCommand] DUT => d
$2-d_Diagnostics>

[2020/08/03 14:28:04.713537][I][setZigbee_Tx] Success
[2020/08/03 14:28:04.717584][I][setZigbee_Tx] Set Channel Menu
[2020/08/03 14:28:04.922954][I][sendCOMCommand] DUT <= 2
[2020/08/03 14:28:05.031663][I][sendCOMCommand] Serial buffer size: 66
[2020/08/03 14:28:05.555442][I][sendCOMCommand] DUT => 2
$2-d-2_Set Channel (11 => 26) [0B - 1A by HEX]>
$PARAMETER?>

[2020/08/03 14:28:05.564553][I][setZigbee_Tx] Success
[2020/08/03 14:28:05.567508][I][setZigbee_Tx] Set Channel
[2020/08/03 14:28:05.773267][I][sendCOMCommand] DUT <= 15
[2020/08/03 14:28:05.881409][I][sendCOMCommand] Serial buffer size: 34
[2020/08/03 14:28:05.992260][W][sendCOMCommand] Buffer not empty!!!
[2020/08/03 14:28:06.006304][I][sendCOMCommand] Serial buffer size: 19
[2020/08/03 14:28:06.524054][I][sendCOMCommand] DUT => Set Channel: 21 (0x15)
$DONE_OK
$2-d_Diagnostics>

[2020/08/03 14:28:06.534073][I][setZigbee_Tx] Success
[2020/08/03 14:28:06.537079][I][setZigbee_Tx] Set PWR Menu
[2020/08/03 14:28:06.742255][I][sendCOMCommand] DUT <= 3
[2020/08/03 14:28:06.849787][I][sendCOMCommand] Serial buffer size: 79
[2020/08/03 14:28:07.366197][I][sendCOMCommand] DUT => 3
$2-d-3_Set Power (-32 => +8dBm, Step=1dB) [-2B - 08 by HEX]>
$PARAMETER?>

[2020/08/03 14:28:07.370646][I][setZigbee_Tx] Success
[2020/08/03 14:28:07.374659][I][setZigbee_Tx] Set Tx PWR
[2020/08/03 14:28:07.579933][I][sendCOMCommand] DUT <= 00
[2020/08/03 14:28:07.687611][I][sendCOMCommand] Serial buffer size: 31
[2020/08/03 14:28:07.795954][W][sendCOMCommand] Buffer not empty!!!
[2020/08/03 14:28:07.803973][I][sendCOMCommand] Serial buffer size: 19
[2020/08/03 14:28:08.317240][I][sendCOMCommand] DUT => Set Power: 0 (0x00)
$DONE_OK
$2-d_Diagnostics>

[2020/08/03 14:28:08.331576][I][setZigbee_Tx] Success
[2020/08/03 14:28:08.346068][I][setScimitarMenu] Set Scimitar menu
[2020/08/03 14:28:08.551296][I][sendCOMCommand] DUT <= x
[2020/08/03 14:28:08.667829][I][sendCOMCommand] Serial buffer size: 22
[2020/08/03 14:28:09.193007][I][sendCOMCommand] DUT => x
$2_Zigbee(EM357)>

[2020/08/03 14:28:09.403031][I][sendCOMCommand] DUT <= x
[2020/08/03 14:28:09.511616][I][sendCOMCommand] Serial buffer size: 7
[2020/08/03 14:28:10.027053][I][sendCOMCommand] DUT => x
$>

[2020/08/03 14:28:10.031513][I][setScimitarMenu] Success
[2020/08/03 14:28:10.036557][I][setZigbeeMenu] Check Zigbee Menu
[2020/08/03 14:28:10.241656][I][sendCOMCommand] DUT <= 2
[2020/08/03 14:28:10.351524][I][sendCOMCommand] Serial buffer size: 22
[2020/08/03 14:28:10.875174][I][sendCOMCommand] DUT => 2
$2_Zigbee(EM357)>

[2020/08/03 14:28:10.883186][I][setZigbeeMenu] Success
[2020/08/03 14:28:10.887229][I][setTxStart] Set Tx start
[2020/08/03 14:28:13.018583][I][setTxStop] Set Tx stop
[2020/08/03 14:28:13.224978][I][sendCOMCommand] DUT <= 5
[2020/08/03 14:28:13.334346][I][sendCOMCommand] Serial buffer size: 170
[2020/08/03 14:28:13.853944][I][sendCOMCommand] DUT => [mfglib]Send Packet(100 bytes)
[mfglib]Send Packet(100 bytes)
5
ZigBee send packet test end.
Total number of emberStatus errors:0
$[0]
$DONE_OK
$2_Zigbee(EM357)>

[2020/08/03 14:28:13.858955][I][setTxStop] Success
[2020/08/03 14:28:13.892020][I][setZigbee_Tx] ZIGBEE_2450 CH: 21, Tx PWR: -2 dBm
[2020/08/03 14:28:13.897027][I][setScimitarMenu] Set Scimitar menu
[2020/08/03 14:28:14.102830][I][sendCOMCommand] DUT <= x
[2020/08/03 14:28:14.211355][I][sendCOMCommand] Serial buffer size: 3
[2020/08/03 14:28:14.728103][I][sendCOMCommand] DUT => x
$>

[2020/08/03 14:28:14.733118][I][setScimitarMenu] Success
[2020/08/03 14:28:14.737154][I][setZigbeeMenu] Check Zigbee Menu
[2020/08/03 14:28:14.943600][I][sendCOMCommand] DUT <= 2
[2020/08/03 14:28:15.053238][I][sendCOMCommand] Serial buffer size: 22
[2020/08/03 14:28:15.577793][I][sendCOMCommand] DUT => 2
$2_Zigbee(EM357)>

[2020/08/03 14:28:15.587086][I][setZigbeeMenu] Success
[2020/08/03 14:28:15.591114][I][setZigbee_Tx] Set Diagnostics Menu
[2020/08/03 14:28:15.795917][I][sendCOMCommand] DUT <= d
[2020/08/03 14:28:15.906262][I][sendCOMCommand] Serial buffer size: 22
[2020/08/03 14:28:16.423187][I][sendCOMCommand] DUT => d
$2-d_Diagnostics>

[2020/08/03 14:28:16.431192][I][setZigbee_Tx] Success
[2020/08/03 14:28:16.435700][I][setZigbee_Tx] Set Channel Menu
[2020/08/03 14:28:16.641253][I][sendCOMCommand] DUT <= 2
[2020/08/03 14:28:16.750470][I][sendCOMCommand] Serial buffer size: 66
[2020/08/03 14:28:17.264307][I][sendCOMCommand] DUT => 2
$2-d-2_Set Channel (11 => 26) [0B - 1A by HEX]>
$PARAMETER?>

[2020/08/03 14:28:17.280349][I][setZigbee_Tx] Success
[2020/08/03 14:28:17.287353][I][setZigbee_Tx] Set Channel
[2020/08/03 14:28:17.493007][I][sendCOMCommand] DUT <= 15
[2020/08/03 14:28:17.602954][I][sendCOMCommand] Serial buffer size: 34
[2020/08/03 14:28:18.122860][I][sendCOMCommand] DUT => Set Channel: 21 (0x15)
$DONE_OK
$2-d_Diagnostics>

[2020/08/03 14:28:18.126913][I][setZigbee_Tx] Success
[2020/08/03 14:28:18.132889][I][setZigbee_Tx] Set PWR Menu
[2020/08/03 14:28:18.340162][I][sendCOMCommand] DUT <= 3
[2020/08/03 14:28:18.449638][I][sendCOMCommand] Serial buffer size: 79
[2020/08/03 14:28:18.973952][I][sendCOMCommand] DUT => 3
$2-d-3_Set Power (-32 => +8dBm, Step=1dB) [-2B - 08 by HEX]>
$PARAMETER?>

[2020/08/03 14:28:18.982923][I][setZigbee_Tx] Success
[2020/08/03 14:28:18.986933][I][setZigbee_Tx] Set Tx PWR
[2020/08/03 14:28:19.192503][I][sendCOMCommand] DUT <= FE
[2020/08/03 14:28:19.302462][I][sendCOMCommand] Serial buffer size: 38
[2020/08/03 14:28:19.818138][I][sendCOMCommand] DUT => Set Power: -2 (0xFFFFFFFE)
$DONE_OK
$2-d_Diagnostics>

[2020/08/03 14:28:19.827167][I][setZigbee_Tx] Success
[2020/08/03 14:28:19.839147][I][setScimitarMenu] Set Scimitar menu
[2020/08/03 14:28:20.044529][I][sendCOMCommand] DUT <= x
[2020/08/03 14:28:20.160502][I][sendCOMCommand] Serial buffer size: 22
[2020/08/03 14:28:20.675735][I][sendCOMCommand] DUT => x
$2_Zigbee(EM357)>

[2020/08/03 14:28:20.888743][I][sendCOMCommand] DUT <= x
[2020/08/03 14:28:21.005657][I][sendCOMCommand] Serial buffer size: 7
[2020/08/03 14:28:21.523469][I][sendCOMCommand] DUT => x
$>

[2020/08/03 14:28:21.527483][I][setScimitarMenu] Success
[2020/08/03 14:28:21.531497][I][setZigbeeMenu] Check Zigbee Menu
[2020/08/03 14:28:21.737572][I][sendCOMCommand] DUT <= 2
[2020/08/03 14:28:21.847345][I][sendCOMCommand] Serial buffer size: 22
[2020/08/03 14:28:22.362547][I][sendCOMCommand] DUT => 2
$2_Zigbee(EM357)>

[2020/08/03 14:28:22.366915][I][setZigbeeMenu] Success
[2020/08/03 14:28:22.371738][I][setTxStart] Set Tx start
[2020/08/03 14:28:24.508754][I][setTxStop] Set Tx stop
[2020/08/03 14:28:24.714943][I][sendCOMCommand] DUT <= 5
[2020/08/03 14:28:24.823479][I][sendCOMCommand] Serial buffer size: 202
[2020/08/03 14:28:25.347867][I][sendCOMCommand] DUT => [mfglib]Send Packet(100 bytes)
[mfglib]Send Packet(100 bytes)
[mfglib]Send Packet(100 bytes)
5
ZigBee send packet test end.
Total number of emberStatus errors:0
$[0]
$DONE_OK
$2_Zigbee(EM357)>

[2020/08/03 14:28:25.362952][I][setTxStop] Success
[2020/08/03 14:28:29.129010][I][setZigbee_Tx] ZIGBEE_2450 CH: 24, Tx PWR: 0 dBm
[2020/08/03 14:28:29.134732][I][setScimitarMenu] Set Scimitar menu
[2020/08/03 14:28:29.340033][I][sendCOMCommand] DUT <= x
[2020/08/03 14:28:29.450249][I][sendCOMCommand] Serial buffer size: 7
[2020/08/03 14:28:29.975027][I][sendCOMCommand] DUT => x
$>

[2020/08/03 14:28:29.984035][I][setScimitarMenu] Success
[2020/08/03 14:28:29.987990][I][setZigbeeMenu] Check Zigbee Menu
[2020/08/03 14:28:30.192859][I][sendCOMCommand] DUT <= 2
[2020/08/03 14:28:30.302505][I][sendCOMCommand] Serial buffer size: 22
[2020/08/03 14:28:30.819264][I][sendCOMCommand] DUT => 2
$2_Zigbee(EM357)>

[2020/08/03 14:28:30.834109][I][setZigbeeMenu] Success
[2020/08/03 14:28:30.841130][I][setZigbee_Tx] Set Diagnostics Menu
[2020/08/03 14:28:31.046183][I][sendCOMCommand] DUT <= d
[2020/08/03 14:28:31.155625][I][sendCOMCommand] Serial buffer size: 22
[2020/08/03 14:28:31.672019][I][sendCOMCommand] DUT => d
$2-d_Diagnostics>

[2020/08/03 14:28:31.687114][I][setZigbee_Tx] Success
[2020/08/03 14:28:31.696171][I][setZigbee_Tx] Set Channel Menu
[2020/08/03 14:28:31.903144][I][sendCOMCommand] DUT <= 2
[2020/08/03 14:28:32.012813][I][sendCOMCommand] Serial buffer size: 66
[2020/08/03 14:28:32.537677][I][sendCOMCommand] DUT => 2
$2-d-2_Set Channel (11 => 26) [0B - 1A by HEX]>
$PARAMETER?>

[2020/08/03 14:28:32.541731][I][setZigbee_Tx] Success
[2020/08/03 14:28:32.546747][I][setZigbee_Tx] Set Channel
[2020/08/03 14:28:32.752907][I][sendCOMCommand] DUT <= 18
[2020/08/03 14:28:32.862685][I][sendCOMCommand] Serial buffer size: 53
[2020/08/03 14:28:33.377242][I][sendCOMCommand] DUT => Set Channel: 24 (0x18)
$DONE_OK
$2-d_Diagnostics>

[2020/08/03 14:28:33.382024][I][setZigbee_Tx] Success
[2020/08/03 14:28:33.386038][I][setZigbee_Tx] Set PWR Menu
[2020/08/03 14:28:33.592766][I][sendCOMCommand] DUT <= 3
[2020/08/03 14:28:33.702941][I][sendCOMCommand] Serial buffer size: 79
[2020/08/03 14:28:34.219252][I][sendCOMCommand] DUT => 3
$2-d-3_Set Power (-32 => +8dBm, Step=1dB) [-2B - 08 by HEX]>
$PARAMETER?>

[2020/08/03 14:28:34.228344][I][setZigbee_Tx] Success
[2020/08/03 14:28:34.232358][I][setZigbee_Tx] Set Tx PWR
[2020/08/03 14:28:34.438123][I][sendCOMCommand] DUT <= 00
[2020/08/03 14:28:34.555315][I][sendCOMCommand] Serial buffer size: 50
[2020/08/03 14:28:35.073510][I][sendCOMCommand] DUT => Set Power: 0 (0x00)
$DONE_OK
$2-d_Diagnostics>

[2020/08/03 14:28:35.084440][I][setZigbee_Tx] Success
[2020/08/03 14:28:35.096788][I][setScimitarMenu] Set Scimitar menu
[2020/08/03 14:28:35.302790][I][sendCOMCommand] DUT <= x
[2020/08/03 14:28:35.412703][I][sendCOMCommand] Serial buffer size: 22
[2020/08/03 14:28:35.927805][I][sendCOMCommand] DUT => x
$2_Zigbee(EM357)>

[2020/08/03 14:28:36.133853][I][sendCOMCommand] DUT <= x
[2020/08/03 14:28:36.244434][I][sendCOMCommand] Serial buffer size: 7
[2020/08/03 14:28:36.760707][I][sendCOMCommand] DUT => x
$>

[2020/08/03 14:28:36.776753][I][setScimitarMenu] Success
[2020/08/03 14:28:36.791746][I][setZigbeeMenu] Check Zigbee Menu
[2020/08/03 14:28:37.000149][I][sendCOMCommand] DUT <= 2
[2020/08/03 14:28:37.109037][I][sendCOMCommand] Serial buffer size: 22
[2020/08/03 14:28:37.631954][I][sendCOMCommand] DUT => 2
$2_Zigbee(EM357)>

[2020/08/03 14:28:37.636590][I][setZigbeeMenu] Success
[2020/08/03 14:28:37.640602][I][setTxStart] Set Tx start
[2020/08/03 14:28:39.872748][I][setTxStop] Set Tx stop
[2020/08/03 14:28:40.078694][I][sendCOMCommand] DUT <= 5
[2020/08/03 14:28:40.188564][I][sendCOMCommand] Serial buffer size: 151
[2020/08/03 14:28:40.714974][I][sendCOMCommand] DUT => [mfglib]Send Packet(100 bytes)
[mfglib]Send Packet(100 bytes)
5
ZigBee send packet test end.
Total number of emberStatus errors:0
$[0]
$DONE_OK
$2_Zigbee(EM357)>

[2020/08/03 14:28:40.722940][I][setTxStop] Success
[2020/08/03 14:28:40.753415][I][setZigbee_Tx] ZIGBEE_2450 CH: 24, Tx PWR: -2 dBm
[2020/08/03 14:28:40.758141][I][setScimitarMenu] Set Scimitar menu
[2020/08/03 14:28:40.963316][I][sendCOMCommand] DUT <= x
[2020/08/03 14:28:41.073167][I][sendCOMCommand] Serial buffer size: 7
[2020/08/03 14:28:41.594968][I][sendCOMCommand] DUT => x
$>

[2020/08/03 14:28:41.598974][I][setScimitarMenu] Success
[2020/08/03 14:28:41.604991][I][setZigbeeMenu] Check Zigbee Menu
[2020/08/03 14:28:41.811008][I][sendCOMCommand] DUT <= 2
[2020/08/03 14:28:41.920092][I][sendCOMCommand] Serial buffer size: 22
[2020/08/03 14:28:42.437337][I][sendCOMCommand] DUT => 2
$2_Zigbee(EM357)>

[2020/08/03 14:28:42.446313][I][setZigbeeMenu] Success
[2020/08/03 14:28:42.450702][I][setZigbee_Tx] Set Diagnostics Menu
[2020/08/03 14:28:42.656168][I][sendCOMCommand] DUT <= d
[2020/08/03 14:28:42.766050][I][sendCOMCommand] Serial buffer size: 22
[2020/08/03 14:28:43.280115][I][sendCOMCommand] DUT => d
$2-d_Diagnostics>

[2020/08/03 14:28:43.286036][I][setZigbee_Tx] Success
[2020/08/03 14:28:43.291052][I][setZigbee_Tx] Set Channel Menu
[2020/08/03 14:28:43.497545][I][sendCOMCommand] DUT <= 2
[2020/08/03 14:28:43.607503][I][sendCOMCommand] Serial buffer size: 66
[2020/08/03 14:28:44.121714][I][sendCOMCommand] DUT => 2
$2-d-2_Set Channel (11 => 26) [0B - 1A by HEX]>
$PARAMETER?>

[2020/08/03 14:28:44.127333][I][setZigbee_Tx] Success
[2020/08/03 14:28:44.132387][I][setZigbee_Tx] Set Channel
[2020/08/03 14:28:44.338330][I][sendCOMCommand] DUT <= 18
[2020/08/03 14:28:44.447053][I][sendCOMCommand] Serial buffer size: 53
[2020/08/03 14:28:44.972682][I][sendCOMCommand] DUT => Set Channel: 24 (0x18)
$DONE_OK
$2-d_Diagnostics>

[2020/08/03 14:28:44.977427][I][setZigbee_Tx] Success
[2020/08/03 14:28:44.982315][I][setZigbee_Tx] Set PWR Menu
[2020/08/03 14:28:45.186780][I][sendCOMCommand] DUT <= 3
[2020/08/03 14:28:45.295482][I][sendCOMCommand] Serial buffer size: 79
[2020/08/03 14:28:45.809385][I][sendCOMCommand] DUT => 3
$2-d-3_Set Power (-32 => +8dBm, Step=1dB) [-2B - 08 by HEX]>
$PARAMETER?>

[2020/08/03 14:28:45.814829][I][setZigbee_Tx] Success
[2020/08/03 14:28:45.818842][I][setZigbee_Tx] Set Tx PWR
[2020/08/03 14:28:46.025049][I][sendCOMCommand] DUT <= FE
[2020/08/03 14:28:46.135563][I][sendCOMCommand] Serial buffer size: 57
[2020/08/03 14:28:46.661858][I][sendCOMCommand] DUT => Set Power: -2 (0xFFFFFFFE)
$DONE_OK
$2-d_Diagnostics>

[2020/08/03 14:28:46.669877][I][setZigbee_Tx] Success
[2020/08/03 14:28:46.683745][I][setScimitarMenu] Set Scimitar menu
[2020/08/03 14:28:46.888730][I][sendCOMCommand] DUT <= x
[2020/08/03 14:28:46.999627][I][sendCOMCommand] Serial buffer size: 22
[2020/08/03 14:28:47.516792][I][sendCOMCommand] DUT => x
$2_Zigbee(EM357)>

[2020/08/03 14:28:47.723582][I][sendCOMCommand] DUT <= x
[2020/08/03 14:28:47.833787][I][sendCOMCommand] Serial buffer size: 7
[2020/08/03 14:28:48.357953][I][sendCOMCommand] DUT => x
$>

[2020/08/03 14:28:48.367933][I][setScimitarMenu] Success
[2020/08/03 14:28:48.371951][I][setZigbeeMenu] Check Zigbee Menu
[2020/08/03 14:28:48.578031][I][sendCOMCommand] DUT <= 2
[2020/08/03 14:28:48.686953][I][sendCOMCommand] Serial buffer size: 22
[2020/08/03 14:28:49.199073][I][sendCOMCommand] DUT => 2
$2_Zigbee(EM357)>

[2020/08/03 14:28:49.206056][I][setZigbeeMenu] Success
[2020/08/03 14:28:49.210045][I][setTxStart] Set Tx start
[2020/08/03 14:28:51.490672][I][setTxStop] Set Tx stop
[2020/08/03 14:28:51.696800][I][sendCOMCommand] DUT <= 5
[2020/08/03 14:28:51.806962][I][sendCOMCommand] Serial buffer size: 170
[2020/08/03 14:28:52.325121][I][sendCOMCommand] DUT => [mfglib]Send Packet(100 bytes)
[mfglib]Send Packet(100 bytes)
5
ZigBee send packet test end.
Total number of emberStatus errors:0
$[0]
$DONE_OK
$2_Zigbee(EM357)>

[2020/08/03 14:28:52.334171][I][setTxStop] Success
[2020/08/03 14:28:53.752362][I][setZigbee_Rx] ZIGBEE_2450 CH: 19
[2020/08/03 14:28:53.757379][I][setScimitarMenu] Set Scimitar menu
[2020/08/03 14:28:53.963745][I][sendCOMCommand] DUT <= x
[2020/08/03 14:28:54.073917][I][sendCOMCommand] Serial buffer size: 7
[2020/08/03 14:28:54.590031][I][sendCOMCommand] DUT => x
$>

[2020/08/03 14:28:54.594940][I][setScimitarMenu] Success
[2020/08/03 14:28:54.598989][I][setZigbeeMenu] Check Zigbee Menu
[2020/08/03 14:28:54.805804][I][sendCOMCommand] DUT <= 2
[2020/08/03 14:28:54.915909][I][sendCOMCommand] Serial buffer size: 22
[2020/08/03 14:28:55.431162][I][sendCOMCommand] DUT => 2
$2_Zigbee(EM357)>

[2020/08/03 14:28:55.440203][I][setZigbeeMenu] Success
[2020/08/03 14:28:55.444250][I][setZigbee_Rx] Set Diagnostics Menu
[2020/08/03 14:28:55.651216][I][sendCOMCommand] DUT <= d
[2020/08/03 14:28:55.761327][I][sendCOMCommand] Serial buffer size: 22
[2020/08/03 14:28:56.277483][I][sendCOMCommand] DUT => d
$2-d_Diagnostics>

[2020/08/03 14:28:56.286505][I][setZigbee_Rx] Success
[2020/08/03 14:28:56.290565][I][setZigbee_Rx] Set Channel Menu
[2020/08/03 14:28:56.496561][I][sendCOMCommand] DUT <= 2
[2020/08/03 14:28:56.606305][I][sendCOMCommand] Serial buffer size: 66
[2020/08/03 14:28:57.118418][I][sendCOMCommand] DUT => 2
$2-d-2_Set Channel (11 => 26) [0B - 1A by HEX]>
$PARAMETER?>

[2020/08/03 14:28:57.122922][I][setZigbee_Rx] Success
[2020/08/03 14:28:57.126936][I][setZigbee_Rx] Set Channel
[2020/08/03 14:28:57.333371][I][sendCOMCommand] DUT <= 13
[2020/08/03 14:28:57.443877][I][sendCOMCommand] Serial buffer size: 53
[2020/08/03 14:28:57.957720][I][sendCOMCommand] DUT => Set Channel: 19 (0x13)
$DONE_OK
$2-d_Diagnostics>

[2020/08/03 14:28:57.963579][I][setZigbee_Rx] Success
[2020/08/03 14:28:57.972609][I][setZigbeeLNAMode] LNA Mode: 1
[2020/08/03 14:28:57.978307][I][setScimitarMenu] Set Scimitar menu
[2020/08/03 14:28:58.182439][I][sendCOMCommand] DUT <= x
[2020/08/03 14:28:58.289554][I][sendCOMCommand] Serial buffer size: 22
[2020/08/03 14:28:58.815241][I][sendCOMCommand] DUT => x
$2_Zigbee(EM357)>

[2020/08/03 14:28:59.033065][I][sendCOMCommand] DUT <= x
[2020/08/03 14:28:59.142891][I][sendCOMCommand] Serial buffer size: 7
[2020/08/03 14:28:59.668824][I][sendCOMCommand] DUT => x
$>

[2020/08/03 14:28:59.678175][I][setScimitarMenu] Success
[2020/08/03 14:28:59.683204][I][setZigbeeMenu] Check Zigbee Menu
[2020/08/03 14:28:59.890457][I][sendCOMCommand] DUT <= 2
[2020/08/03 14:29:00.000324][I][sendCOMCommand] Serial buffer size: 22
[2020/08/03 14:29:00.515331][I][sendCOMCommand] DUT => 2
$2_Zigbee(EM357)>

[2020/08/03 14:29:00.521525][I][setZigbeeMenu] Success
[2020/08/03 14:29:00.527210][I][setZigbeeLNAMode] Set GPIO Write Menu
[2020/08/03 14:29:00.733574][I][sendCOMCommand] DUT <= 3
[2020/08/03 14:29:00.843759][I][sendCOMCommand] Serial buffer size: 28
[2020/08/03 14:29:01.369348][I][sendCOMCommand] DUT => 3
$2-3_ZigBee GPIO Write>

[2020/08/03 14:29:01.378330][I][setZigbeeLNAMode] Success
[2020/08/03 14:29:01.383518][I][setZigbeeLNAMode] Set LNA Mode
[2020/08/03 14:29:01.588727][I][sendCOMCommand] DUT <= 3
[2020/08/03 14:29:01.696120][I][sendCOMCommand] Serial buffer size: 106
[2020/08/03 14:29:02.212588][I][sendCOMCommand] DUT => 3
[EZSP]Setting GPIO was successful. (portPin=3, cfg=1, out=0)
$[0]
$DONE_OK
$2-3_ZigBee GPIO Write>

[2020/08/03 14:29:02.421205][I][sendCOMCommand] DUT <= 3
[2020/08/03 14:29:02.531578][I][sendCOMCommand] Serial buffer size: 106
[2020/08/03 14:29:03.051978][I][sendCOMCommand] DUT => 3
[EZSP]Setting GPIO was successful. (portPin=3, cfg=1, out=1)
$[1]
$DONE_OK
$2-3_ZigBee GPIO Write>

[2020/08/03 14:29:03.061154][I][setZigbeeLNAMode] Success
[2020/08/03 14:29:04.081254][I][getRxResult] Get Rx Result
[2020/08/03 14:29:04.090298][I][setScimitarMenu] Set Scimitar menu
[2020/08/03 14:29:04.297123][I][sendCOMCommand] DUT <= x
[2020/08/03 14:29:04.415165][I][sendCOMCommand] Serial buffer size: 22
[2020/08/03 14:29:04.931042][I][sendCOMCommand] DUT => x
$2_Zigbee(EM357)>

[2020/08/03 14:29:05.142168][I][sendCOMCommand] DUT <= x
[2020/08/03 14:29:05.252506][I][sendCOMCommand] Serial buffer size: 7
[2020/08/03 14:29:05.780022][I][sendCOMCommand] DUT => x
$>

[2020/08/03 14:29:05.797069][I][setScimitarMenu] Success
[2020/08/03 14:29:05.806031][I][setZigbeeMenu] Check Zigbee Menu
[2020/08/03 14:29:06.014262][I][sendCOMCommand] DUT <= 2
[2020/08/03 14:29:06.124560][I][sendCOMCommand] Serial buffer size: 22
[2020/08/03 14:29:06.646145][I][sendCOMCommand] DUT => 2
$2_Zigbee(EM357)>

[2020/08/03 14:29:06.652169][I][setZigbeeMenu] Success
[2020/08/03 14:29:06.859027][I][sendCOMCommand] DUT <= b
[2020/08/03 14:29:06.969203][I][sendCOMCommand] Serial buffer size: 32
[2020/08/03 14:29:07.087583][W][sendCOMCommand] Buffer not empty!!!
[2020/08/03 14:29:07.106070][I][sendCOMCommand] Serial buffer size: 183
[2020/08/03 14:29:07.622182][I][sendCOMCommand] DUT => b
ZigBee get Rssi test start.
Start Scan ... (Channel: 19 (0x13) duration:2 mask:00080000)
Channel: 19 (0x13), Rssi:-16
Total OK!    OOO   K  K   !
            O   O  K K    !
            O   O  KK     !
            O   O  K K     
             OOO   K  Kk  !
$[-16]

[2020/08/03 14:29:07.704472][I][setZigbee_Rx] ZIGBEE_2450 CH: 19
[2020/08/03 14:29:07.708711][I][setScimitarMenu] Set Scimitar menu
[2020/08/03 14:29:07.914192][I][sendCOMCommand] DUT <= x
[2020/08/03 14:29:08.022690][I][sendCOMCommand] Serial buffer size: 36
[2020/08/03 14:29:08.545362][I][sendCOMCommand] DUT => $DONE_OK
$2_Zigbee(EM357)>
x
$>

[2020/08/03 14:29:08.550380][I][setScimitarMenu] Success
[2020/08/03 14:29:08.555412][I][setZigbeeMenu] Check Zigbee Menu
[2020/08/03 14:29:08.761086][I][sendCOMCommand] DUT <= 2
[2020/08/03 14:29:08.871254][I][sendCOMCommand] Serial buffer size: 22
[2020/08/03 14:29:09.387777][I][sendCOMCommand] DUT => 2
$2_Zigbee(EM357)>

[2020/08/03 14:29:09.396757][I][setZigbeeMenu] Success
[2020/08/03 14:29:09.401339][I][setZigbee_Rx] Set Diagnostics Menu
[2020/08/03 14:29:09.606741][I][sendCOMCommand] DUT <= d
[2020/08/03 14:29:09.716073][I][sendCOMCommand] Serial buffer size: 22
[2020/08/03 14:29:10.227225][I][sendCOMCommand] DUT => d
$2-d_Diagnostics>

[2020/08/03 14:29:10.233216][I][setZigbee_Rx] Success
[2020/08/03 14:29:10.240235][I][setZigbee_Rx] Set Channel Menu
[2020/08/03 14:29:10.446207][I][sendCOMCommand] DUT <= 2
[2020/08/03 14:29:10.554938][I][sendCOMCommand] Serial buffer size: 66
[2020/08/03 14:29:11.079057][I][sendCOMCommand] DUT => 2
$2-d-2_Set Channel (11 => 26) [0B - 1A by HEX]>
$PARAMETER?>

[2020/08/03 14:29:11.084276][I][setZigbee_Rx] Success
[2020/08/03 14:29:11.089292][I][setZigbee_Rx] Set Channel
[2020/08/03 14:29:11.295141][I][sendCOMCommand] DUT <= 13
[2020/08/03 14:29:11.405025][I][sendCOMCommand] Serial buffer size: 53
[2020/08/03 14:29:11.928565][I][sendCOMCommand] DUT => Set Channel: 19 (0x13)
$DONE_OK
$2-d_Diagnostics>

[2020/08/03 14:29:11.934515][I][setZigbee_Rx] Success
[2020/08/03 14:29:11.943543][I][setZigbeeLNAMode] LNA Mode: 0
[2020/08/03 14:29:11.948556][I][setScimitarMenu] Set Scimitar menu
[2020/08/03 14:29:12.154726][I][sendCOMCommand] DUT <= x
[2020/08/03 14:29:12.262843][I][sendCOMCommand] Serial buffer size: 22
[2020/08/03 14:29:12.788658][I][sendCOMCommand] DUT => x
$2_Zigbee(EM357)>

[2020/08/03 14:29:13.006414][I][sendCOMCommand] DUT <= x
[2020/08/03 14:29:13.114530][I][sendCOMCommand] Serial buffer size: 7
[2020/08/03 14:29:13.638520][I][sendCOMCommand] DUT => x
$>

[2020/08/03 14:29:13.644792][I][setScimitarMenu] Success
[2020/08/03 14:29:13.649846][I][setZigbeeMenu] Check Zigbee Menu
[2020/08/03 14:29:13.856234][I][sendCOMCommand] DUT <= 2
[2020/08/03 14:29:13.965309][I][sendCOMCommand] Serial buffer size: 22
[2020/08/03 14:29:14.488382][I][sendCOMCommand] DUT => 2
$2_Zigbee(EM357)>

[2020/08/03 14:29:14.494360][I][setZigbeeMenu] Success
[2020/08/03 14:29:14.499411][I][setZigbeeLNAMode] Set GPIO Write Menu
[2020/08/03 14:29:14.708489][I][sendCOMCommand] DUT <= 3
[2020/08/03 14:29:14.819098][I][sendCOMCommand] Serial buffer size: 28
[2020/08/03 14:29:15.333111][I][sendCOMCommand] DUT => 3
$2-3_ZigBee GPIO Write>

[2020/08/03 14:29:15.337161][I][setZigbeeLNAMode] Success
[2020/08/03 14:29:15.342180][I][setZigbeeLNAMode] Set LNA Mode
[2020/08/03 14:29:15.548828][I][sendCOMCommand] DUT <= 3
[2020/08/03 14:29:15.657713][I][sendCOMCommand] Serial buffer size: 106
[2020/08/03 14:29:16.184970][I][sendCOMCommand] DUT => 3
[EZSP]Setting GPIO was successful. (portPin=3, cfg=1, out=0)
$[0]
$DONE_OK
$2-3_ZigBee GPIO Write>

[2020/08/03 14:29:16.192943][I][setZigbeeLNAMode] Success
[2020/08/03 14:29:17.212985][I][getRxResult] Get Rx Result
[2020/08/03 14:29:17.218999][I][setScimitarMenu] Set Scimitar menu
[2020/08/03 14:29:17.426922][I][sendCOMCommand] DUT <= x
[2020/08/03 14:29:17.545190][I][sendCOMCommand] Serial buffer size: 22
[2020/08/03 14:29:18.064489][I][sendCOMCommand] DUT => x
$2_Zigbee(EM357)>

[2020/08/03 14:29:18.274152][I][sendCOMCommand] DUT <= x
[2020/08/03 14:29:18.385101][I][sendCOMCommand] Serial buffer size: 7
[2020/08/03 14:29:18.899817][I][sendCOMCommand] DUT => x
$>

[2020/08/03 14:29:18.916818][I][setScimitarMenu] Success
[2020/08/03 14:29:18.926352][I][setZigbeeMenu] Check Zigbee Menu
[2020/08/03 14:29:19.134337][I][sendCOMCommand] DUT <= 2
[2020/08/03 14:29:19.242684][I][sendCOMCommand] Serial buffer size: 22
[2020/08/03 14:29:19.754191][I][sendCOMCommand] DUT => 2
$2_Zigbee(EM357)>

[2020/08/03 14:29:19.761167][I][setZigbeeMenu] Success
[2020/08/03 14:29:19.969820][I][sendCOMCommand] DUT <= b
[2020/08/03 14:29:20.079671][I][sendCOMCommand] Serial buffer size: 94
[2020/08/03 14:29:20.188575][W][sendCOMCommand] Buffer not empty!!!
[2020/08/03 14:29:20.206552][I][sendCOMCommand] Serial buffer size: 183
[2020/08/03 14:29:20.727379][I][sendCOMCommand] DUT => b
ZigBee get Rssi test start.
Start Scan ... (Channel: 19 (0x13) duration:2 mask:00080000)
Channel: 19 (0x13), Rssi:-28
Total OK!    OOO   K  K   !
            O   O  K K    !
            O   O  KK     !
            O   O  K K     
             OOO   K  Kk  !
$[-28]

[2020/08/03 14:29:21.215040][I][disconnectDUT] Disconnect DUT success
