[2020/07/29 10:08:08.620437][I][class_GFI20] Initial class_GFI20
[2020/07/29 10:08:08.625452][I][connectDUT] COM: COM20, BaudRate: 115200
[2020/07/29 10:08:08.630085][I][connectDUT] Connect DUT success
[2020/07/29 10:08:08.634742][I][setScimitarMenu] Set Scimitar menu
[2020/07/29 10:08:08.837653][I][sendCOMCommand] DUT <= x
[2020/07/29 10:08:08.944641][I][sendCOMCommand] Serial buffer size: 7
[2020/07/29 10:08:09.457689][I][sendCOMCommand] DUT => x
$>

[2020/07/29 10:08:09.462703][I][setScimitarMenu] Success
[2020/07/29 10:08:15.455706][I][setZigbee_Tx] ZIGBEE_2450 CH: 15, Tx PWR: 0 dBm
[2020/07/29 10:08:15.457711][I][setScimitarMenu] Set Scimitar menu
[2020/07/29 10:08:15.660993][I][sendCOMCommand] DUT <= x
[2020/07/29 10:08:15.767522][I][sendCOMCommand] Serial buffer size: 7
[2020/07/29 10:08:16.283396][I][sendCOMCommand] DUT => x
$>

[2020/07/29 10:08:16.289458][I][setScimitarMenu] Success
[2020/07/29 10:08:16.293073][I][setZigbeeMenu] Check Zigbee Menu
[2020/07/29 10:08:16.496677][I][sendCOMCommand] DUT <= 2
[2020/07/29 10:08:16.602243][I][sendCOMCommand] Serial buffer size: 22
[2020/07/29 10:08:17.115049][I][sendCOMCommand] DUT => 2
$2_Zigbee(EM357)>

[2020/07/29 10:08:17.121017][I][setZigbeeMenu] Success
[2020/07/29 10:08:17.124026][I][setZigbee_Tx] Set Diagnostics Menu
[2020/07/29 10:08:17.328557][I][sendCOMCommand] DUT <= d
[2020/07/29 10:08:17.439671][I][sendCOMCommand] Serial buffer size: 22
[2020/07/29 10:08:17.954733][I][sendCOMCommand] DUT => d
$2-d_Diagnostics>

[2020/07/29 10:08:17.962747][I][setZigbee_Tx] Success
[2020/07/29 10:08:17.965721][I][setZigbee_Tx] Set Channel Menu
[2020/07/29 10:08:18.169054][I][sendCOMCommand] DUT <= 2
[2020/07/29 10:08:18.276887][I][sendCOMCommand] Serial buffer size: 66
[2020/07/29 10:08:18.793003][I][sendCOMCommand] DUT => 2
$2-d-2_Set Channel (11 => 26) [0B - 1A by HEX]>
$PARAMETER?>

[2020/07/29 10:08:18.801008][I][setZigbee_Tx] Success
[2020/07/29 10:08:18.804521][I][setZigbee_Tx] Set Channel
[2020/07/29 10:08:19.008107][I][sendCOMCommand] DUT <= 0F
[2020/07/29 10:08:19.121435][I][sendCOMCommand] Serial buffer size: 53
[2020/07/29 10:08:19.637893][I][sendCOMCommand] DUT => Set Channel: 15 (0x0F)
$DONE_OK
$2-d_Diagnostics>

[2020/07/29 10:08:19.642437][I][setZigbee_Tx] Success
[2020/07/29 10:08:19.644450][I][setZigbee_Tx] Set PWR Menu
[2020/07/29 10:08:19.850030][I][sendCOMCommand] DUT <= 3
[2020/07/29 10:08:19.958621][I][sendCOMCommand] Serial buffer size: 79
[2020/07/29 10:08:20.475184][I][sendCOMCommand] DUT => 3
$2-d-3_Set Power (-32 => +8dBm, Step=1dB) [-2B - 08 by HEX]>
$PARAMETER?>

[2020/07/29 10:08:20.483234][I][setZigbee_Tx] Success
[2020/07/29 10:08:20.486240][I][setZigbee_Tx] Set Tx PWR
[2020/07/29 10:08:20.689509][I][sendCOMCommand] DUT <= 00
[2020/07/29 10:08:20.798474][I][sendCOMCommand] Serial buffer size: 50
[2020/07/29 10:08:21.314376][I][sendCOMCommand] DUT => Set Power: 0 (0x00)
$DONE_OK
$2-d_Diagnostics>

[2020/07/29 10:08:21.322387][I][setZigbee_Tx] Success
[2020/07/29 10:08:21.331450][I][setScimitarMenu] Set Scimitar menu
[2020/07/29 10:08:21.536910][I][sendCOMCommand] DUT <= x
[2020/07/29 10:08:21.649937][I][sendCOMCommand] Serial buffer size: 3
[2020/07/29 10:08:22.168570][I][sendCOMCommand] DUT => x
$2_Zigbee(EM357)>

[2020/07/29 10:08:22.376618][I][sendCOMCommand] DUT <= x
[2020/07/29 10:08:22.490628][I][sendCOMCommand] Serial buffer size: 7
[2020/07/29 10:08:23.006388][I][sendCOMCommand] DUT => x
$>

[2020/07/29 10:08:23.017701][I][setScimitarMenu] Success
[2020/07/29 10:08:23.027738][I][setZigbeeMenu] Check Zigbee Menu
[2020/07/29 10:08:23.236246][I][sendCOMCommand] DUT <= 2
[2020/07/29 10:08:23.345958][I][sendCOMCommand] Serial buffer size: 22
[2020/07/29 10:08:23.867969][I][sendCOMCommand] DUT => 2
$2_Zigbee(EM357)>

[2020/07/29 10:08:23.876549][I][setZigbeeMenu] Success
[2020/07/29 10:08:23.879573][I][setTxStart] Set Tx start
[2020/07/29 10:08:25.992584][I][setTxStop] Set Tx stop
[2020/07/29 10:08:26.197313][I][sendCOMCommand] DUT <= 5
[2020/07/29 10:08:26.311032][I][sendCOMCommand] Serial buffer size: 202
[2020/07/29 10:08:26.828757][I][sendCOMCommand] DUT => [mfglib]Send Packet(100 bytes)
[mfglib]Send Packet(100 bytes)
[mfglib]Send Packet(100 bytes)
5
ZigBee send packet test end.
Total number of emberStatus errors:0
$[0]
$DONE_OK
$2_Zigbee(EM357)>

[2020/07/29 10:08:26.836787][I][setTxStop] Success
[2020/07/29 10:08:30.646485][I][setZigbee_Tx] ZIGBEE_2450 CH: 21, Tx PWR: 0 dBm
[2020/07/29 10:08:30.649496][I][setScimitarMenu] Set Scimitar menu
[2020/07/29 10:08:30.856447][I][sendCOMCommand] DUT <= x
[2020/07/29 10:08:30.965084][I][sendCOMCommand] Serial buffer size: 7
[2020/07/29 10:08:31.487779][I][sendCOMCommand] DUT => x
$>

[2020/07/29 10:08:31.495796][I][setScimitarMenu] Success
[2020/07/29 10:08:31.499806][I][setZigbeeMenu] Check Zigbee Menu
[2020/07/29 10:08:31.704061][I][sendCOMCommand] DUT <= 2
[2020/07/29 10:08:31.818121][I][sendCOMCommand] Serial buffer size: 22
[2020/07/29 10:08:32.334526][I][sendCOMCommand] DUT => 2
$2_Zigbee(EM357)>

[2020/07/29 10:08:32.343554][I][setZigbeeMenu] Success
[2020/07/29 10:08:32.346614][I][setZigbee_Tx] Set Diagnostics Menu
[2020/07/29 10:08:32.551996][I][sendCOMCommand] DUT <= d
[2020/07/29 10:08:32.665662][I][sendCOMCommand] Serial buffer size: 22
[2020/07/29 10:08:33.175605][I][sendCOMCommand] DUT => d
$2-d_Diagnostics>

[2020/07/29 10:08:33.180587][I][setZigbee_Tx] Success
[2020/07/29 10:08:33.186603][I][setZigbee_Tx] Set Channel Menu
[2020/07/29 10:08:33.393305][I][sendCOMCommand] DUT <= 2
[2020/07/29 10:08:33.503035][I][sendCOMCommand] Serial buffer size: 66
[2020/07/29 10:08:34.025441][I][sendCOMCommand] DUT => 2
$2-d-2_Set Channel (11 => 26) [0B - 1A by HEX]>
$PARAMETER?>

[2020/07/29 10:08:34.034427][I][setZigbee_Tx] Success
[2020/07/29 10:08:34.037833][I][setZigbee_Tx] Set Channel
[2020/07/29 10:08:34.242437][I][sendCOMCommand] DUT <= 15
[2020/07/29 10:08:34.356468][I][sendCOMCommand] Serial buffer size: 53
[2020/07/29 10:08:34.873352][I][sendCOMCommand] DUT => Set Channel: 21 (0x15)
$DONE_OK
$2-d_Diagnostics>

[2020/07/29 10:08:34.882362][I][setZigbee_Tx] Success
[2020/07/29 10:08:34.886258][I][setZigbee_Tx] Set PWR Menu
[2020/07/29 10:08:35.091102][I][sendCOMCommand] DUT <= 3
[2020/07/29 10:08:35.205658][I][sendCOMCommand] Serial buffer size: 79
[2020/07/29 10:08:35.722847][I][sendCOMCommand] DUT => 3
$2-d-3_Set Power (-32 => +8dBm, Step=1dB) [-2B - 08 by HEX]>
$PARAMETER?>

[2020/07/29 10:08:35.730861][I][setZigbee_Tx] Success
[2020/07/29 10:08:35.734871][I][setZigbee_Tx] Set Tx PWR
[2020/07/29 10:08:35.939832][I][sendCOMCommand] DUT <= 00
[2020/07/29 10:08:36.054890][I][sendCOMCommand] Serial buffer size: 50
[2020/07/29 10:08:36.570000][I][sendCOMCommand] DUT => Set Power: 0 (0x00)
$DONE_OK
$2-d_Diagnostics>

[2020/07/29 10:08:36.579013][I][setZigbee_Tx] Success
[2020/07/29 10:08:36.589043][I][setScimitarMenu] Set Scimitar menu
[2020/07/29 10:08:36.795424][I][sendCOMCommand] DUT <= x
[2020/07/29 10:08:36.910193][I][sendCOMCommand] Serial buffer size: 22
[2020/07/29 10:08:37.428647][I][sendCOMCommand] DUT => x
$2_Zigbee(EM357)>

[2020/07/29 10:08:37.639847][I][sendCOMCommand] DUT <= x
[2020/07/29 10:08:37.753638][I][sendCOMCommand] Serial buffer size: 7
[2020/07/29 10:08:38.271537][I][sendCOMCommand] DUT => x
$>

[2020/07/29 10:08:38.279560][I][setScimitarMenu] Success
[2020/07/29 10:08:38.283567][I][setZigbeeMenu] Check Zigbee Menu
[2020/07/29 10:08:38.487772][I][sendCOMCommand] DUT <= 2
[2020/07/29 10:08:38.603195][I][sendCOMCommand] Serial buffer size: 22
[2020/07/29 10:08:39.120471][I][sendCOMCommand] DUT => 2
$2_Zigbee(EM357)>

[2020/07/29 10:08:39.128478][I][setZigbeeMenu] Success
[2020/07/29 10:08:39.132715][I][setTxStart] Set Tx start
[2020/07/29 10:08:41.392875][I][setTxStop] Set Tx stop
[2020/07/29 10:08:41.600660][I][sendCOMCommand] DUT <= 5
[2020/07/29 10:08:41.709770][I][sendCOMCommand] Serial buffer size: 187
[2020/07/29 10:08:41.817374][W][sendCOMCommand] Buffer not empty!!!
[2020/07/29 10:08:41.832368][I][sendCOMCommand] Serial buffer size: 19
[2020/07/29 10:08:42.356932][I][sendCOMCommand] DUT => [mfglib]Send Packet(100 bytes)
[mfglib]Send Packet(100 bytes)
[mfglib]Send Packet(100 bytes)   *
5
ZigBee send packet test end.
Total number of emberStatus errors:0
$[0]
$DONE_OK
$2_Zigbee(EM357)>

[2020/07/29 10:08:42.361890][I][setTxStop] Success
[2020/07/29 10:08:42.388845][I][setZigbee_Tx] ZIGBEE_2450 CH: 21, Tx PWR: -1 dBm
[2020/07/29 10:08:42.393404][I][setScimitarMenu] Set Scimitar menu
[2020/07/29 10:08:42.597420][I][sendCOMCommand] DUT <= x
[2020/07/29 10:08:42.704873][I][sendCOMCommand] Serial buffer size: 7
[2020/07/29 10:08:43.218766][I][sendCOMCommand] DUT => x
$>

[2020/07/29 10:08:43.228381][I][setScimitarMenu] Success
[2020/07/29 10:08:43.232080][I][setZigbeeMenu] Check Zigbee Menu
[2020/07/29 10:08:43.436756][I][sendCOMCommand] DUT <= 2
[2020/07/29 10:08:43.553629][I][sendCOMCommand] Serial buffer size: 22
[2020/07/29 10:08:44.072130][I][sendCOMCommand] DUT => 2
$2_Zigbee(EM357)>

[2020/07/29 10:08:44.080374][I][setZigbeeMenu] Success
[2020/07/29 10:08:44.083385][I][setZigbee_Tx] Set Diagnostics Menu
[2020/07/29 10:08:44.289369][I][sendCOMCommand] DUT <= d
[2020/07/29 10:08:44.404956][I][sendCOMCommand] Serial buffer size: 22
[2020/07/29 10:08:44.921000][I][sendCOMCommand] DUT => d
$2-d_Diagnostics>

[2020/07/29 10:08:44.930010][I][setZigbee_Tx] Success
[2020/07/29 10:08:44.933018][I][setZigbee_Tx] Set Channel Menu
[2020/07/29 10:08:45.138795][I][sendCOMCommand] DUT <= 2
[2020/07/29 10:08:45.254359][I][sendCOMCommand] Serial buffer size: 66
[2020/07/29 10:08:45.771374][I][sendCOMCommand] DUT => 2
$2-d-2_Set Channel (11 => 26) [0B - 1A by HEX]>
$PARAMETER?>

[2020/07/29 10:08:45.780349][I][setZigbee_Tx] Success
[2020/07/29 10:08:45.784370][I][setZigbee_Tx] Set Channel
[2020/07/29 10:08:45.989624][I][sendCOMCommand] DUT <= 15
[2020/07/29 10:08:46.105975][I][sendCOMCommand] Serial buffer size: 53
[2020/07/29 10:08:46.618176][I][sendCOMCommand] DUT => Set Channel: 21 (0x15)
$DONE_OK
$2-d_Diagnostics>

[2020/07/29 10:08:46.622750][I][setZigbee_Tx] Success
[2020/07/29 10:08:46.625761][I][setZigbee_Tx] Set PWR Menu
[2020/07/29 10:08:46.831839][I][sendCOMCommand] DUT <= 3
[2020/07/29 10:08:46.942458][I][sendCOMCommand] Serial buffer size: 79
[2020/07/29 10:08:47.464603][I][sendCOMCommand] DUT => 3
$2-d-3_Set Power (-32 => +8dBm, Step=1dB) [-2B - 08 by HEX]>
$PARAMETER?>

[2020/07/29 10:08:47.468658][I][setZigbee_Tx] Success
[2020/07/29 10:08:47.474556][I][setZigbee_Tx] Set Tx PWR
[2020/07/29 10:08:47.682233][I][sendCOMCommand] DUT <= FF
[2020/07/29 10:08:47.792536][I][sendCOMCommand] Serial buffer size: 57
[2020/07/29 10:08:48.310620][I][sendCOMCommand] DUT => Set Power: -1 (0xFFFFFFFF)
$DONE_OK
$2-d_Diagnostics>

[2020/07/29 10:08:48.319595][I][setZigbee_Tx] Success
[2020/07/29 10:08:48.330341][I][setScimitarMenu] Set Scimitar menu
[2020/07/29 10:08:48.535710][I][sendCOMCommand] DUT <= x
[2020/07/29 10:08:48.652981][I][sendCOMCommand] Serial buffer size: 22
[2020/07/29 10:08:49.169798][I][sendCOMCommand] DUT => x
$2_Zigbee(EM357)>

[2020/07/29 10:08:49.380028][I][sendCOMCommand] DUT <= x
[2020/07/29 10:08:49.496882][I][sendCOMCommand] Serial buffer size: 7
[2020/07/29 10:08:50.021450][I][sendCOMCommand] DUT => x
$>

[2020/07/29 10:08:50.029479][I][setScimitarMenu] Success
[2020/07/29 10:08:50.033489][I][setZigbeeMenu] Check Zigbee Menu
[2020/07/29 10:08:50.237466][I][sendCOMCommand] DUT <= 2
[2020/07/29 10:08:50.349012][I][sendCOMCommand] Serial buffer size: 22
[2020/07/29 10:08:50.865524][I][sendCOMCommand] DUT => 2
$2_Zigbee(EM357)>

[2020/07/29 10:08:50.873497][I][setZigbeeMenu] Success
[2020/07/29 10:08:50.877506][I][setTxStart] Set Tx start
[2020/07/29 10:08:53.152001][I][setTxStop] Set Tx stop
[2020/07/29 10:08:53.358442][I][sendCOMCommand] DUT <= 5
[2020/07/29 10:08:53.468580][I][sendCOMCommand] Serial buffer size: 170
[2020/07/29 10:08:53.985420][I][sendCOMCommand] DUT => [mfglib]Send Packet(100 bytes)
[mfglib]Send Packet(100 bytes)
5
ZigBee send packet test end.
Total number of emberStatus errors:0
$[0]
$DONE_OK
$2_Zigbee(EM357)>

[2020/07/29 10:08:53.993390][I][setTxStop] Success
[2020/07/29 10:08:57.719469][I][setZigbee_Tx] ZIGBEE_2450 CH: 24, Tx PWR: 0 dBm
[2020/07/29 10:08:57.723443][I][setScimitarMenu] Set Scimitar menu
[2020/07/29 10:08:57.928982][I][sendCOMCommand] DUT <= x
[2020/07/29 10:08:58.038118][I][sendCOMCommand] Serial buffer size: 3
[2020/07/29 10:08:58.563592][I][sendCOMCommand] DUT => x
$>

[2020/07/29 10:08:58.572507][I][setScimitarMenu] Success
[2020/07/29 10:08:58.576396][I][setZigbeeMenu] Check Zigbee Menu
[2020/07/29 10:08:58.782027][I][sendCOMCommand] DUT <= 2
[2020/07/29 10:08:58.897974][I][sendCOMCommand] Serial buffer size: 22
[2020/07/29 10:08:59.421975][I][sendCOMCommand] DUT => 2
$2_Zigbee(EM357)>

[2020/07/29 10:08:59.431220][I][setZigbeeMenu] Success
[2020/07/29 10:08:59.435083][I][setZigbee_Tx] Set Diagnostics Menu
[2020/07/29 10:08:59.640035][I][sendCOMCommand] DUT <= d
[2020/07/29 10:08:59.756869][I][sendCOMCommand] Serial buffer size: 22
[2020/07/29 10:09:00.280947][I][sendCOMCommand] DUT => d
$2-d_Diagnostics>

[2020/07/29 10:09:00.289961][I][setZigbee_Tx] Success
[2020/07/29 10:09:00.293898][I][setZigbee_Tx] Set Channel Menu
[2020/07/29 10:09:00.498631][I][sendCOMCommand] DUT <= 2
[2020/07/29 10:09:00.608000][I][sendCOMCommand] Serial buffer size: 66
[2020/07/29 10:09:01.124897][I][sendCOMCommand] DUT => 2
$2-d-2_Set Channel (11 => 26) [0B - 1A by HEX]>
$PARAMETER?>

[2020/07/29 10:09:01.134060][I][setZigbee_Tx] Success
[2020/07/29 10:09:01.137106][I][setZigbee_Tx] Set Channel
[2020/07/29 10:09:01.343228][I][sendCOMCommand] DUT <= 18
[2020/07/29 10:09:01.460041][I][sendCOMCommand] Serial buffer size: 53
[2020/07/29 10:09:01.976936][I][sendCOMCommand] DUT => Set Channel: 24 (0x18)
$DONE_OK
$2-d_Diagnostics>

[2020/07/29 10:09:01.985903][I][setZigbee_Tx] Success
[2020/07/29 10:09:01.988910][I][setZigbee_Tx] Set PWR Menu
[2020/07/29 10:09:02.195663][I][sendCOMCommand] DUT <= 3
[2020/07/29 10:09:02.311300][I][sendCOMCommand] Serial buffer size: 79
[2020/07/29 10:09:02.827868][I][sendCOMCommand] DUT => 3
$2-d-3_Set Power (-32 => +8dBm, Step=1dB) [-2B - 08 by HEX]>
$PARAMETER?>

[2020/07/29 10:09:02.836845][I][setZigbee_Tx] Success
[2020/07/29 10:09:02.841044][I][setZigbee_Tx] Set Tx PWR
[2020/07/29 10:09:03.045613][I][sendCOMCommand] DUT <= 00
[2020/07/29 10:09:03.163074][I][sendCOMCommand] Serial buffer size: 50
[2020/07/29 10:09:03.679661][I][sendCOMCommand] DUT => Set Power: 0 (0x00)
$DONE_OK
$2-d_Diagnostics>

[2020/07/29 10:09:03.688869][I][setZigbee_Tx] Success
[2020/07/29 10:09:03.699900][I][setScimitarMenu] Set Scimitar menu
[2020/07/29 10:09:03.905850][I][sendCOMCommand] DUT <= x
[2020/07/29 10:09:04.022910][I][sendCOMCommand] Serial buffer size: 3
[2020/07/29 10:09:04.133065][W][sendCOMCommand] Buffer not empty!!!
[2020/07/29 10:09:04.140996][I][sendCOMCommand] Serial buffer size: 19
[2020/07/29 10:09:04.655836][I][sendCOMCommand] DUT => x
$2_Zigbee(EM357)>

[2020/07/29 10:09:04.865936][I][sendCOMCommand] DUT <= x
[2020/07/29 10:09:04.983722][I][sendCOMCommand] Serial buffer size: 7
[2020/07/29 10:09:05.502422][I][sendCOMCommand] DUT => x
$>

[2020/07/29 10:09:05.511062][I][setScimitarMenu] Success
[2020/07/29 10:09:05.514107][I][setZigbeeMenu] Check Zigbee Menu
[2020/07/29 10:09:05.721014][I][sendCOMCommand] DUT <= 2
[2020/07/29 10:09:05.827464][I][sendCOMCommand] Serial buffer size: 22
[2020/07/29 10:09:06.344851][I][sendCOMCommand] DUT => 2
$2_Zigbee(EM357)>

[2020/07/29 10:09:06.352868][I][setZigbeeMenu] Success
[2020/07/29 10:09:06.356871][I][setTxStart] Set Tx start
[2020/07/29 10:09:08.527844][I][setTxStop] Set Tx stop
[2020/07/29 10:09:08.734159][I][sendCOMCommand] DUT <= 5
[2020/07/29 10:09:08.842616][I][sendCOMCommand] Serial buffer size: 206
[2020/07/29 10:09:09.369397][I][sendCOMCommand] DUT => [mfglib]Send Packet(100 bytes)
[mfglib]Send Packet(100 bytes)   *
[mfglib]Send Packet(100 bytes)
5
ZigBee send packet test end.
Total number of emberStatus errors:0
$[0]
$DONE_OK
$2_Zigbee(EM357)>

[2020/07/29 10:09:09.378371][I][setTxStop] Success
[2020/07/29 10:09:09.409839][I][setZigbee_Tx] ZIGBEE_2450 CH: 24, Tx PWR: -2 dBm
[2020/07/29 10:09:09.414653][I][setScimitarMenu] Set Scimitar menu
[2020/07/29 10:09:09.620421][I][sendCOMCommand] DUT <= x
[2020/07/29 10:09:09.730170][I][sendCOMCommand] Serial buffer size: 7
[2020/07/29 10:09:10.245170][I][sendCOMCommand] DUT => x
$>

[2020/07/29 10:09:10.252195][I][setScimitarMenu] Success
[2020/07/29 10:09:10.257327][I][setZigbeeMenu] Check Zigbee Menu
[2020/07/29 10:09:10.462343][I][sendCOMCommand] DUT <= 2
[2020/07/29 10:09:10.579263][I][sendCOMCommand] Serial buffer size: 22
[2020/07/29 10:09:11.094719][I][sendCOMCommand] DUT => 2
$2_Zigbee(EM357)>

[2020/07/29 10:09:11.103605][I][setZigbeeMenu] Success
[2020/07/29 10:09:11.106616][I][setZigbee_Tx] Set Diagnostics Menu
[2020/07/29 10:09:11.312482][I][sendCOMCommand] DUT <= d
[2020/07/29 10:09:11.430558][I][sendCOMCommand] Serial buffer size: 22
[2020/07/29 10:09:11.946881][I][sendCOMCommand] DUT => d
$2-d_Diagnostics>

[2020/07/29 10:09:11.954851][I][setZigbee_Tx] Success
[2020/07/29 10:09:11.958862][I][setZigbee_Tx] Set Channel Menu
[2020/07/29 10:09:12.165090][I][sendCOMCommand] DUT <= 2
[2020/07/29 10:09:12.274818][I][sendCOMCommand] Serial buffer size: 66
[2020/07/29 10:09:12.793592][I][sendCOMCommand] DUT => 2
$2-d-2_Set Channel (11 => 26) [0B - 1A by HEX]>
$PARAMETER?>

[2020/07/29 10:09:12.802656][I][setZigbee_Tx] Success
[2020/07/29 10:09:12.807033][I][setZigbee_Tx] Set Channel
[2020/07/29 10:09:13.012804][I][sendCOMCommand] DUT <= 18
[2020/07/29 10:09:13.129777][I][sendCOMCommand] Serial buffer size: 53
[2020/07/29 10:09:13.646972][I][sendCOMCommand] DUT => Set Channel: 24 (0x18)
$DONE_OK
$2-d_Diagnostics>

[2020/07/29 10:09:13.656659][I][setZigbee_Tx] Success
[2020/07/29 10:09:13.659705][I][setZigbee_Tx] Set PWR Menu
[2020/07/29 10:09:13.865521][I][sendCOMCommand] DUT <= 3
[2020/07/29 10:09:13.982940][I][sendCOMCommand] Serial buffer size: 79
[2020/07/29 10:09:14.500705][I][sendCOMCommand] DUT => 3
$2-d-3_Set Power (-32 => +8dBm, Step=1dB) [-2B - 08 by HEX]>
$PARAMETER?>

[2020/07/29 10:09:14.509681][I][setZigbee_Tx] Success
[2020/07/29 10:09:14.513726][I][setZigbee_Tx] Set Tx PWR
[2020/07/29 10:09:14.720383][I][sendCOMCommand] DUT <= FE
[2020/07/29 10:09:14.832928][I][sendCOMCommand] Serial buffer size: 57
[2020/07/29 10:09:15.352337][I][sendCOMCommand] DUT => Set Power: -2 (0xFFFFFFFE)
$DONE_OK
$2-d_Diagnostics>

[2020/07/29 10:09:15.360402][I][setZigbee_Tx] Success
[2020/07/29 10:09:15.373525][I][setScimitarMenu] Set Scimitar menu
[2020/07/29 10:09:15.579156][I][sendCOMCommand] DUT <= x
[2020/07/29 10:09:15.688743][I][sendCOMCommand] Serial buffer size: 22
[2020/07/29 10:09:16.205718][I][sendCOMCommand] DUT => x
$2_Zigbee(EM357)>

[2020/07/29 10:09:16.416086][I][sendCOMCommand] DUT <= x
[2020/07/29 10:09:16.533847][I][sendCOMCommand] Serial buffer size: 7
[2020/07/29 10:09:17.050936][I][sendCOMCommand] DUT => x
$>

[2020/07/29 10:09:17.059950][I][setScimitarMenu] Success
[2020/07/29 10:09:17.063973][I][setZigbeeMenu] Check Zigbee Menu
[2020/07/29 10:09:17.268839][I][sendCOMCommand] DUT <= 2
[2020/07/29 10:09:17.380281][I][sendCOMCommand] Serial buffer size: 22
[2020/07/29 10:09:17.898253][I][sendCOMCommand] DUT => 2
$2_Zigbee(EM357)>

[2020/07/29 10:09:17.907264][I][setZigbeeMenu] Success
[2020/07/29 10:09:17.911278][I][setTxStart] Set Tx start
[2020/07/29 10:09:20.058296][I][setTxStop] Set Tx stop
[2020/07/29 10:09:20.264600][I][sendCOMCommand] DUT <= 5
[2020/07/29 10:09:20.372817][I][sendCOMCommand] Serial buffer size: 202
[2020/07/29 10:09:20.899598][I][sendCOMCommand] DUT => [mfglib]Send Packet(100 bytes)
[mfglib]Send Packet(100 bytes)
[mfglib]Send Packet(100 bytes)
5
ZigBee send packet test end.
Total number of emberStatus errors:0
$[0]
$DONE_OK
$2_Zigbee(EM357)>

[2020/07/29 10:09:20.904599][I][setTxStop] Success
[2020/07/29 10:09:22.297982][I][setZigbee_Rx] ZIGBEE_2450 CH: 19
[2020/07/29 10:09:22.302018][I][setScimitarMenu] Set Scimitar menu
[2020/07/29 10:09:22.508248][I][sendCOMCommand] DUT <= x
[2020/07/29 10:09:22.615976][I][sendCOMCommand] Serial buffer size: 7
[2020/07/29 10:09:23.142992][I][sendCOMCommand] DUT => x
$>

[2020/07/29 10:09:23.158995][I][setScimitarMenu] Success
[2020/07/29 10:09:23.170017][I][setZigbeeMenu] Check Zigbee Menu
[2020/07/29 10:09:23.378676][I][sendCOMCommand] DUT <= 2
[2020/07/29 10:09:23.496766][I][sendCOMCommand] Serial buffer size: 22
[2020/07/29 10:09:24.012452][I][sendCOMCommand] DUT => 2
$2_Zigbee(EM357)>

[2020/07/29 10:09:24.021919][I][setZigbeeMenu] Success
[2020/07/29 10:09:24.026052][I][setZigbee_Rx] Set Diagnostics Menu
[2020/07/29 10:09:24.231591][I][sendCOMCommand] DUT <= d
[2020/07/29 10:09:24.342894][I][sendCOMCommand] Serial buffer size: 22
[2020/07/29 10:09:24.860879][I][sendCOMCommand] DUT => d
$2-d_Diagnostics>

[2020/07/29 10:09:24.869879][I][setZigbee_Rx] Success
[2020/07/29 10:09:24.873890][I][setZigbee_Rx] Set Channel Menu
[2020/07/29 10:09:25.079106][I][sendCOMCommand] DUT <= 2
[2020/07/29 10:09:25.197005][I][sendCOMCommand] Serial buffer size: 66
[2020/07/29 10:09:25.713887][I][sendCOMCommand] DUT => 2
$2-d-2_Set Channel (11 => 26) [0B - 1A by HEX]>
$PARAMETER?>

[2020/07/29 10:09:25.722900][I][setZigbee_Rx] Success
[2020/07/29 10:09:25.725908][I][setZigbee_Rx] Set Channel
[2020/07/29 10:09:25.932893][I][sendCOMCommand] DUT <= 13
[2020/07/29 10:09:26.050728][I][sendCOMCommand] Serial buffer size: 53
[2020/07/29 10:09:26.568132][I][sendCOMCommand] DUT => Set Channel: 19 (0x13)
$DONE_OK
$2-d_Diagnostics>

[2020/07/29 10:09:26.573928][I][setZigbee_Rx] Success
[2020/07/29 10:09:26.583906][I][setZigbeeLNAMode] LNA Mode: 1
[2020/07/29 10:09:26.588965][I][setScimitarMenu] Set Scimitar menu
[2020/07/29 10:09:26.794782][I][sendCOMCommand] DUT <= x
[2020/07/29 10:09:26.903751][I][sendCOMCommand] Serial buffer size: 22
[2020/07/29 10:09:27.428935][I][sendCOMCommand] DUT => x
$2_Zigbee(EM357)>

[2020/07/29 10:09:27.639408][I][sendCOMCommand] DUT <= x
[2020/07/29 10:09:27.756289][I][sendCOMCommand] Serial buffer size: 7
[2020/07/29 10:09:28.270423][I][sendCOMCommand] DUT => x
$>

[2020/07/29 10:09:28.276437][I][setScimitarMenu] Success
[2020/07/29 10:09:28.280449][I][setZigbeeMenu] Check Zigbee Menu
[2020/07/29 10:09:28.486808][I][sendCOMCommand] DUT <= 2
[2020/07/29 10:09:28.597424][I][sendCOMCommand] Serial buffer size: 22
[2020/07/29 10:09:29.123232][I][sendCOMCommand] DUT => 2
$2_Zigbee(EM357)>

[2020/07/29 10:09:29.132954][I][setZigbeeMenu] Success
[2020/07/29 10:09:29.137020][I][setZigbeeLNAMode] Set GPIO Write Menu
[2020/07/29 10:09:29.342692][I][sendCOMCommand] DUT <= 3
[2020/07/29 10:09:29.460805][I][sendCOMCommand] Serial buffer size: 28
[2020/07/29 10:09:29.978858][I][sendCOMCommand] DUT => 3
$2-3_ZigBee GPIO Write>

[2020/07/29 10:09:29.988304][I][setZigbeeLNAMode] Success
[2020/07/29 10:09:29.991314][I][setZigbeeLNAMode] Set LNA Mode
[2020/07/29 10:09:30.196937][I][sendCOMCommand] DUT <= 3
[2020/07/29 10:09:30.307834][I][sendCOMCommand] Serial buffer size: 81
[2020/07/29 10:09:30.826638][I][sendCOMCommand] DUT => 3
[EZSP]Setting GPIO was successful. (portPin=3, cfg=1, out=0)
$[0]
$DONE_OK
$2-3_ZigBee GPIO Write>

[2020/07/29 10:09:31.037455][I][sendCOMCommand] DUT <= 3
[2020/07/29 10:09:31.156189][I][sendCOMCommand] Serial buffer size: 106
[2020/07/29 10:09:31.671326][I][sendCOMCommand] DUT => 3
[EZSP]Setting GPIO was successful. (portPin=3, cfg=1, out=1)
$[1]
$DONE_OK
$2-3_ZigBee GPIO Write>

[2020/07/29 10:09:31.676327][I][setZigbeeLNAMode] Success
[2020/07/29 10:09:32.694125][I][getRxResult] Get Rx Result
[2020/07/29 10:09:32.699142][I][setScimitarMenu] Set Scimitar menu
[2020/07/29 10:09:32.905163][I][sendCOMCommand] DUT <= x
[2020/07/29 10:09:33.015337][I][sendCOMCommand] Serial buffer size: 22
[2020/07/29 10:09:33.533824][I][sendCOMCommand] DUT => x
$2_Zigbee(EM357)>

[2020/07/29 10:09:33.744310][I][sendCOMCommand] DUT <= x
[2020/07/29 10:09:33.858065][I][sendCOMCommand] Serial buffer size: 7
[2020/07/29 10:09:34.376506][I][sendCOMCommand] DUT => x
$>

[2020/07/29 10:09:34.386044][I][setScimitarMenu] Success
[2020/07/29 10:09:34.390059][I][setZigbeeMenu] Check Zigbee Menu
[2020/07/29 10:09:34.595614][I][sendCOMCommand] DUT <= 2
[2020/07/29 10:09:34.713797][I][sendCOMCommand] Serial buffer size: 22
[2020/07/29 10:09:35.231462][I][sendCOMCommand] DUT => 2
$2_Zigbee(EM357)>

[2020/07/29 10:09:35.240436][I][setZigbeeMenu] Success
[2020/07/29 10:09:35.446271][I][sendCOMCommand] DUT <= b
[2020/07/29 10:09:35.564583][I][sendCOMCommand] Serial buffer size: 32
[2020/07/29 10:09:35.675349][W][sendCOMCommand] Buffer not empty!!!
[2020/07/29 10:09:35.683377][I][sendCOMCommand] Serial buffer size: 62
[2020/07/29 10:09:35.789064][W][sendCOMCommand] Buffer not empty!!!
[2020/07/29 10:09:35.798134][I][sendCOMCommand] Serial buffer size: 183
[2020/07/29 10:09:36.209160][W][sendCOMCommand] Buffer not empty!!!
[2020/07/29 10:09:36.217186][I][sendCOMCommand] Serial buffer size: 29
[2020/07/29 10:09:36.728572][I][sendCOMCommand] DUT => b
ZigBee get Rssi test start.
Start Scan ... (Channel: 19 (0x13) duration:2 mask:00080000)
Channel: 19 (0x13), Rssi:-15
Total OK!    OOO   K  K   !
            O   O  K K    !
            O   O  KK     !
            O   O  K K     
             OOO   K  Kk  !
$[-15]
$DONE_OK
$2_Zigbee(EM357)>

[2020/07/29 10:09:36.835040][I][setZigbee_Rx] ZIGBEE_2450 CH: 19
[2020/07/29 10:09:36.839021][I][setScimitarMenu] Set Scimitar menu
[2020/07/29 10:09:37.045611][I][sendCOMCommand] DUT <= x
[2020/07/29 10:09:37.155778][I][sendCOMCommand] Serial buffer size: 7
[2020/07/29 10:09:37.681391][I][sendCOMCommand] DUT => x
$>

[2020/07/29 10:09:37.690432][I][setScimitarMenu] Success
[2020/07/29 10:09:37.695372][I][setZigbeeMenu] Check Zigbee Menu
[2020/07/29 10:09:37.901944][I][sendCOMCommand] DUT <= 2
[2020/07/29 10:09:38.011298][I][sendCOMCommand] Serial buffer size: 22
[2020/07/29 10:09:38.525667][I][sendCOMCommand] DUT => 2
$2_Zigbee(EM357)>

[2020/07/29 10:09:38.534760][I][setZigbeeMenu] Success
[2020/07/29 10:09:38.538773][I][setZigbee_Rx] Set Diagnostics Menu
[2020/07/29 10:09:38.744824][I][sendCOMCommand] DUT <= d
[2020/07/29 10:09:38.862679][I][sendCOMCommand] Serial buffer size: 22
[2020/07/29 10:09:39.379607][I][sendCOMCommand] DUT => d
$2-d_Diagnostics>

[2020/07/29 10:09:39.388620][I][setZigbee_Rx] Success
[2020/07/29 10:09:39.392629][I][setZigbee_Rx] Set Channel Menu
[2020/07/29 10:09:39.598815][I][sendCOMCommand] DUT <= 2
[2020/07/29 10:09:39.717491][I][sendCOMCommand] Serial buffer size: 66
[2020/07/29 10:09:40.235799][I][sendCOMCommand] DUT => 2
$2-d-2_Set Channel (11 => 26) [0B - 1A by HEX]>
$PARAMETER?>

[2020/07/29 10:09:40.244789][I][setZigbee_Rx] Success
[2020/07/29 10:09:40.249782][I][setZigbee_Rx] Set Channel
[2020/07/29 10:09:40.455542][I][sendCOMCommand] DUT <= 13
[2020/07/29 10:09:40.573735][I][sendCOMCommand] Serial buffer size: 53
[2020/07/29 10:09:41.092027][I][sendCOMCommand] DUT => Set Channel: 19 (0x13)
$DONE_OK
$2-d_Diagnostics>

[2020/07/29 10:09:41.101575][I][setZigbee_Rx] Success
[2020/07/29 10:09:41.111209][I][setZigbeeLNAMode] LNA Mode: 0
[2020/07/29 10:09:41.115222][I][setScimitarMenu] Set Scimitar menu
[2020/07/29 10:09:41.321818][I][sendCOMCommand] DUT <= x
[2020/07/29 10:09:41.439828][I][sendCOMCommand] Serial buffer size: 22
[2020/07/29 10:09:41.957743][I][sendCOMCommand] DUT => x
$2_Zigbee(EM357)>

[2020/07/29 10:09:42.168147][I][sendCOMCommand] DUT <= x
[2020/07/29 10:09:42.287077][I][sendCOMCommand] Serial buffer size: 7
[2020/07/29 10:09:42.799440][I][sendCOMCommand] DUT => x
$>

[2020/07/29 10:09:42.808498][I][setScimitarMenu] Success
[2020/07/29 10:09:42.813285][I][setZigbeeMenu] Check Zigbee Menu
[2020/07/29 10:09:43.018555][I][sendCOMCommand] DUT <= 2
[2020/07/29 10:09:43.137349][I][sendCOMCommand] Serial buffer size: 22
[2020/07/29 10:09:43.655198][I][sendCOMCommand] DUT => 2
$2_Zigbee(EM357)>

[2020/07/29 10:09:43.664174][I][setZigbeeMenu] Success
[2020/07/29 10:09:43.668645][I][setZigbeeLNAMode] Set GPIO Write Menu
[2020/07/29 10:09:43.873884][I][sendCOMCommand] DUT <= 3
[2020/07/29 10:09:43.992944][I][sendCOMCommand] Serial buffer size: 28
[2020/07/29 10:09:44.510413][I][sendCOMCommand] DUT => 3
$2-3_ZigBee GPIO Write>

[2020/07/29 10:09:44.519454][I][setZigbeeLNAMode] Success
[2020/07/29 10:09:44.523428][I][setZigbeeLNAMode] Set LNA Mode
[2020/07/29 10:09:44.728801][I][sendCOMCommand] DUT <= 3
[2020/07/29 10:09:44.837729][I][sendCOMCommand] Serial buffer size: 106
[2020/07/29 10:09:45.355761][I][sendCOMCommand] DUT => 3
[EZSP]Setting GPIO was successful. (portPin=3, cfg=1, out=0)
$[0]
$DONE_OK
$2-3_ZigBee GPIO Write>

[2020/07/29 10:09:45.365775][I][setZigbeeLNAMode] Success
[2020/07/29 10:09:46.385571][I][getRxResult] Get Rx Result
[2020/07/29 10:09:46.394603][I][setScimitarMenu] Set Scimitar menu
[2020/07/29 10:09:46.600533][I][sendCOMCommand] DUT <= x
[2020/07/29 10:09:46.710581][I][sendCOMCommand] Serial buffer size: 22
[2020/07/29 10:09:47.227869][I][sendCOMCommand] DUT => x
$2_Zigbee(EM357)>

[2020/07/29 10:09:47.438093][I][sendCOMCommand] DUT <= x
[2020/07/29 10:09:47.557190][I][sendCOMCommand] Serial buffer size: 7
[2020/07/29 10:09:48.073287][I][sendCOMCommand] DUT => x
$>

[2020/07/29 10:09:48.082588][I][setScimitarMenu] Success
[2020/07/29 10:09:48.086636][I][setZigbeeMenu] Check Zigbee Menu
[2020/07/29 10:09:48.291012][I][sendCOMCommand] DUT <= 2
[2020/07/29 10:09:48.400742][I][sendCOMCommand] Serial buffer size: 22
[2020/07/29 10:09:48.919053][I][sendCOMCommand] DUT => 2
$2_Zigbee(EM357)>

[2020/07/29 10:09:48.928046][I][setZigbeeMenu] Success
[2020/07/29 10:09:49.133597][I][sendCOMCommand] DUT <= b
[2020/07/29 10:09:49.252514][I][sendCOMCommand] Serial buffer size: 94
[2020/07/29 10:09:49.362564][W][sendCOMCommand] Buffer not empty!!!
[2020/07/29 10:09:49.379569][I][sendCOMCommand] Serial buffer size: 183
[2020/07/29 10:09:49.794889][W][sendCOMCommand] Buffer not empty!!!
[2020/07/29 10:09:49.800909][I][sendCOMCommand] Serial buffer size: 10
[2020/07/29 10:09:50.312167][I][sendCOMCommand] DUT => b
ZigBee get Rssi test start.
Start Scan ... (Channel: 19 (0x13) duration:2 mask:00080000)
Channel: 19 (0x13), Rssi:-28
Total OK!    OOO   K  K   !
            O   O  K K    !
            O   O  KK     !
            O   O  K K     
             OOO   K  Kk  !
$[-28]
$DONE_OK
$2_Zigbee(EM357)>

[2020/07/29 10:09:50.774267][I][disconnectDUT] Disconnect DUT success
