[2020/07/29 10:07:09]============== Control PS_Keysight66321B ==============
[2020/07/29 10:07:10]List resource: ['GPIB0::5::INSTR', 'TCPIP0::192.168.1.2::hislip0::INSTR', 'ASRL1::INSTR']
[2020/07/29 10:07:10]Power Supply: control 66321B successfully
[2020/07/29 10:07:10]Power Supply send: *RST
[2020/07/29 10:07:10]Power Supply send: *IDN?
[2020/07/29 10:07:10]Power Supply recv: Agilent Technologies,66321B,0,A.03.01

[2020/07/29 10:07:10]Power Supply is: Agilent Technologies,66321B,0,A.03.01
 

[2020/07/29 10:07:10]Power Supply send: CURR:PROT:STAT 1
[2020/07/29 10:07:10]Power Supply send: CURR:PROT:STAT?
[2020/07/29 10:07:10]Power Supply recv: 1

[2020/07/29 10:07:10]Power Supply send: VOLT 12.0
[2020/07/29 10:07:10]Power Supply send: VOLT?
[2020/07/29 10:07:10]Power Supply recv: 1.20000E+1

[2020/07/29 10:07:10]Power Supply send: CURR 1.0
[2020/07/29 10:07:10]Power Supply send: CURR?
[2020/07/29 10:07:10]Power Supply recv: 1.00000E+0

[2020/07/29 10:07:10]Power Supply send: OUTP 1
[2020/07/29 10:07:10]Power Supply send: OUTP?
[2020/07/29 10:07:10]Power Supply recv: 1

[2020/07/29 10:08:11]============== Control PS_Keysight66321B ==============
[2020/07/29 10:08:11]List resource: ['GPIB0::5::INSTR', 'TCPIP0::192.168.1.2::hislip0::INSTR', 'ASRL1::INSTR', 'ASRL14::INSTR', 'ASRL15::INSTR', 'ASRL16::INSTR', 'ASRL17::INSTR', 'ASRL19::INSTR', 'ASRL20::INSTR']
[2020/07/29 10:08:11]Power Supply: control 66321B successfully
[2020/07/29 10:08:11]Power Supply send: *IDN?
[2020/07/29 10:08:11]Power Supply recv: Agilent Technologies,66321B,0,A.03.01

[2020/07/29 10:08:11]Power Supply is: Agilent Technologies,66321B,0,A.03.01
 

[2020/07/29 10:08:25]Power Supply send: MEAS:CURR?
[2020/07/29 10:08:25]Power Supply recv: 1.03252E-1

[2020/07/29 10:08:41]Power Supply send: MEAS:CURR?
[2020/07/29 10:08:41]Power Supply recv: 7.87393E-2

[2020/07/29 10:08:53]Power Supply send: MEAS:CURR?
[2020/07/29 10:08:53]Power Supply recv: 7.88660E-2

[2020/07/29 10:09:08]Power Supply send: MEAS:CURR?
[2020/07/29 10:09:08]Power Supply recv: 7.91949E-2

[2020/07/29 10:09:19]Power Supply send: MEAS:CURR?
[2020/07/29 10:09:20]Power Supply recv: 7.87482E-2

[2020/07/29 10:10:13]============== Control PS_Keysight66321B ==============
[2020/07/29 10:10:13]List resource: ['GPIB0::5::INSTR', 'TCPIP0::192.168.1.2::hislip0::INSTR', 'ASRL1::INSTR']
[2020/07/29 10:10:13]Power Supply: control 66321B successfully
[2020/07/29 10:10:13]Power Supply send: *IDN?
[2020/07/29 10:10:13]Power Supply recv: Agilent Technologies,66321B,0,A.03.01

[2020/07/29 10:10:13]Power Supply is: Agilent Technologies,66321B,0,A.03.01
 

[2020/07/29 10:10:22]Power Supply send: MEAS:CURR?
[2020/07/29 10:10:22]Power Supply recv: 2.72708E-1

[2020/07/29 10:10:31]Power Supply send: MEAS:CURR?
[2020/07/29 10:10:31]Power Supply recv: 2.01968E-1

[2020/07/29 10:10:42]Power Supply send: MEAS:CURR?
[2020/07/29 10:10:42]Power Supply recv: 1.85856E-1

[2020/07/29 10:11:15]============== Control PS_Keysight66321B ==============
[2020/07/29 10:11:16]List resource: ['GPIB0::5::INSTR', 'TCPIP0::192.168.1.2::hislip0::INSTR', 'ASRL1::INSTR', 'ASRL14::INSTR', 'ASRL15::INSTR', 'ASRL16::INSTR', 'ASRL17::INSTR', 'ASRL19::INSTR', 'ASRL20::INSTR']
[2020/07/29 10:11:16]Power Supply: control 66321B successfully
[2020/07/29 10:11:16]Power Supply send: *RST
[2020/07/29 10:11:16]Power Supply send: *IDN?
[2020/07/29 10:11:16]Power Supply recv: Agilent Technologies,66321B,0,A.03.01

[2020/07/29 10:11:16]Power Supply is: Agilent Technologies,66321B,0,A.03.01
 

[2020/07/29 10:11:16]Power Supply send: OUTP 0
[2020/07/29 10:11:16]Power Supply send: OUTP?
[2020/07/29 10:11:16]Power Supply recv: 0

