[2020/07/31 15:46:13][I][checkDatabaseONorNOT] Database running.
[2020/07/31 15:46:13][I][tryConnectDatabase] Connect to MariaDB GFI20 database success!!
[2020/07/31 15:46:13][I][tryConnectDatabase] Connect to MariaDB GFI20 database success!!
[2020/07/31 15:46:13][I][checkDatabaseONorNOT] Database running.
[2020/07/31 15:46:13][I][tryConnectDatabase] Connect to MariaDB GFI20 database success!!
[2020/07/31 15:46:13][I][tryConnectDatabase] Connect to MariaDB GFI20 database success!!
[2020/07/31 15:46:13][E][initialDatabase] UpdateDB.csv already exist.
[2020/07/31 15:46:17][I][WriteDataTocsv] Create new row with item GFI20Bootup.
[2020/07/31 15:46:17][I][WriteDataTocsv] Update complete.
[2020/07/31 15:46:17][WriteRFDataTocsv][I] Update testscript GFI20Bootup's data.
[2020/07/31 15:46:17][I][WriteRFDataTocsv] Update complete.
[2020/07/31 15:47:09][I][WriteDataTocsv] Create new row with item CountDown.
[2020/07/31 15:47:09][I][WriteDataTocsv] Update complete.
[2020/07/31 15:47:09][WriteRFDataTocsv][I] Update testscript CountDown's data.
[2020/07/31 15:47:09][I][WriteRFDataTocsv] Update complete.
[2020/07/31 15:47:51][I][WriteDataTocsv] Create new row with item WaitConnect.
[2020/07/31 15:47:51][I][WriteDataTocsv] Update complete.
[2020/07/31 15:47:52][WriteRFDataTocsv][I] Update testscript WaitConnect's data.
[2020/07/31 15:47:52][I][WriteRFDataTocsv] Update complete.
[2020/07/31 15:47:52]--------------------DBUploading start--------------------
[2020/07/31 15:47:52][I][uploadData] Projcet name: GFI20
[2020/07/31 15:47:52][I][uploadData] Station name: BRF
[2020/07/31 15:47:52][I][tryConnectDatabase] Connect to MariaDB GFI20 database success!!
[2020/07/31 15:47:52][I][uploadData] Write data into BRF_GFI20Bootup
[2020/07/31 15:47:52][I][uploadData] Write data into BRF_CountDown
[2020/07/31 15:47:52][I][uploadData] Write data into BRF_WaitConnect
[2020/07/31 15:47:52][I][tryConnectDatabase] Connect to MariaDB GFI20_RF database success!!
[2020/07/31 15:47:52]---------- INI ----------
[2020/07/31 15:47:52][E][uploadData] Read MDUT.ini failed.
