[2020/07/29 00:12:46][I][getBOM] Get BOM Success!
[2020/07/29 00:12:46][I][getSKU] Get SKU from BOM: BOM_SKU, SKU name: 451AOD30L02
[2020/07/29 00:12:46][I][loadTestItemBySKU] Test Item List = (GFI20Bootup.py,1)(CountDown.py,1)(GFI20_RF_Zigbee,2)(GFI20_RF_LTE,1)
[2020/07/29 00:12:47][I][loadTestItemBySKU] Test Item List Element = ['GFI20Bootup.py,1', 'CountDown.py,1', 'GFI20_RF_Zigbee,2', 'GFI20_RF_LTE,1']
[2020/07/29 00:12:47][I][showTestingMsg] Waiting for testing...
[2020/07/29 00:12:47]---------- TestItem:GFI20Bootup.py  Method:1 ----------
[2020/07/29 00:12:47][I][runTestItem] Test start time: 2020/07/29 00:12:47
[2020/07/29 00:12:54][I][runTestItem] Test finished
[2020/07/29 00:12:54][I][checkTestResult] Version=3.0.0.3
[2020/07/29 00:12:54][I][checkTestResult] Result=Pass
[2020/07/29 00:12:54]*********************************************************
[2020/07/29 00:12:54]GFI20Bootup.py   3.0.0.3

[2020/07/29 00:12:54]			Result: Pass

[2020/07/29 00:12:54]			Method: 1

[2020/07/29 00:12:54]			Start: 2020/07/29 00:12:47

[2020/07/29 00:12:54]			End: 2020/07/29 00:12:54
[2020/07/29 00:12:54][I][runTestItem] Test end time: 2020/07/29 00:12:54
[2020/07/29 00:12:54]---------- TestItem:CountDown.py  Method:1 ----------
[2020/07/29 00:12:54][I][runTestItem] Test start time: 2020/07/29 00:12:54
[2020/07/29 00:13:46][I][runTestItem] Test finished
[2020/07/29 00:13:46][I][checkTestResult] Version=3.0.0.3
[2020/07/29 00:13:46][I][checkTestResult] Result=Pass
[2020/07/29 00:13:46]*********************************************************
[2020/07/29 00:13:46]CountDown.py   3.0.0.3

[2020/07/29 00:13:46]			Result: Pass

[2020/07/29 00:13:46]			Method: 1

[2020/07/29 00:13:46]			Start: 2020/07/29 00:12:54

[2020/07/29 00:13:46]			End: 2020/07/29 00:13:46
[2020/07/29 00:13:46][I][runTestItem] Test end time: 2020/07/29 00:13:46
[2020/07/29 00:13:46]---------- TestItem:GFI20_RF_Zigbee.py  Method:2 ----------
[2020/07/29 00:13:46][I][runTestItem] Test start time: 2020/07/29 00:13:46
[2020/07/29 00:15:42][I][runTestItem] Test finished
[2020/07/29 00:15:42][I][checkTestResult] Version=3.0.0.3
[2020/07/29 00:15:42][I][checkTestResult] Result=Pass
[2020/07/29 00:15:42]*********************************************************
[2020/07/29 00:15:42]GFI20_RF_Zigbee.py   3.0.0.3

[2020/07/29 00:15:42]			Result: Pass

[2020/07/29 00:15:42]			Method: 2

[2020/07/29 00:15:42]			Start: 2020/07/29 00:13:46

[2020/07/29 00:15:42]			End: 2020/07/29 00:15:42
[2020/07/29 00:15:42][I][runTestItem] Test end time: 2020/07/29 00:15:42
[2020/07/29 00:15:42]---------- TestItem:GFI20_RF_LTE.py  Method:1 ----------
[2020/07/29 00:15:42][I][runTestItem] Test start time: 2020/07/29 00:15:42
[2020/07/29 00:17:01][I][runTestItem] Test finished
[2020/07/29 00:17:01][I][checkTestResult] Version=3.0.0.11
[2020/07/29 00:17:01][I][checkTestResult] Result=Pass
[2020/07/29 00:17:01]*********************************************************
[2020/07/29 00:17:01]GFI20_RF_LTE.py   3.0.0.11

[2020/07/29 00:17:01]			Result: Pass

[2020/07/29 00:17:01]			Method: 1

[2020/07/29 00:17:01]			Start: 2020/07/29 00:15:42

[2020/07/29 00:17:01]			End: 2020/07/29 00:17:01
[2020/07/29 00:17:01][I][runTestItem] Test end time: 2020/07/29 00:17:01
[2020/07/29 00:17:03][I][runLastScript] Waiting for ending...
[2020/07/29 00:17:03]---------- TestItem:GFI20LastScript.py  Method:1 ----------
[2020/07/29 00:17:03][I][runLastScript] Test start time: 2020/07/29 00:17:03
[2020/07/29 00:17:23][I][runLastScript] Test finished
[2020/07/29 00:17:23][I][runLastScript] Test end time: 2020/07/29 00:17:23
[2020/07/29 00:17:23][I][checkTestResult] Version=3.0.0.6
[2020/07/29 00:17:23][I][checkTestResult] Result=Pass
[2020/07/29 00:17:23]*********************************************************
[2020/07/29 00:17:23]GFI20LastScript.py   3.0.0.6

[2020/07/29 00:17:23]			Result: Pass

[2020/07/29 00:17:23]			Method: 1

[2020/07/29 00:17:23]			Start: 2020/07/29 00:17:03

[2020/07/29 00:17:23]			End: 2020/07/29 00:17:23
[2020/07/29 00:17:23][I][processSFISUploadPass] No SFIS RecordInfo
[2020/07/29 00:17:25][I][processSFISUploadPass] Upload pass Success!
