[2020/07/31 15:33:50.315638]========== Start ==========
[2020/07/31 15:33:50.317660][I][class_E6640A_ZIGBEE] Initial class_E6640A_ZIGBEE
[2020/07/31 15:33:50.319082][I][class_E6640A_ZIGBEE] Version: 3.0.0.2
[2020/07/31 15:33:50.324018][I][connect_E6640A] Connect to E6640A
[2020/07/31 15:33:50.334494][I][connect_E6640A] Resource Manager of Visa Library at C:\Windows\system32\visa64.dll
[2020/07/31 15:33:50.385164][I][queryEx] E6640A <= *IDN?
[2020/07/31 15:33:50.390309][I][queryEx] E6640A => Keysight Technologies,E6640A,MY57150246,E.19.71
[2020/07/31 15:33:50.393190][I][set_Preset] System reset
[2020/07/31 15:33:50.395196][I][writeEx] E6640A <= *RST
[2020/07/31 15:33:50.398207][I][writeEx] E6640A <= *CLS
[2020/07/31 15:33:50.399583][I][writeEx] E6640A <= SYST:PRES
[2020/07/31 15:33:50.703865][I][queryEx] E6640A <= *OPC?
[2020/07/31 15:33:51.343226][I][queryEx] E6640A => 1
[2020/07/31 15:33:51.353836][I][set_Preset] System reset
[2020/07/31 15:33:51.355845][I][writeEx] E6640A <= *RST
[2020/07/31 15:33:51.358401][I][writeEx] E6640A <= *CLS
[2020/07/31 15:33:51.360409][I][writeEx] E6640A <= SYST:PRES
[2020/07/31 15:33:51.664457][I][queryEx] E6640A <= *OPC?
[2020/07/31 15:33:52.458622][I][queryEx] E6640A => 1
[2020/07/31 15:33:52.745990][I][set_Preset] System reset
[2020/07/31 15:33:52.747998][I][writeEx] E6640A <= *RST
[2020/07/31 15:33:52.750003][I][writeEx] E6640A <= *CLS
[2020/07/31 15:33:52.753011][I][writeEx] E6640A <= SYST:PRES
[2020/07/31 15:33:53.057029][I][queryEx] E6640A <= *OPC?
[2020/07/31 15:33:53.706879][I][queryEx] E6640A => 1
[2020/07/31 15:33:53.719668][I][set_Tx_Start] Set Tx start
[2020/07/31 15:33:53.721673][I][set_RFI_Port] Set input port
[2020/07/31 15:33:53.723679][I][writeEx] E6640A <= :FEED:RF:PORT:INPut RFIO1
[2020/07/31 15:33:53.726687][I][queryEx] E6640A <= :FEED:RF:PORT:INPut?
[2020/07/31 15:33:53.730768][I][queryEx] E6640A => RFIO1
[2020/07/31 15:33:53.733705][I][set_Modulation_Analysis] Set measurement function
[2020/07/31 15:33:53.736273][I][writeEx] E6640A <= INST:SEL VSA
[2020/07/31 15:33:54.039892][I][queryEx] E6640A <= *OPC?
[2020/07/31 15:33:54.154764][I][queryEx] E6640A => 1
[2020/07/31 15:33:54.164798][I][queryEx] E6640A <= INST:SEL?
[2020/07/31 15:33:54.177506][I][queryEx] E6640A => VSA
[2020/07/31 15:33:54.181521][I][writeEx] E6640A <= :CONFigure:DDEMod
[2020/07/31 15:33:54.486595][I][queryEx] E6640A <= *OPC?
[2020/07/31 15:33:54.673719][I][queryEx] E6640A => 1
[2020/07/31 15:33:54.681081][I][init_Zigbee_Mode] Initial Zigbee mode
[2020/07/31 15:33:54.683118][I][writeEx] E6640A <= :DDEM:STAN:PRES ZIGBEE2450
[2020/07/31 15:33:54.987698][I][queryEx] E6640A <= *OPC?
[2020/07/31 15:33:54.994662][I][queryEx] E6640A => 1
[2020/07/31 15:33:54.997672][I][set_Continue] Set continue
[2020/07/31 15:33:55.000680][I][writeEx] E6640A <= :INIT:CONT ON
[2020/07/31 15:33:55.003691][I][set_Freq] Set frequence
[2020/07/31 15:33:55.007294][I][writeEx] E6640A <= :FREQuency:CENTer 2425.0 MHz
[2020/07/31 15:33:55.009302][I][set_XScale_Span] Set frequence span
[2020/07/31 15:33:55.012670][I][writeEx] E6640A <= :FREQuency:SPAN 10000.000000 KHZ
[2020/07/31 15:33:55.014678][I][set_Power_Range] Get power range
[2020/07/31 15:33:55.017686][I][writeEx] E6640A <= :POW:RANG 20.000000
[2020/07/31 15:33:55.019692][I][set_Symbol_Rate] Get symbol rate
[2020/07/31 15:33:55.022699][I][writeEx] E6640A <= :DDEMod:SRATe 1000.000000 kHz
[2020/07/31 15:33:55.025707][I][set_Meas_Interval] Get meas interval
[2020/07/31 15:33:55.028635][I][writeEx] E6640A <= :DDEMod:SWEep:POINts 500
[2020/07/31 15:33:55.030643][I][set_Zigbee_TX_BandPower] Set marker function
[2020/07/31 15:33:55.033650][I][writeEx] E6640A <= CALC:DDEMod:MARK1:MODE POS
[2020/07/31 15:33:55.036658][I][writeEx] E6640A <= CALC:DDEMod:MARK1:TRAC 2
[2020/07/31 15:33:55.039682][I][writeEx] E6640A <= CALC:DDEMod:MARK1:FUNC BPOW
[2020/07/31 15:33:55.042639][I][writeEx] E6640A <= CALC:DDEMod:MARK1:FUNC:BPOW:CTYP MEAN
[2020/07/31 15:33:55.045578][I][writeEx] E6640A <= CALC:DDEMod:MARK1:FUNC:BAND:CENT 2425000000.000000
[2020/07/31 15:33:55.350075][I][queryEx] E6640A <= *OPC?
[2020/07/31 15:33:55.358147][I][queryEx] E6640A => 1
[2020/07/31 15:33:55.362139][I][queryEx] E6640A <= CALC:DDEMod:MARK1:FUNC:BAND:CENT?
[2020/07/31 15:33:55.367662][I][queryEx] E6640A => 2.425000000E+09
[2020/07/31 15:33:55.371891][I][writeEx] E6640A <= CALC:DDEMod:MARK1:FUNC:BAND:SPAN 10000000.000000
[2020/07/31 15:33:55.675810][I][queryEx] E6640A <= *OPC?
[2020/07/31 15:33:55.686805][I][queryEx] E6640A => 1
[2020/07/31 15:33:55.689852][I][set_Trigger_Video] Set trigger video
[2020/07/31 15:33:55.692824][I][writeEx] E6640A <= TRIG:DDEM:SOUR VID
[2020/07/31 15:33:55.998187][I][queryEx] E6640A <= *OPC?
[2020/07/31 15:33:56.007228][I][queryEx] E6640A => 1
[2020/07/31 15:33:56.010239][I][set_Trigger_Level] Set trigger level
[2020/07/31 15:33:56.013247][I][writeEx] E6640A <= :TRIGger:VIDeo:LEVel 30.000000 mV
[2020/07/31 15:33:56.016254][I][set_Trigger_Delay] Set trigger delay
[2020/07/31 15:33:56.020287][I][writeEx] E6640A <= :TRIGger:VIDeo:DELay:STATe ON
[2020/07/31 15:33:56.023277][I][queryEx] E6640A <= :TRIGger:VIDeo:DELay:STATe?
[2020/07/31 15:33:56.088957][I][queryEx] E6640A => 1
[2020/07/31 15:33:56.095979][I][writeEx] E6640A <= :TRIGger:VIDeo:DELay:STATe ON
[2020/07/31 15:33:56.103248][I][writeEx] E6640A <= :TRIGger:VIDeo:DELay 0.300000 ms
[2020/07/31 15:33:56.106264][I][init_Trigger_Reg] Initial trigger status register
[2020/07/31 15:33:56.109271][I][writeEx] E6640A <= *CLS
[2020/07/31 15:33:56.113345][I][writeEx] E6640A <= :STATus:PRESet
[2020/07/31 15:33:56.116368][I][writeEx] E6640A <= *SRE 192
[2020/07/31 15:33:56.119394][I][writeEx] E6640A <= :STATus:OPERation:ENABle 32
[2020/07/31 15:33:56.123507][I][writeEx] E6640A <= *CLS
[2020/07/31 15:33:56.126517][I][queryEx] E6640A <= *STB?
[2020/07/31 15:33:56.179180][I][queryEx] E6640A => 0
[2020/07/31 15:33:56.184409][I][init_Trigger_Reg] Status: 0
[2020/07/31 15:34:05.182094][I][chk_Tx_Result] Check Tx result
[2020/07/31 15:34:05.189158][I][get_Trigger_Status] Get trigger status
[2020/07/31 15:34:05.193020][I][queryEx] E6640A <= *STB?
[2020/07/31 15:34:05.198409][I][queryEx] E6640A => 192
[2020/07/31 15:34:05.201934][I][get_Trigger_Status] Status: 192
[2020/07/31 15:34:05.204965]Is triggered!
[2020/07/31 15:34:05.207972][I][writeEx] E6640A <= *CLS
[2020/07/31 15:34:05.211835][I][set_Continue] Set continue
[2020/07/31 15:34:05.214875][I][writeEx] E6640A <= :INIT:CONT ON
[2020/07/31 15:34:05.320076][I][set_Single] Set single
[2020/07/31 15:34:05.333110][I][writeEx] E6640A <= :INIT:CONT OFF
[2020/07/31 15:34:05.340128][I][set_Zigbee_TX_BandPower] Set marker function
[2020/07/31 15:34:05.344128][I][writeEx] E6640A <= CALC:DDEMod:MARK1:MODE POS
[2020/07/31 15:34:05.347720][I][writeEx] E6640A <= CALC:DDEMod:MARK1:TRAC 2
[2020/07/31 15:34:05.351419][I][writeEx] E6640A <= CALC:DDEMod:MARK1:FUNC BPOW
[2020/07/31 15:34:05.354434][I][writeEx] E6640A <= CALC:DDEMod:MARK1:FUNC:BPOW:CTYP MEAN
[2020/07/31 15:34:05.358246][I][writeEx] E6640A <= CALC:DDEMod:MARK1:FUNC:BAND:CENT 2425000000.000000
[2020/07/31 15:34:05.662566][I][queryEx] E6640A <= *OPC?
[2020/07/31 15:34:05.674072][I][queryEx] E6640A => 1
[2020/07/31 15:34:05.678086][I][queryEx] E6640A <= CALC:DDEMod:MARK1:FUNC:BAND:CENT?
[2020/07/31 15:34:05.684102][I][queryEx] E6640A => 2.425000000E+09
[2020/07/31 15:34:05.687110][I][writeEx] E6640A <= CALC:DDEMod:MARK1:FUNC:BAND:SPAN 10000000.000000
[2020/07/31 15:34:05.993419][I][queryEx] E6640A <= *OPC?
[2020/07/31 15:34:06.002726][I][queryEx] E6640A => 1
[2020/07/31 15:34:06.007736][I][get_Power] Get Tx power
[2020/07/31 15:34:06.011747][I][queryEx] E6640A <= :CALC:DDEMod:MARK1:Y?
[2020/07/31 15:34:06.018768][I][queryEx] E6640A => 1.911941997E+00
[2020/07/31 15:34:06.022098][I][chk_Tx_Result] Tx power(add loss: 8.200000) = 10.112000 dBm
[2020/07/31 15:34:06.025144][I][read_DDEMod_Array] Read measurement result
[2020/07/31 15:34:06.028122][I][queryEx] E6640A <= :READ:DDEMod?
[2020/07/31 15:34:06.172143][I][queryEx] E6640A => 1.331186008E+01,3.705733871E+01,2.220000000E+02,3.032102346E+00,1.301453876E+01,2.350000000E+02,9.91E+37,9.91E+37,9.91E+37,3.512984216E-01,-9.776592255E-01,2.790000000E+02,1.083532143E+01,3.030076218E+01,2.220000000E+02,2.192270117E+04,9.91E+37,9.91E+37,9.91E+37,9.91E+37,9.91E+37,-4.810229874E+01,9.91E+37,9.648550749E-01,-2.503024414E-02,2.816959321E-01,9.91E+37,9.91E+37,9.91E+37,9.91E+37,9.91E+37,9.91E+37,9.91E+37,9.91E+37,9.91E+37,9.91E+37,9.91E+37,9.91E+37,9.91E+37,9.91E+37,9.91E+37,9.91E+37,9.91E+37,9.91E+37,9.91E+37,9.91E+37,9.91E+37,9.91E+37,9.91E+37,9.91E+37,9.91E+37,9.91E+37,9.91E+37,9.91E+37,9.91E+37,9.91E+37,9.91E+37,9.91E+37,9.91E+37,9.91E+37,9.91E+37,3.931354266E-03,-1.563125843E-04
[2020/07/31 15:34:06.186135][I][set_Continue] Set continue
[2020/07/31 15:34:06.193148][I][writeEx] E6640A <= :INIT:CONT ON
[2020/07/31 15:34:16.653121][I][chk_Tx_Result] Check Tx result
[2020/07/31 15:34:16.661138][I][get_Trigger_Status] Get trigger status
[2020/07/31 15:34:16.664847][I][queryEx] E6640A <= *STB?
[2020/07/31 15:34:16.670091][I][queryEx] E6640A => 192
[2020/07/31 15:34:16.674125][I][get_Trigger_Status] Status: 192
[2020/07/31 15:34:16.677145]Is triggered!
[2020/07/31 15:34:16.681129][I][writeEx] E6640A <= *CLS
[2020/07/31 15:34:16.684133][I][set_Continue] Set continue
[2020/07/31 15:34:16.688144][I][writeEx] E6640A <= :INIT:CONT ON
[2020/07/31 15:34:16.792882][I][set_Single] Set single
[2020/07/31 15:34:16.806961][I][writeEx] E6640A <= :INIT:CONT OFF
[2020/07/31 15:34:16.814560][I][set_Zigbee_TX_BandPower] Set marker function
[2020/07/31 15:34:16.817570][I][writeEx] E6640A <= CALC:DDEMod:MARK1:MODE POS
[2020/07/31 15:34:16.821586][I][writeEx] E6640A <= CALC:DDEMod:MARK1:TRAC 2
[2020/07/31 15:34:16.825593][I][writeEx] E6640A <= CALC:DDEMod:MARK1:FUNC BPOW
[2020/07/31 15:34:16.828599][I][writeEx] E6640A <= CALC:DDEMod:MARK1:FUNC:BPOW:CTYP MEAN
[2020/07/31 15:34:16.832610][I][writeEx] E6640A <= CALC:DDEMod:MARK1:FUNC:BAND:CENT 2425000000.000000
[2020/07/31 15:34:17.138292][I][queryEx] E6640A <= *OPC?
[2020/07/31 15:34:17.149301][I][queryEx] E6640A => 1
[2020/07/31 15:34:17.152332][I][queryEx] E6640A <= CALC:DDEMod:MARK1:FUNC:BAND:CENT?
[2020/07/31 15:34:17.158823][I][queryEx] E6640A => 2.425000000E+09
[2020/07/31 15:34:17.161834][I][writeEx] E6640A <= CALC:DDEMod:MARK1:FUNC:BAND:SPAN 10000000.000000
[2020/07/31 15:34:17.466958][I][queryEx] E6640A <= *OPC?
[2020/07/31 15:34:17.479080][I][queryEx] E6640A => 1
[2020/07/31 15:34:17.483127][I][get_Power] Get Tx power
[2020/07/31 15:34:17.486172][I][queryEx] E6640A <= :CALC:DDEMod:MARK1:Y?
[2020/07/31 15:34:17.492870][I][queryEx] E6640A => 7.983595289E-01
[2020/07/31 15:34:17.495908][I][chk_Tx_Result] Tx power(add loss: 8.200000) = 8.998000 dBm
[2020/07/31 15:34:17.499891][I][read_DDEMod_Array] Read measurement result
[2020/07/31 15:34:17.502899][I][queryEx] E6640A <= :READ:DDEMod?
[2020/07/31 15:34:17.763403][I][queryEx] E6640A => 1.411417961E+01,4.843816757E+01,0.000000000E+00,3.667025566E+00,2.074298859E+01,0.000000000E+00,9.91E+37,9.91E+37,9.91E+37,2.656963170E-01,-7.223486900E-01,2.460000000E+02,1.150681496E+01,-4.016591263E+01,0.000000000E+00,2.187055469E+04,9.91E+37,9.91E+37,9.91E+37,9.91E+37,9.91E+37,-5.257968140E+01,9.91E+37,9.605482221E-01,3.690775950E-03,2.868739069E-01,9.91E+37,9.91E+37,9.91E+37,9.91E+37,9.91E+37,9.91E+37,9.91E+37,9.91E+37,9.91E+37,9.91E+37,9.91E+37,9.91E+37,9.91E+37,9.91E+37,9.91E+37,9.91E+37,9.91E+37,9.91E+37,9.91E+37,9.91E+37,9.91E+37,9.91E+37,9.91E+37,9.91E+37,9.91E+37,9.91E+37,9.91E+37,9.91E+37,9.91E+37,9.91E+37,9.91E+37,9.91E+37,9.91E+37,9.91E+37,9.91E+37,1.772845280E-03,1.542141545E-03
[2020/07/31 15:34:17.771467][I][set_Continue] Set continue
[2020/07/31 15:34:17.775477][I][writeEx] E6640A <= :INIT:CONT ON
[2020/07/31 15:34:19.222469][I][set_Preset] System reset
[2020/07/31 15:34:19.225511][I][writeEx] E6640A <= *RST
[2020/07/31 15:34:19.229490][I][writeEx] E6640A <= *CLS
[2020/07/31 15:34:19.232530][I][writeEx] E6640A <= SYST:PRES
[2020/07/31 15:34:19.537606][I][queryEx] E6640A <= *OPC?
[2020/07/31 15:34:20.493635][I][queryEx] E6640A => 1
[2020/07/31 15:34:20.508816][I][set_Tx_Start] Set Tx start
[2020/07/31 15:34:20.511817][I][set_RFI_Port] Set input port
[2020/07/31 15:34:20.516831][I][writeEx] E6640A <= :FEED:RF:PORT:INPut RFIO1
[2020/07/31 15:34:20.520841][I][queryEx] E6640A <= :FEED:RF:PORT:INPut?
[2020/07/31 15:34:20.526459][I][queryEx] E6640A => RFIO1
[2020/07/31 15:34:20.531518][I][set_Modulation_Analysis] Set measurement function
[2020/07/31 15:34:20.535509][I][writeEx] E6640A <= INST:SEL VSA
[2020/07/31 15:34:20.840425][I][queryEx] E6640A <= *OPC?
[2020/07/31 15:34:20.851654][I][queryEx] E6640A => 1
[2020/07/31 15:34:20.854675][I][queryEx] E6640A <= INST:SEL?
[2020/07/31 15:34:20.861338][I][queryEx] E6640A => VSA
[2020/07/31 15:34:20.865335][I][writeEx] E6640A <= :CONFigure:DDEMod
[2020/07/31 15:34:21.171267][I][queryEx] E6640A <= *OPC?
[2020/07/31 15:34:21.349357][I][queryEx] E6640A => 1
[2020/07/31 15:34:21.363350][I][init_Zigbee_Mode] Initial Zigbee mode
[2020/07/31 15:34:21.371577][I][writeEx] E6640A <= :DDEM:STAN:PRES ZIGBEE2450
[2020/07/31 15:34:21.676622][I][queryEx] E6640A <= *OPC?
[2020/07/31 15:34:21.687539][I][queryEx] E6640A => 1
[2020/07/31 15:34:21.691542][I][set_Continue] Set continue
[2020/07/31 15:34:21.695612][I][writeEx] E6640A <= :INIT:CONT ON
[2020/07/31 15:34:21.699590][I][set_Freq] Set frequence
[2020/07/31 15:34:21.702571][I][writeEx] E6640A <= :FREQuency:CENTer 2455.0 MHz
[2020/07/31 15:34:21.706582][I][set_XScale_Span] Set frequence span
[2020/07/31 15:34:21.709589][I][writeEx] E6640A <= :FREQuency:SPAN 10000.000000 KHZ
[2020/07/31 15:34:21.713600][I][set_Power_Range] Get power range
[2020/07/31 15:34:21.717611][I][writeEx] E6640A <= :POW:RANG 20.000000
[2020/07/31 15:34:21.720654][I][set_Symbol_Rate] Get symbol rate
[2020/07/31 15:34:21.724629][I][writeEx] E6640A <= :DDEMod:SRATe 1000.000000 kHz
[2020/07/31 15:34:21.727637][I][set_Meas_Interval] Get meas interval
[2020/07/31 15:34:21.731800][I][writeEx] E6640A <= :DDEMod:SWEep:POINts 500
[2020/07/31 15:34:21.734810][I][set_Zigbee_TX_BandPower] Set marker function
[2020/07/31 15:34:21.738821][I][writeEx] E6640A <= CALC:DDEMod:MARK1:MODE POS
[2020/07/31 15:34:21.742832][I][writeEx] E6640A <= CALC:DDEMod:MARK1:TRAC 2
[2020/07/31 15:34:21.745869][I][writeEx] E6640A <= CALC:DDEMod:MARK1:FUNC BPOW
[2020/07/31 15:34:21.749861][I][writeEx] E6640A <= CALC:DDEMod:MARK1:FUNC:BPOW:CTYP MEAN
[2020/07/31 15:34:21.753877][I][writeEx] E6640A <= CALC:DDEMod:MARK1:FUNC:BAND:CENT 2455000000.000000
[2020/07/31 15:34:22.058650][I][queryEx] E6640A <= *OPC?
[2020/07/31 15:34:22.068473][I][queryEx] E6640A => 1
[2020/07/31 15:34:22.072522][I][queryEx] E6640A <= CALC:DDEMod:MARK1:FUNC:BAND:CENT?
[2020/07/31 15:34:22.078739][I][queryEx] E6640A => 2.455000000E+09
[2020/07/31 15:34:22.082513][I][writeEx] E6640A <= CALC:DDEMod:MARK1:FUNC:BAND:SPAN 10000000.000000
[2020/07/31 15:34:22.387596][I][queryEx] E6640A <= *OPC?
[2020/07/31 15:34:22.396054][I][queryEx] E6640A => 1
[2020/07/31 15:34:22.404085][I][set_Trigger_Video] Set trigger video
[2020/07/31 15:34:22.408210][I][writeEx] E6640A <= TRIG:DDEM:SOUR VID
[2020/07/31 15:34:22.713062][I][queryEx] E6640A <= *OPC?
[2020/07/31 15:34:22.723787][I][queryEx] E6640A => 1
[2020/07/31 15:34:22.727840][I][set_Trigger_Level] Set trigger level
[2020/07/31 15:34:22.731861][I][writeEx] E6640A <= :TRIGger:VIDeo:LEVel 30.000000 mV
[2020/07/31 15:34:22.736043][I][set_Trigger_Delay] Set trigger delay
[2020/07/31 15:34:22.739053][I][writeEx] E6640A <= :TRIGger:VIDeo:DELay:STATe ON
[2020/07/31 15:34:22.743366][I][queryEx] E6640A <= :TRIGger:VIDeo:DELay:STATe?
[2020/07/31 15:34:22.805357][I][queryEx] E6640A => 1
[2020/07/31 15:34:22.811341][I][writeEx] E6640A <= :TRIGger:VIDeo:DELay:STATe ON
[2020/07/31 15:34:22.817334][I][writeEx] E6640A <= :TRIGger:VIDeo:DELay 0.300000 ms
[2020/07/31 15:34:22.820327][I][init_Trigger_Reg] Initial trigger status register
[2020/07/31 15:34:22.824375][I][writeEx] E6640A <= *CLS
[2020/07/31 15:34:22.828349][I][writeEx] E6640A <= :STATus:PRESet
[2020/07/31 15:34:22.831356][I][writeEx] E6640A <= *SRE 192
[2020/07/31 15:34:22.836010][I][writeEx] E6640A <= :STATus:OPERation:ENABle 32
[2020/07/31 15:34:22.839021][I][writeEx] E6640A <= *CLS
[2020/07/31 15:34:22.843031][I][queryEx] E6640A <= *STB?
[2020/07/31 15:34:22.889182][I][queryEx] E6640A => 0
[2020/07/31 15:34:22.895444][I][init_Trigger_Reg] Status: 0
[2020/07/31 15:34:31.961009][I][chk_Tx_Result] Check Tx result
[2020/07/31 15:34:31.966003][I][get_Trigger_Status] Get trigger status
[2020/07/31 15:34:31.970023][I][queryEx] E6640A <= *STB?
[2020/07/31 15:34:31.976442][I][queryEx] E6640A => 192
[2020/07/31 15:34:31.980064][I][get_Trigger_Status] Status: 192
[2020/07/31 15:34:31.984069]Is triggered!
[2020/07/31 15:34:31.988044][I][writeEx] E6640A <= *CLS
[2020/07/31 15:34:31.992319][I][set_Continue] Set continue
[2020/07/31 15:34:31.995358][I][writeEx] E6640A <= :INIT:CONT ON
[2020/07/31 15:34:32.101074][I][set_Single] Set single
[2020/07/31 15:34:32.109093][I][writeEx] E6640A <= :INIT:CONT OFF
[2020/07/31 15:34:32.113114][I][set_Zigbee_TX_BandPower] Set marker function
[2020/07/31 15:34:32.116124][I][writeEx] E6640A <= CALC:DDEMod:MARK1:MODE POS
[2020/07/31 15:34:32.120315][I][writeEx] E6640A <= CALC:DDEMod:MARK1:TRAC 2
[2020/07/31 15:34:32.123361][I][writeEx] E6640A <= CALC:DDEMod:MARK1:FUNC BPOW
[2020/07/31 15:34:32.127822][I][writeEx] E6640A <= CALC:DDEMod:MARK1:FUNC:BPOW:CTYP MEAN
[2020/07/31 15:34:32.130833][I][writeEx] E6640A <= CALC:DDEMod:MARK1:FUNC:BAND:CENT 2455000000.000000
[2020/07/31 15:34:32.436306][I][queryEx] E6640A <= *OPC?
[2020/07/31 15:34:32.447411][I][queryEx] E6640A => 1
[2020/07/31 15:34:32.451389][I][queryEx] E6640A <= CALC:DDEMod:MARK1:FUNC:BAND:CENT?
[2020/07/31 15:34:32.457661][I][queryEx] E6640A => 2.455000000E+09
[2020/07/31 15:34:32.461416][I][writeEx] E6640A <= CALC:DDEMod:MARK1:FUNC:BAND:SPAN 10000000.000000
[2020/07/31 15:34:32.767401][I][queryEx] E6640A <= *OPC?
[2020/07/31 15:34:32.778904][I][queryEx] E6640A => 1
[2020/07/31 15:34:32.782917][I][get_Power] Get Tx power
[2020/07/31 15:34:32.787049][I][queryEx] E6640A <= :CALC:DDEMod:MARK1:Y?
[2020/07/31 15:34:32.793479][I][queryEx] E6640A => 1.138530406E+00
[2020/07/31 15:34:32.797308][I][chk_Tx_Result] Tx power(add loss: 8.900000) = 10.039000 dBm
[2020/07/31 15:34:32.800318][I][read_DDEMod_Array] Read measurement result
[2020/07/31 15:34:32.804363][I][queryEx] E6640A <= :READ:DDEMod?
[2020/07/31 15:34:33.066673][I][queryEx] E6640A => 1.398702335E+01,3.865201187E+01,2.220000000E+02,3.083867311E+00,1.418085098E+01,4.220000000E+02,9.91E+37,9.91E+37,9.91E+37,4.585792720E-01,-1.191818714E+00,4.890000000E+02,1.137209129E+01,3.156703758E+01,2.220000000E+02,2.214835938E+04,9.91E+37,9.91E+37,9.91E+37,9.91E+37,9.91E+37,-4.437396240E+01,9.91E+37,9.612258673E-01,-7.125997450E-03,4.057702422E-01,9.91E+37,9.91E+37,9.91E+37,9.91E+37,9.91E+37,9.91E+37,9.91E+37,9.91E+37,9.91E+37,9.91E+37,9.91E+37,9.91E+37,9.91E+37,9.91E+37,9.91E+37,9.91E+37,9.91E+37,9.91E+37,9.91E+37,9.91E+37,9.91E+37,9.91E+37,9.91E+37,9.91E+37,9.91E+37,9.91E+37,9.91E+37,9.91E+37,9.91E+37,9.91E+37,9.91E+37,9.91E+37,9.91E+37,9.91E+37,9.91E+37,2.729669213E-03,-5.392130464E-03
[2020/07/31 15:34:33.072925][I][set_Continue] Set continue
[2020/07/31 15:34:33.075935][I][writeEx] E6640A <= :INIT:CONT ON
[2020/07/31 15:34:43.455017][I][chk_Tx_Result] Check Tx result
[2020/07/31 15:34:43.463067][I][get_Trigger_Status] Get trigger status
[2020/07/31 15:34:43.466906][I][queryEx] E6640A <= *STB?
[2020/07/31 15:34:43.473248][I][queryEx] E6640A => 192
[2020/07/31 15:34:43.476976][I][get_Trigger_Status] Status: 192
[2020/07/31 15:34:43.480016]Is triggered!
[2020/07/31 15:34:43.483998][I][writeEx] E6640A <= *CLS
[2020/07/31 15:34:43.488014][I][set_Continue] Set continue
[2020/07/31 15:34:43.492018][I][writeEx] E6640A <= :INIT:CONT ON
[2020/07/31 15:34:43.597347][I][set_Single] Set single
[2020/07/31 15:34:43.605373][I][writeEx] E6640A <= :INIT:CONT OFF
[2020/07/31 15:34:43.609387][I][set_Zigbee_TX_BandPower] Set marker function
[2020/07/31 15:34:43.613431][I][writeEx] E6640A <= CALC:DDEMod:MARK1:MODE POS
[2020/07/31 15:34:43.617936][I][writeEx] E6640A <= CALC:DDEMod:MARK1:TRAC 2
[2020/07/31 15:34:43.620946][I][writeEx] E6640A <= CALC:DDEMod:MARK1:FUNC BPOW
[2020/07/31 15:34:43.625786][I][writeEx] E6640A <= CALC:DDEMod:MARK1:FUNC:BPOW:CTYP MEAN
[2020/07/31 15:34:43.628796][I][writeEx] E6640A <= CALC:DDEMod:MARK1:FUNC:BAND:CENT 2455000000.000000
[2020/07/31 15:34:43.933843][I][queryEx] E6640A <= *OPC?
[2020/07/31 15:34:43.942967][I][queryEx] E6640A => 1
[2020/07/31 15:34:43.948032][I][queryEx] E6640A <= CALC:DDEMod:MARK1:FUNC:BAND:CENT?
[2020/07/31 15:34:43.954551][I][queryEx] E6640A => 2.455000000E+09
[2020/07/31 15:34:43.958813][I][writeEx] E6640A <= CALC:DDEMod:MARK1:FUNC:BAND:SPAN 10000000.000000
[2020/07/31 15:34:44.264321][I][queryEx] E6640A <= *OPC?
[2020/07/31 15:34:44.276339][I][queryEx] E6640A => 1
[2020/07/31 15:34:44.280349][I][get_Power] Get Tx power
[2020/07/31 15:34:44.284360][I][queryEx] E6640A <= :CALC:DDEMod:MARK1:Y?
[2020/07/31 15:34:44.291055][I][queryEx] E6640A => 2.775948649E-02
[2020/07/31 15:34:44.294065][I][chk_Tx_Result] Tx power(add loss: 8.900000) = 8.928000 dBm
[2020/07/31 15:34:44.298076][I][read_DDEMod_Array] Read measurement result
[2020/07/31 15:34:44.302112][I][queryEx] E6640A <= :READ:DDEMod?
[2020/07/31 15:34:44.562745][I][queryEx] E6640A => 1.703788948E+01,5.349451828E+01,2.210000000E+02,4.853510380E+00,2.625763321E+01,2.210000000E+02,9.91E+37,9.91E+37,9.91E+37,8.210290074E-01,-1.637363434E+00,2.870000000E+02,1.387644196E+01,4.403840256E+01,2.210000000E+02,2.211097070E+04,9.91E+37,9.91E+37,9.91E+37,9.91E+37,9.91E+37,-3.892403412E+01,9.91E+37,9.426769614E-01,1.434131116E-01,5.400977731E-01,9.91E+37,9.91E+37,9.91E+37,9.91E+37,9.91E+37,9.91E+37,9.91E+37,9.91E+37,9.91E+37,9.91E+37,9.91E+37,9.91E+37,9.91E+37,9.91E+37,9.91E+37,9.91E+37,9.91E+37,9.91E+37,9.91E+37,9.91E+37,9.91E+37,9.91E+37,9.91E+37,9.91E+37,9.91E+37,9.91E+37,9.91E+37,9.91E+37,9.91E+37,9.91E+37,9.91E+37,9.91E+37,9.91E+37,9.91E+37,9.91E+37,5.178847350E-03,-1.006446499E-02
[2020/07/31 15:34:44.566797][I][set_Continue] Set continue
[2020/07/31 15:34:44.571772][I][writeEx] E6640A <= :INIT:CONT ON
[2020/07/31 15:34:46.021244][I][set_Preset] System reset
[2020/07/31 15:34:46.025255][I][writeEx] E6640A <= *RST
[2020/07/31 15:34:46.029272][I][writeEx] E6640A <= *CLS
[2020/07/31 15:34:46.033309][I][writeEx] E6640A <= SYST:PRES
[2020/07/31 15:34:46.338830][I][queryEx] E6640A <= *OPC?
[2020/07/31 15:34:47.265394][I][queryEx] E6640A => 1
[2020/07/31 15:34:47.279469][I][set_Tx_Start] Set Tx start
[2020/07/31 15:34:47.284883][I][set_RFI_Port] Set input port
[2020/07/31 15:34:47.288898][I][writeEx] E6640A <= :FEED:RF:PORT:INPut RFIO1
[2020/07/31 15:34:47.294657][I][queryEx] E6640A <= :FEED:RF:PORT:INPut?
[2020/07/31 15:34:47.301857][I][queryEx] E6640A => RFIO1
[2020/07/31 15:34:47.305896][I][set_Modulation_Analysis] Set measurement function
[2020/07/31 15:34:47.310908][I][writeEx] E6640A <= INST:SEL VSA
[2020/07/31 15:34:47.617766][I][queryEx] E6640A <= *OPC?
[2020/07/31 15:34:47.629035][I][queryEx] E6640A => 1
[2020/07/31 15:34:47.633061][I][queryEx] E6640A <= INST:SEL?
[2020/07/31 15:34:47.640071][I][queryEx] E6640A => VSA
[2020/07/31 15:34:47.644078][I][writeEx] E6640A <= :CONFigure:DDEMod
[2020/07/31 15:34:47.950123][I][queryEx] E6640A <= *OPC?
[2020/07/31 15:34:48.132304][I][queryEx] E6640A => 1
[2020/07/31 15:34:48.140323][I][init_Zigbee_Mode] Initial Zigbee mode
[2020/07/31 15:34:48.144371][I][writeEx] E6640A <= :DDEM:STAN:PRES ZIGBEE2450
[2020/07/31 15:34:48.450544][I][queryEx] E6640A <= *OPC?
[2020/07/31 15:34:48.461557][I][queryEx] E6640A => 1
[2020/07/31 15:34:48.466024][I][set_Continue] Set continue
[2020/07/31 15:34:48.469035][I][writeEx] E6640A <= :INIT:CONT ON
[2020/07/31 15:34:48.473046][I][set_Freq] Set frequence
[2020/07/31 15:34:48.477795][I][writeEx] E6640A <= :FREQuency:CENTer 2470.0 MHz
[2020/07/31 15:34:48.481748][I][set_XScale_Span] Set frequence span
[2020/07/31 15:34:48.484758][I][writeEx] E6640A <= :FREQuency:SPAN 10000.000000 KHZ
[2020/07/31 15:34:48.488799][I][set_Power_Range] Get power range
[2020/07/31 15:34:48.492808][I][writeEx] E6640A <= :POW:RANG 20.000000
[2020/07/31 15:34:48.497407][I][set_Symbol_Rate] Get symbol rate
[2020/07/31 15:34:48.500417][I][writeEx] E6640A <= :DDEMod:SRATe 1000.000000 kHz
[2020/07/31 15:34:48.505285][I][set_Meas_Interval] Get meas interval
[2020/07/31 15:34:48.508295][I][writeEx] E6640A <= :DDEMod:SWEep:POINts 500
[2020/07/31 15:34:48.512697][I][set_Zigbee_TX_BandPower] Set marker function
[2020/07/31 15:34:48.516986][I][writeEx] E6640A <= CALC:DDEMod:MARK1:MODE POS
[2020/07/31 15:34:48.519996][I][writeEx] E6640A <= CALC:DDEMod:MARK1:TRAC 2
[2020/07/31 15:34:48.524007][I][writeEx] E6640A <= CALC:DDEMod:MARK1:FUNC BPOW
[2020/07/31 15:34:48.528017][I][writeEx] E6640A <= CALC:DDEMod:MARK1:FUNC:BPOW:CTYP MEAN
[2020/07/31 15:34:48.533095][I][writeEx] E6640A <= CALC:DDEMod:MARK1:FUNC:BAND:CENT 2470000000.000000
[2020/07/31 15:34:48.838523][I][queryEx] E6640A <= *OPC?
[2020/07/31 15:34:48.849261][I][queryEx] E6640A => 1
[2020/07/31 15:34:48.854100][I][queryEx] E6640A <= CALC:DDEMod:MARK1:FUNC:BAND:CENT?
[2020/07/31 15:34:48.861280][I][queryEx] E6640A => 2.470000000E+09
[2020/07/31 15:34:48.865293][I][writeEx] E6640A <= CALC:DDEMod:MARK1:FUNC:BAND:SPAN 10000000.000000
[2020/07/31 15:34:49.171015][I][queryEx] E6640A <= *OPC?
[2020/07/31 15:34:49.182804][I][queryEx] E6640A => 1
[2020/07/31 15:34:49.187398][I][set_Trigger_Video] Set trigger video
[2020/07/31 15:34:49.191410][I][writeEx] E6640A <= TRIG:DDEM:SOUR VID
[2020/07/31 15:34:49.496926][I][queryEx] E6640A <= *OPC?
[2020/07/31 15:34:49.505936][I][queryEx] E6640A => 1
[2020/07/31 15:34:49.509984][I][set_Trigger_Level] Set trigger level
[2020/07/31 15:34:49.514999][I][writeEx] E6640A <= :TRIGger:VIDeo:LEVel 30.000000 mV
[2020/07/31 15:34:49.520011][I][set_Trigger_Delay] Set trigger delay
[2020/07/31 15:34:49.524349][I][writeEx] E6640A <= :TRIGger:VIDeo:DELay:STATe ON
[2020/07/31 15:34:49.528363][I][queryEx] E6640A <= :TRIGger:VIDeo:DELay:STATe?
[2020/07/31 15:34:49.590770][I][queryEx] E6640A => 1
[2020/07/31 15:34:49.603878][I][writeEx] E6640A <= :TRIGger:VIDeo:DELay:STATe ON
[2020/07/31 15:34:49.611940][I][writeEx] E6640A <= :TRIGger:VIDeo:DELay 0.300000 ms
[2020/07/31 15:34:49.615929][I][init_Trigger_Reg] Initial trigger status register
[2020/07/31 15:34:49.619931][I][writeEx] E6640A <= *CLS
[2020/07/31 15:34:49.623936][I][writeEx] E6640A <= :STATus:PRESet
[2020/07/31 15:34:49.628602][I][writeEx] E6640A <= *SRE 192
[2020/07/31 15:34:49.632599][I][writeEx] E6640A <= :STATus:OPERation:ENABle 32
[2020/07/31 15:34:49.636450][I][writeEx] E6640A <= *CLS
[2020/07/31 15:34:49.639460][I][queryEx] E6640A <= *STB?
[2020/07/31 15:34:49.687212][I][queryEx] E6640A => 0
[2020/07/31 15:34:49.693231][I][init_Trigger_Reg] Status: 0
[2020/07/31 15:34:58.650692][I][chk_Tx_Result] Check Tx result
[2020/07/31 15:34:58.655705][I][get_Trigger_Status] Get trigger status
[2020/07/31 15:34:58.659715][I][queryEx] E6640A <= *STB?
[2020/07/31 15:34:58.666735][I][queryEx] E6640A => 192
[2020/07/31 15:34:58.670744][I][get_Trigger_Status] Status: 192
[2020/07/31 15:34:58.674757]Is triggered!
[2020/07/31 15:34:58.679770][I][writeEx] E6640A <= *CLS
[2020/07/31 15:34:58.684782][I][set_Continue] Set continue
[2020/07/31 15:34:58.688838][I][writeEx] E6640A <= :INIT:CONT ON
[2020/07/31 15:34:58.793108][I][set_Single] Set single
[2020/07/31 15:34:58.798084][I][writeEx] E6640A <= :INIT:CONT OFF
[2020/07/31 15:34:58.802124][I][set_Zigbee_TX_BandPower] Set marker function
[2020/07/31 15:34:58.807133][I][writeEx] E6640A <= CALC:DDEMod:MARK1:MODE POS
[2020/07/31 15:34:58.811157][I][writeEx] E6640A <= CALC:DDEMod:MARK1:TRAC 2
[2020/07/31 15:34:58.816131][I][writeEx] E6640A <= CALC:DDEMod:MARK1:FUNC BPOW
[2020/07/31 15:34:58.820186][I][writeEx] E6640A <= CALC:DDEMod:MARK1:FUNC:BPOW:CTYP MEAN
[2020/07/31 15:34:58.825156][I][writeEx] E6640A <= CALC:DDEMod:MARK1:FUNC:BAND:CENT 2470000000.000000
[2020/07/31 15:34:59.129654][I][queryEx] E6640A <= *OPC?
[2020/07/31 15:34:59.136958][I][queryEx] E6640A => 1
[2020/07/31 15:34:59.140969][I][queryEx] E6640A <= CALC:DDEMod:MARK1:FUNC:BAND:CENT?
[2020/07/31 15:34:59.147988][I][queryEx] E6640A => 2.470000000E+09
[2020/07/31 15:34:59.151998][I][writeEx] E6640A <= CALC:DDEMod:MARK1:FUNC:BAND:SPAN 10000000.000000
[2020/07/31 15:34:59.457775][I][queryEx] E6640A <= *OPC?
[2020/07/31 15:34:59.467768][I][queryEx] E6640A => 1
[2020/07/31 15:34:59.471760][I][get_Power] Get Tx power
[2020/07/31 15:34:59.476743][I][queryEx] E6640A <= :CALC:DDEMod:MARK1:Y?
[2020/07/31 15:34:59.483470][I][queryEx] E6640A => 1.361040944E+00
[2020/07/31 15:34:59.487945][I][chk_Tx_Result] Tx power(add loss: 8.800000) = 10.161000 dBm
[2020/07/31 15:34:59.491549][I][read_DDEMod_Array] Read measurement result
[2020/07/31 15:34:59.495367][I][queryEx] E6640A <= :READ:DDEMod?
[2020/07/31 15:34:59.648866][I][queryEx] E6640A => 1.556727505E+01,4.540041351E+01,1.500000000E+01,4.311738491E+00,2.010802841E+01,4.230000000E+02,9.91E+37,9.91E+37,9.91E+37,3.025937676E-01,-9.131073952E-01,3.400000000E+02,1.270039940E+01,-3.739836502E+01,1.500000000E+01,2.221695313E+04,9.91E+37,9.91E+37,9.91E+37,9.91E+37,9.91E+37,-5.090024567E+01,9.91E+37,9.520918727E-01,1.083361451E-02,3.697025776E-01,9.91E+37,9.91E+37,9.91E+37,9.91E+37,9.91E+37,9.91E+37,9.91E+37,9.91E+37,9.91E+37,9.91E+37,9.91E+37,9.91E+37,9.91E+37,9.91E+37,9.91E+37,9.91E+37,9.91E+37,9.91E+37,9.91E+37,9.91E+37,9.91E+37,9.91E+37,9.91E+37,9.91E+37,9.91E+37,9.91E+37,9.91E+37,9.91E+37,9.91E+37,9.91E+37,9.91E+37,9.91E+37,9.91E+37,9.91E+37,9.91E+37,2.306872746E-03,-1.675168052E-03
[2020/07/31 15:34:59.665907][I][set_Continue] Set continue
[2020/07/31 15:34:59.681947][I][writeEx] E6640A <= :INIT:CONT ON
[2020/07/31 15:35:10.120071][I][chk_Tx_Result] Check Tx result
[2020/07/31 15:35:10.126093][I][get_Trigger_Status] Get trigger status
[2020/07/31 15:35:10.131107][I][queryEx] E6640A <= *STB?
[2020/07/31 15:35:10.137999][I][queryEx] E6640A => 192
[2020/07/31 15:35:10.142014][I][get_Trigger_Status] Status: 192
[2020/07/31 15:35:10.145021]Is triggered!
[2020/07/31 15:35:10.149031][I][writeEx] E6640A <= *CLS
[2020/07/31 15:35:10.154044][I][set_Continue] Set continue
[2020/07/31 15:35:10.158055][I][writeEx] E6640A <= :INIT:CONT ON
[2020/07/31 15:35:10.263832][I][set_Single] Set single
[2020/07/31 15:35:10.279912][I][writeEx] E6640A <= :INIT:CONT OFF
[2020/07/31 15:35:10.287888][I][set_Zigbee_TX_BandPower] Set marker function
[2020/07/31 15:35:10.291714][I][writeEx] E6640A <= CALC:DDEMod:MARK1:MODE POS
[2020/07/31 15:35:10.295744][I][writeEx] E6640A <= CALC:DDEMod:MARK1:TRAC 2
[2020/07/31 15:35:10.299753][I][writeEx] E6640A <= CALC:DDEMod:MARK1:FUNC BPOW
[2020/07/31 15:35:10.304114][I][writeEx] E6640A <= CALC:DDEMod:MARK1:FUNC:BPOW:CTYP MEAN
[2020/07/31 15:35:10.307125][I][writeEx] E6640A <= CALC:DDEMod:MARK1:FUNC:BAND:CENT 2470000000.000000
[2020/07/31 15:35:10.612798][I][queryEx] E6640A <= *OPC?
[2020/07/31 15:35:10.622959][I][queryEx] E6640A => 1
[2020/07/31 15:35:10.627005][I][queryEx] E6640A <= CALC:DDEMod:MARK1:FUNC:BAND:CENT?
[2020/07/31 15:35:10.635031][I][queryEx] E6640A => 2.470000000E+09
[2020/07/31 15:35:10.639040][I][writeEx] E6640A <= CALC:DDEMod:MARK1:FUNC:BAND:SPAN 10000000.000000
[2020/07/31 15:35:10.945072][I][queryEx] E6640A <= *OPC?
[2020/07/31 15:35:10.957224][I][queryEx] E6640A => 1
[2020/07/31 15:35:10.961238][I][get_Power] Get Tx power
[2020/07/31 15:35:10.965281][I][queryEx] E6640A <= :CALC:DDEMod:MARK1:Y?
[2020/07/31 15:35:10.972662][I][queryEx] E6640A => 2.469934258E-01
[2020/07/31 15:35:10.976675][I][chk_Tx_Result] Tx power(add loss: 8.800000) = 9.047000 dBm
[2020/07/31 15:35:10.980686][I][read_DDEMod_Array] Read measurement result
[2020/07/31 15:35:10.984697][I][queryEx] E6640A <= :READ:DDEMod?
[2020/07/31 15:35:11.128994][I][queryEx] E6640A => 1.390657902E+01,4.456687546E+01,2.210000000E+02,3.285133123E+00,1.751766014E+01,2.210000000E+02,9.91E+37,9.91E+37,9.91E+37,3.699114621E-01,-9.995639324E-01,4.450000000E+02,1.132168484E+01,3.668980408E+01,2.210000000E+02,2.221214844E+04,9.91E+37,9.91E+37,9.91E+37,9.91E+37,9.91E+37,-4.790562057E+01,9.91E+37,9.616585970E-01,5.573906936E-03,3.133414090E-01,9.91E+37,9.91E+37,9.91E+37,9.91E+37,9.91E+37,9.91E+37,9.91E+37,9.91E+37,9.91E+37,9.91E+37,9.91E+37,9.91E+37,9.91E+37,9.91E+37,9.91E+37,9.91E+37,9.91E+37,9.91E+37,9.91E+37,9.91E+37,9.91E+37,9.91E+37,9.91E+37,9.91E+37,9.91E+37,9.91E+37,9.91E+37,9.91E+37,9.91E+37,9.91E+37,9.91E+37,9.91E+37,9.91E+37,9.91E+37,9.91E+37,2.445649588E-03,-3.196234815E-03
[2020/07/31 15:35:11.146002][I][set_Continue] Set continue
[2020/07/31 15:35:11.153897][I][writeEx] E6640A <= :INIT:CONT ON
[2020/07/31 15:35:12.620595][I][set_Preset] System reset
[2020/07/31 15:35:12.624606][I][writeEx] E6640A <= *RST
[2020/07/31 15:35:12.628617][I][writeEx] E6640A <= *CLS
[2020/07/31 15:35:12.633630][I][writeEx] E6640A <= SYST:PRES
[2020/07/31 15:35:12.939270][I][queryEx] E6640A <= *OPC?
[2020/07/31 15:35:13.885622][I][queryEx] E6640A => 1
[2020/07/31 15:35:13.904623][I][set_Rx_OneTone] Set Rx one tone
[2020/07/31 15:35:13.908632][I][set_RFO_Port] Set output port
[2020/07/31 15:35:13.912643][I][writeEx] E6640A <= :FEED:RF:PORT:OUTPut RFIO1
[2020/07/31 15:35:13.916579][I][queryEx] E6640A <= :FEED:RF:PORT:OUTPut?
[2020/07/31 15:35:13.939007][I][queryEx] E6640A => RFIO1
[2020/07/31 15:35:13.944078][I][set_OneTone_Freq] Set One Tone frequence
[2020/07/31 15:35:13.947088][I][writeEx] E6640A <= :SOUR:FREQ 2445.0 MHz
[2020/07/31 15:35:13.951969][I][set_OneTone_Power] Set One Tone power
[2020/07/31 15:35:13.954979][I][writeEx] E6640A <= :SOURce:POWer -16.1
[2020/07/31 15:35:23.282624][I][set_OneTone_Start] Set One Tone start
[2020/07/31 15:35:23.286667][I][writeEx] E6640A <= OUTP ON
[2020/07/31 15:35:28.222110][I][set_OneTone_Stop] Set One Tone stop
[2020/07/31 15:35:28.226130][I][writeEx] E6640A <= OUTP OFF
[2020/07/31 15:35:28.236214][I][set_Rx_OneTone] Set Rx one tone
[2020/07/31 15:35:28.240226][I][set_RFO_Port] Set output port
[2020/07/31 15:35:28.244238][I][writeEx] E6640A <= :FEED:RF:PORT:OUTPut RFIO1
[2020/07/31 15:35:28.248606][I][queryEx] E6640A <= :FEED:RF:PORT:OUTPut?
[2020/07/31 15:35:28.254745][I][queryEx] E6640A => RFIO1
[2020/07/31 15:35:28.258949][I][set_OneTone_Freq] Set One Tone frequence
[2020/07/31 15:35:28.261959][I][writeEx] E6640A <= :SOUR:FREQ 2445.0 MHz
[2020/07/31 15:35:28.267003][I][set_OneTone_Power] Set One Tone power
[2020/07/31 15:35:28.270982][I][writeEx] E6640A <= :SOURce:POWer -16.1
[2020/07/31 15:35:36.761623][I][set_OneTone_Start] Set One Tone start
[2020/07/31 15:35:36.765672][I][writeEx] E6640A <= OUTP ON
[2020/07/31 15:35:41.303385][I][set_OneTone_Stop] Set One Tone stop
[2020/07/31 15:35:41.316011][I][writeEx] E6640A <= OUTP OFF
[2020/07/31 15:35:41.646311][I][disconnect_E6640A] Disconnect E6640A
[2020/07/31 15:35:41.651326]========== End ==========
