[2020/07/29 00:41:05.770535] ========== Start ==========
[2020/07/29 00:41:05.774547] [I][main] Python 3.7.2 (tags/v3.7.2:9a3ffc0492, Dec 23 2018, 23:09:28) [MSC v.1916 64 bit (AMD64)]
[2020/07/29 00:41:05.776528] [I][main] GFI20_RF_Zigbee.py 3.0.0.3
[2020/07/29 00:41:05.779754] [I][readINI] ---------- INI ----------
[2020/07/29 00:41:05.780758] [I][readINI] SKU = 1
[2020/07/29 00:41:05.782765] [I][readINI] InstrumentINI = GFI20_Zigbee_Instrument_Setting
[2020/07/29 00:41:05.785645] [I][readINI] ---------- Test Plan 1 ----------
[2020/07/29 00:41:05.786650] [I][readINI] TestPlan1 = ZIGBEE_2450;15/2425,21/2455,24/2470;TX_Power
[2020/07/29 00:41:05.789148] [I][readINI] CableLoss = ['8.2', '8.9', '8.8'] dBm
[2020/07/29 00:41:05.796168] [I][readINI] TX_Power = ['0', '0', '0'] dBm
[2020/07/29 00:41:05.798452] [I][readINI] Calibration_ON = 1
[2020/07/29 00:41:05.800301] [I][readINI] Ca_Tx_Power_Target = ['9.2', '9.2', '9.2']
[2020/07/29 00:41:05.801875] [I][readINI] Ca_Tx_Power_Gap = ['0.5', '0.5', '0.5']
[2020/07/29 00:41:05.804889] [I][readINI] Ca_Tx_Power_Offset = ['0.86', '0.86', '0.86']
[2020/07/29 00:41:05.807894] [I][readINI] Current_ON = 1
[2020/07/29 00:41:05.810797] [I][readINI] TX_Current_SpecMax = ['0.18', '0.18', '0.18'] A
[2020/07/29 00:41:05.812820] [I][readINI] TX_Current_SpecMin = ['0.045', '0.045', '0.045'] A
[2020/07/29 00:41:05.816140] [I][readINI] TX_Power_SpecMax = ['12', '12', '12'] dBm
[2020/07/29 00:41:05.818512] [I][readINI] TX_Power_SpecMin = ['6', '6', '6'] dBm
[2020/07/29 00:41:05.820908] [I][readINI] ---------- Test Plan 1 ----------
[2020/07/29 00:41:05.822948] [I][readINI] ---------- Test Plan 2 ----------
[2020/07/29 00:41:05.825971] [I][readINI] TestPlan2 = ZIGBEE_2450;19/2445;RX_RSSI
[2020/07/29 00:41:05.828932] [I][readINI] CableLoss = ['8.9'] dBm
[2020/07/29 00:41:05.831935] [I][readINI] RX_Cell_Power = ['-25'] dBm
[2020/07/29 00:41:05.833942] [I][readINI] RX_LNAON_RSSI_SpecMax = ['-9'] %
[2020/07/29 00:41:05.836952] [I][readINI] RX_LNAON_RSSI_SpecMin = ['-18'] %
[2020/07/29 00:41:05.840139] [I][readINI] RX_LNAOFF_RSSI_SpecMax = ['-24'] %
[2020/07/29 00:41:05.842602] [I][readINI] RX_LNAOFF_RSSI_SpecMin = ['-30'] %
[2020/07/29 00:41:05.844608] [I][readINI] ---------- Test Plan 2 ----------
[2020/07/29 00:41:05.849466] [I][readINI] StartButton_ON = 0
[2020/07/29 00:41:05.851862] [I][readINI] FailAutoExit = True
[2020/07/29 00:41:05.853870] [I][readINI] FailRetryAll = True
[2020/07/29 00:41:05.857893] [I][readINI] RFDatabase = True
[2020/07/29 00:41:05.860925] [I][readINI] EC = 010000S01
[2020/07/29 00:41:05.862929] [I][readINI] ---------- INI ----------
[2020/07/29 00:41:05.865935] [I][readInstrumentINI] ---------- Common ----------
[2020/07/29 00:41:05.868952] [I][readInstrumentINI] Instrument_Name = E6640A
[2020/07/29 00:41:05.872520] [I][readInstrumentINI] Instrument_IP_Addr = TCPIP0::192.168.1.2::hislip0::INSTR
[2020/07/29 00:41:05.874527] [I][readInstrumentINI] PowerSupplier_Name = 66321B
[2020/07/29 00:41:05.876532] [I][readInstrumentINI] PowerSupplier_Addr = GPIB0::5::INSTR
[2020/07/29 00:41:05.880545] [I][readInstrumentINI] Current_Delay = 0.5
[2020/07/29 00:41:05.882569] [I][readInstrumentINI] ---------- Common ----------
[2020/07/29 00:41:05.885577] [I][readInstrumentINI] ---------- ZIGBEE_2450 ----------
[2020/07/29 00:41:05.889609] [I][readInstrumentINI] RFIO_Input = 1
[2020/07/29 00:41:05.892624] [I][readInstrumentINI] Tx_Span = 10000.0 kHz
[2020/07/29 00:41:05.895191] [I][readInstrumentINI] Tx_PowRange = 20.0 dBm
[2020/07/29 00:41:05.897197] [I][readInstrumentINI] Tx_SymbolRate = 1000.0 kHz
[2020/07/29 00:41:05.901012] [I][readInstrumentINI] Tx_MeasInterval = 500
[2020/07/29 00:41:05.903019] [I][readInstrumentINI] Tx_TrigLevel = 30.0 mV
[2020/07/29 00:41:05.906026] [I][readInstrumentINI] Tx_TrigDelay = 0.3 ms
[2020/07/29 00:41:05.910040] [I][readInstrumentINI] RFIO_Output = 1
[2020/07/29 00:41:05.913045] [I][readInstrumentINI] ---------- ZIGBEE_2450 ----------
[2020/07/29 00:41:05.916064] ---------- StartTest ----------
[2020/07/29 00:41:05.925656] [I][chkDUTConnect] Connect to DUT
[2020/07/29 00:41:05.942410] [I][chkDUTConnect] Check DUT status
[2020/07/29 00:41:06.770965] [W][chkDUTConnect] Fail
[2020/07/29 00:41:17.174529] [I][pressCancelBtn] User click cancel button!
[2020/07/29 00:41:17.212573] [I][TestResult] Test Fail! Connect DUT fail
[2020/07/29 00:41:17.226336] ========== End MDUT ==========


