[2020/07/29 01:44:11.194092][I][class_GFI20] Initial class_GFI20
[2020/07/29 01:44:11.199106][I][connectDUT] COM: COM20, BaudRate: 115200
[2020/07/29 01:44:11.204571][I][connectDUT] Connect DUT success
[2020/07/29 01:44:11.209485][I][setScimitarMenu] Set Scimitar menu
[2020/07/29 01:44:11.412772][I][sendCOMCommand] DUT <= x
[2020/07/29 01:44:11.519801][I][sendCOMCommand] Serial buffer size: 7
[2020/07/29 01:44:12.031727][I][sendCOMCommand] DUT => x
$>

[2020/07/29 01:44:12.038646][I][setScimitarMenu] Success
[2020/07/29 01:44:17.348022][I][setZigbee_Tx] ZIGBEE_2450 CH: 15, Tx PWR: 0 dBm
[2020/07/29 01:44:17.350027][I][setScimitarMenu] Set Scimitar menu
[2020/07/29 01:44:17.554002][I][sendCOMCommand] DUT <= x
[2020/07/29 01:44:17.663759][I][sendCOMCommand] Serial buffer size: 7
[2020/07/29 01:44:18.176628][I][sendCOMCommand] DUT => x
$>

[2020/07/29 01:44:18.183588][I][setScimitarMenu] Success
[2020/07/29 01:44:18.185815][I][setZigbeeMenu] Check Zigbee Menu
[2020/07/29 01:44:18.389783][I][sendCOMCommand] DUT <= 2
[2020/07/29 01:44:18.500050][I][sendCOMCommand] Serial buffer size: 22
[2020/07/29 01:44:19.008740][I][sendCOMCommand] DUT => 2
$2_Zigbee(EM357)>

[2020/07/29 01:44:19.014788][I][setZigbeeMenu] Success
[2020/07/29 01:44:19.016751][I][setZigbee_Tx] Set Diagnostics Menu
[2020/07/29 01:44:19.221003][I][sendCOMCommand] DUT <= d
[2020/07/29 01:44:19.330730][I][sendCOMCommand] Serial buffer size: 22
[2020/07/29 01:44:19.839753][I][sendCOMCommand] DUT => d
$2-d_Diagnostics>

[2020/07/29 01:44:19.849821][I][setZigbee_Tx] Success
[2020/07/29 01:44:19.858798][I][setZigbee_Tx] Set Channel Menu
[2020/07/29 01:44:20.066544][I][sendCOMCommand] DUT <= 2
[2020/07/29 01:44:20.174892][I][sendCOMCommand] Serial buffer size: 66
[2020/07/29 01:44:20.689671][I][sendCOMCommand] DUT => 2
$2-d-2_Set Channel (11 => 26) [0B - 1A by HEX]>
$PARAMETER?>

[2020/07/29 01:44:20.696641][I][setZigbee_Tx] Success
[2020/07/29 01:44:20.699690][I][setZigbee_Tx] Set Channel
[2020/07/29 01:44:20.903753][I][sendCOMCommand] DUT <= 0F
[2020/07/29 01:44:21.015457][I][sendCOMCommand] Serial buffer size: 53
[2020/07/29 01:44:21.526030][I][sendCOMCommand] DUT => Set Channel: 15 (0x0F)
$DONE_OK
$2-d_Diagnostics>

[2020/07/29 01:44:21.532941][I][setZigbee_Tx] Success
[2020/07/29 01:44:21.535402][I][setZigbee_Tx] Set PWR Menu
[2020/07/29 01:44:21.738956][I][sendCOMCommand] DUT <= 3
[2020/07/29 01:44:21.847703][I][sendCOMCommand] Serial buffer size: 79
[2020/07/29 01:44:22.359870][I][sendCOMCommand] DUT => 3
$2-d-3_Set Power (-32 => +8dBm, Step=1dB) [-2B - 08 by HEX]>
$PARAMETER?>

[2020/07/29 01:44:22.372068][I][setZigbee_Tx] Success
[2020/07/29 01:44:22.381098][I][setZigbee_Tx] Set Tx PWR
[2020/07/29 01:44:22.589502][I][sendCOMCommand] DUT <= 00
[2020/07/29 01:44:22.697646][I][sendCOMCommand] Serial buffer size: 50
[2020/07/29 01:44:23.214930][I][sendCOMCommand] DUT => Set Power: 0 (0x00)
$DONE_OK
$2-d_Diagnostics>

[2020/07/29 01:44:23.217939][I][setZigbee_Tx] Success
[2020/07/29 01:44:23.227340][I][setScimitarMenu] Set Scimitar menu
[2020/07/29 01:44:23.431376][I][sendCOMCommand] DUT <= x
[2020/07/29 01:44:23.540054][I][sendCOMCommand] Serial buffer size: 22
[2020/07/29 01:44:24.056594][I][sendCOMCommand] DUT => x
$2_Zigbee(EM357)>

[2020/07/29 01:44:24.264517][I][sendCOMCommand] DUT <= x
[2020/07/29 01:44:24.374449][I][sendCOMCommand] Serial buffer size: 7
[2020/07/29 01:44:24.885685][I][sendCOMCommand] DUT => x
$>

[2020/07/29 01:44:24.892694][I][setScimitarMenu] Success
[2020/07/29 01:44:24.896124][I][setZigbeeMenu] Check Zigbee Menu
[2020/07/29 01:44:25.099786][I][sendCOMCommand] DUT <= 2
[2020/07/29 01:44:25.215242][I][sendCOMCommand] Serial buffer size: 22
[2020/07/29 01:44:25.724429][I][sendCOMCommand] DUT => 2
$2_Zigbee(EM357)>

[2020/07/29 01:44:25.728306][I][setZigbeeMenu] Success
[2020/07/29 01:44:25.731371][I][setTxStart] Set Tx start
[2020/07/29 01:44:27.842696][I][setTxStop] Set Tx stop
[2020/07/29 01:44:28.049940][I][sendCOMCommand] DUT <= 5
[2020/07/29 01:44:28.158777][I][sendCOMCommand] Serial buffer size: 170
[2020/07/29 01:44:28.670478][I][sendCOMCommand] DUT => [mfglib]Send Packet(100 bytes)
[mfglib]Send Packet(100 bytes)
5
ZigBee send packet test end.
Total number of emberStatus errors:0
$[0]
$DONE_OK
$2_Zigbee(EM357)>

[2020/07/29 01:44:28.677503][I][setTxStop] Success
[2020/07/29 01:44:28.699848][I][setZigbee_Tx] ZIGBEE_2450 CH: 15, Tx PWR: -1 dBm
[2020/07/29 01:44:28.702868][I][setScimitarMenu] Set Scimitar menu
[2020/07/29 01:44:28.907238][I][sendCOMCommand] DUT <= x
[2020/07/29 01:44:29.022134][I][sendCOMCommand] Serial buffer size: 7
[2020/07/29 01:44:29.530749][I][sendCOMCommand] DUT => x
$>

[2020/07/29 01:44:29.538803][I][setScimitarMenu] Success
[2020/07/29 01:44:29.542599][I][setZigbeeMenu] Check Zigbee Menu
[2020/07/29 01:44:29.747002][I][sendCOMCommand] DUT <= 2
[2020/07/29 01:44:29.863354][I][sendCOMCommand] Serial buffer size: 22
[2020/07/29 01:44:30.372015][I][sendCOMCommand] DUT => 2
$2_Zigbee(EM357)>

[2020/07/29 01:44:30.379012][I][setZigbeeMenu] Success
[2020/07/29 01:44:30.383287][I][setZigbee_Tx] Set Diagnostics Menu
[2020/07/29 01:44:30.587842][I][sendCOMCommand] DUT <= d
[2020/07/29 01:44:30.703692][I][sendCOMCommand] Serial buffer size: 22
[2020/07/29 01:44:31.216426][I][sendCOMCommand] DUT => d
$2-d_Diagnostics>

[2020/07/29 01:44:31.229458][I][setZigbee_Tx] Success
[2020/07/29 01:44:31.232465][I][setZigbee_Tx] Set Channel Menu
[2020/07/29 01:44:31.438197][I][sendCOMCommand] DUT <= 2
[2020/07/29 01:44:31.545631][I][sendCOMCommand] Serial buffer size: 66
[2020/07/29 01:44:32.064108][I][sendCOMCommand] DUT => 2
$2-d-2_Set Channel (11 => 26) [0B - 1A by HEX]>
$PARAMETER?>

[2020/07/29 01:44:32.071133][I][setZigbee_Tx] Success
[2020/07/29 01:44:32.074703][I][setZigbee_Tx] Set Channel
[2020/07/29 01:44:32.279867][I][sendCOMCommand] DUT <= 0F
[2020/07/29 01:44:32.394810][I][sendCOMCommand] Serial buffer size: 53
[2020/07/29 01:44:32.906080][I][sendCOMCommand] DUT => Set Channel: 15 (0x0F)
$DONE_OK
$2-d_Diagnostics>

[2020/07/29 01:44:32.920118][I][setZigbee_Tx] Success
[2020/07/29 01:44:32.931142][I][setZigbee_Tx] Set PWR Menu
[2020/07/29 01:44:33.139663][I][sendCOMCommand] DUT <= 3
[2020/07/29 01:44:33.255307][I][sendCOMCommand] Serial buffer size: 79
[2020/07/29 01:44:33.763587][I][sendCOMCommand] DUT => 3
$2-d-3_Set Power (-32 => +8dBm, Step=1dB) [-2B - 08 by HEX]>
$PARAMETER?>

[2020/07/29 01:44:33.768608][I][setZigbee_Tx] Success
[2020/07/29 01:44:33.773613][I][setZigbee_Tx] Set Tx PWR
[2020/07/29 01:44:33.979634][I][sendCOMCommand] DUT <= FF
[2020/07/29 01:44:34.087991][I][sendCOMCommand] Serial buffer size: 57
[2020/07/29 01:44:34.598748][I][sendCOMCommand] DUT => Set Power: -1 (0xFFFFFFFF)
$DONE_OK
$2-d_Diagnostics>

[2020/07/29 01:44:34.605936][I][setZigbee_Tx] Success
[2020/07/29 01:44:34.615061][I][setScimitarMenu] Set Scimitar menu
[2020/07/29 01:44:34.819624][I][sendCOMCommand] DUT <= x
[2020/07/29 01:44:34.934930][I][sendCOMCommand] Serial buffer size: 22
[2020/07/29 01:44:35.445868][I][sendCOMCommand] DUT => x
$2_Zigbee(EM357)>

[2020/07/29 01:44:35.660843][I][sendCOMCommand] DUT <= x
[2020/07/29 01:44:35.768993][I][sendCOMCommand] Serial buffer size: 3
[2020/07/29 01:44:36.279557][I][sendCOMCommand] DUT => x
$>

[2020/07/29 01:44:36.288619][I][setScimitarMenu] Success
[2020/07/29 01:44:36.296606][I][setZigbeeMenu] Check Zigbee Menu
[2020/07/29 01:44:36.504884][I][sendCOMCommand] DUT <= 2
[2020/07/29 01:44:36.614005][I][sendCOMCommand] Serial buffer size: 22
[2020/07/29 01:44:37.133310][I][sendCOMCommand] DUT => 2
$2_Zigbee(EM357)>

[2020/07/29 01:44:37.140334][I][setZigbeeMenu] Success
[2020/07/29 01:44:37.143342][I][setTxStart] Set Tx start
[2020/07/29 01:44:39.345842][I][setTxStop] Set Tx stop
[2020/07/29 01:44:39.550758][I][sendCOMCommand] DUT <= 5
[2020/07/29 01:44:39.659961][I][sendCOMCommand] Serial buffer size: 202
[2020/07/29 01:44:40.180087][I][sendCOMCommand] DUT => [mfglib]Send Packet(100 bytes)
[mfglib]Send Packet(100 bytes)
[mfglib]Send Packet(100 bytes)
5
ZigBee send packet test end.
Total number of emberStatus errors:0
$[0]
$DONE_OK
$2_Zigbee(EM357)>

[2020/07/29 01:44:40.187111][I][setTxStop] Success
[2020/07/29 01:44:43.877850][I][setZigbee_Tx] ZIGBEE_2450 CH: 21, Tx PWR: 0 dBm
[2020/07/29 01:44:43.881828][I][setScimitarMenu] Set Scimitar menu
[2020/07/29 01:44:44.086649][I][sendCOMCommand] DUT <= x
[2020/07/29 01:44:44.195250][I][sendCOMCommand] Serial buffer size: 7
[2020/07/29 01:44:44.713320][I][sendCOMCommand] DUT => x
$>

[2020/07/29 01:44:44.721333][I][setScimitarMenu] Success
[2020/07/29 01:44:44.724339][I][setZigbeeMenu] Check Zigbee Menu
[2020/07/29 01:44:44.929643][I][sendCOMCommand] DUT <= 2
[2020/07/29 01:44:45.046257][I][sendCOMCommand] Serial buffer size: 22
[2020/07/29 01:44:45.566152][I][sendCOMCommand] DUT => 2
$2_Zigbee(EM357)>

[2020/07/29 01:44:45.574181][I][setZigbeeMenu] Success
[2020/07/29 01:44:45.578190][I][setZigbee_Tx] Set Diagnostics Menu
[2020/07/29 01:44:45.783635][I][sendCOMCommand] DUT <= d
[2020/07/29 01:44:45.894323][I][sendCOMCommand] Serial buffer size: 22
[2020/07/29 01:44:46.405257][I][sendCOMCommand] DUT => d
$2-d_Diagnostics>

[2020/07/29 01:44:46.420295][I][setZigbee_Tx] Success
[2020/07/29 01:44:46.430314][I][setZigbee_Tx] Set Channel Menu
[2020/07/29 01:44:46.638348][I][sendCOMCommand] DUT <= 2
[2020/07/29 01:44:46.747288][I][sendCOMCommand] Serial buffer size: 66
[2020/07/29 01:44:47.258736][I][sendCOMCommand] DUT => 2
$2-d-2_Set Channel (11 => 26) [0B - 1A by HEX]>
$PARAMETER?>

[2020/07/29 01:44:47.261746][I][setZigbee_Tx] Success
[2020/07/29 01:44:47.264753][I][setZigbee_Tx] Set Channel
[2020/07/29 01:44:47.470209][I][sendCOMCommand] DUT <= 15
[2020/07/29 01:44:47.579526][I][sendCOMCommand] Serial buffer size: 53
[2020/07/29 01:44:48.100137][I][sendCOMCommand] DUT => Set Channel: 21 (0x15)
$DONE_OK
$2-d_Diagnostics>

[2020/07/29 01:44:48.107164][I][setZigbee_Tx] Success
[2020/07/29 01:44:48.110191][I][setZigbee_Tx] Set PWR Menu
[2020/07/29 01:44:48.315053][I][sendCOMCommand] DUT <= 3
[2020/07/29 01:44:48.430269][I][sendCOMCommand] Serial buffer size: 79
[2020/07/29 01:44:48.941065][I][sendCOMCommand] DUT => 3
$2-d-3_Set Power (-32 => +8dBm, Step=1dB) [-2B - 08 by HEX]>
$PARAMETER?>

[2020/07/29 01:44:48.949092][I][setZigbee_Tx] Success
[2020/07/29 01:44:48.952496][I][setZigbee_Tx] Set Tx PWR
[2020/07/29 01:44:49.158531][I][sendCOMCommand] DUT <= 00
[2020/07/29 01:44:49.274744][I][sendCOMCommand] Serial buffer size: 50
[2020/07/29 01:44:49.786044][I][sendCOMCommand] DUT => Set Power: 0 (0x00)
$DONE_OK
$2-d_Diagnostics>

[2020/07/29 01:44:49.792772][I][setZigbee_Tx] Success
[2020/07/29 01:44:49.801794][I][setScimitarMenu] Set Scimitar menu
[2020/07/29 01:44:50.008310][I][sendCOMCommand] DUT <= x
[2020/07/29 01:44:50.118643][I][sendCOMCommand] Serial buffer size: 22
[2020/07/29 01:44:50.632130][I][sendCOMCommand] DUT => x
$2_Zigbee(EM357)>

[2020/07/29 01:44:50.841354][I][sendCOMCommand] DUT <= x
[2020/07/29 01:44:50.956846][I][sendCOMCommand] Serial buffer size: 7
[2020/07/29 01:44:51.466925][I][sendCOMCommand] DUT => x
$>

[2020/07/29 01:44:51.473947][I][setScimitarMenu] Success
[2020/07/29 01:44:51.480966][I][setZigbeeMenu] Check Zigbee Menu
[2020/07/29 01:44:51.689801][I][sendCOMCommand] DUT <= 2
[2020/07/29 01:44:51.799811][I][sendCOMCommand] Serial buffer size: 22
[2020/07/29 01:44:52.310499][I][sendCOMCommand] DUT => 2
$2_Zigbee(EM357)>

[2020/07/29 01:44:52.317521][I][setZigbeeMenu] Success
[2020/07/29 01:44:52.321326][I][setTxStart] Set Tx start
[2020/07/29 01:44:54.446724][I][setTxStop] Set Tx stop
[2020/07/29 01:44:54.654325][I][sendCOMCommand] DUT <= 5
[2020/07/29 01:44:54.761873][I][sendCOMCommand] Serial buffer size: 183
[2020/07/29 01:44:54.872326][W][sendCOMCommand] Buffer not empty!!!
[2020/07/29 01:44:54.887302][I][sendCOMCommand] Serial buffer size: 19
[2020/07/29 01:44:55.403820][I][sendCOMCommand] DUT => [mfglib]Send Packet(100 bytes)
[mfglib]Send Packet(100 bytes)
[mfglib]Send Packet(100 bytes)
5
ZigBee send packet test end.
Total number of emberStatus errors:0
$[0]
$DONE_OK
$2_Zigbee(EM357)>

[2020/07/29 01:44:55.419814][I][setTxStop] Success
[2020/07/29 01:44:55.455039][I][setZigbee_Tx] ZIGBEE_2450 CH: 21, Tx PWR: -1 dBm
[2020/07/29 01:44:55.458047][I][setScimitarMenu] Set Scimitar menu
[2020/07/29 01:44:55.663273][I][sendCOMCommand] DUT <= x
[2020/07/29 01:44:55.771001][I][sendCOMCommand] Serial buffer size: 3
[2020/07/29 01:44:56.289634][I][sendCOMCommand] DUT => x
$>

[2020/07/29 01:44:56.294849][I][setScimitarMenu] Success
[2020/07/29 01:44:56.300821][I][setZigbeeMenu] Check Zigbee Menu
[2020/07/29 01:44:56.507261][I][sendCOMCommand] DUT <= 2
[2020/07/29 01:44:56.620998][I][sendCOMCommand] Serial buffer size: 22
[2020/07/29 01:44:57.139132][I][sendCOMCommand] DUT => 2
$2_Zigbee(EM357)>

[2020/07/29 01:44:57.147185][I][setZigbeeMenu] Success
[2020/07/29 01:44:57.151179][I][setZigbee_Tx] Set Diagnostics Menu
[2020/07/29 01:44:57.355972][I][sendCOMCommand] DUT <= d
[2020/07/29 01:44:57.472945][I][sendCOMCommand] Serial buffer size: 22
[2020/07/29 01:44:57.991014][I][sendCOMCommand] DUT => d
$2-d_Diagnostics>

[2020/07/29 01:44:58.008009][I][setZigbee_Tx] Success
[2020/07/29 01:44:58.017065][I][setZigbee_Tx] Set Channel Menu
[2020/07/29 01:44:58.225300][I][sendCOMCommand] DUT <= 2
[2020/07/29 01:44:58.334363][I][sendCOMCommand] Serial buffer size: 66
[2020/07/29 01:44:58.854013][I][sendCOMCommand] DUT => 2
$2-d-2_Set Channel (11 => 26) [0B - 1A by HEX]>
$PARAMETER?>

[2020/07/29 01:44:58.870054][I][setZigbee_Tx] Success
[2020/07/29 01:44:58.879072][I][setZigbee_Tx] Set Channel
[2020/07/29 01:44:59.086548][I][sendCOMCommand] DUT <= 15
[2020/07/29 01:44:59.203094][I][sendCOMCommand] Serial buffer size: 53
[2020/07/29 01:44:59.714372][I][sendCOMCommand] DUT => Set Channel: 21 (0x15)
$DONE_OK
$2-d_Diagnostics>

[2020/07/29 01:44:59.722400][I][setZigbee_Tx] Success
[2020/07/29 01:44:59.726166][I][setZigbee_Tx] Set PWR Menu
[2020/07/29 01:44:59.930980][I][sendCOMCommand] DUT <= 3
[2020/07/29 01:45:00.046588][I][sendCOMCommand] Serial buffer size: 79
[2020/07/29 01:45:00.556551][I][sendCOMCommand] DUT => 3
$2-d-3_Set Power (-32 => +8dBm, Step=1dB) [-2B - 08 by HEX]>
$PARAMETER?>

[2020/07/29 01:45:00.564564][I][setZigbee_Tx] Success
[2020/07/29 01:45:00.568242][I][setZigbee_Tx] Set Tx PWR
[2020/07/29 01:45:00.772744][I][sendCOMCommand] DUT <= FF
[2020/07/29 01:45:00.889595][I][sendCOMCommand] Serial buffer size: 57
[2020/07/29 01:45:01.401718][I][sendCOMCommand] DUT => Set Power: -1 (0xFFFFFFFF)
$DONE_OK
$2-d_Diagnostics>

[2020/07/29 01:45:01.417774][I][setZigbee_Tx] Success
[2020/07/29 01:45:01.438629][I][setScimitarMenu] Set Scimitar menu
[2020/07/29 01:45:01.644304][I][sendCOMCommand] DUT <= x
[2020/07/29 01:45:01.752905][I][sendCOMCommand] Serial buffer size: 22
[2020/07/29 01:45:02.273823][I][sendCOMCommand] DUT => x
$2_Zigbee(EM357)>

[2020/07/29 01:45:02.484263][I][sendCOMCommand] DUT <= x
[2020/07/29 01:45:02.601782][I][sendCOMCommand] Serial buffer size: 7
[2020/07/29 01:45:03.114334][I][sendCOMCommand] DUT => x
$>

[2020/07/29 01:45:03.122346][I][setScimitarMenu] Success
[2020/07/29 01:45:03.125353][I][setZigbeeMenu] Check Zigbee Menu
[2020/07/29 01:45:03.331121][I][sendCOMCommand] DUT <= 2
[2020/07/29 01:45:03.441959][I][sendCOMCommand] Serial buffer size: 22
[2020/07/29 01:45:03.952890][I][sendCOMCommand] DUT => 2
$2_Zigbee(EM357)>

[2020/07/29 01:45:03.967924][I][setZigbeeMenu] Success
[2020/07/29 01:45:03.978987][I][setTxStart] Set Tx start
[2020/07/29 01:45:06.193272][I][setTxStop] Set Tx stop
[2020/07/29 01:45:06.398924][I][sendCOMCommand] DUT <= 5
[2020/07/29 01:45:06.518523][I][sendCOMCommand] Serial buffer size: 170
[2020/07/29 01:45:07.029216][I][sendCOMCommand] DUT => [mfglib]Send Packet(100 bytes)
[mfglib]Send Packet(100 bytes)
5
ZigBee send packet test end.
Total number of emberStatus errors:0
$[0]
$DONE_OK
$2_Zigbee(EM357)>

[2020/07/29 01:45:07.037283][I][setTxStop] Success
[2020/07/29 01:45:10.737323][I][setZigbee_Tx] ZIGBEE_2450 CH: 24, Tx PWR: 0 dBm
[2020/07/29 01:45:10.741103][I][setScimitarMenu] Set Scimitar menu
[2020/07/29 01:45:10.945625][I][sendCOMCommand] DUT <= x
[2020/07/29 01:45:11.054278][I][sendCOMCommand] Serial buffer size: 7
[2020/07/29 01:45:11.575384][I][sendCOMCommand] DUT => x
$>

[2020/07/29 01:45:11.582408][I][setScimitarMenu] Success
[2020/07/29 01:45:11.586418][I][setZigbeeMenu] Check Zigbee Menu
[2020/07/29 01:45:11.791009][I][sendCOMCommand] DUT <= 2
[2020/07/29 01:45:11.903952][I][sendCOMCommand] Serial buffer size: 22
[2020/07/29 01:45:12.416736][I][sendCOMCommand] DUT => 2
$2_Zigbee(EM357)>

[2020/07/29 01:45:12.424745][I][setZigbeeMenu] Success
[2020/07/29 01:45:12.429128][I][setZigbee_Tx] Set Diagnostics Menu
[2020/07/29 01:45:12.633885][I][sendCOMCommand] DUT <= d
[2020/07/29 01:45:12.750964][I][sendCOMCommand] Serial buffer size: 22
[2020/07/29 01:45:13.262163][I][sendCOMCommand] DUT => d
$2-d_Diagnostics>

[2020/07/29 01:45:13.278153][I][setZigbee_Tx] Success
[2020/07/29 01:45:13.288181][I][setZigbee_Tx] Set Channel Menu
[2020/07/29 01:45:13.495608][I][sendCOMCommand] DUT <= 2
[2020/07/29 01:45:13.604351][I][sendCOMCommand] Serial buffer size: 66
[2020/07/29 01:45:14.124744][I][sendCOMCommand] DUT => 2
$2-d-2_Set Channel (11 => 26) [0B - 1A by HEX]>
$PARAMETER?>

[2020/07/29 01:45:14.133759][I][setZigbee_Tx] Success
[2020/07/29 01:45:14.136766][I][setZigbee_Tx] Set Channel
[2020/07/29 01:45:14.342103][I][sendCOMCommand] DUT <= 18
[2020/07/29 01:45:14.458875][I][sendCOMCommand] Serial buffer size: 34
[2020/07/29 01:45:14.576264][W][sendCOMCommand] Buffer not empty!!!
[2020/07/29 01:45:14.583268][I][sendCOMCommand] Serial buffer size: 19
[2020/07/29 01:45:15.091497][I][sendCOMCommand] DUT => Set Channel: 24 (0x18)
$DONE_OK
$2-d_Diagnostics>

[2020/07/29 01:45:15.099524][I][setZigbee_Tx] Success
[2020/07/29 01:45:15.104511][I][setZigbee_Tx] Set PWR Menu
[2020/07/29 01:45:15.309717][I][sendCOMCommand] DUT <= 3
[2020/07/29 01:45:15.425915][I][sendCOMCommand] Serial buffer size: 79
[2020/07/29 01:45:15.945762][I][sendCOMCommand] DUT => 3
$2-d-3_Set Power (-32 => +8dBm, Step=1dB) [-2B - 08 by HEX]>
$PARAMETER?>

[2020/07/29 01:45:15.954793][I][setZigbee_Tx] Success
[2020/07/29 01:45:15.958415][I][setZigbee_Tx] Set Tx PWR
[2020/07/29 01:45:16.163114][I][sendCOMCommand] DUT <= 00
[2020/07/29 01:45:16.269692][I][sendCOMCommand] Serial buffer size: 31
[2020/07/29 01:45:16.781928][I][sendCOMCommand] DUT => Set Power: 0 (0x00)
$DONE_OK
$2-d_Diagnostics>

[2020/07/29 01:45:16.789948][I][setZigbee_Tx] Success
[2020/07/29 01:45:16.800707][I][setScimitarMenu] Set Scimitar menu
[2020/07/29 01:45:17.006701][I][sendCOMCommand] DUT <= x
[2020/07/29 01:45:17.124184][I][sendCOMCommand] Serial buffer size: 22
[2020/07/29 01:45:17.645657][I][sendCOMCommand] DUT => x
$2_Zigbee(EM357)>

[2020/07/29 01:45:17.856211][I][sendCOMCommand] DUT <= x
[2020/07/29 01:45:17.965990][I][sendCOMCommand] Serial buffer size: 3
[2020/07/29 01:45:18.074891][W][sendCOMCommand] Buffer not empty!!!
[2020/07/29 01:45:18.089968][I][sendCOMCommand] Serial buffer size: 4
[2020/07/29 01:45:18.606841][I][sendCOMCommand] DUT => x
$>

[2020/07/29 01:45:18.614854][I][setScimitarMenu] Success
[2020/07/29 01:45:18.619374][I][setZigbeeMenu] Check Zigbee Menu
[2020/07/29 01:45:18.823983][I][sendCOMCommand] DUT <= 2
[2020/07/29 01:45:18.940515][I][sendCOMCommand] Serial buffer size: 22
[2020/07/29 01:45:19.461292][I][sendCOMCommand] DUT => 2
$2_Zigbee(EM357)>

[2020/07/29 01:45:19.477391][I][setZigbeeMenu] Success
[2020/07/29 01:45:19.486365][I][setTxStart] Set Tx start
[2020/07/29 01:45:21.733815][I][setTxStop] Set Tx stop
[2020/07/29 01:45:21.941246][I][sendCOMCommand] DUT <= 5
[2020/07/29 01:45:22.058735][I][sendCOMCommand] Serial buffer size: 170
[2020/07/29 01:45:22.571150][I][sendCOMCommand] DUT => [mfglib]Send Packet(100 bytes)
[mfglib]Send Packet(100 bytes)
5
ZigBee send packet test end.
Total number of emberStatus errors:0
$[0]
$DONE_OK
$2_Zigbee(EM357)>

[2020/07/29 01:45:22.580023][I][setTxStop] Success
[2020/07/29 01:45:22.603969][I][setZigbee_Tx] ZIGBEE_2450 CH: 24, Tx PWR: -2 dBm
[2020/07/29 01:45:22.606977][I][setScimitarMenu] Set Scimitar menu
[2020/07/29 01:45:22.812342][I][sendCOMCommand] DUT <= x
[2020/07/29 01:45:22.923222][I][sendCOMCommand] Serial buffer size: 7
[2020/07/29 01:45:23.434585][I][sendCOMCommand] DUT => x
$>

[2020/07/29 01:45:23.450621][I][setScimitarMenu] Success
[2020/07/29 01:45:23.462648][I][setZigbeeMenu] Check Zigbee Menu
[2020/07/29 01:45:23.671490][I][sendCOMCommand] DUT <= 2
[2020/07/29 01:45:23.779685][I][sendCOMCommand] Serial buffer size: 22
[2020/07/29 01:45:24.299500][I][sendCOMCommand] DUT => 2
$2_Zigbee(EM357)>

[2020/07/29 01:45:24.306527][I][setZigbeeMenu] Success
[2020/07/29 01:45:24.310873][I][setZigbee_Tx] Set Diagnostics Menu
[2020/07/29 01:45:24.515683][I][sendCOMCommand] DUT <= d
[2020/07/29 01:45:24.634291][I][sendCOMCommand] Serial buffer size: 22
[2020/07/29 01:45:25.145457][I][sendCOMCommand] DUT => d
$2-d_Diagnostics>

[2020/07/29 01:45:25.153469][I][setZigbee_Tx] Success
[2020/07/29 01:45:25.157480][I][setZigbee_Tx] Set Channel Menu
[2020/07/29 01:45:25.363541][I][sendCOMCommand] DUT <= 2
[2020/07/29 01:45:25.482396][I][sendCOMCommand] Serial buffer size: 66
[2020/07/29 01:45:26.003789][I][sendCOMCommand] DUT => 2
$2-d-2_Set Channel (11 => 26) [0B - 1A by HEX]>
$PARAMETER?>

[2020/07/29 01:45:26.020842][I][setZigbee_Tx] Success
[2020/07/29 01:45:26.030911][I][setZigbee_Tx] Set Channel
[2020/07/29 01:45:26.238865][I][sendCOMCommand] DUT <= 18
[2020/07/29 01:45:26.347735][I][sendCOMCommand] Serial buffer size: 34
[2020/07/29 01:45:26.464921][W][sendCOMCommand] Buffer not empty!!!
[2020/07/29 01:45:26.473927][I][sendCOMCommand] Serial buffer size: 19
[2020/07/29 01:45:26.982102][I][sendCOMCommand] DUT => Set Channel: 24 (0x18)
$DONE_OK
$2-d_Diagnostics>

[2020/07/29 01:45:26.999199][I][setZigbee_Tx] Success
[2020/07/29 01:45:27.009183][I][setZigbee_Tx] Set PWR Menu
[2020/07/29 01:45:27.217678][I][sendCOMCommand] DUT <= 3
[2020/07/29 01:45:27.327061][I][sendCOMCommand] Serial buffer size: 79
[2020/07/29 01:45:27.847158][I][sendCOMCommand] DUT => 3
$2-d-3_Set Power (-32 => +8dBm, Step=1dB) [-2B - 08 by HEX]>
$PARAMETER?>

[2020/07/29 01:45:27.854983][I][setZigbee_Tx] Success
[2020/07/29 01:45:27.861061][I][setZigbee_Tx] Set Tx PWR
[2020/07/29 01:45:28.069896][I][sendCOMCommand] DUT <= FE
[2020/07/29 01:45:28.178098][I][sendCOMCommand] Serial buffer size: 57
[2020/07/29 01:45:28.699690][I][sendCOMCommand] DUT => Set Power: -2 (0xFFFFFFFE)
$DONE_OK
$2-d_Diagnostics>

[2020/07/29 01:45:28.707717][I][setZigbee_Tx] Success
[2020/07/29 01:45:28.718403][I][setScimitarMenu] Set Scimitar menu
[2020/07/29 01:45:28.923297][I][sendCOMCommand] DUT <= x
[2020/07/29 01:45:29.041357][I][sendCOMCommand] Serial buffer size: 22
[2020/07/29 01:45:29.553516][I][sendCOMCommand] DUT => x
$2_Zigbee(EM357)>

[2020/07/29 01:45:29.771959][I][sendCOMCommand] DUT <= x
[2020/07/29 01:45:29.880984][I][sendCOMCommand] Serial buffer size: 7
[2020/07/29 01:45:30.401566][I][sendCOMCommand] DUT => x
$>

[2020/07/29 01:45:30.418607][I][setScimitarMenu] Success
[2020/07/29 01:45:30.426674][I][setZigbeeMenu] Check Zigbee Menu
[2020/07/29 01:45:30.634687][I][sendCOMCommand] DUT <= 2
[2020/07/29 01:45:30.742264][I][sendCOMCommand] Serial buffer size: 22
[2020/07/29 01:45:31.263176][I][sendCOMCommand] DUT => 2
$2_Zigbee(EM357)>

[2020/07/29 01:45:31.270199][I][setZigbeeMenu] Success
[2020/07/29 01:45:31.275037][I][setTxStart] Set Tx start
[2020/07/29 01:45:33.380589][I][setTxStop] Set Tx stop
[2020/07/29 01:45:33.587879][I][sendCOMCommand] DUT <= 5
[2020/07/29 01:45:33.697116][I][sendCOMCommand] Serial buffer size: 202
[2020/07/29 01:45:34.218487][I][sendCOMCommand] DUT => [mfglib]Send Packet(100 bytes)
[mfglib]Send Packet(100 bytes)
[mfglib]Send Packet(100 bytes)
5
ZigBee send packet test end.
Total number of emberStatus errors:0
$[0]
$DONE_OK
$2_Zigbee(EM357)>

[2020/07/29 01:45:34.226538][I][setTxStop] Success
[2020/07/29 01:45:35.587808][I][setZigbee_Rx] ZIGBEE_2450 CH: 19
[2020/07/29 01:45:35.590815][I][setScimitarMenu] Set Scimitar menu
[2020/07/29 01:45:35.796490][I][sendCOMCommand] DUT <= x
[2020/07/29 01:45:35.904644][I][sendCOMCommand] Serial buffer size: 7
[2020/07/29 01:45:36.426455][I][sendCOMCommand] DUT => x
$>

[2020/07/29 01:45:36.442493][I][setScimitarMenu] Success
[2020/07/29 01:45:36.451657][I][setZigbeeMenu] Check Zigbee Menu
[2020/07/29 01:45:36.659585][I][sendCOMCommand] DUT <= 2
[2020/07/29 01:45:36.769016][I][sendCOMCommand] Serial buffer size: 22
[2020/07/29 01:45:37.290550][I][sendCOMCommand] DUT => 2
$2_Zigbee(EM357)>

[2020/07/29 01:45:37.298563][I][setZigbeeMenu] Success
[2020/07/29 01:45:37.302479][I][setZigbee_Rx] Set Diagnostics Menu
[2020/07/29 01:45:37.507550][I][sendCOMCommand] DUT <= d
[2020/07/29 01:45:37.617434][I][sendCOMCommand] Serial buffer size: 22
[2020/07/29 01:45:38.129563][I][sendCOMCommand] DUT => d
$2-d_Diagnostics>

[2020/07/29 01:45:38.139300][I][setZigbee_Rx] Success
[2020/07/29 01:45:38.142309][I][setZigbee_Rx] Set Channel Menu
[2020/07/29 01:45:38.347690][I][sendCOMCommand] DUT <= 2
[2020/07/29 01:45:38.455679][I][sendCOMCommand] Serial buffer size: 66
[2020/07/29 01:45:38.966880][I][sendCOMCommand] DUT => 2
$2-d-2_Set Channel (11 => 26) [0B - 1A by HEX]>
$PARAMETER?>

[2020/07/29 01:45:38.975922][I][setZigbee_Rx] Success
[2020/07/29 01:45:38.979416][I][setZigbee_Rx] Set Channel
[2020/07/29 01:45:39.184645][I][sendCOMCommand] DUT <= 13
[2020/07/29 01:45:39.303276][I][sendCOMCommand] Serial buffer size: 53
[2020/07/29 01:45:39.815005][I][sendCOMCommand] DUT => Set Channel: 19 (0x13)
$DONE_OK
$2-d_Diagnostics>

[2020/07/29 01:45:39.824515][I][setZigbee_Rx] Success
[2020/07/29 01:45:39.831580][I][setZigbeeLNAMode] LNA Mode: 1
[2020/07/29 01:45:39.835289][I][setScimitarMenu] Set Scimitar menu
[2020/07/29 01:45:40.039676][I][sendCOMCommand] DUT <= x
[2020/07/29 01:45:40.157285][I][sendCOMCommand] Serial buffer size: 22
[2020/07/29 01:45:40.670382][I][sendCOMCommand] DUT => x
$2_Zigbee(EM357)>

[2020/07/29 01:45:40.880297][I][sendCOMCommand] DUT <= x
[2020/07/29 01:45:40.988728][I][sendCOMCommand] Serial buffer size: 7
[2020/07/29 01:45:41.500983][I][sendCOMCommand] DUT => x
$>

[2020/07/29 01:45:41.509035][I][setScimitarMenu] Success
[2020/07/29 01:45:41.513461][I][setZigbeeMenu] Check Zigbee Menu
[2020/07/29 01:45:41.718356][I][sendCOMCommand] DUT <= 2
[2020/07/29 01:45:41.836106][I][sendCOMCommand] Serial buffer size: 22
[2020/07/29 01:45:42.348947][I][sendCOMCommand] DUT => 2
$2_Zigbee(EM357)>

[2020/07/29 01:45:42.354961][I][setZigbeeMenu] Success
[2020/07/29 01:45:42.359014][I][setZigbeeLNAMode] Set GPIO Write Menu
[2020/07/29 01:45:42.564547][I][sendCOMCommand] DUT <= 3
[2020/07/29 01:45:42.673641][I][sendCOMCommand] Serial buffer size: 28
[2020/07/29 01:45:43.189940][I][sendCOMCommand] DUT => 3
$2-3_ZigBee GPIO Write>

[2020/07/29 01:45:43.207025][I][setZigbeeLNAMode] Success
[2020/07/29 01:45:43.215002][I][setZigbeeLNAMode] Set LNA Mode
[2020/07/29 01:45:43.420696][I][sendCOMCommand] DUT <= 3
[2020/07/29 01:45:43.538212][I][sendCOMCommand] Serial buffer size: 81
[2020/07/29 01:45:44.059922][I][sendCOMCommand] DUT => 3
[EZSP]Setting GPIO was successful. (portPin=3, cfg=1, out=0)
$[0]
$DONE_OK
$2-3_ZigBee GPIO Write>

[2020/07/29 01:45:44.270516][I][sendCOMCommand] DUT <= 3
[2020/07/29 01:45:44.388344][I][sendCOMCommand] Serial buffer size: 106
[2020/07/29 01:45:44.900878][I][sendCOMCommand] DUT => 3
[EZSP]Setting GPIO was successful. (portPin=3, cfg=1, out=1)
$[1]
$DONE_OK
$2-3_ZigBee GPIO Write>

[2020/07/29 01:45:44.907900][I][setZigbeeLNAMode] Success
[2020/07/29 01:45:45.924302][I][getRxResult] Get Rx Result
[2020/07/29 01:45:45.933303][I][setScimitarMenu] Set Scimitar menu
[2020/07/29 01:45:46.138256][I][sendCOMCommand] DUT <= x
[2020/07/29 01:45:46.256368][I][sendCOMCommand] Serial buffer size: 22
[2020/07/29 01:45:46.777228][I][sendCOMCommand] DUT => x
$2_Zigbee(EM357)>

[2020/07/29 01:45:46.986918][I][sendCOMCommand] DUT <= x
[2020/07/29 01:45:47.105924][I][sendCOMCommand] Serial buffer size: 7
[2020/07/29 01:45:47.619099][I][sendCOMCommand] DUT => x
$>

[2020/07/29 01:45:47.628405][I][setScimitarMenu] Success
[2020/07/29 01:45:47.632332][I][setZigbeeMenu] Check Zigbee Menu
[2020/07/29 01:45:47.837140][I][sendCOMCommand] DUT <= 2
[2020/07/29 01:45:47.947564][I][sendCOMCommand] Serial buffer size: 22
[2020/07/29 01:45:48.459499][I][sendCOMCommand] DUT => 2
$2_Zigbee(EM357)>

[2020/07/29 01:45:48.465492][I][setZigbeeMenu] Success
[2020/07/29 01:45:48.671409][I][sendCOMCommand] DUT <= b
[2020/07/29 01:45:48.790437][I][sendCOMCommand] Serial buffer size: 94
[2020/07/29 01:45:48.898638][W][sendCOMCommand] Buffer not empty!!!
[2020/07/29 01:45:48.905350][I][sendCOMCommand] Serial buffer size: 183
[2020/07/29 01:45:49.315792][W][sendCOMCommand] Buffer not empty!!!
[2020/07/29 01:45:49.322822][I][sendCOMCommand] Serial buffer size: 10
[2020/07/29 01:45:49.428228][W][sendCOMCommand] Buffer not empty!!!
[2020/07/29 01:45:49.445225][I][sendCOMCommand] Serial buffer size: 19
[2020/07/29 01:45:49.962525][I][sendCOMCommand] DUT => b
ZigBee get Rssi test start.
Start Scan ... (Channel: 19 (0x13) duration:2 mask:00080000)
Channel: 19 (0x13), Rssi:-16
Total OK!    OOO   K  K   !
            O   O  K K    !
            O   O  KK     !
            O   O  K K     
             OOO   K  Kk  !
$[-16]
$DONE_OK
$2_Zigbee(EM357)>

[2020/07/29 01:45:50.033778][I][setZigbee_Rx] ZIGBEE_2450 CH: 19
[2020/07/29 01:45:50.036787][I][setScimitarMenu] Set Scimitar menu
[2020/07/29 01:45:50.241866][I][sendCOMCommand] DUT <= x
[2020/07/29 01:45:50.363597][I][sendCOMCommand] Serial buffer size: 7
[2020/07/29 01:45:50.872303][I][sendCOMCommand] DUT => x
$>

[2020/07/29 01:45:50.877357][I][setScimitarMenu] Success
[2020/07/29 01:45:50.882324][I][setZigbeeMenu] Check Zigbee Menu
[2020/07/29 01:45:51.087951][I][sendCOMCommand] DUT <= 2
[2020/07/29 01:45:51.198664][I][sendCOMCommand] Serial buffer size: 22
[2020/07/29 01:45:51.714435][I][sendCOMCommand] DUT => 2
$2_Zigbee(EM357)>

[2020/07/29 01:45:51.722448][I][setZigbeeMenu] Success
[2020/07/29 01:45:51.725456][I][setZigbee_Rx] Set Diagnostics Menu
[2020/07/29 01:45:51.931392][I][sendCOMCommand] DUT <= d
[2020/07/29 01:45:52.049617][I][sendCOMCommand] Serial buffer size: 22
[2020/07/29 01:45:52.561958][I][sendCOMCommand] DUT => d
$2-d_Diagnostics>

[2020/07/29 01:45:52.570712][I][setZigbee_Rx] Success
[2020/07/29 01:45:52.574631][I][setZigbee_Rx] Set Channel Menu
[2020/07/29 01:45:52.780013][I][sendCOMCommand] DUT <= 2
[2020/07/29 01:45:52.897080][I][sendCOMCommand] Serial buffer size: 66
[2020/07/29 01:45:53.408092][I][sendCOMCommand] DUT => 2
$2-d-2_Set Channel (11 => 26) [0B - 1A by HEX]>
$PARAMETER?>

[2020/07/29 01:45:53.418125][I][setZigbee_Rx] Success
[2020/07/29 01:45:53.427146][I][setZigbee_Rx] Set Channel
[2020/07/29 01:45:53.636357][I][sendCOMCommand] DUT <= 13
[2020/07/29 01:45:53.745182][I][sendCOMCommand] Serial buffer size: 34
[2020/07/29 01:45:54.266971][I][sendCOMCommand] DUT => Set Channel: 19 (0x13)
$DONE_OK
$2-d_Diagnostics>

[2020/07/29 01:45:54.275984][I][setZigbee_Rx] Success
[2020/07/29 01:45:54.283865][I][setZigbeeLNAMode] LNA Mode: 0
[2020/07/29 01:45:54.288621][I][setScimitarMenu] Set Scimitar menu
[2020/07/29 01:45:54.493760][I][sendCOMCommand] DUT <= x
[2020/07/29 01:45:54.612011][I][sendCOMCommand] Serial buffer size: 22
[2020/07/29 01:45:55.122610][I][sendCOMCommand] DUT => x
$2_Zigbee(EM357)>

[2020/07/29 01:45:55.332671][I][sendCOMCommand] DUT <= x
[2020/07/29 01:45:55.451981][I][sendCOMCommand] Serial buffer size: 7
[2020/07/29 01:45:55.962152][I][sendCOMCommand] DUT => x
$>

[2020/07/29 01:45:55.971203][I][setScimitarMenu] Success
[2020/07/29 01:45:55.974214][I][setZigbeeMenu] Check Zigbee Menu
[2020/07/29 01:45:56.180553][I][sendCOMCommand] DUT <= 2
[2020/07/29 01:45:56.298593][I][sendCOMCommand] Serial buffer size: 22
[2020/07/29 01:45:56.810949][I][sendCOMCommand] DUT => 2
$2_Zigbee(EM357)>

[2020/07/29 01:45:56.820133][I][setZigbeeMenu] Success
[2020/07/29 01:45:56.824305][I][setZigbeeLNAMode] Set GPIO Write Menu
[2020/07/29 01:45:57.029874][I][sendCOMCommand] DUT <= 3
[2020/07/29 01:45:57.148494][I][sendCOMCommand] Serial buffer size: 28
[2020/07/29 01:45:57.659810][I][sendCOMCommand] DUT => 3
$2-3_ZigBee GPIO Write>

[2020/07/29 01:45:57.665831][I][setZigbeeLNAMode] Success
[2020/07/29 01:45:57.669842][I][setZigbeeLNAMode] Set LNA Mode
[2020/07/29 01:45:57.875836][I][sendCOMCommand] DUT <= 3
[2020/07/29 01:45:57.982810][I][sendCOMCommand] Serial buffer size: 106
[2020/07/29 01:45:58.495018][I][sendCOMCommand] DUT => 3
[EZSP]Setting GPIO was successful. (portPin=3, cfg=1, out=0)
$[0]
$DONE_OK
$2-3_ZigBee GPIO Write>

[2020/07/29 01:45:58.513397][I][setZigbeeLNAMode] Success
[2020/07/29 01:45:59.541035][I][getRxResult] Get Rx Result
[2020/07/29 01:45:59.558068][I][setScimitarMenu] Set Scimitar menu
[2020/07/29 01:45:59.768452][I][sendCOMCommand] DUT <= x
[2020/07/29 01:45:59.878930][I][sendCOMCommand] Serial buffer size: 22
[2020/07/29 01:46:00.390272][I][sendCOMCommand] DUT => x
$2_Zigbee(EM357)>

[2020/07/29 01:46:00.596721][I][sendCOMCommand] DUT <= x
[2020/07/29 01:46:00.706651][I][sendCOMCommand] Serial buffer size: 7
[2020/07/29 01:46:01.227539][I][sendCOMCommand] DUT => x
$>

[2020/07/29 01:46:01.232351][I][setScimitarMenu] Success
[2020/07/29 01:46:01.236370][I][setZigbeeMenu] Check Zigbee Menu
[2020/07/29 01:46:01.442713][I][sendCOMCommand] DUT <= 2
[2020/07/29 01:46:01.561257][I][sendCOMCommand] Serial buffer size: 22
[2020/07/29 01:46:02.081738][I][sendCOMCommand] DUT => 2
$2_Zigbee(EM357)>

[2020/07/29 01:46:02.098822][I][setZigbeeMenu] Success
[2020/07/29 01:46:02.309352][I][sendCOMCommand] DUT <= b
[2020/07/29 01:46:02.418695][I][sendCOMCommand] Serial buffer size: 32
[2020/07/29 01:46:02.536770][W][sendCOMCommand] Buffer not empty!!!
[2020/07/29 01:46:02.554815][I][sendCOMCommand] Serial buffer size: 183
[2020/07/29 01:46:03.071651][I][sendCOMCommand] DUT => b
ZigBee get Rssi test start.
Start Scan ... (Channel: 19 (0x13) duration:2 mask:00080000)
Channel: 19 (0x13), Rssi:-28
Total OK!    OOO   K  K   !
            O   O  K K    !
            O   O  KK     !
            O   O  K K     
             OOO   K  Kk  !
$[-28]

[2020/07/29 01:46:03.383220][I][disconnectDUT] Disconnect DUT success
