[2020/07/29 01:44:11.059506] ========== Start ==========
[2020/07/29 01:44:11.062466] [I][main] Python 3.7.2 (tags/v3.7.2:9a3ffc0492, Dec 23 2018, 23:09:28) [MSC v.1916 64 bit (AMD64)]
[2020/07/29 01:44:11.063466] [I][main] GFI20_RF_Zigbee.py 3.0.0.3
[2020/07/29 01:44:11.067477] [I][readINI] ---------- INI ----------
[2020/07/29 01:44:11.071487] [I][readINI] SKU = 1
[2020/07/29 01:44:11.073495] [I][readINI] InstrumentINI = GFI20_Zigbee_Instrument_Setting
[2020/07/29 01:44:11.075286] [I][readINI] ---------- Test Plan 1 ----------
[2020/07/29 01:44:11.076305] [I][readINI] TestPlan1 = ZIGBEE_2450;15/2425,21/2455,24/2470;TX_Power
[2020/07/29 01:44:11.078304] [I][readINI] CableLoss = ['8.2', '8.9', '8.8'] dBm
[2020/07/29 01:44:11.082958] [I][readINI] TX_Power = ['0', '0', '0'] dBm
[2020/07/29 01:44:11.085960] [I][readINI] Calibration_ON = 1
[2020/07/29 01:44:11.086985] [I][readINI] Ca_Tx_Power_Target = ['9.2', '9.2', '9.2']
[2020/07/29 01:44:11.089764] [I][readINI] Ca_Tx_Power_Gap = ['0.5', '0.5', '0.5']
[2020/07/29 01:44:11.090768] [I][readINI] Ca_Tx_Power_Offset = ['0.86', '0.86', '0.86']
[2020/07/29 01:44:11.092796] [I][readINI] Current_ON = 1
[2020/07/29 01:44:11.095724] [I][readINI] TX_Current_SpecMax = ['0.18', '0.18', '0.18'] A
[2020/07/29 01:44:11.097733] [I][readINI] TX_Current_SpecMin = ['0.045', '0.045', '0.045'] A
[2020/07/29 01:44:11.099737] [I][readINI] TX_Power_SpecMax = ['12', '12', '12'] dBm
[2020/07/29 01:44:11.101919] [I][readINI] TX_Power_SpecMin = ['6', '6', '6'] dBm
[2020/07/29 01:44:11.104319] [I][readINI] ---------- Test Plan 1 ----------
[2020/07/29 01:44:11.106174] [I][readINI] ---------- Test Plan 2 ----------
[2020/07/29 01:44:11.108217] [I][readINI] TestPlan2 = ZIGBEE_2450;19/2445;RX_RSSI
[2020/07/29 01:44:11.110790] [I][readINI] CableLoss = ['8.9'] dBm
[2020/07/29 01:44:11.113056] [I][readINI] RX_Cell_Power = ['-25'] dBm
[2020/07/29 01:44:11.115064] [I][readINI] RX_LNAON_RSSI_SpecMax = ['-9'] %
[2020/07/29 01:44:11.117082] [I][readINI] RX_LNAON_RSSI_SpecMin = ['-18'] %
[2020/07/29 01:44:11.119073] [I][readINI] RX_LNAOFF_RSSI_SpecMax = ['-24'] %
[2020/07/29 01:44:11.121080] [I][readINI] RX_LNAOFF_RSSI_SpecMin = ['-30'] %
[2020/07/29 01:44:11.124089] [I][readINI] ---------- Test Plan 2 ----------
[2020/07/29 01:44:11.128098] [I][readINI] StartButton_ON = 0
[2020/07/29 01:44:11.130334] [I][readINI] FailAutoExit = True
[2020/07/29 01:44:11.132342] [I][readINI] FailRetryAll = True
[2020/07/29 01:44:11.134347] [I][readINI] RFDatabase = True
[2020/07/29 01:44:11.137355] [I][readINI] EC = 010000S01
[2020/07/29 01:44:11.139359] [I][readINI] ---------- INI ----------
[2020/07/29 01:44:11.142368] [I][readInstrumentINI] ---------- Common ----------
[2020/07/29 01:44:11.145058] [I][readInstrumentINI] Instrument_Name = E6640A
[2020/07/29 01:44:11.147065] [I][readInstrumentINI] Instrument_IP_Addr = TCPIP0::192.168.1.2::hislip0::INSTR
[2020/07/29 01:44:11.149071] [I][readInstrumentINI] PowerSupplier_Name = 66321B
[2020/07/29 01:44:11.152081] [I][readInstrumentINI] PowerSupplier_Addr = GPIB0::5::INSTR
[2020/07/29 01:44:11.154098] [I][readInstrumentINI] Current_Delay = 0.5
[2020/07/29 01:44:11.157093] [I][readInstrumentINI] ---------- Common ----------
[2020/07/29 01:44:11.159098] [I][readInstrumentINI] ---------- ZIGBEE_2450 ----------
[2020/07/29 01:44:11.162407] [I][readInstrumentINI] RFIO_Input = 1
[2020/07/29 01:44:11.164928] [I][readInstrumentINI] Tx_Span = 10000.0 kHz
[2020/07/29 01:44:11.166935] [I][readInstrumentINI] Tx_PowRange = 20.0 dBm
[2020/07/29 01:44:11.169945] [I][readInstrumentINI] Tx_SymbolRate = 1000.0 kHz
[2020/07/29 01:44:11.172670] [I][readInstrumentINI] Tx_MeasInterval = 500
[2020/07/29 01:44:11.175211] [I][readInstrumentINI] Tx_TrigLevel = 30.0 mV
[2020/07/29 01:44:11.177815] [I][readInstrumentINI] Tx_TrigDelay = 0.3 ms
[2020/07/29 01:44:11.179822] [I][readInstrumentINI] RFIO_Output = 1
[2020/07/29 01:44:11.182830] [I][readInstrumentINI] ---------- ZIGBEE_2450 ----------
[2020/07/29 01:44:11.185819] ---------- StartTest ----------
[2020/07/29 01:44:11.196099] [I][chkDUTConnect] Connect to DUT
[2020/07/29 01:44:11.206311] [I][chkDUTConnect] Check DUT status
[2020/07/29 01:44:12.039651] [I][chkDUTConnect] Success
[2020/07/29 01:44:12.050972] [I][chkE6640AConnect] Connect to E6640A
[2020/07/29 01:44:12.923657] [I][chkE6640AConnect] Preset E6640A status
[2020/07/29 01:44:13.814347] [I][chkE6640AConnect] success
[2020/07/29 01:44:14.079697] ---------- Test Plan 1 ----------
[2020/07/29 01:44:14.081705] [I][startTestPlan]---------- ZIGBEE_2450 Freq 2425 ----------
[2020/07/29 01:44:14.084711] [I][startTestPlan]---------- Measure Tx Start ----------
[2020/07/29 01:44:14.087719] [I][startTestPlan] Preset E6640A
[2020/07/29 01:44:14.941815] [I][startTestPlan] Success
[2020/07/29 01:44:14.951851] [I][startTestPlan] Set Tx Start
[2020/07/29 01:44:17.342011] [I][startTestPlan] Success
[2020/07/29 01:44:17.345014] [I][startTestPlan] Set DUT Tx
[2020/07/29 01:44:23.221321] [I][startTestPlan] Success
[2020/07/29 01:44:23.224332] [I][startTestPlan] Start DUT Tx
[2020/07/29 01:44:25.735353] [I][startTestPlan] Success
[2020/07/29 01:44:27.265104] [I][startTestPlan] 10.097999999999999, 11.047, 13.441
[2020/07/29 01:44:27.825693] [I][startTestPlan] 0.083
[2020/07/29 01:44:27.836720] [I][startTestPlan] Stop DUT Tx
[2020/07/29 01:44:28.681230] [I][startTestPlan] Success
[2020/07/29 01:44:28.684523] [I][startTestPlan] Calibration
[2020/07/29 01:44:28.687814] [I][startTestPlan] Calculate DUT Tx Power
[2020/07/29 01:44:28.690824] [I][startTestPlan] DUT Tx Power: -1
[2020/07/29 01:44:28.693832] [I][startTestPlan] Measure again
[2020/07/29 01:44:28.696861] [I][startTestPlan] Set DUT Tx
[2020/07/29 01:44:34.608947] [I][startTestPlan] Success
[2020/07/29 01:44:34.612270] [I][startTestPlan] Start DUT Tx
[2020/07/29 01:44:37.146350] [I][startTestPlan] Success
[2020/07/29 01:44:38.778289] [I][startTestPlan] 8.953, 10.996, 13.939
[2020/07/29 01:44:39.336825] [I][startTestPlan] 0.081
[2020/07/29 01:44:39.342876] [I][startTestPlan] Stop DUT Tx
[2020/07/29 01:44:40.191166] [I][startTestPlan] Success
[2020/07/29 01:44:40.194176] [I][startTestPlan] Power: 8.953 dBm
[2020/07/29 01:44:40.197184] [I][startTestPlan] Freq Err: 10.996 ppm
[2020/07/29 01:44:40.200191] [I][startTestPlan] EVM: 13.939 %
[2020/07/29 01:44:40.203624] [I][startTestPlan] Current: 0.081 A
[2020/07/29 01:44:40.206634] [I][startTestPlan] Check Tx Result
[2020/07/29 01:44:40.209642] [I][startBTTest] Tx Test Time: 26.128
[2020/07/29 01:44:40.212649] [I][startTestPlan]---------- ZIGBEE_2450 Freq 2455 ----------
[2020/07/29 01:44:40.216067] [I][startTestPlan]---------- Measure Tx Start ----------
[2020/07/29 01:44:40.219079] [I][startTestPlan] Preset E6640A
[2020/07/29 01:44:41.433285] [I][startTestPlan] Success
[2020/07/29 01:44:41.443305] [I][startTestPlan] Set Tx Start
[2020/07/29 01:44:43.869829] [I][startTestPlan] Success
[2020/07/29 01:44:43.873876] [I][startTestPlan] Set DUT Tx
[2020/07/29 01:44:49.795817] [I][startTestPlan] Success
[2020/07/29 01:44:49.798824] [I][startTestPlan] Start DUT Tx
[2020/07/29 01:44:52.324856] [I][startTestPlan] Success
[2020/07/29 01:44:53.868848] [I][startTestPlan] 10.284, 10.983, 13.941
[2020/07/29 01:44:54.430339] [I][startTestPlan] 0.08
[2020/07/29 01:44:54.440702] [I][startTestPlan] Stop DUT Tx
[2020/07/29 01:44:55.429841] [I][startTestPlan] Success
[2020/07/29 01:44:55.436066] [I][startTestPlan] Calibration
[2020/07/29 01:44:55.441124] [I][startTestPlan] Calculate DUT Tx Power
[2020/07/29 01:44:55.445237] [I][startTestPlan] DUT Tx Power: -1
[2020/07/29 01:44:55.448247] [I][startTestPlan] Measure again
[2020/07/29 01:44:55.452037] [I][startTestPlan] Set DUT Tx
[2020/07/29 01:45:01.427842] [I][startTestPlan] Success
[2020/07/29 01:45:01.433465] [I][startTestPlan] Start DUT Tx
[2020/07/29 01:45:03.986017] [I][startTestPlan] Success
[2020/07/29 01:45:05.628198] [I][startTestPlan] 9.135, 10.956, 14.098
[2020/07/29 01:45:06.184289] [I][startTestPlan] 0.079
[2020/07/29 01:45:06.188308] [I][startTestPlan] Stop DUT Tx
[2020/07/29 01:45:07.041033] [I][startTestPlan] Success
[2020/07/29 01:45:07.044043] [I][startTestPlan] Power: 9.135 dBm
[2020/07/29 01:45:07.047050] [I][startTestPlan] Freq Err: 10.956 ppm
[2020/07/29 01:45:07.050520] [I][startTestPlan] EVM: 14.098 %
[2020/07/29 01:45:07.053531] [I][startTestPlan] Current: 0.079 A
[2020/07/29 01:45:07.057840] [I][startTestPlan] Check Tx Result
[2020/07/29 01:45:07.060850] [I][startBTTest] Tx Test Time: 26.847
[2020/07/29 01:45:07.063858] [I][startTestPlan]---------- ZIGBEE_2450 Freq 2470 ----------
[2020/07/29 01:45:07.066865] [I][startTestPlan]---------- Measure Tx Start ----------
[2020/07/29 01:45:07.070881] [I][startTestPlan] Preset E6640A
[2020/07/29 01:45:08.308689] [I][startTestPlan] Success
[2020/07/29 01:45:08.318706] [I][startTestPlan] Set Tx Start
[2020/07/29 01:45:10.729282] [I][startTestPlan] Success
[2020/07/29 01:45:10.733293] [I][startTestPlan] Set DUT Tx
[2020/07/29 01:45:16.794689] [I][startTestPlan] Success
[2020/07/29 01:45:16.797698] [I][startTestPlan] Start DUT Tx
[2020/07/29 01:45:19.493573] [I][startTestPlan] Success
[2020/07/29 01:45:21.165268] [I][startTestPlan] 10.65, 10.943, 13.946
[2020/07/29 01:45:21.722832] [I][startTestPlan] 0.08
[2020/07/29 01:45:21.728543] [I][startTestPlan] Stop DUT Tx
[2020/07/29 01:45:22.583032] [I][startTestPlan] Success
[2020/07/29 01:45:22.587044] [I][startTestPlan] Calibration
[2020/07/29 01:45:22.590051] [I][startTestPlan] Calculate DUT Tx Power
[2020/07/29 01:45:22.594074] [I][startTestPlan] DUT Tx Power: -2
[2020/07/29 01:45:22.597070] [I][startTestPlan] Measure again
[2020/07/29 01:45:22.600745] [I][startTestPlan] Set DUT Tx
[2020/07/29 01:45:28.711730] [I][startTestPlan] Success
[2020/07/29 01:45:28.714736] [I][startTestPlan] Start DUT Tx
[2020/07/29 01:45:31.278046] [I][startTestPlan] Success
[2020/07/29 01:45:32.819264] [I][startTestPlan] 8.621, 10.921, 13.925
[2020/07/29 01:45:33.372565] [I][startTestPlan] 0.079
[2020/07/29 01:45:33.376578] [I][startTestPlan] Stop DUT Tx
[2020/07/29 01:45:34.231057] [I][startTestPlan] Success
[2020/07/29 01:45:34.234185] [I][startTestPlan] Power: 8.621 dBm
[2020/07/29 01:45:34.237248] [I][startTestPlan] Freq Err: 10.921 ppm
[2020/07/29 01:45:34.241391] [I][startTestPlan] EVM: 13.925 %
[2020/07/29 01:45:34.244769] [I][startTestPlan] Current: 0.079 A
[2020/07/29 01:45:34.247781] [I][startTestPlan] Check Tx Result
[2020/07/29 01:45:34.250787] [I][startBTTest] Tx Test Time: 27.187
[2020/07/29 01:45:34.255305] ---------- Test Plan 2 ----------
[2020/07/29 01:45:34.258324] [I][startTestPlan]---------- ZIGBEE_2450 Freq 2445 ----------
[2020/07/29 01:45:34.262205] [I][startTestPlan]---------- Measure Rx Start ----------
[2020/07/29 01:45:34.265594] [I][startTestPlan] Preset E6640A
[2020/07/29 01:45:35.520767] [I][startTestPlan] Success
[2020/07/29 01:45:35.530794] [I][startTestPlan]---------- LNA ON ----------
[2020/07/29 01:45:35.536808] [I][startTestPlan] Set Rx one tone
[2020/07/29 01:45:35.581405] [I][startTestPlan] Success
[2020/07/29 01:45:35.584798] [I][startTestPlan] Set DUT Rx
[2020/07/29 01:45:39.827525] [I][startTestPlan] Success
[2020/07/29 01:45:44.912407] [I][startTestPlan] Success
[2020/07/29 01:45:49.971559] [I][startTestPlan] Rx RSSI: -16 dBm
[2020/07/29 01:45:49.983583] [I][startTestPlan]---------- LNA OFF ----------
[2020/07/29 01:45:49.986595] [I][startTestPlan] Set Rx one tone
[2020/07/29 01:45:50.026349] [I][startTestPlan] Success
[2020/07/29 01:45:50.030361] [I][startTestPlan] Set DUT Rx
[2020/07/29 01:45:54.280855] [I][startTestPlan] Success
[2020/07/29 01:45:58.523437] [I][startTestPlan] Success
[2020/07/29 01:46:03.090722] [I][startTestPlan] Rx RSSI: -28 dBm
[2020/07/29 01:46:03.112792] [I][startTestPlan] Check Rx Result
[2020/07/29 01:46:03.116761] [I][startBTTest] Rx Test Time: 28.858
[2020/07/29 01:46:03.120772] [I][startBTTest] Copy calibration data
[2020/07/29 01:46:03.129837] [I][startBTTest] Write Calibration Data
[2020/07/29 01:46:03.601607] [I][TestResult] Test Pass!
