[2020/07/27 19:46:15.368625]========== Start ==========
[2020/07/27 19:46:15.368625][I][class_E6640A_ZIGBEE] Initial class_E6640A_ZIGBEE
[2020/07/27 19:46:15.368625][I][class_E6640A_ZIGBEE] Version: 3.0.0.2
[2020/07/27 19:46:15.378136][I][connect_E6640A] Connect to E6640A
[2020/07/27 19:46:15.458186][I][connect_E6640A] Resource Manager of Visa Library at C:\Windows\system32\visa32.dll
[2020/07/27 19:46:15.538144][I][queryEx] E6640A <= *IDN?
[2020/07/27 19:46:15.538144][I][queryEx] E6640A => Keysight Technologies,E6640A,MY57150246,E.19.71
[2020/07/27 19:46:15.538144][I][set_Preset] System reset
[2020/07/27 19:46:15.548136][I][writeEx] E6640A <= *RST
[2020/07/27 19:46:15.548136][I][writeEx] E6640A <= *CLS
[2020/07/27 19:46:15.548136][I][writeEx] E6640A <= SYST:PRES
[2020/07/27 19:46:15.858673][I][queryEx] E6640A <= *OPC?
[2020/07/27 19:46:16.598676][I][queryEx] E6640A => 1
[2020/07/27 19:46:16.608140][I][set_Preset] System reset
[2020/07/27 19:46:16.608140][I][writeEx] E6640A <= *RST
[2020/07/27 19:46:16.618136][I][writeEx] E6640A <= *CLS
[2020/07/27 19:46:16.618136][I][writeEx] E6640A <= SYST:PRES
[2020/07/27 19:46:16.928671][I][queryEx] E6640A <= *OPC?
[2020/07/27 19:46:17.728682][I][queryEx] E6640A => 1
[2020/07/27 19:46:18.158163][I][set_Preset] System reset
[2020/07/27 19:46:18.158163][I][writeEx] E6640A <= *RST
[2020/07/27 19:46:18.168140][I][writeEx] E6640A <= *CLS
[2020/07/27 19:46:18.168140][I][writeEx] E6640A <= SYST:PRES
[2020/07/27 19:46:18.478674][I][queryEx] E6640A <= *OPC?
[2020/07/27 19:46:19.268189][I][queryEx] E6640A => 1
[2020/07/27 19:46:19.278170][I][set_Tx_Start] Set Tx start
[2020/07/27 19:46:19.278170][I][set_RFI_Port] Set input port
[2020/07/27 19:46:19.278170][I][writeEx] E6640A <= :FEED:RF:PORT:INPut RFIO1
[2020/07/27 19:46:19.288171][I][queryEx] E6640A <= :FEED:RF:PORT:INPut?
[2020/07/27 19:46:19.288171][I][queryEx] E6640A => RFIO1
[2020/07/27 19:46:19.288171][I][set_Modulation_Analysis] Set measurement function
[2020/07/27 19:46:19.298135][I][writeEx] E6640A <= INST:SEL VSA
[2020/07/27 19:46:19.608686][I][queryEx] E6640A <= *OPC?
[2020/07/27 19:46:19.608686][I][queryEx] E6640A => 1
[2020/07/27 19:46:19.618176][I][queryEx] E6640A <= INST:SEL?
[2020/07/27 19:46:19.618176][I][queryEx] E6640A => VSA
[2020/07/27 19:46:19.618176][I][writeEx] E6640A <= :CONFigure:DDEMod
[2020/07/27 19:46:19.938673][I][queryEx] E6640A <= *OPC?
[2020/07/27 19:46:20.098668][I][queryEx] E6640A => 1
[2020/07/27 19:46:20.108138][I][init_Zigbee_Mode] Initial Zigbee mode
[2020/07/27 19:46:20.118187][I][writeEx] E6640A <= :DDEM:STAN:PRES ZIGBEE2450
[2020/07/27 19:46:20.428368][I][queryEx] E6640A <= *OPC?
[2020/07/27 19:46:20.428368][I][queryEx] E6640A => 1
[2020/07/27 19:46:20.438134][I][set_Continue] Set continue
[2020/07/27 19:46:20.438134][I][writeEx] E6640A <= :INIT:CONT ON
[2020/07/27 19:46:20.438134][I][set_Freq] Set frequence
[2020/07/27 19:46:20.448134][I][writeEx] E6640A <= :FREQuency:CENTer 2425.0 MHz
[2020/07/27 19:46:20.448134][I][set_XScale_Span] Set frequence span
[2020/07/27 19:46:20.448134][I][writeEx] E6640A <= :FREQuency:SPAN 10000.000000 KHZ
[2020/07/27 19:46:20.458134][I][set_Power_Range] Get power range
[2020/07/27 19:46:20.458134][I][writeEx] E6640A <= :POW:RANG 20.000000
[2020/07/27 19:46:20.458134][I][set_Symbol_Rate] Get symbol rate
[2020/07/27 19:46:20.468135][I][writeEx] E6640A <= :DDEMod:SRATe 1000.000000 kHz
[2020/07/27 19:46:20.468135][I][set_Meas_Interval] Get meas interval
[2020/07/27 19:46:20.468135][I][writeEx] E6640A <= :DDEMod:SWEep:POINts 500
[2020/07/27 19:46:20.478170][I][set_Zigbee_TX_BandPower] Set marker function
[2020/07/27 19:46:20.478170][I][writeEx] E6640A <= CALC:DDEMod:MARK1:MODE POS
[2020/07/27 19:46:20.478170][I][writeEx] E6640A <= CALC:DDEMod:MARK1:TRAC 2
[2020/07/27 19:46:20.488134][I][writeEx] E6640A <= CALC:DDEMod:MARK1:FUNC BPOW
[2020/07/27 19:46:20.488134][I][writeEx] E6640A <= CALC:DDEMod:MARK1:FUNC:BPOW:CTYP MEAN
[2020/07/27 19:46:20.488134][I][writeEx] E6640A <= CALC:DDEMod:MARK1:FUNC:BAND:CENT 2425000000.000000
[2020/07/27 19:46:20.808674][I][queryEx] E6640A <= *OPC?
[2020/07/27 19:46:20.818138][I][queryEx] E6640A => 1
[2020/07/27 19:46:20.828179][I][queryEx] E6640A <= CALC:DDEMod:MARK1:FUNC:BAND:CENT?
[2020/07/27 19:46:20.828179][I][queryEx] E6640A => 2.425000000E+09
[2020/07/27 19:46:20.838184][I][writeEx] E6640A <= CALC:DDEMod:MARK1:FUNC:BAND:SPAN 10000000.000000
[2020/07/27 19:46:21.148656][I][queryEx] E6640A <= *OPC?
[2020/07/27 19:46:21.148656][I][queryEx] E6640A => 1
[2020/07/27 19:46:21.158173][I][set_Trigger_Video] Set trigger video
[2020/07/27 19:46:21.158173][I][writeEx] E6640A <= TRIG:DDEM:SOUR VID
[2020/07/27 19:46:21.468675][I][queryEx] E6640A <= *OPC?
[2020/07/27 19:46:21.478170][I][queryEx] E6640A => 1
[2020/07/27 19:46:21.478170][I][set_Trigger_Level] Set trigger level
[2020/07/27 19:46:21.478170][I][writeEx] E6640A <= :TRIGger:VIDeo:LEVel 30.000000 mV
[2020/07/27 19:46:21.488135][I][set_Trigger_Delay] Set trigger delay
[2020/07/27 19:46:21.488135][I][writeEx] E6640A <= :TRIGger:VIDeo:DELay:STATe ON
[2020/07/27 19:46:21.488135][I][queryEx] E6640A <= :TRIGger:VIDeo:DELay:STATe?
[2020/07/27 19:46:21.558718][I][queryEx] E6640A => 1
[2020/07/27 19:46:21.568135][I][writeEx] E6640A <= :TRIGger:VIDeo:DELay:STATe ON
[2020/07/27 19:46:21.568135][I][writeEx] E6640A <= :TRIGger:VIDeo:DELay 0.300000 ms
[2020/07/27 19:46:21.578135][I][init_Trigger_Reg] Initial trigger status register
[2020/07/27 19:46:21.578135][I][writeEx] E6640A <= *CLS
[2020/07/27 19:46:21.578135][I][writeEx] E6640A <= :STATus:PRESet
[2020/07/27 19:46:21.588170][I][writeEx] E6640A <= *SRE 192
[2020/07/27 19:46:21.588170][I][writeEx] E6640A <= :STATus:OPERation:ENABle 32
[2020/07/27 19:46:21.598133][I][writeEx] E6640A <= *CLS
[2020/07/27 19:46:21.598133][I][queryEx] E6640A <= *STB?
[2020/07/27 19:46:21.638834][I][queryEx] E6640A => 0
[2020/07/27 19:46:21.648138][I][init_Trigger_Reg] Status: 0
[2020/07/27 19:46:31.088535][I][chk_Tx_Result] Check Tx result
[2020/07/27 19:46:31.088535][I][get_Trigger_Status] Get trigger status
[2020/07/27 19:46:31.098133][I][queryEx] E6640A <= *STB?
[2020/07/27 19:46:31.098133][I][queryEx] E6640A => 192
[2020/07/27 19:46:31.108132][I][get_Trigger_Status] Status: 192
[2020/07/27 19:46:31.108132]Is triggered!
[2020/07/27 19:46:31.108132][I][writeEx] E6640A <= *CLS
[2020/07/27 19:46:31.118131][I][set_Continue] Set continue
[2020/07/27 19:46:31.118131][I][writeEx] E6640A <= :INIT:CONT ON
[2020/07/27 19:46:31.228685][I][set_Single] Set single
[2020/07/27 19:46:31.228685][I][writeEx] E6640A <= :INIT:CONT OFF
[2020/07/27 19:46:31.238168][I][set_Zigbee_TX_BandPower] Set marker function
[2020/07/27 19:46:31.238168][I][writeEx] E6640A <= CALC:DDEMod:MARK1:MODE POS
[2020/07/27 19:46:31.238168][I][writeEx] E6640A <= CALC:DDEMod:MARK1:TRAC 2
[2020/07/27 19:46:31.248131][I][writeEx] E6640A <= CALC:DDEMod:MARK1:FUNC BPOW
[2020/07/27 19:46:31.248131][I][writeEx] E6640A <= CALC:DDEMod:MARK1:FUNC:BPOW:CTYP MEAN
[2020/07/27 19:46:31.258131][I][writeEx] E6640A <= CALC:DDEMod:MARK1:FUNC:BAND:CENT 2425000000.000000
[2020/07/27 19:46:31.568670][I][queryEx] E6640A <= *OPC?
[2020/07/27 19:46:31.578131][I][queryEx] E6640A => 1
[2020/07/27 19:46:31.578131][I][queryEx] E6640A <= CALC:DDEMod:MARK1:FUNC:BAND:CENT?
[2020/07/27 19:46:31.578131][I][queryEx] E6640A => 2.425000000E+09
[2020/07/27 19:46:31.588169][I][writeEx] E6640A <= CALC:DDEMod:MARK1:FUNC:BAND:SPAN 10000000.000000
[2020/07/27 19:46:31.898675][I][queryEx] E6640A <= *OPC?
[2020/07/27 19:46:31.908168][I][queryEx] E6640A => 1
[2020/07/27 19:46:31.908168][I][get_Power] Get Tx power
[2020/07/27 19:46:31.908168][I][queryEx] E6640A <= :CALC:DDEMod:MARK1:Y?
[2020/07/27 19:46:31.918132][I][queryEx] E6640A => 1.964452331E+00
[2020/07/27 19:46:31.918132][I][chk_Tx_Result] Tx power(add loss: 0.500000) = 2.464000 dBm
[2020/07/27 19:46:31.918132][I][read_DDEMod_Array] Read measurement result
[2020/07/27 19:46:31.928131][I][queryEx] E6640A <= :READ:DDEMod?
[2020/07/27 19:46:32.078580][I][queryEx] E6640A => 1.493523312E+01,4.063188553E+01,1.400000000E+01,3.717674255E+00,1.424825001E+01,1.400000000E+01,9.91E+37,9.91E+37,9.91E+37,3.638188243E-01,-7.882773876E-01,3.830000000E+02,1.216458321E+01,-3.334542084E+01,1.400000000E+01,2.553300391E+04,9.91E+37,9.91E+37,9.91E+37,9.91E+37,9.91E+37,-4.674948120E+01,9.91E+37,9.558653831E-01,2.891165577E-02,4.241537452E-01,9.91E+37,9.91E+37,9.91E+37,9.91E+37,9.91E+37,9.91E+37,9.91E+37,9.91E+37,9.91E+37,9.91E+37,9.91E+37,9.91E+37,9.91E+37,9.91E+37,9.91E+37,9.91E+37,9.91E+37,9.91E+37,9.91E+37,9.91E+37,9.91E+37,9.91E+37,9.91E+37,9.91E+37,9.91E+37,9.91E+37,9.91E+37,9.91E+37,9.91E+37,9.91E+37,9.91E+37,9.91E+37,9.91E+37,9.91E+37,9.91E+37,3.183817724E-03,-3.316733288E-03
[2020/07/27 19:46:32.088134][I][set_Continue] Set continue
[2020/07/27 19:46:32.098182][I][writeEx] E6640A <= :INIT:CONT ON
[2020/07/27 19:46:33.828170][I][disconnect_E6640A] Disconnect E6640A
[2020/07/27 19:46:33.828170]========== End ==========
