[2020/07/29 13:44:38][I][getBOM] Get BOM Success!
[2020/07/29 13:44:38][I][getSKU] Get SKU from BOM: BOM_SKU, SKU name: 451AOD30L02
[2020/07/29 13:44:38][I][loadTestItemBySKU] Test Item List = (GFI20Bootup.py,1)(CountDown.py,1)(WaitConnect.py,1)(GFI20_RF_Zigbee,2)(GFI20_RF_LTE,1)
[2020/07/29 13:44:38][I][loadTestItemBySKU] Test Item List Element = ['GFI20Bootup.py,1', 'CountDown.py,1', 'WaitConnect.py,1', 'GFI20_RF_Zigbee,2', 'GFI20_RF_LTE,1']
[2020/07/29 13:44:38][I][showTestingMsg] Waiting for testing...
[2020/07/29 13:44:38]---------- TestItem:GFI20Bootup.py  Method:1 ----------
[2020/07/29 13:44:38][I][runTestItem] Test start time: 2020/07/29 13:44:38
[2020/07/29 13:44:58][I][runTestItem] Test finished
[2020/07/29 13:44:58][I][checkTestResult] Version=3.0.0.3
[2020/07/29 13:44:58][I][checkTestResult] Result=Pass
[2020/07/29 13:44:58]*********************************************************
[2020/07/29 13:44:58]GFI20Bootup.py   3.0.0.3

[2020/07/29 13:44:58]			Result: Pass

[2020/07/29 13:44:58]			Method: 1

[2020/07/29 13:44:58]			Start: 2020/07/29 13:44:38

[2020/07/29 13:44:58]			End: 2020/07/29 13:44:58
[2020/07/29 13:44:58][I][runTestItem] Test end time: 2020/07/29 13:44:58
[2020/07/29 13:44:58]---------- TestItem:CountDown.py  Method:1 ----------
[2020/07/29 13:44:58][I][runTestItem] Test start time: 2020/07/29 13:44:58
[2020/07/29 13:45:51][I][runTestItem] Test finished
[2020/07/29 13:45:51][I][checkTestResult] Version=3.0.0.3
[2020/07/29 13:45:51][I][checkTestResult] Result=Pass
[2020/07/29 13:45:51]*********************************************************
[2020/07/29 13:45:51]CountDown.py   3.0.0.3

[2020/07/29 13:45:51]			Result: Pass

[2020/07/29 13:45:51]			Method: 1

[2020/07/29 13:45:51]			Start: 2020/07/29 13:44:58

[2020/07/29 13:45:51]			End: 2020/07/29 13:45:51
[2020/07/29 13:45:51][I][runTestItem] Test end time: 2020/07/29 13:45:51
[2020/07/29 13:45:51]---------- TestItem:WaitConnect.py  Method:1 ----------
[2020/07/29 13:45:51][I][runTestItem] Test start time: 2020/07/29 13:45:51
[2020/07/29 13:45:54][I][runTestItem] Test finished
[2020/07/29 13:45:54][I][checkTestResult] Version=3.0.0.4
[2020/07/29 13:45:54][I][checkTestResult] Result=Pass
[2020/07/29 13:45:54]*********************************************************
[2020/07/29 13:45:54]WaitConnect.py   3.0.0.4

[2020/07/29 13:45:54]			Result: Pass

[2020/07/29 13:45:54]			Method: 1

[2020/07/29 13:45:54]			Start: 2020/07/29 13:45:51

[2020/07/29 13:45:54]			End: 2020/07/29 13:45:54
[2020/07/29 13:45:54][I][runTestItem] Test end time: 2020/07/29 13:45:54
[2020/07/29 13:45:54]---------- TestItem:GFI20_RF_Zigbee.py  Method:2 ----------
[2020/07/29 13:45:54][I][runTestItem] Test start time: 2020/07/29 13:45:54
[2020/07/29 13:47:50][I][runTestItem] Test finished
[2020/07/29 13:47:50][I][checkTestResult] Version=3.0.0.3
[2020/07/29 13:47:50][I][checkTestResult] Result=Pass
[2020/07/29 13:47:50]*********************************************************
[2020/07/29 13:47:50]GFI20_RF_Zigbee.py   3.0.0.3

[2020/07/29 13:47:50]			Result: Pass

[2020/07/29 13:47:50]			Method: 2

[2020/07/29 13:47:50]			Start: 2020/07/29 13:45:54

[2020/07/29 13:47:50]			End: 2020/07/29 13:47:50
[2020/07/29 13:47:50][I][runTestItem] Test end time: 2020/07/29 13:47:50
[2020/07/29 13:47:50]---------- TestItem:GFI20_RF_LTE.py  Method:1 ----------
[2020/07/29 13:47:50][I][runTestItem] Test start time: 2020/07/29 13:47:50
[2020/07/29 13:49:04][I][runTestItem] Test finished
[2020/07/29 13:49:04][I][checkTestResult] Version=3.0.0.11
[2020/07/29 13:49:04][I][checkTestResult] Result=Pass
[2020/07/29 13:49:04]*********************************************************
[2020/07/29 13:49:04]GFI20_RF_LTE.py   3.0.0.11

[2020/07/29 13:49:04]			Result: Pass

[2020/07/29 13:49:04]			Method: 1

[2020/07/29 13:49:04]			Start: 2020/07/29 13:47:50

[2020/07/29 13:49:04]			End: 2020/07/29 13:49:04
[2020/07/29 13:49:04][I][runTestItem] Test end time: 2020/07/29 13:49:04
[2020/07/29 13:49:06][I][runLastScript] Waiting for ending...
[2020/07/29 13:49:06]---------- TestItem:GFI20LastScript.py  Method:1 ----------
[2020/07/29 13:49:06][I][runLastScript] Test start time: 2020/07/29 13:49:06
[2020/07/29 13:49:29][I][runLastScript] Test finished
[2020/07/29 13:49:29][I][runLastScript] Test end time: 2020/07/29 13:49:29
[2020/07/29 13:49:29][I][checkTestResult] Version=3.0.0.6
[2020/07/29 13:49:29][I][checkTestResult] Result=Pass
[2020/07/29 13:49:29]*********************************************************
[2020/07/29 13:49:29]GFI20LastScript.py   3.0.0.6

[2020/07/29 13:49:29]			Result: Pass

[2020/07/29 13:49:29]			Method: 1

[2020/07/29 13:49:29]			Start: 2020/07/29 13:49:06

[2020/07/29 13:49:29]			End: 2020/07/29 13:49:29
[2020/07/29 13:49:29][I][processSFISUploadPass] No SFIS RecordInfo
[2020/07/29 13:49:31][I][processSFISUploadPass] Upload pass Success!
