[2020/07/28 21:39:40.534162] ========== Start ==========
[2020/07/28 21:39:40.535804] [I][main] Python 3.7.2 (tags/v3.7.2:9a3ffc0492, Dec 23 2018, 23:09:28) [MSC v.1916 64 bit (AMD64)]
[2020/07/28 21:39:40.536819] [I][main] GFI20_RF_Zigbee.py 3.0.0.3
[2020/07/28 21:39:40.539849] [I][readINI] ---------- INI ----------
[2020/07/28 21:39:40.541823] [I][readINI] SKU = 1
[2020/07/28 21:39:40.542825] [I][readINI] InstrumentINI = GFI20_Zigbee_Instrument_Setting
[2020/07/28 21:39:40.544830] [I][readINI] ---------- Test Plan 1 ----------
[2020/07/28 21:39:40.546835] [I][readINI] TestPlan1 = ZIGBEE_2450;15/2425,21/2455,24/2470;TX_Power
[2020/07/28 21:39:40.549116] [I][readINI] CableLoss = ['8.2', '8.9', '8.8'] dBm
[2020/07/28 21:39:40.553380] [I][readINI] TX_Power = ['0', '0', '0'] dBm
[2020/07/28 21:39:40.554384] [I][readINI] Calibration_ON = 1
[2020/07/28 21:39:40.556389] [I][readINI] Ca_Tx_Power_Target = ['9.2', '9.2', '9.2']
[2020/07/28 21:39:40.558394] [I][readINI] Ca_Tx_Power_Gap = ['0.5', '0.5', '0.5']
[2020/07/28 21:39:40.560632] [I][readINI] Ca_Tx_Power_Offset = ['0.86', '0.86', '0.86']
[2020/07/28 21:39:40.562820] [I][readINI] Current_ON = 1
[2020/07/28 21:39:40.563824] [I][readINI] TX_Current_SpecMax = ['0.18', '0.18', '0.18'] A
[2020/07/28 21:39:40.565829] [I][readINI] TX_Current_SpecMin = ['0.045', '0.045', '0.045'] A
[2020/07/28 21:39:40.568947] [I][readINI] TX_Power_SpecMax = ['12', '12', '12'] dBm
[2020/07/28 21:39:40.571048] [I][readINI] TX_Power_SpecMin = ['6', '6', '6'] dBm
[2020/07/28 21:39:40.573085] [I][readINI] ---------- Test Plan 1 ----------
[2020/07/28 21:39:40.575432] [I][readINI] ---------- Test Plan 2 ----------
[2020/07/28 21:39:40.577441] [I][readINI] TestPlan2 = ZIGBEE_2450;19/2445;RX_RSSI
[2020/07/28 21:39:40.579754] [I][readINI] CableLoss = ['8.9'] dBm
[2020/07/28 21:39:40.582074] [I][readINI] RX_Cell_Power = ['-25'] dBm
[2020/07/28 21:39:40.584233] [I][readINI] RX_LNAON_RSSI_SpecMax = ['-9'] %
[2020/07/28 21:39:40.586241] [I][readINI] RX_LNAON_RSSI_SpecMin = ['-18'] %
[2020/07/28 21:39:40.588833] [I][readINI] RX_LNAOFF_RSSI_SpecMax = ['-24'] %
[2020/07/28 21:39:40.590841] [I][readINI] RX_LNAOFF_RSSI_SpecMin = ['-30'] %
[2020/07/28 21:39:40.593680] [I][readINI] ---------- Test Plan 2 ----------
[2020/07/28 21:39:40.597160] [I][readINI] StartButton_ON = 0
[2020/07/28 21:39:40.599803] [I][readINI] FailAutoExit = True
[2020/07/28 21:39:40.601810] [I][readINI] FailRetryAll = True
[2020/07/28 21:39:40.604682] [I][readINI] RFDatabase = True
[2020/07/28 21:39:40.606688] [I][readINI] EC = 010000S01
[2020/07/28 21:39:40.608694] [I][readINI] ---------- INI ----------
[2020/07/28 21:39:40.612551] [I][readInstrumentINI] ---------- Common ----------
[2020/07/28 21:39:40.614734] [I][readInstrumentINI] Instrument_Name = E6640A
[2020/07/28 21:39:40.616742] [I][readInstrumentINI] Instrument_IP_Addr = TCPIP0::192.168.1.2::hislip0::INSTR
[2020/07/28 21:39:40.619966] [I][readInstrumentINI] PowerSupplier_Name = 66321B
[2020/07/28 21:39:40.622284] [I][readInstrumentINI] PowerSupplier_Addr = GPIB0::5::INSTR
[2020/07/28 21:39:40.624290] [I][readInstrumentINI] Current_Delay = 0.5
[2020/07/28 21:39:40.626295] [I][readInstrumentINI] ---------- Common ----------
[2020/07/28 21:39:40.629710] [I][readInstrumentINI] ---------- ZIGBEE_2450 ----------
[2020/07/28 21:39:40.632330] [I][readInstrumentINI] RFIO_Input = 1
[2020/07/28 21:39:40.634855] [I][readInstrumentINI] Tx_Span = 10000.0 kHz
[2020/07/28 21:39:40.636862] [I][readInstrumentINI] Tx_PowRange = 20.0 dBm
[2020/07/28 21:39:40.639870] [I][readInstrumentINI] Tx_SymbolRate = 1000.0 kHz
[2020/07/28 21:39:40.641875] [I][readInstrumentINI] Tx_MeasInterval = 500
[2020/07/28 21:39:40.644728] [I][readInstrumentINI] Tx_TrigLevel = 30.0 mV
[2020/07/28 21:39:40.646739] [I][readInstrumentINI] Tx_TrigDelay = 0.3 ms
[2020/07/28 21:39:40.649746] [I][readInstrumentINI] RFIO_Output = 1
[2020/07/28 21:39:40.651782] [I][readInstrumentINI] ---------- ZIGBEE_2450 ----------
[2020/07/28 21:39:40.655075] ---------- StartTest ----------
[2020/07/28 21:39:40.663140] [I][chkDUTConnect] Connect to DUT
[2020/07/28 21:39:40.676367] [I][chkDUTConnect] Check DUT status
[2020/07/28 21:39:41.524429] [I][chkDUTConnect] Success
[2020/07/28 21:39:41.542921] [I][chkE6640AConnect] Connect to E6640A
[2020/07/28 21:39:42.440873] [I][chkE6640AConnect] Preset E6640A status
[2020/07/28 21:39:43.315077] [I][chkE6640AConnect] success
[2020/07/28 21:39:43.565787] ---------- Test Plan 1 ----------
[2020/07/28 21:39:43.568797] [I][startTestPlan]---------- ZIGBEE_2450 Freq 2425 ----------
[2020/07/28 21:39:43.571966] [I][startTestPlan]---------- Measure Tx Start ----------
[2020/07/28 21:39:43.573972] [I][startTestPlan] Preset E6640A
[2020/07/28 21:39:44.432819] [I][startTestPlan] Success
[2020/07/28 21:39:44.435828] [I][startTestPlan] Set Tx Start
[2020/07/28 21:39:46.828837] [I][startTestPlan] Success
[2020/07/28 21:39:46.832848] [I][startTestPlan] Set DUT Tx
[2020/07/28 21:39:52.677963] [I][startTestPlan] Success
[2020/07/28 21:39:52.681972] [I][startTestPlan] Start DUT Tx
[2020/07/28 21:39:55.195194] [I][startTestPlan] Success
[2020/07/28 21:39:56.835982] [I][startTestPlan] 9.258, -14.087, 11.689
[2020/07/28 21:39:57.386842] [I][startTestPlan] 0.081
[2020/07/28 21:39:57.391856] [I][startTestPlan] Stop DUT Tx
[2020/07/28 21:39:58.234053] [I][startTestPlan] Success
[2020/07/28 21:39:58.237060] [I][startTestPlan] Power: 9.258 dBm
[2020/07/28 21:39:58.241073] [I][startTestPlan] Freq Err: -14.087 ppm
[2020/07/28 21:39:58.244480] [I][startTestPlan] EVM: 11.689 %
[2020/07/28 21:39:58.247489] [I][startTestPlan] Current: 0.081 A
[2020/07/28 21:39:58.250508] [I][startTestPlan] Check Tx Result
[2020/07/28 21:39:58.253509] [I][startBTTest] Tx Test Time: 14.685
[2020/07/28 21:39:58.256543] [I][startTestPlan]---------- ZIGBEE_2450 Freq 2455 ----------
[2020/07/28 21:39:58.259521] [I][startTestPlan]---------- Measure Tx Start ----------
[2020/07/28 21:39:58.263533] [I][startTestPlan] Preset E6640A
[2020/07/28 21:39:59.447830] [I][startTestPlan] Success
[2020/07/28 21:39:59.451026] [I][startTestPlan] Set Tx Start
[2020/07/28 21:40:01.852734] [I][startTestPlan] Success
[2020/07/28 21:40:01.856745] [I][startTestPlan] Set DUT Tx
[2020/07/28 21:40:07.748294] [I][startTestPlan] Success
[2020/07/28 21:40:07.751540] [I][startTestPlan] Start DUT Tx
[2020/07/28 21:40:10.285763] [I][startTestPlan] Success
[2020/07/28 21:40:11.950179] [I][startTestPlan] 9.426, -14.123, 12.951
[2020/07/28 21:40:12.501213] [I][startTestPlan] 0.083
[2020/07/28 21:40:12.505271] [I][startTestPlan] Stop DUT Tx
[2020/07/28 21:40:13.350246] [I][startTestPlan] Success
[2020/07/28 21:40:13.354184] [I][startTestPlan] Power: 9.426 dBm
[2020/07/28 21:40:13.357855] [I][startTestPlan] Freq Err: -14.123 ppm
[2020/07/28 21:40:13.360866] [I][startTestPlan] EVM: 12.951 %
[2020/07/28 21:40:13.363872] [I][startTestPlan] Current: 0.083 A
[2020/07/28 21:40:13.366881] [I][startTestPlan] Check Tx Result
[2020/07/28 21:40:13.369888] [I][startBTTest] Tx Test Time: 15.113
[2020/07/28 21:40:13.373937] [I][startTestPlan]---------- ZIGBEE_2450 Freq 2470 ----------
[2020/07/28 21:40:13.376950] [I][startTestPlan]---------- Measure Tx Start ----------
[2020/07/28 21:40:13.379997] [I][startTestPlan] Preset E6640A
[2020/07/28 21:40:14.579312] [I][startTestPlan] Success
[2020/07/28 21:40:14.582321] [I][startTestPlan] Set Tx Start
[2020/07/28 21:40:16.982673] [I][startTestPlan] Success
[2020/07/28 21:40:16.986684] [I][startTestPlan] Set DUT Tx
[2020/07/28 21:40:22.997252] [I][startTestPlan] Success
[2020/07/28 21:40:23.001607] [I][startTestPlan] Start DUT Tx
[2020/07/28 21:40:25.551551] [I][startTestPlan] Success
[2020/07/28 21:40:27.099752] [I][startTestPlan] 9.782, -14.152, 13.257
[2020/07/28 21:40:27.651705] [I][startTestPlan] 0.081
[2020/07/28 21:40:27.655715] [I][startTestPlan] Stop DUT Tx
[2020/07/28 21:40:28.519135] [I][startTestPlan] Success
[2020/07/28 21:40:28.526067] [I][startTestPlan] Calibration
[2020/07/28 21:40:28.531240] [I][startTestPlan] Calculate DUT Tx Power
[2020/07/28 21:40:28.535254] [I][startTestPlan] DUT Tx Power: -1
[2020/07/28 21:40:28.539264] [I][startTestPlan] Measure again
[2020/07/28 21:40:28.542271] [I][startTestPlan] Set DUT Tx
[2020/07/28 21:40:34.555980] [I][startTestPlan] Success
[2020/07/28 21:40:34.559543] [I][startTestPlan] Start DUT Tx
[2020/07/28 21:40:37.100273] [I][startTestPlan] Success
[2020/07/28 21:40:38.631321] [I][startTestPlan] 8.617, -14.178, 13.453
[2020/07/28 21:40:39.189106] [I][startTestPlan] 0.082
[2020/07/28 21:40:39.196125] [I][startTestPlan] Stop DUT Tx
[2020/07/28 21:40:40.053710] [I][startTestPlan] Success
[2020/07/28 21:40:40.056719] [I][startTestPlan] Power: 8.617 dBm
[2020/07/28 21:40:40.060981] [I][startTestPlan] Freq Err: -14.178 ppm
[2020/07/28 21:40:40.064386] [I][startTestPlan] EVM: 13.453 %
[2020/07/28 21:40:40.067402] [I][startTestPlan] Current: 0.082 A
[2020/07/28 21:40:40.070408] [I][startTestPlan] Check Tx Result
[2020/07/28 21:40:40.074302] [I][startBTTest] Tx Test Time: 26.701
[2020/07/28 21:40:40.077743] ---------- Test Plan 2 ----------
[2020/07/28 21:40:40.080754] [I][startTestPlan]---------- ZIGBEE_2450 Freq 2445 ----------
[2020/07/28 21:40:40.084376] [I][startTestPlan]---------- Measure Rx Start ----------
[2020/07/28 21:40:40.087386] [I][startTestPlan] Preset E6640A
[2020/07/28 21:40:41.277673] [I][startTestPlan] Success
[2020/07/28 21:40:41.283626] [I][startTestPlan]---------- LNA ON ----------
[2020/07/28 21:40:41.286636] [I][startTestPlan] Set Rx one tone
[2020/07/28 21:40:41.328494] [I][startTestPlan] Success
[2020/07/28 21:40:41.331500] [I][startTestPlan] Set DUT Rx
[2020/07/28 21:40:45.560521] [I][startTestPlan] Success
[2020/07/28 21:40:50.606790] [I][startTestPlan] Success
[2020/07/28 21:40:55.667362] [I][startTestPlan] Rx RSSI: -13 dBm
[2020/07/28 21:40:55.679433] [I][startTestPlan]---------- LNA OFF ----------
[2020/07/28 21:40:55.682445] [I][startTestPlan] Set Rx one tone
[2020/07/28 21:40:55.723156] [I][startTestPlan] Success
[2020/07/28 21:40:55.727167] [I][startTestPlan] Set DUT Rx
[2020/07/28 21:40:59.945859] [I][startTestPlan] Success
[2020/07/28 21:41:04.173002] [I][startTestPlan] Success
[2020/07/28 21:41:08.710797] [I][startTestPlan] Rx RSSI: -26 dBm
[2020/07/28 21:41:08.722532] [I][startTestPlan] Check Rx Result
[2020/07/28 21:41:08.725543] [I][startBTTest] Rx Test Time: 28.645
[2020/07/28 21:41:08.730418] [I][startBTTest] Copy calibration data
[2020/07/28 21:41:08.738857] [I][startBTTest] Write Calibration Data
[2020/07/28 21:41:09.009853] [I][TestResult] Test Pass!
