[2020/07/27 21:15:47.681462]========== Start ==========
[2020/07/27 21:15:47.681462][I][class_E6640A_ZIGBEE] Initial class_E6640A_ZIGBEE
[2020/07/27 21:15:47.691460][I][class_E6640A_ZIGBEE] Version: 3.0.0.2
[2020/07/27 21:15:47.691460][I][connect_E6640A] Connect to E6640A
[2020/07/27 21:15:47.701444][I][connect_E6640A] Resource Manager of Visa Library at C:\Windows\system32\visa32.dll
[2020/07/27 21:15:47.741450][I][queryEx] E6640A <= *IDN?
[2020/07/27 21:15:47.751419][I][queryEx] E6640A => Keysight Technologies,E6640A,MY57150246,E.19.71
[2020/07/27 21:15:47.751419][I][set_Preset] System reset
[2020/07/27 21:15:47.751419][I][writeEx] E6640A <= *RST
[2020/07/27 21:15:47.751419][I][writeEx] E6640A <= *CLS
[2020/07/27 21:15:47.761701][I][writeEx] E6640A <= SYST:PRES
[2020/07/27 21:15:48.071935][I][queryEx] E6640A <= *OPC?
[2020/07/27 21:15:48.801857][I][queryEx] E6640A => 1
[2020/07/27 21:15:48.811447][I][set_Preset] System reset
[2020/07/27 21:15:48.811447][I][writeEx] E6640A <= *RST
[2020/07/27 21:15:48.811447][I][writeEx] E6640A <= *CLS
[2020/07/27 21:15:48.811447][I][writeEx] E6640A <= SYST:PRES
[2020/07/27 21:15:49.131954][I][queryEx] E6640A <= *OPC?
[2020/07/27 21:15:49.902098][I][queryEx] E6640A => 1
[2020/07/27 21:15:50.271415][I][set_Preset] System reset
[2020/07/27 21:15:50.271415][I][writeEx] E6640A <= *RST
[2020/07/27 21:15:50.271415][I][writeEx] E6640A <= *CLS
[2020/07/27 21:15:50.271415][I][writeEx] E6640A <= SYST:PRES
[2020/07/27 21:15:50.591955][I][queryEx] E6640A <= *OPC?
[2020/07/27 21:15:51.361415][I][queryEx] E6640A => 1
[2020/07/27 21:15:51.371461][I][set_Tx_Start] Set Tx start
[2020/07/27 21:15:51.371461][I][set_RFI_Port] Set input port
[2020/07/27 21:15:51.371461][I][writeEx] E6640A <= :FEED:RF:PORT:INPut RFIO1
[2020/07/27 21:15:51.381421][I][queryEx] E6640A <= :FEED:RF:PORT:INPut?
[2020/07/27 21:15:51.381421][I][queryEx] E6640A => RFIO1
[2020/07/27 21:15:51.381421][I][set_Modulation_Analysis] Set measurement function
[2020/07/27 21:15:51.381421][I][writeEx] E6640A <= INST:SEL VSA
[2020/07/27 21:15:51.701952][I][queryEx] E6640A <= *OPC?
[2020/07/27 21:15:51.701952][I][queryEx] E6640A => 1
[2020/07/27 21:15:51.711414][I][queryEx] E6640A <= INST:SEL?
[2020/07/27 21:15:51.711414][I][queryEx] E6640A => VSA
[2020/07/27 21:15:51.711414][I][writeEx] E6640A <= :CONFigure:DDEMod
[2020/07/27 21:15:52.021950][I][queryEx] E6640A <= *OPC?
[2020/07/27 21:15:52.211951][I][queryEx] E6640A => 1
[2020/07/27 21:15:52.221416][I][init_Zigbee_Mode] Initial Zigbee mode
[2020/07/27 21:15:52.221416][I][writeEx] E6640A <= :DDEM:STAN:PRES ZIGBEE2450
[2020/07/27 21:15:52.541958][I][queryEx] E6640A <= *OPC?
[2020/07/27 21:15:52.541958][I][queryEx] E6640A => 1
[2020/07/27 21:15:52.551413][I][set_Continue] Set continue
[2020/07/27 21:15:52.551413][I][writeEx] E6640A <= :INIT:CONT ON
[2020/07/27 21:15:52.551413][I][set_Freq] Set frequence
[2020/07/27 21:15:52.561414][I][writeEx] E6640A <= :FREQuency:CENTer 2425.0 MHz
[2020/07/27 21:15:52.561414][I][set_XScale_Span] Set frequence span
[2020/07/27 21:15:52.561414][I][writeEx] E6640A <= :FREQuency:SPAN 10000.000000 KHZ
[2020/07/27 21:15:52.571414][I][set_Power_Range] Get power range
[2020/07/27 21:15:52.571414][I][writeEx] E6640A <= :POW:RANG 20.000000
[2020/07/27 21:15:52.571414][I][set_Symbol_Rate] Get symbol rate
[2020/07/27 21:15:52.571414][I][writeEx] E6640A <= :DDEMod:SRATe 1000.000000 kHz
[2020/07/27 21:15:52.581459][I][set_Meas_Interval] Get meas interval
[2020/07/27 21:15:52.581459][I][writeEx] E6640A <= :DDEMod:SWEep:POINts 500
[2020/07/27 21:15:52.581459][I][set_Zigbee_TX_BandPower] Set marker function
[2020/07/27 21:15:52.591415][I][writeEx] E6640A <= CALC:DDEMod:MARK1:MODE POS
[2020/07/27 21:15:52.591415][I][writeEx] E6640A <= CALC:DDEMod:MARK1:TRAC 2
[2020/07/27 21:15:52.591415][I][writeEx] E6640A <= CALC:DDEMod:MARK1:FUNC BPOW
[2020/07/27 21:15:52.601413][I][writeEx] E6640A <= CALC:DDEMod:MARK1:FUNC:BPOW:CTYP MEAN
[2020/07/27 21:15:52.601413][I][writeEx] E6640A <= CALC:DDEMod:MARK1:FUNC:BAND:CENT 2425000000.000000
[2020/07/27 21:15:52.912109][I][queryEx] E6640A <= *OPC?
[2020/07/27 21:15:52.912109][I][queryEx] E6640A => 1
[2020/07/27 21:15:52.921414][I][queryEx] E6640A <= CALC:DDEMod:MARK1:FUNC:BAND:CENT?
[2020/07/27 21:15:52.921414][I][queryEx] E6640A => 2.425000000E+09
[2020/07/27 21:15:52.931414][I][writeEx] E6640A <= CALC:DDEMod:MARK1:FUNC:BAND:SPAN 10000000.000000
[2020/07/27 21:15:53.241957][I][queryEx] E6640A <= *OPC?
[2020/07/27 21:15:53.251414][I][queryEx] E6640A => 1
[2020/07/27 21:15:53.251414][I][set_Trigger_Video] Set trigger video
[2020/07/27 21:15:53.251414][I][writeEx] E6640A <= TRIG:DDEM:SOUR VID
[2020/07/27 21:15:53.561964][I][queryEx] E6640A <= *OPC?
[2020/07/27 21:15:53.571453][I][queryEx] E6640A => 1
[2020/07/27 21:15:53.571453][I][set_Trigger_Level] Set trigger level
[2020/07/27 21:15:53.571453][I][writeEx] E6640A <= :TRIGger:VIDeo:LEVel 30.000000 mV
[2020/07/27 21:15:53.581414][I][set_Trigger_Delay] Set trigger delay
[2020/07/27 21:15:53.581414][I][writeEx] E6640A <= :TRIGger:VIDeo:DELay:STATe ON
[2020/07/27 21:15:53.581414][I][queryEx] E6640A <= :TRIGger:VIDeo:DELay:STATe?
[2020/07/27 21:15:53.642062][I][queryEx] E6640A => 1
[2020/07/27 21:15:53.651417][I][writeEx] E6640A <= :TRIGger:VIDeo:DELay:STATe ON
[2020/07/27 21:15:53.651417][I][writeEx] E6640A <= :TRIGger:VIDeo:DELay 0.300000 ms
[2020/07/27 21:15:53.661447][I][init_Trigger_Reg] Initial trigger status register
[2020/07/27 21:15:53.661447][I][writeEx] E6640A <= *CLS
[2020/07/27 21:15:53.671446][I][writeEx] E6640A <= :STATus:PRESet
[2020/07/27 21:15:53.671446][I][writeEx] E6640A <= *SRE 192
[2020/07/27 21:15:53.681414][I][writeEx] E6640A <= :STATus:OPERation:ENABle 32
[2020/07/27 21:15:53.681414][I][writeEx] E6640A <= *CLS
[2020/07/27 21:15:53.681414][I][queryEx] E6640A <= *STB?
[2020/07/27 21:15:53.722128][I][queryEx] E6640A => 0
[2020/07/27 21:15:53.731418][I][init_Trigger_Reg] Status: 0
[2020/07/27 21:16:03.221941][I][chk_Tx_Result] Check Tx result
[2020/07/27 21:16:03.231419][I][get_Trigger_Status] Get trigger status
[2020/07/27 21:16:03.241456][I][queryEx] E6640A <= *STB?
[2020/07/27 21:16:03.241456][I][queryEx] E6640A => 192
[2020/07/27 21:16:03.251412][I][get_Trigger_Status] Status: 192
[2020/07/27 21:16:03.251412]Is triggered!
[2020/07/27 21:16:03.251412][I][writeEx] E6640A <= *CLS
[2020/07/27 21:16:03.261448][I][set_Continue] Set continue
[2020/07/27 21:16:03.261448][I][writeEx] E6640A <= :INIT:CONT ON
[2020/07/27 21:16:03.381954][I][set_Single] Set single
[2020/07/27 21:16:03.381954][I][writeEx] E6640A <= :INIT:CONT OFF
[2020/07/27 21:16:03.391449][I][set_Zigbee_TX_BandPower] Set marker function
[2020/07/27 21:16:03.391449][I][writeEx] E6640A <= CALC:DDEMod:MARK1:MODE POS
[2020/07/27 21:16:03.391449][I][writeEx] E6640A <= CALC:DDEMod:MARK1:TRAC 2
[2020/07/27 21:16:03.401411][I][writeEx] E6640A <= CALC:DDEMod:MARK1:FUNC BPOW
[2020/07/27 21:16:03.401411][I][writeEx] E6640A <= CALC:DDEMod:MARK1:FUNC:BPOW:CTYP MEAN
[2020/07/27 21:16:03.411413][I][writeEx] E6640A <= CALC:DDEMod:MARK1:FUNC:BAND:CENT 2425000000.000000
[2020/07/27 21:16:03.721952][I][queryEx] E6640A <= *OPC?
[2020/07/27 21:16:03.721952][I][queryEx] E6640A => 1
[2020/07/27 21:16:03.731426][I][queryEx] E6640A <= CALC:DDEMod:MARK1:FUNC:BAND:CENT?
[2020/07/27 21:16:03.731426][I][queryEx] E6640A => 2.425000000E+09
[2020/07/27 21:16:03.741410][I][writeEx] E6640A <= CALC:DDEMod:MARK1:FUNC:BAND:SPAN 10000000.000000
[2020/07/27 21:16:04.051864][I][queryEx] E6640A <= *OPC?
[2020/07/27 21:16:04.051864][I][queryEx] E6640A => 1
[2020/07/27 21:16:04.061410][I][get_Power] Get Tx power
[2020/07/27 21:16:04.061410][I][queryEx] E6640A <= :CALC:DDEMod:MARK1:Y?
[2020/07/27 21:16:04.071410][I][queryEx] E6640A => 1.935883665E+00
[2020/07/27 21:16:04.071410][I][chk_Tx_Result] Tx power(add loss: 8.200000) = 10.136000 dBm
[2020/07/27 21:16:04.071410][I][read_DDEMod_Array] Read measurement result
[2020/07/27 21:16:04.081412][I][queryEx] E6640A <= :READ:DDEMod?
[2020/07/27 21:16:04.341468][I][queryEx] E6640A => 1.425876522E+01,4.561435699E+01,1.500000000E+01,3.380059719E+00,1.800537682E+01,1.500000000E+01,9.91E+37,9.91E+37,9.91E+37,4.393006563E-01,-1.027679443E+00,3.670000000E+02,1.160779381E+01,-3.767664719E+01,1.500000000E+01,3.091151563E+04,9.91E+37,9.91E+37,9.91E+37,9.91E+37,9.91E+37,-4.526528931E+01,9.91E+37,9.597095251E-01,3.119809553E-02,3.777847588E-01,9.91E+37,9.91E+37,9.91E+37,9.91E+37,9.91E+37,9.91E+37,9.91E+37,9.91E+37,9.91E+37,9.91E+37,9.91E+37,9.91E+37,9.91E+37,9.91E+37,9.91E+37,9.91E+37,9.91E+37,9.91E+37,9.91E+37,9.91E+37,9.91E+37,9.91E+37,9.91E+37,9.91E+37,9.91E+37,9.91E+37,9.91E+37,9.91E+37,9.91E+37,9.91E+37,9.91E+37,9.91E+37,9.91E+37,9.91E+37,9.91E+37,4.213935230E-03,-3.462896915E-03
[2020/07/27 21:16:04.351429][I][set_Continue] Set continue
[2020/07/27 21:16:04.351429][I][writeEx] E6640A <= :INIT:CONT ON
[2020/07/27 21:16:15.322055][I][chk_Tx_Result] Check Tx result
[2020/07/27 21:16:15.322055][I][get_Trigger_Status] Get trigger status
[2020/07/27 21:16:15.331408][I][queryEx] E6640A <= *STB?
[2020/07/27 21:16:15.331408][I][queryEx] E6640A => 192
[2020/07/27 21:16:15.331408][I][get_Trigger_Status] Status: 192
[2020/07/27 21:16:15.341446]Is triggered!
[2020/07/27 21:16:15.341446][I][writeEx] E6640A <= *CLS
[2020/07/27 21:16:15.351445][I][set_Continue] Set continue
[2020/07/27 21:16:15.351445][I][writeEx] E6640A <= :INIT:CONT ON
[2020/07/27 21:16:15.461944][I][set_Single] Set single
[2020/07/27 21:16:15.471452][I][writeEx] E6640A <= :INIT:CONT OFF
[2020/07/27 21:16:15.481533][I][set_Zigbee_TX_BandPower] Set marker function
[2020/07/27 21:16:15.481533][I][writeEx] E6640A <= CALC:DDEMod:MARK1:MODE POS
[2020/07/27 21:16:15.491408][I][writeEx] E6640A <= CALC:DDEMod:MARK1:TRAC 2
[2020/07/27 21:16:15.491408][I][writeEx] E6640A <= CALC:DDEMod:MARK1:FUNC BPOW
[2020/07/27 21:16:15.491408][I][writeEx] E6640A <= CALC:DDEMod:MARK1:FUNC:BPOW:CTYP MEAN
[2020/07/27 21:16:15.501443][I][writeEx] E6640A <= CALC:DDEMod:MARK1:FUNC:BAND:CENT 2425000000.000000
[2020/07/27 21:16:15.811944][I][queryEx] E6640A <= *OPC?
[2020/07/27 21:16:15.821447][I][queryEx] E6640A => 1
[2020/07/27 21:16:15.821447][I][queryEx] E6640A <= CALC:DDEMod:MARK1:FUNC:BAND:CENT?
[2020/07/27 21:16:15.831448][I][queryEx] E6640A => 2.425000000E+09
[2020/07/27 21:16:15.831448][I][writeEx] E6640A <= CALC:DDEMod:MARK1:FUNC:BAND:SPAN 10000000.000000
[2020/07/27 21:16:16.151953][I][queryEx] E6640A <= *OPC?
[2020/07/27 21:16:16.151953][I][queryEx] E6640A => 1
[2020/07/27 21:16:16.161407][I][get_Power] Get Tx power
[2020/07/27 21:16:16.161407][I][queryEx] E6640A <= :CALC:DDEMod:MARK1:Y?
[2020/07/27 21:16:16.171408][I][queryEx] E6640A => 4.870616527E-01
[2020/07/27 21:16:16.171408][I][chk_Tx_Result] Tx power(add loss: 8.200000) = 8.687000 dBm
[2020/07/27 21:16:16.181408][I][read_DDEMod_Array] Read measurement result
[2020/07/27 21:16:16.181408][I][queryEx] E6640A <= :READ:DDEMod?
[2020/07/27 21:16:16.441949][I][queryEx] E6640A => 1.439145660E+01,4.212802124E+01,1.300000000E+01,3.463387489E+00,1.499867725E+01,1.300000000E+01,9.91E+37,9.91E+37,9.91E+37,3.725180626E-01,-9.652853012E-01,1.230000000E+02,1.171965790E+01,-3.468046570E+01,1.300000000E+01,3.091687305E+04,9.91E+37,9.91E+37,9.91E+37,9.91E+37,9.91E+37,-4.772248840E+01,9.91E+37,9.589811563E-01,-1.272813510E-02,3.681494296E-01,9.91E+37,9.91E+37,9.91E+37,9.91E+37,9.91E+37,9.91E+37,9.91E+37,9.91E+37,9.91E+37,9.91E+37,9.91E+37,9.91E+37,9.91E+37,9.91E+37,9.91E+37,9.91E+37,9.91E+37,9.91E+37,9.91E+37,9.91E+37,9.91E+37,9.91E+37,9.91E+37,9.91E+37,9.91E+37,9.91E+37,9.91E+37,9.91E+37,9.91E+37,9.91E+37,9.91E+37,9.91E+37,9.91E+37,9.91E+37,9.91E+37,1.911335392E-03,-3.638891503E-03
[2020/07/27 21:16:16.451410][I][set_Continue] Set continue
[2020/07/27 21:16:16.451410][I][writeEx] E6640A <= :INIT:CONT ON
[2020/07/27 21:16:17.971446][I][set_Preset] System reset
[2020/07/27 21:16:17.981425][I][writeEx] E6640A <= *RST
[2020/07/27 21:16:17.981425][I][writeEx] E6640A <= *CLS
[2020/07/27 21:16:17.981425][I][writeEx] E6640A <= SYST:PRES
[2020/07/27 21:16:18.301949][I][queryEx] E6640A <= *OPC?
[2020/07/27 21:16:19.211950][I][queryEx] E6640A => 1
[2020/07/27 21:16:19.221406][I][set_Tx_Start] Set Tx start
[2020/07/27 21:16:19.231444][I][set_RFI_Port] Set input port
[2020/07/27 21:16:19.231444][I][writeEx] E6640A <= :FEED:RF:PORT:INPut RFIO1
[2020/07/27 21:16:19.241408][I][queryEx] E6640A <= :FEED:RF:PORT:INPut?
[2020/07/27 21:16:19.241408][I][queryEx] E6640A => RFIO1
[2020/07/27 21:16:19.241408][I][set_Modulation_Analysis] Set measurement function
[2020/07/27 21:16:19.251441][I][writeEx] E6640A <= INST:SEL VSA
[2020/07/27 21:16:19.561946][I][queryEx] E6640A <= *OPC?
[2020/07/27 21:16:19.561946][I][queryEx] E6640A => 1
[2020/07/27 21:16:19.571424][I][queryEx] E6640A <= INST:SEL?
[2020/07/27 21:16:19.571424][I][queryEx] E6640A => VSA
[2020/07/27 21:16:19.581405][I][writeEx] E6640A <= :CONFigure:DDEMod
[2020/07/27 21:16:19.891943][I][queryEx] E6640A <= *OPC?
[2020/07/27 21:16:20.081952][I][queryEx] E6640A => 1
[2020/07/27 21:16:20.091415][I][init_Zigbee_Mode] Initial Zigbee mode
[2020/07/27 21:16:20.091415][I][writeEx] E6640A <= :DDEM:STAN:PRES ZIGBEE2450
[2020/07/27 21:16:20.401916][I][queryEx] E6640A <= *OPC?
[2020/07/27 21:16:20.411444][I][queryEx] E6640A => 1
[2020/07/27 21:16:20.411444][I][set_Continue] Set continue
[2020/07/27 21:16:20.421442][I][writeEx] E6640A <= :INIT:CONT ON
[2020/07/27 21:16:20.421442][I][set_Freq] Set frequence
[2020/07/27 21:16:20.431438][I][writeEx] E6640A <= :FREQuency:CENTer 2455.0 MHz
[2020/07/27 21:16:20.431438][I][set_XScale_Span] Set frequence span
[2020/07/27 21:16:20.431438][I][writeEx] E6640A <= :FREQuency:SPAN 10000.000000 KHZ
[2020/07/27 21:16:20.441435][I][set_Power_Range] Get power range
[2020/07/27 21:16:20.441435][I][writeEx] E6640A <= :POW:RANG 20.000000
[2020/07/27 21:16:20.451442][I][set_Symbol_Rate] Get symbol rate
[2020/07/27 21:16:20.451442][I][writeEx] E6640A <= :DDEMod:SRATe 1000.000000 kHz
[2020/07/27 21:16:20.451442][I][set_Meas_Interval] Get meas interval
[2020/07/27 21:16:20.461443][I][writeEx] E6640A <= :DDEMod:SWEep:POINts 500
[2020/07/27 21:16:20.461443][I][set_Zigbee_TX_BandPower] Set marker function
[2020/07/27 21:16:20.471441][I][writeEx] E6640A <= CALC:DDEMod:MARK1:MODE POS
[2020/07/27 21:16:20.471441][I][writeEx] E6640A <= CALC:DDEMod:MARK1:TRAC 2
[2020/07/27 21:16:20.471441][I][writeEx] E6640A <= CALC:DDEMod:MARK1:FUNC BPOW
[2020/07/27 21:16:20.481441][I][writeEx] E6640A <= CALC:DDEMod:MARK1:FUNC:BPOW:CTYP MEAN
[2020/07/27 21:16:20.481441][I][writeEx] E6640A <= CALC:DDEMod:MARK1:FUNC:BAND:CENT 2455000000.000000
[2020/07/27 21:16:20.801913][I][queryEx] E6640A <= *OPC?
[2020/07/27 21:16:20.811443][I][queryEx] E6640A => 1
[2020/07/27 21:16:20.811443][I][queryEx] E6640A <= CALC:DDEMod:MARK1:FUNC:BAND:CENT?
[2020/07/27 21:16:20.811443][I][queryEx] E6640A => 2.455000000E+09
[2020/07/27 21:16:20.821409][I][writeEx] E6640A <= CALC:DDEMod:MARK1:FUNC:BAND:SPAN 10000000.000000
[2020/07/27 21:16:21.131949][I][queryEx] E6640A <= *OPC?
[2020/07/27 21:16:21.141406][I][queryEx] E6640A => 1
[2020/07/27 21:16:21.141406][I][set_Trigger_Video] Set trigger video
[2020/07/27 21:16:21.141406][I][writeEx] E6640A <= TRIG:DDEM:SOUR VID
[2020/07/27 21:16:21.461943][I][queryEx] E6640A <= *OPC?
[2020/07/27 21:16:21.471406][I][queryEx] E6640A => 1
[2020/07/27 21:16:21.471406][I][set_Trigger_Level] Set trigger level
[2020/07/27 21:16:21.471406][I][writeEx] E6640A <= :TRIGger:VIDeo:LEVel 30.000000 mV
[2020/07/27 21:16:21.481444][I][set_Trigger_Delay] Set trigger delay
[2020/07/27 21:16:21.481444][I][writeEx] E6640A <= :TRIGger:VIDeo:DELay:STATe ON
[2020/07/27 21:16:21.491445][I][queryEx] E6640A <= :TRIGger:VIDeo:DELay:STATe?
[2020/07/27 21:16:21.551410][I][queryEx] E6640A => 1
[2020/07/27 21:16:21.551410][I][writeEx] E6640A <= :TRIGger:VIDeo:DELay:STATe ON
[2020/07/27 21:16:21.561439][I][writeEx] E6640A <= :TRIGger:VIDeo:DELay 0.300000 ms
[2020/07/27 21:16:21.561439][I][init_Trigger_Reg] Initial trigger status register
[2020/07/27 21:16:21.571445][I][writeEx] E6640A <= *CLS
[2020/07/27 21:16:21.571445][I][writeEx] E6640A <= :STATus:PRESet
[2020/07/27 21:16:21.581444][I][writeEx] E6640A <= *SRE 192
[2020/07/27 21:16:21.581444][I][writeEx] E6640A <= :STATus:OPERation:ENABle 32
[2020/07/27 21:16:21.591443][I][writeEx] E6640A <= *CLS
[2020/07/27 21:16:21.591443][I][queryEx] E6640A <= *STB?
[2020/07/27 21:16:21.632129][I][queryEx] E6640A => 0
[2020/07/27 21:16:21.641413][I][init_Trigger_Reg] Status: 0
[2020/07/27 21:16:31.112056][I][chk_Tx_Result] Check Tx result
[2020/07/27 21:16:31.112056][I][get_Trigger_Status] Get trigger status
[2020/07/27 21:16:31.121404][I][queryEx] E6640A <= *STB?
[2020/07/27 21:16:31.121404][I][queryEx] E6640A => 192
[2020/07/27 21:16:31.131419][I][get_Trigger_Status] Status: 192
[2020/07/27 21:16:31.131419]Is triggered!
[2020/07/27 21:16:31.141443][I][writeEx] E6640A <= *CLS
[2020/07/27 21:16:31.141443][I][set_Continue] Set continue
[2020/07/27 21:16:31.151443][I][writeEx] E6640A <= :INIT:CONT ON
[2020/07/27 21:16:31.261928][I][set_Single] Set single
[2020/07/27 21:16:31.261928][I][writeEx] E6640A <= :INIT:CONT OFF
[2020/07/27 21:16:31.271440][I][set_Zigbee_TX_BandPower] Set marker function
[2020/07/27 21:16:31.271440][I][writeEx] E6640A <= CALC:DDEMod:MARK1:MODE POS
[2020/07/27 21:16:31.281404][I][writeEx] E6640A <= CALC:DDEMod:MARK1:TRAC 2
[2020/07/27 21:16:31.281404][I][writeEx] E6640A <= CALC:DDEMod:MARK1:FUNC BPOW
[2020/07/27 21:16:31.291452][I][writeEx] E6640A <= CALC:DDEMod:MARK1:FUNC:BPOW:CTYP MEAN
[2020/07/27 21:16:31.291452][I][writeEx] E6640A <= CALC:DDEMod:MARK1:FUNC:BAND:CENT 2455000000.000000
[2020/07/27 21:16:31.601944][I][queryEx] E6640A <= *OPC?
[2020/07/27 21:16:31.611441][I][queryEx] E6640A => 1
[2020/07/27 21:16:31.611441][I][queryEx] E6640A <= CALC:DDEMod:MARK1:FUNC:BAND:CENT?
[2020/07/27 21:16:31.621404][I][queryEx] E6640A => 2.455000000E+09
[2020/07/27 21:16:31.621404][I][writeEx] E6640A <= CALC:DDEMod:MARK1:FUNC:BAND:SPAN 10000000.000000
[2020/07/27 21:16:31.942089][I][queryEx] E6640A <= *OPC?
[2020/07/27 21:16:31.942089][I][queryEx] E6640A => 1
[2020/07/27 21:16:31.951403][I][get_Power] Get Tx power
[2020/07/27 21:16:31.951403][I][queryEx] E6640A <= :CALC:DDEMod:MARK1:Y?
[2020/07/27 21:16:31.961403][I][queryEx] E6640A => 1.685290869E+00
[2020/07/27 21:16:31.961403][I][chk_Tx_Result] Tx power(add loss: 8.900000) = 10.585000 dBm
[2020/07/27 21:16:31.971404][I][read_DDEMod_Array] Read measurement result
[2020/07/27 21:16:31.971404][I][queryEx] E6640A <= :READ:DDEMod?
[2020/07/27 21:16:32.231947][I][queryEx] E6640A => 1.377258110E+01,4.302381134E+01,3.980000000E+02,3.270946741E+00,1.678497124E+01,3.980000000E+02,9.91E+37,9.91E+37,9.91E+37,4.765325785E-01,-3.721529245E+00,7.500000000E+01,1.120944786E+01,-3.545820236E+01,3.980000000E+02,3.131625000E+04,9.91E+37,9.91E+37,9.91E+37,9.91E+37,9.91E+37,-4.605901337E+01,9.91E+37,9.624064565E-01,6.507265568E-02,3.290405273E-01,9.91E+37,9.91E+37,9.91E+37,9.91E+37,9.91E+37,9.91E+37,9.91E+37,9.91E+37,9.91E+37,9.91E+37,9.91E+37,9.91E+37,9.91E+37,9.91E+37,9.91E+37,9.91E+37,9.91E+37,9.91E+37,9.91E+37,9.91E+37,9.91E+37,9.91E+37,9.91E+37,9.91E+37,9.91E+37,9.91E+37,9.91E+37,9.91E+37,9.91E+37,9.91E+37,9.91E+37,9.91E+37,9.91E+37,9.91E+37,9.91E+37,4.788513761E-03,-1.360139111E-03
[2020/07/27 21:16:32.241403][I][set_Continue] Set continue
[2020/07/27 21:16:32.241403][I][writeEx] E6640A <= :INIT:CONT ON
[2020/07/27 21:16:43.251945][I][chk_Tx_Result] Check Tx result
[2020/07/27 21:16:43.251945][I][get_Trigger_Status] Get trigger status
[2020/07/27 21:16:43.261438][I][queryEx] E6640A <= *STB?
[2020/07/27 21:16:43.261438][I][queryEx] E6640A => 192
[2020/07/27 21:16:43.271398][I][get_Trigger_Status] Status: 192
[2020/07/27 21:16:43.271398]Is triggered!
[2020/07/27 21:16:43.281401][I][writeEx] E6640A <= *CLS
[2020/07/27 21:16:43.281401][I][set_Continue] Set continue
[2020/07/27 21:16:43.291402][I][writeEx] E6640A <= :INIT:CONT ON
[2020/07/27 21:16:43.401960][I][set_Single] Set single
[2020/07/27 21:16:43.411401][I][writeEx] E6640A <= :INIT:CONT OFF
[2020/07/27 21:16:43.421400][I][set_Zigbee_TX_BandPower] Set marker function
[2020/07/27 21:16:43.421400][I][writeEx] E6640A <= CALC:DDEMod:MARK1:MODE POS
[2020/07/27 21:16:43.431452][I][writeEx] E6640A <= CALC:DDEMod:MARK1:TRAC 2
[2020/07/27 21:16:43.431452][I][writeEx] E6640A <= CALC:DDEMod:MARK1:FUNC BPOW
[2020/07/27 21:16:43.441415][I][writeEx] E6640A <= CALC:DDEMod:MARK1:FUNC:BPOW:CTYP MEAN
[2020/07/27 21:16:43.441415][I][writeEx] E6640A <= CALC:DDEMod:MARK1:FUNC:BAND:CENT 2455000000.000000
[2020/07/27 21:16:43.751938][I][queryEx] E6640A <= *OPC?
[2020/07/27 21:16:43.761405][I][queryEx] E6640A => 1
[2020/07/27 21:16:43.761405][I][queryEx] E6640A <= CALC:DDEMod:MARK1:FUNC:BAND:CENT?
[2020/07/27 21:16:43.771400][I][queryEx] E6640A => 2.455000000E+09
[2020/07/27 21:16:43.771400][I][writeEx] E6640A <= CALC:DDEMod:MARK1:FUNC:BAND:SPAN 10000000.000000
[2020/07/27 21:16:44.081952][I][queryEx] E6640A <= *OPC?
[2020/07/27 21:16:44.081952][I][queryEx] E6640A => 1
[2020/07/27 21:16:44.091399][I][get_Power] Get Tx power
[2020/07/27 21:16:44.091399][I][queryEx] E6640A <= :CALC:DDEMod:MARK1:Y?
[2020/07/27 21:16:44.101437][I][queryEx] E6640A => -1.529936069E-01
[2020/07/27 21:16:44.101437][I][chk_Tx_Result] Tx power(add loss: 8.900000) = 8.747000 dBm
[2020/07/27 21:16:44.111437][I][read_DDEMod_Array] Read measurement result
[2020/07/27 21:16:44.111437][I][queryEx] E6640A <= :READ:DDEMod?
[2020/07/27 21:16:44.371409][I][queryEx] E6640A => 1.379152203E+01,4.575959396E+01,1.200000000E+01,3.337069511E+00,1.921790886E+01,1.200000000E+01,9.91E+37,9.91E+37,9.91E+37,3.279291093E-01,-8.265018463E-01,3.010000000E+02,1.123086739E+01,-3.777775574E+01,1.200000000E+01,3.129774023E+04,9.91E+37,9.91E+37,9.91E+37,9.91E+37,9.91E+37,-4.902362823E+01,9.91E+37,9.622868896E-01,3.080598079E-02,3.303854764E-01,9.91E+37,9.91E+37,9.91E+37,9.91E+37,9.91E+37,9.91E+37,9.91E+37,9.91E+37,9.91E+37,9.91E+37,9.91E+37,9.91E+37,9.91E+37,9.91E+37,9.91E+37,9.91E+37,9.91E+37,9.91E+37,9.91E+37,9.91E+37,9.91E+37,9.91E+37,9.91E+37,9.91E+37,9.91E+37,9.91E+37,9.91E+37,9.91E+37,9.91E+37,9.91E+37,9.91E+37,9.91E+37,9.91E+37,9.91E+37,9.91E+37,-2.893216442E-03,2.037215978E-03
[2020/07/27 21:16:44.371409][I][set_Continue] Set continue
[2020/07/27 21:16:44.381435][I][writeEx] E6640A <= :INIT:CONT ON
[2020/07/27 21:16:45.891435][I][set_Preset] System reset
[2020/07/27 21:16:45.901436][I][writeEx] E6640A <= *RST
[2020/07/27 21:16:45.901436][I][writeEx] E6640A <= *CLS
[2020/07/27 21:16:45.911435][I][writeEx] E6640A <= SYST:PRES
[2020/07/27 21:16:46.221946][I][queryEx] E6640A <= *OPC?
[2020/07/27 21:16:47.171934][I][queryEx] E6640A => 1
[2020/07/27 21:16:47.191433][I][set_Tx_Start] Set Tx start
[2020/07/27 21:16:47.201413][I][set_RFI_Port] Set input port
[2020/07/27 21:16:47.201413][I][writeEx] E6640A <= :FEED:RF:PORT:INPut RFIO1
[2020/07/27 21:16:47.201413][I][queryEx] E6640A <= :FEED:RF:PORT:INPut?
[2020/07/27 21:16:47.211436][I][queryEx] E6640A => RFIO1
[2020/07/27 21:16:47.211436][I][set_Modulation_Analysis] Set measurement function
[2020/07/27 21:16:47.221432][I][writeEx] E6640A <= INST:SEL VSA
[2020/07/27 21:16:47.531939][I][queryEx] E6640A <= *OPC?
[2020/07/27 21:16:47.541398][I][queryEx] E6640A => 1
[2020/07/27 21:16:47.541398][I][queryEx] E6640A <= INST:SEL?
[2020/07/27 21:16:47.541398][I][queryEx] E6640A => VSA
[2020/07/27 21:16:47.551409][I][writeEx] E6640A <= :CONFigure:DDEMod
[2020/07/27 21:16:47.861943][I][queryEx] E6640A <= *OPC?
[2020/07/27 21:16:48.061934][I][queryEx] E6640A => 1
[2020/07/27 21:16:48.071400][I][init_Zigbee_Mode] Initial Zigbee mode
[2020/07/27 21:16:48.081441][I][writeEx] E6640A <= :DDEM:STAN:PRES ZIGBEE2450
[2020/07/27 21:16:48.401943][I][queryEx] E6640A <= *OPC?
[2020/07/27 21:16:48.411397][I][queryEx] E6640A => 1
[2020/07/27 21:16:48.411397][I][set_Continue] Set continue
[2020/07/27 21:16:48.411397][I][writeEx] E6640A <= :INIT:CONT ON
[2020/07/27 21:16:48.421420][I][set_Freq] Set frequence
[2020/07/27 21:16:48.421420][I][writeEx] E6640A <= :FREQuency:CENTer 2470.0 MHz
[2020/07/27 21:16:48.431435][I][set_XScale_Span] Set frequence span
[2020/07/27 21:16:48.431435][I][writeEx] E6640A <= :FREQuency:SPAN 10000.000000 KHZ
[2020/07/27 21:16:48.441434][I][set_Power_Range] Get power range
[2020/07/27 21:16:48.441434][I][writeEx] E6640A <= :POW:RANG 20.000000
[2020/07/27 21:16:48.451437][I][set_Symbol_Rate] Get symbol rate
[2020/07/27 21:16:48.451437][I][writeEx] E6640A <= :DDEMod:SRATe 1000.000000 kHz
[2020/07/27 21:16:48.461398][I][set_Meas_Interval] Get meas interval
[2020/07/27 21:16:48.461398][I][writeEx] E6640A <= :DDEMod:SWEep:POINts 500
[2020/07/27 21:16:48.471442][I][set_Zigbee_TX_BandPower] Set marker function
[2020/07/27 21:16:48.471442][I][writeEx] E6640A <= CALC:DDEMod:MARK1:MODE POS
[2020/07/27 21:16:48.481399][I][writeEx] E6640A <= CALC:DDEMod:MARK1:TRAC 2
[2020/07/27 21:16:48.481399][I][writeEx] E6640A <= CALC:DDEMod:MARK1:FUNC BPOW
[2020/07/27 21:16:48.491422][I][writeEx] E6640A <= CALC:DDEMod:MARK1:FUNC:BPOW:CTYP MEAN
[2020/07/27 21:16:48.491422][I][writeEx] E6640A <= CALC:DDEMod:MARK1:FUNC:BAND:CENT 2470000000.000000
[2020/07/27 21:16:48.811935][I][queryEx] E6640A <= *OPC?
[2020/07/27 21:16:48.821406][I][queryEx] E6640A => 1
[2020/07/27 21:16:48.821406][I][queryEx] E6640A <= CALC:DDEMod:MARK1:FUNC:BAND:CENT?
[2020/07/27 21:16:48.821406][I][queryEx] E6640A => 2.470000000E+09
[2020/07/27 21:16:48.831399][I][writeEx] E6640A <= CALC:DDEMod:MARK1:FUNC:BAND:SPAN 10000000.000000
[2020/07/27 21:16:49.141936][I][queryEx] E6640A <= *OPC?
[2020/07/27 21:16:49.151426][I][queryEx] E6640A => 1
[2020/07/27 21:16:49.151426][I][set_Trigger_Video] Set trigger video
[2020/07/27 21:16:49.151426][I][writeEx] E6640A <= TRIG:DDEM:SOUR VID
[2020/07/27 21:16:49.472028][I][queryEx] E6640A <= *OPC?
[2020/07/27 21:16:49.481981][I][queryEx] E6640A => 1
[2020/07/27 21:16:49.491399][I][set_Trigger_Level] Set trigger level
[2020/07/27 21:16:49.491399][I][writeEx] E6640A <= :TRIGger:VIDeo:LEVel 30.000000 mV
[2020/07/27 21:16:49.501435][I][set_Trigger_Delay] Set trigger delay
[2020/07/27 21:16:49.501435][I][writeEx] E6640A <= :TRIGger:VIDeo:DELay:STATe ON
[2020/07/27 21:16:49.511433][I][queryEx] E6640A <= :TRIGger:VIDeo:DELay:STATe?
[2020/07/27 21:16:49.571713][I][queryEx] E6640A => 1
[2020/07/27 21:16:49.571713][I][writeEx] E6640A <= :TRIGger:VIDeo:DELay:STATe ON
[2020/07/27 21:16:49.581431][I][writeEx] E6640A <= :TRIGger:VIDeo:DELay 0.300000 ms
[2020/07/27 21:16:49.581431][I][init_Trigger_Reg] Initial trigger status register
[2020/07/27 21:16:49.591456][I][writeEx] E6640A <= *CLS
[2020/07/27 21:16:49.591456][I][writeEx] E6640A <= :STATus:PRESet
[2020/07/27 21:16:49.601398][I][writeEx] E6640A <= *SRE 192
[2020/07/27 21:16:49.601398][I][writeEx] E6640A <= :STATus:OPERation:ENABle 32
[2020/07/27 21:16:49.611398][I][writeEx] E6640A <= *CLS
[2020/07/27 21:16:49.611398][I][queryEx] E6640A <= *STB?
[2020/07/27 21:16:49.652108][I][queryEx] E6640A => 0
[2020/07/27 21:16:49.652108][I][init_Trigger_Reg] Status: 0
[2020/07/27 21:16:59.162031][I][chk_Tx_Result] Check Tx result
[2020/07/27 21:16:59.162031][I][get_Trigger_Status] Get trigger status
[2020/07/27 21:16:59.171432][I][queryEx] E6640A <= *STB?
[2020/07/27 21:16:59.171432][I][queryEx] E6640A => 192
[2020/07/27 21:16:59.181394][I][get_Trigger_Status] Status: 192
[2020/07/27 21:16:59.181394]Is triggered!
[2020/07/27 21:16:59.191432][I][writeEx] E6640A <= *CLS
[2020/07/27 21:16:59.191432][I][set_Continue] Set continue
[2020/07/27 21:16:59.201431][I][writeEx] E6640A <= :INIT:CONT ON
[2020/07/27 21:16:59.311945][I][set_Single] Set single
[2020/07/27 21:16:59.321397][I][writeEx] E6640A <= :INIT:CONT OFF
[2020/07/27 21:16:59.331425][I][set_Zigbee_TX_BandPower] Set marker function
[2020/07/27 21:16:59.331425][I][writeEx] E6640A <= CALC:DDEMod:MARK1:MODE POS
[2020/07/27 21:16:59.341396][I][writeEx] E6640A <= CALC:DDEMod:MARK1:TRAC 2
[2020/07/27 21:16:59.341396][I][writeEx] E6640A <= CALC:DDEMod:MARK1:FUNC BPOW
[2020/07/27 21:16:59.351396][I][writeEx] E6640A <= CALC:DDEMod:MARK1:FUNC:BPOW:CTYP MEAN
[2020/07/27 21:16:59.351396][I][writeEx] E6640A <= CALC:DDEMod:MARK1:FUNC:BAND:CENT 2470000000.000000
[2020/07/27 21:16:59.662077][I][queryEx] E6640A <= *OPC?
[2020/07/27 21:16:59.662077][I][queryEx] E6640A => 1
[2020/07/27 21:16:59.671394][I][queryEx] E6640A <= CALC:DDEMod:MARK1:FUNC:BAND:CENT?
[2020/07/27 21:16:59.671394][I][queryEx] E6640A => 2.470000000E+09
[2020/07/27 21:16:59.681395][I][writeEx] E6640A <= CALC:DDEMod:MARK1:FUNC:BAND:SPAN 10000000.000000
[2020/07/27 21:16:59.991906][I][queryEx] E6640A <= *OPC?
[2020/07/27 21:17:00.001402][I][queryEx] E6640A => 1
[2020/07/27 21:17:00.001402][I][get_Power] Get Tx power
[2020/07/27 21:17:00.001402][I][queryEx] E6640A <= :CALC:DDEMod:MARK1:Y?
[2020/07/27 21:17:00.011433][I][queryEx] E6640A => 1.985337114E+00
[2020/07/27 21:17:00.021396][I][chk_Tx_Result] Tx power(add loss: 8.800000) = 10.785000 dBm
[2020/07/27 21:17:00.021396][I][read_DDEMod_Array] Read measurement result
[2020/07/27 21:17:00.021396][I][queryEx] E6640A <= :READ:DDEMod?
[2020/07/27 21:17:00.281756][I][queryEx] E6640A => 1.406946754E+01,3.999199677E+01,2.230000000E+02,3.229575157E+00,1.349851036E+01,2.230000000E+02,9.91E+37,9.91E+37,9.91E+37,2.931640148E-01,-8.207857609E-01,3.780000000E+02,1.145079708E+01,3.281084061E+01,2.230000000E+02,3.147118750E+04,9.91E+37,9.91E+37,9.91E+37,9.91E+37,9.91E+37,-4.976831436E+01,9.91E+37,9.607923031E-01,5.245457590E-02,3.772503436E-01,9.91E+37,9.91E+37,9.91E+37,9.91E+37,9.91E+37,9.91E+37,9.91E+37,9.91E+37,9.91E+37,9.91E+37,9.91E+37,9.91E+37,9.91E+37,9.91E+37,9.91E+37,9.91E+37,9.91E+37,9.91E+37,9.91E+37,9.91E+37,9.91E+37,9.91E+37,9.91E+37,9.91E+37,9.91E+37,9.91E+37,9.91E+37,9.91E+37,9.91E+37,9.91E+37,9.91E+37,9.91E+37,9.91E+37,9.91E+37,9.91E+37,2.101494698E-03,-2.476223512E-03
[2020/07/27 21:17:00.291431][I][set_Continue] Set continue
[2020/07/27 21:17:00.291431][I][writeEx] E6640A <= :INIT:CONT ON
[2020/07/27 21:17:11.271939][I][chk_Tx_Result] Check Tx result
[2020/07/27 21:17:11.281394][I][get_Trigger_Status] Get trigger status
[2020/07/27 21:17:11.281394][I][queryEx] E6640A <= *STB?
[2020/07/27 21:17:11.291393][I][queryEx] E6640A => 192
[2020/07/27 21:17:11.291393][I][get_Trigger_Status] Status: 192
[2020/07/27 21:17:11.301393]Is triggered!
[2020/07/27 21:17:11.301393][I][writeEx] E6640A <= *CLS
[2020/07/27 21:17:11.301393][I][set_Continue] Set continue
[2020/07/27 21:17:11.311407][I][writeEx] E6640A <= :INIT:CONT ON
[2020/07/27 21:17:11.421924][I][set_Single] Set single
[2020/07/27 21:17:11.431393][I][writeEx] E6640A <= :INIT:CONT OFF
[2020/07/27 21:17:11.441436][I][set_Zigbee_TX_BandPower] Set marker function
[2020/07/27 21:17:11.451397][I][writeEx] E6640A <= CALC:DDEMod:MARK1:MODE POS
[2020/07/27 21:17:11.451397][I][writeEx] E6640A <= CALC:DDEMod:MARK1:TRAC 2
[2020/07/27 21:17:11.461431][I][writeEx] E6640A <= CALC:DDEMod:MARK1:FUNC BPOW
[2020/07/27 21:17:11.471393][I][writeEx] E6640A <= CALC:DDEMod:MARK1:FUNC:BPOW:CTYP MEAN
[2020/07/27 21:17:11.471393][I][writeEx] E6640A <= CALC:DDEMod:MARK1:FUNC:BAND:CENT 2470000000.000000
[2020/07/27 21:17:11.781934][I][queryEx] E6640A <= *OPC?
[2020/07/27 21:17:11.791391][I][queryEx] E6640A => 1
[2020/07/27 21:17:11.791391][I][queryEx] E6640A <= CALC:DDEMod:MARK1:FUNC:BAND:CENT?
[2020/07/27 21:17:11.801393][I][queryEx] E6640A => 2.470000000E+09
[2020/07/27 21:17:11.801393][I][writeEx] E6640A <= CALC:DDEMod:MARK1:FUNC:BAND:SPAN 10000000.000000
[2020/07/27 21:17:12.111936][I][queryEx] E6640A <= *OPC?
[2020/07/27 21:17:12.121390][I][queryEx] E6640A => 1
[2020/07/27 21:17:12.121390][I][get_Power] Get Tx power
[2020/07/27 21:17:12.121390][I][queryEx] E6640A <= :CALC:DDEMod:MARK1:Y?
[2020/07/27 21:17:12.131427][I][queryEx] E6640A => -1.434212905E-03
[2020/07/27 21:17:12.131427][I][chk_Tx_Result] Tx power(add loss: 8.800000) = 8.799000 dBm
[2020/07/27 21:17:12.141430][I][read_DDEMod_Array] Read measurement result
[2020/07/27 21:17:12.141430][I][queryEx] E6640A <= :READ:DDEMod?
[2020/07/27 21:17:12.402030][I][queryEx] E6640A => 1.394792938E+01,4.046108627E+01,2.000000000E+02,3.119603634E+00,1.489222622E+01,2.000000000E+02,9.91E+37,9.91E+37,9.91E+37,1.936440468E-01,6.044685841E-01,5.200000000E+01,1.135012245E+01,3.317695236E+01,2.000000000E+02,3.143883984E+04,9.91E+37,9.91E+37,9.91E+37,9.91E+37,9.91E+37,-6.202240753E+01,9.91E+37,9.614597559E-01,1.764177904E-02,3.236525953E-01,9.91E+37,9.91E+37,9.91E+37,9.91E+37,9.91E+37,9.91E+37,9.91E+37,9.91E+37,9.91E+37,9.91E+37,9.91E+37,9.91E+37,9.91E+37,9.91E+37,9.91E+37,9.91E+37,9.91E+37,9.91E+37,9.91E+37,9.91E+37,9.91E+37,9.91E+37,9.91E+37,9.91E+37,9.91E+37,9.91E+37,9.91E+37,9.91E+37,9.91E+37,9.91E+37,9.91E+37,9.91E+37,9.91E+37,9.91E+37,9.91E+37,-5.635871203E-04,5.568480119E-04
[2020/07/27 21:17:12.402030][I][set_Continue] Set continue
[2020/07/27 21:17:12.411441][I][writeEx] E6640A <= :INIT:CONT ON
[2020/07/27 21:17:13.921428][I][set_Preset] System reset
[2020/07/27 21:17:13.931391][I][writeEx] E6640A <= *RST
[2020/07/27 21:17:13.931391][I][writeEx] E6640A <= *CLS
[2020/07/27 21:17:13.931391][I][writeEx] E6640A <= SYST:PRES
[2020/07/27 21:17:14.251928][I][queryEx] E6640A <= *OPC?
[2020/07/27 21:17:15.201927][I][queryEx] E6640A => 1
[2020/07/27 21:17:15.221402][I][set_Rx_OneTone] Set Rx one tone
[2020/07/27 21:17:15.231461][I][set_RFO_Port] Set output port
[2020/07/27 21:17:15.231461][I][writeEx] E6640A <= :FEED:RF:PORT:OUTPut RFIO1
[2020/07/27 21:17:15.241429][I][queryEx] E6640A <= :FEED:RF:PORT:OUTPut?
[2020/07/27 21:17:15.241429][I][queryEx] E6640A => RFIO1
[2020/07/27 21:17:15.251390][I][set_OneTone_Freq] Set One Tone frequence
[2020/07/27 21:17:15.251390][I][writeEx] E6640A <= :SOUR:FREQ 2445.0 MHz
[2020/07/27 21:17:15.261428][I][set_OneTone_Power] Set One Tone power
[2020/07/27 21:17:15.261428][I][writeEx] E6640A <= :SOURce:POWer -16.1
[2020/07/27 21:17:25.141401][I][set_OneTone_Start] Set One Tone start
[2020/07/27 21:17:25.151389][I][writeEx] E6640A <= OUTP ON
[2020/07/27 21:17:30.571385][I][set_OneTone_Stop] Set One Tone stop
[2020/07/27 21:17:30.581386][I][writeEx] E6640A <= OUTP OFF
[2020/07/27 21:17:30.591387][I][set_Rx_OneTone] Set Rx one tone
[2020/07/27 21:17:30.591387][I][set_RFO_Port] Set output port
[2020/07/27 21:17:30.601422][I][writeEx] E6640A <= :FEED:RF:PORT:OUTPut RFIO1
[2020/07/27 21:17:30.601422][I][queryEx] E6640A <= :FEED:RF:PORT:OUTPut?
[2020/07/27 21:17:30.611411][I][queryEx] E6640A => RFIO1
[2020/07/27 21:17:30.611411][I][set_OneTone_Freq] Set One Tone frequence
[2020/07/27 21:17:30.621386][I][writeEx] E6640A <= :SOUR:FREQ 2445.0 MHz
[2020/07/27 21:17:30.621386][I][set_OneTone_Power] Set One Tone power
[2020/07/27 21:17:30.631387][I][writeEx] E6640A <= :SOURce:POWer -16.1
[2020/07/27 21:17:39.621386][I][set_OneTone_Start] Set One Tone start
[2020/07/27 21:17:39.631424][I][writeEx] E6640A <= OUTP ON
[2020/07/27 21:17:44.791382][I][set_OneTone_Stop] Set One Tone stop
[2020/07/27 21:17:44.801420][I][writeEx] E6640A <= OUTP OFF
[2020/07/27 21:19:35.439895][I][disconnect_E6640A] Disconnect E6640A
[2020/07/27 21:19:35.450800]========== End ==========
