[2020/07/29 05:22:28.768487]========== Start ==========
[2020/07/29 05:22:28.769489][I][class_E6640A_LTE] Initial class_E6640A_LTE
[2020/07/29 05:22:28.771494][I][class_E6640A_LTE] Version: 3.0.0.3
[2020/07/29 05:22:28.775504][I][connect_E6640A] Connect to E6640A
[2020/07/29 05:22:28.785532][I][connect_E6640A] Resource Manager of Visa Library at C:\Windows\system32\visa32.dll
[2020/07/29 05:22:28.835667][I][queryEx] E6640A <= *IDN?
[2020/07/29 05:22:28.839676][I][queryEx] E6640A => Keysight Technologies,E6640A,MY57150246,E.19.71
[2020/07/29 05:22:28.840679][I][set_Preset] System reset
[2020/07/29 05:22:28.842686][I][writeEx] E6640A <= *RST
[2020/07/29 05:22:28.844689][I][writeEx] E6640A <= *CLS
[2020/07/29 05:22:28.846695][I][writeEx] E6640A <= SYST:PRES
[2020/07/29 05:22:29.149499][I][queryEx] E6640A <= *OPC?
[2020/07/29 05:22:29.856924][I][queryEx] E6640A => 1
[2020/07/29 05:22:29.862939][I][set_Preset] System reset
[2020/07/29 05:22:29.863942][I][writeEx] E6640A <= *RST
[2020/07/29 05:22:29.865948][I][writeEx] E6640A <= *CLS
[2020/07/29 05:22:29.867957][I][writeEx] E6640A <= SYST:PRES
[2020/07/29 05:22:30.171761][I][queryEx] E6640A <= *OPC?
[2020/07/29 05:22:30.878737][I][queryEx] E6640A => 1
[2020/07/29 05:22:31.130405][I][set_Preset] System reset
[2020/07/29 05:22:31.132413][I][writeEx] E6640A <= *RST
[2020/07/29 05:22:31.134416][I][writeEx] E6640A <= *CLS
[2020/07/29 05:22:31.136421][I][writeEx] E6640A <= SYST:PRES
[2020/07/29 05:22:31.439227][I][queryEx] E6640A <= *OPC?
[2020/07/29 05:22:32.162149][I][queryEx] E6640A => 1
[2020/07/29 05:22:32.172175][I][set_Tx_Start] Set Tx start
[2020/07/29 05:22:32.174180][I][set_RFI_Port] Set input port
[2020/07/29 05:22:32.176186][I][writeEx] E6640A <= :FEED:RF:PORT:INPut RFIO1
[2020/07/29 05:22:32.179195][I][queryEx] E6640A <= :FEED:RF:PORT:INPut?
[2020/07/29 05:22:32.183205][I][queryEx] E6640A => RFIO1
[2020/07/29 05:22:32.185210][I][set_Modulation_Analysis] Set measurement function
[2020/07/29 05:22:32.189224][I][writeEx] E6640A <= INST:SEL LTEAFDD
[2020/07/29 05:22:32.493029][I][queryEx] E6640A <= *OPC?
[2020/07/29 05:22:32.514085][I][queryEx] E6640A => 1
[2020/07/29 05:22:32.517094][I][queryEx] E6640A <= INST:SEL?
[2020/07/29 05:22:32.521103][I][queryEx] E6640A => LTEAFDD
[2020/07/29 05:22:32.524111][I][writeEx] E6640A <= DISP:CHP:VIEW:WIND:TRAC:Y:COUP OFF
[2020/07/29 05:22:32.526117][I][set_Freq] Set frequence
[2020/07/29 05:22:32.529125][I][writeEx] E6640A <= :FREQuency:CENTer 897.4 MHz
[2020/07/29 05:22:32.531130][I][set_Continue] Set continue
[2020/07/29 05:22:32.533135][I][writeEx] E6640A <= :INIT:CONT ON
[2020/07/29 05:22:32.536144][I][set_Trigger_Free_Run] Set trigger free run
[2020/07/29 05:22:32.538148][I][writeEx] E6640A <= TRIG:CHP:SOUR IMM
[2020/07/29 05:22:32.841956][I][queryEx] E6640A <= *OPC?
[2020/07/29 05:22:32.846969][I][queryEx] E6640A => 1
[2020/07/29 05:22:37.382910][I][chk_Tx_Result] Check Tx result
[2020/07/29 05:22:37.392960][I][set_Limit_Range] Set reference value
[2020/07/29 05:22:37.399966][I][writeEx] E6640A <= DISP:CHP:VIEW:WIND:TRAC:Y:RLEV 30.0 dBm
[2020/07/29 05:22:37.704553][I][queryEx] E6640A <= *OPC?
[2020/07/29 05:22:37.710554][I][queryEx] E6640A => 1
[2020/07/29 05:22:37.713567][I][set_Limit_Range] Set power range
[2020/07/29 05:22:37.717578][I][writeEx] E6640A <= :POW:RANG 30.0 dBm
[2020/07/29 05:22:38.022388][I][queryEx] E6640A <= *OPC?
[2020/07/29 05:22:38.031020][I][queryEx] E6640A => 1
[2020/07/29 05:22:38.035030][I][set_Trigger_Video] Set trigger video
[2020/07/29 05:22:38.037037][I][writeEx] E6640A <= TRIG:CHP:SOUR IF
[2020/07/29 05:22:38.341602][I][queryEx] E6640A <= *OPC?
[2020/07/29 05:22:38.351619][I][queryEx] E6640A => 1
[2020/07/29 05:22:38.456160][I][set_Trigger_Free_Run] Set trigger free run
[2020/07/29 05:22:38.467191][I][writeEx] E6640A <= TRIG:CHP:SOUR IMM
[2020/07/29 05:22:38.775509][I][queryEx] E6640A <= *OPC?
[2020/07/29 05:22:38.790441][I][queryEx] E6640A => 1
[2020/07/29 05:22:38.800520][I][get_Power] Get Tx power
[2020/07/29 05:22:38.805586][I][queryEx] E6640A <= :FETCh:CHPower:CHPower?
[2020/07/29 05:22:38.812833][I][queryEx] E6640A => 1.452124691E+01
[2020/07/29 05:22:38.816854][I][chk_Tx_Result] Tx power(add loss: 8.500000) = 23.021000 dBm
[2020/07/29 05:22:38.820621][I][set_Continue] Set continue
[2020/07/29 05:22:38.823635][I][writeEx] E6640A <= :INIT:CONT ON
[2020/07/29 05:22:40.784177][I][set_Preset] System reset
[2020/07/29 05:22:40.786184][I][writeEx] E6640A <= *RST
[2020/07/29 05:22:40.790106][I][writeEx] E6640A <= *CLS
[2020/07/29 05:22:40.793103][I][writeEx] E6640A <= SYST:PRES
[2020/07/29 05:22:41.098242][I][queryEx] E6640A <= *OPC?
[2020/07/29 05:22:41.679329][I][queryEx] E6640A => 1
[2020/07/29 05:22:41.691369][I][set_Tx_Start] Set Tx start
[2020/07/29 05:22:41.695402][I][set_RFI_Port] Set input port
[2020/07/29 05:22:41.698295][I][writeEx] E6640A <= :FEED:RF:PORT:INPut RFIO1
[2020/07/29 05:22:41.703347][I][queryEx] E6640A <= :FEED:RF:PORT:INPut?
[2020/07/29 05:22:41.710629][I][queryEx] E6640A => RFIO1
[2020/07/29 05:22:41.713638][I][set_Modulation_Analysis] Set measurement function
[2020/07/29 05:22:41.716648][I][writeEx] E6640A <= INST:SEL LTEAFDD
[2020/07/29 05:22:42.022473][I][queryEx] E6640A <= *OPC?
[2020/07/29 05:22:42.032317][I][queryEx] E6640A => 1
[2020/07/29 05:22:42.035326][I][queryEx] E6640A <= INST:SEL?
[2020/07/29 05:22:42.042346][I][queryEx] E6640A => LTEAFDD
[2020/07/29 05:22:42.046101][I][writeEx] E6640A <= DISP:CHP:VIEW:WIND:TRAC:Y:COUP OFF
[2020/07/29 05:22:42.049633][I][set_Freq] Set frequence
[2020/07/29 05:22:42.053549][I][writeEx] E6640A <= :FREQuency:CENTer 1950.0 MHz
[2020/07/29 05:22:42.056559][I][set_Continue] Set continue
[2020/07/29 05:22:42.060699][I][writeEx] E6640A <= :INIT:CONT ON
[2020/07/29 05:22:42.063731][I][set_Trigger_Free_Run] Set trigger free run
[2020/07/29 05:22:42.067741][I][writeEx] E6640A <= TRIG:CHP:SOUR IMM
[2020/07/29 05:22:42.372832][I][queryEx] E6640A <= *OPC?
[2020/07/29 05:22:42.382567][I][queryEx] E6640A => 1
[2020/07/29 05:22:47.166644][I][chk_Tx_Result] Check Tx result
[2020/07/29 05:22:47.173668][I][set_Limit_Range] Set reference value
[2020/07/29 05:22:47.176660][I][writeEx] E6640A <= DISP:CHP:VIEW:WIND:TRAC:Y:RLEV 30.0 dBm
[2020/07/29 05:22:47.481814][I][queryEx] E6640A <= *OPC?
[2020/07/29 05:22:47.490459][I][queryEx] E6640A => 1
[2020/07/29 05:22:47.494472][I][set_Limit_Range] Set power range
[2020/07/29 05:22:47.497479][I][writeEx] E6640A <= :POW:RANG 30.0 dBm
[2020/07/29 05:22:47.802897][I][queryEx] E6640A <= *OPC?
[2020/07/29 05:22:47.814524][I][queryEx] E6640A => 1
[2020/07/29 05:22:47.817534][I][set_Trigger_Video] Set trigger video
[2020/07/29 05:22:47.821716][I][writeEx] E6640A <= TRIG:CHP:SOUR IF
[2020/07/29 05:22:48.126473][I][queryEx] E6640A <= *OPC?
[2020/07/29 05:22:48.136208][I][queryEx] E6640A => 1
[2020/07/29 05:22:48.241832][I][set_Trigger_Free_Run] Set trigger free run
[2020/07/29 05:22:48.255517][I][writeEx] E6640A <= TRIG:CHP:SOUR IMM
[2020/07/29 05:22:48.564170][I][queryEx] E6640A <= *OPC?
[2020/07/29 05:22:48.573089][I][queryEx] E6640A => 1
[2020/07/29 05:22:48.577141][I][get_Power] Get Tx power
[2020/07/29 05:22:48.580112][I][queryEx] E6640A <= :FETCh:CHPower:CHPower?
[2020/07/29 05:22:48.587197][I][queryEx] E6640A => 1.162224579E+01
[2020/07/29 05:22:48.591652][I][chk_Tx_Result] Tx power(add loss: 9.200000) = 20.822000 dBm
[2020/07/29 05:22:48.594663][I][set_Continue] Set continue
[2020/07/29 05:22:48.597708][I][writeEx] E6640A <= :INIT:CONT ON
[2020/07/29 05:22:50.556551][I][set_Preset] System reset
[2020/07/29 05:22:50.559557][I][writeEx] E6640A <= *RST
[2020/07/29 05:22:50.563852][I][writeEx] E6640A <= *CLS
[2020/07/29 05:22:50.566863][I][writeEx] E6640A <= SYST:PRES
[2020/07/29 05:22:50.871987][I][queryEx] E6640A <= *OPC?
[2020/07/29 05:22:51.400413][I][queryEx] E6640A => 1
[2020/07/29 05:22:51.425845][I][set_Tx_Start] Set Tx start
[2020/07/29 05:22:51.428854][I][set_RFI_Port] Set input port
[2020/07/29 05:22:51.433105][I][writeEx] E6640A <= :FEED:RF:PORT:INPut RFIO1
[2020/07/29 05:22:51.436115][I][queryEx] E6640A <= :FEED:RF:PORT:INPut?
[2020/07/29 05:22:51.442172][I][queryEx] E6640A => RFIO1
[2020/07/29 05:22:51.445181][I][set_Modulation_Analysis] Set measurement function
[2020/07/29 05:22:51.449148][I][writeEx] E6640A <= INST:SEL LTEAFDD
[2020/07/29 05:22:51.753051][I][queryEx] E6640A <= *OPC?
[2020/07/29 05:22:51.763091][I][queryEx] E6640A => 1
[2020/07/29 05:22:51.769104][I][queryEx] E6640A <= INST:SEL?
[2020/07/29 05:22:51.776197][I][queryEx] E6640A => LTEAFDD
[2020/07/29 05:22:51.779185][I][writeEx] E6640A <= DISP:CHP:VIEW:WIND:TRAC:Y:COUP OFF
[2020/07/29 05:22:51.783196][I][set_Freq] Set frequence
[2020/07/29 05:22:51.786204][I][writeEx] E6640A <= :FREQuency:CENTer 914.8 MHz
[2020/07/29 05:22:51.790214][I][set_Continue] Set continue
[2020/07/29 05:22:51.793924][I][writeEx] E6640A <= :INIT:CONT ON
[2020/07/29 05:22:51.796935][I][set_Trigger_Free_Run] Set trigger free run
[2020/07/29 05:22:51.800579][I][writeEx] E6640A <= TRIG:CHP:SOUR IMM
[2020/07/29 05:22:52.105333][I][queryEx] E6640A <= *OPC?
[2020/07/29 05:22:52.115363][I][queryEx] E6640A => 1
[2020/07/29 05:22:55.120110][I][chk_Tx_Result] Check Tx result
[2020/07/29 05:22:55.126063][I][set_Limit_Range] Set reference value
[2020/07/29 05:22:55.130115][I][writeEx] E6640A <= DISP:CHP:VIEW:WIND:TRAC:Y:RLEV 30.0 dBm
[2020/07/29 05:22:55.435658][I][queryEx] E6640A <= *OPC?
[2020/07/29 05:22:55.446273][I][queryEx] E6640A => 1
[2020/07/29 05:22:55.451110][I][set_Limit_Range] Set power range
[2020/07/29 05:22:55.454119][I][writeEx] E6640A <= :POW:RANG 30.0 dBm
[2020/07/29 05:22:55.759004][I][queryEx] E6640A <= *OPC?
[2020/07/29 05:22:55.770039][I][queryEx] E6640A => 1
[2020/07/29 05:22:57.778724][I][set_Trigger_Video] Set trigger video
[2020/07/29 05:22:57.789485][I][writeEx] E6640A <= TRIG:CHP:SOUR IF
[2020/07/29 05:22:58.101667][I][queryEx] E6640A <= *OPC?
[2020/07/29 05:22:58.111682][I][queryEx] E6640A => 1
[2020/07/29 05:22:58.115693][I][get_Power] Get Tx power
[2020/07/29 05:22:58.119704][I][queryEx] E6640A <= :FETCh:CHPower:CHPower?
[2020/07/29 05:22:58.743956][I][queryEx] E6640A => 2.318182373E+01
[2020/07/29 05:22:58.748232][I][chk_Tx_Result] Tx power(add loss: 8.500000) = 31.682000 dBm
[2020/07/29 05:22:58.751241][I][set_Continue] Set continue
[2020/07/29 05:22:58.755253][I][writeEx] E6640A <= :INIT:CONT ON
[2020/07/29 05:23:00.491479][I][set_Preset] System reset
[2020/07/29 05:23:00.494489][I][writeEx] E6640A <= *RST
[2020/07/29 05:23:00.498619][I][writeEx] E6640A <= *CLS
[2020/07/29 05:23:00.501630][I][writeEx] E6640A <= SYST:PRES
[2020/07/29 05:23:00.807392][I][queryEx] E6640A <= *OPC?
[2020/07/29 05:23:01.281731][I][queryEx] E6640A => 1
[2020/07/29 05:23:01.301880][I][set_Rx_Waveform] Set Rx waveform
[2020/07/29 05:23:01.306895][I][set_RFO_Port] Set output port
[2020/07/29 05:23:01.312912][I][writeEx] E6640A <= :FEED:RF:PORT:OUTPut RFIO1
[2020/07/29 05:23:01.319259][I][queryEx] E6640A <= :FEED:RF:PORT:OUTPut?
[2020/07/29 05:23:01.339241][I][queryEx] E6640A => RFIO1
[2020/07/29 05:23:01.345324][I][set_OneTone_Freq] Set One Tone frequence
[2020/07/29 05:23:01.351317][I][writeEx] E6640A <= :SOUR:FREQ 959.8 MHz
[2020/07/29 05:23:01.357298][I][set_OneTone_Power] Set One Tone power
[2020/07/29 05:23:01.363314][I][writeEx] E6640A <= :SOURce:POWer -51.5
[2020/07/29 05:23:01.369017][I][loading_Waveform] Load waveform
[2020/07/29 05:23:01.375036][I][queryEx] E6640A <= :SOURce:RADio:ARB:CATalog?
[2020/07/29 05:23:01.383100][I][queryEx] E6640A => 9600,4184704,"CTX10_RFLTE_20160809.wfm"
[2020/07/29 05:23:01.387106][I][writeEx] E6640A <= :SOUR:RAD:ARB:WAV "D:\NVARB\CTX10_RFLTE_20160809.wfm"
[2020/07/29 05:23:01.693099][I][queryEx] E6640A <= *OPC?
[2020/07/29 05:23:01.702288][I][queryEx] E6640A => 1
[2020/07/29 05:23:01.706340][I][set_ARB_ON] Set ARB ON
[2020/07/29 05:23:01.710313][I][writeEx] E6640A <= :SOUR:RAD:ARB ON
[2020/07/29 05:23:01.714375][I][set_Sample_Rate] Set Sample Rate
[2020/07/29 05:23:01.717384][I][writeEx] E6640A <= SOUR:RAD:ARB:SCL:RATE 100.0 kHz
[2020/07/29 05:23:01.721654][I][set_Modulation_ON] Set ARB ON
[2020/07/29 05:23:01.725328][I][writeEx] E6640A <= :OUTP:MOD ON
[2020/07/29 05:23:01.732348][I][set_OneTone_Start] Set One Tone start
[2020/07/29 05:23:01.737665][I][writeEx] E6640A <= OUTP ON
[2020/07/29 05:23:08.124171][I][set_OneTone_Stop] Set One Tone stop
[2020/07/29 05:23:08.133996][I][writeEx] E6640A <= OUTP OFF
[2020/07/29 05:23:25.815531][I][disconnect_E6640A] Disconnect E6640A
[2020/07/29 05:23:25.819527][I][set_Preset] System reset
[2020/07/29 05:23:25.823358][I][writeEx] E6640A <= *RST
[2020/07/29 05:23:25.826367][I][writeEx] E6640A <= *CLS
[2020/07/29 05:23:25.829378][I][writeEx] E6640A <= SYST:PRES
[2020/07/29 05:23:26.135456][I][queryEx] E6640A <= *OPC?
[2020/07/29 05:23:26.646642][I][queryEx] E6640A => 1
[2020/07/29 05:23:26.653522]========== End ==========
