[2020/07/29 00:07:36][I][getBOM] Get BOM Success!
[2020/07/29 00:07:36][I][getSKU] Get SKU from BOM: BOM_SKU, SKU name: 451AOD30L02
[2020/07/29 00:07:36][I][loadTestItemBySKU] Test Item List = (GFI20Bootup.py,1)(CountDown.py,1)(GFI20_RF_Zigbee,2)(GFI20_RF_LTE,1)
[2020/07/29 00:07:36][I][loadTestItemBySKU] Test Item List Element = ['GFI20Bootup.py,1', 'CountDown.py,1', 'GFI20_RF_Zigbee,2', 'GFI20_RF_LTE,1']
[2020/07/29 00:07:36][I][showTestingMsg] Waiting for testing...
[2020/07/29 00:07:36]---------- TestItem:GFI20Bootup.py  Method:1 ----------
[2020/07/29 00:07:36][I][runTestItem] Test start time: 2020/07/29 00:07:36
[2020/07/29 00:07:55][I][runTestItem] Test finished
[2020/07/29 00:07:55][I][checkTestResult] Version=3.0.0.3
[2020/07/29 00:07:55][I][checkTestResult] Result=Pass
[2020/07/29 00:07:55]*********************************************************
[2020/07/29 00:07:55]GFI20Bootup.py   3.0.0.3

[2020/07/29 00:07:55]			Result: Pass

[2020/07/29 00:07:55]			Method: 1

[2020/07/29 00:07:55]			Start: 2020/07/29 00:07:36

[2020/07/29 00:07:55]			End: 2020/07/29 00:07:55
[2020/07/29 00:07:55][I][runTestItem] Test end time: 2020/07/29 00:07:55
[2020/07/29 00:07:55]---------- TestItem:CountDown.py  Method:1 ----------
[2020/07/29 00:07:55][I][runTestItem] Test start time: 2020/07/29 00:07:55
[2020/07/29 00:08:47][I][runTestItem] Test finished
[2020/07/29 00:08:47][I][checkTestResult] Version=3.0.0.3
[2020/07/29 00:08:47][I][checkTestResult] Result=Pass
[2020/07/29 00:08:47]*********************************************************
[2020/07/29 00:08:47]CountDown.py   3.0.0.3

[2020/07/29 00:08:47]			Result: Pass

[2020/07/29 00:08:47]			Method: 1

[2020/07/29 00:08:47]			Start: 2020/07/29 00:07:55

[2020/07/29 00:08:47]			End: 2020/07/29 00:08:47
[2020/07/29 00:08:47][I][runTestItem] Test end time: 2020/07/29 00:08:47
[2020/07/29 00:08:47]---------- TestItem:GFI20_RF_Zigbee.py  Method:2 ----------
[2020/07/29 00:08:47][I][runTestItem] Test start time: 2020/07/29 00:08:47
[2020/07/29 00:10:31][I][runTestItem] Test finished
[2020/07/29 00:10:31][I][checkTestResult] Version=3.0.0.3
[2020/07/29 00:10:31][I][checkTestResult] Result=Pass
[2020/07/29 00:10:31]*********************************************************
[2020/07/29 00:10:31]GFI20_RF_Zigbee.py   3.0.0.3

[2020/07/29 00:10:31]			Result: Pass

[2020/07/29 00:10:31]			Method: 2

[2020/07/29 00:10:31]			Start: 2020/07/29 00:08:47

[2020/07/29 00:10:31]			End: 2020/07/29 00:10:31
[2020/07/29 00:10:31][I][runTestItem] Test end time: 2020/07/29 00:10:31
[2020/07/29 00:10:31]---------- TestItem:GFI20_RF_LTE.py  Method:1 ----------
[2020/07/29 00:10:31][I][runTestItem] Test start time: 2020/07/29 00:10:31
[2020/07/29 00:11:51][I][runTestItem] Test finished
[2020/07/29 00:11:51][I][checkTestResult] Version=3.0.0.11
[2020/07/29 00:11:51][I][checkTestResult] Result=Pass
[2020/07/29 00:11:51]*********************************************************
[2020/07/29 00:11:51]GFI20_RF_LTE.py   3.0.0.11

[2020/07/29 00:11:51]			Result: Pass

[2020/07/29 00:11:51]			Method: 1

[2020/07/29 00:11:51]			Start: 2020/07/29 00:10:31

[2020/07/29 00:11:51]			End: 2020/07/29 00:11:51
[2020/07/29 00:11:51][I][runTestItem] Test end time: 2020/07/29 00:11:51
[2020/07/29 00:11:52][I][runLastScript] Waiting for ending...
[2020/07/29 00:11:52]---------- TestItem:GFI20LastScript.py  Method:1 ----------
[2020/07/29 00:11:52][I][runLastScript] Test start time: 2020/07/29 00:11:52
[2020/07/29 00:12:13][I][runLastScript] Test finished
[2020/07/29 00:12:13][I][runLastScript] Test end time: 2020/07/29 00:12:13
[2020/07/29 00:12:13][I][checkTestResult] Version=3.0.0.6
[2020/07/29 00:12:13][I][checkTestResult] Result=Pass
[2020/07/29 00:12:13]*********************************************************
[2020/07/29 00:12:13]GFI20LastScript.py   3.0.0.6

[2020/07/29 00:12:13]			Result: Pass

[2020/07/29 00:12:13]			Method: 1

[2020/07/29 00:12:13]			Start: 2020/07/29 00:11:52

[2020/07/29 00:12:13]			End: 2020/07/29 00:12:13
[2020/07/29 00:12:13][I][processSFISUploadPass] No SFIS RecordInfo
[2020/07/29 00:12:15][I][processSFISUploadPass] Upload pass Success!
