[2020/07/29 00:07:53]============== Control PS_Keysight66321B ==============
[2020/07/29 00:07:53]List resource: ['GPIB0::5::INSTR', 'ASRL1::INSTR', 'TCPIP0::192.168.1.2::hislip0::INSTR']
[2020/07/29 00:07:53]Power Supply: control 66321B successfully
[2020/07/29 00:07:53]Power Supply send: *RST
[2020/07/29 00:07:53]Power Supply send: *IDN?
[2020/07/29 00:07:53]Power Supply recv: Agilent Technologies,66321B,0,A.03.01

[2020/07/29 00:07:53]Power Supply is: Agilent Technologies,66321B,0,A.03.01
 

[2020/07/29 00:07:53]Power Supply send: CURR:PROT:STAT 1
[2020/07/29 00:07:53]Power Supply send: CURR:PROT:STAT?
[2020/07/29 00:07:53]Power Supply recv: 1

[2020/07/29 00:07:53]Power Supply send: VOLT 12.0
[2020/07/29 00:07:53]Power Supply send: VOLT?
[2020/07/29 00:07:53]Power Supply recv: 1.20000E+1

[2020/07/29 00:07:53]Power Supply send: CURR 1.0
[2020/07/29 00:07:53]Power Supply send: CURR?
[2020/07/29 00:07:53]Power Supply recv: 1.00000E+0

[2020/07/29 00:07:53]Power Supply send: OUTP 1
[2020/07/29 00:07:53]Power Supply send: OUTP?
[2020/07/29 00:07:53]Power Supply recv: 1

[2020/07/29 00:08:50]============== Control PS_Keysight66321B ==============
[2020/07/29 00:08:50]List resource: ['GPIB0::5::INSTR', 'ASRL1::INSTR', 'TCPIP0::192.168.1.2::hislip0::INSTR', 'ASRL14::INSTR', 'ASRL15::INSTR', 'ASRL16::INSTR', 'ASRL17::INSTR', 'ASRL19::INSTR', 'ASRL20::INSTR']
[2020/07/29 00:08:50]Power Supply: control 66321B successfully
[2020/07/29 00:08:50]Power Supply send: *IDN?
[2020/07/29 00:08:50]Power Supply recv: Agilent Technologies,66321B,0,A.03.01

[2020/07/29 00:08:50]Power Supply is: Agilent Technologies,66321B,0,A.03.01
 

[2020/07/29 00:09:04]Power Supply send: MEAS:CURR?
[2020/07/29 00:09:04]Power Supply recv: 8.27126E-2

[2020/07/29 00:09:19]Power Supply send: MEAS:CURR?
[2020/07/29 00:09:20]Power Supply recv: 1.03377E-1

[2020/07/29 00:09:31]Power Supply send: MEAS:CURR?
[2020/07/29 00:09:31]Power Supply recv: 1.03017E-1

[2020/07/29 00:09:46]Power Supply send: MEAS:CURR?
[2020/07/29 00:09:46]Power Supply recv: 9.29821E-2

[2020/07/29 00:09:58]Power Supply send: MEAS:CURR?
[2020/07/29 00:09:58]Power Supply recv: 1.02523E-1

[2020/07/29 00:10:51]============== Control PS_Keysight66321B ==============
[2020/07/29 00:10:51]List resource: ['GPIB0::5::INSTR', 'ASRL1::INSTR', 'TCPIP0::192.168.1.2::hislip0::INSTR']
[2020/07/29 00:10:51]Power Supply: control 66321B successfully
[2020/07/29 00:10:51]Power Supply send: *IDN?
[2020/07/29 00:10:51]Power Supply recv: Agilent Technologies,66321B,0,A.03.01

[2020/07/29 00:10:51]Power Supply is: Agilent Technologies,66321B,0,A.03.01
 

[2020/07/29 00:11:00]Power Supply send: MEAS:CURR?
[2020/07/29 00:11:00]Power Supply recv: 2.51469E-1

[2020/07/29 00:11:10]Power Supply send: MEAS:CURR?
[2020/07/29 00:11:10]Power Supply recv: 2.13199E-1

[2020/07/29 00:11:20]Power Supply send: MEAS:CURR?
[2020/07/29 00:11:20]Power Supply recv: 1.57019E-1

[2020/07/29 00:11:53]============== Control PS_Keysight66321B ==============
[2020/07/29 00:11:53]List resource: ['GPIB0::5::INSTR', 'ASRL1::INSTR', 'TCPIP0::192.168.1.2::hislip0::INSTR', 'ASRL14::INSTR', 'ASRL15::INSTR', 'ASRL16::INSTR', 'ASRL17::INSTR', 'ASRL19::INSTR', 'ASRL20::INSTR']
[2020/07/29 00:11:53]Power Supply: control 66321B successfully
[2020/07/29 00:11:53]Power Supply send: *RST
[2020/07/29 00:11:53]Power Supply send: *IDN?
[2020/07/29 00:11:53]Power Supply recv: Agilent Technologies,66321B,0,A.03.01

[2020/07/29 00:11:53]Power Supply is: Agilent Technologies,66321B,0,A.03.01
 

[2020/07/29 00:11:53]Power Supply send: OUTP 0
[2020/07/29 00:11:53]Power Supply send: OUTP?
[2020/07/29 00:11:53]Power Supply recv: 0

