[2020/07/28 23:01:49]============== Control PS_Keysight66321B ==============
[2020/07/28 23:01:49]List resource: ['GPIB0::5::INSTR', 'TCPIP0::192.168.1.2::hislip0::INSTR', 'ASRL1::INSTR']
[2020/07/28 23:01:49]Power Supply: control 66321B successfully
[2020/07/28 23:01:49]Power Supply send: *RST
[2020/07/28 23:01:49]Power Supply send: *IDN?
[2020/07/28 23:01:49]Power Supply recv: Agilent Technologies,66321B,0,A.03.01

[2020/07/28 23:01:49]Power Supply is: Agilent Technologies,66321B,0,A.03.01
 

[2020/07/28 23:01:49]Power Supply send: CURR:PROT:STAT 1
[2020/07/28 23:01:49]Power Supply send: CURR:PROT:STAT?
[2020/07/28 23:01:49]Power Supply recv: 1

[2020/07/28 23:01:49]Power Supply send: VOLT 12.0
[2020/07/28 23:01:49]Power Supply send: VOLT?
[2020/07/28 23:01:49]Power Supply recv: 1.20000E+1

[2020/07/28 23:01:49]Power Supply send: CURR 1.0
[2020/07/28 23:01:49]Power Supply send: CURR?
[2020/07/28 23:01:49]Power Supply recv: 1.00000E+0

[2020/07/28 23:01:49]Power Supply send: OUTP 1
[2020/07/28 23:01:49]Power Supply send: OUTP?
[2020/07/28 23:01:49]Power Supply recv: 1

[2020/07/28 23:02:46]============== Control PS_Keysight66321B ==============
[2020/07/28 23:02:46]List resource: ['GPIB0::5::INSTR', 'TCPIP0::192.168.1.2::hislip0::INSTR', 'ASRL1::INSTR', 'ASRL14::INSTR', 'ASRL15::INSTR', 'ASRL16::INSTR', 'ASRL17::INSTR', 'ASRL19::INSTR', 'ASRL20::INSTR']
[2020/07/28 23:02:46]Power Supply: control 66321B successfully
[2020/07/28 23:02:46]Power Supply send: *IDN?
[2020/07/28 23:02:46]Power Supply recv: Agilent Technologies,66321B,0,A.03.01

[2020/07/28 23:02:46]Power Supply is: Agilent Technologies,66321B,0,A.03.01
 

[2020/07/28 23:03:00]Power Supply send: MEAS:CURR?
[2020/07/28 23:03:00]Power Supply recv: 8.15649E-2

[2020/07/28 23:03:15]Power Supply send: MEAS:CURR?
[2020/07/28 23:03:15]Power Supply recv: 1.00855E-1

[2020/07/28 23:03:27]Power Supply send: MEAS:CURR?
[2020/07/28 23:03:27]Power Supply recv: 9.94787E-2

[2020/07/28 23:03:42]Power Supply send: MEAS:CURR?
[2020/07/28 23:03:42]Power Supply recv: 7.98888E-2

[2020/07/28 23:03:54]Power Supply send: MEAS:CURR?
[2020/07/28 23:03:54]Power Supply recv: 9.92177E-2

[2020/07/28 23:04:58]============== Control PS_Keysight66321B ==============
[2020/07/28 23:04:58]List resource: ['GPIB0::5::INSTR', 'TCPIP0::192.168.1.2::hislip0::INSTR', 'ASRL1::INSTR']
[2020/07/28 23:04:58]Power Supply: control 66321B successfully
[2020/07/28 23:04:58]Power Supply send: *IDN?
[2020/07/28 23:04:58]Power Supply recv: Agilent Technologies,66321B,0,A.03.01

[2020/07/28 23:04:58]Power Supply is: Agilent Technologies,66321B,0,A.03.01
 

[2020/07/28 23:05:07]Power Supply send: MEAS:CURR?
[2020/07/28 23:05:07]Power Supply recv: 2.45917E-1

[2020/07/28 23:05:16]Power Supply send: MEAS:CURR?
[2020/07/28 23:05:16]Power Supply recv: 2.02256E-1

[2020/07/28 23:05:26]Power Supply send: MEAS:CURR?
[2020/07/28 23:05:26]Power Supply recv: 1.51999E-1

[2020/07/28 23:05:59]============== Control PS_Keysight66321B ==============
[2020/07/28 23:05:59]List resource: ['GPIB0::5::INSTR', 'TCPIP0::192.168.1.2::hislip0::INSTR', 'ASRL1::INSTR', 'ASRL14::INSTR', 'ASRL15::INSTR', 'ASRL16::INSTR', 'ASRL17::INSTR', 'ASRL19::INSTR', 'ASRL20::INSTR']
[2020/07/28 23:05:59]Power Supply: control 66321B successfully
[2020/07/28 23:06:00]Power Supply send: *RST
[2020/07/28 23:06:00]Power Supply send: *IDN?
[2020/07/28 23:06:00]Power Supply recv: Agilent Technologies,66321B,0,A.03.01

[2020/07/28 23:06:00]Power Supply is: Agilent Technologies,66321B,0,A.03.01
 

[2020/07/28 23:06:00]Power Supply send: OUTP 0
[2020/07/28 23:06:00]Power Supply send: OUTP?
[2020/07/28 23:06:00]Power Supply recv: 0

