[2020/07/29 02:23:57.631283] ========== Start ==========
[2020/07/29 02:23:57.634235] [I][main] Python 3.7.2 (tags/v3.7.2:9a3ffc0492, Dec 23 2018, 23:09:28) [MSC v.1916 64 bit (AMD64)]
[2020/07/29 02:23:57.635274] [I][main] GFI20_RF_Zigbee.py 3.0.0.3
[2020/07/29 02:23:57.638284] [I][readINI] ---------- INI ----------
[2020/07/29 02:23:57.640251] [I][readINI] SKU = 1
[2020/07/29 02:23:57.642260] [I][readINI] InstrumentINI = GFI20_Zigbee_Instrument_Setting
[2020/07/29 02:23:57.644263] [I][readINI] ---------- Test Plan 1 ----------
[2020/07/29 02:23:57.646268] [I][readINI] TestPlan1 = ZIGBEE_2450;15/2425,21/2455,24/2470;TX_Power
[2020/07/29 02:23:57.648231] [I][readINI] CableLoss = ['8.2', '8.9', '8.8'] dBm
[2020/07/29 02:23:57.652534] [I][readINI] TX_Power = ['0', '0', '0'] dBm
[2020/07/29 02:23:57.654361] [I][readINI] Calibration_ON = 1
[2020/07/29 02:23:57.655365] [I][readINI] Ca_Tx_Power_Target = ['9.2', '9.2', '9.2']
[2020/07/29 02:23:57.659380] [I][readINI] Ca_Tx_Power_Gap = ['0.5', '0.5', '0.5']
[2020/07/29 02:23:57.662469] [I][readINI] Ca_Tx_Power_Offset = ['0.86', '0.86', '0.86']
[2020/07/29 02:23:57.664527] [I][readINI] Current_ON = 1
[2020/07/29 02:23:57.666481] [I][readINI] TX_Current_SpecMax = ['0.18', '0.18', '0.18'] A
[2020/07/29 02:23:57.668520] [I][readINI] TX_Current_SpecMin = ['0.045', '0.045', '0.045'] A
[2020/07/29 02:23:57.670287] [I][readINI] TX_Power_SpecMax = ['12', '12', '12'] dBm
[2020/07/29 02:23:57.672303] [I][readINI] TX_Power_SpecMin = ['6', '6', '6'] dBm
[2020/07/29 02:23:57.675969] [I][readINI] ---------- Test Plan 1 ----------
[2020/07/29 02:23:57.677975] [I][readINI] ---------- Test Plan 2 ----------
[2020/07/29 02:23:57.679981] [I][readINI] TestPlan2 = ZIGBEE_2450;19/2445;RX_RSSI
[2020/07/29 02:23:57.681986] [I][readINI] CableLoss = ['8.9'] dBm
[2020/07/29 02:23:57.685168] [I][readINI] RX_Cell_Power = ['-25'] dBm
[2020/07/29 02:23:57.687175] [I][readINI] RX_LNAON_RSSI_SpecMax = ['-9'] %
[2020/07/29 02:23:57.689222] [I][readINI] RX_LNAON_RSSI_SpecMin = ['-18'] %
[2020/07/29 02:23:57.691186] [I][readINI] RX_LNAOFF_RSSI_SpecMax = ['-24'] %
[2020/07/29 02:23:57.694264] [I][readINI] RX_LNAOFF_RSSI_SpecMin = ['-30'] %
[2020/07/29 02:23:57.696272] [I][readINI] ---------- Test Plan 2 ----------
[2020/07/29 02:23:57.700098] [I][readINI] StartButton_ON = 0
[2020/07/29 02:23:57.702105] [I][readINI] FailAutoExit = True
[2020/07/29 02:23:57.704110] [I][readINI] FailRetryAll = True
[2020/07/29 02:23:57.706115] [I][readINI] RFDatabase = True
[2020/07/29 02:23:57.709134] [I][readINI] EC = 010000S01
[2020/07/29 02:23:57.711128] [I][readINI] ---------- INI ----------
[2020/07/29 02:23:57.714136] [I][readInstrumentINI] ---------- Common ----------
[2020/07/29 02:23:57.716142] [I][readInstrumentINI] Instrument_Name = E6640A
[2020/07/29 02:23:57.719435] [I][readInstrumentINI] Instrument_IP_Addr = TCPIP0::192.168.1.2::hislip0::INSTR
[2020/07/29 02:23:57.721442] [I][readInstrumentINI] PowerSupplier_Name = 66321B
[2020/07/29 02:23:57.723447] [I][readInstrumentINI] PowerSupplier_Addr = GPIB0::5::INSTR
[2020/07/29 02:23:57.726457] [I][readInstrumentINI] Current_Delay = 0.5
[2020/07/29 02:23:57.728461] [I][readInstrumentINI] ---------- Common ----------
[2020/07/29 02:23:57.731362] [I][readInstrumentINI] ---------- ZIGBEE_2450 ----------
[2020/07/29 02:23:57.734237] [I][readInstrumentINI] RFIO_Input = 1
[2020/07/29 02:23:57.736243] [I][readInstrumentINI] Tx_Span = 10000.0 kHz
[2020/07/29 02:23:57.738891] [I][readInstrumentINI] Tx_PowRange = 20.0 dBm
[2020/07/29 02:23:57.740911] [I][readInstrumentINI] Tx_SymbolRate = 1000.0 kHz
[2020/07/29 02:23:57.743907] [I][readInstrumentINI] Tx_MeasInterval = 500
[2020/07/29 02:23:57.745913] [I][readInstrumentINI] Tx_TrigLevel = 30.0 mV
[2020/07/29 02:23:57.748954] [I][readInstrumentINI] Tx_TrigDelay = 0.3 ms
[2020/07/29 02:23:57.750998] [I][readInstrumentINI] RFIO_Output = 1
[2020/07/29 02:23:57.753969] [I][readInstrumentINI] ---------- ZIGBEE_2450 ----------
[2020/07/29 02:23:57.756013] ---------- StartTest ----------
[2020/07/29 02:23:57.763657] [I][chkDUTConnect] Connect to DUT
[2020/07/29 02:23:57.774519] [I][chkDUTConnect] Check DUT status
[2020/07/29 02:23:58.608633] [I][chkDUTConnect] Success
[2020/07/29 02:23:58.618865] [I][chkE6640AConnect] Connect to E6640A
[2020/07/29 02:23:59.529621] [I][chkE6640AConnect] Preset E6640A status
[2020/07/29 02:24:00.394679] [I][chkE6640AConnect] success
[2020/07/29 02:24:00.633315] ---------- Test Plan 1 ----------
[2020/07/29 02:24:00.636004] [I][startTestPlan]---------- ZIGBEE_2450 Freq 2425 ----------
[2020/07/29 02:24:00.639026] [I][startTestPlan]---------- Measure Tx Start ----------
[2020/07/29 02:24:00.642028] [I][startTestPlan] Preset E6640A
[2020/07/29 02:24:01.442427] [I][startTestPlan] Success
[2020/07/29 02:24:01.445397] [I][startTestPlan] Set Tx Start
[2020/07/29 02:24:03.780683] [I][startTestPlan] Success
[2020/07/29 02:24:03.784059] [I][startTestPlan] Set DUT Tx
[2020/07/29 02:24:09.628749] [I][startTestPlan] Success
[2020/07/29 02:24:09.631794] [I][startTestPlan] Start DUT Tx
[2020/07/29 02:24:12.142588] [I][startTestPlan] Success
[2020/07/29 02:24:13.751926] [I][startTestPlan] 10.017, 12.698, 15.395
[2020/07/29 02:24:14.305162] [I][startTestPlan] 0.084
[2020/07/29 02:24:14.311184] [I][startTestPlan] Stop DUT Tx
[2020/07/29 02:24:15.161920] [I][startTestPlan] Success
[2020/07/29 02:24:15.164931] [I][startTestPlan] Calibration
[2020/07/29 02:24:15.168533] [I][startTestPlan] Calculate DUT Tx Power
[2020/07/29 02:24:15.171669] [I][startTestPlan] DUT Tx Power: -1
[2020/07/29 02:24:15.173676] [I][startTestPlan] Measure again
[2020/07/29 02:24:15.176684] [I][startTestPlan] Set DUT Tx
[2020/07/29 02:24:21.064915] [I][startTestPlan] Success
[2020/07/29 02:24:21.067926] [I][startTestPlan] Start DUT Tx
[2020/07/29 02:24:23.597939] [I][startTestPlan] Success
[2020/07/29 02:24:25.125174] [I][startTestPlan] 8.918, 12.664, 13.845
[2020/07/29 02:24:25.681524] [I][startTestPlan] 0.08
[2020/07/29 02:24:25.689637] [I][startTestPlan] Stop DUT Tx
[2020/07/29 02:24:26.669988] [I][startTestPlan] Success
[2020/07/29 02:24:26.673033] [I][startTestPlan] Power: 8.918 dBm
[2020/07/29 02:24:26.676007] [I][startTestPlan] Freq Err: 12.664 ppm
[2020/07/29 02:24:26.679014] [I][startTestPlan] EVM: 13.845 %
[2020/07/29 02:24:26.682022] [I][startTestPlan] Current: 0.08 A
[2020/07/29 02:24:26.685867] [I][startTestPlan] Check Tx Result
[2020/07/29 02:24:26.688650] [I][startBTTest] Tx Test Time: 26.053
[2020/07/29 02:24:26.691663] [I][startTestPlan]---------- ZIGBEE_2450 Freq 2455 ----------
[2020/07/29 02:24:26.694668] [I][startTestPlan]---------- Measure Tx Start ----------
[2020/07/29 02:24:26.697676] [I][startTestPlan] Preset E6640A
[2020/07/29 02:24:27.887212] [I][startTestPlan] Success
[2020/07/29 02:24:27.890234] [I][startTestPlan] Set Tx Start
[2020/07/29 02:24:30.287195] [I][startTestPlan] Success
[2020/07/29 02:24:30.290204] [I][startTestPlan] Set DUT Tx
[2020/07/29 02:24:36.201231] [I][startTestPlan] Success
[2020/07/29 02:24:36.204692] [I][startTestPlan] Start DUT Tx
[2020/07/29 02:24:38.746202] [I][startTestPlan] Success
[2020/07/29 02:24:40.394851] [I][startTestPlan] 10.322000000000001, 12.652, 14.841
[2020/07/29 02:24:40.953062] [I][startTestPlan] 0.079
[2020/07/29 02:24:40.959182] [I][startTestPlan] Stop DUT Tx
[2020/07/29 02:24:41.815163] [I][startTestPlan] Success
[2020/07/29 02:24:41.819176] [I][startTestPlan] Calibration
[2020/07/29 02:24:41.822224] [I][startTestPlan] Calculate DUT Tx Power
[2020/07/29 02:24:41.825228] [I][startTestPlan] DUT Tx Power: -1
[2020/07/29 02:24:41.828237] [I][startTestPlan] Measure again
[2020/07/29 02:24:41.831208] [I][startTestPlan] Set DUT Tx
[2020/07/29 02:24:47.738605] [I][startTestPlan] Success
[2020/07/29 02:24:47.741615] [I][startTestPlan] Start DUT Tx
[2020/07/29 02:24:50.285072] [I][startTestPlan] Success
[2020/07/29 02:24:51.923737] [I][startTestPlan] 9.232000000000001, 12.634, 15.262
[2020/07/29 02:24:52.484349] [I][startTestPlan] 0.079
[2020/07/29 02:24:52.492553] [I][startTestPlan] Stop DUT Tx
[2020/07/29 02:24:53.339807] [I][startTestPlan] Success
[2020/07/29 02:24:53.343081] [I][startTestPlan] Power: 9.232000000000001 dBm
[2020/07/29 02:24:53.346092] [I][startTestPlan] Freq Err: 12.634 ppm
[2020/07/29 02:24:53.349111] [I][startTestPlan] EVM: 15.262 %
[2020/07/29 02:24:53.353117] [I][startTestPlan] Current: 0.079 A
[2020/07/29 02:24:53.357165] [I][startTestPlan] Check Tx Result
[2020/07/29 02:24:53.361148] [I][startBTTest] Tx Test Time: 26.668
[2020/07/29 02:24:53.365060] [I][startTestPlan]---------- ZIGBEE_2450 Freq 2470 ----------
[2020/07/29 02:24:53.368106] [I][startTestPlan]---------- Measure Tx Start ----------
[2020/07/29 02:24:53.371151] [I][startTestPlan] Preset E6640A
[2020/07/29 02:24:54.568956] [I][startTestPlan] Success
[2020/07/29 02:24:54.572355] [I][startTestPlan] Set Tx Start
[2020/07/29 02:24:56.967601] [I][startTestPlan] Success
[2020/07/29 02:24:56.970669] [I][startTestPlan] Set DUT Tx
[2020/07/29 02:25:02.877841] [I][startTestPlan] Success
[2020/07/29 02:25:02.880850] [I][startTestPlan] Start DUT Tx
[2020/07/29 02:25:05.424375] [I][startTestPlan] Success
[2020/07/29 02:25:06.981236] [I][startTestPlan] 10.746, 12.618, 15.236
[2020/07/29 02:25:07.535994] [I][startTestPlan] 0.083
[2020/07/29 02:25:07.543014] [I][startTestPlan] Stop DUT Tx
[2020/07/29 02:25:08.394335] [I][startTestPlan] Success
[2020/07/29 02:25:08.398287] [I][startTestPlan] Calibration
[2020/07/29 02:25:08.402806] [I][startTestPlan] Calculate DUT Tx Power
[2020/07/29 02:25:08.405815] [I][startTestPlan] DUT Tx Power: -2
[2020/07/29 02:25:08.411732] [I][startTestPlan] Measure again
[2020/07/29 02:25:08.415154] [I][startTestPlan] Set DUT Tx
[2020/07/29 02:25:14.339366] [I][startTestPlan] Success
[2020/07/29 02:25:14.342415] [I][startTestPlan] Start DUT Tx
[2020/07/29 02:25:16.876460] [I][startTestPlan] Success
[2020/07/29 02:25:18.523536] [I][startTestPlan] 8.75, 12.595, 14.216
[2020/07/29 02:25:19.081807] [I][startTestPlan] 0.095
[2020/07/29 02:25:19.088829] [I][startTestPlan] Stop DUT Tx
[2020/07/29 02:25:19.934631] [I][startTestPlan] Success
[2020/07/29 02:25:19.937641] [I][startTestPlan] Power: 8.75 dBm
[2020/07/29 02:25:19.941653] [I][startTestPlan] Freq Err: 12.595 ppm
[2020/07/29 02:25:19.945559] [I][startTestPlan] EVM: 14.216 %
[2020/07/29 02:25:19.948636] [I][startTestPlan] Current: 0.095 A
[2020/07/29 02:25:19.951676] [I][startTestPlan] Check Tx Result
[2020/07/29 02:25:19.955671] [I][startBTTest] Tx Test Time: 26.59
[2020/07/29 02:25:19.958701] ---------- Test Plan 2 ----------
[2020/07/29 02:25:19.962949] [I][startTestPlan]---------- ZIGBEE_2450 Freq 2445 ----------
[2020/07/29 02:25:19.965977] [I][startTestPlan]---------- Measure Rx Start ----------
[2020/07/29 02:25:19.969025] [I][startTestPlan] Preset E6640A
[2020/07/29 02:25:21.167232] [I][startTestPlan] Success
[2020/07/29 02:25:21.170189] [I][startTestPlan]---------- LNA ON ----------
[2020/07/29 02:25:21.174261] [I][startTestPlan] Set Rx one tone
[2020/07/29 02:25:21.215061] [I][startTestPlan] Success
[2020/07/29 02:25:21.218035] [I][startTestPlan] Set DUT Rx
[2020/07/29 02:25:25.442969] [I][startTestPlan] Success
[2020/07/29 02:25:30.516235] [I][startTestPlan] Success
[2020/07/29 02:25:35.704841] [I][startTestPlan] Rx RSSI: -15 dBm
[2020/07/29 02:25:35.715783] [I][startTestPlan]---------- LNA OFF ----------
[2020/07/29 02:25:35.718794] [I][startTestPlan] Set Rx one tone
[2020/07/29 02:25:35.759135] [I][startTestPlan] Success
[2020/07/29 02:25:35.763160] [I][startTestPlan] Set DUT Rx
[2020/07/29 02:25:40.001597] [I][startTestPlan] Success
[2020/07/29 02:25:44.233483] [I][startTestPlan] Success
[2020/07/29 02:25:49.255479] [I][startTestPlan] Rx RSSI: -28 dBm
[2020/07/29 02:25:49.266504] [I][startTestPlan] Check Rx Result
[2020/07/29 02:25:49.270570] [I][startBTTest] Rx Test Time: 29.308
[2020/07/29 02:25:49.274803] [I][startBTTest] Copy calibration data
[2020/07/29 02:25:49.282690] [I][startBTTest] Write Calibration Data
[2020/07/29 02:25:49.678557] [I][TestResult] Test Pass!
