[2020/07/29 06:15:30.045607][I][class_GFI20] Initial class_GFI20
[2020/07/29 06:15:30.049619][I][connectDUT] COM: COM20, BaudRate: 115200
[2020/07/29 06:15:30.057749][I][connectDUT] Connect DUT success
[2020/07/29 06:15:30.062553][I][setScimitarMenu] Set Scimitar menu
[2020/07/29 06:15:30.265552][I][sendCOMCommand] DUT <= x
[2020/07/29 06:15:30.372958][I][sendCOMCommand] Serial buffer size: 7
[2020/07/29 06:15:30.882559][I][sendCOMCommand] DUT => x
$>

[2020/07/29 06:15:30.889570][I][setScimitarMenu] Success
[2020/07/29 06:15:37.262920][I][setZigbee_Tx] ZIGBEE_2450 CH: 15, Tx PWR: 0 dBm
[2020/07/29 06:15:37.265929][I][setScimitarMenu] Set Scimitar menu
[2020/07/29 06:15:37.470608][I][sendCOMCommand] DUT <= x
[2020/07/29 06:15:37.579651][I][sendCOMCommand] Serial buffer size: 7
[2020/07/29 06:15:38.090496][I][sendCOMCommand] DUT => x
$>

[2020/07/29 06:15:38.095519][I][setScimitarMenu] Success
[2020/07/29 06:15:38.099529][I][setZigbeeMenu] Check Zigbee Menu
[2020/07/29 06:15:38.305508][I][sendCOMCommand] DUT <= 2
[2020/07/29 06:15:38.417141][I][sendCOMCommand] Serial buffer size: 22
[2020/07/29 06:15:38.927788][I][sendCOMCommand] DUT => 2
$2_Zigbee(EM357)>

[2020/07/29 06:15:38.934757][I][setZigbeeMenu] Success
[2020/07/29 06:15:38.936763][I][setZigbee_Tx] Set Diagnostics Menu
[2020/07/29 06:15:39.140962][I][sendCOMCommand] DUT <= d
[2020/07/29 06:15:39.250352][I][sendCOMCommand] Serial buffer size: 22
[2020/07/29 06:15:39.758739][I][sendCOMCommand] DUT => d
$2-d_Diagnostics>

[2020/07/29 06:15:39.769155][I][setZigbee_Tx] Success
[2020/07/29 06:15:39.775184][I][setZigbee_Tx] Set Channel Menu
[2020/07/29 06:15:39.978504][I][sendCOMCommand] DUT <= 2
[2020/07/29 06:15:40.086559][I][sendCOMCommand] Serial buffer size: 66
[2020/07/29 06:15:40.601009][I][sendCOMCommand] DUT => 2
$2-d-2_Set Channel (11 => 26) [0B - 1A by HEX]>
$PARAMETER?>

[2020/07/29 06:15:40.606027][I][setZigbee_Tx] Success
[2020/07/29 06:15:40.611044][I][setZigbee_Tx] Set Channel
[2020/07/29 06:15:40.816044][I][sendCOMCommand] DUT <= 0F
[2020/07/29 06:15:40.923999][I][sendCOMCommand] Serial buffer size: 53
[2020/07/29 06:15:41.439771][I][sendCOMCommand] DUT => Set Channel: 15 (0x0F)
$DONE_OK
$2-d_Diagnostics>

[2020/07/29 06:15:41.446740][I][setZigbee_Tx] Success
[2020/07/29 06:15:41.450254][I][setZigbee_Tx] Set PWR Menu
[2020/07/29 06:15:41.654061][I][sendCOMCommand] DUT <= 3
[2020/07/29 06:15:41.766720][I][sendCOMCommand] Serial buffer size: 79
[2020/07/29 06:15:42.278279][I][sendCOMCommand] DUT => 3
$2-d-3_Set Power (-32 => +8dBm, Step=1dB) [-2B - 08 by HEX]>
$PARAMETER?>

[2020/07/29 06:15:42.289307][I][setZigbee_Tx] Success
[2020/07/29 06:15:42.296340][I][setZigbee_Tx] Set Tx PWR
[2020/07/29 06:15:42.500877][I][sendCOMCommand] DUT <= 00
[2020/07/29 06:15:42.608542][I][sendCOMCommand] Serial buffer size: 50
[2020/07/29 06:15:43.124498][I][sendCOMCommand] DUT => Set Power: 0 (0x00)
$DONE_OK
$2-d_Diagnostics>

[2020/07/29 06:15:43.135519][I][setZigbee_Tx] Success
[2020/07/29 06:15:43.149403][I][setScimitarMenu] Set Scimitar menu
[2020/07/29 06:15:43.352963][I][sendCOMCommand] DUT <= x
[2020/07/29 06:15:43.461414][I][sendCOMCommand] Serial buffer size: 22
[2020/07/29 06:15:43.972274][I][sendCOMCommand] DUT => x
$2_Zigbee(EM357)>

[2020/07/29 06:15:44.181881][I][sendCOMCommand] DUT <= x
[2020/07/29 06:15:44.295312][I][sendCOMCommand] Serial buffer size: 7
[2020/07/29 06:15:44.811424][I][sendCOMCommand] DUT => x
$>

[2020/07/29 06:15:44.814347][I][setScimitarMenu] Success
[2020/07/29 06:15:44.817541][I][setZigbeeMenu] Check Zigbee Menu
[2020/07/29 06:15:45.022077][I][sendCOMCommand] DUT <= 2
[2020/07/29 06:15:45.130491][I][sendCOMCommand] Serial buffer size: 22
[2020/07/29 06:15:45.647881][I][sendCOMCommand] DUT => 2
$2_Zigbee(EM357)>

[2020/07/29 06:15:45.659873][I][setZigbeeMenu] Success
[2020/07/29 06:15:45.666905][I][setTxStart] Set Tx start
[2020/07/29 06:15:47.775859][I][setTxStop] Set Tx stop
[2020/07/29 06:15:47.979925][I][sendCOMCommand] DUT <= 5
[2020/07/29 06:15:48.087947][I][sendCOMCommand] Serial buffer size: 170
[2020/07/29 06:15:48.606103][I][sendCOMCommand] DUT => [mfglib]Send Packet(100 bytes)
[mfglib]Send Packet(100 bytes)
5
ZigBee send packet test end.
Total number of emberStatus errors:0
$[0]
$DONE_OK
$2_Zigbee(EM357)>

[2020/07/29 06:15:48.612124][I][setTxStop] Success
[2020/07/29 06:15:52.248840][I][setZigbee_Tx] ZIGBEE_2450 CH: 21, Tx PWR: 0 dBm
[2020/07/29 06:15:52.252895][I][setScimitarMenu] Set Scimitar menu
[2020/07/29 06:15:52.458597][I][sendCOMCommand] DUT <= x
[2020/07/29 06:15:52.566519][I][sendCOMCommand] Serial buffer size: 7
[2020/07/29 06:15:53.086506][I][sendCOMCommand] DUT => x
$>

[2020/07/29 06:15:53.090458][I][setScimitarMenu] Success
[2020/07/29 06:15:53.094469][I][setZigbeeMenu] Check Zigbee Menu
[2020/07/29 06:15:53.299250][I][sendCOMCommand] DUT <= 2
[2020/07/29 06:15:53.407201][I][sendCOMCommand] Serial buffer size: 22
[2020/07/29 06:15:53.917736][I][sendCOMCommand] DUT => 2
$2_Zigbee(EM357)>

[2020/07/29 06:15:53.925705][I][setZigbeeMenu] Success
[2020/07/29 06:15:53.928712][I][setZigbee_Tx] Set Diagnostics Menu
[2020/07/29 06:15:54.133119][I][sendCOMCommand] DUT <= d
[2020/07/29 06:15:54.239803][I][sendCOMCommand] Serial buffer size: 22
[2020/07/29 06:15:54.752170][I][sendCOMCommand] DUT => d
$2-d_Diagnostics>

[2020/07/29 06:15:54.759185][I][setZigbee_Tx] Success
[2020/07/29 06:15:54.762193][I][setZigbee_Tx] Set Channel Menu
[2020/07/29 06:15:54.967352][I][sendCOMCommand] DUT <= 2
[2020/07/29 06:15:55.082965][I][sendCOMCommand] Serial buffer size: 66
[2020/07/29 06:15:55.594846][I][sendCOMCommand] DUT => 2
$2-d-2_Set Channel (11 => 26) [0B - 1A by HEX]>
$PARAMETER?>

[2020/07/29 06:15:55.599358][I][setZigbee_Tx] Success
[2020/07/29 06:15:55.602367][I][setZigbee_Tx] Set Channel
[2020/07/29 06:15:55.806858][I][sendCOMCommand] DUT <= 15
[2020/07/29 06:15:55.922626][I][sendCOMCommand] Serial buffer size: 53
[2020/07/29 06:15:56.436125][I][sendCOMCommand] DUT => Set Channel: 21 (0x15)
$DONE_OK
$2-d_Diagnostics>

[2020/07/29 06:15:56.444177][I][setZigbee_Tx] Success
[2020/07/29 06:15:56.447189][I][setZigbee_Tx] Set PWR Menu
[2020/07/29 06:15:56.651764][I][sendCOMCommand] DUT <= 3
[2020/07/29 06:15:56.766799][I][sendCOMCommand] Serial buffer size: 79
[2020/07/29 06:15:57.284906][I][sendCOMCommand] DUT => 3
$2-d-3_Set Power (-32 => +8dBm, Step=1dB) [-2B - 08 by HEX]>
$PARAMETER?>

[2020/07/29 06:15:57.299716][I][setZigbee_Tx] Success
[2020/07/29 06:15:57.306740][I][setZigbee_Tx] Set Tx PWR
[2020/07/29 06:15:57.511046][I][sendCOMCommand] DUT <= 00
[2020/07/29 06:15:57.618751][I][sendCOMCommand] Serial buffer size: 50
[2020/07/29 06:15:58.137687][I][sendCOMCommand] DUT => Set Power: 0 (0x00)
$DONE_OK
$2-d_Diagnostics>

[2020/07/29 06:15:58.147681][I][setZigbee_Tx] Success
[2020/07/29 06:15:58.160921][I][setScimitarMenu] Set Scimitar menu
[2020/07/29 06:15:58.365459][I][sendCOMCommand] DUT <= x
[2020/07/29 06:15:58.475486][I][sendCOMCommand] Serial buffer size: 22
[2020/07/29 06:15:58.994017][I][sendCOMCommand] DUT => x
$2_Zigbee(EM357)>

[2020/07/29 06:15:59.202524][I][sendCOMCommand] DUT <= x
[2020/07/29 06:15:59.317900][I][sendCOMCommand] Serial buffer size: 7
[2020/07/29 06:15:59.835732][I][sendCOMCommand] DUT => x
$>

[2020/07/29 06:15:59.842746][I][setScimitarMenu] Success
[2020/07/29 06:15:59.845792][I][setZigbeeMenu] Check Zigbee Menu
[2020/07/29 06:16:00.050327][I][sendCOMCommand] DUT <= 2
[2020/07/29 06:16:00.155585][I][sendCOMCommand] Serial buffer size: 22
[2020/07/29 06:16:00.675074][I][sendCOMCommand] DUT => 2
$2_Zigbee(EM357)>

[2020/07/29 06:16:00.689175][I][setZigbeeMenu] Success
[2020/07/29 06:16:00.696147][I][setTxStart] Set Tx start
[2020/07/29 06:16:02.956946][I][setTxStop] Set Tx stop
[2020/07/29 06:16:03.161640][I][sendCOMCommand] DUT <= 5
[2020/07/29 06:16:03.277419][I][sendCOMCommand] Serial buffer size: 170
[2020/07/29 06:16:03.796729][I][sendCOMCommand] DUT => [mfglib]Send Packet(100 bytes)
[mfglib]Send Packet(100 bytes)
5
ZigBee send packet test end.
Total number of emberStatus errors:0
$[0]
$DONE_OK
$2_Zigbee(EM357)>

[2020/07/29 06:16:03.812770][I][setTxStop] Success
[2020/07/29 06:16:03.842992][I][setZigbee_Tx] ZIGBEE_2450 CH: 21, Tx PWR: -1 dBm
[2020/07/29 06:16:03.846191][I][setScimitarMenu] Set Scimitar menu
[2020/07/29 06:16:04.050764][I][sendCOMCommand] DUT <= x
[2020/07/29 06:16:04.158823][I][sendCOMCommand] Serial buffer size: 7
[2020/07/29 06:16:04.673880][I][sendCOMCommand] DUT => x
$>

[2020/07/29 06:16:04.688878][I][setScimitarMenu] Success
[2020/07/29 06:16:04.695890][I][setZigbeeMenu] Check Zigbee Menu
[2020/07/29 06:16:04.901345][I][sendCOMCommand] DUT <= 2
[2020/07/29 06:16:05.010317][I][sendCOMCommand] Serial buffer size: 22
[2020/07/29 06:16:05.528003][I][sendCOMCommand] DUT => 2
$2_Zigbee(EM357)>

[2020/07/29 06:16:05.535994][I][setZigbeeMenu] Success
[2020/07/29 06:16:05.539607][I][setZigbee_Tx] Set Diagnostics Menu
[2020/07/29 06:16:05.743940][I][sendCOMCommand] DUT <= d
[2020/07/29 06:16:05.860531][I][sendCOMCommand] Serial buffer size: 22
[2020/07/29 06:16:06.370660][I][sendCOMCommand] DUT => d
$2-d_Diagnostics>

[2020/07/29 06:16:06.377684][I][setZigbee_Tx] Success
[2020/07/29 06:16:06.381695][I][setZigbee_Tx] Set Channel Menu
[2020/07/29 06:16:06.586604][I][sendCOMCommand] DUT <= 2
[2020/07/29 06:16:06.706098][I][sendCOMCommand] Serial buffer size: 66
[2020/07/29 06:16:07.217163][I][sendCOMCommand] DUT => 2
$2-d-2_Set Channel (11 => 26) [0B - 1A by HEX]>
$PARAMETER?>

[2020/07/29 06:16:07.232180][I][setZigbee_Tx] Success
[2020/07/29 06:16:07.240067][I][setZigbee_Tx] Set Channel
[2020/07/29 06:16:07.444982][I][sendCOMCommand] DUT <= 15
[2020/07/29 06:16:07.554620][I][sendCOMCommand] Serial buffer size: 53
[2020/07/29 06:16:08.073045][I][sendCOMCommand] DUT => Set Channel: 21 (0x15)
$DONE_OK
$2-d_Diagnostics>

[2020/07/29 06:16:08.081055][I][setZigbee_Tx] Success
[2020/07/29 06:16:08.084925][I][setZigbee_Tx] Set PWR Menu
[2020/07/29 06:16:08.289035][I][sendCOMCommand] DUT <= 3
[2020/07/29 06:16:08.406379][I][sendCOMCommand] Serial buffer size: 79
[2020/07/29 06:16:08.926496][I][sendCOMCommand] DUT => 3
$2-d-3_Set Power (-32 => +8dBm, Step=1dB) [-2B - 08 by HEX]>
$PARAMETER?>

[2020/07/29 06:16:08.934534][I][setZigbee_Tx] Success
[2020/07/29 06:16:08.938571][I][setZigbee_Tx] Set Tx PWR
[2020/07/29 06:16:09.143517][I][sendCOMCommand] DUT <= FF
[2020/07/29 06:16:09.250543][I][sendCOMCommand] Serial buffer size: 57
[2020/07/29 06:16:09.761301][I][sendCOMCommand] DUT => Set Power: -1 (0xFFFFFFFF)
$DONE_OK
$2-d_Diagnostics>

[2020/07/29 06:16:09.776391][I][setZigbee_Tx] Success
[2020/07/29 06:16:09.790794][I][setScimitarMenu] Set Scimitar menu
[2020/07/29 06:16:09.995334][I][sendCOMCommand] DUT <= x
[2020/07/29 06:16:10.105288][I][sendCOMCommand] Serial buffer size: 22
[2020/07/29 06:16:10.617147][I][sendCOMCommand] DUT => x
$2_Zigbee(EM357)>

[2020/07/29 06:16:10.823507][I][sendCOMCommand] DUT <= x
[2020/07/29 06:16:10.939851][I][sendCOMCommand] Serial buffer size: 3
[2020/07/29 06:16:11.452819][I][sendCOMCommand] DUT => x
$>

[2020/07/29 06:16:11.460874][I][setScimitarMenu] Success
[2020/07/29 06:16:11.463834][I][setZigbeeMenu] Check Zigbee Menu
[2020/07/29 06:16:11.669596][I][sendCOMCommand] DUT <= 2
[2020/07/29 06:16:11.786700][I][sendCOMCommand] Serial buffer size: 22
[2020/07/29 06:16:12.305881][I][sendCOMCommand] DUT => 2
$2_Zigbee(EM357)>

[2020/07/29 06:16:12.320916][I][setZigbeeMenu] Success
[2020/07/29 06:16:12.329984][I][setTxStart] Set Tx start
[2020/07/29 06:16:14.557068][I][setTxStop] Set Tx stop
[2020/07/29 06:16:14.762034][I][sendCOMCommand] DUT <= 5
[2020/07/29 06:16:14.877927][I][sendCOMCommand] Serial buffer size: 170
[2020/07/29 06:16:15.390400][I][sendCOMCommand] DUT => [mfglib]Send Packet(100 bytes)
[mfglib]Send Packet(100 bytes)
5
ZigBee send packet test end.
Total number of emberStatus errors:0
$[0]
$DONE_OK
$2_Zigbee(EM357)>

[2020/07/29 06:16:15.398414][I][setTxStop] Success
[2020/07/29 06:16:19.115196][I][setZigbee_Tx] ZIGBEE_2450 CH: 24, Tx PWR: 0 dBm
[2020/07/29 06:16:19.120241][I][setScimitarMenu] Set Scimitar menu
[2020/07/29 06:16:19.326474][I][sendCOMCommand] DUT <= x
[2020/07/29 06:16:19.435765][I][sendCOMCommand] Serial buffer size: 7
[2020/07/29 06:16:19.949342][I][sendCOMCommand] DUT => x
$>

[2020/07/29 06:16:19.957693][I][setScimitarMenu] Success
[2020/07/29 06:16:19.960703][I][setZigbeeMenu] Check Zigbee Menu
[2020/07/29 06:16:20.165985][I][sendCOMCommand] DUT <= 2
[2020/07/29 06:16:20.281515][I][sendCOMCommand] Serial buffer size: 22
[2020/07/29 06:16:20.802340][I][sendCOMCommand] DUT => 2
$2_Zigbee(EM357)>

[2020/07/29 06:16:20.818422][I][setZigbeeMenu] Success
[2020/07/29 06:16:20.826409][I][setZigbee_Tx] Set Diagnostics Menu
[2020/07/29 06:16:21.031912][I][sendCOMCommand] DUT <= d
[2020/07/29 06:16:21.142035][I][sendCOMCommand] Serial buffer size: 22
[2020/07/29 06:16:21.654229][I][sendCOMCommand] DUT => d
$2-d_Diagnostics>

[2020/07/29 06:16:21.661251][I][setZigbee_Tx] Success
[2020/07/29 06:16:21.666264][I][setZigbee_Tx] Set Channel Menu
[2020/07/29 06:16:21.873748][I][sendCOMCommand] DUT <= 2
[2020/07/29 06:16:21.983352][I][sendCOMCommand] Serial buffer size: 66
[2020/07/29 06:16:22.495900][I][sendCOMCommand] DUT => 2
$2-d-2_Set Channel (11 => 26) [0B - 1A by HEX]>
$PARAMETER?>

[2020/07/29 06:16:22.511121][I][setZigbee_Tx] Success
[2020/07/29 06:16:22.518655][I][setZigbee_Tx] Set Channel
[2020/07/29 06:16:22.723160][I][sendCOMCommand] DUT <= 18
[2020/07/29 06:16:22.831816][I][sendCOMCommand] Serial buffer size: 34
[2020/07/29 06:16:23.352582][I][sendCOMCommand] DUT => Set Channel: 24 (0x18)
$DONE_OK
$2-d_Diagnostics>

[2020/07/29 06:16:23.359605][I][setZigbee_Tx] Success
[2020/07/29 06:16:23.363152][I][setZigbee_Tx] Set PWR Menu
[2020/07/29 06:16:23.568617][I][sendCOMCommand] DUT <= 3
[2020/07/29 06:16:23.678453][I][sendCOMCommand] Serial buffer size: 79
[2020/07/29 06:16:24.199486][I][sendCOMCommand] DUT => 3
$2-d-3_Set Power (-32 => +8dBm, Step=1dB) [-2B - 08 by HEX]>
$PARAMETER?>

[2020/07/29 06:16:24.214487][I][setZigbee_Tx] Success
[2020/07/29 06:16:24.229528][I][setZigbee_Tx] Set Tx PWR
[2020/07/29 06:16:24.442919][I][sendCOMCommand] DUT <= 00
[2020/07/29 06:16:24.552992][I][sendCOMCommand] Serial buffer size: 50
[2020/07/29 06:16:25.073549][I][sendCOMCommand] DUT => Set Power: 0 (0x00)
$DONE_OK
$2-d_Diagnostics>

[2020/07/29 06:16:25.081580][I][setZigbee_Tx] Success
[2020/07/29 06:16:25.091366][I][setScimitarMenu] Set Scimitar menu
[2020/07/29 06:16:25.296869][I][sendCOMCommand] DUT <= x
[2020/07/29 06:16:25.413253][I][sendCOMCommand] Serial buffer size: 22
[2020/07/29 06:16:25.933626][I][sendCOMCommand] DUT => x
$2_Zigbee(EM357)>

[2020/07/29 06:16:26.142473][I][sendCOMCommand] DUT <= x
[2020/07/29 06:16:26.248671][I][sendCOMCommand] Serial buffer size: 7
[2020/07/29 06:16:26.759667][I][sendCOMCommand] DUT => x
$>

[2020/07/29 06:16:26.775662][I][setScimitarMenu] Success
[2020/07/29 06:16:26.782677][I][setZigbeeMenu] Check Zigbee Menu
[2020/07/29 06:16:26.988269][I][sendCOMCommand] DUT <= 2
[2020/07/29 06:16:27.105146][I][sendCOMCommand] Serial buffer size: 22
[2020/07/29 06:16:27.616477][I][sendCOMCommand] DUT => 2
$2_Zigbee(EM357)>

[2020/07/29 06:16:27.624491][I][setZigbeeMenu] Success
[2020/07/29 06:16:27.628936][I][setTxStart] Set Tx start
[2020/07/29 06:16:29.860011][I][setTxStop] Set Tx stop
[2020/07/29 06:16:30.065362][I][sendCOMCommand] DUT <= 5
[2020/07/29 06:16:30.176037][I][sendCOMCommand] Serial buffer size: 170
[2020/07/29 06:16:30.685137][I][sendCOMCommand] DUT => [mfglib]Send Packet(100 bytes)
[mfglib]Send Packet(100 bytes)
5
ZigBee send packet test end.
Total number of emberStatus errors:0
$[0]
$DONE_OK
$2_Zigbee(EM357)>

[2020/07/29 06:16:30.692161][I][setTxStop] Success
[2020/07/29 06:16:32.006082][I][setZigbee_Rx] ZIGBEE_2450 CH: 19
[2020/07/29 06:16:32.009829][I][setScimitarMenu] Set Scimitar menu
[2020/07/29 06:16:32.214392][I][sendCOMCommand] DUT <= x
[2020/07/29 06:16:32.331386][I][sendCOMCommand] Serial buffer size: 7
[2020/07/29 06:16:32.843173][I][sendCOMCommand] DUT => x
$>

[2020/07/29 06:16:32.851200][I][setScimitarMenu] Success
[2020/07/29 06:16:32.855218][I][setZigbeeMenu] Check Zigbee Menu
[2020/07/29 06:16:33.060718][I][sendCOMCommand] DUT <= 2
[2020/07/29 06:16:33.169554][I][sendCOMCommand] Serial buffer size: 22
[2020/07/29 06:16:33.679730][I][sendCOMCommand] DUT => 2
$2_Zigbee(EM357)>

[2020/07/29 06:16:33.686794][I][setZigbeeMenu] Success
[2020/07/29 06:16:33.693365][I][setZigbee_Rx] Set Diagnostics Menu
[2020/07/29 06:16:33.898378][I][sendCOMCommand] DUT <= d
[2020/07/29 06:16:34.006856][I][sendCOMCommand] Serial buffer size: 22
[2020/07/29 06:16:34.528413][I][sendCOMCommand] DUT => d
$2-d_Diagnostics>

[2020/07/29 06:16:34.536440][I][setZigbee_Rx] Success
[2020/07/29 06:16:34.540318][I][setZigbee_Rx] Set Channel Menu
[2020/07/29 06:16:34.745485][I][sendCOMCommand] DUT <= 2
[2020/07/29 06:16:34.862206][I][sendCOMCommand] Serial buffer size: 66
[2020/07/29 06:16:35.382443][I][sendCOMCommand] DUT => 2
$2-d-2_Set Channel (11 => 26) [0B - 1A by HEX]>
$PARAMETER?>

[2020/07/29 06:16:35.398468][I][setZigbee_Rx] Success
[2020/07/29 06:16:35.406519][I][setZigbee_Rx] Set Channel
[2020/07/29 06:16:35.613333][I][sendCOMCommand] DUT <= 13
[2020/07/29 06:16:35.722240][I][sendCOMCommand] Serial buffer size: 53
[2020/07/29 06:16:36.243903][I][sendCOMCommand] DUT => Set Channel: 19 (0x13)
$DONE_OK
$2-d_Diagnostics>

[2020/07/29 06:16:36.259954][I][setZigbee_Rx] Success
[2020/07/29 06:16:36.269978][I][setZigbeeLNAMode] LNA Mode: 1
[2020/07/29 06:16:36.274778][I][setScimitarMenu] Set Scimitar menu
[2020/07/29 06:16:36.479889][I][sendCOMCommand] DUT <= x
[2020/07/29 06:16:36.589292][I][sendCOMCommand] Serial buffer size: 22
[2020/07/29 06:16:37.110791][I][sendCOMCommand] DUT => x
$2_Zigbee(EM357)>

[2020/07/29 06:16:37.320711][I][sendCOMCommand] DUT <= x
[2020/07/29 06:16:37.438325][I][sendCOMCommand] Serial buffer size: 7
[2020/07/29 06:16:37.950522][I][sendCOMCommand] DUT => x
$>

[2020/07/29 06:16:37.958551][I][setScimitarMenu] Success
[2020/07/29 06:16:37.962409][I][setZigbeeMenu] Check Zigbee Menu
[2020/07/29 06:16:38.166965][I][sendCOMCommand] DUT <= 2
[2020/07/29 06:16:38.276735][I][sendCOMCommand] Serial buffer size: 22
[2020/07/29 06:16:38.798144][I][sendCOMCommand] DUT => 2
$2_Zigbee(EM357)>

[2020/07/29 06:16:38.815158][I][setZigbeeMenu] Success
[2020/07/29 06:16:38.822653][I][setZigbeeLNAMode] Set GPIO Write Menu
[2020/07/29 06:16:39.027288][I][sendCOMCommand] DUT <= 3
[2020/07/29 06:16:39.137911][I][sendCOMCommand] Serial buffer size: 28
[2020/07/29 06:16:39.650061][I][sendCOMCommand] DUT => 3
$2-3_ZigBee GPIO Write>

[2020/07/29 06:16:39.659092][I][setZigbeeLNAMode] Success
[2020/07/29 06:16:39.663115][I][setZigbeeLNAMode] Set LNA Mode
[2020/07/29 06:16:39.868531][I][sendCOMCommand] DUT <= 3
[2020/07/29 06:16:39.985895][I][sendCOMCommand] Serial buffer size: 106
[2020/07/29 06:16:40.497161][I][sendCOMCommand] DUT => 3
[EZSP]Setting GPIO was successful. (portPin=3, cfg=1, out=0)
$[0]
$DONE_OK
$2-3_ZigBee GPIO Write>

[2020/07/29 06:16:40.707220][I][sendCOMCommand] DUT <= 3
[2020/07/29 06:16:40.821867][I][sendCOMCommand] Serial buffer size: 106
[2020/07/29 06:16:41.342412][I][sendCOMCommand] DUT => 3
[EZSP]Setting GPIO was successful. (portPin=3, cfg=1, out=1)
$[1]
$DONE_OK
$2-3_ZigBee GPIO Write>

[2020/07/29 06:16:41.350415][I][setZigbeeLNAMode] Success
[2020/07/29 06:16:42.366816][I][getRxResult] Get Rx Result
[2020/07/29 06:16:42.382823][I][setScimitarMenu] Set Scimitar menu
[2020/07/29 06:16:42.596299][I][sendCOMCommand] DUT <= x
[2020/07/29 06:16:42.704219][I][sendCOMCommand] Serial buffer size: 22
[2020/07/29 06:16:43.224726][I][sendCOMCommand] DUT => x
$2_Zigbee(EM357)>

[2020/07/29 06:16:43.441635][I][sendCOMCommand] DUT <= x
[2020/07/29 06:16:43.559174][I][sendCOMCommand] Serial buffer size: 7
[2020/07/29 06:16:44.072418][I][sendCOMCommand] DUT => x
$>

[2020/07/29 06:16:44.080570][I][setScimitarMenu] Success
[2020/07/29 06:16:44.084584][I][setZigbeeMenu] Check Zigbee Menu
[2020/07/29 06:16:44.290460][I][sendCOMCommand] DUT <= 2
[2020/07/29 06:16:44.400756][I][sendCOMCommand] Serial buffer size: 22
[2020/07/29 06:16:44.913497][I][sendCOMCommand] DUT => 2
$2_Zigbee(EM357)>

[2020/07/29 06:16:44.929552][I][setZigbeeMenu] Success
[2020/07/29 06:16:45.138427][I][sendCOMCommand] DUT <= b
[2020/07/29 06:16:45.247053][I][sendCOMCommand] Serial buffer size: 32
[2020/07/29 06:16:45.354831][W][sendCOMCommand] Buffer not empty!!!
[2020/07/29 06:16:45.370909][I][sendCOMCommand] Serial buffer size: 62
[2020/07/29 06:16:45.488202][W][sendCOMCommand] Buffer not empty!!!
[2020/07/29 06:16:45.504204][I][sendCOMCommand] Serial buffer size: 97
[2020/07/29 06:16:45.916729][W][sendCOMCommand] Buffer not empty!!!
[2020/07/29 06:16:45.923744][I][sendCOMCommand] Serial buffer size: 29
[2020/07/29 06:16:46.432183][I][sendCOMCommand] DUT => b
ZigBee get Rssi test start.
Start Scan ... (Channel: 19 (0x13) duration:2 mask:00080000)
Channel: 19 (0x13), Rssi:-17
Total OK!    OOO   K  K   !
            O   O  K K    !
            O   O  KK     !
            O   O  K K     
             OOO   K  Kk  !
$[-17]
$DONE_OK
$2_Zigbee(EM357)>

[2020/07/29 06:16:46.503548][I][setZigbee_Rx] ZIGBEE_2450 CH: 19
[2020/07/29 06:16:46.506559][I][setScimitarMenu] Set Scimitar menu
[2020/07/29 06:16:46.712336][I][sendCOMCommand] DUT <= x
[2020/07/29 06:16:46.830260][I][sendCOMCommand] Serial buffer size: 7
[2020/07/29 06:16:47.353501][I][sendCOMCommand] DUT => x
$>

[2020/07/29 06:16:47.370496][I][setScimitarMenu] Success
[2020/07/29 06:16:47.378516][I][setZigbeeMenu] Check Zigbee Menu
[2020/07/29 06:16:47.583003][I][sendCOMCommand] DUT <= 2
[2020/07/29 06:16:47.691889][I][sendCOMCommand] Serial buffer size: 22
[2020/07/29 06:16:48.211721][I][sendCOMCommand] DUT => 2
$2_Zigbee(EM357)>

[2020/07/29 06:16:48.218746][I][setZigbeeMenu] Success
[2020/07/29 06:16:48.224797][I][setZigbee_Rx] Set Diagnostics Menu
[2020/07/29 06:16:48.430317][I][sendCOMCommand] DUT <= d
[2020/07/29 06:16:48.547692][I][sendCOMCommand] Serial buffer size: 22
[2020/07/29 06:16:49.058992][I][sendCOMCommand] DUT => d
$2-d_Diagnostics>

[2020/07/29 06:16:49.067019][I][setZigbee_Rx] Success
[2020/07/29 06:16:49.071032][I][setZigbee_Rx] Set Channel Menu
[2020/07/29 06:16:49.276961][I][sendCOMCommand] DUT <= 2
[2020/07/29 06:16:49.395371][I][sendCOMCommand] Serial buffer size: 66
[2020/07/29 06:16:49.907181][I][sendCOMCommand] DUT => 2
$2-d-2_Set Channel (11 => 26) [0B - 1A by HEX]>
$PARAMETER?>

[2020/07/29 06:16:49.915148][I][setZigbee_Rx] Success
[2020/07/29 06:16:49.919392][I][setZigbee_Rx] Set Channel
[2020/07/29 06:16:50.124362][I][sendCOMCommand] DUT <= 13
[2020/07/29 06:16:50.242421][I][sendCOMCommand] Serial buffer size: 53
[2020/07/29 06:16:50.762929][I][sendCOMCommand] DUT => Set Channel: 19 (0x13)
$DONE_OK
$2-d_Diagnostics>

[2020/07/29 06:16:50.779994][I][setZigbee_Rx] Success
[2020/07/29 06:16:50.796023][I][setZigbeeLNAMode] LNA Mode: 0
[2020/07/29 06:16:50.801988][I][setScimitarMenu] Set Scimitar menu
[2020/07/29 06:16:51.007042][I][sendCOMCommand] DUT <= x
[2020/07/29 06:16:51.115684][I][sendCOMCommand] Serial buffer size: 22
[2020/07/29 06:16:51.636375][I][sendCOMCommand] DUT => x
$2_Zigbee(EM357)>

[2020/07/29 06:16:51.846411][I][sendCOMCommand] DUT <= x
[2020/07/29 06:16:51.956686][I][sendCOMCommand] Serial buffer size: 7
[2020/07/29 06:16:52.478612][I][sendCOMCommand] DUT => x
$>

[2020/07/29 06:16:52.486662][I][setScimitarMenu] Success
[2020/07/29 06:16:52.490813][I][setZigbeeMenu] Check Zigbee Menu
[2020/07/29 06:16:52.696031][I][sendCOMCommand] DUT <= 2
[2020/07/29 06:16:52.813640][I][sendCOMCommand] Serial buffer size: 22
[2020/07/29 06:16:53.334699][I][sendCOMCommand] DUT => 2
$2_Zigbee(EM357)>

[2020/07/29 06:16:53.350749][I][setZigbeeMenu] Success
[2020/07/29 06:16:53.357767][I][setZigbeeLNAMode] Set GPIO Write Menu
[2020/07/29 06:16:53.563799][I][sendCOMCommand] DUT <= 3
[2020/07/29 06:16:53.673296][I][sendCOMCommand] Serial buffer size: 28
[2020/07/29 06:16:54.193282][I][sendCOMCommand] DUT => 3
$2-3_ZigBee GPIO Write>

[2020/07/29 06:16:54.198134][I][setZigbeeLNAMode] Success
[2020/07/29 06:16:54.202190][I][setZigbeeLNAMode] Set LNA Mode
[2020/07/29 06:16:54.409483][I][sendCOMCommand] DUT <= 3
[2020/07/29 06:16:54.518589][I][sendCOMCommand] Serial buffer size: 106
[2020/07/29 06:16:55.040374][I][sendCOMCommand] DUT => 3
[EZSP]Setting GPIO was successful. (portPin=3, cfg=1, out=0)
$[0]
$DONE_OK
$2-3_ZigBee GPIO Write>

[2020/07/29 06:16:55.048401][I][setZigbeeLNAMode] Success
[2020/07/29 06:16:56.065644][I][getRxResult] Get Rx Result
[2020/07/29 06:16:56.073670][I][setScimitarMenu] Set Scimitar menu
[2020/07/29 06:16:56.278690][I][sendCOMCommand] DUT <= x
[2020/07/29 06:16:56.396903][I][sendCOMCommand] Serial buffer size: 22
[2020/07/29 06:16:56.918674][I][sendCOMCommand] DUT => x
$2_Zigbee(EM357)>

[2020/07/29 06:16:57.127024][I][sendCOMCommand] DUT <= x
[2020/07/29 06:16:57.237486][I][sendCOMCommand] Serial buffer size: 7
[2020/07/29 06:16:57.753581][I][sendCOMCommand] DUT => x
$>

[2020/07/29 06:16:57.770634][I][setScimitarMenu] Success
[2020/07/29 06:16:57.777817][I][setZigbeeMenu] Check Zigbee Menu
[2020/07/29 06:16:57.982916][I][sendCOMCommand] DUT <= 2
[2020/07/29 06:16:58.093235][I][sendCOMCommand] Serial buffer size: 22
[2020/07/29 06:16:58.613121][I][sendCOMCommand] DUT => 2
$2_Zigbee(EM357)>

[2020/07/29 06:16:58.622419][I][setZigbeeMenu] Success
[2020/07/29 06:16:58.827532][I][sendCOMCommand] DUT <= b
[2020/07/29 06:16:58.945678][I][sendCOMCommand] Serial buffer size: 94
[2020/07/29 06:16:59.064702][W][sendCOMCommand] Buffer not empty!!!
[2020/07/29 06:16:59.073732][I][sendCOMCommand] Serial buffer size: 183
[2020/07/29 06:16:59.482812][W][sendCOMCommand] Buffer not empty!!!
[2020/07/29 06:16:59.489819][I][sendCOMCommand] Serial buffer size: 29
[2020/07/29 06:17:00.001241][I][sendCOMCommand] DUT => b
ZigBee get Rssi test start.
Start Scan ... (Channel: 19 (0x13) duration:2 mask:00080000)
Channel: 19 (0x13), Rssi:-29
Total OK!    OOO   K  K   !
            O   O  K K    !
            O   O  KK     !
            O   O  K K     
             OOO   K  Kk  !
$[-29]
$DONE_OK
$2_Zigbee(EM357)>

[2020/07/29 06:17:00.194110][I][disconnectDUT] Disconnect DUT success
