[2020/07/29 06:17:20.304439]========== Start ==========
[2020/07/29 06:17:20.306443][I][class_E6640A_LTE] Initial class_E6640A_LTE
[2020/07/29 06:17:20.308449][I][class_E6640A_LTE] Version: 3.0.0.3
[2020/07/29 06:17:20.313353][I][connect_E6640A] Connect to E6640A
[2020/07/29 06:17:20.325421][I][connect_E6640A] Resource Manager of Visa Library at C:\Windows\system32\visa32.dll
[2020/07/29 06:17:20.375022][I][queryEx] E6640A <= *IDN?
[2020/07/29 06:17:20.380034][I][queryEx] E6640A => Keysight Technologies,E6640A,MY57150246,E.19.71
[2020/07/29 06:17:20.382039][I][set_Preset] System reset
[2020/07/29 06:17:20.384045][I][writeEx] E6640A <= *RST
[2020/07/29 06:17:20.385052][I][writeEx] E6640A <= *CLS
[2020/07/29 06:17:20.388055][I][writeEx] E6640A <= SYST:PRES
[2020/07/29 06:17:20.690520][I][queryEx] E6640A <= *OPC?
[2020/07/29 06:17:21.460569][I][queryEx] E6640A => 1
[2020/07/29 06:17:21.466582][I][set_Preset] System reset
[2020/07/29 06:17:21.468587][I][writeEx] E6640A <= *RST
[2020/07/29 06:17:21.470595][I][writeEx] E6640A <= *CLS
[2020/07/29 06:17:21.473601][I][writeEx] E6640A <= SYST:PRES
[2020/07/29 06:17:21.776398][I][queryEx] E6640A <= *OPC?
[2020/07/29 06:17:22.539430][I][queryEx] E6640A => 1
[2020/07/29 06:17:22.792099][I][set_Preset] System reset
[2020/07/29 06:17:22.794104][I][writeEx] E6640A <= *RST
[2020/07/29 06:17:22.796110][I][writeEx] E6640A <= *CLS
[2020/07/29 06:17:22.798114][I][writeEx] E6640A <= SYST:PRES
[2020/07/29 06:17:23.101235][I][queryEx] E6640A <= *OPC?
[2020/07/29 06:17:23.850222][I][queryEx] E6640A => 1
[2020/07/29 06:17:23.858244][I][set_Tx_Start] Set Tx start
[2020/07/29 06:17:23.860247][I][set_RFI_Port] Set input port
[2020/07/29 06:17:23.863257][I][writeEx] E6640A <= :FEED:RF:PORT:INPut RFIO1
[2020/07/29 06:17:23.865262][I][queryEx] E6640A <= :FEED:RF:PORT:INPut?
[2020/07/29 06:17:23.870275][I][queryEx] E6640A => RFIO1
[2020/07/29 06:17:23.872280][I][set_Modulation_Analysis] Set measurement function
[2020/07/29 06:17:23.874302][I][writeEx] E6640A <= INST:SEL LTEAFDD
[2020/07/29 06:17:24.178093][I][queryEx] E6640A <= *OPC?
[2020/07/29 06:17:24.183107][I][queryEx] E6640A => 1
[2020/07/29 06:17:24.185112][I][queryEx] E6640A <= INST:SEL?
[2020/07/29 06:17:24.189123][I][queryEx] E6640A => LTEAFDD
[2020/07/29 06:17:24.192133][I][writeEx] E6640A <= DISP:CHP:VIEW:WIND:TRAC:Y:COUP OFF
[2020/07/29 06:17:24.194137][I][set_Freq] Set frequence
[2020/07/29 06:17:24.196141][I][writeEx] E6640A <= :FREQuency:CENTer 897.4 MHz
[2020/07/29 06:17:24.199148][I][set_Continue] Set continue
[2020/07/29 06:17:24.202157][I][writeEx] E6640A <= :INIT:CONT ON
[2020/07/29 06:17:24.205165][I][set_Trigger_Free_Run] Set trigger free run
[2020/07/29 06:17:24.207170][I][writeEx] E6640A <= TRIG:CHP:SOUR IMM
[2020/07/29 06:17:24.510979][I][queryEx] E6640A <= *OPC?
[2020/07/29 06:17:24.516995][I][queryEx] E6640A => 1
[2020/07/29 06:17:29.060755][I][chk_Tx_Result] Check Tx result
[2020/07/29 06:17:29.070789][I][set_Limit_Range] Set reference value
[2020/07/29 06:17:29.077806][I][writeEx] E6640A <= DISP:CHP:VIEW:WIND:TRAC:Y:RLEV 30.0 dBm
[2020/07/29 06:17:29.381476][I][queryEx] E6640A <= *OPC?
[2020/07/29 06:17:29.390444][I][queryEx] E6640A => 1
[2020/07/29 06:17:29.394098][I][set_Limit_Range] Set power range
[2020/07/29 06:17:29.396105][I][writeEx] E6640A <= :POW:RANG 30.0 dBm
[2020/07/29 06:17:29.700217][I][queryEx] E6640A <= *OPC?
[2020/07/29 06:17:29.708447][I][queryEx] E6640A => 1
[2020/07/29 06:17:29.712254][I][set_Trigger_Video] Set trigger video
[2020/07/29 06:17:29.715263][I][writeEx] E6640A <= TRIG:CHP:SOUR IF
[2020/07/29 06:17:30.019861][I][queryEx] E6640A <= *OPC?
[2020/07/29 06:17:30.028880][I][queryEx] E6640A => 1
[2020/07/29 06:17:30.133236][I][set_Trigger_Free_Run] Set trigger free run
[2020/07/29 06:17:30.144300][I][writeEx] E6640A <= TRIG:CHP:SOUR IMM
[2020/07/29 06:17:30.452377][I][queryEx] E6640A <= *OPC?
[2020/07/29 06:17:30.466473][I][queryEx] E6640A => 1
[2020/07/29 06:17:30.472480][I][get_Power] Get Tx power
[2020/07/29 06:17:30.474492][I][queryEx] E6640A <= :FETCh:CHPower:CHPower?
[2020/07/29 06:17:30.481404][I][queryEx] E6640A => 1.465788841E+01
[2020/07/29 06:17:30.485528][I][chk_Tx_Result] Tx power(add loss: 8.500000) = 23.158000 dBm
[2020/07/29 06:17:30.487535][I][set_Continue] Set continue
[2020/07/29 06:17:30.491412][I][writeEx] E6640A <= :INIT:CONT ON
[2020/07/29 06:17:32.470244][I][set_Preset] System reset
[2020/07/29 06:17:32.472254][I][writeEx] E6640A <= *RST
[2020/07/29 06:17:32.476262][I][writeEx] E6640A <= *CLS
[2020/07/29 06:17:32.479018][I][writeEx] E6640A <= SYST:PRES
[2020/07/29 06:17:32.783687][I][queryEx] E6640A <= *OPC?
[2020/07/29 06:17:33.469710][I][queryEx] E6640A => 1
[2020/07/29 06:17:33.493577][I][set_Tx_Start] Set Tx start
[2020/07/29 06:17:33.495584][I][set_RFI_Port] Set input port
[2020/07/29 06:17:33.499595][I][writeEx] E6640A <= :FEED:RF:PORT:INPut RFIO1
[2020/07/29 06:17:33.502607][I][queryEx] E6640A <= :FEED:RF:PORT:INPut?
[2020/07/29 06:17:33.508658][I][queryEx] E6640A => RFIO1
[2020/07/29 06:17:33.512638][I][set_Modulation_Analysis] Set measurement function
[2020/07/29 06:17:33.515568][I][writeEx] E6640A <= INST:SEL LTEAFDD
[2020/07/29 06:17:33.819587][I][queryEx] E6640A <= *OPC?
[2020/07/29 06:17:33.829603][I][queryEx] E6640A => 1
[2020/07/29 06:17:33.832571][I][queryEx] E6640A <= INST:SEL?
[2020/07/29 06:17:33.839650][I][queryEx] E6640A => LTEAFDD
[2020/07/29 06:17:33.844661][I][writeEx] E6640A <= DISP:CHP:VIEW:WIND:TRAC:Y:COUP OFF
[2020/07/29 06:17:33.847671][I][set_Freq] Set frequence
[2020/07/29 06:17:33.850680][I][writeEx] E6640A <= :FREQuency:CENTer 1950.0 MHz
[2020/07/29 06:17:33.854711][I][set_Continue] Set continue
[2020/07/29 06:17:33.857699][I][writeEx] E6640A <= :INIT:CONT ON
[2020/07/29 06:17:33.862714][I][set_Trigger_Free_Run] Set trigger free run
[2020/07/29 06:17:33.865758][I][writeEx] E6640A <= TRIG:CHP:SOUR IMM
[2020/07/29 06:17:34.170842][I][queryEx] E6640A <= *OPC?
[2020/07/29 06:17:34.179991][I][queryEx] E6640A => 1
[2020/07/29 06:17:38.578571][I][chk_Tx_Result] Check Tx result
[2020/07/29 06:17:38.586599][I][set_Limit_Range] Set reference value
[2020/07/29 06:17:38.589614][I][writeEx] E6640A <= DISP:CHP:VIEW:WIND:TRAC:Y:RLEV 30.0 dBm
[2020/07/29 06:17:38.893833][I][queryEx] E6640A <= *OPC?
[2020/07/29 06:17:38.906828][I][queryEx] E6640A => 1
[2020/07/29 06:17:38.916894][I][set_Limit_Range] Set power range
[2020/07/29 06:17:38.922869][I][writeEx] E6640A <= :POW:RANG 30.0 dBm
[2020/07/29 06:17:39.226775][I][queryEx] E6640A <= *OPC?
[2020/07/29 06:17:39.243843][I][queryEx] E6640A => 1
[2020/07/29 06:17:39.253817][I][set_Trigger_Video] Set trigger video
[2020/07/29 06:17:39.258829][I][writeEx] E6640A <= TRIG:CHP:SOUR IF
[2020/07/29 06:17:39.565376][I][queryEx] E6640A <= *OPC?
[2020/07/29 06:17:39.575375][I][queryEx] E6640A => 1
[2020/07/29 06:17:39.681285][I][set_Trigger_Free_Run] Set trigger free run
[2020/07/29 06:17:39.695581][I][writeEx] E6640A <= TRIG:CHP:SOUR IMM
[2020/07/29 06:17:40.003832][I][queryEx] E6640A <= *OPC?
[2020/07/29 06:17:40.021578][I][queryEx] E6640A => 1
[2020/07/29 06:17:40.032407][I][get_Power] Get Tx power
[2020/07/29 06:17:40.038426][I][queryEx] E6640A <= :FETCh:CHPower:CHPower?
[2020/07/29 06:17:40.050211][I][queryEx] E6640A => 1.165822029E+01
[2020/07/29 06:17:40.054871][I][chk_Tx_Result] Tx power(add loss: 9.200000) = 20.858000 dBm
[2020/07/29 06:17:40.057881][I][set_Continue] Set continue
[2020/07/29 06:17:40.060889][I][writeEx] E6640A <= :INIT:CONT ON
[2020/07/29 06:17:42.025706][I][set_Preset] System reset
[2020/07/29 06:17:42.028715][I][writeEx] E6640A <= *RST
[2020/07/29 06:17:42.032313][I][writeEx] E6640A <= *CLS
[2020/07/29 06:17:42.035324][I][writeEx] E6640A <= SYST:PRES
[2020/07/29 06:17:42.339476][I][queryEx] E6640A <= *OPC?
[2020/07/29 06:17:43.046102][I][queryEx] E6640A => 1
[2020/07/29 06:17:43.071523][I][set_Tx_Start] Set Tx start
[2020/07/29 06:17:43.074530][I][set_RFI_Port] Set input port
[2020/07/29 06:17:43.078825][I][writeEx] E6640A <= :FEED:RF:PORT:INPut RFIO1
[2020/07/29 06:17:43.081853][I][queryEx] E6640A <= :FEED:RF:PORT:INPut?
[2020/07/29 06:17:43.088307][I][queryEx] E6640A => RFIO1
[2020/07/29 06:17:43.091317][I][set_Modulation_Analysis] Set measurement function
[2020/07/29 06:17:43.094326][I][writeEx] E6640A <= INST:SEL LTEAFDD
[2020/07/29 06:17:43.399315][I][queryEx] E6640A <= *OPC?
[2020/07/29 06:17:43.410119][I][queryEx] E6640A => 1
[2020/07/29 06:17:43.415284][I][queryEx] E6640A <= INST:SEL?
[2020/07/29 06:17:43.421967][I][queryEx] E6640A => LTEAFDD
[2020/07/29 06:17:43.424977][I][writeEx] E6640A <= DISP:CHP:VIEW:WIND:TRAC:Y:COUP OFF
[2020/07/29 06:17:43.429149][I][set_Freq] Set frequence
[2020/07/29 06:17:43.432159][I][writeEx] E6640A <= :FREQuency:CENTer 914.8 MHz
[2020/07/29 06:17:43.435688][I][set_Continue] Set continue
[2020/07/29 06:17:43.438699][I][writeEx] E6640A <= :INIT:CONT ON
[2020/07/29 06:17:43.441708][I][set_Trigger_Free_Run] Set trigger free run
[2020/07/29 06:17:43.445608][I][writeEx] E6640A <= TRIG:CHP:SOUR IMM
[2020/07/29 06:17:43.750148][I][queryEx] E6640A <= *OPC?
[2020/07/29 06:17:43.760203][I][queryEx] E6640A => 1
[2020/07/29 06:17:46.782575][I][chk_Tx_Result] Check Tx result
[2020/07/29 06:17:46.790576][I][set_Limit_Range] Set reference value
[2020/07/29 06:17:46.794566][I][writeEx] E6640A <= DISP:CHP:VIEW:WIND:TRAC:Y:RLEV 30.0 dBm
[2020/07/29 06:17:47.099884][I][queryEx] E6640A <= *OPC?
[2020/07/29 06:17:47.109141][I][queryEx] E6640A => 1
[2020/07/29 06:17:47.113195][I][set_Limit_Range] Set power range
[2020/07/29 06:17:47.117201][I][writeEx] E6640A <= :POW:RANG 30.0 dBm
[2020/07/29 06:17:47.422680][I][queryEx] E6640A <= *OPC?
[2020/07/29 06:17:47.440949][I][queryEx] E6640A => 1
[2020/07/29 06:17:49.453858][I][set_Trigger_Video] Set trigger video
[2020/07/29 06:17:49.469385][I][writeEx] E6640A <= TRIG:CHP:SOUR IF
[2020/07/29 06:17:49.777994][I][queryEx] E6640A <= *OPC?
[2020/07/29 06:17:49.789006][I][queryEx] E6640A => 1
[2020/07/29 06:17:49.792976][I][get_Power] Get Tx power
[2020/07/29 06:17:49.795986][I][queryEx] E6640A <= :FETCh:CHPower:CHPower?
[2020/07/29 06:17:50.436406][I][queryEx] E6640A => 2.317170715E+01
[2020/07/29 06:17:50.451744][I][chk_Tx_Result] Tx power(add loss: 8.500000) = 31.672000 dBm
[2020/07/29 06:17:50.458866][I][set_Continue] Set continue
[2020/07/29 06:17:50.461875][I][writeEx] E6640A <= :INIT:CONT ON
[2020/07/29 06:17:52.210433][I][set_Preset] System reset
[2020/07/29 06:17:52.213814][I][writeEx] E6640A <= *RST
[2020/07/29 06:17:52.216823][I][writeEx] E6640A <= *CLS
[2020/07/29 06:17:52.220834][I][writeEx] E6640A <= SYST:PRES
[2020/07/29 06:17:52.525593][I][queryEx] E6640A <= *OPC?
[2020/07/29 06:17:53.169248][I][queryEx] E6640A => 1
[2020/07/29 06:17:53.185060][I][set_Rx_Waveform] Set Rx waveform
[2020/07/29 06:17:53.189047][I][set_RFO_Port] Set output port
[2020/07/29 06:17:53.192057][I][writeEx] E6640A <= :FEED:RF:PORT:OUTPut RFIO1
[2020/07/29 06:17:53.195066][I][queryEx] E6640A <= :FEED:RF:PORT:OUTPut?
[2020/07/29 06:17:53.202203][I][queryEx] E6640A => RFIO1
[2020/07/29 06:17:53.205212][I][set_OneTone_Freq] Set One Tone frequence
[2020/07/29 06:17:53.209727][I][writeEx] E6640A <= :SOUR:FREQ 959.8 MHz
[2020/07/29 06:17:53.212736][I][set_OneTone_Power] Set One Tone power
[2020/07/29 06:17:53.216747][I][writeEx] E6640A <= :SOURce:POWer -51.5
[2020/07/29 06:17:53.220322][I][loading_Waveform] Load waveform
[2020/07/29 06:17:53.223332][I][queryEx] E6640A <= :SOURce:RADio:ARB:CATalog?
[2020/07/29 06:17:53.285496][I][queryEx] E6640A => 9600,4184704,"CTX10_RFLTE_20160809.wfm"
[2020/07/29 06:17:53.290547][I][writeEx] E6640A <= :SOUR:RAD:ARB:WAV "D:\NVARB\CTX10_RFLTE_20160809.wfm"
[2020/07/29 06:17:53.596071][I][queryEx] E6640A <= *OPC?
[2020/07/29 06:17:53.610090][I][queryEx] E6640A => 1
[2020/07/29 06:17:53.614061][I][set_ARB_ON] Set ARB ON
[2020/07/29 06:17:53.617110][I][writeEx] E6640A <= :SOUR:RAD:ARB ON
[2020/07/29 06:17:53.621103][I][set_Sample_Rate] Set Sample Rate
[2020/07/29 06:17:53.624113][I][writeEx] E6640A <= SOUR:RAD:ARB:SCL:RATE 100.0 kHz
[2020/07/29 06:17:53.628125][I][set_Modulation_ON] Set ARB ON
[2020/07/29 06:17:53.632134][I][writeEx] E6640A <= :OUTP:MOD ON
[2020/07/29 06:17:53.639005][I][set_OneTone_Start] Set One Tone start
[2020/07/29 06:17:53.643001][I][writeEx] E6640A <= OUTP ON
[2020/07/29 06:18:00.045166][I][set_OneTone_Stop] Set One Tone stop
[2020/07/29 06:18:00.049223][I][writeEx] E6640A <= OUTP OFF
[2020/07/29 06:18:17.888607][I][disconnect_E6640A] Disconnect E6640A
[2020/07/29 06:18:17.891615][I][set_Preset] System reset
[2020/07/29 06:18:17.895641][I][writeEx] E6640A <= *RST
[2020/07/29 06:18:17.898678][I][writeEx] E6640A <= *CLS
[2020/07/29 06:18:17.902658][I][writeEx] E6640A <= SYST:PRES
[2020/07/29 06:18:18.207987][I][queryEx] E6640A <= *OPC?
[2020/07/29 06:18:18.906159][I][queryEx] E6640A => 1
[2020/07/29 06:18:18.915131]========== End ==========
