[2020/07/27 19:21:57][I][getBOM] No SFIS CheckStatus
[2020/07/27 19:21:57][I][loadTestItemBySKU] Test Item List = (GFI20_RF_Zigbee,2)(GFI20_RF_LTE,1)
[2020/07/27 19:21:57][I][loadTestItemBySKU] Test Item List Element = ['GFI20_RF_Zigbee,2', 'GFI20_RF_LTE,1']
[2020/07/27 19:21:57][I][showTestingMsg] Waiting for testing...
[2020/07/27 19:21:57]---------- TestItem:GFI20_RF_Zigbee.py  Method:2 ----------
[2020/07/27 19:21:57][I][runTestItem] Test start time: 2020/07/27 19:21:57
[2020/07/27 19:29:37][I][runTestItem] Test finished
[2020/07/27 19:29:37][I][checkTestResult] Version=3.0.0.3
[2020/07/27 19:29:37][I][checkTestResult] Result=Fail
[2020/07/27 19:29:37][I][checkTestResult] Reason=Test Zigbee FAIL
[2020/07/27 19:29:37][I][checkTestResult] EC=010000S01
[2020/07/27 19:29:37]*********************************************************
[2020/07/27 19:29:37]GFI20_RF_Zigbee.py   3.0.0.3

[2020/07/27 19:29:37]			Result: Fail

[2020/07/27 19:29:37]			Method: 2

[2020/07/27 19:29:37]			Start: 2020/07/27 19:21:57

[2020/07/27 19:29:37]			End: 2020/07/27 19:29:37
[2020/07/27 19:29:37]
			Fail Reason: Test Zigbee FAIL
[2020/07/27 19:29:37][I][runTestItem] Test end time: 2020/07/27 19:29:37
