[2020/07/29 00:37:25.545795] ========== Start ==========
[2020/07/29 00:37:25.549858] [I][main] Python 3.7.2 (tags/v3.7.2:9a3ffc0492, Dec 23 2018, 23:09:28) [MSC v.1916 64 bit (AMD64)]
[2020/07/29 00:37:25.551810] [I][main] GFI20_RF_Zigbee.py 3.0.0.3
[2020/07/29 00:37:25.554933] [I][readINI] ---------- INI ----------
[2020/07/29 00:37:25.555979] [I][readINI] SKU = 1
[2020/07/29 00:37:25.557974] [I][readINI] InstrumentINI = GFI20_Zigbee_Instrument_Setting
[2020/07/29 00:37:25.560981] [I][readINI] ---------- Test Plan 1 ----------
[2020/07/29 00:37:25.563293] [I][readINI] TestPlan1 = ZIGBEE_2450;15/2425,21/2455,24/2470;TX_Power
[2020/07/29 00:37:25.565121] [I][readINI] CableLoss = ['8.2', '8.9', '8.8'] dBm
[2020/07/29 00:37:25.569134] [I][readINI] TX_Power = ['0', '0', '0'] dBm
[2020/07/29 00:37:25.574149] [I][readINI] Calibration_ON = 1
[2020/07/29 00:37:25.576189] [I][readINI] Ca_Tx_Power_Target = ['9.2', '9.2', '9.2']
[2020/07/29 00:37:25.578195] [I][readINI] Ca_Tx_Power_Gap = ['0.5', '0.5', '0.5']
[2020/07/29 00:37:25.580200] [I][readINI] Ca_Tx_Power_Offset = ['0.86', '0.86', '0.86']
[2020/07/29 00:37:25.583172] [I][readINI] Current_ON = 1
[2020/07/29 00:37:25.587182] [I][readINI] TX_Current_SpecMax = ['0.18', '0.18', '0.18'] A
[2020/07/29 00:37:25.589187] [I][readINI] TX_Current_SpecMin = ['0.045', '0.045', '0.045'] A
[2020/07/29 00:37:25.591193] [I][readINI] TX_Power_SpecMax = ['12', '12', '12'] dBm
[2020/07/29 00:37:25.594201] [I][readINI] TX_Power_SpecMin = ['6', '6', '6'] dBm
[2020/07/29 00:37:25.597209] [I][readINI] ---------- Test Plan 1 ----------
[2020/07/29 00:37:25.599556] [I][readINI] ---------- Test Plan 2 ----------
[2020/07/29 00:37:25.601564] [I][readINI] TestPlan2 = ZIGBEE_2450;19/2445;RX_RSSI
[2020/07/29 00:37:25.605277] [I][readINI] CableLoss = ['8.9'] dBm
[2020/07/29 00:37:25.607737] [I][readINI] RX_Cell_Power = ['-25'] dBm
[2020/07/29 00:37:25.609745] [I][readINI] RX_LNAON_RSSI_SpecMax = ['-9'] %
[2020/07/29 00:37:25.611750] [I][readINI] RX_LNAON_RSSI_SpecMin = ['-18'] %
[2020/07/29 00:37:25.614759] [I][readINI] RX_LNAOFF_RSSI_SpecMax = ['-24'] %
[2020/07/29 00:37:25.617802] [I][readINI] RX_LNAOFF_RSSI_SpecMin = ['-30'] %
[2020/07/29 00:37:25.621296] [I][readINI] ---------- Test Plan 2 ----------
[2020/07/29 00:37:25.626350] [I][readINI] StartButton_ON = 0
[2020/07/29 00:37:25.629360] [I][readINI] FailAutoExit = True
[2020/07/29 00:37:25.631368] [I][readINI] FailRetryAll = True
[2020/07/29 00:37:25.634376] [I][readINI] RFDatabase = True
[2020/07/29 00:37:25.637415] [I][readINI] EC = 010000S01
[2020/07/29 00:37:25.640391] [I][readINI] ---------- INI ----------
[2020/07/29 00:37:25.643429] [I][readInstrumentINI] ---------- Common ----------
[2020/07/29 00:37:25.645405] [I][readInstrumentINI] Instrument_Name = E6640A
[2020/07/29 00:37:25.649425] [I][readInstrumentINI] Instrument_IP_Addr = TCPIP0::192.168.1.2::hislip0::INSTR
[2020/07/29 00:37:25.651429] [I][readInstrumentINI] PowerSupplier_Name = 66321B
[2020/07/29 00:37:25.654458] [I][readInstrumentINI] PowerSupplier_Addr = GPIB0::5::INSTR
[2020/07/29 00:37:25.658320] [I][readInstrumentINI] Current_Delay = 0.5
[2020/07/29 00:37:25.660352] [I][readInstrumentINI] ---------- Common ----------
[2020/07/29 00:37:25.663655] [I][readInstrumentINI] ---------- ZIGBEE_2450 ----------
[2020/07/29 00:37:25.665698] [I][readInstrumentINI] RFIO_Input = 1
[2020/07/29 00:37:25.669673] [I][readInstrumentINI] Tx_Span = 10000.0 kHz
[2020/07/29 00:37:25.671679] [I][readInstrumentINI] Tx_PowRange = 20.0 dBm
[2020/07/29 00:37:25.674687] [I][readInstrumentINI] Tx_SymbolRate = 1000.0 kHz
[2020/07/29 00:37:25.676698] [I][readInstrumentINI] Tx_MeasInterval = 500
[2020/07/29 00:37:25.679701] [I][readInstrumentINI] Tx_TrigLevel = 30.0 mV
[2020/07/29 00:37:25.682745] [I][readInstrumentINI] Tx_TrigDelay = 0.3 ms
[2020/07/29 00:37:25.685733] [I][readInstrumentINI] RFIO_Output = 1
[2020/07/29 00:37:25.689727] [I][readInstrumentINI] ---------- ZIGBEE_2450 ----------
[2020/07/29 00:37:25.691733] ---------- StartTest ----------
[2020/07/29 00:37:25.701767] [I][chkDUTConnect] Connect to DUT
[2020/07/29 00:37:25.713034] [I][chkDUTConnect] Check DUT status
[2020/07/29 00:37:26.536767] [W][chkDUTConnect] Fail
[2020/07/29 00:37:49.623776] [I][pressCancelBtn] User click cancel button!
[2020/07/29 00:37:49.676179] [I][TestResult] Test Fail! Connect DUT fail
[2020/07/29 00:37:49.688255] ========== End MDUT ==========


