[2020/07/29 07:07:24.444986]========== Start ==========
[2020/07/29 07:07:24.445990][I][class_E6640A_LTE] Initial class_E6640A_LTE
[2020/07/29 07:07:24.447993][I][class_E6640A_LTE] Version: 3.0.0.3
[2020/07/29 07:07:24.452006][I][connect_E6640A] Connect to E6640A
[2020/07/29 07:07:24.462033][I][connect_E6640A] Resource Manager of Visa Library at C:\Windows\system32\visa32.dll
[2020/07/29 07:07:24.510160][I][queryEx] E6640A <= *IDN?
[2020/07/29 07:07:24.514172][I][queryEx] E6640A => Keysight Technologies,E6640A,MY57150246,E.19.71
[2020/07/29 07:07:24.518182][I][set_Preset] System reset
[2020/07/29 07:07:24.520247][I][writeEx] E6640A <= *RST
[2020/07/29 07:07:24.522191][I][writeEx] E6640A <= *CLS
[2020/07/29 07:07:24.524198][I][writeEx] E6640A <= SYST:PRES
[2020/07/29 07:07:24.827449][I][queryEx] E6640A <= *OPC?
[2020/07/29 07:07:25.584501][I][queryEx] E6640A => 1
[2020/07/29 07:07:25.592518][I][set_Preset] System reset
[2020/07/29 07:07:25.594521][I][writeEx] E6640A <= *RST
[2020/07/29 07:07:25.602542][I][writeEx] E6640A <= *CLS
[2020/07/29 07:07:25.605550][I][writeEx] E6640A <= SYST:PRES
[2020/07/29 07:07:25.908356][I][queryEx] E6640A <= *OPC?
[2020/07/29 07:07:26.690436][I][queryEx] E6640A => 1
[2020/07/29 07:07:26.940099][I][set_Preset] System reset
[2020/07/29 07:07:26.942105][I][writeEx] E6640A <= *RST
[2020/07/29 07:07:26.944111][I][writeEx] E6640A <= *CLS
[2020/07/29 07:07:26.946116][I][writeEx] E6640A <= SYST:PRES
[2020/07/29 07:07:27.248921][I][queryEx] E6640A <= *OPC?
[2020/07/29 07:07:28.064088][I][queryEx] E6640A => 1
[2020/07/29 07:07:28.072109][I][set_Tx_Start] Set Tx start
[2020/07/29 07:07:28.074114][I][set_RFI_Port] Set input port
[2020/07/29 07:07:28.076119][I][writeEx] E6640A <= :FEED:RF:PORT:INPut RFIO1
[2020/07/29 07:07:28.079128][I][queryEx] E6640A <= :FEED:RF:PORT:INPut?
[2020/07/29 07:07:28.083138][I][queryEx] E6640A => RFIO1
[2020/07/29 07:07:28.085144][I][set_Modulation_Analysis] Set measurement function
[2020/07/29 07:07:28.087149][I][writeEx] E6640A <= INST:SEL LTEAFDD
[2020/07/29 07:07:28.389955][I][queryEx] E6640A <= *OPC?
[2020/07/29 07:07:28.412014][I][queryEx] E6640A => 1
[2020/07/29 07:07:28.415022][I][queryEx] E6640A <= INST:SEL?
[2020/07/29 07:07:28.419032][I][queryEx] E6640A => LTEAFDD
[2020/07/29 07:07:28.422041][I][writeEx] E6640A <= DISP:CHP:VIEW:WIND:TRAC:Y:COUP OFF
[2020/07/29 07:07:28.424046][I][set_Freq] Set frequence
[2020/07/29 07:07:28.427053][I][writeEx] E6640A <= :FREQuency:CENTer 897.4 MHz
[2020/07/29 07:07:28.429060][I][set_Continue] Set continue
[2020/07/29 07:07:28.432067][I][writeEx] E6640A <= :INIT:CONT ON
[2020/07/29 07:07:28.434073][I][set_Trigger_Free_Run] Set trigger free run
[2020/07/29 07:07:28.437080][I][writeEx] E6640A <= TRIG:CHP:SOUR IMM
[2020/07/29 07:07:28.739886][I][queryEx] E6640A <= *OPC?
[2020/07/29 07:07:28.744900][I][queryEx] E6640A => 1
[2020/07/29 07:07:33.281291][I][chk_Tx_Result] Check Tx result
[2020/07/29 07:07:33.288301][I][set_Limit_Range] Set reference value
[2020/07/29 07:07:33.291340][I][writeEx] E6640A <= DISP:CHP:VIEW:WIND:TRAC:Y:RLEV 30.0 dBm
[2020/07/29 07:07:33.595397][I][queryEx] E6640A <= *OPC?
[2020/07/29 07:07:33.605978][I][queryEx] E6640A => 1
[2020/07/29 07:07:33.609381][I][set_Limit_Range] Set power range
[2020/07/29 07:07:33.611389][I][writeEx] E6640A <= :POW:RANG 30.0 dBm
[2020/07/29 07:07:33.916635][I][queryEx] E6640A <= *OPC?
[2020/07/29 07:07:33.925701][I][queryEx] E6640A => 1
[2020/07/29 07:07:33.929538][I][set_Trigger_Video] Set trigger video
[2020/07/29 07:07:33.931870][I][writeEx] E6640A <= TRIG:CHP:SOUR IF
[2020/07/29 07:07:34.235866][I][queryEx] E6640A <= *OPC?
[2020/07/29 07:07:34.245936][I][queryEx] E6640A => 1
[2020/07/29 07:07:34.350332][I][set_Trigger_Free_Run] Set trigger free run
[2020/07/29 07:07:34.357319][I][writeEx] E6640A <= TRIG:CHP:SOUR IMM
[2020/07/29 07:07:34.661958][I][queryEx] E6640A <= *OPC?
[2020/07/29 07:07:34.676435][I][queryEx] E6640A => 1
[2020/07/29 07:07:34.687422][I][get_Power] Get Tx power
[2020/07/29 07:07:34.693439][I][queryEx] E6640A <= :FETCh:CHPower:CHPower?
[2020/07/29 07:07:34.699526][I][queryEx] E6640A => 1.444211483E+01
[2020/07/29 07:07:34.703542][I][chk_Tx_Result] Tx power(add loss: 8.500000) = 22.942000 dBm
[2020/07/29 07:07:34.706606][I][set_Continue] Set continue
[2020/07/29 07:07:34.709558][I][writeEx] E6640A <= :INIT:CONT ON
[2020/07/29 07:07:36.666575][I][set_Preset] System reset
[2020/07/29 07:07:36.669582][I][writeEx] E6640A <= *RST
[2020/07/29 07:07:36.672993][I][writeEx] E6640A <= *CLS
[2020/07/29 07:07:36.675676][I][writeEx] E6640A <= SYST:PRES
[2020/07/29 07:07:36.980461][I][queryEx] E6640A <= *OPC?
[2020/07/29 07:07:37.713915][I][queryEx] E6640A => 1
[2020/07/29 07:07:37.727064][I][set_Tx_Start] Set Tx start
[2020/07/29 07:07:37.731038][I][set_RFI_Port] Set input port
[2020/07/29 07:07:37.734045][I][writeEx] E6640A <= :FEED:RF:PORT:INPut RFIO1
[2020/07/29 07:07:37.737053][I][queryEx] E6640A <= :FEED:RF:PORT:INPut?
[2020/07/29 07:07:37.743981][I][queryEx] E6640A => RFIO1
[2020/07/29 07:07:37.746990][I][set_Modulation_Analysis] Set measurement function
[2020/07/29 07:07:37.751001][I][writeEx] E6640A <= INST:SEL LTEAFDD
[2020/07/29 07:07:38.056347][I][queryEx] E6640A <= *OPC?
[2020/07/29 07:07:38.065722][I][queryEx] E6640A => 1
[2020/07/29 07:07:38.072701][I][queryEx] E6640A <= INST:SEL?
[2020/07/29 07:07:38.081729][I][queryEx] E6640A => LTEAFDD
[2020/07/29 07:07:38.088743][I][writeEx] E6640A <= DISP:CHP:VIEW:WIND:TRAC:Y:COUP OFF
[2020/07/29 07:07:38.094765][I][set_Freq] Set frequence
[2020/07/29 07:07:38.098170][I][writeEx] E6640A <= :FREQuency:CENTer 1950.0 MHz
[2020/07/29 07:07:38.101582][I][set_Continue] Set continue
[2020/07/29 07:07:38.104593][I][writeEx] E6640A <= :INIT:CONT ON
[2020/07/29 07:07:38.107600][I][set_Trigger_Free_Run] Set trigger free run
[2020/07/29 07:07:38.110859][I][writeEx] E6640A <= TRIG:CHP:SOUR IMM
[2020/07/29 07:07:38.415283][I][queryEx] E6640A <= *OPC?
[2020/07/29 07:07:38.426545][I][queryEx] E6640A => 1
[2020/07/29 07:07:42.792599][I][chk_Tx_Result] Check Tx result
[2020/07/29 07:07:42.799857][I][set_Limit_Range] Set reference value
[2020/07/29 07:07:42.802868][I][writeEx] E6640A <= DISP:CHP:VIEW:WIND:TRAC:Y:RLEV 30.0 dBm
[2020/07/29 07:07:43.107815][I][queryEx] E6640A <= *OPC?
[2020/07/29 07:07:43.117118][I][queryEx] E6640A => 1
[2020/07/29 07:07:43.121720][I][set_Limit_Range] Set power range
[2020/07/29 07:07:43.124730][I][writeEx] E6640A <= :POW:RANG 30.0 dBm
[2020/07/29 07:07:43.429696][I][queryEx] E6640A <= *OPC?
[2020/07/29 07:07:43.439699][I][queryEx] E6640A => 1
[2020/07/29 07:07:43.443440][I][set_Trigger_Video] Set trigger video
[2020/07/29 07:07:43.446450][I][writeEx] E6640A <= TRIG:CHP:SOUR IF
[2020/07/29 07:07:43.751278][I][queryEx] E6640A <= *OPC?
[2020/07/29 07:07:43.759705][I][queryEx] E6640A => 1
[2020/07/29 07:07:43.865451][I][set_Trigger_Free_Run] Set trigger free run
[2020/07/29 07:07:43.879505][I][writeEx] E6640A <= TRIG:CHP:SOUR IMM
[2020/07/29 07:07:44.188305][I][queryEx] E6640A <= *OPC?
[2020/07/29 07:07:44.199403][I][queryEx] E6640A => 1
[2020/07/29 07:07:44.203249][I][get_Power] Get Tx power
[2020/07/29 07:07:44.206260][I][queryEx] E6640A <= :FETCh:CHPower:CHPower?
[2020/07/29 07:07:44.213136][I][queryEx] E6640A => 1.162738419E+01
[2020/07/29 07:07:44.216146][I][chk_Tx_Result] Tx power(add loss: 9.200000) = 20.827000 dBm
[2020/07/29 07:07:44.220158][I][set_Continue] Set continue
[2020/07/29 07:07:44.223164][I][writeEx] E6640A <= :INIT:CONT ON
[2020/07/29 07:07:46.175530][I][set_Preset] System reset
[2020/07/29 07:07:46.178576][I][writeEx] E6640A <= *RST
[2020/07/29 07:07:46.181546][I][writeEx] E6640A <= *CLS
[2020/07/29 07:07:46.185557][I][writeEx] E6640A <= SYST:PRES
[2020/07/29 07:07:46.490214][I][queryEx] E6640A <= *OPC?
[2020/07/29 07:07:47.211409][I][queryEx] E6640A => 1
[2020/07/29 07:07:47.234423][I][set_Tx_Start] Set Tx start
[2020/07/29 07:07:47.237435][I][set_RFI_Port] Set input port
[2020/07/29 07:07:47.240439][I][writeEx] E6640A <= :FEED:RF:PORT:INPut RFIO1
[2020/07/29 07:07:47.244368][I][queryEx] E6640A <= :FEED:RF:PORT:INPut?
[2020/07/29 07:07:47.249876][I][queryEx] E6640A => RFIO1
[2020/07/29 07:07:47.254249][I][set_Modulation_Analysis] Set measurement function
[2020/07/29 07:07:47.257442][I][writeEx] E6640A <= INST:SEL LTEAFDD
[2020/07/29 07:07:47.561125][I][queryEx] E6640A <= *OPC?
[2020/07/29 07:07:47.571707][I][queryEx] E6640A => 1
[2020/07/29 07:07:47.576723][I][queryEx] E6640A <= INST:SEL?
[2020/07/29 07:07:47.584638][I][queryEx] E6640A => LTEAFDD
[2020/07/29 07:07:47.590659][I][writeEx] E6640A <= DISP:CHP:VIEW:WIND:TRAC:Y:COUP OFF
[2020/07/29 07:07:47.595671][I][set_Freq] Set frequence
[2020/07/29 07:07:47.598679][I][writeEx] E6640A <= :FREQuency:CENTer 914.8 MHz
[2020/07/29 07:07:47.602690][I][set_Continue] Set continue
[2020/07/29 07:07:47.605735][I][writeEx] E6640A <= :INIT:CONT ON
[2020/07/29 07:07:47.609709][I][set_Trigger_Free_Run] Set trigger free run
[2020/07/29 07:07:47.612753][I][writeEx] E6640A <= TRIG:CHP:SOUR IMM
[2020/07/29 07:07:47.918254][I][queryEx] E6640A <= *OPC?
[2020/07/29 07:07:47.929868][I][queryEx] E6640A => 1
[2020/07/29 07:07:50.952043][I][chk_Tx_Result] Check Tx result
[2020/07/29 07:07:50.958035][I][set_Limit_Range] Set reference value
[2020/07/29 07:07:50.961896][I][writeEx] E6640A <= DISP:CHP:VIEW:WIND:TRAC:Y:RLEV 30.0 dBm
[2020/07/29 07:07:51.266676][I][queryEx] E6640A <= *OPC?
[2020/07/29 07:07:51.275941][I][queryEx] E6640A => 1
[2020/07/29 07:07:51.280890][I][set_Limit_Range] Set power range
[2020/07/29 07:07:51.284718][I][writeEx] E6640A <= :POW:RANG 30.0 dBm
[2020/07/29 07:07:51.589675][I][queryEx] E6640A <= *OPC?
[2020/07/29 07:07:51.607724][I][queryEx] E6640A => 1
[2020/07/29 07:07:53.620308][I][set_Trigger_Video] Set trigger video
[2020/07/29 07:07:53.635332][I][writeEx] E6640A <= TRIG:CHP:SOUR IF
[2020/07/29 07:07:53.945295][I][queryEx] E6640A <= *OPC?
[2020/07/29 07:07:53.954967][I][queryEx] E6640A => 1
[2020/07/29 07:07:53.957977][I][get_Power] Get Tx power
[2020/07/29 07:07:53.961988][I][queryEx] E6640A <= :FETCh:CHPower:CHPower?
[2020/07/29 07:07:54.608379][I][queryEx] E6640A => 2.298971367E+01
[2020/07/29 07:07:54.622415][I][chk_Tx_Result] Tx power(add loss: 8.500000) = 31.490000 dBm
[2020/07/29 07:07:54.629425][I][set_Continue] Set continue
[2020/07/29 07:07:54.633603][I][writeEx] E6640A <= :INIT:CONT ON
[2020/07/29 07:07:56.376268][I][set_Preset] System reset
[2020/07/29 07:07:56.379274][I][writeEx] E6640A <= *RST
[2020/07/29 07:07:56.383286][I][writeEx] E6640A <= *CLS
[2020/07/29 07:07:56.386293][I][writeEx] E6640A <= SYST:PRES
[2020/07/29 07:07:56.692556][I][queryEx] E6640A <= *OPC?
[2020/07/29 07:07:57.349168][I][queryEx] E6640A => 1
[2020/07/29 07:07:57.364177][I][set_Rx_Waveform] Set Rx waveform
[2020/07/29 07:07:57.367150][I][set_RFO_Port] Set output port
[2020/07/29 07:07:57.371160][I][writeEx] E6640A <= :FEED:RF:PORT:OUTPut RFIO1
[2020/07/29 07:07:57.374206][I][queryEx] E6640A <= :FEED:RF:PORT:OUTPut?
[2020/07/29 07:07:57.381188][I][queryEx] E6640A => RFIO1
[2020/07/29 07:07:57.384238][I][set_OneTone_Freq] Set One Tone frequence
[2020/07/29 07:07:57.388319][I][writeEx] E6640A <= :SOUR:FREQ 959.8 MHz
[2020/07/29 07:07:57.391329][I][set_OneTone_Power] Set One Tone power
[2020/07/29 07:07:57.394338][I][writeEx] E6640A <= :SOURce:POWer -51.5
[2020/07/29 07:07:57.398348][I][loading_Waveform] Load waveform
[2020/07/29 07:07:57.401375][I][queryEx] E6640A <= :SOURce:RADio:ARB:CATalog?
[2020/07/29 07:07:57.463352][I][queryEx] E6640A => 9600,4184704,"CTX10_RFLTE_20160809.wfm"
[2020/07/29 07:07:57.470376][I][writeEx] E6640A <= :SOUR:RAD:ARB:WAV "D:\NVARB\CTX10_RFLTE_20160809.wfm"
[2020/07/29 07:07:57.778678][I][queryEx] E6640A <= *OPC?
[2020/07/29 07:07:57.797365][I][queryEx] E6640A => 1
[2020/07/29 07:07:57.809013][I][set_ARB_ON] Set ARB ON
[2020/07/29 07:07:57.815039][I][writeEx] E6640A <= :SOUR:RAD:ARB ON
[2020/07/29 07:07:57.818040][I][set_Sample_Rate] Set Sample Rate
[2020/07/29 07:07:57.822050][I][writeEx] E6640A <= SOUR:RAD:ARB:SCL:RATE 100.0 kHz
[2020/07/29 07:07:57.826060][I][set_Modulation_ON] Set ARB ON
[2020/07/29 07:07:57.830094][I][writeEx] E6640A <= :OUTP:MOD ON
[2020/07/29 07:07:57.836700][I][set_OneTone_Start] Set One Tone start
[2020/07/29 07:07:57.839709][I][writeEx] E6640A <= OUTP ON
[2020/07/29 07:08:04.213106][I][set_OneTone_Stop] Set One Tone stop
[2020/07/29 07:08:04.228365][I][writeEx] E6640A <= OUTP OFF
[2020/07/29 07:08:22.081187][I][disconnect_E6640A] Disconnect E6640A
[2020/07/29 07:08:22.084232][I][set_Preset] System reset
[2020/07/29 07:08:22.088219][I][writeEx] E6640A <= *RST
[2020/07/29 07:08:22.091232][I][writeEx] E6640A <= *CLS
[2020/07/29 07:08:22.094237][I][writeEx] E6640A <= SYST:PRES
[2020/07/29 07:08:22.400308][I][queryEx] E6640A <= *OPC?
[2020/07/29 07:08:23.029309][I][queryEx] E6640A => 1
[2020/07/29 07:08:23.045367]========== End ==========
[2020/07/29 07:13:24.103062]========== Start ==========
[2020/07/29 07:13:24.107066][I][class_E6640A_LTE] Initial class_E6640A_LTE
[2020/07/29 07:13:24.112119][I][class_E6640A_LTE] Version: 3.0.0.3
[2020/07/29 07:13:24.121105][I][connect_E6640A] Connect to E6640A
[2020/07/29 07:13:24.134181][I][connect_E6640A] Resource Manager of Visa Library at C:\Windows\system32\visa32.dll
[2020/07/29 07:13:24.187464][I][queryEx] E6640A <= *IDN?
[2020/07/29 07:13:24.196522][I][queryEx] E6640A => Keysight Technologies,E6640A,MY57150246,E.19.71
[2020/07/29 07:13:24.201498][I][set_Preset] System reset
[2020/07/29 07:13:24.205551][I][writeEx] E6640A <= *RST
[2020/07/29 07:13:24.210531][I][writeEx] E6640A <= *CLS
[2020/07/29 07:13:24.214568][I][writeEx] E6640A <= SYST:PRES
[2020/07/29 07:13:24.521228][I][queryEx] E6640A <= *OPC?
[2020/07/29 07:13:25.256193][I][queryEx] E6640A => 1
[2020/07/29 07:13:25.270179][I][set_Preset] System reset
[2020/07/29 07:13:25.274190][I][writeEx] E6640A <= *RST
[2020/07/29 07:13:25.280138][I][writeEx] E6640A <= *CLS
[2020/07/29 07:13:25.284152][I][writeEx] E6640A <= SYST:PRES
[2020/07/29 07:13:25.591757][I][queryEx] E6640A <= *OPC?
[2020/07/29 07:13:26.347016][I][queryEx] E6640A => 1
[2020/07/29 07:13:26.716858][I][set_Preset] System reset
[2020/07/29 07:13:26.722291][I][writeEx] E6640A <= *RST
[2020/07/29 07:13:26.726304][I][writeEx] E6640A <= *CLS
[2020/07/29 07:13:26.729349][I][writeEx] E6640A <= SYST:PRES
[2020/07/29 07:13:27.036277][I][queryEx] E6640A <= *OPC?
[2020/07/29 07:13:27.771379][I][queryEx] E6640A => 1
[2020/07/29 07:13:27.787609][I][set_Tx_Start] Set Tx start
[2020/07/29 07:13:27.792588][I][set_RFI_Port] Set input port
[2020/07/29 07:13:27.796641][I][writeEx] E6640A <= :FEED:RF:PORT:INPut RFIO1
[2020/07/29 07:13:27.800640][I][queryEx] E6640A <= :FEED:RF:PORT:INPut?
[2020/07/29 07:13:27.833781][I][queryEx] E6640A => RFIO1
[2020/07/29 07:13:27.838836][I][set_Modulation_Analysis] Set measurement function
[2020/07/29 07:13:27.842861][I][writeEx] E6640A <= INST:SEL LTEAFDD
[2020/07/29 07:13:28.149557][I][queryEx] E6640A <= *OPC?
[2020/07/29 07:13:28.158597][I][queryEx] E6640A => 1
[2020/07/29 07:13:28.163635][I][queryEx] E6640A <= INST:SEL?
[2020/07/29 07:13:28.181928][I][queryEx] E6640A => LTEAFDD
[2020/07/29 07:13:28.186944][I][writeEx] E6640A <= DISP:CHP:VIEW:WIND:TRAC:Y:COUP OFF
[2020/07/29 07:13:28.190673][I][set_Freq] Set frequence
[2020/07/29 07:13:28.195689][I][writeEx] E6640A <= :FREQuency:CENTer 897.4 MHz
[2020/07/29 07:13:28.199699][I][set_Continue] Set continue
[2020/07/29 07:13:28.203710][I][writeEx] E6640A <= :INIT:CONT ON
[2020/07/29 07:13:28.208723][I][set_Trigger_Free_Run] Set trigger free run
[2020/07/29 07:13:28.213773][I][writeEx] E6640A <= TRIG:CHP:SOUR IMM
[2020/07/29 07:13:28.519784][I][queryEx] E6640A <= *OPC?
[2020/07/29 07:13:28.530760][I][queryEx] E6640A => 1
[2020/07/29 07:13:33.108786][I][chk_Tx_Result] Check Tx result
[2020/07/29 07:13:33.116742][I][set_Limit_Range] Set reference value
[2020/07/29 07:13:33.122439][I][writeEx] E6640A <= DISP:CHP:VIEW:WIND:TRAC:Y:RLEV 30.0 dBm
[2020/07/29 07:13:33.428118][I][queryEx] E6640A <= *OPC?
[2020/07/29 07:13:33.439218][I][queryEx] E6640A => 1
[2020/07/29 07:13:33.443459][I][set_Limit_Range] Set power range
[2020/07/29 07:13:33.448512][I][writeEx] E6640A <= :POW:RANG 30.0 dBm
[2020/07/29 07:13:33.756066][I][queryEx] E6640A <= *OPC?
[2020/07/29 07:13:33.767124][I][queryEx] E6640A => 1
[2020/07/29 07:13:33.771131][I][set_Trigger_Video] Set trigger video
[2020/07/29 07:13:33.775142][I][writeEx] E6640A <= TRIG:CHP:SOUR IF
[2020/07/29 07:13:34.081606][I][queryEx] E6640A <= *OPC?
[2020/07/29 07:13:34.092860][I][queryEx] E6640A => 1
[2020/07/29 07:13:34.200250][I][set_Trigger_Free_Run] Set trigger free run
[2020/07/29 07:13:34.217290][I][writeEx] E6640A <= TRIG:CHP:SOUR IMM
[2020/07/29 07:13:34.531424][I][queryEx] E6640A <= *OPC?
[2020/07/29 07:13:34.543063][I][queryEx] E6640A => 1
[2020/07/29 07:13:34.548270][I][get_Power] Get Tx power
[2020/07/29 07:13:34.553347][I][queryEx] E6640A <= :FETCh:CHPower:CHPower?
[2020/07/29 07:13:34.560709][I][queryEx] E6640A => 1.445847607E+01
[2020/07/29 07:13:34.565768][I][chk_Tx_Result] Tx power(add loss: 8.500000) = 22.958000 dBm
[2020/07/29 07:13:34.570739][I][set_Continue] Set continue
[2020/07/29 07:13:34.574757][I][writeEx] E6640A <= :INIT:CONT ON
[2020/07/29 07:13:36.553782][I][set_Preset] System reset
[2020/07/29 07:13:36.558736][I][writeEx] E6640A <= *RST
[2020/07/29 07:13:36.563748][I][writeEx] E6640A <= *CLS
[2020/07/29 07:13:36.568829][I][writeEx] E6640A <= SYST:PRES
[2020/07/29 07:13:36.875370][I][queryEx] E6640A <= *OPC?
[2020/07/29 07:13:37.584498][I][queryEx] E6640A => 1
[2020/07/29 07:13:37.602524][I][set_Tx_Start] Set Tx start
[2020/07/29 07:13:37.607553][I][set_RFI_Port] Set input port
[2020/07/29 07:13:37.612418][I][writeEx] E6640A <= :FEED:RF:PORT:INPut RFIO1
[2020/07/29 07:13:37.615467][I][queryEx] E6640A <= :FEED:RF:PORT:INPut?
[2020/07/29 07:13:37.623477][I][queryEx] E6640A => RFIO1
[2020/07/29 07:13:37.628494][I][set_Modulation_Analysis] Set measurement function
[2020/07/29 07:13:37.632571][I][writeEx] E6640A <= INST:SEL LTEAFDD
[2020/07/29 07:13:37.937792][I][queryEx] E6640A <= *OPC?
[2020/07/29 07:13:37.947215][I][queryEx] E6640A => 1
[2020/07/29 07:13:37.952233][I][queryEx] E6640A <= INST:SEL?
[2020/07/29 07:13:37.959308][I][queryEx] E6640A => LTEAFDD
[2020/07/29 07:13:37.964697][I][writeEx] E6640A <= DISP:CHP:VIEW:WIND:TRAC:Y:COUP OFF
[2020/07/29 07:13:37.968712][I][set_Freq] Set frequence
[2020/07/29 07:13:37.973725][I][writeEx] E6640A <= :FREQuency:CENTer 1950.0 MHz
[2020/07/29 07:13:37.978137][I][set_Continue] Set continue
[2020/07/29 07:13:37.982187][I][writeEx] E6640A <= :INIT:CONT ON
[2020/07/29 07:13:37.987165][I][set_Trigger_Free_Run] Set trigger free run
[2020/07/29 07:13:37.992254][I][writeEx] E6640A <= TRIG:CHP:SOUR IMM
[2020/07/29 07:13:38.298355][I][queryEx] E6640A <= *OPC?
[2020/07/29 07:13:38.309859][I][queryEx] E6640A => 1
[2020/07/29 07:13:42.706404][I][chk_Tx_Result] Check Tx result
[2020/07/29 07:13:42.714440][I][set_Limit_Range] Set reference value
[2020/07/29 07:13:42.718455][I][writeEx] E6640A <= DISP:CHP:VIEW:WIND:TRAC:Y:RLEV 30.0 dBm
[2020/07/29 07:13:43.025334][I][queryEx] E6640A <= *OPC?
[2020/07/29 07:13:43.036679][I][queryEx] E6640A => 1
[2020/07/29 07:13:43.041695][I][set_Limit_Range] Set power range
[2020/07/29 07:13:43.046748][I][writeEx] E6640A <= :POW:RANG 30.0 dBm
[2020/07/29 07:13:43.352953][I][queryEx] E6640A <= *OPC?
[2020/07/29 07:13:43.364324][I][queryEx] E6640A => 1
[2020/07/29 07:13:43.369237][I][set_Trigger_Video] Set trigger video
[2020/07/29 07:13:43.374296][I][writeEx] E6640A <= TRIG:CHP:SOUR IF
[2020/07/29 07:13:43.680041][I][queryEx] E6640A <= *OPC?
[2020/07/29 07:13:43.690906][I][queryEx] E6640A => 1
[2020/07/29 07:13:43.796421][I][set_Trigger_Free_Run] Set trigger free run
[2020/07/29 07:13:43.811445][I][writeEx] E6640A <= TRIG:CHP:SOUR IMM
[2020/07/29 07:13:44.129026][I][queryEx] E6640A <= *OPC?
[2020/07/29 07:13:44.147760][I][queryEx] E6640A => 1
[2020/07/29 07:13:44.163843][I][get_Power] Get Tx power
[2020/07/29 07:13:44.171824][I][queryEx] E6640A <= :FETCh:CHPower:CHPower?
[2020/07/29 07:13:44.181800][I][queryEx] E6640A => 1.163144588E+01
[2020/07/29 07:13:44.187820][I][chk_Tx_Result] Tx power(add loss: 9.200000) = 20.831000 dBm
[2020/07/29 07:13:44.191866][I][set_Continue] Set continue
[2020/07/29 07:13:44.197847][I][writeEx] E6640A <= :INIT:CONT ON
[2020/07/29 07:13:46.173002][I][set_Preset] System reset
[2020/07/29 07:13:46.177016][I][writeEx] E6640A <= *RST
[2020/07/29 07:13:46.183792][I][writeEx] E6640A <= *CLS
[2020/07/29 07:13:46.187807][I][writeEx] E6640A <= SYST:PRES
[2020/07/29 07:13:46.494481][I][queryEx] E6640A <= *OPC?
[2020/07/29 07:13:47.190631][I][queryEx] E6640A => 1
[2020/07/29 07:13:47.207944][I][set_Tx_Start] Set Tx start
[2020/07/29 07:13:47.212959][I][set_RFI_Port] Set input port
[2020/07/29 07:13:47.217974][I][writeEx] E6640A <= :FEED:RF:PORT:INPut RFIO1
[2020/07/29 07:13:47.223027][I][queryEx] E6640A <= :FEED:RF:PORT:INPut?
[2020/07/29 07:13:47.230160][I][queryEx] E6640A => RFIO1
[2020/07/29 07:13:47.235050][I][set_Modulation_Analysis] Set measurement function
[2020/07/29 07:13:47.239066][I][writeEx] E6640A <= INST:SEL LTEAFDD
[2020/07/29 07:13:47.546049][I][queryEx] E6640A <= *OPC?
[2020/07/29 07:13:47.557871][I][queryEx] E6640A => 1
[2020/07/29 07:13:47.563158][I][queryEx] E6640A <= INST:SEL?
[2020/07/29 07:13:47.571077][I][queryEx] E6640A => LTEAFDD
[2020/07/29 07:13:47.575132][I][writeEx] E6640A <= DISP:CHP:VIEW:WIND:TRAC:Y:COUP OFF
[2020/07/29 07:13:47.580103][I][set_Freq] Set frequence
[2020/07/29 07:13:47.584114][I][writeEx] E6640A <= :FREQuency:CENTer 914.8 MHz
[2020/07/29 07:13:47.589828][I][set_Continue] Set continue
[2020/07/29 07:13:47.593842][I][writeEx] E6640A <= :INIT:CONT ON
[2020/07/29 07:13:47.599197][I][set_Trigger_Free_Run] Set trigger free run
[2020/07/29 07:13:47.603261][I][writeEx] E6640A <= TRIG:CHP:SOUR IMM
[2020/07/29 07:13:47.909891][I][queryEx] E6640A <= *OPC?
[2020/07/29 07:13:47.921085][I][queryEx] E6640A => 1
[2020/07/29 07:13:50.948803][I][chk_Tx_Result] Check Tx result
[2020/07/29 07:13:50.955386][I][set_Limit_Range] Set reference value
[2020/07/29 07:13:50.958397][I][writeEx] E6640A <= DISP:CHP:VIEW:WIND:TRAC:Y:RLEV 30.0 dBm
[2020/07/29 07:13:51.265326][I][queryEx] E6640A <= *OPC?
[2020/07/29 07:13:51.276761][I][queryEx] E6640A => 1
[2020/07/29 07:13:51.281780][I][set_Limit_Range] Set power range
[2020/07/29 07:13:51.286794][I][writeEx] E6640A <= :POW:RANG 30.0 dBm
[2020/07/29 07:13:51.593280][I][queryEx] E6640A <= *OPC?
[2020/07/29 07:13:51.605736][I][queryEx] E6640A => 1
[2020/07/29 07:13:53.613204][I][set_Trigger_Video] Set trigger video
[2020/07/29 07:13:53.622608][I][writeEx] E6640A <= TRIG:CHP:SOUR IF
[2020/07/29 07:13:53.929119][I][queryEx] E6640A <= *OPC?
[2020/07/29 07:13:53.941463][I][queryEx] E6640A => 1
[2020/07/29 07:13:53.945937][I][get_Power] Get Tx power
[2020/07/29 07:13:53.949954][I][queryEx] E6640A <= :FETCh:CHPower:CHPower?
[2020/07/29 07:13:54.574885][I][queryEx] E6640A => 2.297396851E+01
[2020/07/29 07:13:54.583870][I][chk_Tx_Result] Tx power(add loss: 8.500000) = 31.474000 dBm
[2020/07/29 07:13:54.588904][I][set_Continue] Set continue
[2020/07/29 07:13:54.592928][I][writeEx] E6640A <= :INIT:CONT ON
[2020/07/29 07:13:56.338432][I][set_Preset] System reset
[2020/07/29 07:13:56.342465][I][writeEx] E6640A <= *RST
[2020/07/29 07:13:56.347457][I][writeEx] E6640A <= *CLS
[2020/07/29 07:13:56.352469][I][writeEx] E6640A <= SYST:PRES
[2020/07/29 07:13:56.659735][I][queryEx] E6640A <= *OPC?
[2020/07/29 07:13:57.298281][I][queryEx] E6640A => 1
[2020/07/29 07:13:57.315306][I][set_Rx_Waveform] Set Rx waveform
[2020/07/29 07:13:57.320359][I][set_RFO_Port] Set output port
[2020/07/29 07:13:57.325310][I][writeEx] E6640A <= :FEED:RF:PORT:OUTPut RFIO1
[2020/07/29 07:13:57.330409][I][queryEx] E6640A <= :FEED:RF:PORT:OUTPut?
[2020/07/29 07:13:57.338436][I][queryEx] E6640A => RFIO1
[2020/07/29 07:13:57.342483][I][set_OneTone_Freq] Set One Tone frequence
[2020/07/29 07:13:57.347474][I][writeEx] E6640A <= :SOUR:FREQ 959.8 MHz
[2020/07/29 07:13:57.352686][I][set_OneTone_Power] Set One Tone power
[2020/07/29 07:13:57.356699][I][writeEx] E6640A <= :SOURce:POWer -51.5
[2020/07/29 07:13:57.362317][I][loading_Waveform] Load waveform
[2020/07/29 07:13:57.366329][I][queryEx] E6640A <= :SOURce:RADio:ARB:CATalog?
[2020/07/29 07:13:57.412415][I][queryEx] E6640A => 9600,4184704,"CTX10_RFLTE_20160809.wfm"
[2020/07/29 07:13:57.417431][I][writeEx] E6640A <= :SOUR:RAD:ARB:WAV "D:\NVARB\CTX10_RFLTE_20160809.wfm"
[2020/07/29 07:13:57.723308][I][queryEx] E6640A <= *OPC?
[2020/07/29 07:13:57.733751][I][queryEx] E6640A => 1
[2020/07/29 07:13:57.739051][I][set_ARB_ON] Set ARB ON
[2020/07/29 07:13:57.743066][I][writeEx] E6640A <= :SOUR:RAD:ARB ON
[2020/07/29 07:13:57.748381][I][set_Sample_Rate] Set Sample Rate
[2020/07/29 07:13:57.752393][I][writeEx] E6640A <= SOUR:RAD:ARB:SCL:RATE 100.0 kHz
[2020/07/29 07:13:57.757408][I][set_Modulation_ON] Set ARB ON
[2020/07/29 07:13:57.761442][I][writeEx] E6640A <= :OUTP:MOD ON
[2020/07/29 07:13:57.771445][I][set_OneTone_Start] Set One Tone start
[2020/07/29 07:13:57.775507][I][writeEx] E6640A <= OUTP ON
[2020/07/29 07:14:04.170210][I][set_OneTone_Stop] Set One Tone stop
[2020/07/29 07:14:04.176228][I][writeEx] E6640A <= OUTP OFF
[2020/07/29 07:14:22.236595][I][disconnect_E6640A] Disconnect E6640A
[2020/07/29 07:14:22.240605][I][set_Preset] System reset
[2020/07/29 07:14:22.245647][I][writeEx] E6640A <= *RST
[2020/07/29 07:14:22.249659][I][writeEx] E6640A <= *CLS
[2020/07/29 07:14:22.255660][I][writeEx] E6640A <= SYST:PRES
[2020/07/29 07:14:22.561632][I][queryEx] E6640A <= *OPC?
[2020/07/29 07:14:23.250463][I][queryEx] E6640A => 1
[2020/07/29 07:14:23.256533]========== End ==========
