[2020/07/29 07:05:12.056585]========== Start ==========
[2020/07/29 07:05:12.058484][I][class_E6640A_ZIGBEE] Initial class_E6640A_ZIGBEE
[2020/07/29 07:05:12.060448][I][class_E6640A_ZIGBEE] Version: 3.0.0.2
[2020/07/29 07:05:12.065491][I][connect_E6640A] Connect to E6640A
[2020/07/29 07:05:12.076467][I][connect_E6640A] Resource Manager of Visa Library at C:\Windows\system32\visa32.dll
[2020/07/29 07:05:12.127540][I][queryEx] E6640A <= *IDN?
[2020/07/29 07:05:12.132598][I][queryEx] E6640A => Keysight Technologies,E6640A,MY57150246,E.19.71
[2020/07/29 07:05:12.135593][I][set_Preset] System reset
[2020/07/29 07:05:12.136563][I][writeEx] E6640A <= *RST
[2020/07/29 07:05:12.138569][I][writeEx] E6640A <= *CLS
[2020/07/29 07:05:12.141745][I][writeEx] E6640A <= SYST:PRES
[2020/07/29 07:05:12.445370][I][queryEx] E6640A <= *OPC?
[2020/07/29 07:05:13.153653][I][queryEx] E6640A => 1
[2020/07/29 07:05:13.162236][I][set_Preset] System reset
[2020/07/29 07:05:13.164545][I][writeEx] E6640A <= *RST
[2020/07/29 07:05:13.166589][I][writeEx] E6640A <= *CLS
[2020/07/29 07:05:13.168557][I][writeEx] E6640A <= SYST:PRES
[2020/07/29 07:05:13.472001][I][queryEx] E6640A <= *OPC?
[2020/07/29 07:05:14.216627][I][queryEx] E6640A => 1
[2020/07/29 07:05:14.484564][I][set_Preset] System reset
[2020/07/29 07:05:14.486557][I][writeEx] E6640A <= *RST
[2020/07/29 07:05:14.489566][I][writeEx] E6640A <= *CLS
[2020/07/29 07:05:14.491570][I][writeEx] E6640A <= SYST:PRES
[2020/07/29 07:05:14.796091][I][queryEx] E6640A <= *OPC?
[2020/07/29 07:05:15.516029][I][queryEx] E6640A => 1
[2020/07/29 07:05:15.530017][I][set_Tx_Start] Set Tx start
[2020/07/29 07:05:15.532020][I][set_RFI_Port] Set input port
[2020/07/29 07:05:15.535028][I][writeEx] E6640A <= :FEED:RF:PORT:INPut RFIO1
[2020/07/29 07:05:15.537079][I][queryEx] E6640A <= :FEED:RF:PORT:INPut?
[2020/07/29 07:05:15.542064][I][queryEx] E6640A => RFIO1
[2020/07/29 07:05:15.544658][I][set_Modulation_Analysis] Set measurement function
[2020/07/29 07:05:15.546666][I][writeEx] E6640A <= INST:SEL VSA
[2020/07/29 07:05:15.850891][I][queryEx] E6640A <= *OPC?
[2020/07/29 07:05:15.859937][I][queryEx] E6640A => 1
[2020/07/29 07:05:15.862941][I][queryEx] E6640A <= INST:SEL?
[2020/07/29 07:05:15.868616][I][queryEx] E6640A => VSA
[2020/07/29 07:05:15.871622][I][writeEx] E6640A <= :CONFigure:DDEMod
[2020/07/29 07:05:16.176598][I][queryEx] E6640A <= *OPC?
[2020/07/29 07:05:16.364053][I][queryEx] E6640A => 1
[2020/07/29 07:05:16.376133][I][init_Zigbee_Mode] Initial Zigbee mode
[2020/07/29 07:05:16.384469][I][writeEx] E6640A <= :DDEM:STAN:PRES ZIGBEE2450
[2020/07/29 07:05:16.691004][I][queryEx] E6640A <= *OPC?
[2020/07/29 07:05:16.700147][I][queryEx] E6640A => 1
[2020/07/29 07:05:16.703158][I][set_Continue] Set continue
[2020/07/29 07:05:16.705161][I][writeEx] E6640A <= :INIT:CONT ON
[2020/07/29 07:05:16.708170][I][set_Freq] Set frequence
[2020/07/29 07:05:16.711177][I][writeEx] E6640A <= :FREQuency:CENTer 2425.0 MHz
[2020/07/29 07:05:16.715194][I][set_XScale_Span] Set frequence span
[2020/07/29 07:05:16.718234][I][writeEx] E6640A <= :FREQuency:SPAN 10000.000000 KHZ
[2020/07/29 07:05:16.721149][I][set_Power_Range] Get power range
[2020/07/29 07:05:16.724166][I][writeEx] E6640A <= :POW:RANG 20.000000
[2020/07/29 07:05:16.726173][I][set_Symbol_Rate] Get symbol rate
[2020/07/29 07:05:16.729182][I][writeEx] E6640A <= :DDEMod:SRATe 1000.000000 kHz
[2020/07/29 07:05:16.731186][I][set_Meas_Interval] Get meas interval
[2020/07/29 07:05:16.734199][I][writeEx] E6640A <= :DDEMod:SWEep:POINts 500
[2020/07/29 07:05:16.738235][I][set_Zigbee_TX_BandPower] Set marker function
[2020/07/29 07:05:16.741788][I][writeEx] E6640A <= CALC:DDEMod:MARK1:MODE POS
[2020/07/29 07:05:16.744623][I][writeEx] E6640A <= CALC:DDEMod:MARK1:TRAC 2
[2020/07/29 07:05:16.746630][I][writeEx] E6640A <= CALC:DDEMod:MARK1:FUNC BPOW
[2020/07/29 07:05:16.749638][I][writeEx] E6640A <= CALC:DDEMod:MARK1:FUNC:BPOW:CTYP MEAN
[2020/07/29 07:05:16.752646][I][writeEx] E6640A <= CALC:DDEMod:MARK1:FUNC:BAND:CENT 2425000000.000000
[2020/07/29 07:05:17.057932][I][queryEx] E6640A <= *OPC?
[2020/07/29 07:05:17.067781][I][queryEx] E6640A => 1
[2020/07/29 07:05:17.071519][I][queryEx] E6640A <= CALC:DDEMod:MARK1:FUNC:BAND:CENT?
[2020/07/29 07:05:17.076787][I][queryEx] E6640A => 2.425000000E+09
[2020/07/29 07:05:17.079571][I][writeEx] E6640A <= CALC:DDEMod:MARK1:FUNC:BAND:SPAN 10000000.000000
[2020/07/29 07:05:17.384814][I][queryEx] E6640A <= *OPC?
[2020/07/29 07:05:17.393954][I][queryEx] E6640A => 1
[2020/07/29 07:05:17.398517][I][set_Trigger_Video] Set trigger video
[2020/07/29 07:05:17.401528][I][writeEx] E6640A <= TRIG:DDEM:SOUR VID
[2020/07/29 07:05:17.706431][I][queryEx] E6640A <= *OPC?
[2020/07/29 07:05:17.715441][I][queryEx] E6640A => 1
[2020/07/29 07:05:17.720604][I][set_Trigger_Level] Set trigger level
[2020/07/29 07:05:17.723615][I][writeEx] E6640A <= :TRIGger:VIDeo:LEVel 30.000000 mV
[2020/07/29 07:05:17.726622][I][set_Trigger_Delay] Set trigger delay
[2020/07/29 07:05:17.730420][I][writeEx] E6640A <= :TRIGger:VIDeo:DELay:STATe ON
[2020/07/29 07:05:17.733431][I][queryEx] E6640A <= :TRIGger:VIDeo:DELay:STATe?
[2020/07/29 07:05:17.801073][I][queryEx] E6640A => 1
[2020/07/29 07:05:17.806016][I][writeEx] E6640A <= :TRIGger:VIDeo:DELay:STATe ON
[2020/07/29 07:05:17.811034][I][writeEx] E6640A <= :TRIGger:VIDeo:DELay 0.300000 ms
[2020/07/29 07:05:17.816098][I][init_Trigger_Reg] Initial trigger status register
[2020/07/29 07:05:17.821660][I][writeEx] E6640A <= *CLS
[2020/07/29 07:05:17.825802][I][writeEx] E6640A <= :STATus:PRESet
[2020/07/29 07:05:17.828811][I][writeEx] E6640A <= *SRE 192
[2020/07/29 07:05:17.832837][I][writeEx] E6640A <= :STATus:OPERation:ENABle 32
[2020/07/29 07:05:17.835829][I][writeEx] E6640A <= *CLS
[2020/07/29 07:05:17.838838][I][queryEx] E6640A <= *STB?
[2020/07/29 07:05:17.891363][I][queryEx] E6640A => 0
[2020/07/29 07:05:17.895376][I][init_Trigger_Reg] Status: 0
[2020/07/29 07:05:26.862605][I][chk_Tx_Result] Check Tx result
[2020/07/29 07:05:26.878149][I][get_Trigger_Status] Get trigger status
[2020/07/29 07:05:26.886176][I][queryEx] E6640A <= *STB?
[2020/07/29 07:05:26.895827][I][queryEx] E6640A => 192
[2020/07/29 07:05:26.900848][I][get_Trigger_Status] Status: 192
[2020/07/29 07:05:26.904857]Is triggered!
[2020/07/29 07:05:26.907865][I][writeEx] E6640A <= *CLS
[2020/07/29 07:05:26.911876][I][set_Continue] Set continue
[2020/07/29 07:05:26.915923][I][writeEx] E6640A <= :INIT:CONT ON
[2020/07/29 07:05:27.021349][I][set_Single] Set single
[2020/07/29 07:05:27.034396][I][writeEx] E6640A <= :INIT:CONT OFF
[2020/07/29 07:05:27.044419][I][set_Zigbee_TX_BandPower] Set marker function
[2020/07/29 07:05:27.051592][I][writeEx] E6640A <= CALC:DDEMod:MARK1:MODE POS
[2020/07/29 07:05:27.056611][I][writeEx] E6640A <= CALC:DDEMod:MARK1:TRAC 2
[2020/07/29 07:05:27.060619][I][writeEx] E6640A <= CALC:DDEMod:MARK1:FUNC BPOW
[2020/07/29 07:05:27.064630][I][writeEx] E6640A <= CALC:DDEMod:MARK1:FUNC:BPOW:CTYP MEAN
[2020/07/29 07:05:27.068344][I][writeEx] E6640A <= CALC:DDEMod:MARK1:FUNC:BAND:CENT 2425000000.000000
[2020/07/29 07:05:27.373360][I][queryEx] E6640A <= *OPC?
[2020/07/29 07:05:27.390397][I][queryEx] E6640A => 1
[2020/07/29 07:05:27.401421][I][queryEx] E6640A <= CALC:DDEMod:MARK1:FUNC:BAND:CENT?
[2020/07/29 07:05:27.411600][I][queryEx] E6640A => 2.425000000E+09
[2020/07/29 07:05:27.416620][I][writeEx] E6640A <= CALC:DDEMod:MARK1:FUNC:BAND:SPAN 10000000.000000
[2020/07/29 07:05:27.721812][I][queryEx] E6640A <= *OPC?
[2020/07/29 07:05:27.733473][I][queryEx] E6640A => 1
[2020/07/29 07:05:27.737521][I][get_Power] Get Tx power
[2020/07/29 07:05:27.740493][I][queryEx] E6640A <= :CALC:DDEMod:MARK1:Y?
[2020/07/29 07:05:27.746607][I][queryEx] E6640A => 2.209369219E+00
[2020/07/29 07:05:27.749383][I][chk_Tx_Result] Tx power(add loss: 8.200000) = 10.409000 dBm
[2020/07/29 07:05:27.753767][I][read_DDEMod_Array] Read measurement result
[2020/07/29 07:05:27.756777][I][queryEx] E6640A <= :READ:DDEMod?
[2020/07/29 07:05:28.009630][I][queryEx] E6640A => 1.301957417E+01,4.271398163E+01,2.220000000E+02,2.903063059E+00,1.550635719E+01,2.230000000E+02,9.91E+37,9.91E+37,9.91E+37,3.253681362E-01,-9.613037109E-01,4.360000000E+02,1.059550285E+01,3.515119171E+01,2.220000000E+02,3.100679688E+04,9.91E+37,9.91E+37,9.91E+37,9.91E+37,9.91E+37,-4.886871719E+01,9.91E+37,9.663760662E-01,-2.924047969E-02,2.646517754E-01,9.91E+37,9.91E+37,9.91E+37,9.91E+37,9.91E+37,9.91E+37,9.91E+37,9.91E+37,9.91E+37,9.91E+37,9.91E+37,9.91E+37,9.91E+37,9.91E+37,9.91E+37,9.91E+37,9.91E+37,9.91E+37,9.91E+37,9.91E+37,9.91E+37,9.91E+37,9.91E+37,9.91E+37,9.91E+37,9.91E+37,9.91E+37,9.91E+37,9.91E+37,9.91E+37,9.91E+37,9.91E+37,9.91E+37,9.91E+37,9.91E+37,3.597882343E-03,-1.757000282E-04
[2020/07/29 07:05:28.017644][I][set_Continue] Set continue
[2020/07/29 07:05:28.020652][I][writeEx] E6640A <= :INIT:CONT ON
[2020/07/29 07:05:38.473358][I][chk_Tx_Result] Check Tx result
[2020/07/29 07:05:38.479431][I][get_Trigger_Status] Get trigger status
[2020/07/29 07:05:38.486397][I][queryEx] E6640A <= *STB?
[2020/07/29 07:05:38.495216][I][queryEx] E6640A => 192
[2020/07/29 07:05:38.501236][I][get_Trigger_Status] Status: 192
[2020/07/29 07:05:38.505245]Is triggered!
[2020/07/29 07:05:38.509678][I][writeEx] E6640A <= *CLS
[2020/07/29 07:05:38.513760][I][set_Continue] Set continue
[2020/07/29 07:05:38.516770][I][writeEx] E6640A <= :INIT:CONT ON
[2020/07/29 07:05:38.621512][I][set_Single] Set single
[2020/07/29 07:05:38.635600][I][writeEx] E6640A <= :INIT:CONT OFF
[2020/07/29 07:05:38.646631][I][set_Zigbee_TX_BandPower] Set marker function
[2020/07/29 07:05:38.653675][I][writeEx] E6640A <= CALC:DDEMod:MARK1:MODE POS
[2020/07/29 07:05:38.658691][I][writeEx] E6640A <= CALC:DDEMod:MARK1:TRAC 2
[2020/07/29 07:05:38.663706][I][writeEx] E6640A <= CALC:DDEMod:MARK1:FUNC BPOW
[2020/07/29 07:05:38.667716][I][writeEx] E6640A <= CALC:DDEMod:MARK1:FUNC:BPOW:CTYP MEAN
[2020/07/29 07:05:38.671489][I][writeEx] E6640A <= CALC:DDEMod:MARK1:FUNC:BAND:CENT 2425000000.000000
[2020/07/29 07:05:38.976863][I][queryEx] E6640A <= *OPC?
[2020/07/29 07:05:38.987838][I][queryEx] E6640A => 1
[2020/07/29 07:05:38.991851][I][queryEx] E6640A <= CALC:DDEMod:MARK1:FUNC:BAND:CENT?
[2020/07/29 07:05:38.997638][I][queryEx] E6640A => 2.425000000E+09
[2020/07/29 07:05:39.002658][I][writeEx] E6640A <= CALC:DDEMod:MARK1:FUNC:BAND:SPAN 10000000.000000
[2020/07/29 07:05:39.307487][I][queryEx] E6640A <= *OPC?
[2020/07/29 07:05:39.324887][I][queryEx] E6640A => 1
[2020/07/29 07:05:39.336872][I][get_Power] Get Tx power
[2020/07/29 07:05:39.342931][I][queryEx] E6640A <= :CALC:DDEMod:MARK1:Y?
[2020/07/29 07:05:39.351948][I][queryEx] E6640A => 1.080349575E+00
[2020/07/29 07:05:39.355972][I][chk_Tx_Result] Tx power(add loss: 8.200000) = 9.280000 dBm
[2020/07/29 07:05:39.359993][I][read_DDEMod_Array] Read measurement result
[2020/07/29 07:05:39.364078][I][queryEx] E6640A <= :READ:DDEMod?
[2020/07/29 07:05:39.630953][I][queryEx] E6640A => 1.392477894E+01,4.494620895E+01,1.660000000E+02,3.393227577E+00,1.710724258E+01,1.660000000E+02,9.91E+37,9.91E+37,9.91E+37,3.252298534E-01,-9.063184261E-01,4.670000000E+02,1.134022141E+01,3.707902145E+01,1.660000000E+02,3.091450195E+04,9.91E+37,9.91E+37,9.91E+37,9.91E+37,9.91E+37,-4.847503662E+01,9.91E+37,9.615830779E-01,1.357448101E-01,3.345048130E-01,9.91E+37,9.91E+37,9.91E+37,9.91E+37,9.91E+37,9.91E+37,9.91E+37,9.91E+37,9.91E+37,9.91E+37,9.91E+37,9.91E+37,9.91E+37,9.91E+37,9.91E+37,9.91E+37,9.91E+37,9.91E+37,9.91E+37,9.91E+37,9.91E+37,9.91E+37,9.91E+37,9.91E+37,9.91E+37,9.91E+37,9.91E+37,9.91E+37,9.91E+37,9.91E+37,9.91E+37,9.91E+37,9.91E+37,9.91E+37,9.91E+37,2.991620917E-03,-2.292815829E-03
[2020/07/29 07:05:39.639987][I][set_Continue] Set continue
[2020/07/29 07:05:39.644114][I][writeEx] E6640A <= :INIT:CONT ON
[2020/07/29 07:05:41.105169][I][set_Preset] System reset
[2020/07/29 07:05:41.108175][I][writeEx] E6640A <= *RST
[2020/07/29 07:05:41.112202][I][writeEx] E6640A <= *CLS
[2020/07/29 07:05:41.115194][I][writeEx] E6640A <= SYST:PRES
[2020/07/29 07:05:41.421156][I][queryEx] E6640A <= *OPC?
[2020/07/29 07:05:42.399945][I][queryEx] E6640A => 1
[2020/07/29 07:05:42.412921][I][set_Tx_Start] Set Tx start
[2020/07/29 07:05:42.415930][I][set_RFI_Port] Set input port
[2020/07/29 07:05:42.418939][I][writeEx] E6640A <= :FEED:RF:PORT:INPut RFIO1
[2020/07/29 07:05:42.422985][I][queryEx] E6640A <= :FEED:RF:PORT:INPut?
[2020/07/29 07:05:42.428878][I][queryEx] E6640A => RFIO1
[2020/07/29 07:05:42.432181][I][set_Modulation_Analysis] Set measurement function
[2020/07/29 07:05:42.435191][I][writeEx] E6640A <= INST:SEL VSA
[2020/07/29 07:05:42.740558][I][queryEx] E6640A <= *OPC?
[2020/07/29 07:05:42.750573][I][queryEx] E6640A => 1
[2020/07/29 07:05:42.754544][I][queryEx] E6640A <= INST:SEL?
[2020/07/29 07:05:42.761568][I][queryEx] E6640A => VSA
[2020/07/29 07:05:42.765573][I][writeEx] E6640A <= :CONFigure:DDEMod
[2020/07/29 07:05:43.070927][I][queryEx] E6640A <= *OPC?
[2020/07/29 07:05:43.256289][I][queryEx] E6640A => 1
[2020/07/29 07:05:43.266307][I][init_Zigbee_Mode] Initial Zigbee mode
[2020/07/29 07:05:43.270318][I][writeEx] E6640A <= :DDEM:STAN:PRES ZIGBEE2450
[2020/07/29 07:05:43.575864][I][queryEx] E6640A <= *OPC?
[2020/07/29 07:05:43.593967][I][queryEx] E6640A => 1
[2020/07/29 07:05:43.605951][I][set_Continue] Set continue
[2020/07/29 07:05:43.612970][I][writeEx] E6640A <= :INIT:CONT ON
[2020/07/29 07:05:43.617983][I][set_Freq] Set frequence
[2020/07/29 07:05:43.622995][I][writeEx] E6640A <= :FREQuency:CENTer 2455.0 MHz
[2020/07/29 07:05:43.627007][I][set_XScale_Span] Set frequence span
[2020/07/29 07:05:43.631011][I][writeEx] E6640A <= :FREQuency:SPAN 10000.000000 KHZ
[2020/07/29 07:05:43.634023][I][set_Power_Range] Get power range
[2020/07/29 07:05:43.637031][I][writeEx] E6640A <= :POW:RANG 20.000000
[2020/07/29 07:05:43.641043][I][set_Symbol_Rate] Get symbol rate
[2020/07/29 07:05:43.644050][I][writeEx] E6640A <= :DDEMod:SRATe 1000.000000 kHz
[2020/07/29 07:05:43.648264][I][set_Meas_Interval] Get meas interval
[2020/07/29 07:05:43.651694][I][writeEx] E6640A <= :DDEMod:SWEep:POINts 500
[2020/07/29 07:05:43.654708][I][set_Zigbee_TX_BandPower] Set marker function
[2020/07/29 07:05:43.658474][I][writeEx] E6640A <= CALC:DDEMod:MARK1:MODE POS
[2020/07/29 07:05:43.661504][I][writeEx] E6640A <= CALC:DDEMod:MARK1:TRAC 2
[2020/07/29 07:05:43.664491][I][writeEx] E6640A <= CALC:DDEMod:MARK1:FUNC BPOW
[2020/07/29 07:05:43.668503][I][writeEx] E6640A <= CALC:DDEMod:MARK1:FUNC:BPOW:CTYP MEAN
[2020/07/29 07:05:43.671918][I][writeEx] E6640A <= CALC:DDEMod:MARK1:FUNC:BAND:CENT 2455000000.000000
[2020/07/29 07:05:43.976509][I][queryEx] E6640A <= *OPC?
[2020/07/29 07:05:43.988532][I][queryEx] E6640A => 1
[2020/07/29 07:05:43.992502][I][queryEx] E6640A <= CALC:DDEMod:MARK1:FUNC:BAND:CENT?
[2020/07/29 07:05:43.998602][I][queryEx] E6640A => 2.455000000E+09
[2020/07/29 07:05:44.002566][I][writeEx] E6640A <= CALC:DDEMod:MARK1:FUNC:BAND:SPAN 10000000.000000
[2020/07/29 07:05:44.306541][I][queryEx] E6640A <= *OPC?
[2020/07/29 07:05:44.317096][I][queryEx] E6640A => 1
[2020/07/29 07:05:44.321106][I][set_Trigger_Video] Set trigger video
[2020/07/29 07:05:44.324153][I][writeEx] E6640A <= TRIG:DDEM:SOUR VID
[2020/07/29 07:05:44.628892][I][queryEx] E6640A <= *OPC?
[2020/07/29 07:05:44.641058][I][queryEx] E6640A => 1
[2020/07/29 07:05:44.645074][I][set_Trigger_Level] Set trigger level
[2020/07/29 07:05:44.649121][I][writeEx] E6640A <= :TRIGger:VIDeo:LEVel 30.000000 mV
[2020/07/29 07:05:44.653140][I][set_Trigger_Delay] Set trigger delay
[2020/07/29 07:05:44.657105][I][writeEx] E6640A <= :TRIGger:VIDeo:DELay:STATe ON
[2020/07/29 07:05:44.660150][I][queryEx] E6640A <= :TRIGger:VIDeo:DELay:STATe?
[2020/07/29 07:05:44.726955][I][queryEx] E6640A => 1
[2020/07/29 07:05:44.734036][I][writeEx] E6640A <= :TRIGger:VIDeo:DELay:STATe ON
[2020/07/29 07:05:44.739052][I][writeEx] E6640A <= :TRIGger:VIDeo:DELay 0.300000 ms
[2020/07/29 07:05:44.745661][I][init_Trigger_Reg] Initial trigger status register
[2020/07/29 07:05:44.750365][I][writeEx] E6640A <= *CLS
[2020/07/29 07:05:44.754416][I][writeEx] E6640A <= :STATus:PRESet
[2020/07/29 07:05:44.760399][I][writeEx] E6640A <= *SRE 192
[2020/07/29 07:05:44.764456][I][writeEx] E6640A <= :STATus:OPERation:ENABle 32
[2020/07/29 07:05:44.768451][I][writeEx] E6640A <= *CLS
[2020/07/29 07:05:44.772740][I][queryEx] E6640A <= *STB?
[2020/07/29 07:05:44.812841][I][queryEx] E6640A => 0
[2020/07/29 07:05:44.816854][I][init_Trigger_Reg] Status: 0
[2020/07/29 07:05:53.805159][I][chk_Tx_Result] Check Tx result
[2020/07/29 07:05:53.811236][I][get_Trigger_Status] Get trigger status
[2020/07/29 07:05:53.815226][I][queryEx] E6640A <= *STB?
[2020/07/29 07:05:53.822950][I][queryEx] E6640A => 192
[2020/07/29 07:05:53.826998][I][get_Trigger_Status] Status: 192
[2020/07/29 07:05:53.830984]Is triggered!
[2020/07/29 07:05:53.834032][I][writeEx] E6640A <= *CLS
[2020/07/29 07:05:53.837988][I][set_Continue] Set continue
[2020/07/29 07:05:53.841039][I][writeEx] E6640A <= :INIT:CONT ON
[2020/07/29 07:05:53.946814][I][set_Single] Set single
[2020/07/29 07:05:53.961859][I][writeEx] E6640A <= :INIT:CONT OFF
[2020/07/29 07:05:53.973843][I][set_Zigbee_TX_BandPower] Set marker function
[2020/07/29 07:05:53.981245][I][writeEx] E6640A <= CALC:DDEMod:MARK1:MODE POS
[2020/07/29 07:05:53.987414][I][writeEx] E6640A <= CALC:DDEMod:MARK1:TRAC 2
[2020/07/29 07:05:53.991464][I][writeEx] E6640A <= CALC:DDEMod:MARK1:FUNC BPOW
[2020/07/29 07:05:53.996441][I][writeEx] E6640A <= CALC:DDEMod:MARK1:FUNC:BPOW:CTYP MEAN
[2020/07/29 07:05:54.001291][I][writeEx] E6640A <= CALC:DDEMod:MARK1:FUNC:BAND:CENT 2455000000.000000
[2020/07/29 07:05:54.305908][I][queryEx] E6640A <= *OPC?
[2020/07/29 07:05:54.313975][I][queryEx] E6640A => 1
[2020/07/29 07:05:54.319985][I][queryEx] E6640A <= CALC:DDEMod:MARK1:FUNC:BAND:CENT?
[2020/07/29 07:05:54.328004][I][queryEx] E6640A => 2.455000000E+09
[2020/07/29 07:05:54.333203][I][writeEx] E6640A <= CALC:DDEMod:MARK1:FUNC:BAND:SPAN 10000000.000000
[2020/07/29 07:05:54.639623][I][queryEx] E6640A <= *OPC?
[2020/07/29 07:05:54.650473][I][queryEx] E6640A => 1
[2020/07/29 07:05:54.654486][I][get_Power] Get Tx power
[2020/07/29 07:05:54.658497][I][queryEx] E6640A <= :CALC:DDEMod:MARK1:Y?
[2020/07/29 07:05:54.664612][I][queryEx] E6640A => 1.726761703E+00
[2020/07/29 07:05:54.668522][I][chk_Tx_Result] Tx power(add loss: 8.900000) = 10.627000 dBm
[2020/07/29 07:05:54.672750][I][read_DDEMod_Array] Read measurement result
[2020/07/29 07:05:54.675759][I][queryEx] E6640A <= :READ:DDEMod?
[2020/07/29 07:05:54.948659][I][queryEx] E6640A => 1.286423397E+01,3.925613022E+01,1.500000000E+01,2.921298027E+00,1.438919163E+01,1.500000000E+01,9.91E+37,9.91E+37,9.91E+37,2.987666130E-01,-8.350312710E-01,2.630000000E+02,1.047096252E+01,-3.227170181E+01,1.500000000E+01,3.130431250E+04,9.91E+37,9.91E+37,9.91E+37,9.91E+37,9.91E+37,-5.281078339E+01,9.91E+37,9.671691656E-01,-5.651625246E-02,2.215492278E-01,9.91E+37,9.91E+37,9.91E+37,9.91E+37,9.91E+37,9.91E+37,9.91E+37,9.91E+37,9.91E+37,9.91E+37,9.91E+37,9.91E+37,9.91E+37,9.91E+37,9.91E+37,9.91E+37,9.91E+37,9.91E+37,9.91E+37,9.91E+37,9.91E+37,9.91E+37,9.91E+37,9.91E+37,9.91E+37,9.91E+37,9.91E+37,9.91E+37,9.91E+37,9.91E+37,9.91E+37,9.91E+37,9.91E+37,9.91E+37,9.91E+37,2.267014002E-03,3.093666746E-04
[2020/07/29 07:05:54.954690][I][set_Continue] Set continue
[2020/07/29 07:05:54.958736][I][writeEx] E6640A <= :INIT:CONT ON
[2020/07/29 07:06:05.380537][I][chk_Tx_Result] Check Tx result
[2020/07/29 07:06:05.387544][I][get_Trigger_Status] Get trigger status
[2020/07/29 07:06:05.391555][I][queryEx] E6640A <= *STB?
[2020/07/29 07:06:05.398477][I][queryEx] E6640A => 192
[2020/07/29 07:06:05.402404][I][get_Trigger_Status] Status: 192
[2020/07/29 07:06:05.405414]Is triggered!
[2020/07/29 07:06:05.409426][I][writeEx] E6640A <= *CLS
[2020/07/29 07:06:05.413362][I][set_Continue] Set continue
[2020/07/29 07:06:05.416371][I][writeEx] E6640A <= :INIT:CONT ON
[2020/07/29 07:06:05.521516][I][set_Single] Set single
[2020/07/29 07:06:05.536518][I][writeEx] E6640A <= :INIT:CONT OFF
[2020/07/29 07:06:05.548543][I][set_Zigbee_TX_BandPower] Set marker function
[2020/07/29 07:06:05.556158][I][writeEx] E6640A <= CALC:DDEMod:MARK1:MODE POS
[2020/07/29 07:06:05.561176][I][writeEx] E6640A <= CALC:DDEMod:MARK1:TRAC 2
[2020/07/29 07:06:05.566189][I][writeEx] E6640A <= CALC:DDEMod:MARK1:FUNC BPOW
[2020/07/29 07:06:05.571227][I][writeEx] E6640A <= CALC:DDEMod:MARK1:FUNC:BPOW:CTYP MEAN
[2020/07/29 07:06:05.574237][I][writeEx] E6640A <= CALC:DDEMod:MARK1:FUNC:BAND:CENT 2455000000.000000
[2020/07/29 07:06:05.880100][I][queryEx] E6640A <= *OPC?
[2020/07/29 07:06:05.892139][I][queryEx] E6640A => 1
[2020/07/29 07:06:05.896149][I][queryEx] E6640A <= CALC:DDEMod:MARK1:FUNC:BAND:CENT?
[2020/07/29 07:06:05.902388][I][queryEx] E6640A => 2.455000000E+09
[2020/07/29 07:06:05.906176][I][writeEx] E6640A <= CALC:DDEMod:MARK1:FUNC:BAND:SPAN 10000000.000000
[2020/07/29 07:06:06.211532][I][queryEx] E6640A <= *OPC?
[2020/07/29 07:06:06.220498][I][queryEx] E6640A => 1
[2020/07/29 07:06:06.225517][I][get_Power] Get Tx power
[2020/07/29 07:06:06.228525][I][queryEx] E6640A <= :CALC:DDEMod:MARK1:Y?
[2020/07/29 07:06:06.235336][I][queryEx] E6640A => -2.732690308E-01
[2020/07/29 07:06:06.239243][I][chk_Tx_Result] Tx power(add loss: 8.900000) = 8.627000 dBm
[2020/07/29 07:06:06.243051][I][read_DDEMod_Array] Read measurement result
[2020/07/29 07:06:06.246060][I][queryEx] E6640A <= :READ:DDEMod?
[2020/07/29 07:06:06.399604][I][queryEx] E6640A => 1.237475204E+01,3.767833710E+01,4.220000000E+02,2.589278698E+00,1.342237282E+01,4.220000000E+02,9.91E+37,9.91E+37,9.91E+37,3.883970082E-01,-1.075720787E+00,4.870000000E+02,1.006094360E+01,-3.095473480E+01,4.220000000E+02,3.125833984E+04,9.91E+37,9.91E+37,9.91E+37,9.91E+37,9.91E+37,-4.761898804E+01,9.91E+37,9.695918560E-01,2.302049473E-02,2.510168552E-01,9.91E+37,9.91E+37,9.91E+37,9.91E+37,9.91E+37,9.91E+37,9.91E+37,9.91E+37,9.91E+37,9.91E+37,9.91E+37,9.91E+37,9.91E+37,9.91E+37,9.91E+37,9.91E+37,9.91E+37,9.91E+37,9.91E+37,9.91E+37,9.91E+37,9.91E+37,9.91E+37,9.91E+37,9.91E+37,9.91E+37,9.91E+37,9.91E+37,9.91E+37,9.91E+37,9.91E+37,9.91E+37,9.91E+37,9.91E+37,9.91E+37,-4.159378354E-03,4.200610056E-05
[2020/07/29 07:06:06.416619][I][set_Continue] Set continue
[2020/07/29 07:06:06.425634][I][writeEx] E6640A <= :INIT:CONT ON
[2020/07/29 07:06:07.867202][I][set_Preset] System reset
[2020/07/29 07:06:07.871214][I][writeEx] E6640A <= *RST
[2020/07/29 07:06:07.875233][I][writeEx] E6640A <= *CLS
[2020/07/29 07:06:07.878231][I][writeEx] E6640A <= SYST:PRES
[2020/07/29 07:06:08.184791][I][queryEx] E6640A <= *OPC?
[2020/07/29 07:06:09.138672][I][queryEx] E6640A => 1
[2020/07/29 07:06:09.153720][I][set_Tx_Start] Set Tx start
[2020/07/29 07:06:09.156734][I][set_RFI_Port] Set input port
[2020/07/29 07:06:09.160755][I][writeEx] E6640A <= :FEED:RF:PORT:INPut RFIO1
[2020/07/29 07:06:09.164751][I][queryEx] E6640A <= :FEED:RF:PORT:INPut?
[2020/07/29 07:06:09.170913][I][queryEx] E6640A => RFIO1
[2020/07/29 07:06:09.174567][I][set_Modulation_Analysis] Set measurement function
[2020/07/29 07:06:09.177576][I][writeEx] E6640A <= INST:SEL VSA
[2020/07/29 07:06:09.483328][I][queryEx] E6640A <= *OPC?
[2020/07/29 07:06:09.493306][I][queryEx] E6640A => 1
[2020/07/29 07:06:09.498557][I][queryEx] E6640A <= INST:SEL?
[2020/07/29 07:06:09.505579][I][queryEx] E6640A => VSA
[2020/07/29 07:06:09.509588][I][writeEx] E6640A <= :CONFigure:DDEMod
[2020/07/29 07:06:09.814972][I][queryEx] E6640A <= *OPC?
[2020/07/29 07:06:10.025997][I][queryEx] E6640A => 1
[2020/07/29 07:06:10.042037][I][init_Zigbee_Mode] Initial Zigbee mode
[2020/07/29 07:06:10.052013][I][writeEx] E6640A <= :DDEM:STAN:PRES ZIGBEE2450
[2020/07/29 07:06:10.359959][I][queryEx] E6640A <= *OPC?
[2020/07/29 07:06:10.379005][I][queryEx] E6640A => 1
[2020/07/29 07:06:10.387023][I][set_Continue] Set continue
[2020/07/29 07:06:10.393037][I][writeEx] E6640A <= :INIT:CONT ON
[2020/07/29 07:06:10.398050][I][set_Freq] Set frequence
[2020/07/29 07:06:10.402725][I][writeEx] E6640A <= :FREQuency:CENTer 2470.0 MHz
[2020/07/29 07:06:10.405734][I][set_XScale_Span] Set frequence span
[2020/07/29 07:06:10.409745][I][writeEx] E6640A <= :FREQuency:SPAN 10000.000000 KHZ
[2020/07/29 07:06:10.413755][I][set_Power_Range] Get power range
[2020/07/29 07:06:10.417772][I][writeEx] E6640A <= :POW:RANG 20.000000
[2020/07/29 07:06:10.421887][I][set_Symbol_Rate] Get symbol rate
[2020/07/29 07:06:10.425619][I][writeEx] E6640A <= :DDEMod:SRATe 1000.000000 kHz
[2020/07/29 07:06:10.428628][I][set_Meas_Interval] Get meas interval
[2020/07/29 07:06:10.432639][I][writeEx] E6640A <= :DDEMod:SWEep:POINts 500
[2020/07/29 07:06:10.436680][I][set_Zigbee_TX_BandPower] Set marker function
[2020/07/29 07:06:10.439658][I][writeEx] E6640A <= CALC:DDEMod:MARK1:MODE POS
[2020/07/29 07:06:10.443668][I][writeEx] E6640A <= CALC:DDEMod:MARK1:TRAC 2
[2020/07/29 07:06:10.447679][I][writeEx] E6640A <= CALC:DDEMod:MARK1:FUNC BPOW
[2020/07/29 07:06:10.452004][I][writeEx] E6640A <= CALC:DDEMod:MARK1:FUNC:BPOW:CTYP MEAN
[2020/07/29 07:06:10.455017][I][writeEx] E6640A <= CALC:DDEMod:MARK1:FUNC:BAND:CENT 2470000000.000000
[2020/07/29 07:06:10.760754][I][queryEx] E6640A <= *OPC?
[2020/07/29 07:06:10.769931][I][queryEx] E6640A => 1
[2020/07/29 07:06:10.775144][I][queryEx] E6640A <= CALC:DDEMod:MARK1:FUNC:BAND:CENT?
[2020/07/29 07:06:10.781706][I][queryEx] E6640A => 2.470000000E+09
[2020/07/29 07:06:10.786759][I][writeEx] E6640A <= CALC:DDEMod:MARK1:FUNC:BAND:SPAN 10000000.000000
[2020/07/29 07:06:11.092324][I][queryEx] E6640A <= *OPC?
[2020/07/29 07:06:11.104192][I][queryEx] E6640A => 1
[2020/07/29 07:06:11.109019][I][set_Trigger_Video] Set trigger video
[2020/07/29 07:06:11.113029][I][writeEx] E6640A <= TRIG:DDEM:SOUR VID
[2020/07/29 07:06:11.417723][I][queryEx] E6640A <= *OPC?
[2020/07/29 07:06:11.424790][I][queryEx] E6640A => 1
[2020/07/29 07:06:11.428807][I][set_Trigger_Level] Set trigger level
[2020/07/29 07:06:11.432810][I][writeEx] E6640A <= :TRIGger:VIDeo:LEVel 30.000000 mV
[2020/07/29 07:06:11.436822][I][set_Trigger_Delay] Set trigger delay
[2020/07/29 07:06:11.440832][I][writeEx] E6640A <= :TRIGger:VIDeo:DELay:STATe ON
[2020/07/29 07:06:11.444842][I][queryEx] E6640A <= :TRIGger:VIDeo:DELay:STATe?
[2020/07/29 07:06:11.504400][I][queryEx] E6640A => 1
[2020/07/29 07:06:11.520436][I][writeEx] E6640A <= :TRIGger:VIDeo:DELay:STATe ON
[2020/07/29 07:06:11.530460][I][writeEx] E6640A <= :TRIGger:VIDeo:DELay 0.300000 ms
[2020/07/29 07:06:11.537477][I][init_Trigger_Reg] Initial trigger status register
[2020/07/29 07:06:11.542528][I][writeEx] E6640A <= *CLS
[2020/07/29 07:06:11.547504][I][writeEx] E6640A <= :STATus:PRESet
[2020/07/29 07:06:11.552116][I][writeEx] E6640A <= *SRE 192
[2020/07/29 07:06:11.556128][I][writeEx] E6640A <= :STATus:OPERation:ENABle 32
[2020/07/29 07:06:11.560521][I][writeEx] E6640A <= *CLS
[2020/07/29 07:06:11.563531][I][queryEx] E6640A <= *STB?
[2020/07/29 07:06:11.609946][I][queryEx] E6640A => 0
[2020/07/29 07:06:11.613960][I][init_Trigger_Reg] Status: 0
[2020/07/29 07:06:20.635053][I][chk_Tx_Result] Check Tx result
[2020/07/29 07:06:20.640087][I][get_Trigger_Status] Get trigger status
[2020/07/29 07:06:20.645119][I][queryEx] E6640A <= *STB?
[2020/07/29 07:06:20.653101][I][queryEx] E6640A => 192
[2020/07/29 07:06:20.658114][I][get_Trigger_Status] Status: 192
[2020/07/29 07:06:20.662141]Is triggered!
[2020/07/29 07:06:20.666142][I][writeEx] E6640A <= *CLS
[2020/07/29 07:06:20.670147][I][set_Continue] Set continue
[2020/07/29 07:06:20.673155][I][writeEx] E6640A <= :INIT:CONT ON
[2020/07/29 07:06:20.779231][I][set_Single] Set single
[2020/07/29 07:06:20.795231][I][writeEx] E6640A <= :INIT:CONT OFF
[2020/07/29 07:06:20.805247][I][set_Zigbee_TX_BandPower] Set marker function
[2020/07/29 07:06:20.812470][I][writeEx] E6640A <= CALC:DDEMod:MARK1:MODE POS
[2020/07/29 07:06:20.817487][I][writeEx] E6640A <= CALC:DDEMod:MARK1:TRAC 2
[2020/07/29 07:06:20.823504][I][writeEx] E6640A <= CALC:DDEMod:MARK1:FUNC BPOW
[2020/07/29 07:06:20.828552][I][writeEx] E6640A <= CALC:DDEMod:MARK1:FUNC:BPOW:CTYP MEAN
[2020/07/29 07:06:20.832562][I][writeEx] E6640A <= CALC:DDEMod:MARK1:FUNC:BAND:CENT 2470000000.000000
[2020/07/29 07:06:21.138208][I][queryEx] E6640A <= *OPC?
[2020/07/29 07:06:21.147422][I][queryEx] E6640A => 1
[2020/07/29 07:06:21.152442][I][queryEx] E6640A <= CALC:DDEMod:MARK1:FUNC:BAND:CENT?
[2020/07/29 07:06:21.159462][I][queryEx] E6640A => 2.470000000E+09
[2020/07/29 07:06:21.163525][I][writeEx] E6640A <= CALC:DDEMod:MARK1:FUNC:BAND:SPAN 10000000.000000
[2020/07/29 07:06:21.469026][I][queryEx] E6640A <= *OPC?
[2020/07/29 07:06:21.479999][I][queryEx] E6640A => 1
[2020/07/29 07:06:21.484521][I][get_Power] Get Tx power
[2020/07/29 07:06:21.488534][I][queryEx] E6640A <= :CALC:DDEMod:MARK1:Y?
[2020/07/29 07:06:21.494850][I][queryEx] E6640A => 2.244921561E+00
[2020/07/29 07:06:21.498679][I][chk_Tx_Result] Tx power(add loss: 8.800000) = 11.045000 dBm
[2020/07/29 07:06:21.502710][I][read_DDEMod_Array] Read measurement result
[2020/07/29 07:06:21.506701][I][queryEx] E6640A <= :READ:DDEMod?
[2020/07/29 07:06:21.766244][I][queryEx] E6640A => 1.388452816E+01,4.087063980E+01,2.560000000E+02,3.191158533E+00,1.447585106E+01,2.570000000E+02,9.91E+37,9.91E+37,9.91E+37,3.257157803E-01,-8.562207222E-01,3.740000000E+02,1.130012608E+01,3.354962158E+01,2.560000000E+02,3.143210156E+04,9.91E+37,9.91E+37,9.91E+37,9.91E+37,9.91E+37,-4.871009064E+01,9.91E+37,9.618133307E-01,1.805826835E-02,3.743914664E-01,9.91E+37,9.91E+37,9.91E+37,9.91E+37,9.91E+37,9.91E+37,9.91E+37,9.91E+37,9.91E+37,9.91E+37,9.91E+37,9.91E+37,9.91E+37,9.91E+37,9.91E+37,9.91E+37,9.91E+37,9.91E+37,9.91E+37,9.91E+37,9.91E+37,9.91E+37,9.91E+37,9.91E+37,9.91E+37,9.91E+37,9.91E+37,9.91E+37,9.91E+37,9.91E+37,9.91E+37,9.91E+37,9.91E+37,9.91E+37,9.91E+37,3.474582452E-03,-1.177120139E-03
[2020/07/29 07:06:21.774255][I][set_Continue] Set continue
[2020/07/29 07:06:21.779271][I][writeEx] E6640A <= :INIT:CONT ON
[2020/07/29 07:06:32.214202][I][chk_Tx_Result] Check Tx result
[2020/07/29 07:06:32.222241][I][get_Trigger_Status] Get trigger status
[2020/07/29 07:06:32.226124][I][queryEx] E6640A <= *STB?
[2020/07/29 07:06:32.233027][I][queryEx] E6640A => 192
[2020/07/29 07:06:32.237041][I][get_Trigger_Status] Status: 192
[2020/07/29 07:06:32.240048]Is triggered!
[2020/07/29 07:06:32.244610][I][writeEx] E6640A <= *CLS
[2020/07/29 07:06:32.248660][I][set_Continue] Set continue
[2020/07/29 07:06:32.252424][I][writeEx] E6640A <= :INIT:CONT ON
[2020/07/29 07:06:32.356517][I][set_Single] Set single
[2020/07/29 07:06:32.360533][I][writeEx] E6640A <= :INIT:CONT OFF
[2020/07/29 07:06:32.364544][I][set_Zigbee_TX_BandPower] Set marker function
[2020/07/29 07:06:32.368554][I][writeEx] E6640A <= CALC:DDEMod:MARK1:MODE POS
[2020/07/29 07:06:32.372607][I][writeEx] E6640A <= CALC:DDEMod:MARK1:TRAC 2
[2020/07/29 07:06:32.378535][I][writeEx] E6640A <= CALC:DDEMod:MARK1:FUNC BPOW
[2020/07/29 07:06:32.382586][I][writeEx] E6640A <= CALC:DDEMod:MARK1:FUNC:BPOW:CTYP MEAN
[2020/07/29 07:06:32.385595][I][writeEx] E6640A <= CALC:DDEMod:MARK1:FUNC:BAND:CENT 2470000000.000000
[2020/07/29 07:06:32.692140][I][queryEx] E6640A <= *OPC?
[2020/07/29 07:06:32.703155][I][queryEx] E6640A => 1
[2020/07/29 07:06:32.707167][I][queryEx] E6640A <= CALC:DDEMod:MARK1:FUNC:BAND:CENT?
[2020/07/29 07:06:32.714186][I][queryEx] E6640A => 2.470000000E+09
[2020/07/29 07:06:32.718234][I][writeEx] E6640A <= CALC:DDEMod:MARK1:FUNC:BAND:SPAN 10000000.000000
[2020/07/29 07:06:33.024683][I][queryEx] E6640A <= *OPC?
[2020/07/29 07:06:33.035481][I][queryEx] E6640A => 1
[2020/07/29 07:06:33.039493][I][get_Power] Get Tx power
[2020/07/29 07:06:33.043504][I][queryEx] E6640A <= :CALC:DDEMod:MARK1:Y?
[2020/07/29 07:06:33.049870][I][queryEx] E6640A => 2.554961804E-01
[2020/07/29 07:06:33.053884][I][chk_Tx_Result] Tx power(add loss: 8.800000) = 9.055000 dBm
[2020/07/29 07:06:33.058706][I][read_DDEMod_Array] Read measurement result
[2020/07/29 07:06:33.061715][I][queryEx] E6640A <= :READ:DDEMod?
[2020/07/29 07:06:33.216415][I][queryEx] E6640A => 1.449273777E+01,4.069960403E+01,2.200000000E+02,3.386179686E+00,1.447830009E+01,2.200000000E+02,9.91E+37,9.91E+37,9.91E+37,4.063092172E-01,-1.012510061E+00,2.930000000E+02,1.178953457E+01,3.335220337E+01,2.200000000E+02,3.142531836E+04,9.91E+37,9.91E+37,9.91E+37,9.91E+37,9.91E+37,-4.597478485E+01,9.91E+37,9.584110379E-01,-3.494933993E-02,-3.809723258E-01,9.91E+37,9.91E+37,9.91E+37,9.91E+37,9.91E+37,9.91E+37,9.91E+37,9.91E+37,9.91E+37,9.91E+37,9.91E+37,9.91E+37,9.91E+37,9.91E+37,9.91E+37,9.91E+37,9.91E+37,9.91E+37,9.91E+37,9.91E+37,9.91E+37,9.91E+37,9.91E+37,9.91E+37,9.91E+37,9.91E+37,9.91E+37,9.91E+37,9.91E+37,9.91E+37,9.91E+37,9.91E+37,9.91E+37,9.91E+37,9.91E+37,-4.158894066E-03,-2.822894836E-03
[2020/07/29 07:06:33.233464][I][set_Continue] Set continue
[2020/07/29 07:06:33.243442][I][writeEx] E6640A <= :INIT:CONT ON
[2020/07/29 07:06:34.850036][I][set_Preset] System reset
[2020/07/29 07:06:34.854004][I][writeEx] E6640A <= *RST
[2020/07/29 07:06:34.858014][I][writeEx] E6640A <= *CLS
[2020/07/29 07:06:34.862724][I][writeEx] E6640A <= SYST:PRES
[2020/07/29 07:06:35.167774][I][queryEx] E6640A <= *OPC?
[2020/07/29 07:06:36.125011][I][queryEx] E6640A => 1
[2020/07/29 07:06:36.144246][I][set_Rx_OneTone] Set Rx one tone
[2020/07/29 07:06:36.147256][I][set_RFO_Port] Set output port
[2020/07/29 07:06:36.152026][I][writeEx] E6640A <= :FEED:RF:PORT:OUTPut RFIO1
[2020/07/29 07:06:36.155036][I][queryEx] E6640A <= :FEED:RF:PORT:OUTPut?
[2020/07/29 07:06:36.161770][I][queryEx] E6640A => RFIO1
[2020/07/29 07:06:36.165950][I][set_OneTone_Freq] Set One Tone frequence
[2020/07/29 07:06:36.168960][I][writeEx] E6640A <= :SOUR:FREQ 2445.0 MHz
[2020/07/29 07:06:36.172970][I][set_OneTone_Power] Set One Tone power
[2020/07/29 07:06:36.176981][I][writeEx] E6640A <= :SOURce:POWer -16.1
[2020/07/29 07:06:45.633073][I][set_OneTone_Start] Set One Tone start
[2020/07/29 07:06:45.637084][I][writeEx] E6640A <= OUTP ON
[2020/07/29 07:06:50.238773][I][set_OneTone_Stop] Set One Tone stop
[2020/07/29 07:06:50.242786][I][writeEx] E6640A <= OUTP OFF
[2020/07/29 07:06:50.253814][I][set_Rx_OneTone] Set Rx one tone
[2020/07/29 07:06:50.257825][I][set_RFO_Port] Set output port
[2020/07/29 07:06:50.260832][I][writeEx] E6640A <= :FEED:RF:PORT:OUTPut RFIO1
[2020/07/29 07:06:50.265433][I][queryEx] E6640A <= :FEED:RF:PORT:OUTPut?
[2020/07/29 07:06:50.271668][I][queryEx] E6640A => RFIO1
[2020/07/29 07:06:50.275723][I][set_OneTone_Freq] Set One Tone frequence
[2020/07/29 07:06:50.278732][I][writeEx] E6640A <= :SOUR:FREQ 2445.0 MHz
[2020/07/29 07:06:50.283749][I][set_OneTone_Power] Set One Tone power
[2020/07/29 07:06:50.286758][I][writeEx] E6640A <= :SOURce:POWer -16.1
[2020/07/29 07:06:58.993583][I][set_OneTone_Start] Set One Tone start
[2020/07/29 07:06:58.998110][I][writeEx] E6640A <= OUTP ON
[2020/07/29 07:07:04.074345][I][set_OneTone_Stop] Set One Tone stop
[2020/07/29 07:07:04.081399][I][writeEx] E6640A <= OUTP OFF
[2020/07/29 07:07:04.407617][I][disconnect_E6640A] Disconnect E6640A
[2020/07/29 07:07:04.413634]========== End ==========
[2020/07/29 07:11:10.655978]========== Start ==========
[2020/07/29 07:11:10.660015][I][class_E6640A_ZIGBEE] Initial class_E6640A_ZIGBEE
[2020/07/29 07:11:10.664026][I][class_E6640A_ZIGBEE] Version: 3.0.0.2
[2020/07/29 07:11:10.672047][I][connect_E6640A] Connect to E6640A
[2020/07/29 07:11:10.683853][I][connect_E6640A] Resource Manager of Visa Library at C:\Windows\system32\visa32.dll
[2020/07/29 07:11:10.762692][I][queryEx] E6640A <= *IDN?
[2020/07/29 07:11:10.769711][I][queryEx] E6640A => Keysight Technologies,E6640A,MY57150246,E.19.71
[2020/07/29 07:11:10.773722][I][set_Preset] System reset
[2020/07/29 07:11:10.777732][I][writeEx] E6640A <= *RST
[2020/07/29 07:11:10.781768][I][writeEx] E6640A <= *CLS
[2020/07/29 07:11:10.786789][I][writeEx] E6640A <= SYST:PRES
[2020/07/29 07:11:11.092543][I][queryEx] E6640A <= *OPC?
[2020/07/29 07:11:11.712923][I][queryEx] E6640A => 1
[2020/07/29 07:11:11.726914][I][set_Preset] System reset
[2020/07/29 07:11:11.730959][I][writeEx] E6640A <= *RST
[2020/07/29 07:11:11.736936][I][writeEx] E6640A <= *CLS
[2020/07/29 07:11:11.741956][I][writeEx] E6640A <= SYST:PRES
[2020/07/29 07:11:12.048623][I][queryEx] E6640A <= *OPC?
[2020/07/29 07:11:12.833212][I][queryEx] E6640A => 1
[2020/07/29 07:11:13.190745][I][set_Preset] System reset
[2020/07/29 07:11:13.194758][I][writeEx] E6640A <= *RST
[2020/07/29 07:11:13.200223][I][writeEx] E6640A <= *CLS
[2020/07/29 07:11:13.204275][I][writeEx] E6640A <= SYST:PRES
[2020/07/29 07:11:13.512245][I][queryEx] E6640A <= *OPC?
[2020/07/29 07:11:14.192449][I][queryEx] E6640A => 1
[2020/07/29 07:11:14.209485][I][set_Tx_Start] Set Tx start
[2020/07/29 07:11:14.214498][I][set_RFI_Port] Set input port
[2020/07/29 07:11:14.219554][I][writeEx] E6640A <= :FEED:RF:PORT:INPut RFIO1
[2020/07/29 07:11:14.225527][I][queryEx] E6640A <= :FEED:RF:PORT:INPut?
[2020/07/29 07:11:14.232548][I][queryEx] E6640A => RFIO1
[2020/07/29 07:11:14.237566][I][set_Modulation_Analysis] Set measurement function
[2020/07/29 07:11:14.241570][I][writeEx] E6640A <= INST:SEL VSA
[2020/07/29 07:11:14.548879][I][queryEx] E6640A <= *OPC?
[2020/07/29 07:11:14.640338][I][queryEx] E6640A => 1
[2020/07/29 07:11:14.658377][I][queryEx] E6640A <= INST:SEL?
[2020/07/29 07:11:14.670441][I][queryEx] E6640A => VSA
[2020/07/29 07:11:14.675641][I][writeEx] E6640A <= :CONFigure:DDEMod
[2020/07/29 07:11:14.980939][I][queryEx] E6640A <= *OPC?
[2020/07/29 07:11:15.153120][I][queryEx] E6640A => 1
[2020/07/29 07:11:15.170119][I][init_Zigbee_Mode] Initial Zigbee mode
[2020/07/29 07:11:15.179137][I][writeEx] E6640A <= :DDEM:STAN:PRES ZIGBEE2450
[2020/07/29 07:11:15.485804][I][queryEx] E6640A <= *OPC?
[2020/07/29 07:11:15.498135][I][queryEx] E6640A => 1
[2020/07/29 07:11:15.502186][I][set_Continue] Set continue
[2020/07/29 07:11:15.507210][I][writeEx] E6640A <= :INIT:CONT ON
[2020/07/29 07:11:15.512579][I][set_Freq] Set frequence
[2020/07/29 07:11:15.516591][I][writeEx] E6640A <= :FREQuency:CENTer 2425.0 MHz
[2020/07/29 07:11:15.521611][I][set_XScale_Span] Set frequence span
[2020/07/29 07:11:15.525654][I][writeEx] E6640A <= :FREQuency:SPAN 10000.000000 KHZ
[2020/07/29 07:11:15.530630][I][set_Power_Range] Get power range
[2020/07/29 07:11:15.534640][I][writeEx] E6640A <= :POW:RANG 20.000000
[2020/07/29 07:11:15.540961][I][set_Symbol_Rate] Get symbol rate
[2020/07/29 07:11:15.544987][I][writeEx] E6640A <= :DDEMod:SRATe 1000.000000 kHz
[2020/07/29 07:11:15.550761][I][set_Meas_Interval] Get meas interval
[2020/07/29 07:11:15.554817][I][writeEx] E6640A <= :DDEMod:SWEep:POINts 500
[2020/07/29 07:11:15.560463][I][set_Zigbee_TX_BandPower] Set marker function
[2020/07/29 07:11:15.564937][I][writeEx] E6640A <= CALC:DDEMod:MARK1:MODE POS
[2020/07/29 07:11:15.569953][I][writeEx] E6640A <= CALC:DDEMod:MARK1:TRAC 2
[2020/07/29 07:11:15.575018][I][writeEx] E6640A <= CALC:DDEMod:MARK1:FUNC BPOW
[2020/07/29 07:11:15.580037][I][writeEx] E6640A <= CALC:DDEMod:MARK1:FUNC:BPOW:CTYP MEAN
[2020/07/29 07:11:15.585047][I][writeEx] E6640A <= CALC:DDEMod:MARK1:FUNC:BAND:CENT 2425000000.000000
[2020/07/29 07:11:15.891048][I][queryEx] E6640A <= *OPC?
[2020/07/29 07:11:15.902591][I][queryEx] E6640A => 1
[2020/07/29 07:11:15.907646][I][queryEx] E6640A <= CALC:DDEMod:MARK1:FUNC:BAND:CENT?
[2020/07/29 07:11:15.916104][I][queryEx] E6640A => 2.425000000E+09
[2020/07/29 07:11:15.921119][I][writeEx] E6640A <= CALC:DDEMod:MARK1:FUNC:BAND:SPAN 10000000.000000
[2020/07/29 07:11:16.227871][I][queryEx] E6640A <= *OPC?
[2020/07/29 07:11:16.239949][I][queryEx] E6640A => 1
[2020/07/29 07:11:16.244357][I][set_Trigger_Video] Set trigger video
[2020/07/29 07:11:16.249374][I][writeEx] E6640A <= TRIG:DDEM:SOUR VID
[2020/07/29 07:11:16.556029][I][queryEx] E6640A <= *OPC?
[2020/07/29 07:11:16.567411][I][queryEx] E6640A => 1
[2020/07/29 07:11:16.572902][I][set_Trigger_Level] Set trigger level
[2020/07/29 07:11:16.577919][I][writeEx] E6640A <= :TRIGger:VIDeo:LEVel 30.000000 mV
[2020/07/29 07:11:16.582988][I][set_Trigger_Delay] Set trigger delay
[2020/07/29 07:11:16.588003][I][writeEx] E6640A <= :TRIGger:VIDeo:DELay:STATe ON
[2020/07/29 07:11:16.592054][I][queryEx] E6640A <= :TRIGger:VIDeo:DELay:STATe?
[2020/07/29 07:11:16.649793][I][queryEx] E6640A => 1
[2020/07/29 07:11:16.656815][I][writeEx] E6640A <= :TRIGger:VIDeo:DELay:STATe ON
[2020/07/29 07:11:16.663880][I][writeEx] E6640A <= :TRIGger:VIDeo:DELay 0.300000 ms
[2020/07/29 07:11:16.669882][I][init_Trigger_Reg] Initial trigger status register
[2020/07/29 07:11:16.676868][I][writeEx] E6640A <= *CLS
[2020/07/29 07:11:16.683926][I][writeEx] E6640A <= :STATus:PRESet
[2020/07/29 07:11:16.689902][I][writeEx] E6640A <= *SRE 192
[2020/07/29 07:11:16.694917][I][writeEx] E6640A <= :STATus:OPERation:ENABle 32
[2020/07/29 07:11:16.699929][I][writeEx] E6640A <= *CLS
[2020/07/29 07:11:16.704943][I][queryEx] E6640A <= *STB?
[2020/07/29 07:11:16.740133][I][queryEx] E6640A => 0
[2020/07/29 07:11:16.746193][I][init_Trigger_Reg] Status: 0
[2020/07/29 07:11:25.796085][I][chk_Tx_Result] Check Tx result
[2020/07/29 07:11:25.801732][I][get_Trigger_Status] Get trigger status
[2020/07/29 07:11:25.808331][I][queryEx] E6640A <= *STB?
[2020/07/29 07:11:25.816008][I][queryEx] E6640A => 192
[2020/07/29 07:11:25.821020][I][get_Trigger_Status] Status: 192
[2020/07/29 07:11:25.826035]Is triggered!
[2020/07/29 07:11:25.832051][I][writeEx] E6640A <= *CLS
[2020/07/29 07:11:25.837078][I][set_Continue] Set continue
[2020/07/29 07:11:25.842000][I][writeEx] E6640A <= :INIT:CONT ON
[2020/07/29 07:11:25.947456][I][set_Single] Set single
[2020/07/29 07:11:25.964489][I][writeEx] E6640A <= :INIT:CONT OFF
[2020/07/29 07:11:25.975480][I][set_Zigbee_TX_BandPower] Set marker function
[2020/07/29 07:11:25.983500][I][writeEx] E6640A <= CALC:DDEMod:MARK1:MODE POS
[2020/07/29 07:11:25.990518][I][writeEx] E6640A <= CALC:DDEMod:MARK1:TRAC 2
[2020/07/29 07:11:25.995413][I][writeEx] E6640A <= CALC:DDEMod:MARK1:FUNC BPOW
[2020/07/29 07:11:26.000469][I][writeEx] E6640A <= CALC:DDEMod:MARK1:FUNC:BPOW:CTYP MEAN
[2020/07/29 07:11:26.005443][I][writeEx] E6640A <= CALC:DDEMod:MARK1:FUNC:BAND:CENT 2425000000.000000
[2020/07/29 07:11:26.312185][I][queryEx] E6640A <= *OPC?
[2020/07/29 07:11:26.323520][I][queryEx] E6640A => 1
[2020/07/29 07:11:26.329575][I][queryEx] E6640A <= CALC:DDEMod:MARK1:FUNC:BAND:CENT?
[2020/07/29 07:11:26.338449][I][queryEx] E6640A => 2.425000000E+09
[2020/07/29 07:11:26.342463][I][writeEx] E6640A <= CALC:DDEMod:MARK1:FUNC:BAND:SPAN 10000000.000000
[2020/07/29 07:11:26.649653][I][queryEx] E6640A <= *OPC?
[2020/07/29 07:11:26.661978][I][queryEx] E6640A => 1
[2020/07/29 07:11:26.666993][I][get_Power] Get Tx power
[2020/07/29 07:11:26.672534][I][queryEx] E6640A <= :CALC:DDEMod:MARK1:Y?
[2020/07/29 07:11:26.681067][I][queryEx] E6640A => 2.192142153E+00
[2020/07/29 07:11:26.686061][I][chk_Tx_Result] Tx power(add loss: 8.200000) = 10.392000 dBm
[2020/07/29 07:11:26.692042][I][read_DDEMod_Array] Read measurement result
[2020/07/29 07:11:26.696097][I][queryEx] E6640A <= :READ:DDEMod?
[2020/07/29 07:11:26.957225][I][queryEx] E6640A => 1.290151405E+01,3.525925446E+01,1.850000000E+02,2.720514536E+00,1.162347031E+01,1.850000000E+02,9.91E+37,9.91E+37,9.91E+37,2.344127446E-01,-6.971359253E-01,8.400000000E+01,1.049708080E+01,2.887487411E+01,1.850000000E+02,3.068199414E+04,9.91E+37,9.91E+37,9.91E+37,9.91E+37,9.91E+37,-5.656554794E+01,9.91E+37,9.669757485E-01,-4.877543822E-02,2.538278401E-01,9.91E+37,9.91E+37,9.91E+37,9.91E+37,9.91E+37,9.91E+37,9.91E+37,9.91E+37,9.91E+37,9.91E+37,9.91E+37,9.91E+37,9.91E+37,9.91E+37,9.91E+37,9.91E+37,9.91E+37,9.91E+37,9.91E+37,9.91E+37,9.91E+37,9.91E+37,9.91E+37,9.91E+37,9.91E+37,9.91E+37,9.91E+37,9.91E+37,9.91E+37,9.91E+37,9.91E+37,9.91E+37,9.91E+37,9.91E+37,9.91E+37,1.397829270E-03,5.012592883E-04
[2020/07/29 07:11:26.966258][I][set_Continue] Set continue
[2020/07/29 07:11:26.972310][I][writeEx] E6640A <= :INIT:CONT ON
[2020/07/29 07:11:37.482523][I][chk_Tx_Result] Check Tx result
[2020/07/29 07:11:37.491751][I][get_Trigger_Status] Get trigger status
[2020/07/29 07:11:37.495803][I][queryEx] E6640A <= *STB?
[2020/07/29 07:11:37.504490][I][queryEx] E6640A => 192
[2020/07/29 07:11:37.509526][I][get_Trigger_Status] Status: 192
[2020/07/29 07:11:37.514514]Is triggered!
[2020/07/29 07:11:37.519523][I][writeEx] E6640A <= *CLS
[2020/07/29 07:11:37.525547][I][set_Continue] Set continue
[2020/07/29 07:11:37.530553][I][writeEx] E6640A <= :INIT:CONT ON
[2020/07/29 07:11:37.637246][I][set_Single] Set single
[2020/07/29 07:11:37.645294][I][writeEx] E6640A <= :INIT:CONT OFF
[2020/07/29 07:11:37.651275][I][set_Zigbee_TX_BandPower] Set marker function
[2020/07/29 07:11:37.656289][I][writeEx] E6640A <= CALC:DDEMod:MARK1:MODE POS
[2020/07/29 07:11:37.661303][I][writeEx] E6640A <= CALC:DDEMod:MARK1:TRAC 2
[2020/07/29 07:11:37.665350][I][writeEx] E6640A <= CALC:DDEMod:MARK1:FUNC BPOW
[2020/07/29 07:11:37.671330][I][writeEx] E6640A <= CALC:DDEMod:MARK1:FUNC:BPOW:CTYP MEAN
[2020/07/29 07:11:37.676023][I][writeEx] E6640A <= CALC:DDEMod:MARK1:FUNC:BAND:CENT 2425000000.000000
[2020/07/29 07:11:37.982744][I][queryEx] E6640A <= *OPC?
[2020/07/29 07:11:37.992362][I][queryEx] E6640A => 1
[2020/07/29 07:11:37.998290][I][queryEx] E6640A <= CALC:DDEMod:MARK1:FUNC:BAND:CENT?
[2020/07/29 07:11:38.006321][I][queryEx] E6640A => 2.425000000E+09
[2020/07/29 07:11:38.011575][I][writeEx] E6640A <= CALC:DDEMod:MARK1:FUNC:BAND:SPAN 10000000.000000
[2020/07/29 07:11:38.317163][I][queryEx] E6640A <= *OPC?
[2020/07/29 07:11:38.326032][I][queryEx] E6640A => 1
[2020/07/29 07:11:38.332050][I][get_Power] Get Tx power
[2020/07/29 07:11:38.340193][I][queryEx] E6640A <= :CALC:DDEMod:MARK1:Y?
[2020/07/29 07:11:38.347217][I][queryEx] E6640A => 1.070996919E+00
[2020/07/29 07:11:38.353237][I][chk_Tx_Result] Tx power(add loss: 8.200000) = 9.271000 dBm
[2020/07/29 07:11:38.357247][I][read_DDEMod_Array] Read measurement result
[2020/07/29 07:11:38.363163][I][queryEx] E6640A <= :READ:DDEMod?
[2020/07/29 07:11:38.517568][I][queryEx] E6640A => 1.308242321E+01,3.684758377E+01,0.000000000E+00,2.877933979E+00,1.286209965E+01,0.000000000E+00,9.91E+37,9.91E+37,9.91E+37,2.669955492E-01,-9.061336517E-01,2.430000000E+02,1.064766884E+01,-3.025678825E+01,0.000000000E+00,3.065488281E+04,9.91E+37,9.91E+37,9.91E+37,9.91E+37,9.91E+37,-5.340674973E+01,9.91E+37,9.660614729E-01,5.039361306E-03,2.824127078E-01,9.91E+37,9.91E+37,9.91E+37,9.91E+37,9.91E+37,9.91E+37,9.91E+37,9.91E+37,9.91E+37,9.91E+37,9.91E+37,9.91E+37,9.91E+37,9.91E+37,9.91E+37,9.91E+37,9.91E+37,9.91E+37,9.91E+37,9.91E+37,9.91E+37,9.91E+37,9.91E+37,9.91E+37,9.91E+37,9.91E+37,9.91E+37,9.91E+37,9.91E+37,9.91E+37,9.91E+37,9.91E+37,9.91E+37,9.91E+37,9.91E+37,2.129074652E-03,-1.755709382E-04
[2020/07/29 07:11:38.526543][I][set_Continue] Set continue
[2020/07/29 07:11:38.532469][I][writeEx] E6640A <= :INIT:CONT ON
[2020/07/29 07:11:40.131377][I][set_Preset] System reset
[2020/07/29 07:11:40.136388][I][writeEx] E6640A <= *RST
[2020/07/29 07:11:40.142334][I][writeEx] E6640A <= *CLS
[2020/07/29 07:11:40.147579][I][writeEx] E6640A <= SYST:PRES
[2020/07/29 07:11:40.454538][I][queryEx] E6640A <= *OPC?
[2020/07/29 07:11:41.359348][I][queryEx] E6640A => 1
[2020/07/29 07:11:41.376418][I][set_Tx_Start] Set Tx start
[2020/07/29 07:11:41.382475][I][set_RFI_Port] Set input port
[2020/07/29 07:11:41.387832][I][writeEx] E6640A <= :FEED:RF:PORT:INPut RFIO1
[2020/07/29 07:11:41.392881][I][queryEx] E6640A <= :FEED:RF:PORT:INPut?
[2020/07/29 07:11:41.399916][I][queryEx] E6640A => RFIO1
[2020/07/29 07:11:41.405936][I][set_Modulation_Analysis] Set measurement function
[2020/07/29 07:11:41.410949][I][writeEx] E6640A <= INST:SEL VSA
[2020/07/29 07:11:41.717926][I][queryEx] E6640A <= *OPC?
[2020/07/29 07:11:41.729989][I][queryEx] E6640A => 1
[2020/07/29 07:11:41.735192][I][queryEx] E6640A <= INST:SEL?
[2020/07/29 07:11:41.743362][I][queryEx] E6640A => VSA
[2020/07/29 07:11:41.747375][I][writeEx] E6640A <= :CONFigure:DDEMod
[2020/07/29 07:11:42.054793][I][queryEx] E6640A <= *OPC?
[2020/07/29 07:11:42.240304][I][queryEx] E6640A => 1
[2020/07/29 07:11:42.259301][I][init_Zigbee_Mode] Initial Zigbee mode
[2020/07/29 07:11:42.267353][I][writeEx] E6640A <= :DDEM:STAN:PRES ZIGBEE2450
[2020/07/29 07:11:42.574576][I][queryEx] E6640A <= *OPC?
[2020/07/29 07:11:42.586063][I][queryEx] E6640A => 1
[2020/07/29 07:11:42.591132][I][set_Continue] Set continue
[2020/07/29 07:11:42.596112][I][writeEx] E6640A <= :INIT:CONT ON
[2020/07/29 07:11:42.601852][I][set_Freq] Set frequence
[2020/07/29 07:11:42.605907][I][writeEx] E6640A <= :FREQuency:CENTer 2455.0 MHz
[2020/07/29 07:11:42.611759][I][set_XScale_Span] Set frequence span
[2020/07/29 07:11:42.616776][I][writeEx] E6640A <= :FREQuency:SPAN 10000.000000 KHZ
[2020/07/29 07:11:42.621787][I][set_Power_Range] Get power range
[2020/07/29 07:11:42.626829][I][writeEx] E6640A <= :POW:RANG 20.000000
[2020/07/29 07:11:42.632259][I][set_Symbol_Rate] Get symbol rate
[2020/07/29 07:11:42.637274][I][writeEx] E6640A <= :DDEMod:SRATe 1000.000000 kHz
[2020/07/29 07:11:42.642288][I][set_Meas_Interval] Get meas interval
[2020/07/29 07:11:42.647948][I][writeEx] E6640A <= :DDEMod:SWEep:POINts 500
[2020/07/29 07:11:42.652734][I][set_Zigbee_TX_BandPower] Set marker function
[2020/07/29 07:11:42.657789][I][writeEx] E6640A <= CALC:DDEMod:MARK1:MODE POS
[2020/07/29 07:11:42.663064][I][writeEx] E6640A <= CALC:DDEMod:MARK1:TRAC 2
[2020/07/29 07:11:42.668673][I][writeEx] E6640A <= CALC:DDEMod:MARK1:FUNC BPOW
[2020/07/29 07:11:42.673385][I][writeEx] E6640A <= CALC:DDEMod:MARK1:FUNC:BPOW:CTYP MEAN
[2020/07/29 07:11:42.679136][I][writeEx] E6640A <= CALC:DDEMod:MARK1:FUNC:BAND:CENT 2455000000.000000
[2020/07/29 07:11:42.984990][I][queryEx] E6640A <= *OPC?
[2020/07/29 07:11:42.997165][I][queryEx] E6640A => 1
[2020/07/29 07:11:43.002051][I][queryEx] E6640A <= CALC:DDEMod:MARK1:FUNC:BAND:CENT?
[2020/07/29 07:11:43.010177][I][queryEx] E6640A => 2.455000000E+09
[2020/07/29 07:11:43.017528][I][writeEx] E6640A <= CALC:DDEMod:MARK1:FUNC:BAND:SPAN 10000000.000000
[2020/07/29 07:11:43.322914][I][queryEx] E6640A <= *OPC?
[2020/07/29 07:11:43.331033][I][queryEx] E6640A => 1
[2020/07/29 07:11:43.336086][I][set_Trigger_Video] Set trigger video
[2020/07/29 07:11:43.341065][I][writeEx] E6640A <= TRIG:DDEM:SOUR VID
[2020/07/29 07:11:43.649453][I][queryEx] E6640A <= *OPC?
[2020/07/29 07:11:43.661478][I][queryEx] E6640A => 1
[2020/07/29 07:11:43.666448][I][set_Trigger_Level] Set trigger level
[2020/07/29 07:11:43.671462][I][writeEx] E6640A <= :TRIGger:VIDeo:LEVel 30.000000 mV
[2020/07/29 07:11:43.676475][I][set_Trigger_Delay] Set trigger delay
[2020/07/29 07:11:43.681526][I][writeEx] E6640A <= :TRIGger:VIDeo:DELay:STATe ON
[2020/07/29 07:11:43.686502][I][queryEx] E6640A <= :TRIGger:VIDeo:DELay:STATe?
[2020/07/29 07:11:43.747280][I][queryEx] E6640A => 1
[2020/07/29 07:11:43.753294][I][writeEx] E6640A <= :TRIGger:VIDeo:DELay:STATe ON
[2020/07/29 07:11:43.760208][I][writeEx] E6640A <= :TRIGger:VIDeo:DELay 0.300000 ms
[2020/07/29 07:11:43.764276][I][init_Trigger_Reg] Initial trigger status register
[2020/07/29 07:11:43.769236][I][writeEx] E6640A <= *CLS
[2020/07/29 07:11:43.774249][I][writeEx] E6640A <= :STATus:PRESet
[2020/07/29 07:11:43.779269][I][writeEx] E6640A <= *SRE 192
[2020/07/29 07:11:43.784314][I][writeEx] E6640A <= :STATus:OPERation:ENABle 32
[2020/07/29 07:11:43.790382][I][writeEx] E6640A <= *CLS
[2020/07/29 07:11:43.794435][I][queryEx] E6640A <= *STB?
[2020/07/29 07:11:43.841489][I][queryEx] E6640A => 0
[2020/07/29 07:11:43.846505][I][init_Trigger_Reg] Status: 0
[2020/07/29 07:11:53.058846][I][chk_Tx_Result] Check Tx result
[2020/07/29 07:11:53.067819][I][get_Trigger_Status] Get trigger status
[2020/07/29 07:11:53.072871][I][queryEx] E6640A <= *STB?
[2020/07/29 07:11:53.080909][I][queryEx] E6640A => 192
[2020/07/29 07:11:53.085974][I][get_Trigger_Status] Status: 192
[2020/07/29 07:11:53.092707]Is triggered!
[2020/07/29 07:11:53.096746][I][writeEx] E6640A <= *CLS
[2020/07/29 07:11:53.103078][I][set_Continue] Set continue
[2020/07/29 07:11:53.108093][I][writeEx] E6640A <= :INIT:CONT ON
[2020/07/29 07:11:53.215138][I][set_Single] Set single
[2020/07/29 07:11:53.233185][I][writeEx] E6640A <= :INIT:CONT OFF
[2020/07/29 07:11:53.250232][I][set_Zigbee_TX_BandPower] Set marker function
[2020/07/29 07:11:53.260208][I][writeEx] E6640A <= CALC:DDEMod:MARK1:MODE POS
[2020/07/29 07:11:53.267304][I][writeEx] E6640A <= CALC:DDEMod:MARK1:TRAC 2
[2020/07/29 07:11:53.273323][I][writeEx] E6640A <= CALC:DDEMod:MARK1:FUNC BPOW
[2020/07/29 07:11:53.278358][I][writeEx] E6640A <= CALC:DDEMod:MARK1:FUNC:BPOW:CTYP MEAN
[2020/07/29 07:11:53.284351][I][writeEx] E6640A <= CALC:DDEMod:MARK1:FUNC:BAND:CENT 2455000000.000000
[2020/07/29 07:11:53.590785][I][queryEx] E6640A <= *OPC?
[2020/07/29 07:11:53.602436][I][queryEx] E6640A => 1
[2020/07/29 07:11:53.607967][I][queryEx] E6640A <= CALC:DDEMod:MARK1:FUNC:BAND:CENT?
[2020/07/29 07:11:53.616494][I][queryEx] E6640A => 2.455000000E+09
[2020/07/29 07:11:53.622565][I][writeEx] E6640A <= CALC:DDEMod:MARK1:FUNC:BAND:SPAN 10000000.000000
[2020/07/29 07:11:53.929414][I][queryEx] E6640A <= *OPC?
[2020/07/29 07:11:53.941185][I][queryEx] E6640A => 1
[2020/07/29 07:11:53.946200][I][get_Power] Get Tx power
[2020/07/29 07:11:53.951215][I][queryEx] E6640A <= :CALC:DDEMod:MARK1:Y?
[2020/07/29 07:11:53.959930][I][queryEx] E6640A => 1.737106605E+00
[2020/07/29 07:11:53.965399][I][chk_Tx_Result] Tx power(add loss: 8.900000) = 10.637000 dBm
[2020/07/29 07:11:53.969477][I][read_DDEMod_Array] Read measurement result
[2020/07/29 07:11:53.974502][I][queryEx] E6640A <= :READ:DDEMod?
[2020/07/29 07:11:54.132942][I][queryEx] E6640A => 1.424157047E+01,4.624891281E+01,1.400000000E+01,3.427945137E+00,1.892848206E+01,1.500000000E+01,9.91E+37,9.91E+37,9.91E+37,3.995977640E-01,-9.196460247E-01,3.740000000E+02,1.159407520E+01,-3.814080811E+01,1.400000000E+01,3.106436133E+04,9.91E+37,9.91E+37,9.91E+37,9.91E+37,9.91E+37,-4.667598343E+01,9.91E+37,9.598290920E-01,1.072897911E-01,3.955024779E-01,9.91E+37,9.91E+37,9.91E+37,9.91E+37,9.91E+37,9.91E+37,9.91E+37,9.91E+37,9.91E+37,9.91E+37,9.91E+37,9.91E+37,9.91E+37,9.91E+37,9.91E+37,9.91E+37,9.91E+37,9.91E+37,9.91E+37,9.91E+37,9.91E+37,9.91E+37,9.91E+37,9.91E+37,9.91E+37,9.91E+37,9.91E+37,9.91E+37,9.91E+37,9.91E+37,9.91E+37,9.91E+37,9.91E+37,9.91E+37,9.91E+37,3.811773844E-03,-2.639804734E-03
[2020/07/29 07:11:54.139599][I][set_Continue] Set continue
[2020/07/29 07:11:54.145710][I][writeEx] E6640A <= :INIT:CONT ON
[2020/07/29 07:12:04.711679][I][chk_Tx_Result] Check Tx result
[2020/07/29 07:12:04.720711][I][get_Trigger_Status] Get trigger status
[2020/07/29 07:12:04.724720][I][queryEx] E6640A <= *STB?
[2020/07/29 07:12:04.732389][I][queryEx] E6640A => 192
[2020/07/29 07:12:04.738408][I][get_Trigger_Status] Status: 192
[2020/07/29 07:12:04.742419]Is triggered!
[2020/07/29 07:12:04.748487][I][writeEx] E6640A <= *CLS
[2020/07/29 07:12:04.753448][I][set_Continue] Set continue
[2020/07/29 07:12:04.758499][I][writeEx] E6640A <= :INIT:CONT ON
[2020/07/29 07:12:04.864964][I][set_Single] Set single
[2020/07/29 07:12:04.883014][I][writeEx] E6640A <= :INIT:CONT OFF
[2020/07/29 07:12:04.887983][I][set_Zigbee_TX_BandPower] Set marker function
[2020/07/29 07:12:04.892991][I][writeEx] E6640A <= CALC:DDEMod:MARK1:MODE POS
[2020/07/29 07:12:04.898006][I][writeEx] E6640A <= CALC:DDEMod:MARK1:TRAC 2
[2020/07/29 07:12:04.903018][I][writeEx] E6640A <= CALC:DDEMod:MARK1:FUNC BPOW
[2020/07/29 07:12:04.908032][I][writeEx] E6640A <= CALC:DDEMod:MARK1:FUNC:BPOW:CTYP MEAN
[2020/07/29 07:12:04.913044][I][writeEx] E6640A <= CALC:DDEMod:MARK1:FUNC:BAND:CENT 2455000000.000000
[2020/07/29 07:12:05.220189][I][queryEx] E6640A <= *OPC?
[2020/07/29 07:12:05.232526][I][queryEx] E6640A => 1
[2020/07/29 07:12:05.236576][I][queryEx] E6640A <= CALC:DDEMod:MARK1:FUNC:BAND:CENT?
[2020/07/29 07:12:05.244640][I][queryEx] E6640A => 2.455000000E+09
[2020/07/29 07:12:05.249505][I][writeEx] E6640A <= CALC:DDEMod:MARK1:FUNC:BAND:SPAN 10000000.000000
[2020/07/29 07:12:05.557227][I][queryEx] E6640A <= *OPC?
[2020/07/29 07:12:05.568488][I][queryEx] E6640A => 1
[2020/07/29 07:12:05.574010][I][get_Power] Get Tx power
[2020/07/29 07:12:05.579027][I][queryEx] E6640A <= :CALC:DDEMod:MARK1:Y?
[2020/07/29 07:12:05.587767][I][queryEx] E6640A => -2.572788857E-01
[2020/07/29 07:12:05.592766][I][chk_Tx_Result] Tx power(add loss: 8.900000) = 8.643000 dBm
[2020/07/29 07:12:05.598746][I][read_DDEMod_Array] Read measurement result
[2020/07/29 07:12:05.603672][I][queryEx] E6640A <= :READ:DDEMod?
[2020/07/29 07:12:05.754247][I][queryEx] E6640A => 1.473661041E+01,4.698623276E+01,4.200000000E+02,3.749284506E+00,2.160015488E+01,4.200000000E+02,9.91E+37,9.91E+37,9.91E+37,3.481233120E-01,-9.070396423E-01,2.860000000E+02,1.200542831E+01,-3.878720474E+01,4.200000000E+02,3.106854688E+04,9.91E+37,9.91E+37,9.91E+37,9.91E+37,9.91E+37,-4.927707672E+01,9.91E+37,9.570093155E-01,-2.971228585E-02,3.655681610E-01,9.91E+37,9.91E+37,9.91E+37,9.91E+37,9.91E+37,9.91E+37,9.91E+37,9.91E+37,9.91E+37,9.91E+37,9.91E+37,9.91E+37,9.91E+37,9.91E+37,9.91E+37,9.91E+37,9.91E+37,9.91E+37,9.91E+37,9.91E+37,9.91E+37,9.91E+37,9.91E+37,9.91E+37,9.91E+37,9.91E+37,9.91E+37,9.91E+37,9.91E+37,9.91E+37,9.91E+37,9.91E+37,9.91E+37,9.91E+37,9.91E+37,-1.786076231E-03,2.936169039E-03
[2020/07/29 07:12:05.763263][I][set_Continue] Set continue
[2020/07/29 07:12:05.770556][I][writeEx] E6640A <= :INIT:CONT ON
[2020/07/29 07:12:07.242967][I][set_Preset] System reset
[2020/07/29 07:12:07.247978][I][writeEx] E6640A <= *RST
[2020/07/29 07:12:07.253530][I][writeEx] E6640A <= *CLS
[2020/07/29 07:12:07.258545][I][writeEx] E6640A <= SYST:PRES
[2020/07/29 07:12:07.565062][I][queryEx] E6640A <= *OPC?
[2020/07/29 07:12:08.471016][I][queryEx] E6640A => 1
[2020/07/29 07:12:08.489011][I][set_Tx_Start] Set Tx start
[2020/07/29 07:12:08.495029][I][set_RFI_Port] Set input port
[2020/07/29 07:12:08.499076][I][writeEx] E6640A <= :FEED:RF:PORT:INPut RFIO1
[2020/07/29 07:12:08.505093][I][queryEx] E6640A <= :FEED:RF:PORT:INPut?
[2020/07/29 07:12:08.514289][I][queryEx] E6640A => RFIO1
[2020/07/29 07:12:08.519304][I][set_Modulation_Analysis] Set measurement function
[2020/07/29 07:12:08.524770][I][writeEx] E6640A <= INST:SEL VSA
[2020/07/29 07:12:08.830759][I][queryEx] E6640A <= *OPC?
[2020/07/29 07:12:08.842500][I][queryEx] E6640A => 1
[2020/07/29 07:12:08.848236][I][queryEx] E6640A <= INST:SEL?
[2020/07/29 07:12:08.854722][I][queryEx] E6640A => VSA
[2020/07/29 07:12:08.860734][I][writeEx] E6640A <= :CONFigure:DDEMod
[2020/07/29 07:12:09.167565][I][queryEx] E6640A <= *OPC?
[2020/07/29 07:12:09.342366][I][queryEx] E6640A => 1
[2020/07/29 07:12:09.352368][I][init_Zigbee_Mode] Initial Zigbee mode
[2020/07/29 07:12:09.356382][I][writeEx] E6640A <= :DDEM:STAN:PRES ZIGBEE2450
[2020/07/29 07:12:09.664044][I][queryEx] E6640A <= *OPC?
[2020/07/29 07:12:09.675850][I][queryEx] E6640A => 1
[2020/07/29 07:12:09.680903][I][set_Continue] Set continue
[2020/07/29 07:12:09.686920][I][writeEx] E6640A <= :INIT:CONT ON
[2020/07/29 07:12:09.691936][I][set_Freq] Set frequence
[2020/07/29 07:12:09.696960][I][writeEx] E6640A <= :FREQuency:CENTer 2470.0 MHz
[2020/07/29 07:12:09.701896][I][set_XScale_Span] Set frequence span
[2020/07/29 07:12:09.706912][I][writeEx] E6640A <= :FREQuency:SPAN 10000.000000 KHZ
[2020/07/29 07:12:09.712292][I][set_Power_Range] Get power range
[2020/07/29 07:12:09.717311][I][writeEx] E6640A <= :POW:RANG 20.000000
[2020/07/29 07:12:09.722498][I][set_Symbol_Rate] Get symbol rate
[2020/07/29 07:12:09.727554][I][writeEx] E6640A <= :DDEMod:SRATe 1000.000000 kHz
[2020/07/29 07:12:09.732566][I][set_Meas_Interval] Get meas interval
[2020/07/29 07:12:09.738553][I][writeEx] E6640A <= :DDEMod:SWEep:POINts 500
[2020/07/29 07:12:09.743281][I][set_Zigbee_TX_BandPower] Set marker function
[2020/07/29 07:12:09.749299][I][writeEx] E6640A <= CALC:DDEMod:MARK1:MODE POS
[2020/07/29 07:12:09.754312][I][writeEx] E6640A <= CALC:DDEMod:MARK1:TRAC 2
[2020/07/29 07:12:09.759327][I][writeEx] E6640A <= CALC:DDEMod:MARK1:FUNC BPOW
[2020/07/29 07:12:09.764339][I][writeEx] E6640A <= CALC:DDEMod:MARK1:FUNC:BPOW:CTYP MEAN
[2020/07/29 07:12:09.770362][I][writeEx] E6640A <= CALC:DDEMod:MARK1:FUNC:BAND:CENT 2470000000.000000
[2020/07/29 07:12:10.076411][I][queryEx] E6640A <= *OPC?
[2020/07/29 07:12:10.089271][I][queryEx] E6640A => 1
[2020/07/29 07:12:10.093320][I][queryEx] E6640A <= CALC:DDEMod:MARK1:FUNC:BAND:CENT?
[2020/07/29 07:12:10.102310][I][queryEx] E6640A => 2.470000000E+09
[2020/07/29 07:12:10.107321][I][writeEx] E6640A <= CALC:DDEMod:MARK1:FUNC:BAND:SPAN 10000000.000000
[2020/07/29 07:12:10.412510][I][queryEx] E6640A <= *OPC?
[2020/07/29 07:12:10.424588][I][queryEx] E6640A => 1
[2020/07/29 07:12:10.428561][I][set_Trigger_Video] Set trigger video
[2020/07/29 07:12:10.433576][I][writeEx] E6640A <= TRIG:DDEM:SOUR VID
[2020/07/29 07:12:10.739991][I][queryEx] E6640A <= *OPC?
[2020/07/29 07:12:10.751586][I][queryEx] E6640A => 1
[2020/07/29 07:12:10.756603][I][set_Trigger_Level] Set trigger level
[2020/07/29 07:12:10.761616][I][writeEx] E6640A <= :TRIGger:VIDeo:LEVel 30.000000 mV
[2020/07/29 07:12:10.766629][I][set_Trigger_Delay] Set trigger delay
[2020/07/29 07:12:10.771994][I][writeEx] E6640A <= :TRIGger:VIDeo:DELay:STATe ON
[2020/07/29 07:12:10.776016][I][queryEx] E6640A <= :TRIGger:VIDeo:DELay:STATe?
[2020/07/29 07:12:10.833893][I][queryEx] E6640A => 1
[2020/07/29 07:12:10.840916][I][writeEx] E6640A <= :TRIGger:VIDeo:DELay:STATe ON
[2020/07/29 07:12:10.847935][I][writeEx] E6640A <= :TRIGger:VIDeo:DELay 0.300000 ms
[2020/07/29 07:12:10.853952][I][init_Trigger_Reg] Initial trigger status register
[2020/07/29 07:12:10.860970][I][writeEx] E6640A <= *CLS
[2020/07/29 07:12:10.868024][I][writeEx] E6640A <= :STATus:PRESet
[2020/07/29 07:12:10.872036][I][writeEx] E6640A <= *SRE 192
[2020/07/29 07:12:10.878052][I][writeEx] E6640A <= :STATus:OPERation:ENABle 32
[2020/07/29 07:12:10.883059][I][writeEx] E6640A <= *CLS
[2020/07/29 07:12:10.888076][I][queryEx] E6640A <= *STB?
[2020/07/29 07:12:10.925670][I][queryEx] E6640A => 0
[2020/07/29 07:12:10.930686][I][init_Trigger_Reg] Status: 0
[2020/07/29 07:12:20.136461][I][chk_Tx_Result] Check Tx result
[2020/07/29 07:12:20.145912][I][get_Trigger_Status] Get trigger status
[2020/07/29 07:12:20.150927][I][queryEx] E6640A <= *STB?
[2020/07/29 07:12:20.159000][I][queryEx] E6640A => 192
[2020/07/29 07:12:20.163996][I][get_Trigger_Status] Status: 192
[2020/07/29 07:12:20.168979]Is triggered!
[2020/07/29 07:12:20.174029][I][writeEx] E6640A <= *CLS
[2020/07/29 07:12:20.180006][I][set_Continue] Set continue
[2020/07/29 07:12:20.185019][I][writeEx] E6640A <= :INIT:CONT ON
[2020/07/29 07:12:20.292133][I][set_Single] Set single
[2020/07/29 07:12:20.310000][I][writeEx] E6640A <= :INIT:CONT OFF
[2020/07/29 07:12:20.318058][I][set_Zigbee_TX_BandPower] Set marker function
[2020/07/29 07:12:20.324082][I][writeEx] E6640A <= CALC:DDEMod:MARK1:MODE POS
[2020/07/29 07:12:20.329419][I][writeEx] E6640A <= CALC:DDEMod:MARK1:TRAC 2
[2020/07/29 07:12:20.334477][I][writeEx] E6640A <= CALC:DDEMod:MARK1:FUNC BPOW
[2020/07/29 07:12:20.339498][I][writeEx] E6640A <= CALC:DDEMod:MARK1:FUNC:BPOW:CTYP MEAN
[2020/07/29 07:12:20.345727][I][writeEx] E6640A <= CALC:DDEMod:MARK1:FUNC:BAND:CENT 2470000000.000000
[2020/07/29 07:12:20.651607][I][queryEx] E6640A <= *OPC?
[2020/07/29 07:12:20.663251][I][queryEx] E6640A => 1
[2020/07/29 07:12:20.668945][I][queryEx] E6640A <= CALC:DDEMod:MARK1:FUNC:BAND:CENT?
[2020/07/29 07:12:20.676403][I][queryEx] E6640A => 2.470000000E+09
[2020/07/29 07:12:20.681227][I][writeEx] E6640A <= CALC:DDEMod:MARK1:FUNC:BAND:SPAN 10000000.000000
[2020/07/29 07:12:20.988683][I][queryEx] E6640A <= *OPC?
[2020/07/29 07:12:21.000879][I][queryEx] E6640A => 1
[2020/07/29 07:12:21.005900][I][get_Power] Get Tx power
[2020/07/29 07:12:21.010915][I][queryEx] E6640A <= :CALC:DDEMod:MARK1:Y?
[2020/07/29 07:12:21.017648][I][queryEx] E6640A => 2.264695562E+00
[2020/07/29 07:12:21.022706][I][chk_Tx_Result] Tx power(add loss: 8.800000) = 11.065000 dBm
[2020/07/29 07:12:21.027683][I][read_DDEMod_Array] Read measurement result
[2020/07/29 07:12:21.033131][I][queryEx] E6640A <= :READ:DDEMod?
[2020/07/29 07:12:21.182886][I][queryEx] E6640A => 1.451353168E+01,4.601570511E+01,2.220000000E+02,3.694415092E+00,1.745561981E+01,2.220000000E+02,9.91E+37,9.91E+37,9.91E+37,5.354986787E-01,-1.086539030E+00,4.420000000E+02,1.181784916E+01,3.784656143E+01,2.220000000E+02,3.126367383E+04,9.91E+37,9.91E+37,9.91E+37,9.91E+37,9.91E+37,-4.310721970E+01,9.91E+37,9.582771659E-01,6.068756059E-02,4.217878580E-01,9.91E+37,9.91E+37,9.91E+37,9.91E+37,9.91E+37,9.91E+37,9.91E+37,9.91E+37,9.91E+37,9.91E+37,9.91E+37,9.91E+37,9.91E+37,9.91E+37,9.91E+37,9.91E+37,9.91E+37,9.91E+37,9.91E+37,9.91E+37,9.91E+37,9.91E+37,9.91E+37,9.91E+37,9.91E+37,9.91E+37,9.91E+37,9.91E+37,9.91E+37,9.91E+37,9.91E+37,9.91E+37,9.91E+37,9.91E+37,9.91E+37,5.577299744E-03,-4.217852373E-03
[2020/07/29 07:12:21.201871][I][set_Continue] Set continue
[2020/07/29 07:12:21.211898][I][writeEx] E6640A <= :INIT:CONT ON
[2020/07/29 07:12:31.768698][I][chk_Tx_Result] Check Tx result
[2020/07/29 07:12:31.777676][I][get_Trigger_Status] Get trigger status
[2020/07/29 07:12:31.783035][I][queryEx] E6640A <= *STB?
[2020/07/29 07:12:31.790643][I][queryEx] E6640A => 192
[2020/07/29 07:12:31.795662][I][get_Trigger_Status] Status: 192
[2020/07/29 07:12:31.800673]Is triggered!
[2020/07/29 07:12:31.805745][I][writeEx] E6640A <= *CLS
[2020/07/29 07:12:31.810760][I][set_Continue] Set continue
[2020/07/29 07:12:31.816790][I][writeEx] E6640A <= :INIT:CONT ON
[2020/07/29 07:12:31.922827][I][set_Single] Set single
[2020/07/29 07:12:31.939877][I][writeEx] E6640A <= :INIT:CONT OFF
[2020/07/29 07:12:31.950924][I][set_Zigbee_TX_BandPower] Set marker function
[2020/07/29 07:12:31.959199][I][writeEx] E6640A <= CALC:DDEMod:MARK1:MODE POS
[2020/07/29 07:12:31.965218][I][writeEx] E6640A <= CALC:DDEMod:MARK1:TRAC 2
[2020/07/29 07:12:31.970262][I][writeEx] E6640A <= CALC:DDEMod:MARK1:FUNC BPOW
[2020/07/29 07:12:31.976247][I][writeEx] E6640A <= CALC:DDEMod:MARK1:FUNC:BPOW:CTYP MEAN
[2020/07/29 07:12:31.980315][I][writeEx] E6640A <= CALC:DDEMod:MARK1:FUNC:BAND:CENT 2470000000.000000
[2020/07/29 07:12:32.287748][I][queryEx] E6640A <= *OPC?
[2020/07/29 07:12:32.299959][I][queryEx] E6640A => 1
[2020/07/29 07:12:32.304880][I][queryEx] E6640A <= CALC:DDEMod:MARK1:FUNC:BAND:CENT?
[2020/07/29 07:12:32.312942][I][queryEx] E6640A => 2.470000000E+09
[2020/07/29 07:12:32.316994][I][writeEx] E6640A <= CALC:DDEMod:MARK1:FUNC:BAND:SPAN 10000000.000000
[2020/07/29 07:12:32.624028][I][queryEx] E6640A <= *OPC?
[2020/07/29 07:12:32.636124][I][queryEx] E6640A => 1
[2020/07/29 07:12:32.641170][I][get_Power] Get Tx power
[2020/07/29 07:12:32.646162][I][queryEx] E6640A <= :CALC:DDEMod:MARK1:Y?
[2020/07/29 07:12:32.654891][I][queryEx] E6640A => 2.701322579E-01
[2020/07/29 07:12:32.659860][I][chk_Tx_Result] Tx power(add loss: 8.800000) = 9.070000 dBm
[2020/07/29 07:12:32.666034][I][read_DDEMod_Array] Read measurement result
[2020/07/29 07:12:32.670833][I][queryEx] E6640A <= :READ:DDEMod?
[2020/07/29 07:12:32.927647][I][queryEx] E6640A => 1.426026058E+01,4.107524109E+01,2.200000000E+02,3.289976597E+00,1.554742908E+01,2.200000000E+02,9.91E+37,9.91E+37,9.91E+37,3.872769475E-01,-9.565114975E-01,4.680000000E+02,1.159943199E+01,3.360723495E+01,2.200000000E+02,3.124868359E+04,9.91E+37,9.91E+37,9.91E+37,9.91E+37,9.91E+37,-4.642839432E+01,9.91E+37,9.597291946E-01,-3.508124873E-02,-3.714309037E-01,9.91E+37,9.91E+37,9.91E+37,9.91E+37,9.91E+37,9.91E+37,9.91E+37,9.91E+37,9.91E+37,9.91E+37,9.91E+37,9.91E+37,9.91E+37,9.91E+37,9.91E+37,9.91E+37,9.91E+37,9.91E+37,9.91E+37,9.91E+37,9.91E+37,9.91E+37,9.91E+37,9.91E+37,9.91E+37,9.91E+37,9.91E+37,9.91E+37,9.91E+37,9.91E+37,9.91E+37,9.91E+37,9.91E+37,9.91E+37,9.91E+37,-3.107604338E-03,-3.619694151E-03
[2020/07/29 07:12:32.934342][I][set_Continue] Set continue
[2020/07/29 07:12:32.941484][I][writeEx] E6640A <= :INIT:CONT ON
[2020/07/29 07:12:34.430391][I][set_Preset] System reset
[2020/07/29 07:12:34.435445][I][writeEx] E6640A <= *RST
[2020/07/29 07:12:34.440448][I][writeEx] E6640A <= *CLS
[2020/07/29 07:12:34.447437][I][writeEx] E6640A <= SYST:PRES
[2020/07/29 07:12:34.753017][I][queryEx] E6640A <= *OPC?
[2020/07/29 07:12:35.924488][I][queryEx] E6640A => 1
[2020/07/29 07:12:35.948968][I][set_Rx_OneTone] Set Rx one tone
[2020/07/29 07:12:35.952982][I][set_RFO_Port] Set output port
[2020/07/29 07:12:35.958279][I][writeEx] E6640A <= :FEED:RF:PORT:OUTPut RFIO1
[2020/07/29 07:12:35.962342][I][queryEx] E6640A <= :FEED:RF:PORT:OUTPut?
[2020/07/29 07:12:35.970357][I][queryEx] E6640A => RFIO1
[2020/07/29 07:12:35.976330][I][set_OneTone_Freq] Set One Tone frequence
[2020/07/29 07:12:35.981787][I][writeEx] E6640A <= :SOUR:FREQ 2445.0 MHz
[2020/07/29 07:12:35.987807][I][set_OneTone_Power] Set One Tone power
[2020/07/29 07:12:35.993822][I][writeEx] E6640A <= :SOURce:POWer -16.1
[2020/07/29 07:12:45.425960][I][set_OneTone_Start] Set One Tone start
[2020/07/29 07:12:45.430964][I][writeEx] E6640A <= OUTP ON
[2020/07/29 07:12:50.493952][I][set_OneTone_Stop] Set One Tone stop
[2020/07/29 07:12:50.499931][I][writeEx] E6640A <= OUTP OFF
[2020/07/29 07:12:50.514974][I][set_Rx_OneTone] Set Rx one tone
[2020/07/29 07:12:50.520994][I][set_RFO_Port] Set output port
[2020/07/29 07:12:50.526002][I][writeEx] E6640A <= :FEED:RF:PORT:OUTPut RFIO1
[2020/07/29 07:12:50.531056][I][queryEx] E6640A <= :FEED:RF:PORT:OUTPut?
[2020/07/29 07:12:50.540077][I][queryEx] E6640A => RFIO1
[2020/07/29 07:12:50.546057][I][set_OneTone_Freq] Set One Tone frequence
[2020/07/29 07:12:50.550084][I][writeEx] E6640A <= :SOUR:FREQ 2445.0 MHz
[2020/07/29 07:12:50.556087][I][set_OneTone_Power] Set One Tone power
[2020/07/29 07:12:50.561136][I][writeEx] E6640A <= :SOURce:POWer -16.1
[2020/07/29 07:12:59.152048][I][set_OneTone_Start] Set One Tone start
[2020/07/29 07:12:59.157091][I][writeEx] E6640A <= OUTP ON
[2020/07/29 07:13:03.719578][I][set_OneTone_Stop] Set One Tone stop
[2020/07/29 07:13:03.726148][I][writeEx] E6640A <= OUTP OFF
[2020/07/29 07:13:03.954846][I][disconnect_E6640A] Disconnect E6640A
[2020/07/29 07:13:03.960875]========== End ==========
