[2020/07/31 16:02:11][I][checkDatabaseONorNOT] Database running.
[2020/07/31 16:02:11][I][tryConnectDatabase] Connect to MariaDB GFI20 database success!!
[2020/07/31 16:02:11][I][tryConnectDatabase] Connect to MariaDB GFI20 database success!!
[2020/07/31 16:02:11][I][checkDatabaseONorNOT] Database running.
[2020/07/31 16:02:11][I][tryConnectDatabase] Connect to MariaDB GFI20 database success!!
[2020/07/31 16:02:11][I][tryConnectDatabase] Connect to MariaDB GFI20 database success!!
[2020/07/31 16:02:11][E][initialDatabase] UpdateDB.csv already exist.
[2020/07/31 16:02:14][I][WriteDataTocsv] Create new row with item GFI20Bootup.
[2020/07/31 16:02:14][I][WriteDataTocsv] Update complete.
[2020/07/31 16:02:14][WriteRFDataTocsv][I] Update testscript GFI20Bootup's data.
[2020/07/31 16:02:14][I][WriteRFDataTocsv] Update complete.
[2020/07/31 16:03:06][I][WriteDataTocsv] Create new row with item CountDown.
[2020/07/31 16:03:06][I][WriteDataTocsv] Update complete.
[2020/07/31 16:03:06][WriteRFDataTocsv][I] Update testscript CountDown's data.
[2020/07/31 16:03:06][I][WriteRFDataTocsv] Update complete.
[2020/07/31 16:03:48][I][WriteDataTocsv] Create new row with item WaitConnect.
[2020/07/31 16:03:48][I][WriteDataTocsv] Update complete.
[2020/07/31 16:03:48][WriteRFDataTocsv][I] Update testscript WaitConnect's data.
[2020/07/31 16:03:48][I][WriteRFDataTocsv] Update complete.
[2020/07/31 16:03:48]--------------------DBUploading start--------------------
[2020/07/31 16:03:48][I][uploadData] Projcet name: GFI20
[2020/07/31 16:03:48][I][uploadData] Station name: BRF
[2020/07/31 16:03:48][I][tryConnectDatabase] Connect to MariaDB GFI20 database success!!
[2020/07/31 16:03:48][I][uploadData] Write data into BRF_GFI20Bootup
[2020/07/31 16:03:48][I][uploadData] Write data into BRF_CountDown
[2020/07/31 16:03:48][I][uploadData] Write data into BRF_WaitConnect
[2020/07/31 16:03:48][I][tryConnectDatabase] Connect to MariaDB GFI20_RF database success!!
[2020/07/31 16:03:48]---------- INI ----------
[2020/07/31 16:03:48][E][uploadData] Read MDUT.ini failed.
[2020/07/31 18:12:55][I][checkDatabaseONorNOT] Database running.
[2020/07/31 18:12:55][I][tryConnectDatabase] Connect to MariaDB GFI20 database success!!
[2020/07/31 18:12:55][I][tryConnectDatabase] Connect to MariaDB GFI20 database success!!
[2020/07/31 18:12:55][E][initialDatabase] UpdateDB.csv already exist.
[2020/07/31 18:12:55][I][checkDatabaseONorNOT] Database running.
[2020/07/31 18:12:55][I][tryConnectDatabase] Connect to MariaDB GFI20 database success!!
[2020/07/31 18:12:55][I][tryConnectDatabase] Connect to MariaDB GFI20 database success!!
[2020/07/31 18:12:55][E][initialDatabase] UpdateDB.csv already exist.
[2020/07/31 18:12:55][E][initialDatabase] RFDB.csv already exist.
[2020/07/31 18:13:00][I][WriteDataTocsv] Update item GFI20Bootup's data.
[2020/07/31 18:13:00][I][WriteDataTocsv] Update complete.
[2020/07/31 18:13:01][WriteRFDataTocsv][I] Update testscript GFI20Bootup's data.
[2020/07/31 18:13:01][I][WriteRFDataTocsv] Update complete.
[2020/07/31 18:13:53][I][WriteDataTocsv] Update item CountDown's data.
[2020/07/31 18:13:53][I][WriteDataTocsv] Update complete.
[2020/07/31 18:13:53][WriteRFDataTocsv][I] Update testscript CountDown's data.
[2020/07/31 18:13:53][I][WriteRFDataTocsv] Update complete.
[2020/07/31 18:14:35][I][WriteDataTocsv] Update item WaitConnect's data.
[2020/07/31 18:14:35][I][WriteDataTocsv] Update complete.
[2020/07/31 18:14:35][WriteRFDataTocsv][I] Update testscript WaitConnect's data.
[2020/07/31 18:14:35][I][WriteRFDataTocsv] Update complete.
[2020/07/31 18:14:35]--------------------DBUploading start--------------------
[2020/07/31 18:14:35][I][uploadData] Projcet name: GFI20
[2020/07/31 18:14:35][I][uploadData] Station name: BRF
[2020/07/31 18:14:35][I][tryConnectDatabase] Connect to MariaDB GFI20 database success!!
[2020/07/31 18:14:35][I][uploadData] Write data into BRF_GFI20Bootup
[2020/07/31 18:14:35][I][uploadData] Write data into BRF_CountDown
[2020/07/31 18:14:35][I][uploadData] Write data into BRF_WaitConnect
[2020/07/31 18:14:35][I][tryConnectDatabase] Connect to MariaDB GFI20_RF database success!!
[2020/07/31 18:14:35]---------- INI ----------
[2020/07/31 18:14:35][E][uploadData] Read MDUT.ini failed.
