[2020/07/31 16:02:12]============== Control PS_Keysight66321B ==============
[2020/07/31 16:02:12]List resource: ['GPIB0::5::INSTR', 'TCPIP0::192.168.1.2::hislip0::INSTR', 'ASRL1::INSTR']
[2020/07/31 16:02:12]Power Supply: control 66321B successfully
[2020/07/31 16:02:12]Power Supply send: *RST
[2020/07/31 16:02:12]Power Supply send: *IDN?
[2020/07/31 16:02:12]Power Supply recv: Agilent Technologies,66321B,0,A.03.01

[2020/07/31 16:02:12]Power Supply is: Agilent Technologies,66321B,0,A.03.01
 

[2020/07/31 16:02:12]Power Supply send: CURR:PROT:STAT 1
[2020/07/31 16:02:13]Power Supply send: CURR:PROT:STAT?
[2020/07/31 16:02:13]Power Supply recv: 1

[2020/07/31 16:02:13]Power Supply send: VOLT 12.0
[2020/07/31 16:02:13]Power Supply send: VOLT?
[2020/07/31 16:02:13]Power Supply recv: 1.20000E+1

[2020/07/31 16:02:13]Power Supply send: CURR 1.0
[2020/07/31 16:02:13]Power Supply send: CURR?
[2020/07/31 16:02:13]Power Supply recv: 1.00000E+0

[2020/07/31 16:02:13]Power Supply send: OUTP 1
[2020/07/31 16:02:13]Power Supply send: OUTP?
[2020/07/31 16:02:13]Power Supply recv: 1

[2020/07/31 16:03:50]============== Control PS_Keysight66321B ==============
[2020/07/31 16:03:50]List resource: ['GPIB0::5::INSTR', 'TCPIP0::192.168.1.2::hislip0::INSTR', 'ASRL1::INSTR']
[2020/07/31 16:03:50]Power Supply: control 66321B successfully
[2020/07/31 16:03:50]Power Supply send: *RST
[2020/07/31 16:03:50]Power Supply send: *IDN?
[2020/07/31 16:03:50]Power Supply recv: Agilent Technologies,66321B,0,A.03.01

[2020/07/31 16:03:50]Power Supply is: Agilent Technologies,66321B,0,A.03.01
 

[2020/07/31 16:03:50]Power Supply send: OUTP 0
[2020/07/31 16:03:50]Power Supply send: OUTP?
[2020/07/31 16:03:50]Power Supply recv: 0

[2020/07/31 18:12:58]============== Control PS_Keysight66321B ==============
[2020/07/31 18:12:59]List resource: ['GPIB0::5::INSTR', 'ASRL1::INSTR']
[2020/07/31 18:12:59]Power Supply: control 66321B successfully
[2020/07/31 18:12:59]Power Supply send: *RST
[2020/07/31 18:12:59]Power Supply send: *IDN?
[2020/07/31 18:12:59]Power Supply recv: Agilent Technologies,66321B,0,A.03.01

[2020/07/31 18:12:59]Power Supply is: Agilent Technologies,66321B,0,A.03.01
 

[2020/07/31 18:12:59]Power Supply send: CURR:PROT:STAT 1
[2020/07/31 18:12:59]Power Supply send: CURR:PROT:STAT?
[2020/07/31 18:12:59]Power Supply recv: 1

[2020/07/31 18:12:59]Power Supply send: VOLT 12.0
[2020/07/31 18:12:59]Power Supply send: VOLT?
[2020/07/31 18:12:59]Power Supply recv: 1.20000E+1

[2020/07/31 18:12:59]Power Supply send: CURR 1.0
[2020/07/31 18:12:59]Power Supply send: CURR?
[2020/07/31 18:12:59]Power Supply recv: 1.00000E+0

[2020/07/31 18:12:59]Power Supply send: OUTP 1
[2020/07/31 18:12:59]Power Supply send: OUTP?
[2020/07/31 18:12:59]Power Supply recv: 1

[2020/07/31 18:14:37]============== Control PS_Keysight66321B ==============
[2020/07/31 18:14:37]List resource: ['GPIB0::5::INSTR', 'ASRL1::INSTR']
[2020/07/31 18:14:37]Power Supply: control 66321B successfully
[2020/07/31 18:14:37]Power Supply send: *RST
[2020/07/31 18:14:37]Power Supply send: *IDN?
[2020/07/31 18:14:37]Power Supply recv: Agilent Technologies,66321B,0,A.03.01

[2020/07/31 18:14:37]Power Supply is: Agilent Technologies,66321B,0,A.03.01
 

[2020/07/31 18:14:37]Power Supply send: OUTP 0
[2020/07/31 18:14:37]Power Supply send: OUTP?
[2020/07/31 18:14:37]Power Supply recv: 0

