[2020/07/29 09:30:45.219369][I][class_GFI20] Initial class_GFI20
[2020/07/29 09:30:45.224387][I][connectDUT] COM: COM20, BaudRate: 115200
[2020/07/29 09:30:45.228393][I][connectDUT] Connect DUT success
[2020/07/29 09:30:45.233441][I][setScimitarMenu] Set Scimitar menu
[2020/07/29 09:30:45.436545][I][sendCOMCommand] DUT <= x
[2020/07/29 09:30:45.543331][I][sendCOMCommand] Serial buffer size: 7
[2020/07/29 09:30:46.059818][I][sendCOMCommand] DUT => x
$>

[2020/07/29 09:30:46.066854][I][setScimitarMenu] Success
[2020/07/29 09:30:51.950961][I][setZigbee_Tx] ZIGBEE_2450 CH: 15, Tx PWR: 0 dBm
[2020/07/29 09:30:51.952912][I][setScimitarMenu] Set Scimitar menu
[2020/07/29 09:30:52.157402][I][sendCOMCommand] DUT <= x
[2020/07/29 09:30:52.267961][I][sendCOMCommand] Serial buffer size: 7
[2020/07/29 09:30:52.777489][I][sendCOMCommand] DUT => x
$>

[2020/07/29 09:30:52.780546][I][setScimitarMenu] Success
[2020/07/29 09:30:52.784560][I][setZigbeeMenu] Check Zigbee Menu
[2020/07/29 09:30:52.991191][I][sendCOMCommand] DUT <= 2
[2020/07/29 09:30:53.097952][I][sendCOMCommand] Serial buffer size: 22
[2020/07/29 09:30:53.612144][I][sendCOMCommand] DUT => 2
$2_Zigbee(EM357)>

[2020/07/29 09:30:53.618170][I][setZigbeeMenu] Success
[2020/07/29 09:30:53.621962][I][setZigbee_Tx] Set Diagnostics Menu
[2020/07/29 09:30:53.825786][I][sendCOMCommand] DUT <= d
[2020/07/29 09:30:53.936132][I][sendCOMCommand] Serial buffer size: 22
[2020/07/29 09:30:54.453583][I][sendCOMCommand] DUT => d
$2-d_Diagnostics>

[2020/07/29 09:30:54.459579][I][setZigbee_Tx] Success
[2020/07/29 09:30:54.463544][I][setZigbee_Tx] Set Channel Menu
[2020/07/29 09:30:54.667978][I][sendCOMCommand] DUT <= 2
[2020/07/29 09:30:54.777855][I][sendCOMCommand] Serial buffer size: 66
[2020/07/29 09:30:55.292510][I][sendCOMCommand] DUT => 2
$2-d-2_Set Channel (11 => 26) [0B - 1A by HEX]>
$PARAMETER?>

[2020/07/29 09:30:55.298531][I][setZigbee_Tx] Success
[2020/07/29 09:30:55.302729][I][setZigbee_Tx] Set Channel
[2020/07/29 09:30:55.506741][I][sendCOMCommand] DUT <= 0F
[2020/07/29 09:30:55.618788][I][sendCOMCommand] Serial buffer size: 53
[2020/07/29 09:30:56.134080][I][sendCOMCommand] DUT => Set Channel: 15 (0x0F)
$DONE_OK
$2-d_Diagnostics>

[2020/07/29 09:30:56.140030][I][setZigbee_Tx] Success
[2020/07/29 09:30:56.144040][I][setZigbee_Tx] Set PWR Menu
[2020/07/29 09:30:56.348296][I][sendCOMCommand] DUT <= 3
[2020/07/29 09:30:56.460173][I][sendCOMCommand] Serial buffer size: 79
[2020/07/29 09:30:56.977382][I][sendCOMCommand] DUT => 3
$2-d-3_Set Power (-32 => +8dBm, Step=1dB) [-2B - 08 by HEX]>
$PARAMETER?>

[2020/07/29 09:30:56.986060][I][setZigbee_Tx] Success
[2020/07/29 09:30:56.988891][I][setZigbee_Tx] Set Tx PWR
[2020/07/29 09:30:57.192667][I][sendCOMCommand] DUT <= 00
[2020/07/29 09:30:57.304006][I][sendCOMCommand] Serial buffer size: 50
[2020/07/29 09:30:57.819976][I][sendCOMCommand] DUT => Set Power: 0 (0x00)
$DONE_OK
$2-d_Diagnostics>

[2020/07/29 09:30:57.827992][I][setZigbee_Tx] Success
[2020/07/29 09:30:57.838030][I][setScimitarMenu] Set Scimitar menu
[2020/07/29 09:30:58.042889][I][sendCOMCommand] DUT <= x
[2020/07/29 09:30:58.154814][I][sendCOMCommand] Serial buffer size: 22
[2020/07/29 09:30:58.670517][I][sendCOMCommand] DUT => x
$2_Zigbee(EM357)>

[2020/07/29 09:30:58.878968][I][sendCOMCommand] DUT <= x
[2020/07/29 09:30:58.990714][I][sendCOMCommand] Serial buffer size: 7
[2020/07/29 09:30:59.506392][I][sendCOMCommand] DUT => x
$>

[2020/07/29 09:30:59.514426][I][setScimitarMenu] Success
[2020/07/29 09:30:59.517372][I][setZigbeeMenu] Check Zigbee Menu
[2020/07/29 09:30:59.721435][I][sendCOMCommand] DUT <= 2
[2020/07/29 09:30:59.834350][I][sendCOMCommand] Serial buffer size: 22
[2020/07/29 09:31:00.349905][I][sendCOMCommand] DUT => 2
$2_Zigbee(EM357)>

[2020/07/29 09:31:00.357877][I][setZigbeeMenu] Success
[2020/07/29 09:31:00.360884][I][setTxStart] Set Tx start
[2020/07/29 09:31:02.585714][I][setTxStop] Set Tx stop
[2020/07/29 09:31:02.789068][I][sendCOMCommand] DUT <= 5
[2020/07/29 09:31:02.896616][I][sendCOMCommand] Serial buffer size: 170
[2020/07/29 09:31:03.419507][I][sendCOMCommand] DUT => [mfglib]Send Packet(100 bytes)
[mfglib]Send Packet(100 bytes)
5
ZigBee send packet test end.
Total number of emberStatus errors:0
$[0]
$DONE_OK
$2_Zigbee(EM357)>

[2020/07/29 09:31:03.428530][I][setTxStop] Success
[2020/07/29 09:31:07.130637][I][setZigbee_Tx] ZIGBEE_2450 CH: 21, Tx PWR: 0 dBm
[2020/07/29 09:31:07.135656][I][setScimitarMenu] Set Scimitar menu
[2020/07/29 09:31:07.340675][I][sendCOMCommand] DUT <= x
[2020/07/29 09:31:07.450873][I][sendCOMCommand] Serial buffer size: 7
[2020/07/29 09:31:07.966843][I][sendCOMCommand] DUT => x
$>

[2020/07/29 09:31:07.974815][I][setScimitarMenu] Success
[2020/07/29 09:31:07.978855][I][setZigbeeMenu] Check Zigbee Menu
[2020/07/29 09:31:08.184443][I][sendCOMCommand] DUT <= 2
[2020/07/29 09:31:08.297698][I][sendCOMCommand] Serial buffer size: 22
[2020/07/29 09:31:08.809847][I][sendCOMCommand] DUT => 2
$2_Zigbee(EM357)>

[2020/07/29 09:31:08.817871][I][setZigbeeMenu] Success
[2020/07/29 09:31:08.821885][I][setZigbee_Tx] Set Diagnostics Menu
[2020/07/29 09:31:09.026832][I][sendCOMCommand] DUT <= d
[2020/07/29 09:31:09.141015][I][sendCOMCommand] Serial buffer size: 22
[2020/07/29 09:31:09.659735][I][sendCOMCommand] DUT => d
$2-d_Diagnostics>

[2020/07/29 09:31:09.667750][I][setZigbee_Tx] Success
[2020/07/29 09:31:09.671742][I][setZigbee_Tx] Set Channel Menu
[2020/07/29 09:31:09.876639][I][sendCOMCommand] DUT <= 2
[2020/07/29 09:31:09.990932][I][sendCOMCommand] Serial buffer size: 66
[2020/07/29 09:31:10.508671][I][sendCOMCommand] DUT => 2
$2-d-2_Set Channel (11 => 26) [0B - 1A by HEX]>
$PARAMETER?>

[2020/07/29 09:31:10.516630][I][setZigbee_Tx] Success
[2020/07/29 09:31:10.520798][I][setZigbee_Tx] Set Channel
[2020/07/29 09:31:10.725411][I][sendCOMCommand] DUT <= 15
[2020/07/29 09:31:10.839530][I][sendCOMCommand] Serial buffer size: 53
[2020/07/29 09:31:11.355814][I][sendCOMCommand] DUT => Set Channel: 21 (0x15)
$DONE_OK
$2-d_Diagnostics>

[2020/07/29 09:31:11.364765][I][setZigbee_Tx] Success
[2020/07/29 09:31:11.367776][I][setZigbee_Tx] Set PWR Menu
[2020/07/29 09:31:11.573087][I][sendCOMCommand] DUT <= 3
[2020/07/29 09:31:11.687833][I][sendCOMCommand] Serial buffer size: 79
[2020/07/29 09:31:12.204369][I][sendCOMCommand] DUT => 3
$2-d-3_Set Power (-32 => +8dBm, Step=1dB) [-2B - 08 by HEX]>
$PARAMETER?>

[2020/07/29 09:31:12.212368][I][setZigbee_Tx] Success
[2020/07/29 09:31:12.216278][I][setZigbee_Tx] Set Tx PWR
[2020/07/29 09:31:12.421328][I][sendCOMCommand] DUT <= 00
[2020/07/29 09:31:12.531275][I][sendCOMCommand] Serial buffer size: 50
[2020/07/29 09:31:13.048410][I][sendCOMCommand] DUT => Set Power: 0 (0x00)
$DONE_OK
$2-d_Diagnostics>

[2020/07/29 09:31:13.056429][I][setZigbee_Tx] Success
[2020/07/29 09:31:13.068495][I][setScimitarMenu] Set Scimitar menu
[2020/07/29 09:31:13.272030][I][sendCOMCommand] DUT <= x
[2020/07/29 09:31:13.378312][I][sendCOMCommand] Serial buffer size: 22
[2020/07/29 09:31:13.893757][I][sendCOMCommand] DUT => x
$2_Zigbee(EM357)>

[2020/07/29 09:31:14.102686][I][sendCOMCommand] DUT <= x
[2020/07/29 09:31:14.212339][I][sendCOMCommand] Serial buffer size: 7
[2020/07/29 09:31:14.729647][I][sendCOMCommand] DUT => x
$>

[2020/07/29 09:31:14.737652][I][setScimitarMenu] Success
[2020/07/29 09:31:14.741785][I][setZigbeeMenu] Check Zigbee Menu
[2020/07/29 09:31:14.946512][I][sendCOMCommand] DUT <= 2
[2020/07/29 09:31:15.054695][I][sendCOMCommand] Serial buffer size: 22
[2020/07/29 09:31:15.577848][I][sendCOMCommand] DUT => 2
$2_Zigbee(EM357)>

[2020/07/29 09:31:15.585866][I][setZigbeeMenu] Success
[2020/07/29 09:31:15.589878][I][setTxStart] Set Tx start
[2020/07/29 09:31:17.735757][I][setTxStop] Set Tx stop
[2020/07/29 09:31:17.942996][I][sendCOMCommand] DUT <= 5
[2020/07/29 09:31:18.058794][I][sendCOMCommand] Serial buffer size: 187
[2020/07/29 09:31:18.168490][W][sendCOMCommand] Buffer not empty!!!
[2020/07/29 09:31:18.182993][I][sendCOMCommand] Serial buffer size: 2
[2020/07/29 09:31:18.704416][I][sendCOMCommand] DUT => [mfglib]Send Packet(100 bytes)
[mfglib]Send Packet(100 bytes)
[mfglib]Send Packet(100 bytes)   *
5
ZigBee send packet test end.
Total number of emberStatus errors:0
$[0]
$DONE_OK
$2_Zigbee(EM357)>

[2020/07/29 09:31:18.709439][I][setTxStop] Success
[2020/07/29 09:31:18.738257][I][setZigbee_Tx] ZIGBEE_2450 CH: 21, Tx PWR: -1 dBm
[2020/07/29 09:31:18.741293][I][setScimitarMenu] Set Scimitar menu
[2020/07/29 09:31:18.947322][I][sendCOMCommand] DUT <= x
[2020/07/29 09:31:19.062689][I][sendCOMCommand] Serial buffer size: 3
[2020/07/29 09:31:19.580862][I][sendCOMCommand] DUT => x
$>

[2020/07/29 09:31:19.589836][I][setScimitarMenu] Success
[2020/07/29 09:31:19.592844][I][setZigbeeMenu] Check Zigbee Menu
[2020/07/29 09:31:19.797613][I][sendCOMCommand] DUT <= 2
[2020/07/29 09:31:19.904660][I][sendCOMCommand] Serial buffer size: 22
[2020/07/29 09:31:20.421277][I][sendCOMCommand] DUT => 2
$2_Zigbee(EM357)>

[2020/07/29 09:31:20.430422][I][setZigbeeMenu] Success
[2020/07/29 09:31:20.433432][I][setZigbee_Tx] Set Diagnostics Menu
[2020/07/29 09:31:20.639531][I][sendCOMCommand] DUT <= d
[2020/07/29 09:31:20.755538][I][sendCOMCommand] Serial buffer size: 22
[2020/07/29 09:31:21.274805][I][sendCOMCommand] DUT => d
$2-d_Diagnostics>

[2020/07/29 09:31:21.281967][I][setZigbee_Tx] Success
[2020/07/29 09:31:21.285016][I][setZigbee_Tx] Set Channel Menu
[2020/07/29 09:31:21.492523][I][sendCOMCommand] DUT <= 2
[2020/07/29 09:31:21.601237][I][sendCOMCommand] Serial buffer size: 66
[2020/07/29 09:31:22.124864][I][sendCOMCommand] DUT => 2
$2-d-2_Set Channel (11 => 26) [0B - 1A by HEX]>
$PARAMETER?>

[2020/07/29 09:31:22.132837][I][setZigbee_Tx] Success
[2020/07/29 09:31:22.136847][I][setZigbee_Tx] Set Channel
[2020/07/29 09:31:22.342411][I][sendCOMCommand] DUT <= 15
[2020/07/29 09:31:22.458524][I][sendCOMCommand] Serial buffer size: 34
[2020/07/29 09:31:22.565484][W][sendCOMCommand] Buffer not empty!!!
[2020/07/29 09:31:22.579531][I][sendCOMCommand] Serial buffer size: 19
[2020/07/29 09:31:23.101926][I][sendCOMCommand] DUT => Set Channel: 21 (0x15)
$DONE_OK
$2-d_Diagnostics>

[2020/07/29 09:31:23.109885][I][setZigbee_Tx] Success
[2020/07/29 09:31:23.113895][I][setZigbee_Tx] Set PWR Menu
[2020/07/29 09:31:23.318214][I][sendCOMCommand] DUT <= 3
[2020/07/29 09:31:23.431506][I][sendCOMCommand] Serial buffer size: 79
[2020/07/29 09:31:23.948572][I][sendCOMCommand] DUT => 3
$2-d-3_Set Power (-32 => +8dBm, Step=1dB) [-2B - 08 by HEX]>
$PARAMETER?>

[2020/07/29 09:31:23.956545][I][setZigbee_Tx] Success
[2020/07/29 09:31:23.960869][I][setZigbee_Tx] Set Tx PWR
[2020/07/29 09:31:24.165794][I][sendCOMCommand] DUT <= FF
[2020/07/29 09:31:24.282555][I][sendCOMCommand] Serial buffer size: 57
[2020/07/29 09:31:24.794460][I][sendCOMCommand] DUT => Set Power: -1 (0xFFFFFFFF)
$DONE_OK
$2-d_Diagnostics>

[2020/07/29 09:31:24.798474][I][setZigbee_Tx] Success
[2020/07/29 09:31:24.809773][I][setScimitarMenu] Set Scimitar menu
[2020/07/29 09:31:25.018097][I][sendCOMCommand] DUT <= x
[2020/07/29 09:31:25.133318][I][sendCOMCommand] Serial buffer size: 22
[2020/07/29 09:31:25.649508][I][sendCOMCommand] DUT => x
$2_Zigbee(EM357)>

[2020/07/29 09:31:25.859558][I][sendCOMCommand] DUT <= x
[2020/07/29 09:31:25.974945][I][sendCOMCommand] Serial buffer size: 7
[2020/07/29 09:31:26.493441][I][sendCOMCommand] DUT => x
$>

[2020/07/29 09:31:26.501504][I][setScimitarMenu] Success
[2020/07/29 09:31:26.505479][I][setZigbeeMenu] Check Zigbee Menu
[2020/07/29 09:31:26.710358][I][sendCOMCommand] DUT <= 2
[2020/07/29 09:31:26.825853][I][sendCOMCommand] Serial buffer size: 22
[2020/07/29 09:31:27.342479][I][sendCOMCommand] DUT => 2
$2_Zigbee(EM357)>

[2020/07/29 09:31:27.351495][I][setZigbeeMenu] Success
[2020/07/29 09:31:27.354462][I][setTxStart] Set Tx start
[2020/07/29 09:31:29.592244][I][setTxStop] Set Tx stop
[2020/07/29 09:31:29.797766][I][sendCOMCommand] DUT <= 5
[2020/07/29 09:31:29.904223][I][sendCOMCommand] Serial buffer size: 170
[2020/07/29 09:31:30.423471][I][sendCOMCommand] DUT => [mfglib]Send Packet(100 bytes)
[mfglib]Send Packet(100 bytes)
5
ZigBee send packet test end.
Total number of emberStatus errors:0
$[0]
$DONE_OK
$2_Zigbee(EM357)>

[2020/07/29 09:31:30.431462][I][setTxStop] Success
[2020/07/29 09:31:34.181465][I][setZigbee_Tx] ZIGBEE_2450 CH: 24, Tx PWR: 0 dBm
[2020/07/29 09:31:34.185483][I][setScimitarMenu] Set Scimitar menu
[2020/07/29 09:31:34.391439][I][sendCOMCommand] DUT <= x
[2020/07/29 09:31:34.501130][I][sendCOMCommand] Serial buffer size: 7
[2020/07/29 09:31:35.018347][I][sendCOMCommand] DUT => x
$>

[2020/07/29 09:31:35.026692][I][setScimitarMenu] Success
[2020/07/29 09:31:35.029702][I][setZigbeeMenu] Check Zigbee Menu
[2020/07/29 09:31:35.234906][I][sendCOMCommand] DUT <= 2
[2020/07/29 09:31:35.344153][I][sendCOMCommand] Serial buffer size: 22
[2020/07/29 09:31:35.860674][I][sendCOMCommand] DUT => 2
$2_Zigbee(EM357)>

[2020/07/29 09:31:35.869692][I][setZigbeeMenu] Success
[2020/07/29 09:31:35.873660][I][setZigbee_Tx] Set Diagnostics Menu
[2020/07/29 09:31:36.078145][I][sendCOMCommand] DUT <= d
[2020/07/29 09:31:36.193260][I][sendCOMCommand] Serial buffer size: 22
[2020/07/29 09:31:36.707522][I][sendCOMCommand] DUT => d
$2-d_Diagnostics>

[2020/07/29 09:31:36.716487][I][setZigbee_Tx] Success
[2020/07/29 09:31:36.719535][I][setZigbee_Tx] Set Channel Menu
[2020/07/29 09:31:36.924834][I][sendCOMCommand] DUT <= 2
[2020/07/29 09:31:37.041368][I][sendCOMCommand] Serial buffer size: 66
[2020/07/29 09:31:37.557244][I][sendCOMCommand] DUT => 2
$2-d-2_Set Channel (11 => 26) [0B - 1A by HEX]>
$PARAMETER?>

[2020/07/29 09:31:37.566305][I][setZigbee_Tx] Success
[2020/07/29 09:31:37.569315][I][setZigbee_Tx] Set Channel
[2020/07/29 09:31:37.774413][I][sendCOMCommand] DUT <= 18
[2020/07/29 09:31:37.883727][I][sendCOMCommand] Serial buffer size: 53
[2020/07/29 09:31:38.398459][I][sendCOMCommand] DUT => Set Channel: 24 (0x18)
$DONE_OK
$2-d_Diagnostics>

[2020/07/29 09:31:38.407259][I][setZigbee_Tx] Success
[2020/07/29 09:31:38.410269][I][setZigbee_Tx] Set PWR Menu
[2020/07/29 09:31:38.615508][I][sendCOMCommand] DUT <= 3
[2020/07/29 09:31:38.732559][I][sendCOMCommand] Serial buffer size: 79
[2020/07/29 09:31:39.249694][I][sendCOMCommand] DUT => 3
$2-d-3_Set Power (-32 => +8dBm, Step=1dB) [-2B - 08 by HEX]>
$PARAMETER?>

[2020/07/29 09:31:39.258705][I][setZigbee_Tx] Success
[2020/07/29 09:31:39.262716][I][setZigbee_Tx] Set Tx PWR
[2020/07/29 09:31:39.468469][I][sendCOMCommand] DUT <= 00
[2020/07/29 09:31:39.585357][I][sendCOMCommand] Serial buffer size: 50
[2020/07/29 09:31:40.101943][I][sendCOMCommand] DUT => Set Power: 0 (0x00)
$DONE_OK
$2-d_Diagnostics>

[2020/07/29 09:31:40.109962][I][setZigbee_Tx] Success
[2020/07/29 09:31:40.122359][I][setScimitarMenu] Set Scimitar menu
[2020/07/29 09:31:40.327814][I][sendCOMCommand] DUT <= x
[2020/07/29 09:31:40.435053][I][sendCOMCommand] Serial buffer size: 22
[2020/07/29 09:31:40.952191][I][sendCOMCommand] DUT => x
$2_Zigbee(EM357)>

[2020/07/29 09:31:41.162665][I][sendCOMCommand] DUT <= x
[2020/07/29 09:31:41.279914][I][sendCOMCommand] Serial buffer size: 7
[2020/07/29 09:31:41.796640][I][sendCOMCommand] DUT => x
$>

[2020/07/29 09:31:41.806676][I][setScimitarMenu] Success
[2020/07/29 09:31:41.810712][I][setZigbeeMenu] Check Zigbee Menu
[2020/07/29 09:31:42.017340][I][sendCOMCommand] DUT <= 2
[2020/07/29 09:31:42.133870][I][sendCOMCommand] Serial buffer size: 22
[2020/07/29 09:31:42.651552][I][sendCOMCommand] DUT => 2
$2_Zigbee(EM357)>

[2020/07/29 09:31:42.659581][I][setZigbeeMenu] Success
[2020/07/29 09:31:42.664008][I][setTxStart] Set Tx start
[2020/07/29 09:31:44.896934][I][setTxStop] Set Tx stop
[2020/07/29 09:31:45.102568][I][sendCOMCommand] DUT <= 5
[2020/07/29 09:31:45.220050][I][sendCOMCommand] Serial buffer size: 174
[2020/07/29 09:31:45.737560][I][sendCOMCommand] DUT => [mfglib]Send Packet(100 bytes)
[mfglib]Send Packet(100 bytes)   *
5
ZigBee send packet test end.
Total number of emberStatus errors:0
$[0]
$DONE_OK
$2_Zigbee(EM357)>

[2020/07/29 09:31:45.741574][I][setTxStop] Success
[2020/07/29 09:31:45.772208][I][setZigbee_Tx] ZIGBEE_2450 CH: 24, Tx PWR: -1 dBm
[2020/07/29 09:31:45.777260][I][setScimitarMenu] Set Scimitar menu
[2020/07/29 09:31:45.982845][I][sendCOMCommand] DUT <= x
[2020/07/29 09:31:46.092793][I][sendCOMCommand] Serial buffer size: 7
[2020/07/29 09:31:46.617857][I][sendCOMCommand] DUT => x
$>

[2020/07/29 09:31:46.626841][I][setScimitarMenu] Success
[2020/07/29 09:31:46.630842][I][setZigbeeMenu] Check Zigbee Menu
[2020/07/29 09:31:46.835696][I][sendCOMCommand] DUT <= 2
[2020/07/29 09:31:46.943182][I][sendCOMCommand] Serial buffer size: 22
[2020/07/29 09:31:47.460058][I][sendCOMCommand] DUT => 2
$2_Zigbee(EM357)>

[2020/07/29 09:31:47.470083][I][setZigbeeMenu] Success
[2020/07/29 09:31:47.474104][I][setZigbee_Tx] Set Diagnostics Menu
[2020/07/29 09:31:47.679264][I][sendCOMCommand] DUT <= d
[2020/07/29 09:31:47.796613][I][sendCOMCommand] Serial buffer size: 22
[2020/07/29 09:31:48.314835][I][sendCOMCommand] DUT => d
$2-d_Diagnostics>

[2020/07/29 09:31:48.323836][I][setZigbee_Tx] Success
[2020/07/29 09:31:48.327846][I][setZigbee_Tx] Set Channel Menu
[2020/07/29 09:31:48.535904][I][sendCOMCommand] DUT <= 2
[2020/07/29 09:31:48.651637][I][sendCOMCommand] Serial buffer size: 66
[2020/07/29 09:31:49.169125][I][sendCOMCommand] DUT => 2
$2-d-2_Set Channel (11 => 26) [0B - 1A by HEX]>
$PARAMETER?>

[2020/07/29 09:31:49.178097][I][setZigbee_Tx] Success
[2020/07/29 09:31:49.182107][I][setZigbee_Tx] Set Channel
[2020/07/29 09:31:49.388082][I][sendCOMCommand] DUT <= 18
[2020/07/29 09:31:49.505166][I][sendCOMCommand] Serial buffer size: 53
[2020/07/29 09:31:50.023103][I][sendCOMCommand] DUT => Set Channel: 24 (0x18)
$DONE_OK
$2-d_Diagnostics>

[2020/07/29 09:31:50.032356][I][setZigbee_Tx] Success
[2020/07/29 09:31:50.035366][I][setZigbee_Tx] Set PWR Menu
[2020/07/29 09:31:50.241313][I][sendCOMCommand] DUT <= 3
[2020/07/29 09:31:50.356330][I][sendCOMCommand] Serial buffer size: 79
[2020/07/29 09:31:50.870964][I][sendCOMCommand] DUT => 3
$2-d-3_Set Power (-32 => +8dBm, Step=1dB) [-2B - 08 by HEX]>
$PARAMETER?>

[2020/07/29 09:31:50.879027][I][setZigbee_Tx] Success
[2020/07/29 09:31:50.883037][I][setZigbee_Tx] Set Tx PWR
[2020/07/29 09:31:51.088633][I][sendCOMCommand] DUT <= FF
[2020/07/29 09:31:51.205684][I][sendCOMCommand] Serial buffer size: 57
[2020/07/29 09:31:51.722694][I][sendCOMCommand] DUT => Set Power: -1 (0xFFFFFFFF)
$DONE_OK
$2-d_Diagnostics>

[2020/07/29 09:31:51.727709][I][setZigbee_Tx] Success
[2020/07/29 09:31:51.741279][I][setScimitarMenu] Set Scimitar menu
[2020/07/29 09:31:51.946664][I][sendCOMCommand] DUT <= x
[2020/07/29 09:31:52.055436][I][sendCOMCommand] Serial buffer size: 22
[2020/07/29 09:31:52.580944][I][sendCOMCommand] DUT => x
$2_Zigbee(EM357)>

[2020/07/29 09:31:52.797712][I][sendCOMCommand] DUT <= x
[2020/07/29 09:31:52.905973][I][sendCOMCommand] Serial buffer size: 7
[2020/07/29 09:31:53.433308][I][sendCOMCommand] DUT => x
$>

[2020/07/29 09:31:53.443324][I][setScimitarMenu] Success
[2020/07/29 09:31:53.447723][I][setZigbeeMenu] Check Zigbee Menu
[2020/07/29 09:31:53.653424][I][sendCOMCommand] DUT <= 2
[2020/07/29 09:31:53.770849][I][sendCOMCommand] Serial buffer size: 22
[2020/07/29 09:31:54.288003][I][sendCOMCommand] DUT => 2
$2_Zigbee(EM357)>

[2020/07/29 09:31:54.297393][I][setZigbeeMenu] Success
[2020/07/29 09:31:54.300404][I][setTxStart] Set Tx start
[2020/07/29 09:31:56.531614][I][setTxStop] Set Tx stop
[2020/07/29 09:31:56.737385][I][sendCOMCommand] DUT <= 5
[2020/07/29 09:31:56.847096][I][sendCOMCommand] Serial buffer size: 151
[2020/07/29 09:31:57.358896][I][sendCOMCommand] DUT => [mfglib]Send Packet(100 bytes)
[mfglib]Send Packet(100 bytes)
5
ZigBee send packet test end.
Total number of emberStatus errors:0
$[0]
$DONE_OK
$2_Zigbee(EM357)>

[2020/07/29 09:31:57.369867][I][setTxStop] Success
[2020/07/29 09:31:58.771468][I][setZigbee_Rx] ZIGBEE_2450 CH: 19
[2020/07/29 09:31:58.775479][I][setScimitarMenu] Set Scimitar menu
[2020/07/29 09:31:58.981399][I][sendCOMCommand] DUT <= x
[2020/07/29 09:31:59.098509][I][sendCOMCommand] Serial buffer size: 7
[2020/07/29 09:31:59.614352][I][sendCOMCommand] DUT => x
$>

[2020/07/29 09:31:59.623332][I][setScimitarMenu] Success
[2020/07/29 09:31:59.627511][I][setZigbeeMenu] Check Zigbee Menu
[2020/07/29 09:31:59.833044][I][sendCOMCommand] DUT <= 2
[2020/07/29 09:31:59.944602][I][sendCOMCommand] Serial buffer size: 22
[2020/07/29 09:32:00.462840][I][sendCOMCommand] DUT => 2
$2_Zigbee(EM357)>

[2020/07/29 09:32:00.471731][I][setZigbeeMenu] Success
[2020/07/29 09:32:00.475776][I][setZigbee_Rx] Set Diagnostics Menu
[2020/07/29 09:32:00.681514][I][sendCOMCommand] DUT <= d
[2020/07/29 09:32:00.799706][I][sendCOMCommand] Serial buffer size: 22
[2020/07/29 09:32:01.317376][I][sendCOMCommand] DUT => d
$2-d_Diagnostics>

[2020/07/29 09:32:01.326405][I][setZigbee_Rx] Success
[2020/07/29 09:32:01.330416][I][setZigbee_Rx] Set Channel Menu
[2020/07/29 09:32:01.535942][I][sendCOMCommand] DUT <= 2
[2020/07/29 09:32:01.653708][I][sendCOMCommand] Serial buffer size: 66
[2020/07/29 09:32:02.173255][I][sendCOMCommand] DUT => 2
$2-d-2_Set Channel (11 => 26) [0B - 1A by HEX]>
$PARAMETER?>

[2020/07/29 09:32:02.182058][I][setZigbee_Rx] Success
[2020/07/29 09:32:02.186071][I][setZigbee_Rx] Set Channel
[2020/07/29 09:32:02.390606][I][sendCOMCommand] DUT <= 13
[2020/07/29 09:32:02.500599][I][sendCOMCommand] Serial buffer size: 53
[2020/07/29 09:32:03.019860][I][sendCOMCommand] DUT => Set Channel: 19 (0x13)
$DONE_OK
$2-d_Diagnostics>

[2020/07/29 09:32:03.028899][I][setZigbee_Rx] Success
[2020/07/29 09:32:03.036720][I][setZigbeeLNAMode] LNA Mode: 1
[2020/07/29 09:32:03.041702][I][setScimitarMenu] Set Scimitar menu
[2020/07/29 09:32:03.247531][I][sendCOMCommand] DUT <= x
[2020/07/29 09:32:03.363649][I][sendCOMCommand] Serial buffer size: 22
[2020/07/29 09:32:03.874138][I][sendCOMCommand] DUT => x
$2_Zigbee(EM357)>

[2020/07/29 09:32:04.083256][I][sendCOMCommand] DUT <= x
[2020/07/29 09:32:04.193438][I][sendCOMCommand] Serial buffer size: 7
[2020/07/29 09:32:04.718962][I][sendCOMCommand] DUT => x
$>

[2020/07/29 09:32:04.727991][I][setScimitarMenu] Success
[2020/07/29 09:32:04.732009][I][setZigbeeMenu] Check Zigbee Menu
[2020/07/29 09:32:04.938387][I][sendCOMCommand] DUT <= 2
[2020/07/29 09:32:05.054750][I][sendCOMCommand] Serial buffer size: 22
[2020/07/29 09:32:05.570653][I][sendCOMCommand] DUT => 2
$2_Zigbee(EM357)>

[2020/07/29 09:32:05.578664][I][setZigbeeMenu] Success
[2020/07/29 09:32:05.582636][I][setZigbeeLNAMode] Set GPIO Write Menu
[2020/07/29 09:32:05.788471][I][sendCOMCommand] DUT <= 3
[2020/07/29 09:32:05.904526][I][sendCOMCommand] Serial buffer size: 28
[2020/07/29 09:32:06.422605][I][sendCOMCommand] DUT => 3
$2-3_ZigBee GPIO Write>

[2020/07/29 09:32:06.432034][I][setZigbeeLNAMode] Success
[2020/07/29 09:32:06.436048][I][setZigbeeLNAMode] Set LNA Mode
[2020/07/29 09:32:06.641590][I][sendCOMCommand] DUT <= 3
[2020/07/29 09:32:06.759170][I][sendCOMCommand] Serial buffer size: 106
[2020/07/29 09:32:07.284491][I][sendCOMCommand] DUT => 3
[EZSP]Setting GPIO was successful. (portPin=3, cfg=1, out=0)
$[0]
$DONE_OK
$2-3_ZigBee GPIO Write>

[2020/07/29 09:32:07.494712][I][sendCOMCommand] DUT <= 3
[2020/07/29 09:32:07.611636][I][sendCOMCommand] Serial buffer size: 106
[2020/07/29 09:32:08.130999][I][sendCOMCommand] DUT => 3
[EZSP]Setting GPIO was successful. (portPin=3, cfg=1, out=1)
$[1]
$DONE_OK
$2-3_ZigBee GPIO Write>

[2020/07/29 09:32:08.140013][I][setZigbeeLNAMode] Success
[2020/07/29 09:32:09.159306][I][getRxResult] Get Rx Result
[2020/07/29 09:32:09.166316][I][setScimitarMenu] Set Scimitar menu
[2020/07/29 09:32:09.371850][I][sendCOMCommand] DUT <= x
[2020/07/29 09:32:09.481020][I][sendCOMCommand] Serial buffer size: 22
[2020/07/29 09:32:09.999880][I][sendCOMCommand] DUT => x
$2_Zigbee(EM357)>

[2020/07/29 09:32:10.210184][I][sendCOMCommand] DUT <= x
[2020/07/29 09:32:10.320429][I][sendCOMCommand] Serial buffer size: 7
[2020/07/29 09:32:10.836274][I][sendCOMCommand] DUT => x
$>

[2020/07/29 09:32:10.845747][I][setScimitarMenu] Success
[2020/07/29 09:32:10.849760][I][setZigbeeMenu] Check Zigbee Menu
[2020/07/29 09:32:11.055386][I][sendCOMCommand] DUT <= 2
[2020/07/29 09:32:11.172332][I][sendCOMCommand] Serial buffer size: 22
[2020/07/29 09:32:11.690497][I][sendCOMCommand] DUT => 2
$2_Zigbee(EM357)>

[2020/07/29 09:32:11.698532][I][setZigbeeMenu] Success
[2020/07/29 09:32:11.903557][I][sendCOMCommand] DUT <= b
[2020/07/29 09:32:12.011915][I][sendCOMCommand] Serial buffer size: 94
[2020/07/29 09:32:12.231529][W][sendCOMCommand] Buffer not empty!!!
[2020/07/29 09:32:12.239562][I][sendCOMCommand] Serial buffer size: 183
[2020/07/29 09:32:12.646826][W][sendCOMCommand] Buffer not empty!!!
[2020/07/29 09:32:12.654417][I][sendCOMCommand] Serial buffer size: 29
[2020/07/29 09:32:13.170705][I][sendCOMCommand] DUT => b
ZigBee get Rssi test start.
Start Scan ... (Channel: 19 (0x13) duration:2 mask:00080000)
Channel: 19 (0x13), Rssi:-16
Total OK!    OOO   K  K   !
            O   O  K K    !
            O   O  KK     !
            O   O  K K     
             OOO   K  Kk  !
$[-16]
$DONE_OK
$2_Zigbee(EM357)>

[2020/07/29 09:32:13.259266][I][setZigbee_Rx] ZIGBEE_2450 CH: 19
[2020/07/29 09:32:13.264263][I][setScimitarMenu] Set Scimitar menu
[2020/07/29 09:32:13.469665][I][sendCOMCommand] DUT <= x
[2020/07/29 09:32:13.587931][I][sendCOMCommand] Serial buffer size: 7
[2020/07/29 09:32:14.114019][I][sendCOMCommand] DUT => x
$>

[2020/07/29 09:32:14.122873][I][setScimitarMenu] Success
[2020/07/29 09:32:14.126924][I][setZigbeeMenu] Check Zigbee Menu
[2020/07/29 09:32:14.333534][I][sendCOMCommand] DUT <= 2
[2020/07/29 09:32:14.450972][I][sendCOMCommand] Serial buffer size: 22
[2020/07/29 09:32:14.966860][I][sendCOMCommand] DUT => 2
$2_Zigbee(EM357)>

[2020/07/29 09:32:14.974915][I][setZigbeeMenu] Success
[2020/07/29 09:32:14.978911][I][setZigbee_Rx] Set Diagnostics Menu
[2020/07/29 09:32:15.184762][I][sendCOMCommand] DUT <= d
[2020/07/29 09:32:15.302425][I][sendCOMCommand] Serial buffer size: 22
[2020/07/29 09:32:15.819919][I][sendCOMCommand] DUT => d
$2-d_Diagnostics>

[2020/07/29 09:32:15.828940][I][setZigbee_Rx] Success
[2020/07/29 09:32:15.833957][I][setZigbee_Rx] Set Channel Menu
[2020/07/29 09:32:16.040414][I][sendCOMCommand] DUT <= 2
[2020/07/29 09:32:16.150231][I][sendCOMCommand] Serial buffer size: 66
[2020/07/29 09:32:16.666032][I][sendCOMCommand] DUT => 2
$2-d-2_Set Channel (11 => 26) [0B - 1A by HEX]>
$PARAMETER?>

[2020/07/29 09:32:16.675517][I][setZigbee_Rx] Success
[2020/07/29 09:32:16.679531][I][setZigbee_Rx] Set Channel
[2020/07/29 09:32:16.884358][I][sendCOMCommand] DUT <= 13
[2020/07/29 09:32:16.994166][I][sendCOMCommand] Serial buffer size: 53
[2020/07/29 09:32:17.511678][I][sendCOMCommand] DUT => Set Channel: 19 (0x13)
$DONE_OK
$2-d_Diagnostics>

[2020/07/29 09:32:17.527679][I][setZigbee_Rx] Success
[2020/07/29 09:32:17.544555][I][setZigbeeLNAMode] LNA Mode: 0
[2020/07/29 09:32:17.552427][I][setScimitarMenu] Set Scimitar menu
[2020/07/29 09:32:17.758798][I][sendCOMCommand] DUT <= x
[2020/07/29 09:32:17.871399][I][sendCOMCommand] Serial buffer size: 22
[2020/07/29 09:32:18.388000][I][sendCOMCommand] DUT => x
$2_Zigbee(EM357)>

[2020/07/29 09:32:18.596016][I][sendCOMCommand] DUT <= x
[2020/07/29 09:32:18.713018][I][sendCOMCommand] Serial buffer size: 7
[2020/07/29 09:32:19.229623][I][sendCOMCommand] DUT => x
$>

[2020/07/29 09:32:19.238682][I][setScimitarMenu] Success
[2020/07/29 09:32:19.242654][I][setZigbeeMenu] Check Zigbee Menu
[2020/07/29 09:32:19.449322][I][sendCOMCommand] DUT <= 2
[2020/07/29 09:32:19.567890][I][sendCOMCommand] Serial buffer size: 22
[2020/07/29 09:32:20.087219][I][sendCOMCommand] DUT => 2
$2_Zigbee(EM357)>

[2020/07/29 09:32:20.096216][I][setZigbeeMenu] Success
[2020/07/29 09:32:20.100234][I][setZigbeeLNAMode] Set GPIO Write Menu
[2020/07/29 09:32:20.305559][I][sendCOMCommand] DUT <= 3
[2020/07/29 09:32:20.421982][I][sendCOMCommand] Serial buffer size: 28
[2020/07/29 09:32:20.939205][I][sendCOMCommand] DUT => 3
$2-3_ZigBee GPIO Write>

[2020/07/29 09:32:20.948291][I][setZigbeeLNAMode] Success
[2020/07/29 09:32:20.951301][I][setZigbeeLNAMode] Set LNA Mode
[2020/07/29 09:32:21.158130][I][sendCOMCommand] DUT <= 3
[2020/07/29 09:32:21.276935][I][sendCOMCommand] Serial buffer size: 106
[2020/07/29 09:32:21.795390][I][sendCOMCommand] DUT => 3
[EZSP]Setting GPIO was successful. (portPin=3, cfg=1, out=0)
$[0]
$DONE_OK
$2-3_ZigBee GPIO Write>

[2020/07/29 09:32:21.805404][I][setZigbeeLNAMode] Success
[2020/07/29 09:32:22.825092][I][getRxResult] Get Rx Result
[2020/07/29 09:32:22.833871][I][setScimitarMenu] Set Scimitar menu
[2020/07/29 09:32:23.040073][I][sendCOMCommand] DUT <= x
[2020/07/29 09:32:23.158057][I][sendCOMCommand] Serial buffer size: 22
[2020/07/29 09:32:23.676221][I][sendCOMCommand] DUT => x
$2_Zigbee(EM357)>

[2020/07/29 09:32:23.893499][I][sendCOMCommand] DUT <= x
[2020/07/29 09:32:24.000330][I][sendCOMCommand] Serial buffer size: 7
[2020/07/29 09:32:24.526090][I][sendCOMCommand] DUT => x
$>

[2020/07/29 09:32:24.535121][I][setScimitarMenu] Success
[2020/07/29 09:32:24.540176][I][setZigbeeMenu] Check Zigbee Menu
[2020/07/29 09:32:24.745848][I][sendCOMCommand] DUT <= 2
[2020/07/29 09:32:24.862483][I][sendCOMCommand] Serial buffer size: 22
[2020/07/29 09:32:25.382275][I][sendCOMCommand] DUT => 2
$2_Zigbee(EM357)>

[2020/07/29 09:32:25.389291][I][setZigbeeMenu] Success
[2020/07/29 09:32:25.595582][I][sendCOMCommand] DUT <= b
[2020/07/29 09:32:25.714357][I][sendCOMCommand] Serial buffer size: 32
[2020/07/29 09:32:25.924087][W][sendCOMCommand] Buffer not empty!!!
[2020/07/29 09:32:25.934864][I][sendCOMCommand] Serial buffer size: 168
[2020/07/29 09:32:26.348400][W][sendCOMCommand] Buffer not empty!!!
[2020/07/29 09:32:26.356536][I][sendCOMCommand] Serial buffer size: 29
[2020/07/29 09:32:26.871909][I][sendCOMCommand] DUT => b
ZigBee get Rssi test start.
Start Scan ... (Channel: 19 (0x13) duration:2 mask:00080000)
Channel: 19 (0x13), Rssi:-60
Total NG!   N   N   GGG 
            NN  N  G    
            N N N  G GGG
            N  NN  G  G 
            N   N   GG  
$[-60]
$DONE_OK
$2_Zigbee(EM357)>

[2020/07/29 09:33:13.221964][I][setZigbee_Tx] ZIGBEE_2450 CH: 15, Tx PWR: 0 dBm
[2020/07/29 09:33:13.225957][I][setScimitarMenu] Set Scimitar menu
[2020/07/29 09:33:13.432004][I][sendCOMCommand] DUT <= x
[2020/07/29 09:33:13.539563][I][sendCOMCommand] Serial buffer size: 7
[2020/07/29 09:33:14.058337][I][sendCOMCommand] DUT => x
$>

[2020/07/29 09:33:14.075387][I][setScimitarMenu] Success
[2020/07/29 09:33:14.091425][I][setZigbeeMenu] Check Zigbee Menu
[2020/07/29 09:33:14.309722][I][sendCOMCommand] DUT <= 2
[2020/07/29 09:33:14.419710][I][sendCOMCommand] Serial buffer size: 22
[2020/07/29 09:33:14.936505][I][sendCOMCommand] DUT => 2
$2_Zigbee(EM357)>

[2020/07/29 09:33:14.945506][I][setZigbeeMenu] Success
[2020/07/29 09:33:14.950559][I][setZigbee_Tx] Set Diagnostics Menu
[2020/07/29 09:33:15.157514][I][sendCOMCommand] DUT <= d
[2020/07/29 09:33:15.275165][I][sendCOMCommand] Serial buffer size: 22
[2020/07/29 09:33:15.790484][I][sendCOMCommand] DUT => d
$2-d_Diagnostics>

[2020/07/29 09:33:15.803748][I][setZigbee_Tx] Success
[2020/07/29 09:33:15.813783][I][setZigbee_Tx] Set Channel Menu
[2020/07/29 09:33:16.022216][I][sendCOMCommand] DUT <= 2
[2020/07/29 09:33:16.129428][I][sendCOMCommand] Serial buffer size: 66
[2020/07/29 09:33:16.645386][I][sendCOMCommand] DUT => 2
$2-d-2_Set Channel (11 => 26) [0B - 1A by HEX]>
$PARAMETER?>

[2020/07/29 09:33:16.654406][I][setZigbee_Tx] Success
[2020/07/29 09:33:16.659420][I][setZigbee_Tx] Set Channel
[2020/07/29 09:33:16.865551][I][sendCOMCommand] DUT <= 0F
[2020/07/29 09:33:16.982767][I][sendCOMCommand] Serial buffer size: 34
[2020/07/29 09:33:17.496685][I][sendCOMCommand] DUT => Set Channel: 15 (0x0F)
$DONE_OK
$2-d_Diagnostics>

[2020/07/29 09:33:17.505714][I][setZigbee_Tx] Success
[2020/07/29 09:33:17.510943][I][setZigbee_Tx] Set PWR Menu
[2020/07/29 09:33:17.716203][I][sendCOMCommand] DUT <= 3
[2020/07/29 09:33:17.827304][I][sendCOMCommand] Serial buffer size: 79
[2020/07/29 09:33:18.353756][I][sendCOMCommand] DUT => 3
$2-d-3_Set Power (-32 => +8dBm, Step=1dB) [-2B - 08 by HEX]>
$PARAMETER?>

[2020/07/29 09:33:18.362191][I][setZigbee_Tx] Success
[2020/07/29 09:33:18.366240][I][setZigbee_Tx] Set Tx PWR
[2020/07/29 09:33:18.571888][I][sendCOMCommand] DUT <= 00
[2020/07/29 09:33:18.682728][I][sendCOMCommand] Serial buffer size: 31
[2020/07/29 09:33:19.206399][I][sendCOMCommand] DUT => Set Power: 0 (0x00)
$DONE_OK
$2-d_Diagnostics>

[2020/07/29 09:33:19.212116][I][setZigbee_Tx] Success
[2020/07/29 09:33:19.225518][I][setScimitarMenu] Set Scimitar menu
[2020/07/29 09:33:19.432585][I][sendCOMCommand] DUT <= x
[2020/07/29 09:33:19.542566][I][sendCOMCommand] Serial buffer size: 22
[2020/07/29 09:33:20.056276][I][sendCOMCommand] DUT => x
$2_Zigbee(EM357)>

[2020/07/29 09:33:20.262680][I][sendCOMCommand] DUT <= x
[2020/07/29 09:33:20.372441][I][sendCOMCommand] Serial buffer size: 7
[2020/07/29 09:33:20.897994][I][sendCOMCommand] DUT => x
$>

[2020/07/29 09:33:20.907900][I][setScimitarMenu] Success
[2020/07/29 09:33:20.911913][I][setZigbeeMenu] Check Zigbee Menu
[2020/07/29 09:33:21.117127][I][sendCOMCommand] DUT <= 2
[2020/07/29 09:33:21.234529][I][sendCOMCommand] Serial buffer size: 22
[2020/07/29 09:33:21.748576][I][sendCOMCommand] DUT => 2
$2_Zigbee(EM357)>

[2020/07/29 09:33:21.754065][I][setZigbeeMenu] Success
[2020/07/29 09:33:21.759084][I][setTxStart] Set Tx start
[2020/07/29 09:33:23.989066][I][setTxStop] Set Tx stop
[2020/07/29 09:33:24.195394][I][sendCOMCommand] DUT <= 5
[2020/07/29 09:33:24.313316][I][sendCOMCommand] Serial buffer size: 174
[2020/07/29 09:33:24.828845][I][sendCOMCommand] DUT => [mfglib]Send Packet(100 bytes)
[mfglib]Send Packet(100 bytes)   *
5
ZigBee send packet test end.
Total number of emberStatus errors:0
$[0]
$DONE_OK
$2_Zigbee(EM357)>

[2020/07/29 09:33:24.838873][I][setTxStop] Success
[2020/07/29 09:33:28.858364][I][setZigbee_Tx] ZIGBEE_2450 CH: 21, Tx PWR: -1 dBm
[2020/07/29 09:33:28.864277][I][setScimitarMenu] Set Scimitar menu
[2020/07/29 09:33:29.069976][I][sendCOMCommand] DUT <= x
[2020/07/29 09:33:29.179598][I][sendCOMCommand] Serial buffer size: 3
[2020/07/29 09:33:29.704684][I][sendCOMCommand] DUT => x
$>

[2020/07/29 09:33:29.714651][I][setScimitarMenu] Success
[2020/07/29 09:33:29.718653][I][setZigbeeMenu] Check Zigbee Menu
[2020/07/29 09:33:29.924946][I][sendCOMCommand] DUT <= 2
[2020/07/29 09:33:30.032865][I][sendCOMCommand] Serial buffer size: 22
[2020/07/29 09:33:30.547514][I][sendCOMCommand] DUT => 2
$2_Zigbee(EM357)>

[2020/07/29 09:33:30.553545][I][setZigbeeMenu] Success
[2020/07/29 09:33:30.559549][I][setZigbee_Tx] Set Diagnostics Menu
[2020/07/29 09:33:30.766673][I][sendCOMCommand] DUT <= d
[2020/07/29 09:33:30.876762][I][sendCOMCommand] Serial buffer size: 22
[2020/07/29 09:33:31.393363][I][sendCOMCommand] DUT => d
$2-d_Diagnostics>

[2020/07/29 09:33:31.403381][I][setZigbee_Tx] Success
[2020/07/29 09:33:31.407350][I][setZigbee_Tx] Set Channel Menu
[2020/07/29 09:33:31.614011][I][sendCOMCommand] DUT <= 2
[2020/07/29 09:33:31.732148][I][sendCOMCommand] Serial buffer size: 66
[2020/07/29 09:33:32.247540][I][sendCOMCommand] DUT => 2
$2-d-2_Set Channel (11 => 26) [0B - 1A by HEX]>
$PARAMETER?>

[2020/07/29 09:33:32.257519][I][setZigbee_Tx] Success
[2020/07/29 09:33:32.261528][I][setZigbee_Tx] Set Channel
[2020/07/29 09:33:32.468431][I][sendCOMCommand] DUT <= 15
[2020/07/29 09:33:32.576523][I][sendCOMCommand] Serial buffer size: 34
[2020/07/29 09:33:33.089002][I][sendCOMCommand] DUT => Set Channel: 21 (0x15)
$DONE_OK
$2-d_Diagnostics>

[2020/07/29 09:33:33.099016][I][setZigbee_Tx] Success
[2020/07/29 09:33:33.104412][I][setZigbee_Tx] Set PWR Menu
[2020/07/29 09:33:33.310460][I][sendCOMCommand] DUT <= 3
[2020/07/29 09:33:33.429221][I][sendCOMCommand] Serial buffer size: 79
[2020/07/29 09:33:33.943885][I][sendCOMCommand] DUT => 3
$2-d-3_Set Power (-32 => +8dBm, Step=1dB) [-2B - 08 by HEX]>
$PARAMETER?>

[2020/07/29 09:33:33.949030][I][setZigbee_Tx] Success
[2020/07/29 09:33:33.954085][I][setZigbee_Tx] Set Tx PWR
[2020/07/29 09:33:34.160583][I][sendCOMCommand] DUT <= FF
[2020/07/29 09:33:34.269711][I][sendCOMCommand] Serial buffer size: 38
[2020/07/29 09:33:34.795398][I][sendCOMCommand] DUT => Set Power: -1 (0xFFFFFFFF)
$DONE_OK
$2-d_Diagnostics>

[2020/07/29 09:33:34.804369][I][setZigbee_Tx] Success
[2020/07/29 09:33:34.818408][I][setScimitarMenu] Set Scimitar menu
[2020/07/29 09:33:35.023940][I][sendCOMCommand] DUT <= x
[2020/07/29 09:33:35.132366][I][sendCOMCommand] Serial buffer size: 22
[2020/07/29 09:33:35.659051][I][sendCOMCommand] DUT => x
$2_Zigbee(EM357)>

[2020/07/29 09:33:35.870169][I][sendCOMCommand] DUT <= x
[2020/07/29 09:33:35.988154][I][sendCOMCommand] Serial buffer size: 7
[2020/07/29 09:33:36.502535][I][sendCOMCommand] DUT => x
$>

[2020/07/29 09:33:36.511558][I][setScimitarMenu] Success
[2020/07/29 09:33:36.516570][I][setZigbeeMenu] Check Zigbee Menu
[2020/07/29 09:33:36.723774][I][sendCOMCommand] DUT <= 2
[2020/07/29 09:33:36.842008][I][sendCOMCommand] Serial buffer size: 22
[2020/07/29 09:33:37.359779][I][sendCOMCommand] DUT => 2
$2_Zigbee(EM357)>

[2020/07/29 09:33:37.368791][I][setZigbeeMenu] Success
[2020/07/29 09:33:37.373808][I][setTxStart] Set Tx start
[2020/07/29 09:33:39.639354][I][setTxStop] Set Tx stop
[2020/07/29 09:33:39.847422][I][sendCOMCommand] DUT <= 5
[2020/07/29 09:33:39.956745][I][sendCOMCommand] Serial buffer size: 170
[2020/07/29 09:33:40.470346][I][sendCOMCommand] DUT => [mfglib]Send Packet(100 bytes)
[mfglib]Send Packet(100 bytes)
5
ZigBee send packet test end.
Total number of emberStatus errors:0
$[0]
$DONE_OK
$2_Zigbee(EM357)>

[2020/07/29 09:33:40.476364][I][setTxStop] Success
[2020/07/29 09:33:40.511499][I][setZigbee_Tx] ZIGBEE_2450 CH: 21, Tx PWR: 0 dBm
[2020/07/29 09:33:40.515468][I][setScimitarMenu] Set Scimitar menu
[2020/07/29 09:33:40.722525][I][sendCOMCommand] DUT <= x
[2020/07/29 09:33:40.830931][I][sendCOMCommand] Serial buffer size: 7
[2020/07/29 09:33:41.355950][I][sendCOMCommand] DUT => x
$>

[2020/07/29 09:33:41.365178][I][setScimitarMenu] Success
[2020/07/29 09:33:41.369191][I][setZigbeeMenu] Check Zigbee Menu
[2020/07/29 09:33:41.575564][I][sendCOMCommand] DUT <= 2
[2020/07/29 09:33:41.685538][I][sendCOMCommand] Serial buffer size: 22
[2020/07/29 09:33:42.202777][I][sendCOMCommand] DUT => 2
$2_Zigbee(EM357)>

[2020/07/29 09:33:42.212828][I][setZigbeeMenu] Success
[2020/07/29 09:33:42.216842][I][setZigbee_Tx] Set Diagnostics Menu
[2020/07/29 09:33:42.423528][I][sendCOMCommand] DUT <= d
[2020/07/29 09:33:42.535791][I][sendCOMCommand] Serial buffer size: 22
[2020/07/29 09:33:43.053019][I][sendCOMCommand] DUT => d
$2-d_Diagnostics>

[2020/07/29 09:33:43.063000][I][setZigbee_Tx] Success
[2020/07/29 09:33:43.067020][I][setZigbee_Tx] Set Channel Menu
[2020/07/29 09:33:43.274998][I][sendCOMCommand] DUT <= 2
[2020/07/29 09:33:43.393442][I][sendCOMCommand] Serial buffer size: 66
[2020/07/29 09:33:43.912516][I][sendCOMCommand] DUT => 2
$2-d-2_Set Channel (11 => 26) [0B - 1A by HEX]>
$PARAMETER?>

[2020/07/29 09:33:43.919533][I][setZigbee_Tx] Success
[2020/07/29 09:33:43.924545][I][setZigbee_Tx] Set Channel
[2020/07/29 09:33:44.130574][I][sendCOMCommand] DUT <= 15
[2020/07/29 09:33:44.248825][I][sendCOMCommand] Serial buffer size: 53
[2020/07/29 09:33:44.767400][I][sendCOMCommand] DUT => Set Channel: 21 (0x15)
$DONE_OK
$2-d_Diagnostics>

[2020/07/29 09:33:44.776624][I][setZigbee_Tx] Success
[2020/07/29 09:33:44.780675][I][setZigbee_Tx] Set PWR Menu
[2020/07/29 09:33:44.986134][I][sendCOMCommand] DUT <= 3
[2020/07/29 09:33:45.092498][I][sendCOMCommand] Serial buffer size: 79
[2020/07/29 09:33:45.606093][I][sendCOMCommand] DUT => 3
$2-d-3_Set Power (-32 => +8dBm, Step=1dB) [-2B - 08 by HEX]>
$PARAMETER?>

[2020/07/29 09:33:45.611498][I][setZigbee_Tx] Success
[2020/07/29 09:33:45.616514][I][setZigbee_Tx] Set Tx PWR
[2020/07/29 09:33:45.822738][I][sendCOMCommand] DUT <= 00
[2020/07/29 09:33:45.931981][I][sendCOMCommand] Serial buffer size: 50
[2020/07/29 09:33:46.456550][I][sendCOMCommand] DUT => Set Power: 0 (0x00)
$DONE_OK
$2-d_Diagnostics>

[2020/07/29 09:33:46.466576][I][setZigbee_Tx] Success
[2020/07/29 09:33:46.480347][I][setScimitarMenu] Set Scimitar menu
[2020/07/29 09:33:46.685645][I][sendCOMCommand] DUT <= x
[2020/07/29 09:33:46.804688][I][sendCOMCommand] Serial buffer size: 22
[2020/07/29 09:33:47.322244][I][sendCOMCommand] DUT => x
$2_Zigbee(EM357)>

[2020/07/29 09:33:47.533619][I][sendCOMCommand] DUT <= x
[2020/07/29 09:33:47.648661][I][sendCOMCommand] Serial buffer size: 7
[2020/07/29 09:33:48.164711][I][sendCOMCommand] DUT => x
$>

[2020/07/29 09:33:48.174040][I][setScimitarMenu] Success
[2020/07/29 09:33:48.178089][I][setZigbeeMenu] Check Zigbee Menu
[2020/07/29 09:33:48.384891][I][sendCOMCommand] DUT <= 2
[2020/07/29 09:33:48.502702][I][sendCOMCommand] Serial buffer size: 22
[2020/07/29 09:33:49.015749][I][sendCOMCommand] DUT => 2
$2_Zigbee(EM357)>

[2020/07/29 09:33:49.025738][I][setZigbeeMenu] Success
[2020/07/29 09:33:49.029804][I][setTxStart] Set Tx start
[2020/07/29 09:33:51.173511][I][setTxStop] Set Tx stop
[2020/07/29 09:33:51.381466][I][sendCOMCommand] DUT <= 5
[2020/07/29 09:33:51.491110][I][sendCOMCommand] Serial buffer size: 206
[2020/07/29 09:33:52.003276][I][sendCOMCommand] DUT => [mfglib]Send Packet(100 bytes)
[mfglib]Send Packet(100 bytes)
[mfglib]Send Packet(100 bytes)   *
5
ZigBee send packet test end.
Total number of emberStatus errors:0
$[0]
$DONE_OK
$2_Zigbee(EM357)>

[2020/07/29 09:33:52.008580][I][setTxStop] Success
[2020/07/29 09:33:55.761221][I][setZigbee_Tx] ZIGBEE_2450 CH: 24, Tx PWR: -1 dBm
[2020/07/29 09:33:55.766234][I][setScimitarMenu] Set Scimitar menu
[2020/07/29 09:33:55.971883][I][sendCOMCommand] DUT <= x
[2020/07/29 09:33:56.089559][I][sendCOMCommand] Serial buffer size: 7
[2020/07/29 09:33:56.602665][I][sendCOMCommand] DUT => x
$>

[2020/07/29 09:33:56.611858][I][setScimitarMenu] Success
[2020/07/29 09:33:56.617878][I][setZigbeeMenu] Check Zigbee Menu
[2020/07/29 09:33:56.824462][I][sendCOMCommand] DUT <= 2
[2020/07/29 09:33:56.932540][I][sendCOMCommand] Serial buffer size: 22
[2020/07/29 09:33:57.448411][I][sendCOMCommand] DUT => 2
$2_Zigbee(EM357)>

[2020/07/29 09:33:57.458404][I][setZigbeeMenu] Success
[2020/07/29 09:33:57.462452][I][setZigbee_Tx] Set Diagnostics Menu
[2020/07/29 09:33:57.670334][I][sendCOMCommand] DUT <= d
[2020/07/29 09:33:57.788983][I][sendCOMCommand] Serial buffer size: 22
[2020/07/29 09:33:58.305029][I][sendCOMCommand] DUT => d
$2-d_Diagnostics>

[2020/07/29 09:33:58.315052][I][setZigbee_Tx] Success
[2020/07/29 09:33:58.319063][I][setZigbee_Tx] Set Channel Menu
[2020/07/29 09:33:58.524713][I][sendCOMCommand] DUT <= 2
[2020/07/29 09:33:58.642315][I][sendCOMCommand] Serial buffer size: 66
[2020/07/29 09:33:59.161152][I][sendCOMCommand] DUT => 2
$2-d-2_Set Channel (11 => 26) [0B - 1A by HEX]>
$PARAMETER?>

[2020/07/29 09:33:59.179188][I][setZigbee_Tx] Success
[2020/07/29 09:33:59.187205][I][setZigbee_Tx] Set Channel
[2020/07/29 09:33:59.393035][I][sendCOMCommand] DUT <= 18
[2020/07/29 09:33:59.502512][I][sendCOMCommand] Serial buffer size: 53
[2020/07/29 09:34:00.026106][I][sendCOMCommand] DUT => Set Channel: 24 (0x18)
$DONE_OK
$2-d_Diagnostics>

[2020/07/29 09:34:00.031154][I][setZigbee_Tx] Success
[2020/07/29 09:34:00.036135][I][setZigbee_Tx] Set PWR Menu
[2020/07/29 09:34:00.242497][I][sendCOMCommand] DUT <= 3
[2020/07/29 09:34:00.351407][I][sendCOMCommand] Serial buffer size: 79
[2020/07/29 09:34:00.863261][I][sendCOMCommand] DUT => 3
$2-d-3_Set Power (-32 => +8dBm, Step=1dB) [-2B - 08 by HEX]>
$PARAMETER?>

[2020/07/29 09:34:00.868610][I][setZigbee_Tx] Success
[2020/07/29 09:34:00.872629][I][setZigbee_Tx] Set Tx PWR
[2020/07/29 09:34:01.080489][I][sendCOMCommand] DUT <= FF
[2020/07/29 09:34:01.191365][I][sendCOMCommand] Serial buffer size: 57
[2020/07/29 09:34:01.717288][I][sendCOMCommand] DUT => Set Power: -1 (0xFFFFFFFF)
$DONE_OK
$2-d_Diagnostics>

[2020/07/29 09:34:01.727133][I][setZigbee_Tx] Success
[2020/07/29 09:34:01.740182][I][setScimitarMenu] Set Scimitar menu
[2020/07/29 09:34:01.945770][I][sendCOMCommand] DUT <= x
[2020/07/29 09:34:02.054335][I][sendCOMCommand] Serial buffer size: 3
[2020/07/29 09:34:02.582293][I][sendCOMCommand] DUT => x
$2_Zigbee(EM357)>

[2020/07/29 09:34:02.800996][I][sendCOMCommand] DUT <= x
[2020/07/29 09:34:02.908829][I][sendCOMCommand] Serial buffer size: 7
[2020/07/29 09:34:03.425707][I][sendCOMCommand] DUT => x
$>

[2020/07/29 09:34:03.432729][I][setScimitarMenu] Success
[2020/07/29 09:34:03.438096][I][setZigbeeMenu] Check Zigbee Menu
[2020/07/29 09:34:03.643128][I][sendCOMCommand] DUT <= 2
[2020/07/29 09:34:03.756881][I][sendCOMCommand] Serial buffer size: 22
[2020/07/29 09:34:04.283940][I][sendCOMCommand] DUT => 2
$2_Zigbee(EM357)>

[2020/07/29 09:34:04.292970][I][setZigbeeMenu] Success
[2020/07/29 09:34:04.297022][I][setTxStart] Set Tx start
[2020/07/29 09:34:06.574576][I][setTxStop] Set Tx stop
[2020/07/29 09:34:06.779607][I][sendCOMCommand] DUT <= 5
[2020/07/29 09:34:06.890191][I][sendCOMCommand] Serial buffer size: 170
[2020/07/29 09:34:07.402963][I][sendCOMCommand] DUT => [mfglib]Send Packet(100 bytes)
[mfglib]Send Packet(100 bytes)
5
ZigBee send packet test end.
Total number of emberStatus errors:0
$[0]
$DONE_OK
$2_Zigbee(EM357)>

[2020/07/29 09:34:07.408995][I][setTxStop] Success
[2020/07/29 09:34:08.787848][I][setZigbee_Rx] ZIGBEE_2450 CH: 19
[2020/07/29 09:34:08.791864][I][setScimitarMenu] Set Scimitar menu
[2020/07/29 09:34:08.998279][I][sendCOMCommand] DUT <= x
[2020/07/29 09:34:09.117770][I][sendCOMCommand] Serial buffer size: 7
[2020/07/29 09:34:09.632387][I][sendCOMCommand] DUT => x
$>

[2020/07/29 09:34:09.641452][I][setScimitarMenu] Success
[2020/07/29 09:34:09.647024][I][setZigbeeMenu] Check Zigbee Menu
[2020/07/29 09:34:09.852605][I][sendCOMCommand] DUT <= 2
[2020/07/29 09:34:09.959342][I][sendCOMCommand] Serial buffer size: 22
[2020/07/29 09:34:10.476076][I][sendCOMCommand] DUT => 2
$2_Zigbee(EM357)>

[2020/07/29 09:34:10.485106][I][setZigbeeMenu] Success
[2020/07/29 09:34:10.490331][I][setZigbee_Rx] Set Diagnostics Menu
[2020/07/29 09:34:10.696339][I][sendCOMCommand] DUT <= d
[2020/07/29 09:34:10.814725][I][sendCOMCommand] Serial buffer size: 22
[2020/07/29 09:34:11.328961][I][sendCOMCommand] DUT => d
$2-d_Diagnostics>

[2020/07/29 09:34:11.334982][I][setZigbee_Rx] Success
[2020/07/29 09:34:11.340035][I][setZigbee_Rx] Set Channel Menu
[2020/07/29 09:34:11.547130][I][sendCOMCommand] DUT <= 2
[2020/07/29 09:34:11.665863][I][sendCOMCommand] Serial buffer size: 66
[2020/07/29 09:34:12.182651][I][sendCOMCommand] DUT => 2
$2-d-2_Set Channel (11 => 26) [0B - 1A by HEX]>
$PARAMETER?>

[2020/07/29 09:34:12.192244][I][setZigbee_Rx] Success
[2020/07/29 09:34:12.196264][I][setZigbee_Rx] Set Channel
[2020/07/29 09:34:12.403060][I][sendCOMCommand] DUT <= 13
[2020/07/29 09:34:12.522894][I][sendCOMCommand] Serial buffer size: 53
[2020/07/29 09:34:13.049179][I][sendCOMCommand] DUT => Set Channel: 19 (0x13)
$DONE_OK
$2-d_Diagnostics>

[2020/07/29 09:34:13.058193][I][setZigbee_Rx] Success
[2020/07/29 09:34:13.068183][I][setZigbeeLNAMode] LNA Mode: 1
[2020/07/29 09:34:13.072546][I][setScimitarMenu] Set Scimitar menu
[2020/07/29 09:34:13.278808][I][sendCOMCommand] DUT <= x
[2020/07/29 09:34:13.388298][I][sendCOMCommand] Serial buffer size: 22
[2020/07/29 09:34:13.905318][I][sendCOMCommand] DUT => x
$2_Zigbee(EM357)>

[2020/07/29 09:34:14.123205][I][sendCOMCommand] DUT <= x
[2020/07/29 09:34:14.230926][I][sendCOMCommand] Serial buffer size: 7
[2020/07/29 09:34:14.753592][I][sendCOMCommand] DUT => x
$>

[2020/07/29 09:34:14.764601][I][setScimitarMenu] Success
[2020/07/29 09:34:14.769580][I][setZigbeeMenu] Check Zigbee Menu
[2020/07/29 09:34:14.977044][I][sendCOMCommand] DUT <= 2
[2020/07/29 09:34:15.095903][I][sendCOMCommand] Serial buffer size: 22
[2020/07/29 09:34:15.616747][I][sendCOMCommand] DUT => 2
$2_Zigbee(EM357)>

[2020/07/29 09:34:15.625811][I][setZigbeeMenu] Success
[2020/07/29 09:34:15.629787][I][setZigbeeLNAMode] Set GPIO Write Menu
[2020/07/29 09:34:15.837688][I][sendCOMCommand] DUT <= 3
[2020/07/29 09:34:15.949139][I][sendCOMCommand] Serial buffer size: 28
[2020/07/29 09:34:16.467158][I][sendCOMCommand] DUT => 3
$2-3_ZigBee GPIO Write>

[2020/07/29 09:34:16.476253][I][setZigbeeLNAMode] Success
[2020/07/29 09:34:16.480308][I][setZigbeeLNAMode] Set LNA Mode
[2020/07/29 09:34:16.687182][I][sendCOMCommand] DUT <= 3
[2020/07/29 09:34:16.806179][I][sendCOMCommand] Serial buffer size: 106
[2020/07/29 09:34:17.318888][I][sendCOMCommand] DUT => 3
[EZSP]Setting GPIO was successful. (portPin=3, cfg=1, out=1)
$[1]
$DONE_OK
$2-3_ZigBee GPIO Write>

[2020/07/29 09:34:17.325911][I][setZigbeeLNAMode] Success
[2020/07/29 09:34:18.346949][I][getRxResult] Get Rx Result
[2020/07/29 09:34:18.355978][I][setScimitarMenu] Set Scimitar menu
[2020/07/29 09:34:18.562666][I][sendCOMCommand] DUT <= x
[2020/07/29 09:34:18.681333][I][sendCOMCommand] Serial buffer size: 22
[2020/07/29 09:34:19.197639][I][sendCOMCommand] DUT => x
$2_Zigbee(EM357)>

[2020/07/29 09:34:19.404506][I][sendCOMCommand] DUT <= x
[2020/07/29 09:34:19.513689][I][sendCOMCommand] Serial buffer size: 7
[2020/07/29 09:34:20.039024][I][sendCOMCommand] DUT => x
$>

[2020/07/29 09:34:20.056013][I][setScimitarMenu] Success
[2020/07/29 09:34:20.066039][I][setZigbeeMenu] Check Zigbee Menu
[2020/07/29 09:34:20.274529][I][sendCOMCommand] DUT <= 2
[2020/07/29 09:34:20.384505][I][sendCOMCommand] Serial buffer size: 22
[2020/07/29 09:34:20.906305][I][sendCOMCommand] DUT => 2
$2_Zigbee(EM357)>

[2020/07/29 09:34:20.911336][I][setZigbeeMenu] Success
[2020/07/29 09:34:21.118927][I][sendCOMCommand] DUT <= b
[2020/07/29 09:34:21.229058][I][sendCOMCommand] Serial buffer size: 32
[2020/07/29 09:34:21.439278][W][sendCOMCommand] Buffer not empty!!!
[2020/07/29 09:34:21.445094][I][sendCOMCommand] Serial buffer size: 183
[2020/07/29 09:34:21.852728][W][sendCOMCommand] Buffer not empty!!!
[2020/07/29 09:34:21.861843][I][sendCOMCommand] Serial buffer size: 29
[2020/07/29 09:34:22.377389][I][sendCOMCommand] DUT => b
ZigBee get Rssi test start.
Start Scan ... (Channel: 19 (0x13) duration:2 mask:00080000)
Channel: 19 (0x13), Rssi:-16
Total OK!    OOO   K  K   !
            O   O  K K    !
            O   O  KK     !
            O   O  K K     
             OOO   K  Kk  !
$[-16]
$DONE_OK
$2_Zigbee(EM357)>

[2020/07/29 09:34:22.466993][I][setZigbee_Rx] ZIGBEE_2450 CH: 19
[2020/07/29 09:34:22.472000][I][setScimitarMenu] Set Scimitar menu
[2020/07/29 09:34:22.677362][I][sendCOMCommand] DUT <= x
[2020/07/29 09:34:22.791911][I][sendCOMCommand] Serial buffer size: 7
[2020/07/29 09:34:23.309406][I][sendCOMCommand] DUT => x
$>

[2020/07/29 09:34:23.319427][I][setScimitarMenu] Success
[2020/07/29 09:34:23.323437][I][setZigbeeMenu] Check Zigbee Menu
[2020/07/29 09:34:23.530631][I][sendCOMCommand] DUT <= 2
[2020/07/29 09:34:23.638738][I][sendCOMCommand] Serial buffer size: 22
[2020/07/29 09:34:24.150874][I][sendCOMCommand] DUT => 2
$2_Zigbee(EM357)>

[2020/07/29 09:34:24.157530][I][setZigbeeMenu] Success
[2020/07/29 09:34:24.162545][I][setZigbee_Rx] Set Diagnostics Menu
[2020/07/29 09:34:24.369538][I][sendCOMCommand] DUT <= d
[2020/07/29 09:34:24.488116][I][sendCOMCommand] Serial buffer size: 22
[2020/07/29 09:34:25.003051][I][sendCOMCommand] DUT => d
$2-d_Diagnostics>

[2020/07/29 09:34:25.020089][I][setZigbee_Rx] Success
[2020/07/29 09:34:25.029069][I][setZigbee_Rx] Set Channel Menu
[2020/07/29 09:34:25.237439][I][sendCOMCommand] DUT <= 2
[2020/07/29 09:34:25.346882][I][sendCOMCommand] Serial buffer size: 66
[2020/07/29 09:34:25.871281][I][sendCOMCommand] DUT => 2
$2-d-2_Set Channel (11 => 26) [0B - 1A by HEX]>
$PARAMETER?>

[2020/07/29 09:34:25.880311][I][setZigbee_Rx] Success
[2020/07/29 09:34:25.885324][I][setZigbee_Rx] Set Channel
[2020/07/29 09:34:26.092674][I][sendCOMCommand] DUT <= 13
[2020/07/29 09:34:26.210963][I][sendCOMCommand] Serial buffer size: 53
[2020/07/29 09:34:26.732590][I][sendCOMCommand] DUT => Set Channel: 19 (0x13)
$DONE_OK
$2-d_Diagnostics>

[2020/07/29 09:34:26.742920][I][setZigbee_Rx] Success
[2020/07/29 09:34:26.751961][I][setZigbeeLNAMode] LNA Mode: 0
[2020/07/29 09:34:26.756997][I][setScimitarMenu] Set Scimitar menu
[2020/07/29 09:34:26.963933][I][sendCOMCommand] DUT <= x
[2020/07/29 09:34:27.070125][I][sendCOMCommand] Serial buffer size: 22
[2020/07/29 09:34:27.585656][I][sendCOMCommand] DUT => x
$2_Zigbee(EM357)>

[2020/07/29 09:34:27.807907][I][sendCOMCommand] DUT <= x
[2020/07/29 09:34:27.917555][I][sendCOMCommand] Serial buffer size: 7
[2020/07/29 09:34:28.437434][I][sendCOMCommand] DUT => x
$>

[2020/07/29 09:34:28.442698][I][setScimitarMenu] Success
[2020/07/29 09:34:28.447715][I][setZigbeeMenu] Check Zigbee Menu
[2020/07/29 09:34:28.653082][I][sendCOMCommand] DUT <= 2
[2020/07/29 09:34:28.760052][I][sendCOMCommand] Serial buffer size: 22
[2020/07/29 09:34:29.275336][I][sendCOMCommand] DUT => 2
$2_Zigbee(EM357)>

[2020/07/29 09:34:29.285296][I][setZigbeeMenu] Success
[2020/07/29 09:34:29.289348][I][setZigbeeLNAMode] Set GPIO Write Menu
[2020/07/29 09:34:29.494967][I][sendCOMCommand] DUT <= 3
[2020/07/29 09:34:29.605071][I][sendCOMCommand] Serial buffer size: 28
[2020/07/29 09:34:30.121725][I][sendCOMCommand] DUT => 3
$2-3_ZigBee GPIO Write>

[2020/07/29 09:34:30.137683][I][setZigbeeLNAMode] Success
[2020/07/29 09:34:30.143161][I][setZigbeeLNAMode] Set LNA Mode
[2020/07/29 09:34:30.348981][I][sendCOMCommand] DUT <= 3
[2020/07/29 09:34:30.459061][I][sendCOMCommand] Serial buffer size: 106
[2020/07/29 09:34:30.969765][I][sendCOMCommand] DUT => 3
[EZSP]Setting GPIO was successful. (portPin=3, cfg=1, out=0)
$[0]
$DONE_OK
$2-3_ZigBee GPIO Write>

[2020/07/29 09:34:30.976770][I][setZigbeeLNAMode] Success
[2020/07/29 09:34:31.998096][I][getRxResult] Get Rx Result
[2020/07/29 09:34:32.007644][I][setScimitarMenu] Set Scimitar menu
[2020/07/29 09:34:32.213752][I][sendCOMCommand] DUT <= x
[2020/07/29 09:34:32.323101][I][sendCOMCommand] Serial buffer size: 22
[2020/07/29 09:34:32.851813][I][sendCOMCommand] DUT => x
$2_Zigbee(EM357)>

[2020/07/29 09:34:33.070192][I][sendCOMCommand] DUT <= x
[2020/07/29 09:34:33.177943][I][sendCOMCommand] Serial buffer size: 7
[2020/07/29 09:34:33.694704][I][sendCOMCommand] DUT => x
$>

[2020/07/29 09:34:33.709742][I][setScimitarMenu] Success
[2020/07/29 09:34:33.722781][I][setZigbeeMenu] Check Zigbee Menu
[2020/07/29 09:34:33.931165][I][sendCOMCommand] DUT <= 2
[2020/07/29 09:34:34.040256][I][sendCOMCommand] Serial buffer size: 22
[2020/07/29 09:34:34.555833][I][sendCOMCommand] DUT => 2
$2_Zigbee(EM357)>

[2020/07/29 09:34:34.560844][I][setZigbeeMenu] Success
[2020/07/29 09:34:34.767554][I][sendCOMCommand] DUT <= b
[2020/07/29 09:34:34.877540][I][sendCOMCommand] Serial buffer size: 94
[2020/07/29 09:34:34.987026][W][sendCOMCommand] Buffer not empty!!!
[2020/07/29 09:34:34.995986][I][sendCOMCommand] Serial buffer size: 168
[2020/07/29 09:34:35.511418][I][sendCOMCommand] DUT => b
ZigBee get Rssi test start.
Start Scan ... (Channel: 19 (0x13) duration:2 mask:00080000)
Channel: 19 (0x13), Rssi:-60
Total NG!   N   N   GGG 
            NN  N  G    
            N N N  G GGG
            N  NN  G  G 
            N   N   GG  
$[-60]

[2020/07/29 09:34:40.475465][I][disconnectDUT] Disconnect DUT success
