[2020/07/29 07:04:11][I][getBOM] Get BOM Success!
[2020/07/29 07:04:11][I][getSKU] Get SKU from BOM: BOM_SKU, SKU name: 451AOD30L02
[2020/07/29 07:04:11][I][loadTestItemBySKU] Test Item List = (GFI20Bootup.py,1)(CountDown.py,1)(GFI20_RF_Zigbee,2)(GFI20_RF_LTE,1)
[2020/07/29 07:04:11][I][loadTestItemBySKU] Test Item List Element = ['GFI20Bootup.py,1', 'CountDown.py,1', 'GFI20_RF_Zigbee,2', 'GFI20_RF_LTE,1']
[2020/07/29 07:04:11][I][showTestingMsg] Waiting for testing...
[2020/07/29 07:04:11]---------- TestItem:GFI20Bootup.py  Method:1 ----------
[2020/07/29 07:04:11][I][runTestItem] Test start time: 2020/07/29 07:04:11
[2020/07/29 07:04:18][I][runTestItem] Test finished
[2020/07/29 07:04:18][I][checkTestResult] Version=3.0.0.3
[2020/07/29 07:04:18][I][checkTestResult] Result=Pass
[2020/07/29 07:04:18]*********************************************************
[2020/07/29 07:04:18]GFI20Bootup.py   3.0.0.3

[2020/07/29 07:04:18]			Result: Pass

[2020/07/29 07:04:18]			Method: 1

[2020/07/29 07:04:18]			Start: 2020/07/29 07:04:11

[2020/07/29 07:04:18]			End: 2020/07/29 07:04:18
[2020/07/29 07:04:18][I][runTestItem] Test end time: 2020/07/29 07:04:18
[2020/07/29 07:04:18]---------- TestItem:CountDown.py  Method:1 ----------
[2020/07/29 07:04:18][I][runTestItem] Test start time: 2020/07/29 07:04:18
[2020/07/29 07:05:10][I][runTestItem] Test finished
[2020/07/29 07:05:10][I][checkTestResult] Version=3.0.0.3
[2020/07/29 07:05:10][I][checkTestResult] Result=Pass
[2020/07/29 07:05:10]*********************************************************
[2020/07/29 07:05:10]CountDown.py   3.0.0.3

[2020/07/29 07:05:10]			Result: Pass

[2020/07/29 07:05:10]			Method: 1

[2020/07/29 07:05:10]			Start: 2020/07/29 07:04:18

[2020/07/29 07:05:10]			End: 2020/07/29 07:05:10
[2020/07/29 07:05:11][I][runTestItem] Test end time: 2020/07/29 07:05:10
[2020/07/29 07:05:11]---------- TestItem:GFI20_RF_Zigbee.py  Method:2 ----------
[2020/07/29 07:05:11][I][runTestItem] Test start time: 2020/07/29 07:05:11
[2020/07/29 07:07:07][I][runTestItem] Test finished
[2020/07/29 07:07:07][I][checkTestResult] Version=3.0.0.3
[2020/07/29 07:07:07][I][checkTestResult] Result=Pass
[2020/07/29 07:07:07]*********************************************************
[2020/07/29 07:07:07]GFI20_RF_Zigbee.py   3.0.0.3

[2020/07/29 07:07:07]			Result: Pass

[2020/07/29 07:07:07]			Method: 2

[2020/07/29 07:07:07]			Start: 2020/07/29 07:05:11

[2020/07/29 07:07:07]			End: 2020/07/29 07:07:07
[2020/07/29 07:07:07][I][runTestItem] Test end time: 2020/07/29 07:07:07
[2020/07/29 07:07:07]---------- TestItem:GFI20_RF_LTE.py  Method:1 ----------
[2020/07/29 07:07:07][I][runTestItem] Test start time: 2020/07/29 07:07:07
[2020/07/29 07:08:26][I][runTestItem] Test finished
[2020/07/29 07:08:26][I][checkTestResult] Version=3.0.0.11
[2020/07/29 07:08:26][I][checkTestResult] Result=Pass
[2020/07/29 07:08:26]*********************************************************
[2020/07/29 07:08:26]GFI20_RF_LTE.py   3.0.0.11

[2020/07/29 07:08:26]			Result: Pass

[2020/07/29 07:08:26]			Method: 1

[2020/07/29 07:08:26]			Start: 2020/07/29 07:07:07

[2020/07/29 07:08:26]			End: 2020/07/29 07:08:26
[2020/07/29 07:08:26][I][runTestItem] Test end time: 2020/07/29 07:08:26
[2020/07/29 07:08:27][I][runLastScript] Waiting for ending...
[2020/07/29 07:08:27]---------- TestItem:GFI20LastScript.py  Method:1 ----------
[2020/07/29 07:08:27][I][runLastScript] Test start time: 2020/07/29 07:08:27
[2020/07/29 07:09:22][I][runLastScript] Test finished
[2020/07/29 07:09:22][I][runLastScript] Test end time: 2020/07/29 07:09:22
[2020/07/29 07:09:22][I][checkTestResult] Version=3.0.0.6
[2020/07/29 07:09:22][I][checkTestResult] Result=Fail
[2020/07/29 07:09:22][I][checkTestResult] Reason=Check voltage failed!!
[2020/07/29 07:09:22][I][checkTestResult] EC=010000S03
[2020/07/29 07:09:23]*********************************************************
[2020/07/29 07:09:23]GFI20LastScript.py   3.0.0.6

[2020/07/29 07:09:23]			Result: Fail

[2020/07/29 07:09:23]			Method: 1

[2020/07/29 07:09:23]			Start: 2020/07/29 07:08:27

[2020/07/29 07:09:23]			End: 2020/07/29 07:09:22
[2020/07/29 07:09:23]
			Fail Reason: Check voltage failed!!
