[2020/07/29 07:05:11.072509] ========== Start ==========
[2020/07/29 07:05:11.075502] [I][main] Python 3.7.2 (tags/v3.7.2:9a3ffc0492, Dec 23 2018, 23:09:28) [MSC v.1916 64 bit (AMD64)]
[2020/07/29 07:05:11.076542] [I][main] GFI20_RF_Zigbee.py 3.0.0.3
[2020/07/29 07:05:11.079543] [I][readINI] ---------- INI ----------
[2020/07/29 07:05:11.081511] [I][readINI] SKU = 1
[2020/07/29 07:05:11.082567] [I][readINI] InstrumentINI = GFI20_Zigbee_Instrument_Setting
[2020/07/29 07:05:11.085529] [I][readINI] ---------- Test Plan 1 ----------
[2020/07/29 07:05:11.088529] [I][readINI] TestPlan1 = ZIGBEE_2450;15/2425,21/2455,24/2470;TX_Power
[2020/07/29 07:05:11.090537] [I][readINI] CableLoss = ['8.2', '8.9', '8.8'] dBm
[2020/07/29 07:05:11.096169] [I][readINI] TX_Power = ['0', '0', '0'] dBm
[2020/07/29 07:05:11.098189] [I][readINI] Calibration_ON = 1
[2020/07/29 07:05:11.099193] [I][readINI] Ca_Tx_Power_Target = ['9.2', '9.2', '9.2']
[2020/07/29 07:05:11.102209] [I][readINI] Ca_Tx_Power_Gap = ['0.5', '0.5', '0.5']
[2020/07/29 07:05:11.104206] [I][readINI] Ca_Tx_Power_Offset = ['0.86', '0.86', '0.86']
[2020/07/29 07:05:11.106251] [I][readINI] Current_ON = 1
[2020/07/29 07:05:11.108217] [I][readINI] TX_Current_SpecMax = ['0.18', '0.18', '0.18'] A
[2020/07/29 07:05:11.110223] [I][readINI] TX_Current_SpecMin = ['0.045', '0.045', '0.045'] A
[2020/07/29 07:05:11.112227] [I][readINI] TX_Power_SpecMax = ['12', '12', '12'] dBm
[2020/07/29 07:05:11.114234] [I][readINI] TX_Power_SpecMin = ['6', '6', '6'] dBm
[2020/07/29 07:05:11.117242] [I][readINI] ---------- Test Plan 1 ----------
[2020/07/29 07:05:11.119247] [I][readINI] ---------- Test Plan 2 ----------
[2020/07/29 07:05:11.121717] [I][readINI] TestPlan2 = ZIGBEE_2450;19/2445;RX_RSSI
[2020/07/29 07:05:11.123791] [I][readINI] CableLoss = ['8.9'] dBm
[2020/07/29 07:05:11.125998] [I][readINI] RX_Cell_Power = ['-25'] dBm
[2020/07/29 07:05:11.128275] [I][readINI] RX_LNAON_RSSI_SpecMax = ['-9'] %
[2020/07/29 07:05:11.130674] [I][readINI] RX_LNAON_RSSI_SpecMin = ['-18'] %
[2020/07/29 07:05:11.132683] [I][readINI] RX_LNAOFF_RSSI_SpecMax = ['-24'] %
[2020/07/29 07:05:11.135237] [I][readINI] RX_LNAOFF_RSSI_SpecMin = ['-30'] %
[2020/07/29 07:05:11.137441] [I][readINI] ---------- Test Plan 2 ----------
[2020/07/29 07:05:11.140476] [I][readINI] StartButton_ON = 0
[2020/07/29 07:05:11.143483] [I][readINI] FailAutoExit = True
[2020/07/29 07:05:11.145489] [I][readINI] FailRetryAll = True
[2020/07/29 07:05:11.147499] [I][readINI] RFDatabase = True
[2020/07/29 07:05:11.150776] [I][readINI] EC = 010000S01
[2020/07/29 07:05:11.152795] [I][readINI] ---------- INI ----------
[2020/07/29 07:05:11.155791] [I][readInstrumentINI] ---------- Common ----------
[2020/07/29 07:05:11.158780] [I][readInstrumentINI] Instrument_Name = E6640A
[2020/07/29 07:05:11.161235] [I][readInstrumentINI] Instrument_IP_Addr = TCPIP0::192.168.1.2::hislip0::INSTR
[2020/07/29 07:05:11.163242] [I][readInstrumentINI] PowerSupplier_Name = 66321B
[2020/07/29 07:05:11.165248] [I][readInstrumentINI] PowerSupplier_Addr = GPIB0::5::INSTR
[2020/07/29 07:05:11.168655] [I][readInstrumentINI] Current_Delay = 0.5
[2020/07/29 07:05:11.171155] [I][readInstrumentINI] ---------- Common ----------
[2020/07/29 07:05:11.173732] [I][readInstrumentINI] ---------- ZIGBEE_2450 ----------
[2020/07/29 07:05:11.176003] [I][readInstrumentINI] RFIO_Input = 1
[2020/07/29 07:05:11.178791] [I][readInstrumentINI] Tx_Span = 10000.0 kHz
[2020/07/29 07:05:11.180800] [I][readInstrumentINI] Tx_PowRange = 20.0 dBm
[2020/07/29 07:05:11.183919] [I][readInstrumentINI] Tx_SymbolRate = 1000.0 kHz
[2020/07/29 07:05:11.185925] [I][readInstrumentINI] Tx_MeasInterval = 500
[2020/07/29 07:05:11.188934] [I][readInstrumentINI] Tx_TrigLevel = 30.0 mV
[2020/07/29 07:05:11.191776] [I][readInstrumentINI] Tx_TrigDelay = 0.3 ms
[2020/07/29 07:05:11.193783] [I][readInstrumentINI] RFIO_Output = 1
[2020/07/29 07:05:11.196797] [I][readInstrumentINI] ---------- ZIGBEE_2450 ----------
[2020/07/29 07:05:11.199416] ---------- StartTest ----------
[2020/07/29 07:05:11.209323] [I][chkDUTConnect] Connect to DUT
[2020/07/29 07:05:11.219102] [I][chkDUTConnect] Check DUT status
[2020/07/29 07:05:12.051421] [I][chkDUTConnect] Success
[2020/07/29 07:05:12.062452] [I][chkE6640AConnect] Connect to E6640A
[2020/07/29 07:05:13.159226] [I][chkE6640AConnect] Preset E6640A status
[2020/07/29 07:05:14.223637] [I][chkE6640AConnect] success
[2020/07/29 07:05:14.472804] ---------- Test Plan 1 ----------
[2020/07/29 07:05:14.475812] [I][startTestPlan]---------- ZIGBEE_2450 Freq 2425 ----------
[2020/07/29 07:05:14.479638] [I][startTestPlan]---------- Measure Tx Start ----------
[2020/07/29 07:05:14.482545] [I][startTestPlan] Preset E6640A
[2020/07/29 07:05:15.522996] [I][startTestPlan] Success
[2020/07/29 07:05:15.527013] [I][startTestPlan] Set Tx Start
[2020/07/29 07:05:17.899386] [I][startTestPlan] Success
[2020/07/29 07:05:17.903674] [I][startTestPlan] Set DUT Tx
[2020/07/29 07:05:23.816173] [I][startTestPlan] Success
[2020/07/29 07:05:23.823548] [I][startTestPlan] Start DUT Tx
[2020/07/29 07:05:26.355332] [I][startTestPlan] Success
[2020/07/29 07:05:28.024706] [I][startTestPlan] 10.408999999999999, 12.786, 13.02
[2020/07/29 07:05:28.581830] [I][startTestPlan] 0.082
[2020/07/29 07:05:28.588852] [I][startTestPlan] Stop DUT Tx
[2020/07/29 07:05:29.457810] [I][startTestPlan] Success
[2020/07/29 07:05:29.464818] [I][startTestPlan] Calibration
[2020/07/29 07:05:29.468831] [I][startTestPlan] Calculate DUT Tx Power
[2020/07/29 07:05:29.473600] [I][startTestPlan] DUT Tx Power: -1
[2020/07/29 07:05:29.476611] [I][startTestPlan] Measure again
[2020/07/29 07:05:29.480621] [I][startTestPlan] Set DUT Tx
[2020/07/29 07:05:35.430566] [I][startTestPlan] Success
[2020/07/29 07:05:35.436631] [I][startTestPlan] Start DUT Tx
[2020/07/29 07:05:37.969307] [I][startTestPlan] Success
[2020/07/29 07:05:39.647124] [I][startTestPlan] 9.28, 12.748, 13.925
[2020/07/29 07:05:40.208246] [I][startTestPlan] 0.08
[2020/07/29 07:05:40.218239] [I][startTestPlan] Stop DUT Tx
[2020/07/29 07:05:41.074173] [I][startTestPlan] Success
[2020/07/29 07:05:41.077190] [I][startTestPlan] Power: 9.28 dBm
[2020/07/29 07:05:41.080595] [I][startTestPlan] Freq Err: 12.748 ppm
[2020/07/29 07:05:41.083561] [I][startTestPlan] EVM: 13.925 %
[2020/07/29 07:05:41.086572] [I][startTestPlan] Current: 0.08 A
[2020/07/29 07:05:41.089581] [I][startTestPlan] Check Tx Result
[2020/07/29 07:05:41.092865] [I][startBTTest] Tx Test Time: 26.617
[2020/07/29 07:05:41.096142] [I][startTestPlan]---------- ZIGBEE_2450 Freq 2455 ----------
[2020/07/29 07:05:41.099158] [I][startTestPlan]---------- Measure Tx Start ----------
[2020/07/29 07:05:41.102169] [I][startTestPlan] Preset E6640A
[2020/07/29 07:05:42.406002] [I][startTestPlan] Success
[2020/07/29 07:05:42.408963] [I][startTestPlan] Set Tx Start
[2020/07/29 07:05:44.819862] [I][startTestPlan] Success
[2020/07/29 07:05:44.823921] [I][startTestPlan] Set DUT Tx
[2020/07/29 07:05:50.750041] [I][startTestPlan] Success
[2020/07/29 07:05:50.752995] [I][startTestPlan] Start DUT Tx
[2020/07/29 07:05:53.298551] [I][startTestPlan] Success
[2020/07/29 07:05:54.963718] [I][startTestPlan] 10.627, 12.751, 12.864
[2020/07/29 07:05:55.523662] [I][startTestPlan] 0.083
[2020/07/29 07:05:55.526670] [I][startTestPlan] Stop DUT Tx
[2020/07/29 07:05:56.389084] [I][startTestPlan] Success
[2020/07/29 07:05:56.394103] [I][startTestPlan] Calibration
[2020/07/29 07:05:56.399115] [I][startTestPlan] Calculate DUT Tx Power
[2020/07/29 07:05:56.403167] [I][startTestPlan] DUT Tx Power: -2
[2020/07/29 07:05:56.406132] [I][startTestPlan] Measure again
[2020/07/29 07:05:56.409140] [I][startTestPlan] Set DUT Tx
[2020/07/29 07:06:02.323894] [I][startTestPlan] Success
[2020/07/29 07:06:02.327963] [I][startTestPlan] Start DUT Tx
[2020/07/29 07:06:04.875321] [I][startTestPlan] Success
[2020/07/29 07:06:06.431648] [I][startTestPlan] 8.627, 12.733, 12.375
[2020/07/29 07:06:06.986617] [I][startTestPlan] 0.08
[2020/07/29 07:06:06.992976] [I][startTestPlan] Stop DUT Tx
[2020/07/29 07:06:07.833721] [I][startTestPlan] Success
[2020/07/29 07:06:07.838123] [I][startTestPlan] Power: 8.627 dBm
[2020/07/29 07:06:07.841133] [I][startTestPlan] Freq Err: 12.733 ppm
[2020/07/29 07:06:07.844140] [I][startTestPlan] EVM: 12.375 %
[2020/07/29 07:06:07.847149] [I][startTestPlan] Current: 0.08 A
[2020/07/29 07:06:07.850165] [I][startTestPlan] Check Tx Result
[2020/07/29 07:06:07.854180] [I][startBTTest] Tx Test Time: 26.758
[2020/07/29 07:06:07.857175] [I][startTestPlan]---------- ZIGBEE_2450 Freq 2470 ----------
[2020/07/29 07:06:07.860183] [I][startTestPlan]---------- Measure Tx Start ----------
[2020/07/29 07:06:07.864202] [I][startTestPlan] Preset E6640A
[2020/07/29 07:06:09.146724] [I][startTestPlan] Success
[2020/07/29 07:06:09.150442] [I][startTestPlan] Set Tx Start
[2020/07/29 07:06:11.617971] [I][startTestPlan] Success
[2020/07/29 07:06:11.620979] [I][startTestPlan] Set DUT Tx
[2020/07/29 07:06:17.564399] [I][startTestPlan] Success
[2020/07/29 07:06:17.570420] [I][startTestPlan] Start DUT Tx
[2020/07/29 07:06:20.130935] [I][startTestPlan] Success
[2020/07/29 07:06:21.783279] [I][startTestPlan] 11.045000000000002, 12.726, 13.885
[2020/07/29 07:06:22.340788] [I][startTestPlan] 0.065
[2020/07/29 07:06:22.345766] [I][startTestPlan] Stop DUT Tx
[2020/07/29 07:06:23.201046] [I][startTestPlan] Success
[2020/07/29 07:06:23.204056] [I][startTestPlan] Calibration
[2020/07/29 07:06:23.208066] [I][startTestPlan] Calculate DUT Tx Power
[2020/07/29 07:06:23.211074] [I][startTestPlan] DUT Tx Power: -2
[2020/07/29 07:06:23.214853] [I][startTestPlan] Measure again
[2020/07/29 07:06:23.217863] [I][startTestPlan] Set DUT Tx
[2020/07/29 07:06:29.155054] [I][startTestPlan] Success
[2020/07/29 07:06:29.158041] [I][startTestPlan] Start DUT Tx
[2020/07/29 07:06:31.708884] [I][startTestPlan] Success
[2020/07/29 07:06:33.250918] [I][startTestPlan] 9.055000000000001, 12.723, 14.493
[2020/07/29 07:06:33.805908] [I][startTestPlan] 0.09
[2020/07/29 07:06:33.812932] [I][startTestPlan] Stop DUT Tx
[2020/07/29 07:06:34.806442] [I][startTestPlan] Success
[2020/07/29 07:06:34.812523] [I][startTestPlan] Power: 9.055000000000001 dBm
[2020/07/29 07:06:34.816466] [I][startTestPlan] Freq Err: 12.723 ppm
[2020/07/29 07:06:34.821480] [I][startTestPlan] EVM: 14.493 %
[2020/07/29 07:06:34.824487] [I][startTestPlan] Current: 0.09 A
[2020/07/29 07:06:34.828498] [I][startTestPlan] Check Tx Result
[2020/07/29 07:06:34.831506] [I][startBTTest] Tx Test Time: 26.974
[2020/07/29 07:06:34.835955] ---------- Test Plan 2 ----------
[2020/07/29 07:06:34.838963] [I][startTestPlan]---------- ZIGBEE_2450 Freq 2445 ----------
[2020/07/29 07:06:34.841972] [I][startTestPlan]---------- Measure Rx Start ----------
[2020/07/29 07:06:34.845983] [I][startTestPlan] Preset E6640A
[2020/07/29 07:06:36.132005] [I][startTestPlan] Success
[2020/07/29 07:06:36.136022] [I][startTestPlan]---------- LNA ON ----------
[2020/07/29 07:06:36.140047] [I][startTestPlan] Set Rx one tone
[2020/07/29 07:06:36.180993] [I][startTestPlan] Success
[2020/07/29 07:06:36.184716] [I][startTestPlan] Set DUT Rx
[2020/07/29 07:06:40.502568] [I][startTestPlan] Success
[2020/07/29 07:06:45.630065] [I][startTestPlan] Success
[2020/07/29 07:06:50.235764] [I][startTestPlan] Rx RSSI: -16 dBm
[2020/07/29 07:06:50.246812] [I][startTestPlan]---------- LNA OFF ----------
[2020/07/29 07:06:50.249816] [I][startTestPlan] Set Rx one tone
[2020/07/29 07:06:50.291036] [I][startTestPlan] Success
[2020/07/29 07:06:50.294074] [I][startTestPlan] Set DUT Rx
[2020/07/29 07:06:54.600556] [I][startTestPlan] Success
[2020/07/29 07:06:58.990573] [I][startTestPlan] Success
[2020/07/29 07:07:04.065324] [I][startTestPlan] Rx RSSI: -28 dBm
[2020/07/29 07:07:04.086414] [I][startTestPlan] Check Rx Result
[2020/07/29 07:07:04.090425] [I][startBTTest] Rx Test Time: 29.251
[2020/07/29 07:07:04.095438] [I][startBTTest] Copy calibration data
[2020/07/29 07:07:04.104837] [I][startBTTest] Write Calibration Data
[2020/07/29 07:07:04.620351] [I][TestResult] Test Pass!
