[2020/07/29 05:59:56][I][checkDatabaseONorNOT] Database running.
[2020/07/29 05:59:56][I][tryConnectDatabase] Connect to MariaDB GFI20 database success!!
[2020/07/29 05:59:56][I][tryConnectDatabase] Connect to MariaDB GFI20 database success!!
[2020/07/29 05:59:56][I][checkDatabaseONorNOT] Database running.
[2020/07/29 05:59:56][I][tryConnectDatabase] Connect to MariaDB GFI20 database success!!
[2020/07/29 05:59:56][I][tryConnectDatabase] Connect to MariaDB GFI20 database success!!
[2020/07/29 05:59:56][E][initialDatabase] UpdateDB.csv already exist.
[2020/07/29 06:00:02][I][WriteDataTocsv] Create new row with item GFI20Bootup.
[2020/07/29 06:00:02][I][WriteDataTocsv] Update complete.
[2020/07/29 06:00:02][WriteRFDataTocsv][I] Update testscript GFI20Bootup's data.
[2020/07/29 06:00:02][I][WriteRFDataTocsv] Update complete.
[2020/07/29 06:00:54][I][WriteDataTocsv] Create new row with item CountDown.
[2020/07/29 06:00:54][I][WriteDataTocsv] Update complete.
[2020/07/29 06:00:54][WriteRFDataTocsv][I] Update testscript CountDown's data.
[2020/07/29 06:00:54][I][WriteRFDataTocsv] Update complete.
[2020/07/29 06:01:12][I][WriteDataTocsv] Create new row with item GFI20_RF_Zigbee.
[2020/07/29 06:01:12][I][WriteDataTocsv] Update complete.
[2020/07/29 06:01:12][WriteRFDataTocsv][I] Update testscript GFI20_RF_Zigbee's data.
[2020/07/29 06:01:12][I][WriteRFDataTocsv] Update complete.
[2020/07/29 06:01:12]--------------------DBUploading start--------------------
[2020/07/29 06:01:12][I][uploadData] Projcet name: GFI20
[2020/07/29 06:01:12][I][uploadData] Station name: BRF
[2020/07/29 06:01:12][I][tryConnectDatabase] Connect to MariaDB GFI20 database success!!
[2020/07/29 06:01:12][I][uploadData] Write data into BRF_GFI20Bootup
[2020/07/29 06:01:12][I][uploadData] Write data into BRF_CountDown
[2020/07/29 06:01:12][I][uploadData] Write data into BRF_GFI20_RF_Zigbee
[2020/07/29 06:01:12][I][tryConnectDatabase] Connect to MariaDB GFI20_RF database success!!
[2020/07/29 06:01:12]---------- INI ----------
[2020/07/29 06:01:12][E][uploadData] Read MDUT.ini failed.
