[2020/07/29 05:31:21.837273] ========== Start ==========
[2020/07/29 05:31:21.840642] [I][main] Python 3.7.2 (tags/v3.7.2:9a3ffc0492, Dec 23 2018, 23:09:28) [MSC v.1916 64 bit (AMD64)]
[2020/07/29 05:31:21.842282] [I][main] GFI20_RF_Zigbee.py 3.0.0.3
[2020/07/29 05:31:21.844324] [I][readINI] ---------- INI ----------
[2020/07/29 05:31:21.846294] [I][readINI] SKU = 1
[2020/07/29 05:31:21.849309] [I][readINI] InstrumentINI = GFI20_Zigbee_Instrument_Setting
[2020/07/29 05:31:21.851319] [I][readINI] ---------- Test Plan 1 ----------
[2020/07/29 05:31:21.853604] [I][readINI] TestPlan1 = ZIGBEE_2450;15/2425,21/2455,24/2470;TX_Power
[2020/07/29 05:31:21.855891] [I][readINI] CableLoss = ['8.2', '8.9', '8.8'] dBm
[2020/07/29 05:31:21.860235] [I][readINI] TX_Power = ['0', '0', '0'] dBm
[2020/07/29 05:31:21.862239] [I][readINI] Calibration_ON = 1
[2020/07/29 05:31:21.865248] [I][readINI] Ca_Tx_Power_Target = ['9.2', '9.2', '9.2']
[2020/07/29 05:31:21.867260] [I][readINI] Ca_Tx_Power_Gap = ['0.5', '0.5', '0.5']
[2020/07/29 05:31:21.869368] [I][readINI] Ca_Tx_Power_Offset = ['0.86', '0.86', '0.86']
[2020/07/29 05:31:21.871384] [I][readINI] Current_ON = 1
[2020/07/29 05:31:21.873361] [I][readINI] TX_Current_SpecMax = ['0.18', '0.18', '0.18'] A
[2020/07/29 05:31:21.875368] [I][readINI] TX_Current_SpecMin = ['0.045', '0.045', '0.045'] A
[2020/07/29 05:31:21.877409] [I][readINI] TX_Power_SpecMax = ['12', '12', '12'] dBm
[2020/07/29 05:31:21.879392] [I][readINI] TX_Power_SpecMin = ['6', '6', '6'] dBm
[2020/07/29 05:31:21.881965] [I][readINI] ---------- Test Plan 1 ----------
[2020/07/29 05:31:21.884004] [I][readINI] ---------- Test Plan 2 ----------
[2020/07/29 05:31:21.886123] [I][readINI] TestPlan2 = ZIGBEE_2450;19/2445;RX_RSSI
[2020/07/29 05:31:21.888135] [I][readINI] CableLoss = ['8.9'] dBm
[2020/07/29 05:31:21.890135] [I][readINI] RX_Cell_Power = ['-25'] dBm
[2020/07/29 05:31:21.892504] [I][readINI] RX_LNAON_RSSI_SpecMax = ['-9'] %
[2020/07/29 05:31:21.894560] [I][readINI] RX_LNAON_RSSI_SpecMin = ['-18'] %
[2020/07/29 05:31:21.896517] [I][readINI] RX_LNAOFF_RSSI_SpecMax = ['-24'] %
[2020/07/29 05:31:21.898559] [I][readINI] RX_LNAOFF_RSSI_SpecMin = ['-30'] %
[2020/07/29 05:31:21.902074] [I][readINI] ---------- Test Plan 2 ----------
[2020/07/29 05:31:21.905084] [I][readINI] StartButton_ON = 0
[2020/07/29 05:31:21.907089] [I][readINI] FailAutoExit = True
[2020/07/29 05:31:21.910097] [I][readINI] FailRetryAll = True
[2020/07/29 05:31:21.912103] [I][readINI] RFDatabase = True
[2020/07/29 05:31:21.914954] [I][readINI] EC = 010000S01
[2020/07/29 05:31:21.916975] [I][readINI] ---------- INI ----------
[2020/07/29 05:31:21.920342] [I][readInstrumentINI] ---------- Common ----------
[2020/07/29 05:31:21.922348] [I][readInstrumentINI] Instrument_Name = E6640A
[2020/07/29 05:31:21.925093] [I][readInstrumentINI] Instrument_IP_Addr = TCPIP0::192.168.1.2::hislip0::INSTR
[2020/07/29 05:31:21.927099] [I][readInstrumentINI] PowerSupplier_Name = 66321B
[2020/07/29 05:31:21.929104] [I][readInstrumentINI] PowerSupplier_Addr = GPIB0::5::INSTR
[2020/07/29 05:31:21.932226] [I][readInstrumentINI] Current_Delay = 0.5
[2020/07/29 05:31:21.934654] [I][readInstrumentINI] ---------- Common ----------
[2020/07/29 05:31:21.936661] [I][readInstrumentINI] ---------- ZIGBEE_2450 ----------
[2020/07/29 05:31:21.938666] [I][readInstrumentINI] RFIO_Input = 1
[2020/07/29 05:31:21.941849] [I][readInstrumentINI] Tx_Span = 10000.0 kHz
[2020/07/29 05:31:21.943862] [I][readInstrumentINI] Tx_PowRange = 20.0 dBm
[2020/07/29 05:31:21.946880] [I][readInstrumentINI] Tx_SymbolRate = 1000.0 kHz
[2020/07/29 05:31:21.949550] [I][readInstrumentINI] Tx_MeasInterval = 500
[2020/07/29 05:31:21.952032] [I][readInstrumentINI] Tx_TrigLevel = 30.0 mV
[2020/07/29 05:31:21.954531] [I][readInstrumentINI] Tx_TrigDelay = 0.3 ms
[2020/07/29 05:31:21.956537] [I][readInstrumentINI] RFIO_Output = 1
[2020/07/29 05:31:21.959546] [I][readInstrumentINI] ---------- ZIGBEE_2450 ----------
[2020/07/29 05:31:21.961559] ---------- StartTest ----------
[2020/07/29 05:31:21.971107] [I][chkDUTConnect] Connect to DUT
[2020/07/29 05:31:21.988162] [I][chkDUTConnect] Check DUT status
[2020/07/29 05:31:22.827975] [I][chkDUTConnect] Success
[2020/07/29 05:31:22.836999] [I][chkE6640AConnect] Connect to E6640A
[2020/07/29 05:31:23.774988] [I][chkE6640AConnect] Preset E6640A status
[2020/07/29 05:31:24.617996] [I][chkE6640AConnect] success
[2020/07/29 05:31:24.872833] ---------- Test Plan 1 ----------
[2020/07/29 05:31:24.875805] [I][startTestPlan]---------- ZIGBEE_2450 Freq 2425 ----------
[2020/07/29 05:31:24.878811] [I][startTestPlan]---------- Measure Tx Start ----------
[2020/07/29 05:31:24.881962] [I][startTestPlan] Preset E6640A
[2020/07/29 05:31:25.702986] [I][startTestPlan] Success
[2020/07/29 05:31:25.705996] [I][startTestPlan] Set Tx Start
[2020/07/29 05:31:28.046715] [I][startTestPlan] Success
[2020/07/29 05:31:28.049724] [I][startTestPlan] Set DUT Tx
[2020/07/29 05:31:33.907751] [I][startTestPlan] Success
[2020/07/29 05:31:33.910761] [I][startTestPlan] Start DUT Tx
[2020/07/29 05:31:36.425011] [I][startTestPlan] Success
[2020/07/29 05:31:38.055937] [I][startTestPlan] 9.803999999999998, 12.89, 14.006
[2020/07/29 05:31:38.612261] [I][startTestPlan] 0.15
[2020/07/29 05:31:38.616269] [I][startTestPlan] Stop DUT Tx
[2020/07/29 05:31:39.463946] [I][startTestPlan] Success
[2020/07/29 05:31:39.466962] [I][startTestPlan] Calibration
[2020/07/29 05:31:39.469964] [I][startTestPlan] Calculate DUT Tx Power
[2020/07/29 05:31:39.472972] [I][startTestPlan] DUT Tx Power: -1
[2020/07/29 05:31:39.475980] [I][startTestPlan] Measure again
[2020/07/29 05:31:39.478988] [I][startTestPlan] Set DUT Tx
[2020/07/29 05:31:45.390119] [I][startTestPlan] Success
[2020/07/29 05:31:45.395911] [I][startTestPlan] Start DUT Tx
[2020/07/29 05:31:47.930726] [I][startTestPlan] Success
[2020/07/29 05:31:49.566578] [I][startTestPlan] 8.693, 12.843, 13.771
[2020/07/29 05:31:50.124600] [I][startTestPlan] 0.147
[2020/07/29 05:31:50.129616] [I][startTestPlan] Stop DUT Tx
[2020/07/29 05:31:50.980576] [I][startTestPlan] Success
[2020/07/29 05:31:50.983586] [I][startTestPlan] Power: 8.693 dBm
[2020/07/29 05:31:50.985590] [I][startTestPlan] Freq Err: 12.843 ppm
[2020/07/29 05:31:50.988599] [I][startTestPlan] EVM: 13.771 %
[2020/07/29 05:31:50.992274] [I][startTestPlan] Current: 0.147 A
[2020/07/29 05:31:50.995284] [I][startTestPlan] Check Tx Result
[2020/07/29 05:31:50.998293] [I][startBTTest] Tx Test Time: 26.122
[2020/07/29 05:31:51.001327] [I][startTestPlan]---------- ZIGBEE_2450 Freq 2455 ----------
[2020/07/29 05:31:51.004343] [I][startTestPlan]---------- Measure Tx Start ----------
[2020/07/29 05:31:51.007317] [I][startTestPlan] Preset E6640A
[2020/07/29 05:31:52.210037] [I][startTestPlan] Success
[2020/07/29 05:31:52.213045] [I][startTestPlan] Set Tx Start
[2020/07/29 05:31:54.572208] [I][startTestPlan] Success
[2020/07/29 05:31:54.575216] [I][startTestPlan] Set DUT Tx
[2020/07/29 05:32:00.513519] [I][startTestPlan] Success
[2020/07/29 05:32:00.519596] [I][startTestPlan] Start DUT Tx
[2020/07/29 05:32:03.060134] [I][startTestPlan] Success
[2020/07/29 05:32:04.701799] [I][startTestPlan] 10.474, 12.821, 16.114
[2020/07/29 05:32:05.254983] [I][startTestPlan] 0.141
[2020/07/29 05:32:05.260198] [I][startTestPlan] Stop DUT Tx
[2020/07/29 05:32:06.108667] [I][startTestPlan] Success
[2020/07/29 05:32:06.112638] [I][startTestPlan] Calibration
[2020/07/29 05:32:06.114644] [I][startTestPlan] Calculate DUT Tx Power
[2020/07/29 05:32:06.117652] [I][startTestPlan] DUT Tx Power: -1
[2020/07/29 05:32:06.121675] [I][startTestPlan] Measure again
[2020/07/29 05:32:06.124672] [I][startTestPlan] Set DUT Tx
[2020/07/29 05:32:12.033250] [I][startTestPlan] Success
[2020/07/29 05:32:12.036250] [I][startTestPlan] Start DUT Tx
[2020/07/29 05:32:14.568883] [I][startTestPlan] Success
[2020/07/29 05:32:16.198564] [I][startTestPlan] 9.364, 12.798, 15.343
[2020/07/29 05:32:16.753459] [I][startTestPlan] 0.141
[2020/07/29 05:32:16.760531] [I][startTestPlan] Stop DUT Tx
[2020/07/29 05:32:17.609519] [I][startTestPlan] Success
[2020/07/29 05:32:17.614343] [I][startTestPlan] Power: 9.364 dBm
[2020/07/29 05:32:17.617354] [I][startTestPlan] Freq Err: 12.798 ppm
[2020/07/29 05:32:17.620366] [I][startTestPlan] EVM: 15.343 %
[2020/07/29 05:32:17.623369] [I][startTestPlan] Current: 0.141 A
[2020/07/29 05:32:17.627381] [I][startTestPlan] Check Tx Result
[2020/07/29 05:32:17.630722] [I][startBTTest] Tx Test Time: 26.629
[2020/07/29 05:32:17.633733] [I][startTestPlan]---------- ZIGBEE_2450 Freq 2470 ----------
[2020/07/29 05:32:17.636739] [I][startTestPlan]---------- Measure Tx Start ----------
[2020/07/29 05:32:17.639747] [I][startTestPlan] Preset E6640A
[2020/07/29 05:32:18.837004] [I][startTestPlan] Success
[2020/07/29 05:32:18.841183] [I][startTestPlan] Set Tx Start
[2020/07/29 05:32:21.229705] [I][startTestPlan] Success
[2020/07/29 05:32:21.233715] [I][startTestPlan] Set DUT Tx
[2020/07/29 05:32:27.160212] [I][startTestPlan] Success
[2020/07/29 05:32:27.163655] [I][startTestPlan] Start DUT Tx
[2020/07/29 05:32:29.699649] [I][startTestPlan] Success
[2020/07/29 05:32:31.346752] [I][startTestPlan] 10.866, 12.776, 14.16
[2020/07/29 05:32:31.904348] [I][startTestPlan] 0.14
[2020/07/29 05:32:31.911373] [I][startTestPlan] Stop DUT Tx
[2020/07/29 05:32:32.767496] [I][startTestPlan] Success
[2020/07/29 05:32:32.771506] [I][startTestPlan] Calibration
[2020/07/29 05:32:32.774514] [I][startTestPlan] Calculate DUT Tx Power
[2020/07/29 05:32:32.778932] [I][startTestPlan] DUT Tx Power: -2
[2020/07/29 05:32:32.782299] [I][startTestPlan] Measure again
[2020/07/29 05:32:32.785334] [I][startTestPlan] Set DUT Tx
[2020/07/29 05:32:38.834780] [I][startTestPlan] Success
[2020/07/29 05:32:38.837775] [I][startTestPlan] Start DUT Tx
[2020/07/29 05:32:41.402376] [I][startTestPlan] Success
[2020/07/29 05:32:43.045355] [I][startTestPlan] 8.919, 12.746, 13.82
[2020/07/29 05:32:43.607620] [I][startTestPlan] 0.139
[2020/07/29 05:32:43.616170] [I][startTestPlan] Stop DUT Tx
[2020/07/29 05:32:44.475911] [I][startTestPlan] Success
[2020/07/29 05:32:44.479921] [I][startTestPlan] Power: 8.919 dBm
[2020/07/29 05:32:44.482929] [I][startTestPlan] Freq Err: 12.746 ppm
[2020/07/29 05:32:44.485950] [I][startTestPlan] EVM: 13.82 %
[2020/07/29 05:32:44.489948] [I][startTestPlan] Current: 0.139 A
[2020/07/29 05:32:44.492964] [I][startTestPlan] Check Tx Result
[2020/07/29 05:32:44.495964] [I][startBTTest] Tx Test Time: 26.862
[2020/07/29 05:32:44.498988] ---------- Test Plan 2 ----------
[2020/07/29 05:32:44.503407] [I][startTestPlan]---------- ZIGBEE_2450 Freq 2445 ----------
[2020/07/29 05:32:44.506415] [I][startTestPlan]---------- Measure Rx Start ----------
[2020/07/29 05:32:44.509424] [I][startTestPlan] Preset E6640A
[2020/07/29 05:32:45.708994] [I][startTestPlan] Success
[2020/07/29 05:32:45.712867] [I][startTestPlan]---------- LNA ON ----------
[2020/07/29 05:32:45.715916] [I][startTestPlan] Set Rx one tone
[2020/07/29 05:32:45.755836] [I][startTestPlan] Success
[2020/07/29 05:32:45.759659] [I][startTestPlan] Set DUT Rx
[2020/07/29 05:32:49.978510] [I][startTestPlan] Success
[2020/07/29 05:32:55.079620] [I][startTestPlan] Success
[2020/07/29 05:33:00.154702] [I][startTestPlan] Rx RSSI: -15 dBm
[2020/07/29 05:33:00.175767] [I][startTestPlan]---------- LNA OFF ----------
[2020/07/29 05:33:00.179810] [I][startTestPlan] Set Rx one tone
[2020/07/29 05:33:00.221606] [I][startTestPlan] Success
[2020/07/29 05:33:00.224616] [I][startTestPlan] Set DUT Rx
[2020/07/29 05:33:04.483750] [I][startTestPlan] Success
[2020/07/29 05:33:08.722572] [I][startTestPlan] Success
[2020/07/29 05:33:13.243551] [I][startTestPlan] Rx RSSI: -28 dBm
[2020/07/29 05:33:13.255237] [I][startTestPlan] Check Rx Result
[2020/07/29 05:33:13.258605] [I][startBTTest] Rx Test Time: 28.756
[2020/07/29 05:33:13.263250] [I][startBTTest] Copy calibration data
[2020/07/29 05:33:13.270783] [I][startBTTest] Write Calibration Data
[2020/07/29 05:33:13.871196] [I][TestResult] Test Pass!
