[2020/07/29 05:31:21.968575][I][class_GFI20] Initial class_GFI20
[2020/07/29 05:31:21.974117][I][connectDUT] COM: COM20, BaudRate: 115200
[2020/07/29 05:31:21.983152][I][connectDUT] Connect DUT success
[2020/07/29 05:31:21.996242][I][setScimitarMenu] Set Scimitar menu
[2020/07/29 05:31:22.200770][I][sendCOMCommand] DUT <= x
[2020/07/29 05:31:22.306012][I][sendCOMCommand] Serial buffer size: 290
[2020/07/29 05:31:22.817958][I][sendCOMCommand] DUT => MeshChipStateInit ended
Scimitar F/T program.
[1]: Cellular(Telit)
[2]: Zigbee(EM357)
[3]: Mesh(CC1200)
[4]: Other Device & Function
[5]: GUID & Certification Files/Keys
[6]: Calibration Data
[7]: Inject Keys
[d]: Diagnostics
[v]: Test Pro Version
[z]: Display menu.
$>
x
$>

[2020/07/29 05:31:22.825970][I][setScimitarMenu] Success
[2020/07/29 05:31:28.052731][I][setZigbee_Tx] ZIGBEE_2450 CH: 15, Tx PWR: 0 dBm
[2020/07/29 05:31:28.055281][I][setScimitarMenu] Set Scimitar menu
[2020/07/29 05:31:28.258573][I][sendCOMCommand] DUT <= x
[2020/07/29 05:31:28.366414][I][sendCOMCommand] Serial buffer size: 7
[2020/07/29 05:31:28.878783][I][sendCOMCommand] DUT => x
$>

[2020/07/29 05:31:28.885604][I][setScimitarMenu] Success
[2020/07/29 05:31:28.887613][I][setZigbeeMenu] Check Zigbee Menu
[2020/07/29 05:31:29.091920][I][sendCOMCommand] DUT <= 2
[2020/07/29 05:31:29.203062][I][sendCOMCommand] Serial buffer size: 22
[2020/07/29 05:31:29.712980][I][sendCOMCommand] DUT => 2
$2_Zigbee(EM357)>

[2020/07/29 05:31:29.720076][I][setZigbeeMenu] Success
[2020/07/29 05:31:29.722083][I][setZigbee_Tx] Set Diagnostics Menu
[2020/07/29 05:31:29.926009][I][sendCOMCommand] DUT <= d
[2020/07/29 05:31:30.037483][I][sendCOMCommand] Serial buffer size: 22
[2020/07/29 05:31:30.549463][I][sendCOMCommand] DUT => d
$2-d_Diagnostics>

[2020/07/29 05:31:30.556425][I][setZigbee_Tx] Success
[2020/07/29 05:31:30.559433][I][setZigbee_Tx] Set Channel Menu
[2020/07/29 05:31:30.764026][I][sendCOMCommand] DUT <= 2
[2020/07/29 05:31:30.876434][I][sendCOMCommand] Serial buffer size: 66
[2020/07/29 05:31:31.389837][I][sendCOMCommand] DUT => 2
$2-d-2_Set Channel (11 => 26) [0B - 1A by HEX]>
$PARAMETER?>

[2020/07/29 05:31:31.393850][I][setZigbee_Tx] Success
[2020/07/29 05:31:31.398910][I][setZigbee_Tx] Set Channel
[2020/07/29 05:31:31.605054][I][sendCOMCommand] DUT <= 0F
[2020/07/29 05:31:31.713247][I][sendCOMCommand] Serial buffer size: 53
[2020/07/29 05:31:32.228375][I][sendCOMCommand] DUT => Set Channel: 15 (0x0F)
$DONE_OK
$2-d_Diagnostics>

[2020/07/29 05:31:32.235383][I][setZigbee_Tx] Success
[2020/07/29 05:31:32.238436][I][setZigbee_Tx] Set PWR Menu
[2020/07/29 05:31:32.443147][I][sendCOMCommand] DUT <= 3
[2020/07/29 05:31:32.556106][I][sendCOMCommand] Serial buffer size: 79
[2020/07/29 05:31:33.065340][I][sendCOMCommand] DUT => 3
$2-d-3_Set Power (-32 => +8dBm, Step=1dB) [-2B - 08 by HEX]>
$PARAMETER?>

[2020/07/29 05:31:33.071362][I][setZigbee_Tx] Success
[2020/07/29 05:31:33.073347][I][setZigbee_Tx] Set Tx PWR
[2020/07/29 05:31:33.278145][I][sendCOMCommand] DUT <= 00
[2020/07/29 05:31:33.386364][I][sendCOMCommand] Serial buffer size: 50
[2020/07/29 05:31:33.897024][I][sendCOMCommand] DUT => Set Power: 0 (0x00)
$DONE_OK
$2-d_Diagnostics>

[2020/07/29 05:31:33.904537][I][setZigbee_Tx] Success
[2020/07/29 05:31:33.913768][I][setScimitarMenu] Set Scimitar menu
[2020/07/29 05:31:34.118360][I][sendCOMCommand] DUT <= x
[2020/07/29 05:31:34.232832][I][sendCOMCommand] Serial buffer size: 22
[2020/07/29 05:31:34.743569][I][sendCOMCommand] DUT => x
$2_Zigbee(EM357)>

[2020/07/29 05:31:34.952863][I][sendCOMCommand] DUT <= x
[2020/07/29 05:31:35.061130][I][sendCOMCommand] Serial buffer size: 7
[2020/07/29 05:31:35.574436][I][sendCOMCommand] DUT => x
$>

[2020/07/29 05:31:35.581460][I][setScimitarMenu] Success
[2020/07/29 05:31:35.584667][I][setZigbeeMenu] Check Zigbee Menu
[2020/07/29 05:31:35.789662][I][sendCOMCommand] DUT <= 2
[2020/07/29 05:31:35.903436][I][sendCOMCommand] Serial buffer size: 22
[2020/07/29 05:31:36.413220][I][sendCOMCommand] DUT => 2
$2_Zigbee(EM357)>

[2020/07/29 05:31:36.418819][I][setZigbeeMenu] Success
[2020/07/29 05:31:36.421867][I][setTxStart] Set Tx start
[2020/07/29 05:31:38.621176][I][setTxStop] Set Tx stop
[2020/07/29 05:31:38.826549][I][sendCOMCommand] DUT <= 5
[2020/07/29 05:31:38.941094][I][sendCOMCommand] Serial buffer size: 170
[2020/07/29 05:31:39.453069][I][sendCOMCommand] DUT => [mfglib]Send Packet(100 bytes)
[mfglib]Send Packet(100 bytes)
5
ZigBee send packet test end.
Total number of emberStatus errors:0
$[0]
$DONE_OK
$2_Zigbee(EM357)>

[2020/07/29 05:31:39.460074][I][setTxStop] Success
[2020/07/29 05:31:39.482943][I][setZigbee_Tx] ZIGBEE_2450 CH: 15, Tx PWR: -1 dBm
[2020/07/29 05:31:39.485634][I][setScimitarMenu] Set Scimitar menu
[2020/07/29 05:31:39.689586][I][sendCOMCommand] DUT <= x
[2020/07/29 05:31:39.804403][I][sendCOMCommand] Serial buffer size: 7
[2020/07/29 05:31:40.317390][I][sendCOMCommand] DUT => x
$>

[2020/07/29 05:31:40.325386][I][setScimitarMenu] Success
[2020/07/29 05:31:40.328393][I][setZigbeeMenu] Check Zigbee Menu
[2020/07/29 05:31:40.533682][I][sendCOMCommand] DUT <= 2
[2020/07/29 05:31:40.642250][I][sendCOMCommand] Serial buffer size: 22
[2020/07/29 05:31:41.155433][I][sendCOMCommand] DUT => 2
$2_Zigbee(EM357)>

[2020/07/29 05:31:41.163438][I][setZigbeeMenu] Success
[2020/07/29 05:31:41.166482][I][setZigbee_Tx] Set Diagnostics Menu
[2020/07/29 05:31:41.371395][I][sendCOMCommand] DUT <= d
[2020/07/29 05:31:41.486877][I][sendCOMCommand] Serial buffer size: 22
[2020/07/29 05:31:42.002664][I][sendCOMCommand] DUT => d
$2-d_Diagnostics>

[2020/07/29 05:31:42.007626][I][setZigbee_Tx] Success
[2020/07/29 05:31:42.010671][I][setZigbee_Tx] Set Channel Menu
[2020/07/29 05:31:42.215924][I][sendCOMCommand] DUT <= 2
[2020/07/29 05:31:42.331123][I][sendCOMCommand] Serial buffer size: 66
[2020/07/29 05:31:42.842430][I][sendCOMCommand] DUT => 2
$2-d-2_Set Channel (11 => 26) [0B - 1A by HEX]>
$PARAMETER?>

[2020/07/29 05:31:42.850458][I][setZigbee_Tx] Success
[2020/07/29 05:31:42.853678][I][setZigbee_Tx] Set Channel
[2020/07/29 05:31:43.058149][I][sendCOMCommand] DUT <= 0F
[2020/07/29 05:31:43.173676][I][sendCOMCommand] Serial buffer size: 53
[2020/07/29 05:31:43.687517][I][sendCOMCommand] DUT => Set Channel: 15 (0x0F)
$DONE_OK
$2-d_Diagnostics>

[2020/07/29 05:31:43.695531][I][setZigbee_Tx] Success
[2020/07/29 05:31:43.698949][I][setZigbee_Tx] Set PWR Menu
[2020/07/29 05:31:43.903389][I][sendCOMCommand] DUT <= 3
[2020/07/29 05:31:44.018300][I][sendCOMCommand] Serial buffer size: 79
[2020/07/29 05:31:44.526019][I][sendCOMCommand] DUT => 3
$2-d-3_Set Power (-32 => +8dBm, Step=1dB) [-2B - 08 by HEX]>
$PARAMETER?>

[2020/07/29 05:31:44.531035][I][setZigbee_Tx] Success
[2020/07/29 05:31:44.536050][I][setZigbee_Tx] Set Tx PWR
[2020/07/29 05:31:44.742753][I][sendCOMCommand] DUT <= FF
[2020/07/29 05:31:44.852378][I][sendCOMCommand] Serial buffer size: 55
[2020/07/29 05:31:45.365971][I][sendCOMCommand] DUT => Set Power: -1 (0xFFFFFFFF)
$DONE_OK
$2-d_Diagnostics>

[2020/07/29 05:31:45.379019][I][setZigbee_Tx] Success
[2020/07/29 05:31:45.400928][I][setScimitarMenu] Set Scimitar menu
[2020/07/29 05:31:45.606675][I][sendCOMCommand] DUT <= x
[2020/07/29 05:31:45.715657][I][sendCOMCommand] Serial buffer size: 22
[2020/07/29 05:31:46.233526][I][sendCOMCommand] DUT => x
$2_Zigbee(EM357)>

[2020/07/29 05:31:46.441890][I][sendCOMCommand] DUT <= x
[2020/07/29 05:31:46.556296][I][sendCOMCommand] Serial buffer size: 7
[2020/07/29 05:31:47.067299][I][sendCOMCommand] DUT => x
$>

[2020/07/29 05:31:47.075307][I][setScimitarMenu] Success
[2020/07/29 05:31:47.079082][I][setZigbeeMenu] Check Zigbee Menu
[2020/07/29 05:31:47.284322][I][sendCOMCommand] DUT <= 2
[2020/07/29 05:31:47.400011][I][sendCOMCommand] Serial buffer size: 22
[2020/07/29 05:31:47.916062][I][sendCOMCommand] DUT => 2
$2_Zigbee(EM357)>

[2020/07/29 05:31:47.924091][I][setZigbeeMenu] Success
[2020/07/29 05:31:47.927097][I][setTxStart] Set Tx start
[2020/07/29 05:31:50.135341][I][setTxStop] Set Tx stop
[2020/07/29 05:31:50.342629][I][sendCOMCommand] DUT <= 5
[2020/07/29 05:31:50.449537][I][sendCOMCommand] Serial buffer size: 174
[2020/07/29 05:31:50.969206][I][sendCOMCommand] DUT => [mfglib]Send Packet(100 bytes)
[mfglib]Send Packet(100 bytes)   *
5
ZigBee send packet test end.
Total number of emberStatus errors:0
$[0]
$DONE_OK
$2_Zigbee(EM357)>

[2020/07/29 05:31:50.977264][I][setTxStop] Success
[2020/07/29 05:31:54.578224][I][setZigbee_Tx] ZIGBEE_2450 CH: 21, Tx PWR: 0 dBm
[2020/07/29 05:31:54.581245][I][setScimitarMenu] Set Scimitar menu
[2020/07/29 05:31:54.786174][I][sendCOMCommand] DUT <= x
[2020/07/29 05:31:54.894261][I][sendCOMCommand] Serial buffer size: 7
[2020/07/29 05:31:55.412480][I][sendCOMCommand] DUT => x
$>

[2020/07/29 05:31:55.420509][I][setScimitarMenu] Success
[2020/07/29 05:31:55.424674][I][setZigbeeMenu] Check Zigbee Menu
[2020/07/29 05:31:55.628836][I][sendCOMCommand] DUT <= 2
[2020/07/29 05:31:55.745662][I][sendCOMCommand] Serial buffer size: 22
[2020/07/29 05:31:56.257828][I][sendCOMCommand] DUT => 2
$2_Zigbee(EM357)>

[2020/07/29 05:31:56.263843][I][setZigbeeMenu] Success
[2020/07/29 05:31:56.268200][I][setZigbee_Tx] Set Diagnostics Menu
[2020/07/29 05:31:56.473110][I][sendCOMCommand] DUT <= d
[2020/07/29 05:31:56.589718][I][sendCOMCommand] Serial buffer size: 22
[2020/07/29 05:31:57.102534][I][sendCOMCommand] DUT => d
$2-d_Diagnostics>

[2020/07/29 05:31:57.117571][I][setZigbee_Tx] Success
[2020/07/29 05:31:57.125926][I][setZigbee_Tx] Set Channel Menu
[2020/07/29 05:31:57.333283][I][sendCOMCommand] DUT <= 2
[2020/07/29 05:31:57.441103][I][sendCOMCommand] Serial buffer size: 66
[2020/07/29 05:31:57.959772][I][sendCOMCommand] DUT => 2
$2-d-2_Set Channel (11 => 26) [0B - 1A by HEX]>
$PARAMETER?>

[2020/07/29 05:31:57.967800][I][setZigbee_Tx] Success
[2020/07/29 05:31:57.971471][I][setZigbee_Tx] Set Channel
[2020/07/29 05:31:58.176231][I][sendCOMCommand] DUT <= 15
[2020/07/29 05:31:58.292875][I][sendCOMCommand] Serial buffer size: 53
[2020/07/29 05:31:58.804786][I][sendCOMCommand] DUT => Set Channel: 21 (0x15)
$DONE_OK
$2-d_Diagnostics>

[2020/07/29 05:31:58.812854][I][setZigbee_Tx] Success
[2020/07/29 05:31:58.815821][I][setZigbee_Tx] Set PWR Menu
[2020/07/29 05:31:59.021392][I][sendCOMCommand] DUT <= 3
[2020/07/29 05:31:59.134646][I][sendCOMCommand] Serial buffer size: 79
[2020/07/29 05:31:59.644529][I][sendCOMCommand] DUT => 3
$2-d-3_Set Power (-32 => +8dBm, Step=1dB) [-2B - 08 by HEX]>
$PARAMETER?>

[2020/07/29 05:31:59.652557][I][setZigbee_Tx] Success
[2020/07/29 05:31:59.656567][I][setZigbee_Tx] Set Tx PWR
[2020/07/29 05:31:59.861514][I][sendCOMCommand] DUT <= 00
[2020/07/29 05:31:59.975263][I][sendCOMCommand] Serial buffer size: 50
[2020/07/29 05:32:00.486456][I][sendCOMCommand] DUT => Set Power: 0 (0x00)
$DONE_OK
$2-d_Diagnostics>

[2020/07/29 05:32:00.501487][I][setZigbee_Tx] Success
[2020/07/29 05:32:00.523611][I][setScimitarMenu] Set Scimitar menu
[2020/07/29 05:32:00.730799][I][sendCOMCommand] DUT <= x
[2020/07/29 05:32:00.840312][I][sendCOMCommand] Serial buffer size: 22
[2020/07/29 05:32:01.360485][I][sendCOMCommand] DUT => x
$2_Zigbee(EM357)>

[2020/07/29 05:32:01.569808][I][sendCOMCommand] DUT <= x
[2020/07/29 05:32:01.677988][I][sendCOMCommand] Serial buffer size: 7
[2020/07/29 05:32:02.198105][I][sendCOMCommand] DUT => x
$>

[2020/07/29 05:32:02.207108][I][setScimitarMenu] Success
[2020/07/29 05:32:02.210793][I][setZigbeeMenu] Check Zigbee Menu
[2020/07/29 05:32:02.415645][I][sendCOMCommand] DUT <= 2
[2020/07/29 05:32:02.536429][I][sendCOMCommand] Serial buffer size: 22
[2020/07/29 05:32:03.045789][I][sendCOMCommand] DUT => 2
$2_Zigbee(EM357)>

[2020/07/29 05:32:03.050865][I][setZigbeeMenu] Success
[2020/07/29 05:32:03.056179][I][setTxStart] Set Tx start
[2020/07/29 05:32:05.265477][I][setTxStop] Set Tx stop
[2020/07/29 05:32:05.471862][I][sendCOMCommand] DUT <= 5
[2020/07/29 05:32:05.586334][I][sendCOMCommand] Serial buffer size: 170
[2020/07/29 05:32:06.097651][I][sendCOMCommand] DUT => [mfglib]Send Packet(100 bytes)
[mfglib]Send Packet(100 bytes)
5
ZigBee send packet test end.
Total number of emberStatus errors:0
$[0]
$DONE_OK
$2_Zigbee(EM357)>

[2020/07/29 05:32:06.105622][I][setTxStop] Success
[2020/07/29 05:32:06.127680][I][setZigbee_Tx] ZIGBEE_2450 CH: 21, Tx PWR: -1 dBm
[2020/07/29 05:32:06.130687][I][setScimitarMenu] Set Scimitar menu
[2020/07/29 05:32:06.335266][I][sendCOMCommand] DUT <= x
[2020/07/29 05:32:06.451559][I][sendCOMCommand] Serial buffer size: 7
[2020/07/29 05:32:06.962845][I][sendCOMCommand] DUT => x
$>

[2020/07/29 05:32:06.970856][I][setScimitarMenu] Success
[2020/07/29 05:32:06.974867][I][setZigbeeMenu] Check Zigbee Menu
[2020/07/29 05:32:07.179650][I][sendCOMCommand] DUT <= 2
[2020/07/29 05:32:07.296690][I][sendCOMCommand] Serial buffer size: 22
[2020/07/29 05:32:07.808394][I][sendCOMCommand] DUT => 2
$2_Zigbee(EM357)>

[2020/07/29 05:32:07.815423][I][setZigbeeMenu] Success
[2020/07/29 05:32:07.819400][I][setZigbee_Tx] Set Diagnostics Menu
[2020/07/29 05:32:08.024694][I][sendCOMCommand] DUT <= d
[2020/07/29 05:32:08.141667][I][sendCOMCommand] Serial buffer size: 22
[2020/07/29 05:32:08.662039][I][sendCOMCommand] DUT => d
$2-d_Diagnostics>

[2020/07/29 05:32:08.670000][I][setZigbee_Tx] Success
[2020/07/29 05:32:08.674051][I][setZigbee_Tx] Set Channel Menu
[2020/07/29 05:32:08.879625][I][sendCOMCommand] DUT <= 2
[2020/07/29 05:32:08.989487][I][sendCOMCommand] Serial buffer size: 66
[2020/07/29 05:32:09.501910][I][sendCOMCommand] DUT => 2
$2-d-2_Set Channel (11 => 26) [0B - 1A by HEX]>
$PARAMETER?>

[2020/07/29 05:32:09.508935][I][setZigbee_Tx] Success
[2020/07/29 05:32:09.513465][I][setZigbee_Tx] Set Channel
[2020/07/29 05:32:09.718142][I][sendCOMCommand] DUT <= 15
[2020/07/29 05:32:09.828160][I][sendCOMCommand] Serial buffer size: 53
[2020/07/29 05:32:10.339783][I][sendCOMCommand] DUT => Set Channel: 21 (0x15)
$DONE_OK
$2-d_Diagnostics>

[2020/07/29 05:32:10.347809][I][setZigbee_Tx] Success
[2020/07/29 05:32:10.351715][I][setZigbee_Tx] Set PWR Menu
[2020/07/29 05:32:10.555479][I][sendCOMCommand] DUT <= 3
[2020/07/29 05:32:10.661272][I][sendCOMCommand] Serial buffer size: 79
[2020/07/29 05:32:11.175490][I][sendCOMCommand] DUT => 3
$2-d-3_Set Power (-32 => +8dBm, Step=1dB) [-2B - 08 by HEX]>
$PARAMETER?>

[2020/07/29 05:32:11.184456][I][setZigbee_Tx] Success
[2020/07/29 05:32:11.187465][I][setZigbee_Tx] Set Tx PWR
[2020/07/29 05:32:11.392655][I][sendCOMCommand] DUT <= FF
[2020/07/29 05:32:11.510255][I][sendCOMCommand] Serial buffer size: 38
[2020/07/29 05:32:12.021199][I][sendCOMCommand] DUT => Set Power: -1 (0xFFFFFFFF)
$DONE_OK
$2-d_Diagnostics>

[2020/07/29 05:32:12.029196][I][setZigbee_Tx] Success
[2020/07/29 05:32:12.040043][I][setScimitarMenu] Set Scimitar menu
[2020/07/29 05:32:12.244955][I][sendCOMCommand] DUT <= x
[2020/07/29 05:32:12.361036][I][sendCOMCommand] Serial buffer size: 22
[2020/07/29 05:32:12.873522][I][sendCOMCommand] DUT => x
$2_Zigbee(EM357)>

[2020/07/29 05:32:13.080900][I][sendCOMCommand] DUT <= x
[2020/07/29 05:32:13.198223][I][sendCOMCommand] Serial buffer size: 7
[2020/07/29 05:32:13.710384][I][sendCOMCommand] DUT => x
$>

[2020/07/29 05:32:13.718411][I][setScimitarMenu] Success
[2020/07/29 05:32:13.722606][I][setZigbeeMenu] Check Zigbee Menu
[2020/07/29 05:32:13.927452][I][sendCOMCommand] DUT <= 2
[2020/07/29 05:32:14.044129][I][sendCOMCommand] Serial buffer size: 22
[2020/07/29 05:32:14.557852][I][sendCOMCommand] DUT => 2
$2_Zigbee(EM357)>

[2020/07/29 05:32:14.560862][I][setZigbeeMenu] Success
[2020/07/29 05:32:14.564873][I][setTxStart] Set Tx start
[2020/07/29 05:32:16.766549][I][setTxStop] Set Tx stop
[2020/07/29 05:32:16.974441][I][sendCOMCommand] DUT <= 5
[2020/07/29 05:32:17.090848][I][sendCOMCommand] Serial buffer size: 174
[2020/07/29 05:32:17.599495][I][sendCOMCommand] DUT => [mfglib]Send Packet(100 bytes)
[mfglib]Send Packet(100 bytes)   *
5
ZigBee send packet test end.
Total number of emberStatus errors:0
$[0]
$DONE_OK
$2_Zigbee(EM357)>

[2020/07/29 05:32:17.606511][I][setTxStop] Success
[2020/07/29 05:32:21.236761][I][setZigbee_Tx] ZIGBEE_2450 CH: 24, Tx PWR: 0 dBm
[2020/07/29 05:32:21.240911][I][setScimitarMenu] Set Scimitar menu
[2020/07/29 05:32:21.445291][I][sendCOMCommand] DUT <= x
[2020/07/29 05:32:21.553636][I][sendCOMCommand] Serial buffer size: 7
[2020/07/29 05:32:22.072377][I][sendCOMCommand] DUT => x
$>

[2020/07/29 05:32:22.076387][I][setScimitarMenu] Success
[2020/07/29 05:32:22.080398][I][setZigbeeMenu] Check Zigbee Menu
[2020/07/29 05:32:22.286999][I][sendCOMCommand] DUT <= 2
[2020/07/29 05:32:22.395057][I][sendCOMCommand] Serial buffer size: 22
[2020/07/29 05:32:22.915622][I][sendCOMCommand] DUT => 2
$2_Zigbee(EM357)>

[2020/07/29 05:32:22.921641][I][setZigbeeMenu] Success
[2020/07/29 05:32:22.926030][I][setZigbee_Tx] Set Diagnostics Menu
[2020/07/29 05:32:23.131396][I][sendCOMCommand] DUT <= d
[2020/07/29 05:32:23.248938][I][sendCOMCommand] Serial buffer size: 22
[2020/07/29 05:32:23.762251][I][sendCOMCommand] DUT => d
$2-d_Diagnostics>

[2020/07/29 05:32:23.769275][I][setZigbee_Tx] Success
[2020/07/29 05:32:23.773723][I][setZigbee_Tx] Set Channel Menu
[2020/07/29 05:32:23.978479][I][sendCOMCommand] DUT <= 2
[2020/07/29 05:32:24.095691][I][sendCOMCommand] Serial buffer size: 66
[2020/07/29 05:32:24.605474][I][sendCOMCommand] DUT => 2
$2-d-2_Set Channel (11 => 26) [0B - 1A by HEX]>
$PARAMETER?>

[2020/07/29 05:32:24.612489][I][setZigbee_Tx] Success
[2020/07/29 05:32:24.616543][I][setZigbee_Tx] Set Channel
[2020/07/29 05:32:24.821277][I][sendCOMCommand] DUT <= 18
[2020/07/29 05:32:24.938756][I][sendCOMCommand] Serial buffer size: 53
[2020/07/29 05:32:25.453931][I][sendCOMCommand] DUT => Set Channel: 24 (0x18)
$DONE_OK
$2-d_Diagnostics>

[2020/07/29 05:32:25.462358][I][setZigbee_Tx] Success
[2020/07/29 05:32:25.466101][I][setZigbee_Tx] Set PWR Menu
[2020/07/29 05:32:25.671024][I][sendCOMCommand] DUT <= 3
[2020/07/29 05:32:25.788559][I][sendCOMCommand] Serial buffer size: 79
[2020/07/29 05:32:26.301162][I][sendCOMCommand] DUT => 3
$2-d-3_Set Power (-32 => +8dBm, Step=1dB) [-2B - 08 by HEX]>
$PARAMETER?>

[2020/07/29 05:32:26.309173][I][setZigbee_Tx] Success
[2020/07/29 05:32:26.313184][I][setZigbee_Tx] Set Tx PWR
[2020/07/29 05:32:26.518110][I][sendCOMCommand] DUT <= 00
[2020/07/29 05:32:26.636057][I][sendCOMCommand] Serial buffer size: 50
[2020/07/29 05:32:27.148241][I][sendCOMCommand] DUT => Set Power: 0 (0x00)
$DONE_OK
$2-d_Diagnostics>

[2020/07/29 05:32:27.156239][I][setZigbee_Tx] Success
[2020/07/29 05:32:27.166672][I][setScimitarMenu] Set Scimitar menu
[2020/07/29 05:32:27.371232][I][sendCOMCommand] DUT <= x
[2020/07/29 05:32:27.488482][I][sendCOMCommand] Serial buffer size: 22
[2020/07/29 05:32:28.001800][I][sendCOMCommand] DUT => x
$2_Zigbee(EM357)>

[2020/07/29 05:32:28.208206][I][sendCOMCommand] DUT <= x
[2020/07/29 05:32:28.316461][I][sendCOMCommand] Serial buffer size: 7
[2020/07/29 05:32:28.836628][I][sendCOMCommand] DUT => x
$>

[2020/07/29 05:32:28.844645][I][setScimitarMenu] Success
[2020/07/29 05:32:28.848488][I][setZigbeeMenu] Check Zigbee Menu
[2020/07/29 05:32:29.053236][I][sendCOMCommand] DUT <= 2
[2020/07/29 05:32:29.169496][I][sendCOMCommand] Serial buffer size: 22
[2020/07/29 05:32:29.683852][I][sendCOMCommand] DUT => 2
$2_Zigbee(EM357)>

[2020/07/29 05:32:29.691902][I][setZigbeeMenu] Success
[2020/07/29 05:32:29.695989][I][setTxStart] Set Tx start
[2020/07/29 05:32:31.918994][I][setTxStop] Set Tx stop
[2020/07/29 05:32:32.125176][I][sendCOMCommand] DUT <= 5
[2020/07/29 05:32:32.234356][I][sendCOMCommand] Serial buffer size: 170
[2020/07/29 05:32:32.755489][I][sendCOMCommand] DUT => [mfglib]Send Packet(100 bytes)
[mfglib]Send Packet(100 bytes)
5
ZigBee send packet test end.
Total number of emberStatus errors:0
$[0]
$DONE_OK
$2_Zigbee(EM357)>

[2020/07/29 05:32:32.763486][I][setTxStop] Success
[2020/07/29 05:32:32.788316][I][setZigbee_Tx] ZIGBEE_2450 CH: 24, Tx PWR: -2 dBm
[2020/07/29 05:32:32.792330][I][setScimitarMenu] Set Scimitar menu
[2020/07/29 05:32:32.997205][I][sendCOMCommand] DUT <= x
[2020/07/29 05:32:33.113915][I][sendCOMCommand] Serial buffer size: 7
[2020/07/29 05:32:33.624955][I][sendCOMCommand] DUT => x
$>

[2020/07/29 05:32:33.632932][I][setScimitarMenu] Success
[2020/07/29 05:32:33.636943][I][setZigbeeMenu] Check Zigbee Menu
[2020/07/29 05:32:33.843020][I][sendCOMCommand] DUT <= 2
[2020/07/29 05:32:33.960290][I][sendCOMCommand] Serial buffer size: 22
[2020/07/29 05:32:34.472136][I][sendCOMCommand] DUT => 2
$2_Zigbee(EM357)>

[2020/07/29 05:32:34.477190][I][setZigbeeMenu] Success
[2020/07/29 05:32:34.483397][I][setZigbee_Tx] Set Diagnostics Menu
[2020/07/29 05:32:34.688246][I][sendCOMCommand] DUT <= d
[2020/07/29 05:32:34.805407][I][sendCOMCommand] Serial buffer size: 22
[2020/07/29 05:32:35.327135][I][sendCOMCommand] DUT => d
$2-d_Diagnostics>

[2020/07/29 05:32:35.335147][I][setZigbee_Tx] Success
[2020/07/29 05:32:35.340305][I][setZigbee_Tx] Set Channel Menu
[2020/07/29 05:32:35.545323][I][sendCOMCommand] DUT <= 2
[2020/07/29 05:32:35.655605][I][sendCOMCommand] Serial buffer size: 66
[2020/07/29 05:32:36.167863][I][sendCOMCommand] DUT => 2
$2-d-2_Set Channel (11 => 26) [0B - 1A by HEX]>
$PARAMETER?>

[2020/07/29 05:32:36.176867][I][setZigbee_Tx] Success
[2020/07/29 05:32:36.181013][I][setZigbee_Tx] Set Channel
[2020/07/29 05:32:36.385498][I][sendCOMCommand] DUT <= 18
[2020/07/29 05:32:36.495477][I][sendCOMCommand] Serial buffer size: 34
[2020/07/29 05:32:37.006033][I][sendCOMCommand] DUT => Set Channel: 24 (0x18)
$DONE_OK
$2-d_Diagnostics>

[2020/07/29 05:32:37.015065][I][setZigbee_Tx] Success
[2020/07/29 05:32:37.018072][I][setZigbee_Tx] Set PWR Menu
[2020/07/29 05:32:37.223958][I][sendCOMCommand] DUT <= 3
[2020/07/29 05:32:37.342252][I][sendCOMCommand] Serial buffer size: 79
[2020/07/29 05:32:37.853651][I][sendCOMCommand] DUT => 3
$2-d-3_Set Power (-32 => +8dBm, Step=1dB) [-2B - 08 by HEX]>
$PARAMETER?>

[2020/07/29 05:32:37.862036][I][setZigbee_Tx] Success
[2020/07/29 05:32:37.866053][I][setZigbee_Tx] Set Tx PWR
[2020/07/29 05:32:38.071626][I][sendCOMCommand] DUT <= FE
[2020/07/29 05:32:38.181512][I][sendCOMCommand] Serial buffer size: 38
[2020/07/29 05:32:38.289291][W][sendCOMCommand] Buffer not empty!!!
[2020/07/29 05:32:38.306378][I][sendCOMCommand] Serial buffer size: 19
[2020/07/29 05:32:38.821755][I][sendCOMCommand] DUT => Set Power: -2 (0xFFFFFFFE)
$DONE_OK
$2-d_Diagnostics>

[2020/07/29 05:32:38.831050][I][setZigbee_Tx] Success
[2020/07/29 05:32:38.841982][I][setScimitarMenu] Set Scimitar menu
[2020/07/29 05:32:39.047079][I][sendCOMCommand] DUT <= x
[2020/07/29 05:32:39.164638][I][sendCOMCommand] Serial buffer size: 22
[2020/07/29 05:32:39.686358][I][sendCOMCommand] DUT => x
$2_Zigbee(EM357)>

[2020/07/29 05:32:39.896954][I][sendCOMCommand] DUT <= x
[2020/07/29 05:32:40.015275][I][sendCOMCommand] Serial buffer size: 7
[2020/07/29 05:32:40.527414][I][sendCOMCommand] DUT => x
$>

[2020/07/29 05:32:40.544405][I][setScimitarMenu] Success
[2020/07/29 05:32:40.555067][I][setZigbeeMenu] Check Zigbee Menu
[2020/07/29 05:32:40.762927][I][sendCOMCommand] DUT <= 2
[2020/07/29 05:32:40.872959][I][sendCOMCommand] Serial buffer size: 22
[2020/07/29 05:32:41.386340][I][sendCOMCommand] DUT => 2
$2_Zigbee(EM357)>

[2020/07/29 05:32:41.394394][I][setZigbeeMenu] Success
[2020/07/29 05:32:41.398365][I][setTxStart] Set Tx start
[2020/07/29 05:32:43.623194][I][setTxStop] Set Tx stop
[2020/07/29 05:32:43.832361][I][sendCOMCommand] DUT <= 5
[2020/07/29 05:32:43.941267][I][sendCOMCommand] Serial buffer size: 174
[2020/07/29 05:32:44.463874][I][sendCOMCommand] DUT => [mfglib]Send Packet(100 bytes)
[mfglib]Send Packet(100 bytes)   *
5
ZigBee send packet test end.
Total number of emberStatus errors:0
$[0]
$DONE_OK
$2_Zigbee(EM357)>

[2020/07/29 05:32:44.472902][I][setTxStop] Success
[2020/07/29 05:32:45.762682][I][setZigbee_Rx] ZIGBEE_2450 CH: 19
[2020/07/29 05:32:45.765676][I][setScimitarMenu] Set Scimitar menu
[2020/07/29 05:32:45.971072][I][sendCOMCommand] DUT <= x
[2020/07/29 05:32:46.080268][I][sendCOMCommand] Serial buffer size: 7
[2020/07/29 05:32:46.592760][I][sendCOMCommand] DUT => x
$>

[2020/07/29 05:32:46.601741][I][setScimitarMenu] Success
[2020/07/29 05:32:46.605763][I][setZigbeeMenu] Check Zigbee Menu
[2020/07/29 05:32:46.812599][I][sendCOMCommand] DUT <= 2
[2020/07/29 05:32:46.922592][I][sendCOMCommand] Serial buffer size: 22
[2020/07/29 05:32:47.436428][I][sendCOMCommand] DUT => 2
$2_Zigbee(EM357)>

[2020/07/29 05:32:47.445445][I][setZigbeeMenu] Success
[2020/07/29 05:32:47.449318][I][setZigbee_Rx] Set Diagnostics Menu
[2020/07/29 05:32:47.653585][I][sendCOMCommand] DUT <= d
[2020/07/29 05:32:47.766914][I][sendCOMCommand] Serial buffer size: 22
[2020/07/29 05:32:48.277636][I][sendCOMCommand] DUT => d
$2-d_Diagnostics>

[2020/07/29 05:32:48.285700][I][setZigbee_Rx] Success
[2020/07/29 05:32:48.290116][I][setZigbee_Rx] Set Channel Menu
[2020/07/29 05:32:48.495921][I][sendCOMCommand] DUT <= 2
[2020/07/29 05:32:48.613480][I][sendCOMCommand] Serial buffer size: 66
[2020/07/29 05:32:49.121037][I][sendCOMCommand] DUT => 2
$2-d-2_Set Channel (11 => 26) [0B - 1A by HEX]>
$PARAMETER?>

[2020/07/29 05:32:49.125671][I][setZigbee_Rx] Success
[2020/07/29 05:32:49.130686][I][setZigbee_Rx] Set Channel
[2020/07/29 05:32:49.338377][I][sendCOMCommand] DUT <= 13
[2020/07/29 05:32:49.449040][I][sendCOMCommand] Serial buffer size: 53
[2020/07/29 05:32:49.969012][I][sendCOMCommand] DUT => Set Channel: 19 (0x13)
$DONE_OK
$2-d_Diagnostics>

[2020/07/29 05:32:49.975501][I][setZigbee_Rx] Success
[2020/07/29 05:32:49.983016][I][setZigbeeLNAMode] LNA Mode: 1
[2020/07/29 05:32:49.987029][I][setScimitarMenu] Set Scimitar menu
[2020/07/29 05:32:50.193581][I][sendCOMCommand] DUT <= x
[2020/07/29 05:32:50.311871][I][sendCOMCommand] Serial buffer size: 22
[2020/07/29 05:32:50.823937][I][sendCOMCommand] DUT => x
$2_Zigbee(EM357)>

[2020/07/29 05:32:51.034063][I][sendCOMCommand] DUT <= x
[2020/07/29 05:32:51.151707][I][sendCOMCommand] Serial buffer size: 7
[2020/07/29 05:32:51.664412][I][sendCOMCommand] DUT => x
$>

[2020/07/29 05:32:51.672439][I][setScimitarMenu] Success
[2020/07/29 05:32:51.676149][I][setZigbeeMenu] Check Zigbee Menu
[2020/07/29 05:32:51.881695][I][sendCOMCommand] DUT <= 2
[2020/07/29 05:32:51.999797][I][sendCOMCommand] Serial buffer size: 22
[2020/07/29 05:32:52.510900][I][sendCOMCommand] DUT => 2
$2_Zigbee(EM357)>

[2020/07/29 05:32:52.519914][I][setZigbeeMenu] Success
[2020/07/29 05:32:52.523927][I][setZigbeeLNAMode] Set GPIO Write Menu
[2020/07/29 05:32:52.729340][I][sendCOMCommand] DUT <= 3
[2020/07/29 05:32:52.848384][I][sendCOMCommand] Serial buffer size: 28
[2020/07/29 05:32:53.360328][I][sendCOMCommand] DUT => 3
$2-3_ZigBee GPIO Write>

[2020/07/29 05:32:53.368329][I][setZigbeeLNAMode] Success
[2020/07/29 05:32:53.372908][I][setZigbeeLNAMode] Set LNA Mode
[2020/07/29 05:32:53.578127][I][sendCOMCommand] DUT <= 3
[2020/07/29 05:32:53.696381][I][sendCOMCommand] Serial buffer size: 106
[2020/07/29 05:32:54.218103][I][sendCOMCommand] DUT => 3
[EZSP]Setting GPIO was successful. (portPin=3, cfg=1, out=0)
$[0]
$DONE_OK
$2-3_ZigBee GPIO Write>

[2020/07/29 05:32:54.428634][I][sendCOMCommand] DUT <= 3
[2020/07/29 05:32:54.547235][I][sendCOMCommand] Serial buffer size: 106
[2020/07/29 05:32:55.067654][I][sendCOMCommand] DUT => 3
[EZSP]Setting GPIO was successful. (portPin=3, cfg=1, out=1)
$[1]
$DONE_OK
$2-3_ZigBee GPIO Write>

[2020/07/29 05:32:55.075671][I][setZigbeeLNAMode] Success
[2020/07/29 05:32:56.092611][I][getRxResult] Get Rx Result
[2020/07/29 05:32:56.099620][I][setScimitarMenu] Set Scimitar menu
[2020/07/29 05:32:56.305403][I][sendCOMCommand] DUT <= x
[2020/07/29 05:32:56.424255][I][sendCOMCommand] Serial buffer size: 22
[2020/07/29 05:32:56.936668][I][sendCOMCommand] DUT => x
$2_Zigbee(EM357)>

[2020/07/29 05:32:57.147264][I][sendCOMCommand] DUT <= x
[2020/07/29 05:32:57.255733][I][sendCOMCommand] Serial buffer size: 7
[2020/07/29 05:32:57.770354][I][sendCOMCommand] DUT => x
$>

[2020/07/29 05:32:57.779309][I][setScimitarMenu] Success
[2020/07/29 05:32:57.783289][I][setZigbeeMenu] Check Zigbee Menu
[2020/07/29 05:32:57.988229][I][sendCOMCommand] DUT <= 2
[2020/07/29 05:32:58.105879][I][sendCOMCommand] Serial buffer size: 22
[2020/07/29 05:32:58.618533][I][sendCOMCommand] DUT => 2
$2_Zigbee(EM357)>

[2020/07/29 05:32:58.627539][I][setZigbeeMenu] Success
[2020/07/29 05:32:58.833694][I][sendCOMCommand] DUT <= b
[2020/07/29 05:32:58.952716][I][sendCOMCommand] Serial buffer size: 94
[2020/07/29 05:32:59.060891][W][sendCOMCommand] Buffer not empty!!!
[2020/07/29 05:32:59.077888][I][sendCOMCommand] Serial buffer size: 183
[2020/07/29 05:32:59.492142][W][sendCOMCommand] Buffer not empty!!!
[2020/07/29 05:32:59.499451][I][sendCOMCommand] Serial buffer size: 10
[2020/07/29 05:32:59.604962][W][sendCOMCommand] Buffer not empty!!!
[2020/07/29 05:32:59.622017][I][sendCOMCommand] Serial buffer size: 19
[2020/07/29 05:33:00.136072][I][sendCOMCommand] DUT => b
ZigBee get Rssi test start.
Start Scan ... (Channel: 19 (0x13) duration:2 mask:00080000)
Channel: 19 (0x13), Rssi:-15
Total OK!    OOO   K  K   !
            O   O  K K    !
            O   O  KK     !
            O   O  K K     
             OOO   K  Kk  !
$[-15]
$DONE_OK
$2_Zigbee(EM357)>

[2020/07/29 05:33:00.227628][I][setZigbee_Rx] ZIGBEE_2450 CH: 19
[2020/07/29 05:33:00.232060][I][setScimitarMenu] Set Scimitar menu
[2020/07/29 05:33:00.436859][I][sendCOMCommand] DUT <= x
[2020/07/29 05:33:00.546134][I][sendCOMCommand] Serial buffer size: 7
[2020/07/29 05:33:01.067057][I][sendCOMCommand] DUT => x
$>

[2020/07/29 05:33:01.074046][I][setScimitarMenu] Success
[2020/07/29 05:33:01.078860][I][setZigbeeMenu] Check Zigbee Menu
[2020/07/29 05:33:01.283729][I][sendCOMCommand] DUT <= 2
[2020/07/29 05:33:01.401563][I][sendCOMCommand] Serial buffer size: 22
[2020/07/29 05:33:01.912497][I][sendCOMCommand] DUT => 2
$2_Zigbee(EM357)>

[2020/07/29 05:33:01.920542][I][setZigbeeMenu] Success
[2020/07/29 05:33:01.925443][I][setZigbee_Rx] Set Diagnostics Menu
[2020/07/29 05:33:02.134584][I][sendCOMCommand] DUT <= d
[2020/07/29 05:33:02.241676][I][sendCOMCommand] Serial buffer size: 22
[2020/07/29 05:33:02.753291][I][sendCOMCommand] DUT => d
$2-d_Diagnostics>

[2020/07/29 05:33:02.762307][I][setZigbee_Rx] Success
[2020/07/29 05:33:02.766317][I][setZigbee_Rx] Set Channel Menu
[2020/07/29 05:33:02.972480][I][sendCOMCommand] DUT <= 2
[2020/07/29 05:33:03.090764][I][sendCOMCommand] Serial buffer size: 66
[2020/07/29 05:33:03.612114][I][sendCOMCommand] DUT => 2
$2-d-2_Set Channel (11 => 26) [0B - 1A by HEX]>
$PARAMETER?>

[2020/07/29 05:33:03.620141][I][setZigbee_Rx] Success
[2020/07/29 05:33:03.624263][I][setZigbee_Rx] Set Channel
[2020/07/29 05:33:03.829845][I][sendCOMCommand] DUT <= 13
[2020/07/29 05:33:03.949482][I][sendCOMCommand] Serial buffer size: 53
[2020/07/29 05:33:04.470775][I][sendCOMCommand] DUT => Set Channel: 19 (0x13)
$DONE_OK
$2-d_Diagnostics>

[2020/07/29 05:33:04.479777][I][setZigbee_Rx] Success
[2020/07/29 05:33:04.486797][I][setZigbeeLNAMode] LNA Mode: 0
[2020/07/29 05:33:04.491151][I][setScimitarMenu] Set Scimitar menu
[2020/07/29 05:33:04.696854][I][sendCOMCommand] DUT <= x
[2020/07/29 05:33:04.815285][I][sendCOMCommand] Serial buffer size: 22
[2020/07/29 05:33:05.328749][I][sendCOMCommand] DUT => x
$2_Zigbee(EM357)>

[2020/07/29 05:33:05.539137][I][sendCOMCommand] DUT <= x
[2020/07/29 05:33:05.656563][I][sendCOMCommand] Serial buffer size: 7
[2020/07/29 05:33:06.170758][I][sendCOMCommand] DUT => x
$>

[2020/07/29 05:33:06.177775][I][setScimitarMenu] Success
[2020/07/29 05:33:06.181826][I][setZigbeeMenu] Check Zigbee Menu
[2020/07/29 05:33:06.387376][I][sendCOMCommand] DUT <= 2
[2020/07/29 05:33:06.505446][I][sendCOMCommand] Serial buffer size: 22
[2020/07/29 05:33:07.019791][I][sendCOMCommand] DUT => 2
$2_Zigbee(EM357)>

[2020/07/29 05:33:07.026800][I][setZigbeeMenu] Success
[2020/07/29 05:33:07.030811][I][setZigbeeLNAMode] Set GPIO Write Menu
[2020/07/29 05:33:07.239903][I][sendCOMCommand] DUT <= 3
[2020/07/29 05:33:07.349667][I][sendCOMCommand] Serial buffer size: 28
[2020/07/29 05:33:07.862118][I][sendCOMCommand] DUT => 3
$2-3_ZigBee GPIO Write>

[2020/07/29 05:33:07.871135][I][setZigbeeLNAMode] Success
[2020/07/29 05:33:07.875311][I][setZigbeeLNAMode] Set LNA Mode
[2020/07/29 05:33:08.080897][I][sendCOMCommand] DUT <= 3
[2020/07/29 05:33:08.199594][I][sendCOMCommand] Serial buffer size: 81
[2020/07/29 05:33:08.710549][I][sendCOMCommand] DUT => 3
[EZSP]Setting GPIO was successful. (portPin=3, cfg=1, out=0)
$[0]
$DONE_OK
$2-3_ZigBee GPIO Write>

[2020/07/29 05:33:08.719563][I][setZigbeeLNAMode] Success
[2020/07/29 05:33:09.735754][I][getRxResult] Get Rx Result
[2020/07/29 05:33:09.743768][I][setScimitarMenu] Set Scimitar menu
[2020/07/29 05:33:09.948631][I][sendCOMCommand] DUT <= x
[2020/07/29 05:33:10.066581][I][sendCOMCommand] Serial buffer size: 22
[2020/07/29 05:33:10.588110][I][sendCOMCommand] DUT => x
$2_Zigbee(EM357)>

[2020/07/29 05:33:10.797171][I][sendCOMCommand] DUT <= x
[2020/07/29 05:33:10.916460][I][sendCOMCommand] Serial buffer size: 7
[2020/07/29 05:33:11.427930][I][sendCOMCommand] DUT => x
$>

[2020/07/29 05:33:11.435949][I][setScimitarMenu] Success
[2020/07/29 05:33:11.439977][I][setZigbeeMenu] Check Zigbee Menu
[2020/07/29 05:33:11.645226][I][sendCOMCommand] DUT <= 2
[2020/07/29 05:33:11.756460][I][sendCOMCommand] Serial buffer size: 22
[2020/07/29 05:33:12.270551][I][sendCOMCommand] DUT => 2
$2_Zigbee(EM357)>

[2020/07/29 05:33:12.279560][I][setZigbeeMenu] Success
[2020/07/29 05:33:12.484740][I][sendCOMCommand] DUT <= b
[2020/07/29 05:33:12.603242][I][sendCOMCommand] Serial buffer size: 94
[2020/07/29 05:33:12.720346][W][sendCOMCommand] Buffer not empty!!!
[2020/07/29 05:33:12.725360][I][sendCOMCommand] Serial buffer size: 183
[2020/07/29 05:33:13.234163][I][sendCOMCommand] DUT => b
ZigBee get Rssi test start.
Start Scan ... (Channel: 19 (0x13) duration:2 mask:00080000)
Channel: 19 (0x13), Rssi:-28
Total OK!    OOO   K  K   !
            O   O  K K    !
            O   O  KK     !
            O   O  K K     
             OOO   K  Kk  !
$[-28]

[2020/07/29 05:33:13.650852][I][disconnectDUT] Disconnect DUT success
