[2020/07/29 07:19:02.794901][I][class_GFI20] Initial class_GFI20
[2020/07/29 07:19:02.799931][I][connectDUT] COM: COM20, BaudRate: 115200
[2020/07/29 07:19:02.804124][I][connectDUT] Connect DUT success
[2020/07/29 07:19:02.809116][I][setScimitarMenu] Set Scimitar menu
[2020/07/29 07:19:03.012814][I][sendCOMCommand] DUT <= x
[2020/07/29 07:19:03.119791][I][sendCOMCommand] Serial buffer size: 7
[2020/07/29 07:19:03.634533][I][sendCOMCommand] DUT => x
$>

[2020/07/29 07:19:03.639547][I][setScimitarMenu] Success
[2020/07/29 07:19:09.581191][I][setZigbee_Tx] ZIGBEE_2450 CH: 15, Tx PWR: 0 dBm
[2020/07/29 07:19:09.583196][I][setScimitarMenu] Set Scimitar menu
[2020/07/29 07:19:09.787224][I][sendCOMCommand] DUT <= x
[2020/07/29 07:19:09.896945][I][sendCOMCommand] Serial buffer size: 7
[2020/07/29 07:19:10.414570][I][sendCOMCommand] DUT => x
$>

[2020/07/29 07:19:10.420629][I][setScimitarMenu] Success
[2020/07/29 07:19:10.424065][I][setZigbeeMenu] Check Zigbee Menu
[2020/07/29 07:19:10.627160][I][sendCOMCommand] DUT <= 2
[2020/07/29 07:19:10.735360][I][sendCOMCommand] Serial buffer size: 22
[2020/07/29 07:19:11.252613][I][sendCOMCommand] DUT => 2
$2_Zigbee(EM357)>

[2020/07/29 07:19:11.258580][I][setZigbeeMenu] Success
[2020/07/29 07:19:11.262543][I][setZigbee_Tx] Set Diagnostics Menu
[2020/07/29 07:19:11.466658][I][sendCOMCommand] DUT <= d
[2020/07/29 07:19:11.573682][I][sendCOMCommand] Serial buffer size: 22
[2020/07/29 07:19:12.091758][I][sendCOMCommand] DUT => d
$2-d_Diagnostics>

[2020/07/29 07:19:12.098752][I][setZigbee_Tx] Success
[2020/07/29 07:19:12.101732][I][setZigbee_Tx] Set Channel Menu
[2020/07/29 07:19:12.305807][I][sendCOMCommand] DUT <= 2
[2020/07/29 07:19:12.415241][I][sendCOMCommand] Serial buffer size: 66
[2020/07/29 07:19:12.933896][I][sendCOMCommand] DUT => 2
$2-d-2_Set Channel (11 => 26) [0B - 1A by HEX]>
$PARAMETER?>

[2020/07/29 07:19:12.939861][I][setZigbee_Tx] Success
[2020/07/29 07:19:12.943941][I][setZigbee_Tx] Set Channel
[2020/07/29 07:19:13.148337][I][sendCOMCommand] DUT <= 0F
[2020/07/29 07:19:13.257200][I][sendCOMCommand] Serial buffer size: 53
[2020/07/29 07:19:13.772697][I][sendCOMCommand] DUT => Set Channel: 15 (0x0F)
$DONE_OK
$2-d_Diagnostics>

[2020/07/29 07:19:13.778709][I][setZigbee_Tx] Success
[2020/07/29 07:19:13.783067][I][setZigbee_Tx] Set PWR Menu
[2020/07/29 07:19:13.987033][I][sendCOMCommand] DUT <= 3
[2020/07/29 07:19:14.095616][I][sendCOMCommand] Serial buffer size: 79
[2020/07/29 07:19:14.612978][I][sendCOMCommand] DUT => 3
$2-d-3_Set Power (-32 => +8dBm, Step=1dB) [-2B - 08 by HEX]>
$PARAMETER?>

[2020/07/29 07:19:14.618916][I][setZigbee_Tx] Success
[2020/07/29 07:19:14.624936][I][setZigbee_Tx] Set Tx PWR
[2020/07/29 07:19:14.831849][I][sendCOMCommand] DUT <= 00
[2020/07/29 07:19:14.937060][I][sendCOMCommand] Serial buffer size: 31
[2020/07/29 07:19:15.456584][I][sendCOMCommand] DUT => Set Power: 0 (0x00)
$DONE_OK
$2-d_Diagnostics>

[2020/07/29 07:19:15.464632][I][setZigbee_Tx] Success
[2020/07/29 07:19:15.476096][I][setScimitarMenu] Set Scimitar menu
[2020/07/29 07:19:15.680173][I][sendCOMCommand] DUT <= x
[2020/07/29 07:19:15.789388][I][sendCOMCommand] Serial buffer size: 22
[2020/07/29 07:19:16.309974][I][sendCOMCommand] DUT => x
$2_Zigbee(EM357)>

[2020/07/29 07:19:16.520063][I][sendCOMCommand] DUT <= x
[2020/07/29 07:19:16.628448][I][sendCOMCommand] Serial buffer size: 7
[2020/07/29 07:19:17.150858][I][sendCOMCommand] DUT => x
$>

[2020/07/29 07:19:17.158123][I][setScimitarMenu] Success
[2020/07/29 07:19:17.161134][I][setZigbeeMenu] Check Zigbee Menu
[2020/07/29 07:19:17.364942][I][sendCOMCommand] DUT <= 2
[2020/07/29 07:19:17.473270][I][sendCOMCommand] Serial buffer size: 22
[2020/07/29 07:19:17.994585][I][sendCOMCommand] DUT => 2
$2_Zigbee(EM357)>

[2020/07/29 07:19:18.000606][I][setZigbeeMenu] Success
[2020/07/29 07:19:18.005119][I][setTxStart] Set Tx start
[2020/07/29 07:19:20.240463][I][setTxStop] Set Tx stop
[2020/07/29 07:19:20.445311][I][sendCOMCommand] DUT <= 5
[2020/07/29 07:19:20.553566][I][sendCOMCommand] Serial buffer size: 170
[2020/07/29 07:19:21.074607][I][sendCOMCommand] DUT => [mfglib]Send Packet(100 bytes)
[mfglib]Send Packet(100 bytes)
5
ZigBee send packet test end.
Total number of emberStatus errors:0
$[0]
$DONE_OK
$2_Zigbee(EM357)>

[2020/07/29 07:19:21.079071][I][setTxStop] Success
[2020/07/29 07:19:24.817424][I][setZigbee_Tx] ZIGBEE_2450 CH: 21, Tx PWR: 0 dBm
[2020/07/29 07:19:24.822448][I][setScimitarMenu] Set Scimitar menu
[2020/07/29 07:19:25.027957][I][sendCOMCommand] DUT <= x
[2020/07/29 07:19:25.135876][I][sendCOMCommand] Serial buffer size: 7
[2020/07/29 07:19:25.657027][I][sendCOMCommand] DUT => x
$>

[2020/07/29 07:19:25.665034][I][setScimitarMenu] Success
[2020/07/29 07:19:25.669015][I][setZigbeeMenu] Check Zigbee Menu
[2020/07/29 07:19:25.873507][I][sendCOMCommand] DUT <= 2
[2020/07/29 07:19:25.984350][I][sendCOMCommand] Serial buffer size: 22
[2020/07/29 07:19:26.506923][I][sendCOMCommand] DUT => 2
$2_Zigbee(EM357)>

[2020/07/29 07:19:26.514896][I][setZigbeeMenu] Success
[2020/07/29 07:19:26.519208][I][setZigbee_Tx] Set Diagnostics Menu
[2020/07/29 07:19:26.723502][I][sendCOMCommand] DUT <= d
[2020/07/29 07:19:26.831183][I][sendCOMCommand] Serial buffer size: 22
[2020/07/29 07:19:27.342112][I][sendCOMCommand] DUT => d
$2-d_Diagnostics>

[2020/07/29 07:19:27.346154][I][setZigbee_Tx] Success
[2020/07/29 07:19:27.349126][I][setZigbee_Tx] Set Channel Menu
[2020/07/29 07:19:27.556174][I][sendCOMCommand] DUT <= 2
[2020/07/29 07:19:27.664742][I][sendCOMCommand] Serial buffer size: 66
[2020/07/29 07:19:28.188258][I][sendCOMCommand] DUT => 2
$2-d-2_Set Channel (11 => 26) [0B - 1A by HEX]>
$PARAMETER?>

[2020/07/29 07:19:28.196285][I][setZigbee_Tx] Success
[2020/07/29 07:19:28.200322][I][setZigbee_Tx] Set Channel
[2020/07/29 07:19:28.404641][I][sendCOMCommand] DUT <= 15
[2020/07/29 07:19:28.518776][I][sendCOMCommand] Serial buffer size: 34
[2020/07/29 07:19:29.042238][I][sendCOMCommand] DUT => Set Channel: 21 (0x15)
$DONE_OK
$2-d_Diagnostics>

[2020/07/29 07:19:29.050205][I][setZigbee_Tx] Success
[2020/07/29 07:19:29.054216][I][setZigbee_Tx] Set PWR Menu
[2020/07/29 07:19:29.259847][I][sendCOMCommand] DUT <= 3
[2020/07/29 07:19:29.369504][I][sendCOMCommand] Serial buffer size: 79
[2020/07/29 07:19:29.881416][I][sendCOMCommand] DUT => 3
$2-d-3_Set Power (-32 => +8dBm, Step=1dB) [-2B - 08 by HEX]>
$PARAMETER?>

[2020/07/29 07:19:29.888473][I][setZigbee_Tx] Success
[2020/07/29 07:19:29.893486][I][setZigbee_Tx] Set Tx PWR
[2020/07/29 07:19:30.098573][I][sendCOMCommand] DUT <= 00
[2020/07/29 07:19:30.206943][I][sendCOMCommand] Serial buffer size: 31
[2020/07/29 07:19:30.321874][W][sendCOMCommand] Buffer not empty!!!
[2020/07/29 07:19:30.335924][I][sendCOMCommand] Serial buffer size: 19
[2020/07/29 07:19:30.849162][I][sendCOMCommand] DUT => Set Power: 0 (0x00)
$DONE_OK
$2-d_Diagnostics>

[2020/07/29 07:19:30.853352][I][setZigbee_Tx] Success
[2020/07/29 07:19:30.865392][I][setScimitarMenu] Set Scimitar menu
[2020/07/29 07:19:31.072366][I][sendCOMCommand] DUT <= x
[2020/07/29 07:19:31.181718][I][sendCOMCommand] Serial buffer size: 22
[2020/07/29 07:19:31.697971][I][sendCOMCommand] DUT => x
$2_Zigbee(EM357)>

[2020/07/29 07:19:31.908230][I][sendCOMCommand] DUT <= x
[2020/07/29 07:19:32.023569][I][sendCOMCommand] Serial buffer size: 5
[2020/07/29 07:19:32.539081][I][sendCOMCommand] DUT => x
$>

[2020/07/29 07:19:32.548139][I][setScimitarMenu] Success
[2020/07/29 07:19:32.551109][I][setZigbeeMenu] Check Zigbee Menu
[2020/07/29 07:19:32.756725][I][sendCOMCommand] DUT <= 2
[2020/07/29 07:19:32.865034][I][sendCOMCommand] Serial buffer size: 22
[2020/07/29 07:19:33.385078][I][sendCOMCommand] DUT => 2
$2_Zigbee(EM357)>

[2020/07/29 07:19:33.392100][I][setZigbeeMenu] Success
[2020/07/29 07:19:33.396111][I][setTxStart] Set Tx start
[2020/07/29 07:19:35.638659][I][setTxStop] Set Tx stop
[2020/07/29 07:19:35.843218][I][sendCOMCommand] DUT <= 5
[2020/07/29 07:19:35.953176][I][sendCOMCommand] Serial buffer size: 174
[2020/07/29 07:19:36.478996][I][sendCOMCommand] DUT => [mfglib]Send Packet(100 bytes)
[mfglib]Send Packet(100 bytes)   *
5
ZigBee send packet test end.
Total number of emberStatus errors:0
$[0]
$DONE_OK
$2_Zigbee(EM357)>

[2020/07/29 07:19:36.487023][I][setTxStop] Success
[2020/07/29 07:19:40.246837][I][setZigbee_Tx] ZIGBEE_2450 CH: 24, Tx PWR: 0 dBm
[2020/07/29 07:19:40.250835][I][setScimitarMenu] Set Scimitar menu
[2020/07/29 07:19:40.456786][I][sendCOMCommand] DUT <= x
[2020/07/29 07:19:40.571967][I][sendCOMCommand] Serial buffer size: 7
[2020/07/29 07:19:41.097953][I][sendCOMCommand] DUT => x
$>

[2020/07/29 07:19:41.105980][I][setScimitarMenu] Success
[2020/07/29 07:19:41.109991][I][setZigbeeMenu] Check Zigbee Menu
[2020/07/29 07:19:41.315174][I][sendCOMCommand] DUT <= 2
[2020/07/29 07:19:41.424865][I][sendCOMCommand] Serial buffer size: 22
[2020/07/29 07:19:41.947987][I][sendCOMCommand] DUT => 2
$2_Zigbee(EM357)>

[2020/07/29 07:19:41.956967][I][setZigbeeMenu] Success
[2020/07/29 07:19:41.960964][I][setZigbee_Tx] Set Diagnostics Menu
[2020/07/29 07:19:42.165921][I][sendCOMCommand] DUT <= d
[2020/07/29 07:19:42.274608][I][sendCOMCommand] Serial buffer size: 22
[2020/07/29 07:19:42.798845][I][sendCOMCommand] DUT => d
$2-d_Diagnostics>

[2020/07/29 07:19:42.806910][I][setZigbee_Tx] Success
[2020/07/29 07:19:42.810920][I][setZigbee_Tx] Set Channel Menu
[2020/07/29 07:19:43.016591][I][sendCOMCommand] DUT <= 2
[2020/07/29 07:19:43.126170][I][sendCOMCommand] Serial buffer size: 66
[2020/07/29 07:19:43.649612][I][sendCOMCommand] DUT => 2
$2-d-2_Set Channel (11 => 26) [0B - 1A by HEX]>
$PARAMETER?>

[2020/07/29 07:19:43.658355][I][setZigbee_Tx] Success
[2020/07/29 07:19:43.662347][I][setZigbee_Tx] Set Channel
[2020/07/29 07:19:43.866940][I][sendCOMCommand] DUT <= 18
[2020/07/29 07:19:43.982905][I][sendCOMCommand] Serial buffer size: 53
[2020/07/29 07:19:44.499203][I][sendCOMCommand] DUT => Set Channel: 24 (0x18)
$DONE_OK
$2-d_Diagnostics>

[2020/07/29 07:19:44.508251][I][setZigbee_Tx] Success
[2020/07/29 07:19:44.512491][I][setZigbee_Tx] Set PWR Menu
[2020/07/29 07:19:44.717484][I][sendCOMCommand] DUT <= 3
[2020/07/29 07:19:44.832942][I][sendCOMCommand] Serial buffer size: 79
[2020/07/29 07:19:45.358049][I][sendCOMCommand] DUT => 3
$2-d-3_Set Power (-32 => +8dBm, Step=1dB) [-2B - 08 by HEX]>
$PARAMETER?>

[2020/07/29 07:19:45.368071][I][setZigbee_Tx] Success
[2020/07/29 07:19:45.372801][I][setZigbee_Tx] Set Tx PWR
[2020/07/29 07:19:45.577838][I][sendCOMCommand] DUT <= 00
[2020/07/29 07:19:45.685565][I][sendCOMCommand] Serial buffer size: 50
[2020/07/29 07:19:46.211211][I][sendCOMCommand] DUT => Set Power: 0 (0x00)
$DONE_OK
$2-d_Diagnostics>

[2020/07/29 07:19:46.219239][I][setZigbee_Tx] Success
[2020/07/29 07:19:46.231270][I][setScimitarMenu] Set Scimitar menu
[2020/07/29 07:19:46.436993][I][sendCOMCommand] DUT <= x
[2020/07/29 07:19:46.552824][I][sendCOMCommand] Serial buffer size: 22
[2020/07/29 07:19:47.078037][I][sendCOMCommand] DUT => x
$2_Zigbee(EM357)>

[2020/07/29 07:19:47.288094][I][sendCOMCommand] DUT <= x
[2020/07/29 07:19:47.396262][I][sendCOMCommand] Serial buffer size: 7
[2020/07/29 07:19:47.908621][I][sendCOMCommand] DUT => x
$>

[2020/07/29 07:19:47.917687][I][setScimitarMenu] Success
[2020/07/29 07:19:47.925664][I][setZigbeeMenu] Check Zigbee Menu
[2020/07/29 07:19:48.133352][I][sendCOMCommand] DUT <= 2
[2020/07/29 07:19:48.242288][I][sendCOMCommand] Serial buffer size: 22
[2020/07/29 07:19:48.757009][I][sendCOMCommand] DUT => 2
$2_Zigbee(EM357)>

[2020/07/29 07:19:48.765065][I][setZigbeeMenu] Success
[2020/07/29 07:19:48.769271][I][setTxStart] Set Tx start
[2020/07/29 07:19:51.043002][I][setTxStop] Set Tx stop
[2020/07/29 07:19:51.249972][I][sendCOMCommand] DUT <= 5
[2020/07/29 07:19:51.360022][I][sendCOMCommand] Serial buffer size: 170
[2020/07/29 07:19:51.880116][I][sendCOMCommand] DUT => [mfglib]Send Packet(100 bytes)
[mfglib]Send Packet(100 bytes)
5
ZigBee send packet test end.
Total number of emberStatus errors:0
$[0]
$DONE_OK
$2_Zigbee(EM357)>

[2020/07/29 07:19:51.888135][I][setTxStop] Success
[2020/07/29 07:19:51.919837][I][setZigbee_Tx] ZIGBEE_2450 CH: 24, Tx PWR: -1 dBm
[2020/07/29 07:19:51.924860][I][setScimitarMenu] Set Scimitar menu
[2020/07/29 07:19:52.131108][I][sendCOMCommand] DUT <= x
[2020/07/29 07:19:52.240891][I][sendCOMCommand] Serial buffer size: 7
[2020/07/29 07:19:52.758848][I][sendCOMCommand] DUT => x
$>

[2020/07/29 07:19:52.766850][I][setScimitarMenu] Success
[2020/07/29 07:19:52.770825][I][setZigbeeMenu] Check Zigbee Menu
[2020/07/29 07:19:52.976547][I][sendCOMCommand] DUT <= 2
[2020/07/29 07:19:53.085707][I][sendCOMCommand] Serial buffer size: 22
[2020/07/29 07:19:53.603554][I][sendCOMCommand] DUT => 2
$2_Zigbee(EM357)>

[2020/07/29 07:19:53.612293][I][setZigbeeMenu] Success
[2020/07/29 07:19:53.616106][I][setZigbee_Tx] Set Diagnostics Menu
[2020/07/29 07:19:53.820783][I][sendCOMCommand] DUT <= d
[2020/07/29 07:19:53.930172][I][sendCOMCommand] Serial buffer size: 22
[2020/07/29 07:19:54.447817][I][sendCOMCommand] DUT => d
$2-d_Diagnostics>

[2020/07/29 07:19:54.455783][I][setZigbee_Tx] Success
[2020/07/29 07:19:54.459793][I][setZigbee_Tx] Set Channel Menu
[2020/07/29 07:19:54.665182][I][sendCOMCommand] DUT <= 2
[2020/07/29 07:19:54.774820][I][sendCOMCommand] Serial buffer size: 66
[2020/07/29 07:19:55.298338][I][sendCOMCommand] DUT => 2
$2-d-2_Set Channel (11 => 26) [0B - 1A by HEX]>
$PARAMETER?>

[2020/07/29 07:19:55.307840][I][setZigbee_Tx] Success
[2020/07/29 07:19:55.310850][I][setZigbee_Tx] Set Channel
[2020/07/29 07:19:55.516485][I][sendCOMCommand] DUT <= 18
[2020/07/29 07:19:55.625067][I][sendCOMCommand] Serial buffer size: 53
[2020/07/29 07:19:56.148495][I][sendCOMCommand] DUT => Set Channel: 24 (0x18)
$DONE_OK
$2-d_Diagnostics>

[2020/07/29 07:19:56.157515][I][setZigbee_Tx] Success
[2020/07/29 07:19:56.160473][I][setZigbee_Tx] Set PWR Menu
[2020/07/29 07:19:56.365968][I][sendCOMCommand] DUT <= 3
[2020/07/29 07:19:56.475594][I][sendCOMCommand] Serial buffer size: 79
[2020/07/29 07:19:57.000815][I][sendCOMCommand] DUT => 3
$2-d-3_Set Power (-32 => +8dBm, Step=1dB) [-2B - 08 by HEX]>
$PARAMETER?>

[2020/07/29 07:19:57.010043][I][setZigbee_Tx] Success
[2020/07/29 07:19:57.014072][I][setZigbee_Tx] Set Tx PWR
[2020/07/29 07:19:57.218808][I][sendCOMCommand] DUT <= FF
[2020/07/29 07:19:57.328234][I][sendCOMCommand] Serial buffer size: 57
[2020/07/29 07:19:57.846176][I][sendCOMCommand] DUT => Set Power: -1 (0xFFFFFFFF)
$DONE_OK
$2-d_Diagnostics>

[2020/07/29 07:19:57.855226][I][setZigbee_Tx] Success
[2020/07/29 07:19:57.867387][I][setScimitarMenu] Set Scimitar menu
[2020/07/29 07:19:58.072492][I][sendCOMCommand] DUT <= x
[2020/07/29 07:19:58.181317][I][sendCOMCommand] Serial buffer size: 22
[2020/07/29 07:19:58.698725][I][sendCOMCommand] DUT => x
$2_Zigbee(EM357)>

[2020/07/29 07:19:58.908822][I][sendCOMCommand] DUT <= x
[2020/07/29 07:19:59.017176][I][sendCOMCommand] Serial buffer size: 7
[2020/07/29 07:19:59.533323][I][sendCOMCommand] DUT => x
$>

[2020/07/29 07:19:59.542291][I][setScimitarMenu] Success
[2020/07/29 07:19:59.546303][I][setZigbeeMenu] Check Zigbee Menu
[2020/07/29 07:19:59.753595][I][sendCOMCommand] DUT <= 2
[2020/07/29 07:19:59.863229][I][sendCOMCommand] Serial buffer size: 22
[2020/07/29 07:20:00.386993][I][sendCOMCommand] DUT => 2
$2_Zigbee(EM357)>

[2020/07/29 07:20:00.397005][I][setZigbeeMenu] Success
[2020/07/29 07:20:00.401456][I][setTxStart] Set Tx start
[2020/07/29 07:20:02.663156][I][setTxStop] Set Tx stop
[2020/07/29 07:20:02.868608][I][sendCOMCommand] DUT <= 5
[2020/07/29 07:20:02.978495][I][sendCOMCommand] Serial buffer size: 174
[2020/07/29 07:20:03.506136][I][sendCOMCommand] DUT => [mfglib]Send Packet(100 bytes)
[mfglib]Send Packet(100 bytes)   *
5
ZigBee send packet test end.
Total number of emberStatus errors:0
$[0]
$DONE_OK
$2_Zigbee(EM357)>

[2020/07/29 07:20:03.515165][I][setTxStop] Success
[2020/07/29 07:20:04.925322][I][setZigbee_Rx] ZIGBEE_2450 CH: 19
[2020/07/29 07:20:04.928338][I][setScimitarMenu] Set Scimitar menu
[2020/07/29 07:20:05.135212][I][sendCOMCommand] DUT <= x
[2020/07/29 07:20:05.243998][I][sendCOMCommand] Serial buffer size: 7
[2020/07/29 07:20:05.761761][I][sendCOMCommand] DUT => x
$>

[2020/07/29 07:20:05.768786][I][setScimitarMenu] Success
[2020/07/29 07:20:05.773523][I][setZigbeeMenu] Check Zigbee Menu
[2020/07/29 07:20:05.978662][I][sendCOMCommand] DUT <= 2
[2020/07/29 07:20:06.096132][I][sendCOMCommand] Serial buffer size: 22
[2020/07/29 07:20:06.612844][I][sendCOMCommand] DUT => 2
$2_Zigbee(EM357)>

[2020/07/29 07:20:06.621724][I][setZigbeeMenu] Success
[2020/07/29 07:20:06.624735][I][setZigbee_Rx] Set Diagnostics Menu
[2020/07/29 07:20:06.830411][I][sendCOMCommand] DUT <= d
[2020/07/29 07:20:06.940618][I][sendCOMCommand] Serial buffer size: 22
[2020/07/29 07:20:07.465497][I][sendCOMCommand] DUT => d
$2-d_Diagnostics>

[2020/07/29 07:20:07.474488][I][setZigbee_Rx] Success
[2020/07/29 07:20:07.478785][I][setZigbee_Rx] Set Channel Menu
[2020/07/29 07:20:07.684215][I][sendCOMCommand] DUT <= 2
[2020/07/29 07:20:07.794002][I][sendCOMCommand] Serial buffer size: 66
[2020/07/29 07:20:08.316118][I][sendCOMCommand] DUT => 2
$2-d-2_Set Channel (11 => 26) [0B - 1A by HEX]>
$PARAMETER?>

[2020/07/29 07:20:08.322089][I][setZigbee_Rx] Success
[2020/07/29 07:20:08.326101][I][setZigbee_Rx] Set Channel
[2020/07/29 07:20:08.532351][I][sendCOMCommand] DUT <= 13
[2020/07/29 07:20:08.641170][I][sendCOMCommand] Serial buffer size: 53
[2020/07/29 07:20:09.165344][I][sendCOMCommand] DUT => Set Channel: 19 (0x13)
$DONE_OK
$2-d_Diagnostics>

[2020/07/29 07:20:09.173350][I][setZigbee_Rx] Success
[2020/07/29 07:20:09.180818][I][setZigbeeLNAMode] LNA Mode: 1
[2020/07/29 07:20:09.185831][I][setScimitarMenu] Set Scimitar menu
[2020/07/29 07:20:09.391739][I][sendCOMCommand] DUT <= x
[2020/07/29 07:20:09.501400][I][sendCOMCommand] Serial buffer size: 22
[2020/07/29 07:20:10.027155][I][sendCOMCommand] DUT => x
$2_Zigbee(EM357)>

[2020/07/29 07:20:10.237828][I][sendCOMCommand] DUT <= x
[2020/07/29 07:20:10.347890][I][sendCOMCommand] Serial buffer size: 7
[2020/07/29 07:20:10.866357][I][sendCOMCommand] DUT => x
$>

[2020/07/29 07:20:10.875519][I][setScimitarMenu] Success
[2020/07/29 07:20:10.879424][I][setZigbeeMenu] Check Zigbee Menu
[2020/07/29 07:20:11.084543][I][sendCOMCommand] DUT <= 2
[2020/07/29 07:20:11.194924][I][sendCOMCommand] Serial buffer size: 22
[2020/07/29 07:20:11.719511][I][sendCOMCommand] DUT => 2
$2_Zigbee(EM357)>

[2020/07/29 07:20:11.728534][I][setZigbeeMenu] Success
[2020/07/29 07:20:11.732544][I][setZigbeeLNAMode] Set GPIO Write Menu
[2020/07/29 07:20:11.936749][I][sendCOMCommand] DUT <= 3
[2020/07/29 07:20:12.045737][I][sendCOMCommand] Serial buffer size: 28
[2020/07/29 07:20:12.570772][I][sendCOMCommand] DUT => 3
$2-3_ZigBee GPIO Write>

[2020/07/29 07:20:12.579875][I][setZigbeeLNAMode] Success
[2020/07/29 07:20:12.583811][I][setZigbeeLNAMode] Set LNA Mode
[2020/07/29 07:20:12.788603][I][sendCOMCommand] DUT <= 3
[2020/07/29 07:20:12.897040][I][sendCOMCommand] Serial buffer size: 106
[2020/07/29 07:20:13.418994][I][sendCOMCommand] DUT => 3
[EZSP]Setting GPIO was successful. (portPin=3, cfg=1, out=0)
$[0]
$DONE_OK
$2-3_ZigBee GPIO Write>

[2020/07/29 07:20:13.625184][I][sendCOMCommand] DUT <= 3
[2020/07/29 07:20:13.741819][I][sendCOMCommand] Serial buffer size: 106
[2020/07/29 07:20:14.257160][I][sendCOMCommand] DUT => 3
[EZSP]Setting GPIO was successful. (portPin=3, cfg=1, out=1)
$[1]
$DONE_OK
$2-3_ZigBee GPIO Write>

[2020/07/29 07:20:14.263140][I][setZigbeeLNAMode] Success
[2020/07/29 07:20:15.282621][I][getRxResult] Get Rx Result
[2020/07/29 07:20:15.291157][I][setScimitarMenu] Set Scimitar menu
[2020/07/29 07:20:15.496625][I][sendCOMCommand] DUT <= x
[2020/07/29 07:20:15.614677][I][sendCOMCommand] Serial buffer size: 22
[2020/07/29 07:20:16.131392][I][sendCOMCommand] DUT => x
$2_Zigbee(EM357)>

[2020/07/29 07:20:16.339108][I][sendCOMCommand] DUT <= x
[2020/07/29 07:20:16.449089][I][sendCOMCommand] Serial buffer size: 7
[2020/07/29 07:20:16.963153][I][sendCOMCommand] DUT => x
$>

[2020/07/29 07:20:16.973218][I][setScimitarMenu] Success
[2020/07/29 07:20:16.977863][I][setZigbeeMenu] Check Zigbee Menu
[2020/07/29 07:20:17.183146][I][sendCOMCommand] DUT <= 2
[2020/07/29 07:20:17.294065][I][sendCOMCommand] Serial buffer size: 22
[2020/07/29 07:20:17.819834][I][sendCOMCommand] DUT => 2
$2_Zigbee(EM357)>

[2020/07/29 07:20:17.828890][I][setZigbeeMenu] Success
[2020/07/29 07:20:18.034651][I][sendCOMCommand] DUT <= b
[2020/07/29 07:20:18.152842][I][sendCOMCommand] Serial buffer size: 32
[2020/07/29 07:20:18.371731][W][sendCOMCommand] Buffer not empty!!!
[2020/07/29 07:20:18.378974][I][sendCOMCommand] Serial buffer size: 183
[2020/07/29 07:20:18.786750][W][sendCOMCommand] Buffer not empty!!!
[2020/07/29 07:20:18.793188][I][sendCOMCommand] Serial buffer size: 29
[2020/07/29 07:20:19.308656][I][sendCOMCommand] DUT => b
ZigBee get Rssi test start.
Start Scan ... (Channel: 19 (0x13) duration:2 mask:00080000)
Channel: 19 (0x13), Rssi:-16
Total OK!    OOO   K  K   !
            O   O  K K    !
            O   O  KK     !
            O   O  K K     
             OOO   K  Kk  !
$[-16]
$DONE_OK
$2_Zigbee(EM357)>

[2020/07/29 07:20:19.397428][I][setZigbee_Rx] ZIGBEE_2450 CH: 19
[2020/07/29 07:20:19.401436][I][setScimitarMenu] Set Scimitar menu
[2020/07/29 07:20:19.607463][I][sendCOMCommand] DUT <= x
[2020/07/29 07:20:19.724398][I][sendCOMCommand] Serial buffer size: 7
[2020/07/29 07:20:20.250775][I][sendCOMCommand] DUT => x
$>

[2020/07/29 07:20:20.259805][I][setScimitarMenu] Success
[2020/07/29 07:20:20.263815][I][setZigbeeMenu] Check Zigbee Menu
[2020/07/29 07:20:20.468942][I][sendCOMCommand] DUT <= 2
[2020/07/29 07:20:20.578575][I][sendCOMCommand] Serial buffer size: 22
[2020/07/29 07:20:21.103022][I][sendCOMCommand] DUT => 2
$2_Zigbee(EM357)>

[2020/07/29 07:20:21.112979][I][setZigbeeMenu] Success
[2020/07/29 07:20:21.116991][I][setZigbee_Rx] Set Diagnostics Menu
[2020/07/29 07:20:21.323009][I][sendCOMCommand] DUT <= d
[2020/07/29 07:20:21.432658][I][sendCOMCommand] Serial buffer size: 22
[2020/07/29 07:20:21.947935][I][sendCOMCommand] DUT => d
$2-d_Diagnostics>

[2020/07/29 07:20:21.953959][I][setZigbee_Rx] Success
[2020/07/29 07:20:21.959969][I][setZigbee_Rx] Set Channel Menu
[2020/07/29 07:20:22.165848][I][sendCOMCommand] DUT <= 2
[2020/07/29 07:20:22.274818][I][sendCOMCommand] Serial buffer size: 66
[2020/07/29 07:20:22.800214][I][sendCOMCommand] DUT => 2
$2-d-2_Set Channel (11 => 26) [0B - 1A by HEX]>
$PARAMETER?>

[2020/07/29 07:20:22.809195][I][setZigbee_Rx] Success
[2020/07/29 07:20:22.813191][I][setZigbee_Rx] Set Channel
[2020/07/29 07:20:23.018516][I][sendCOMCommand] DUT <= 13
[2020/07/29 07:20:23.135653][I][sendCOMCommand] Serial buffer size: 53
[2020/07/29 07:20:23.661777][I][sendCOMCommand] DUT => Set Channel: 19 (0x13)
$DONE_OK
$2-d_Diagnostics>

[2020/07/29 07:20:23.669806][I][setZigbee_Rx] Success
[2020/07/29 07:20:23.677827][I][setZigbeeLNAMode] LNA Mode: 0
[2020/07/29 07:20:23.682848][I][setScimitarMenu] Set Scimitar menu
[2020/07/29 07:20:23.887988][I][sendCOMCommand] DUT <= x
[2020/07/29 07:20:23.998230][I][sendCOMCommand] Serial buffer size: 22
[2020/07/29 07:20:24.525584][I][sendCOMCommand] DUT => x
$2_Zigbee(EM357)>

[2020/07/29 07:20:24.736014][I][sendCOMCommand] DUT <= x
[2020/07/29 07:20:24.845859][I][sendCOMCommand] Serial buffer size: 7
[2020/07/29 07:20:25.367156][I][sendCOMCommand] DUT => x
$>

[2020/07/29 07:20:25.372334][I][setScimitarMenu] Success
[2020/07/29 07:20:25.376361][I][setZigbeeMenu] Check Zigbee Menu
[2020/07/29 07:20:25.582604][I][sendCOMCommand] DUT <= 2
[2020/07/29 07:20:25.700112][I][sendCOMCommand] Serial buffer size: 22
[2020/07/29 07:20:26.225201][I][sendCOMCommand] DUT => 2
$2_Zigbee(EM357)>

[2020/07/29 07:20:26.233262][I][setZigbeeMenu] Success
[2020/07/29 07:20:26.237232][I][setZigbeeLNAMode] Set GPIO Write Menu
[2020/07/29 07:20:26.443430][I][sendCOMCommand] DUT <= 3
[2020/07/29 07:20:26.560322][I][sendCOMCommand] Serial buffer size: 28
[2020/07/29 07:20:27.086230][I][sendCOMCommand] DUT => 3
$2-3_ZigBee GPIO Write>

[2020/07/29 07:20:27.096252][I][setZigbeeLNAMode] Success
[2020/07/29 07:20:27.100721][I][setZigbeeLNAMode] Set LNA Mode
[2020/07/29 07:20:27.307135][I][sendCOMCommand] DUT <= 3
[2020/07/29 07:20:27.415803][I][sendCOMCommand] Serial buffer size: 106
[2020/07/29 07:20:27.941855][I][sendCOMCommand] DUT => 3
[EZSP]Setting GPIO was successful. (portPin=3, cfg=1, out=0)
$[0]
$DONE_OK
$2-3_ZigBee GPIO Write>

[2020/07/29 07:20:27.950872][I][setZigbeeLNAMode] Success
[2020/07/29 07:20:28.969077][I][getRxResult] Get Rx Result
[2020/07/29 07:20:28.976723][I][setScimitarMenu] Set Scimitar menu
[2020/07/29 07:20:29.184036][I][sendCOMCommand] DUT <= x
[2020/07/29 07:20:29.294932][I][sendCOMCommand] Serial buffer size: 22
[2020/07/29 07:20:29.820583][I][sendCOMCommand] DUT => x
$2_Zigbee(EM357)>

[2020/07/29 07:20:30.037998][I][sendCOMCommand] DUT <= x
[2020/07/29 07:20:30.147912][I][sendCOMCommand] Serial buffer size: 7
[2020/07/29 07:20:30.673371][I][sendCOMCommand] DUT => x
$>

[2020/07/29 07:20:30.682795][I][setScimitarMenu] Success
[2020/07/29 07:20:30.686809][I][setZigbeeMenu] Check Zigbee Menu
[2020/07/29 07:20:30.892935][I][sendCOMCommand] DUT <= 2
[2020/07/29 07:20:31.003018][I][sendCOMCommand] Serial buffer size: 22
[2020/07/29 07:20:31.529156][I][sendCOMCommand] DUT => 2
$2_Zigbee(EM357)>

[2020/07/29 07:20:31.538607][I][setZigbeeMenu] Success
[2020/07/29 07:20:31.743815][I][sendCOMCommand] DUT <= b
[2020/07/29 07:20:31.853235][I][sendCOMCommand] Serial buffer size: 32
[2020/07/29 07:20:31.970988][W][sendCOMCommand] Buffer not empty!!!
[2020/07/29 07:20:31.987073][I][sendCOMCommand] Serial buffer size: 183
[2020/07/29 07:20:32.505936][I][sendCOMCommand] DUT => b
ZigBee get Rssi test start.
Start Scan ... (Channel: 19 (0x13) duration:2 mask:00080000)
Channel: 19 (0x13), Rssi:-29
Total OK!    OOO   K  K   !
            O   O  K K    !
            O   O  KK     !
            O   O  K K     
             OOO   K  Kk  !
$[-29]

[2020/07/29 07:20:32.945411][I][disconnectDUT] Disconnect DUT success
