[2020/07/29 07:18:08]============== Control PS_Keysight66321B ==============
[2020/07/29 07:18:08]List resource: ['GPIB0::5::INSTR', 'TCPIP0::192.168.1.2::hislip0::INSTR', 'ASRL1::INSTR']
[2020/07/29 07:18:08]Power Supply: control 66321B successfully
[2020/07/29 07:18:08]Power Supply send: *RST
[2020/07/29 07:18:08]Power Supply send: *IDN?
[2020/07/29 07:18:08]Power Supply recv: Agilent Technologies,66321B,0,A.03.01

[2020/07/29 07:18:08]Power Supply is: Agilent Technologies,66321B,0,A.03.01
 

[2020/07/29 07:18:08]Power Supply send: CURR:PROT:STAT 1
[2020/07/29 07:18:08]Power Supply send: CURR:PROT:STAT?
[2020/07/29 07:18:08]Power Supply recv: 1

[2020/07/29 07:18:08]Power Supply send: VOLT 12.0
[2020/07/29 07:18:08]Power Supply send: VOLT?
[2020/07/29 07:18:08]Power Supply recv: 1.20000E+1

[2020/07/29 07:18:08]Power Supply send: CURR 1.0
[2020/07/29 07:18:08]Power Supply send: CURR?
[2020/07/29 07:18:08]Power Supply recv: 1.00000E+0

[2020/07/29 07:18:08]Power Supply send: OUTP 1
[2020/07/29 07:18:08]Power Supply send: OUTP?
[2020/07/29 07:18:08]Power Supply recv: 1

[2020/07/29 07:19:05]============== Control PS_Keysight66321B ==============
[2020/07/29 07:19:06]List resource: ['GPIB0::5::INSTR', 'TCPIP0::192.168.1.2::hislip0::INSTR', 'ASRL1::INSTR', 'ASRL14::INSTR', 'ASRL15::INSTR', 'ASRL16::INSTR', 'ASRL17::INSTR', 'ASRL19::INSTR', 'ASRL20::INSTR']
[2020/07/29 07:19:06]Power Supply: control 66321B successfully
[2020/07/29 07:19:06]Power Supply send: *IDN?
[2020/07/29 07:19:06]Power Supply recv: Agilent Technologies,66321B,0,A.03.01

[2020/07/29 07:19:06]Power Supply is: Agilent Technologies,66321B,0,A.03.01
 

[2020/07/29 07:19:20]Power Supply send: MEAS:CURR?
[2020/07/29 07:19:20]Power Supply recv: 8.46153E-2

[2020/07/29 07:19:35]Power Supply send: MEAS:CURR?
[2020/07/29 07:19:35]Power Supply recv: 8.18337E-2

[2020/07/29 07:19:50]Power Supply send: MEAS:CURR?
[2020/07/29 07:19:51]Power Supply recv: 8.02170E-2

[2020/07/29 07:20:02]Power Supply send: MEAS:CURR?
[2020/07/29 07:20:02]Power Supply recv: 8.37155E-2

[2020/07/29 07:20:55]============== Control PS_Keysight66321B ==============
[2020/07/29 07:20:55]List resource: ['GPIB0::5::INSTR', 'TCPIP0::192.168.1.2::hislip0::INSTR', 'ASRL1::INSTR']
[2020/07/29 07:20:55]Power Supply: control 66321B successfully
[2020/07/29 07:20:55]Power Supply send: *IDN?
[2020/07/29 07:20:55]Power Supply recv: Agilent Technologies,66321B,0,A.03.01

[2020/07/29 07:20:55]Power Supply is: Agilent Technologies,66321B,0,A.03.01
 

[2020/07/29 07:21:04]Power Supply send: MEAS:CURR?
[2020/07/29 07:21:04]Power Supply recv: 2.40853E-1

[2020/07/29 07:21:13]Power Supply send: MEAS:CURR?
[2020/07/29 07:21:14]Power Supply recv: 2.14603E-1

[2020/07/29 07:21:24]Power Supply send: MEAS:CURR?
[2020/07/29 07:21:24]Power Supply recv: 1.52066E-1

[2020/07/29 07:21:58]============== Control PS_Keysight66321B ==============
[2020/07/29 07:21:58]List resource: ['GPIB0::5::INSTR', 'TCPIP0::192.168.1.2::hislip0::INSTR', 'ASRL1::INSTR', 'ASRL14::INSTR', 'ASRL15::INSTR', 'ASRL16::INSTR', 'ASRL17::INSTR', 'ASRL19::INSTR', 'ASRL20::INSTR']
[2020/07/29 07:21:58]Power Supply: control 66321B successfully
[2020/07/29 07:21:58]Power Supply send: *RST
[2020/07/29 07:21:58]Power Supply send: *IDN?
[2020/07/29 07:21:58]Power Supply recv: Agilent Technologies,66321B,0,A.03.01

[2020/07/29 07:21:58]Power Supply is: Agilent Technologies,66321B,0,A.03.01
 

[2020/07/29 07:21:58]Power Supply send: OUTP 0
[2020/07/29 07:21:58]Power Supply send: OUTP?
[2020/07/29 07:21:58]Power Supply recv: 0

