[2020/07/29 01:11:41]============== Control PS_Keysight66321B ==============
[2020/07/29 01:11:41]List resource: ['GPIB0::5::INSTR', 'ASRL1::INSTR', 'TCPIP0::192.168.1.2::hislip0::INSTR']
[2020/07/29 01:11:41]Power Supply: control 66321B successfully
[2020/07/29 01:11:41]Power Supply send: *RST
[2020/07/29 01:11:41]Power Supply send: *IDN?
[2020/07/29 01:11:41]Power Supply recv: Agilent Technologies,66321B,0,A.03.01

[2020/07/29 01:11:41]Power Supply is: Agilent Technologies,66321B,0,A.03.01
 

[2020/07/29 01:11:41]Power Supply send: CURR:PROT:STAT 1
[2020/07/29 01:11:41]Power Supply send: CURR:PROT:STAT?
[2020/07/29 01:11:41]Power Supply recv: 1

[2020/07/29 01:11:41]Power Supply send: VOLT 12.0
[2020/07/29 01:11:41]Power Supply send: VOLT?
[2020/07/29 01:11:41]Power Supply recv: 1.20000E+1

[2020/07/29 01:11:41]Power Supply send: CURR 1.0
[2020/07/29 01:11:41]Power Supply send: CURR?
[2020/07/29 01:11:41]Power Supply recv: 1.00000E+0

[2020/07/29 01:11:41]Power Supply send: OUTP 1
[2020/07/29 01:11:41]Power Supply send: OUTP?
[2020/07/29 01:11:41]Power Supply recv: 1

[2020/07/29 01:12:38]============== Control PS_Keysight66321B ==============
[2020/07/29 01:12:38]List resource: ['GPIB0::5::INSTR', 'ASRL1::INSTR', 'TCPIP0::192.168.1.2::hislip0::INSTR', 'ASRL14::INSTR', 'ASRL15::INSTR', 'ASRL16::INSTR', 'ASRL17::INSTR', 'ASRL19::INSTR', 'ASRL20::INSTR']
[2020/07/29 01:12:38]Power Supply: control 66321B successfully
[2020/07/29 01:12:38]Power Supply send: *IDN?
[2020/07/29 01:12:38]Power Supply recv: Agilent Technologies,66321B,0,A.03.01

[2020/07/29 01:12:38]Power Supply is: Agilent Technologies,66321B,0,A.03.01
 

[2020/07/29 01:12:52]Power Supply send: MEAS:CURR?
[2020/07/29 01:12:52]Power Supply recv: 9.52436E-2

[2020/07/29 01:13:03]Power Supply send: MEAS:CURR?
[2020/07/29 01:13:03]Power Supply recv: 1.02702E-1

[2020/07/29 01:13:19]Power Supply send: MEAS:CURR?
[2020/07/29 01:13:19]Power Supply recv: 8.79360E-2

[2020/07/29 01:13:30]Power Supply send: MEAS:CURR?
[2020/07/29 01:13:30]Power Supply recv: 9.19300E-2

[2020/07/29 01:13:45]Power Supply send: MEAS:CURR?
[2020/07/29 01:13:45]Power Supply recv: 1.00817E-1

[2020/07/29 01:13:57]Power Supply send: MEAS:CURR?
[2020/07/29 01:13:57]Power Supply recv: 8.06725E-2

[2020/07/29 01:14:54]============== Control PS_Keysight66321B ==============
[2020/07/29 01:14:54]List resource: ['GPIB0::5::INSTR', 'ASRL1::INSTR', 'TCPIP0::192.168.1.2::hislip0::INSTR']
[2020/07/29 01:14:55]Power Supply: control 66321B successfully
[2020/07/29 01:14:55]Power Supply send: *IDN?
[2020/07/29 01:14:55]Power Supply recv: Agilent Technologies,66321B,0,A.03.01

[2020/07/29 01:14:55]Power Supply is: Agilent Technologies,66321B,0,A.03.01
 

[2020/07/29 01:15:03]Power Supply send: MEAS:CURR?
[2020/07/29 01:15:03]Power Supply recv: 2.40127E-1

[2020/07/29 01:15:13]Power Supply send: MEAS:CURR?
[2020/07/29 01:15:13]Power Supply recv: 2.11257E-1

[2020/07/29 01:15:23]Power Supply send: MEAS:CURR?
[2020/07/29 01:15:23]Power Supply recv: 1.49475E-1

[2020/07/29 01:15:56]============== Control PS_Keysight66321B ==============
[2020/07/29 01:15:56]List resource: ['GPIB0::5::INSTR', 'ASRL1::INSTR', 'TCPIP0::192.168.1.2::hislip0::INSTR', 'ASRL14::INSTR', 'ASRL15::INSTR', 'ASRL16::INSTR', 'ASRL17::INSTR', 'ASRL19::INSTR', 'ASRL20::INSTR']
[2020/07/29 01:15:56]Power Supply: control 66321B successfully
[2020/07/29 01:15:56]Power Supply send: *RST
[2020/07/29 01:15:56]Power Supply send: *IDN?
[2020/07/29 01:15:56]Power Supply recv: Agilent Technologies,66321B,0,A.03.01

[2020/07/29 01:15:56]Power Supply is: Agilent Technologies,66321B,0,A.03.01
 

[2020/07/29 01:15:56]Power Supply send: OUTP 0
[2020/07/29 01:15:56]Power Supply send: OUTP?
[2020/07/29 01:15:56]Power Supply recv: 0

