[2020/07/29 06:56:19.663642]========== Start ==========
[2020/07/29 06:56:19.664644][I][class_E6640A_LTE] Initial class_E6640A_LTE
[2020/07/29 06:56:19.666649][I][class_E6640A_LTE] Version: 3.0.0.3
[2020/07/29 06:56:19.670661][I][connect_E6640A] Connect to E6640A
[2020/07/29 06:56:19.681688][I][connect_E6640A] Resource Manager of Visa Library at C:\Windows\system32\visa32.dll
[2020/07/29 06:56:19.730820][I][queryEx] E6640A <= *IDN?
[2020/07/29 06:56:19.734830][I][queryEx] E6640A => Keysight Technologies,E6640A,MY57150246,E.19.71
[2020/07/29 06:56:19.736836][I][set_Preset] System reset
[2020/07/29 06:56:19.737841][I][writeEx] E6640A <= *RST
[2020/07/29 06:56:19.739844][I][writeEx] E6640A <= *CLS
[2020/07/29 06:56:19.741848][I][writeEx] E6640A <= SYST:PRES
[2020/07/29 06:56:20.044654][I][queryEx] E6640A <= *OPC?
[2020/07/29 06:56:20.803688][I][queryEx] E6640A => 1
[2020/07/29 06:56:20.809688][I][set_Preset] System reset
[2020/07/29 06:56:20.811693][I][writeEx] E6640A <= *RST
[2020/07/29 06:56:20.813698][I][writeEx] E6640A <= *CLS
[2020/07/29 06:56:20.816707][I][writeEx] E6640A <= SYST:PRES
[2020/07/29 06:56:21.119512][I][queryEx] E6640A <= *OPC?
[2020/07/29 06:56:21.862196][I][queryEx] E6640A => 1
[2020/07/29 06:56:22.145425][I][set_Preset] System reset
[2020/07/29 06:56:22.147436][I][writeEx] E6640A <= *RST
[2020/07/29 06:56:22.149466][I][writeEx] E6640A <= *CLS
[2020/07/29 06:56:22.151441][I][writeEx] E6640A <= SYST:PRES
[2020/07/29 06:56:22.455005][I][queryEx] E6640A <= *OPC?
[2020/07/29 06:56:23.208971][I][queryEx] E6640A => 1
[2020/07/29 06:56:23.221216][I][set_Tx_Start] Set Tx start
[2020/07/29 06:56:23.223239][I][set_RFI_Port] Set input port
[2020/07/29 06:56:23.225279][I][writeEx] E6640A <= :FEED:RF:PORT:INPut RFIO1
[2020/07/29 06:56:23.228273][I][queryEx] E6640A <= :FEED:RF:PORT:INPut?
[2020/07/29 06:56:23.232926][I][queryEx] E6640A => RFIO1
[2020/07/29 06:56:23.235693][I][set_Modulation_Analysis] Set measurement function
[2020/07/29 06:56:23.239091][I][writeEx] E6640A <= INST:SEL LTEAFDD
[2020/07/29 06:56:23.542918][I][queryEx] E6640A <= *OPC?
[2020/07/29 06:56:23.564840][I][queryEx] E6640A => 1
[2020/07/29 06:56:23.568746][I][queryEx] E6640A <= INST:SEL?
[2020/07/29 06:56:23.573973][I][queryEx] E6640A => LTEAFDD
[2020/07/29 06:56:23.577990][I][writeEx] E6640A <= DISP:CHP:VIEW:WIND:TRAC:Y:COUP OFF
[2020/07/29 06:56:23.581034][I][set_Freq] Set frequence
[2020/07/29 06:56:23.584121][I][writeEx] E6640A <= :FREQuency:CENTer 897.4 MHz
[2020/07/29 06:56:23.587133][I][set_Continue] Set continue
[2020/07/29 06:56:23.590112][I][writeEx] E6640A <= :INIT:CONT ON
[2020/07/29 06:56:23.593184][I][set_Trigger_Free_Run] Set trigger free run
[2020/07/29 06:56:23.596195][I][writeEx] E6640A <= TRIG:CHP:SOUR IMM
[2020/07/29 06:56:23.900929][I][queryEx] E6640A <= *OPC?
[2020/07/29 06:56:23.909946][I][queryEx] E6640A => 1
[2020/07/29 06:56:28.491616][I][chk_Tx_Result] Check Tx result
[2020/07/29 06:56:28.496623][I][set_Limit_Range] Set reference value
[2020/07/29 06:56:28.499632][I][writeEx] E6640A <= DISP:CHP:VIEW:WIND:TRAC:Y:RLEV 30.0 dBm
[2020/07/29 06:56:28.803939][I][queryEx] E6640A <= *OPC?
[2020/07/29 06:56:28.818033][I][queryEx] E6640A => 1
[2020/07/29 06:56:28.828257][I][set_Limit_Range] Set power range
[2020/07/29 06:56:28.834134][I][writeEx] E6640A <= :POW:RANG 30.0 dBm
[2020/07/29 06:56:29.138260][I][queryEx] E6640A <= *OPC?
[2020/07/29 06:56:29.148272][I][queryEx] E6640A => 1
[2020/07/29 06:56:29.151276][I][set_Trigger_Video] Set trigger video
[2020/07/29 06:56:29.154688][I][writeEx] E6640A <= TRIG:CHP:SOUR IF
[2020/07/29 06:56:29.458992][I][queryEx] E6640A <= *OPC?
[2020/07/29 06:56:29.464178][I][queryEx] E6640A => 1
[2020/07/29 06:56:29.569554][I][set_Trigger_Free_Run] Set trigger free run
[2020/07/29 06:56:29.581257][I][writeEx] E6640A <= TRIG:CHP:SOUR IMM
[2020/07/29 06:56:29.889361][I][queryEx] E6640A <= *OPC?
[2020/07/29 06:56:29.898377][I][queryEx] E6640A => 1
[2020/07/29 06:56:29.901711][I][get_Power] Get Tx power
[2020/07/29 06:56:29.904506][I][queryEx] E6640A <= :FETCh:CHPower:CHPower?
[2020/07/29 06:56:29.910568][I][queryEx] E6640A => 1.411353207E+01
[2020/07/29 06:56:29.913534][I][chk_Tx_Result] Tx power(add loss: 8.500000) = 22.614000 dBm
[2020/07/29 06:56:29.916540][I][set_Continue] Set continue
[2020/07/29 06:56:29.920273][I][writeEx] E6640A <= :INIT:CONT ON
[2020/07/29 06:56:31.861948][I][set_Preset] System reset
[2020/07/29 06:56:31.865818][I][writeEx] E6640A <= *RST
[2020/07/29 06:56:31.868829][I][writeEx] E6640A <= *CLS
[2020/07/29 06:56:31.872488][I][writeEx] E6640A <= SYST:PRES
[2020/07/29 06:56:32.177018][I][queryEx] E6640A <= *OPC?
[2020/07/29 06:56:32.832323][I][queryEx] E6640A => 1
[2020/07/29 06:56:32.845672][I][set_Tx_Start] Set Tx start
[2020/07/29 06:56:32.847678][I][set_RFI_Port] Set input port
[2020/07/29 06:56:32.850688][I][writeEx] E6640A <= :FEED:RF:PORT:INPut RFIO1
[2020/07/29 06:56:32.853694][I][queryEx] E6640A <= :FEED:RF:PORT:INPut?
[2020/07/29 06:56:32.860261][I][queryEx] E6640A => RFIO1
[2020/07/29 06:56:32.863271][I][set_Modulation_Analysis] Set measurement function
[2020/07/29 06:56:32.866297][I][writeEx] E6640A <= INST:SEL LTEAFDD
[2020/07/29 06:56:33.170821][I][queryEx] E6640A <= *OPC?
[2020/07/29 06:56:33.179648][I][queryEx] E6640A => 1
[2020/07/29 06:56:33.183664][I][queryEx] E6640A <= INST:SEL?
[2020/07/29 06:56:33.189720][I][queryEx] E6640A => LTEAFDD
[2020/07/29 06:56:33.192727][I][writeEx] E6640A <= DISP:CHP:VIEW:WIND:TRAC:Y:COUP OFF
[2020/07/29 06:56:33.195696][I][set_Freq] Set frequence
[2020/07/29 06:56:33.199677][I][writeEx] E6640A <= :FREQuency:CENTer 1950.0 MHz
[2020/07/29 06:56:33.202905][I][set_Continue] Set continue
[2020/07/29 06:56:33.205915][I][writeEx] E6640A <= :INIT:CONT ON
[2020/07/29 06:56:33.209161][I][set_Trigger_Free_Run] Set trigger free run
[2020/07/29 06:56:33.212171][I][writeEx] E6640A <= TRIG:CHP:SOUR IMM
[2020/07/29 06:56:33.516124][I][queryEx] E6640A <= *OPC?
[2020/07/29 06:56:33.533324][I][queryEx] E6640A => 1
[2020/07/29 06:56:37.887511][I][chk_Tx_Result] Check Tx result
[2020/07/29 06:56:37.894475][I][set_Limit_Range] Set reference value
[2020/07/29 06:56:37.898021][I][writeEx] E6640A <= DISP:CHP:VIEW:WIND:TRAC:Y:RLEV 30.0 dBm
[2020/07/29 06:56:38.203316][I][queryEx] E6640A <= *OPC?
[2020/07/29 06:56:38.213449][I][queryEx] E6640A => 1
[2020/07/29 06:56:38.218340][I][set_Limit_Range] Set power range
[2020/07/29 06:56:38.221651][I][writeEx] E6640A <= :POW:RANG 30.0 dBm
[2020/07/29 06:56:38.526572][I][queryEx] E6640A <= *OPC?
[2020/07/29 06:56:38.538275][I][queryEx] E6640A => 1
[2020/07/29 06:56:38.541284][I][set_Trigger_Video] Set trigger video
[2020/07/29 06:56:38.544293][I][writeEx] E6640A <= TRIG:CHP:SOUR IF
[2020/07/29 06:56:38.850119][I][queryEx] E6640A <= *OPC?
[2020/07/29 06:56:38.860297][I][queryEx] E6640A => 1
[2020/07/29 06:56:38.965221][I][set_Trigger_Free_Run] Set trigger free run
[2020/07/29 06:56:38.978250][I][writeEx] E6640A <= TRIG:CHP:SOUR IMM
[2020/07/29 06:56:39.286169][I][queryEx] E6640A <= *OPC?
[2020/07/29 06:56:39.295314][I][queryEx] E6640A => 1
[2020/07/29 06:56:39.298324][I][get_Power] Get Tx power
[2020/07/29 06:56:39.302336][I][queryEx] E6640A <= :FETCh:CHPower:CHPower?
[2020/07/29 06:56:39.308392][I][queryEx] E6640A => 1.243363667E+01
[2020/07/29 06:56:39.311359][I][chk_Tx_Result] Tx power(add loss: 9.200000) = 21.634000 dBm
[2020/07/29 06:56:39.315595][I][set_Continue] Set continue
[2020/07/29 06:56:39.318605][I][writeEx] E6640A <= :INIT:CONT ON
[2020/07/29 06:56:41.273076][I][set_Preset] System reset
[2020/07/29 06:56:41.276086][I][writeEx] E6640A <= *RST
[2020/07/29 06:56:41.279825][I][writeEx] E6640A <= *CLS
[2020/07/29 06:56:41.282836][I][writeEx] E6640A <= SYST:PRES
[2020/07/29 06:56:41.587763][I][queryEx] E6640A <= *OPC?
[2020/07/29 06:56:42.299662][I][queryEx] E6640A => 1
[2020/07/29 06:56:42.314693][I][set_Tx_Start] Set Tx start
[2020/07/29 06:56:42.317701][I][set_RFI_Port] Set input port
[2020/07/29 06:56:42.320709][I][writeEx] E6640A <= :FEED:RF:PORT:INPut RFIO1
[2020/07/29 06:56:42.323718][I][queryEx] E6640A <= :FEED:RF:PORT:INPut?
[2020/07/29 06:56:42.329691][I][queryEx] E6640A => RFIO1
[2020/07/29 06:56:42.333705][I][set_Modulation_Analysis] Set measurement function
[2020/07/29 06:56:42.336713][I][writeEx] E6640A <= INST:SEL LTEAFDD
[2020/07/29 06:56:42.641244][I][queryEx] E6640A <= *OPC?
[2020/07/29 06:56:42.659291][I][queryEx] E6640A => 1
[2020/07/29 06:56:42.669309][I][queryEx] E6640A <= INST:SEL?
[2020/07/29 06:56:42.679247][I][queryEx] E6640A => LTEAFDD
[2020/07/29 06:56:42.682257][I][writeEx] E6640A <= DISP:CHP:VIEW:WIND:TRAC:Y:COUP OFF
[2020/07/29 06:56:42.685266][I][set_Freq] Set frequence
[2020/07/29 06:56:42.689286][I][writeEx] E6640A <= :FREQuency:CENTer 914.8 MHz
[2020/07/29 06:56:42.692285][I][set_Continue] Set continue
[2020/07/29 06:56:42.696154][I][writeEx] E6640A <= :INIT:CONT ON
[2020/07/29 06:56:42.699164][I][set_Trigger_Free_Run] Set trigger free run
[2020/07/29 06:56:42.702209][I][writeEx] E6640A <= TRIG:CHP:SOUR IMM
[2020/07/29 06:56:43.006489][I][queryEx] E6640A <= *OPC?
[2020/07/29 06:56:43.019014][I][queryEx] E6640A => 1
[2020/07/29 06:56:46.055414][I][chk_Tx_Result] Check Tx result
[2020/07/29 06:56:46.069519][I][set_Limit_Range] Set reference value
[2020/07/29 06:56:46.076476][I][writeEx] E6640A <= DISP:CHP:VIEW:WIND:TRAC:Y:RLEV 30.0 dBm
[2020/07/29 06:56:46.382191][I][queryEx] E6640A <= *OPC?
[2020/07/29 06:56:46.391055][I][queryEx] E6640A => 1
[2020/07/29 06:56:46.395859][I][set_Limit_Range] Set power range
[2020/07/29 06:56:46.399871][I][writeEx] E6640A <= :POW:RANG 30.0 dBm
[2020/07/29 06:56:46.705078][I][queryEx] E6640A <= *OPC?
[2020/07/29 06:56:46.717631][I][queryEx] E6640A => 1
[2020/07/29 06:56:48.722992][I][set_Trigger_Video] Set trigger video
[2020/07/29 06:56:48.730016][I][writeEx] E6640A <= TRIG:CHP:SOUR IF
[2020/07/29 06:56:49.035269][I][queryEx] E6640A <= *OPC?
[2020/07/29 06:56:49.053717][I][queryEx] E6640A => 1
[2020/07/29 06:56:49.061731][I][get_Power] Get Tx power
[2020/07/29 06:56:49.067744][I][queryEx] E6640A <= :FETCh:CHPower:CHPower?
[2020/07/29 06:56:49.683410][I][queryEx] E6640A => 2.286820412E+01
[2020/07/29 06:56:49.690371][I][chk_Tx_Result] Tx power(add loss: 8.500000) = 31.368000 dBm
[2020/07/29 06:56:49.694305][I][set_Continue] Set continue
[2020/07/29 06:56:49.697314][I][writeEx] E6640A <= :INIT:CONT ON
[2020/07/29 06:56:51.431041][I][set_Preset] System reset
[2020/07/29 06:56:51.435092][I][writeEx] E6640A <= *RST
[2020/07/29 06:56:51.438217][I][writeEx] E6640A <= *CLS
[2020/07/29 06:56:51.443461][I][writeEx] E6640A <= SYST:PRES
[2020/07/29 06:56:51.747857][I][queryEx] E6640A <= *OPC?
[2020/07/29 06:56:52.451584][I][queryEx] E6640A => 1
[2020/07/29 06:56:52.466087][I][set_Rx_Waveform] Set Rx waveform
[2020/07/29 06:56:52.470139][I][set_RFO_Port] Set output port
[2020/07/29 06:56:52.475145][I][writeEx] E6640A <= :FEED:RF:PORT:OUTPut RFIO1
[2020/07/29 06:56:52.479765][I][queryEx] E6640A <= :FEED:RF:PORT:OUTPut?
[2020/07/29 06:56:52.485388][I][queryEx] E6640A => RFIO1
[2020/07/29 06:56:52.491405][I][set_OneTone_Freq] Set One Tone frequence
[2020/07/29 06:56:52.495417][I][writeEx] E6640A <= :SOUR:FREQ 959.8 MHz
[2020/07/29 06:56:52.499428][I][set_OneTone_Power] Set One Tone power
[2020/07/29 06:56:52.503437][I][writeEx] E6640A <= :SOURce:POWer -51.5
[2020/07/29 06:56:52.507457][I][loading_Waveform] Load waveform
[2020/07/29 06:56:52.510469][I][queryEx] E6640A <= :SOURce:RADio:ARB:CATalog?
[2020/07/29 06:56:52.564736][I][queryEx] E6640A => 9600,4184704,"CTX10_RFLTE_20160809.wfm"
[2020/07/29 06:56:52.568803][I][writeEx] E6640A <= :SOUR:RAD:ARB:WAV "D:\NVARB\CTX10_RFLTE_20160809.wfm"
[2020/07/29 06:56:52.875343][I][queryEx] E6640A <= *OPC?
[2020/07/29 06:56:52.885354][I][queryEx] E6640A => 1
[2020/07/29 06:56:52.889236][I][set_ARB_ON] Set ARB ON
[2020/07/29 06:56:52.892247][I][writeEx] E6640A <= :SOUR:RAD:ARB ON
[2020/07/29 06:56:52.896294][I][set_Sample_Rate] Set Sample Rate
[2020/07/29 06:56:52.900268][I][writeEx] E6640A <= SOUR:RAD:ARB:SCL:RATE 100.0 kHz
[2020/07/29 06:56:52.904283][I][set_Modulation_ON] Set ARB ON
[2020/07/29 06:56:52.907330][I][writeEx] E6640A <= :OUTP:MOD ON
[2020/07/29 06:56:52.915309][I][set_OneTone_Start] Set One Tone start
[2020/07/29 06:56:52.918356][I][writeEx] E6640A <= OUTP ON
[2020/07/29 06:56:59.295385][I][set_OneTone_Stop] Set One Tone stop
[2020/07/29 06:56:59.306183][I][writeEx] E6640A <= OUTP OFF
[2020/07/29 06:57:17.004971][I][disconnect_E6640A] Disconnect E6640A
[2020/07/29 06:57:17.008946][I][set_Preset] System reset
[2020/07/29 06:57:17.011954][I][writeEx] E6640A <= *RST
[2020/07/29 06:57:17.016003][I][writeEx] E6640A <= *CLS
[2020/07/29 06:57:17.018972][I][writeEx] E6640A <= SYST:PRES
[2020/07/29 06:57:17.324766][I][queryEx] E6640A <= *OPC?
[2020/07/29 06:57:18.029282][I][queryEx] E6640A => 1
[2020/07/29 06:57:18.037292]========== End ==========
