[2020/07/31 15:49:56.136495]========== Start ==========
[2020/07/31 15:49:56.138503][I][class_E6640A_ZIGBEE] Initial class_E6640A_ZIGBEE
[2020/07/31 15:49:56.139542][I][class_E6640A_ZIGBEE] Version: 3.0.0.2
[2020/07/31 15:49:56.143916][I][connect_E6640A] Connect to E6640A
[2020/07/31 15:49:56.154383][I][connect_E6640A] Resource Manager of Visa Library at C:\Windows\system32\visa64.dll
[2020/07/31 15:49:56.206929][I][queryEx] E6640A <= *IDN?
[2020/07/31 15:49:56.211977][I][queryEx] E6640A => Keysight Technologies,E6640A,MY57150246,E.19.71
[2020/07/31 15:49:56.213959][I][set_Preset] System reset
[2020/07/31 15:49:56.215948][I][writeEx] E6640A <= *RST
[2020/07/31 15:49:56.217954][I][writeEx] E6640A <= *CLS
[2020/07/31 15:49:56.219959][I][writeEx] E6640A <= SYST:PRES
[2020/07/31 15:49:56.523229][I][queryEx] E6640A <= *OPC?
[2020/07/31 15:49:57.205263][I][queryEx] E6640A => 1
[2020/07/31 15:49:57.212281][I][set_Preset] System reset
[2020/07/31 15:49:57.214239][I][writeEx] E6640A <= *RST
[2020/07/31 15:49:57.216921][I][writeEx] E6640A <= *CLS
[2020/07/31 15:49:57.218958][I][writeEx] E6640A <= SYST:PRES
[2020/07/31 15:49:57.522535][I][queryEx] E6640A <= *OPC?
[2020/07/31 15:49:58.318799][I][queryEx] E6640A => 1
[2020/07/31 15:49:58.589669][I][set_Preset] System reset
[2020/07/31 15:49:58.592232][I][writeEx] E6640A <= *RST
[2020/07/31 15:49:58.594248][I][writeEx] E6640A <= *CLS
[2020/07/31 15:49:58.596770][I][writeEx] E6640A <= SYST:PRES
[2020/07/31 15:49:58.900078][I][queryEx] E6640A <= *OPC?
[2020/07/31 15:49:59.625248][I][queryEx] E6640A => 1
[2020/07/31 15:49:59.637476][I][set_Tx_Start] Set Tx start
[2020/07/31 15:49:59.639479][I][set_RFI_Port] Set input port
[2020/07/31 15:49:59.641485][I][writeEx] E6640A <= :FEED:RF:PORT:INPut RFIO1
[2020/07/31 15:49:59.644186][I][queryEx] E6640A <= :FEED:RF:PORT:INPut?
[2020/07/31 15:49:59.648715][I][queryEx] E6640A => RFIO1
[2020/07/31 15:49:59.650731][I][set_Modulation_Analysis] Set measurement function
[2020/07/31 15:49:59.653661][I][writeEx] E6640A <= INST:SEL VSA
[2020/07/31 15:49:59.957951][I][queryEx] E6640A <= *OPC?
[2020/07/31 15:49:59.980618][I][queryEx] E6640A => 1
[2020/07/31 15:49:59.985432][I][queryEx] E6640A <= INST:SEL?
[2020/07/31 15:49:59.992458][I][queryEx] E6640A => VSA
[2020/07/31 15:49:59.996464][I][writeEx] E6640A <= :CONFigure:DDEMod
[2020/07/31 15:50:00.302519][I][queryEx] E6640A <= *OPC?
[2020/07/31 15:50:00.485630][I][queryEx] E6640A => 1
[2020/07/31 15:50:00.495941][I][init_Zigbee_Mode] Initial Zigbee mode
[2020/07/31 15:50:00.504781][I][writeEx] E6640A <= :DDEM:STAN:PRES ZIGBEE2450
[2020/07/31 15:50:00.812190][I][queryEx] E6640A <= *OPC?
[2020/07/31 15:50:00.820104][I][queryEx] E6640A => 1
[2020/07/31 15:50:00.824119][I][set_Continue] Set continue
[2020/07/31 15:50:00.827128][I][writeEx] E6640A <= :INIT:CONT ON
[2020/07/31 15:50:00.830142][I][set_Freq] Set frequence
[2020/07/31 15:50:00.833143][I][writeEx] E6640A <= :FREQuency:CENTer 2425.0 MHz
[2020/07/31 15:50:00.837184][I][set_XScale_Span] Set frequence span
[2020/07/31 15:50:00.840227][I][writeEx] E6640A <= :FREQuency:SPAN 10000.000000 KHZ
[2020/07/31 15:50:00.842199][I][set_Power_Range] Get power range
[2020/07/31 15:50:00.845556][I][writeEx] E6640A <= :POW:RANG 20.000000
[2020/07/31 15:50:00.848375][I][set_Symbol_Rate] Get symbol rate
[2020/07/31 15:50:00.850686][I][writeEx] E6640A <= :DDEMod:SRATe 1000.000000 kHz
[2020/07/31 15:50:00.852695][I][set_Meas_Interval] Get meas interval
[2020/07/31 15:50:00.856057][I][writeEx] E6640A <= :DDEMod:SWEep:POINts 500
[2020/07/31 15:50:00.858064][I][set_Zigbee_TX_BandPower] Set marker function
[2020/07/31 15:50:00.861108][I][writeEx] E6640A <= CALC:DDEMod:MARK1:MODE POS
[2020/07/31 15:50:00.864082][I][writeEx] E6640A <= CALC:DDEMod:MARK1:TRAC 2
[2020/07/31 15:50:00.866903][I][writeEx] E6640A <= CALC:DDEMod:MARK1:FUNC BPOW
[2020/07/31 15:50:00.868910][I][writeEx] E6640A <= CALC:DDEMod:MARK1:FUNC:BPOW:CTYP MEAN
[2020/07/31 15:50:00.871918][I][writeEx] E6640A <= CALC:DDEMod:MARK1:FUNC:BAND:CENT 2425000000.000000
[2020/07/31 15:50:01.176696][I][queryEx] E6640A <= *OPC?
[2020/07/31 15:50:01.188177][I][queryEx] E6640A => 1
[2020/07/31 15:50:01.194197][I][queryEx] E6640A <= CALC:DDEMod:MARK1:FUNC:BAND:CENT?
[2020/07/31 15:50:01.199526][I][queryEx] E6640A => 2.425000000E+09
[2020/07/31 15:50:01.202081][I][writeEx] E6640A <= CALC:DDEMod:MARK1:FUNC:BAND:SPAN 10000000.000000
[2020/07/31 15:50:01.507176][I][queryEx] E6640A <= *OPC?
[2020/07/31 15:50:01.516347][I][queryEx] E6640A => 1
[2020/07/31 15:50:01.520240][I][set_Trigger_Video] Set trigger video
[2020/07/31 15:50:01.523248][I][writeEx] E6640A <= TRIG:DDEM:SOUR VID
[2020/07/31 15:50:01.826870][I][queryEx] E6640A <= *OPC?
[2020/07/31 15:50:01.835574][I][queryEx] E6640A => 1
[2020/07/31 15:50:01.841839][I][set_Trigger_Level] Set trigger level
[2020/07/31 15:50:01.846545][I][writeEx] E6640A <= :TRIGger:VIDeo:LEVel 30.000000 mV
[2020/07/31 15:50:01.851562][I][set_Trigger_Delay] Set trigger delay
[2020/07/31 15:50:01.855573][I][writeEx] E6640A <= :TRIGger:VIDeo:DELay:STATe ON
[2020/07/31 15:50:01.859583][I][queryEx] E6640A <= :TRIGger:VIDeo:DELay:STATe?
[2020/07/31 15:50:01.919181][I][queryEx] E6640A => 1
[2020/07/31 15:50:01.924225][I][writeEx] E6640A <= :TRIGger:VIDeo:DELay:STATe ON
[2020/07/31 15:50:01.927235][I][writeEx] E6640A <= :TRIGger:VIDeo:DELay 0.300000 ms
[2020/07/31 15:50:01.932225][I][init_Trigger_Reg] Initial trigger status register
[2020/07/31 15:50:01.936256][I][writeEx] E6640A <= *CLS
[2020/07/31 15:50:01.939245][I][writeEx] E6640A <= :STATus:PRESet
[2020/07/31 15:50:01.943426][I][writeEx] E6640A <= *SRE 192
[2020/07/31 15:50:01.946456][I][writeEx] E6640A <= :STATus:OPERation:ENABle 32
[2020/07/31 15:50:01.949446][I][writeEx] E6640A <= *CLS
[2020/07/31 15:50:01.953455][I][queryEx] E6640A <= *STB?
[2020/07/31 15:50:02.003411][I][queryEx] E6640A => 0
[2020/07/31 15:50:02.007425][I][init_Trigger_Reg] Status: 0
[2020/07/31 15:50:10.947371][I][chk_Tx_Result] Check Tx result
[2020/07/31 15:50:10.960406][I][get_Trigger_Status] Get trigger status
[2020/07/31 15:50:10.967504][I][queryEx] E6640A <= *STB?
[2020/07/31 15:50:10.972915][I][queryEx] E6640A => 192
[2020/07/31 15:50:10.977164][I][get_Trigger_Status] Status: 192
[2020/07/31 15:50:10.980174]Is triggered!
[2020/07/31 15:50:10.983183][I][writeEx] E6640A <= *CLS
[2020/07/31 15:50:10.986845][I][set_Continue] Set continue
[2020/07/31 15:50:10.989908][I][writeEx] E6640A <= :INIT:CONT ON
[2020/07/31 15:50:11.094371][I][set_Single] Set single
[2020/07/31 15:50:11.107447][I][writeEx] E6640A <= :INIT:CONT OFF
[2020/07/31 15:50:11.117314][I][set_Zigbee_TX_BandPower] Set marker function
[2020/07/31 15:50:11.124341][I][writeEx] E6640A <= CALC:DDEMod:MARK1:MODE POS
[2020/07/31 15:50:11.129355][I][writeEx] E6640A <= CALC:DDEMod:MARK1:TRAC 2
[2020/07/31 15:50:11.133415][I][writeEx] E6640A <= CALC:DDEMod:MARK1:FUNC BPOW
[2020/07/31 15:50:11.137376][I][writeEx] E6640A <= CALC:DDEMod:MARK1:FUNC:BPOW:CTYP MEAN
[2020/07/31 15:50:11.141403][I][writeEx] E6640A <= CALC:DDEMod:MARK1:FUNC:BAND:CENT 2425000000.000000
[2020/07/31 15:50:11.445911][I][queryEx] E6640A <= *OPC?
[2020/07/31 15:50:11.461981][I][queryEx] E6640A => 1
[2020/07/31 15:50:11.471013][I][queryEx] E6640A <= CALC:DDEMod:MARK1:FUNC:BAND:CENT?
[2020/07/31 15:50:11.480136][I][queryEx] E6640A => 2.425000000E+09
[2020/07/31 15:50:11.485776][I][writeEx] E6640A <= CALC:DDEMod:MARK1:FUNC:BAND:SPAN 10000000.000000
[2020/07/31 15:50:11.790758][I][queryEx] E6640A <= *OPC?
[2020/07/31 15:50:11.801762][I][queryEx] E6640A => 1
[2020/07/31 15:50:11.805602][I][get_Power] Get Tx power
[2020/07/31 15:50:11.808613][I][queryEx] E6640A <= :CALC:DDEMod:MARK1:Y?
[2020/07/31 15:50:11.815752][I][queryEx] E6640A => 1.583729512E+00
[2020/07/31 15:50:11.819020][I][chk_Tx_Result] Tx power(add loss: 8.200000) = 9.784000 dBm
[2020/07/31 15:50:11.822613][I][read_DDEMod_Array] Read measurement result
[2020/07/31 15:50:11.825658][I][queryEx] E6640A <= :READ:DDEMod?
[2020/07/31 15:50:11.977612][I][queryEx] E6640A => 1.420246792E+01,3.990460587E+01,3.980000000E+02,3.394628286E+00,1.467941666E+01,3.980000000E+02,9.91E+37,9.91E+37,9.91E+37,5.306751132E-01,-9.948670864E-01,2.880000000E+02,1.155605507E+01,-3.280858994E+01,3.980000000E+02,2.288241797E+04,9.91E+37,9.91E+37,9.91E+37,9.91E+37,9.91E+37,-4.286613846E+01,9.91E+37,9.600077271E-01,1.212027669E-01,3.794416785E-01,9.91E+37,9.91E+37,9.91E+37,9.91E+37,9.91E+37,9.91E+37,9.91E+37,9.91E+37,9.91E+37,9.91E+37,9.91E+37,9.91E+37,9.91E+37,9.91E+37,9.91E+37,9.91E+37,9.91E+37,9.91E+37,9.91E+37,9.91E+37,9.91E+37,9.91E+37,9.91E+37,9.91E+37,9.91E+37,9.91E+37,9.91E+37,9.91E+37,9.91E+37,9.91E+37,9.91E+37,9.91E+37,9.91E+37,9.91E+37,9.91E+37,4.916234408E-03,-5.245778244E-03
[2020/07/31 15:50:11.991709][I][set_Continue] Set continue
[2020/07/31 15:50:12.001720][I][writeEx] E6640A <= :INIT:CONT ON
[2020/07/31 15:50:22.429501][I][chk_Tx_Result] Check Tx result
[2020/07/31 15:50:22.436529][I][get_Trigger_Status] Get trigger status
[2020/07/31 15:50:22.439546][I][queryEx] E6640A <= *STB?
[2020/07/31 15:50:22.446650][I][queryEx] E6640A => 192
[2020/07/31 15:50:22.449662][I][get_Trigger_Status] Status: 192
[2020/07/31 15:50:22.453706]Is triggered!
[2020/07/31 15:50:22.457683][I][writeEx] E6640A <= *CLS
[2020/07/31 15:50:22.461062][I][set_Continue] Set continue
[2020/07/31 15:50:22.464896][I][writeEx] E6640A <= :INIT:CONT ON
[2020/07/31 15:50:22.568730][I][set_Single] Set single
[2020/07/31 15:50:22.583782][I][writeEx] E6640A <= :INIT:CONT OFF
[2020/07/31 15:50:22.594805][I][set_Zigbee_TX_BandPower] Set marker function
[2020/07/31 15:50:22.601823][I][writeEx] E6640A <= CALC:DDEMod:MARK1:MODE POS
[2020/07/31 15:50:22.607517][I][writeEx] E6640A <= CALC:DDEMod:MARK1:TRAC 2
[2020/07/31 15:50:22.612534][I][writeEx] E6640A <= CALC:DDEMod:MARK1:FUNC BPOW
[2020/07/31 15:50:22.616849][I][writeEx] E6640A <= CALC:DDEMod:MARK1:FUNC:BPOW:CTYP MEAN
[2020/07/31 15:50:22.619859][I][writeEx] E6640A <= CALC:DDEMod:MARK1:FUNC:BAND:CENT 2425000000.000000
[2020/07/31 15:50:22.924902][I][queryEx] E6640A <= *OPC?
[2020/07/31 15:50:22.942977][I][queryEx] E6640A => 1
[2020/07/31 15:50:22.954027][I][queryEx] E6640A <= CALC:DDEMod:MARK1:FUNC:BAND:CENT?
[2020/07/31 15:50:22.963834][I][queryEx] E6640A => 2.425000000E+09
[2020/07/31 15:50:22.968852][I][writeEx] E6640A <= CALC:DDEMod:MARK1:FUNC:BAND:SPAN 10000000.000000
[2020/07/31 15:50:23.274465][I][queryEx] E6640A <= *OPC?
[2020/07/31 15:50:23.285838][I][queryEx] E6640A => 1
[2020/07/31 15:50:23.289866][I][get_Power] Get Tx power
[2020/07/31 15:50:23.292858][I][queryEx] E6640A <= :CALC:DDEMod:MARK1:Y?
[2020/07/31 15:50:23.300077][I][queryEx] E6640A => 4.232608190E-01
[2020/07/31 15:50:23.304092][I][chk_Tx_Result] Tx power(add loss: 8.200000) = 8.623000 dBm
[2020/07/31 15:50:23.307959][I][read_DDEMod_Array] Read measurement result
[2020/07/31 15:50:23.311590][I][queryEx] E6640A <= :READ:DDEMod?
[2020/07/31 15:50:23.458407][I][queryEx] E6640A => 1.431622505E+01,4.097198486E+01,6.700000000E+01,3.512857199E+00,1.402810669E+01,6.700000000E+01,9.91E+37,9.91E+37,9.91E+37,6.784741879E-01,-1.263642311E+00,5.300000000E+01,1.164484882E+01,-3.362285995E+01,6.700000000E+01,2.280818164E+04,9.91E+37,9.91E+37,9.91E+37,9.91E+37,9.91E+37,-4.059836578E+01,9.91E+37,9.593359232E-01,1.358032376E-01,3.849720955E-01,9.91E+37,9.91E+37,9.91E+37,9.91E+37,9.91E+37,9.91E+37,9.91E+37,9.91E+37,9.91E+37,9.91E+37,9.91E+37,9.91E+37,9.91E+37,9.91E+37,9.91E+37,9.91E+37,9.91E+37,9.91E+37,9.91E+37,9.91E+37,9.91E+37,9.91E+37,9.91E+37,9.91E+37,9.91E+37,9.91E+37,9.91E+37,9.91E+37,9.91E+37,9.91E+37,9.91E+37,9.91E+37,9.91E+37,9.91E+37,9.91E+37,6.187892519E-03,-6.988502108E-03
[2020/07/31 15:50:23.473440][I][set_Continue] Set continue
[2020/07/31 15:50:23.483522][I][writeEx] E6640A <= :INIT:CONT ON
[2020/07/31 15:50:24.955886][I][set_Preset] System reset
[2020/07/31 15:50:24.959042][I][writeEx] E6640A <= *RST
[2020/07/31 15:50:24.962105][I][writeEx] E6640A <= *CLS
[2020/07/31 15:50:24.966063][I][writeEx] E6640A <= SYST:PRES
[2020/07/31 15:50:25.271137][I][queryEx] E6640A <= *OPC?
[2020/07/31 15:50:26.213918][I][queryEx] E6640A => 1
[2020/07/31 15:50:26.228731][I][set_Tx_Start] Set Tx start
[2020/07/31 15:50:26.231740][I][set_RFI_Port] Set input port
[2020/07/31 15:50:26.235563][I][writeEx] E6640A <= :FEED:RF:PORT:INPut RFIO1
[2020/07/31 15:50:26.238578][I][queryEx] E6640A <= :FEED:RF:PORT:INPut?
[2020/07/31 15:50:26.244701][I][queryEx] E6640A => RFIO1
[2020/07/31 15:50:26.247712][I][set_Modulation_Analysis] Set measurement function
[2020/07/31 15:50:26.250719][I][writeEx] E6640A <= INST:SEL VSA
[2020/07/31 15:50:26.556334][I][queryEx] E6640A <= *OPC?
[2020/07/31 15:50:26.566569][I][queryEx] E6640A => 1
[2020/07/31 15:50:26.570874][I][queryEx] E6640A <= INST:SEL?
[2020/07/31 15:50:26.576148][I][queryEx] E6640A => VSA
[2020/07/31 15:50:26.579932][I][writeEx] E6640A <= :CONFigure:DDEMod
[2020/07/31 15:50:26.884339][I][queryEx] E6640A <= *OPC?
[2020/07/31 15:50:27.066709][I][queryEx] E6640A => 1
[2020/07/31 15:50:27.081679][I][init_Zigbee_Mode] Initial Zigbee mode
[2020/07/31 15:50:27.091749][I][writeEx] E6640A <= :DDEM:STAN:PRES ZIGBEE2450
[2020/07/31 15:50:27.399298][I][queryEx] E6640A <= *OPC?
[2020/07/31 15:50:27.410382][I][queryEx] E6640A => 1
[2020/07/31 15:50:27.418356][I][set_Continue] Set continue
[2020/07/31 15:50:27.425418][I][writeEx] E6640A <= :INIT:CONT ON
[2020/07/31 15:50:27.431405][I][set_Freq] Set frequence
[2020/07/31 15:50:27.436418][I][writeEx] E6640A <= :FREQuency:CENTer 2455.0 MHz
[2020/07/31 15:50:27.440449][I][set_XScale_Span] Set frequence span
[2020/07/31 15:50:27.445034][I][writeEx] E6640A <= :FREQuency:SPAN 10000.000000 KHZ
[2020/07/31 15:50:27.448292][I][set_Power_Range] Get power range
[2020/07/31 15:50:27.451302][I][writeEx] E6640A <= :POW:RANG 20.000000
[2020/07/31 15:50:27.455328][I][set_Symbol_Rate] Get symbol rate
[2020/07/31 15:50:27.458358][I][writeEx] E6640A <= :DDEMod:SRATe 1000.000000 kHz
[2020/07/31 15:50:27.462331][I][set_Meas_Interval] Get meas interval
[2020/07/31 15:50:27.465380][I][writeEx] E6640A <= :DDEMod:SWEep:POINts 500
[2020/07/31 15:50:27.468347][I][set_Zigbee_TX_BandPower] Set marker function
[2020/07/31 15:50:27.472371][I][writeEx] E6640A <= CALC:DDEMod:MARK1:MODE POS
[2020/07/31 15:50:27.475401][I][writeEx] E6640A <= CALC:DDEMod:MARK1:TRAC 2
[2020/07/31 15:50:27.479376][I][writeEx] E6640A <= CALC:DDEMod:MARK1:FUNC BPOW
[2020/07/31 15:50:27.482422][I][writeEx] E6640A <= CALC:DDEMod:MARK1:FUNC:BPOW:CTYP MEAN
[2020/07/31 15:50:27.486395][I][writeEx] E6640A <= CALC:DDEMod:MARK1:FUNC:BAND:CENT 2455000000.000000
[2020/07/31 15:50:27.792498][I][queryEx] E6640A <= *OPC?
[2020/07/31 15:50:27.803627][I][queryEx] E6640A => 1
[2020/07/31 15:50:27.807614][I][queryEx] E6640A <= CALC:DDEMod:MARK1:FUNC:BAND:CENT?
[2020/07/31 15:50:27.813674][I][queryEx] E6640A => 2.455000000E+09
[2020/07/31 15:50:27.817788][I][writeEx] E6640A <= CALC:DDEMod:MARK1:FUNC:BAND:SPAN 10000000.000000
[2020/07/31 15:50:28.122598][I][queryEx] E6640A <= *OPC?
[2020/07/31 15:50:28.131565][I][queryEx] E6640A => 1
[2020/07/31 15:50:28.135574][I][set_Trigger_Video] Set trigger video
[2020/07/31 15:50:28.138582][I][writeEx] E6640A <= TRIG:DDEM:SOUR VID
[2020/07/31 15:50:28.444846][I][queryEx] E6640A <= *OPC?
[2020/07/31 15:50:28.454254][I][queryEx] E6640A => 1
[2020/07/31 15:50:28.458974][I][set_Trigger_Level] Set trigger level
[2020/07/31 15:50:28.462121][I][writeEx] E6640A <= :TRIGger:VIDeo:LEVel 30.000000 mV
[2020/07/31 15:50:28.465131][I][set_Trigger_Delay] Set trigger delay
[2020/07/31 15:50:28.469181][I][writeEx] E6640A <= :TRIGger:VIDeo:DELay:STATe ON
[2020/07/31 15:50:28.473026][I][queryEx] E6640A <= :TRIGger:VIDeo:DELay:STATe?
[2020/07/31 15:50:28.533657][I][queryEx] E6640A => 1
[2020/07/31 15:50:28.539678][I][writeEx] E6640A <= :TRIGger:VIDeo:DELay:STATe ON
[2020/07/31 15:50:28.544741][I][writeEx] E6640A <= :TRIGger:VIDeo:DELay 0.300000 ms
[2020/07/31 15:50:28.549797][I][init_Trigger_Reg] Initial trigger status register
[2020/07/31 15:50:28.555776][I][writeEx] E6640A <= *CLS
[2020/07/31 15:50:28.561023][I][writeEx] E6640A <= :STATus:PRESet
[2020/07/31 15:50:28.565142][I][writeEx] E6640A <= *SRE 192
[2020/07/31 15:50:28.569156][I][writeEx] E6640A <= :STATus:OPERation:ENABle 32
[2020/07/31 15:50:28.573167][I][writeEx] E6640A <= *CLS
[2020/07/31 15:50:28.576174][I][queryEx] E6640A <= *STB?
[2020/07/31 15:50:28.616921][I][queryEx] E6640A => 0
[2020/07/31 15:50:28.621732][I][init_Trigger_Reg] Status: 0
[2020/07/31 15:50:37.617078][I][chk_Tx_Result] Check Tx result
[2020/07/31 15:50:37.622118][I][get_Trigger_Status] Get trigger status
[2020/07/31 15:50:37.626102][I][queryEx] E6640A <= *STB?
[2020/07/31 15:50:37.631784][I][queryEx] E6640A => 192
[2020/07/31 15:50:37.636388][I][get_Trigger_Status] Status: 192
[2020/07/31 15:50:37.639397]Is triggered!
[2020/07/31 15:50:37.642405][I][writeEx] E6640A <= *CLS
[2020/07/31 15:50:37.646415][I][set_Continue] Set continue
[2020/07/31 15:50:37.650427][I][writeEx] E6640A <= :INIT:CONT ON
[2020/07/31 15:50:37.755281][I][set_Single] Set single
[2020/07/31 15:50:37.770325][I][writeEx] E6640A <= :INIT:CONT OFF
[2020/07/31 15:50:37.780501][I][set_Zigbee_TX_BandPower] Set marker function
[2020/07/31 15:50:37.787525][I][writeEx] E6640A <= CALC:DDEMod:MARK1:MODE POS
[2020/07/31 15:50:37.792576][I][writeEx] E6640A <= CALC:DDEMod:MARK1:TRAC 2
[2020/07/31 15:50:37.797862][I][writeEx] E6640A <= CALC:DDEMod:MARK1:FUNC BPOW
[2020/07/31 15:50:37.801649][I][writeEx] E6640A <= CALC:DDEMod:MARK1:FUNC:BPOW:CTYP MEAN
[2020/07/31 15:50:37.805919][I][writeEx] E6640A <= CALC:DDEMod:MARK1:FUNC:BAND:CENT 2455000000.000000
[2020/07/31 15:50:38.110757][I][queryEx] E6640A <= *OPC?
[2020/07/31 15:50:38.120803][I][queryEx] E6640A => 1
[2020/07/31 15:50:38.124782][I][queryEx] E6640A <= CALC:DDEMod:MARK1:FUNC:BAND:CENT?
[2020/07/31 15:50:38.130587][I][queryEx] E6640A => 2.455000000E+09
[2020/07/31 15:50:38.134602][I][writeEx] E6640A <= CALC:DDEMod:MARK1:FUNC:BAND:SPAN 10000000.000000
[2020/07/31 15:50:38.440754][I][queryEx] E6640A <= *OPC?
[2020/07/31 15:50:38.459406][I][queryEx] E6640A => 1
[2020/07/31 15:50:38.471389][I][get_Power] Get Tx power
[2020/07/31 15:50:38.477452][I][queryEx] E6640A <= :CALC:DDEMod:MARK1:Y?
[2020/07/31 15:50:38.486469][I][queryEx] E6640A => 1.146938612E+00
[2020/07/31 15:50:38.490473][I][chk_Tx_Result] Tx power(add loss: 8.900000) = 10.047000 dBm
[2020/07/31 15:50:38.494451][I][read_DDEMod_Array] Read measurement result
[2020/07/31 15:50:38.498502][I][queryEx] E6640A <= :READ:DDEMod?
[2020/07/31 15:50:38.762521][I][queryEx] E6640A => 1.366857910E+01,3.693801117E+01,2.910000000E+02,2.982846498E+00,1.197245789E+01,2.910000000E+02,9.91E+37,9.91E+37,9.91E+37,3.282088637E-01,-1.008385420E+00,1.990000000E+02,1.112052155E+01,3.025525856E+01,2.910000000E+02,2.304921680E+04,9.91E+37,9.91E+37,9.91E+37,9.91E+37,9.91E+37,-4.926112747E+01,9.91E+37,9.629684091E-01,3.121019527E-02,3.435499966E-01,9.91E+37,9.91E+37,9.91E+37,9.91E+37,9.91E+37,9.91E+37,9.91E+37,9.91E+37,9.91E+37,9.91E+37,9.91E+37,9.91E+37,9.91E+37,9.91E+37,9.91E+37,9.91E+37,9.91E+37,9.91E+37,9.91E+37,9.91E+37,9.91E+37,9.91E+37,9.91E+37,9.91E+37,9.91E+37,9.91E+37,9.91E+37,9.91E+37,9.91E+37,9.91E+37,9.91E+37,9.91E+37,9.91E+37,9.91E+37,9.91E+37,3.431529505E-03,-2.814662294E-04
[2020/07/31 15:50:38.770535][I][set_Continue] Set continue
[2020/07/31 15:50:38.774819][I][writeEx] E6640A <= :INIT:CONT ON
[2020/07/31 15:50:49.235779][I][chk_Tx_Result] Check Tx result
[2020/07/31 15:50:49.242838][I][get_Trigger_Status] Get trigger status
[2020/07/31 15:50:49.246661][I][queryEx] E6640A <= *STB?
[2020/07/31 15:50:49.252944][I][queryEx] E6640A => 192
[2020/07/31 15:50:49.257893][I][get_Trigger_Status] Status: 192
[2020/07/31 15:50:49.260903]Is triggered!
[2020/07/31 15:50:49.264914][I][writeEx] E6640A <= *CLS
[2020/07/31 15:50:49.268746][I][set_Continue] Set continue
[2020/07/31 15:50:49.272814][I][writeEx] E6640A <= :INIT:CONT ON
[2020/07/31 15:50:49.377028][I][set_Single] Set single
[2020/07/31 15:50:49.394077][I][writeEx] E6640A <= :INIT:CONT OFF
[2020/07/31 15:50:49.403094][I][set_Zigbee_TX_BandPower] Set marker function
[2020/07/31 15:50:49.409045][I][writeEx] E6640A <= CALC:DDEMod:MARK1:MODE POS
[2020/07/31 15:50:49.414062][I][writeEx] E6640A <= CALC:DDEMod:MARK1:TRAC 2
[2020/07/31 15:50:49.419055][I][writeEx] E6640A <= CALC:DDEMod:MARK1:FUNC BPOW
[2020/07/31 15:50:49.423111][I][writeEx] E6640A <= CALC:DDEMod:MARK1:FUNC:BPOW:CTYP MEAN
[2020/07/31 15:50:49.426077][I][writeEx] E6640A <= CALC:DDEMod:MARK1:FUNC:BAND:CENT 2455000000.000000
[2020/07/31 15:50:49.732002][I][queryEx] E6640A <= *OPC?
[2020/07/31 15:50:49.742654][I][queryEx] E6640A => 1
[2020/07/31 15:50:49.747665][I][queryEx] E6640A <= CALC:DDEMod:MARK1:FUNC:BAND:CENT?
[2020/07/31 15:50:49.753168][I][queryEx] E6640A => 2.455000000E+09
[2020/07/31 15:50:49.758187][I][writeEx] E6640A <= CALC:DDEMod:MARK1:FUNC:BAND:SPAN 10000000.000000
[2020/07/31 15:50:50.063130][I][queryEx] E6640A <= *OPC?
[2020/07/31 15:50:50.072305][I][queryEx] E6640A => 1
[2020/07/31 15:50:50.076359][I][get_Power] Get Tx power
[2020/07/31 15:50:50.079325][I][queryEx] E6640A <= :CALC:DDEMod:MARK1:Y?
[2020/07/31 15:50:50.085581][I][queryEx] E6640A => 2.373343818E-02
[2020/07/31 15:50:50.089218][I][chk_Tx_Result] Tx power(add loss: 8.900000) = 8.924000 dBm
[2020/07/31 15:50:50.093352][I][read_DDEMod_Array] Read measurement result
[2020/07/31 15:50:50.096362][I][queryEx] E6640A <= :READ:DDEMod?
[2020/07/31 15:50:50.352980][I][queryEx] E6640A => 1.362329006E+01,3.627088928E+01,2.780000000E+02,3.037859201E+00,1.168365955E+01,2.780000000E+02,9.91E+37,9.91E+37,9.91E+37,3.294129074E-01,-9.278118610E-01,3.090000000E+02,1.108433533E+01,2.983379555E+01,2.780000000E+02,2.304743555E+04,9.91E+37,9.91E+37,9.91E+37,9.91E+37,9.91E+37,-4.948606873E+01,9.91E+37,9.632225037E-01,-1.771742245E-03,3.472607732E-01,9.91E+37,9.91E+37,9.91E+37,9.91E+37,9.91E+37,9.91E+37,9.91E+37,9.91E+37,9.91E+37,9.91E+37,9.91E+37,9.91E+37,9.91E+37,9.91E+37,9.91E+37,9.91E+37,9.91E+37,9.91E+37,9.91E+37,9.91E+37,9.91E+37,9.91E+37,9.91E+37,9.91E+37,9.91E+37,9.91E+37,9.91E+37,9.91E+37,9.91E+37,9.91E+37,9.91E+37,9.91E+37,9.91E+37,9.91E+37,9.91E+37,2.672114642E-03,-2.028801246E-03
[2020/07/31 15:50:50.360989][I][set_Continue] Set continue
[2020/07/31 15:50:50.365385][I][writeEx] E6640A <= :INIT:CONT ON
[2020/07/31 15:50:51.826030][I][set_Preset] System reset
[2020/07/31 15:50:51.829046][I][writeEx] E6640A <= *RST
[2020/07/31 15:50:51.833082][I][writeEx] E6640A <= *CLS
[2020/07/31 15:50:51.837066][I][writeEx] E6640A <= SYST:PRES
[2020/07/31 15:50:52.142584][I][queryEx] E6640A <= *OPC?
[2020/07/31 15:50:53.069972][I][queryEx] E6640A => 1
[2020/07/31 15:50:53.102254][I][set_Tx_Start] Set Tx start
[2020/07/31 15:50:53.107535][I][set_RFI_Port] Set input port
[2020/07/31 15:50:53.112552][I][writeEx] E6640A <= :FEED:RF:PORT:INPut RFIO1
[2020/07/31 15:50:53.116972][I][queryEx] E6640A <= :FEED:RF:PORT:INPut?
[2020/07/31 15:50:53.123618][I][queryEx] E6640A => RFIO1
[2020/07/31 15:50:53.127631][I][set_Modulation_Analysis] Set measurement function
[2020/07/31 15:50:53.131693][I][writeEx] E6640A <= INST:SEL VSA
[2020/07/31 15:50:53.436988][I][queryEx] E6640A <= *OPC?
[2020/07/31 15:50:53.456037][I][queryEx] E6640A => 1
[2020/07/31 15:50:53.468029][I][queryEx] E6640A <= INST:SEL?
[2020/07/31 15:50:53.477018][I][queryEx] E6640A => VSA
[2020/07/31 15:50:53.483038][I][writeEx] E6640A <= :CONFigure:DDEMod
[2020/07/31 15:50:53.788897][I][queryEx] E6640A <= *OPC?
[2020/07/31 15:50:53.970717][I][queryEx] E6640A => 1
[2020/07/31 15:50:53.986804][I][init_Zigbee_Mode] Initial Zigbee mode
[2020/07/31 15:50:53.995778][I][writeEx] E6640A <= :DDEM:STAN:PRES ZIGBEE2450
[2020/07/31 15:50:54.304250][I][queryEx] E6640A <= *OPC?
[2020/07/31 15:50:54.313871][I][queryEx] E6640A => 1
[2020/07/31 15:50:54.318973][I][set_Continue] Set continue
[2020/07/31 15:50:54.322601][I][writeEx] E6640A <= :INIT:CONT ON
[2020/07/31 15:50:54.326614][I][set_Freq] Set frequence
[2020/07/31 15:50:54.329622][I][writeEx] E6640A <= :FREQuency:CENTer 2470.0 MHz
[2020/07/31 15:50:54.333676][I][set_XScale_Span] Set frequence span
[2020/07/31 15:50:54.338646][I][writeEx] E6640A <= :FREQuency:SPAN 10000.000000 KHZ
[2020/07/31 15:50:54.342588][I][set_Power_Range] Get power range
[2020/07/31 15:50:54.346320][I][writeEx] E6640A <= :POW:RANG 20.000000
[2020/07/31 15:50:54.349333][I][set_Symbol_Rate] Get symbol rate
[2020/07/31 15:50:54.353340][I][writeEx] E6640A <= :DDEMod:SRATe 1000.000000 kHz
[2020/07/31 15:50:54.357390][I][set_Meas_Interval] Get meas interval
[2020/07/31 15:50:54.360359][I][writeEx] E6640A <= :DDEMod:SWEep:POINts 500
[2020/07/31 15:50:54.364483][I][set_Zigbee_TX_BandPower] Set marker function
[2020/07/31 15:50:54.368497][I][writeEx] E6640A <= CALC:DDEMod:MARK1:MODE POS
[2020/07/31 15:50:54.372287][I][writeEx] E6640A <= CALC:DDEMod:MARK1:TRAC 2
[2020/07/31 15:50:54.377304][I][writeEx] E6640A <= CALC:DDEMod:MARK1:FUNC BPOW
[2020/07/31 15:50:54.381326][I][writeEx] E6640A <= CALC:DDEMod:MARK1:FUNC:BPOW:CTYP MEAN
[2020/07/31 15:50:54.385571][I][writeEx] E6640A <= CALC:DDEMod:MARK1:FUNC:BAND:CENT 2470000000.000000
[2020/07/31 15:50:54.690727][I][queryEx] E6640A <= *OPC?
[2020/07/31 15:50:54.701758][I][queryEx] E6640A => 1
[2020/07/31 15:50:54.705770][I][queryEx] E6640A <= CALC:DDEMod:MARK1:FUNC:BAND:CENT?
[2020/07/31 15:50:54.712791][I][queryEx] E6640A => 2.470000000E+09
[2020/07/31 15:50:54.716799][I][writeEx] E6640A <= CALC:DDEMod:MARK1:FUNC:BAND:SPAN 10000000.000000
[2020/07/31 15:50:55.022695][I][queryEx] E6640A <= *OPC?
[2020/07/31 15:50:55.034771][I][queryEx] E6640A => 1
[2020/07/31 15:50:55.039788][I][set_Trigger_Video] Set trigger video
[2020/07/31 15:50:55.043691][I][writeEx] E6640A <= TRIG:DDEM:SOUR VID
[2020/07/31 15:50:55.349709][I][queryEx] E6640A <= *OPC?
[2020/07/31 15:50:55.360116][I][queryEx] E6640A => 1
[2020/07/31 15:50:55.364136][I][set_Trigger_Level] Set trigger level
[2020/07/31 15:50:55.368510][I][writeEx] E6640A <= :TRIGger:VIDeo:LEVel 30.000000 mV
[2020/07/31 15:50:55.372053][I][set_Trigger_Delay] Set trigger delay
[2020/07/31 15:50:55.377069][I][writeEx] E6640A <= :TRIGger:VIDeo:DELay:STATe ON
[2020/07/31 15:50:55.382088][I][queryEx] E6640A <= :TRIGger:VIDeo:DELay:STATe?
[2020/07/31 15:50:55.437225][I][queryEx] E6640A => 1
[2020/07/31 15:50:55.442535][I][writeEx] E6640A <= :TRIGger:VIDeo:DELay:STATe ON
[2020/07/31 15:50:55.446547][I][writeEx] E6640A <= :TRIGger:VIDeo:DELay 0.300000 ms
[2020/07/31 15:50:55.451562][I][init_Trigger_Reg] Initial trigger status register
[2020/07/31 15:50:55.455571][I][writeEx] E6640A <= *CLS
[2020/07/31 15:50:55.459582][I][writeEx] E6640A <= :STATus:PRESet
[2020/07/31 15:50:55.463592][I][writeEx] E6640A <= *SRE 192
[2020/07/31 15:50:55.467623][I][writeEx] E6640A <= :STATus:OPERation:ENABle 32
[2020/07/31 15:50:55.471626][I][writeEx] E6640A <= *CLS
[2020/07/31 15:50:55.475352][I][queryEx] E6640A <= *STB?
[2020/07/31 15:50:55.519495][I][queryEx] E6640A => 0
[2020/07/31 15:50:55.524514][I][init_Trigger_Reg] Status: 0
[2020/07/31 15:51:04.547374][I][chk_Tx_Result] Check Tx result
[2020/07/31 15:51:04.563501][I][get_Trigger_Status] Get trigger status
[2020/07/31 15:51:04.573581][I][queryEx] E6640A <= *STB?
[2020/07/31 15:51:04.583891][I][queryEx] E6640A => 192
[2020/07/31 15:51:04.588858][I][get_Trigger_Status] Status: 192
[2020/07/31 15:51:04.594485]Is triggered!
[2020/07/31 15:51:04.598499][I][writeEx] E6640A <= *CLS
[2020/07/31 15:51:04.603265][I][set_Continue] Set continue
[2020/07/31 15:51:04.607757][I][writeEx] E6640A <= :INIT:CONT ON
[2020/07/31 15:51:04.712813][I][set_Single] Set single
[2020/07/31 15:51:04.729057][I][writeEx] E6640A <= :INIT:CONT OFF
[2020/07/31 15:51:04.739107][I][set_Zigbee_TX_BandPower] Set marker function
[2020/07/31 15:51:04.746049][I][writeEx] E6640A <= CALC:DDEMod:MARK1:MODE POS
[2020/07/31 15:51:04.751103][I][writeEx] E6640A <= CALC:DDEMod:MARK1:TRAC 2
[2020/07/31 15:51:04.756116][I][writeEx] E6640A <= CALC:DDEMod:MARK1:FUNC BPOW
[2020/07/31 15:51:04.760089][I][writeEx] E6640A <= CALC:DDEMod:MARK1:FUNC:BPOW:CTYP MEAN
[2020/07/31 15:51:04.764099][I][writeEx] E6640A <= CALC:DDEMod:MARK1:FUNC:BAND:CENT 2470000000.000000
[2020/07/31 15:51:05.070610][I][queryEx] E6640A <= *OPC?
[2020/07/31 15:51:05.080629][I][queryEx] E6640A => 1
[2020/07/31 15:51:05.085196][I][queryEx] E6640A <= CALC:DDEMod:MARK1:FUNC:BAND:CENT?
[2020/07/31 15:51:05.091607][I][queryEx] E6640A => 2.470000000E+09
[2020/07/31 15:51:05.095620][I][writeEx] E6640A <= CALC:DDEMod:MARK1:FUNC:BAND:SPAN 10000000.000000
[2020/07/31 15:51:05.400416][I][queryEx] E6640A <= *OPC?
[2020/07/31 15:51:05.408011][I][queryEx] E6640A => 1
[2020/07/31 15:51:05.413028][I][get_Power] Get Tx power
[2020/07/31 15:51:05.417079][I][queryEx] E6640A <= :CALC:DDEMod:MARK1:Y?
[2020/07/31 15:51:05.424579][I][queryEx] E6640A => 1.571939557E+00
[2020/07/31 15:51:05.429588][I][chk_Tx_Result] Tx power(add loss: 8.800000) = 10.372000 dBm
[2020/07/31 15:51:05.433634][I][read_DDEMod_Array] Read measurement result
[2020/07/31 15:51:05.436607][I][queryEx] E6640A <= :READ:DDEMod?
[2020/07/31 15:51:05.703893][I][queryEx] E6640A => 1.513959503E+01,4.494217682E+01,2.560000000E+02,3.837158203E+00,1.728559685E+01,2.560000000E+02,9.91E+37,9.91E+37,9.91E+37,5.683954954E-01,-1.150006056E+00,4.230000000E+02,1.232646465E+01,3.685684204E+01,2.560000000E+02,2.315792969E+04,9.91E+37,9.91E+37,9.91E+37,9.91E+37,9.91E+37,-4.210270309E+01,9.91E+37,9.546106458E-01,1.648698151E-01,4.271960855E-01,9.91E+37,9.91E+37,9.91E+37,9.91E+37,9.91E+37,9.91E+37,9.91E+37,9.91E+37,9.91E+37,9.91E+37,9.91E+37,9.91E+37,9.91E+37,9.91E+37,9.91E+37,9.91E+37,9.91E+37,9.91E+37,9.91E+37,9.91E+37,9.91E+37,9.91E+37,9.91E+37,9.91E+37,9.91E+37,9.91E+37,9.91E+37,9.91E+37,9.91E+37,9.91E+37,9.91E+37,9.91E+37,9.91E+37,9.91E+37,9.91E+37,5.571382586E-03,-5.529992748E-03
[2020/07/31 15:51:05.711903][I][set_Continue] Set continue
[2020/07/31 15:51:05.715914][I][writeEx] E6640A <= :INIT:CONT ON
[2020/07/31 15:51:16.315399][I][chk_Tx_Result] Check Tx result
[2020/07/31 15:51:16.324621][I][get_Trigger_Status] Get trigger status
[2020/07/31 15:51:16.328281][I][queryEx] E6640A <= *STB?
[2020/07/31 15:51:16.334953][I][queryEx] E6640A => 192
[2020/07/31 15:51:16.338999][I][get_Trigger_Status] Status: 192
[2020/07/31 15:51:16.342009]Is triggered!
[2020/07/31 15:51:16.346398][I][writeEx] E6640A <= *CLS
[2020/07/31 15:51:16.349408][I][set_Continue] Set continue
[2020/07/31 15:51:16.353418][I][writeEx] E6640A <= :INIT:CONT ON
[2020/07/31 15:51:16.459512][I][set_Single] Set single
[2020/07/31 15:51:16.475590][I][writeEx] E6640A <= :INIT:CONT OFF
[2020/07/31 15:51:16.484669][I][set_Zigbee_TX_BandPower] Set marker function
[2020/07/31 15:51:16.490654][I][writeEx] E6640A <= CALC:DDEMod:MARK1:MODE POS
[2020/07/31 15:51:16.494644][I][writeEx] E6640A <= CALC:DDEMod:MARK1:TRAC 2
[2020/07/31 15:51:16.499061][I][writeEx] E6640A <= CALC:DDEMod:MARK1:FUNC BPOW
[2020/07/31 15:51:16.503111][I][writeEx] E6640A <= CALC:DDEMod:MARK1:FUNC:BPOW:CTYP MEAN
[2020/07/31 15:51:16.507086][I][writeEx] E6640A <= CALC:DDEMod:MARK1:FUNC:BAND:CENT 2470000000.000000
[2020/07/31 15:51:16.812872][I][queryEx] E6640A <= *OPC?
[2020/07/31 15:51:16.821937][I][queryEx] E6640A => 1
[2020/07/31 15:51:16.826894][I][queryEx] E6640A <= CALC:DDEMod:MARK1:FUNC:BAND:CENT?
[2020/07/31 15:51:16.833913][I][queryEx] E6640A => 2.470000000E+09
[2020/07/31 15:51:16.837922][I][writeEx] E6640A <= CALC:DDEMod:MARK1:FUNC:BAND:SPAN 10000000.000000
[2020/07/31 15:51:17.143816][I][queryEx] E6640A <= *OPC?
[2020/07/31 15:51:17.153042][I][queryEx] E6640A => 1
[2020/07/31 15:51:17.158410][I][get_Power] Get Tx power
[2020/07/31 15:51:17.161420][I][queryEx] E6640A <= :CALC:DDEMod:MARK1:Y?
[2020/07/31 15:51:17.168851][I][queryEx] E6640A => 4.316557701E-01
[2020/07/31 15:51:17.173841][I][chk_Tx_Result] Tx power(add loss: 8.800000) = 9.232000 dBm
[2020/07/31 15:51:17.176857][I][read_DDEMod_Array] Read measurement result
[2020/07/31 15:51:17.180862][I][queryEx] E6640A <= :READ:DDEMod?
[2020/07/31 15:51:17.323774][I][queryEx] E6640A => 1.455776405E+01,4.042219162E+01,2.550000000E+02,3.575445414E+00,1.386446762E+01,1.830000000E+02,9.91E+37,9.91E+37,9.91E+37,5.699131489E-01,-1.230520010E+00,1.660000000E+02,1.184457874E+01,-3.304833984E+01,3.300000000E+01,2.312826172E+04,9.91E+37,9.91E+37,9.91E+37,9.91E+37,9.91E+37,-4.231482697E+01,9.91E+37,9.579976797E-01,5.441034958E-02,4.311161637E-01,9.91E+37,9.91E+37,9.91E+37,9.91E+37,9.91E+37,9.91E+37,9.91E+37,9.91E+37,9.91E+37,9.91E+37,9.91E+37,9.91E+37,9.91E+37,9.91E+37,9.91E+37,9.91E+37,9.91E+37,9.91E+37,9.91E+37,9.91E+37,9.91E+37,9.91E+37,9.91E+37,9.91E+37,9.91E+37,9.91E+37,9.91E+37,9.91E+37,9.91E+37,9.91E+37,9.91E+37,9.91E+37,9.91E+37,9.91E+37,9.91E+37,3.457310144E-03,-6.835987326E-03
[2020/07/31 15:51:17.340883][I][set_Continue] Set continue
[2020/07/31 15:51:17.351858][I][writeEx] E6640A <= :INIT:CONT ON
[2020/07/31 15:51:18.821142][I][set_Preset] System reset
[2020/07/31 15:51:18.824151][I][writeEx] E6640A <= *RST
[2020/07/31 15:51:18.828162][I][writeEx] E6640A <= *CLS
[2020/07/31 15:51:18.832829][I][writeEx] E6640A <= SYST:PRES
[2020/07/31 15:51:19.138304][I][queryEx] E6640A <= *OPC?
[2020/07/31 15:51:20.069333][I][queryEx] E6640A => 1
[2020/07/31 15:51:20.106461][I][set_Rx_OneTone] Set Rx one tone
[2020/07/31 15:51:20.111701][I][set_RFO_Port] Set output port
[2020/07/31 15:51:20.115713][I][writeEx] E6640A <= :FEED:RF:PORT:OUTPut RFIO1
[2020/07/31 15:51:20.119724][I][queryEx] E6640A <= :FEED:RF:PORT:OUTPut?
[2020/07/31 15:51:20.126445][I][queryEx] E6640A => RFIO1
[2020/07/31 15:51:20.129455][I][set_OneTone_Freq] Set One Tone frequence
[2020/07/31 15:51:20.134327][I][writeEx] E6640A <= :SOUR:FREQ 2445.0 MHz
[2020/07/31 15:51:20.137336][I][set_OneTone_Power] Set One Tone power
[2020/07/31 15:51:20.141348][I][writeEx] E6640A <= :SOURce:POWer -16.1
[2020/07/31 15:51:29.525891][I][set_OneTone_Start] Set One Tone start
[2020/07/31 15:51:29.530947][I][writeEx] E6640A <= OUTP ON
[2020/07/31 15:51:34.624764][I][set_OneTone_Stop] Set One Tone stop
[2020/07/31 15:51:34.631058][I][writeEx] E6640A <= OUTP OFF
[2020/07/31 15:51:34.644126][I][set_Rx_OneTone] Set Rx one tone
[2020/07/31 15:51:34.648136][I][set_RFO_Port] Set output port
[2020/07/31 15:51:34.652173][I][writeEx] E6640A <= :FEED:RF:PORT:OUTPut RFIO1
[2020/07/31 15:51:34.656186][I][queryEx] E6640A <= :FEED:RF:PORT:OUTPut?
[2020/07/31 15:51:34.662442][I][queryEx] E6640A => RFIO1
[2020/07/31 15:51:34.666485][I][set_OneTone_Freq] Set One Tone frequence
[2020/07/31 15:51:34.669462][I][writeEx] E6640A <= :SOUR:FREQ 2445.0 MHz
[2020/07/31 15:51:34.673473][I][set_OneTone_Power] Set One Tone power
[2020/07/31 15:51:34.677483][I][writeEx] E6640A <= :SOURce:POWer -16.1
[2020/07/31 15:51:43.238692][I][set_OneTone_Start] Set One Tone start
[2020/07/31 15:51:43.242697][I][writeEx] E6640A <= OUTP ON
[2020/07/31 15:51:47.761267][I][set_OneTone_Stop] Set One Tone stop
[2020/07/31 15:51:47.765291][I][writeEx] E6640A <= OUTP OFF
[2020/07/31 15:51:47.968010][I][disconnect_E6640A] Disconnect E6640A
[2020/07/31 15:51:47.973182]========== End ==========
