[2021/11/22 19:59:15]========== Start ==========
[2021/11/22 19:59:15][I][main] Python 3.9.9 (tags/v3.9.9:ccb0e6a, Nov 15 2021, 18:08:50) [MSC v.1929 64 bit (AMD64)]
[2021/11/22 19:59:15][I][main] report.py 1.0.0.1
[2021/11/22 19:59:15][I][parseWIFI] Parse RSSI-MTK log: 7228101300001\SarLog_DynAnt.txt
[2021/11/22 19:59:15][I][parseWIFI] Parse RSSI-MTK log: 7228101400001\SarLog_DynAnt.txt
[2021/11/22 19:59:15][I][parseWIFI] Parse RSSI-MTK log: 7228101600001\SarLog_DynAnt.txt
[2021/11/22 19:59:15][I][parseWIFI] Parse RSSI-MTK log: 7228101700001\SarLog_DynAnt.txt
[2021/11/22 19:59:15][I][parseWIFI] Parse RSSI-MTK log: 7228101900001\SarLog_DynAnt.txt
[2021/11/22 19:59:15][I][parseWIFI] Parse RSSI-MTK log: 7228124100001\SarLog_DynAnt.txt
[2021/11/22 19:59:15][I][parseWIFI] Parse RSSI-MTK log: 7228124200002\SarLog_DynAnt.txt
[2021/11/22 19:59:15][I][parseWIFI] Parse RSSI-MTK log: 7228124200003\SarLog_DynAnt.txt
[2021/11/22 19:59:15][I][parseWIFI] Parse RSSI-MTK log: 7228124200004\SarLog_DynAnt.txt
[2021/11/22 19:59:15][I][parseWIFI] Parse RSSI-MTK log: 7228124200005\SarLog_DynAnt.txt
[2021/11/22 19:59:15][I][parseWIFI] Parse RSSI-MTK log: 7228124200006\SarLog_DynAnt.txt
[2021/11/22 19:59:15][I][parseWIFI] Parse RSSI-MTK log: 7228124200007\SarLog_DynAnt.txt
[2021/11/22 19:59:15][I][parseWIFI] Parse RSSI-MTK log: 7228124200008\SarLog_DynAnt.txt
[2021/11/22 19:59:15][I][parseWIFI] Parse RSSI-MTK log: 7228124200010\SarLog_DynAnt.txt
[2021/11/22 19:59:15]========== End ==========
[2021/11/22 20:04:54]========== Start ==========
[2021/11/22 20:04:54][I][main] Python 3.9.9 (tags/v3.9.9:ccb0e6a, Nov 15 2021, 18:08:50) [MSC v.1929 64 bit (AMD64)]
[2021/11/22 20:04:54][I][main] report.py 1.0.0.1
[2021/11/22 20:04:54][I][parseLog] ------- Start Parsing Log -------
[2021/11/22 20:04:54][I][parseRSSI_Intel] Parse RSSI-MTK log: 7224908800005\ITPM_RSSITest_A32.LOG
[2021/11/22 20:04:54][E][parseLog] Unexpected Error: not enough arguments for format string
[2021/11/22 20:04:54]========== End ==========
[2021/11/22 20:07:34]========== Start ==========
[2021/11/22 20:07:34][I][main] Python 3.9.9 (tags/v3.9.9:ccb0e6a, Nov 15 2021, 18:08:50) [MSC v.1929 64 bit (AMD64)]
[2021/11/22 20:07:34][I][main] report.py 1.0.0.1
[2021/11/22 20:07:34][I][parseLog] ------- Start Parsing Log -------
[2021/11/22 20:07:34][I][parseRSSI_Intel] Parse RSSI-MTK log: 7224908800005\ITPM_RSSITest_A32.LOG
[2021/11/22 20:07:34]
[W][ParseLog] Cannot find log: SarLog_DynAnt.txt by SN: 7224908800005

[2021/11/22 20:07:34][I][parseRSSI_Intel] Parse RSSI-MTK log: 7224908800006\ITPM_RSSITest_A32.LOG
[2021/11/22 20:07:34]
[W][ParseLog] Cannot find log: SarLog_DynAnt.txt by SN: 7224908800006

[2021/11/22 20:07:34][I][parseRSSI_Intel] Parse RSSI-MTK log: 7224908800007\ITPM_RSSITest_A32.LOG
[2021/11/22 20:07:34]
[W][ParseLog] Cannot find log: SarLog_DynAnt.txt by SN: 7224908800007

[2021/11/22 20:07:34][I][parseRSSI_Intel] Parse RSSI-MTK log: 7228101300001\ITPM_RSSITest_A32.LOG
[2021/11/22 20:07:34][I][parseWIFI] Parse RSSI-MTK log: 7228101300001\SarLog_DynAnt.txt
[2021/11/22 20:07:34][I][parseRSSI_Intel] Parse RSSI-MTK log: 7228101400001\ITPM_RSSITest_A32.LOG
[2021/11/22 20:07:34][I][parseWIFI] Parse RSSI-MTK log: 7228101400001\SarLog_DynAnt.txt
[2021/11/22 20:07:34][I][parseRSSI_Intel] Parse RSSI-MTK log: 7228101600001\ITPM_RSSITest_A32.LOG
[2021/11/22 20:07:34][I][parseWIFI] Parse RSSI-MTK log: 7228101600001\SarLog_DynAnt.txt
[2021/11/22 20:07:34][I][parseRSSI_Intel] Parse RSSI-MTK log: 7228101700001\ITPM_RSSITest_A32.LOG
[2021/11/22 20:07:34][I][parseWIFI] Parse RSSI-MTK log: 7228101700001\SarLog_DynAnt.txt
[2021/11/22 20:07:34][I][parseRSSI_Intel] Parse RSSI-MTK log: 7228101900001\ITPM_RSSITest_A32.LOG
[2021/11/22 20:07:34][I][parseWIFI] Parse RSSI-MTK log: 7228101900001\SarLog_DynAnt.txt
[2021/11/22 20:07:34][I][parseRSSI_Intel] Parse RSSI-MTK log: 7228124100001\ITPM_RSSITest_A32.LOG
[2021/11/22 20:07:34][I][parseWIFI] Parse RSSI-MTK log: 7228124100001\SarLog_DynAnt.txt
[2021/11/22 20:07:34][I][parseRSSI_Intel] Parse RSSI-MTK log: 7228124200002\ITPM_RSSITest_A32.LOG
[2021/11/22 20:07:34][I][parseWIFI] Parse RSSI-MTK log: 7228124200002\SarLog_DynAnt.txt
[2021/11/22 20:07:34][I][parseRSSI_Intel] Parse RSSI-MTK log: 7228124200003\ITPM_RSSITest_A32.LOG
[2021/11/22 20:07:34][I][parseWIFI] Parse RSSI-MTK log: 7228124200003\SarLog_DynAnt.txt
[2021/11/22 20:07:34][I][parseRSSI_Intel] Parse RSSI-MTK log: 7228124200004\ITPM_RSSITest_A32.LOG
[2021/11/22 20:07:34][I][parseWIFI] Parse RSSI-MTK log: 7228124200004\SarLog_DynAnt.txt
[2021/11/22 20:07:34][I][parseRSSI_Intel] Parse RSSI-MTK log: 7228124200005\ITPM_RSSITest_A32.LOG
[2021/11/22 20:07:34][I][parseWIFI] Parse RSSI-MTK log: 7228124200005\SarLog_DynAnt.txt
[2021/11/22 20:07:34][I][parseRSSI_Intel] Parse RSSI-MTK log: 7228124200006\ITPM_RSSITest_A32.LOG
[2021/11/22 20:07:34][I][parseWIFI] Parse RSSI-MTK log: 7228124200006\SarLog_DynAnt.txt
[2021/11/22 20:07:34][I][parseRSSI_Intel] Parse RSSI-MTK log: 7228124200007\ITPM_RSSITest_A32.LOG
[2021/11/22 20:07:34][I][parseWIFI] Parse RSSI-MTK log: 7228124200007\SarLog_DynAnt.txt
[2021/11/22 20:07:34][I][parseRSSI_Intel] Parse RSSI-MTK log: 7228124200008\ITPM_RSSITest_A32.LOG
[2021/11/22 20:07:34][I][parseWIFI] Parse RSSI-MTK log: 7228124200008\SarLog_DynAnt.txt
[2021/11/22 20:07:34][I][parseRSSI_Intel] Parse RSSI-MTK log: 7228124200010\ITPM_RSSITest_A32.LOG
[2021/11/22 20:07:34][I][parseWIFI] Parse RSSI-MTK log: 7228124200010\SarLog_DynAnt.txt
[2021/11/22 20:07:34][I][parseRSSI_MTK] Parse RSSI-MTK log: 7228979800008\MTKlog_7228979800008.LOG
[2021/11/22 20:07:34]
[W][ParseLog] Cannot find log: SarLog_DynAnt.txt by SN: 7228979800008

[2021/11/22 20:07:34][I][parseRSSI_MTK] Parse RSSI-MTK log: 7228979800009\MTKlog_7228979800009.LOG
[2021/11/22 20:07:34]
[W][ParseLog] Cannot find log: SarLog_DynAnt.txt by SN: 7228979800009

[2021/11/22 20:07:34][I][parseRSSI_MTK] Parse RSSI-MTK log: 7228979800010\MTKlog_7228979800010.LOG
[2021/11/22 20:07:34]
[W][ParseLog] Cannot find log: SarLog_DynAnt.txt by SN: 7228979800010

[2021/11/22 20:07:34][I][parseLog] ------- Finish Parsing Log -------
[2021/11/22 20:07:34]========== End ==========
[2021/11/22 20:08:18]========== Start ==========
[2021/11/22 20:08:18][I][main] Python 3.9.9 (tags/v3.9.9:ccb0e6a, Nov 15 2021, 18:08:50) [MSC v.1929 64 bit (AMD64)]
[2021/11/22 20:08:18][I][main] report.py 1.0.0.1
[2021/11/22 20:08:18][I][parseLog] ------- Start Parsing Log -------
[2021/11/22 20:08:18][I][parseRSSI_Intel] Parse RSSI-MTK log: 7224908800005\ITPM_RSSITest_A32.LOG
[2021/11/22 20:08:18]
[W][ParseLog] Cannot find log: SarLog_DynAnt.txt by SN: 7224908800005

[2021/11/22 20:08:18][I][parseRSSI_Intel] Parse RSSI-MTK log: 7224908800006\ITPM_RSSITest_A32.LOG
[2021/11/22 20:08:18]
[W][ParseLog] Cannot find log: SarLog_DynAnt.txt by SN: 7224908800006

[2021/11/22 20:08:18][I][parseRSSI_Intel] Parse RSSI-MTK log: 7224908800007\ITPM_RSSITest_A32.LOG
[2021/11/22 20:08:18]
[W][ParseLog] Cannot find log: SarLog_DynAnt.txt by SN: 7224908800007

[2021/11/22 20:08:18][I][parseRSSI_Intel] Parse RSSI-MTK log: 7228101300001\ITPM_RSSITest_A32.LOG
[2021/11/22 20:08:18][I][parseWIFI] Parse RSSI-MTK log: 7228101300001\SarLog_DynAnt.txt
[2021/11/22 20:08:18][I][parseRSSI_Intel] Parse RSSI-MTK log: 7228101400001\ITPM_RSSITest_A32.LOG
[2021/11/22 20:08:18][I][parseWIFI] Parse RSSI-MTK log: 7228101400001\SarLog_DynAnt.txt
[2021/11/22 20:08:18][I][parseRSSI_Intel] Parse RSSI-MTK log: 7228101600001\ITPM_RSSITest_A32.LOG
[2021/11/22 20:08:18][I][parseWIFI] Parse RSSI-MTK log: 7228101600001\SarLog_DynAnt.txt
[2021/11/22 20:08:18][I][parseRSSI_Intel] Parse RSSI-MTK log: 7228101700001\ITPM_RSSITest_A32.LOG
[2021/11/22 20:08:18][I][parseWIFI] Parse RSSI-MTK log: 7228101700001\SarLog_DynAnt.txt
[2021/11/22 20:08:18][I][parseRSSI_Intel] Parse RSSI-MTK log: 7228101900001\ITPM_RSSITest_A32.LOG
[2021/11/22 20:08:18][I][parseWIFI] Parse RSSI-MTK log: 7228101900001\SarLog_DynAnt.txt
[2021/11/22 20:08:18][I][parseRSSI_Intel] Parse RSSI-MTK log: 7228124100001\ITPM_RSSITest_A32.LOG
[2021/11/22 20:08:18][I][parseWIFI] Parse RSSI-MTK log: 7228124100001\SarLog_DynAnt.txt
[2021/11/22 20:08:18][I][parseRSSI_Intel] Parse RSSI-MTK log: 7228124200002\ITPM_RSSITest_A32.LOG
[2021/11/22 20:08:18][I][parseWIFI] Parse RSSI-MTK log: 7228124200002\SarLog_DynAnt.txt
[2021/11/22 20:08:18][I][parseRSSI_Intel] Parse RSSI-MTK log: 7228124200003\ITPM_RSSITest_A32.LOG
[2021/11/22 20:08:18][I][parseWIFI] Parse RSSI-MTK log: 7228124200003\SarLog_DynAnt.txt
[2021/11/22 20:08:18][I][parseRSSI_Intel] Parse RSSI-MTK log: 7228124200004\ITPM_RSSITest_A32.LOG
[2021/11/22 20:08:18][I][parseWIFI] Parse RSSI-MTK log: 7228124200004\SarLog_DynAnt.txt
[2021/11/22 20:08:18][I][parseRSSI_Intel] Parse RSSI-MTK log: 7228124200005\ITPM_RSSITest_A32.LOG
[2021/11/22 20:08:18][I][parseWIFI] Parse RSSI-MTK log: 7228124200005\SarLog_DynAnt.txt
[2021/11/22 20:08:18][I][parseRSSI_Intel] Parse RSSI-MTK log: 7228124200006\ITPM_RSSITest_A32.LOG
[2021/11/22 20:08:18][I][parseWIFI] Parse RSSI-MTK log: 7228124200006\SarLog_DynAnt.txt
[2021/11/22 20:08:18][I][parseRSSI_Intel] Parse RSSI-MTK log: 7228124200007\ITPM_RSSITest_A32.LOG
[2021/11/22 20:08:18][I][parseWIFI] Parse RSSI-MTK log: 7228124200007\SarLog_DynAnt.txt
[2021/11/22 20:08:18][I][parseRSSI_Intel] Parse RSSI-MTK log: 7228124200008\ITPM_RSSITest_A32.LOG
[2021/11/22 20:08:18][I][parseWIFI] Parse RSSI-MTK log: 7228124200008\SarLog_DynAnt.txt
[2021/11/22 20:08:18][I][parseRSSI_Intel] Parse RSSI-MTK log: 7228124200010\ITPM_RSSITest_A32.LOG
[2021/11/22 20:08:18][I][parseWIFI] Parse RSSI-MTK log: 7228124200010\SarLog_DynAnt.txt
[2021/11/22 20:08:18][I][parseRSSI_MTK] Parse RSSI-MTK log: 7228979800008\MTKlog_7228979800008.LOG
[2021/11/22 20:08:18]
[W][ParseLog] Cannot find log: SarLog_DynAnt.txt by SN: 7228979800008

[2021/11/22 20:08:18][I][parseRSSI_MTK] Parse RSSI-MTK log: 7228979800009\MTKlog_7228979800009.LOG
[2021/11/22 20:08:18]
[W][ParseLog] Cannot find log: SarLog_DynAnt.txt by SN: 7228979800009

[2021/11/22 20:08:18][I][parseRSSI_MTK] Parse RSSI-MTK log: 7228979800010\MTKlog_7228979800010.LOG
[2021/11/22 20:08:18]
[W][ParseLog] Cannot find log: SarLog_DynAnt.txt by SN: 7228979800010

[2021/11/22 20:08:18][I][parseLog] ------- Finish Parsing Log -------
[2021/11/22 20:08:18]========== End ==========
[2021/11/22 20:10:09]========== Start ==========
[2021/11/22 20:10:09][I][main] Python 3.9.9 (tags/v3.9.9:ccb0e6a, Nov 15 2021, 18:08:50) [MSC v.1929 64 bit (AMD64)]
[2021/11/22 20:10:09][I][main] report.py 1.0.0.1
[2021/11/22 20:10:09][I][parseLog] ------- Start Parsing Log -------
[2021/11/22 20:10:09]
[W][ParseLog] Cannot find log: SarLog_DynAnt.txt by SN: 7224908800005

[2021/11/22 20:10:09]
[W][ParseLog] Cannot find log: SarLog_DynAnt.txt by SN: 7224908800006

[2021/11/22 20:10:09]
[W][ParseLog] Cannot find log: SarLog_DynAnt.txt by SN: 7224908800007

[2021/11/22 20:10:09][I][parseWIFI] Parse RSSI-MTK log: 7228101300001\SarLog_DynAnt.txt
[2021/11/22 20:10:09][I][parseWIFI] Parse RSSI-MTK log: 7228101400001\SarLog_DynAnt.txt
[2021/11/22 20:10:09][I][parseWIFI] Parse RSSI-MTK log: 7228101600001\SarLog_DynAnt.txt
[2021/11/22 20:10:09][I][parseWIFI] Parse RSSI-MTK log: 7228101700001\SarLog_DynAnt.txt
[2021/11/22 20:10:09][I][parseWIFI] Parse RSSI-MTK log: 7228101900001\SarLog_DynAnt.txt
[2021/11/22 20:10:09][I][parseWIFI] Parse RSSI-MTK log: 7228124100001\SarLog_DynAnt.txt
[2021/11/22 20:10:09][I][parseWIFI] Parse RSSI-MTK log: 7228124200002\SarLog_DynAnt.txt
[2021/11/22 20:10:09][I][parseWIFI] Parse RSSI-MTK log: 7228124200003\SarLog_DynAnt.txt
[2021/11/22 20:10:09][I][parseWIFI] Parse RSSI-MTK log: 7228124200004\SarLog_DynAnt.txt
[2021/11/22 20:10:09][I][parseWIFI] Parse RSSI-MTK log: 7228124200005\SarLog_DynAnt.txt
[2021/11/22 20:10:09][I][parseWIFI] Parse RSSI-MTK log: 7228124200006\SarLog_DynAnt.txt
[2021/11/22 20:10:09][I][parseWIFI] Parse RSSI-MTK log: 7228124200007\SarLog_DynAnt.txt
[2021/11/22 20:10:09][I][parseWIFI] Parse RSSI-MTK log: 7228124200008\SarLog_DynAnt.txt
[2021/11/22 20:10:09][I][parseWIFI] Parse RSSI-MTK log: 7228124200010\SarLog_DynAnt.txt
[2021/11/22 20:10:09]
[W][ParseLog] Cannot find log: SarLog_DynAnt.txt by SN: 7228979800008

[2021/11/22 20:10:09]
[W][ParseLog] Cannot find log: SarLog_DynAnt.txt by SN: 7228979800009

[2021/11/22 20:10:09]
[W][ParseLog] Cannot find log: SarLog_DynAnt.txt by SN: 7228979800010

[2021/11/22 20:10:09][I][parseLog] ------- Finish Parsing Log -------
[2021/11/22 20:10:09]========== End ==========
[2021/11/22 20:10:22]========== Start ==========
[2021/11/22 20:10:22][I][main] Python 3.9.9 (tags/v3.9.9:ccb0e6a, Nov 15 2021, 18:08:50) [MSC v.1929 64 bit (AMD64)]
[2021/11/22 20:10:22][I][main] report.py 1.0.0.1
[2021/11/22 20:10:22][I][parseLog] ------- Start Parsing Log -------
[2021/11/22 20:10:22]
[W][ParseLog] Cannot find log: SarLog_DynAnt.txt by SN: 7224908800005

[2021/11/22 20:10:22]
[W][ParseLog] Cannot find log: SarLog_DynAnt.txt by SN: 7224908800006

[2021/11/22 20:10:22]
[W][ParseLog] Cannot find log: SarLog_DynAnt.txt by SN: 7224908800007

[2021/11/22 20:10:22]
[W][ParseLog] Cannot find log: SarLog_DynAnt.txt by SN: 7228979800008

[2021/11/22 20:10:22]
[W][ParseLog] Cannot find log: SarLog_DynAnt.txt by SN: 7228979800009

[2021/11/22 20:10:22]
[W][ParseLog] Cannot find log: SarLog_DynAnt.txt by SN: 7228979800010

[2021/11/22 20:10:22][I][parseLog] ------- Finish Parsing Log -------
[2021/11/22 20:10:22]========== End ==========
[2021/11/22 20:10:47]========== Start ==========
[2021/11/22 20:10:47][I][main] Python 3.9.9 (tags/v3.9.9:ccb0e6a, Nov 15 2021, 18:08:50) [MSC v.1929 64 bit (AMD64)]
[2021/11/22 20:10:47][I][main] report.py 1.0.0.1
[2021/11/22 20:10:47][I][parseLog] ------- Start Parsing Log -------
[2021/11/22 20:10:47][W][ParseLog] Do not find log: SarLog_DynAnt.txt by SN: 7224908800005
[2021/11/22 20:10:47][W][ParseLog] Do not find log: SarLog_DynAnt.txt by SN: 7224908800006
[2021/11/22 20:10:47][W][ParseLog] Do not find log: SarLog_DynAnt.txt by SN: 7224908800007
[2021/11/22 20:10:47][W][ParseLog] Do not find log: SarLog_DynAnt.txt by SN: 7228979800008
[2021/11/22 20:10:47][W][ParseLog] Do not find log: SarLog_DynAnt.txt by SN: 7228979800009
[2021/11/22 20:10:47][W][ParseLog] Do not find log: SarLog_DynAnt.txt by SN: 7228979800010
[2021/11/22 20:10:47][I][parseLog] ------- Finish Parsing Log -------
[2021/11/22 20:10:47]========== End ==========
[2021/11/22 20:11:52]========== Start ==========
[2021/11/22 20:11:52][I][main] Python 3.9.9 (tags/v3.9.9:ccb0e6a, Nov 15 2021, 18:08:50) [MSC v.1929 64 bit (AMD64)]
[2021/11/22 20:11:52][I][main] report.py 1.0.0.1
[2021/11/22 20:11:52][I][parseLog] ------- Start Parsing Log -------
[2021/11/22 20:11:52][W][ParseLog] Cannot find SarLog_DynAnt.txt by SN: 7224908800005
[2021/11/22 20:11:52][W][ParseLog] Cannot find SarLog_DynAnt.txt by SN: 7224908800006
[2021/11/22 20:11:52][W][ParseLog] Cannot find SarLog_DynAnt.txt by SN: 7224908800007
[2021/11/22 20:11:52][W][ParseLog] Cannot find SarLog_DynAnt.txt by SN: 7228979800008
[2021/11/22 20:11:52][W][ParseLog] Cannot find SarLog_DynAnt.txt by SN: 7228979800009
[2021/11/22 20:11:52][W][ParseLog] Cannot find SarLog_DynAnt.txt by SN: 7228979800010
[2021/11/22 20:11:52][I][parseLog] ------- Finish Parsing Log -------
[2021/11/22 20:11:52]========== End ==========
