[2020/07/28 10:06:31.965741]========== Start ==========
[2020/07/28 10:06:31.965741][I][class_E6640A_LTE] Initial class_E6640A_LTE
[2020/07/28 10:06:31.965741][I][class_E6640A_LTE] Version: 3.0.0.3
[2020/07/28 10:06:31.975528][I][connect_E6640A] Connect to E6640A
[2020/07/28 10:06:31.985542][I][connect_E6640A] Resource Manager of Visa Library at C:\Windows\system32\visa64.dll
[2020/07/28 10:06:32.025885][I][queryEx] E6640A <= *IDN?
[2020/07/28 10:06:32.025885][I][queryEx] E6640A => Keysight Technologies,E6640A,MY57150246,E.19.71
[2020/07/28 10:06:32.025885][I][set_Preset] System reset
[2020/07/28 10:06:32.035562][I][writeEx] E6640A <= *RST
[2020/07/28 10:06:32.035562][I][writeEx] E6640A <= *CLS
[2020/07/28 10:06:32.035562][I][writeEx] E6640A <= SYST:PRES
[2020/07/28 10:06:32.346057][I][queryEx] E6640A <= *OPC?
[2020/07/28 10:06:33.115753][I][queryEx] E6640A => 1
[2020/07/28 10:06:33.135551][I][set_Preset] System reset
[2020/07/28 10:06:33.135551][I][writeEx] E6640A <= *RST
[2020/07/28 10:06:33.145544][I][writeEx] E6640A <= *CLS
[2020/07/28 10:06:33.145544][I][writeEx] E6640A <= SYST:PRES
[2020/07/28 10:06:33.456089][I][queryEx] E6640A <= *OPC?
[2020/07/28 10:06:34.206001][I][queryEx] E6640A => 1
[2020/07/28 10:06:34.565498][I][set_Preset] System reset
[2020/07/28 10:06:34.565498][I][writeEx] E6640A <= *RST
[2020/07/28 10:06:34.565498][I][writeEx] E6640A <= *CLS
[2020/07/28 10:06:34.575497][I][writeEx] E6640A <= SYST:PRES
[2020/07/28 10:06:34.886035][I][queryEx] E6640A <= *OPC?
[2020/07/28 10:06:35.596041][I][queryEx] E6640A => 1
[2020/07/28 10:06:35.605498][I][set_Tx_Start] Set Tx start
[2020/07/28 10:06:35.615497][I][set_RFI_Port] Set input port
[2020/07/28 10:06:35.615497][I][writeEx] E6640A <= :FEED:RF:PORT:INPut RFIO1
[2020/07/28 10:06:35.615497][I][queryEx] E6640A <= :FEED:RF:PORT:INPut?
[2020/07/28 10:06:35.646205][I][queryEx] E6640A => RFIO1
[2020/07/28 10:06:35.646205][I][set_Modulation_Analysis] Set measurement function
[2020/07/28 10:06:35.655498][I][writeEx] E6640A <= INST:SEL LTEAFDD
[2020/07/28 10:06:35.966039][I][queryEx] E6640A <= *OPC?
[2020/07/28 10:06:35.975952][I][queryEx] E6640A => 1
[2020/07/28 10:06:35.975952][I][queryEx] E6640A <= INST:SEL?
[2020/07/28 10:06:35.975952][I][queryEx] E6640A => LTEAFDD
[2020/07/28 10:06:35.985533][I][writeEx] E6640A <= DISP:CHP:VIEW:WIND:TRAC:Y:COUP OFF
[2020/07/28 10:06:35.985533][I][set_Freq] Set frequence
[2020/07/28 10:06:35.985533][I][writeEx] E6640A <= :FREQuency:CENTer 897.4 MHz
[2020/07/28 10:06:35.995498][I][set_Continue] Set continue
[2020/07/28 10:06:35.995498][I][writeEx] E6640A <= :INIT:CONT ON
[2020/07/28 10:06:35.995498][I][set_Trigger_Free_Run] Set trigger free run
[2020/07/28 10:06:36.005497][I][writeEx] E6640A <= TRIG:CHP:SOUR IMM
[2020/07/28 10:06:36.316039][I][queryEx] E6640A <= *OPC?
[2020/07/28 10:06:36.316039][I][queryEx] E6640A => 1
[2020/07/28 10:06:41.146097][I][chk_Tx_Result] Check Tx result
[2020/07/28 10:06:41.146097][I][set_Limit_Range] Set reference value
[2020/07/28 10:06:41.146097][I][writeEx] E6640A <= DISP:CHP:VIEW:WIND:TRAC:Y:RLEV 30.0 dBm
[2020/07/28 10:06:41.466042][I][queryEx] E6640A <= *OPC?
[2020/07/28 10:06:41.475908][I][queryEx] E6640A => 1
[2020/07/28 10:06:41.475908][I][set_Limit_Range] Set power range
[2020/07/28 10:06:41.475908][I][writeEx] E6640A <= :POW:RANG 30.0 dBm
[2020/07/28 10:06:41.786039][I][queryEx] E6640A <= *OPC?
[2020/07/28 10:06:41.795561][I][queryEx] E6640A => 1
[2020/07/28 10:06:41.795561][I][set_Trigger_Video] Set trigger video
[2020/07/28 10:06:41.795561][I][writeEx] E6640A <= TRIG:CHP:SOUR IF
[2020/07/28 10:06:42.105914][I][queryEx] E6640A <= *OPC?
[2020/07/28 10:06:42.115514][I][queryEx] E6640A => 1
[2020/07/28 10:06:42.226029][I][set_Trigger_Free_Run] Set trigger free run
[2020/07/28 10:06:42.226029][I][writeEx] E6640A <= TRIG:CHP:SOUR IMM
[2020/07/28 10:06:42.546037][I][queryEx] E6640A <= *OPC?
[2020/07/28 10:06:42.555625][I][queryEx] E6640A => 1
[2020/07/28 10:06:42.555625][I][get_Power] Get Tx power
[2020/07/28 10:06:42.555625][I][queryEx] E6640A <= :FETCh:CHPower:CHPower?
[2020/07/28 10:06:42.565496][I][queryEx] E6640A => 1.431986523E+01
[2020/07/28 10:06:42.565496][I][chk_Tx_Result] Tx power(add loss: 8.000000) = 22.320000 dBm
[2020/07/28 10:06:42.565496][I][set_Continue] Set continue
[2020/07/28 10:06:42.575527][I][writeEx] E6640A <= :INIT:CONT ON
[2020/07/28 10:06:44.585527][I][set_Preset] System reset
[2020/07/28 10:06:44.585527][I][writeEx] E6640A <= *RST
[2020/07/28 10:06:44.595499][I][writeEx] E6640A <= *CLS
[2020/07/28 10:06:44.595499][I][writeEx] E6640A <= SYST:PRES
[2020/07/28 10:06:44.906034][I][queryEx] E6640A <= *OPC?
[2020/07/28 10:06:45.606024][I][queryEx] E6640A => 1
[2020/07/28 10:06:45.615527][I][set_Tx_Start] Set Tx start
[2020/07/28 10:06:45.615527][I][set_RFI_Port] Set input port
[2020/07/28 10:06:45.625523][I][writeEx] E6640A <= :FEED:RF:PORT:INPut RFIO1
[2020/07/28 10:06:45.625523][I][queryEx] E6640A <= :FEED:RF:PORT:INPut?
[2020/07/28 10:06:45.635528][I][queryEx] E6640A => RFIO1
[2020/07/28 10:06:45.635528][I][set_Modulation_Analysis] Set measurement function
[2020/07/28 10:06:45.635528][I][writeEx] E6640A <= INST:SEL LTEAFDD
[2020/07/28 10:06:45.946038][I][queryEx] E6640A <= *OPC?
[2020/07/28 10:06:45.955493][I][queryEx] E6640A => 1
[2020/07/28 10:06:45.955493][I][queryEx] E6640A <= INST:SEL?
[2020/07/28 10:06:45.955493][I][queryEx] E6640A => LTEAFDD
[2020/07/28 10:06:45.965530][I][writeEx] E6640A <= DISP:CHP:VIEW:WIND:TRAC:Y:COUP OFF
[2020/07/28 10:06:45.965530][I][set_Freq] Set frequence
[2020/07/28 10:06:45.965530][I][writeEx] E6640A <= :FREQuency:CENTer 1950.0 MHz
[2020/07/28 10:06:45.975498][I][set_Continue] Set continue
[2020/07/28 10:06:45.975498][I][writeEx] E6640A <= :INIT:CONT ON
[2020/07/28 10:06:45.975498][I][set_Trigger_Free_Run] Set trigger free run
[2020/07/28 10:06:45.985509][I][writeEx] E6640A <= TRIG:CHP:SOUR IMM
[2020/07/28 10:06:46.296037][I][queryEx] E6640A <= *OPC?
[2020/07/28 10:06:46.305494][I][queryEx] E6640A => 1
[2020/07/28 10:06:51.266040][I][chk_Tx_Result] Check Tx result
[2020/07/28 10:06:51.266040][I][set_Limit_Range] Set reference value
[2020/07/28 10:06:51.275547][I][writeEx] E6640A <= DISP:CHP:VIEW:WIND:TRAC:Y:RLEV 30.0 dBm
[2020/07/28 10:06:51.586033][I][queryEx] E6640A <= *OPC?
[2020/07/28 10:06:51.586033][I][queryEx] E6640A => 1
[2020/07/28 10:06:51.595495][I][set_Limit_Range] Set power range
[2020/07/28 10:06:51.595495][I][writeEx] E6640A <= :POW:RANG 30.0 dBm
[2020/07/28 10:06:51.916032][I][queryEx] E6640A <= *OPC?
[2020/07/28 10:06:51.925493][I][queryEx] E6640A => 1
[2020/07/28 10:06:51.925493][I][set_Trigger_Video] Set trigger video
[2020/07/28 10:06:51.925493][I][writeEx] E6640A <= TRIG:CHP:SOUR IF
[2020/07/28 10:06:52.246034][I][queryEx] E6640A <= *OPC?
[2020/07/28 10:06:52.255491][I][queryEx] E6640A => 1
[2020/07/28 10:06:52.366038][I][set_Trigger_Free_Run] Set trigger free run
[2020/07/28 10:06:52.366038][I][writeEx] E6640A <= TRIG:CHP:SOUR IMM
[2020/07/28 10:06:52.686039][I][queryEx] E6640A <= *OPC?
[2020/07/28 10:06:52.695492][I][queryEx] E6640A => 1
[2020/07/28 10:06:52.695492][I][get_Power] Get Tx power
[2020/07/28 10:06:52.695492][I][queryEx] E6640A <= :FETCh:CHPower:CHPower?
[2020/07/28 10:06:52.705493][I][queryEx] E6640A => 1.166309929E+01
[2020/07/28 10:06:52.705493][I][chk_Tx_Result] Tx power(add loss: 10.000000) = 21.663000 dBm
[2020/07/28 10:06:52.715492][I][set_Continue] Set continue
[2020/07/28 10:06:52.715492][I][writeEx] E6640A <= :INIT:CONT ON
[2020/07/28 10:06:54.745530][I][set_Preset] System reset
[2020/07/28 10:06:54.745530][I][writeEx] E6640A <= *RST
[2020/07/28 10:06:54.755493][I][writeEx] E6640A <= *CLS
[2020/07/28 10:06:54.755493][I][writeEx] E6640A <= SYST:PRES
[2020/07/28 10:06:55.076002][I][queryEx] E6640A <= *OPC?
[2020/07/28 10:06:55.766032][I][queryEx] E6640A => 1
[2020/07/28 10:06:55.795546][I][set_Tx_Start] Set Tx start
[2020/07/28 10:06:55.805492][I][set_RFI_Port] Set input port
[2020/07/28 10:06:55.805492][I][writeEx] E6640A <= :FEED:RF:PORT:INPut RFIO1
[2020/07/28 10:06:55.815495][I][queryEx] E6640A <= :FEED:RF:PORT:INPut?
[2020/07/28 10:06:55.815495][I][queryEx] E6640A => RFIO1
[2020/07/28 10:06:55.815495][I][set_Modulation_Analysis] Set measurement function
[2020/07/28 10:06:55.825492][I][writeEx] E6640A <= INST:SEL LTEAFDD
[2020/07/28 10:06:56.136033][I][queryEx] E6640A <= *OPC?
[2020/07/28 10:06:56.136033][I][queryEx] E6640A => 1
[2020/07/28 10:06:56.145493][I][queryEx] E6640A <= INST:SEL?
[2020/07/28 10:06:56.145493][I][queryEx] E6640A => LTEAFDD
[2020/07/28 10:06:56.155530][I][writeEx] E6640A <= DISP:CHP:VIEW:WIND:TRAC:Y:COUP OFF
[2020/07/28 10:06:56.155530][I][set_Freq] Set frequence
[2020/07/28 10:06:56.165491][I][writeEx] E6640A <= :FREQuency:CENTer 914.8 MHz
[2020/07/28 10:06:56.165491][I][set_Continue] Set continue
[2020/07/28 10:06:56.165491][I][writeEx] E6640A <= :INIT:CONT ON
[2020/07/28 10:06:56.175491][I][set_Trigger_Free_Run] Set trigger free run
[2020/07/28 10:06:56.175491][I][writeEx] E6640A <= TRIG:CHP:SOUR IMM
[2020/07/28 10:06:56.486026][I][queryEx] E6640A <= *OPC?
[2020/07/28 10:06:56.495543][I][queryEx] E6640A => 1
[2020/07/28 10:06:59.726034][I][chk_Tx_Result] Check Tx result
[2020/07/28 10:06:59.735490][I][set_Limit_Range] Set reference value
[2020/07/28 10:06:59.735490][I][writeEx] E6640A <= DISP:CHP:VIEW:WIND:TRAC:Y:RLEV 30.0 dBm
[2020/07/28 10:07:00.046176][I][queryEx] E6640A <= *OPC?
[2020/07/28 10:07:00.046176][I][queryEx] E6640A => 1
[2020/07/28 10:07:00.055529][I][set_Limit_Range] Set power range
[2020/07/28 10:07:00.055529][I][writeEx] E6640A <= :POW:RANG 30.0 dBm
[2020/07/28 10:07:00.366031][I][queryEx] E6640A <= *OPC?
[2020/07/28 10:07:00.366031][I][queryEx] E6640A => 1
[2020/07/28 10:07:02.386031][I][set_Trigger_Video] Set trigger video
[2020/07/28 10:07:02.395490][I][writeEx] E6640A <= TRIG:CHP:SOUR IF
[2020/07/28 10:07:02.706028][I][queryEx] E6640A <= *OPC?
[2020/07/28 10:07:02.715490][I][queryEx] E6640A => 1
[2020/07/28 10:07:02.715490][I][get_Power] Get Tx power
[2020/07/28 10:07:02.715490][I][queryEx] E6640A <= :FETCh:CHPower:CHPower?
[2020/07/28 10:07:03.336030][I][queryEx] E6640A => 2.296289253E+01
[2020/07/28 10:07:03.345539][I][chk_Tx_Result] Tx power(add loss: 8.000000) = 30.963000 dBm
[2020/07/28 10:07:03.355490][I][set_Continue] Set continue
[2020/07/28 10:07:03.355490][I][writeEx] E6640A <= :INIT:CONT ON
[2020/07/28 10:07:05.145526][I][set_Preset] System reset
[2020/07/28 10:07:05.155489][I][writeEx] E6640A <= *RST
[2020/07/28 10:07:05.155489][I][writeEx] E6640A <= *CLS
[2020/07/28 10:07:05.155489][I][writeEx] E6640A <= SYST:PRES
[2020/07/28 10:07:05.476024][I][queryEx] E6640A <= *OPC?
[2020/07/28 10:07:06.125542][I][queryEx] E6640A => 1
[2020/07/28 10:07:06.135489][I][set_Rx_Waveform] Set Rx waveform
[2020/07/28 10:07:06.135489][I][set_RFO_Port] Set output port
[2020/07/28 10:07:06.145522][I][writeEx] E6640A <= :FEED:RF:PORT:OUTPut RFIO1
[2020/07/28 10:07:06.145522][I][queryEx] E6640A <= :FEED:RF:PORT:OUTPut?
[2020/07/28 10:07:06.206153][I][queryEx] E6640A => RFIO1
[2020/07/28 10:07:06.206153][I][set_OneTone_Freq] Set One Tone frequence
[2020/07/28 10:07:06.215488][I][writeEx] E6640A <= :SOUR:FREQ 959.8 MHz
[2020/07/28 10:07:06.215488][I][set_OneTone_Power] Set One Tone power
[2020/07/28 10:07:06.215488][I][writeEx] E6640A <= :SOURce:POWer -52.0
[2020/07/28 10:07:06.225520][I][loading_Waveform] Load waveform
[2020/07/28 10:07:06.225520][I][queryEx] E6640A <= :SOURce:RADio:ARB:CATalog?
[2020/07/28 10:07:06.235526][I][queryEx] E6640A => 9600,4184704,"CTX10_RFLTE_20160809.wfm"
[2020/07/28 10:07:06.235526][I][writeEx] E6640A <= :SOUR:RAD:ARB:WAV "D:\NVARB\CTX10_RFLTE_20160809.wfm"
[2020/07/28 10:07:06.545937][I][queryEx] E6640A <= *OPC?
[2020/07/28 10:07:06.545937][I][queryEx] E6640A => 1
[2020/07/28 10:07:06.555530][I][set_ARB_ON] Set ARB ON
[2020/07/28 10:07:06.555530][I][writeEx] E6640A <= :SOUR:RAD:ARB ON
[2020/07/28 10:07:06.555530][I][set_Sample_Rate] Set Sample Rate
[2020/07/28 10:07:06.565488][I][writeEx] E6640A <= SOUR:RAD:ARB:SCL:RATE 100.0 kHz
[2020/07/28 10:07:06.565488][I][set_Modulation_ON] Set ARB ON
[2020/07/28 10:07:06.575519][I][writeEx] E6640A <= :OUTP:MOD ON
[2020/07/28 10:07:06.585490][I][set_OneTone_Start] Set One Tone start
[2020/07/28 10:07:06.585490][I][writeEx] E6640A <= OUTP ON
[2020/07/28 10:07:13.316018][I][set_OneTone_Stop] Set One Tone stop
[2020/07/28 10:07:13.316018][I][writeEx] E6640A <= OUTP OFF
[2020/07/28 10:07:31.387446][I][disconnect_E6640A] Disconnect E6640A
[2020/07/28 10:07:31.397420][I][set_Preset] System reset
[2020/07/28 10:07:31.397420][I][writeEx] E6640A <= *RST
[2020/07/28 10:07:31.397420][I][writeEx] E6640A <= *CLS
[2020/07/28 10:07:31.407422][I][writeEx] E6640A <= SYST:PRES
[2020/07/28 10:07:31.717811][I][queryEx] E6640A <= *OPC?
[2020/07/28 10:07:32.417896][I][queryEx] E6640A => 1
[2020/07/28 10:07:32.427383]========== End ==========
