[2020/07/28 10:04:09]============== Control PS_Keysight66321B ==============
[2020/07/28 10:04:10]List resource: ['GPIB0::5::INSTR', 'TCPIP0::192.168.1.2::hislip0::INSTR', 'ASRL14::INSTR', 'ASRL15::INSTR', 'ASRL16::INSTR', 'ASRL17::INSTR', 'ASRL19::INSTR', 'ASRL20::INSTR']
[2020/07/28 10:04:10]Power Supply: control 66321B successfully
[2020/07/28 10:04:10]Power Supply send: *IDN?
[2020/07/28 10:04:10]Power Supply recv: Agilent Technologies,66321B,0,A.03.01

[2020/07/28 10:04:10]Power Supply is: Agilent Technologies,66321B,0,A.03.01
 

[2020/07/28 10:04:24]Power Supply send: MEAS:CURR?
[2020/07/28 10:04:24]Power Supply recv: 7.66164E-2

[2020/07/28 10:04:37]Power Supply send: MEAS:CURR?
[2020/07/28 10:04:37]Power Supply recv: 7.56294E-2

[2020/07/28 10:04:52]Power Supply send: MEAS:CURR?
[2020/07/28 10:04:53]Power Supply recv: 7.30643E-2

[2020/07/28 10:05:05]Power Supply send: MEAS:CURR?
[2020/07/28 10:05:05]Power Supply recv: 7.64213E-2

[2020/07/28 10:05:20]Power Supply send: MEAS:CURR?
[2020/07/28 10:05:21]Power Supply recv: 7.43861E-2

[2020/07/28 10:05:33]Power Supply send: MEAS:CURR?
[2020/07/28 10:05:33]Power Supply recv: 7.41169E-2

[2020/07/28 10:06:34]============== Control PS_Keysight66321B ==============
[2020/07/28 10:06:34]List resource: ['GPIB0::5::INSTR', 'TCPIP0::192.168.1.2::hislip0::INSTR']
[2020/07/28 10:06:34]Power Supply: control 66321B successfully
[2020/07/28 10:06:34]Power Supply send: *IDN?
[2020/07/28 10:06:34]Power Supply recv: Agilent Technologies,66321B,0,A.03.01

[2020/07/28 10:06:34]Power Supply is: Agilent Technologies,66321B,0,A.03.01
 

[2020/07/28 10:06:43]Power Supply send: MEAS:CURR?
[2020/07/28 10:06:43]Power Supply recv: 2.41276E-1

[2020/07/28 10:06:53]Power Supply send: MEAS:CURR?
[2020/07/28 10:06:53]Power Supply recv: 2.03739E-1

[2020/07/28 10:07:04]Power Supply send: MEAS:CURR?
[2020/07/28 10:07:04]Power Supply recv: 1.49173E-1

