[2020/07/29 01:37:56]============== Control PS_Keysight66321B ==============
[2020/07/29 01:37:57]List resource: ['GPIB0::5::INSTR', 'ASRL1::INSTR', 'TCPIP0::192.168.1.2::hislip0::INSTR']
[2020/07/29 01:37:57]Power Supply: control 66321B successfully
[2020/07/29 01:37:57]Power Supply send: *RST
[2020/07/29 01:37:57]Power Supply send: *IDN?
[2020/07/29 01:37:57]Power Supply recv: Agilent Technologies,66321B,0,A.03.01

[2020/07/29 01:37:57]Power Supply is: Agilent Technologies,66321B,0,A.03.01
 

[2020/07/29 01:37:57]Power Supply send: CURR:PROT:STAT 1
[2020/07/29 01:37:57]Power Supply send: CURR:PROT:STAT?
[2020/07/29 01:37:57]Power Supply recv: 1

[2020/07/29 01:37:57]Power Supply send: VOLT 12.0
[2020/07/29 01:37:57]Power Supply send: VOLT?
[2020/07/29 01:37:57]Power Supply recv: 1.20000E+1

[2020/07/29 01:37:57]Power Supply send: CURR 1.0
[2020/07/29 01:37:57]Power Supply send: CURR?
[2020/07/29 01:37:57]Power Supply recv: 1.00000E+0

[2020/07/29 01:37:57]Power Supply send: OUTP 1
[2020/07/29 01:37:57]Power Supply send: OUTP?
[2020/07/29 01:37:57]Power Supply recv: 1

[2020/07/29 01:38:53]============== Control PS_Keysight66321B ==============
[2020/07/29 01:38:54]List resource: ['GPIB0::5::INSTR', 'ASRL1::INSTR', 'TCPIP0::192.168.1.2::hislip0::INSTR', 'ASRL14::INSTR', 'ASRL15::INSTR', 'ASRL16::INSTR', 'ASRL17::INSTR', 'ASRL19::INSTR', 'ASRL20::INSTR']
[2020/07/29 01:38:54]Power Supply: control 66321B successfully
[2020/07/29 01:38:54]Power Supply send: *IDN?
[2020/07/29 01:38:54]Power Supply recv: Agilent Technologies,66321B,0,A.03.01

[2020/07/29 01:38:54]Power Supply is: Agilent Technologies,66321B,0,A.03.01
 

[2020/07/29 01:39:07]Power Supply send: MEAS:CURR?
[2020/07/29 01:39:07]Power Supply recv: 8.72134E-2

[2020/07/29 01:39:19]Power Supply send: MEAS:CURR?
[2020/07/29 01:39:19]Power Supply recv: 1.03545E-1

[2020/07/29 01:39:34]Power Supply send: MEAS:CURR?
[2020/07/29 01:39:34]Power Supply recv: 8.24472E-2

[2020/07/29 01:39:46]Power Supply send: MEAS:CURR?
[2020/07/29 01:39:46]Power Supply recv: 9.59211E-2

[2020/07/29 01:40:01]Power Supply send: MEAS:CURR?
[2020/07/29 01:40:01]Power Supply recv: 1.01521E-1

[2020/07/29 01:40:13]Power Supply send: MEAS:CURR?
[2020/07/29 01:40:13]Power Supply recv: 8.04157E-2

[2020/07/29 01:41:16]============== Control PS_Keysight66321B ==============
[2020/07/29 01:41:17]List resource: ['GPIB0::5::INSTR', 'ASRL1::INSTR', 'TCPIP0::192.168.1.2::hislip0::INSTR']
[2020/07/29 01:41:17]Power Supply: control 66321B successfully
[2020/07/29 01:41:17]Power Supply send: *IDN?
[2020/07/29 01:41:17]Power Supply recv: Agilent Technologies,66321B,0,A.03.01

[2020/07/29 01:41:17]Power Supply is: Agilent Technologies,66321B,0,A.03.01
 

[2020/07/29 01:41:25]Power Supply send: MEAS:CURR?
[2020/07/29 01:41:25]Power Supply recv: 2.39506E-1

[2020/07/29 01:41:35]Power Supply send: MEAS:CURR?
[2020/07/29 01:41:35]Power Supply recv: 2.07521E-1

[2020/07/29 01:41:45]Power Supply send: MEAS:CURR?
[2020/07/29 01:41:45]Power Supply recv: 1.51104E-1

[2020/07/29 01:42:19]============== Control PS_Keysight66321B ==============
[2020/07/29 01:42:19]List resource: ['GPIB0::5::INSTR', 'ASRL1::INSTR', 'TCPIP0::192.168.1.2::hislip0::INSTR', 'ASRL14::INSTR', 'ASRL15::INSTR', 'ASRL16::INSTR', 'ASRL17::INSTR', 'ASRL19::INSTR', 'ASRL20::INSTR']
[2020/07/29 01:42:19]Power Supply: control 66321B successfully
[2020/07/29 01:42:19]Power Supply send: *RST
[2020/07/29 01:42:19]Power Supply send: *IDN?
[2020/07/29 01:42:19]Power Supply recv: Agilent Technologies,66321B,0,A.03.01

[2020/07/29 01:42:19]Power Supply is: Agilent Technologies,66321B,0,A.03.01
 

[2020/07/29 01:42:19]Power Supply send: OUTP 0
[2020/07/29 01:42:19]Power Supply send: OUTP?
[2020/07/29 01:42:19]Power Supply recv: 0

