[2020/08/03 18:12:36][I][checkDatabaseONorNOT] Database running.
[2020/08/03 18:12:36][I][tryConnectDatabase] Connect to MariaDB GFI20 database success!!
[2020/08/03 18:12:36][I][tryConnectDatabase] Connect to MariaDB GFI20 database success!!
[2020/08/03 18:12:36][I][checkDatabaseONorNOT] Database running.
[2020/08/03 18:12:36][I][tryConnectDatabase] Connect to MariaDB GFI20 database success!!
[2020/08/03 18:12:36][I][tryConnectDatabase] Connect to MariaDB GFI20 database success!!
[2020/08/03 18:12:36][E][initialDatabase] UpdateDB.csv already exist.
[2020/08/03 18:12:41][I][WriteDataTocsv] Create new row with item GFI20Bootup.
[2020/08/03 18:12:41][I][WriteDataTocsv] Update complete.
[2020/08/03 18:12:41][WriteRFDataTocsv][I] Update testscript GFI20Bootup's data.
[2020/08/03 18:12:41][I][WriteRFDataTocsv] Update complete.
[2020/08/03 18:13:33][I][WriteDataTocsv] Create new row with item CountDown.
[2020/08/03 18:13:33][I][WriteDataTocsv] Update complete.
[2020/08/03 18:13:33][WriteRFDataTocsv][I] Update testscript CountDown's data.
[2020/08/03 18:13:33][I][WriteRFDataTocsv] Update complete.
[2020/08/03 18:13:37][I][WriteDataTocsv] Create new row with item WaitConnect.
[2020/08/03 18:13:37][I][WriteDataTocsv] Update complete.
[2020/08/03 18:13:37][WriteRFDataTocsv][I] Update testscript WaitConnect's data.
[2020/08/03 18:13:37][I][WriteRFDataTocsv] Update complete.
[2020/08/03 18:15:31][WriteRFDataTocsv][I] Update testscript GFI20_RF_Zigbee's data.
[2020/08/03 18:15:31][I][WriteRFDataTocsv] Update complete.
[2020/08/03 18:15:31][WriteRFDataTocsv][I] Update testscript GFI20_RF_Zigbee's data.
[2020/08/03 18:15:31][I][WriteRFDataTocsv] Update complete.
[2020/08/03 18:15:31][WriteRFDataTocsv][I] Update testscript GFI20_RF_Zigbee's data.
[2020/08/03 18:15:31][I][WriteRFDataTocsv] Update complete.
[2020/08/03 18:15:31][WriteRFDataTocsv][I] Update testscript GFI20_RF_Zigbee's data.
[2020/08/03 18:15:31][I][WriteRFDataTocsv] Update complete.
[2020/08/03 18:15:31][WriteRFDataTocsv][I] Update testscript GFI20_RF_Zigbee's data.
[2020/08/03 18:15:31][I][WriteRFDataTocsv] Update complete.
[2020/08/03 18:15:34][I][WriteDataTocsv] Create new row with item GFI20_RF_Zigbee.
[2020/08/03 18:15:35][I][WriteDataTocsv] Update complete.
[2020/08/03 18:15:35][WriteRFDataTocsv][I] Update testscript GFI20_RF_Zigbee's data.
[2020/08/03 18:15:35][I][WriteRFDataTocsv] Update complete.
