[2020/07/29 01:54:06][I][getBOM] Get BOM Success!
[2020/07/29 01:54:06][I][getSKU] Get SKU from BOM: BOM_SKU, SKU name: 451AOD30L02
[2020/07/29 01:54:06][I][loadTestItemBySKU] Test Item List = (GFI20Bootup.py,1)(CountDown.py,1)(GFI20_RF_Zigbee,2)(GFI20_RF_LTE,1)
[2020/07/29 01:54:06][I][loadTestItemBySKU] Test Item List Element = ['GFI20Bootup.py,1', 'CountDown.py,1', 'GFI20_RF_Zigbee,2', 'GFI20_RF_LTE,1']
[2020/07/29 01:54:06][I][showTestingMsg] Waiting for testing...
[2020/07/29 01:54:06]---------- TestItem:GFI20Bootup.py  Method:1 ----------
[2020/07/29 01:54:06][I][runTestItem] Test start time: 2020/07/29 01:54:06
[2020/07/29 01:54:12][I][runTestItem] Test finished
[2020/07/29 01:54:12][I][checkTestResult] Version=3.0.0.3
[2020/07/29 01:54:12][I][checkTestResult] Result=Pass
[2020/07/29 01:54:12]*********************************************************
[2020/07/29 01:54:12]GFI20Bootup.py   3.0.0.3

[2020/07/29 01:54:12]			Result: Pass

[2020/07/29 01:54:12]			Method: 1

[2020/07/29 01:54:12]			Start: 2020/07/29 01:54:06

[2020/07/29 01:54:12]			End: 2020/07/29 01:54:12
[2020/07/29 01:54:12][I][runTestItem] Test end time: 2020/07/29 01:54:12
[2020/07/29 01:54:12]---------- TestItem:CountDown.py  Method:1 ----------
[2020/07/29 01:54:12][I][runTestItem] Test start time: 2020/07/29 01:54:12
[2020/07/29 01:55:04][I][runTestItem] Test finished
[2020/07/29 01:55:04][I][checkTestResult] Version=3.0.0.3
[2020/07/29 01:55:04][I][checkTestResult] Result=Pass
[2020/07/29 01:55:04]*********************************************************
[2020/07/29 01:55:04]CountDown.py   3.0.0.3

[2020/07/29 01:55:04]			Result: Pass

[2020/07/29 01:55:04]			Method: 1

[2020/07/29 01:55:04]			Start: 2020/07/29 01:54:12

[2020/07/29 01:55:04]			End: 2020/07/29 01:55:04
[2020/07/29 01:55:04][I][runTestItem] Test end time: 2020/07/29 01:55:04
[2020/07/29 01:55:05]---------- TestItem:GFI20_RF_Zigbee.py  Method:2 ----------
[2020/07/29 01:55:05][I][runTestItem] Test start time: 2020/07/29 01:55:05
[2020/07/29 01:56:37][I][runTestItem] Test finished
[2020/07/29 01:56:37][I][checkTestResult] Version=3.0.0.3
[2020/07/29 01:56:37][I][checkTestResult] Result=Pass
[2020/07/29 01:56:37]*********************************************************
[2020/07/29 01:56:37]GFI20_RF_Zigbee.py   3.0.0.3

[2020/07/29 01:56:37]			Result: Pass

[2020/07/29 01:56:37]			Method: 2

[2020/07/29 01:56:37]			Start: 2020/07/29 01:55:05

[2020/07/29 01:56:37]			End: 2020/07/29 01:56:37
[2020/07/29 01:56:37][I][runTestItem] Test end time: 2020/07/29 01:56:37
[2020/07/29 01:56:37]---------- TestItem:GFI20_RF_LTE.py  Method:1 ----------
[2020/07/29 01:56:37][I][runTestItem] Test start time: 2020/07/29 01:56:37
[2020/07/29 01:58:01][I][runTestItem] Test finished
[2020/07/29 01:58:01][I][checkTestResult] Version=3.0.0.11
[2020/07/29 01:58:01][I][checkTestResult] Result=Pass
[2020/07/29 01:58:01]*********************************************************
[2020/07/29 01:58:01]GFI20_RF_LTE.py   3.0.0.11

[2020/07/29 01:58:01]			Result: Pass

[2020/07/29 01:58:01]			Method: 1

[2020/07/29 01:58:01]			Start: 2020/07/29 01:56:37

[2020/07/29 01:58:01]			End: 2020/07/29 01:58:01
[2020/07/29 01:58:01][I][runTestItem] Test end time: 2020/07/29 01:58:01
[2020/07/29 01:58:02][I][runLastScript] Waiting for ending...
[2020/07/29 01:58:02]---------- TestItem:GFI20LastScript.py  Method:1 ----------
[2020/07/29 01:58:02][I][runLastScript] Test start time: 2020/07/29 01:58:02
[2020/07/29 01:58:25][I][runLastScript] Test finished
[2020/07/29 01:58:25][I][runLastScript] Test end time: 2020/07/29 01:58:25
[2020/07/29 01:58:25][I][checkTestResult] Version=3.0.0.6
[2020/07/29 01:58:25][I][checkTestResult] Result=Pass
[2020/07/29 01:58:25]*********************************************************
[2020/07/29 01:58:25]GFI20LastScript.py   3.0.0.6

[2020/07/29 01:58:25]			Result: Pass

[2020/07/29 01:58:25]			Method: 1

[2020/07/29 01:58:25]			Start: 2020/07/29 01:58:02

[2020/07/29 01:58:25]			End: 2020/07/29 01:58:25
[2020/07/29 01:58:25][I][processSFISUploadPass] No SFIS RecordInfo
[2020/07/29 01:58:28][I][processSFISUploadPass] Upload pass Success!
