[2020/07/29 01:55:05.063082] ========== Start ==========
[2020/07/29 01:55:05.066081] [I][main] Python 3.7.2 (tags/v3.7.2:9a3ffc0492, Dec 23 2018, 23:09:28) [MSC v.1916 64 bit (AMD64)]
[2020/07/29 01:55:05.067125] [I][main] GFI20_RF_Zigbee.py 3.0.0.3
[2020/07/29 01:55:05.070853] [I][readINI] ---------- INI ----------
[2020/07/29 01:55:05.071857] [I][readINI] SKU = 1
[2020/07/29 01:55:05.073863] [I][readINI] InstrumentINI = GFI20_Zigbee_Instrument_Setting
[2020/07/29 01:55:05.074865] [I][readINI] ---------- Test Plan 1 ----------
[2020/07/29 01:55:05.076870] [I][readINI] TestPlan1 = ZIGBEE_2450;15/2425,21/2455,24/2470;TX_Power
[2020/07/29 01:55:05.078879] [I][readINI] CableLoss = ['8.2', '8.9', '8.8'] dBm
[2020/07/29 01:55:05.085767] [I][readINI] TX_Power = ['0', '0', '0'] dBm
[2020/07/29 01:55:05.086770] [I][readINI] Calibration_ON = 1
[2020/07/29 01:55:05.088777] [I][readINI] Ca_Tx_Power_Target = ['9.2', '9.2', '9.2']
[2020/07/29 01:55:05.091430] [I][readINI] Ca_Tx_Power_Gap = ['0.5', '0.5', '0.5']
[2020/07/29 01:55:05.092434] [I][readINI] Ca_Tx_Power_Offset = ['0.86', '0.86', '0.86']
[2020/07/29 01:55:05.094439] [I][readINI] Current_ON = 1
[2020/07/29 01:55:05.098321] [I][readINI] TX_Current_SpecMax = ['0.18', '0.18', '0.18'] A
[2020/07/29 01:55:05.100329] [I][readINI] TX_Current_SpecMin = ['0.045', '0.045', '0.045'] A
[2020/07/29 01:55:05.102334] [I][readINI] TX_Power_SpecMax = ['12', '12', '12'] dBm
[2020/07/29 01:55:05.105202] [I][readINI] TX_Power_SpecMin = ['6', '6', '6'] dBm
[2020/07/29 01:55:05.107209] [I][readINI] ---------- Test Plan 1 ----------
[2020/07/29 01:55:05.109214] [I][readINI] ---------- Test Plan 2 ----------
[2020/07/29 01:55:05.111219] [I][readINI] TestPlan2 = ZIGBEE_2450;19/2445;RX_RSSI
[2020/07/29 01:55:05.113386] [I][readINI] CableLoss = ['8.9'] dBm
[2020/07/29 01:55:05.116042] [I][readINI] RX_Cell_Power = ['-25'] dBm
[2020/07/29 01:55:05.118050] [I][readINI] RX_LNAON_RSSI_SpecMax = ['-9'] %
[2020/07/29 01:55:05.120517] [I][readINI] RX_LNAON_RSSI_SpecMin = ['-18'] %
[2020/07/29 01:55:05.122542] [I][readINI] RX_LNAOFF_RSSI_SpecMax = ['-24'] %
[2020/07/29 01:55:05.124596] [I][readINI] RX_LNAOFF_RSSI_SpecMin = ['-30'] %
[2020/07/29 01:55:05.127558] [I][readINI] ---------- Test Plan 2 ----------
[2020/07/29 01:55:05.130883] [I][readINI] StartButton_ON = 0
[2020/07/29 01:55:05.132888] [I][readINI] FailAutoExit = True
[2020/07/29 01:55:05.134893] [I][readINI] FailRetryAll = True
[2020/07/29 01:55:05.137902] [I][readINI] RFDatabase = True
[2020/07/29 01:55:05.139907] [I][readINI] EC = 010000S01
[2020/07/29 01:55:05.141912] [I][readINI] ---------- INI ----------
[2020/07/29 01:55:05.144921] [I][readInstrumentINI] ---------- Common ----------
[2020/07/29 01:55:05.147928] [I][readInstrumentINI] Instrument_Name = E6640A
[2020/07/29 01:55:05.149933] [I][readInstrumentINI] Instrument_IP_Addr = TCPIP0::192.168.1.2::hislip0::INSTR
[2020/07/29 01:55:05.152840] [I][readInstrumentINI] PowerSupplier_Name = 66321B
[2020/07/29 01:55:05.154861] [I][readInstrumentINI] PowerSupplier_Addr = GPIB0::5::INSTR
[2020/07/29 01:55:05.156903] [I][readInstrumentINI] Current_Delay = 0.5
[2020/07/29 01:55:05.159917] [I][readInstrumentINI] ---------- Common ----------
[2020/07/29 01:55:05.161882] [I][readInstrumentINI] ---------- ZIGBEE_2450 ----------
[2020/07/29 01:55:05.164888] [I][readInstrumentINI] RFIO_Input = 1
[2020/07/29 01:55:05.166894] [I][readInstrumentINI] Tx_Span = 10000.0 kHz
[2020/07/29 01:55:05.169901] [I][readInstrumentINI] Tx_PowRange = 20.0 dBm
[2020/07/29 01:55:05.171906] [I][readInstrumentINI] Tx_SymbolRate = 1000.0 kHz
[2020/07/29 01:55:05.174914] [I][readInstrumentINI] Tx_MeasInterval = 500
[2020/07/29 01:55:05.176920] [I][readInstrumentINI] Tx_TrigLevel = 30.0 mV
[2020/07/29 01:55:05.179967] [I][readInstrumentINI] Tx_TrigDelay = 0.3 ms
[2020/07/29 01:55:05.181933] [I][readInstrumentINI] RFIO_Output = 1
[2020/07/29 01:55:05.184971] [I][readInstrumentINI] ---------- ZIGBEE_2450 ----------
[2020/07/29 01:55:05.187949] ---------- StartTest ----------
[2020/07/29 01:55:05.194980] [I][chkDUTConnect] Connect to DUT
[2020/07/29 01:55:05.204129] [I][chkDUTConnect] Check DUT status
[2020/07/29 01:55:06.038862] [I][chkDUTConnect] Success
[2020/07/29 01:55:06.052582] [I][chkE6640AConnect] Connect to E6640A
[2020/07/29 01:55:06.959760] [I][chkE6640AConnect] Preset E6640A status
[2020/07/29 01:55:07.846753] [I][chkE6640AConnect] success
[2020/07/29 01:55:08.094392] ---------- Test Plan 1 ----------
[2020/07/29 01:55:08.097396] [I][startTestPlan]---------- ZIGBEE_2450 Freq 2425 ----------
[2020/07/29 01:55:08.100405] [I][startTestPlan]---------- Measure Tx Start ----------
[2020/07/29 01:55:08.103412] [I][startTestPlan] Preset E6640A
[2020/07/29 01:55:08.932430] [I][startTestPlan] Success
[2020/07/29 01:55:08.935441] [I][startTestPlan] Set Tx Start
[2020/07/29 01:55:11.319689] [I][startTestPlan] Success
[2020/07/29 01:55:11.322697] [I][startTestPlan] Set DUT Tx
[2020/07/29 01:55:17.158559] [I][startTestPlan] Success
[2020/07/29 01:55:17.161571] [I][startTestPlan] Start DUT Tx
[2020/07/29 01:55:19.676030] [I][startTestPlan] Success
[2020/07/29 01:55:21.208296] [I][startTestPlan] 8.203999999999999, 10.524, 14.265
[2020/07/29 01:55:21.767745] [I][startTestPlan] 0.094
[2020/07/29 01:55:21.773766] [I][startTestPlan] Stop DUT Tx
[2020/07/29 01:55:22.606448] [I][startTestPlan] Success
[2020/07/29 01:55:22.609456] [I][startTestPlan] Calibration
[2020/07/29 01:55:22.613467] [I][startTestPlan] Calculate DUT Tx Power
[2020/07/29 01:55:22.616474] [I][startTestPlan] DUT Tx Power: 1
[2020/07/29 01:55:22.619885] [I][startTestPlan] Measure again
[2020/07/29 01:55:22.621891] [I][startTestPlan] Set DUT Tx
[2020/07/29 01:55:28.649963] [I][startTestPlan] Success
[2020/07/29 01:55:28.652974] [I][startTestPlan] Start DUT Tx
[2020/07/29 01:55:31.173408] [I][startTestPlan] Success
[2020/07/29 01:55:32.721009] [I][startTestPlan] 9.559, 10.473, 14.221
[2020/07/29 01:55:33.278710] [I][startTestPlan] 0.102
[2020/07/29 01:55:33.282721] [I][startTestPlan] Stop DUT Tx
[2020/07/29 01:55:34.135286] [I][startTestPlan] Success
[2020/07/29 01:55:34.138560] [I][startTestPlan] Power: 9.559 dBm
[2020/07/29 01:55:34.141802] [I][startTestPlan] Freq Err: 10.473 ppm
[2020/07/29 01:55:34.144907] [I][startTestPlan] EVM: 14.221 %
[2020/07/29 01:55:34.146914] [I][startTestPlan] Current: 0.102 A
[2020/07/29 01:55:34.150973] [I][startTestPlan] Check Tx Result
[2020/07/29 01:55:34.154156] [I][startBTTest] Tx Test Time: 26.056
[2020/07/29 01:55:34.157166] [I][startTestPlan]---------- ZIGBEE_2450 Freq 2455 ----------
[2020/07/29 01:55:34.160173] [I][startTestPlan]---------- Measure Tx Start ----------
[2020/07/29 01:55:34.163665] [I][startTestPlan] Preset E6640A
[2020/07/29 01:55:35.416764] [I][startTestPlan] Success
[2020/07/29 01:55:35.419731] [I][startTestPlan] Set Tx Start
[2020/07/29 01:55:37.803363] [I][startTestPlan] Success
[2020/07/29 01:55:37.806371] [I][startTestPlan] Set DUT Tx
[2020/07/29 01:55:43.842424] [I][startTestPlan] Success
[2020/07/29 01:55:43.845434] [I][startTestPlan] Start DUT Tx
[2020/07/29 01:55:46.382284] [I][startTestPlan] Success
[2020/07/29 01:55:47.915658] [I][startTestPlan] 9.165000000000001, 10.43, 14.02
[2020/07/29 01:55:48.471829] [I][startTestPlan] 0.103
[2020/07/29 01:55:48.476845] [I][startTestPlan] Stop DUT Tx
[2020/07/29 01:55:49.453022] [I][startTestPlan] Success
[2020/07/29 01:55:49.456032] [I][startTestPlan] Power: 9.165000000000001 dBm
[2020/07/29 01:55:49.459040] [I][startTestPlan] Freq Err: 10.43 ppm
[2020/07/29 01:55:49.462649] [I][startTestPlan] EVM: 14.02 %
[2020/07/29 01:55:49.465659] [I][startTestPlan] Current: 0.103 A
[2020/07/29 01:55:49.468879] [I][startTestPlan] Check Tx Result
[2020/07/29 01:55:49.471876] [I][startBTTest] Tx Test Time: 15.314
[2020/07/29 01:55:49.474885] [I][startTestPlan]---------- ZIGBEE_2450 Freq 2470 ----------
[2020/07/29 01:55:49.478342] [I][startTestPlan]---------- Measure Tx Start ----------
[2020/07/29 01:55:49.481434] [I][startTestPlan] Preset E6640A
[2020/07/29 01:55:50.710981] [I][startTestPlan] Success
[2020/07/29 01:55:50.715036] [I][startTestPlan] Set Tx Start
[2020/07/29 01:55:53.148622] [I][startTestPlan] Success
[2020/07/29 01:55:53.152650] [I][startTestPlan] Set DUT Tx
[2020/07/29 01:55:59.062637] [I][startTestPlan] Success
[2020/07/29 01:55:59.066168] [I][startTestPlan] Start DUT Tx
[2020/07/29 01:56:01.598594] [I][startTestPlan] Success
[2020/07/29 01:56:03.137424] [I][startTestPlan] 9.157, 10.422, 16.175
[2020/07/29 01:56:03.698529] [I][startTestPlan] 0.095
[2020/07/29 01:56:03.703586] [I][startTestPlan] Stop DUT Tx
[2020/07/29 01:56:04.555259] [I][startTestPlan] Success
[2020/07/29 01:56:04.559274] [I][startTestPlan] Power: 9.157 dBm
[2020/07/29 01:56:04.562280] [I][startTestPlan] Freq Err: 10.422 ppm
[2020/07/29 01:56:04.565970] [I][startTestPlan] EVM: 16.175 %
[2020/07/29 01:56:04.568985] [I][startTestPlan] Current: 0.095 A
[2020/07/29 01:56:04.572328] [I][startTestPlan] Check Tx Result
[2020/07/29 01:56:04.575748] [I][startBTTest] Tx Test Time: 15.102
[2020/07/29 01:56:04.578815] ---------- Test Plan 2 ----------
[2020/07/29 01:56:04.582785] [I][startTestPlan]---------- ZIGBEE_2450 Freq 2445 ----------
[2020/07/29 01:56:04.585777] [I][startTestPlan]---------- Measure Rx Start ----------
[2020/07/29 01:56:04.588784] [I][startTestPlan] Preset E6640A
[2020/07/29 01:56:05.829546] [I][startTestPlan] Success
[2020/07/29 01:56:05.833590] [I][startTestPlan]---------- LNA ON ----------
[2020/07/29 01:56:05.838049] [I][startTestPlan] Set Rx one tone
[2020/07/29 01:56:05.878477] [I][startTestPlan] Success
[2020/07/29 01:56:05.881522] [I][startTestPlan] Set DUT Rx
[2020/07/29 01:56:10.107810] [I][startTestPlan] Success
[2020/07/29 01:56:15.164591] [I][startTestPlan] Success
[2020/07/29 01:56:20.226109] [I][startTestPlan] Rx RSSI: -15 dBm
[2020/07/29 01:56:20.238170] [I][startTestPlan]---------- LNA OFF ----------
[2020/07/29 01:56:20.241169] [I][startTestPlan] Set Rx one tone
[2020/07/29 01:56:20.281168] [I][startTestPlan] Success
[2020/07/29 01:56:20.284470] [I][startTestPlan] Set DUT Rx
[2020/07/29 01:56:24.501683] [I][startTestPlan] Success
[2020/07/29 01:56:28.886553] [I][startTestPlan] Success
[2020/07/29 01:56:33.926365] [I][startTestPlan] Rx RSSI: -28 dBm
[2020/07/29 01:56:33.936394] [I][startTestPlan] Check Rx Result
[2020/07/29 01:56:33.940608] [I][startBTTest] Rx Test Time: 29.359
[2020/07/29 01:56:33.943617] [I][startBTTest] Copy calibration data
[2020/07/29 01:56:33.949837] [I][startBTTest] Write Calibration Data
[2020/07/29 01:56:34.550083] [I][TestResult] Test Pass!
