[2020/07/29 01:57:00.040478]========== Start ==========
[2020/07/29 01:57:00.042446][I][class_E6640A_LTE] Initial class_E6640A_LTE
[2020/07/29 01:57:00.043454][I][class_E6640A_LTE] Version: 3.0.0.3
[2020/07/29 01:57:00.048528][I][connect_E6640A] Connect to E6640A
[2020/07/29 01:57:00.057635][I][connect_E6640A] Resource Manager of Visa Library at C:\Windows\system32\visa32.dll
[2020/07/29 01:57:00.105972][I][queryEx] E6640A <= *IDN?
[2020/07/29 01:57:00.112009][I][queryEx] E6640A => Keysight Technologies,E6640A,MY57150246,E.19.71
[2020/07/29 01:57:00.113977][I][set_Preset] System reset
[2020/07/29 01:57:00.115983][I][writeEx] E6640A <= *RST
[2020/07/29 01:57:00.118016][I][writeEx] E6640A <= *CLS
[2020/07/29 01:57:00.121637][I][writeEx] E6640A <= SYST:PRES
[2020/07/29 01:57:00.424480][I][queryEx] E6640A <= *OPC?
[2020/07/29 01:57:01.128160][I][queryEx] E6640A => 1
[2020/07/29 01:57:01.138182][I][set_Preset] System reset
[2020/07/29 01:57:01.140125][I][writeEx] E6640A <= *RST
[2020/07/29 01:57:01.142959][I][writeEx] E6640A <= *CLS
[2020/07/29 01:57:01.144981][I][writeEx] E6640A <= SYST:PRES
[2020/07/29 01:57:01.447893][I][queryEx] E6640A <= *OPC?
[2020/07/29 01:57:02.144502][I][queryEx] E6640A => 1
[2020/07/29 01:57:02.400948][I][set_Preset] System reset
[2020/07/29 01:57:02.402894][I][writeEx] E6640A <= *RST
[2020/07/29 01:57:02.404901][I][writeEx] E6640A <= *CLS
[2020/07/29 01:57:02.406908][I][writeEx] E6640A <= SYST:PRES
[2020/07/29 01:57:02.711954][I][queryEx] E6640A <= *OPC?
[2020/07/29 01:57:03.406392][I][queryEx] E6640A => 1
[2020/07/29 01:57:03.419732][I][set_Tx_Start] Set Tx start
[2020/07/29 01:57:03.421777][I][set_RFI_Port] Set input port
[2020/07/29 01:57:03.423746][I][writeEx] E6640A <= :FEED:RF:PORT:INPut RFIO1
[2020/07/29 01:57:03.426753][I][queryEx] E6640A <= :FEED:RF:PORT:INPut?
[2020/07/29 01:57:03.431122][I][queryEx] E6640A => RFIO1
[2020/07/29 01:57:03.433855][I][set_Modulation_Analysis] Set measurement function
[2020/07/29 01:57:03.435861][I][writeEx] E6640A <= INST:SEL LTEAFDD
[2020/07/29 01:57:03.739652][I][queryEx] E6640A <= *OPC?
[2020/07/29 01:57:03.749634][I][queryEx] E6640A => 1
[2020/07/29 01:57:03.752735][I][queryEx] E6640A <= INST:SEL?
[2020/07/29 01:57:03.757608][I][queryEx] E6640A => LTEAFDD
[2020/07/29 01:57:03.760666][I][writeEx] E6640A <= DISP:CHP:VIEW:WIND:TRAC:Y:COUP OFF
[2020/07/29 01:57:03.763629][I][set_Freq] Set frequence
[2020/07/29 01:57:03.765635][I][writeEx] E6640A <= :FREQuency:CENTer 897.4 MHz
[2020/07/29 01:57:03.768902][I][set_Continue] Set continue
[2020/07/29 01:57:03.770909][I][writeEx] E6640A <= :INIT:CONT ON
[2020/07/29 01:57:03.773917][I][set_Trigger_Free_Run] Set trigger free run
[2020/07/29 01:57:03.775923][I][writeEx] E6640A <= TRIG:CHP:SOUR IMM
[2020/07/29 01:57:04.080039][I][queryEx] E6640A <= *OPC?
[2020/07/29 01:57:04.090486][I][queryEx] E6640A => 1
[2020/07/29 01:57:08.680280][I][chk_Tx_Result] Check Tx result
[2020/07/29 01:57:08.687248][I][set_Limit_Range] Set reference value
[2020/07/29 01:57:08.690256][I][writeEx] E6640A <= DISP:CHP:VIEW:WIND:TRAC:Y:RLEV 30.0 dBm
[2020/07/29 01:57:08.993948][I][queryEx] E6640A <= *OPC?
[2020/07/29 01:57:09.001967][I][queryEx] E6640A => 1
[2020/07/29 01:57:09.006929][I][set_Limit_Range] Set power range
[2020/07/29 01:57:09.009938][I][writeEx] E6640A <= :POW:RANG 30.0 dBm
[2020/07/29 01:57:09.314094][I][queryEx] E6640A <= *OPC?
[2020/07/29 01:57:09.325037][I][queryEx] E6640A => 1
[2020/07/29 01:57:09.328046][I][set_Trigger_Video] Set trigger video
[2020/07/29 01:57:09.331054][I][writeEx] E6640A <= TRIG:CHP:SOUR IF
[2020/07/29 01:57:09.635548][I][queryEx] E6640A <= *OPC?
[2020/07/29 01:57:09.646531][I][queryEx] E6640A => 1
[2020/07/29 01:57:09.750806][I][set_Trigger_Free_Run] Set trigger free run
[2020/07/29 01:57:09.756763][I][writeEx] E6640A <= TRIG:CHP:SOUR IMM
[2020/07/29 01:57:10.061046][I][queryEx] E6640A <= *OPC?
[2020/07/29 01:57:10.071874][I][queryEx] E6640A => 1
[2020/07/29 01:57:10.074884][I][get_Power] Get Tx power
[2020/07/29 01:57:10.077892][I][queryEx] E6640A <= :FETCh:CHPower:CHPower?
[2020/07/29 01:57:10.084273][I][queryEx] E6640A => 1.411574650E+01
[2020/07/29 01:57:10.088005][I][chk_Tx_Result] Tx power(add loss: 8.500000) = 22.616000 dBm
[2020/07/29 01:57:10.090714][I][set_Continue] Set continue
[2020/07/29 01:57:10.093724][I][writeEx] E6640A <= :INIT:CONT ON
[2020/07/29 01:57:12.024251][I][set_Preset] System reset
[2020/07/29 01:57:12.028262][I][writeEx] E6640A <= *RST
[2020/07/29 01:57:12.031269][I][writeEx] E6640A <= *CLS
[2020/07/29 01:57:12.034277][I][writeEx] E6640A <= SYST:PRES
[2020/07/29 01:57:12.338718][I][queryEx] E6640A <= *OPC?
[2020/07/29 01:57:12.868273][I][queryEx] E6640A => 1
[2020/07/29 01:57:12.882924][I][set_Tx_Start] Set Tx start
[2020/07/29 01:57:12.884930][I][set_RFI_Port] Set input port
[2020/07/29 01:57:12.887938][I][writeEx] E6640A <= :FEED:RF:PORT:INPut RFIO1
[2020/07/29 01:57:12.891592][I][queryEx] E6640A <= :FEED:RF:PORT:INPut?
[2020/07/29 01:57:12.897115][I][queryEx] E6640A => RFIO1
[2020/07/29 01:57:12.900127][I][set_Modulation_Analysis] Set measurement function
[2020/07/29 01:57:12.903139][I][writeEx] E6640A <= INST:SEL LTEAFDD
[2020/07/29 01:57:13.207280][I][queryEx] E6640A <= *OPC?
[2020/07/29 01:57:13.223719][I][queryEx] E6640A => 1
[2020/07/29 01:57:13.229684][I][queryEx] E6640A <= INST:SEL?
[2020/07/29 01:57:13.235264][I][queryEx] E6640A => LTEAFDD
[2020/07/29 01:57:13.238650][I][writeEx] E6640A <= DISP:CHP:VIEW:WIND:TRAC:Y:COUP OFF
[2020/07/29 01:57:13.241689][I][set_Freq] Set frequence
[2020/07/29 01:57:13.244407][I][writeEx] E6640A <= :FREQuency:CENTer 1950.0 MHz
[2020/07/29 01:57:13.247749][I][set_Continue] Set continue
[2020/07/29 01:57:13.249769][I][writeEx] E6640A <= :INIT:CONT ON
[2020/07/29 01:57:13.253476][I][set_Trigger_Free_Run] Set trigger free run
[2020/07/29 01:57:13.256528][I][writeEx] E6640A <= TRIG:CHP:SOUR IMM
[2020/07/29 01:57:13.561178][I][queryEx] E6640A <= *OPC?
[2020/07/29 01:57:13.571302][I][queryEx] E6640A => 1
[2020/07/29 01:57:17.932488][I][chk_Tx_Result] Check Tx result
[2020/07/29 01:57:17.940514][I][set_Limit_Range] Set reference value
[2020/07/29 01:57:17.943521][I][writeEx] E6640A <= DISP:CHP:VIEW:WIND:TRAC:Y:RLEV 30.0 dBm
[2020/07/29 01:57:18.248662][I][queryEx] E6640A <= *OPC?
[2020/07/29 01:57:18.259152][I][queryEx] E6640A => 1
[2020/07/29 01:57:18.263387][I][set_Limit_Range] Set power range
[2020/07/29 01:57:18.266401][I][writeEx] E6640A <= :POW:RANG 30.0 dBm
[2020/07/29 01:57:18.571586][I][queryEx] E6640A <= *OPC?
[2020/07/29 01:57:18.582779][I][queryEx] E6640A => 1
[2020/07/29 01:57:18.585797][I][set_Trigger_Video] Set trigger video
[2020/07/29 01:57:18.588796][I][writeEx] E6640A <= TRIG:CHP:SOUR IF
[2020/07/29 01:57:18.894067][I][queryEx] E6640A <= *OPC?
[2020/07/29 01:57:18.904099][I][queryEx] E6640A => 1
[2020/07/29 01:57:19.009615][I][set_Trigger_Free_Run] Set trigger free run
[2020/07/29 01:57:19.013517][I][writeEx] E6640A <= TRIG:CHP:SOUR IMM
[2020/07/29 01:57:19.320150][I][queryEx] E6640A <= *OPC?
[2020/07/29 01:57:19.331470][I][queryEx] E6640A => 1
[2020/07/29 01:57:19.335524][I][get_Power] Get Tx power
[2020/07/29 01:57:19.338497][I][queryEx] E6640A <= :FETCh:CHPower:CHPower?
[2020/07/29 01:57:19.345144][I][queryEx] E6640A => 1.153327274E+01
[2020/07/29 01:57:19.348189][I][chk_Tx_Result] Tx power(add loss: 9.200000) = 20.733000 dBm
[2020/07/29 01:57:19.352165][I][set_Continue] Set continue
[2020/07/29 01:57:19.355171][I][writeEx] E6640A <= :INIT:CONT ON
[2020/07/29 01:57:21.297501][I][set_Preset] System reset
[2020/07/29 01:57:21.301352][I][writeEx] E6640A <= *RST
[2020/07/29 01:57:21.304150][I][writeEx] E6640A <= *CLS
[2020/07/29 01:57:21.307204][I][writeEx] E6640A <= SYST:PRES
[2020/07/29 01:57:21.612306][I][queryEx] E6640A <= *OPC?
[2020/07/29 01:57:22.132209][I][queryEx] E6640A => 1
[2020/07/29 01:57:22.147753][I][set_Tx_Start] Set Tx start
[2020/07/29 01:57:22.150763][I][set_RFI_Port] Set input port
[2020/07/29 01:57:22.153771][I][writeEx] E6640A <= :FEED:RF:PORT:INPut RFIO1
[2020/07/29 01:57:22.157782][I][queryEx] E6640A <= :FEED:RF:PORT:INPut?
[2020/07/29 01:57:22.164393][I][queryEx] E6640A => RFIO1
[2020/07/29 01:57:22.167403][I][set_Modulation_Analysis] Set measurement function
[2020/07/29 01:57:22.170410][I][writeEx] E6640A <= INST:SEL LTEAFDD
[2020/07/29 01:57:22.475573][I][queryEx] E6640A <= *OPC?
[2020/07/29 01:57:22.486634][I][queryEx] E6640A => 1
[2020/07/29 01:57:22.490834][I][queryEx] E6640A <= INST:SEL?
[2020/07/29 01:57:22.496262][I][queryEx] E6640A => LTEAFDD
[2020/07/29 01:57:22.500971][I][writeEx] E6640A <= DISP:CHP:VIEW:WIND:TRAC:Y:COUP OFF
[2020/07/29 01:57:22.504658][I][set_Freq] Set frequence
[2020/07/29 01:57:22.508099][I][writeEx] E6640A <= :FREQuency:CENTer 914.8 MHz
[2020/07/29 01:57:22.511117][I][set_Continue] Set continue
[2020/07/29 01:57:22.514116][I][writeEx] E6640A <= :INIT:CONT ON
[2020/07/29 01:57:22.519130][I][set_Trigger_Free_Run] Set trigger free run
[2020/07/29 01:57:22.522137][I][writeEx] E6640A <= TRIG:CHP:SOUR IMM
[2020/07/29 01:57:22.827134][I][queryEx] E6640A <= *OPC?
[2020/07/29 01:57:22.838982][I][queryEx] E6640A => 1
[2020/07/29 01:57:25.869097][I][chk_Tx_Result] Check Tx result
[2020/07/29 01:57:25.877124][I][set_Limit_Range] Set reference value
[2020/07/29 01:57:25.880170][I][writeEx] E6640A <= DISP:CHP:VIEW:WIND:TRAC:Y:RLEV 30.0 dBm
[2020/07/29 01:57:26.185748][I][queryEx] E6640A <= *OPC?
[2020/07/29 01:57:26.196203][I][queryEx] E6640A => 1
[2020/07/29 01:57:26.200472][I][set_Limit_Range] Set power range
[2020/07/29 01:57:26.203483][I][writeEx] E6640A <= :POW:RANG 30.0 dBm
[2020/07/29 01:57:26.508550][I][queryEx] E6640A <= *OPC?
[2020/07/29 01:57:26.515592][I][queryEx] E6640A => 1
[2020/07/29 01:57:28.521567][I][set_Trigger_Video] Set trigger video
[2020/07/29 01:57:28.529594][I][writeEx] E6640A <= TRIG:CHP:SOUR IF
[2020/07/29 01:57:28.836209][I][queryEx] E6640A <= *OPC?
[2020/07/29 01:57:28.848044][I][queryEx] E6640A => 1
[2020/07/29 01:57:28.851053][I][get_Power] Get Tx power
[2020/07/29 01:57:28.855408][I][queryEx] E6640A <= :FETCh:CHPower:CHPower?
[2020/07/29 01:57:29.496379][I][queryEx] E6640A => 2.264150620E+01
[2020/07/29 01:57:29.503380][I][chk_Tx_Result] Tx power(add loss: 8.500000) = 31.142000 dBm
[2020/07/29 01:57:29.508354][I][set_Continue] Set continue
[2020/07/29 01:57:29.512364][I][writeEx] E6640A <= :INIT:CONT ON
[2020/07/29 01:57:31.236824][I][set_Preset] System reset
[2020/07/29 01:57:31.240630][I][writeEx] E6640A <= *RST
[2020/07/29 01:57:31.243682][I][writeEx] E6640A <= *CLS
[2020/07/29 01:57:31.247651][I][writeEx] E6640A <= SYST:PRES
[2020/07/29 01:57:31.552679][I][queryEx] E6640A <= *OPC?
[2020/07/29 01:57:32.081151][I][queryEx] E6640A => 1
[2020/07/29 01:57:32.097144][I][set_Rx_Waveform] Set Rx waveform
[2020/07/29 01:57:32.101438][I][set_RFO_Port] Set output port
[2020/07/29 01:57:32.104639][I][writeEx] E6640A <= :FEED:RF:PORT:OUTPut RFIO1
[2020/07/29 01:57:32.107690][I][queryEx] E6640A <= :FEED:RF:PORT:OUTPut?
[2020/07/29 01:57:32.114434][I][queryEx] E6640A => RFIO1
[2020/07/29 01:57:32.117444][I][set_OneTone_Freq] Set One Tone frequence
[2020/07/29 01:57:32.120451][I][writeEx] E6640A <= :SOUR:FREQ 959.8 MHz
[2020/07/29 01:57:32.124466][I][set_OneTone_Power] Set One Tone power
[2020/07/29 01:57:32.127470][I][writeEx] E6640A <= :SOURce:POWer -51.5
[2020/07/29 01:57:32.131122][I][loading_Waveform] Load waveform
[2020/07/29 01:57:32.134828][I][queryEx] E6640A <= :SOURce:RADio:ARB:CATalog?
[2020/07/29 01:57:32.140674][I][queryEx] E6640A => 9600,4184704,"CTX10_RFLTE_20160809.wfm"
[2020/07/29 01:57:32.143788][I][writeEx] E6640A <= :SOUR:RAD:ARB:WAV "D:\NVARB\CTX10_RFLTE_20160809.wfm"
[2020/07/29 01:57:32.448928][I][queryEx] E6640A <= *OPC?
[2020/07/29 01:57:32.460562][I][queryEx] E6640A => 1
[2020/07/29 01:57:32.464088][I][set_ARB_ON] Set ARB ON
[2020/07/29 01:57:32.467137][I][writeEx] E6640A <= :SOUR:RAD:ARB ON
[2020/07/29 01:57:32.471108][I][set_Sample_Rate] Set Sample Rate
[2020/07/29 01:57:32.474152][I][writeEx] E6640A <= SOUR:RAD:ARB:SCL:RATE 100.0 kHz
[2020/07/29 01:57:32.478131][I][set_Modulation_ON] Set ARB ON
[2020/07/29 01:57:32.481166][I][writeEx] E6640A <= :OUTP:MOD ON
[2020/07/29 01:57:32.488184][I][set_OneTone_Start] Set One Tone start
[2020/07/29 01:57:32.491986][I][writeEx] E6640A <= OUTP ON
[2020/07/29 01:57:38.854457][I][set_OneTone_Stop] Set One Tone stop
[2020/07/29 01:57:38.861524][I][writeEx] E6640A <= OUTP OFF
[2020/07/29 01:57:56.558422][I][disconnect_E6640A] Disconnect E6640A
[2020/07/29 01:57:56.561432][I][set_Preset] System reset
[2020/07/29 01:57:56.564454][I][writeEx] E6640A <= *RST
[2020/07/29 01:57:56.568450][I][writeEx] E6640A <= *CLS
[2020/07/29 01:57:56.572736][I][writeEx] E6640A <= SYST:PRES
[2020/07/29 01:57:56.877490][I][queryEx] E6640A <= *OPC?
[2020/07/29 01:57:57.413380][I][queryEx] E6640A => 1
[2020/07/29 01:57:57.422405]========== End ==========
