[2020/07/29 07:28:53][I][getBOM] Get BOM Success!
[2020/07/29 07:28:53][I][getSKU] Get SKU from BOM: BOM_SKU, SKU name: 451AOD30L02
[2020/07/29 07:28:53][I][loadTestItemBySKU] Test Item List = (GFI20Bootup.py,1)(CountDown.py,1)(GFI20_RF_Zigbee,2)(GFI20_RF_LTE,1)
[2020/07/29 07:28:53][I][loadTestItemBySKU] Test Item List Element = ['GFI20Bootup.py,1', 'CountDown.py,1', 'GFI20_RF_Zigbee,2', 'GFI20_RF_LTE,1']
[2020/07/29 07:28:53][I][showTestingMsg] Waiting for testing...
[2020/07/29 07:28:53]---------- TestItem:GFI20Bootup.py  Method:1 ----------
[2020/07/29 07:28:53][I][runTestItem] Test start time: 2020/07/29 07:28:53
[2020/07/29 07:28:59][I][runTestItem] Test finished
[2020/07/29 07:28:59][I][checkTestResult] Version=3.0.0.3
[2020/07/29 07:28:59][I][checkTestResult] Result=Pass
[2020/07/29 07:28:59]*********************************************************
[2020/07/29 07:28:59]GFI20Bootup.py   3.0.0.3

[2020/07/29 07:28:59]			Result: Pass

[2020/07/29 07:28:59]			Method: 1

[2020/07/29 07:28:59]			Start: 2020/07/29 07:28:53

[2020/07/29 07:28:59]			End: 2020/07/29 07:28:59
[2020/07/29 07:28:59][I][runTestItem] Test end time: 2020/07/29 07:28:59
[2020/07/29 07:28:59]---------- TestItem:CountDown.py  Method:1 ----------
[2020/07/29 07:28:59][I][runTestItem] Test start time: 2020/07/29 07:28:59
[2020/07/29 07:29:52][I][runTestItem] Test finished
[2020/07/29 07:29:52][I][checkTestResult] Version=3.0.0.3
[2020/07/29 07:29:52][I][checkTestResult] Result=Pass
[2020/07/29 07:29:52]*********************************************************
[2020/07/29 07:29:52]CountDown.py   3.0.0.3

[2020/07/29 07:29:52]			Result: Pass

[2020/07/29 07:29:52]			Method: 1

[2020/07/29 07:29:52]			Start: 2020/07/29 07:28:59

[2020/07/29 07:29:52]			End: 2020/07/29 07:29:52
[2020/07/29 07:29:52][I][runTestItem] Test end time: 2020/07/29 07:29:52
[2020/07/29 07:29:52]---------- TestItem:GFI20_RF_Zigbee.py  Method:2 ----------
[2020/07/29 07:29:52][I][runTestItem] Test start time: 2020/07/29 07:29:52
[2020/07/29 07:31:49][I][runTestItem] Test finished
[2020/07/29 07:31:49][I][checkTestResult] Version=3.0.0.3
[2020/07/29 07:31:49][I][checkTestResult] Result=Pass
[2020/07/29 07:31:49]*********************************************************
[2020/07/29 07:31:49]GFI20_RF_Zigbee.py   3.0.0.3

[2020/07/29 07:31:49]			Result: Pass

[2020/07/29 07:31:49]			Method: 2

[2020/07/29 07:31:49]			Start: 2020/07/29 07:29:52

[2020/07/29 07:31:49]			End: 2020/07/29 07:31:49
[2020/07/29 07:31:49][I][runTestItem] Test end time: 2020/07/29 07:31:49
[2020/07/29 07:31:49]---------- TestItem:GFI20_RF_LTE.py  Method:1 ----------
[2020/07/29 07:31:49][I][runTestItem] Test start time: 2020/07/29 07:31:49
[2020/07/29 07:33:03][I][runTestItem] Test finished
[2020/07/29 07:33:03][I][checkTestResult] Version=3.0.0.11
[2020/07/29 07:33:03][I][checkTestResult] Result=Pass
[2020/07/29 07:33:03]*********************************************************
[2020/07/29 07:33:03]GFI20_RF_LTE.py   3.0.0.11

[2020/07/29 07:33:03]			Result: Pass

[2020/07/29 07:33:03]			Method: 1

[2020/07/29 07:33:03]			Start: 2020/07/29 07:31:49

[2020/07/29 07:33:03]			End: 2020/07/29 07:33:03
[2020/07/29 07:33:03][I][runTestItem] Test end time: 2020/07/29 07:33:03
[2020/07/29 07:33:04][I][runLastScript] Waiting for ending...
[2020/07/29 07:33:04]---------- TestItem:GFI20LastScript.py  Method:1 ----------
[2020/07/29 07:33:04][I][runLastScript] Test start time: 2020/07/29 07:33:04
[2020/07/29 07:33:54][I][runLastScript] Test finished
[2020/07/29 07:33:54][I][runLastScript] Test end time: 2020/07/29 07:33:54
[2020/07/29 07:33:54][I][checkTestResult] Version=3.0.0.6
[2020/07/29 07:33:54][I][checkTestResult] Result=Pass
[2020/07/29 07:33:54]*********************************************************
[2020/07/29 07:33:54]GFI20LastScript.py   3.0.0.6

[2020/07/29 07:33:54]			Result: Pass

[2020/07/29 07:33:54]			Method: 1

[2020/07/29 07:33:54]			Start: 2020/07/29 07:33:04

[2020/07/29 07:33:54]			End: 2020/07/29 07:33:54
[2020/07/29 07:33:54][I][processSFISUploadPass] No SFIS RecordInfo
[2020/07/29 07:33:56][I][processSFISUploadPass] Upload pass Success!
