[2020/07/27 22:17:28.080916]========== Start ==========
[2020/07/27 22:17:28.090863][I][class_E6640A_ZIGBEE] Initial class_E6640A_ZIGBEE
[2020/07/27 22:17:28.090863][I][class_E6640A_ZIGBEE] Version: 3.0.0.2
[2020/07/27 22:17:28.090863][I][connect_E6640A] Connect to E6640A
[2020/07/27 22:17:28.180898][I][connect_E6640A] Resource Manager of Visa Library at C:\Windows\system32\visa32.dll
[2020/07/27 22:17:28.260862][I][queryEx] E6640A <= *IDN?
[2020/07/27 22:17:28.260862][I][queryEx] E6640A => Keysight Technologies,E6640A,MY57150246,E.19.71
[2020/07/27 22:17:28.270905][I][set_Preset] System reset
[2020/07/27 22:17:28.270905][I][writeEx] E6640A <= *RST
[2020/07/27 22:17:28.270905][I][writeEx] E6640A <= *CLS
[2020/07/27 22:17:28.281133][I][writeEx] E6640A <= SYST:PRES
[2020/07/27 22:17:28.591411][I][queryEx] E6640A <= *OPC?
[2020/07/27 22:17:29.320864][I][queryEx] E6640A => 1
[2020/07/27 22:17:29.330902][I][set_Preset] System reset
[2020/07/27 22:17:29.340901][I][writeEx] E6640A <= *RST
[2020/07/27 22:17:29.340901][I][writeEx] E6640A <= *CLS
[2020/07/27 22:17:29.350905][I][writeEx] E6640A <= SYST:PRES
[2020/07/27 22:17:29.661403][I][queryEx] E6640A <= *OPC?
[2020/07/27 22:17:30.381400][I][queryEx] E6640A => 1
[2020/07/27 22:17:30.810893][I][set_Preset] System reset
[2020/07/27 22:17:30.810893][I][writeEx] E6640A <= *RST
[2020/07/27 22:17:30.810893][I][writeEx] E6640A <= *CLS
[2020/07/27 22:17:30.810893][I][writeEx] E6640A <= SYST:PRES
[2020/07/27 22:17:31.131399][I][queryEx] E6640A <= *OPC?
[2020/07/27 22:17:31.871407][I][queryEx] E6640A => 1
[2020/07/27 22:17:31.880876][I][set_Tx_Start] Set Tx start
[2020/07/27 22:17:31.890871][I][set_RFI_Port] Set input port
[2020/07/27 22:17:31.890871][I][writeEx] E6640A <= :FEED:RF:PORT:INPut RFIO1
[2020/07/27 22:17:31.890871][I][queryEx] E6640A <= :FEED:RF:PORT:INPut?
[2020/07/27 22:17:31.900862][I][queryEx] E6640A => RFIO1
[2020/07/27 22:17:31.900862][I][set_Modulation_Analysis] Set measurement function
[2020/07/27 22:17:31.900862][I][writeEx] E6640A <= INST:SEL VSA
[2020/07/27 22:17:32.211405][I][queryEx] E6640A <= *OPC?
[2020/07/27 22:17:32.211405][I][queryEx] E6640A => 1
[2020/07/27 22:17:32.220902][I][queryEx] E6640A <= INST:SEL?
[2020/07/27 22:17:32.220902][I][queryEx] E6640A => VSA
[2020/07/27 22:17:32.220902][I][writeEx] E6640A <= :CONFigure:DDEMod
[2020/07/27 22:17:32.541400][I][queryEx] E6640A <= *OPC?
[2020/07/27 22:17:32.711401][I][queryEx] E6640A => 1
[2020/07/27 22:17:32.720913][I][init_Zigbee_Mode] Initial Zigbee mode
[2020/07/27 22:17:32.730912][I][writeEx] E6640A <= :DDEM:STAN:PRES ZIGBEE2450
[2020/07/27 22:17:33.041406][I][queryEx] E6640A <= *OPC?
[2020/07/27 22:17:33.050861][I][queryEx] E6640A => 1
[2020/07/27 22:17:33.050861][I][set_Continue] Set continue
[2020/07/27 22:17:33.050861][I][writeEx] E6640A <= :INIT:CONT ON
[2020/07/27 22:17:33.050861][I][set_Freq] Set frequence
[2020/07/27 22:17:33.060897][I][writeEx] E6640A <= :FREQuency:CENTer 2425.0 MHz
[2020/07/27 22:17:33.060897][I][set_XScale_Span] Set frequence span
[2020/07/27 22:17:33.060897][I][writeEx] E6640A <= :FREQuency:SPAN 10000.000000 KHZ
[2020/07/27 22:17:33.070890][I][set_Power_Range] Get power range
[2020/07/27 22:17:33.070890][I][writeEx] E6640A <= :POW:RANG 20.000000
[2020/07/27 22:17:33.070890][I][set_Symbol_Rate] Get symbol rate
[2020/07/27 22:17:33.080862][I][writeEx] E6640A <= :DDEMod:SRATe 1000.000000 kHz
[2020/07/27 22:17:33.080862][I][set_Meas_Interval] Get meas interval
[2020/07/27 22:17:33.080862][I][writeEx] E6640A <= :DDEMod:SWEep:POINts 500
[2020/07/27 22:17:33.090860][I][set_Zigbee_TX_BandPower] Set marker function
[2020/07/27 22:17:33.090860][I][writeEx] E6640A <= CALC:DDEMod:MARK1:MODE POS
[2020/07/27 22:17:33.090860][I][writeEx] E6640A <= CALC:DDEMod:MARK1:TRAC 2
[2020/07/27 22:17:33.100862][I][writeEx] E6640A <= CALC:DDEMod:MARK1:FUNC BPOW
[2020/07/27 22:17:33.100862][I][writeEx] E6640A <= CALC:DDEMod:MARK1:FUNC:BPOW:CTYP MEAN
[2020/07/27 22:17:33.100862][I][writeEx] E6640A <= CALC:DDEMod:MARK1:FUNC:BAND:CENT 2425000000.000000
[2020/07/27 22:17:33.421404][I][queryEx] E6640A <= *OPC?
[2020/07/27 22:17:33.430921][I][queryEx] E6640A => 1
[2020/07/27 22:17:33.430921][I][queryEx] E6640A <= CALC:DDEMod:MARK1:FUNC:BAND:CENT?
[2020/07/27 22:17:33.430921][I][queryEx] E6640A => 2.425000000E+09
[2020/07/27 22:17:33.440861][I][writeEx] E6640A <= CALC:DDEMod:MARK1:FUNC:BAND:SPAN 10000000.000000
[2020/07/27 22:17:33.751402][I][queryEx] E6640A <= *OPC?
[2020/07/27 22:17:33.760862][I][queryEx] E6640A => 1
[2020/07/27 22:17:33.760862][I][set_Trigger_Video] Set trigger video
[2020/07/27 22:17:33.760862][I][writeEx] E6640A <= TRIG:DDEM:SOUR VID
[2020/07/27 22:17:34.071400][I][queryEx] E6640A <= *OPC?
[2020/07/27 22:17:34.080944][I][queryEx] E6640A => 1
[2020/07/27 22:17:34.080944][I][set_Trigger_Level] Set trigger level
[2020/07/27 22:17:34.080944][I][writeEx] E6640A <= :TRIGger:VIDeo:LEVel 30.000000 mV
[2020/07/27 22:17:34.090872][I][set_Trigger_Delay] Set trigger delay
[2020/07/27 22:17:34.090872][I][writeEx] E6640A <= :TRIGger:VIDeo:DELay:STATe ON
[2020/07/27 22:17:34.090872][I][queryEx] E6640A <= :TRIGger:VIDeo:DELay:STATe?
[2020/07/27 22:17:34.151510][I][queryEx] E6640A => 1
[2020/07/27 22:17:34.160909][I][writeEx] E6640A <= :TRIGger:VIDeo:DELay:STATe ON
[2020/07/27 22:17:34.160909][I][writeEx] E6640A <= :TRIGger:VIDeo:DELay 0.300000 ms
[2020/07/27 22:17:34.170901][I][init_Trigger_Reg] Initial trigger status register
[2020/07/27 22:17:34.170901][I][writeEx] E6640A <= *CLS
[2020/07/27 22:17:34.180862][I][writeEx] E6640A <= :STATus:PRESet
[2020/07/27 22:17:34.180862][I][writeEx] E6640A <= *SRE 192
[2020/07/27 22:17:34.190898][I][writeEx] E6640A <= :STATus:OPERation:ENABle 32
[2020/07/27 22:17:34.190898][I][writeEx] E6640A <= *CLS
[2020/07/27 22:17:34.200861][I][queryEx] E6640A <= *STB?
[2020/07/27 22:17:34.241121][I][queryEx] E6640A => 0
[2020/07/27 22:17:34.241121][I][init_Trigger_Reg] Status: 0
[2020/07/27 22:17:43.681404][I][chk_Tx_Result] Check Tx result
[2020/07/27 22:17:43.681404][I][get_Trigger_Status] Get trigger status
[2020/07/27 22:17:43.690859][I][queryEx] E6640A <= *STB?
[2020/07/27 22:17:43.690859][I][queryEx] E6640A => 192
[2020/07/27 22:17:43.700857][I][get_Trigger_Status] Status: 192
[2020/07/27 22:17:43.700857]Is triggered!
[2020/07/27 22:17:43.700857][I][writeEx] E6640A <= *CLS
[2020/07/27 22:17:43.710875][I][set_Continue] Set continue
[2020/07/27 22:17:43.710875][I][writeEx] E6640A <= :INIT:CONT ON
[2020/07/27 22:17:43.821410][I][set_Single] Set single
[2020/07/27 22:17:43.830872][I][writeEx] E6640A <= :INIT:CONT OFF
[2020/07/27 22:17:43.830872][I][set_Zigbee_TX_BandPower] Set marker function
[2020/07/27 22:17:43.840858][I][writeEx] E6640A <= CALC:DDEMod:MARK1:MODE POS
[2020/07/27 22:17:43.840858][I][writeEx] E6640A <= CALC:DDEMod:MARK1:TRAC 2
[2020/07/27 22:17:43.850859][I][writeEx] E6640A <= CALC:DDEMod:MARK1:FUNC BPOW
[2020/07/27 22:17:43.850859][I][writeEx] E6640A <= CALC:DDEMod:MARK1:FUNC:BPOW:CTYP MEAN
[2020/07/27 22:17:43.850859][I][writeEx] E6640A <= CALC:DDEMod:MARK1:FUNC:BAND:CENT 2425000000.000000
[2020/07/27 22:17:44.161326][I][queryEx] E6640A <= *OPC?
[2020/07/27 22:17:44.170859][I][queryEx] E6640A => 1
[2020/07/27 22:17:44.170859][I][queryEx] E6640A <= CALC:DDEMod:MARK1:FUNC:BAND:CENT?
[2020/07/27 22:17:44.170859][I][queryEx] E6640A => 2.425000000E+09
[2020/07/27 22:17:44.180859][I][writeEx] E6640A <= CALC:DDEMod:MARK1:FUNC:BAND:SPAN 10000000.000000
[2020/07/27 22:17:44.491150][I][queryEx] E6640A <= *OPC?
[2020/07/27 22:17:44.500857][I][queryEx] E6640A => 1
[2020/07/27 22:17:44.500857][I][get_Power] Get Tx power
[2020/07/27 22:17:44.500857][I][queryEx] E6640A <= :CALC:DDEMod:MARK1:Y?
[2020/07/27 22:17:44.510859][I][queryEx] E6640A => 9.776327678E+00
[2020/07/27 22:17:44.510859][I][chk_Tx_Result] Tx power(add loss: 0.500000) = 10.276000 dBm
[2020/07/27 22:17:44.520858][I][read_DDEMod_Array] Read measurement result
[2020/07/27 22:17:44.520858][I][queryEx] E6640A <= :READ:DDEMod?
[2020/07/27 22:17:44.671396][I][queryEx] E6640A => 1.260123730E+01,4.105217361E+01,2.070000000E+02,2.736550808E+00,1.499387455E+01,2.070000000E+02,9.91E+37,9.91E+37,9.91E+37,2.696370482E-01,-7.015407085E-01,3.790000000E+02,1.025612164E+01,3.379557800E+01,2.070000000E+02,2.945839453E+04,9.91E+37,9.91E+37,9.91E+37,9.91E+37,9.91E+37,-5.386077881E+01,9.91E+37,9.684656858E-01,-5.774936080E-02,1.686503291E-01,9.91E+37,9.91E+37,9.91E+37,9.91E+37,9.91E+37,9.91E+37,9.91E+37,9.91E+37,9.91E+37,9.91E+37,9.91E+37,9.91E+37,9.91E+37,9.91E+37,9.91E+37,9.91E+37,9.91E+37,9.91E+37,9.91E+37,9.91E+37,9.91E+37,9.91E+37,9.91E+37,9.91E+37,9.91E+37,9.91E+37,9.91E+37,9.91E+37,9.91E+37,9.91E+37,9.91E+37,9.91E+37,9.91E+37,9.91E+37,9.91E+37,1.036493224E-03,1.742538298E-03
[2020/07/27 22:17:44.690920][I][set_Continue] Set continue
[2020/07/27 22:17:44.700867][I][writeEx] E6640A <= :INIT:CONT ON
[2020/07/27 22:17:55.671399][I][chk_Tx_Result] Check Tx result
[2020/07/27 22:17:55.671399][I][get_Trigger_Status] Get trigger status
[2020/07/27 22:17:55.680890][I][queryEx] E6640A <= *STB?
[2020/07/27 22:17:55.680890][I][queryEx] E6640A => 192
[2020/07/27 22:17:55.690855][I][get_Trigger_Status] Status: 192
[2020/07/27 22:17:55.690855]Is triggered!
[2020/07/27 22:17:55.690855][I][writeEx] E6640A <= *CLS
[2020/07/27 22:17:55.700855][I][set_Continue] Set continue
[2020/07/27 22:17:55.700855][I][writeEx] E6640A <= :INIT:CONT ON
[2020/07/27 22:17:55.821396][I][set_Single] Set single
[2020/07/27 22:17:55.830860][I][writeEx] E6640A <= :INIT:CONT OFF
[2020/07/27 22:17:55.840892][I][set_Zigbee_TX_BandPower] Set marker function
[2020/07/27 22:17:55.850893][I][writeEx] E6640A <= CALC:DDEMod:MARK1:MODE POS
[2020/07/27 22:17:55.860900][I][writeEx] E6640A <= CALC:DDEMod:MARK1:TRAC 2
[2020/07/27 22:17:55.860900][I][writeEx] E6640A <= CALC:DDEMod:MARK1:FUNC BPOW
[2020/07/27 22:17:55.870888][I][writeEx] E6640A <= CALC:DDEMod:MARK1:FUNC:BPOW:CTYP MEAN
[2020/07/27 22:17:55.870888][I][writeEx] E6640A <= CALC:DDEMod:MARK1:FUNC:BAND:CENT 2425000000.000000
[2020/07/27 22:17:56.191392][I][queryEx] E6640A <= *OPC?
[2020/07/27 22:17:56.201342][I][queryEx] E6640A => 1
[2020/07/27 22:17:56.201342][I][queryEx] E6640A <= CALC:DDEMod:MARK1:FUNC:BAND:CENT?
[2020/07/27 22:17:56.210890][I][queryEx] E6640A => 2.425000000E+09
[2020/07/27 22:17:56.210890][I][writeEx] E6640A <= CALC:DDEMod:MARK1:FUNC:BAND:SPAN 10000000.000000
[2020/07/27 22:17:56.521390][I][queryEx] E6640A <= *OPC?
[2020/07/27 22:17:56.541549][I][queryEx] E6640A => 1
[2020/07/27 22:17:56.541549][I][get_Power] Get Tx power
[2020/07/27 22:17:56.541549][I][queryEx] E6640A <= :CALC:DDEMod:MARK1:Y?
[2020/07/27 22:17:56.550855][I][queryEx] E6640A => 8.627641301E+00
[2020/07/27 22:17:56.550855][I][chk_Tx_Result] Tx power(add loss: 0.500000) = 9.128000 dBm
[2020/07/27 22:17:56.560875][I][read_DDEMod_Array] Read measurement result
[2020/07/27 22:17:56.560875][I][queryEx] E6640A <= :READ:DDEMod?
[2020/07/27 22:17:56.811405][I][queryEx] E6640A => 1.253901958E+01,3.892634583E+01,1.990000000E+02,2.676622629E+00,1.204380131E+01,1.990000000E+02,9.91E+37,9.91E+37,9.91E+37,3.698845208E-01,-7.999300957E-01,3.600000000E+02,1.019670010E+01,3.185742950E+01,1.990000000E+02,2.925401563E+04,9.91E+37,9.91E+37,9.91E+37,9.91E+37,9.91E+37,-4.628582382E+01,9.91E+37,9.687577486E-01,2.440478466E-02,3.356821239E-01,9.91E+37,9.91E+37,9.91E+37,9.91E+37,9.91E+37,9.91E+37,9.91E+37,9.91E+37,9.91E+37,9.91E+37,9.91E+37,9.91E+37,9.91E+37,9.91E+37,9.91E+37,9.91E+37,9.91E+37,9.91E+37,9.91E+37,9.91E+37,9.91E+37,9.91E+37,9.91E+37,9.91E+37,9.91E+37,9.91E+37,9.91E+37,9.91E+37,9.91E+37,9.91E+37,9.91E+37,9.91E+37,9.91E+37,9.91E+37,9.91E+37,-4.225204233E-03,2.380458638E-03
[2020/07/27 22:17:56.820895][I][set_Continue] Set continue
[2020/07/27 22:17:56.820895][I][writeEx] E6640A <= :INIT:CONT ON
[2020/07/27 22:17:58.370854][I][set_Preset] System reset
[2020/07/27 22:17:58.370854][I][writeEx] E6640A <= *RST
[2020/07/27 22:17:58.380913][I][writeEx] E6640A <= *CLS
[2020/07/27 22:17:58.380913][I][writeEx] E6640A <= SYST:PRES
[2020/07/27 22:17:58.701394][I][queryEx] E6640A <= *OPC?
[2020/07/27 22:17:59.621399][I][queryEx] E6640A => 1
[2020/07/27 22:17:59.640856][I][set_Tx_Start] Set Tx start
[2020/07/27 22:17:59.640856][I][set_RFI_Port] Set input port
[2020/07/27 22:17:59.650854][I][writeEx] E6640A <= :FEED:RF:PORT:INPut RFIO1
[2020/07/27 22:17:59.650854][I][queryEx] E6640A <= :FEED:RF:PORT:INPut?
[2020/07/27 22:17:59.660853][I][queryEx] E6640A => RFIO1
[2020/07/27 22:17:59.660853][I][set_Modulation_Analysis] Set measurement function
[2020/07/27 22:17:59.670887][I][writeEx] E6640A <= INST:SEL VSA
[2020/07/27 22:17:59.981368][I][queryEx] E6640A <= *OPC?
[2020/07/27 22:17:59.990854][I][queryEx] E6640A => 1
[2020/07/27 22:17:59.990854][I][queryEx] E6640A <= INST:SEL?
[2020/07/27 22:17:59.990854][I][queryEx] E6640A => VSA
[2020/07/27 22:18:00.000883][I][writeEx] E6640A <= :CONFigure:DDEMod
[2020/07/27 22:18:00.311392][I][queryEx] E6640A <= *OPC?
[2020/07/27 22:18:00.481368][I][queryEx] E6640A => 1
[2020/07/27 22:18:00.490858][I][init_Zigbee_Mode] Initial Zigbee mode
[2020/07/27 22:18:00.490858][I][writeEx] E6640A <= :DDEM:STAN:PRES ZIGBEE2450
[2020/07/27 22:18:00.811568][I][queryEx] E6640A <= *OPC?
[2020/07/27 22:18:00.811568][I][queryEx] E6640A => 1
[2020/07/27 22:18:00.820854][I][set_Continue] Set continue
[2020/07/27 22:18:00.820854][I][writeEx] E6640A <= :INIT:CONT ON
[2020/07/27 22:18:00.820854][I][set_Freq] Set frequence
[2020/07/27 22:18:00.830853][I][writeEx] E6640A <= :FREQuency:CENTer 2455.0 MHz
[2020/07/27 22:18:00.830853][I][set_XScale_Span] Set frequence span
[2020/07/27 22:18:00.840879][I][writeEx] E6640A <= :FREQuency:SPAN 10000.000000 KHZ
[2020/07/27 22:18:00.840879][I][set_Power_Range] Get power range
[2020/07/27 22:18:00.850865][I][writeEx] E6640A <= :POW:RANG 20.000000
[2020/07/27 22:18:00.850865][I][set_Symbol_Rate] Get symbol rate
[2020/07/27 22:18:00.860896][I][writeEx] E6640A <= :DDEMod:SRATe 1000.000000 kHz
[2020/07/27 22:18:00.860896][I][set_Meas_Interval] Get meas interval
[2020/07/27 22:18:00.860896][I][writeEx] E6640A <= :DDEMod:SWEep:POINts 500
[2020/07/27 22:18:00.870854][I][set_Zigbee_TX_BandPower] Set marker function
[2020/07/27 22:18:00.870854][I][writeEx] E6640A <= CALC:DDEMod:MARK1:MODE POS
[2020/07/27 22:18:00.880882][I][writeEx] E6640A <= CALC:DDEMod:MARK1:TRAC 2
[2020/07/27 22:18:00.880882][I][writeEx] E6640A <= CALC:DDEMod:MARK1:FUNC BPOW
[2020/07/27 22:18:00.890853][I][writeEx] E6640A <= CALC:DDEMod:MARK1:FUNC:BPOW:CTYP MEAN
[2020/07/27 22:18:00.890853][I][writeEx] E6640A <= CALC:DDEMod:MARK1:FUNC:BAND:CENT 2455000000.000000
[2020/07/27 22:18:01.201537][I][queryEx] E6640A <= *OPC?
[2020/07/27 22:18:01.201537][I][queryEx] E6640A => 1
[2020/07/27 22:18:01.210881][I][queryEx] E6640A <= CALC:DDEMod:MARK1:FUNC:BAND:CENT?
[2020/07/27 22:18:01.210881][I][queryEx] E6640A => 2.455000000E+09
[2020/07/27 22:18:01.210881][I][writeEx] E6640A <= CALC:DDEMod:MARK1:FUNC:BAND:SPAN 10000000.000000
[2020/07/27 22:18:01.531368][I][queryEx] E6640A <= *OPC?
[2020/07/27 22:18:01.540855][I][queryEx] E6640A => 1
[2020/07/27 22:18:01.540855][I][set_Trigger_Video] Set trigger video
[2020/07/27 22:18:01.540855][I][writeEx] E6640A <= TRIG:DDEM:SOUR VID
[2020/07/27 22:18:01.861291][I][queryEx] E6640A <= *OPC?
[2020/07/27 22:18:01.870945][I][queryEx] E6640A => 1
[2020/07/27 22:18:01.870945][I][set_Trigger_Level] Set trigger level
[2020/07/27 22:18:01.870945][I][writeEx] E6640A <= :TRIGger:VIDeo:LEVel 30.000000 mV
[2020/07/27 22:18:01.880884][I][set_Trigger_Delay] Set trigger delay
[2020/07/27 22:18:01.880884][I][writeEx] E6640A <= :TRIGger:VIDeo:DELay:STATe ON
[2020/07/27 22:18:01.890885][I][queryEx] E6640A <= :TRIGger:VIDeo:DELay:STATe?
[2020/07/27 22:18:01.951492][I][queryEx] E6640A => 1
[2020/07/27 22:18:01.951492][I][writeEx] E6640A <= :TRIGger:VIDeo:DELay:STATe ON
[2020/07/27 22:18:01.960856][I][writeEx] E6640A <= :TRIGger:VIDeo:DELay 0.300000 ms
[2020/07/27 22:18:01.960856][I][init_Trigger_Reg] Initial trigger status register
[2020/07/27 22:18:01.970853][I][writeEx] E6640A <= *CLS
[2020/07/27 22:18:01.980853][I][writeEx] E6640A <= :STATus:PRESet
[2020/07/27 22:18:01.980853][I][writeEx] E6640A <= *SRE 192
[2020/07/27 22:18:01.980853][I][writeEx] E6640A <= :STATus:OPERation:ENABle 32
[2020/07/27 22:18:01.990854][I][writeEx] E6640A <= *CLS
[2020/07/27 22:18:01.990854][I][queryEx] E6640A <= *STB?
[2020/07/27 22:18:02.040853][I][queryEx] E6640A => 0
[2020/07/27 22:18:02.040853][I][init_Trigger_Reg] Status: 0
[2020/07/27 22:18:11.531387][I][chk_Tx_Result] Check Tx result
[2020/07/27 22:18:11.540893][I][get_Trigger_Status] Get trigger status
[2020/07/27 22:18:11.540893][I][queryEx] E6640A <= *STB?
[2020/07/27 22:18:11.550850][I][queryEx] E6640A => 192
[2020/07/27 22:18:11.550850][I][get_Trigger_Status] Status: 192
[2020/07/27 22:18:11.550850]Is triggered!
[2020/07/27 22:18:11.560868][I][writeEx] E6640A <= *CLS
[2020/07/27 22:18:11.570851][I][set_Continue] Set continue
[2020/07/27 22:18:11.570851][I][writeEx] E6640A <= :INIT:CONT ON
[2020/07/27 22:18:11.681392][I][set_Single] Set single
[2020/07/27 22:18:11.690850][I][writeEx] E6640A <= :INIT:CONT OFF
[2020/07/27 22:18:11.690850][I][set_Zigbee_TX_BandPower] Set marker function
[2020/07/27 22:18:11.690850][I][writeEx] E6640A <= CALC:DDEMod:MARK1:MODE POS
[2020/07/27 22:18:11.700850][I][writeEx] E6640A <= CALC:DDEMod:MARK1:TRAC 2
[2020/07/27 22:18:11.700850][I][writeEx] E6640A <= CALC:DDEMod:MARK1:FUNC BPOW
[2020/07/27 22:18:11.710850][I][writeEx] E6640A <= CALC:DDEMod:MARK1:FUNC:BPOW:CTYP MEAN
[2020/07/27 22:18:11.710850][I][writeEx] E6640A <= CALC:DDEMod:MARK1:FUNC:BAND:CENT 2455000000.000000
[2020/07/27 22:18:12.021273][I][queryEx] E6640A <= *OPC?
[2020/07/27 22:18:12.030851][I][queryEx] E6640A => 1
[2020/07/27 22:18:12.030851][I][queryEx] E6640A <= CALC:DDEMod:MARK1:FUNC:BAND:CENT?
[2020/07/27 22:18:12.030851][I][queryEx] E6640A => 2.455000000E+09
[2020/07/27 22:18:12.040855][I][writeEx] E6640A <= CALC:DDEMod:MARK1:FUNC:BAND:SPAN 10000000.000000
[2020/07/27 22:18:12.351395][I][queryEx] E6640A <= *OPC?
[2020/07/27 22:18:12.360850][I][queryEx] E6640A => 1
[2020/07/27 22:18:12.360850][I][get_Power] Get Tx power
[2020/07/27 22:18:12.360850][I][queryEx] E6640A <= :CALC:DDEMod:MARK1:Y?
[2020/07/27 22:18:12.370879][I][queryEx] E6640A => 9.817651681E+00
[2020/07/27 22:18:12.370879][I][chk_Tx_Result] Tx power(add loss: 0.500000) = 10.318000 dBm
[2020/07/27 22:18:12.380850][I][read_DDEMod_Array] Read measurement result
[2020/07/27 22:18:12.380850][I][queryEx] E6640A <= :READ:DDEMod?
[2020/07/27 22:18:12.641382][I][queryEx] E6640A => 1.335991287E+01,3.822147369E+01,2.430000000E+02,2.880697966E+00,1.415151787E+01,2.430000000E+02,9.91E+37,9.91E+37,9.91E+37,2.747349143E-01,-6.950318813E-01,4.080000000E+02,1.086816883E+01,3.140006065E+01,2.430000000E+02,2.944743359E+04,9.91E+37,9.91E+37,9.91E+37,9.91E+37,9.91E+37,-4.979235840E+01,9.91E+37,9.645922184E-01,1.845565252E-02,-2.478807271E-01,9.91E+37,9.91E+37,9.91E+37,9.91E+37,9.91E+37,9.91E+37,9.91E+37,9.91E+37,9.91E+37,9.91E+37,9.91E+37,9.91E+37,9.91E+37,9.91E+37,9.91E+37,9.91E+37,9.91E+37,9.91E+37,9.91E+37,9.91E+37,9.91E+37,9.91E+37,9.91E+37,9.91E+37,9.91E+37,9.91E+37,9.91E+37,9.91E+37,9.91E+37,9.91E+37,9.91E+37,9.91E+37,9.91E+37,9.91E+37,9.91E+37,-1.098488341E-03,-3.046810161E-03
[2020/07/27 22:18:12.650904][I][set_Continue] Set continue
[2020/07/27 22:18:12.660885][I][writeEx] E6640A <= :INIT:CONT ON
[2020/07/27 22:18:23.641258][I][chk_Tx_Result] Check Tx result
[2020/07/27 22:18:23.641258][I][get_Trigger_Status] Get trigger status
[2020/07/27 22:18:23.650849][I][queryEx] E6640A <= *STB?
[2020/07/27 22:18:23.650849][I][queryEx] E6640A => 192
[2020/07/27 22:18:23.660851][I][get_Trigger_Status] Status: 192
[2020/07/27 22:18:23.660851]Is triggered!
[2020/07/27 22:18:23.670887][I][writeEx] E6640A <= *CLS
[2020/07/27 22:18:23.670887][I][set_Continue] Set continue
[2020/07/27 22:18:23.680883][I][writeEx] E6640A <= :INIT:CONT ON
[2020/07/27 22:18:23.791386][I][set_Single] Set single
[2020/07/27 22:18:23.800914][I][writeEx] E6640A <= :INIT:CONT OFF
[2020/07/27 22:18:23.820898][I][set_Zigbee_TX_BandPower] Set marker function
[2020/07/27 22:18:23.830897][I][writeEx] E6640A <= CALC:DDEMod:MARK1:MODE POS
[2020/07/27 22:18:23.830897][I][writeEx] E6640A <= CALC:DDEMod:MARK1:TRAC 2
[2020/07/27 22:18:23.840885][I][writeEx] E6640A <= CALC:DDEMod:MARK1:FUNC BPOW
[2020/07/27 22:18:23.840885][I][writeEx] E6640A <= CALC:DDEMod:MARK1:FUNC:BPOW:CTYP MEAN
[2020/07/27 22:18:23.850848][I][writeEx] E6640A <= CALC:DDEMod:MARK1:FUNC:BAND:CENT 2455000000.000000
[2020/07/27 22:18:24.171394][I][queryEx] E6640A <= *OPC?
[2020/07/27 22:18:24.180846][I][queryEx] E6640A => 1
[2020/07/27 22:18:24.180846][I][queryEx] E6640A <= CALC:DDEMod:MARK1:FUNC:BAND:CENT?
[2020/07/27 22:18:24.180846][I][queryEx] E6640A => 2.455000000E+09
[2020/07/27 22:18:24.190848][I][writeEx] E6640A <= CALC:DDEMod:MARK1:FUNC:BAND:SPAN 10000000.000000
[2020/07/27 22:18:24.501392][I][queryEx] E6640A <= *OPC?
[2020/07/27 22:18:24.510856][I][queryEx] E6640A => 1
[2020/07/27 22:18:24.510856][I][get_Power] Get Tx power
[2020/07/27 22:18:24.520846][I][queryEx] E6640A <= :CALC:DDEMod:MARK1:Y?
[2020/07/27 22:18:24.520846][I][queryEx] E6640A => 8.676230047E+00
[2020/07/27 22:18:24.530870][I][chk_Tx_Result] Tx power(add loss: 0.500000) = 9.176000 dBm
[2020/07/27 22:18:24.530870][I][read_DDEMod_Array] Read measurement result
[2020/07/27 22:18:24.540906][I][queryEx] E6640A <= :READ:DDEMod?
[2020/07/27 22:18:24.690935][I][queryEx] E6640A => 1.350217533E+01,3.777483749E+01,1.440000000E+02,3.088294029E+00,1.264750385E+01,1.440000000E+02,9.91E+37,9.91E+37,9.91E+37,3.418646455E-01,-9.046137333E-01,4.550000000E+02,1.099258137E+01,3.100743675E+01,1.440000000E+02,2.928778516E+04,9.91E+37,9.91E+37,9.91E+37,9.91E+37,9.91E+37,-5.047928238E+01,9.91E+37,9.637992382E-01,-1.536514238E-02,2.867518067E-01,9.91E+37,9.91E+37,9.91E+37,9.91E+37,9.91E+37,9.91E+37,9.91E+37,9.91E+37,9.91E+37,9.91E+37,9.91E+37,9.91E+37,9.91E+37,9.91E+37,9.91E+37,9.91E+37,9.91E+37,9.91E+37,9.91E+37,9.91E+37,9.91E+37,9.91E+37,9.91E+37,9.91E+37,9.91E+37,9.91E+37,9.91E+37,9.91E+37,9.91E+37,9.91E+37,9.91E+37,9.91E+37,9.91E+37,9.91E+37,9.91E+37,-2.209935337E-03,2.017749241E-03
[2020/07/27 22:18:24.700847][I][set_Continue] Set continue
[2020/07/27 22:18:24.700847][I][writeEx] E6640A <= :INIT:CONT ON
[2020/07/27 22:18:26.220847][I][set_Preset] System reset
[2020/07/27 22:18:26.220847][I][writeEx] E6640A <= *RST
[2020/07/27 22:18:26.230879][I][writeEx] E6640A <= *CLS
[2020/07/27 22:18:26.230879][I][writeEx] E6640A <= SYST:PRES
[2020/07/27 22:18:26.541383][I][queryEx] E6640A <= *OPC?
[2020/07/27 22:18:27.451394][I][queryEx] E6640A => 1
[2020/07/27 22:18:27.460845][I][set_Tx_Start] Set Tx start
[2020/07/27 22:18:27.470878][I][set_RFI_Port] Set input port
[2020/07/27 22:18:27.470878][I][writeEx] E6640A <= :FEED:RF:PORT:INPut RFIO1
[2020/07/27 22:18:27.480903][I][queryEx] E6640A <= :FEED:RF:PORT:INPut?
[2020/07/27 22:18:27.480903][I][queryEx] E6640A => RFIO1
[2020/07/27 22:18:27.490846][I][set_Modulation_Analysis] Set measurement function
[2020/07/27 22:18:27.490846][I][writeEx] E6640A <= INST:SEL VSA
[2020/07/27 22:18:27.801400][I][queryEx] E6640A <= *OPC?
[2020/07/27 22:18:27.810845][I][queryEx] E6640A => 1
[2020/07/27 22:18:27.810845][I][queryEx] E6640A <= INST:SEL?
[2020/07/27 22:18:27.821203][I][queryEx] E6640A => VSA
[2020/07/27 22:18:27.821203][I][writeEx] E6640A <= :CONFigure:DDEMod
[2020/07/27 22:18:28.141387][I][queryEx] E6640A <= *OPC?
[2020/07/27 22:18:28.301387][I][queryEx] E6640A => 1
[2020/07/27 22:18:28.320895][I][init_Zigbee_Mode] Initial Zigbee mode
[2020/07/27 22:18:28.330895][I][writeEx] E6640A <= :DDEM:STAN:PRES ZIGBEE2450
[2020/07/27 22:18:28.641391][I][queryEx] E6640A <= *OPC?
[2020/07/27 22:18:28.650845][I][queryEx] E6640A => 1
[2020/07/27 22:18:28.650845][I][set_Continue] Set continue
[2020/07/27 22:18:28.650845][I][writeEx] E6640A <= :INIT:CONT ON
[2020/07/27 22:18:28.660874][I][set_Freq] Set frequence
[2020/07/27 22:18:28.660874][I][writeEx] E6640A <= :FREQuency:CENTer 2470.0 MHz
[2020/07/27 22:18:28.670881][I][set_XScale_Span] Set frequence span
[2020/07/27 22:18:28.670881][I][writeEx] E6640A <= :FREQuency:SPAN 10000.000000 KHZ
[2020/07/27 22:18:28.680846][I][set_Power_Range] Get power range
[2020/07/27 22:18:28.680846][I][writeEx] E6640A <= :POW:RANG 20.000000
[2020/07/27 22:18:28.690846][I][set_Symbol_Rate] Get symbol rate
[2020/07/27 22:18:28.690846][I][writeEx] E6640A <= :DDEMod:SRATe 1000.000000 kHz
[2020/07/27 22:18:28.690846][I][set_Meas_Interval] Get meas interval
[2020/07/27 22:18:28.700894][I][writeEx] E6640A <= :DDEMod:SWEep:POINts 500
[2020/07/27 22:18:28.700894][I][set_Zigbee_TX_BandPower] Set marker function
[2020/07/27 22:18:28.710887][I][writeEx] E6640A <= CALC:DDEMod:MARK1:MODE POS
[2020/07/27 22:18:28.710887][I][writeEx] E6640A <= CALC:DDEMod:MARK1:TRAC 2
[2020/07/27 22:18:28.720846][I][writeEx] E6640A <= CALC:DDEMod:MARK1:FUNC BPOW
[2020/07/27 22:18:28.720846][I][writeEx] E6640A <= CALC:DDEMod:MARK1:FUNC:BPOW:CTYP MEAN
[2020/07/27 22:18:28.730846][I][writeEx] E6640A <= CALC:DDEMod:MARK1:FUNC:BAND:CENT 2470000000.000000
[2020/07/27 22:18:29.041384][I][queryEx] E6640A <= *OPC?
[2020/07/27 22:18:29.050845][I][queryEx] E6640A => 1
[2020/07/27 22:18:29.050845][I][queryEx] E6640A <= CALC:DDEMod:MARK1:FUNC:BAND:CENT?
[2020/07/27 22:18:29.060874][I][queryEx] E6640A => 2.470000000E+09
[2020/07/27 22:18:29.060874][I][writeEx] E6640A <= CALC:DDEMod:MARK1:FUNC:BAND:SPAN 10000000.000000
[2020/07/27 22:18:29.381501][I][queryEx] E6640A <= *OPC?
[2020/07/27 22:18:29.390846][I][queryEx] E6640A => 1
[2020/07/27 22:18:29.390846][I][set_Trigger_Video] Set trigger video
[2020/07/27 22:18:29.400845][I][writeEx] E6640A <= TRIG:DDEM:SOUR VID
[2020/07/27 22:18:29.711363][I][queryEx] E6640A <= *OPC?
[2020/07/27 22:18:29.720846][I][queryEx] E6640A => 1
[2020/07/27 22:18:29.720846][I][set_Trigger_Level] Set trigger level
[2020/07/27 22:18:29.730882][I][writeEx] E6640A <= :TRIGger:VIDeo:LEVel 30.000000 mV
[2020/07/27 22:18:29.730882][I][set_Trigger_Delay] Set trigger delay
[2020/07/27 22:18:29.740866][I][writeEx] E6640A <= :TRIGger:VIDeo:DELay:STATe ON
[2020/07/27 22:18:29.740866][I][queryEx] E6640A <= :TRIGger:VIDeo:DELay:STATe?
[2020/07/27 22:18:29.800893][I][queryEx] E6640A => 1
[2020/07/27 22:18:29.800893][I][writeEx] E6640A <= :TRIGger:VIDeo:DELay:STATe ON
[2020/07/27 22:18:29.810916][I][writeEx] E6640A <= :TRIGger:VIDeo:DELay 0.300000 ms
[2020/07/27 22:18:29.810916][I][init_Trigger_Reg] Initial trigger status register
[2020/07/27 22:18:29.820845][I][writeEx] E6640A <= *CLS
[2020/07/27 22:18:29.820845][I][writeEx] E6640A <= :STATus:PRESet
[2020/07/27 22:18:29.830845][I][writeEx] E6640A <= *SRE 192
[2020/07/27 22:18:29.830845][I][writeEx] E6640A <= :STATus:OPERation:ENABle 32
[2020/07/27 22:18:29.840845][I][writeEx] E6640A <= *CLS
[2020/07/27 22:18:29.840845][I][queryEx] E6640A <= *STB?
[2020/07/27 22:18:29.881116][I][queryEx] E6640A => 0
[2020/07/27 22:18:29.881116][I][init_Trigger_Reg] Status: 0
[2020/07/27 22:18:39.391392][I][chk_Tx_Result] Check Tx result
[2020/07/27 22:18:39.400842][I][get_Trigger_Status] Get trigger status
[2020/07/27 22:18:39.400842][I][queryEx] E6640A <= *STB?
[2020/07/27 22:18:39.400842][I][queryEx] E6640A => 192
[2020/07/27 22:18:39.410878][I][get_Trigger_Status] Status: 192
[2020/07/27 22:18:39.410878]Is triggered!
[2020/07/27 22:18:39.420910][I][writeEx] E6640A <= *CLS
[2020/07/27 22:18:39.420910][I][set_Continue] Set continue
[2020/07/27 22:18:39.430842][I][writeEx] E6640A <= :INIT:CONT ON
[2020/07/27 22:18:39.541394][I][set_Single] Set single
[2020/07/27 22:18:39.550865][I][writeEx] E6640A <= :INIT:CONT OFF
[2020/07/27 22:18:39.550865][I][set_Zigbee_TX_BandPower] Set marker function
[2020/07/27 22:18:39.550865][I][writeEx] E6640A <= CALC:DDEMod:MARK1:MODE POS
[2020/07/27 22:18:39.560842][I][writeEx] E6640A <= CALC:DDEMod:MARK1:TRAC 2
[2020/07/27 22:18:39.570842][I][writeEx] E6640A <= CALC:DDEMod:MARK1:FUNC BPOW
[2020/07/27 22:18:39.570842][I][writeEx] E6640A <= CALC:DDEMod:MARK1:FUNC:BPOW:CTYP MEAN
[2020/07/27 22:18:39.570842][I][writeEx] E6640A <= CALC:DDEMod:MARK1:FUNC:BAND:CENT 2470000000.000000
[2020/07/27 22:18:39.891390][I][queryEx] E6640A <= *OPC?
[2020/07/27 22:18:39.900843][I][queryEx] E6640A => 1
[2020/07/27 22:18:39.900843][I][queryEx] E6640A <= CALC:DDEMod:MARK1:FUNC:BAND:CENT?
[2020/07/27 22:18:39.910842][I][queryEx] E6640A => 2.470000000E+09
[2020/07/27 22:18:39.910842][I][writeEx] E6640A <= CALC:DDEMod:MARK1:FUNC:BAND:SPAN 10000000.000000
[2020/07/27 22:18:40.231386][I][queryEx] E6640A <= *OPC?
[2020/07/27 22:18:40.240843][I][queryEx] E6640A => 1
[2020/07/27 22:18:40.240843][I][get_Power] Get Tx power
[2020/07/27 22:18:40.250843][I][queryEx] E6640A <= :CALC:DDEMod:MARK1:Y?
[2020/07/27 22:18:40.250843][I][queryEx] E6640A => 9.913117468E+00
[2020/07/27 22:18:40.250843][I][chk_Tx_Result] Tx power(add loss: 0.500000) = 10.413000 dBm
[2020/07/27 22:18:40.260844][I][read_DDEMod_Array] Read measurement result
[2020/07/27 22:18:40.260844][I][queryEx] E6640A <= :READ:DDEMod?
[2020/07/27 22:18:40.411389][I][queryEx] E6640A => 1.514507961E+01,4.639674377E+01,1.860000000E+02,3.919355154E+00,2.053688049E+01,1.860000000E+02,9.91E+37,9.91E+37,9.91E+37,6.012700796E-01,-1.086950302E+00,3.580000000E+02,1.232495689E+01,3.804994202E+01,1.860000000E+02,2.931862305E+04,9.91E+37,9.91E+37,9.91E+37,9.91E+37,9.91E+37,-4.162847519E+01,9.91E+37,9.545913935E-01,-4.794756696E-02,-4.393938780E-01,9.91E+37,9.91E+37,9.91E+37,9.91E+37,9.91E+37,9.91E+37,9.91E+37,9.91E+37,9.91E+37,9.91E+37,9.91E+37,9.91E+37,9.91E+37,9.91E+37,9.91E+37,9.91E+37,9.91E+37,9.91E+37,9.91E+37,9.91E+37,9.91E+37,9.91E+37,9.91E+37,9.91E+37,9.91E+37,9.91E+37,9.91E+37,9.91E+37,9.91E+37,9.91E+37,9.91E+37,9.91E+37,9.91E+37,9.91E+37,9.91E+37,-6.890602876E-03,-4.609831609E-03
[2020/07/27 22:18:40.430892][I][set_Continue] Set continue
[2020/07/27 22:18:40.440842][I][writeEx] E6640A <= :INIT:CONT ON
[2020/07/27 22:18:51.461287][I][chk_Tx_Result] Check Tx result
[2020/07/27 22:18:51.470838][I][get_Trigger_Status] Get trigger status
[2020/07/27 22:18:51.470838][I][queryEx] E6640A <= *STB?
[2020/07/27 22:18:51.470838][I][queryEx] E6640A => 192
[2020/07/27 22:18:51.480907][I][get_Trigger_Status] Status: 192
[2020/07/27 22:18:51.480907]Is triggered!
[2020/07/27 22:18:51.490897][I][writeEx] E6640A <= *CLS
[2020/07/27 22:18:51.490897][I][set_Continue] Set continue
[2020/07/27 22:18:51.500868][I][writeEx] E6640A <= :INIT:CONT ON
[2020/07/27 22:18:51.611383][I][set_Single] Set single
[2020/07/27 22:18:51.620880][I][writeEx] E6640A <= :INIT:CONT OFF
[2020/07/27 22:18:51.630886][I][set_Zigbee_TX_BandPower] Set marker function
[2020/07/27 22:18:51.630886][I][writeEx] E6640A <= CALC:DDEMod:MARK1:MODE POS
[2020/07/27 22:18:51.640839][I][writeEx] E6640A <= CALC:DDEMod:MARK1:TRAC 2
[2020/07/27 22:18:51.640839][I][writeEx] E6640A <= CALC:DDEMod:MARK1:FUNC BPOW
[2020/07/27 22:18:51.650875][I][writeEx] E6640A <= CALC:DDEMod:MARK1:FUNC:BPOW:CTYP MEAN
[2020/07/27 22:18:51.650875][I][writeEx] E6640A <= CALC:DDEMod:MARK1:FUNC:BAND:CENT 2470000000.000000
[2020/07/27 22:18:51.971378][I][queryEx] E6640A <= *OPC?
[2020/07/27 22:18:51.980839][I][queryEx] E6640A => 1
[2020/07/27 22:18:51.980839][I][queryEx] E6640A <= CALC:DDEMod:MARK1:FUNC:BAND:CENT?
[2020/07/27 22:18:51.991279][I][queryEx] E6640A => 2.470000000E+09
[2020/07/27 22:18:51.991279][I][writeEx] E6640A <= CALC:DDEMod:MARK1:FUNC:BAND:SPAN 10000000.000000
[2020/07/27 22:18:52.311375][I][queryEx] E6640A <= *OPC?
[2020/07/27 22:18:52.320839][I][queryEx] E6640A => 1
[2020/07/27 22:18:52.320839][I][get_Power] Get Tx power
[2020/07/27 22:18:52.320839][I][queryEx] E6640A <= :CALC:DDEMod:MARK1:Y?
[2020/07/27 22:18:52.330839][I][queryEx] E6640A => 8.770685855E+00
[2020/07/27 22:18:52.340839][I][chk_Tx_Result] Tx power(add loss: 0.500000) = 9.271000 dBm
[2020/07/27 22:18:52.340839][I][read_DDEMod_Array] Read measurement result
[2020/07/27 22:18:52.340839][I][queryEx] E6640A <= :READ:DDEMod?
[2020/07/27 22:18:52.611390][I][queryEx] E6640A => 1.400977993E+01,4.031785202E+01,2.300000000E+01,3.315793991E+00,1.466615391E+01,2.300000000E+01,9.91E+37,9.91E+37,9.91E+37,6.477017403E-01,-1.200443506E+00,3.210000000E+02,1.139172459E+01,-3.305283737E+01,2.300000000E+01,2.921711328E+04,9.91E+37,9.91E+37,9.91E+37,9.91E+37,9.91E+37,-4.108288193E+01,9.91E+37,9.610238075E-01,3.440641612E-02,3.754247427E-01,9.91E+37,9.91E+37,9.91E+37,9.91E+37,9.91E+37,9.91E+37,9.91E+37,9.91E+37,9.91E+37,9.91E+37,9.91E+37,9.91E+37,9.91E+37,9.91E+37,9.91E+37,9.91E+37,9.91E+37,9.91E+37,9.91E+37,9.91E+37,9.91E+37,9.91E+37,9.91E+37,9.91E+37,9.91E+37,9.91E+37,9.91E+37,9.91E+37,9.91E+37,9.91E+37,9.91E+37,9.91E+37,9.91E+37,9.91E+37,9.91E+37,-5.269939546E-03,7.082303986E-03
[2020/07/27 22:18:52.620890][I][set_Continue] Set continue
[2020/07/27 22:18:52.620890][I][writeEx] E6640A <= :INIT:CONT ON
[2020/07/27 22:18:54.150839][I][set_Preset] System reset
[2020/07/27 22:18:54.150839][I][writeEx] E6640A <= *RST
[2020/07/27 22:18:54.160878][I][writeEx] E6640A <= *CLS
[2020/07/27 22:18:54.160878][I][writeEx] E6640A <= SYST:PRES
[2020/07/27 22:18:54.481379][I][queryEx] E6640A <= *OPC?
[2020/07/27 22:18:55.401419][I][queryEx] E6640A => 1
[2020/07/27 22:18:55.420895][I][set_Rx_OneTone] Set Rx one tone
[2020/07/27 22:18:55.430838][I][set_RFO_Port] Set output port
[2020/07/27 22:18:55.430838][I][writeEx] E6640A <= :FEED:RF:PORT:OUTPut RFIO1
[2020/07/27 22:18:55.440879][I][queryEx] E6640A <= :FEED:RF:PORT:OUTPut?
[2020/07/27 22:18:55.440879][I][queryEx] E6640A => RFIO1
[2020/07/27 22:18:55.450838][I][set_OneTone_Freq] Set One Tone frequence
[2020/07/27 22:18:55.450838][I][writeEx] E6640A <= :SOUR:FREQ 2445.0 MHz
[2020/07/27 22:18:55.460868][I][set_OneTone_Power] Set One Tone power
[2020/07/27 22:18:55.460868][I][writeEx] E6640A <= :SOURce:POWer -24.5
[2020/07/27 22:19:05.340835][I][set_OneTone_Start] Set One Tone start
[2020/07/27 22:19:05.340835][I][writeEx] E6640A <= OUTP ON
[2020/07/27 22:19:10.610846][I][set_OneTone_Stop] Set One Tone stop
[2020/07/27 22:19:10.620852][I][writeEx] E6640A <= OUTP OFF
[2020/07/27 22:19:10.630872][I][set_Rx_OneTone] Set Rx one tone
[2020/07/27 22:19:10.640833][I][set_RFO_Port] Set output port
[2020/07/27 22:19:10.640833][I][writeEx] E6640A <= :FEED:RF:PORT:OUTPut RFIO1
[2020/07/27 22:19:10.650867][I][queryEx] E6640A <= :FEED:RF:PORT:OUTPut?
[2020/07/27 22:19:10.650867][I][queryEx] E6640A => RFIO1
[2020/07/27 22:19:10.660871][I][set_OneTone_Freq] Set One Tone frequence
[2020/07/27 22:19:10.660871][I][writeEx] E6640A <= :SOUR:FREQ 2445.0 MHz
[2020/07/27 22:19:10.670833][I][set_OneTone_Power] Set One Tone power
[2020/07/27 22:19:10.670833][I][writeEx] E6640A <= :SOURce:POWer -24.5
[2020/07/27 22:19:19.710831][I][set_OneTone_Start] Set One Tone start
[2020/07/27 22:19:19.710831][I][writeEx] E6640A <= OUTP ON
[2020/07/27 22:19:25.010880][I][set_OneTone_Stop] Set One Tone stop
[2020/07/27 22:19:25.020860][I][writeEx] E6640A <= OUTP OFF
[2020/07/27 22:20:19.669993][I][disconnect_E6640A] Disconnect E6640A
[2020/07/27 22:20:19.675015]========== End ==========
