[2020/07/29 06:47:15]============== Control PS_Keysight66321B ==============
[2020/07/29 06:47:15]List resource: ['GPIB0::5::INSTR', 'TCPIP0::192.168.1.2::hislip0::INSTR', 'ASRL1::INSTR']
[2020/07/29 06:47:15]Power Supply: control 66321B successfully
[2020/07/29 06:47:15]Power Supply send: *RST
[2020/07/29 06:47:15]Power Supply send: *IDN?
[2020/07/29 06:47:15]Power Supply recv: Agilent Technologies,66321B,0,A.03.01

[2020/07/29 06:47:15]Power Supply is: Agilent Technologies,66321B,0,A.03.01
 

[2020/07/29 06:47:15]Power Supply send: CURR:PROT:STAT 1
[2020/07/29 06:47:15]Power Supply send: CURR:PROT:STAT?
[2020/07/29 06:47:15]Power Supply recv: 1

[2020/07/29 06:47:15]Power Supply send: VOLT 12.0
[2020/07/29 06:47:15]Power Supply send: VOLT?
[2020/07/29 06:47:15]Power Supply recv: 1.20000E+1

[2020/07/29 06:47:15]Power Supply send: CURR 1.0
[2020/07/29 06:47:15]Power Supply send: CURR?
[2020/07/29 06:47:15]Power Supply recv: 1.00000E+0

[2020/07/29 06:47:15]Power Supply send: OUTP 1
[2020/07/29 06:47:15]Power Supply send: OUTP?
[2020/07/29 06:47:15]Power Supply recv: 1

[2020/07/29 06:48:12]============== Control PS_Keysight66321B ==============
[2020/07/29 06:48:12]List resource: ['GPIB0::5::INSTR', 'TCPIP0::192.168.1.2::hislip0::INSTR', 'ASRL1::INSTR', 'ASRL14::INSTR', 'ASRL15::INSTR', 'ASRL16::INSTR', 'ASRL17::INSTR', 'ASRL19::INSTR', 'ASRL20::INSTR']
[2020/07/29 06:48:12]Power Supply: control 66321B successfully
[2020/07/29 06:48:12]Power Supply send: *IDN?
[2020/07/29 06:48:12]Power Supply recv: Agilent Technologies,66321B,0,A.03.01

[2020/07/29 06:48:12]Power Supply is: Agilent Technologies,66321B,0,A.03.01
 

[2020/07/29 06:48:26]Power Supply send: MEAS:CURR?
[2020/07/29 06:48:26]Power Supply recv: 8.38770E-2

[2020/07/29 06:48:38]Power Supply send: MEAS:CURR?
[2020/07/29 06:48:38]Power Supply recv: 8.24835E-2

[2020/07/29 06:48:53]Power Supply send: MEAS:CURR?
[2020/07/29 06:48:53]Power Supply recv: 8.46890E-2

[2020/07/29 06:49:05]Power Supply send: MEAS:CURR?
[2020/07/29 06:49:05]Power Supply recv: 7.58347E-2

[2020/07/29 06:49:20]Power Supply send: MEAS:CURR?
[2020/07/29 06:49:20]Power Supply recv: 8.71893E-2

[2020/07/29 06:49:32]Power Supply send: MEAS:CURR?
[2020/07/29 06:49:32]Power Supply recv: 9.12495E-2

[2020/07/29 06:50:18]============== Control PS_Keysight66321B ==============
[2020/07/29 06:50:19]List resource: ['GPIB0::5::INSTR', 'TCPIP0::192.168.1.2::hislip0::INSTR', 'ASRL1::INSTR']
[2020/07/29 06:50:19]Power Supply: control 66321B successfully
[2020/07/29 06:50:19]Power Supply send: *IDN?
[2020/07/29 06:50:19]Power Supply recv: Agilent Technologies,66321B,0,A.03.01

[2020/07/29 06:50:19]Power Supply is: Agilent Technologies,66321B,0,A.03.01
 

[2020/07/29 06:50:27]Power Supply send: MEAS:CURR?
[2020/07/29 06:50:28]Power Supply recv: 2.44867E-1

[2020/07/29 06:50:37]Power Supply send: MEAS:CURR?
[2020/07/29 06:50:37]Power Supply recv: 2.07006E-1

[2020/07/29 06:50:47]Power Supply send: MEAS:CURR?
[2020/07/29 06:50:47]Power Supply recv: 1.53138E-1

[2020/07/29 06:51:20]============== Control PS_Keysight66321B ==============
[2020/07/29 06:51:20]List resource: ['GPIB0::5::INSTR', 'TCPIP0::192.168.1.2::hislip0::INSTR', 'ASRL1::INSTR', 'ASRL14::INSTR', 'ASRL15::INSTR', 'ASRL16::INSTR', 'ASRL17::INSTR', 'ASRL19::INSTR', 'ASRL20::INSTR']
[2020/07/29 06:51:20]Power Supply: control 66321B successfully
[2020/07/29 06:51:20]Power Supply send: *RST
[2020/07/29 06:51:20]Power Supply send: *IDN?
[2020/07/29 06:51:20]Power Supply recv: Agilent Technologies,66321B,0,A.03.01

[2020/07/29 06:51:20]Power Supply is: Agilent Technologies,66321B,0,A.03.01
 

[2020/07/29 06:51:20]Power Supply send: OUTP 0
[2020/07/29 06:51:20]Power Supply send: OUTP?
[2020/07/29 06:51:20]Power Supply recv: 0

