[2020/07/29 10:17:52][I][checkDatabaseONorNOT] Database running.
[2020/07/29 10:17:52][I][tryConnectDatabase] Connect to MariaDB GFI20 database success!!
[2020/07/29 10:17:52][I][tryConnectDatabase] Connect to MariaDB GFI20 database success!!
[2020/07/29 10:17:52][I][checkDatabaseONorNOT] Database running.
[2020/07/29 10:17:52][I][tryConnectDatabase] Connect to MariaDB GFI20 database success!!
[2020/07/29 10:17:52][I][tryConnectDatabase] Connect to MariaDB GFI20 database success!!
[2020/07/29 10:17:52][E][initialDatabase] UpdateDB.csv already exist.
[2020/07/29 10:18:11][I][WriteDataTocsv] Create new row with item GFI20Bootup.
[2020/07/29 10:18:11][I][WriteDataTocsv] Update complete.
[2020/07/29 10:18:11][WriteRFDataTocsv][I] Update testscript GFI20Bootup's data.
[2020/07/29 10:18:11][I][WriteRFDataTocsv] Update complete.
[2020/07/29 10:19:03][I][WriteDataTocsv] Create new row with item CountDown.
[2020/07/29 10:19:03][I][WriteDataTocsv] Update complete.
[2020/07/29 10:19:03][WriteRFDataTocsv][I] Update testscript CountDown's data.
[2020/07/29 10:19:03][I][WriteRFDataTocsv] Update complete.
[2020/07/29 10:19:46][I][WriteDataTocsv] Create new row with item WaitConnect.
[2020/07/29 10:19:46][I][WriteDataTocsv] Update complete.
[2020/07/29 10:19:46][WriteRFDataTocsv][I] Update testscript WaitConnect's data.
[2020/07/29 10:19:46][I][WriteRFDataTocsv] Update complete.
[2020/07/29 10:19:46]--------------------DBUploading start--------------------
[2020/07/29 10:19:46][I][uploadData] Projcet name: GFI20
[2020/07/29 10:19:46][I][uploadData] Station name: BRF
[2020/07/29 10:19:46][I][tryConnectDatabase] Connect to MariaDB GFI20 database success!!
[2020/07/29 10:19:46][I][uploadData] Write data into BRF_GFI20Bootup
[2020/07/29 10:19:46][I][uploadData] Write data into BRF_CountDown
[2020/07/29 10:19:46][I][uploadData] Write data into BRF_WaitConnect
[2020/07/29 10:19:46][I][tryConnectDatabase] Connect to MariaDB GFI20_RF database success!!
[2020/07/29 10:19:46]---------- INI ----------
[2020/07/29 10:19:46][E][uploadData] Read MDUT.ini failed.
