[2020/12/11 22:30:24][I][getBOM] Get BOM Success!
[2020/12/11 22:30:24][I][getSKU] Get SKU from BOM: BOM_SKU, SKU name: 451AOE30L03
[2020/12/11 22:30:24][I][loadTestItemBySKU] Test Item List = (GFI20Bootup.py,1)(CountDown.py,1)(WaitConnect.py,1)(GFI20SetOMmode.py,1)(GFI20CompalSNRW.py,3)(GFI20ControlLED_OFF.py,1)(GFI20_RF_Zigbee,8)(GFI20_RF_Mesh,5)(GFI20_RF_2G3G,7)(GFI20_RF_WriteData,6)(GFI20ControlLED_ON.py,2)
[2020/12/11 22:30:24][I][loadTestItemBySKU] Test Item List Element = ['GFI20Bootup.py,1', 'CountDown.py,1', 'WaitConnect.py,1', 'GFI20SetOMmode.py,1', 'GFI20CompalSNRW.py,3', 'GFI20ControlLED_OFF.py,1', 'GFI20_RF_Zigbee,8', 'GFI20_RF_Mesh,5', 'GFI20_RF_2G3G,7', 'GFI20_RF_WriteData,6', 'GFI20ControlLED_ON.py,2']
[2020/12/11 22:30:24][I][loadTestItemBySKU] LastScript = (GFI20LastScript.py,2)
[2020/12/11 22:30:24][I][showTestingMsg] Waiting for testing...
[2020/12/11 22:30:24]---------- TestItem:GFI20Bootup.py  Method:1 ----------
[2020/12/11 22:30:24][I][runTestItem] Test start time: 2020/12/11 22:30:24
[2020/12/11 22:30:26][I][runTestItem] Test finished
[2020/12/11 22:30:26][I][checkTestResult] Version=3.0.0.5
[2020/12/11 22:30:26][I][checkTestResult] Result=Pass
[2020/12/11 22:30:26]*********************************************************
[2020/12/11 22:30:26]GFI20Bootup.py   3.0.0.5

[2020/12/11 22:30:26]			Result: Pass

[2020/12/11 22:30:26]			Method: 1

[2020/12/11 22:30:26]			Start: 2020/12/11 22:30:24

[2020/12/11 22:30:26]			End: 2020/12/11 22:30:26
[2020/12/11 22:30:26][I][runTestItem] Test end time: 2020/12/11 22:30:26
[2020/12/11 22:30:26]---------- TestItem:CountDown.py  Method:1 ----------
[2020/12/11 22:30:26][I][runTestItem] Test start time: 2020/12/11 22:30:26
[2020/12/11 22:31:38][I][runTestItem] Test finished
[2020/12/11 22:31:38][I][checkTestResult] Version=3.0.0.3
[2020/12/11 22:31:38][I][checkTestResult] Result=Pass
[2020/12/11 22:31:38]*********************************************************
[2020/12/11 22:31:38]CountDown.py   3.0.0.3

[2020/12/11 22:31:38]			Result: Pass

[2020/12/11 22:31:38]			Method: 1

[2020/12/11 22:31:38]			Start: 2020/12/11 22:30:26

[2020/12/11 22:31:38]			End: 2020/12/11 22:31:38
[2020/12/11 22:31:38][I][runTestItem] Test end time: 2020/12/11 22:31:38
[2020/12/11 22:31:38]---------- TestItem:WaitConnect.py  Method:1 ----------
[2020/12/11 22:31:38][I][runTestItem] Test start time: 2020/12/11 22:31:38
[2020/12/11 22:31:40][I][runTestItem] Test finished
[2020/12/11 22:31:40][I][checkTestResult] Version=3.0.0.7
[2020/12/11 22:31:40][I][checkTestResult] Result=Pass
[2020/12/11 22:31:40]*********************************************************
[2020/12/11 22:31:40]WaitConnect.py   3.0.0.7

[2020/12/11 22:31:40]			Result: Pass

[2020/12/11 22:31:40]			Method: 1

[2020/12/11 22:31:40]			Start: 2020/12/11 22:31:38

[2020/12/11 22:31:40]			End: 2020/12/11 22:31:40
[2020/12/11 22:31:40][I][runTestItem] Test end time: 2020/12/11 22:31:40
[2020/12/11 22:31:40]---------- TestItem:GFI20SetOMmode.py  Method:1 ----------
[2020/12/11 22:31:40][I][runTestItem] Test start time: 2020/12/11 22:31:40
[2020/12/11 22:31:42][I][runTestItem] Test finished
[2020/12/11 22:31:42][I][checkTestResult] Version=3.0.0.1
[2020/12/11 22:31:42][I][checkTestResult] Result=Pass
[2020/12/11 22:31:42]*********************************************************
[2020/12/11 22:31:42]GFI20SetOMmode.py   3.0.0.1

[2020/12/11 22:31:42]			Result: Pass

[2020/12/11 22:31:42]			Method: 1

[2020/12/11 22:31:42]			Start: 2020/12/11 22:31:40

[2020/12/11 22:31:42]			End: 2020/12/11 22:31:42
[2020/12/11 22:31:42][I][runTestItem] Test end time: 2020/12/11 22:31:42
[2020/12/11 22:31:42]---------- TestItem:GFI20CompalSNRW.py  Method:3 ----------
[2020/12/11 22:31:42][I][runTestItem] Test start time: 2020/12/11 22:31:42
[2020/12/11 22:31:45][I][runTestItem] Test finished
[2020/12/11 22:31:45][I][checkTestResult] Version=3.0.0.4
[2020/12/11 22:31:45][I][checkTestResult] Result=Pass
[2020/12/11 22:31:45]*********************************************************
[2020/12/11 22:31:45]GFI20CompalSNRW.py   3.0.0.4

[2020/12/11 22:31:45]			Result: Pass

[2020/12/11 22:31:45]			Method: 3

[2020/12/11 22:31:45]			Start: 2020/12/11 22:31:42

[2020/12/11 22:31:45]			End: 2020/12/11 22:31:45
[2020/12/11 22:31:45][I][runTestItem] Test end time: 2020/12/11 22:31:45
[2020/12/11 22:31:45]---------- TestItem:GFI20ControlLED_OFF.py  Method:1 ----------
[2020/12/11 22:31:45][I][runTestItem] Test start time: 2020/12/11 22:31:45
[2020/12/11 22:31:52][I][runTestItem] Test finished
[2020/12/11 22:31:52][I][checkTestResult] Version=3.0.0.3
[2020/12/11 22:31:53][I][checkTestResult] Result=Pass
[2020/12/11 22:31:53]*********************************************************
[2020/12/11 22:31:53]GFI20ControlLED_OFF.py   3.0.0.3

[2020/12/11 22:31:53]			Result: Pass

[2020/12/11 22:31:53]			Method: 1

[2020/12/11 22:31:53]			Start: 2020/12/11 22:31:45

[2020/12/11 22:31:53]			End: 2020/12/11 22:31:52
[2020/12/11 22:31:53][I][runTestItem] Test end time: 2020/12/11 22:31:53
[2020/12/11 22:31:53]---------- TestItem:GFI20_RF_Zigbee.py  Method:8 ----------
[2020/12/11 22:31:53][I][runTestItem] Test start time: 2020/12/11 22:31:53
[2020/12/11 22:34:27][I][runTestItem] Test finished
[2020/12/11 22:34:27][I][checkTestResult] Version=3.0.0.7
[2020/12/11 22:34:27][I][checkTestResult] Result=Pass
[2020/12/11 22:34:27]*********************************************************
[2020/12/11 22:34:27]GFI20_RF_Zigbee.py   3.0.0.7

[2020/12/11 22:34:27]			Result: Pass

[2020/12/11 22:34:27]			Method: 8

[2020/12/11 22:34:27]			Start: 2020/12/11 22:31:53

[2020/12/11 22:34:27]			End: 2020/12/11 22:34:27
[2020/12/11 22:34:27][I][runTestItem] Test end time: 2020/12/11 22:34:27
[2020/12/11 22:34:27]---------- TestItem:GFI20_RF_Mesh.py  Method:5 ----------
[2020/12/11 22:34:27][I][runTestItem] Test start time: 2020/12/11 22:34:27
[2020/12/11 22:36:14][I][runTestItem] Test finished
[2020/12/11 22:36:14][I][checkTestResult] Version=3.0.0.6
[2020/12/11 22:36:14][I][checkTestResult] Result=Pass
[2020/12/11 22:36:14]*********************************************************
[2020/12/11 22:36:14]GFI20_RF_Mesh.py   3.0.0.6

[2020/12/11 22:36:14]			Result: Pass

[2020/12/11 22:36:14]			Method: 5

[2020/12/11 22:36:14]			Start: 2020/12/11 22:34:27

[2020/12/11 22:36:14]			End: 2020/12/11 22:36:14
[2020/12/11 22:36:14][I][runTestItem] Test end time: 2020/12/11 22:36:14
[2020/12/11 22:36:14]---------- TestItem:GFI20_RF_2G3G.py  Method:7 ----------
[2020/12/11 22:36:14][I][runTestItem] Test start time: 2020/12/11 22:36:14
[2020/12/11 22:37:46][I][runTestItem] Test finished
[2020/12/11 22:37:46][I][checkTestResult] Version=3.0.1.9
[2020/12/11 22:37:46][I][checkTestResult] Result=Pass
[2020/12/11 22:37:46]*********************************************************
[2020/12/11 22:37:46]GFI20_RF_2G3G.py   3.0.1.9

[2020/12/11 22:37:46]			Result: Pass

[2020/12/11 22:37:46]			Method: 7

[2020/12/11 22:37:46]			Start: 2020/12/11 22:36:14

[2020/12/11 22:37:46]			End: 2020/12/11 22:37:46
[2020/12/11 22:37:46][I][runTestItem] Test end time: 2020/12/11 22:37:46
[2020/12/11 22:37:46]---------- TestItem:GFI20_RF_WriteData.py  Method:6 ----------
[2020/12/11 22:37:46][I][runTestItem] Test start time: 2020/12/11 22:37:46
[2020/12/11 22:38:20][I][runTestItem] Test finished
[2020/12/11 22:38:20][I][checkTestResult] Version=3.0.0.2
[2020/12/11 22:38:20][I][checkTestResult] Result=Pass
[2020/12/11 22:38:20]*********************************************************
[2020/12/11 22:38:20]GFI20_RF_WriteData.py   3.0.0.2

[2020/12/11 22:38:20]			Result: Pass

[2020/12/11 22:38:20]			Method: 6

[2020/12/11 22:38:20]			Start: 2020/12/11 22:37:46

[2020/12/11 22:38:20]			End: 2020/12/11 22:38:20
[2020/12/11 22:38:20][I][runTestItem] Test end time: 2020/12/11 22:38:20
[2020/12/11 22:38:20]---------- TestItem:GFI20ControlLED_ON.py  Method:2 ----------
[2020/12/11 22:38:20][I][runTestItem] Test start time: 2020/12/11 22:38:20
[2020/12/11 22:38:31][I][runTestItem] Test finished
[2020/12/11 22:38:31][I][checkTestResult] Version=3.0.0.3
[2020/12/11 22:38:31][I][checkTestResult] Result=Pass
[2020/12/11 22:38:31]*********************************************************
[2020/12/11 22:38:32]GFI20ControlLED_ON.py   3.0.0.3

[2020/12/11 22:38:32]			Result: Pass

[2020/12/11 22:38:32]			Method: 2

[2020/12/11 22:38:32]			Start: 2020/12/11 22:38:20

[2020/12/11 22:38:32]			End: 2020/12/11 22:38:31
[2020/12/11 22:38:32][I][runTestItem] Test end time: 2020/12/11 22:38:32
[2020/12/11 22:38:33][I][runLastScript] Waiting for ending...
[2020/12/11 22:38:33]---------- TestItem:GFI20LastScript.py  Method:2 ----------
[2020/12/11 22:38:33][I][runLastScript] Test start time: 2020/12/11 22:38:33
[2020/12/11 22:38:46][I][runLastScript] Test finished
[2020/12/11 22:38:46][I][runLastScript] Test end time: 2020/12/11 22:38:46
[2020/12/11 22:38:46][I][checkTestResult] Version=3.0.0.12
[2020/12/11 22:38:46][I][checkTestResult] Result=Pass
[2020/12/11 22:38:46]*********************************************************
[2020/12/11 22:38:46]GFI20LastScript.py   3.0.0.12

[2020/12/11 22:38:46]			Result: Pass

[2020/12/11 22:38:46]			Method: 2

[2020/12/11 22:38:46]			Start: 2020/12/11 22:38:33

[2020/12/11 22:38:46]			End: 2020/12/11 22:38:46
[2020/12/11 22:38:46][I][processSFISUploadPass] No SFIS RecordInfo
[2020/12/11 22:38:48][I][processSFISUploadPass] Upload pass Success!
