[2020/12/11 22:38:20]========== Start ==========
[2020/12/11 22:38:20][I][main] Python 3.7.2 (tags/v3.7.2:9a3ffc0492, Dec 23 2018, 23:09:28) [MSC v.1916 64 bit (AMD64)]
[2020/12/11 22:38:20][I][main] GFI20ControlLED_ON.py 3.0.0.3
[2020/12/11 22:38:20][I][readINI] ---------- INI ----------
[2020/12/11 22:38:20][I][readINI] StartButton_ON = 0
[2020/12/11 22:38:20][I][readINI] ControlLED_ON = True
[2020/12/11 22:38:20][I][readINI] EC = 1111
[2020/12/11 22:38:20][I][readINI] ---------- INI ----------
[2020/12/11 22:38:20]---------- startTest ----------
[2020/12/11 22:38:20][I][chkDUTConnect] Connect to DUT
[2020/12/11 22:38:21][I][connectCOM] Connect DUT succesfully by COM.
[2020/12/11 22:38:21][I][chkDUTConnect] Check DUT status
[2020/12/11 22:38:21][I][setZigbeeMenu] Set Zigbee Menu
[2020/12/11 22:38:21][I][sendCOMCommand] Send DUT Command: b'x\r\n'
[2020/12/11 22:38:21][I][sendCOMCommand] Serial buffer size: 7
[2020/12/11 22:38:21][I][sendCOMCommand] DUT return: x
$>

[2020/12/11 22:38:21][I][setZigbeeMenu] Check Zigbee Menu
[2020/12/11 22:38:21][I][sendCOMCommand] Send DUT Command: b'2\r\n'
[2020/12/11 22:38:21][I][sendCOMCommand] Serial buffer size: 22
[2020/12/11 22:38:22][I][sendCOMCommand] DUT return: 2
$2_Zigbee(EM357)>

[2020/12/11 22:38:22][I][setZigbeeMenu] Success
[2020/12/11 22:38:22][I][chkDUTConnect] Success
[2020/12/11 22:38:22][I][controlAllLED] Control all LED True
[2020/12/11 22:38:22][I][controlAllLED] Set GPIO Menu
[2020/12/11 22:38:22][I][sendCOMCommand] Send DUT Command: b'3\r\n'
[2020/12/11 22:38:22][I][sendCOMCommand] Serial buffer size: 28
[2020/12/11 22:38:23][I][sendCOMCommand] DUT return: 3
$2-3_ZigBee GPIO Write>

[2020/12/11 22:38:23][I][controlAllLED] Success
[2020/12/11 22:38:23][I][controlLED] Control LED6 True
[2020/12/11 22:38:23][I][sendCOMCommand] Send DUT Command: b'6\r\n'
[2020/12/11 22:38:23][I][sendCOMCommand] Serial buffer size: 95
[2020/12/11 22:38:23][I][sendCOMCommand] DUT return: 6
[EZSP]Setting GPIO was successful. (led=0, out=0)
$[0]
$DONE_OK
$2-3_ZigBee GPIO Write>

[2020/12/11 22:38:23][I][sendCOMCommand] Send DUT Command: b'6\r\n'
[2020/12/11 22:38:24][I][sendCOMCommand] Serial buffer size: 95
[2020/12/11 22:38:24][I][sendCOMCommand] DUT return: 6
[EZSP]Setting GPIO was successful. (led=0, out=1)
$[1]
$DONE_OK
$2-3_ZigBee GPIO Write>

[2020/12/11 22:38:24][I][controlLED] Success
[2020/12/11 22:38:24][I][controlLED] Control LEDh True
[2020/12/11 22:38:24][I][sendCOMCommand] Send DUT Command: b'h\r\n'
[2020/12/11 22:38:24][I][sendCOMCommand] Serial buffer size: 95
[2020/12/11 22:38:25][I][sendCOMCommand] DUT return: h
[EZSP]Setting GPIO was successful. (led=4, out=0)
$[0]
$DONE_OK
$2-3_ZigBee GPIO Write>

[2020/12/11 22:38:25][I][sendCOMCommand] Send DUT Command: b'h\r\n'
[2020/12/11 22:38:25][I][sendCOMCommand] Serial buffer size: 95
[2020/12/11 22:38:26][I][sendCOMCommand] DUT return: h
[EZSP]Setting GPIO was successful. (led=4, out=1)
$[1]
$DONE_OK
$2-3_ZigBee GPIO Write>

[2020/12/11 22:38:26][I][controlLED] Success
[2020/12/11 22:38:26][I][controlLED] Control LED5 True
[2020/12/11 22:38:26][I][sendCOMCommand] Send DUT Command: b'5\r\n'
[2020/12/11 22:38:26][I][sendCOMCommand] Serial buffer size: 95
[2020/12/11 22:38:26][I][sendCOMCommand] DUT return: 5
[EZSP]Setting GPIO was successful. (led=3, out=0)
$[0]
$DONE_OK
$2-3_ZigBee GPIO Write>

[2020/12/11 22:38:26][I][sendCOMCommand] Send DUT Command: b'5\r\n'
[2020/12/11 22:38:27][I][sendCOMCommand] Serial buffer size: 95
[2020/12/11 22:38:27][I][sendCOMCommand] DUT return: 5
[EZSP]Setting GPIO was successful. (led=3, out=1)
$[1]
$DONE_OK
$2-3_ZigBee GPIO Write>

[2020/12/11 22:38:27][I][controlLED] Success
[2020/12/11 22:38:27][I][controlLED] Control LED7 True
[2020/12/11 22:38:27][I][sendCOMCommand] Send DUT Command: b'7\r\n'
[2020/12/11 22:38:27][I][sendCOMCommand] Serial buffer size: 95
[2020/12/11 22:38:28][I][sendCOMCommand] DUT return: 7
[EZSP]Setting GPIO was successful. (led=1, out=0)
$[0]
$DONE_OK
$2-3_ZigBee GPIO Write>

[2020/12/11 22:38:28][I][sendCOMCommand] Send DUT Command: b'7\r\n'
[2020/12/11 22:38:28][I][sendCOMCommand] Serial buffer size: 95
[2020/12/11 22:38:29][I][sendCOMCommand] DUT return: 7
[EZSP]Setting GPIO was successful. (led=1, out=1)
$[1]
$DONE_OK
$2-3_ZigBee GPIO Write>

[2020/12/11 22:38:29][I][controlLED] Success
[2020/12/11 22:38:29][I][controlLED] Control LED4 True
[2020/12/11 22:38:29][I][sendCOMCommand] Send DUT Command: b'4\r\n'
[2020/12/11 22:38:29][I][sendCOMCommand] Serial buffer size: 95
[2020/12/11 22:38:29][I][sendCOMCommand] DUT return: 4
[EZSP]Setting GPIO was successful. (led=2, out=0)
$[0]
$DONE_OK
$2-3_ZigBee GPIO Write>

[2020/12/11 22:38:29][I][sendCOMCommand] Send DUT Command: b'4\r\n'
[2020/12/11 22:38:30][I][sendCOMCommand] Serial buffer size: 95
[2020/12/11 22:38:30][I][sendCOMCommand] DUT return: 4
[EZSP]Setting GPIO was successful. (led=2, out=1)
$[1]
$DONE_OK
$2-3_ZigBee GPIO Write>

[2020/12/11 22:38:30][I][controlLED] Success
[2020/12/11 22:38:30][I][disconnectCOM] Disconnect DUT succesfully by COM.
[2020/12/11 22:38:30][I][TestResult] Test Pass!
[2020/12/11 22:38:31]========== End MDUT ==========


