[2020/12/11 22:36:41.185757]========== Start ==========
[2020/12/11 22:36:41.187762][I][class_E6640A_LTE] Initial class_E6640A_LTE
[2020/12/11 22:36:41.188764][I][class_E6640A_LTE] Version: 3.0.0.6
[2020/12/11 22:36:41.194784][I][connect_E6640A] Connect to E6640A
[2020/12/11 22:36:41.206814][I][connect_E6640A] Resource Manager of Visa Library at C:\Windows\system32\visa64.dll
[2020/12/11 22:36:41.227869][I][queryEx] E6640A <= *IDN?
[2020/12/11 22:36:41.231879][I][queryEx] E6640A => Keysight Technologies,E6640A,MY57150156,E.19.31
[2020/12/11 22:36:41.234890][I][set_Preset] System reset
[2020/12/11 22:36:41.235891][I][writeEx] E6640A <= *RST
[2020/12/11 22:36:41.238902][I][writeEx] E6640A <= *CLS
[2020/12/11 22:36:41.241907][I][writeEx] E6640A <= SYST:PRES
[2020/12/11 22:36:41.544741][I][queryEx] E6640A <= *OPC?
[2020/12/11 22:36:42.132275][I][queryEx] E6640A => 1
[2020/12/11 22:36:42.138289][I][set_Preset] System reset
[2020/12/11 22:36:42.141297][I][writeEx] E6640A <= *RST
[2020/12/11 22:36:42.144305][I][writeEx] E6640A <= *CLS
[2020/12/11 22:36:42.147312][I][writeEx] E6640A <= SYST:PRES
[2020/12/11 22:36:42.450646][I][queryEx] E6640A <= *OPC?
[2020/12/11 22:36:43.038224][I][queryEx] E6640A => 1
[2020/12/11 22:36:43.271827][I][set_Preset] System reset
[2020/12/11 22:36:43.274812][I][writeEx] E6640A <= *RST
[2020/12/11 22:36:43.276820][I][writeEx] E6640A <= *CLS
[2020/12/11 22:36:43.279825][I][writeEx] E6640A <= SYST:PRES
[2020/12/11 22:36:43.583236][I][queryEx] E6640A <= *OPC?
[2020/12/11 22:36:44.175288][I][queryEx] E6640A => 1
[2020/12/11 22:36:44.188142][I][set_Tx_Start] Set Tx start
[2020/12/11 22:36:44.190762][I][set_RFI_Port] Set input port
[2020/12/11 22:36:44.192844][I][writeEx] E6640A <= :FEED:RF:PORT:INPut RFIO2
[2020/12/11 22:36:44.194879][I][queryEx] E6640A <= :FEED:RF:PORT:INPut?
[2020/12/11 22:36:44.199519][I][queryEx] E6640A => RFIO2
[2020/12/11 22:36:44.202328][I][set_Modulation_Analysis] Set measurement function
[2020/12/11 22:36:44.204336][I][writeEx] E6640A <= INST:SEL LTEAFDD
[2020/12/11 22:36:44.508304][I][queryEx] E6640A <= *OPC?
[2020/12/11 22:36:44.517332][I][queryEx] E6640A => 1
[2020/12/11 22:36:44.520342][I][queryEx] E6640A <= INST:SEL?
[2020/12/11 22:36:44.537378][I][queryEx] E6640A => LTEAFDD
[2020/12/11 22:36:44.541048][I][writeEx] E6640A <= DISP:CHP:VIEW:WIND:TRAC:Y:COUP OFF
[2020/12/11 22:36:44.543063][I][set_Freq] Set frequence
[2020/12/11 22:36:44.545060][I][writeEx] E6640A <= :FREQuency:CENTer 897.4 MHz
[2020/12/11 22:36:44.548070][I][set_Continue] Set continue
[2020/12/11 22:36:44.551640][I][writeEx] E6640A <= :INIT:CONT ON
[2020/12/11 22:36:44.553647][I][set_Trigger_Free_Run] Set trigger free run
[2020/12/11 22:36:44.555655][I][writeEx] E6640A <= TRIG:CHP:SOUR IMM
[2020/12/11 22:36:44.859707][I][queryEx] E6640A <= *OPC?
[2020/12/11 22:36:44.868089][I][queryEx] E6640A => 1
[2020/12/11 22:36:49.450874][I][chk_Tx_Result] Check Tx result
[2020/12/11 22:36:49.455896][I][set_Limit_Range] Set reference value
[2020/12/11 22:36:49.458902][I][writeEx] E6640A <= DISP:CHP:VIEW:WIND:TRAC:Y:RLEV 30.0 dBm
[2020/12/11 22:36:49.764172][I][queryEx] E6640A <= *OPC?
[2020/12/11 22:36:49.771859][I][queryEx] E6640A => 1
[2020/12/11 22:36:49.776879][I][set_Limit_Range] Set power range
[2020/12/11 22:36:49.780889][I][writeEx] E6640A <= :POW:RANG 30.0 dBm
[2020/12/11 22:36:50.086833][I][queryEx] E6640A <= *OPC?
[2020/12/11 22:36:50.096880][I][queryEx] E6640A => 1
[2020/12/11 22:36:50.099847][I][set_Trigger_Video] Set trigger video
[2020/12/11 22:36:50.103814][I][writeEx] E6640A <= TRIG:CHP:SOUR IF
[2020/12/11 22:36:50.407937][I][queryEx] E6640A <= *OPC?
[2020/12/11 22:36:50.418918][I][queryEx] E6640A => 1
[2020/12/11 22:36:50.524069][I][set_Trigger_Free_Run] Set trigger free run
[2020/12/11 22:36:50.535116][I][writeEx] E6640A <= TRIG:CHP:SOUR IMM
[2020/12/11 22:36:50.843302][I][queryEx] E6640A <= *OPC?
[2020/12/11 22:36:50.851089][I][queryEx] E6640A => 1
[2020/12/11 22:36:50.855137][I][set_Continue] Set continue
[2020/12/11 22:36:50.858043][I][writeEx] E6640A <= :INIT:CONT ON
[2020/12/11 22:36:50.962133][I][set_Single] Set single
[2020/12/11 22:36:50.969158][I][writeEx] E6640A <= :INIT:CONT OFF
[2020/12/11 22:36:50.975186][I][get_Power] Get Tx power
[2020/12/11 22:36:50.978866][I][queryEx] E6640A <= :FETCh:CHPower:CHPower?
[2020/12/11 22:36:50.985318][I][queryEx] E6640A => 1.583743286E+01
[2020/12/11 22:36:50.988313][I][chk_Tx_Result] Tx power(add loss: 8.500000) = 24.337000 dBm
[2020/12/11 22:36:50.991320][I][set_Continue] Set continue
[2020/12/11 22:36:50.995331][I][writeEx] E6640A <= :INIT:CONT ON
[2020/12/11 22:36:52.963209][I][set_Preset] System reset
[2020/12/11 22:36:52.966178][I][writeEx] E6640A <= *RST
[2020/12/11 22:36:52.969186][I][writeEx] E6640A <= *CLS
[2020/12/11 22:36:52.974211][I][writeEx] E6640A <= SYST:PRES
[2020/12/11 22:36:53.279314][I][queryEx] E6640A <= *OPC?
[2020/12/11 22:36:53.799786][I][queryEx] E6640A => 1
[2020/12/11 22:36:53.816566][I][set_Tx_Start] Set Tx start
[2020/12/11 22:36:53.820579][I][set_RFI_Port] Set input port
[2020/12/11 22:36:53.824584][I][writeEx] E6640A <= :FEED:RF:PORT:INPut RFIO2
[2020/12/11 22:36:53.827871][I][queryEx] E6640A <= :FEED:RF:PORT:INPut?
[2020/12/11 22:36:53.834893][I][queryEx] E6640A => RFIO2
[2020/12/11 22:36:53.837936][I][set_Modulation_Analysis] Set measurement function
[2020/12/11 22:36:53.840945][I][writeEx] E6640A <= INST:SEL LTEAFDD
[2020/12/11 22:36:54.146125][I][queryEx] E6640A <= *OPC?
[2020/12/11 22:36:54.156579][I][queryEx] E6640A => 1
[2020/12/11 22:36:54.160587][I][queryEx] E6640A <= INST:SEL?
[2020/12/11 22:36:54.167425][I][queryEx] E6640A => LTEAFDD
[2020/12/11 22:36:54.171480][I][writeEx] E6640A <= DISP:CHP:VIEW:WIND:TRAC:Y:COUP OFF
[2020/12/11 22:36:54.175451][I][set_Freq] Set frequence
[2020/12/11 22:36:54.179924][I][writeEx] E6640A <= :FREQuency:CENTer 1950.0 MHz
[2020/12/11 22:36:54.183247][I][set_Continue] Set continue
[2020/12/11 22:36:54.186257][I][writeEx] E6640A <= :INIT:CONT ON
[2020/12/11 22:36:54.190915][I][set_Trigger_Free_Run] Set trigger free run
[2020/12/11 22:36:54.193926][I][writeEx] E6640A <= TRIG:CHP:SOUR IMM
[2020/12/11 22:36:54.499102][I][queryEx] E6640A <= *OPC?
[2020/12/11 22:36:54.506752][I][queryEx] E6640A => 1
[2020/12/11 22:36:58.871488][I][chk_Tx_Result] Check Tx result
[2020/12/11 22:36:58.877509][I][set_Limit_Range] Set reference value
[2020/12/11 22:36:58.881539][I][writeEx] E6640A <= DISP:CHP:VIEW:WIND:TRAC:Y:RLEV 30.0 dBm
[2020/12/11 22:36:59.187173][I][queryEx] E6640A <= *OPC?
[2020/12/11 22:36:59.198002][I][queryEx] E6640A => 1
[2020/12/11 22:36:59.202016][I][set_Limit_Range] Set power range
[2020/12/11 22:36:59.205070][I][writeEx] E6640A <= :POW:RANG 30.0 dBm
[2020/12/11 22:36:59.510695][I][queryEx] E6640A <= *OPC?
[2020/12/11 22:36:59.520427][I][queryEx] E6640A => 1
[2020/12/11 22:36:59.524440][I][set_Trigger_Video] Set trigger video
[2020/12/11 22:36:59.528584][I][writeEx] E6640A <= TRIG:CHP:SOUR IF
[2020/12/11 22:36:59.833445][I][queryEx] E6640A <= *OPC?
[2020/12/11 22:36:59.844822][I][queryEx] E6640A => 1
[2020/12/11 22:36:59.949931][I][set_Trigger_Free_Run] Set trigger free run
[2020/12/11 22:36:59.964264][I][writeEx] E6640A <= TRIG:CHP:SOUR IMM
[2020/12/11 22:37:00.274854][I][queryEx] E6640A <= *OPC?
[2020/12/11 22:37:00.284639][I][queryEx] E6640A => 1
[2020/12/11 22:37:00.288651][I][set_Continue] Set continue
[2020/12/11 22:37:00.292664][I][writeEx] E6640A <= :INIT:CONT ON
[2020/12/11 22:37:00.396821][I][set_Single] Set single
[2020/12/11 22:37:00.410876][I][writeEx] E6640A <= :INIT:CONT OFF
[2020/12/11 22:37:00.423909][I][get_Power] Get Tx power
[2020/12/11 22:37:00.434978][I][queryEx] E6640A <= :FETCh:CHPower:CHPower?
[2020/12/11 22:37:00.446052][I][queryEx] E6640A => 1.288009453E+01
[2020/12/11 22:37:00.452868][I][chk_Tx_Result] Tx power(add loss: 9.200000) = 22.080000 dBm
[2020/12/11 22:37:00.456886][I][set_Continue] Set continue
[2020/12/11 22:37:00.460895][I][writeEx] E6640A <= :INIT:CONT ON
[2020/12/11 22:37:02.408426][I][set_Preset] System reset
[2020/12/11 22:37:02.411471][I][writeEx] E6640A <= *RST
[2020/12/11 22:37:02.416452][I][writeEx] E6640A <= *CLS
[2020/12/11 22:37:02.419497][I][writeEx] E6640A <= SYST:PRES
[2020/12/11 22:37:02.725620][I][queryEx] E6640A <= *OPC?
[2020/12/11 22:37:03.182197][I][queryEx] E6640A => 1
[2020/12/11 22:37:03.197430][I][set_Tx_Start] Set Tx start
[2020/12/11 22:37:03.202443][I][set_RFI_Port] Set input port
[2020/12/11 22:37:03.207458][I][writeEx] E6640A <= :FEED:RF:PORT:INPut RFIO2
[2020/12/11 22:37:03.211433][I][queryEx] E6640A <= :FEED:RF:PORT:INPut?
[2020/12/11 22:37:03.218455][I][queryEx] E6640A => RFIO2
[2020/12/11 22:37:03.221499][I][set_Modulation_Analysis] Set measurement function
[2020/12/11 22:37:03.226477][I][writeEx] E6640A <= INST:SEL LTEAFDD
[2020/12/11 22:37:03.531547][I][queryEx] E6640A <= *OPC?
[2020/12/11 22:37:03.540735][I][queryEx] E6640A => 1
[2020/12/11 22:37:03.544747][I][queryEx] E6640A <= INST:SEL?
[2020/12/11 22:37:03.553872][I][queryEx] E6640A => LTEAFDD
[2020/12/11 22:37:03.558834][I][writeEx] E6640A <= DISP:CHP:VIEW:WIND:TRAC:Y:COUP OFF
[2020/12/11 22:37:03.563849][I][set_Freq] Set frequence
[2020/12/11 22:37:03.569267][I][writeEx] E6640A <= :FREQuency:CENTer 914.8 MHz
[2020/12/11 22:37:03.574874][I][set_Continue] Set continue
[2020/12/11 22:37:03.578553][I][writeEx] E6640A <= :INIT:CONT ON
[2020/12/11 22:37:03.582566][I][set_Trigger_Free_Run] Set trigger free run
[2020/12/11 22:37:03.586769][I][writeEx] E6640A <= TRIG:CHP:SOUR IMM
[2020/12/11 22:37:03.890544][I][queryEx] E6640A <= *OPC?
[2020/12/11 22:37:03.900868][I][queryEx] E6640A => 1
[2020/12/11 22:37:06.907543][I][chk_Tx_Result] Check Tx result
[2020/12/11 22:37:06.915557][I][set_Limit_Range] Set reference value
[2020/12/11 22:37:06.920464][I][writeEx] E6640A <= DISP:CHP:VIEW:WIND:TRAC:Y:RLEV 30.0 dBm
[2020/12/11 22:37:07.225620][I][queryEx] E6640A <= *OPC?
[2020/12/11 22:37:07.236370][I][queryEx] E6640A => 1
[2020/12/11 22:37:07.241389][I][set_Limit_Range] Set power range
[2020/12/11 22:37:07.245399][I][writeEx] E6640A <= :POW:RANG 30.0 dBm
[2020/12/11 22:37:07.551512][I][queryEx] E6640A <= *OPC?
[2020/12/11 22:37:07.562500][I][queryEx] E6640A => 1
[2020/12/11 22:37:09.568593][I][set_Trigger_Video] Set trigger video
[2020/12/11 22:37:09.577103][I][writeEx] E6640A <= TRIG:CHP:SOUR IF
[2020/12/11 22:37:09.881703][I][queryEx] E6640A <= *OPC?
[2020/12/11 22:37:09.890879][I][queryEx] E6640A => 1
[2020/12/11 22:37:09.895899][I][init_Trigger_Reg] Initial trigger status register
[2020/12/11 22:37:09.899910][I][writeEx] E6640A <= *CLS
[2020/12/11 22:37:09.904920][I][writeEx] E6640A <= :STATus:PRESet
[2020/12/11 22:37:09.908981][I][writeEx] E6640A <= *SRE 192
[2020/12/11 22:37:09.912939][I][writeEx] E6640A <= :STATus:OPERation:ENABle 32
[2020/12/11 22:37:09.918054][I][writeEx] E6640A <= *CLS
[2020/12/11 22:37:09.921695][I][queryEx] E6640A <= *STB?
[2020/12/11 22:37:09.927979][I][queryEx] E6640A => 192
[2020/12/11 22:37:09.932119][I][init_Trigger_Reg] Status: 192
[2020/12/11 22:37:09.936168][I][get_Trigger_Status] Get trigger status
[2020/12/11 22:37:09.939139][I][queryEx] E6640A <= *STB?
[2020/12/11 22:37:09.945323][I][queryEx] E6640A => 192
[2020/12/11 22:37:09.949339][I][get_Trigger_Status] Status: 192
[2020/12/11 22:37:09.952931]Is triggered!
[2020/12/11 22:37:09.956981][I][writeEx] E6640A <= *CLS
[2020/12/11 22:37:09.960973][I][set_Continue] Set continue
[2020/12/11 22:37:09.964964][I][writeEx] E6640A <= :INIT:CONT ON
[2020/12/11 22:37:10.071621][I][set_Single] Set single
[2020/12/11 22:37:10.085674][I][writeEx] E6640A <= :INIT:CONT OFF
[2020/12/11 22:37:10.100748][I][get_Power] Get Tx power
[2020/12/11 22:37:10.115750][I][queryEx] E6640A <= :FETCh:CHPower:CHPower?
[2020/12/11 22:37:10.507500][I][queryEx] E6640A => 2.393669128E+01
[2020/12/11 22:37:10.515481][I][chk_Tx_Result] Tx power(add loss: 8.500000) = 32.437000 dBm
[2020/12/11 22:37:10.520535][I][set_Continue] Set continue
[2020/12/11 22:37:10.524505][I][writeEx] E6640A <= :INIT:CONT ON
[2020/12/11 22:37:12.265928][I][set_Preset] System reset
[2020/12/11 22:37:12.269950][I][writeEx] E6640A <= *RST
[2020/12/11 22:37:12.274758][I][writeEx] E6640A <= *CLS
[2020/12/11 22:37:12.278417][I][writeEx] E6640A <= SYST:PRES
[2020/12/11 22:37:12.583216][I][queryEx] E6640A <= *OPC?
[2020/12/11 22:37:13.065857][I][queryEx] E6640A => 1
[2020/12/11 22:37:13.080891][I][set_Rx_Waveform] Set Rx waveform
[2020/12/11 22:37:13.084847][I][set_RFO_Port] Set output port
[2020/12/11 22:37:13.089863][I][writeEx] E6640A <= :FEED:RF:PORT:OUTPut RFIO2
[2020/12/11 22:37:13.093442][I][queryEx] E6640A <= :FEED:RF:PORT:OUTPut?
[2020/12/11 22:37:13.100508][I][queryEx] E6640A => RFIO2
[2020/12/11 22:37:13.104524][I][set_OneTone_Freq] Set One Tone frequence
[2020/12/11 22:37:13.107482][I][writeEx] E6640A <= :SOUR:FREQ 959.8 MHz
[2020/12/11 22:37:13.112515][I][set_OneTone_Power] Set One Tone power
[2020/12/11 22:37:13.115518][I][writeEx] E6640A <= :SOURce:POWer -51.5
[2020/12/11 22:37:13.122527][I][loading_Waveform] Load waveform
[2020/12/11 22:37:13.126542][I][queryEx] E6640A <= :SOURce:RADio:ARB:CATalog?
[2020/12/11 22:37:13.133747][I][queryEx] E6640A => 9600,4184704,"CTX10_RFLTE_20160809.wfm"
[2020/12/11 22:37:13.137766][I][writeEx] E6640A <= :SOUR:RAD:ARB:WAV "CTX10_RFLTE_20160809.wfm"
[2020/12/11 22:37:13.442929][I][queryEx] E6640A <= *OPC?
[2020/12/11 22:37:13.453916][I][queryEx] E6640A => 1
[2020/12/11 22:37:13.457930][I][set_ARB_ON] Set ARB ON
[2020/12/11 22:37:13.460939][I][writeEx] E6640A <= :SOUR:RAD:ARB ON
[2020/12/11 22:37:13.466002][I][set_Sample_Rate] Set Sample Rate
[2020/12/11 22:37:13.469000][I][writeEx] E6640A <= SOUR:RAD:ARB:SCL:RATE 100.0 kHz
[2020/12/11 22:37:13.474024][I][set_Modulation_ON] Set ARB ON
[2020/12/11 22:37:13.478030][I][writeEx] E6640A <= :OUTP:MOD ON
[2020/12/11 22:37:13.486054][I][set_OneTone_Start] Set One Tone start
[2020/12/11 22:37:13.490016][I][writeEx] E6640A <= OUTP ON
[2020/12/11 22:37:19.839183][I][set_OneTone_Stop] Set One Tone stop
[2020/12/11 22:37:19.854043][I][writeEx] E6640A <= OUTP OFF
[2020/12/11 22:37:43.391510][I][disconnect_E6640A] Disconnect E6640A
[2020/12/11 22:37:43.400057][I][set_Preset] System reset
[2020/12/11 22:37:43.404071][I][writeEx] E6640A <= *RST
[2020/12/11 22:37:43.408118][I][writeEx] E6640A <= *CLS
[2020/12/11 22:37:43.412129][I][writeEx] E6640A <= SYST:PRES
[2020/12/11 22:37:43.717894][I][queryEx] E6640A <= *OPC?
[2020/12/11 22:37:44.188379][I][queryEx] E6640A => 1
[2020/12/11 22:37:44.196341]========== End ==========
