[2020/12/11 22:31:53.379133][I][class_GFI20] Initial class_GFI20
[2020/12/11 22:31:53.384241][I][connectDUT] COM: COM6, BaudRate: 115200
[2020/12/11 22:31:53.387310][I][connectDUT] Connect DUT success
[2020/12/11 22:31:53.392265][I][setScimitarMenu] Set Scimitar menu
[2020/12/11 22:31:53.594824][I][sendCOMCommand] DUT <= x
[2020/12/11 22:31:53.803470][I][sendCOMCommand] Serial buffer size: 22
[2020/12/11 22:31:54.315248][I][sendCOMCommand] DUT => x
$2_Zigbee(EM357)>

[2020/12/11 22:31:54.522520][I][sendCOMCommand] DUT <= x
[2020/12/11 22:31:54.729591][I][sendCOMCommand] Serial buffer size: 7
[2020/12/11 22:31:55.242700][I][sendCOMCommand] DUT => x
$>

[2020/12/11 22:31:55.248924][I][setScimitarMenu] Success
[2020/12/11 22:32:01.017099][I][setZigbee_Tx] ZIGBEE_2450 CH: 11, Tx PWR: 14 dBm
[2020/12/11 22:32:01.019140][I][setScimitarMenu] Set Scimitar menu
[2020/12/11 22:32:01.223607][I][sendCOMCommand] DUT <= x
[2020/12/11 22:32:01.430850][I][sendCOMCommand] Serial buffer size: 7
[2020/12/11 22:32:01.946701][I][sendCOMCommand] DUT => x
$>

[2020/12/11 22:32:01.953671][I][setScimitarMenu] Success
[2020/12/11 22:32:01.955715][I][setZigbeeMenu] Check Zigbee Menu
[2020/12/11 22:32:02.160323][I][sendCOMCommand] DUT <= 2
[2020/12/11 22:32:02.367830][I][sendCOMCommand] Serial buffer size: 22
[2020/12/11 22:32:02.884898][I][sendCOMCommand] DUT => 2
$2_Zigbee(EM357)>

[2020/12/11 22:32:02.888861][I][setZigbeeMenu] Success
[2020/12/11 22:32:02.890866][I][setZigbee_Tx] Set Diagnostics Menu
[2020/12/11 22:32:03.095012][I][sendCOMCommand] DUT <= d
[2020/12/11 22:32:03.303432][I][sendCOMCommand] Serial buffer size: 22
[2020/12/11 22:32:03.814538][I][sendCOMCommand] DUT => d
$2-d_Diagnostics>

[2020/12/11 22:32:03.821160][I][setZigbee_Tx] Success
[2020/12/11 22:32:03.824177][I][setZigbee_Tx] Set Channel Menu
[2020/12/11 22:32:04.028451][I][sendCOMCommand] DUT <= 2
[2020/12/11 22:32:04.239150][I][sendCOMCommand] Serial buffer size: 83
[2020/12/11 22:32:04.753838][I][sendCOMCommand] DUT => 2
$2-d-2_Set Channel (2.4:11-26,863:0-62,915:0-26) [0B-FA by HEX]>
$PARAMETER?>

[2020/12/11 22:32:04.759860][I][setZigbee_Tx] Success
[2020/12/11 22:32:04.763892][I][setZigbee_Tx] Set Channel
[2020/12/11 22:32:04.967626][I][sendCOMCommand] DUT <= 0B
[2020/12/11 22:32:05.179430][I][sendCOMCommand] Serial buffer size: 53
[2020/12/11 22:32:05.693782][I][sendCOMCommand] DUT => Set Channel: 11 (0x0B)
$DONE_OK
$2-d_Diagnostics>

[2020/12/11 22:32:05.700774][I][setZigbee_Tx] Success
[2020/12/11 22:32:05.704750][I][setZigbee_Tx] Set PWR Menu
[2020/12/11 22:32:05.907693][I][sendCOMCommand] DUT <= 3
[2020/12/11 22:32:06.113577][I][sendCOMCommand] Serial buffer size: 79
[2020/12/11 22:32:06.633858][I][sendCOMCommand] DUT => 3
$2-d-3_Set Power (-32 => +8dBm, Step=1dB) [-2B - 08 by HEX]>
$PARAMETER?>

[2020/12/11 22:32:06.640829][I][setZigbee_Tx] Success
[2020/12/11 22:32:06.644839][I][setZigbee_Tx] Set Tx PWR
[2020/12/11 22:32:06.849005][I][sendCOMCommand] DUT <= 0E
[2020/12/11 22:32:07.058176][I][sendCOMCommand] Serial buffer size: 51
[2020/12/11 22:32:07.572735][I][sendCOMCommand] DUT => Set Power: 14 (0x0E)
$DONE_OK
$2-d_Diagnostics>

[2020/12/11 22:32:07.584718][I][setZigbee_Tx] Success
[2020/12/11 22:32:07.599510][I][setScimitarMenu] Set Scimitar menu
[2020/12/11 22:32:07.802964][I][sendCOMCommand] DUT <= x
[2020/12/11 22:32:08.016686][I][sendCOMCommand] Serial buffer size: 22
[2020/12/11 22:32:08.536062][I][sendCOMCommand] DUT => x
$2_Zigbee(EM357)>

[2020/12/11 22:32:08.743963][I][sendCOMCommand] DUT <= x
[2020/12/11 22:32:08.952613][I][sendCOMCommand] Serial buffer size: 7
[2020/12/11 22:32:09.467328][I][sendCOMCommand] DUT => x
$>

[2020/12/11 22:32:09.475380][I][setScimitarMenu] Success
[2020/12/11 22:32:09.478346][I][setZigbeeMenu] Check Zigbee Menu
[2020/12/11 22:32:09.683037][I][sendCOMCommand] DUT <= 2
[2020/12/11 22:32:09.896736][I][sendCOMCommand] Serial buffer size: 22
[2020/12/11 22:32:10.413590][I][sendCOMCommand] DUT => 2
$2_Zigbee(EM357)>

[2020/12/11 22:32:10.418601][I][setZigbeeMenu] Success
[2020/12/11 22:32:10.421608][I][setTxStart] Set Tx start
[2020/12/11 22:32:13.123019][I][setTxStop] Set Tx stop
[2020/12/11 22:32:13.327704][I][sendCOMCommand] DUT <= 5
[2020/12/11 22:32:13.542527][I][sendCOMCommand] Serial buffer size: 170
[2020/12/11 22:32:14.057151][I][sendCOMCommand] DUT => [mfglib]Send Packet(100 bytes)
[mfglib]Send Packet(100 bytes)
5
ZigBee send packet test end.
Total number of emberStatus errors:0
$[0]
$DONE_OK
$2_Zigbee(EM357)>

[2020/12/11 22:32:14.064175][I][setTxStop] Success
[2020/12/11 22:32:17.462054][I][setZigbee_Tx] ZIGBEE_2450 CH: 18, Tx PWR: 14 dBm
[2020/12/11 22:32:17.465064][I][setScimitarMenu] Set Scimitar menu
[2020/12/11 22:32:17.670412][I][sendCOMCommand] DUT <= x
[2020/12/11 22:32:17.877280][I][sendCOMCommand] Serial buffer size: 7
[2020/12/11 22:32:18.392871][I][sendCOMCommand] DUT => x
$>

[2020/12/11 22:32:18.400844][I][setScimitarMenu] Success
[2020/12/11 22:32:18.404890][I][setZigbeeMenu] Check Zigbee Menu
[2020/12/11 22:32:18.609229][I][sendCOMCommand] DUT <= 2
[2020/12/11 22:32:18.819051][I][sendCOMCommand] Serial buffer size: 22
[2020/12/11 22:32:19.333823][I][sendCOMCommand] DUT => 2
$2_Zigbee(EM357)>

[2020/12/11 22:32:19.340847][I][setZigbeeMenu] Success
[2020/12/11 22:32:19.344895][I][setZigbee_Tx] Set Diagnostics Menu
[2020/12/11 22:32:19.550210][I][sendCOMCommand] DUT <= d
[2020/12/11 22:32:19.759734][I][sendCOMCommand] Serial buffer size: 22
[2020/12/11 22:32:20.280853][I][sendCOMCommand] DUT => d
$2-d_Diagnostics>

[2020/12/11 22:32:20.290848][I][setZigbee_Tx] Success
[2020/12/11 22:32:20.294994][I][setZigbee_Tx] Set Channel Menu
[2020/12/11 22:32:20.500070][I][sendCOMCommand] DUT <= 2
[2020/12/11 22:32:20.709776][I][sendCOMCommand] Serial buffer size: 83
[2020/12/11 22:32:21.231227][I][sendCOMCommand] DUT => 2
$2-d-2_Set Channel (2.4:11-26,863:0-62,915:0-26) [0B-FA by HEX]>
$PARAMETER?>

[2020/12/11 22:32:21.239191][I][setZigbee_Tx] Success
[2020/12/11 22:32:21.243202][I][setZigbee_Tx] Set Channel
[2020/12/11 22:32:21.449886][I][sendCOMCommand] DUT <= 12
[2020/12/11 22:32:21.659032][I][sendCOMCommand] Serial buffer size: 53
[2020/12/11 22:32:22.180947][I][sendCOMCommand] DUT => Set Channel: 18 (0x12)
$DONE_OK
$2-d_Diagnostics>

[2020/12/11 22:32:22.190015][I][setZigbee_Tx] Success
[2020/12/11 22:32:22.193809][I][setZigbee_Tx] Set PWR Menu
[2020/12/11 22:32:22.399099][I][sendCOMCommand] DUT <= 3
[2020/12/11 22:32:22.606557][I][sendCOMCommand] Serial buffer size: 79
[2020/12/11 22:32:23.127574][I][sendCOMCommand] DUT => 3
$2-d-3_Set Power (-32 => +8dBm, Step=1dB) [-2B - 08 by HEX]>
$PARAMETER?>

[2020/12/11 22:32:23.135528][I][setZigbee_Tx] Success
[2020/12/11 22:32:23.139540][I][setZigbee_Tx] Set Tx PWR
[2020/12/11 22:32:23.345057][I][sendCOMCommand] DUT <= 0E
[2020/12/11 22:32:23.553604][I][sendCOMCommand] Serial buffer size: 51
[2020/12/11 22:32:24.068848][I][sendCOMCommand] DUT => Set Power: 14 (0x0E)
$DONE_OK
$2-d_Diagnostics>

[2020/12/11 22:32:24.083728][I][setZigbee_Tx] Success
[2020/12/11 22:32:24.097563][I][setScimitarMenu] Set Scimitar menu
[2020/12/11 22:32:24.303369][I][sendCOMCommand] DUT <= x
[2020/12/11 22:32:24.518767][I][sendCOMCommand] Serial buffer size: 22
[2020/12/11 22:32:25.033987][I][sendCOMCommand] DUT => x
$2_Zigbee(EM357)>

[2020/12/11 22:32:25.241552][I][sendCOMCommand] DUT <= x
[2020/12/11 22:32:25.451134][I][sendCOMCommand] Serial buffer size: 7
[2020/12/11 22:32:25.969806][I][sendCOMCommand] DUT => x
$>

[2020/12/11 22:32:25.977073][I][setScimitarMenu] Success
[2020/12/11 22:32:25.981441][I][setZigbeeMenu] Check Zigbee Menu
[2020/12/11 22:32:26.186688][I][sendCOMCommand] DUT <= 2
[2020/12/11 22:32:26.396309][I][sendCOMCommand] Serial buffer size: 22
[2020/12/11 22:32:26.917530][I][sendCOMCommand] DUT => 2
$2_Zigbee(EM357)>

[2020/12/11 22:32:26.925545][I][setZigbeeMenu] Success
[2020/12/11 22:32:26.928509][I][setTxStart] Set Tx start
[2020/12/11 22:32:29.653934][I][setTxStop] Set Tx stop
[2020/12/11 22:32:29.859122][I][sendCOMCommand] DUT <= 5
[2020/12/11 22:32:30.068668][I][sendCOMCommand] Serial buffer size: 170
[2020/12/11 22:32:30.591759][I][sendCOMCommand] DUT => [mfglib]Send Packet(100 bytes)
[mfglib]Send Packet(100 bytes)
5
ZigBee send packet test end.
Total number of emberStatus errors:0
$[0]
$DONE_OK
$2_Zigbee(EM357)>

[2020/12/11 22:32:30.599784][I][setTxStop] Success
[2020/12/11 22:32:34.029224][I][setZigbee_Tx] ZIGBEE_2450 CH: 26, Tx PWR: 14 dBm
[2020/12/11 22:32:34.033242][I][setScimitarMenu] Set Scimitar menu
[2020/12/11 22:32:34.238955][I][sendCOMCommand] DUT <= x
[2020/12/11 22:32:34.449011][I][sendCOMCommand] Serial buffer size: 7
[2020/12/11 22:32:34.964423][I][sendCOMCommand] DUT => x
$>

[2020/12/11 22:32:34.969755][I][setScimitarMenu] Success
[2020/12/11 22:32:34.974850][I][setZigbeeMenu] Check Zigbee Menu
[2020/12/11 22:32:35.180975][I][sendCOMCommand] DUT <= 2
[2020/12/11 22:32:35.390378][I][sendCOMCommand] Serial buffer size: 22
[2020/12/11 22:32:35.913324][I][sendCOMCommand] DUT => 2
$2_Zigbee(EM357)>

[2020/12/11 22:32:35.921298][I][setZigbeeMenu] Success
[2020/12/11 22:32:35.926310][I][setZigbee_Tx] Set Diagnostics Menu
[2020/12/11 22:32:36.131080][I][sendCOMCommand] DUT <= d
[2020/12/11 22:32:36.340810][I][sendCOMCommand] Serial buffer size: 22
[2020/12/11 22:32:36.864804][I][sendCOMCommand] DUT => d
$2-d_Diagnostics>

[2020/12/11 22:32:36.872775][I][setZigbee_Tx] Success
[2020/12/11 22:32:36.876787][I][setZigbee_Tx] Set Channel Menu
[2020/12/11 22:32:37.082619][I][sendCOMCommand] DUT <= 2
[2020/12/11 22:32:37.299277][I][sendCOMCommand] Serial buffer size: 83
[2020/12/11 22:32:37.814153][I][sendCOMCommand] DUT => 2
$2-d-2_Set Channel (2.4:11-26,863:0-62,915:0-26) [0B-FA by HEX]>
$PARAMETER?>

[2020/12/11 22:32:37.822165][I][setZigbee_Tx] Success
[2020/12/11 22:32:37.826185][I][setZigbee_Tx] Set Channel
[2020/12/11 22:32:38.031272][I][sendCOMCommand] DUT <= 1A
[2020/12/11 22:32:38.247939][I][sendCOMCommand] Serial buffer size: 53
[2020/12/11 22:32:38.765210][I][sendCOMCommand] DUT => Set Channel: 26 (0x1A)
$DONE_OK
$2-d_Diagnostics>

[2020/12/11 22:32:38.780476][I][setZigbee_Tx] Success
[2020/12/11 22:32:38.788222][I][setZigbee_Tx] Set PWR Menu
[2020/12/11 22:32:38.993061][I][sendCOMCommand] DUT <= 3
[2020/12/11 22:32:39.202533][I][sendCOMCommand] Serial buffer size: 79
[2020/12/11 22:32:39.719397][I][sendCOMCommand] DUT => 3
$2-d-3_Set Power (-32 => +8dBm, Step=1dB) [-2B - 08 by HEX]>
$PARAMETER?>

[2020/12/11 22:32:39.729896][I][setZigbee_Tx] Success
[2020/12/11 22:32:39.732907][I][setZigbee_Tx] Set Tx PWR
[2020/12/11 22:32:39.938696][I][sendCOMCommand] DUT <= 0E
[2020/12/11 22:32:40.149157][I][sendCOMCommand] Serial buffer size: 51
[2020/12/11 22:32:40.671917][I][sendCOMCommand] DUT => Set Power: 14 (0x0E)
$DONE_OK
$2-d_Diagnostics>

[2020/12/11 22:32:40.679886][I][setZigbee_Tx] Success
[2020/12/11 22:32:40.693924][I][setScimitarMenu] Set Scimitar menu
[2020/12/11 22:32:40.899342][I][sendCOMCommand] DUT <= x
[2020/12/11 22:32:41.109150][I][sendCOMCommand] Serial buffer size: 22
[2020/12/11 22:32:41.624299][I][sendCOMCommand] DUT => x
$2_Zigbee(EM357)>

[2020/12/11 22:32:41.834578][I][sendCOMCommand] DUT <= x
[2020/12/11 22:32:42.044442][I][sendCOMCommand] Serial buffer size: 7
[2020/12/11 22:32:42.567057][I][sendCOMCommand] DUT => x
$>

[2020/12/11 22:32:42.575026][I][setScimitarMenu] Success
[2020/12/11 22:32:42.580040][I][setZigbeeMenu] Check Zigbee Menu
[2020/12/11 22:32:42.785101][I][sendCOMCommand] DUT <= 2
[2020/12/11 22:32:42.994958][I][sendCOMCommand] Serial buffer size: 22
[2020/12/11 22:32:43.506990][I][sendCOMCommand] DUT => 2
$2_Zigbee(EM357)>

[2020/12/11 22:32:43.514007][I][setZigbeeMenu] Success
[2020/12/11 22:32:43.518048][I][setTxStart] Set Tx start
[2020/12/11 22:32:46.204250][I][setTxStop] Set Tx stop
[2020/12/11 22:32:46.408890][I][sendCOMCommand] DUT <= 5
[2020/12/11 22:32:46.617601][I][sendCOMCommand] Serial buffer size: 202
[2020/12/11 22:32:47.142289][I][sendCOMCommand] DUT => [mfglib]Send Packet(100 bytes)
[mfglib]Send Packet(100 bytes)
[mfglib]Send Packet(100 bytes)
5
ZigBee send packet test end.
Total number of emberStatus errors:0
$[0]
$DONE_OK
$2_Zigbee(EM357)>

[2020/12/11 22:32:47.150254][I][setTxStop] Success
[2020/12/11 22:32:48.284314][I][setZigbee_Rx] ZIGBEE_2450 CH: 19
[2020/12/11 22:32:48.288212][I][setScimitarMenu] Set Scimitar menu
[2020/12/11 22:32:48.492698][I][sendCOMCommand] DUT <= x
[2020/12/11 22:32:48.702317][I][sendCOMCommand] Serial buffer size: 7
[2020/12/11 22:32:49.226044][I][sendCOMCommand] DUT => x
$>

[2020/12/11 22:32:49.234008][I][setScimitarMenu] Success
[2020/12/11 22:32:49.238053][I][setZigbeeMenu] Check Zigbee Menu
[2020/12/11 22:32:49.443767][I][sendCOMCommand] DUT <= 2
[2020/12/11 22:32:49.653598][I][sendCOMCommand] Serial buffer size: 22
[2020/12/11 22:32:50.174679][I][sendCOMCommand] DUT => 2
$2_Zigbee(EM357)>

[2020/12/11 22:32:50.179689][I][setZigbeeMenu] Success
[2020/12/11 22:32:50.186717][I][setZigbee_Rx] Set Diagnostics Menu
[2020/12/11 22:32:50.393902][I][sendCOMCommand] DUT <= d
[2020/12/11 22:32:50.603646][I][sendCOMCommand] Serial buffer size: 22
[2020/12/11 22:32:51.127736][I][sendCOMCommand] DUT => d
$2-d_Diagnostics>

[2020/12/11 22:32:51.133896][I][setZigbee_Rx] Success
[2020/12/11 22:32:51.137989][I][setZigbee_Rx] Set Channel Menu
[2020/12/11 22:32:51.343287][I][sendCOMCommand] DUT <= 2
[2020/12/11 22:32:51.553112][I][sendCOMCommand] Serial buffer size: 83
[2020/12/11 22:32:52.075526][I][sendCOMCommand] DUT => 2
$2-d-2_Set Channel (2.4:11-26,863:0-62,915:0-26) [0B-FA by HEX]>
$PARAMETER?>

[2020/12/11 22:32:52.084550][I][setZigbee_Rx] Success
[2020/12/11 22:32:52.088603][I][setZigbee_Rx] Set Channel
[2020/12/11 22:32:52.294141][I][sendCOMCommand] DUT <= 13
[2020/12/11 22:32:52.502641][I][sendCOMCommand] Serial buffer size: 53
[2020/12/11 22:32:53.023451][I][sendCOMCommand] DUT => Set Channel: 19 (0x13)
$DONE_OK
$2-d_Diagnostics>

[2020/12/11 22:32:53.031476][I][setZigbee_Rx] Success
[2020/12/11 22:32:53.039010][I][setZigbeeLNAMode] LNA Mode: 1
[2020/12/11 22:32:53.043028][I][setScimitarMenu] Set Scimitar menu
[2020/12/11 22:32:53.248625][I][sendCOMCommand] DUT <= x
[2020/12/11 22:32:53.457553][I][sendCOMCommand] Serial buffer size: 22
[2020/12/11 22:32:53.980403][I][sendCOMCommand] DUT => x
$2_Zigbee(EM357)>

[2020/12/11 22:32:54.190432][I][sendCOMCommand] DUT <= x
[2020/12/11 22:32:54.406925][I][sendCOMCommand] Serial buffer size: 7
[2020/12/11 22:32:54.924089][I][sendCOMCommand] DUT => x
$>

[2020/12/11 22:32:54.932063][I][setScimitarMenu] Success
[2020/12/11 22:32:54.937324][I][setZigbeeMenu] Check Zigbee Menu
[2020/12/11 22:32:55.142451][I][sendCOMCommand] DUT <= 2
[2020/12/11 22:32:55.359995][I][sendCOMCommand] Serial buffer size: 22
[2020/12/11 22:32:55.875714][I][sendCOMCommand] DUT => 2
$2_Zigbee(EM357)>

[2020/12/11 22:32:55.883688][I][setZigbeeMenu] Success
[2020/12/11 22:32:55.887733][I][setZigbeeLNAMode] Set GPIO Write Menu
[2020/12/11 22:32:56.093027][I][sendCOMCommand] DUT <= 3
[2020/12/11 22:32:56.309806][I][sendCOMCommand] Serial buffer size: 28
[2020/12/11 22:32:56.824581][I][sendCOMCommand] DUT => 3
$2-3_ZigBee GPIO Write>

[2020/12/11 22:32:56.832552][I][setZigbeeLNAMode] Success
[2020/12/11 22:32:56.837129][I][setZigbeeLNAMode] Set LNA Mode
[2020/12/11 22:32:57.040963][I][sendCOMCommand] DUT <= 3
[2020/12/11 22:32:57.253081][I][sendCOMCommand] Serial buffer size: 73
[2020/12/11 22:32:57.767112][I][sendCOMCommand] DUT => 3
gpio out port:5 pin:3 cfg:4 out:1
$DONE_OK
$2-3_ZigBee GPIO Write>

[2020/12/11 22:32:57.775178][I][setZigbeeLNAMode] Success
[2020/12/11 22:32:58.793781][I][getRxResult] Get Rx Result
[2020/12/11 22:32:58.802688][I][setScimitarMenu] Set Scimitar menu
[2020/12/11 22:32:59.007744][I][sendCOMCommand] DUT <= x
[2020/12/11 22:32:59.218650][I][sendCOMCommand] Serial buffer size: 22
[2020/12/11 22:32:59.732587][I][sendCOMCommand] DUT => x
$2_Zigbee(EM357)>

[2020/12/11 22:32:59.942443][I][sendCOMCommand] DUT <= x
[2020/12/11 22:33:00.150538][I][sendCOMCommand] Serial buffer size: 7
[2020/12/11 22:33:00.661233][I][sendCOMCommand] DUT => x
$>

[2020/12/11 22:33:00.669186][I][setScimitarMenu] Success
[2020/12/11 22:33:00.673234][I][setZigbeeMenu] Check Zigbee Menu
[2020/12/11 22:33:00.879409][I][sendCOMCommand] DUT <= 2
[2020/12/11 22:33:01.088910][I][sendCOMCommand] Serial buffer size: 22
[2020/12/11 22:33:01.612027][I][sendCOMCommand] DUT => 2
$2_Zigbee(EM357)>

[2020/12/11 22:33:01.628087][I][setZigbeeMenu] Success
[2020/12/11 22:33:01.838929][I][sendCOMCommand] DUT <= b
[2020/12/11 22:33:02.049025][I][sendCOMCommand] Serial buffer size: 94
[2020/12/11 22:33:02.167081][W][sendCOMCommand] Buffer not empty!!!
[2020/12/11 22:33:02.183066][I][sendCOMCommand] Serial buffer size: 183
[2020/12/11 22:33:02.700210][I][sendCOMCommand] DUT => b
ZigBee get Rssi test start.
Start Scan ... (Channel: 19 (0x13) duration:2 mask:00080000)
Channel: 19 (0x13), Rssi:-13
Total OK!    OOO   K  K   !
            O   O  K K    !
            O   O  KK     !
            O   O  K K     
             OOO   K  Kk  !
$[-13]

[2020/12/11 22:33:05.998084][I][setZigbee_Tx] ZIGBEE_868 CH: 0, Tx PWR: 13 dBm
[2020/12/11 22:33:06.003152][I][setScimitarMenu] Set Scimitar menu
[2020/12/11 22:33:06.209603][I][sendCOMCommand] DUT <= x
[2020/12/11 22:33:06.420103][I][sendCOMCommand] Serial buffer size: 36
[2020/12/11 22:33:06.945247][I][sendCOMCommand] DUT => $DONE_OK
$2_Zigbee(EM357)>
x
$>

[2020/12/11 22:33:06.955272][I][setScimitarMenu] Success
[2020/12/11 22:33:06.959274][I][setZigbeeMenu] Check Zigbee Menu
[2020/12/11 22:33:07.164685][I][sendCOMCommand] DUT <= 2
[2020/12/11 22:33:07.374926][I][sendCOMCommand] Serial buffer size: 22
[2020/12/11 22:33:07.899557][I][sendCOMCommand] DUT => 2
$2_Zigbee(EM357)>

[2020/12/11 22:33:07.907510][I][setZigbeeMenu] Success
[2020/12/11 22:33:07.912523][I][setZigbee_Tx] Set Diagnostics Menu
[2020/12/11 22:33:08.117772][I][sendCOMCommand] DUT <= d
[2020/12/11 22:33:08.339123][I][sendCOMCommand] Serial buffer size: 22
[2020/12/11 22:33:08.853305][I][sendCOMCommand] DUT => d
$2-d_Diagnostics>

[2020/12/11 22:33:08.861275][I][setZigbee_Tx] Success
[2020/12/11 22:33:08.866290][I][setZigbee_Tx] Set Channel Menu
[2020/12/11 22:33:09.071809][I][sendCOMCommand] DUT <= 2
[2020/12/11 22:33:09.289656][I][sendCOMCommand] Serial buffer size: 83
[2020/12/11 22:33:09.803949][I][sendCOMCommand] DUT => 2
$2-d-2_Set Channel (2.4:11-26,863:0-62,915:0-26) [0B-FA by HEX]>
$PARAMETER?>

[2020/12/11 22:33:09.811958][I][setZigbee_Tx] Success
[2020/12/11 22:33:09.816937][I][setZigbee_Tx] Set Channel
[2020/12/11 22:33:10.021344][I][sendCOMCommand] DUT <= 80
[2020/12/11 22:33:10.229517][I][sendCOMCommand] Serial buffer size: 54
[2020/12/11 22:33:10.753649][I][sendCOMCommand] DUT => Set Channel: 128 (0x80)
$DONE_OK
$2-d_Diagnostics>

[2020/12/11 22:33:10.764107][I][setZigbee_Tx] Success
[2020/12/11 22:33:10.767116][I][setZigbee_Tx] Set PWR Menu
[2020/12/11 22:33:10.972703][I][sendCOMCommand] DUT <= 3
[2020/12/11 22:33:11.182896][I][sendCOMCommand] Serial buffer size: 79
[2020/12/11 22:33:11.707431][I][sendCOMCommand] DUT => 3
$2-d-3_Set Power (-32 => +8dBm, Step=1dB) [-2B - 08 by HEX]>
$PARAMETER?>

[2020/12/11 22:33:11.716505][I][setZigbee_Tx] Success
[2020/12/11 22:33:11.720471][I][setZigbee_Tx] Set Tx PWR
[2020/12/11 22:33:11.925734][I][sendCOMCommand] DUT <= 0D
[2020/12/11 22:33:12.136092][I][sendCOMCommand] Serial buffer size: 51
[2020/12/11 22:33:12.660271][I][sendCOMCommand] DUT => Set Power: 13 (0x0D)
$DONE_OK
$2-d_Diagnostics>

[2020/12/11 22:33:12.670010][I][setZigbee_Tx] Success
[2020/12/11 22:33:12.681043][I][setScimitarMenu] Set Scimitar menu
[2020/12/11 22:33:12.886575][I][sendCOMCommand] DUT <= x
[2020/12/11 22:33:13.095982][I][sendCOMCommand] Serial buffer size: 22
[2020/12/11 22:33:13.621920][I][sendCOMCommand] DUT => x
$2_Zigbee(EM357)>

[2020/12/11 22:33:13.839218][I][sendCOMCommand] DUT <= x
[2020/12/11 22:33:14.049056][I][sendCOMCommand] Serial buffer size: 7
[2020/12/11 22:33:14.573848][I][sendCOMCommand] DUT => x
$>

[2020/12/11 22:33:14.581802][I][setScimitarMenu] Success
[2020/12/11 22:33:14.587396][I][setZigbeeMenu] Check Zigbee Menu
[2020/12/11 22:33:14.792388][I][sendCOMCommand] DUT <= 2
[2020/12/11 22:33:15.002182][I][sendCOMCommand] Serial buffer size: 22
[2020/12/11 22:33:15.524764][I][sendCOMCommand] DUT => 2
$2_Zigbee(EM357)>

[2020/12/11 22:33:15.528774][I][setZigbeeMenu] Success
[2020/12/11 22:33:15.533793][I][setTxStart] Set Tx start
[2020/12/11 22:33:18.835922][I][setTxStop] Set Tx stop
[2020/12/11 22:33:19.041861][I][sendCOMCommand] DUT <= 5
[2020/12/11 22:33:19.249543][I][sendCOMCommand] Serial buffer size: 106
[2020/12/11 22:33:19.763956][I][sendCOMCommand] DUT => 5
ZigBee send packet test end.
Total number of emberStatus errors:0
$[0]
$DONE_OK
$2_Zigbee(EM357)>

[2020/12/11 22:33:19.773025][I][setTxStop] Success
[2020/12/11 22:33:23.202042][I][setZigbee_Tx] ZIGBEE_868 CH: 21, Tx PWR: 12 dBm
[2020/12/11 22:33:23.206090][I][setScimitarMenu] Set Scimitar menu
[2020/12/11 22:33:23.412319][I][sendCOMCommand] DUT <= x
[2020/12/11 22:33:23.622040][I][sendCOMCommand] Serial buffer size: 7
[2020/12/11 22:33:24.145127][I][sendCOMCommand] DUT => x
$>

[2020/12/11 22:33:24.150188][I][setScimitarMenu] Success
[2020/12/11 22:33:24.155155][I][setZigbeeMenu] Check Zigbee Menu
[2020/12/11 22:33:24.361653][I][sendCOMCommand] DUT <= 2
[2020/12/11 22:33:24.571819][I][sendCOMCommand] Serial buffer size: 22
[2020/12/11 22:33:25.087345][I][sendCOMCommand] DUT => 2
$2_Zigbee(EM357)>

[2020/12/11 22:33:25.104394][I][setZigbeeMenu] Success
[2020/12/11 22:33:25.112750][I][setZigbee_Tx] Set Diagnostics Menu
[2020/12/11 22:33:25.317747][I][sendCOMCommand] DUT <= d
[2020/12/11 22:33:25.537181][I][sendCOMCommand] Serial buffer size: 22
[2020/12/11 22:33:26.048910][I][sendCOMCommand] DUT => d
$2-d_Diagnostics>

[2020/12/11 22:33:26.053923][I][setZigbee_Tx] Success
[2020/12/11 22:33:26.058936][I][setZigbee_Tx] Set Channel Menu
[2020/12/11 22:33:26.264265][I][sendCOMCommand] DUT <= 2
[2020/12/11 22:33:26.473345][I][sendCOMCommand] Serial buffer size: 83
[2020/12/11 22:33:26.999254][I][sendCOMCommand] DUT => 2
$2-d-2_Set Channel (2.4:11-26,863:0-62,915:0-26) [0B-FA by HEX]>
$PARAMETER?>

[2020/12/11 22:33:27.008287][I][setZigbee_Tx] Success
[2020/12/11 22:33:27.012967][I][setZigbee_Tx] Set Channel
[2020/12/11 22:33:27.219669][I][sendCOMCommand] DUT <= 95
[2020/12/11 22:33:27.438373][I][sendCOMCommand] Serial buffer size: 54
[2020/12/11 22:33:27.954369][I][sendCOMCommand] DUT => Set Channel: 149 (0x95)
$DONE_OK
$2-d_Diagnostics>

[2020/12/11 22:33:27.964408][I][setZigbee_Tx] Success
[2020/12/11 22:33:27.968358][I][setZigbee_Tx] Set PWR Menu
[2020/12/11 22:33:28.174496][I][sendCOMCommand] DUT <= 3
[2020/12/11 22:33:28.384947][I][sendCOMCommand] Serial buffer size: 79
[2020/12/11 22:33:28.910089][I][sendCOMCommand] DUT => 3
$2-d-3_Set Power (-32 => +8dBm, Step=1dB) [-2B - 08 by HEX]>
$PARAMETER?>

[2020/12/11 22:33:28.915016][I][setZigbee_Tx] Success
[2020/12/11 22:33:28.920031][I][setZigbee_Tx] Set Tx PWR
[2020/12/11 22:33:29.126278][I][sendCOMCommand] DUT <= 0C
[2020/12/11 22:33:29.345223][I][sendCOMCommand] Serial buffer size: 51
[2020/12/11 22:33:29.860410][I][sendCOMCommand] DUT => Set Power: 12 (0x0C)
$DONE_OK
$2-d_Diagnostics>

[2020/12/11 22:33:29.870114][I][setZigbee_Tx] Success
[2020/12/11 22:33:29.882288][I][setScimitarMenu] Set Scimitar menu
[2020/12/11 22:33:30.086702][I][sendCOMCommand] DUT <= x
[2020/12/11 22:33:30.298703][I][sendCOMCommand] Serial buffer size: 22
[2020/12/11 22:33:30.813214][I][sendCOMCommand] DUT => x
$2_Zigbee(EM357)>

[2020/12/11 22:33:31.018854][I][sendCOMCommand] DUT <= x
[2020/12/11 22:33:31.237965][I][sendCOMCommand] Serial buffer size: 7
[2020/12/11 22:33:31.754615][I][sendCOMCommand] DUT => x
$>

[2020/12/11 22:33:31.764201][I][setScimitarMenu] Success
[2020/12/11 22:33:31.768215][I][setZigbeeMenu] Check Zigbee Menu
[2020/12/11 22:33:31.973707][I][sendCOMCommand] DUT <= 2
[2020/12/11 22:33:32.182927][I][sendCOMCommand] Serial buffer size: 22
[2020/12/11 22:33:32.708005][I][sendCOMCommand] DUT => 2
$2_Zigbee(EM357)>

[2020/12/11 22:33:32.717076][I][setZigbeeMenu] Success
[2020/12/11 22:33:32.721047][I][setTxStart] Set Tx start
[2020/12/11 22:33:36.004419][I][setTxStop] Set Tx stop
[2020/12/11 22:33:36.211151][I][sendCOMCommand] DUT <= 5
[2020/12/11 22:33:36.421305][I][sendCOMCommand] Serial buffer size: 106
[2020/12/11 22:33:36.946708][I][sendCOMCommand] DUT => 5
ZigBee send packet test end.
Total number of emberStatus errors:0
$[0]
$DONE_OK
$2_Zigbee(EM357)>

[2020/12/11 22:33:36.955725][I][setTxStop] Success
[2020/12/11 22:33:36.983614][I][setZigbee_Tx] ZIGBEE_868 CH: 21, Tx PWR: 13 dBm
[2020/12/11 22:33:36.988629][I][setScimitarMenu] Set Scimitar menu
[2020/12/11 22:33:37.194056][I][sendCOMCommand] DUT <= x
[2020/12/11 22:33:37.402595][I][sendCOMCommand] Serial buffer size: 7
[2020/12/11 22:33:37.927108][I][sendCOMCommand] DUT => x
$>

[2020/12/11 22:33:37.935121][I][setScimitarMenu] Success
[2020/12/11 22:33:37.940263][I][setZigbeeMenu] Check Zigbee Menu
[2020/12/11 22:33:38.145577][I][sendCOMCommand] DUT <= 2
[2020/12/11 22:33:38.364668][I][sendCOMCommand] Serial buffer size: 22
[2020/12/11 22:33:38.880902][I][sendCOMCommand] DUT => 2
$2_Zigbee(EM357)>

[2020/12/11 22:33:38.889869][I][setZigbeeMenu] Success
[2020/12/11 22:33:38.894420][I][setZigbee_Tx] Set Diagnostics Menu
[2020/12/11 22:33:39.098110][I][sendCOMCommand] DUT <= d
[2020/12/11 22:33:39.316177][I][sendCOMCommand] Serial buffer size: 22
[2020/12/11 22:33:39.830343][I][sendCOMCommand] DUT => d
$2-d_Diagnostics>

[2020/12/11 22:33:39.840347][I][setZigbee_Tx] Success
[2020/12/11 22:33:39.844361][I][setZigbee_Tx] Set Channel Menu
[2020/12/11 22:33:40.050095][I][sendCOMCommand] DUT <= 2
[2020/12/11 22:33:40.261675][I][sendCOMCommand] Serial buffer size: 83
[2020/12/11 22:33:40.785752][I][sendCOMCommand] DUT => 2
$2-d-2_Set Channel (2.4:11-26,863:0-62,915:0-26) [0B-FA by HEX]>
$PARAMETER?>

[2020/12/11 22:33:40.795800][I][setZigbee_Tx] Success
[2020/12/11 22:33:40.800169][I][setZigbee_Tx] Set Channel
[2020/12/11 22:33:41.005196][I][sendCOMCommand] DUT <= 95
[2020/12/11 22:33:41.215359][I][sendCOMCommand] Serial buffer size: 54
[2020/12/11 22:33:41.741172][I][sendCOMCommand] DUT => Set Channel: 149 (0x95)
$DONE_OK
$2-d_Diagnostics>

[2020/12/11 22:33:41.751175][I][setZigbee_Tx] Success
[2020/12/11 22:33:41.755184][I][setZigbee_Tx] Set PWR Menu
[2020/12/11 22:33:41.960713][I][sendCOMCommand] DUT <= 3
[2020/12/11 22:33:42.170008][I][sendCOMCommand] Serial buffer size: 79
[2020/12/11 22:33:42.695541][I][sendCOMCommand] DUT => 3
$2-d-3_Set Power (-32 => +8dBm, Step=1dB) [-2B - 08 by HEX]>
$PARAMETER?>

[2020/12/11 22:33:42.705499][I][setZigbee_Tx] Success
[2020/12/11 22:33:42.710549][I][setZigbee_Tx] Set Tx PWR
[2020/12/11 22:33:42.915789][I][sendCOMCommand] DUT <= 0D
[2020/12/11 22:33:43.124811][I][sendCOMCommand] Serial buffer size: 51
[2020/12/11 22:33:43.651206][I][sendCOMCommand] DUT => Set Power: 13 (0x0D)
$DONE_OK
$2-d_Diagnostics>

[2020/12/11 22:33:43.660276][I][setZigbee_Tx] Success
[2020/12/11 22:33:43.672054][I][setScimitarMenu] Set Scimitar menu
[2020/12/11 22:33:43.878997][I][sendCOMCommand] DUT <= x
[2020/12/11 22:33:44.089552][I][sendCOMCommand] Serial buffer size: 22
[2020/12/11 22:33:44.612583][I][sendCOMCommand] DUT => x
$2_Zigbee(EM357)>

[2020/12/11 22:33:44.820342][I][sendCOMCommand] DUT <= x
[2020/12/11 22:33:45.030035][I][sendCOMCommand] Serial buffer size: 7
[2020/12/11 22:33:45.555379][I][sendCOMCommand] DUT => x
$>

[2020/12/11 22:33:45.563345][I][setScimitarMenu] Success
[2020/12/11 22:33:45.569423][I][setZigbeeMenu] Check Zigbee Menu
[2020/12/11 22:33:45.776143][I][sendCOMCommand] DUT <= 2
[2020/12/11 22:33:45.985718][I][sendCOMCommand] Serial buffer size: 22
[2020/12/11 22:33:46.510818][I][sendCOMCommand] DUT => 2
$2_Zigbee(EM357)>

[2020/12/11 22:33:46.520828][I][setZigbeeMenu] Success
[2020/12/11 22:33:46.525821][I][setTxStart] Set Tx start
[2020/12/11 22:33:49.720956][I][setTxStop] Set Tx stop
[2020/12/11 22:33:49.928544][I][sendCOMCommand] DUT <= 5
[2020/12/11 22:33:50.137815][I][sendCOMCommand] Serial buffer size: 106
[2020/12/11 22:33:50.665259][I][sendCOMCommand] DUT => 5
ZigBee send packet test end.
Total number of emberStatus errors:0
$[0]
$DONE_OK
$2_Zigbee(EM357)>

[2020/12/11 22:33:50.674281][I][setTxStop] Success
[2020/12/11 22:33:54.191133][I][setZigbee_Tx] ZIGBEE_868 CH: 39, Tx PWR: 13 dBm
[2020/12/11 22:33:54.196146][I][setScimitarMenu] Set Scimitar menu
[2020/12/11 22:33:54.402196][I][sendCOMCommand] DUT <= x
[2020/12/11 22:33:54.610016][I][sendCOMCommand] Serial buffer size: 7
[2020/12/11 22:33:55.134021][I][sendCOMCommand] DUT => x
$>

[2020/12/11 22:33:55.143087][I][setScimitarMenu] Success
[2020/12/11 22:33:55.147934][I][setZigbeeMenu] Check Zigbee Menu
[2020/12/11 22:33:55.353224][I][sendCOMCommand] DUT <= 2
[2020/12/11 22:33:55.562544][I][sendCOMCommand] Serial buffer size: 22
[2020/12/11 22:33:56.089616][I][sendCOMCommand] DUT => 2
$2_Zigbee(EM357)>

[2020/12/11 22:33:56.094590][I][setZigbeeMenu] Success
[2020/12/11 22:33:56.100525][I][setZigbee_Tx] Set Diagnostics Menu
[2020/12/11 22:33:56.306198][I][sendCOMCommand] DUT <= d
[2020/12/11 22:33:56.516134][I][sendCOMCommand] Serial buffer size: 22
[2020/12/11 22:33:57.032438][I][sendCOMCommand] DUT => d
$2-d_Diagnostics>

[2020/12/11 22:33:57.041507][I][setZigbee_Tx] Success
[2020/12/11 22:33:57.045480][I][setZigbee_Tx] Set Channel Menu
[2020/12/11 22:33:57.252504][I][sendCOMCommand] DUT <= 2
[2020/12/11 22:33:57.471047][I][sendCOMCommand] Serial buffer size: 83
[2020/12/11 22:33:57.985935][I][sendCOMCommand] DUT => 2
$2-d-2_Set Channel (2.4:11-26,863:0-62,915:0-26) [0B-FA by HEX]>
$PARAMETER?>

[2020/12/11 22:33:57.993904][I][setZigbee_Tx] Success
[2020/12/11 22:33:57.998918][I][setZigbee_Tx] Set Channel
[2020/12/11 22:33:58.204347][I][sendCOMCommand] DUT <= C4
[2020/12/11 22:33:58.424720][I][sendCOMCommand] Serial buffer size: 54
[2020/12/11 22:33:58.940075][I][sendCOMCommand] DUT => Set Channel: 196 (0xC4)
$DONE_OK
$2-d_Diagnostics>

[2020/12/11 22:33:58.946118][I][setZigbee_Tx] Success
[2020/12/11 22:33:58.951889][I][setZigbee_Tx] Set PWR Menu
[2020/12/11 22:33:59.157432][I][sendCOMCommand] DUT <= 3
[2020/12/11 22:33:59.375220][I][sendCOMCommand] Serial buffer size: 79
[2020/12/11 22:33:59.890575][I][sendCOMCommand] DUT => 3
$2-d-3_Set Power (-32 => +8dBm, Step=1dB) [-2B - 08 by HEX]>
$PARAMETER?>

[2020/12/11 22:33:59.899647][I][setZigbee_Tx] Success
[2020/12/11 22:33:59.903937][I][setZigbee_Tx] Set Tx PWR
[2020/12/11 22:34:00.109166][I][sendCOMCommand] DUT <= 0D
[2020/12/11 22:34:00.326968][I][sendCOMCommand] Serial buffer size: 51
[2020/12/11 22:34:00.840521][I][sendCOMCommand] DUT => Set Power: 13 (0x0D)
$DONE_OK
$2-d_Diagnostics>

[2020/12/11 22:34:00.850496][I][setZigbee_Tx] Success
[2020/12/11 22:34:00.862523][I][setScimitarMenu] Set Scimitar menu
[2020/12/11 22:34:01.068442][I][sendCOMCommand] DUT <= x
[2020/12/11 22:34:01.278868][I][sendCOMCommand] Serial buffer size: 22
[2020/12/11 22:34:01.803113][I][sendCOMCommand] DUT => x
$2_Zigbee(EM357)>

[2020/12/11 22:34:02.013445][I][sendCOMCommand] DUT <= x
[2020/12/11 22:34:02.224066][I][sendCOMCommand] Serial buffer size: 7
[2020/12/11 22:34:02.749854][I][sendCOMCommand] DUT => x
$>

[2020/12/11 22:34:02.759857][I][setScimitarMenu] Success
[2020/12/11 22:34:02.764525][I][setZigbeeMenu] Check Zigbee Menu
[2020/12/11 22:34:02.969979][I][sendCOMCommand] DUT <= 2
[2020/12/11 22:34:03.180112][I][sendCOMCommand] Serial buffer size: 22
[2020/12/11 22:34:03.706031][I][sendCOMCommand] DUT => 2
$2_Zigbee(EM357)>

[2020/12/11 22:34:03.712989][I][setZigbeeMenu] Success
[2020/12/11 22:34:03.716999][I][setTxStart] Set Tx start
[2020/12/11 22:34:06.983797][I][setTxStop] Set Tx stop
[2020/12/11 22:34:07.188298][I][sendCOMCommand] DUT <= 5
[2020/12/11 22:34:07.407948][I][sendCOMCommand] Serial buffer size: 106
[2020/12/11 22:34:07.925677][I][sendCOMCommand] DUT => 5
ZigBee send packet test end.
Total number of emberStatus errors:0
$[0]
$DONE_OK
$2_Zigbee(EM357)>

[2020/12/11 22:34:07.935686][I][setTxStop] Success
[2020/12/11 22:34:09.083001][I][setZigbee_Rx] ZIGBEE_868 CH: 0
[2020/12/11 22:34:09.087013][I][setScimitarMenu] Set Scimitar menu
[2020/12/11 22:34:09.292771][I][sendCOMCommand] DUT <= x
[2020/12/11 22:34:09.503321][I][sendCOMCommand] Serial buffer size: 7
[2020/12/11 22:34:10.029046][I][sendCOMCommand] DUT => x
$>

[2020/12/11 22:34:10.039062][I][setScimitarMenu] Success
[2020/12/11 22:34:10.043692][I][setZigbeeMenu] Check Zigbee Menu
[2020/12/11 22:34:10.248810][I][sendCOMCommand] DUT <= 2
[2020/12/11 22:34:10.459491][I][sendCOMCommand] Serial buffer size: 22
[2020/12/11 22:34:10.984211][I][sendCOMCommand] DUT => 2
$2_Zigbee(EM357)>

[2020/12/11 22:34:10.994218][I][setZigbeeMenu] Success
[2020/12/11 22:34:10.998191][I][setZigbee_Rx] Set Diagnostics Menu
[2020/12/11 22:34:11.203863][I][sendCOMCommand] DUT <= d
[2020/12/11 22:34:11.422938][I][sendCOMCommand] Serial buffer size: 22
[2020/12/11 22:34:11.938048][I][sendCOMCommand] DUT => d
$2-d_Diagnostics>

[2020/12/11 22:34:11.947062][I][setZigbee_Rx] Success
[2020/12/11 22:34:11.951972][I][setZigbee_Rx] Set Channel Menu
[2020/12/11 22:34:12.156606][I][sendCOMCommand] DUT <= 2
[2020/12/11 22:34:12.368779][I][sendCOMCommand] Serial buffer size: 83
[2020/12/11 22:34:12.884906][I][sendCOMCommand] DUT => 2
$2-d-2_Set Channel (2.4:11-26,863:0-62,915:0-26) [0B-FA by HEX]>
$PARAMETER?>

[2020/12/11 22:34:12.893935][I][setZigbee_Rx] Success
[2020/12/11 22:34:12.897987][I][setZigbee_Rx] Set Channel
[2020/12/11 22:34:13.103674][I][sendCOMCommand] DUT <= 80
[2020/12/11 22:34:13.314762][I][sendCOMCommand] Serial buffer size: 54
[2020/12/11 22:34:13.840766][I][sendCOMCommand] DUT => Set Channel: 128 (0x80)
$DONE_OK
$2-d_Diagnostics>

[2020/12/11 22:34:13.850825][I][setZigbee_Rx] Success
[2020/12/11 22:34:13.858841][I][setZigbeeLNAMode] LNA Mode: 1
[2020/12/11 22:34:13.863815][I][setScimitarMenu] Set Scimitar menu
[2020/12/11 22:34:14.069923][I][sendCOMCommand] DUT <= x
[2020/12/11 22:34:14.280031][I][sendCOMCommand] Serial buffer size: 22
[2020/12/11 22:34:14.805384][I][sendCOMCommand] DUT => x
$2_Zigbee(EM357)>

[2020/12/11 22:34:15.015135][I][sendCOMCommand] DUT <= x
[2020/12/11 22:34:15.225926][I][sendCOMCommand] Serial buffer size: 7
[2020/12/11 22:34:15.752119][I][sendCOMCommand] DUT => x
$>

[2020/12/11 22:34:15.760084][I][setScimitarMenu] Success
[2020/12/11 22:34:15.765136][I][setZigbeeMenu] Check Zigbee Menu
[2020/12/11 22:34:15.971625][I][sendCOMCommand] DUT <= 2
[2020/12/11 22:34:16.182558][I][sendCOMCommand] Serial buffer size: 22
[2020/12/11 22:34:16.707468][I][sendCOMCommand] DUT => 2
$2_Zigbee(EM357)>

[2020/12/11 22:34:16.717487][I][setZigbeeMenu] Success
[2020/12/11 22:34:16.722505][I][setZigbeeLNAMode] Set GPIO Write Menu
[2020/12/11 22:34:16.927265][I][sendCOMCommand] DUT <= 3
[2020/12/11 22:34:17.146093][I][sendCOMCommand] Serial buffer size: 28
[2020/12/11 22:34:17.658333][I][sendCOMCommand] DUT => 3
$2-3_ZigBee GPIO Write>

[2020/12/11 22:34:17.666282][I][setZigbeeLNAMode] Success
[2020/12/11 22:34:17.671294][I][setZigbeeLNAMode] Set LNA Mode
[2020/12/11 22:34:17.876476][I][sendCOMCommand] DUT <= 3
[2020/12/11 22:34:18.087323][I][sendCOMCommand] Serial buffer size: 73
[2020/12/11 22:34:18.613456][I][sendCOMCommand] DUT => 3
gpio out port:5 pin:3 cfg:4 out:0
$DONE_OK
$2-3_ZigBee GPIO Write>

[2020/12/11 22:34:18.823727][I][sendCOMCommand] DUT <= 3
[2020/12/11 22:34:19.042372][I][sendCOMCommand] Serial buffer size: 73
[2020/12/11 22:34:19.556037][I][sendCOMCommand] DUT => 3
gpio out port:5 pin:3 cfg:4 out:1
$DONE_OK
$2-3_ZigBee GPIO Write>

[2020/12/11 22:34:19.566010][I][setZigbeeLNAMode] Success
[2020/12/11 22:34:20.585641][I][getRxResult] Get Rx Result
[2020/12/11 22:34:20.592047][I][setScimitarMenu] Set Scimitar menu
[2020/12/11 22:34:20.797722][I][sendCOMCommand] DUT <= x
[2020/12/11 22:34:21.007667][I][sendCOMCommand] Serial buffer size: 22
[2020/12/11 22:34:21.524522][I][sendCOMCommand] DUT => x
$2_Zigbee(EM357)>

[2020/12/11 22:34:21.734186][I][sendCOMCommand] DUT <= x
[2020/12/11 22:34:21.954002][I][sendCOMCommand] Serial buffer size: 7
[2020/12/11 22:34:22.472279][I][sendCOMCommand] DUT => x
$>

[2020/12/11 22:34:22.481352][I][setScimitarMenu] Success
[2020/12/11 22:34:22.485321][I][setZigbeeMenu] Check Zigbee Menu
[2020/12/11 22:34:22.690055][I][sendCOMCommand] DUT <= 2
[2020/12/11 22:34:22.896602][I][sendCOMCommand] Serial buffer size: 22
[2020/12/11 22:34:23.406743][I][sendCOMCommand] DUT => 2
$2_Zigbee(EM357)>

[2020/12/11 22:34:23.410721][I][setZigbeeMenu] Success
[2020/12/11 22:34:23.615265][I][sendCOMCommand] DUT <= b
[2020/12/11 22:34:23.821850][I][sendCOMCommand] Serial buffer size: 95
[2020/12/11 22:34:23.928097][W][sendCOMCommand] Buffer not empty!!!
[2020/12/11 22:34:23.933111][I][sendCOMCommand] Serial buffer size: 184
[2020/12/11 22:34:24.442201][I][sendCOMCommand] DUT => b
ZigBee get Rssi test start.
Start Scan ... (Channel: 128 (0x80) duration:2 mask:E0000001)
Channel: 128 (0x80), Rssi:-17
Total OK!    OOO   K  K   !
            O   O  K K    !
            O   O  KK     !
            O   O  K K     
             OOO   K  Kk  !
$[-17]

[2020/12/11 22:34:24.628684][I][disconnectDUT] Disconnect DUT success
