[2020/07/29 00:28:36][I][checkDatabaseONorNOT] Database running.
[2020/07/29 00:28:36][I][tryConnectDatabase] Connect to MariaDB GFI20 database success!!
[2020/07/29 00:28:36][I][tryConnectDatabase] Connect to MariaDB GFI20 database success!!
[2020/07/29 00:28:36][I][checkDatabaseONorNOT] Database running.
[2020/07/29 00:28:36][I][tryConnectDatabase] Connect to MariaDB GFI20 database success!!
[2020/07/29 00:28:36][I][tryConnectDatabase] Connect to MariaDB GFI20 database success!!
[2020/07/29 00:28:36][E][initialDatabase] UpdateDB.csv already exist.
[2020/07/29 00:28:45][I][WriteDataTocsv] Create new row with item GFI20Bootup.
[2020/07/29 00:28:45][I][WriteDataTocsv] Update complete.
[2020/07/29 00:28:45][WriteRFDataTocsv][I] Update testscript GFI20Bootup's data.
[2020/07/29 00:28:45][I][WriteRFDataTocsv] Update complete.
[2020/07/29 00:29:37][I][WriteDataTocsv] Create new row with item CountDown.
[2020/07/29 00:29:37][I][WriteDataTocsv] Update complete.
[2020/07/29 00:29:37][WriteRFDataTocsv][I] Update testscript CountDown's data.
[2020/07/29 00:29:37][I][WriteRFDataTocsv] Update complete.
[2020/07/29 00:29:47][I][WriteDataTocsv] Create new row with item GFI20_RF_Zigbee.
[2020/07/29 00:29:47][I][WriteDataTocsv] Update complete.
[2020/07/29 00:29:47][WriteRFDataTocsv][I] Update testscript GFI20_RF_Zigbee's data.
[2020/07/29 00:29:47][I][WriteRFDataTocsv] Update complete.
[2020/07/29 00:29:47]--------------------DBUploading start--------------------
[2020/07/29 00:29:47][I][uploadData] Projcet name: GFI20
[2020/07/29 00:29:47][I][uploadData] Station name: BRF
[2020/07/29 00:29:47][I][tryConnectDatabase] Connect to MariaDB GFI20 database success!!
[2020/07/29 00:29:47][I][uploadData] Write data into BRF_GFI20Bootup
[2020/07/29 00:29:47][I][uploadData] Write data into BRF_CountDown
[2020/07/29 00:29:47][I][uploadData] Write data into BRF_GFI20_RF_Zigbee
[2020/07/29 00:29:47][I][tryConnectDatabase] Connect to MariaDB GFI20_RF database success!!
[2020/07/29 00:29:48]---------- INI ----------
[2020/07/29 00:29:48][E][uploadData] Read MDUT.ini failed.
