[2020/07/29 00:28:36][I][getBOM] Get BOM Success!
[2020/07/29 00:28:36][I][getSKU] Get SKU from BOM: BOM_SKU, SKU name: 451AOD30L02
[2020/07/29 00:28:36][I][loadTestItemBySKU] Test Item List = (GFI20Bootup.py,1)(CountDown.py,1)(GFI20_RF_Zigbee,2)(GFI20_RF_LTE,1)
[2020/07/29 00:28:36][I][loadTestItemBySKU] Test Item List Element = ['GFI20Bootup.py,1', 'CountDown.py,1', 'GFI20_RF_Zigbee,2', 'GFI20_RF_LTE,1']
[2020/07/29 00:28:36][I][showTestingMsg] Waiting for testing...
[2020/07/29 00:28:36]---------- TestItem:GFI20Bootup.py  Method:1 ----------
[2020/07/29 00:28:36][I][runTestItem] Test start time: 2020/07/29 00:28:36
[2020/07/29 00:28:45][I][runTestItem] Test finished
[2020/07/29 00:28:45][I][checkTestResult] Version=3.0.0.3
[2020/07/29 00:28:45][I][checkTestResult] Result=Pass
[2020/07/29 00:28:45]*********************************************************
[2020/07/29 00:28:45]GFI20Bootup.py   3.0.0.3

[2020/07/29 00:28:45]			Result: Pass

[2020/07/29 00:28:45]			Method: 1

[2020/07/29 00:28:45]			Start: 2020/07/29 00:28:36

[2020/07/29 00:28:45]			End: 2020/07/29 00:28:45
[2020/07/29 00:28:45][I][runTestItem] Test end time: 2020/07/29 00:28:45
[2020/07/29 00:28:45]---------- TestItem:CountDown.py  Method:1 ----------
[2020/07/29 00:28:45][I][runTestItem] Test start time: 2020/07/29 00:28:45
[2020/07/29 00:29:37][I][runTestItem] Test finished
[2020/07/29 00:29:37][I][checkTestResult] Version=3.0.0.3
[2020/07/29 00:29:37][I][checkTestResult] Result=Pass
[2020/07/29 00:29:37]*********************************************************
[2020/07/29 00:29:37]CountDown.py   3.0.0.3

[2020/07/29 00:29:37]			Result: Pass

[2020/07/29 00:29:37]			Method: 1

[2020/07/29 00:29:37]			Start: 2020/07/29 00:28:45

[2020/07/29 00:29:37]			End: 2020/07/29 00:29:37
[2020/07/29 00:29:37][I][runTestItem] Test end time: 2020/07/29 00:29:37
[2020/07/29 00:29:37]---------- TestItem:GFI20_RF_Zigbee.py  Method:2 ----------
[2020/07/29 00:29:37][I][runTestItem] Test start time: 2020/07/29 00:29:37
[2020/07/29 00:29:47][I][runTestItem] Test finished
[2020/07/29 00:29:47][I][checkTestResult] Version=3.0.0.3
[2020/07/29 00:29:47][I][checkTestResult] Result=Fail
[2020/07/29 00:29:47][I][checkTestResult] Reason=Connect DUT fail
[2020/07/29 00:29:47][I][checkTestResult] EC=010000S01
[2020/07/29 00:29:47]*********************************************************
[2020/07/29 00:29:47]GFI20_RF_Zigbee.py   3.0.0.3

[2020/07/29 00:29:47]			Result: Fail

[2020/07/29 00:29:47]			Method: 2

[2020/07/29 00:29:47]			Start: 2020/07/29 00:29:37

[2020/07/29 00:29:47]			End: 2020/07/29 00:29:47
[2020/07/29 00:29:47]
			Fail Reason: Connect DUT fail
[2020/07/29 00:29:47][I][runTestItem] Test end time: 2020/07/29 00:29:47
[2020/07/29 00:29:49][I][runLastScript] Waiting for ending...
[2020/07/29 00:29:49]---------- TestItem:GFI20LastScript.py  Method:1 ----------
[2020/07/29 00:29:49][I][runLastScript] Test start time: 2020/07/29 00:29:49
[2020/07/29 00:30:09][I][runLastScript] Test finished
[2020/07/29 00:30:09][I][runLastScript] Test end time: 2020/07/29 00:30:09
[2020/07/29 00:30:09][I][checkTestResult] Version=3.0.0.6
[2020/07/29 00:30:09][I][checkTestResult] Result=Pass
[2020/07/29 00:30:09]*********************************************************
[2020/07/29 00:30:09]GFI20LastScript.py   3.0.0.6

[2020/07/29 00:30:09]			Result: Pass

[2020/07/29 00:30:09]			Method: 1

[2020/07/29 00:30:09]			Start: 2020/07/29 00:29:49

[2020/07/29 00:30:09]			End: 2020/07/29 00:30:09
