[2020/07/29 09:59:36.113735]========== Start ==========
[2020/07/29 09:59:36.115536][I][class_E6640A_ZIGBEE] Initial class_E6640A_ZIGBEE
[2020/07/29 09:59:36.117511][I][class_E6640A_ZIGBEE] Version: 3.0.0.2
[2020/07/29 09:59:36.121521][I][connect_E6640A] Connect to E6640A
[2020/07/29 09:59:36.131753][I][connect_E6640A] Resource Manager of Visa Library at C:\Windows\system32\visa64.dll
[2020/07/29 09:59:36.180985][I][queryEx] E6640A <= *IDN?
[2020/07/29 09:59:36.185991][I][queryEx] E6640A => Keysight Technologies,E6640A,MY57150246,E.19.71
[2020/07/29 09:59:36.188997][I][set_Preset] System reset
[2020/07/29 09:59:36.192006][I][writeEx] E6640A <= *RST
[2020/07/29 09:59:36.194011][I][writeEx] E6640A <= *CLS
[2020/07/29 09:59:36.196048][I][writeEx] E6640A <= SYST:PRES
[2020/07/29 09:59:36.500285][I][queryEx] E6640A <= *OPC?
[2020/07/29 09:59:37.234512][I][queryEx] E6640A => 1
[2020/07/29 09:59:37.244496][I][set_Preset] System reset
[2020/07/29 09:59:37.246854][I][writeEx] E6640A <= *RST
[2020/07/29 09:59:37.248862][I][writeEx] E6640A <= *CLS
[2020/07/29 09:59:37.251689][I][writeEx] E6640A <= SYST:PRES
[2020/07/29 09:59:37.554262][I][queryEx] E6640A <= *OPC?
[2020/07/29 09:59:38.362717][I][queryEx] E6640A => 1
[2020/07/29 09:59:38.629765][I][set_Preset] System reset
[2020/07/29 09:59:38.632828][I][writeEx] E6640A <= *RST
[2020/07/29 09:59:38.635183][I][writeEx] E6640A <= *CLS
[2020/07/29 09:59:38.638256][I][writeEx] E6640A <= SYST:PRES
[2020/07/29 09:59:38.942431][I][queryEx] E6640A <= *OPC?
[2020/07/29 09:59:39.726751][I][queryEx] E6640A => 1
[2020/07/29 09:59:39.740011][I][set_Tx_Start] Set Tx start
[2020/07/29 09:59:39.743019][I][set_RFI_Port] Set input port
[2020/07/29 09:59:39.745933][I][writeEx] E6640A <= :FEED:RF:PORT:INPut RFIO1
[2020/07/29 09:59:39.749984][I][queryEx] E6640A <= :FEED:RF:PORT:INPut?
[2020/07/29 09:59:39.755531][I][queryEx] E6640A => RFIO1
[2020/07/29 09:59:39.757540][I][set_Modulation_Analysis] Set measurement function
[2020/07/29 09:59:39.762553][I][writeEx] E6640A <= INST:SEL VSA
[2020/07/29 09:59:40.067517][I][queryEx] E6640A <= *OPC?
[2020/07/29 09:59:40.076909][I][queryEx] E6640A => 1
[2020/07/29 09:59:40.081307][I][queryEx] E6640A <= INST:SEL?
[2020/07/29 09:59:40.086233][I][queryEx] E6640A => VSA
[2020/07/29 09:59:40.089932][I][writeEx] E6640A <= :CONFigure:DDEMod
[2020/07/29 09:59:40.395031][I][queryEx] E6640A <= *OPC?
[2020/07/29 09:59:40.579361][I][queryEx] E6640A => 1
[2020/07/29 09:59:40.590684][I][init_Zigbee_Mode] Initial Zigbee mode
[2020/07/29 09:59:40.596756][I][writeEx] E6640A <= :DDEM:STAN:PRES ZIGBEE2450
[2020/07/29 09:59:40.902914][I][queryEx] E6640A <= *OPC?
[2020/07/29 09:59:40.913903][I][queryEx] E6640A => 1
[2020/07/29 09:59:40.917828][I][set_Continue] Set continue
[2020/07/29 09:59:40.919837][I][writeEx] E6640A <= :INIT:CONT ON
[2020/07/29 09:59:40.922879][I][set_Freq] Set frequence
[2020/07/29 09:59:40.927172][I][writeEx] E6640A <= :FREQuency:CENTer 2425.0 MHz
[2020/07/29 09:59:40.930380][I][set_XScale_Span] Set frequence span
[2020/07/29 09:59:40.933226][I][writeEx] E6640A <= :FREQuency:SPAN 10000.000000 KHZ
[2020/07/29 09:59:40.937270][I][set_Power_Range] Get power range
[2020/07/29 09:59:40.940247][I][writeEx] E6640A <= :POW:RANG 20.000000
[2020/07/29 09:59:40.943817][I][set_Symbol_Rate] Get symbol rate
[2020/07/29 09:59:40.947899][I][writeEx] E6640A <= :DDEMod:SRATe 1000.000000 kHz
[2020/07/29 09:59:40.950839][I][set_Meas_Interval] Get meas interval
[2020/07/29 09:59:40.953847][I][writeEx] E6640A <= :DDEMod:SWEep:POINts 500
[2020/07/29 09:59:40.958862][I][set_Zigbee_TX_BandPower] Set marker function
[2020/07/29 09:59:40.962869][I][writeEx] E6640A <= CALC:DDEMod:MARK1:MODE POS
[2020/07/29 09:59:40.966076][I][writeEx] E6640A <= CALC:DDEMod:MARK1:TRAC 2
[2020/07/29 09:59:40.970092][I][writeEx] E6640A <= CALC:DDEMod:MARK1:FUNC BPOW
[2020/07/29 09:59:40.974032][I][writeEx] E6640A <= CALC:DDEMod:MARK1:FUNC:BPOW:CTYP MEAN
[2020/07/29 09:59:40.977181][I][writeEx] E6640A <= CALC:DDEMod:MARK1:FUNC:BAND:CENT 2425000000.000000
[2020/07/29 09:59:41.281965][I][queryEx] E6640A <= *OPC?
[2020/07/29 09:59:41.290553][I][queryEx] E6640A => 1
[2020/07/29 09:59:41.295600][I][queryEx] E6640A <= CALC:DDEMod:MARK1:FUNC:BAND:CENT?
[2020/07/29 09:59:41.304184][I][queryEx] E6640A => 2.425000000E+09
[2020/07/29 09:59:41.308192][I][writeEx] E6640A <= CALC:DDEMod:MARK1:FUNC:BAND:SPAN 10000000.000000
[2020/07/29 09:59:41.613007][I][queryEx] E6640A <= *OPC?
[2020/07/29 09:59:41.623204][I][queryEx] E6640A => 1
[2020/07/29 09:59:41.627720][I][set_Trigger_Video] Set trigger video
[2020/07/29 09:59:41.630731][I][writeEx] E6640A <= TRIG:DDEM:SOUR VID
[2020/07/29 09:59:41.936127][I][queryEx] E6640A <= *OPC?
[2020/07/29 09:59:41.946856][I][queryEx] E6640A => 1
[2020/07/29 09:59:41.950873][I][set_Trigger_Level] Set trigger level
[2020/07/29 09:59:41.954884][I][writeEx] E6640A <= :TRIGger:VIDeo:LEVel 30.000000 mV
[2020/07/29 09:59:41.959896][I][set_Trigger_Delay] Set trigger delay
[2020/07/29 09:59:41.962930][I][writeEx] E6640A <= :TRIGger:VIDeo:DELay:STATe ON
[2020/07/29 09:59:41.966915][I][queryEx] E6640A <= :TRIGger:VIDeo:DELay:STATe?
[2020/07/29 09:59:42.032894][I][queryEx] E6640A => 1
[2020/07/29 09:59:42.039917][I][writeEx] E6640A <= :TRIGger:VIDeo:DELay:STATe ON
[2020/07/29 09:59:42.046938][I][writeEx] E6640A <= :TRIGger:VIDeo:DELay 0.300000 ms
[2020/07/29 09:59:42.052954][I][init_Trigger_Reg] Initial trigger status register
[2020/07/29 09:59:42.059972][I][writeEx] E6640A <= *CLS
[2020/07/29 09:59:42.066989][I][writeEx] E6640A <= :STATus:PRESet
[2020/07/29 09:59:42.070999][I][writeEx] E6640A <= *SRE 192
[2020/07/29 09:59:42.076049][I][writeEx] E6640A <= :STATus:OPERation:ENABle 32
[2020/07/29 09:59:42.080023][I][writeEx] E6640A <= *CLS
[2020/07/29 09:59:42.084035][I][queryEx] E6640A <= *STB?
[2020/07/29 09:59:42.122553][I][queryEx] E6640A => 0
[2020/07/29 09:59:42.127938][I][init_Trigger_Reg] Status: 0
[2020/07/29 09:59:51.078524][I][chk_Tx_Result] Check Tx result
[2020/07/29 09:59:51.086522][I][get_Trigger_Status] Get trigger status
[2020/07/29 09:59:51.091502][I][queryEx] E6640A <= *STB?
[2020/07/29 09:59:51.098092][I][queryEx] E6640A => 192
[2020/07/29 09:59:51.102107][I][get_Trigger_Status] Status: 192
[2020/07/29 09:59:51.105114]Is triggered!
[2020/07/29 09:59:51.108122][I][writeEx] E6640A <= *CLS
[2020/07/29 09:59:51.113022][I][set_Continue] Set continue
[2020/07/29 09:59:51.116738][I][writeEx] E6640A <= :INIT:CONT ON
[2020/07/29 09:59:51.221380][I][set_Single] Set single
[2020/07/29 09:59:51.235154][I][writeEx] E6640A <= :INIT:CONT OFF
[2020/07/29 09:59:51.243992][I][set_Zigbee_TX_BandPower] Set marker function
[2020/07/29 09:59:51.247041][I][writeEx] E6640A <= CALC:DDEMod:MARK1:MODE POS
[2020/07/29 09:59:51.251013][I][writeEx] E6640A <= CALC:DDEMod:MARK1:TRAC 2
[2020/07/29 09:59:51.255024][I][writeEx] E6640A <= CALC:DDEMod:MARK1:FUNC BPOW
[2020/07/29 09:59:51.259035][I][writeEx] E6640A <= CALC:DDEMod:MARK1:FUNC:BPOW:CTYP MEAN
[2020/07/29 09:59:51.264048][I][writeEx] E6640A <= CALC:DDEMod:MARK1:FUNC:BAND:CENT 2425000000.000000
[2020/07/29 09:59:51.569555][I][queryEx] E6640A <= *OPC?
[2020/07/29 09:59:51.580098][I][queryEx] E6640A => 1
[2020/07/29 09:59:51.584075][I][queryEx] E6640A <= CALC:DDEMod:MARK1:FUNC:BAND:CENT?
[2020/07/29 09:59:51.590325][I][queryEx] E6640A => 2.425000000E+09
[2020/07/29 09:59:51.595142][I][writeEx] E6640A <= CALC:DDEMod:MARK1:FUNC:BAND:SPAN 10000000.000000
[2020/07/29 09:59:51.899636][I][queryEx] E6640A <= *OPC?
[2020/07/29 09:59:51.910122][I][queryEx] E6640A => 1
[2020/07/29 09:59:51.914136][I][get_Power] Get Tx power
[2020/07/29 09:59:51.918147][I][queryEx] E6640A <= :CALC:DDEMod:MARK1:Y?
[2020/07/29 09:59:51.924192][I][queryEx] E6640A => 2.207668886E+00
[2020/07/29 09:59:51.927171][I][chk_Tx_Result] Tx power(add loss: 8.200000) = 10.408000 dBm
[2020/07/29 09:59:51.931182][I][read_DDEMod_Array] Read measurement result
[2020/07/29 09:59:51.935669][I][queryEx] E6640A <= :READ:DDEMod?
[2020/07/29 09:59:52.189108][I][queryEx] E6640A => 1.357311153E+01,4.240937042E+01,1.500000000E+01,3.212493181E+00,1.598758125E+01,1.500000000E+01,9.91E+37,9.91E+37,9.91E+37,2.170968801E-01,6.464123726E-01,8.100000000E+01,1.105362129E+01,-3.490916824E+01,1.500000000E+01,1.852825977E+04,9.91E+37,9.91E+37,9.91E+37,9.91E+37,9.91E+37,-5.591525269E+01,9.91E+37,9.634964466E-01,-8.516147500E-04,3.071314096E-01,9.91E+37,9.91E+37,9.91E+37,9.91E+37,9.91E+37,9.91E+37,9.91E+37,9.91E+37,9.91E+37,9.91E+37,9.91E+37,9.91E+37,9.91E+37,9.91E+37,9.91E+37,9.91E+37,9.91E+37,9.91E+37,9.91E+37,9.91E+37,9.91E+37,9.91E+37,9.91E+37,9.91E+37,9.91E+37,9.91E+37,9.91E+37,9.91E+37,9.91E+37,9.91E+37,9.91E+37,9.91E+37,9.91E+37,9.91E+37,9.91E+37,1.527719665E-03,-4.769252846E-04
[2020/07/29 09:59:52.198073][I][set_Continue] Set continue
[2020/07/29 09:59:52.202084][I][writeEx] E6640A <= :INIT:CONT ON
[2020/07/29 10:00:02.742623][I][chk_Tx_Result] Check Tx result
[2020/07/29 10:00:02.751087][I][get_Trigger_Status] Get trigger status
[2020/07/29 10:00:02.755145][I][queryEx] E6640A <= *STB?
[2020/07/29 10:00:02.762124][I][queryEx] E6640A => 192
[2020/07/29 10:00:02.767132][I][get_Trigger_Status] Status: 192
[2020/07/29 10:00:02.770176]Is triggered!
[2020/07/29 10:00:02.773148][I][writeEx] E6640A <= *CLS
[2020/07/29 10:00:02.778161][I][set_Continue] Set continue
[2020/07/29 10:00:02.782509][I][writeEx] E6640A <= :INIT:CONT ON
[2020/07/29 10:00:02.888025][I][set_Single] Set single
[2020/07/29 10:00:02.902644][I][writeEx] E6640A <= :INIT:CONT OFF
[2020/07/29 10:00:02.911422][I][set_Zigbee_TX_BandPower] Set marker function
[2020/07/29 10:00:02.914498][I][writeEx] E6640A <= CALC:DDEMod:MARK1:MODE POS
[2020/07/29 10:00:02.919494][I][writeEx] E6640A <= CALC:DDEMod:MARK1:TRAC 2
[2020/07/29 10:00:02.924291][I][writeEx] E6640A <= CALC:DDEMod:MARK1:FUNC BPOW
[2020/07/29 10:00:02.927345][I][writeEx] E6640A <= CALC:DDEMod:MARK1:FUNC:BPOW:CTYP MEAN
[2020/07/29 10:00:02.932399][I][writeEx] E6640A <= CALC:DDEMod:MARK1:FUNC:BAND:CENT 2425000000.000000
[2020/07/29 10:00:03.237204][I][queryEx] E6640A <= *OPC?
[2020/07/29 10:00:03.247552][I][queryEx] E6640A => 1
[2020/07/29 10:00:03.252626][I][queryEx] E6640A <= CALC:DDEMod:MARK1:FUNC:BAND:CENT?
[2020/07/29 10:00:03.258646][I][queryEx] E6640A => 2.425000000E+09
[2020/07/29 10:00:03.263111][I][writeEx] E6640A <= CALC:DDEMod:MARK1:FUNC:BAND:SPAN 10000000.000000
[2020/07/29 10:00:03.568021][I][queryEx] E6640A <= *OPC?
[2020/07/29 10:00:03.578334][I][queryEx] E6640A => 1
[2020/07/29 10:00:03.583661][I][get_Power] Get Tx power
[2020/07/29 10:00:03.586708][I][queryEx] E6640A <= :CALC:DDEMod:MARK1:Y?
[2020/07/29 10:00:03.593712][I][queryEx] E6640A => 1.073046169E+00
[2020/07/29 10:00:03.597725][I][chk_Tx_Result] Tx power(add loss: 8.200000) = 9.273000 dBm
[2020/07/29 10:00:03.602789][I][read_DDEMod_Array] Read measurement result
[2020/07/29 10:00:03.606803][I][queryEx] E6640A <= :READ:DDEMod?
[2020/07/29 10:00:03.873161][I][queryEx] E6640A => 1.462188911E+01,4.129965973E+01,2.550000000E+02,3.516253471E+00,1.483835602E+01,2.550000000E+02,9.91E+37,9.91E+37,9.91E+37,5.572316051E-01,-1.087307930E+00,4.160000000E+02,1.189644909E+01,3.373103333E+01,2.550000000E+02,1.843248438E+04,9.91E+37,9.91E+37,9.91E+37,9.91E+37,9.91E+37,-4.239250183E+01,9.91E+37,9.576419592E-01,7.034255564E-02,4.380776584E-01,9.91E+37,9.91E+37,9.91E+37,9.91E+37,9.91E+37,9.91E+37,9.91E+37,9.91E+37,9.91E+37,9.91E+37,9.91E+37,9.91E+37,9.91E+37,9.91E+37,9.91E+37,9.91E+37,9.91E+37,9.91E+37,9.91E+37,9.91E+37,9.91E+37,9.91E+37,9.91E+37,9.91E+37,9.91E+37,9.91E+37,9.91E+37,9.91E+37,9.91E+37,9.91E+37,9.91E+37,9.91E+37,9.91E+37,9.91E+37,9.91E+37,5.296917167E-03,-5.439309403E-03
[2020/07/29 10:00:03.881117][I][set_Continue] Set continue
[2020/07/29 10:00:03.887011][I][writeEx] E6640A <= :INIT:CONT ON
[2020/07/29 10:00:05.353118][I][set_Preset] System reset
[2020/07/29 10:00:05.356176][I][writeEx] E6640A <= *RST
[2020/07/29 10:00:05.361353][I][writeEx] E6640A <= *CLS
[2020/07/29 10:00:05.365218][I][writeEx] E6640A <= SYST:PRES
[2020/07/29 10:00:05.670854][I][queryEx] E6640A <= *OPC?
[2020/07/29 10:00:06.597323][I][queryEx] E6640A => 1
[2020/07/29 10:00:06.613511][I][set_Tx_Start] Set Tx start
[2020/07/29 10:00:06.616557][I][set_RFI_Port] Set input port
[2020/07/29 10:00:06.621534][I][writeEx] E6640A <= :FEED:RF:PORT:INPut RFIO1
[2020/07/29 10:00:06.625779][I][queryEx] E6640A <= :FEED:RF:PORT:INPut?
[2020/07/29 10:00:06.631843][I][queryEx] E6640A => RFIO1
[2020/07/29 10:00:06.635808][I][set_Modulation_Analysis] Set measurement function
[2020/07/29 10:00:06.640823][I][writeEx] E6640A <= INST:SEL VSA
[2020/07/29 10:00:06.946503][I][queryEx] E6640A <= *OPC?
[2020/07/29 10:00:06.958710][I][queryEx] E6640A => 1
[2020/07/29 10:00:06.963362][I][queryEx] E6640A <= INST:SEL?
[2020/07/29 10:00:06.970510][I][queryEx] E6640A => VSA
[2020/07/29 10:00:06.975442][I][writeEx] E6640A <= :CONFigure:DDEMod
[2020/07/29 10:00:07.282692][I][queryEx] E6640A <= *OPC?
[2020/07/29 10:00:07.471575][I][queryEx] E6640A => 1
[2020/07/29 10:00:07.487619][I][init_Zigbee_Mode] Initial Zigbee mode
[2020/07/29 10:00:07.498453][I][writeEx] E6640A <= :DDEM:STAN:PRES ZIGBEE2450
[2020/07/29 10:00:07.806545][I][queryEx] E6640A <= *OPC?
[2020/07/29 10:00:07.817867][I][queryEx] E6640A => 1
[2020/07/29 10:00:07.822943][I][set_Continue] Set continue
[2020/07/29 10:00:07.825954][I][writeEx] E6640A <= :INIT:CONT ON
[2020/07/29 10:00:07.830967][I][set_Freq] Set frequence
[2020/07/29 10:00:07.835012][I][writeEx] E6640A <= :FREQuency:CENTer 2455.0 MHz
[2020/07/29 10:00:07.839992][I][set_XScale_Span] Set frequence span
[2020/07/29 10:00:07.845298][I][writeEx] E6640A <= :FREQuency:SPAN 10000.000000 KHZ
[2020/07/29 10:00:07.850314][I][set_Power_Range] Get power range
[2020/07/29 10:00:07.854367][I][writeEx] E6640A <= :POW:RANG 20.000000
[2020/07/29 10:00:07.860424][I][set_Symbol_Rate] Get symbol rate
[2020/07/29 10:00:07.864882][I][writeEx] E6640A <= :DDEMod:SRATe 1000.000000 kHz
[2020/07/29 10:00:07.867930][I][set_Meas_Interval] Get meas interval
[2020/07/29 10:00:07.873030][I][writeEx] E6640A <= :DDEMod:SWEep:POINts 500
[2020/07/29 10:00:07.877202][I][set_Zigbee_TX_BandPower] Set marker function
[2020/07/29 10:00:07.882019][I][writeEx] E6640A <= CALC:DDEMod:MARK1:MODE POS
[2020/07/29 10:00:07.886047][I][writeEx] E6640A <= CALC:DDEMod:MARK1:TRAC 2
[2020/07/29 10:00:07.889092][I][writeEx] E6640A <= CALC:DDEMod:MARK1:FUNC BPOW
[2020/07/29 10:00:07.894755][I][writeEx] E6640A <= CALC:DDEMod:MARK1:FUNC:BPOW:CTYP MEAN
[2020/07/29 10:00:07.897766][I][writeEx] E6640A <= CALC:DDEMod:MARK1:FUNC:BAND:CENT 2455000000.000000
[2020/07/29 10:00:08.204684][I][queryEx] E6640A <= *OPC?
[2020/07/29 10:00:08.215809][I][queryEx] E6640A => 1
[2020/07/29 10:00:08.220826][I][queryEx] E6640A <= CALC:DDEMod:MARK1:FUNC:BAND:CENT?
[2020/07/29 10:00:08.227848][I][queryEx] E6640A => 2.455000000E+09
[2020/07/29 10:00:08.231855][I][writeEx] E6640A <= CALC:DDEMod:MARK1:FUNC:BAND:SPAN 10000000.000000
[2020/07/29 10:00:08.537431][I][queryEx] E6640A <= *OPC?
[2020/07/29 10:00:08.549023][I][queryEx] E6640A => 1
[2020/07/29 10:00:08.552993][I][set_Trigger_Video] Set trigger video
[2020/07/29 10:00:08.558055][I][writeEx] E6640A <= TRIG:DDEM:SOUR VID
[2020/07/29 10:00:08.864539][I][queryEx] E6640A <= *OPC?
[2020/07/29 10:00:08.875207][I][queryEx] E6640A => 1
[2020/07/29 10:00:08.880823][I][set_Trigger_Level] Set trigger level
[2020/07/29 10:00:08.883834][I][writeEx] E6640A <= :TRIGger:VIDeo:LEVel 30.000000 mV
[2020/07/29 10:00:08.888849][I][set_Trigger_Delay] Set trigger delay
[2020/07/29 10:00:08.892859][I][writeEx] E6640A <= :TRIGger:VIDeo:DELay:STATe ON
[2020/07/29 10:00:08.897881][I][queryEx] E6640A <= :TRIGger:VIDeo:DELay:STATe?
[2020/07/29 10:00:08.961466][I][queryEx] E6640A => 1
[2020/07/29 10:00:08.968853][I][writeEx] E6640A <= :TRIGger:VIDeo:DELay:STATe ON
[2020/07/29 10:00:08.974875][I][writeEx] E6640A <= :TRIGger:VIDeo:DELay 0.300000 ms
[2020/07/29 10:00:08.981172][I][init_Trigger_Reg] Initial trigger status register
[2020/07/29 10:00:08.987266][I][writeEx] E6640A <= *CLS
[2020/07/29 10:00:08.992283][I][writeEx] E6640A <= :STATus:PRESet
[2020/07/29 10:00:08.997296][I][writeEx] E6640A <= *SRE 192
[2020/07/29 10:00:09.001306][I][writeEx] E6640A <= :STATus:OPERation:ENABle 32
[2020/07/29 10:00:09.006923][I][writeEx] E6640A <= *CLS
[2020/07/29 10:00:09.010936][I][queryEx] E6640A <= *STB?
[2020/07/29 10:00:09.060115][I][queryEx] E6640A => 0
[2020/07/29 10:00:09.065564][I][init_Trigger_Reg] Status: 0
[2020/07/29 10:00:18.103186][I][chk_Tx_Result] Check Tx result
[2020/07/29 10:00:18.112130][I][get_Trigger_Status] Get trigger status
[2020/07/29 10:00:18.116147][I][queryEx] E6640A <= *STB?
[2020/07/29 10:00:18.123253][I][queryEx] E6640A => 192
[2020/07/29 10:00:18.127806][I][get_Trigger_Status] Status: 192
[2020/07/29 10:00:18.130816]Is triggered!
[2020/07/29 10:00:18.134866][I][writeEx] E6640A <= *CLS
[2020/07/29 10:00:18.139840][I][set_Continue] Set continue
[2020/07/29 10:00:18.143853][I][writeEx] E6640A <= :INIT:CONT ON
[2020/07/29 10:00:18.250128][I][set_Single] Set single
[2020/07/29 10:00:18.266126][I][writeEx] E6640A <= :INIT:CONT OFF
[2020/07/29 10:00:18.277238][I][set_Zigbee_TX_BandPower] Set marker function
[2020/07/29 10:00:18.283295][I][writeEx] E6640A <= CALC:DDEMod:MARK1:MODE POS
[2020/07/29 10:00:18.288120][I][writeEx] E6640A <= CALC:DDEMod:MARK1:TRAC 2
[2020/07/29 10:00:18.293178][I][writeEx] E6640A <= CALC:DDEMod:MARK1:FUNC BPOW
[2020/07/29 10:00:18.297477][I][writeEx] E6640A <= CALC:DDEMod:MARK1:FUNC:BPOW:CTYP MEAN
[2020/07/29 10:00:18.302494][I][writeEx] E6640A <= CALC:DDEMod:MARK1:FUNC:BAND:CENT 2455000000.000000
[2020/07/29 10:00:18.608555][I][queryEx] E6640A <= *OPC?
[2020/07/29 10:00:18.620039][I][queryEx] E6640A => 1
[2020/07/29 10:00:18.624048][I][queryEx] E6640A <= CALC:DDEMod:MARK1:FUNC:BAND:CENT?
[2020/07/29 10:00:18.631113][I][queryEx] E6640A => 2.455000000E+09
[2020/07/29 10:00:18.635078][I][writeEx] E6640A <= CALC:DDEMod:MARK1:FUNC:BAND:SPAN 10000000.000000
[2020/07/29 10:00:18.941056][I][queryEx] E6640A <= *OPC?
[2020/07/29 10:00:18.961159][I][queryEx] E6640A => 1
[2020/07/29 10:00:18.974140][I][get_Power] Get Tx power
[2020/07/29 10:00:18.981826][I][queryEx] E6640A <= :CALC:DDEMod:MARK1:Y?
[2020/07/29 10:00:18.988779][I][queryEx] E6640A => 1.664480224E+00
[2020/07/29 10:00:18.993766][I][chk_Tx_Result] Tx power(add loss: 8.900000) = 10.564000 dBm
[2020/07/29 10:00:18.998157][I][read_DDEMod_Array] Read measurement result
[2020/07/29 10:00:19.002356][I][queryEx] E6640A <= :READ:DDEMod?
[2020/07/29 10:00:19.146053][I][queryEx] E6640A => 1.443605137E+01,4.569860840E+01,2.230000000E+02,3.810966015E+00,1.754796982E+01,3.500000000E+01,9.91E+37,9.91E+37,9.91E+37,5.482274890E-01,-1.302146912E+00,3.120000000E+02,1.176442146E+01,3.756701660E+01,2.230000000E+02,1.863920703E+04,9.91E+37,9.91E+37,9.91E+37,9.91E+37,9.91E+37,-4.431243515E+01,9.91E+37,9.586684108E-01,-2.625207789E-02,3.455975950E-01,9.91E+37,9.91E+37,9.91E+37,9.91E+37,9.91E+37,9.91E+37,9.91E+37,9.91E+37,9.91E+37,9.91E+37,9.91E+37,9.91E+37,9.91E+37,9.91E+37,9.91E+37,9.91E+37,9.91E+37,9.91E+37,9.91E+37,9.91E+37,9.91E+37,9.91E+37,9.91E+37,9.91E+37,9.91E+37,9.91E+37,9.91E+37,9.91E+37,9.91E+37,9.91E+37,9.91E+37,9.91E+37,9.91E+37,9.91E+37,9.91E+37,3.834808245E-03,-4.726686515E-03
[2020/07/29 10:00:19.161126][I][set_Continue] Set continue
[2020/07/29 10:00:19.176122][I][writeEx] E6640A <= :INIT:CONT ON
[2020/07/29 10:00:29.642484][I][chk_Tx_Result] Check Tx result
[2020/07/29 10:00:29.651451][I][get_Trigger_Status] Get trigger status
[2020/07/29 10:00:29.655463][I][queryEx] E6640A <= *STB?
[2020/07/29 10:00:29.662826][I][queryEx] E6640A => 192
[2020/07/29 10:00:29.667930][I][get_Trigger_Status] Status: 192
[2020/07/29 10:00:29.671943]Is triggered!
[2020/07/29 10:00:29.675955][I][writeEx] E6640A <= *CLS
[2020/07/29 10:00:29.682070][I][set_Continue] Set continue
[2020/07/29 10:00:29.687085][I][writeEx] E6640A <= :INIT:CONT ON
[2020/07/29 10:00:29.792546][I][set_Single] Set single
[2020/07/29 10:00:29.807584][I][writeEx] E6640A <= :INIT:CONT OFF
[2020/07/29 10:00:29.816817][I][set_Zigbee_TX_BandPower] Set marker function
[2020/07/29 10:00:29.819827][I][writeEx] E6640A <= CALC:DDEMod:MARK1:MODE POS
[2020/07/29 10:00:29.825884][I][writeEx] E6640A <= CALC:DDEMod:MARK1:TRAC 2
[2020/07/29 10:00:29.829903][I][writeEx] E6640A <= CALC:DDEMod:MARK1:FUNC BPOW
[2020/07/29 10:00:29.834917][I][writeEx] E6640A <= CALC:DDEMod:MARK1:FUNC:BPOW:CTYP MEAN
[2020/07/29 10:00:29.838960][I][writeEx] E6640A <= CALC:DDEMod:MARK1:FUNC:BAND:CENT 2455000000.000000
[2020/07/29 10:00:30.144873][I][queryEx] E6640A <= *OPC?
[2020/07/29 10:00:30.156061][I][queryEx] E6640A => 1
[2020/07/29 10:00:30.161693][I][queryEx] E6640A <= CALC:DDEMod:MARK1:FUNC:BAND:CENT?
[2020/07/29 10:00:30.169054][I][queryEx] E6640A => 2.455000000E+09
[2020/07/29 10:00:30.174068][I][writeEx] E6640A <= CALC:DDEMod:MARK1:FUNC:BAND:SPAN 10000000.000000
[2020/07/29 10:00:30.480340][I][queryEx] E6640A <= *OPC?
[2020/07/29 10:00:30.489047][I][queryEx] E6640A => 1
[2020/07/29 10:00:30.494827][I][get_Power] Get Tx power
[2020/07/29 10:00:30.498842][I][queryEx] E6640A <= :CALC:DDEMod:MARK1:Y?
[2020/07/29 10:00:30.506384][I][queryEx] E6640A => -3.780640982E-01
[2020/07/29 10:00:30.511404][I][chk_Tx_Result] Tx power(add loss: 8.900000) = 8.522000 dBm
[2020/07/29 10:00:30.516417][I][read_DDEMod_Array] Read measurement result
[2020/07/29 10:00:30.520960][I][queryEx] E6640A <= :READ:DDEMod?
[2020/07/29 10:00:30.783140][I][queryEx] E6640A => 1.420625019E+01,3.999063873E+01,1.830000000E+02,3.361732244E+00,1.422962379E+01,1.830000000E+02,9.91E+37,9.91E+37,9.91E+37,3.761883974E-01,-9.745001793E-01,3.970000000E+02,1.156990242E+01,3.279962921E+01,1.830000000E+02,1.859541406E+04,9.91E+37,9.91E+37,9.91E+37,9.91E+37,9.91E+37,-5.163934326E+01,9.91E+37,9.599999189E-01,-3.056159057E-02,2.803078294E-01,9.91E+37,9.91E+37,9.91E+37,9.91E+37,9.91E+37,9.91E+37,9.91E+37,9.91E+37,9.91E+37,9.91E+37,9.91E+37,9.91E+37,9.91E+37,9.91E+37,9.91E+37,9.91E+37,9.91E+37,9.91E+37,9.91E+37,9.91E+37,9.91E+37,9.91E+37,9.91E+37,9.91E+37,9.91E+37,9.91E+37,9.91E+37,9.91E+37,9.91E+37,9.91E+37,9.91E+37,9.91E+37,9.91E+37,9.91E+37,9.91E+37,-2.347995993E-03,1.158807310E-03
[2020/07/29 10:00:30.792180][I][set_Continue] Set continue
[2020/07/29 10:00:30.797994][I][writeEx] E6640A <= :INIT:CONT ON
[2020/07/29 10:00:32.276715][I][set_Preset] System reset
[2020/07/29 10:00:32.280728][I][writeEx] E6640A <= *RST
[2020/07/29 10:00:32.285747][I][writeEx] E6640A <= *CLS
[2020/07/29 10:00:32.290754][I][writeEx] E6640A <= SYST:PRES
[2020/07/29 10:00:32.597249][I][queryEx] E6640A <= *OPC?
[2020/07/29 10:00:33.570934][I][queryEx] E6640A => 1
[2020/07/29 10:00:33.588163][I][set_Tx_Start] Set Tx start
[2020/07/29 10:00:33.591174][I][set_RFI_Port] Set input port
[2020/07/29 10:00:33.596206][I][writeEx] E6640A <= :FEED:RF:PORT:INPut RFIO1
[2020/07/29 10:00:33.600241][I][queryEx] E6640A <= :FEED:RF:PORT:INPut?
[2020/07/29 10:00:33.607151][I][queryEx] E6640A => RFIO1
[2020/07/29 10:00:33.612213][I][set_Modulation_Analysis] Set measurement function
[2020/07/29 10:00:33.616179][I][writeEx] E6640A <= INST:SEL VSA
[2020/07/29 10:00:33.922858][I][queryEx] E6640A <= *OPC?
[2020/07/29 10:00:33.934843][I][queryEx] E6640A => 1
[2020/07/29 10:00:33.938897][I][queryEx] E6640A <= INST:SEL?
[2020/07/29 10:00:33.946873][I][queryEx] E6640A => VSA
[2020/07/29 10:00:33.951616][I][writeEx] E6640A <= :CONFigure:DDEMod
[2020/07/29 10:00:34.258183][I][queryEx] E6640A <= *OPC?
[2020/07/29 10:00:34.447542][I][queryEx] E6640A => 1
[2020/07/29 10:00:34.464523][I][init_Zigbee_Mode] Initial Zigbee mode
[2020/07/29 10:00:34.479563][I][writeEx] E6640A <= :DDEM:STAN:PRES ZIGBEE2450
[2020/07/29 10:00:34.791135][I][queryEx] E6640A <= *OPC?
[2020/07/29 10:00:34.803109][I][queryEx] E6640A => 1
[2020/07/29 10:00:34.807756][I][set_Continue] Set continue
[2020/07/29 10:00:34.811804][I][writeEx] E6640A <= :INIT:CONT ON
[2020/07/29 10:00:34.817236][I][set_Freq] Set frequence
[2020/07/29 10:00:34.822294][I][writeEx] E6640A <= :FREQuency:CENTer 2470.0 MHz
[2020/07/29 10:00:34.827266][I][set_XScale_Span] Set frequence span
[2020/07/29 10:00:34.832320][I][writeEx] E6640A <= :FREQuency:SPAN 10000.000000 KHZ
[2020/07/29 10:00:34.837293][I][set_Power_Range] Get power range
[2020/07/29 10:00:34.842347][I][writeEx] E6640A <= :POW:RANG 20.000000
[2020/07/29 10:00:34.847804][I][set_Symbol_Rate] Get symbol rate
[2020/07/29 10:00:34.853523][I][writeEx] E6640A <= :DDEMod:SRATe 1000.000000 kHz
[2020/07/29 10:00:34.859562][I][set_Meas_Interval] Get meas interval
[2020/07/29 10:00:34.864573][I][writeEx] E6640A <= :DDEMod:SWEep:POINts 500
[2020/07/29 10:00:34.868548][I][set_Zigbee_TX_BandPower] Set marker function
[2020/07/29 10:00:34.873563][I][writeEx] E6640A <= CALC:DDEMod:MARK1:MODE POS
[2020/07/29 10:00:34.878962][I][writeEx] E6640A <= CALC:DDEMod:MARK1:TRAC 2
[2020/07/29 10:00:34.883978][I][writeEx] E6640A <= CALC:DDEMod:MARK1:FUNC BPOW
[2020/07/29 10:00:34.888991][I][writeEx] E6640A <= CALC:DDEMod:MARK1:FUNC:BPOW:CTYP MEAN
[2020/07/29 10:00:34.895226][I][writeEx] E6640A <= CALC:DDEMod:MARK1:FUNC:BAND:CENT 2470000000.000000
[2020/07/29 10:00:35.200840][I][queryEx] E6640A <= *OPC?
[2020/07/29 10:00:35.212847][I][queryEx] E6640A => 1
[2020/07/29 10:00:35.216868][I][queryEx] E6640A <= CALC:DDEMod:MARK1:FUNC:BAND:CENT?
[2020/07/29 10:00:35.223999][I][queryEx] E6640A => 2.470000000E+09
[2020/07/29 10:00:35.228848][I][writeEx] E6640A <= CALC:DDEMod:MARK1:FUNC:BAND:SPAN 10000000.000000
[2020/07/29 10:00:35.535351][I][queryEx] E6640A <= *OPC?
[2020/07/29 10:00:35.547393][I][queryEx] E6640A => 1
[2020/07/29 10:00:35.551400][I][set_Trigger_Video] Set trigger video
[2020/07/29 10:00:35.556457][I][writeEx] E6640A <= TRIG:DDEM:SOUR VID
[2020/07/29 10:00:35.862232][I][queryEx] E6640A <= *OPC?
[2020/07/29 10:00:35.871063][I][queryEx] E6640A => 1
[2020/07/29 10:00:35.875170][I][set_Trigger_Level] Set trigger level
[2020/07/29 10:00:35.881151][I][writeEx] E6640A <= :TRIGger:VIDeo:LEVel 30.000000 mV
[2020/07/29 10:00:35.886950][I][set_Trigger_Delay] Set trigger delay
[2020/07/29 10:00:35.890965][I][writeEx] E6640A <= :TRIGger:VIDeo:DELay:STATe ON
[2020/07/29 10:00:35.896579][I][queryEx] E6640A <= :TRIGger:VIDeo:DELay:STATe?
[2020/07/29 10:00:35.956105][I][queryEx] E6640A => 1
[2020/07/29 10:00:35.962118][I][writeEx] E6640A <= :TRIGger:VIDeo:DELay:STATe ON
[2020/07/29 10:00:35.967138][I][writeEx] E6640A <= :TRIGger:VIDeo:DELay 0.300000 ms
[2020/07/29 10:00:35.973309][I][init_Trigger_Reg] Initial trigger status register
[2020/07/29 10:00:35.978916][I][writeEx] E6640A <= *CLS
[2020/07/29 10:00:35.982968][I][writeEx] E6640A <= :STATus:PRESet
[2020/07/29 10:00:35.988947][I][writeEx] E6640A <= *SRE 192
[2020/07/29 10:00:35.993857][I][writeEx] E6640A <= :STATus:OPERation:ENABle 32
[2020/07/29 10:00:35.997870][I][writeEx] E6640A <= *CLS
[2020/07/29 10:00:36.002884][I][queryEx] E6640A <= *STB?
[2020/07/29 10:00:36.050156][I][queryEx] E6640A => 0
[2020/07/29 10:00:36.055449][I][init_Trigger_Reg] Status: 0
[2020/07/29 10:00:45.090807][I][chk_Tx_Result] Check Tx result
[2020/07/29 10:00:45.099775][I][get_Trigger_Status] Get trigger status
[2020/07/29 10:00:45.104789][I][queryEx] E6640A <= *STB?
[2020/07/29 10:00:45.111855][I][queryEx] E6640A => 192
[2020/07/29 10:00:45.116744][I][get_Trigger_Status] Status: 192
[2020/07/29 10:00:45.120794]Is triggered!
[2020/07/29 10:00:45.125772][I][writeEx] E6640A <= *CLS
[2020/07/29 10:00:45.131344][I][set_Continue] Set continue
[2020/07/29 10:00:45.136202][I][writeEx] E6640A <= :INIT:CONT ON
[2020/07/29 10:00:45.241344][I][set_Single] Set single
[2020/07/29 10:00:45.257402][I][writeEx] E6640A <= :INIT:CONT OFF
[2020/07/29 10:00:45.267071][I][set_Zigbee_TX_BandPower] Set marker function
[2020/07/29 10:00:45.271086][I][writeEx] E6640A <= CALC:DDEMod:MARK1:MODE POS
[2020/07/29 10:00:45.276376][I][writeEx] E6640A <= CALC:DDEMod:MARK1:TRAC 2
[2020/07/29 10:00:45.280389][I][writeEx] E6640A <= CALC:DDEMod:MARK1:FUNC BPOW
[2020/07/29 10:00:45.285402][I][writeEx] E6640A <= CALC:DDEMod:MARK1:FUNC:BPOW:CTYP MEAN
[2020/07/29 10:00:45.290415][I][writeEx] E6640A <= CALC:DDEMod:MARK1:FUNC:BAND:CENT 2470000000.000000
[2020/07/29 10:00:45.596594][I][queryEx] E6640A <= *OPC?
[2020/07/29 10:00:45.608108][I][queryEx] E6640A => 1
[2020/07/29 10:00:45.613125][I][queryEx] E6640A <= CALC:DDEMod:MARK1:FUNC:BAND:CENT?
[2020/07/29 10:00:45.620221][I][queryEx] E6640A => 2.470000000E+09
[2020/07/29 10:00:45.625582][I][writeEx] E6640A <= CALC:DDEMod:MARK1:FUNC:BAND:SPAN 10000000.000000
[2020/07/29 10:00:45.932429][I][queryEx] E6640A <= *OPC?
[2020/07/29 10:00:45.944312][I][queryEx] E6640A => 1
[2020/07/29 10:00:45.949288][I][get_Power] Get Tx power
[2020/07/29 10:00:45.953298][I][queryEx] E6640A <= :CALC:DDEMod:MARK1:Y?
[2020/07/29 10:00:45.960597][I][queryEx] E6640A => 2.056830155E+00
[2020/07/29 10:00:45.965616][I][chk_Tx_Result] Tx power(add loss: 8.800000) = 10.857000 dBm
[2020/07/29 10:00:45.970709][I][read_DDEMod_Array] Read measurement result
[2020/07/29 10:00:45.975796][I][queryEx] E6640A <= :READ:DDEMod?
[2020/07/29 10:00:46.242367][I][queryEx] E6640A => 1.420918465E+01,5.018784332E+01,2.570000000E+02,3.611058712E+00,2.276378059E+01,2.570000000E+02,9.91E+37,9.91E+37,9.91E+37,3.960280418E-01,-9.615540504E-01,4.300000000E+02,1.157768154E+01,4.149605560E+01,2.570000000E+02,1.870980664E+04,9.91E+37,9.91E+37,9.91E+37,9.91E+37,9.91E+37,-4.681232071E+01,9.91E+37,9.599935412E-01,3.827453405E-02,3.467223346E-01,9.91E+37,9.91E+37,9.91E+37,9.91E+37,9.91E+37,9.91E+37,9.91E+37,9.91E+37,9.91E+37,9.91E+37,9.91E+37,9.91E+37,9.91E+37,9.91E+37,9.91E+37,9.91E+37,9.91E+37,9.91E+37,9.91E+37,9.91E+37,9.91E+37,9.91E+37,9.91E+37,9.91E+37,9.91E+37,9.91E+37,9.91E+37,9.91E+37,9.91E+37,9.91E+37,9.91E+37,9.91E+37,9.91E+37,9.91E+37,9.91E+37,3.645963501E-03,-2.746037906E-03
[2020/07/29 10:00:46.249378][I][set_Continue] Set continue
[2020/07/29 10:00:46.255270][I][writeEx] E6640A <= :INIT:CONT ON
[2020/07/29 10:00:56.789600][I][chk_Tx_Result] Check Tx result
[2020/07/29 10:00:56.798436][I][get_Trigger_Status] Get trigger status
[2020/07/29 10:00:56.802453][I][queryEx] E6640A <= *STB?
[2020/07/29 10:00:56.810029][I][queryEx] E6640A => 192
[2020/07/29 10:00:56.814038][I][get_Trigger_Status] Status: 192
[2020/07/29 10:00:56.819055]Is triggered!
[2020/07/29 10:00:56.823063][I][writeEx] E6640A <= *CLS
[2020/07/29 10:00:56.828074][I][set_Continue] Set continue
[2020/07/29 10:00:56.833115][I][writeEx] E6640A <= :INIT:CONT ON
[2020/07/29 10:00:56.939639][I][set_Single] Set single
[2020/07/29 10:00:56.948607][I][writeEx] E6640A <= :INIT:CONT OFF
[2020/07/29 10:00:56.953657][I][set_Zigbee_TX_BandPower] Set marker function
[2020/07/29 10:00:56.957797][I][writeEx] E6640A <= CALC:DDEMod:MARK1:MODE POS
[2020/07/29 10:00:56.962853][I][writeEx] E6640A <= CALC:DDEMod:MARK1:TRAC 2
[2020/07/29 10:00:56.967180][I][writeEx] E6640A <= CALC:DDEMod:MARK1:FUNC BPOW
[2020/07/29 10:00:56.971202][I][writeEx] E6640A <= CALC:DDEMod:MARK1:FUNC:BPOW:CTYP MEAN
[2020/07/29 10:00:56.976206][I][writeEx] E6640A <= CALC:DDEMod:MARK1:FUNC:BAND:CENT 2470000000.000000
[2020/07/29 10:00:57.281486][I][queryEx] E6640A <= *OPC?
[2020/07/29 10:00:57.293347][I][queryEx] E6640A => 1
[2020/07/29 10:00:57.297398][I][queryEx] E6640A <= CALC:DDEMod:MARK1:FUNC:BAND:CENT?
[2020/07/29 10:00:57.305423][I][queryEx] E6640A => 2.470000000E+09
[2020/07/29 10:00:57.309431][I][writeEx] E6640A <= CALC:DDEMod:MARK1:FUNC:BAND:SPAN 10000000.000000
[2020/07/29 10:00:57.615183][I][queryEx] E6640A <= *OPC?
[2020/07/29 10:00:57.624482][I][queryEx] E6640A => 1
[2020/07/29 10:00:57.629536][I][get_Power] Get Tx power
[2020/07/29 10:00:57.634514][I][queryEx] E6640A <= :CALC:DDEMod:MARK1:Y?
[2020/07/29 10:00:57.642042][I][queryEx] E6640A => 2.041990413E-02
[2020/07/29 10:00:57.646056][I][chk_Tx_Result] Tx power(add loss: 8.800000) = 8.820000 dBm
[2020/07/29 10:00:57.651083][I][read_DDEMod_Array] Read measurement result
[2020/07/29 10:00:57.655117][I][queryEx] E6640A <= :READ:DDEMod?
[2020/07/29 10:00:57.910062][I][queryEx] E6640A => 1.458565331E+01,4.428358841E+01,4.210000000E+02,3.571338177E+00,1.808968735E+01,4.210000000E+02,9.91E+37,9.91E+37,9.91E+37,2.900636792E-01,-9.129822254E-01,4.870000000E+02,1.187550545E+01,-3.664854050E+01,4.210000000E+02,1.864854297E+04,9.91E+37,9.91E+37,9.91E+37,9.91E+37,9.91E+37,-4.987987137E+01,9.91E+37,9.578883052E-01,-4.504004493E-02,-3.438234031E-01,9.91E+37,9.91E+37,9.91E+37,9.91E+37,9.91E+37,9.91E+37,9.91E+37,9.91E+37,9.91E+37,9.91E+37,9.91E+37,9.91E+37,9.91E+37,9.91E+37,9.91E+37,9.91E+37,9.91E+37,9.91E+37,9.91E+37,9.91E+37,9.91E+37,9.91E+37,9.91E+37,9.91E+37,9.91E+37,9.91E+37,9.91E+37,9.91E+37,9.91E+37,9.91E+37,9.91E+37,9.91E+37,9.91E+37,9.91E+37,9.91E+37,-2.953725168E-03,-1.247389358E-03
[2020/07/29 10:00:57.916838][I][set_Continue] Set continue
[2020/07/29 10:00:57.920892][I][writeEx] E6640A <= :INIT:CONT ON
[2020/07/29 10:00:59.404837][I][set_Preset] System reset
[2020/07/29 10:00:59.408855][I][writeEx] E6640A <= *RST
[2020/07/29 10:00:59.414881][I][writeEx] E6640A <= *CLS
[2020/07/29 10:00:59.422900][I][writeEx] E6640A <= SYST:PRES
[2020/07/29 10:00:59.728952][I][queryEx] E6640A <= *OPC?
[2020/07/29 10:01:00.669854][I][queryEx] E6640A => 1
[2020/07/29 10:01:00.689849][I][set_Rx_OneTone] Set Rx one tone
[2020/07/29 10:01:00.694862][I][set_RFO_Port] Set output port
[2020/07/29 10:01:00.698911][I][writeEx] E6640A <= :FEED:RF:PORT:OUTPut RFIO1
[2020/07/29 10:01:00.705064][I][queryEx] E6640A <= :FEED:RF:PORT:OUTPut?
[2020/07/29 10:01:00.725425][I][queryEx] E6640A => RFIO1
[2020/07/29 10:01:00.731498][I][set_OneTone_Freq] Set One Tone frequence
[2020/07/29 10:01:00.735515][I][writeEx] E6640A <= :SOUR:FREQ 2445.0 MHz
[2020/07/29 10:01:00.740528][I][set_OneTone_Power] Set One Tone power
[2020/07/29 10:01:00.745297][I][writeEx] E6640A <= :SOURce:POWer -16.1
[2020/07/29 10:01:10.261426][I][set_OneTone_Start] Set One Tone start
[2020/07/29 10:01:10.266417][I][writeEx] E6640A <= OUTP ON
[2020/07/29 10:01:14.906638][I][set_OneTone_Stop] Set One Tone stop
[2020/07/29 10:01:14.910656][I][writeEx] E6640A <= OUTP OFF
[2020/07/29 10:01:14.924651][I][set_Rx_OneTone] Set Rx one tone
[2020/07/29 10:01:14.928701][I][set_RFO_Port] Set output port
[2020/07/29 10:01:14.934286][I][writeEx] E6640A <= :FEED:RF:PORT:OUTPut RFIO1
[2020/07/29 10:01:14.940595][I][queryEx] E6640A <= :FEED:RF:PORT:OUTPut?
[2020/07/29 10:01:14.948621][I][queryEx] E6640A => RFIO1
[2020/07/29 10:01:14.954642][I][set_OneTone_Freq] Set One Tone frequence
[2020/07/29 10:01:14.958652][I][writeEx] E6640A <= :SOUR:FREQ 2445.0 MHz
[2020/07/29 10:01:14.964694][I][set_OneTone_Power] Set One Tone power
[2020/07/29 10:01:14.968714][I][writeEx] E6640A <= :SOURce:POWer -16.1
[2020/07/29 10:01:23.486502][I][set_OneTone_Start] Set One Tone start
[2020/07/29 10:01:23.491652][I][writeEx] E6640A <= OUTP ON
[2020/07/29 10:01:28.589808][I][set_OneTone_Stop] Set One Tone stop
[2020/07/29 10:01:28.594280][I][writeEx] E6640A <= OUTP OFF
[2020/07/29 10:01:28.948906][I][disconnect_E6640A] Disconnect E6640A
[2020/07/29 10:01:28.955576]========== End ==========
