[2020/07/29 01:52:02.929949]========== Start ==========
[2020/07/29 01:52:02.931865][I][class_E6640A_LTE] Initial class_E6640A_LTE
[2020/07/29 01:52:02.933333][I][class_E6640A_LTE] Version: 3.0.0.3
[2020/07/29 01:52:02.937714][I][connect_E6640A] Connect to E6640A
[2020/07/29 01:52:02.948788][I][connect_E6640A] Resource Manager of Visa Library at C:\Windows\system32\visa32.dll
[2020/07/29 01:52:02.999290][I][queryEx] E6640A <= *IDN?
[2020/07/29 01:52:03.005304][I][queryEx] E6640A => Keysight Technologies,E6640A,MY57150246,E.19.71
[2020/07/29 01:52:03.007308][I][set_Preset] System reset
[2020/07/29 01:52:03.009313][I][writeEx] E6640A <= *RST
[2020/07/29 01:52:03.011318][I][writeEx] E6640A <= *CLS
[2020/07/29 01:52:03.013324][I][writeEx] E6640A <= SYST:PRES
[2020/07/29 01:52:03.316966][I][queryEx] E6640A <= *OPC?
[2020/07/29 01:52:04.078117][I][queryEx] E6640A => 1
[2020/07/29 01:52:04.099160][I][set_Preset] System reset
[2020/07/29 01:52:04.103639][I][writeEx] E6640A <= *RST
[2020/07/29 01:52:04.107653][I][writeEx] E6640A <= *CLS
[2020/07/29 01:52:04.111624][I][writeEx] E6640A <= SYST:PRES
[2020/07/29 01:52:04.416430][I][queryEx] E6640A <= *OPC?
[2020/07/29 01:52:05.143586][I][queryEx] E6640A => 1
[2020/07/29 01:52:05.408637][I][set_Preset] System reset
[2020/07/29 01:52:05.411053][I][writeEx] E6640A <= *RST
[2020/07/29 01:52:05.413061][I][writeEx] E6640A <= *CLS
[2020/07/29 01:52:05.415066][I][writeEx] E6640A <= SYST:PRES
[2020/07/29 01:52:05.719601][I][queryEx] E6640A <= *OPC?
[2020/07/29 01:52:06.461084][I][queryEx] E6640A => 1
[2020/07/29 01:52:06.470962][I][set_Tx_Start] Set Tx start
[2020/07/29 01:52:06.473667][I][set_RFI_Port] Set input port
[2020/07/29 01:52:06.475676][I][writeEx] E6640A <= :FEED:RF:PORT:INPut RFIO1
[2020/07/29 01:52:06.478688][I][queryEx] E6640A <= :FEED:RF:PORT:INPut?
[2020/07/29 01:52:06.483814][I][queryEx] E6640A => RFIO1
[2020/07/29 01:52:06.488361][I][set_Modulation_Analysis] Set measurement function
[2020/07/29 01:52:06.490365][I][writeEx] E6640A <= INST:SEL LTEAFDD
[2020/07/29 01:52:06.795108][I][queryEx] E6640A <= *OPC?
[2020/07/29 01:52:06.804179][I][queryEx] E6640A => 1
[2020/07/29 01:52:06.807145][I][queryEx] E6640A <= INST:SEL?
[2020/07/29 01:52:06.812393][I][queryEx] E6640A => LTEAFDD
[2020/07/29 01:52:06.814400][I][writeEx] E6640A <= DISP:CHP:VIEW:WIND:TRAC:Y:COUP OFF
[2020/07/29 01:52:06.816406][I][set_Freq] Set frequence
[2020/07/29 01:52:06.819415][I][writeEx] E6640A <= :FREQuency:CENTer 897.4 MHz
[2020/07/29 01:52:06.821984][I][set_Continue] Set continue
[2020/07/29 01:52:06.823991][I][writeEx] E6640A <= :INIT:CONT ON
[2020/07/29 01:52:06.827006][I][set_Trigger_Free_Run] Set trigger free run
[2020/07/29 01:52:06.829601][I][writeEx] E6640A <= TRIG:CHP:SOUR IMM
[2020/07/29 01:52:07.133310][I][queryEx] E6640A <= *OPC?
[2020/07/29 01:52:07.140634][I][queryEx] E6640A => 1
[2020/07/29 01:52:11.707852][I][chk_Tx_Result] Check Tx result
[2020/07/29 01:52:11.714879][I][set_Limit_Range] Set reference value
[2020/07/29 01:52:11.717885][I][writeEx] E6640A <= DISP:CHP:VIEW:WIND:TRAC:Y:RLEV 30.0 dBm
[2020/07/29 01:52:12.022865][I][queryEx] E6640A <= *OPC?
[2020/07/29 01:52:12.036954][I][queryEx] E6640A => 1
[2020/07/29 01:52:12.046925][I][set_Limit_Range] Set power range
[2020/07/29 01:52:12.052895][I][writeEx] E6640A <= :POW:RANG 30.0 dBm
[2020/07/29 01:52:12.358964][I][queryEx] E6640A <= *OPC?
[2020/07/29 01:52:12.369171][I][queryEx] E6640A => 1
[2020/07/29 01:52:12.372985][I][set_Trigger_Video] Set trigger video
[2020/07/29 01:52:12.375490][I][writeEx] E6640A <= TRIG:CHP:SOUR IF
[2020/07/29 01:52:12.679221][I][queryEx] E6640A <= *OPC?
[2020/07/29 01:52:12.689112][I][queryEx] E6640A => 1
[2020/07/29 01:52:12.793634][I][set_Trigger_Free_Run] Set trigger free run
[2020/07/29 01:52:12.800688][I][writeEx] E6640A <= TRIG:CHP:SOUR IMM
[2020/07/29 01:52:13.104214][I][queryEx] E6640A <= *OPC?
[2020/07/29 01:52:13.112290][I][queryEx] E6640A => 1
[2020/07/29 01:52:13.116298][I][get_Power] Get Tx power
[2020/07/29 01:52:13.121265][I][queryEx] E6640A <= :FETCh:CHPower:CHPower?
[2020/07/29 01:52:13.128954][I][queryEx] E6640A => 1.460563087E+01
[2020/07/29 01:52:13.134638][I][chk_Tx_Result] Tx power(add loss: 8.500000) = 23.106000 dBm
[2020/07/29 01:52:13.138652][I][set_Continue] Set continue
[2020/07/29 01:52:13.142004][I][writeEx] E6640A <= :INIT:CONT ON
[2020/07/29 01:52:15.088149][I][set_Preset] System reset
[2020/07/29 01:52:15.090155][I][writeEx] E6640A <= *RST
[2020/07/29 01:52:15.094166][I][writeEx] E6640A <= *CLS
[2020/07/29 01:52:15.096171][I][writeEx] E6640A <= SYST:PRES
[2020/07/29 01:52:15.401874][I][queryEx] E6640A <= *OPC?
[2020/07/29 01:52:15.945606][I][queryEx] E6640A => 1
[2020/07/29 01:52:15.955681][I][set_Tx_Start] Set Tx start
[2020/07/29 01:52:15.959063][I][set_RFI_Port] Set input port
[2020/07/29 01:52:15.962074][I][writeEx] E6640A <= :FEED:RF:PORT:INPut RFIO1
[2020/07/29 01:52:15.965421][I][queryEx] E6640A <= :FEED:RF:PORT:INPut?
[2020/07/29 01:52:15.971803][I][queryEx] E6640A => RFIO1
[2020/07/29 01:52:15.975037][I][set_Modulation_Analysis] Set measurement function
[2020/07/29 01:52:15.977043][I][writeEx] E6640A <= INST:SEL LTEAFDD
[2020/07/29 01:52:16.282345][I][queryEx] E6640A <= *OPC?
[2020/07/29 01:52:16.291317][I][queryEx] E6640A => 1
[2020/07/29 01:52:16.294358][I][queryEx] E6640A <= INST:SEL?
[2020/07/29 01:52:16.301307][I][queryEx] E6640A => LTEAFDD
[2020/07/29 01:52:16.304706][I][writeEx] E6640A <= DISP:CHP:VIEW:WIND:TRAC:Y:COUP OFF
[2020/07/29 01:52:16.307754][I][set_Freq] Set frequence
[2020/07/29 01:52:16.311586][I][writeEx] E6640A <= :FREQuency:CENTer 1950.0 MHz
[2020/07/29 01:52:16.314597][I][set_Continue] Set continue
[2020/07/29 01:52:16.317605][I][writeEx] E6640A <= :INIT:CONT ON
[2020/07/29 01:52:16.320613][I][set_Trigger_Free_Run] Set trigger free run
[2020/07/29 01:52:16.323901][I][writeEx] E6640A <= TRIG:CHP:SOUR IMM
[2020/07/29 01:52:16.628293][I][queryEx] E6640A <= *OPC?
[2020/07/29 01:52:16.637353][I][queryEx] E6640A => 1
[2020/07/29 01:52:21.241261][I][chk_Tx_Result] Check Tx result
[2020/07/29 01:52:21.248325][I][set_Limit_Range] Set reference value
[2020/07/29 01:52:21.251336][I][writeEx] E6640A <= DISP:CHP:VIEW:WIND:TRAC:Y:RLEV 30.0 dBm
[2020/07/29 01:52:21.556933][I][queryEx] E6640A <= *OPC?
[2020/07/29 01:52:21.565805][I][queryEx] E6640A => 1
[2020/07/29 01:52:21.569822][I][set_Limit_Range] Set power range
[2020/07/29 01:52:21.572829][I][writeEx] E6640A <= :POW:RANG 30.0 dBm
[2020/07/29 01:52:21.878194][I][queryEx] E6640A <= *OPC?
[2020/07/29 01:52:21.895134][I][queryEx] E6640A => 1
[2020/07/29 01:52:21.901144][I][set_Trigger_Video] Set trigger video
[2020/07/29 01:52:21.904152][I][writeEx] E6640A <= TRIG:CHP:SOUR IF
[2020/07/29 01:52:22.209753][I][queryEx] E6640A <= *OPC?
[2020/07/29 01:52:22.219437][I][queryEx] E6640A => 1
[2020/07/29 01:52:22.324368][I][set_Trigger_Free_Run] Set trigger free run
[2020/07/29 01:52:22.338390][I][writeEx] E6640A <= TRIG:CHP:SOUR IMM
[2020/07/29 01:52:22.646490][I][queryEx] E6640A <= *OPC?
[2020/07/29 01:52:22.664245][I][queryEx] E6640A => 1
[2020/07/29 01:52:22.674354][I][get_Power] Get Tx power
[2020/07/29 01:52:22.680375][I][queryEx] E6640A <= :FETCh:CHPower:CHPower?
[2020/07/29 01:52:22.688719][I][queryEx] E6640A => 1.196098328E+01
[2020/07/29 01:52:22.692727][I][chk_Tx_Result] Tx power(add loss: 9.200000) = 21.161000 dBm
[2020/07/29 01:52:22.695739][I][set_Continue] Set continue
[2020/07/29 01:52:22.699986][I][writeEx] E6640A <= :INIT:CONT ON
[2020/07/29 01:52:24.686666][I][set_Preset] System reset
[2020/07/29 01:52:24.690053][I][writeEx] E6640A <= *RST
[2020/07/29 01:52:24.693063][I][writeEx] E6640A <= *CLS
[2020/07/29 01:52:24.696070][I][writeEx] E6640A <= SYST:PRES
[2020/07/29 01:52:25.000737][I][queryEx] E6640A <= *OPC?
[2020/07/29 01:52:25.545010][I][queryEx] E6640A => 1
[2020/07/29 01:52:25.575975][I][set_Tx_Start] Set Tx start
[2020/07/29 01:52:25.580992][I][set_RFI_Port] Set input port
[2020/07/29 01:52:25.585002][I][writeEx] E6640A <= :FEED:RF:PORT:INPut RFIO1
[2020/07/29 01:52:25.589011][I][queryEx] E6640A <= :FEED:RF:PORT:INPut?
[2020/07/29 01:52:25.595212][I][queryEx] E6640A => RFIO1
[2020/07/29 01:52:25.598227][I][set_Modulation_Analysis] Set measurement function
[2020/07/29 01:52:25.601641][I][writeEx] E6640A <= INST:SEL LTEAFDD
[2020/07/29 01:52:25.906293][I][queryEx] E6640A <= *OPC?
[2020/07/29 01:52:25.915524][I][queryEx] E6640A => 1
[2020/07/29 01:52:25.920324][I][queryEx] E6640A <= INST:SEL?
[2020/07/29 01:52:25.925848][I][queryEx] E6640A => LTEAFDD
[2020/07/29 01:52:25.929681][I][writeEx] E6640A <= DISP:CHP:VIEW:WIND:TRAC:Y:COUP OFF
[2020/07/29 01:52:25.933814][I][set_Freq] Set frequence
[2020/07/29 01:52:25.936824][I][writeEx] E6640A <= :FREQuency:CENTer 914.8 MHz
[2020/07/29 01:52:25.939831][I][set_Continue] Set continue
[2020/07/29 01:52:25.943843][I][writeEx] E6640A <= :INIT:CONT ON
[2020/07/29 01:52:25.946859][I][set_Trigger_Free_Run] Set trigger free run
[2020/07/29 01:52:25.950643][I][writeEx] E6640A <= TRIG:CHP:SOUR IMM
[2020/07/29 01:52:26.255244][I][queryEx] E6640A <= *OPC?
[2020/07/29 01:52:26.265050][I][queryEx] E6640A => 1
[2020/07/29 01:52:29.292097][I][chk_Tx_Result] Check Tx result
[2020/07/29 01:52:29.299121][I][set_Limit_Range] Set reference value
[2020/07/29 01:52:29.303132][I][writeEx] E6640A <= DISP:CHP:VIEW:WIND:TRAC:Y:RLEV 30.0 dBm
[2020/07/29 01:52:29.608343][I][queryEx] E6640A <= *OPC?
[2020/07/29 01:52:29.617410][I][queryEx] E6640A => 1
[2020/07/29 01:52:29.621462][I][set_Limit_Range] Set power range
[2020/07/29 01:52:29.625477][I][writeEx] E6640A <= :POW:RANG 30.0 dBm
[2020/07/29 01:52:29.931482][I][queryEx] E6640A <= *OPC?
[2020/07/29 01:52:29.940015][I][queryEx] E6640A => 1
[2020/07/29 01:52:31.945645][I][set_Trigger_Video] Set trigger video
[2020/07/29 01:52:31.954809][I][writeEx] E6640A <= TRIG:CHP:SOUR IF
[2020/07/29 01:52:32.260202][I][queryEx] E6640A <= *OPC?
[2020/07/29 01:52:32.270658][I][queryEx] E6640A => 1
[2020/07/29 01:52:32.274863][I][get_Power] Get Tx power
[2020/07/29 01:52:32.278567][I][queryEx] E6640A <= :FETCh:CHPower:CHPower?
[2020/07/29 01:52:32.912522][I][queryEx] E6640A => 2.332695961E+01
[2020/07/29 01:52:32.917484][I][chk_Tx_Result] Tx power(add loss: 8.500000) = 31.827000 dBm
[2020/07/29 01:52:32.921537][I][set_Continue] Set continue
[2020/07/29 01:52:32.925972][I][writeEx] E6640A <= :INIT:CONT ON
[2020/07/29 01:52:34.686515][I][set_Preset] System reset
[2020/07/29 01:52:34.690731][I][writeEx] E6640A <= *RST
[2020/07/29 01:52:34.693745][I][writeEx] E6640A <= *CLS
[2020/07/29 01:52:34.697753][I][writeEx] E6640A <= SYST:PRES
[2020/07/29 01:52:35.002077][I][queryEx] E6640A <= *OPC?
[2020/07/29 01:52:35.548461][I][queryEx] E6640A => 1
[2020/07/29 01:52:35.563309][I][set_Rx_Waveform] Set Rx waveform
[2020/07/29 01:52:35.566320][I][set_RFO_Port] Set output port
[2020/07/29 01:52:35.569327][I][writeEx] E6640A <= :FEED:RF:PORT:OUTPut RFIO1
[2020/07/29 01:52:35.572335][I][queryEx] E6640A <= :FEED:RF:PORT:OUTPut?
[2020/07/29 01:52:35.578834][I][queryEx] E6640A => RFIO1
[2020/07/29 01:52:35.581843][I][set_OneTone_Freq] Set One Tone frequence
[2020/07/29 01:52:35.585578][I][writeEx] E6640A <= :SOUR:FREQ 959.8 MHz
[2020/07/29 01:52:35.588586][I][set_OneTone_Power] Set One Tone power
[2020/07/29 01:52:35.591595][I][writeEx] E6640A <= :SOURce:POWer -51.5
[2020/07/29 01:52:35.595756][I][loading_Waveform] Load waveform
[2020/07/29 01:52:35.599070][I][queryEx] E6640A <= :SOURce:RADio:ARB:CATalog?
[2020/07/29 01:52:35.605014][I][queryEx] E6640A => 9600,4184704,"CTX10_RFLTE_20160809.wfm"
[2020/07/29 01:52:35.608023][I][writeEx] E6640A <= :SOUR:RAD:ARB:WAV "D:\NVARB\CTX10_RFLTE_20160809.wfm"
[2020/07/29 01:52:35.913324][I][queryEx] E6640A <= *OPC?
[2020/07/29 01:52:35.924351][I][queryEx] E6640A => 1
[2020/07/29 01:52:35.928404][I][set_ARB_ON] Set ARB ON
[2020/07/29 01:52:35.932535][I][writeEx] E6640A <= :SOUR:RAD:ARB ON
[2020/07/29 01:52:35.935544][I][set_Sample_Rate] Set Sample Rate
[2020/07/29 01:52:35.939912][I][writeEx] E6640A <= SOUR:RAD:ARB:SCL:RATE 100.0 kHz
[2020/07/29 01:52:35.943661][I][set_Modulation_ON] Set ARB ON
[2020/07/29 01:52:35.946669][I][writeEx] E6640A <= :OUTP:MOD ON
[2020/07/29 01:52:35.953688][I][set_OneTone_Start] Set One Tone start
[2020/07/29 01:52:35.956697][I][writeEx] E6640A <= OUTP ON
[2020/07/29 01:52:42.331668][I][set_OneTone_Stop] Set One Tone stop
[2020/07/29 01:52:42.342706][I][writeEx] E6640A <= OUTP OFF
[2020/07/29 01:53:00.046712][I][disconnect_E6640A] Disconnect E6640A
[2020/07/29 01:53:00.050723][I][set_Preset] System reset
[2020/07/29 01:53:00.054735][I][writeEx] E6640A <= *RST
[2020/07/29 01:53:00.058744][I][writeEx] E6640A <= *CLS
[2020/07/29 01:53:00.063566][I][writeEx] E6640A <= SYST:PRES
[2020/07/29 01:53:00.368184][I][queryEx] E6640A <= *OPC?
[2020/07/29 01:53:00.862199][I][queryEx] E6640A => 1
[2020/07/29 01:53:00.869179]========== End ==========
