[2020/07/29 01:49:52.514161]========== Start ==========
[2020/07/29 01:49:52.515167][I][class_E6640A_ZIGBEE] Initial class_E6640A_ZIGBEE
[2020/07/29 01:49:52.517754][I][class_E6640A_ZIGBEE] Version: 3.0.0.2
[2020/07/29 01:49:52.522148][I][connect_E6640A] Connect to E6640A
[2020/07/29 01:49:52.532126][I][connect_E6640A] Resource Manager of Visa Library at C:\Windows\system32\visa32.dll
[2020/07/29 01:49:52.582798][I][queryEx] E6640A <= *IDN?
[2020/07/29 01:49:52.587808][I][queryEx] E6640A => Keysight Technologies,E6640A,MY57150246,E.19.71
[2020/07/29 01:49:52.589853][I][set_Preset] System reset
[2020/07/29 01:49:52.591819][I][writeEx] E6640A <= *RST
[2020/07/29 01:49:52.593858][I][writeEx] E6640A <= *CLS
[2020/07/29 01:49:52.595829][I][writeEx] E6640A <= SYST:PRES
[2020/07/29 01:49:52.899742][I][queryEx] E6640A <= *OPC?
[2020/07/29 01:49:53.399782][I][queryEx] E6640A => 1
[2020/07/29 01:49:53.409816][I][set_Preset] System reset
[2020/07/29 01:49:53.411763][I][writeEx] E6640A <= *RST
[2020/07/29 01:49:53.413799][I][writeEx] E6640A <= *CLS
[2020/07/29 01:49:53.415837][I][writeEx] E6640A <= SYST:PRES
[2020/07/29 01:49:53.719621][I][queryEx] E6640A <= *OPC?
[2020/07/29 01:49:54.282206][I][queryEx] E6640A => 1
[2020/07/29 01:49:54.547651][I][set_Preset] System reset
[2020/07/29 01:49:54.548655][I][writeEx] E6640A <= *RST
[2020/07/29 01:49:54.551701][I][writeEx] E6640A <= *CLS
[2020/07/29 01:49:54.553751][I][writeEx] E6640A <= SYST:PRES
[2020/07/29 01:49:54.857580][I][queryEx] E6640A <= *OPC?
[2020/07/29 01:49:55.349678][I][queryEx] E6640A => 1
[2020/07/29 01:49:55.362652][I][set_Tx_Start] Set Tx start
[2020/07/29 01:49:55.365659][I][set_RFI_Port] Set input port
[2020/07/29 01:49:55.367707][I][writeEx] E6640A <= :FEED:RF:PORT:INPut RFIO1
[2020/07/29 01:49:55.370476][I][queryEx] E6640A <= :FEED:RF:PORT:INPut?
[2020/07/29 01:49:55.375082][I][queryEx] E6640A => RFIO1
[2020/07/29 01:49:55.377089][I][set_Modulation_Analysis] Set measurement function
[2020/07/29 01:49:55.379521][I][writeEx] E6640A <= INST:SEL VSA
[2020/07/29 01:49:55.682965][I][queryEx] E6640A <= *OPC?
[2020/07/29 01:49:55.689005][I][queryEx] E6640A => 1
[2020/07/29 01:49:55.691986][I][queryEx] E6640A <= INST:SEL?
[2020/07/29 01:49:55.698139][I][queryEx] E6640A => VSA
[2020/07/29 01:49:55.702008][I][writeEx] E6640A <= :CONFigure:DDEMod
[2020/07/29 01:49:56.008674][I][queryEx] E6640A <= *OPC?
[2020/07/29 01:49:56.183391][I][queryEx] E6640A => 1
[2020/07/29 01:49:56.186438][I][init_Zigbee_Mode] Initial Zigbee mode
[2020/07/29 01:49:56.189412][I][writeEx] E6640A <= :DDEM:STAN:PRES ZIGBEE2450
[2020/07/29 01:49:56.494332][I][queryEx] E6640A <= *OPC?
[2020/07/29 01:49:56.504266][I][queryEx] E6640A => 1
[2020/07/29 01:49:56.507308][I][set_Continue] Set continue
[2020/07/29 01:49:56.509281][I][writeEx] E6640A <= :INIT:CONT ON
[2020/07/29 01:49:56.512290][I][set_Freq] Set frequence
[2020/07/29 01:49:56.515298][I][writeEx] E6640A <= :FREQuency:CENTer 2425.0 MHz
[2020/07/29 01:49:56.518305][I][set_XScale_Span] Set frequence span
[2020/07/29 01:49:56.521313][I][writeEx] E6640A <= :FREQuency:SPAN 10000.000000 KHZ
[2020/07/29 01:49:56.523318][I][set_Power_Range] Get power range
[2020/07/29 01:49:56.526326][I][writeEx] E6640A <= :POW:RANG 20.000000
[2020/07/29 01:49:56.528331][I][set_Symbol_Rate] Get symbol rate
[2020/07/29 01:49:56.531340][I][writeEx] E6640A <= :DDEMod:SRATe 1000.000000 kHz
[2020/07/29 01:49:56.534384][I][set_Meas_Interval] Get meas interval
[2020/07/29 01:49:56.536353][I][writeEx] E6640A <= :DDEMod:SWEep:POINts 500
[2020/07/29 01:49:56.539362][I][set_Zigbee_TX_BandPower] Set marker function
[2020/07/29 01:49:56.541366][I][writeEx] E6640A <= CALC:DDEMod:MARK1:MODE POS
[2020/07/29 01:49:56.544375][I][writeEx] E6640A <= CALC:DDEMod:MARK1:TRAC 2
[2020/07/29 01:49:56.546379][I][writeEx] E6640A <= CALC:DDEMod:MARK1:FUNC BPOW
[2020/07/29 01:49:56.549388][I][writeEx] E6640A <= CALC:DDEMod:MARK1:FUNC:BPOW:CTYP MEAN
[2020/07/29 01:49:56.552397][I][writeEx] E6640A <= CALC:DDEMod:MARK1:FUNC:BAND:CENT 2425000000.000000
[2020/07/29 01:49:56.855939][I][queryEx] E6640A <= *OPC?
[2020/07/29 01:49:56.866131][I][queryEx] E6640A => 1
[2020/07/29 01:49:56.869141][I][queryEx] E6640A <= CALC:DDEMod:MARK1:FUNC:BAND:CENT?
[2020/07/29 01:49:56.875266][I][queryEx] E6640A => 2.425000000E+09
[2020/07/29 01:49:56.879169][I][writeEx] E6640A <= CALC:DDEMod:MARK1:FUNC:BAND:SPAN 10000000.000000
[2020/07/29 01:49:57.183255][I][queryEx] E6640A <= *OPC?
[2020/07/29 01:49:57.190682][I][queryEx] E6640A => 1
[2020/07/29 01:49:57.195789][I][set_Trigger_Video] Set trigger video
[2020/07/29 01:49:57.198799][I][writeEx] E6640A <= TRIG:DDEM:SOUR VID
[2020/07/29 01:49:57.503712][I][queryEx] E6640A <= *OPC?
[2020/07/29 01:49:57.515054][I][queryEx] E6640A => 1
[2020/07/29 01:49:57.518464][I][set_Trigger_Level] Set trigger level
[2020/07/29 01:49:57.521513][I][writeEx] E6640A <= :TRIGger:VIDeo:LEVel 30.000000 mV
[2020/07/29 01:49:57.525515][I][set_Trigger_Delay] Set trigger delay
[2020/07/29 01:49:57.528566][I][writeEx] E6640A <= :TRIGger:VIDeo:DELay:STATe ON
[2020/07/29 01:49:57.531613][I][queryEx] E6640A <= :TRIGger:VIDeo:DELay:STATe?
[2020/07/29 01:49:57.591558][I][queryEx] E6640A => 1
[2020/07/29 01:49:57.598385][I][writeEx] E6640A <= :TRIGger:VIDeo:DELay:STATe ON
[2020/07/29 01:49:57.605419][I][writeEx] E6640A <= :TRIGger:VIDeo:DELay 0.300000 ms
[2020/07/29 01:49:57.608391][I][init_Trigger_Reg] Initial trigger status register
[2020/07/29 01:49:57.612000][I][writeEx] E6640A <= *CLS
[2020/07/29 01:49:57.615053][I][writeEx] E6640A <= :STATus:PRESet
[2020/07/29 01:49:57.618018][I][writeEx] E6640A <= *SRE 192
[2020/07/29 01:49:57.621037][I][writeEx] E6640A <= :STATus:OPERation:ENABle 32
[2020/07/29 01:49:57.624569][I][writeEx] E6640A <= *CLS
[2020/07/29 01:49:57.627614][I][queryEx] E6640A <= *STB?
[2020/07/29 01:49:57.675725][I][queryEx] E6640A => 0
[2020/07/29 01:49:57.680744][I][init_Trigger_Reg] Status: 0
[2020/07/29 01:50:06.551639][I][chk_Tx_Result] Check Tx result
[2020/07/29 01:50:06.555867][I][get_Trigger_Status] Get trigger status
[2020/07/29 01:50:06.559884][I][queryEx] E6640A <= *STB?
[2020/07/29 01:50:06.566878][I][queryEx] E6640A => 192
[2020/07/29 01:50:06.571895][I][get_Trigger_Status] Status: 192
[2020/07/29 01:50:06.574944]Is triggered!
[2020/07/29 01:50:06.577911][I][writeEx] E6640A <= *CLS
[2020/07/29 01:50:06.581924][I][set_Continue] Set continue
[2020/07/29 01:50:06.584965][I][writeEx] E6640A <= :INIT:CONT ON
[2020/07/29 01:50:06.689405][I][set_Single] Set single
[2020/07/29 01:50:06.693590][I][writeEx] E6640A <= :INIT:CONT OFF
[2020/07/29 01:50:06.696644][I][set_Zigbee_TX_BandPower] Set marker function
[2020/07/29 01:50:06.699823][I][writeEx] E6640A <= CALC:DDEMod:MARK1:MODE POS
[2020/07/29 01:50:06.702872][I][writeEx] E6640A <= CALC:DDEMod:MARK1:TRAC 2
[2020/07/29 01:50:06.705743][I][writeEx] E6640A <= CALC:DDEMod:MARK1:FUNC BPOW
[2020/07/29 01:50:06.708865][I][writeEx] E6640A <= CALC:DDEMod:MARK1:FUNC:BPOW:CTYP MEAN
[2020/07/29 01:50:06.711881][I][writeEx] E6640A <= CALC:DDEMod:MARK1:FUNC:BAND:CENT 2425000000.000000
[2020/07/29 01:50:07.017081][I][queryEx] E6640A <= *OPC?
[2020/07/29 01:50:07.028174][I][queryEx] E6640A => 1
[2020/07/29 01:50:07.031557][I][queryEx] E6640A <= CALC:DDEMod:MARK1:FUNC:BAND:CENT?
[2020/07/29 01:50:07.037626][I][queryEx] E6640A => 2.425000000E+09
[2020/07/29 01:50:07.041625][I][writeEx] E6640A <= CALC:DDEMod:MARK1:FUNC:BAND:SPAN 10000000.000000
[2020/07/29 01:50:07.347703][I][queryEx] E6640A <= *OPC?
[2020/07/29 01:50:07.358885][I][queryEx] E6640A => 1
[2020/07/29 01:50:07.362227][I][get_Power] Get Tx power
[2020/07/29 01:50:07.365278][I][queryEx] E6640A <= :CALC:DDEMod:MARK1:Y?
[2020/07/29 01:50:07.371442][I][queryEx] E6640A => 1.872117703E+00
[2020/07/29 01:50:07.374438][I][chk_Tx_Result] Tx power(add loss: 8.200000) = 10.072000 dBm
[2020/07/29 01:50:07.377525][I][read_DDEMod_Array] Read measurement result
[2020/07/29 01:50:07.380457][I][queryEx] E6640A <= :READ:DDEMod?
[2020/07/29 01:50:07.637595][I][queryEx] E6640A => 1.335355473E+01,4.188525009E+01,2.560000000E+02,3.043072939E+00,1.623097038E+01,2.570000000E+02,9.91E+37,9.91E+37,9.91E+37,2.280622870E-01,-6.845474243E-01,3.250000000E+02,1.086965561E+01,3.442498016E+01,2.560000000E+02,2.565760547E+04,9.91E+37,9.91E+37,9.91E+37,9.91E+37,9.91E+37,-5.370943451E+01,9.91E+37,9.646442533E-01,8.954714052E-03,3.734503984E-01,9.91E+37,9.91E+37,9.91E+37,9.91E+37,9.91E+37,9.91E+37,9.91E+37,9.91E+37,9.91E+37,9.91E+37,9.91E+37,9.91E+37,9.91E+37,9.91E+37,9.91E+37,9.91E+37,9.91E+37,9.91E+37,9.91E+37,9.91E+37,9.91E+37,9.91E+37,9.91E+37,9.91E+37,9.91E+37,9.91E+37,9.91E+37,9.91E+37,9.91E+37,9.91E+37,9.91E+37,9.91E+37,9.91E+37,9.91E+37,9.91E+37,1.311349799E-03,-1.592764747E-03
[2020/07/29 01:50:07.645623][I][set_Continue] Set continue
[2020/07/29 01:50:07.648631][I][writeEx] E6640A <= :INIT:CONT ON
[2020/07/29 01:50:18.005605][I][chk_Tx_Result] Check Tx result
[2020/07/29 01:50:18.013570][I][get_Trigger_Status] Get trigger status
[2020/07/29 01:50:18.017993][I][queryEx] E6640A <= *STB?
[2020/07/29 01:50:18.024214][I][queryEx] E6640A => 192
[2020/07/29 01:50:18.027223][I][get_Trigger_Status] Status: 192
[2020/07/29 01:50:18.031235]Is triggered!
[2020/07/29 01:50:18.034242][I][writeEx] E6640A <= *CLS
[2020/07/29 01:50:18.038147][I][set_Continue] Set continue
[2020/07/29 01:50:18.041158][I][writeEx] E6640A <= :INIT:CONT ON
[2020/07/29 01:50:18.145716][I][set_Single] Set single
[2020/07/29 01:50:18.159762][I][writeEx] E6640A <= :INIT:CONT OFF
[2020/07/29 01:50:18.173804][I][set_Zigbee_TX_BandPower] Set marker function
[2020/07/29 01:50:18.180769][I][writeEx] E6640A <= CALC:DDEMod:MARK1:MODE POS
[2020/07/29 01:50:18.183788][I][writeEx] E6640A <= CALC:DDEMod:MARK1:TRAC 2
[2020/07/29 01:50:18.187790][I][writeEx] E6640A <= CALC:DDEMod:MARK1:FUNC BPOW
[2020/07/29 01:50:18.190797][I][writeEx] E6640A <= CALC:DDEMod:MARK1:FUNC:BPOW:CTYP MEAN
[2020/07/29 01:50:18.195318][I][writeEx] E6640A <= CALC:DDEMod:MARK1:FUNC:BAND:CENT 2425000000.000000
[2020/07/29 01:50:18.499907][I][queryEx] E6640A <= *OPC?
[2020/07/29 01:50:18.510189][I][queryEx] E6640A => 1
[2020/07/29 01:50:18.513996][I][queryEx] E6640A <= CALC:DDEMod:MARK1:FUNC:BAND:CENT?
[2020/07/29 01:50:18.519631][I][queryEx] E6640A => 2.425000000E+09
[2020/07/29 01:50:18.523594][I][writeEx] E6640A <= CALC:DDEMod:MARK1:FUNC:BAND:SPAN 10000000.000000
[2020/07/29 01:50:18.828813][I][queryEx] E6640A <= *OPC?
[2020/07/29 01:50:18.839347][I][queryEx] E6640A => 1
[2020/07/29 01:50:18.843369][I][get_Power] Get Tx power
[2020/07/29 01:50:18.846381][I][queryEx] E6640A <= :CALC:DDEMod:MARK1:Y?
[2020/07/29 01:50:18.852729][I][queryEx] E6640A => 7.330571167E-01
[2020/07/29 01:50:18.856200][I][chk_Tx_Result] Tx power(add loss: 8.200000) = 8.933000 dBm
[2020/07/29 01:50:18.860165][I][read_DDEMod_Array] Read measurement result
[2020/07/29 01:50:18.863174][I][queryEx] E6640A <= :READ:DDEMod?
[2020/07/29 01:50:19.025563][I][queryEx] E6640A => 1.284146881E+01,3.961360550E+01,2.020000000E+02,2.843931437E+00,1.489338017E+01,2.020000000E+02,9.91E+37,9.91E+37,9.91E+37,3.548267782E-01,-8.808553219E-01,2.920000000E+02,1.044695473E+01,3.255447388E+01,2.020000000E+02,2.564096484E+04,9.91E+37,9.91E+37,9.91E+37,9.91E+37,9.91E+37,-4.767124557E+01,9.91E+37,9.672785401E-01,-3.395559266E-02,2.984327674E-01,9.91E+37,9.91E+37,9.91E+37,9.91E+37,9.91E+37,9.91E+37,9.91E+37,9.91E+37,9.91E+37,9.91E+37,9.91E+37,9.91E+37,9.91E+37,9.91E+37,9.91E+37,9.91E+37,9.91E+37,9.91E+37,9.91E+37,9.91E+37,9.91E+37,9.91E+37,9.91E+37,9.91E+37,9.91E+37,9.91E+37,9.91E+37,9.91E+37,9.91E+37,9.91E+37,9.91E+37,9.91E+37,9.91E+37,9.91E+37,9.91E+37,1.609476982E-03,-3.808520501E-03
[2020/07/29 01:50:19.033574][I][set_Continue] Set continue
[2020/07/29 01:50:19.036543][I][writeEx] E6640A <= :INIT:CONT ON
[2020/07/29 01:50:20.475507][I][set_Preset] System reset
[2020/07/29 01:50:20.479788][I][writeEx] E6640A <= *RST
[2020/07/29 01:50:20.482798][I][writeEx] E6640A <= *CLS
[2020/07/29 01:50:20.485806][I][writeEx] E6640A <= SYST:PRES
[2020/07/29 01:50:20.791618][I][queryEx] E6640A <= *OPC?
[2020/07/29 01:50:21.663718][I][queryEx] E6640A => 1
[2020/07/29 01:50:21.677704][I][set_Tx_Start] Set Tx start
[2020/07/29 01:50:21.681888][I][set_RFI_Port] Set input port
[2020/07/29 01:50:21.685350][I][writeEx] E6640A <= :FEED:RF:PORT:INPut RFIO1
[2020/07/29 01:50:21.688505][I][queryEx] E6640A <= :FEED:RF:PORT:INPut?
[2020/07/29 01:50:21.694800][I][queryEx] E6640A => RFIO1
[2020/07/29 01:50:21.697809][I][set_Modulation_Analysis] Set measurement function
[2020/07/29 01:50:21.700817][I][writeEx] E6640A <= INST:SEL VSA
[2020/07/29 01:50:22.006118][I][queryEx] E6640A <= *OPC?
[2020/07/29 01:50:22.017180][I][queryEx] E6640A => 1
[2020/07/29 01:50:22.021215][I][queryEx] E6640A <= INST:SEL?
[2020/07/29 01:50:22.028253][I][queryEx] E6640A => VSA
[2020/07/29 01:50:22.032225][I][writeEx] E6640A <= :CONFigure:DDEMod
[2020/07/29 01:50:22.337379][I][queryEx] E6640A <= *OPC?
[2020/07/29 01:50:22.506863][I][queryEx] E6640A => 1
[2020/07/29 01:50:22.513507][I][init_Zigbee_Mode] Initial Zigbee mode
[2020/07/29 01:50:22.516517][I][writeEx] E6640A <= :DDEM:STAN:PRES ZIGBEE2450
[2020/07/29 01:50:22.821874][I][queryEx] E6640A <= *OPC?
[2020/07/29 01:50:22.832689][I][queryEx] E6640A => 1
[2020/07/29 01:50:22.836701][I][set_Continue] Set continue
[2020/07/29 01:50:22.840781][I][writeEx] E6640A <= :INIT:CONT ON
[2020/07/29 01:50:22.843827][I][set_Freq] Set frequence
[2020/07/29 01:50:22.848185][I][writeEx] E6640A <= :FREQuency:CENTer 2455.0 MHz
[2020/07/29 01:50:22.851479][I][set_XScale_Span] Set frequence span
[2020/07/29 01:50:22.854489][I][writeEx] E6640A <= :FREQuency:SPAN 10000.000000 KHZ
[2020/07/29 01:50:22.858500][I][set_Power_Range] Get power range
[2020/07/29 01:50:22.861545][I][writeEx] E6640A <= :POW:RANG 20.000000
[2020/07/29 01:50:22.865568][I][set_Symbol_Rate] Get symbol rate
[2020/07/29 01:50:22.868563][I][writeEx] E6640A <= :DDEMod:SRATe 1000.000000 kHz
[2020/07/29 01:50:22.872536][I][set_Meas_Interval] Get meas interval
[2020/07/29 01:50:22.875575][I][writeEx] E6640A <= :DDEMod:SWEep:POINts 500
[2020/07/29 01:50:22.879567][I][set_Zigbee_TX_BandPower] Set marker function
[2020/07/29 01:50:22.882616][I][writeEx] E6640A <= CALC:DDEMod:MARK1:MODE POS
[2020/07/29 01:50:22.885586][I][writeEx] E6640A <= CALC:DDEMod:MARK1:TRAC 2
[2020/07/29 01:50:22.889608][I][writeEx] E6640A <= CALC:DDEMod:MARK1:FUNC BPOW
[2020/07/29 01:50:22.893920][I][writeEx] E6640A <= CALC:DDEMod:MARK1:FUNC:BPOW:CTYP MEAN
[2020/07/29 01:50:22.896930][I][writeEx] E6640A <= CALC:DDEMod:MARK1:FUNC:BAND:CENT 2455000000.000000
[2020/07/29 01:50:23.202888][I][queryEx] E6640A <= *OPC?
[2020/07/29 01:50:23.218951][I][queryEx] E6640A => 1
[2020/07/29 01:50:23.222939][I][queryEx] E6640A <= CALC:DDEMod:MARK1:FUNC:BAND:CENT?
[2020/07/29 01:50:23.229998][I][queryEx] E6640A => 2.455000000E+09
[2020/07/29 01:50:23.232950][I][writeEx] E6640A <= CALC:DDEMod:MARK1:FUNC:BAND:SPAN 10000000.000000
[2020/07/29 01:50:23.540512][I][queryEx] E6640A <= *OPC?
[2020/07/29 01:50:23.552371][I][queryEx] E6640A => 1
[2020/07/29 01:50:23.556427][I][set_Trigger_Video] Set trigger video
[2020/07/29 01:50:23.559392][I][writeEx] E6640A <= TRIG:DDEM:SOUR VID
[2020/07/29 01:50:23.865245][I][queryEx] E6640A <= *OPC?
[2020/07/29 01:50:23.876034][I][queryEx] E6640A => 1
[2020/07/29 01:50:23.880731][I][set_Trigger_Level] Set trigger level
[2020/07/29 01:50:23.883741][I][writeEx] E6640A <= :TRIGger:VIDeo:LEVel 30.000000 mV
[2020/07/29 01:50:23.887752][I][set_Trigger_Delay] Set trigger delay
[2020/07/29 01:50:23.890760][I][writeEx] E6640A <= :TRIGger:VIDeo:DELay:STATe ON
[2020/07/29 01:50:23.895779][I][queryEx] E6640A <= :TRIGger:VIDeo:DELay:STATe?
[2020/07/29 01:50:23.960230][I][queryEx] E6640A => 1
[2020/07/29 01:50:23.967303][I][writeEx] E6640A <= :TRIGger:VIDeo:DELay:STATe ON
[2020/07/29 01:50:23.974285][I][writeEx] E6640A <= :TRIGger:VIDeo:DELay 0.300000 ms
[2020/07/29 01:50:23.978478][I][init_Trigger_Reg] Initial trigger status register
[2020/07/29 01:50:23.981946][I][writeEx] E6640A <= *CLS
[2020/07/29 01:50:23.985409][I][writeEx] E6640A <= :STATus:PRESet
[2020/07/29 01:50:23.988546][I][writeEx] E6640A <= *SRE 192
[2020/07/29 01:50:23.991556][I][writeEx] E6640A <= :STATus:OPERation:ENABle 32
[2020/07/29 01:50:23.995606][I][writeEx] E6640A <= *CLS
[2020/07/29 01:50:23.999581][I][queryEx] E6640A <= *STB?
[2020/07/29 01:50:24.043441][I][queryEx] E6640A => 0
[2020/07/29 01:50:24.047387][I][init_Trigger_Reg] Status: 0
[2020/07/29 01:50:32.957587][I][chk_Tx_Result] Check Tx result
[2020/07/29 01:50:32.964553][I][get_Trigger_Status] Get trigger status
[2020/07/29 01:50:32.967561][I][queryEx] E6640A <= *STB?
[2020/07/29 01:50:32.974204][I][queryEx] E6640A => 192
[2020/07/29 01:50:32.978372][I][get_Trigger_Status] Status: 192
[2020/07/29 01:50:32.981382]Is triggered!
[2020/07/29 01:50:32.985393][I][writeEx] E6640A <= *CLS
[2020/07/29 01:50:32.988722][I][set_Continue] Set continue
[2020/07/29 01:50:32.991733][I][writeEx] E6640A <= :INIT:CONT ON
[2020/07/29 01:50:33.097251][I][set_Single] Set single
[2020/07/29 01:50:33.105222][I][writeEx] E6640A <= :INIT:CONT OFF
[2020/07/29 01:50:33.109706][I][set_Zigbee_TX_BandPower] Set marker function
[2020/07/29 01:50:33.113353][I][writeEx] E6640A <= CALC:DDEMod:MARK1:MODE POS
[2020/07/29 01:50:33.116372][I][writeEx] E6640A <= CALC:DDEMod:MARK1:TRAC 2
[2020/07/29 01:50:33.120374][I][writeEx] E6640A <= CALC:DDEMod:MARK1:FUNC BPOW
[2020/07/29 01:50:33.123380][I][writeEx] E6640A <= CALC:DDEMod:MARK1:FUNC:BPOW:CTYP MEAN
[2020/07/29 01:50:33.127391][I][writeEx] E6640A <= CALC:DDEMod:MARK1:FUNC:BAND:CENT 2455000000.000000
[2020/07/29 01:50:33.432570][I][queryEx] E6640A <= *OPC?
[2020/07/29 01:50:33.443238][I][queryEx] E6640A => 1
[2020/07/29 01:50:33.447251][I][queryEx] E6640A <= CALC:DDEMod:MARK1:FUNC:BAND:CENT?
[2020/07/29 01:50:33.454310][I][queryEx] E6640A => 2.455000000E+09
[2020/07/29 01:50:33.458281][I][writeEx] E6640A <= CALC:DDEMod:MARK1:FUNC:BAND:SPAN 10000000.000000
[2020/07/29 01:50:33.762603][I][queryEx] E6640A <= *OPC?
[2020/07/29 01:50:33.772762][I][queryEx] E6640A => 1
[2020/07/29 01:50:33.776808][I][get_Power] Get Tx power
[2020/07/29 01:50:33.780819][I][queryEx] E6640A <= :CALC:DDEMod:MARK1:Y?
[2020/07/29 01:50:33.787636][I][queryEx] E6640A => 1.356006721E+00
[2020/07/29 01:50:33.791442][I][chk_Tx_Result] Tx power(add loss: 8.900000) = 10.256000 dBm
[2020/07/29 01:50:33.795017][I][read_DDEMod_Array] Read measurement result
[2020/07/29 01:50:33.798029][I][queryEx] E6640A <= :READ:DDEMod?
[2020/07/29 01:50:34.062514][I][queryEx] E6640A => 1.399902916E+01,3.848117828E+01,4.230000000E+02,3.390441418E+00,1.375154972E+01,4.230000000E+02,9.91E+37,9.91E+37,9.91E+37,4.443236589E-01,-1.009351015E+00,4.230000000E+02,1.139687824E+01,-3.169476128E+01,4.230000000E+02,2.601690234E+04,9.91E+37,9.91E+37,9.91E+37,9.91E+37,9.91E+37,-4.564287567E+01,9.91E+37,9.611614943E-01,9.574675560E-02,3.381253779E-01,9.91E+37,9.91E+37,9.91E+37,9.91E+37,9.91E+37,9.91E+37,9.91E+37,9.91E+37,9.91E+37,9.91E+37,9.91E+37,9.91E+37,9.91E+37,9.91E+37,9.91E+37,9.91E+37,9.91E+37,9.91E+37,9.91E+37,9.91E+37,9.91E+37,9.91E+37,9.91E+37,9.91E+37,9.91E+37,9.91E+37,9.91E+37,9.91E+37,9.91E+37,9.91E+37,9.91E+37,9.91E+37,9.91E+37,9.91E+37,9.91E+37,4.487830214E-03,-2.670410555E-03
[2020/07/29 01:50:34.071531][I][set_Continue] Set continue
[2020/07/29 01:50:34.075499][I][writeEx] E6640A <= :INIT:CONT ON
[2020/07/29 01:50:44.457427][I][chk_Tx_Result] Check Tx result
[2020/07/29 01:50:44.465387][I][get_Trigger_Status] Get trigger status
[2020/07/29 01:50:44.470132][I][queryEx] E6640A <= *STB?
[2020/07/29 01:50:44.476533][I][queryEx] E6640A => 192
[2020/07/29 01:50:44.480499][I][get_Trigger_Status] Status: 192
[2020/07/29 01:50:44.483509]Is triggered!
[2020/07/29 01:50:44.488076][I][writeEx] E6640A <= *CLS
[2020/07/29 01:50:44.491086][I][set_Continue] Set continue
[2020/07/29 01:50:44.495422][I][writeEx] E6640A <= :INIT:CONT ON
[2020/07/29 01:50:44.600341][I][set_Single] Set single
[2020/07/29 01:50:44.615892][I][writeEx] E6640A <= :INIT:CONT OFF
[2020/07/29 01:50:44.623947][I][set_Zigbee_TX_BandPower] Set marker function
[2020/07/29 01:50:44.627928][I][writeEx] E6640A <= CALC:DDEMod:MARK1:MODE POS
[2020/07/29 01:50:44.631910][I][writeEx] E6640A <= CALC:DDEMod:MARK1:TRAC 2
[2020/07/29 01:50:44.634919][I][writeEx] E6640A <= CALC:DDEMod:MARK1:FUNC BPOW
[2020/07/29 01:50:44.639425][I][writeEx] E6640A <= CALC:DDEMod:MARK1:FUNC:BPOW:CTYP MEAN
[2020/07/29 01:50:44.643437][I][writeEx] E6640A <= CALC:DDEMod:MARK1:FUNC:BAND:CENT 2455000000.000000
[2020/07/29 01:50:44.948789][I][queryEx] E6640A <= *OPC?
[2020/07/29 01:50:44.959701][I][queryEx] E6640A => 1
[2020/07/29 01:50:44.963718][I][queryEx] E6640A <= CALC:DDEMod:MARK1:FUNC:BAND:CENT?
[2020/07/29 01:50:44.970179][I][queryEx] E6640A => 2.455000000E+09
[2020/07/29 01:50:44.973188][I][writeEx] E6640A <= CALC:DDEMod:MARK1:FUNC:BAND:SPAN 10000000.000000
[2020/07/29 01:50:45.279805][I][queryEx] E6640A <= *OPC?
[2020/07/29 01:50:45.289506][I][queryEx] E6640A => 1
[2020/07/29 01:50:45.294309][I][get_Power] Get Tx power
[2020/07/29 01:50:45.298320][I][queryEx] E6640A <= :CALC:DDEMod:MARK1:Y?
[2020/07/29 01:50:45.305820][I][queryEx] E6640A => 2.100431466E-01
[2020/07/29 01:50:45.309825][I][chk_Tx_Result] Tx power(add loss: 8.900000) = 9.110000 dBm
[2020/07/29 01:50:45.313838][I][read_DDEMod_Array] Read measurement result
[2020/07/29 01:50:45.316848][I][queryEx] E6640A <= :READ:DDEMod?
[2020/07/29 01:50:45.575669][I][queryEx] E6640A => 1.374783802E+01,4.082042313E+01,4.610000000E+02,3.392947197E+00,1.527651596E+01,4.610000000E+02,9.91E+37,9.91E+37,9.91E+37,4.097061455E-01,-1.083242893E+00,2.620000000E+02,1.119413662E+01,-3.354759216E+01,4.610000000E+02,2.600919531E+04,9.91E+37,9.91E+37,9.91E+37,9.91E+37,9.91E+37,-4.702614594E+01,9.91E+37,9.625324607E-01,3.990027681E-02,3.427496552E-01,9.91E+37,9.91E+37,9.91E+37,9.91E+37,9.91E+37,9.91E+37,9.91E+37,9.91E+37,9.91E+37,9.91E+37,9.91E+37,9.91E+37,9.91E+37,9.91E+37,9.91E+37,9.91E+37,9.91E+37,9.91E+37,9.91E+37,9.91E+37,9.91E+37,9.91E+37,9.91E+37,9.91E+37,9.91E+37,9.91E+37,9.91E+37,9.91E+37,9.91E+37,9.91E+37,9.91E+37,9.91E+37,9.91E+37,9.91E+37,9.91E+37,2.538665663E-03,-3.658965928E-03
[2020/07/29 01:50:45.584658][I][set_Continue] Set continue
[2020/07/29 01:50:45.588814][I][writeEx] E6640A <= :INIT:CONT ON
[2020/07/29 01:50:47.031079][I][set_Preset] System reset
[2020/07/29 01:50:47.034871][I][writeEx] E6640A <= *RST
[2020/07/29 01:50:47.037880][I][writeEx] E6640A <= *CLS
[2020/07/29 01:50:47.041891][I][writeEx] E6640A <= SYST:PRES
[2020/07/29 01:50:47.347281][I][queryEx] E6640A <= *OPC?
[2020/07/29 01:50:48.498264][I][queryEx] E6640A => 1
[2020/07/29 01:50:48.513310][I][set_Tx_Start] Set Tx start
[2020/07/29 01:50:48.517285][I][set_RFI_Port] Set input port
[2020/07/29 01:50:48.520944][I][writeEx] E6640A <= :FEED:RF:PORT:INPut RFIO1
[2020/07/29 01:50:48.523953][I][queryEx] E6640A <= :FEED:RF:PORT:INPut?
[2020/07/29 01:50:48.530296][I][queryEx] E6640A => RFIO1
[2020/07/29 01:50:48.534376][I][set_Modulation_Analysis] Set measurement function
[2020/07/29 01:50:48.537746][I][writeEx] E6640A <= INST:SEL VSA
[2020/07/29 01:50:48.842921][I][queryEx] E6640A <= *OPC?
[2020/07/29 01:50:48.853844][I][queryEx] E6640A => 1
[2020/07/29 01:50:48.857857][I][queryEx] E6640A <= INST:SEL?
[2020/07/29 01:50:48.863911][I][queryEx] E6640A => VSA
[2020/07/29 01:50:48.868924][I][writeEx] E6640A <= :CONFigure:DDEMod
[2020/07/29 01:50:49.174702][I][queryEx] E6640A <= *OPC?
[2020/07/29 01:50:49.350279][I][queryEx] E6640A => 1
[2020/07/29 01:50:49.366324][I][init_Zigbee_Mode] Initial Zigbee mode
[2020/07/29 01:50:49.374539][I][writeEx] E6640A <= :DDEM:STAN:PRES ZIGBEE2450
[2020/07/29 01:50:49.679884][I][queryEx] E6640A <= *OPC?
[2020/07/29 01:50:49.691141][I][queryEx] E6640A => 1
[2020/07/29 01:50:49.695153][I][set_Continue] Set continue
[2020/07/29 01:50:49.699307][I][writeEx] E6640A <= :INIT:CONT ON
[2020/07/29 01:50:49.702887][I][set_Freq] Set frequence
[2020/07/29 01:50:49.706900][I][writeEx] E6640A <= :FREQuency:CENTer 2470.0 MHz
[2020/07/29 01:50:49.711210][I][set_XScale_Span] Set frequence span
[2020/07/29 01:50:49.714220][I][writeEx] E6640A <= :FREQuency:SPAN 10000.000000 KHZ
[2020/07/29 01:50:49.718506][I][set_Power_Range] Get power range
[2020/07/29 01:50:49.722519][I][writeEx] E6640A <= :POW:RANG 20.000000
[2020/07/29 01:50:49.726530][I][set_Symbol_Rate] Get symbol rate
[2020/07/29 01:50:49.729538][I][writeEx] E6640A <= :DDEMod:SRATe 1000.000000 kHz
[2020/07/29 01:50:49.733585][I][set_Meas_Interval] Get meas interval
[2020/07/29 01:50:49.737562][I][writeEx] E6640A <= :DDEMod:SWEep:POINts 500
[2020/07/29 01:50:49.741570][I][set_Zigbee_TX_BandPower] Set marker function
[2020/07/29 01:50:49.745456][I][writeEx] E6640A <= CALC:DDEMod:MARK1:MODE POS
[2020/07/29 01:50:49.748465][I][writeEx] E6640A <= CALC:DDEMod:MARK1:TRAC 2
[2020/07/29 01:50:49.752475][I][writeEx] E6640A <= CALC:DDEMod:MARK1:FUNC BPOW
[2020/07/29 01:50:49.757489][I][writeEx] E6640A <= CALC:DDEMod:MARK1:FUNC:BPOW:CTYP MEAN
[2020/07/29 01:50:49.761967][I][writeEx] E6640A <= CALC:DDEMod:MARK1:FUNC:BAND:CENT 2470000000.000000
[2020/07/29 01:50:50.067510][I][queryEx] E6640A <= *OPC?
[2020/07/29 01:50:50.079689][I][queryEx] E6640A => 1
[2020/07/29 01:50:50.083701][I][queryEx] E6640A <= CALC:DDEMod:MARK1:FUNC:BAND:CENT?
[2020/07/29 01:50:50.090986][I][queryEx] E6640A => 2.470000000E+09
[2020/07/29 01:50:50.095108][I][writeEx] E6640A <= CALC:DDEMod:MARK1:FUNC:BAND:SPAN 10000000.000000
[2020/07/29 01:50:50.401194][I][queryEx] E6640A <= *OPC?
[2020/07/29 01:50:50.412875][I][queryEx] E6640A => 1
[2020/07/29 01:50:50.417891][I][set_Trigger_Video] Set trigger video
[2020/07/29 01:50:50.420899][I][writeEx] E6640A <= TRIG:DDEM:SOUR VID
[2020/07/29 01:50:50.727341][I][queryEx] E6640A <= *OPC?
[2020/07/29 01:50:50.738357][I][queryEx] E6640A => 1
[2020/07/29 01:50:50.742816][I][set_Trigger_Level] Set trigger level
[2020/07/29 01:50:50.745825][I][writeEx] E6640A <= :TRIGger:VIDeo:LEVel 30.000000 mV
[2020/07/29 01:50:50.750073][I][set_Trigger_Delay] Set trigger delay
[2020/07/29 01:50:50.754086][I][writeEx] E6640A <= :TRIGger:VIDeo:DELay:STATe ON
[2020/07/29 01:50:50.759099][I][queryEx] E6640A <= :TRIGger:VIDeo:DELay:STATe?
[2020/07/29 01:50:50.821988][I][queryEx] E6640A => 1
[2020/07/29 01:50:50.829014][I][writeEx] E6640A <= :TRIGger:VIDeo:DELay:STATe ON
[2020/07/29 01:50:50.833544][I][writeEx] E6640A <= :TRIGger:VIDeo:DELay 0.300000 ms
[2020/07/29 01:50:50.837562][I][init_Trigger_Reg] Initial trigger status register
[2020/07/29 01:50:50.841735][I][writeEx] E6640A <= *CLS
[2020/07/29 01:50:50.845363][I][writeEx] E6640A <= :STATus:PRESet
[2020/07/29 01:50:50.849376][I][writeEx] E6640A <= *SRE 192
[2020/07/29 01:50:50.853394][I][writeEx] E6640A <= :STATus:OPERation:ENABle 32
[2020/07/29 01:50:50.856395][I][writeEx] E6640A <= *CLS
[2020/07/29 01:50:50.860459][I][queryEx] E6640A <= *STB?
[2020/07/29 01:50:50.903312][I][queryEx] E6640A => 0
[2020/07/29 01:50:50.907909][I][init_Trigger_Reg] Status: 0
[2020/07/29 01:50:59.845959][I][chk_Tx_Result] Check Tx result
[2020/07/29 01:50:59.853968][I][get_Trigger_Status] Get trigger status
[2020/07/29 01:50:59.856984][I][queryEx] E6640A <= *STB?
[2020/07/29 01:50:59.864034][I][queryEx] E6640A => 192
[2020/07/29 01:50:59.868141][I][get_Trigger_Status] Status: 192
[2020/07/29 01:50:59.871152]Is triggered!
[2020/07/29 01:50:59.875703][I][writeEx] E6640A <= *CLS
[2020/07/29 01:50:59.878712][I][set_Continue] Set continue
[2020/07/29 01:50:59.882978][I][writeEx] E6640A <= :INIT:CONT ON
[2020/07/29 01:50:59.988489][I][set_Single] Set single
[2020/07/29 01:51:00.005540][I][writeEx] E6640A <= :INIT:CONT OFF
[2020/07/29 01:51:00.011548][I][set_Zigbee_TX_BandPower] Set marker function
[2020/07/29 01:51:00.016559][I][writeEx] E6640A <= CALC:DDEMod:MARK1:MODE POS
[2020/07/29 01:51:00.022136][I][writeEx] E6640A <= CALC:DDEMod:MARK1:TRAC 2
[2020/07/29 01:51:00.026147][I][writeEx] E6640A <= CALC:DDEMod:MARK1:FUNC BPOW
[2020/07/29 01:51:00.029966][I][writeEx] E6640A <= CALC:DDEMod:MARK1:FUNC:BPOW:CTYP MEAN
[2020/07/29 01:51:00.033528][I][writeEx] E6640A <= CALC:DDEMod:MARK1:FUNC:BAND:CENT 2470000000.000000
[2020/07/29 01:51:00.338794][I][queryEx] E6640A <= *OPC?
[2020/07/29 01:51:00.359129][I][queryEx] E6640A => 1
[2020/07/29 01:51:00.368158][I][queryEx] E6640A <= CALC:DDEMod:MARK1:FUNC:BAND:CENT?
[2020/07/29 01:51:00.375175][I][queryEx] E6640A => 2.470000000E+09
[2020/07/29 01:51:00.379188][I][writeEx] E6640A <= CALC:DDEMod:MARK1:FUNC:BAND:SPAN 10000000.000000
[2020/07/29 01:51:00.683992][I][queryEx] E6640A <= *OPC?
[2020/07/29 01:51:00.696123][I][queryEx] E6640A => 1
[2020/07/29 01:51:00.700137][I][get_Power] Get Tx power
[2020/07/29 01:51:00.704145][I][queryEx] E6640A <= :CALC:DDEMod:MARK1:Y?
[2020/07/29 01:51:00.711083][I][queryEx] E6640A => 2.157362327E+00
[2020/07/29 01:51:00.715096][I][chk_Tx_Result] Tx power(add loss: 8.800000) = 10.957000 dBm
[2020/07/29 01:51:00.719196][I][read_DDEMod_Array] Read measurement result
[2020/07/29 01:51:00.722206][I][queryEx] E6640A <= :READ:DDEMod?
[2020/07/29 01:51:00.987621][I][queryEx] E6640A => 1.452018929E+01,4.353396988E+01,3.980000000E+02,3.466028690E+00,1.627464676E+01,3.980000000E+02,9.91E+37,9.91E+37,9.91E+37,3.543036580E-01,-7.929682732E-01,4.230000000E+02,1.181901646E+01,-3.586126709E+01,3.980000000E+02,2.619410938E+04,9.91E+37,9.91E+37,9.91E+37,9.91E+37,9.91E+37,-4.746426392E+01,9.91E+37,9.582675695E-01,9.549733251E-02,4.096475840E-01,9.91E+37,9.91E+37,9.91E+37,9.91E+37,9.91E+37,9.91E+37,9.91E+37,9.91E+37,9.91E+37,9.91E+37,9.91E+37,9.91E+37,9.91E+37,9.91E+37,9.91E+37,9.91E+37,9.91E+37,9.91E+37,9.91E+37,9.91E+37,9.91E+37,9.91E+37,9.91E+37,9.91E+37,9.91E+37,9.91E+37,9.91E+37,9.91E+37,9.91E+37,9.91E+37,9.91E+37,9.91E+37,9.91E+37,9.91E+37,9.91E+37,2.909646835E-03,-3.076308407E-03
[2020/07/29 01:51:00.996594][I][set_Continue] Set continue
[2020/07/29 01:51:01.000606][I][writeEx] E6640A <= :INIT:CONT ON
[2020/07/29 01:51:11.402210][I][chk_Tx_Result] Check Tx result
[2020/07/29 01:51:11.410273][I][get_Trigger_Status] Get trigger status
[2020/07/29 01:51:11.414882][I][queryEx] E6640A <= *STB?
[2020/07/29 01:51:11.421092][I][queryEx] E6640A => 192
[2020/07/29 01:51:11.426087][I][get_Trigger_Status] Status: 192
[2020/07/29 01:51:11.429097]Is triggered!
[2020/07/29 01:51:11.433108][I][writeEx] E6640A <= *CLS
[2020/07/29 01:51:11.437156][I][set_Continue] Set continue
[2020/07/29 01:51:11.441132][I][writeEx] E6640A <= :INIT:CONT ON
[2020/07/29 01:51:11.546971][I][set_Single] Set single
[2020/07/29 01:51:11.563013][I][writeEx] E6640A <= :INIT:CONT OFF
[2020/07/29 01:51:11.571656][I][set_Zigbee_TX_BandPower] Set marker function
[2020/07/29 01:51:11.574679][I][writeEx] E6640A <= CALC:DDEMod:MARK1:MODE POS
[2020/07/29 01:51:11.579697][I][writeEx] E6640A <= CALC:DDEMod:MARK1:TRAC 2
[2020/07/29 01:51:11.583689][I][writeEx] E6640A <= CALC:DDEMod:MARK1:FUNC BPOW
[2020/07/29 01:51:11.587700][I][writeEx] E6640A <= CALC:DDEMod:MARK1:FUNC:BPOW:CTYP MEAN
[2020/07/29 01:51:11.591753][I][writeEx] E6640A <= CALC:DDEMod:MARK1:FUNC:BAND:CENT 2470000000.000000
[2020/07/29 01:51:11.897370][I][queryEx] E6640A <= *OPC?
[2020/07/29 01:51:11.908559][I][queryEx] E6640A => 1
[2020/07/29 01:51:11.913330][I][queryEx] E6640A <= CALC:DDEMod:MARK1:FUNC:BAND:CENT?
[2020/07/29 01:51:11.922053][I][queryEx] E6640A => 2.470000000E+09
[2020/07/29 01:51:11.926065][I][writeEx] E6640A <= CALC:DDEMod:MARK1:FUNC:BAND:SPAN 10000000.000000
[2020/07/29 01:51:12.231747][I][queryEx] E6640A <= *OPC?
[2020/07/29 01:51:12.243880][I][queryEx] E6640A => 1
[2020/07/29 01:51:12.247893][I][get_Power] Get Tx power
[2020/07/29 01:51:12.251903][I][queryEx] E6640A <= :CALC:DDEMod:MARK1:Y?
[2020/07/29 01:51:12.259747][I][queryEx] E6640A => -1.871726850E-01
[2020/07/29 01:51:12.263985][I][chk_Tx_Result] Tx power(add loss: 8.800000) = 8.613000 dBm
[2020/07/29 01:51:12.268038][I][read_DDEMod_Array] Read measurement result
[2020/07/29 01:51:12.272168][I][queryEx] E6640A <= :READ:DDEMod?
[2020/07/29 01:51:12.531329][I][queryEx] E6640A => 1.417480183E+01,4.239578247E+01,2.000000000E+02,3.276148796E+00,1.473090458E+01,2.000000000E+02,9.91E+37,9.91E+37,9.91E+37,5.310792923E-01,-1.148802042E+00,4.400000000E+02,1.152432537E+01,3.466800308E+01,2.000000000E+02,2.620568164E+04,9.91E+37,9.91E+37,9.91E+37,9.91E+37,9.91E+37,-4.323340988E+01,9.91E+37,9.601780176E-01,-8.703884482E-02,-4.054523706E-01,9.91E+37,9.91E+37,9.91E+37,9.91E+37,9.91E+37,9.91E+37,9.91E+37,9.91E+37,9.91E+37,9.91E+37,9.91E+37,9.91E+37,9.91E+37,9.91E+37,9.91E+37,9.91E+37,9.91E+37,9.91E+37,9.91E+37,9.91E+37,9.91E+37,9.91E+37,9.91E+37,9.91E+37,9.91E+37,9.91E+37,9.91E+37,9.91E+37,9.91E+37,9.91E+37,9.91E+37,9.91E+37,9.91E+37,9.91E+37,9.91E+37,-4.928337876E-03,-4.817436449E-03
[2020/07/29 01:51:12.540353][I][set_Continue] Set continue
[2020/07/29 01:51:12.545260][I][writeEx] E6640A <= :INIT:CONT ON
[2020/07/29 01:51:14.015739][I][set_Preset] System reset
[2020/07/29 01:51:14.019699][I][writeEx] E6640A <= *RST
[2020/07/29 01:51:14.023717][I][writeEx] E6640A <= *CLS
[2020/07/29 01:51:14.027731][I][writeEx] E6640A <= SYST:PRES
[2020/07/29 01:51:14.333349][I][queryEx] E6640A <= *OPC?
[2020/07/29 01:51:15.211355][I][queryEx] E6640A => 1
[2020/07/29 01:51:15.229162][I][set_Rx_OneTone] Set Rx one tone
[2020/07/29 01:51:15.233916][I][set_RFO_Port] Set output port
[2020/07/29 01:51:15.236926][I][writeEx] E6640A <= :FEED:RF:PORT:OUTPut RFIO1
[2020/07/29 01:51:15.240938][I][queryEx] E6640A <= :FEED:RF:PORT:OUTPut?
[2020/07/29 01:51:15.248231][I][queryEx] E6640A => RFIO1
[2020/07/29 01:51:15.251240][I][set_OneTone_Freq] Set One Tone frequence
[2020/07/29 01:51:15.255251][I][writeEx] E6640A <= :SOUR:FREQ 2445.0 MHz
[2020/07/29 01:51:15.259145][I][set_OneTone_Power] Set One Tone power
[2020/07/29 01:51:15.263158][I][writeEx] E6640A <= :SOURce:POWer -16.1
[2020/07/29 01:51:24.530151][I][set_OneTone_Start] Set One Tone start
[2020/07/29 01:51:24.534177][I][writeEx] E6640A <= OUTP ON
[2020/07/29 01:51:29.453727][I][set_OneTone_Stop] Set One Tone stop
[2020/07/29 01:51:29.459739][I][writeEx] E6640A <= OUTP OFF
[2020/07/29 01:51:29.473723][I][set_Rx_OneTone] Set Rx one tone
[2020/07/29 01:51:29.477733][I][set_RFO_Port] Set output port
[2020/07/29 01:51:29.481709][I][writeEx] E6640A <= :FEED:RF:PORT:OUTPut RFIO1
[2020/07/29 01:51:29.485720][I][queryEx] E6640A <= :FEED:RF:PORT:OUTPut?
[2020/07/29 01:51:29.492418][I][queryEx] E6640A => RFIO1
[2020/07/29 01:51:29.495971][I][set_OneTone_Freq] Set One Tone frequence
[2020/07/29 01:51:29.498982][I][writeEx] E6640A <= :SOUR:FREQ 2445.0 MHz
[2020/07/29 01:51:29.503021][I][set_OneTone_Power] Set One Tone power
[2020/07/29 01:51:29.507004][I][writeEx] E6640A <= :SOURce:POWer -16.1
[2020/07/29 01:51:37.987776][I][set_OneTone_Start] Set One Tone start
[2020/07/29 01:51:37.991803][I][writeEx] E6640A <= OUTP ON
[2020/07/29 01:51:42.921059][I][set_OneTone_Stop] Set One Tone stop
[2020/07/29 01:51:42.925260][I][writeEx] E6640A <= OUTP OFF
[2020/07/29 01:51:43.360032][I][disconnect_E6640A] Disconnect E6640A
[2020/07/29 01:51:43.364779]========== End ==========
