[2020/07/29 06:27:56.114419]========== Start ==========
[2020/07/29 06:27:56.115942][I][class_E6640A_LTE] Initial class_E6640A_LTE
[2020/07/29 06:27:56.116979][I][class_E6640A_LTE] Version: 3.0.0.3
[2020/07/29 06:27:56.120992][I][connect_E6640A] Connect to E6640A
[2020/07/29 06:27:56.131506][I][connect_E6640A] Resource Manager of Visa Library at C:\Windows\system32\visa32.dll
[2020/07/29 06:27:56.181270][I][queryEx] E6640A <= *IDN?
[2020/07/29 06:27:56.186426][I][queryEx] E6640A => Keysight Technologies,E6640A,MY57150246,E.19.71
[2020/07/29 06:27:56.190257][I][set_Preset] System reset
[2020/07/29 06:27:56.192287][I][writeEx] E6640A <= *RST
[2020/07/29 06:27:56.194265][I][writeEx] E6640A <= *CLS
[2020/07/29 06:27:56.196281][I][writeEx] E6640A <= SYST:PRES
[2020/07/29 06:27:56.500393][I][queryEx] E6640A <= *OPC?
[2020/07/29 06:27:57.268474][I][queryEx] E6640A => 1
[2020/07/29 06:27:57.290526][I][set_Preset] System reset
[2020/07/29 06:27:57.298562][I][writeEx] E6640A <= *RST
[2020/07/29 06:27:57.306567][I][writeEx] E6640A <= *CLS
[2020/07/29 06:27:57.311990][I][writeEx] E6640A <= SYST:PRES
[2020/07/29 06:27:57.617494][I][queryEx] E6640A <= *OPC?
[2020/07/29 06:27:58.411165][I][queryEx] E6640A => 1
[2020/07/29 06:27:58.696056][I][set_Preset] System reset
[2020/07/29 06:27:58.698059][I][writeEx] E6640A <= *RST
[2020/07/29 06:27:58.700065][I][writeEx] E6640A <= *CLS
[2020/07/29 06:27:58.702071][I][writeEx] E6640A <= SYST:PRES
[2020/07/29 06:27:59.006526][I][queryEx] E6640A <= *OPC?
[2020/07/29 06:27:59.771140][I][queryEx] E6640A => 1
[2020/07/29 06:27:59.784267][I][set_Tx_Start] Set Tx start
[2020/07/29 06:27:59.786272][I][set_RFI_Port] Set input port
[2020/07/29 06:27:59.789520][I][writeEx] E6640A <= :FEED:RF:PORT:INPut RFIO1
[2020/07/29 06:27:59.791884][I][queryEx] E6640A <= :FEED:RF:PORT:INPut?
[2020/07/29 06:27:59.796378][I][queryEx] E6640A => RFIO1
[2020/07/29 06:27:59.798906][I][set_Modulation_Analysis] Set measurement function
[2020/07/29 06:27:59.800914][I][writeEx] E6640A <= INST:SEL LTEAFDD
[2020/07/29 06:28:00.104845][I][queryEx] E6640A <= *OPC?
[2020/07/29 06:28:00.112864][I][queryEx] E6640A => 1
[2020/07/29 06:28:00.115477][I][queryEx] E6640A <= INST:SEL?
[2020/07/29 06:28:00.120644][I][queryEx] E6640A => LTEAFDD
[2020/07/29 06:28:00.124069][I][writeEx] E6640A <= DISP:CHP:VIEW:WIND:TRAC:Y:COUP OFF
[2020/07/29 06:28:00.126137][I][set_Freq] Set frequence
[2020/07/29 06:28:00.128942][I][writeEx] E6640A <= :FREQuency:CENTer 897.4 MHz
[2020/07/29 06:28:00.131005][I][set_Continue] Set continue
[2020/07/29 06:28:00.133970][I][writeEx] E6640A <= :INIT:CONT ON
[2020/07/29 06:28:00.136005][I][set_Trigger_Free_Run] Set trigger free run
[2020/07/29 06:28:00.138034][I][writeEx] E6640A <= TRIG:CHP:SOUR IMM
[2020/07/29 06:28:00.442414][I][queryEx] E6640A <= *OPC?
[2020/07/29 06:28:00.453365][I][queryEx] E6640A => 1
[2020/07/29 06:28:05.039570][I][chk_Tx_Result] Check Tx result
[2020/07/29 06:28:05.044970][I][set_Limit_Range] Set reference value
[2020/07/29 06:28:05.046977][I][writeEx] E6640A <= DISP:CHP:VIEW:WIND:TRAC:Y:RLEV 30.0 dBm
[2020/07/29 06:28:05.351554][I][queryEx] E6640A <= *OPC?
[2020/07/29 06:28:05.360121][I][queryEx] E6640A => 1
[2020/07/29 06:28:05.364135][I][set_Limit_Range] Set power range
[2020/07/29 06:28:05.366142][I][writeEx] E6640A <= :POW:RANG 30.0 dBm
[2020/07/29 06:28:05.670768][I][queryEx] E6640A <= *OPC?
[2020/07/29 06:28:05.678931][I][queryEx] E6640A => 1
[2020/07/29 06:28:05.681819][I][set_Trigger_Video] Set trigger video
[2020/07/29 06:28:05.684827][I][writeEx] E6640A <= TRIG:CHP:SOUR IF
[2020/07/29 06:28:05.989746][I][queryEx] E6640A <= *OPC?
[2020/07/29 06:28:05.998757][I][queryEx] E6640A => 1
[2020/07/29 06:28:06.103683][I][set_Trigger_Free_Run] Set trigger free run
[2020/07/29 06:28:06.115726][I][writeEx] E6640A <= TRIG:CHP:SOUR IMM
[2020/07/29 06:28:06.426673][I][queryEx] E6640A <= *OPC?
[2020/07/29 06:28:06.436158][I][queryEx] E6640A => 1
[2020/07/29 06:28:06.440201][I][get_Power] Get Tx power
[2020/07/29 06:28:06.443118][I][queryEx] E6640A <= :FETCh:CHPower:CHPower?
[2020/07/29 06:28:06.449904][I][queryEx] E6640A => 1.433028984E+01
[2020/07/29 06:28:06.452913][I][chk_Tx_Result] Tx power(add loss: 8.500000) = 22.830000 dBm
[2020/07/29 06:28:06.455921][I][set_Continue] Set continue
[2020/07/29 06:28:06.459411][I][writeEx] E6640A <= :INIT:CONT ON
[2020/07/29 06:28:08.413550][I][set_Preset] System reset
[2020/07/29 06:28:08.416558][I][writeEx] E6640A <= *RST
[2020/07/29 06:28:08.419566][I][writeEx] E6640A <= *CLS
[2020/07/29 06:28:08.422574][I][writeEx] E6640A <= SYST:PRES
[2020/07/29 06:28:08.726326][I][queryEx] E6640A <= *OPC?
[2020/07/29 06:28:09.409776][I][queryEx] E6640A => 1
[2020/07/29 06:28:09.422708][I][set_Tx_Start] Set Tx start
[2020/07/29 06:28:09.425755][I][set_RFI_Port] Set input port
[2020/07/29 06:28:09.428736][I][writeEx] E6640A <= :FEED:RF:PORT:INPut RFIO1
[2020/07/29 06:28:09.432004][I][queryEx] E6640A <= :FEED:RF:PORT:INPut?
[2020/07/29 06:28:09.437074][I][queryEx] E6640A => RFIO1
[2020/07/29 06:28:09.440082][I][set_Modulation_Analysis] Set measurement function
[2020/07/29 06:28:09.443100][I][writeEx] E6640A <= INST:SEL LTEAFDD
[2020/07/29 06:28:09.747615][I][queryEx] E6640A <= *OPC?
[2020/07/29 06:28:09.758752][I][queryEx] E6640A => 1
[2020/07/29 06:28:09.761762][I][queryEx] E6640A <= INST:SEL?
[2020/07/29 06:28:09.768025][I][queryEx] E6640A => LTEAFDD
[2020/07/29 06:28:09.771284][I][writeEx] E6640A <= DISP:CHP:VIEW:WIND:TRAC:Y:COUP OFF
[2020/07/29 06:28:09.774294][I][set_Freq] Set frequence
[2020/07/29 06:28:09.777301][I][writeEx] E6640A <= :FREQuency:CENTer 1950.0 MHz
[2020/07/29 06:28:09.780309][I][set_Continue] Set continue
[2020/07/29 06:28:09.783317][I][writeEx] E6640A <= :INIT:CONT ON
[2020/07/29 06:28:09.786325][I][set_Trigger_Free_Run] Set trigger free run
[2020/07/29 06:28:09.789333][I][writeEx] E6640A <= TRIG:CHP:SOUR IMM
[2020/07/29 06:28:10.094720][I][queryEx] E6640A <= *OPC?
[2020/07/29 06:28:10.105509][I][queryEx] E6640A => 1
[2020/07/29 06:28:14.491879][I][chk_Tx_Result] Check Tx result
[2020/07/29 06:28:14.499874][I][set_Limit_Range] Set reference value
[2020/07/29 06:28:14.502847][I][writeEx] E6640A <= DISP:CHP:VIEW:WIND:TRAC:Y:RLEV 30.0 dBm
[2020/07/29 06:28:14.807005][I][queryEx] E6640A <= *OPC?
[2020/07/29 06:28:14.816659][I][queryEx] E6640A => 1
[2020/07/29 06:28:14.820666][I][set_Limit_Range] Set power range
[2020/07/29 06:28:14.823707][I][writeEx] E6640A <= :POW:RANG 30.0 dBm
[2020/07/29 06:28:15.129854][I][queryEx] E6640A <= *OPC?
[2020/07/29 06:28:15.145938][I][queryEx] E6640A => 1
[2020/07/29 06:28:15.155920][I][set_Trigger_Video] Set trigger video
[2020/07/29 06:28:15.161935][I][writeEx] E6640A <= TRIG:CHP:SOUR IF
[2020/07/29 06:28:15.470236][I][queryEx] E6640A <= *OPC?
[2020/07/29 06:28:15.477208][I][queryEx] E6640A => 1
[2020/07/29 06:28:15.581432][I][set_Trigger_Free_Run] Set trigger free run
[2020/07/29 06:28:15.585685][I][writeEx] E6640A <= TRIG:CHP:SOUR IMM
[2020/07/29 06:28:15.889808][I][queryEx] E6640A <= *OPC?
[2020/07/29 06:28:15.899980][I][queryEx] E6640A => 1
[2020/07/29 06:28:15.903654][I][get_Power] Get Tx power
[2020/07/29 06:28:15.906664][I][queryEx] E6640A <= :FETCh:CHPower:CHPower?
[2020/07/29 06:28:15.912720][I][queryEx] E6640A => 1.250724602E+01
[2020/07/29 06:28:15.915687][I][chk_Tx_Result] Tx power(add loss: 9.200000) = 21.707000 dBm
[2020/07/29 06:28:15.918697][I][set_Continue] Set continue
[2020/07/29 06:28:15.922772][I][writeEx] E6640A <= :INIT:CONT ON
[2020/07/29 06:28:17.883205][I][set_Preset] System reset
[2020/07/29 06:28:17.886215][I][writeEx] E6640A <= *RST
[2020/07/29 06:28:17.889224][I][writeEx] E6640A <= *CLS
[2020/07/29 06:28:17.892230][I][writeEx] E6640A <= SYST:PRES
[2020/07/29 06:28:18.198081][I][queryEx] E6640A <= *OPC?
[2020/07/29 06:28:18.871210][I][queryEx] E6640A => 1
[2020/07/29 06:28:18.885239][I][set_Tx_Start] Set Tx start
[2020/07/29 06:28:18.888248][I][set_RFI_Port] Set input port
[2020/07/29 06:28:18.891347][I][writeEx] E6640A <= :FEED:RF:PORT:INPut RFIO1
[2020/07/29 06:28:18.894358][I][queryEx] E6640A <= :FEED:RF:PORT:INPut?
[2020/07/29 06:28:18.899046][I][queryEx] E6640A => RFIO1
[2020/07/29 06:28:18.903244][I][set_Modulation_Analysis] Set measurement function
[2020/07/29 06:28:18.906254][I][writeEx] E6640A <= INST:SEL LTEAFDD
[2020/07/29 06:28:19.210010][I][queryEx] E6640A <= *OPC?
[2020/07/29 06:28:19.216500][I][queryEx] E6640A => 1
[2020/07/29 06:28:19.221521][I][queryEx] E6640A <= INST:SEL?
[2020/07/29 06:28:19.228253][I][queryEx] E6640A => LTEAFDD
[2020/07/29 06:28:19.232302][I][writeEx] E6640A <= DISP:CHP:VIEW:WIND:TRAC:Y:COUP OFF
[2020/07/29 06:28:19.236287][I][set_Freq] Set frequence
[2020/07/29 06:28:19.240288][I][writeEx] E6640A <= :FREQuency:CENTer 914.8 MHz
[2020/07/29 06:28:19.243331][I][set_Continue] Set continue
[2020/07/29 06:28:19.247536][I][writeEx] E6640A <= :INIT:CONT ON
[2020/07/29 06:28:19.250547][I][set_Trigger_Free_Run] Set trigger free run
[2020/07/29 06:28:19.253977][I][writeEx] E6640A <= TRIG:CHP:SOUR IMM
[2020/07/29 06:28:19.558598][I][queryEx] E6640A <= *OPC?
[2020/07/29 06:28:19.567620][I][queryEx] E6640A => 1
[2020/07/29 06:28:22.596650][I][chk_Tx_Result] Check Tx result
[2020/07/29 06:28:22.603664][I][set_Limit_Range] Set reference value
[2020/07/29 06:28:22.607676][I][writeEx] E6640A <= DISP:CHP:VIEW:WIND:TRAC:Y:RLEV 30.0 dBm
[2020/07/29 06:28:22.912972][I][queryEx] E6640A <= *OPC?
[2020/07/29 06:28:22.923602][I][queryEx] E6640A => 1
[2020/07/29 06:28:22.926611][I][set_Limit_Range] Set power range
[2020/07/29 06:28:22.930622][I][writeEx] E6640A <= :POW:RANG 30.0 dBm
[2020/07/29 06:28:23.236373][I][queryEx] E6640A <= *OPC?
[2020/07/29 06:28:23.245418][I][queryEx] E6640A => 1
[2020/07/29 06:28:25.249799][I][set_Trigger_Video] Set trigger video
[2020/07/29 06:28:25.263888][I][writeEx] E6640A <= TRIG:CHP:SOUR IF
[2020/07/29 06:28:25.576026][I][queryEx] E6640A <= *OPC?
[2020/07/29 06:28:25.587064][I][queryEx] E6640A => 1
[2020/07/29 06:28:25.591072][I][get_Power] Get Tx power
[2020/07/29 06:28:25.594081][I][queryEx] E6640A <= :FETCh:CHPower:CHPower?
[2020/07/29 06:28:26.223780][I][queryEx] E6640A => 2.281739998E+01
[2020/07/29 06:28:26.228484][I][chk_Tx_Result] Tx power(add loss: 8.500000) = 31.317000 dBm
[2020/07/29 06:28:26.232496][I][set_Continue] Set continue
[2020/07/29 06:28:26.238512][I][writeEx] E6640A <= :INIT:CONT ON
[2020/07/29 06:28:27.974275][I][set_Preset] System reset
[2020/07/29 06:28:27.977284][I][writeEx] E6640A <= *RST
[2020/07/29 06:28:27.980292][I][writeEx] E6640A <= *CLS
[2020/07/29 06:28:27.984194][I][writeEx] E6640A <= SYST:PRES
[2020/07/29 06:28:28.289870][I][queryEx] E6640A <= *OPC?
[2020/07/29 06:28:28.995748][I][queryEx] E6640A => 1
[2020/07/29 06:28:29.011739][I][set_Rx_Waveform] Set Rx waveform
[2020/07/29 06:28:29.015339][I][set_RFO_Port] Set output port
[2020/07/29 06:28:29.018775][I][writeEx] E6640A <= :FEED:RF:PORT:OUTPut RFIO1
[2020/07/29 06:28:29.021798][I][queryEx] E6640A <= :FEED:RF:PORT:OUTPut?
[2020/07/29 06:28:29.027863][I][queryEx] E6640A => RFIO1
[2020/07/29 06:28:29.030872][I][set_OneTone_Freq] Set One Tone frequence
[2020/07/29 06:28:29.034574][I][writeEx] E6640A <= :SOUR:FREQ 959.8 MHz
[2020/07/29 06:28:29.037583][I][set_OneTone_Power] Set One Tone power
[2020/07/29 06:28:29.040591][I][writeEx] E6640A <= :SOURce:POWer -51.5
[2020/07/29 06:28:29.044626][I][loading_Waveform] Load waveform
[2020/07/29 06:28:29.047780][I][queryEx] E6640A <= :SOURce:RADio:ARB:CATalog?
[2020/07/29 06:28:29.053938][I][queryEx] E6640A => 9600,4184704,"CTX10_RFLTE_20160809.wfm"
[2020/07/29 06:28:29.056963][I][writeEx] E6640A <= :SOUR:RAD:ARB:WAV "D:\NVARB\CTX10_RFLTE_20160809.wfm"
[2020/07/29 06:28:29.361168][I][queryEx] E6640A <= *OPC?
[2020/07/29 06:28:29.373194][I][queryEx] E6640A => 1
[2020/07/29 06:28:29.377159][I][set_ARB_ON] Set ARB ON
[2020/07/29 06:28:29.380204][I][writeEx] E6640A <= :SOUR:RAD:ARB ON
[2020/07/29 06:28:29.384178][I][set_Sample_Rate] Set Sample Rate
[2020/07/29 06:28:29.387224][I][writeEx] E6640A <= SOUR:RAD:ARB:SCL:RATE 100.0 kHz
[2020/07/29 06:28:29.391196][I][set_Modulation_ON] Set ARB ON
[2020/07/29 06:28:29.395232][I][writeEx] E6640A <= :OUTP:MOD ON
[2020/07/29 06:28:29.401249][I][set_OneTone_Start] Set One Tone start
[2020/07/29 06:28:29.405260][I][writeEx] E6640A <= OUTP ON
[2020/07/29 06:28:35.746099][I][set_OneTone_Stop] Set One Tone stop
[2020/07/29 06:28:35.756090][I][writeEx] E6640A <= OUTP OFF
[2020/07/29 06:28:53.730781][I][disconnect_E6640A] Disconnect E6640A
[2020/07/29 06:28:53.733789][I][set_Preset] System reset
[2020/07/29 06:28:53.737858][I][writeEx] E6640A <= *RST
[2020/07/29 06:28:53.740808][I][writeEx] E6640A <= *CLS
[2020/07/29 06:28:53.744840][I][writeEx] E6640A <= SYST:PRES
[2020/07/29 06:28:54.049964][I][queryEx] E6640A <= *OPC?
[2020/07/29 06:28:54.752375][I][queryEx] E6640A => 1
[2020/07/29 06:28:54.761414]========== End ==========
