[2020/07/28 22:19:32][I][getBOM] Get BOM Success!
[2020/07/28 22:19:33][I][getSKU] Get SKU from BOM: BOM_SKU, SKU name: 451AOD30L02
[2020/07/28 22:19:33][I][loadTestItemBySKU] Test Item List = (GFI20Bootup.py,1)(CountDown.py,1)(GFI20_RF_Zigbee,2)(GFI20_RF_LTE,1)
[2020/07/28 22:19:33][I][loadTestItemBySKU] Test Item List Element = ['GFI20Bootup.py,1', 'CountDown.py,1', 'GFI20_RF_Zigbee,2', 'GFI20_RF_LTE,1']
[2020/07/28 22:19:33][I][showTestingMsg] Waiting for testing...
[2020/07/28 22:19:33]---------- TestItem:GFI20Bootup.py  Method:1 ----------
[2020/07/28 22:19:33][I][runTestItem] Test start time: 2020/07/28 22:19:33
[2020/07/28 22:19:39][I][runTestItem] Test finished
[2020/07/28 22:19:39][I][checkTestResult] Version=3.0.0.3
[2020/07/28 22:19:39][I][checkTestResult] Result=Pass
[2020/07/28 22:19:39]*********************************************************
[2020/07/28 22:19:39]GFI20Bootup.py   3.0.0.3

[2020/07/28 22:19:39]			Result: Pass

[2020/07/28 22:19:39]			Method: 1

[2020/07/28 22:19:39]			Start: 2020/07/28 22:19:33

[2020/07/28 22:19:39]			End: 2020/07/28 22:19:39
[2020/07/28 22:19:39][I][runTestItem] Test end time: 2020/07/28 22:19:39
[2020/07/28 22:19:39]---------- TestItem:CountDown.py  Method:1 ----------
[2020/07/28 22:19:39][I][runTestItem] Test start time: 2020/07/28 22:19:39
[2020/07/28 22:20:31][I][runTestItem] Test finished
[2020/07/28 22:20:31][I][checkTestResult] Version=3.0.0.3
[2020/07/28 22:20:31][I][checkTestResult] Result=Pass
[2020/07/28 22:20:31]*********************************************************
[2020/07/28 22:20:31]CountDown.py   3.0.0.3

[2020/07/28 22:20:31]			Result: Pass

[2020/07/28 22:20:31]			Method: 1

[2020/07/28 22:20:31]			Start: 2020/07/28 22:19:39

[2020/07/28 22:20:31]			End: 2020/07/28 22:20:31
[2020/07/28 22:20:31][I][runTestItem] Test end time: 2020/07/28 22:20:31
[2020/07/28 22:20:31]---------- TestItem:GFI20_RF_Zigbee.py  Method:2 ----------
[2020/07/28 22:20:31][I][runTestItem] Test start time: 2020/07/28 22:20:31
[2020/07/28 22:21:18][I][runTestItem] Test finished
[2020/07/28 22:21:18][I][checkTestResult] Version=3.0.0.3
[2020/07/28 22:21:18][I][checkTestResult] Result=Fail
[2020/07/28 22:21:18][I][checkTestResult] Reason=Connect DUT fail
[2020/07/28 22:21:18][I][checkTestResult] EC=010000S01
[2020/07/28 22:21:18]*********************************************************
[2020/07/28 22:21:18]GFI20_RF_Zigbee.py   3.0.0.3

[2020/07/28 22:21:18]			Result: Fail

[2020/07/28 22:21:18]			Method: 2

[2020/07/28 22:21:18]			Start: 2020/07/28 22:20:31

[2020/07/28 22:21:18]			End: 2020/07/28 22:21:18
[2020/07/28 22:21:18]
			Fail Reason: Connect DUT fail
[2020/07/28 22:21:18][I][runTestItem] Test end time: 2020/07/28 22:21:18
[2020/07/28 22:21:19][I][runLastScript] Waiting for ending...
[2020/07/28 22:21:19]---------- TestItem:GFI20LastScript.py  Method:1 ----------
[2020/07/28 22:21:19][I][runLastScript] Test start time: 2020/07/28 22:21:19
[2020/07/28 22:21:43][I][runLastScript] Test finished
[2020/07/28 22:21:43][I][runLastScript] Test end time: 2020/07/28 22:21:43
[2020/07/28 22:21:43][I][checkTestResult] Version=3.0.0.6
[2020/07/28 22:21:43][I][checkTestResult] Result=Pass
[2020/07/28 22:21:43]*********************************************************
[2020/07/28 22:21:43]GFI20LastScript.py   3.0.0.6

[2020/07/28 22:21:43]			Result: Pass

[2020/07/28 22:21:43]			Method: 1

[2020/07/28 22:21:43]			Start: 2020/07/28 22:21:19

[2020/07/28 22:21:43]			End: 2020/07/28 22:21:43
[2020/07/28 22:21:59][I][btnLogUploadClick] self.strLogUploadPath = 
