[2020/07/29 05:24:54]============== Control PS_Keysight66321B ==============
[2020/07/29 05:24:55]List resource: ['GPIB0::5::INSTR', 'ASRL1::INSTR', 'TCPIP0::192.168.1.2::hislip0::INSTR']
[2020/07/29 05:24:55]Power Supply: control 66321B successfully
[2020/07/29 05:24:55]Power Supply send: *RST
[2020/07/29 05:24:55]Power Supply send: *IDN?
[2020/07/29 05:24:55]Power Supply recv: Agilent Technologies,66321B,0,A.03.01

[2020/07/29 05:24:55]Power Supply is: Agilent Technologies,66321B,0,A.03.01
 

[2020/07/29 05:24:55]Power Supply send: CURR:PROT:STAT 1
[2020/07/29 05:24:55]Power Supply send: CURR:PROT:STAT?
[2020/07/29 05:24:55]Power Supply recv: 1

[2020/07/29 05:24:55]Power Supply send: VOLT 12.0
[2020/07/29 05:24:55]Power Supply send: VOLT?
[2020/07/29 05:24:55]Power Supply recv: 1.20000E+1

[2020/07/29 05:24:55]Power Supply send: CURR 1.0
[2020/07/29 05:24:55]Power Supply send: CURR?
[2020/07/29 05:24:55]Power Supply recv: 1.00000E+0

[2020/07/29 05:24:55]Power Supply send: OUTP 1
[2020/07/29 05:24:55]Power Supply send: OUTP?
[2020/07/29 05:24:55]Power Supply recv: 1

[2020/07/29 05:25:52]============== Control PS_Keysight66321B ==============
[2020/07/29 05:25:52]List resource: ['GPIB0::5::INSTR', 'ASRL1::INSTR', 'TCPIP0::192.168.1.2::hislip0::INSTR', 'ASRL14::INSTR', 'ASRL15::INSTR', 'ASRL16::INSTR', 'ASRL17::INSTR', 'ASRL19::INSTR', 'ASRL20::INSTR']
[2020/07/29 05:25:52]Power Supply: control 66321B successfully
[2020/07/29 05:25:52]Power Supply send: *IDN?
[2020/07/29 05:25:52]Power Supply recv: Agilent Technologies,66321B,0,A.03.01

[2020/07/29 05:25:52]Power Supply is: Agilent Technologies,66321B,0,A.03.01
 

[2020/07/29 05:26:05]Power Supply send: MEAS:CURR?
[2020/07/29 05:26:05]Power Supply recv: 8.23258E-2

[2020/07/29 05:26:17]Power Supply send: MEAS:CURR?
[2020/07/29 05:26:17]Power Supply recv: 8.13807E-2

[2020/07/29 05:26:32]Power Supply send: MEAS:CURR?
[2020/07/29 05:26:32]Power Supply recv: 8.00149E-2

[2020/07/29 05:26:43]Power Supply send: MEAS:CURR?
[2020/07/29 05:26:43]Power Supply recv: 7.87608E-2

[2020/07/29 05:26:58]Power Supply send: MEAS:CURR?
[2020/07/29 05:26:58]Power Supply recv: 7.98370E-2

[2020/07/29 05:27:10]Power Supply send: MEAS:CURR?
[2020/07/29 05:27:10]Power Supply recv: 7.67508E-2

[2020/07/29 05:28:08]============== Control PS_Keysight66321B ==============
[2020/07/29 05:28:08]List resource: ['GPIB0::5::INSTR', 'ASRL1::INSTR', 'TCPIP0::192.168.1.2::hislip0::INSTR']
[2020/07/29 05:28:08]Power Supply: control 66321B successfully
[2020/07/29 05:28:08]Power Supply send: *IDN?
[2020/07/29 05:28:08]Power Supply recv: Agilent Technologies,66321B,0,A.03.01

[2020/07/29 05:28:08]Power Supply is: Agilent Technologies,66321B,0,A.03.01
 

[2020/07/29 05:28:17]Power Supply send: MEAS:CURR?
[2020/07/29 05:28:17]Power Supply recv: 2.37141E-1

[2020/07/29 05:28:26]Power Supply send: MEAS:CURR?
[2020/07/29 05:28:26]Power Supply recv: 2.07578E-1

[2020/07/29 05:28:37]Power Supply send: MEAS:CURR?
[2020/07/29 05:28:37]Power Supply recv: 1.47760E-1

[2020/07/29 05:29:09]============== Control PS_Keysight66321B ==============
[2020/07/29 05:29:09]List resource: ['GPIB0::5::INSTR', 'ASRL1::INSTR', 'TCPIP0::192.168.1.2::hislip0::INSTR', 'ASRL14::INSTR', 'ASRL15::INSTR', 'ASRL16::INSTR', 'ASRL17::INSTR', 'ASRL19::INSTR', 'ASRL20::INSTR']
[2020/07/29 05:29:09]Power Supply: control 66321B successfully
[2020/07/29 05:29:09]Power Supply send: *RST
[2020/07/29 05:29:09]Power Supply send: *IDN?
[2020/07/29 05:29:09]Power Supply recv: Agilent Technologies,66321B,0,A.03.01

[2020/07/29 05:29:09]Power Supply is: Agilent Technologies,66321B,0,A.03.01
 

[2020/07/29 05:29:09]Power Supply send: OUTP 0
[2020/07/29 05:29:10]Power Supply send: OUTP?
[2020/07/29 05:29:10]Power Supply recv: 0

