[2020/07/28 21:43:36]============== Control PS_Keysight66321B ==============
[2020/07/28 21:43:36]List resource: ['GPIB0::5::INSTR', 'TCPIP0::192.168.1.2::hislip0::INSTR', 'ASRL1::INSTR']
[2020/07/28 21:43:36]Power Supply: control 66321B successfully
[2020/07/28 21:43:36]Power Supply send: *RST
[2020/07/28 21:43:36]Power Supply send: *IDN?
[2020/07/28 21:43:36]Power Supply recv: Agilent Technologies,66321B,0,A.03.01

[2020/07/28 21:43:36]Power Supply is: Agilent Technologies,66321B,0,A.03.01
 

[2020/07/28 21:43:36]Power Supply send: CURR:PROT:STAT 1
[2020/07/28 21:43:36]Power Supply send: CURR:PROT:STAT?
[2020/07/28 21:43:36]Power Supply recv: 1

[2020/07/28 21:43:36]Power Supply send: VOLT 12.0
[2020/07/28 21:43:36]Power Supply send: VOLT?
[2020/07/28 21:43:36]Power Supply recv: 1.20000E+1

[2020/07/28 21:43:36]Power Supply send: CURR 1.0
[2020/07/28 21:43:36]Power Supply send: CURR?
[2020/07/28 21:43:36]Power Supply recv: 1.00000E+0

[2020/07/28 21:43:36]Power Supply send: OUTP 1
[2020/07/28 21:43:36]Power Supply send: OUTP?
[2020/07/28 21:43:36]Power Supply recv: 1

[2020/07/28 21:44:33]============== Control PS_Keysight66321B ==============
[2020/07/28 21:44:34]List resource: ['GPIB0::5::INSTR', 'TCPIP0::192.168.1.2::hislip0::INSTR', 'ASRL1::INSTR', 'ASRL14::INSTR', 'ASRL15::INSTR', 'ASRL16::INSTR', 'ASRL17::INSTR', 'ASRL19::INSTR', 'ASRL20::INSTR']
[2020/07/28 21:44:34]Power Supply: control 66321B successfully
[2020/07/28 21:44:34]Power Supply send: *IDN?
[2020/07/28 21:44:34]Power Supply recv: Agilent Technologies,66321B,0,A.03.01

[2020/07/28 21:44:34]Power Supply is: Agilent Technologies,66321B,0,A.03.01
 

[2020/07/28 21:44:47]Power Supply send: MEAS:CURR?
[2020/07/28 21:44:47]Power Supply recv: 9.99829E-2

[2020/07/28 21:44:59]Power Supply send: MEAS:CURR?
[2020/07/28 21:44:59]Power Supply recv: 1.02777E-1

[2020/07/28 21:45:14]Power Supply send: MEAS:CURR?
[2020/07/28 21:45:14]Power Supply recv: 7.91276E-2

[2020/07/28 21:45:26]Power Supply send: MEAS:CURR?
[2020/07/28 21:45:26]Power Supply recv: 7.92355E-2

[2020/07/28 21:45:41]Power Supply send: MEAS:CURR?
[2020/07/28 21:45:41]Power Supply recv: 1.00809E-1

[2020/07/28 21:45:53]Power Supply send: MEAS:CURR?
[2020/07/28 21:45:53]Power Supply recv: 8.04692E-2

[2020/07/28 21:46:51]============== Control PS_Keysight66321B ==============
[2020/07/28 21:46:51]List resource: ['GPIB0::5::INSTR', 'TCPIP0::192.168.1.2::hislip0::INSTR', 'ASRL1::INSTR']
[2020/07/28 21:46:51]Power Supply: control 66321B successfully
[2020/07/28 21:46:51]Power Supply send: *IDN?
[2020/07/28 21:46:51]Power Supply recv: Agilent Technologies,66321B,0,A.03.01

[2020/07/28 21:46:51]Power Supply is: Agilent Technologies,66321B,0,A.03.01
 

[2020/07/28 21:47:00]Power Supply send: MEAS:CURR?
[2020/07/28 21:47:00]Power Supply recv: 2.47841E-1

[2020/07/28 21:47:09]Power Supply send: MEAS:CURR?
[2020/07/28 21:47:09]Power Supply recv: 2.08409E-1

[2020/07/28 21:47:19]Power Supply send: MEAS:CURR?
[2020/07/28 21:47:19]Power Supply recv: 1.52624E-1

[2020/07/28 21:47:52]============== Control PS_Keysight66321B ==============
[2020/07/28 21:47:52]List resource: ['GPIB0::5::INSTR', 'TCPIP0::192.168.1.2::hislip0::INSTR', 'ASRL1::INSTR', 'ASRL14::INSTR', 'ASRL15::INSTR', 'ASRL16::INSTR', 'ASRL17::INSTR', 'ASRL19::INSTR', 'ASRL20::INSTR']
[2020/07/28 21:47:52]Power Supply: control 66321B successfully
[2020/07/28 21:47:52]Power Supply send: *RST
[2020/07/28 21:47:52]Power Supply send: *IDN?
[2020/07/28 21:47:52]Power Supply recv: Agilent Technologies,66321B,0,A.03.01

[2020/07/28 21:47:52]Power Supply is: Agilent Technologies,66321B,0,A.03.01
 

[2020/07/28 21:47:52]Power Supply send: OUTP 0
[2020/07/28 21:47:52]Power Supply send: OUTP?
[2020/07/28 21:47:52]Power Supply recv: 0

