[2020/07/29 05:43:53.131165][I][class_GFI20] Initial class_GFI20
[2020/07/29 05:43:53.135177][I][connectDUT] COM: COM20, BaudRate: 115200
[2020/07/29 05:43:53.141201][I][connectDUT] Connect DUT success
[2020/07/29 05:43:53.145214][I][setScimitarMenu] Set Scimitar menu
[2020/07/29 05:43:53.348201][I][sendCOMCommand] DUT <= x
[2020/07/29 05:43:53.454800][I][sendCOMCommand] Serial buffer size: 7
[2020/07/29 05:43:53.966010][I][sendCOMCommand] DUT => x
$>

[2020/07/29 05:43:53.973046][I][setScimitarMenu] Success
[2020/07/29 05:43:59.774710][I][setZigbee_Tx] ZIGBEE_2450 CH: 15, Tx PWR: 0 dBm
[2020/07/29 05:43:59.776677][I][setScimitarMenu] Set Scimitar menu
[2020/07/29 05:43:59.979867][I][sendCOMCommand] DUT <= x
[2020/07/29 05:44:00.089617][I][sendCOMCommand] Serial buffer size: 7
[2020/07/29 05:44:00.602313][I][sendCOMCommand] DUT => x
$>

[2020/07/29 05:44:00.608335][I][setScimitarMenu] Success
[2020/07/29 05:44:00.610341][I][setZigbeeMenu] Check Zigbee Menu
[2020/07/29 05:44:00.814437][I][sendCOMCommand] DUT <= 2
[2020/07/29 05:44:00.925408][I][sendCOMCommand] Serial buffer size: 22
[2020/07/29 05:44:01.437252][I][sendCOMCommand] DUT => 2
$2_Zigbee(EM357)>

[2020/07/29 05:44:01.444211][I][setZigbeeMenu] Success
[2020/07/29 05:44:01.447227][I][setZigbee_Tx] Set Diagnostics Menu
[2020/07/29 05:44:01.649721][I][sendCOMCommand] DUT <= d
[2020/07/29 05:44:01.754161][I][sendCOMCommand] Serial buffer size: 22
[2020/07/29 05:44:02.263804][I][sendCOMCommand] DUT => d
$2-d_Diagnostics>

[2020/07/29 05:44:02.270837][I][setZigbee_Tx] Success
[2020/07/29 05:44:02.272825][I][setZigbee_Tx] Set Channel Menu
[2020/07/29 05:44:02.477225][I][sendCOMCommand] DUT <= 2
[2020/07/29 05:44:02.587904][I][sendCOMCommand] Serial buffer size: 66
[2020/07/29 05:44:03.098690][I][sendCOMCommand] DUT => 2
$2-d-2_Set Channel (11 => 26) [0B - 1A by HEX]>
$PARAMETER?>

[2020/07/29 05:44:03.105746][I][setZigbee_Tx] Success
[2020/07/29 05:44:03.108704][I][setZigbee_Tx] Set Channel
[2020/07/29 05:44:03.311772][I][sendCOMCommand] DUT <= 0F
[2020/07/29 05:44:03.423691][I][sendCOMCommand] Serial buffer size: 34
[2020/07/29 05:44:03.531465][W][sendCOMCommand] Buffer not empty!!!
[2020/07/29 05:44:03.543310][I][sendCOMCommand] Serial buffer size: 19
[2020/07/29 05:44:04.055814][I][sendCOMCommand] DUT => Set Channel: 15 (0x0F)
$DONE_OK
$2-d_Diagnostics>

[2020/07/29 05:44:04.059827][I][setZigbee_Tx] Success
[2020/07/29 05:44:04.064904][I][setZigbee_Tx] Set PWR Menu
[2020/07/29 05:44:04.270586][I][sendCOMCommand] DUT <= 3
[2020/07/29 05:44:04.378151][I][sendCOMCommand] Serial buffer size: 79
[2020/07/29 05:44:04.894386][I][sendCOMCommand] DUT => 3
$2-d-3_Set Power (-32 => +8dBm, Step=1dB) [-2B - 08 by HEX]>
$PARAMETER?>

[2020/07/29 05:44:04.901395][I][setZigbee_Tx] Success
[2020/07/29 05:44:04.904404][I][setZigbee_Tx] Set Tx PWR
[2020/07/29 05:44:05.108604][I][sendCOMCommand] DUT <= 00
[2020/07/29 05:44:05.220796][I][sendCOMCommand] Serial buffer size: 31
[2020/07/29 05:44:05.328585][W][sendCOMCommand] Buffer not empty!!!
[2020/07/29 05:44:05.340566][I][sendCOMCommand] Serial buffer size: 19
[2020/07/29 05:44:05.854754][I][sendCOMCommand] DUT => Set Power: 0 (0x00)
$DONE_OK
$2-d_Diagnostics>

[2020/07/29 05:44:05.861778][I][setZigbee_Tx] Success
[2020/07/29 05:44:05.870802][I][setScimitarMenu] Set Scimitar menu
[2020/07/29 05:44:06.075426][I][sendCOMCommand] DUT <= x
[2020/07/29 05:44:06.187356][I][sendCOMCommand] Serial buffer size: 22
[2020/07/29 05:44:06.696308][I][sendCOMCommand] DUT => x
$2_Zigbee(EM357)>

[2020/07/29 05:44:06.904038][I][sendCOMCommand] DUT <= x
[2020/07/29 05:44:07.017290][I][sendCOMCommand] Serial buffer size: 7
[2020/07/29 05:44:07.531036][I][sendCOMCommand] DUT => x
$>

[2020/07/29 05:44:07.538060][I][setScimitarMenu] Success
[2020/07/29 05:44:07.541068][I][setZigbeeMenu] Check Zigbee Menu
[2020/07/29 05:44:07.745490][I][sendCOMCommand] DUT <= 2
[2020/07/29 05:44:07.858129][I][sendCOMCommand] Serial buffer size: 22
[2020/07/29 05:44:08.368835][I][sendCOMCommand] DUT => 2
$2_Zigbee(EM357)>

[2020/07/29 05:44:08.376840][I][setZigbeeMenu] Success
[2020/07/29 05:44:08.379809][I][setTxStart] Set Tx start
[2020/07/29 05:44:10.465554][I][setTxStop] Set Tx stop
[2020/07/29 05:44:10.672018][I][sendCOMCommand] DUT <= 5
[2020/07/29 05:44:10.778129][I][sendCOMCommand] Serial buffer size: 202
[2020/07/29 05:44:11.289926][I][sendCOMCommand] DUT => [mfglib]Send Packet(100 bytes)
[mfglib]Send Packet(100 bytes)
[mfglib]Send Packet(100 bytes)
5
ZigBee send packet test end.
Total number of emberStatus errors:0
$[0]
$DONE_OK
$2_Zigbee(EM357)>

[2020/07/29 05:44:11.298395][I][setTxStop] Success
[2020/07/29 05:44:11.319603][I][setZigbee_Tx] ZIGBEE_2450 CH: 15, Tx PWR: -1 dBm
[2020/07/29 05:44:11.321610][I][setScimitarMenu] Set Scimitar menu
[2020/07/29 05:44:11.526642][I][sendCOMCommand] DUT <= x
[2020/07/29 05:44:11.641080][I][sendCOMCommand] Serial buffer size: 7
[2020/07/29 05:44:12.153739][I][sendCOMCommand] DUT => x
$>

[2020/07/29 05:44:12.162105][I][setScimitarMenu] Success
[2020/07/29 05:44:12.165115][I][setZigbeeMenu] Check Zigbee Menu
[2020/07/29 05:44:12.370605][I][sendCOMCommand] DUT <= 2
[2020/07/29 05:44:12.485553][I][sendCOMCommand] Serial buffer size: 22
[2020/07/29 05:44:12.997570][I][sendCOMCommand] DUT => 2
$2_Zigbee(EM357)>

[2020/07/29 05:44:13.005558][I][setZigbeeMenu] Success
[2020/07/29 05:44:13.008531][I][setZigbee_Tx] Set Diagnostics Menu
[2020/07/29 05:44:13.213542][I][sendCOMCommand] DUT <= d
[2020/07/29 05:44:13.326832][I][sendCOMCommand] Serial buffer size: 22
[2020/07/29 05:44:13.844314][I][sendCOMCommand] DUT => d
$2-d_Diagnostics>

[2020/07/29 05:44:13.850374][I][setZigbee_Tx] Success
[2020/07/29 05:44:13.855501][I][setZigbee_Tx] Set Channel Menu
[2020/07/29 05:44:14.059663][I][sendCOMCommand] DUT <= 2
[2020/07/29 05:44:14.174497][I][sendCOMCommand] Serial buffer size: 66
[2020/07/29 05:44:14.682562][I][sendCOMCommand] DUT => 2
$2-d-2_Set Channel (11 => 26) [0B - 1A by HEX]>
$PARAMETER?>

[2020/07/29 05:44:14.686574][I][setZigbee_Tx] Success
[2020/07/29 05:44:14.691986][I][setZigbee_Tx] Set Channel
[2020/07/29 05:44:14.898578][I][sendCOMCommand] DUT <= 0F
[2020/07/29 05:44:15.006143][I][sendCOMCommand] Serial buffer size: 34
[2020/07/29 05:44:15.121655][W][sendCOMCommand] Buffer not empty!!!
[2020/07/29 05:44:15.135729][I][sendCOMCommand] Serial buffer size: 19
[2020/07/29 05:44:15.650097][I][sendCOMCommand] DUT => Set Channel: 15 (0x0F)
$DONE_OK
$2-d_Diagnostics>

[2020/07/29 05:44:15.658122][I][setZigbee_Tx] Success
[2020/07/29 05:44:15.661118][I][setZigbee_Tx] Set PWR Menu
[2020/07/29 05:44:15.864623][I][sendCOMCommand] DUT <= 3
[2020/07/29 05:44:15.973326][I][sendCOMCommand] Serial buffer size: 79
[2020/07/29 05:44:16.483775][I][sendCOMCommand] DUT => 3
$2-d-3_Set Power (-32 => +8dBm, Step=1dB) [-2B - 08 by HEX]>
$PARAMETER?>

[2020/07/29 05:44:16.497848][I][setZigbee_Tx] Success
[2020/07/29 05:44:16.507831][I][setZigbee_Tx] Set Tx PWR
[2020/07/29 05:44:16.716101][I][sendCOMCommand] DUT <= FF
[2020/07/29 05:44:16.824154][I][sendCOMCommand] Serial buffer size: 38
[2020/07/29 05:44:17.341648][I][sendCOMCommand] DUT => Set Power: -1 (0xFFFFFFFF)
$DONE_OK
$2-d_Diagnostics>

[2020/07/29 05:44:17.348672][I][setZigbee_Tx] Success
[2020/07/29 05:44:17.358602][I][setScimitarMenu] Set Scimitar menu
[2020/07/29 05:44:17.564077][I][sendCOMCommand] DUT <= x
[2020/07/29 05:44:17.678167][I][sendCOMCommand] Serial buffer size: 22
[2020/07/29 05:44:18.187165][I][sendCOMCommand] DUT => x
$2_Zigbee(EM357)>

[2020/07/29 05:44:18.393980][I][sendCOMCommand] DUT <= x
[2020/07/29 05:44:18.506452][I][sendCOMCommand] Serial buffer size: 7
[2020/07/29 05:44:19.015625][I][sendCOMCommand] DUT => x
$>

[2020/07/29 05:44:19.024592][I][setScimitarMenu] Success
[2020/07/29 05:44:19.027599][I][setZigbeeMenu] Check Zigbee Menu
[2020/07/29 05:44:19.233068][I][sendCOMCommand] DUT <= 2
[2020/07/29 05:44:19.349415][I][sendCOMCommand] Serial buffer size: 22
[2020/07/29 05:44:19.862246][I][sendCOMCommand] DUT => 2
$2_Zigbee(EM357)>

[2020/07/29 05:44:19.869270][I][setZigbeeMenu] Success
[2020/07/29 05:44:19.872278][I][setTxStart] Set Tx start
[2020/07/29 05:44:21.959805][I][setTxStop] Set Tx stop
[2020/07/29 05:44:22.166201][I][sendCOMCommand] DUT <= 5
[2020/07/29 05:44:22.276620][I][sendCOMCommand] Serial buffer size: 202
[2020/07/29 05:44:22.796260][I][sendCOMCommand] DUT => [mfglib]Send Packet(100 bytes)
[mfglib]Send Packet(100 bytes)
[mfglib]Send Packet(100 bytes)
5
ZigBee send packet test end.
Total number of emberStatus errors:0
$[0]
$DONE_OK
$2_Zigbee(EM357)>

[2020/07/29 05:44:22.803317][I][setTxStop] Success
[2020/07/29 05:44:26.455657][I][setZigbee_Tx] ZIGBEE_2450 CH: 21, Tx PWR: 0 dBm
[2020/07/29 05:44:26.458665][I][setScimitarMenu] Set Scimitar menu
[2020/07/29 05:44:26.663601][I][sendCOMCommand] DUT <= x
[2020/07/29 05:44:26.772165][I][sendCOMCommand] Serial buffer size: 7
[2020/07/29 05:44:27.290923][I][sendCOMCommand] DUT => x
$>

[2020/07/29 05:44:27.298934][I][setScimitarMenu] Success
[2020/07/29 05:44:27.301942][I][setZigbeeMenu] Check Zigbee Menu
[2020/07/29 05:44:27.507509][I][sendCOMCommand] DUT <= 2
[2020/07/29 05:44:27.617174][I][sendCOMCommand] Serial buffer size: 22
[2020/07/29 05:44:28.126772][I][sendCOMCommand] DUT => 2
$2_Zigbee(EM357)>

[2020/07/29 05:44:28.134785][I][setZigbeeMenu] Success
[2020/07/29 05:44:28.138449][I][setZigbee_Tx] Set Diagnostics Menu
[2020/07/29 05:44:28.343029][I][sendCOMCommand] DUT <= d
[2020/07/29 05:44:28.459284][I][sendCOMCommand] Serial buffer size: 22
[2020/07/29 05:44:28.972220][I][sendCOMCommand] DUT => d
$2-d_Diagnostics>

[2020/07/29 05:44:28.980486][I][setZigbee_Tx] Success
[2020/07/29 05:44:28.984498][I][setZigbee_Tx] Set Channel Menu
[2020/07/29 05:44:29.189154][I][sendCOMCommand] DUT <= 2
[2020/07/29 05:44:29.294569][I][sendCOMCommand] Serial buffer size: 66
[2020/07/29 05:44:29.807091][I][sendCOMCommand] DUT => 2
$2-d-2_Set Channel (11 => 26) [0B - 1A by HEX]>
$PARAMETER?>

[2020/07/29 05:44:29.815088][I][setZigbee_Tx] Success
[2020/07/29 05:44:29.819099][I][setZigbee_Tx] Set Channel
[2020/07/29 05:44:30.024347][I][sendCOMCommand] DUT <= 15
[2020/07/29 05:44:30.140445][I][sendCOMCommand] Serial buffer size: 53
[2020/07/29 05:44:30.648681][I][sendCOMCommand] DUT => Set Channel: 21 (0x15)
$DONE_OK
$2-d_Diagnostics>

[2020/07/29 05:44:30.656694][I][setZigbee_Tx] Success
[2020/07/29 05:44:30.659700][I][setZigbee_Tx] Set PWR Menu
[2020/07/29 05:44:30.865602][I][sendCOMCommand] DUT <= 3
[2020/07/29 05:44:30.982656][I][sendCOMCommand] Serial buffer size: 79
[2020/07/29 05:44:31.495386][I][sendCOMCommand] DUT => 3
$2-d-3_Set Power (-32 => +8dBm, Step=1dB) [-2B - 08 by HEX]>
$PARAMETER?>

[2020/07/29 05:44:31.510427][I][setZigbee_Tx] Success
[2020/07/29 05:44:31.520481][I][setZigbee_Tx] Set Tx PWR
[2020/07/29 05:44:31.728372][I][sendCOMCommand] DUT <= 00
[2020/07/29 05:44:31.835148][I][sendCOMCommand] Serial buffer size: 50
[2020/07/29 05:44:32.354997][I][sendCOMCommand] DUT => Set Power: 0 (0x00)
$DONE_OK
$2-d_Diagnostics>

[2020/07/29 05:44:32.362995][I][setZigbee_Tx] Success
[2020/07/29 05:44:32.373022][I][setScimitarMenu] Set Scimitar menu
[2020/07/29 05:44:32.577547][I][sendCOMCommand] DUT <= x
[2020/07/29 05:44:32.695383][I][sendCOMCommand] Serial buffer size: 22
[2020/07/29 05:44:33.204204][I][sendCOMCommand] DUT => x
$2_Zigbee(EM357)>

[2020/07/29 05:44:33.409291][I][sendCOMCommand] DUT <= x
[2020/07/29 05:44:33.521915][I][sendCOMCommand] Serial buffer size: 7
[2020/07/29 05:44:34.035289][I][sendCOMCommand] DUT => x
$>

[2020/07/29 05:44:34.042312][I][setScimitarMenu] Success
[2020/07/29 05:44:34.046322][I][setZigbeeMenu] Check Zigbee Menu
[2020/07/29 05:44:34.250324][I][sendCOMCommand] DUT <= 2
[2020/07/29 05:44:34.366402][I][sendCOMCommand] Serial buffer size: 22
[2020/07/29 05:44:34.879114][I][sendCOMCommand] DUT => 2
$2_Zigbee(EM357)>

[2020/07/29 05:44:34.887190][I][setZigbeeMenu] Success
[2020/07/29 05:44:34.891138][I][setTxStart] Set Tx start
[2020/07/29 05:44:36.982242][I][setTxStop] Set Tx stop
[2020/07/29 05:44:37.190193][I][sendCOMCommand] DUT <= 5
[2020/07/29 05:44:37.300511][I][sendCOMCommand] Serial buffer size: 183
[2020/07/29 05:44:37.820731][I][sendCOMCommand] DUT => [mfglib]Send Packet(100 bytes)
[mfglib]Send Packet(100 bytes)
[mfglib]Send Packet(100 bytes)
5
ZigBee send packet test end.
Total number of emberStatus errors:0
$[0]
$DONE_OK
$2_Zigbee(EM357)>

[2020/07/29 05:44:37.828758][I][setTxStop] Success
[2020/07/29 05:44:37.850574][I][setZigbee_Tx] ZIGBEE_2450 CH: 21, Tx PWR: -1 dBm
[2020/07/29 05:44:37.854574][I][setScimitarMenu] Set Scimitar menu
[2020/07/29 05:44:38.059162][I][sendCOMCommand] DUT <= x
[2020/07/29 05:44:38.175234][I][sendCOMCommand] Serial buffer size: 7
[2020/07/29 05:44:38.688497][I][sendCOMCommand] DUT => x
$>

[2020/07/29 05:44:38.696526][I][setScimitarMenu] Success
[2020/07/29 05:44:38.700537][I][setZigbeeMenu] Check Zigbee Menu
[2020/07/29 05:44:38.906354][I][sendCOMCommand] DUT <= 2
[2020/07/29 05:44:39.016196][I][sendCOMCommand] Serial buffer size: 22
[2020/07/29 05:44:39.526466][I][sendCOMCommand] DUT => 2
$2_Zigbee(EM357)>

[2020/07/29 05:44:39.534478][I][setZigbeeMenu] Success
[2020/07/29 05:44:39.537486][I][setZigbee_Tx] Set Diagnostics Menu
[2020/07/29 05:44:39.741839][I][sendCOMCommand] DUT <= d
[2020/07/29 05:44:39.850554][I][sendCOMCommand] Serial buffer size: 22
[2020/07/29 05:44:40.363554][I][sendCOMCommand] DUT => d
$2-d_Diagnostics>

[2020/07/29 05:44:40.370072][I][setZigbee_Tx] Success
[2020/07/29 05:44:40.373541][I][setZigbee_Tx] Set Channel Menu
[2020/07/29 05:44:40.578820][I][sendCOMCommand] DUT <= 2
[2020/07/29 05:44:40.695630][I][sendCOMCommand] Serial buffer size: 66
[2020/07/29 05:44:41.209301][I][sendCOMCommand] DUT => 2
$2-d-2_Set Channel (11 => 26) [0B - 1A by HEX]>
$PARAMETER?>

[2020/07/29 05:44:41.214865][I][setZigbee_Tx] Success
[2020/07/29 05:44:41.218882][I][setZigbee_Tx] Set Channel
[2020/07/29 05:44:41.424133][I][sendCOMCommand] DUT <= 15
[2020/07/29 05:44:41.532360][I][sendCOMCommand] Serial buffer size: 53
[2020/07/29 05:44:42.050522][I][sendCOMCommand] DUT => Set Channel: 21 (0x15)
$DONE_OK
$2-d_Diagnostics>

[2020/07/29 05:44:42.058536][I][setZigbee_Tx] Success
[2020/07/29 05:44:42.062628][I][setZigbee_Tx] Set PWR Menu
[2020/07/29 05:44:42.267341][I][sendCOMCommand] DUT <= 3
[2020/07/29 05:44:42.383623][I][sendCOMCommand] Serial buffer size: 79
[2020/07/29 05:44:42.896860][I][sendCOMCommand] DUT => 3
$2-d-3_Set Power (-32 => +8dBm, Step=1dB) [-2B - 08 by HEX]>
$PARAMETER?>

[2020/07/29 05:44:42.904855][I][setZigbee_Tx] Success
[2020/07/29 05:44:42.908841][I][setZigbee_Tx] Set Tx PWR
[2020/07/29 05:44:43.113342][I][sendCOMCommand] DUT <= FF
[2020/07/29 05:44:43.229515][I][sendCOMCommand] Serial buffer size: 57
[2020/07/29 05:44:43.739196][I][sendCOMCommand] DUT => Set Power: -1 (0xFFFFFFFF)
$DONE_OK
$2-d_Diagnostics>

[2020/07/29 05:44:43.744419][I][setZigbee_Tx] Success
[2020/07/29 05:44:43.753444][I][setScimitarMenu] Set Scimitar menu
[2020/07/29 05:44:43.959363][I][sendCOMCommand] DUT <= x
[2020/07/29 05:44:44.075330][I][sendCOMCommand] Serial buffer size: 22
[2020/07/29 05:44:44.593905][I][sendCOMCommand] DUT => x
$2_Zigbee(EM357)>

[2020/07/29 05:44:44.799595][I][sendCOMCommand] DUT <= x
[2020/07/29 05:44:44.916753][I][sendCOMCommand] Serial buffer size: 7
[2020/07/29 05:44:45.437815][I][sendCOMCommand] DUT => x
$>

[2020/07/29 05:44:45.446781][I][setScimitarMenu] Success
[2020/07/29 05:44:45.449825][I][setZigbeeMenu] Check Zigbee Menu
[2020/07/29 05:44:45.655285][I][sendCOMCommand] DUT <= 2
[2020/07/29 05:44:45.771159][I][sendCOMCommand] Serial buffer size: 22
[2020/07/29 05:44:46.282796][I][sendCOMCommand] DUT => 2
$2_Zigbee(EM357)>

[2020/07/29 05:44:46.290846][I][setZigbeeMenu] Success
[2020/07/29 05:44:46.294923][I][setTxStart] Set Tx start
[2020/07/29 05:44:48.520661][I][setTxStop] Set Tx stop
[2020/07/29 05:44:48.726575][I][sendCOMCommand] DUT <= 5
[2020/07/29 05:44:48.832954][I][sendCOMCommand] Serial buffer size: 170
[2020/07/29 05:44:49.345606][I][sendCOMCommand] DUT => [mfglib]Send Packet(100 bytes)
[mfglib]Send Packet(100 bytes)
5
ZigBee send packet test end.
Total number of emberStatus errors:0
$[0]
$DONE_OK
$2_Zigbee(EM357)>

[2020/07/29 05:44:49.353623][I][setTxStop] Success
[2020/07/29 05:44:53.027918][I][setZigbee_Tx] ZIGBEE_2450 CH: 24, Tx PWR: 0 dBm
[2020/07/29 05:44:53.030925][I][setScimitarMenu] Set Scimitar menu
[2020/07/29 05:44:53.236032][I][sendCOMCommand] DUT <= x
[2020/07/29 05:44:53.341942][I][sendCOMCommand] Serial buffer size: 7
[2020/07/29 05:44:53.852144][I][sendCOMCommand] DUT => x
$>

[2020/07/29 05:44:53.860182][I][setScimitarMenu] Success
[2020/07/29 05:44:53.864411][I][setZigbeeMenu] Check Zigbee Menu
[2020/07/29 05:44:54.069508][I][sendCOMCommand] DUT <= 2
[2020/07/29 05:44:54.186234][I][sendCOMCommand] Serial buffer size: 22
[2020/07/29 05:44:54.698285][I][sendCOMCommand] DUT => 2
$2_Zigbee(EM357)>

[2020/07/29 05:44:54.714336][I][setZigbeeMenu] Success
[2020/07/29 05:44:54.727419][I][setZigbee_Tx] Set Diagnostics Menu
[2020/07/29 05:44:54.936494][I][sendCOMCommand] DUT <= d
[2020/07/29 05:44:55.046855][I][sendCOMCommand] Serial buffer size: 22
[2020/07/29 05:44:55.561127][I][sendCOMCommand] DUT => d
$2-d_Diagnostics>

[2020/07/29 05:44:55.569154][I][setZigbee_Tx] Success
[2020/07/29 05:44:55.572904][I][setZigbee_Tx] Set Channel Menu
[2020/07/29 05:44:55.776832][I][sendCOMCommand] DUT <= 2
[2020/07/29 05:44:55.888004][I][sendCOMCommand] Serial buffer size: 66
[2020/07/29 05:44:56.400048][I][sendCOMCommand] DUT => 2
$2-d-2_Set Channel (11 => 26) [0B - 1A by HEX]>
$PARAMETER?>

[2020/07/29 05:44:56.409273][I][setZigbee_Tx] Success
[2020/07/29 05:44:56.412283][I][setZigbee_Tx] Set Channel
[2020/07/29 05:44:56.617686][I][sendCOMCommand] DUT <= 18
[2020/07/29 05:44:56.726869][I][sendCOMCommand] Serial buffer size: 53
[2020/07/29 05:44:57.240013][I][sendCOMCommand] DUT => Set Channel: 24 (0x18)
$DONE_OK
$2-d_Diagnostics>

[2020/07/29 05:44:57.244027][I][setZigbee_Tx] Success
[2020/07/29 05:44:57.248038][I][setZigbee_Tx] Set PWR Menu
[2020/07/29 05:44:57.453254][I][sendCOMCommand] DUT <= 3
[2020/07/29 05:44:57.561051][I][sendCOMCommand] Serial buffer size: 79
[2020/07/29 05:44:58.082177][I][sendCOMCommand] DUT => 3
$2-d-3_Set Power (-32 => +8dBm, Step=1dB) [-2B - 08 by HEX]>
$PARAMETER?>

[2020/07/29 05:44:58.091230][I][setZigbee_Tx] Success
[2020/07/29 05:44:58.095083][I][setZigbee_Tx] Set Tx PWR
[2020/07/29 05:44:58.299465][I][sendCOMCommand] DUT <= 00
[2020/07/29 05:44:58.417599][I][sendCOMCommand] Serial buffer size: 50
[2020/07/29 05:44:58.929583][I][sendCOMCommand] DUT => Set Power: 0 (0x00)
$DONE_OK
$2-d_Diagnostics>

[2020/07/29 05:44:58.937610][I][setZigbee_Tx] Success
[2020/07/29 05:44:58.948188][I][setScimitarMenu] Set Scimitar menu
[2020/07/29 05:44:59.153789][I][sendCOMCommand] DUT <= x
[2020/07/29 05:44:59.271417][I][sendCOMCommand] Serial buffer size: 22
[2020/07/29 05:44:59.783995][I][sendCOMCommand] DUT => x
$2_Zigbee(EM357)>

[2020/07/29 05:44:59.992257][I][sendCOMCommand] DUT <= x
[2020/07/29 05:45:00.101123][I][sendCOMCommand] Serial buffer size: 7
[2020/07/29 05:45:00.621032][I][sendCOMCommand] DUT => x
$>

[2020/07/29 05:45:00.630062][I][setScimitarMenu] Success
[2020/07/29 05:45:00.633070][I][setZigbeeMenu] Check Zigbee Menu
[2020/07/29 05:45:00.839789][I][sendCOMCommand] DUT <= 2
[2020/07/29 05:45:00.957486][I][sendCOMCommand] Serial buffer size: 22
[2020/07/29 05:45:01.477491][I][sendCOMCommand] DUT => 2
$2_Zigbee(EM357)>

[2020/07/29 05:45:01.484514][I][setZigbeeMenu] Success
[2020/07/29 05:45:01.491370][I][setTxStart] Set Tx start
[2020/07/29 05:45:03.634314][I][setTxStop] Set Tx stop
[2020/07/29 05:45:03.841668][I][sendCOMCommand] DUT <= 5
[2020/07/29 05:45:03.951408][I][sendCOMCommand] Serial buffer size: 170
[2020/07/29 05:45:04.472108][I][sendCOMCommand] DUT => [mfglib]Send Packet(100 bytes)
[mfglib]Send Packet(100 bytes)
5
ZigBee send packet test end.
Total number of emberStatus errors:0
$[0]
$DONE_OK
$2_Zigbee(EM357)>

[2020/07/29 05:45:04.480105][I][setTxStop] Success
[2020/07/29 05:45:04.504841][I][setZigbee_Tx] ZIGBEE_2450 CH: 24, Tx PWR: -2 dBm
[2020/07/29 05:45:04.507848][I][setScimitarMenu] Set Scimitar menu
[2020/07/29 05:45:04.713250][I][sendCOMCommand] DUT <= x
[2020/07/29 05:45:04.823318][I][sendCOMCommand] Serial buffer size: 7
[2020/07/29 05:45:05.335584][I][sendCOMCommand] DUT => x
$>

[2020/07/29 05:45:05.344598][I][setScimitarMenu] Success
[2020/07/29 05:45:05.348649][I][setZigbeeMenu] Check Zigbee Menu
[2020/07/29 05:45:05.553603][I][sendCOMCommand] DUT <= 2
[2020/07/29 05:45:05.671215][I][sendCOMCommand] Serial buffer size: 22
[2020/07/29 05:45:06.183971][I][sendCOMCommand] DUT => 2
$2_Zigbee(EM357)>

[2020/07/29 05:45:06.192991][I][setZigbeeMenu] Success
[2020/07/29 05:45:06.196996][I][setZigbee_Tx] Set Diagnostics Menu
[2020/07/29 05:45:06.402560][I][sendCOMCommand] DUT <= d
[2020/07/29 05:45:06.520568][I][sendCOMCommand] Serial buffer size: 22
[2020/07/29 05:45:07.039845][I][sendCOMCommand] DUT => d
$2-d_Diagnostics>

[2020/07/29 05:45:07.048912][I][setZigbee_Tx] Success
[2020/07/29 05:45:07.052925][I][setZigbee_Tx] Set Channel Menu
[2020/07/29 05:45:07.256858][I][sendCOMCommand] DUT <= 2
[2020/07/29 05:45:07.363366][I][sendCOMCommand] Serial buffer size: 66
[2020/07/29 05:45:07.874853][I][sendCOMCommand] DUT => 2
$2-d-2_Set Channel (11 => 26) [0B - 1A by HEX]>
$PARAMETER?>

[2020/07/29 05:45:07.884177][I][setZigbee_Tx] Success
[2020/07/29 05:45:07.887692][I][setZigbee_Tx] Set Channel
[2020/07/29 05:45:08.093220][I][sendCOMCommand] DUT <= 18
[2020/07/29 05:45:08.210571][I][sendCOMCommand] Serial buffer size: 53
[2020/07/29 05:45:08.722817][I][sendCOMCommand] DUT => Set Channel: 24 (0x18)
$DONE_OK
$2-d_Diagnostics>

[2020/07/29 05:45:08.730844][I][setZigbee_Tx] Success
[2020/07/29 05:45:08.734854][I][setZigbee_Tx] Set PWR Menu
[2020/07/29 05:45:08.940061][I][sendCOMCommand] DUT <= 3
[2020/07/29 05:45:09.057189][I][sendCOMCommand] Serial buffer size: 79
[2020/07/29 05:45:09.569216][I][sendCOMCommand] DUT => 3
$2-d-3_Set Power (-32 => +8dBm, Step=1dB) [-2B - 08 by HEX]>
$PARAMETER?>

[2020/07/29 05:45:09.577247][I][setZigbee_Tx] Success
[2020/07/29 05:45:09.581336][I][setZigbee_Tx] Set Tx PWR
[2020/07/29 05:45:09.785915][I][sendCOMCommand] DUT <= FE
[2020/07/29 05:45:09.894685][I][sendCOMCommand] Serial buffer size: 57
[2020/07/29 05:45:10.407515][I][sendCOMCommand] DUT => Set Power: -2 (0xFFFFFFFE)
$DONE_OK
$2-d_Diagnostics>

[2020/07/29 05:45:10.415569][I][setZigbee_Tx] Success
[2020/07/29 05:45:10.426563][I][setScimitarMenu] Set Scimitar menu
[2020/07/29 05:45:10.631536][I][sendCOMCommand] DUT <= x
[2020/07/29 05:45:10.749039][I][sendCOMCommand] Serial buffer size: 22
[2020/07/29 05:45:11.263430][I][sendCOMCommand] DUT => x
$2_Zigbee(EM357)>

[2020/07/29 05:45:11.467849][I][sendCOMCommand] DUT <= x
[2020/07/29 05:45:11.575272][I][sendCOMCommand] Serial buffer size: 3
[2020/07/29 05:45:12.095825][I][sendCOMCommand] DUT => x
$>

[2020/07/29 05:45:12.104847][I][setScimitarMenu] Success
[2020/07/29 05:45:12.109028][I][setZigbeeMenu] Check Zigbee Menu
[2020/07/29 05:45:12.313558][I][sendCOMCommand] DUT <= 2
[2020/07/29 05:45:12.424282][I][sendCOMCommand] Serial buffer size: 22
[2020/07/29 05:45:12.934872][I][sendCOMCommand] DUT => 2
$2_Zigbee(EM357)>

[2020/07/29 05:45:12.942908][I][setZigbeeMenu] Success
[2020/07/29 05:45:12.946920][I][setTxStart] Set Tx start
[2020/07/29 05:45:15.147452][I][setTxStop] Set Tx stop
[2020/07/29 05:45:15.355035][I][sendCOMCommand] DUT <= 5
[2020/07/29 05:45:15.463208][I][sendCOMCommand] Serial buffer size: 151
[2020/07/29 05:45:15.985820][I][sendCOMCommand] DUT => [mfglib]Send Packet(100 bytes)
[mfglib]Send Packet(100 bytes)
5
ZigBee send packet test end.
Total number of emberStatus errors:0
$[0]
$DONE_OK
$2_Zigbee(EM357)>

[2020/07/29 05:45:15.993847][I][setTxStop] Success
[2020/07/29 05:45:17.322685][I][setZigbee_Rx] ZIGBEE_2450 CH: 19
[2020/07/29 05:45:17.326693][I][setScimitarMenu] Set Scimitar menu
[2020/07/29 05:45:17.532158][I][sendCOMCommand] DUT <= x
[2020/07/29 05:45:17.640986][I][sendCOMCommand] Serial buffer size: 7
[2020/07/29 05:45:18.161848][I][sendCOMCommand] DUT => x
$>

[2020/07/29 05:45:18.169873][I][setScimitarMenu] Success
[2020/07/29 05:45:18.173884][I][setZigbeeMenu] Check Zigbee Menu
[2020/07/29 05:45:18.379634][I][sendCOMCommand] DUT <= 2
[2020/07/29 05:45:18.497121][I][sendCOMCommand] Serial buffer size: 22
[2020/07/29 05:45:19.011458][I][sendCOMCommand] DUT => 2
$2_Zigbee(EM357)>

[2020/07/29 05:45:19.019777][I][setZigbeeMenu] Success
[2020/07/29 05:45:19.024001][I][setZigbee_Rx] Set Diagnostics Menu
[2020/07/29 05:45:19.229625][I][sendCOMCommand] DUT <= d
[2020/07/29 05:45:19.346800][I][sendCOMCommand] Serial buffer size: 22
[2020/07/29 05:45:19.858693][I][sendCOMCommand] DUT => d
$2-d_Diagnostics>

[2020/07/29 05:45:19.867955][I][setZigbee_Rx] Success
[2020/07/29 05:45:19.870964][I][setZigbee_Rx] Set Channel Menu
[2020/07/29 05:45:20.076492][I][sendCOMCommand] DUT <= 2
[2020/07/29 05:45:20.194098][I][sendCOMCommand] Serial buffer size: 66
[2020/07/29 05:45:20.706838][I][sendCOMCommand] DUT => 2
$2-d-2_Set Channel (11 => 26) [0B - 1A by HEX]>
$PARAMETER?>

[2020/07/29 05:45:20.715852][I][setZigbee_Rx] Success
[2020/07/29 05:45:20.720353][I][setZigbee_Rx] Set Channel
[2020/07/29 05:45:20.925258][I][sendCOMCommand] DUT <= 13
[2020/07/29 05:45:21.043131][I][sendCOMCommand] Serial buffer size: 53
[2020/07/29 05:45:21.554981][I][sendCOMCommand] DUT => Set Channel: 19 (0x13)
$DONE_OK
$2-d_Diagnostics>

[2020/07/29 05:45:21.563007][I][setZigbee_Rx] Success
[2020/07/29 05:45:21.570034][I][setZigbeeLNAMode] LNA Mode: 1
[2020/07/29 05:45:21.574036][I][setScimitarMenu] Set Scimitar menu
[2020/07/29 05:45:21.779078][I][sendCOMCommand] DUT <= x
[2020/07/29 05:45:21.885780][I][sendCOMCommand] Serial buffer size: 22
[2020/07/29 05:45:22.397633][I][sendCOMCommand] DUT => x
$2_Zigbee(EM357)>

[2020/07/29 05:45:22.606179][I][sendCOMCommand] DUT <= x
[2020/07/29 05:45:22.724766][I][sendCOMCommand] Serial buffer size: 7
[2020/07/29 05:45:23.237262][I][sendCOMCommand] DUT => x
$>

[2020/07/29 05:45:23.246266][I][setScimitarMenu] Success
[2020/07/29 05:45:23.250279][I][setZigbeeMenu] Check Zigbee Menu
[2020/07/29 05:45:23.455697][I][sendCOMCommand] DUT <= 2
[2020/07/29 05:45:23.574639][I][sendCOMCommand] Serial buffer size: 22
[2020/07/29 05:45:24.087377][I][sendCOMCommand] DUT => 2
$2_Zigbee(EM357)>

[2020/07/29 05:45:24.095339][I][setZigbeeMenu] Success
[2020/07/29 05:45:24.100233][I][setZigbeeLNAMode] Set GPIO Write Menu
[2020/07/29 05:45:24.304286][I][sendCOMCommand] DUT <= 3
[2020/07/29 05:45:24.414644][I][sendCOMCommand] Serial buffer size: 28
[2020/07/29 05:45:24.925652][I][sendCOMCommand] DUT => 3
$2-3_ZigBee GPIO Write>

[2020/07/29 05:45:24.934671][I][setZigbeeLNAMode] Success
[2020/07/29 05:45:24.938684][I][setZigbeeLNAMode] Set LNA Mode
[2020/07/29 05:45:25.144144][I][sendCOMCommand] DUT <= 3
[2020/07/29 05:45:25.262067][I][sendCOMCommand] Serial buffer size: 81
[2020/07/29 05:45:25.784847][I][sendCOMCommand] DUT => 3
[EZSP]Setting GPIO was successful. (portPin=3, cfg=1, out=0)
$[0]
$DONE_OK
$2-3_ZigBee GPIO Write>

[2020/07/29 05:45:25.990683][I][sendCOMCommand] DUT <= 3
[2020/07/29 05:45:26.099348][I][sendCOMCommand] Serial buffer size: 106
[2020/07/29 05:45:26.620528][I][sendCOMCommand] DUT => 3
[EZSP]Setting GPIO was successful. (portPin=3, cfg=1, out=1)
$[1]
$DONE_OK
$2-3_ZigBee GPIO Write>

[2020/07/29 05:45:26.637519][I][setZigbeeLNAMode] Success
[2020/07/29 05:45:27.661638][I][getRxResult] Get Rx Result
[2020/07/29 05:45:27.670650][I][setScimitarMenu] Set Scimitar menu
[2020/07/29 05:45:27.876284][I][sendCOMCommand] DUT <= x
[2020/07/29 05:45:27.994669][I][sendCOMCommand] Serial buffer size: 22
[2020/07/29 05:45:28.506120][I][sendCOMCommand] DUT => x
$2_Zigbee(EM357)>

[2020/07/29 05:45:28.716561][I][sendCOMCommand] DUT <= x
[2020/07/29 05:45:28.834689][I][sendCOMCommand] Serial buffer size: 7
[2020/07/29 05:45:29.345171][I][sendCOMCommand] DUT => x
$>

[2020/07/29 05:45:29.353168][I][setScimitarMenu] Success
[2020/07/29 05:45:29.357176][I][setZigbeeMenu] Check Zigbee Menu
[2020/07/29 05:45:29.562249][I][sendCOMCommand] DUT <= 2
[2020/07/29 05:45:29.681476][I][sendCOMCommand] Serial buffer size: 22
[2020/07/29 05:45:30.192819][I][sendCOMCommand] DUT => 2
$2_Zigbee(EM357)>

[2020/07/29 05:45:30.201794][I][setZigbeeMenu] Success
[2020/07/29 05:45:30.407048][I][sendCOMCommand] DUT <= b
[2020/07/29 05:45:30.517541][I][sendCOMCommand] Serial buffer size: 94
[2020/07/29 05:45:30.636264][W][sendCOMCommand] Buffer not empty!!!
[2020/07/29 05:45:30.653303][I][sendCOMCommand] Serial buffer size: 183
[2020/07/29 05:45:31.066670][W][sendCOMCommand] Buffer not empty!!!
[2020/07/29 05:45:31.074727][I][sendCOMCommand] Serial buffer size: 10
[2020/07/29 05:45:31.584032][I][sendCOMCommand] DUT => b
ZigBee get Rssi test start.
Start Scan ... (Channel: 19 (0x13) duration:2 mask:00080000)
Channel: 19 (0x13), Rssi:-15
Total OK!    OOO   K  K   !
            O   O  K K    !
            O   O  KK     !
            O   O  K K     
             OOO   K  Kk  !
$[-15]
$DONE_OK
$2_Zigbee(EM357)>

[2020/07/29 05:45:31.654434][I][setZigbee_Rx] ZIGBEE_2450 CH: 19
[2020/07/29 05:45:31.658491][I][setScimitarMenu] Set Scimitar menu
[2020/07/29 05:45:31.863808][I][sendCOMCommand] DUT <= x
[2020/07/29 05:45:31.973421][I][sendCOMCommand] Serial buffer size: 3
[2020/07/29 05:45:32.494077][I][sendCOMCommand] DUT => x
$>

[2020/07/29 05:45:32.502140][I][setScimitarMenu] Success
[2020/07/29 05:45:32.506119][I][setZigbeeMenu] Check Zigbee Menu
[2020/07/29 05:45:32.711997][I][sendCOMCommand] DUT <= 2
[2020/07/29 05:45:32.829576][I][sendCOMCommand] Serial buffer size: 22
[2020/07/29 05:45:33.341238][I][sendCOMCommand] DUT => 2
$2_Zigbee(EM357)>

[2020/07/29 05:45:33.348253][I][setZigbeeMenu] Success
[2020/07/29 05:45:33.353055][I][setZigbee_Rx] Set Diagnostics Menu
[2020/07/29 05:45:33.558316][I][sendCOMCommand] DUT <= d
[2020/07/29 05:45:33.676369][I][sendCOMCommand] Serial buffer size: 22
[2020/07/29 05:45:34.188071][I][sendCOMCommand] DUT => d
$2-d_Diagnostics>

[2020/07/29 05:45:34.195082][I][setZigbee_Rx] Success
[2020/07/29 05:45:34.199138][I][setZigbee_Rx] Set Channel Menu
[2020/07/29 05:45:34.404444][I][sendCOMCommand] DUT <= 2
[2020/07/29 05:45:34.523197][I][sendCOMCommand] Serial buffer size: 66
[2020/07/29 05:45:35.035082][I][sendCOMCommand] DUT => 2
$2-d-2_Set Channel (11 => 26) [0B - 1A by HEX]>
$PARAMETER?>

[2020/07/29 05:45:35.042092][I][setZigbee_Rx] Success
[2020/07/29 05:45:35.046137][I][setZigbee_Rx] Set Channel
[2020/07/29 05:45:35.251690][I][sendCOMCommand] DUT <= 13
[2020/07/29 05:45:35.369595][I][sendCOMCommand] Serial buffer size: 34
[2020/07/29 05:45:35.881573][I][sendCOMCommand] DUT => Set Channel: 19 (0x13)
$DONE_OK
$2-d_Diagnostics>

[2020/07/29 05:45:35.890584][I][setZigbee_Rx] Success
[2020/07/29 05:45:35.897616][I][setZigbeeLNAMode] LNA Mode: 0
[2020/07/29 05:45:35.901614][I][setScimitarMenu] Set Scimitar menu
[2020/07/29 05:45:36.107397][I][sendCOMCommand] DUT <= x
[2020/07/29 05:45:36.226284][I][sendCOMCommand] Serial buffer size: 22
[2020/07/29 05:45:36.737996][I][sendCOMCommand] DUT => x
$2_Zigbee(EM357)>

[2020/07/29 05:45:36.945405][I][sendCOMCommand] DUT <= x
[2020/07/29 05:45:37.063652][I][sendCOMCommand] Serial buffer size: 7
[2020/07/29 05:45:37.575406][I][sendCOMCommand] DUT => x
$>

[2020/07/29 05:45:37.583434][I][setScimitarMenu] Success
[2020/07/29 05:45:37.587443][I][setZigbeeMenu] Check Zigbee Menu
[2020/07/29 05:45:37.792632][I][sendCOMCommand] DUT <= 2
[2020/07/29 05:45:37.905002][I][sendCOMCommand] Serial buffer size: 22
[2020/07/29 05:45:38.424671][I][sendCOMCommand] DUT => 2
$2_Zigbee(EM357)>

[2020/07/29 05:45:38.432697][I][setZigbeeMenu] Success
[2020/07/29 05:45:38.436710][I][setZigbeeLNAMode] Set GPIO Write Menu
[2020/07/29 05:45:38.642156][I][sendCOMCommand] DUT <= 3
[2020/07/29 05:45:38.752720][I][sendCOMCommand] Serial buffer size: 28
[2020/07/29 05:45:39.265805][I][sendCOMCommand] DUT => 3
$2-3_ZigBee GPIO Write>

[2020/07/29 05:45:39.275363][I][setZigbeeLNAMode] Success
[2020/07/29 05:45:39.279377][I][setZigbeeLNAMode] Set LNA Mode
[2020/07/29 05:45:39.484943][I][sendCOMCommand] DUT <= 3
[2020/07/29 05:45:39.603231][I][sendCOMCommand] Serial buffer size: 106
[2020/07/29 05:45:40.123910][I][sendCOMCommand] DUT => 3
[EZSP]Setting GPIO was successful. (portPin=3, cfg=1, out=0)
$[0]
$DONE_OK
$2-3_ZigBee GPIO Write>

[2020/07/29 05:45:40.131922][I][setZigbeeLNAMode] Success
[2020/07/29 05:45:41.149520][I][getRxResult] Get Rx Result
[2020/07/29 05:45:41.155532][I][setScimitarMenu] Set Scimitar menu
[2020/07/29 05:45:41.361703][I][sendCOMCommand] DUT <= x
[2020/07/29 05:45:41.477373][I][sendCOMCommand] Serial buffer size: 22
[2020/07/29 05:45:41.992127][I][sendCOMCommand] DUT => x
$2_Zigbee(EM357)>

[2020/07/29 05:45:42.202566][I][sendCOMCommand] DUT <= x
[2020/07/29 05:45:42.320031][I][sendCOMCommand] Serial buffer size: 7
[2020/07/29 05:45:42.830596][I][sendCOMCommand] DUT => x
$>

[2020/07/29 05:45:42.837605][I][setScimitarMenu] Success
[2020/07/29 05:45:42.840611][I][setZigbeeMenu] Check Zigbee Menu
[2020/07/29 05:45:43.046748][I][sendCOMCommand] DUT <= 2
[2020/07/29 05:45:43.165133][I][sendCOMCommand] Serial buffer size: 22
[2020/07/29 05:45:43.686186][I][sendCOMCommand] DUT => 2
$2_Zigbee(EM357)>

[2020/07/29 05:45:43.694971][I][setZigbeeMenu] Success
[2020/07/29 05:45:43.899640][I][sendCOMCommand] DUT <= b
[2020/07/29 05:45:44.017997][I][sendCOMCommand] Serial buffer size: 94
[2020/07/29 05:45:44.125797][W][sendCOMCommand] Buffer not empty!!!
[2020/07/29 05:45:44.144851][I][sendCOMCommand] Serial buffer size: 183
[2020/07/29 05:45:44.658616][I][sendCOMCommand] DUT => b
ZigBee get Rssi test start.
Start Scan ... (Channel: 19 (0x13) duration:2 mask:00080000)
Channel: 19 (0x13), Rssi:-28
Total OK!    OOO   K  K   !
            O   O  K K    !
            O   O  KK     !
            O   O  K K     
             OOO   K  Kk  !
$[-28]

[2020/07/29 05:45:44.806857][I][disconnectDUT] Disconnect DUT success
