[2020/07/29 05:42:59]============== Control PS_Keysight66321B ==============
[2020/07/29 05:42:59]List resource: ['GPIB0::5::INSTR', 'ASRL1::INSTR', 'TCPIP0::192.168.1.2::hislip0::INSTR']
[2020/07/29 05:42:59]Power Supply: control 66321B successfully
[2020/07/29 05:42:59]Power Supply send: *RST
[2020/07/29 05:42:59]Power Supply send: *IDN?
[2020/07/29 05:42:59]Power Supply recv: Agilent Technologies,66321B,0,A.03.01

[2020/07/29 05:42:59]Power Supply is: Agilent Technologies,66321B,0,A.03.01
 

[2020/07/29 05:42:59]Power Supply send: CURR:PROT:STAT 1
[2020/07/29 05:42:59]Power Supply send: CURR:PROT:STAT?
[2020/07/29 05:42:59]Power Supply recv: 1

[2020/07/29 05:42:59]Power Supply send: VOLT 12.0
[2020/07/29 05:42:59]Power Supply send: VOLT?
[2020/07/29 05:42:59]Power Supply recv: 1.20000E+1

[2020/07/29 05:42:59]Power Supply send: CURR 1.0
[2020/07/29 05:42:59]Power Supply send: CURR?
[2020/07/29 05:42:59]Power Supply recv: 1.00000E+0

[2020/07/29 05:42:59]Power Supply send: OUTP 1
[2020/07/29 05:42:59]Power Supply send: OUTP?
[2020/07/29 05:42:59]Power Supply recv: 1

[2020/07/29 05:43:56]============== Control PS_Keysight66321B ==============
[2020/07/29 05:43:56]List resource: ['GPIB0::5::INSTR', 'ASRL1::INSTR', 'TCPIP0::192.168.1.2::hislip0::INSTR', 'ASRL14::INSTR', 'ASRL15::INSTR', 'ASRL16::INSTR', 'ASRL17::INSTR', 'ASRL19::INSTR', 'ASRL20::INSTR']
[2020/07/29 05:43:56]Power Supply: control 66321B successfully
[2020/07/29 05:43:56]Power Supply send: *IDN?
[2020/07/29 05:43:56]Power Supply recv: Agilent Technologies,66321B,0,A.03.01

[2020/07/29 05:43:56]Power Supply is: Agilent Technologies,66321B,0,A.03.01
 

[2020/07/29 05:44:10]Power Supply send: MEAS:CURR?
[2020/07/29 05:44:10]Power Supply recv: 8.25274E-2

[2020/07/29 05:44:21]Power Supply send: MEAS:CURR?
[2020/07/29 05:44:21]Power Supply recv: 8.09062E-2

[2020/07/29 05:44:36]Power Supply send: MEAS:CURR?
[2020/07/29 05:44:36]Power Supply recv: 8.98261E-2

[2020/07/29 05:44:48]Power Supply send: MEAS:CURR?
[2020/07/29 05:44:48]Power Supply recv: 8.19524E-2

[2020/07/29 05:45:03]Power Supply send: MEAS:CURR?
[2020/07/29 05:45:03]Power Supply recv: 7.95163E-2

[2020/07/29 05:45:15]Power Supply send: MEAS:CURR?
[2020/07/29 05:45:15]Power Supply recv: 8.01921E-2

[2020/07/29 05:46:12]============== Control PS_Keysight66321B ==============
[2020/07/29 05:46:12]List resource: ['GPIB0::5::INSTR', 'ASRL1::INSTR', 'TCPIP0::192.168.1.2::hislip0::INSTR']
[2020/07/29 05:46:12]Power Supply: control 66321B successfully
[2020/07/29 05:46:12]Power Supply send: *IDN?
[2020/07/29 05:46:12]Power Supply recv: Agilent Technologies,66321B,0,A.03.01

[2020/07/29 05:46:12]Power Supply is: Agilent Technologies,66321B,0,A.03.01
 

[2020/07/29 05:46:21]Power Supply send: MEAS:CURR?
[2020/07/29 05:46:21]Power Supply recv: 2.45899E-1

[2020/07/29 05:46:30]Power Supply send: MEAS:CURR?
[2020/07/29 05:46:30]Power Supply recv: 2.08775E-1

[2020/07/29 05:46:41]Power Supply send: MEAS:CURR?
[2020/07/29 05:46:41]Power Supply recv: 1.59318E-1

[2020/07/29 05:47:14]============== Control PS_Keysight66321B ==============
[2020/07/29 05:47:14]List resource: ['GPIB0::5::INSTR', 'ASRL1::INSTR', 'TCPIP0::192.168.1.2::hislip0::INSTR', 'ASRL14::INSTR', 'ASRL15::INSTR', 'ASRL16::INSTR', 'ASRL17::INSTR', 'ASRL19::INSTR', 'ASRL20::INSTR']
[2020/07/29 05:47:14]Power Supply: control 66321B successfully
[2020/07/29 05:47:14]Power Supply send: *RST
[2020/07/29 05:47:14]Power Supply send: *IDN?
[2020/07/29 05:47:14]Power Supply recv: Agilent Technologies,66321B,0,A.03.01

[2020/07/29 05:47:14]Power Supply is: Agilent Technologies,66321B,0,A.03.01
 

[2020/07/29 05:47:14]Power Supply send: OUTP 0
[2020/07/29 05:47:14]Power Supply send: OUTP?
[2020/07/29 05:47:14]Power Supply recv: 0

