[2020/07/28 20:26:37]============== Control PS_Keysight66321B ==============
[2020/07/28 20:26:37]List resource: ['GPIB0::5::INSTR', 'TCPIP0::192.168.1.2::hislip0::INSTR', 'ASRL1::INSTR']
[2020/07/28 20:26:38]Power Supply: control 66321B successfully
[2020/07/28 20:26:38]Power Supply send: *RST
[2020/07/28 20:26:38]Power Supply send: *IDN?
[2020/07/28 20:26:38]Power Supply recv: Agilent Technologies,66321B,0,A.03.01

[2020/07/28 20:26:38]Power Supply is: Agilent Technologies,66321B,0,A.03.01
 

[2020/07/28 20:26:38]Power Supply send: CURR:PROT:STAT 1
[2020/07/28 20:26:38]Power Supply send: CURR:PROT:STAT?
[2020/07/28 20:26:38]Power Supply recv: 1

[2020/07/28 20:26:38]Power Supply send: VOLT 12.0
[2020/07/28 20:26:38]Power Supply send: VOLT?
[2020/07/28 20:26:38]Power Supply recv: 1.20000E+1

[2020/07/28 20:26:38]Power Supply send: CURR 1.0
[2020/07/28 20:26:38]Power Supply send: CURR?
[2020/07/28 20:26:38]Power Supply recv: 1.00000E+0

[2020/07/28 20:26:38]Power Supply send: OUTP 1
[2020/07/28 20:26:38]Power Supply send: OUTP?
[2020/07/28 20:26:38]Power Supply recv: 1

[2020/07/28 20:27:38]============== Control PS_Keysight66321B ==============
[2020/07/28 20:27:38]List resource: ['GPIB0::5::INSTR', 'TCPIP0::192.168.1.2::hislip0::INSTR', 'ASRL1::INSTR', 'ASRL14::INSTR', 'ASRL15::INSTR', 'ASRL16::INSTR', 'ASRL17::INSTR', 'ASRL19::INSTR', 'ASRL20::INSTR']
[2020/07/28 20:27:38]Power Supply: control 66321B successfully
[2020/07/28 20:27:38]Power Supply send: *IDN?
[2020/07/28 20:27:38]Power Supply recv: Agilent Technologies,66321B,0,A.03.01

[2020/07/28 20:27:38]Power Supply is: Agilent Technologies,66321B,0,A.03.01
 

[2020/07/28 20:27:52]Power Supply send: MEAS:CURR?
[2020/07/28 20:27:52]Power Supply recv: 7.94592E-2

[2020/07/28 20:28:04]Power Supply send: MEAS:CURR?
[2020/07/28 20:28:04]Power Supply recv: 7.84224E-2

[2020/07/28 20:28:19]Power Supply send: MEAS:CURR?
[2020/07/28 20:28:19]Power Supply recv: 7.83271E-2

[2020/07/28 20:28:31]Power Supply send: MEAS:CURR?
[2020/07/28 20:28:31]Power Supply recv: 8.07659E-2

[2020/07/28 20:28:46]Power Supply send: MEAS:CURR?
[2020/07/28 20:28:46]Power Supply recv: 7.71740E-2

[2020/07/28 20:28:58]Power Supply send: MEAS:CURR?
[2020/07/28 20:28:58]Power Supply recv: 7.80590E-2

[2020/07/28 20:29:50]============== Control PS_Keysight66321B ==============
[2020/07/28 20:29:51]List resource: ['GPIB0::5::INSTR', 'TCPIP0::192.168.1.2::hislip0::INSTR', 'ASRL1::INSTR']
[2020/07/28 20:29:51]Power Supply: control 66321B successfully
[2020/07/28 20:29:51]Power Supply send: *IDN?
[2020/07/28 20:29:51]Power Supply recv: Agilent Technologies,66321B,0,A.03.01

[2020/07/28 20:29:51]Power Supply is: Agilent Technologies,66321B,0,A.03.01
 

[2020/07/28 20:29:59]Power Supply send: MEAS:CURR?
[2020/07/28 20:30:00]Power Supply recv: 2.37512E-1

[2020/07/28 20:30:09]Power Supply send: MEAS:CURR?
[2020/07/28 20:30:09]Power Supply recv: 2.10289E-1

[2020/07/28 20:30:19]Power Supply send: MEAS:CURR?
[2020/07/28 20:30:19]Power Supply recv: 1.49095E-1

[2020/07/28 20:30:53]============== Control PS_Keysight66321B ==============
[2020/07/28 20:30:53]List resource: ['GPIB0::5::INSTR', 'TCPIP0::192.168.1.2::hislip0::INSTR', 'ASRL1::INSTR', 'ASRL14::INSTR', 'ASRL15::INSTR', 'ASRL16::INSTR', 'ASRL17::INSTR', 'ASRL19::INSTR', 'ASRL20::INSTR']
[2020/07/28 20:30:53]Power Supply: control 66321B successfully
[2020/07/28 20:30:53]Power Supply send: *RST
[2020/07/28 20:30:53]Power Supply send: *IDN?
[2020/07/28 20:30:53]Power Supply recv: Agilent Technologies,66321B,0,A.03.01

[2020/07/28 20:30:53]Power Supply is: Agilent Technologies,66321B,0,A.03.01
 

[2020/07/28 20:30:53]Power Supply send: OUTP 0
[2020/07/28 20:30:53]Power Supply send: OUTP?
[2020/07/28 20:30:53]Power Supply recv: 0

