[2020/07/28 22:04:39][I][getBOM] Get BOM Success!
[2020/07/28 22:04:39][I][getSKU] Get SKU from BOM: BOM_SKU, SKU name: 451AOD30L02
[2020/07/28 22:04:39][I][loadTestItemBySKU] Test Item List = (GFI20Bootup.py,1)(CountDown.py,1)(GFI20_RF_Zigbee,2)(GFI20_RF_LTE,1)
[2020/07/28 22:04:39][I][loadTestItemBySKU] Test Item List Element = ['GFI20Bootup.py,1', 'CountDown.py,1', 'GFI20_RF_Zigbee,2', 'GFI20_RF_LTE,1']
[2020/07/28 22:04:39][I][showTestingMsg] Waiting for testing...
[2020/07/28 22:04:39]---------- TestItem:GFI20Bootup.py  Method:1 ----------
[2020/07/28 22:04:39][I][runTestItem] Test start time: 2020/07/28 22:04:39
[2020/07/28 22:04:53][I][runTestItem] Test finished
[2020/07/28 22:04:53][I][checkTestResult] Version=3.0.0.3
[2020/07/28 22:04:53][I][checkTestResult] Result=Pass
[2020/07/28 22:04:53]*********************************************************
[2020/07/28 22:04:53]GFI20Bootup.py   3.0.0.3

[2020/07/28 22:04:53]			Result: Pass

[2020/07/28 22:04:53]			Method: 1

[2020/07/28 22:04:53]			Start: 2020/07/28 22:04:39

[2020/07/28 22:04:53]			End: 2020/07/28 22:04:53
[2020/07/28 22:04:53][I][runTestItem] Test end time: 2020/07/28 22:04:53
[2020/07/28 22:04:53]---------- TestItem:CountDown.py  Method:1 ----------
[2020/07/28 22:04:53][I][runTestItem] Test start time: 2020/07/28 22:04:53
[2020/07/28 22:05:45][I][runTestItem] Test finished
[2020/07/28 22:05:45][I][checkTestResult] Version=3.0.0.3
[2020/07/28 22:05:45][I][checkTestResult] Result=Pass
[2020/07/28 22:05:45]*********************************************************
[2020/07/28 22:05:45]CountDown.py   3.0.0.3

[2020/07/28 22:05:45]			Result: Pass

[2020/07/28 22:05:45]			Method: 1

[2020/07/28 22:05:45]			Start: 2020/07/28 22:04:53

[2020/07/28 22:05:45]			End: 2020/07/28 22:05:45
[2020/07/28 22:05:45][I][runTestItem] Test end time: 2020/07/28 22:05:45
[2020/07/28 22:05:45]---------- TestItem:GFI20_RF_Zigbee.py  Method:2 ----------
[2020/07/28 22:05:45][I][runTestItem] Test start time: 2020/07/28 22:05:45
[2020/07/28 22:07:40][I][runTestItem] Test finished
[2020/07/28 22:07:40][I][checkTestResult] Version=3.0.0.3
[2020/07/28 22:07:40][I][checkTestResult] Result=Pass
[2020/07/28 22:07:40]*********************************************************
[2020/07/28 22:07:40]GFI20_RF_Zigbee.py   3.0.0.3

[2020/07/28 22:07:40]			Result: Pass

[2020/07/28 22:07:40]			Method: 2

[2020/07/28 22:07:40]			Start: 2020/07/28 22:05:45

[2020/07/28 22:07:40]			End: 2020/07/28 22:07:40
[2020/07/28 22:07:40][I][runTestItem] Test end time: 2020/07/28 22:07:40
[2020/07/28 22:07:40]---------- TestItem:GFI20_RF_LTE.py  Method:1 ----------
[2020/07/28 22:07:40][I][runTestItem] Test start time: 2020/07/28 22:07:40
[2020/07/28 22:09:04][I][runTestItem] Test finished
[2020/07/28 22:09:04][I][checkTestResult] Version=3.0.0.11
[2020/07/28 22:09:04][I][checkTestResult] Result=Pass
[2020/07/28 22:09:04]*********************************************************
[2020/07/28 22:09:04]GFI20_RF_LTE.py   3.0.0.11

[2020/07/28 22:09:04]			Result: Pass

[2020/07/28 22:09:04]			Method: 1

[2020/07/28 22:09:04]			Start: 2020/07/28 22:07:40

[2020/07/28 22:09:04]			End: 2020/07/28 22:09:04
[2020/07/28 22:09:04][I][runTestItem] Test end time: 2020/07/28 22:09:04
[2020/07/28 22:09:05][I][runLastScript] Waiting for ending...
[2020/07/28 22:09:05]---------- TestItem:GFI20LastScript.py  Method:1 ----------
[2020/07/28 22:09:05][I][runLastScript] Test start time: 2020/07/28 22:09:05
[2020/07/28 22:14:00][I][runLastScript] Test finished
[2020/07/28 22:14:00][I][runLastScript] Test end time: 2020/07/28 22:14:00
[2020/07/28 22:14:00][I][checkTestResult] Version=3.0.0.6
[2020/07/28 22:14:00][I][checkTestResult] Result=Fail
[2020/07/28 22:14:00][I][checkTestResult] Reason=Check voltage failed!!
[2020/07/28 22:14:00][I][checkTestResult] EC=010000S03
[2020/07/28 22:14:01]*********************************************************
[2020/07/28 22:14:01]GFI20LastScript.py   3.0.0.6

[2020/07/28 22:14:01]			Result: Fail

[2020/07/28 22:14:01]			Method: 1

[2020/07/28 22:14:01]			Start: 2020/07/28 22:09:05

[2020/07/28 22:14:01]			End: 2020/07/28 22:14:00
[2020/07/28 22:14:01]
			Fail Reason: Check voltage failed!!
