[2020/07/28 22:08:03.028563]========== Start ==========
[2020/07/28 22:08:03.030571][I][class_E6640A_LTE] Initial class_E6640A_LTE
[2020/07/28 22:08:03.032573][I][class_E6640A_LTE] Version: 3.0.0.3
[2020/07/28 22:08:03.038589][I][connect_E6640A] Connect to E6640A
[2020/07/28 22:08:03.051623][I][connect_E6640A] Resource Manager of Visa Library at C:\Windows\system32\visa32.dll
[2020/07/28 22:08:03.102759][I][queryEx] E6640A <= *IDN?
[2020/07/28 22:08:03.108784][I][queryEx] E6640A => Keysight Technologies,E6640A,MY57150246,E.19.71
[2020/07/28 22:08:03.110781][I][set_Preset] System reset
[2020/07/28 22:08:03.112786][I][writeEx] E6640A <= *RST
[2020/07/28 22:08:03.116797][I][writeEx] E6640A <= *CLS
[2020/07/28 22:08:03.118801][I][writeEx] E6640A <= SYST:PRES
[2020/07/28 22:08:03.422610][I][queryEx] E6640A <= *OPC?
[2020/07/28 22:08:04.118460][I][queryEx] E6640A => 1
[2020/07/28 22:08:04.126482][I][set_Preset] System reset
[2020/07/28 22:08:04.128488][I][writeEx] E6640A <= *RST
[2020/07/28 22:08:04.132499][I][writeEx] E6640A <= *CLS
[2020/07/28 22:08:04.135508][I][writeEx] E6640A <= SYST:PRES
[2020/07/28 22:08:04.439315][I][queryEx] E6640A <= *OPC?
[2020/07/28 22:08:05.158273][I][queryEx] E6640A => 1
[2020/07/28 22:08:05.477869][I][set_Preset] System reset
[2020/07/28 22:08:05.480805][I][writeEx] E6640A <= *RST
[2020/07/28 22:08:05.482815][I][writeEx] E6640A <= *CLS
[2020/07/28 22:08:05.485831][I][writeEx] E6640A <= SYST:PRES
[2020/07/28 22:08:05.789104][I][queryEx] E6640A <= *OPC?
[2020/07/28 22:08:06.479044][I][queryEx] E6640A => 1
[2020/07/28 22:08:06.494075][I][set_Tx_Start] Set Tx start
[2020/07/28 22:08:06.497056][I][set_RFI_Port] Set input port
[2020/07/28 22:08:06.500104][I][writeEx] E6640A <= :FEED:RF:PORT:INPut RFIO1
[2020/07/28 22:08:06.505119][I][queryEx] E6640A <= :FEED:RF:PORT:INPut?
[2020/07/28 22:08:06.510130][I][queryEx] E6640A => RFIO1
[2020/07/28 22:08:06.515143][I][set_Modulation_Analysis] Set measurement function
[2020/07/28 22:08:06.518130][I][writeEx] E6640A <= INST:SEL LTEAFDD
[2020/07/28 22:08:06.822344][I][queryEx] E6640A <= *OPC?
[2020/07/28 22:08:06.831125][I][queryEx] E6640A => 1
[2020/07/28 22:08:06.836135][I][queryEx] E6640A <= INST:SEL?
[2020/07/28 22:08:06.854489][I][queryEx] E6640A => LTEAFDD
[2020/07/28 22:08:06.858502][I][writeEx] E6640A <= DISP:CHP:VIEW:WIND:TRAC:Y:COUP OFF
[2020/07/28 22:08:06.862112][I][set_Freq] Set frequence
[2020/07/28 22:08:06.864154][I][writeEx] E6640A <= :FREQuency:CENTer 897.4 MHz
[2020/07/28 22:08:06.868259][I][set_Continue] Set continue
[2020/07/28 22:08:06.870266][I][writeEx] E6640A <= :INIT:CONT ON
[2020/07/28 22:08:06.873804][I][set_Trigger_Free_Run] Set trigger free run
[2020/07/28 22:08:06.876814][I][writeEx] E6640A <= TRIG:CHP:SOUR IMM
[2020/07/28 22:08:07.181084][I][queryEx] E6640A <= *OPC?
[2020/07/28 22:08:07.192197][I][queryEx] E6640A => 1
[2020/07/28 22:08:11.767242][I][chk_Tx_Result] Check Tx result
[2020/07/28 22:08:11.772193][I][set_Limit_Range] Set reference value
[2020/07/28 22:08:11.775483][I][writeEx] E6640A <= DISP:CHP:VIEW:WIND:TRAC:Y:RLEV 30.0 dBm
[2020/07/28 22:08:12.081057][I][queryEx] E6640A <= *OPC?
[2020/07/28 22:08:12.089976][I][queryEx] E6640A => 1
[2020/07/28 22:08:12.094031][I][set_Limit_Range] Set power range
[2020/07/28 22:08:12.096998][I][writeEx] E6640A <= :POW:RANG 30.0 dBm
[2020/07/28 22:08:12.400821][I][queryEx] E6640A <= *OPC?
[2020/07/28 22:08:12.410446][I][queryEx] E6640A => 1
[2020/07/28 22:08:12.414951][I][set_Trigger_Video] Set trigger video
[2020/07/28 22:08:12.416959][I][writeEx] E6640A <= TRIG:CHP:SOUR IF
[2020/07/28 22:08:12.722187][I][queryEx] E6640A <= *OPC?
[2020/07/28 22:08:12.731822][I][queryEx] E6640A => 1
[2020/07/28 22:08:12.837598][I][set_Trigger_Free_Run] Set trigger free run
[2020/07/28 22:08:12.843640][I][writeEx] E6640A <= TRIG:CHP:SOUR IMM
[2020/07/28 22:08:13.148233][I][queryEx] E6640A <= *OPC?
[2020/07/28 22:08:13.158861][I][queryEx] E6640A => 1
[2020/07/28 22:08:13.161875][I][get_Power] Get Tx power
[2020/07/28 22:08:13.164883][I][queryEx] E6640A <= :FETCh:CHPower:CHPower?
[2020/07/28 22:08:13.173091][I][queryEx] E6640A => 1.423709106E+01
[2020/07/28 22:08:13.176109][I][chk_Tx_Result] Tx power(add loss: 8.500000) = 22.737000 dBm
[2020/07/28 22:08:13.180814][I][set_Continue] Set continue
[2020/07/28 22:08:13.184159][I][writeEx] E6640A <= :INIT:CONT ON
[2020/07/28 22:08:15.267933][I][set_Preset] System reset
[2020/07/28 22:08:15.272349][I][writeEx] E6640A <= *RST
[2020/07/28 22:08:15.276364][I][writeEx] E6640A <= *CLS
[2020/07/28 22:08:15.280372][I][writeEx] E6640A <= SYST:PRES
[2020/07/28 22:08:15.585667][I][queryEx] E6640A <= *OPC?
[2020/07/28 22:08:16.088112][I][queryEx] E6640A => 1
[2020/07/28 22:08:16.101459][I][set_Tx_Start] Set Tx start
[2020/07/28 22:08:16.104470][I][set_RFI_Port] Set input port
[2020/07/28 22:08:16.108481][I][writeEx] E6640A <= :FEED:RF:PORT:INPut RFIO1
[2020/07/28 22:08:16.112475][I][queryEx] E6640A <= :FEED:RF:PORT:INPut?
[2020/07/28 22:08:16.118053][I][queryEx] E6640A => RFIO1
[2020/07/28 22:08:16.122066][I][set_Modulation_Analysis] Set measurement function
[2020/07/28 22:08:16.125074][I][writeEx] E6640A <= INST:SEL LTEAFDD
[2020/07/28 22:08:16.430461][I][queryEx] E6640A <= *OPC?
[2020/07/28 22:08:16.440753][I][queryEx] E6640A => 1
[2020/07/28 22:08:16.445713][I][queryEx] E6640A <= INST:SEL?
[2020/07/28 22:08:16.451732][I][queryEx] E6640A => LTEAFDD
[2020/07/28 22:08:16.455741][I][writeEx] E6640A <= DISP:CHP:VIEW:WIND:TRAC:Y:COUP OFF
[2020/07/28 22:08:16.459938][I][set_Freq] Set frequence
[2020/07/28 22:08:16.463986][I][writeEx] E6640A <= :FREQuency:CENTer 1950.0 MHz
[2020/07/28 22:08:16.467963][I][set_Continue] Set continue
[2020/07/28 22:08:16.474024][I][writeEx] E6640A <= :INIT:CONT ON
[2020/07/28 22:08:16.478512][I][set_Trigger_Free_Run] Set trigger free run
[2020/07/28 22:08:16.481521][I][writeEx] E6640A <= TRIG:CHP:SOUR IMM
[2020/07/28 22:08:16.787783][I][queryEx] E6640A <= *OPC?
[2020/07/28 22:08:16.799432][I][queryEx] E6640A => 1
[2020/07/28 22:08:21.181194][I][chk_Tx_Result] Check Tx result
[2020/07/28 22:08:21.189204][I][set_Limit_Range] Set reference value
[2020/07/28 22:08:21.194128][I][writeEx] E6640A <= DISP:CHP:VIEW:WIND:TRAC:Y:RLEV 30.0 dBm
[2020/07/28 22:08:21.498132][I][queryEx] E6640A <= *OPC?
[2020/07/28 22:08:21.507424][I][queryEx] E6640A => 1
[2020/07/28 22:08:21.512594][I][set_Limit_Range] Set power range
[2020/07/28 22:08:21.515605][I][writeEx] E6640A <= :POW:RANG 30.0 dBm
[2020/07/28 22:08:21.821991][I][queryEx] E6640A <= *OPC?
[2020/07/28 22:08:21.833277][I][queryEx] E6640A => 1
[2020/07/28 22:08:21.836323][I][set_Trigger_Video] Set trigger video
[2020/07/28 22:08:21.839296][I][writeEx] E6640A <= TRIG:CHP:SOUR IF
[2020/07/28 22:08:22.145783][I][queryEx] E6640A <= *OPC?
[2020/07/28 22:08:22.156272][I][queryEx] E6640A => 1
[2020/07/28 22:08:22.261359][I][set_Trigger_Free_Run] Set trigger free run
[2020/07/28 22:08:22.274349][I][writeEx] E6640A <= TRIG:CHP:SOUR IMM
[2020/07/28 22:08:22.584100][I][queryEx] E6640A <= *OPC?
[2020/07/28 22:08:22.592698][I][queryEx] E6640A => 1
[2020/07/28 22:08:22.598474][I][get_Power] Get Tx power
[2020/07/28 22:08:22.602489][I][queryEx] E6640A <= :FETCh:CHPower:CHPower?
[2020/07/28 22:08:22.610301][I][queryEx] E6640A => 1.239701080E+01
[2020/07/28 22:08:22.614314][I][chk_Tx_Result] Tx power(add loss: 9.200000) = 21.597000 dBm
[2020/07/28 22:08:22.619360][I][set_Continue] Set continue
[2020/07/28 22:08:22.623572][I][writeEx] E6640A <= :INIT:CONT ON
[2020/07/28 22:08:24.585256][I][set_Preset] System reset
[2020/07/28 22:08:24.590336][I][writeEx] E6640A <= *RST
[2020/07/28 22:08:24.594927][I][writeEx] E6640A <= *CLS
[2020/07/28 22:08:24.597939][I][writeEx] E6640A <= SYST:PRES
[2020/07/28 22:08:24.904387][I][queryEx] E6640A <= *OPC?
[2020/07/28 22:08:25.436088][I][queryEx] E6640A => 1
[2020/07/28 22:08:25.452012][I][set_Tx_Start] Set Tx start
[2020/07/28 22:08:25.455023][I][set_RFI_Port] Set input port
[2020/07/28 22:08:25.459038][I][writeEx] E6640A <= :FEED:RF:PORT:INPut RFIO1
[2020/07/28 22:08:25.463656][I][queryEx] E6640A <= :FEED:RF:PORT:INPut?
[2020/07/28 22:08:25.469675][I][queryEx] E6640A => RFIO1
[2020/07/28 22:08:25.473733][I][set_Modulation_Analysis] Set measurement function
[2020/07/28 22:08:25.476743][I][writeEx] E6640A <= INST:SEL LTEAFDD
[2020/07/28 22:08:25.782451][I][queryEx] E6640A <= *OPC?
[2020/07/28 22:08:25.793482][I][queryEx] E6640A => 1
[2020/07/28 22:08:25.798150][I][queryEx] E6640A <= INST:SEL?
[2020/07/28 22:08:25.805220][I][queryEx] E6640A => LTEAFDD
[2020/07/28 22:08:25.808873][I][writeEx] E6640A <= DISP:CHP:VIEW:WIND:TRAC:Y:COUP OFF
[2020/07/28 22:08:25.811892][I][set_Freq] Set frequence
[2020/07/28 22:08:25.815894][I][writeEx] E6640A <= :FREQuency:CENTer 914.8 MHz
[2020/07/28 22:08:25.820023][I][set_Continue] Set continue
[2020/07/28 22:08:25.823033][I][writeEx] E6640A <= :INIT:CONT ON
[2020/07/28 22:08:25.828047][I][set_Trigger_Free_Run] Set trigger free run
[2020/07/28 22:08:25.832058][I][writeEx] E6640A <= TRIG:CHP:SOUR IMM
[2020/07/28 22:08:26.137765][I][queryEx] E6640A <= *OPC?
[2020/07/28 22:08:26.146055][I][queryEx] E6640A => 1
[2020/07/28 22:08:29.150248][I][chk_Tx_Result] Check Tx result
[2020/07/28 22:08:29.158261][I][set_Limit_Range] Set reference value
[2020/07/28 22:08:29.162273][I][writeEx] E6640A <= DISP:CHP:VIEW:WIND:TRAC:Y:RLEV 30.0 dBm
[2020/07/28 22:08:29.468106][I][queryEx] E6640A <= *OPC?
[2020/07/28 22:08:29.480017][I][queryEx] E6640A => 1
[2020/07/28 22:08:29.484029][I][set_Limit_Range] Set power range
[2020/07/28 22:08:29.487037][I][writeEx] E6640A <= :POW:RANG 30.0 dBm
[2020/07/28 22:08:29.794659][I][queryEx] E6640A <= *OPC?
[2020/07/28 22:08:29.805476][I][queryEx] E6640A => 1
[2020/07/28 22:08:31.810931][I][set_Trigger_Video] Set trigger video
[2020/07/28 22:08:31.816954][I][writeEx] E6640A <= TRIG:CHP:SOUR IF
[2020/07/28 22:08:32.122493][I][queryEx] E6640A <= *OPC?
[2020/07/28 22:08:32.133440][I][queryEx] E6640A => 1
[2020/07/28 22:08:32.138375][I][get_Power] Get Tx power
[2020/07/28 22:08:32.141422][I][queryEx] E6640A <= :FETCh:CHPower:CHPower?
[2020/07/28 22:08:32.782806][I][queryEx] E6640A => 2.273647308E+01
[2020/07/28 22:08:32.790822][I][chk_Tx_Result] Tx power(add loss: 8.500000) = 31.236000 dBm
[2020/07/28 22:08:32.794832][I][set_Continue] Set continue
[2020/07/28 22:08:32.798845][I][writeEx] E6640A <= :INIT:CONT ON
[2020/07/28 22:08:34.548188][I][set_Preset] System reset
[2020/07/28 22:08:34.553102][I][writeEx] E6640A <= *RST
[2020/07/28 22:08:34.556151][I][writeEx] E6640A <= *CLS
[2020/07/28 22:08:34.561127][I][writeEx] E6640A <= SYST:PRES
[2020/07/28 22:08:34.867460][I][queryEx] E6640A <= *OPC?
[2020/07/28 22:08:35.356658][I][queryEx] E6640A => 1
[2020/07/28 22:08:35.373533][I][set_Rx_Waveform] Set Rx waveform
[2020/07/28 22:08:35.377543][I][set_RFO_Port] Set output port
[2020/07/28 22:08:35.382555][I][writeEx] E6640A <= :FEED:RF:PORT:OUTPut RFIO1
[2020/07/28 22:08:35.386569][I][queryEx] E6640A <= :FEED:RF:PORT:OUTPut?
[2020/07/28 22:08:35.393541][I][queryEx] E6640A => RFIO1
[2020/07/28 22:08:35.397553][I][set_OneTone_Freq] Set One Tone frequence
[2020/07/28 22:08:35.401565][I][writeEx] E6640A <= :SOUR:FREQ 959.8 MHz
[2020/07/28 22:08:35.405624][I][set_OneTone_Power] Set One Tone power
[2020/07/28 22:08:35.410598][I][writeEx] E6640A <= :SOURce:POWer -51.5
[2020/07/28 22:08:35.414768][I][loading_Waveform] Load waveform
[2020/07/28 22:08:35.417822][I][queryEx] E6640A <= :SOURce:RADio:ARB:CATalog?
[2020/07/28 22:08:35.425522][I][queryEx] E6640A => 9600,4184704,"CTX10_RFLTE_20160809.wfm"
[2020/07/28 22:08:35.430573][I][writeEx] E6640A <= :SOUR:RAD:ARB:WAV "D:\NVARB\CTX10_RFLTE_20160809.wfm"
[2020/07/28 22:08:35.735477][I][queryEx] E6640A <= *OPC?
[2020/07/28 22:08:35.746619][I][queryEx] E6640A => 1
[2020/07/28 22:08:35.750632][I][set_ARB_ON] Set ARB ON
[2020/07/28 22:08:35.754643][I][writeEx] E6640A <= :SOUR:RAD:ARB ON
[2020/07/28 22:08:35.758655][I][set_Sample_Rate] Set Sample Rate
[2020/07/28 22:08:35.763010][I][writeEx] E6640A <= SOUR:RAD:ARB:SCL:RATE 100.0 kHz
[2020/07/28 22:08:35.767029][I][set_Modulation_ON] Set ARB ON
[2020/07/28 22:08:35.771034][I][writeEx] E6640A <= :OUTP:MOD ON
[2020/07/28 22:08:35.780056][I][set_OneTone_Start] Set One Tone start
[2020/07/28 22:08:35.783067][I][writeEx] E6640A <= OUTP ON
[2020/07/28 22:08:42.133269][I][set_OneTone_Stop] Set One Tone stop
[2020/07/28 22:08:42.148363][I][writeEx] E6640A <= OUTP OFF
[2020/07/28 22:09:00.034205][I][disconnect_E6640A] Disconnect E6640A
[2020/07/28 22:09:00.037194][I][set_Preset] System reset
[2020/07/28 22:09:00.042164][I][writeEx] E6640A <= *RST
[2020/07/28 22:09:00.046189][I][writeEx] E6640A <= *CLS
[2020/07/28 22:09:00.052193][I][writeEx] E6640A <= SYST:PRES
[2020/07/28 22:09:00.357625][I][queryEx] E6640A <= *OPC?
[2020/07/28 22:09:00.862325][I][queryEx] E6640A => 1
[2020/07/28 22:09:00.871312]========== End ==========
