[2020/07/29 03:32:04.182394][I][class_GFI20] Initial class_GFI20
[2020/07/29 03:32:04.187886][I][connectDUT] COM: COM20, BaudRate: 115200
[2020/07/29 03:32:04.194004][I][connectDUT] Connect DUT success
[2020/07/29 03:32:04.199530][I][setScimitarMenu] Set Scimitar menu
[2020/07/29 03:32:04.402283][I][sendCOMCommand] DUT <= x
[2020/07/29 03:32:04.509847][I][sendCOMCommand] Serial buffer size: 7
[2020/07/29 03:32:05.020093][I][sendCOMCommand] DUT => x
$>

[2020/07/29 03:32:05.025748][I][setScimitarMenu] Success
[2020/07/29 03:32:10.315985][I][setZigbee_Tx] ZIGBEE_2450 CH: 15, Tx PWR: 0 dBm
[2020/07/29 03:32:10.319029][I][setScimitarMenu] Set Scimitar menu
[2020/07/29 03:32:10.523004][I][sendCOMCommand] DUT <= x
[2020/07/29 03:32:10.632276][I][sendCOMCommand] Serial buffer size: 7
[2020/07/29 03:32:11.142387][I][sendCOMCommand] DUT => x
$>

[2020/07/29 03:32:11.146389][I][setScimitarMenu] Success
[2020/07/29 03:32:11.148597][I][setZigbeeMenu] Check Zigbee Menu
[2020/07/29 03:32:11.352085][I][sendCOMCommand] DUT <= 2
[2020/07/29 03:32:11.460010][I][sendCOMCommand] Serial buffer size: 22
[2020/07/29 03:32:11.973162][I][sendCOMCommand] DUT => 2
$2_Zigbee(EM357)>

[2020/07/29 03:32:11.977164][I][setZigbeeMenu] Success
[2020/07/29 03:32:11.979813][I][setZigbee_Tx] Set Diagnostics Menu
[2020/07/29 03:32:12.183564][I][sendCOMCommand] DUT <= d
[2020/07/29 03:32:12.291126][I][sendCOMCommand] Serial buffer size: 22
[2020/07/29 03:32:12.802836][I][sendCOMCommand] DUT => d
$2-d_Diagnostics>

[2020/07/29 03:32:12.807839][I][setZigbee_Tx] Success
[2020/07/29 03:32:12.810848][I][setZigbee_Tx] Set Channel Menu
[2020/07/29 03:32:13.014298][I][sendCOMCommand] DUT <= 2
[2020/07/29 03:32:13.122726][I][sendCOMCommand] Serial buffer size: 66
[2020/07/29 03:32:13.636579][I][sendCOMCommand] DUT => 2
$2-d-2_Set Channel (11 => 26) [0B - 1A by HEX]>
$PARAMETER?>

[2020/07/29 03:32:13.642573][I][setZigbee_Tx] Success
[2020/07/29 03:32:13.644580][I][setZigbee_Tx] Set Channel
[2020/07/29 03:32:13.848806][I][sendCOMCommand] DUT <= 0F
[2020/07/29 03:32:13.960984][I][sendCOMCommand] Serial buffer size: 53
[2020/07/29 03:32:14.476748][I][sendCOMCommand] DUT => Set Channel: 15 (0x0F)
$DONE_OK
$2-d_Diagnostics>

[2020/07/29 03:32:14.482900][I][setZigbee_Tx] Success
[2020/07/29 03:32:14.484908][I][setZigbee_Tx] Set PWR Menu
[2020/07/29 03:32:14.689423][I][sendCOMCommand] DUT <= 3
[2020/07/29 03:32:14.797320][I][sendCOMCommand] Serial buffer size: 79
[2020/07/29 03:32:15.305970][I][sendCOMCommand] DUT => 3
$2-d-3_Set Power (-32 => +8dBm, Step=1dB) [-2B - 08 by HEX]>
$PARAMETER?>

[2020/07/29 03:32:15.311990][I][setZigbee_Tx] Success
[2020/07/29 03:32:15.313995][I][setZigbee_Tx] Set Tx PWR
[2020/07/29 03:32:15.518518][I][sendCOMCommand] DUT <= 00
[2020/07/29 03:32:15.627245][I][sendCOMCommand] Serial buffer size: 50
[2020/07/29 03:32:16.140868][I][sendCOMCommand] DUT => Set Power: 0 (0x00)
$DONE_OK
$2-d_Diagnostics>

[2020/07/29 03:32:16.145870][I][setZigbee_Tx] Success
[2020/07/29 03:32:16.155858][I][setScimitarMenu] Set Scimitar menu
[2020/07/29 03:32:16.360048][I][sendCOMCommand] DUT <= x
[2020/07/29 03:32:16.468745][I][sendCOMCommand] Serial buffer size: 22
[2020/07/29 03:32:16.984514][I][sendCOMCommand] DUT => x
$2_Zigbee(EM357)>

[2020/07/29 03:32:17.192112][I][sendCOMCommand] DUT <= x
[2020/07/29 03:32:17.301077][I][sendCOMCommand] Serial buffer size: 3
[2020/07/29 03:32:17.819327][I][sendCOMCommand] DUT => x
$>

[2020/07/29 03:32:17.826352][I][setScimitarMenu] Success
[2020/07/29 03:32:17.828356][I][setZigbeeMenu] Check Zigbee Menu
[2020/07/29 03:32:18.033072][I][sendCOMCommand] DUT <= 2
[2020/07/29 03:32:18.141835][I][sendCOMCommand] Serial buffer size: 22
[2020/07/29 03:32:18.653543][I][sendCOMCommand] DUT => 2
$2_Zigbee(EM357)>

[2020/07/29 03:32:18.665569][I][setZigbeeMenu] Success
[2020/07/29 03:32:18.672623][I][setTxStart] Set Tx start
[2020/07/29 03:32:20.748875][I][setTxStop] Set Tx stop
[2020/07/29 03:32:20.953841][I][sendCOMCommand] DUT <= 5
[2020/07/29 03:32:21.063333][I][sendCOMCommand] Serial buffer size: 202
[2020/07/29 03:32:21.575963][I][sendCOMCommand] DUT => [mfglib]Send Packet(100 bytes)
[mfglib]Send Packet(100 bytes)
[mfglib]Send Packet(100 bytes)
5
ZigBee send packet test end.
Total number of emberStatus errors:0
$[0]
$DONE_OK
$2_Zigbee(EM357)>

[2020/07/29 03:32:21.581986][I][setTxStop] Success
[2020/07/29 03:32:21.605295][I][setZigbee_Tx] ZIGBEE_2450 CH: 15, Tx PWR: -1 dBm
[2020/07/29 03:32:21.608269][I][setScimitarMenu] Set Scimitar menu
[2020/07/29 03:32:21.812616][I][sendCOMCommand] DUT <= x
[2020/07/29 03:32:21.921059][I][sendCOMCommand] Serial buffer size: 7
[2020/07/29 03:32:22.439684][I][sendCOMCommand] DUT => x
$>

[2020/07/29 03:32:22.447682][I][setScimitarMenu] Success
[2020/07/29 03:32:22.451434][I][setZigbeeMenu] Check Zigbee Menu
[2020/07/29 03:32:22.655608][I][sendCOMCommand] DUT <= 2
[2020/07/29 03:32:22.764753][I][sendCOMCommand] Serial buffer size: 22
[2020/07/29 03:32:23.282682][I][sendCOMCommand] DUT => 2
$2_Zigbee(EM357)>

[2020/07/29 03:32:23.290730][I][setZigbeeMenu] Success
[2020/07/29 03:32:23.294555][I][setZigbee_Tx] Set Diagnostics Menu
[2020/07/29 03:32:23.499484][I][sendCOMCommand] DUT <= d
[2020/07/29 03:32:23.608398][I][sendCOMCommand] Serial buffer size: 22
[2020/07/29 03:32:24.118106][I][sendCOMCommand] DUT => d
$2-d_Diagnostics>

[2020/07/29 03:32:24.126118][I][setZigbee_Tx] Success
[2020/07/29 03:32:24.129155][I][setZigbee_Tx] Set Channel Menu
[2020/07/29 03:32:24.333914][I][sendCOMCommand] DUT <= 2
[2020/07/29 03:32:24.443309][I][sendCOMCommand] Serial buffer size: 66
[2020/07/29 03:32:24.961379][I][sendCOMCommand] DUT => 2
$2-d-2_Set Channel (11 => 26) [0B - 1A by HEX]>
$PARAMETER?>

[2020/07/29 03:32:24.968428][I][setZigbee_Tx] Success
[2020/07/29 03:32:24.971397][I][setZigbee_Tx] Set Channel
[2020/07/29 03:32:25.176511][I][sendCOMCommand] DUT <= 0F
[2020/07/29 03:32:25.285102][I][sendCOMCommand] Serial buffer size: 34
[2020/07/29 03:32:25.804201][I][sendCOMCommand] DUT => Set Channel: 15 (0x0F)
$DONE_OK
$2-d_Diagnostics>

[2020/07/29 03:32:25.809748][I][setZigbee_Tx] Success
[2020/07/29 03:32:25.812759][I][setZigbee_Tx] Set PWR Menu
[2020/07/29 03:32:26.016259][I][sendCOMCommand] DUT <= 3
[2020/07/29 03:32:26.121967][I][sendCOMCommand] Serial buffer size: 79
[2020/07/29 03:32:26.633470][I][sendCOMCommand] DUT => 3
$2-d-3_Set Power (-32 => +8dBm, Step=1dB) [-2B - 08 by HEX]>
$PARAMETER?>

[2020/07/29 03:32:26.640426][I][setZigbee_Tx] Success
[2020/07/29 03:32:26.643994][I][setZigbee_Tx] Set Tx PWR
[2020/07/29 03:32:26.848405][I][sendCOMCommand] DUT <= FF
[2020/07/29 03:32:26.963724][I][sendCOMCommand] Serial buffer size: 57
[2020/07/29 03:32:27.476192][I][sendCOMCommand] DUT => Set Power: -1 (0xFFFFFFFF)
$DONE_OK
$2-d_Diagnostics>

[2020/07/29 03:32:27.483344][I][setZigbee_Tx] Success
[2020/07/29 03:32:27.493373][I][setScimitarMenu] Set Scimitar menu
[2020/07/29 03:32:27.697991][I][sendCOMCommand] DUT <= x
[2020/07/29 03:32:27.807131][I][sendCOMCommand] Serial buffer size: 22
[2020/07/29 03:32:28.325419][I][sendCOMCommand] DUT => x
$2_Zigbee(EM357)>

[2020/07/29 03:32:28.534122][I][sendCOMCommand] DUT <= x
[2020/07/29 03:32:28.643286][I][sendCOMCommand] Serial buffer size: 7
[2020/07/29 03:32:29.161070][I][sendCOMCommand] DUT => x
$>

[2020/07/29 03:32:29.167061][I][setScimitarMenu] Success
[2020/07/29 03:32:29.170443][I][setZigbeeMenu] Check Zigbee Menu
[2020/07/29 03:32:29.375068][I][sendCOMCommand] DUT <= 2
[2020/07/29 03:32:29.485693][I][sendCOMCommand] Serial buffer size: 22
[2020/07/29 03:32:30.004827][I][sendCOMCommand] DUT => 2
$2_Zigbee(EM357)>

[2020/07/29 03:32:30.011370][I][setZigbeeMenu] Success
[2020/07/29 03:32:30.015099][I][setTxStart] Set Tx start
[2020/07/29 03:32:32.231155][I][setTxStop] Set Tx stop
[2020/07/29 03:32:32.435902][I][sendCOMCommand] DUT <= 5
[2020/07/29 03:32:32.545065][I][sendCOMCommand] Serial buffer size: 170
[2020/07/29 03:32:33.062781][I][sendCOMCommand] DUT => [mfglib]Send Packet(100 bytes)
[mfglib]Send Packet(100 bytes)
5
ZigBee send packet test end.
Total number of emberStatus errors:0
$[0]
$DONE_OK
$2_Zigbee(EM357)>

[2020/07/29 03:32:33.067785][I][setTxStop] Success
[2020/07/29 03:32:36.756117][I][setZigbee_Tx] ZIGBEE_2450 CH: 21, Tx PWR: 0 dBm
[2020/07/29 03:32:36.760180][I][setScimitarMenu] Set Scimitar menu
[2020/07/29 03:32:36.966493][I][sendCOMCommand] DUT <= x
[2020/07/29 03:32:37.076028][I][sendCOMCommand] Serial buffer size: 3
[2020/07/29 03:32:37.594859][I][sendCOMCommand] DUT => x
$>

[2020/07/29 03:32:37.601875][I][setScimitarMenu] Success
[2020/07/29 03:32:37.604883][I][setZigbeeMenu] Check Zigbee Menu
[2020/07/29 03:32:37.810054][I][sendCOMCommand] DUT <= 2
[2020/07/29 03:32:37.919903][I][sendCOMCommand] Serial buffer size: 22
[2020/07/29 03:32:38.438696][I][sendCOMCommand] DUT => 2
$2_Zigbee(EM357)>

[2020/07/29 03:32:38.446696][I][setZigbeeMenu] Success
[2020/07/29 03:32:38.450419][I][setZigbee_Tx] Set Diagnostics Menu
[2020/07/29 03:32:38.655000][I][sendCOMCommand] DUT <= d
[2020/07/29 03:32:38.764533][I][sendCOMCommand] Serial buffer size: 22
[2020/07/29 03:32:39.273545][I][sendCOMCommand] DUT => d
$2-d_Diagnostics>

[2020/07/29 03:32:39.279564][I][setZigbee_Tx] Success
[2020/07/29 03:32:39.282571][I][setZigbee_Tx] Set Channel Menu
[2020/07/29 03:32:39.488611][I][sendCOMCommand] DUT <= 2
[2020/07/29 03:32:39.597160][I][sendCOMCommand] Serial buffer size: 66
[2020/07/29 03:32:40.110732][I][sendCOMCommand] DUT => 2
$2-d-2_Set Channel (11 => 26) [0B - 1A by HEX]>
$PARAMETER?>

[2020/07/29 03:32:40.116788][I][setZigbee_Tx] Success
[2020/07/29 03:32:40.122344][I][setZigbee_Tx] Set Channel
[2020/07/29 03:32:40.329520][I][sendCOMCommand] DUT <= 15
[2020/07/29 03:32:40.440076][I][sendCOMCommand] Serial buffer size: 53
[2020/07/29 03:32:40.958398][I][sendCOMCommand] DUT => Set Channel: 21 (0x15)
$DONE_OK
$2-d_Diagnostics>

[2020/07/29 03:32:40.965402][I][setZigbee_Tx] Success
[2020/07/29 03:32:40.969653][I][setZigbee_Tx] Set PWR Menu
[2020/07/29 03:32:41.174510][I][sendCOMCommand] DUT <= 3
[2020/07/29 03:32:41.283938][I][sendCOMCommand] Serial buffer size: 79
[2020/07/29 03:32:41.801962][I][sendCOMCommand] DUT => 3
$2-d-3_Set Power (-32 => +8dBm, Step=1dB) [-2B - 08 by HEX]>
$PARAMETER?>

[2020/07/29 03:32:41.809971][I][setZigbee_Tx] Success
[2020/07/29 03:32:41.814139][I][setZigbee_Tx] Set Tx PWR
[2020/07/29 03:32:42.019129][I][sendCOMCommand] DUT <= 00
[2020/07/29 03:32:42.128670][I][sendCOMCommand] Serial buffer size: 50
[2020/07/29 03:32:42.641817][I][sendCOMCommand] DUT => Set Power: 0 (0x00)
$DONE_OK
$2-d_Diagnostics>

[2020/07/29 03:32:42.647825][I][setZigbee_Tx] Success
[2020/07/29 03:32:42.658042][I][setScimitarMenu] Set Scimitar menu
[2020/07/29 03:32:42.864542][I][sendCOMCommand] DUT <= x
[2020/07/29 03:32:42.974683][I][sendCOMCommand] Serial buffer size: 3
[2020/07/29 03:32:43.493523][I][sendCOMCommand] DUT => x
$2_Zigbee(EM357)>

[2020/07/29 03:32:43.702078][I][sendCOMCommand] DUT <= x
[2020/07/29 03:32:43.811819][I][sendCOMCommand] Serial buffer size: 7
[2020/07/29 03:32:44.331458][I][sendCOMCommand] DUT => x
$>

[2020/07/29 03:32:44.338468][I][setScimitarMenu] Success
[2020/07/29 03:32:44.342479][I][setZigbeeMenu] Check Zigbee Menu
[2020/07/29 03:32:44.547287][I][sendCOMCommand] DUT <= 2
[2020/07/29 03:32:44.656915][I][sendCOMCommand] Serial buffer size: 22
[2020/07/29 03:32:45.176228][I][sendCOMCommand] DUT => 2
$2_Zigbee(EM357)>

[2020/07/29 03:32:45.183443][I][setZigbeeMenu] Success
[2020/07/29 03:32:45.186453][I][setTxStart] Set Tx start
[2020/07/29 03:32:47.383879][I][setTxStop] Set Tx stop
[2020/07/29 03:32:47.588679][I][sendCOMCommand] DUT <= 5
[2020/07/29 03:32:47.698141][I][sendCOMCommand] Serial buffer size: 183
[2020/07/29 03:32:48.218918][I][sendCOMCommand] DUT => [mfglib]Send Packet(100 bytes)
[mfglib]Send Packet(100 bytes)
[mfglib]Send Packet(100 bytes)
5
ZigBee send packet test end.
Total number of emberStatus errors:0
$[0]
$DONE_OK
$2_Zigbee(EM357)>

[2020/07/29 03:32:48.225668][I][setTxStop] Success
[2020/07/29 03:32:48.249074][I][setZigbee_Tx] ZIGBEE_2450 CH: 21, Tx PWR: -1 dBm
[2020/07/29 03:32:48.253048][I][setScimitarMenu] Set Scimitar menu
[2020/07/29 03:32:48.457863][I][sendCOMCommand] DUT <= x
[2020/07/29 03:32:48.567523][I][sendCOMCommand] Serial buffer size: 7
[2020/07/29 03:32:49.085993][I][sendCOMCommand] DUT => x
$>

[2020/07/29 03:32:49.093419][I][setScimitarMenu] Success
[2020/07/29 03:32:49.096428][I][setZigbeeMenu] Check Zigbee Menu
[2020/07/29 03:32:49.301601][I][sendCOMCommand] DUT <= 2
[2020/07/29 03:32:49.410891][I][sendCOMCommand] Serial buffer size: 22
[2020/07/29 03:32:49.930545][I][sendCOMCommand] DUT => 2
$2_Zigbee(EM357)>

[2020/07/29 03:32:49.937550][I][setZigbeeMenu] Success
[2020/07/29 03:32:49.941925][I][setZigbee_Tx] Set Diagnostics Menu
[2020/07/29 03:32:50.146160][I][sendCOMCommand] DUT <= d
[2020/07/29 03:32:50.254444][I][sendCOMCommand] Serial buffer size: 22
[2020/07/29 03:32:50.762895][I][sendCOMCommand] DUT => d
$2-d_Diagnostics>

[2020/07/29 03:32:50.766907][I][setZigbee_Tx] Success
[2020/07/29 03:32:50.771168][I][setZigbee_Tx] Set Channel Menu
[2020/07/29 03:32:50.976601][I][sendCOMCommand] DUT <= 2
[2020/07/29 03:32:51.086419][I][sendCOMCommand] Serial buffer size: 66
[2020/07/29 03:32:51.606059][I][sendCOMCommand] DUT => 2
$2-d-2_Set Channel (11 => 26) [0B - 1A by HEX]>
$PARAMETER?>

[2020/07/29 03:32:51.613102][I][setZigbee_Tx] Success
[2020/07/29 03:32:51.617076][I][setZigbee_Tx] Set Channel
[2020/07/29 03:32:51.821579][I][sendCOMCommand] DUT <= 15
[2020/07/29 03:32:51.932061][I][sendCOMCommand] Serial buffer size: 53
[2020/07/29 03:32:52.451989][I][sendCOMCommand] DUT => Set Channel: 21 (0x15)
$DONE_OK
$2-d_Diagnostics>

[2020/07/29 03:32:52.457989][I][setZigbee_Tx] Success
[2020/07/29 03:32:52.460988][I][setZigbee_Tx] Set PWR Menu
[2020/07/29 03:32:52.666059][I][sendCOMCommand] DUT <= 3
[2020/07/29 03:32:52.774804][I][sendCOMCommand] Serial buffer size: 79
[2020/07/29 03:32:53.284791][I][sendCOMCommand] DUT => 3
$2-d-3_Set Power (-32 => +8dBm, Step=1dB) [-2B - 08 by HEX]>
$PARAMETER?>

[2020/07/29 03:32:53.290382][I][setZigbee_Tx] Success
[2020/07/29 03:32:53.293775][I][setZigbee_Tx] Set Tx PWR
[2020/07/29 03:32:53.498870][I][sendCOMCommand] DUT <= FF
[2020/07/29 03:32:53.615610][I][sendCOMCommand] Serial buffer size: 57
[2020/07/29 03:32:54.135255][I][sendCOMCommand] DUT => Set Power: -1 (0xFFFFFFFF)
$DONE_OK
$2-d_Diagnostics>

[2020/07/29 03:32:54.142264][I][setZigbee_Tx] Success
[2020/07/29 03:32:54.154207][I][setScimitarMenu] Set Scimitar menu
[2020/07/29 03:32:54.359437][I][sendCOMCommand] DUT <= x
[2020/07/29 03:32:54.469293][I][sendCOMCommand] Serial buffer size: 22
[2020/07/29 03:32:54.989259][I][sendCOMCommand] DUT => x
$2_Zigbee(EM357)>

[2020/07/29 03:32:55.198999][I][sendCOMCommand] DUT <= x
[2020/07/29 03:32:55.315279][I][sendCOMCommand] Serial buffer size: 7
[2020/07/29 03:32:55.835429][I][sendCOMCommand] DUT => x
$>

[2020/07/29 03:32:55.842438][I][setScimitarMenu] Success
[2020/07/29 03:32:55.845444][I][setZigbeeMenu] Check Zigbee Menu
[2020/07/29 03:32:56.051327][I][sendCOMCommand] DUT <= 2
[2020/07/29 03:32:56.160941][I][sendCOMCommand] Serial buffer size: 22
[2020/07/29 03:32:56.681077][I][sendCOMCommand] DUT => 2
$2_Zigbee(EM357)>

[2020/07/29 03:32:56.688088][I][setZigbeeMenu] Success
[2020/07/29 03:32:56.692099][I][setTxStart] Set Tx start
[2020/07/29 03:32:58.896526][I][setTxStop] Set Tx stop
[2020/07/29 03:32:59.102098][I][sendCOMCommand] DUT <= 5
[2020/07/29 03:32:59.211971][I][sendCOMCommand] Serial buffer size: 202
[2020/07/29 03:32:59.731524][I][sendCOMCommand] DUT => [mfglib]Send Packet(100 bytes)
[mfglib]Send Packet(100 bytes)
[mfglib]Send Packet(100 bytes)
5
ZigBee send packet test end.
Total number of emberStatus errors:0
$[0]
$DONE_OK
$2_Zigbee(EM357)>

[2020/07/29 03:32:59.739515][I][setTxStop] Success
[2020/07/29 03:33:03.443323][I][setZigbee_Tx] ZIGBEE_2450 CH: 24, Tx PWR: 0 dBm
[2020/07/29 03:33:03.446332][I][setScimitarMenu] Set Scimitar menu
[2020/07/29 03:33:03.651804][I][sendCOMCommand] DUT <= x
[2020/07/29 03:33:03.761952][I][sendCOMCommand] Serial buffer size: 7
[2020/07/29 03:33:04.280684][I][sendCOMCommand] DUT => x
$>

[2020/07/29 03:33:04.285350][I][setScimitarMenu] Success
[2020/07/29 03:33:04.289363][I][setZigbeeMenu] Check Zigbee Menu
[2020/07/29 03:33:04.494385][I][sendCOMCommand] DUT <= 2
[2020/07/29 03:33:04.604334][I][sendCOMCommand] Serial buffer size: 22
[2020/07/29 03:33:05.117680][I][sendCOMCommand] DUT => 2
$2_Zigbee(EM357)>

[2020/07/29 03:33:05.122692][I][setZigbeeMenu] Success
[2020/07/29 03:33:05.126700][I][setZigbee_Tx] Set Diagnostics Menu
[2020/07/29 03:33:05.331447][I][sendCOMCommand] DUT <= d
[2020/07/29 03:33:05.447806][I][sendCOMCommand] Serial buffer size: 22
[2020/07/29 03:33:05.962448][I][sendCOMCommand] DUT => d
$2-d_Diagnostics>

[2020/07/29 03:33:05.968468][I][setZigbee_Tx] Success
[2020/07/29 03:33:05.972479][I][setZigbee_Tx] Set Channel Menu
[2020/07/29 03:33:06.177454][I][sendCOMCommand] DUT <= 2
[2020/07/29 03:33:06.286977][I][sendCOMCommand] Serial buffer size: 66
[2020/07/29 03:33:06.795834][I][sendCOMCommand] DUT => 2
$2-d-2_Set Channel (11 => 26) [0B - 1A by HEX]>
$PARAMETER?>

[2020/07/29 03:33:06.799846][I][setZigbee_Tx] Success
[2020/07/29 03:33:06.803857][I][setZigbee_Tx] Set Channel
[2020/07/29 03:33:07.009829][I][sendCOMCommand] DUT <= 18
[2020/07/29 03:33:07.120009][I][sendCOMCommand] Serial buffer size: 53
[2020/07/29 03:33:07.640676][I][sendCOMCommand] DUT => Set Channel: 24 (0x18)
$DONE_OK
$2-d_Diagnostics>

[2020/07/29 03:33:07.647690][I][setZigbee_Tx] Success
[2020/07/29 03:33:07.652135][I][setZigbee_Tx] Set PWR Menu
[2020/07/29 03:33:07.857552][I][sendCOMCommand] DUT <= 3
[2020/07/29 03:33:07.967280][I][sendCOMCommand] Serial buffer size: 79
[2020/07/29 03:33:08.487144][I][sendCOMCommand] DUT => 3
$2-d-3_Set Power (-32 => +8dBm, Step=1dB) [-2B - 08 by HEX]>
$PARAMETER?>

[2020/07/29 03:33:08.495196][I][setZigbee_Tx] Success
[2020/07/29 03:33:08.499698][I][setZigbee_Tx] Set Tx PWR
[2020/07/29 03:33:08.704455][I][sendCOMCommand] DUT <= 00
[2020/07/29 03:33:08.813051][I][sendCOMCommand] Serial buffer size: 50
[2020/07/29 03:33:09.325561][I][sendCOMCommand] DUT => Set Power: 0 (0x00)
$DONE_OK
$2-d_Diagnostics>

[2020/07/29 03:33:09.332586][I][setZigbee_Tx] Success
[2020/07/29 03:33:09.343057][I][setScimitarMenu] Set Scimitar menu
[2020/07/29 03:33:09.547332][I][sendCOMCommand] DUT <= x
[2020/07/29 03:33:09.657700][I][sendCOMCommand] Serial buffer size: 22
[2020/07/29 03:33:10.177791][I][sendCOMCommand] DUT => x
$2_Zigbee(EM357)>

[2020/07/29 03:33:10.394550][I][sendCOMCommand] DUT <= x
[2020/07/29 03:33:10.504538][I][sendCOMCommand] Serial buffer size: 7
[2020/07/29 03:33:11.024266][I][sendCOMCommand] DUT => x
$>

[2020/07/29 03:33:11.032293][I][setScimitarMenu] Success
[2020/07/29 03:33:11.035300][I][setZigbeeMenu] Check Zigbee Menu
[2020/07/29 03:33:11.241128][I][sendCOMCommand] DUT <= 2
[2020/07/29 03:33:11.350696][I][sendCOMCommand] Serial buffer size: 22
[2020/07/29 03:33:11.870805][I][sendCOMCommand] DUT => 2
$2_Zigbee(EM357)>

[2020/07/29 03:33:11.876812][I][setZigbeeMenu] Success
[2020/07/29 03:33:11.880823][I][setTxStart] Set Tx start
[2020/07/29 03:33:14.001635][I][setTxStop] Set Tx stop
[2020/07/29 03:33:14.207007][I][sendCOMCommand] DUT <= 5
[2020/07/29 03:33:14.316183][I][sendCOMCommand] Serial buffer size: 202
[2020/07/29 03:33:14.824937][I][sendCOMCommand] DUT => [mfglib]Send Packet(100 bytes)
[mfglib]Send Packet(100 bytes)
[mfglib]Send Packet(100 bytes)
5
ZigBee send packet test end.
Total number of emberStatus errors:0
$[0]
$DONE_OK
$2_Zigbee(EM357)>

[2020/07/29 03:33:14.830965][I][setTxStop] Success
[2020/07/29 03:33:14.854912][I][setZigbee_Tx] ZIGBEE_2450 CH: 24, Tx PWR: -2 dBm
[2020/07/29 03:33:14.857963][I][setScimitarMenu] Set Scimitar menu
[2020/07/29 03:33:15.062874][I][sendCOMCommand] DUT <= x
[2020/07/29 03:33:15.173094][I][sendCOMCommand] Serial buffer size: 7
[2020/07/29 03:33:15.692667][I][sendCOMCommand] DUT => x
$>

[2020/07/29 03:33:15.708723][I][setScimitarMenu] Success
[2020/07/29 03:33:15.717742][I][setZigbeeMenu] Check Zigbee Menu
[2020/07/29 03:33:15.926261][I][sendCOMCommand] DUT <= 2
[2020/07/29 03:33:16.034641][I][sendCOMCommand] Serial buffer size: 22
[2020/07/29 03:33:16.547711][I][sendCOMCommand] DUT => 2
$2_Zigbee(EM357)>

[2020/07/29 03:33:16.556706][I][setZigbeeMenu] Success
[2020/07/29 03:33:16.560668][I][setZigbee_Tx] Set Diagnostics Menu
[2020/07/29 03:33:16.766289][I][sendCOMCommand] DUT <= d
[2020/07/29 03:33:16.876552][I][sendCOMCommand] Serial buffer size: 22
[2020/07/29 03:33:17.398720][I][sendCOMCommand] DUT => d
$2-d_Diagnostics>

[2020/07/29 03:33:17.406737][I][setZigbee_Tx] Success
[2020/07/29 03:33:17.410753][I][setZigbee_Tx] Set Channel Menu
[2020/07/29 03:33:17.616415][I][sendCOMCommand] DUT <= 2
[2020/07/29 03:33:17.726471][I][sendCOMCommand] Serial buffer size: 66
[2020/07/29 03:33:18.237682][I][sendCOMCommand] DUT => 2
$2-d-2_Set Channel (11 => 26) [0B - 1A by HEX]>
$PARAMETER?>

[2020/07/29 03:33:18.243731][I][setZigbee_Tx] Success
[2020/07/29 03:33:18.248454][I][setZigbee_Tx] Set Channel
[2020/07/29 03:33:18.453585][I][sendCOMCommand] DUT <= 18
[2020/07/29 03:33:18.570715][I][sendCOMCommand] Serial buffer size: 34
[2020/07/29 03:33:19.085098][I][sendCOMCommand] DUT => Set Channel: 24 (0x18)
$DONE_OK
$2-d_Diagnostics>

[2020/07/29 03:33:19.093123][I][setZigbee_Tx] Success
[2020/07/29 03:33:19.096131][I][setZigbee_Tx] Set PWR Menu
[2020/07/29 03:33:19.302119][I][sendCOMCommand] DUT <= 3
[2020/07/29 03:33:19.408356][I][sendCOMCommand] Serial buffer size: 79
[2020/07/29 03:33:19.921176][I][sendCOMCommand] DUT => 3
$2-d-3_Set Power (-32 => +8dBm, Step=1dB) [-2B - 08 by HEX]>
$PARAMETER?>

[2020/07/29 03:33:19.928438][I][setZigbee_Tx] Success
[2020/07/29 03:33:19.932489][I][setZigbee_Tx] Set Tx PWR
[2020/07/29 03:33:20.138174][I][sendCOMCommand] DUT <= FE
[2020/07/29 03:33:20.246815][I][sendCOMCommand] Serial buffer size: 57
[2020/07/29 03:33:20.766475][I][sendCOMCommand] DUT => Set Power: -2 (0xFFFFFFFE)
$DONE_OK
$2-d_Diagnostics>

[2020/07/29 03:33:20.773484][I][setZigbee_Tx] Success
[2020/07/29 03:33:20.784323][I][setScimitarMenu] Set Scimitar menu
[2020/07/29 03:33:20.989796][I][sendCOMCommand] DUT <= x
[2020/07/29 03:33:21.100297][I][sendCOMCommand] Serial buffer size: 22
[2020/07/29 03:33:21.612086][I][sendCOMCommand] DUT => x
$2_Zigbee(EM357)>

[2020/07/29 03:33:21.821228][I][sendCOMCommand] DUT <= x
[2020/07/29 03:33:21.930062][I][sendCOMCommand] Serial buffer size: 7
[2020/07/29 03:33:22.451190][I][sendCOMCommand] DUT => x
$>

[2020/07/29 03:33:22.458198][I][setScimitarMenu] Success
[2020/07/29 03:33:22.462779][I][setZigbeeMenu] Check Zigbee Menu
[2020/07/29 03:33:22.668267][I][sendCOMCommand] DUT <= 2
[2020/07/29 03:33:22.776830][I][sendCOMCommand] Serial buffer size: 22
[2020/07/29 03:33:23.290390][I][sendCOMCommand] DUT => 2
$2_Zigbee(EM357)>

[2020/07/29 03:33:23.297404][I][setZigbeeMenu] Success
[2020/07/29 03:33:23.302459][I][setTxStart] Set Tx start
[2020/07/29 03:33:25.404938][I][setTxStop] Set Tx stop
[2020/07/29 03:33:25.610891][I][sendCOMCommand] DUT <= 5
[2020/07/29 03:33:25.720942][I][sendCOMCommand] Serial buffer size: 202
[2020/07/29 03:33:26.242180][I][sendCOMCommand] DUT => [mfglib]Send Packet(100 bytes)
[mfglib]Send Packet(100 bytes)
[mfglib]Send Packet(100 bytes)
5
ZigBee send packet test end.
Total number of emberStatus errors:0
$[0]
$DONE_OK
$2_Zigbee(EM357)>

[2020/07/29 03:33:26.248187][I][setTxStop] Success
[2020/07/29 03:33:27.548207][I][setZigbee_Rx] ZIGBEE_2450 CH: 19
[2020/07/29 03:33:27.552171][I][setScimitarMenu] Set Scimitar menu
[2020/07/29 03:33:27.756725][I][sendCOMCommand] DUT <= x
[2020/07/29 03:33:27.866793][I][sendCOMCommand] Serial buffer size: 7
[2020/07/29 03:33:28.389478][I][sendCOMCommand] DUT => x
$>

[2020/07/29 03:33:28.397497][I][setScimitarMenu] Success
[2020/07/29 03:33:28.401768][I][setZigbeeMenu] Check Zigbee Menu
[2020/07/29 03:33:28.607340][I][sendCOMCommand] DUT <= 2
[2020/07/29 03:33:28.717406][I][sendCOMCommand] Serial buffer size: 22
[2020/07/29 03:33:29.238079][I][sendCOMCommand] DUT => 2
$2_Zigbee(EM357)>

[2020/07/29 03:33:29.247124][I][setZigbeeMenu] Success
[2020/07/29 03:33:29.250092][I][setZigbee_Rx] Set Diagnostics Menu
[2020/07/29 03:33:29.456755][I][sendCOMCommand] DUT <= d
[2020/07/29 03:33:29.574994][I][sendCOMCommand] Serial buffer size: 22
[2020/07/29 03:33:30.087806][I][sendCOMCommand] DUT => d
$2-d_Diagnostics>

[2020/07/29 03:33:30.094423][I][setZigbee_Rx] Success
[2020/07/29 03:33:30.098426][I][setZigbee_Rx] Set Channel Menu
[2020/07/29 03:33:30.303084][I][sendCOMCommand] DUT <= 2
[2020/07/29 03:33:30.413246][I][sendCOMCommand] Serial buffer size: 66
[2020/07/29 03:33:30.934603][I][sendCOMCommand] DUT => 2
$2-d-2_Set Channel (11 => 26) [0B - 1A by HEX]>
$PARAMETER?>

[2020/07/29 03:33:30.940624][I][setZigbee_Rx] Success
[2020/07/29 03:33:30.944439][I][setZigbee_Rx] Set Channel
[2020/07/29 03:33:31.149677][I][sendCOMCommand] DUT <= 13
[2020/07/29 03:33:31.260331][I][sendCOMCommand] Serial buffer size: 51
[2020/07/29 03:33:31.780189][I][sendCOMCommand] DUT => Set Channel: 19 (0x13)
$DONE_OK
$2-d_Diagnostics>

[2020/07/29 03:33:31.789154][I][setZigbee_Rx] Success
[2020/07/29 03:33:31.796173][I][setZigbeeLNAMode] LNA Mode: 1
[2020/07/29 03:33:31.801020][I][setScimitarMenu] Set Scimitar menu
[2020/07/29 03:33:32.005710][I][sendCOMCommand] DUT <= x
[2020/07/29 03:33:32.115983][I][sendCOMCommand] Serial buffer size: 22
[2020/07/29 03:33:32.638102][I][sendCOMCommand] DUT => x
$2_Zigbee(EM357)>

[2020/07/29 03:33:32.845741][I][sendCOMCommand] DUT <= x
[2020/07/29 03:33:32.954350][I][sendCOMCommand] Serial buffer size: 7
[2020/07/29 03:33:33.476161][I][sendCOMCommand] DUT => x
$>

[2020/07/29 03:33:33.484189][I][setScimitarMenu] Success
[2020/07/29 03:33:33.488189][I][setZigbeeMenu] Check Zigbee Menu
[2020/07/29 03:33:33.693649][I][sendCOMCommand] DUT <= 2
[2020/07/29 03:33:33.803758][I][sendCOMCommand] Serial buffer size: 22
[2020/07/29 03:33:34.326075][I][sendCOMCommand] DUT => 2
$2_Zigbee(EM357)>

[2020/07/29 03:33:34.330120][I][setZigbeeMenu] Success
[2020/07/29 03:33:34.334091][I][setZigbeeLNAMode] Set GPIO Write Menu
[2020/07/29 03:33:34.539779][I][sendCOMCommand] DUT <= 3
[2020/07/29 03:33:34.648493][I][sendCOMCommand] Serial buffer size: 28
[2020/07/29 03:33:35.158031][I][sendCOMCommand] DUT => 3
$2-3_ZigBee GPIO Write>

[2020/07/29 03:33:35.165046][I][setZigbeeLNAMode] Success
[2020/07/29 03:33:35.169241][I][setZigbeeLNAMode] Set LNA Mode
[2020/07/29 03:33:35.374347][I][sendCOMCommand] DUT <= 3
[2020/07/29 03:33:35.493028][I][sendCOMCommand] Serial buffer size: 106
[2020/07/29 03:33:36.006398][I][sendCOMCommand] DUT => 3
[EZSP]Setting GPIO was successful. (portPin=3, cfg=1, out=0)
$[0]
$DONE_OK
$2-3_ZigBee GPIO Write>

[2020/07/29 03:33:36.216509][I][sendCOMCommand] DUT <= 3
[2020/07/29 03:33:36.326630][I][sendCOMCommand] Serial buffer size: 106
[2020/07/29 03:33:36.835520][I][sendCOMCommand] DUT => 3
[EZSP]Setting GPIO was successful. (portPin=3, cfg=1, out=1)
$[1]
$DONE_OK
$2-3_ZigBee GPIO Write>

[2020/07/29 03:33:36.839532][I][setZigbeeLNAMode] Success
[2020/07/29 03:33:37.857286][I][getRxResult] Get Rx Result
[2020/07/29 03:33:37.865364][I][setScimitarMenu] Set Scimitar menu
[2020/07/29 03:33:38.071023][I][sendCOMCommand] DUT <= x
[2020/07/29 03:33:38.180909][I][sendCOMCommand] Serial buffer size: 22
[2020/07/29 03:33:38.703732][I][sendCOMCommand] DUT => x
$2_Zigbee(EM357)>

[2020/07/29 03:33:38.912326][I][sendCOMCommand] DUT <= x
[2020/07/29 03:33:39.022879][I][sendCOMCommand] Serial buffer size: 7
[2020/07/29 03:33:39.544674][I][sendCOMCommand] DUT => x
$>

[2020/07/29 03:33:39.553720][I][setScimitarMenu] Success
[2020/07/29 03:33:39.557691][I][setZigbeeMenu] Check Zigbee Menu
[2020/07/29 03:33:39.762836][I][sendCOMCommand] DUT <= 2
[2020/07/29 03:33:39.879941][I][sendCOMCommand] Serial buffer size: 22
[2020/07/29 03:33:40.390665][I][sendCOMCommand] DUT => 2
$2_Zigbee(EM357)>

[2020/07/29 03:33:40.407710][I][setZigbeeMenu] Success
[2020/07/29 03:33:40.618298][I][sendCOMCommand] DUT <= b
[2020/07/29 03:33:40.726688][I][sendCOMCommand] Serial buffer size: 94
[2020/07/29 03:33:40.836699][W][sendCOMCommand] Buffer not empty!!!
[2020/07/29 03:33:40.852742][I][sendCOMCommand] Serial buffer size: 183
[2020/07/29 03:33:41.266941][W][sendCOMCommand] Buffer not empty!!!
[2020/07/29 03:33:41.275986][I][sendCOMCommand] Serial buffer size: 29
[2020/07/29 03:33:41.784786][I][sendCOMCommand] DUT => b
ZigBee get Rssi test start.
Start Scan ... (Channel: 19 (0x13) duration:2 mask:00080000)
Channel: 19 (0x13), Rssi:-14
Total OK!    OOO   K  K   !
            O   O  K K    !
            O   O  KK     !
            O   O  K K     
             OOO   K  Kk  !
$[-14]
$DONE_OK
$2_Zigbee(EM357)>

[2020/07/29 03:33:41.856821][I][setZigbee_Rx] ZIGBEE_2450 CH: 19
[2020/07/29 03:33:41.860828][I][setScimitarMenu] Set Scimitar menu
[2020/07/29 03:33:42.067797][I][sendCOMCommand] DUT <= x
[2020/07/29 03:33:42.178625][I][sendCOMCommand] Serial buffer size: 7
[2020/07/29 03:33:42.690730][I][sendCOMCommand] DUT => x
$>

[2020/07/29 03:33:42.699731][I][setScimitarMenu] Success
[2020/07/29 03:33:42.703707][I][setZigbeeMenu] Check Zigbee Menu
[2020/07/29 03:33:42.909339][I][sendCOMCommand] DUT <= 2
[2020/07/29 03:33:43.017972][I][sendCOMCommand] Serial buffer size: 22
[2020/07/29 03:33:43.531608][I][sendCOMCommand] DUT => 2
$2_Zigbee(EM357)>

[2020/07/29 03:33:43.537602][I][setZigbeeMenu] Success
[2020/07/29 03:33:43.541622][I][setZigbee_Rx] Set Diagnostics Menu
[2020/07/29 03:33:43.747536][I][sendCOMCommand] DUT <= d
[2020/07/29 03:33:43.857006][I][sendCOMCommand] Serial buffer size: 22
[2020/07/29 03:33:44.367752][I][sendCOMCommand] DUT => d
$2-d_Diagnostics>

[2020/07/29 03:33:44.374774][I][setZigbee_Rx] Success
[2020/07/29 03:33:44.378784][I][setZigbee_Rx] Set Channel Menu
[2020/07/29 03:33:44.584292][I][sendCOMCommand] DUT <= 2
[2020/07/29 03:33:44.694645][I][sendCOMCommand] Serial buffer size: 66
[2020/07/29 03:33:45.215839][I][sendCOMCommand] DUT => 2
$2-d-2_Set Channel (11 => 26) [0B - 1A by HEX]>
$PARAMETER?>

[2020/07/29 03:33:45.231836][I][setZigbee_Rx] Success
[2020/07/29 03:33:45.241857][I][setZigbee_Rx] Set Channel
[2020/07/29 03:33:45.449887][I][sendCOMCommand] DUT <= 13
[2020/07/29 03:33:45.559850][I][sendCOMCommand] Serial buffer size: 34
[2020/07/29 03:33:46.082685][I][sendCOMCommand] DUT => Set Channel: 19 (0x13)
$DONE_OK
$2-d_Diagnostics>

[2020/07/29 03:33:46.089247][I][setZigbee_Rx] Success
[2020/07/29 03:33:46.096298][I][setZigbeeLNAMode] LNA Mode: 0
[2020/07/29 03:33:46.100309][I][setScimitarMenu] Set Scimitar menu
[2020/07/29 03:33:46.305771][I][sendCOMCommand] DUT <= x
[2020/07/29 03:33:46.415638][I][sendCOMCommand] Serial buffer size: 22
[2020/07/29 03:33:46.938348][I][sendCOMCommand] DUT => x
$2_Zigbee(EM357)>

[2020/07/29 03:33:47.148421][I][sendCOMCommand] DUT <= x
[2020/07/29 03:33:47.258717][I][sendCOMCommand] Serial buffer size: 3
[2020/07/29 03:33:47.781188][I][sendCOMCommand] DUT => x
$>

[2020/07/29 03:33:47.787935][I][setScimitarMenu] Success
[2020/07/29 03:33:47.791985][I][setZigbeeMenu] Check Zigbee Menu
[2020/07/29 03:33:47.996873][I][sendCOMCommand] DUT <= 2
[2020/07/29 03:33:48.107312][I][sendCOMCommand] Serial buffer size: 22
[2020/07/29 03:33:48.626752][I][sendCOMCommand] DUT => 2
$2_Zigbee(EM357)>

[2020/07/29 03:33:48.634780][I][setZigbeeMenu] Success
[2020/07/29 03:33:48.638790][I][setZigbeeLNAMode] Set GPIO Write Menu
[2020/07/29 03:33:48.843673][I][sendCOMCommand] DUT <= 3
[2020/07/29 03:33:48.954828][I][sendCOMCommand] Serial buffer size: 28
[2020/07/29 03:33:49.475836][I][sendCOMCommand] DUT => 3
$2-3_ZigBee GPIO Write>

[2020/07/29 03:33:49.484857][I][setZigbeeLNAMode] Success
[2020/07/29 03:33:49.488863][I][setZigbeeLNAMode] Set LNA Mode
[2020/07/29 03:33:49.694420][I][sendCOMCommand] DUT <= 3
[2020/07/29 03:33:49.804939][I][sendCOMCommand] Serial buffer size: 106
[2020/07/29 03:33:50.325926][I][sendCOMCommand] DUT => 3
[EZSP]Setting GPIO was successful. (portPin=3, cfg=1, out=0)
$[0]
$DONE_OK
$2-3_ZigBee GPIO Write>

[2020/07/29 03:33:50.331878][I][setZigbeeLNAMode] Success
[2020/07/29 03:33:51.348680][I][getRxResult] Get Rx Result
[2020/07/29 03:33:51.356740][I][setScimitarMenu] Set Scimitar menu
[2020/07/29 03:33:51.562878][I][sendCOMCommand] DUT <= x
[2020/07/29 03:33:51.673275][I][sendCOMCommand] Serial buffer size: 22
[2020/07/29 03:33:52.194556][I][sendCOMCommand] DUT => x
$2_Zigbee(EM357)>

[2020/07/29 03:33:52.402908][I][sendCOMCommand] DUT <= x
[2020/07/29 03:33:52.512551][I][sendCOMCommand] Serial buffer size: 7
[2020/07/29 03:33:53.033127][I][sendCOMCommand] DUT => x
$>

[2020/07/29 03:33:53.042591][I][setScimitarMenu] Success
[2020/07/29 03:33:53.046604][I][setZigbeeMenu] Check Zigbee Menu
[2020/07/29 03:33:53.251799][I][sendCOMCommand] DUT <= 2
[2020/07/29 03:33:53.370125][I][sendCOMCommand] Serial buffer size: 22
[2020/07/29 03:33:53.879308][I][sendCOMCommand] DUT => 2
$2_Zigbee(EM357)>

[2020/07/29 03:33:53.885265][I][setZigbeeMenu] Success
[2020/07/29 03:33:54.090430][I][sendCOMCommand] DUT <= b
[2020/07/29 03:33:54.200469][I][sendCOMCommand] Serial buffer size: 94
[2020/07/29 03:33:54.320041][W][sendCOMCommand] Buffer not empty!!!
[2020/07/29 03:33:54.337095][I][sendCOMCommand] Serial buffer size: 183
[2020/07/29 03:33:54.748475][W][sendCOMCommand] Buffer not empty!!!
[2020/07/29 03:33:54.757448][I][sendCOMCommand] Serial buffer size: 10
[2020/07/29 03:33:54.862076][W][sendCOMCommand] Buffer not empty!!!
[2020/07/29 03:33:54.867096][I][sendCOMCommand] Serial buffer size: 2
[2020/07/29 03:33:55.375559][I][sendCOMCommand] DUT => b
ZigBee get Rssi test start.
Start Scan ... (Channel: 19 (0x13) duration:2 mask:00080000)
Channel: 19 (0x13), Rssi:-27
Total OK!    OOO   K  K   !
            O   O  K K    !
            O   O  KK     !
            O   O  K K     
             OOO   K  Kk  !
$[-27]
$DONE_OK
$2_Zigbee(EM357)>

[2020/07/29 03:33:55.856578][I][disconnectDUT] Disconnect DUT success
