[2020/07/29 03:34:15.419655]========== Start ==========
[2020/07/29 03:34:15.421659][I][class_E6640A_LTE] Initial class_E6640A_LTE
[2020/07/29 03:34:15.422663][I][class_E6640A_LTE] Version: 3.0.0.3
[2020/07/29 03:34:15.426672][I][connect_E6640A] Connect to E6640A
[2020/07/29 03:34:15.437702][I][connect_E6640A] Resource Manager of Visa Library at C:\Windows\system32\visa32.dll
[2020/07/29 03:34:15.491846][I][queryEx] E6640A <= *IDN?
[2020/07/29 03:34:15.496860][I][queryEx] E6640A => Keysight Technologies,E6640A,MY57150246,E.19.71
[2020/07/29 03:34:15.498865][I][set_Preset] System reset
[2020/07/29 03:34:15.499868][I][writeEx] E6640A <= *RST
[2020/07/29 03:34:15.502875][I][writeEx] E6640A <= *CLS
[2020/07/29 03:34:15.506888][I][writeEx] E6640A <= SYST:PRES
[2020/07/29 03:34:15.809695][I][queryEx] E6640A <= *OPC?
[2020/07/29 03:34:16.559804][I][queryEx] E6640A => 1
[2020/07/29 03:34:16.564818][I][set_Preset] System reset
[2020/07/29 03:34:16.565821][I][writeEx] E6640A <= *RST
[2020/07/29 03:34:16.567826][I][writeEx] E6640A <= *CLS
[2020/07/29 03:34:16.569831][I][writeEx] E6640A <= SYST:PRES
[2020/07/29 03:34:16.873645][I][queryEx] E6640A <= *OPC?
[2020/07/29 03:34:17.600608][I][queryEx] E6640A => 1
[2020/07/29 03:34:17.850236][I][set_Preset] System reset
[2020/07/29 03:34:17.852241][I][writeEx] E6640A <= *RST
[2020/07/29 03:34:17.855250][I][writeEx] E6640A <= *CLS
[2020/07/29 03:34:17.857259][I][writeEx] E6640A <= SYST:PRES
[2020/07/29 03:34:18.160060][I][queryEx] E6640A <= *OPC?
[2020/07/29 03:34:18.900027][I][queryEx] E6640A => 1
[2020/07/29 03:34:18.909051][I][set_Tx_Start] Set Tx start
[2020/07/29 03:34:18.911057][I][set_RFI_Port] Set input port
[2020/07/29 03:34:18.913062][I][writeEx] E6640A <= :FEED:RF:PORT:INPut RFIO1
[2020/07/29 03:34:18.915068][I][queryEx] E6640A <= :FEED:RF:PORT:INPut?
[2020/07/29 03:34:18.920081][I][queryEx] E6640A => RFIO1
[2020/07/29 03:34:18.922087][I][set_Modulation_Analysis] Set measurement function
[2020/07/29 03:34:18.924091][I][writeEx] E6640A <= INST:SEL LTEAFDD
[2020/07/29 03:34:19.227414][I][queryEx] E6640A <= *OPC?
[2020/07/29 03:34:19.236962][I][queryEx] E6640A => 1
[2020/07/29 03:34:19.241056][I][queryEx] E6640A <= INST:SEL?
[2020/07/29 03:34:19.246073][I][queryEx] E6640A => LTEAFDD
[2020/07/29 03:34:19.248076][I][writeEx] E6640A <= DISP:CHP:VIEW:WIND:TRAC:Y:COUP OFF
[2020/07/29 03:34:19.251477][I][set_Freq] Set frequence
[2020/07/29 03:34:19.253484][I][writeEx] E6640A <= :FREQuency:CENTer 897.4 MHz
[2020/07/29 03:34:19.256493][I][set_Continue] Set continue
[2020/07/29 03:34:19.258497][I][writeEx] E6640A <= :INIT:CONT ON
[2020/07/29 03:34:19.261507][I][set_Trigger_Free_Run] Set trigger free run
[2020/07/29 03:34:19.263511][I][writeEx] E6640A <= TRIG:CHP:SOUR IMM
[2020/07/29 03:34:19.567404][I][queryEx] E6640A <= *OPC?
[2020/07/29 03:34:19.575630][I][queryEx] E6640A => 1
[2020/07/29 03:34:24.159269][I][chk_Tx_Result] Check Tx result
[2020/07/29 03:34:24.170253][I][set_Limit_Range] Set reference value
[2020/07/29 03:34:24.180279][I][writeEx] E6640A <= DISP:CHP:VIEW:WIND:TRAC:Y:RLEV 30.0 dBm
[2020/07/29 03:34:24.487251][I][queryEx] E6640A <= *OPC?
[2020/07/29 03:34:24.494267][I][queryEx] E6640A => 1
[2020/07/29 03:34:24.497277][I][set_Limit_Range] Set power range
[2020/07/29 03:34:24.500285][I][writeEx] E6640A <= :POW:RANG 30.0 dBm
[2020/07/29 03:34:24.806901][I][queryEx] E6640A <= *OPC?
[2020/07/29 03:34:24.815659][I][queryEx] E6640A => 1
[2020/07/29 03:34:24.818669][I][set_Trigger_Video] Set trigger video
[2020/07/29 03:34:24.821677][I][writeEx] E6640A <= TRIG:CHP:SOUR IF
[2020/07/29 03:34:25.126052][I][queryEx] E6640A <= *OPC?
[2020/07/29 03:34:25.135114][I][queryEx] E6640A => 1
[2020/07/29 03:34:25.239665][I][set_Trigger_Free_Run] Set trigger free run
[2020/07/29 03:34:25.249644][I][writeEx] E6640A <= TRIG:CHP:SOUR IMM
[2020/07/29 03:34:25.555164][I][queryEx] E6640A <= *OPC?
[2020/07/29 03:34:25.563249][I][queryEx] E6640A => 1
[2020/07/29 03:34:25.567272][I][get_Power] Get Tx power
[2020/07/29 03:34:25.569279][I][queryEx] E6640A <= :FETCh:CHPower:CHPower?
[2020/07/29 03:34:25.576310][I][queryEx] E6640A => 1.394998741E+01
[2020/07/29 03:34:25.579181][I][chk_Tx_Result] Tx power(add loss: 8.500000) = 22.450000 dBm
[2020/07/29 03:34:25.582190][I][set_Continue] Set continue
[2020/07/29 03:34:25.585907][I][writeEx] E6640A <= :INIT:CONT ON
[2020/07/29 03:34:27.518908][I][set_Preset] System reset
[2020/07/29 03:34:27.522664][I][writeEx] E6640A <= *RST
[2020/07/29 03:34:27.525675][I][writeEx] E6640A <= *CLS
[2020/07/29 03:34:27.528743][I][writeEx] E6640A <= SYST:PRES
[2020/07/29 03:34:27.832703][I][queryEx] E6640A <= *OPC?
[2020/07/29 03:34:28.387010][I][queryEx] E6640A => 1
[2020/07/29 03:34:28.402356][I][set_Tx_Start] Set Tx start
[2020/07/29 03:34:28.405366][I][set_RFI_Port] Set input port
[2020/07/29 03:34:28.408374][I][writeEx] E6640A <= :FEED:RF:PORT:INPut RFIO1
[2020/07/29 03:34:28.412256][I][queryEx] E6640A <= :FEED:RF:PORT:INPut?
[2020/07/29 03:34:28.417673][I][queryEx] E6640A => RFIO1
[2020/07/29 03:34:28.420695][I][set_Modulation_Analysis] Set measurement function
[2020/07/29 03:34:28.423722][I][writeEx] E6640A <= INST:SEL LTEAFDD
[2020/07/29 03:34:28.728020][I][queryEx] E6640A <= *OPC?
[2020/07/29 03:34:28.736441][I][queryEx] E6640A => 1
[2020/07/29 03:34:28.740494][I][queryEx] E6640A <= INST:SEL?
[2020/07/29 03:34:28.746529][I][queryEx] E6640A => LTEAFDD
[2020/07/29 03:34:28.749485][I][writeEx] E6640A <= DISP:CHP:VIEW:WIND:TRAC:Y:COUP OFF
[2020/07/29 03:34:28.753491][I][set_Freq] Set frequence
[2020/07/29 03:34:28.756537][I][writeEx] E6640A <= :FREQuency:CENTer 1950.0 MHz
[2020/07/29 03:34:28.759548][I][set_Continue] Set continue
[2020/07/29 03:34:28.762555][I][writeEx] E6640A <= :INIT:CONT ON
[2020/07/29 03:34:28.765565][I][set_Trigger_Free_Run] Set trigger free run
[2020/07/29 03:34:28.768532][I][writeEx] E6640A <= TRIG:CHP:SOUR IMM
[2020/07/29 03:34:29.073759][I][queryEx] E6640A <= *OPC?
[2020/07/29 03:34:29.082862][I][queryEx] E6640A => 1
[2020/07/29 03:34:33.698692][I][chk_Tx_Result] Check Tx result
[2020/07/29 03:34:33.706702][I][set_Limit_Range] Set reference value
[2020/07/29 03:34:33.709710][I][writeEx] E6640A <= DISP:CHP:VIEW:WIND:TRAC:Y:RLEV 30.0 dBm
[2020/07/29 03:34:34.014392][I][queryEx] E6640A <= *OPC?
[2020/07/29 03:34:34.026144][I][queryEx] E6640A => 1
[2020/07/29 03:34:34.030157][I][set_Limit_Range] Set power range
[2020/07/29 03:34:34.033888][I][writeEx] E6640A <= :POW:RANG 30.0 dBm
[2020/07/29 03:34:34.338487][I][queryEx] E6640A <= *OPC?
[2020/07/29 03:34:34.355517][I][queryEx] E6640A => 1
[2020/07/29 03:34:34.366531][I][set_Trigger_Video] Set trigger video
[2020/07/29 03:34:34.372544][I][writeEx] E6640A <= TRIG:CHP:SOUR IF
[2020/07/29 03:34:34.680216][I][queryEx] E6640A <= *OPC?
[2020/07/29 03:34:34.690249][I][queryEx] E6640A => 1
[2020/07/29 03:34:34.795076][I][set_Trigger_Free_Run] Set trigger free run
[2020/07/29 03:34:34.808669][I][writeEx] E6640A <= TRIG:CHP:SOUR IMM
[2020/07/29 03:34:35.119065][I][queryEx] E6640A <= *OPC?
[2020/07/29 03:34:35.129081][I][queryEx] E6640A => 1
[2020/07/29 03:34:35.132950][I][get_Power] Get Tx power
[2020/07/29 03:34:35.135960][I][queryEx] E6640A <= :FETCh:CHPower:CHPower?
[2020/07/29 03:34:35.142122][I][queryEx] E6640A => 1.157911587E+01
[2020/07/29 03:34:35.145136][I][chk_Tx_Result] Tx power(add loss: 9.200000) = 20.779000 dBm
[2020/07/29 03:34:35.148795][I][set_Continue] Set continue
[2020/07/29 03:34:35.151805][I][writeEx] E6640A <= :INIT:CONT ON
[2020/07/29 03:34:37.099206][I][set_Preset] System reset
[2020/07/29 03:34:37.102214][I][writeEx] E6640A <= *RST
[2020/07/29 03:34:37.105664][I][writeEx] E6640A <= *CLS
[2020/07/29 03:34:37.108685][I][writeEx] E6640A <= SYST:PRES
[2020/07/29 03:34:37.413291][I][queryEx] E6640A <= *OPC?
[2020/07/29 03:34:37.950770][I][queryEx] E6640A => 1
[2020/07/29 03:34:37.963812][I][set_Tx_Start] Set Tx start
[2020/07/29 03:34:37.967822][I][set_RFI_Port] Set input port
[2020/07/29 03:34:37.971302][I][writeEx] E6640A <= :FEED:RF:PORT:INPut RFIO1
[2020/07/29 03:34:37.974311][I][queryEx] E6640A <= :FEED:RF:PORT:INPut?
[2020/07/29 03:34:37.979904][I][queryEx] E6640A => RFIO1
[2020/07/29 03:34:37.983348][I][set_Modulation_Analysis] Set measurement function
[2020/07/29 03:34:37.986360][I][writeEx] E6640A <= INST:SEL LTEAFDD
[2020/07/29 03:34:38.289883][I][queryEx] E6640A <= *OPC?
[2020/07/29 03:34:38.297096][I][queryEx] E6640A => 1
[2020/07/29 03:34:38.300870][I][queryEx] E6640A <= INST:SEL?
[2020/07/29 03:34:38.306623][I][queryEx] E6640A => LTEAFDD
[2020/07/29 03:34:38.310359][I][writeEx] E6640A <= DISP:CHP:VIEW:WIND:TRAC:Y:COUP OFF
[2020/07/29 03:34:38.313369][I][set_Freq] Set frequence
[2020/07/29 03:34:38.316377][I][writeEx] E6640A <= :FREQuency:CENTer 914.8 MHz
[2020/07/29 03:34:38.320390][I][set_Continue] Set continue
[2020/07/29 03:34:38.323395][I][writeEx] E6640A <= :INIT:CONT ON
[2020/07/29 03:34:38.327414][I][set_Trigger_Free_Run] Set trigger free run
[2020/07/29 03:34:38.331099][I][writeEx] E6640A <= TRIG:CHP:SOUR IMM
[2020/07/29 03:34:38.635767][I][queryEx] E6640A <= *OPC?
[2020/07/29 03:34:38.654028][I][queryEx] E6640A => 1
[2020/07/29 03:34:41.682595][I][chk_Tx_Result] Check Tx result
[2020/07/29 03:34:41.689566][I][set_Limit_Range] Set reference value
[2020/07/29 03:34:41.692574][I][writeEx] E6640A <= DISP:CHP:VIEW:WIND:TRAC:Y:RLEV 30.0 dBm
[2020/07/29 03:34:41.999028][I][queryEx] E6640A <= *OPC?
[2020/07/29 03:34:42.010526][I][queryEx] E6640A => 1
[2020/07/29 03:34:42.014586][I][set_Limit_Range] Set power range
[2020/07/29 03:34:42.018595][I][writeEx] E6640A <= :POW:RANG 30.0 dBm
[2020/07/29 03:34:42.324479][I][queryEx] E6640A <= *OPC?
[2020/07/29 03:34:42.334514][I][queryEx] E6640A => 1
[2020/07/29 03:34:44.339500][I][set_Trigger_Video] Set trigger video
[2020/07/29 03:34:44.346463][I][writeEx] E6640A <= TRIG:CHP:SOUR IF
[2020/07/29 03:34:44.651830][I][queryEx] E6640A <= *OPC?
[2020/07/29 03:34:44.660705][I][queryEx] E6640A => 1
[2020/07/29 03:34:44.665722][I][get_Power] Get Tx power
[2020/07/29 03:34:44.668766][I][queryEx] E6640A <= :FETCh:CHPower:CHPower?
[2020/07/29 03:34:45.295086][I][queryEx] E6640A => 2.275354576E+01
[2020/07/29 03:34:45.299099][I][chk_Tx_Result] Tx power(add loss: 8.500000) = 31.254000 dBm
[2020/07/29 03:34:45.302107][I][set_Continue] Set continue
[2020/07/29 03:34:45.306154][I][writeEx] E6640A <= :INIT:CONT ON
[2020/07/29 03:34:47.048282][I][set_Preset] System reset
[2020/07/29 03:34:47.053696][I][writeEx] E6640A <= *RST
[2020/07/29 03:34:47.056721][I][writeEx] E6640A <= *CLS
[2020/07/29 03:34:47.059714][I][writeEx] E6640A <= SYST:PRES
[2020/07/29 03:34:47.365269][I][queryEx] E6640A <= *OPC?
[2020/07/29 03:34:47.863587][I][queryEx] E6640A => 1
[2020/07/29 03:34:47.879402][I][set_Rx_Waveform] Set Rx waveform
[2020/07/29 03:34:47.882933][I][set_RFO_Port] Set output port
[2020/07/29 03:34:47.885945][I][writeEx] E6640A <= :FEED:RF:PORT:OUTPut RFIO1
[2020/07/29 03:34:47.888951][I][queryEx] E6640A <= :FEED:RF:PORT:OUTPut?
[2020/07/29 03:34:47.895160][I][queryEx] E6640A => RFIO1
[2020/07/29 03:34:47.898486][I][set_OneTone_Freq] Set One Tone frequence
[2020/07/29 03:34:47.901447][I][writeEx] E6640A <= :SOUR:FREQ 959.8 MHz
[2020/07/29 03:34:47.904457][I][set_OneTone_Power] Set One Tone power
[2020/07/29 03:34:47.907474][I][writeEx] E6640A <= :SOURce:POWer -51.5
[2020/07/29 03:34:47.911810][I][loading_Waveform] Load waveform
[2020/07/29 03:34:47.915176][I][queryEx] E6640A <= :SOURce:RADio:ARB:CATalog?
[2020/07/29 03:34:47.960680][I][queryEx] E6640A => 9600,4184704,"CTX10_RFLTE_20160809.wfm"
[2020/07/29 03:34:47.964719][I][writeEx] E6640A <= :SOUR:RAD:ARB:WAV "D:\NVARB\CTX10_RFLTE_20160809.wfm"
[2020/07/29 03:34:48.270210][I][queryEx] E6640A <= *OPC?
[2020/07/29 03:34:48.281941][I][queryEx] E6640A => 1
[2020/07/29 03:34:48.285990][I][set_ARB_ON] Set ARB ON
[2020/07/29 03:34:48.289697][I][writeEx] E6640A <= :SOUR:RAD:ARB ON
[2020/07/29 03:34:48.293412][I][set_Sample_Rate] Set Sample Rate
[2020/07/29 03:34:48.296421][I][writeEx] E6640A <= SOUR:RAD:ARB:SCL:RATE 100.0 kHz
[2020/07/29 03:34:48.300432][I][set_Modulation_ON] Set ARB ON
[2020/07/29 03:34:48.303440][I][writeEx] E6640A <= :OUTP:MOD ON
[2020/07/29 03:34:48.310458][I][set_OneTone_Start] Set One Tone start
[2020/07/29 03:34:48.313466][I][writeEx] E6640A <= OUTP ON
[2020/07/29 03:34:54.689540][I][set_OneTone_Stop] Set One Tone stop
[2020/07/29 03:34:54.700321][I][writeEx] E6640A <= OUTP OFF
[2020/07/29 03:35:12.535554][I][disconnect_E6640A] Disconnect E6640A
[2020/07/29 03:35:12.538562][I][set_Preset] System reset
[2020/07/29 03:35:12.542607][I][writeEx] E6640A <= *RST
[2020/07/29 03:35:12.545581][I][writeEx] E6640A <= *CLS
[2020/07/29 03:35:12.549621][I][writeEx] E6640A <= SYST:PRES
[2020/07/29 03:35:12.854853][I][queryEx] E6640A <= *OPC?
[2020/07/29 03:35:13.378806][I][queryEx] E6640A => 1
[2020/07/29 03:35:13.388778]========== End ==========
