[2020/07/28 20:32:01][I][getBOM] Get BOM Success!
[2020/07/28 20:32:01][I][getSKU] Get SKU from BOM: BOM_SKU, SKU name: 451AOD30L02
[2020/07/28 20:32:01][I][loadTestItemBySKU] Test Item List = (GFI20Bootup.py,1)(CountDown.py,1)(GFI20_RF_Zigbee,2)(GFI20_RF_LTE,1)
[2020/07/28 20:32:01][I][loadTestItemBySKU] Test Item List Element = ['GFI20Bootup.py,1', 'CountDown.py,1', 'GFI20_RF_Zigbee,2', 'GFI20_RF_LTE,1']
[2020/07/28 20:32:01][I][showTestingMsg] Waiting for testing...
[2020/07/28 20:32:01]---------- TestItem:GFI20Bootup.py  Method:1 ----------
[2020/07/28 20:32:01][I][runTestItem] Test start time: 2020/07/28 20:32:01
[2020/07/28 20:32:03][I][runTestItem] Test finished
[2020/07/28 20:32:03][I][checkTestResult] Version=3.0.0.3
[2020/07/28 20:32:03][I][checkTestResult] Result=Pass
[2020/07/28 20:32:03]*********************************************************
[2020/07/28 20:32:03]GFI20Bootup.py   3.0.0.3

[2020/07/28 20:32:03]			Result: Pass

[2020/07/28 20:32:03]			Method: 1

[2020/07/28 20:32:03]			Start: 2020/07/28 20:32:01

[2020/07/28 20:32:03]			End: 2020/07/28 20:32:03
[2020/07/28 20:32:03][I][runTestItem] Test end time: 2020/07/28 20:32:03
[2020/07/28 20:32:03]---------- TestItem:CountDown.py  Method:1 ----------
[2020/07/28 20:32:03][I][runTestItem] Test start time: 2020/07/28 20:32:03
[2020/07/28 20:33:29][I][runTestItem] Test finished
[2020/07/28 20:33:29][I][checkTestResult] Version=3.0.0.3
[2020/07/28 20:33:29][I][checkTestResult] Result=Pass
[2020/07/28 20:33:29]*********************************************************
[2020/07/28 20:33:29]CountDown.py   3.0.0.3

[2020/07/28 20:33:29]			Result: Pass

[2020/07/28 20:33:29]			Method: 1

[2020/07/28 20:33:29]			Start: 2020/07/28 20:32:03

[2020/07/28 20:33:29]			End: 2020/07/28 20:33:29
[2020/07/28 20:33:29][I][runTestItem] Test end time: 2020/07/28 20:33:29
[2020/07/28 20:33:29]---------- TestItem:GFI20_RF_Zigbee.py  Method:2 ----------
[2020/07/28 20:33:29][I][runTestItem] Test start time: 2020/07/28 20:33:29
[2020/07/28 20:35:26][I][runTestItem] Test finished
[2020/07/28 20:35:26][I][checkTestResult] Version=3.0.0.3
[2020/07/28 20:35:26][I][checkTestResult] Result=Pass
[2020/07/28 20:35:26]*********************************************************
[2020/07/28 20:35:26]GFI20_RF_Zigbee.py   3.0.0.3

[2020/07/28 20:35:26]			Result: Pass

[2020/07/28 20:35:26]			Method: 2

[2020/07/28 20:35:26]			Start: 2020/07/28 20:33:29

[2020/07/28 20:35:26]			End: 2020/07/28 20:35:26
[2020/07/28 20:35:26][I][runTestItem] Test end time: 2020/07/28 20:35:26
[2020/07/28 20:35:26]---------- TestItem:GFI20_RF_LTE.py  Method:1 ----------
[2020/07/28 20:35:26][I][runTestItem] Test start time: 2020/07/28 20:35:26
[2020/07/28 20:39:04][I][runTestItem] Test finished
[2020/07/28 20:39:04][I][checkTestResult] Version=3.0.0.11
[2020/07/28 20:39:04][I][checkTestResult] Result=Fail
[2020/07/28 20:39:04][I][checkTestResult] Reason=LTE_3G 897.4
Tx PWR Current FAIL
[2020/07/28 20:39:04][I][checkTestResult] EC=010000L01
[2020/07/28 20:39:04]*********************************************************
[2020/07/28 20:39:04]GFI20_RF_LTE.py   3.0.0.11

[2020/07/28 20:39:04]			Result: Fail

[2020/07/28 20:39:04]			Method: 1

[2020/07/28 20:39:04]			Start: 2020/07/28 20:35:26

[2020/07/28 20:39:04]			End: 2020/07/28 20:39:04
[2020/07/28 20:39:04]
			Fail Reason: LTE_3G 897.4
Tx PWR Current FAIL
[2020/07/28 20:39:04][I][runTestItem] Test end time: 2020/07/28 20:39:04
[2020/07/28 20:39:05][I][runLastScript] Waiting for ending...
[2020/07/28 20:39:05]---------- TestItem:GFI20LastScript.py  Method:1 ----------
[2020/07/28 20:39:05][I][runLastScript] Test start time: 2020/07/28 20:39:05
[2020/07/28 20:39:26][I][runLastScript] Test finished
[2020/07/28 20:39:26][I][runLastScript] Test end time: 2020/07/28 20:39:26
[2020/07/28 20:39:26][I][checkTestResult] Version=3.0.0.6
[2020/07/28 20:39:26][I][checkTestResult] Result=Pass
[2020/07/28 20:39:26]*********************************************************
[2020/07/28 20:39:26]GFI20LastScript.py   3.0.0.6

[2020/07/28 20:39:26]			Result: Pass

[2020/07/28 20:39:26]			Method: 1

[2020/07/28 20:39:26]			Start: 2020/07/28 20:39:05

[2020/07/28 20:39:26]			End: 2020/07/28 20:39:26
