[2020/07/28 20:33:30.984917]========== Start ==========
[2020/07/28 20:33:30.986960][I][class_E6640A_ZIGBEE] Initial class_E6640A_ZIGBEE
[2020/07/28 20:33:30.989077][I][class_E6640A_ZIGBEE] Version: 3.0.0.2
[2020/07/28 20:33:30.993697][I][connect_E6640A] Connect to E6640A
[2020/07/28 20:33:31.003393][I][connect_E6640A] Resource Manager of Visa Library at C:\Windows\system32\visa64.dll
[2020/07/28 20:33:31.053692][I][queryEx] E6640A <= *IDN?
[2020/07/28 20:33:31.058955][I][queryEx] E6640A => Keysight Technologies,E6640A,MY57150246,E.19.71
[2020/07/28 20:33:31.061728][I][set_Preset] System reset
[2020/07/28 20:33:31.062715][I][writeEx] E6640A <= *RST
[2020/07/28 20:33:31.065737][I][writeEx] E6640A <= *CLS
[2020/07/28 20:33:31.068063][I][writeEx] E6640A <= SYST:PRES
[2020/07/28 20:33:31.371687][I][queryEx] E6640A <= *OPC?
[2020/07/28 20:33:32.129275][I][queryEx] E6640A => 1
[2020/07/28 20:33:32.140250][I][set_Preset] System reset
[2020/07/28 20:33:32.143259][I][writeEx] E6640A <= *RST
[2020/07/28 20:33:32.148127][I][writeEx] E6640A <= *CLS
[2020/07/28 20:33:32.150135][I][writeEx] E6640A <= SYST:PRES
[2020/07/28 20:33:32.455122][I][queryEx] E6640A <= *OPC?
[2020/07/28 20:33:33.232088][I][queryEx] E6640A => 1
[2020/07/28 20:33:33.520716][I][set_Preset] System reset
[2020/07/28 20:33:33.523165][I][writeEx] E6640A <= *RST
[2020/07/28 20:33:33.525173][I][writeEx] E6640A <= *CLS
[2020/07/28 20:33:33.527479][I][writeEx] E6640A <= SYST:PRES
[2020/07/28 20:33:33.831965][I][queryEx] E6640A <= *OPC?
[2020/07/28 20:33:34.603597][I][queryEx] E6640A => 1
[2020/07/28 20:33:34.615640][I][set_Tx_Start] Set Tx start
[2020/07/28 20:33:34.618644][I][set_RFI_Port] Set input port
[2020/07/28 20:33:34.621651][I][writeEx] E6640A <= :FEED:RF:PORT:INPut RFIO1
[2020/07/28 20:33:34.625707][I][queryEx] E6640A <= :FEED:RF:PORT:INPut?
[2020/07/28 20:33:34.631883][I][queryEx] E6640A => RFIO1
[2020/07/28 20:33:34.633891][I][set_Modulation_Analysis] Set measurement function
[2020/07/28 20:33:34.637900][I][writeEx] E6640A <= INST:SEL VSA
[2020/07/28 20:33:34.944290][I][queryEx] E6640A <= *OPC?
[2020/07/28 20:33:34.998547][I][queryEx] E6640A => 1
[2020/07/28 20:33:35.005112][I][queryEx] E6640A <= INST:SEL?
[2020/07/28 20:33:35.013138][I][queryEx] E6640A => VSA
[2020/07/28 20:33:35.017150][I][writeEx] E6640A <= :CONFigure:DDEMod
[2020/07/28 20:33:35.322126][I][queryEx] E6640A <= *OPC?
[2020/07/28 20:33:35.514272][I][queryEx] E6640A => 1
[2020/07/28 20:33:35.522439][I][init_Zigbee_Mode] Initial Zigbee mode
[2020/07/28 20:33:35.524447][I][writeEx] E6640A <= :DDEM:STAN:PRES ZIGBEE2450
[2020/07/28 20:33:35.829510][I][queryEx] E6640A <= *OPC?
[2020/07/28 20:33:35.843521][I][queryEx] E6640A => 1
[2020/07/28 20:33:35.854500][I][set_Continue] Set continue
[2020/07/28 20:33:35.861555][I][writeEx] E6640A <= :INIT:CONT ON
[2020/07/28 20:33:35.866524][I][set_Freq] Set frequence
[2020/07/28 20:33:35.871538][I][writeEx] E6640A <= :FREQuency:CENTer 2425.0 MHz
[2020/07/28 20:33:35.875728][I][set_XScale_Span] Set frequence span
[2020/07/28 20:33:35.878754][I][writeEx] E6640A <= :FREQuency:SPAN 10000.000000 KHZ
[2020/07/28 20:33:35.882785][I][set_Power_Range] Get power range
[2020/07/28 20:33:35.885759][I][writeEx] E6640A <= :POW:RANG 20.000000
[2020/07/28 20:33:35.888766][I][set_Symbol_Rate] Get symbol rate
[2020/07/28 20:33:35.892778][I][writeEx] E6640A <= :DDEMod:SRATe 1000.000000 kHz
[2020/07/28 20:33:35.895812][I][set_Meas_Interval] Get meas interval
[2020/07/28 20:33:35.899635][I][writeEx] E6640A <= :DDEMod:SWEep:POINts 500
[2020/07/28 20:33:35.903647][I][set_Zigbee_TX_BandPower] Set marker function
[2020/07/28 20:33:35.906655][I][writeEx] E6640A <= CALC:DDEMod:MARK1:MODE POS
[2020/07/28 20:33:35.909699][I][writeEx] E6640A <= CALC:DDEMod:MARK1:TRAC 2
[2020/07/28 20:33:35.914678][I][writeEx] E6640A <= CALC:DDEMod:MARK1:FUNC BPOW
[2020/07/28 20:33:35.918307][I][writeEx] E6640A <= CALC:DDEMod:MARK1:FUNC:BPOW:CTYP MEAN
[2020/07/28 20:33:35.921317][I][writeEx] E6640A <= CALC:DDEMod:MARK1:FUNC:BAND:CENT 2425000000.000000
[2020/07/28 20:33:36.227167][I][queryEx] E6640A <= *OPC?
[2020/07/28 20:33:36.243711][I][queryEx] E6640A => 1
[2020/07/28 20:33:36.251752][I][queryEx] E6640A <= CALC:DDEMod:MARK1:FUNC:BAND:CENT?
[2020/07/28 20:33:36.259587][I][queryEx] E6640A => 2.425000000E+09
[2020/07/28 20:33:36.263345][I][writeEx] E6640A <= CALC:DDEMod:MARK1:FUNC:BAND:SPAN 10000000.000000
[2020/07/28 20:33:36.568028][I][queryEx] E6640A <= *OPC?
[2020/07/28 20:33:36.578693][I][queryEx] E6640A => 1
[2020/07/28 20:33:36.582665][I][set_Trigger_Video] Set trigger video
[2020/07/28 20:33:36.585674][I][writeEx] E6640A <= TRIG:DDEM:SOUR VID
[2020/07/28 20:33:36.891929][I][queryEx] E6640A <= *OPC?
[2020/07/28 20:33:36.902966][I][queryEx] E6640A => 1
[2020/07/28 20:33:36.908195][I][set_Trigger_Level] Set trigger level
[2020/07/28 20:33:36.911925][I][writeEx] E6640A <= :TRIGger:VIDeo:LEVel 30.000000 mV
[2020/07/28 20:33:36.915950][I][set_Trigger_Delay] Set trigger delay
[2020/07/28 20:33:36.919949][I][writeEx] E6640A <= :TRIGger:VIDeo:DELay:STATe ON
[2020/07/28 20:33:36.923959][I][queryEx] E6640A <= :TRIGger:VIDeo:DELay:STATe?
[2020/07/28 20:33:36.982522][I][queryEx] E6640A => 1
[2020/07/28 20:33:36.989718][I][writeEx] E6640A <= :TRIGger:VIDeo:DELay:STATe ON
[2020/07/28 20:33:36.996008][I][writeEx] E6640A <= :TRIGger:VIDeo:DELay 0.300000 ms
[2020/07/28 20:33:36.999019][I][init_Trigger_Reg] Initial trigger status register
[2020/07/28 20:33:37.003030][I][writeEx] E6640A <= *CLS
[2020/07/28 20:33:37.007040][I][writeEx] E6640A <= :STATus:PRESet
[2020/07/28 20:33:37.011388][I][writeEx] E6640A <= *SRE 192
[2020/07/28 20:33:37.015405][I][writeEx] E6640A <= :STATus:OPERation:ENABle 32
[2020/07/28 20:33:37.020219][I][writeEx] E6640A <= *CLS
[2020/07/28 20:33:37.023230][I][queryEx] E6640A <= *STB?
[2020/07/28 20:33:37.071671][I][queryEx] E6640A => 0
[2020/07/28 20:33:37.077693][I][init_Trigger_Reg] Status: 0
[2020/07/28 20:33:46.019960][I][chk_Tx_Result] Check Tx result
[2020/07/28 20:33:46.025984][I][get_Trigger_Status] Get trigger status
[2020/07/28 20:33:46.029998][I][queryEx] E6640A <= *STB?
[2020/07/28 20:33:46.037371][I][queryEx] E6640A => 192
[2020/07/28 20:33:46.040382][I][get_Trigger_Status] Status: 192
[2020/07/28 20:33:46.045396]Is triggered!
[2020/07/28 20:33:46.049406][I][writeEx] E6640A <= *CLS
[2020/07/28 20:33:46.053497][I][set_Continue] Set continue
[2020/07/28 20:33:46.057963][I][writeEx] E6640A <= :INIT:CONT ON
[2020/07/28 20:33:46.163022][I][set_Single] Set single
[2020/07/28 20:33:46.176067][I][writeEx] E6640A <= :INIT:CONT OFF
[2020/07/28 20:33:46.185088][I][set_Zigbee_TX_BandPower] Set marker function
[2020/07/28 20:33:46.190154][I][writeEx] E6640A <= CALC:DDEMod:MARK1:MODE POS
[2020/07/28 20:33:46.194208][I][writeEx] E6640A <= CALC:DDEMod:MARK1:TRAC 2
[2020/07/28 20:33:46.198177][I][writeEx] E6640A <= CALC:DDEMod:MARK1:FUNC BPOW
[2020/07/28 20:33:46.202189][I][writeEx] E6640A <= CALC:DDEMod:MARK1:FUNC:BPOW:CTYP MEAN
[2020/07/28 20:33:46.206199][I][writeEx] E6640A <= CALC:DDEMod:MARK1:FUNC:BAND:CENT 2425000000.000000
[2020/07/28 20:33:46.511700][I][queryEx] E6640A <= *OPC?
[2020/07/28 20:33:46.520357][I][queryEx] E6640A => 1
[2020/07/28 20:33:46.525375][I][queryEx] E6640A <= CALC:DDEMod:MARK1:FUNC:BAND:CENT?
[2020/07/28 20:33:46.532043][I][queryEx] E6640A => 2.425000000E+09
[2020/07/28 20:33:46.536058][I][writeEx] E6640A <= CALC:DDEMod:MARK1:FUNC:BAND:SPAN 10000000.000000
[2020/07/28 20:33:46.841814][I][queryEx] E6640A <= *OPC?
[2020/07/28 20:33:46.853076][I][queryEx] E6640A => 1
[2020/07/28 20:33:46.857090][I][get_Power] Get Tx power
[2020/07/28 20:33:46.860141][I][queryEx] E6640A <= :CALC:DDEMod:MARK1:Y?
[2020/07/28 20:33:46.867000][I][queryEx] E6640A => 1.793452459E+00
[2020/07/28 20:33:46.872070][I][chk_Tx_Result] Tx power(add loss: 8.200000) = 9.993000 dBm
[2020/07/28 20:33:46.876027][I][read_DDEMod_Array] Read measurement result
[2020/07/28 20:33:46.879035][I][queryEx] E6640A <= :READ:DDEMod?
[2020/07/28 20:33:47.143459][I][queryEx] E6640A => 1.401838589E+01,4.385576248E+01,1.400000000E+01,3.316933632E+00,1.649941254E+01,1.500000000E+01,9.91E+37,9.91E+37,9.91E+37,4.116040766E-01,-1.056009531E+00,1.760000000E+02,1.141085625E+01,-3.612044907E+01,1.400000000E+01,2.923583203E+04,9.91E+37,9.91E+37,9.91E+37,9.91E+37,9.91E+37,-4.574191284E+01,9.91E+37,9.610494971E-01,1.321727186E-01,3.646315932E-01,9.91E+37,9.91E+37,9.91E+37,9.91E+37,9.91E+37,9.91E+37,9.91E+37,9.91E+37,9.91E+37,9.91E+37,9.91E+37,9.91E+37,9.91E+37,9.91E+37,9.91E+37,9.91E+37,9.91E+37,9.91E+37,9.91E+37,9.91E+37,9.91E+37,9.91E+37,9.91E+37,9.91E+37,9.91E+37,9.91E+37,9.91E+37,9.91E+37,9.91E+37,9.91E+37,9.91E+37,9.91E+37,9.91E+37,9.91E+37,9.91E+37,2.090345835E-03,-4.720942583E-03
[2020/07/28 20:33:47.151519][I][set_Continue] Set continue
[2020/07/28 20:33:47.155487][I][writeEx] E6640A <= :INIT:CONT ON
[2020/07/28 20:33:57.603658][I][chk_Tx_Result] Check Tx result
[2020/07/28 20:33:57.610876][I][get_Trigger_Status] Get trigger status
[2020/07/28 20:33:57.615891][I][queryEx] E6640A <= *STB?
[2020/07/28 20:33:57.622736][I][queryEx] E6640A => 192
[2020/07/28 20:33:57.627748][I][get_Trigger_Status] Status: 192
[2020/07/28 20:33:57.631773]Is triggered!
[2020/07/28 20:33:57.635772][I][writeEx] E6640A <= *CLS
[2020/07/28 20:33:57.640802][I][set_Continue] Set continue
[2020/07/28 20:33:57.643790][I][writeEx] E6640A <= :INIT:CONT ON
[2020/07/28 20:33:57.750013][I][set_Single] Set single
[2020/07/28 20:33:57.764041][I][writeEx] E6640A <= :INIT:CONT OFF
[2020/07/28 20:33:57.778979][I][set_Zigbee_TX_BandPower] Set marker function
[2020/07/28 20:33:57.790087][I][writeEx] E6640A <= CALC:DDEMod:MARK1:MODE POS
[2020/07/28 20:33:57.797109][I][writeEx] E6640A <= CALC:DDEMod:MARK1:TRAC 2
[2020/07/28 20:33:57.804129][I][writeEx] E6640A <= CALC:DDEMod:MARK1:FUNC BPOW
[2020/07/28 20:33:57.808138][I][writeEx] E6640A <= CALC:DDEMod:MARK1:FUNC:BPOW:CTYP MEAN
[2020/07/28 20:33:57.814117][I][writeEx] E6640A <= CALC:DDEMod:MARK1:FUNC:BAND:CENT 2425000000.000000
[2020/07/28 20:33:58.119230][I][queryEx] E6640A <= *OPC?
[2020/07/28 20:33:58.129298][I][queryEx] E6640A => 1
[2020/07/28 20:33:58.133562][I][queryEx] E6640A <= CALC:DDEMod:MARK1:FUNC:BAND:CENT?
[2020/07/28 20:33:58.140627][I][queryEx] E6640A => 2.425000000E+09
[2020/07/28 20:33:58.145605][I][writeEx] E6640A <= CALC:DDEMod:MARK1:FUNC:BAND:SPAN 10000000.000000
[2020/07/28 20:33:58.451743][I][queryEx] E6640A <= *OPC?
[2020/07/28 20:33:58.463216][I][queryEx] E6640A => 1
[2020/07/28 20:33:58.467230][I][get_Power] Get Tx power
[2020/07/28 20:33:58.470238][I][queryEx] E6640A <= :CALC:DDEMod:MARK1:Y?
[2020/07/28 20:33:58.478044][I][queryEx] E6640A => 8.325263150E-01
[2020/07/28 20:33:58.482922][I][chk_Tx_Result] Tx power(add loss: 8.200000) = 9.033000 dBm
[2020/07/28 20:33:58.486934][I][read_DDEMod_Array] Read measurement result
[2020/07/28 20:33:58.490002][I][queryEx] E6640A <= :READ:DDEMod?
[2020/07/28 20:33:58.749622][I][queryEx] E6640A => 1.402347946E+01,4.208470535E+01,1.300000000E+01,3.333159447E+00,1.700964165E+01,1.300000000E+01,9.91E+37,9.91E+37,9.91E+37,4.646702707E-01,-1.042282581E+00,1.930000000E+02,1.141400719E+01,-3.466846848E+01,1.300000000E+01,2.916485547E+04,9.91E+37,9.91E+37,9.91E+37,9.91E+37,9.91E+37,-4.452606583E+01,9.91E+37,9.610032439E-01,7.886901498E-02,3.294129074E-01,9.91E+37,9.91E+37,9.91E+37,9.91E+37,9.91E+37,9.91E+37,9.91E+37,9.91E+37,9.91E+37,9.91E+37,9.91E+37,9.91E+37,9.91E+37,9.91E+37,9.91E+37,9.91E+37,9.91E+37,9.91E+37,9.91E+37,9.91E+37,9.91E+37,9.91E+37,9.91E+37,9.91E+37,9.91E+37,9.91E+37,9.91E+37,9.91E+37,9.91E+37,9.91E+37,9.91E+37,9.91E+37,9.91E+37,9.91E+37,9.91E+37,4.298598971E-03,-4.097690340E-03
[2020/07/28 20:33:58.757631][I][set_Continue] Set continue
[2020/07/28 20:33:58.761968][I][writeEx] E6640A <= :INIT:CONT ON
[2020/07/28 20:34:00.229239][I][set_Preset] System reset
[2020/07/28 20:34:00.233245][I][writeEx] E6640A <= *RST
[2020/07/28 20:34:00.237257][I][writeEx] E6640A <= *CLS
[2020/07/28 20:34:00.242612][I][writeEx] E6640A <= SYST:PRES
[2020/07/28 20:34:00.547811][I][queryEx] E6640A <= *OPC?
[2020/07/28 20:34:01.475984][I][queryEx] E6640A => 1
[2020/07/28 20:34:01.493230][I][set_Tx_Start] Set Tx start
[2020/07/28 20:34:01.496277][I][set_RFI_Port] Set input port
[2020/07/28 20:34:01.501372][I][writeEx] E6640A <= :FEED:RF:PORT:INPut RFIO1
[2020/07/28 20:34:01.505385][I][queryEx] E6640A <= :FEED:RF:PORT:INPut?
[2020/07/28 20:34:01.512170][I][queryEx] E6640A => RFIO1
[2020/07/28 20:34:01.516186][I][set_Modulation_Analysis] Set measurement function
[2020/07/28 20:34:01.521259][I][writeEx] E6640A <= INST:SEL VSA
[2020/07/28 20:34:01.826599][I][queryEx] E6640A <= *OPC?
[2020/07/28 20:34:01.835945][I][queryEx] E6640A => 1
[2020/07/28 20:34:01.841321][I][queryEx] E6640A <= INST:SEL?
[2020/07/28 20:34:01.847340][I][queryEx] E6640A => VSA
[2020/07/28 20:34:01.851350][I][writeEx] E6640A <= :CONFigure:DDEMod
[2020/07/28 20:34:02.157868][I][queryEx] E6640A <= *OPC?
[2020/07/28 20:34:02.343883][I][queryEx] E6640A => 1
[2020/07/28 20:34:02.351099][I][init_Zigbee_Mode] Initial Zigbee mode
[2020/07/28 20:34:02.354110][I][writeEx] E6640A <= :DDEM:STAN:PRES ZIGBEE2450
[2020/07/28 20:34:02.660861][I][queryEx] E6640A <= *OPC?
[2020/07/28 20:34:02.670746][I][queryEx] E6640A => 1
[2020/07/28 20:34:02.675762][I][set_Continue] Set continue
[2020/07/28 20:34:02.679772][I][writeEx] E6640A <= :INIT:CONT ON
[2020/07/28 20:34:02.685820][I][set_Freq] Set frequence
[2020/07/28 20:34:02.690051][I][writeEx] E6640A <= :FREQuency:CENTer 2455.0 MHz
[2020/07/28 20:34:02.693095][I][set_XScale_Span] Set frequence span
[2020/07/28 20:34:02.700059][I][writeEx] E6640A <= :FREQuency:SPAN 10000.000000 KHZ
[2020/07/28 20:34:02.703101][I][set_Power_Range] Get power range
[2020/07/28 20:34:02.708084][I][writeEx] E6640A <= :POW:RANG 20.000000
[2020/07/28 20:34:02.712106][I][set_Symbol_Rate] Get symbol rate
[2020/07/28 20:34:02.717107][I][writeEx] E6640A <= :DDEMod:SRATe 1000.000000 kHz
[2020/07/28 20:34:02.721927][I][set_Meas_Interval] Get meas interval
[2020/07/28 20:34:02.724938][I][writeEx] E6640A <= :DDEMod:SWEep:POINts 500
[2020/07/28 20:34:02.729961][I][set_Zigbee_TX_BandPower] Set marker function
[2020/07/28 20:34:02.734011][I][writeEx] E6640A <= CALC:DDEMod:MARK1:MODE POS
[2020/07/28 20:34:02.738924][I][writeEx] E6640A <= CALC:DDEMod:MARK1:TRAC 2
[2020/07/28 20:34:02.742939][I][writeEx] E6640A <= CALC:DDEMod:MARK1:FUNC BPOW
[2020/07/28 20:34:02.747951][I][writeEx] E6640A <= CALC:DDEMod:MARK1:FUNC:BPOW:CTYP MEAN
[2020/07/28 20:34:02.752659][I][writeEx] E6640A <= CALC:DDEMod:MARK1:FUNC:BAND:CENT 2455000000.000000
[2020/07/28 20:34:03.058264][I][queryEx] E6640A <= *OPC?
[2020/07/28 20:34:03.069661][I][queryEx] E6640A => 1
[2020/07/28 20:34:03.074676][I][queryEx] E6640A <= CALC:DDEMod:MARK1:FUNC:BAND:CENT?
[2020/07/28 20:34:03.080693][I][queryEx] E6640A => 2.455000000E+09
[2020/07/28 20:34:03.084739][I][writeEx] E6640A <= CALC:DDEMod:MARK1:FUNC:BAND:SPAN 10000000.000000
[2020/07/28 20:34:03.390070][I][queryEx] E6640A <= *OPC?
[2020/07/28 20:34:03.399007][I][queryEx] E6640A => 1
[2020/07/28 20:34:03.404026][I][set_Trigger_Video] Set trigger video
[2020/07/28 20:34:03.408073][I][writeEx] E6640A <= TRIG:DDEM:SOUR VID
[2020/07/28 20:34:03.714171][I][queryEx] E6640A <= *OPC?
[2020/07/28 20:34:03.725228][I][queryEx] E6640A => 1
[2020/07/28 20:34:03.729570][I][set_Trigger_Level] Set trigger level
[2020/07/28 20:34:03.732620][I][writeEx] E6640A <= :TRIGger:VIDeo:LEVel 30.000000 mV
[2020/07/28 20:34:03.737597][I][set_Trigger_Delay] Set trigger delay
[2020/07/28 20:34:03.741643][I][writeEx] E6640A <= :TRIGger:VIDeo:DELay:STATe ON
[2020/07/28 20:34:03.746618][I][queryEx] E6640A <= :TRIGger:VIDeo:DELay:STATe?
[2020/07/28 20:34:03.809961][I][queryEx] E6640A => 1
[2020/07/28 20:34:03.816983][I][writeEx] E6640A <= :TRIGger:VIDeo:DELay:STATe ON
[2020/07/28 20:34:03.822387][I][writeEx] E6640A <= :TRIGger:VIDeo:DELay 0.300000 ms
[2020/07/28 20:34:03.826400][I][init_Trigger_Reg] Initial trigger status register
[2020/07/28 20:34:03.829408][I][writeEx] E6640A <= *CLS
[2020/07/28 20:34:03.834434][I][writeEx] E6640A <= :STATus:PRESet
[2020/07/28 20:34:03.839066][I][writeEx] E6640A <= *SRE 192
[2020/07/28 20:34:03.843080][I][writeEx] E6640A <= :STATus:OPERation:ENABle 32
[2020/07/28 20:34:03.847089][I][writeEx] E6640A <= *CLS
[2020/07/28 20:34:03.852109][I][queryEx] E6640A <= *STB?
[2020/07/28 20:34:03.901665][I][queryEx] E6640A => 0
[2020/07/28 20:34:03.907710][I][init_Trigger_Reg] Status: 0
[2020/07/28 20:34:12.911821][I][chk_Tx_Result] Check Tx result
[2020/07/28 20:34:12.916835][I][get_Trigger_Status] Get trigger status
[2020/07/28 20:34:12.932877][I][queryEx] E6640A <= *STB?
[2020/07/28 20:34:12.940900][I][queryEx] E6640A => 192
[2020/07/28 20:34:12.945912][I][get_Trigger_Status] Status: 192
[2020/07/28 20:34:12.949923]Is triggered!
[2020/07/28 20:34:12.961955][I][writeEx] E6640A <= *CLS
[2020/07/28 20:34:12.967972][I][set_Continue] Set continue
[2020/07/28 20:34:12.978999][I][writeEx] E6640A <= :INIT:CONT ON
[2020/07/28 20:34:13.087298][I][set_Single] Set single
[2020/07/28 20:34:13.109354][I][writeEx] E6640A <= :INIT:CONT OFF
[2020/07/28 20:34:13.128464][I][set_Zigbee_TX_BandPower] Set marker function
[2020/07/28 20:34:13.143444][I][writeEx] E6640A <= CALC:DDEMod:MARK1:MODE POS
[2020/07/28 20:34:13.154482][I][writeEx] E6640A <= CALC:DDEMod:MARK1:TRAC 2
[2020/07/28 20:34:13.164501][I][writeEx] E6640A <= CALC:DDEMod:MARK1:FUNC BPOW
[2020/07/28 20:34:13.175529][I][writeEx] E6640A <= CALC:DDEMod:MARK1:FUNC:BPOW:CTYP MEAN
[2020/07/28 20:34:13.186612][I][writeEx] E6640A <= CALC:DDEMod:MARK1:FUNC:BAND:CENT 2455000000.000000
[2020/07/28 20:34:13.498876][I][queryEx] E6640A <= *OPC?
[2020/07/28 20:34:13.509706][I][queryEx] E6640A => 1
[2020/07/28 20:34:13.514732][I][queryEx] E6640A <= CALC:DDEMod:MARK1:FUNC:BAND:CENT?
[2020/07/28 20:34:13.521506][I][queryEx] E6640A => 2.455000000E+09
[2020/07/28 20:34:13.525557][I][writeEx] E6640A <= CALC:DDEMod:MARK1:FUNC:BAND:SPAN 10000000.000000
[2020/07/28 20:34:13.830920][I][queryEx] E6640A <= *OPC?
[2020/07/28 20:34:13.841265][I][queryEx] E6640A => 1
[2020/07/28 20:34:13.846286][I][get_Power] Get Tx power
[2020/07/28 20:34:13.850306][I][queryEx] E6640A <= :CALC:DDEMod:MARK1:Y?
[2020/07/28 20:34:13.857183][I][queryEx] E6640A => 2.431321575E+00
[2020/07/28 20:34:13.861085][I][chk_Tx_Result] Tx power(add loss: 8.900000) = 11.331000 dBm
[2020/07/28 20:34:13.864887][I][read_DDEMod_Array] Read measurement result
[2020/07/28 20:34:13.867896][I][queryEx] E6640A <= :READ:DDEMod?
[2020/07/28 20:34:14.020060][I][queryEx] E6640A => 1.537967587E+01,4.606636429E+01,4.220000000E+02,4.053250313E+00,2.115301704E+01,4.230000000E+02,9.91E+37,9.91E+37,9.91E+37,6.291610599E-01,1.356941462E+00,3.600000000E+01,1.252301693E+01,-3.819948578E+01,4.230000000E+02,2.952565625E+04,9.91E+37,9.91E+37,9.91E+37,9.91E+37,9.91E+37,-4.166526413E+01,9.91E+37,9.532027841E-01,1.273857802E-01,4.371480942E-01,9.91E+37,9.91E+37,9.91E+37,9.91E+37,9.91E+37,9.91E+37,9.91E+37,9.91E+37,9.91E+37,9.91E+37,9.91E+37,9.91E+37,9.91E+37,9.91E+37,9.91E+37,9.91E+37,9.91E+37,9.91E+37,9.91E+37,9.91E+37,9.91E+37,9.91E+37,9.91E+37,9.91E+37,9.91E+37,9.91E+37,9.91E+37,9.91E+37,9.91E+37,9.91E+37,9.91E+37,9.91E+37,9.91E+37,9.91E+37,9.91E+37,6.875365973E-03,-4.569529556E-03
[2020/07/28 20:34:14.025073][I][set_Continue] Set continue
[2020/07/28 20:34:14.030087][I][writeEx] E6640A <= :INIT:CONT ON
[2020/07/28 20:34:24.419065][I][chk_Tx_Result] Check Tx result
[2020/07/28 20:34:24.424088][I][get_Trigger_Status] Get trigger status
[2020/07/28 20:34:24.428428][I][queryEx] E6640A <= *STB?
[2020/07/28 20:34:24.434450][I][queryEx] E6640A => 192
[2020/07/28 20:34:24.438462][I][get_Trigger_Status] Status: 192
[2020/07/28 20:34:24.442520]Is triggered!
[2020/07/28 20:34:24.446484][I][writeEx] E6640A <= *CLS
[2020/07/28 20:34:24.452097][I][set_Continue] Set continue
[2020/07/28 20:34:24.456113][I][writeEx] E6640A <= :INIT:CONT ON
[2020/07/28 20:34:24.561066][I][set_Single] Set single
[2020/07/28 20:34:24.568082][I][writeEx] E6640A <= :INIT:CONT OFF
[2020/07/28 20:34:24.575103][I][set_Zigbee_TX_BandPower] Set marker function
[2020/07/28 20:34:24.588139][I][writeEx] E6640A <= CALC:DDEMod:MARK1:MODE POS
[2020/07/28 20:34:24.596158][I][writeEx] E6640A <= CALC:DDEMod:MARK1:TRAC 2
[2020/07/28 20:34:24.610201][I][writeEx] E6640A <= CALC:DDEMod:MARK1:FUNC BPOW
[2020/07/28 20:34:24.625239][I][writeEx] E6640A <= CALC:DDEMod:MARK1:FUNC:BPOW:CTYP MEAN
[2020/07/28 20:34:24.640281][I][writeEx] E6640A <= CALC:DDEMod:MARK1:FUNC:BAND:CENT 2455000000.000000
[2020/07/28 20:34:24.956325][I][queryEx] E6640A <= *OPC?
[2020/07/28 20:34:24.974408][I][queryEx] E6640A => 1
[2020/07/28 20:34:24.988408][I][queryEx] E6640A <= CALC:DDEMod:MARK1:FUNC:BAND:CENT?
[2020/07/28 20:34:24.999467][I][queryEx] E6640A => 2.455000000E+09
[2020/07/28 20:34:25.007494][I][writeEx] E6640A <= CALC:DDEMod:MARK1:FUNC:BAND:SPAN 10000000.000000
[2020/07/28 20:34:25.314091][I][queryEx] E6640A <= *OPC?
[2020/07/28 20:34:25.328489][I][queryEx] E6640A => 1
[2020/07/28 20:34:25.339516][I][get_Power] Get Tx power
[2020/07/28 20:34:25.351566][I][queryEx] E6640A <= :CALC:DDEMod:MARK1:Y?
[2020/07/28 20:34:25.362623][I][queryEx] E6640A => 3.946000523E-01
[2020/07/28 20:34:25.370626][I][chk_Tx_Result] Tx power(add loss: 8.900000) = 9.295000 dBm
[2020/07/28 20:34:25.375611][I][read_DDEMod_Array] Read measurement result
[2020/07/28 20:34:25.379623][I][queryEx] E6640A <= :READ:DDEMod?
[2020/07/28 20:34:25.533556][I][queryEx] E6640A => 1.312563324E+01,3.338029099E+01,2.320000000E+02,2.805051088E+00,9.867063522E+00,4.200000000E+02,9.91E+37,9.91E+37,9.91E+37,3.959701061E-01,9.855985641E-01,1.500000000E+01,1.066865730E+01,2.719126129E+01,2.320000000E+02,2.948491016E+04,9.91E+37,9.91E+37,9.91E+37,9.91E+37,9.91E+37,-4.732559586E+01,9.91E+37,9.658322334E-01,-5.310343206E-02,-3.650714457E-01,9.91E+37,9.91E+37,9.91E+37,9.91E+37,9.91E+37,9.91E+37,9.91E+37,9.91E+37,9.91E+37,9.91E+37,9.91E+37,9.91E+37,9.91E+37,9.91E+37,9.91E+37,9.91E+37,9.91E+37,9.91E+37,9.91E+37,9.91E+37,9.91E+37,9.91E+37,9.91E+37,9.91E+37,9.91E+37,9.91E+37,9.91E+37,9.91E+37,9.91E+37,9.91E+37,9.91E+37,9.91E+37,9.91E+37,9.91E+37,9.91E+37,-2.994731301E-03,-3.089181148E-03
[2020/07/28 20:34:25.549601][I][set_Continue] Set continue
[2020/07/28 20:34:25.565413][I][writeEx] E6640A <= :INIT:CONT ON
[2020/07/28 20:34:27.048623][I][set_Preset] System reset
[2020/07/28 20:34:27.051597][I][writeEx] E6640A <= *RST
[2020/07/28 20:34:27.055606][I][writeEx] E6640A <= *CLS
[2020/07/28 20:34:27.060621][I][writeEx] E6640A <= SYST:PRES
[2020/07/28 20:34:27.366227][I][queryEx] E6640A <= *OPC?
[2020/07/28 20:34:28.315934][I][queryEx] E6640A => 1
[2020/07/28 20:34:28.331958][I][set_Tx_Start] Set Tx start
[2020/07/28 20:34:28.335933][I][set_RFI_Port] Set input port
[2020/07/28 20:34:28.340020][I][writeEx] E6640A <= :FEED:RF:PORT:INPut RFIO1
[2020/07/28 20:34:28.344010][I][queryEx] E6640A <= :FEED:RF:PORT:INPut?
[2020/07/28 20:34:28.359015][I][queryEx] E6640A => RFIO1
[2020/07/28 20:34:28.362972][I][set_Modulation_Analysis] Set measurement function
[2020/07/28 20:34:28.366994][I][writeEx] E6640A <= INST:SEL VSA
[2020/07/28 20:34:28.672814][I][queryEx] E6640A <= *OPC?
[2020/07/28 20:34:28.683802][I][queryEx] E6640A => 1
[2020/07/28 20:34:28.688864][I][queryEx] E6640A <= INST:SEL?
[2020/07/28 20:34:28.695490][I][queryEx] E6640A => VSA
[2020/07/28 20:34:28.699503][I][writeEx] E6640A <= :CONFigure:DDEMod
[2020/07/28 20:34:29.004582][I][queryEx] E6640A <= *OPC?
[2020/07/28 20:34:29.205770][I][queryEx] E6640A => 1
[2020/07/28 20:34:29.213788][I][init_Zigbee_Mode] Initial Zigbee mode
[2020/07/28 20:34:29.218837][I][writeEx] E6640A <= :DDEM:STAN:PRES ZIGBEE2450
[2020/07/28 20:34:29.524220][I][queryEx] E6640A <= *OPC?
[2020/07/28 20:34:29.534140][I][queryEx] E6640A => 1
[2020/07/28 20:34:29.538192][I][set_Continue] Set continue
[2020/07/28 20:34:29.542159][I][writeEx] E6640A <= :INIT:CONT ON
[2020/07/28 20:34:29.546224][I][set_Freq] Set frequence
[2020/07/28 20:34:29.551182][I][writeEx] E6640A <= :FREQuency:CENTer 2470.0 MHz
[2020/07/28 20:34:29.555194][I][set_XScale_Span] Set frequence span
[2020/07/28 20:34:29.558202][I][writeEx] E6640A <= :FREQuency:SPAN 10000.000000 KHZ
[2020/07/28 20:34:29.562254][I][set_Power_Range] Get power range
[2020/07/28 20:34:29.566260][I][writeEx] E6640A <= :POW:RANG 20.000000
[2020/07/28 20:34:29.571020][I][set_Symbol_Rate] Get symbol rate
[2020/07/28 20:34:29.574031][I][writeEx] E6640A <= :DDEMod:SRATe 1000.000000 kHz
[2020/07/28 20:34:29.578962][I][set_Meas_Interval] Get meas interval
[2020/07/28 20:34:29.581972][I][writeEx] E6640A <= :DDEMod:SWEep:POINts 500
[2020/07/28 20:34:29.585983][I][set_Zigbee_TX_BandPower] Set marker function
[2020/07/28 20:34:29.590043][I][writeEx] E6640A <= CALC:DDEMod:MARK1:MODE POS
[2020/07/28 20:34:29.594004][I][writeEx] E6640A <= CALC:DDEMod:MARK1:TRAC 2
[2020/07/28 20:34:29.598041][I][writeEx] E6640A <= CALC:DDEMod:MARK1:FUNC BPOW
[2020/07/28 20:34:29.602063][I][writeEx] E6640A <= CALC:DDEMod:MARK1:FUNC:BPOW:CTYP MEAN
[2020/07/28 20:34:29.606035][I][writeEx] E6640A <= CALC:DDEMod:MARK1:FUNC:BAND:CENT 2470000000.000000
[2020/07/28 20:34:29.911849][I][queryEx] E6640A <= *OPC?
[2020/07/28 20:34:29.922323][I][queryEx] E6640A => 1
[2020/07/28 20:34:29.927379][I][queryEx] E6640A <= CALC:DDEMod:MARK1:FUNC:BAND:CENT?
[2020/07/28 20:34:29.934916][I][queryEx] E6640A => 2.470000000E+09
[2020/07/28 20:34:29.939328][I][writeEx] E6640A <= CALC:DDEMod:MARK1:FUNC:BAND:SPAN 10000000.000000
[2020/07/28 20:34:30.244516][I][queryEx] E6640A <= *OPC?
[2020/07/28 20:34:30.255868][I][queryEx] E6640A => 1
[2020/07/28 20:34:30.259833][I][set_Trigger_Video] Set trigger video
[2020/07/28 20:34:30.263844][I][writeEx] E6640A <= TRIG:DDEM:SOUR VID
[2020/07/28 20:34:30.569647][I][queryEx] E6640A <= *OPC?
[2020/07/28 20:34:30.588888][I][queryEx] E6640A => 1
[2020/07/28 20:34:30.600825][I][set_Trigger_Level] Set trigger level
[2020/07/28 20:34:30.606847][I][writeEx] E6640A <= :TRIGger:VIDeo:LEVel 30.000000 mV
[2020/07/28 20:34:30.610857][I][set_Trigger_Delay] Set trigger delay
[2020/07/28 20:34:30.616873][I][writeEx] E6640A <= :TRIGger:VIDeo:DELay:STATe ON
[2020/07/28 20:34:30.621557][I][queryEx] E6640A <= :TRIGger:VIDeo:DELay:STATe?
[2020/07/28 20:34:30.685160][I][queryEx] E6640A => 1
[2020/07/28 20:34:30.689172][I][writeEx] E6640A <= :TRIGger:VIDeo:DELay:STATe ON
[2020/07/28 20:34:30.694186][I][writeEx] E6640A <= :TRIGger:VIDeo:DELay 0.300000 ms
[2020/07/28 20:34:30.701205][I][init_Trigger_Reg] Initial trigger status register
[2020/07/28 20:34:30.706228][I][writeEx] E6640A <= *CLS
[2020/07/28 20:34:30.711234][I][writeEx] E6640A <= :STATus:PRESet
[2020/07/28 20:34:30.717248][I][writeEx] E6640A <= *SRE 192
[2020/07/28 20:34:30.721259][I][writeEx] E6640A <= :STATus:OPERation:ENABle 32
[2020/07/28 20:34:30.725270][I][writeEx] E6640A <= *CLS
[2020/07/28 20:34:30.731286][I][queryEx] E6640A <= *STB?
[2020/07/28 20:34:30.776717][I][queryEx] E6640A => 0
[2020/07/28 20:34:30.781774][I][init_Trigger_Reg] Status: 0
[2020/07/28 20:34:39.777692][I][chk_Tx_Result] Check Tx result
[2020/07/28 20:34:39.784741][I][get_Trigger_Status] Get trigger status
[2020/07/28 20:34:39.789160][I][queryEx] E6640A <= *STB?
[2020/07/28 20:34:39.796222][I][queryEx] E6640A => 192
[2020/07/28 20:34:39.800485][I][get_Trigger_Status] Status: 192
[2020/07/28 20:34:39.804504]Is triggered!
[2020/07/28 20:34:39.808508][I][writeEx] E6640A <= *CLS
[2020/07/28 20:34:39.812522][I][set_Continue] Set continue
[2020/07/28 20:34:39.815529][I][writeEx] E6640A <= :INIT:CONT ON
[2020/07/28 20:34:39.921292][I][set_Single] Set single
[2020/07/28 20:34:39.937344][I][writeEx] E6640A <= :INIT:CONT OFF
[2020/07/28 20:34:39.953387][I][set_Zigbee_TX_BandPower] Set marker function
[2020/07/28 20:34:39.961437][I][writeEx] E6640A <= CALC:DDEMod:MARK1:MODE POS
[2020/07/28 20:34:39.966038][I][writeEx] E6640A <= CALC:DDEMod:MARK1:TRAC 2
[2020/07/28 20:34:39.970062][I][writeEx] E6640A <= CALC:DDEMod:MARK1:FUNC BPOW
[2020/07/28 20:34:39.975079][I][writeEx] E6640A <= CALC:DDEMod:MARK1:FUNC:BPOW:CTYP MEAN
[2020/07/28 20:34:39.979091][I][writeEx] E6640A <= CALC:DDEMod:MARK1:FUNC:BAND:CENT 2470000000.000000
[2020/07/28 20:34:40.284680][I][queryEx] E6640A <= *OPC?
[2020/07/28 20:34:40.293829][I][queryEx] E6640A => 1
[2020/07/28 20:34:40.300868][I][queryEx] E6640A <= CALC:DDEMod:MARK1:FUNC:BAND:CENT?
[2020/07/28 20:34:40.308380][I][queryEx] E6640A => 2.470000000E+09
[2020/07/28 20:34:40.312438][I][writeEx] E6640A <= CALC:DDEMod:MARK1:FUNC:BAND:SPAN 10000000.000000
[2020/07/28 20:34:40.617418][I][queryEx] E6640A <= *OPC?
[2020/07/28 20:34:40.629392][I][queryEx] E6640A => 1
[2020/07/28 20:34:40.633399][I][get_Power] Get Tx power
[2020/07/28 20:34:40.637449][I][queryEx] E6640A <= :CALC:DDEMod:MARK1:Y?
[2020/07/28 20:34:40.644843][I][queryEx] E6640A => 2.738748069E+00
[2020/07/28 20:34:40.649037][I][chk_Tx_Result] Tx power(add loss: 8.800000) = 11.539000 dBm
[2020/07/28 20:34:40.653055][I][read_DDEMod_Array] Read measurement result
[2020/07/28 20:34:40.657060][I][queryEx] E6640A <= :READ:DDEMod?
[2020/07/28 20:34:40.914592][I][queryEx] E6640A => 1.371799374E+01,4.308594513E+01,2.230000000E+02,3.282427073E+00,1.591108131E+01,2.240000000E+02,9.91E+37,9.91E+37,9.91E+37,4.136280119E-01,-9.441196918E-01,4.490000000E+02,1.116860580E+01,3.536714935E+01,2.230000000E+02,2.963824219E+04,9.91E+37,9.91E+37,9.91E+37,9.91E+37,9.91E+37,-4.602925873E+01,9.91E+37,9.627034664E-01,3.466374055E-02,3.223564327E-01,9.91E+37,9.91E+37,9.91E+37,9.91E+37,9.91E+37,9.91E+37,9.91E+37,9.91E+37,9.91E+37,9.91E+37,9.91E+37,9.91E+37,9.91E+37,9.91E+37,9.91E+37,9.91E+37,9.91E+37,9.91E+37,9.91E+37,9.91E+37,9.91E+37,9.91E+37,9.91E+37,9.91E+37,9.91E+37,9.91E+37,9.91E+37,9.91E+37,9.91E+37,9.91E+37,9.91E+37,9.91E+37,9.91E+37,9.91E+37,9.91E+37,4.533519503E-03,-2.097001765E-03
[2020/07/28 20:34:40.931651][I][set_Continue] Set continue
[2020/07/28 20:34:40.942677][I][writeEx] E6640A <= :INIT:CONT ON
[2020/07/28 20:34:51.366104][I][chk_Tx_Result] Check Tx result
[2020/07/28 20:34:51.382139][I][get_Trigger_Status] Get trigger status
[2020/07/28 20:34:51.389156][I][queryEx] E6640A <= *STB?
[2020/07/28 20:34:51.397188][I][queryEx] E6640A => 192
[2020/07/28 20:34:51.401244][I][get_Trigger_Status] Status: 192
[2020/07/28 20:34:51.405212]Is triggered!
[2020/07/28 20:34:51.409223][I][writeEx] E6640A <= *CLS
[2020/07/28 20:34:51.413406][I][set_Continue] Set continue
[2020/07/28 20:34:51.417417][I][writeEx] E6640A <= :INIT:CONT ON
[2020/07/28 20:34:51.522039][I][set_Single] Set single
[2020/07/28 20:34:51.526729][I][writeEx] E6640A <= :INIT:CONT OFF
[2020/07/28 20:34:51.531679][I][set_Zigbee_TX_BandPower] Set marker function
[2020/07/28 20:34:51.536705][I][writeEx] E6640A <= CALC:DDEMod:MARK1:MODE POS
[2020/07/28 20:34:51.540703][I][writeEx] E6640A <= CALC:DDEMod:MARK1:TRAC 2
[2020/07/28 20:34:51.545715][I][writeEx] E6640A <= CALC:DDEMod:MARK1:FUNC BPOW
[2020/07/28 20:34:51.549727][I][writeEx] E6640A <= CALC:DDEMod:MARK1:FUNC:BPOW:CTYP MEAN
[2020/07/28 20:34:51.554753][I][writeEx] E6640A <= CALC:DDEMod:MARK1:FUNC:BAND:CENT 2470000000.000000
[2020/07/28 20:34:51.859539][I][queryEx] E6640A <= *OPC?
[2020/07/28 20:34:51.869575][I][queryEx] E6640A => 1
[2020/07/28 20:34:51.876590][I][queryEx] E6640A <= CALC:DDEMod:MARK1:FUNC:BAND:CENT?
[2020/07/28 20:34:51.884142][I][queryEx] E6640A => 2.470000000E+09
[2020/07/28 20:34:51.889158][I][writeEx] E6640A <= CALC:DDEMod:MARK1:FUNC:BAND:SPAN 10000000.000000
[2020/07/28 20:34:52.195266][I][queryEx] E6640A <= *OPC?
[2020/07/28 20:34:52.206803][I][queryEx] E6640A => 1
[2020/07/28 20:34:52.210813][I][get_Power] Get Tx power
[2020/07/28 20:34:52.214861][I][queryEx] E6640A <= :CALC:DDEMod:MARK1:Y?
[2020/07/28 20:34:52.221862][I][queryEx] E6640A => -1.929083919E-01
[2020/07/28 20:34:52.225853][I][chk_Tx_Result] Tx power(add loss: 8.800000) = 8.607000 dBm
[2020/07/28 20:34:52.230841][I][read_DDEMod_Array] Read measurement result
[2020/07/28 20:34:52.234855][I][queryEx] E6640A <= :READ:DDEMod?
[2020/07/28 20:34:52.489973][I][queryEx] E6640A => 1.344303226E+01,3.820364380E+01,2.000000000E+02,3.076182365E+00,1.276506233E+01,1.990000000E+02,9.91E+37,9.91E+37,9.91E+37,4.134574533E-01,-9.897887707E-01,4.280000000E+02,1.093815804E+01,3.127396393E+01,2.000000000E+02,2.961334766E+04,9.91E+37,9.91E+37,9.91E+37,9.91E+37,9.91E+37,-4.564746857E+01,9.91E+37,9.641328454E-01,7.969999686E-03,2.898199856E-01,9.91E+37,9.91E+37,9.91E+37,9.91E+37,9.91E+37,9.91E+37,9.91E+37,9.91E+37,9.91E+37,9.91E+37,9.91E+37,9.91E+37,9.91E+37,9.91E+37,9.91E+37,9.91E+37,9.91E+37,9.91E+37,9.91E+37,9.91E+37,9.91E+37,9.91E+37,9.91E+37,9.91E+37,9.91E+37,9.91E+37,9.91E+37,9.91E+37,9.91E+37,9.91E+37,9.91E+37,9.91E+37,9.91E+37,9.91E+37,9.91E+37,4.414964467E-03,-2.784057055E-03
[2020/07/28 20:34:52.496992][I][set_Continue] Set continue
[2020/07/28 20:34:52.501018][I][writeEx] E6640A <= :INIT:CONT ON
[2020/07/28 20:34:53.976275][I][set_Preset] System reset
[2020/07/28 20:34:53.980286][I][writeEx] E6640A <= *RST
[2020/07/28 20:34:53.985315][I][writeEx] E6640A <= *CLS
[2020/07/28 20:34:53.989366][I][writeEx] E6640A <= SYST:PRES
[2020/07/28 20:34:54.295833][I][queryEx] E6640A <= *OPC?
[2020/07/28 20:34:55.248567][I][queryEx] E6640A => 1
[2020/07/28 20:34:55.268098][I][set_Rx_OneTone] Set Rx one tone
[2020/07/28 20:34:55.273147][I][set_RFO_Port] Set output port
[2020/07/28 20:34:55.277121][I][writeEx] E6640A <= :FEED:RF:PORT:OUTPut RFIO1
[2020/07/28 20:34:55.282136][I][queryEx] E6640A <= :FEED:RF:PORT:OUTPut?
[2020/07/28 20:34:55.289285][I][queryEx] E6640A => RFIO1
[2020/07/28 20:34:55.293299][I][set_OneTone_Freq] Set One Tone frequence
[2020/07/28 20:34:55.297309][I][writeEx] E6640A <= :SOUR:FREQ 2445.0 MHz
[2020/07/28 20:34:55.303529][I][set_OneTone_Power] Set One Tone power
[2020/07/28 20:34:55.307548][I][writeEx] E6640A <= :SOURce:POWer -16.1
[2020/07/28 20:35:04.681054][I][set_OneTone_Start] Set One Tone start
[2020/07/28 20:35:04.685064][I][writeEx] E6640A <= OUTP ON
[2020/07/28 20:35:09.641441][I][set_OneTone_Stop] Set One Tone stop
[2020/07/28 20:35:09.645454][I][writeEx] E6640A <= OUTP OFF
[2020/07/28 20:35:09.656913][I][set_Rx_OneTone] Set Rx one tone
[2020/07/28 20:35:09.659919][I][set_RFO_Port] Set output port
[2020/07/28 20:35:09.664538][I][writeEx] E6640A <= :FEED:RF:PORT:OUTPut RFIO1
[2020/07/28 20:35:09.668552][I][queryEx] E6640A <= :FEED:RF:PORT:OUTPut?
[2020/07/28 20:35:09.675556][I][queryEx] E6640A => RFIO1
[2020/07/28 20:35:09.678604][I][set_OneTone_Freq] Set One Tone frequence
[2020/07/28 20:35:09.682615][I][writeEx] E6640A <= :SOUR:FREQ 2445.0 MHz
[2020/07/28 20:35:09.686637][I][set_OneTone_Power] Set One Tone power
[2020/07/28 20:35:09.691143][I][writeEx] E6640A <= :SOURce:POWer -16.1
[2020/07/28 20:35:18.347124][I][set_OneTone_Start] Set One Tone start
[2020/07/28 20:35:18.352176][I][writeEx] E6640A <= OUTP ON
[2020/07/28 20:35:22.885161][I][set_OneTone_Stop] Set One Tone stop
[2020/07/28 20:35:22.889173][I][writeEx] E6640A <= OUTP OFF
[2020/07/28 20:35:23.326828][I][disconnect_E6640A] Disconnect E6640A
[2020/07/28 20:35:23.332028]========== End ==========
