[2020/07/28 20:32:01]============== Control PS_Keysight66321B ==============
[2020/07/28 20:32:01]List resource: ['GPIB0::5::INSTR', 'TCPIP0::192.168.1.2::hislip0::INSTR', 'ASRL1::INSTR']
[2020/07/28 20:32:01]Power Supply: control 66321B successfully
[2020/07/28 20:32:01]Power Supply send: *RST
[2020/07/28 20:32:01]Power Supply send: *IDN?
[2020/07/28 20:32:01]Power Supply recv: Agilent Technologies,66321B,0,A.03.01

[2020/07/28 20:32:01]Power Supply is: Agilent Technologies,66321B,0,A.03.01
 

[2020/07/28 20:32:01]Power Supply send: CURR:PROT:STAT 1
[2020/07/28 20:32:01]Power Supply send: CURR:PROT:STAT?
[2020/07/28 20:32:01]Power Supply recv: 1

[2020/07/28 20:32:01]Power Supply send: VOLT 12.0
[2020/07/28 20:32:01]Power Supply send: VOLT?
[2020/07/28 20:32:01]Power Supply recv: 1.20000E+1

[2020/07/28 20:32:01]Power Supply send: CURR 1.0
[2020/07/28 20:32:01]Power Supply send: CURR?
[2020/07/28 20:32:01]Power Supply recv: 1.00000E+0

[2020/07/28 20:32:01]Power Supply send: OUTP 1
[2020/07/28 20:32:01]Power Supply send: OUTP?
[2020/07/28 20:32:01]Power Supply recv: 1

[2020/07/28 20:33:33]============== Control PS_Keysight66321B ==============
[2020/07/28 20:33:33]List resource: ['GPIB0::5::INSTR', 'TCPIP0::192.168.1.2::hislip0::INSTR', 'ASRL1::INSTR', 'ASRL14::INSTR', 'ASRL15::INSTR', 'ASRL16::INSTR', 'ASRL17::INSTR', 'ASRL19::INSTR', 'ASRL20::INSTR']
[2020/07/28 20:33:33]Power Supply: control 66321B successfully
[2020/07/28 20:33:33]Power Supply send: *IDN?
[2020/07/28 20:33:33]Power Supply recv: Agilent Technologies,66321B,0,A.03.01

[2020/07/28 20:33:33]Power Supply is: Agilent Technologies,66321B,0,A.03.01
 

[2020/07/28 20:33:47]Power Supply send: MEAS:CURR?
[2020/07/28 20:33:47]Power Supply recv: 8.10231E-2

[2020/07/28 20:33:59]Power Supply send: MEAS:CURR?
[2020/07/28 20:33:59]Power Supply recv: 7.78323E-2

[2020/07/28 20:34:14]Power Supply send: MEAS:CURR?
[2020/07/28 20:34:14]Power Supply recv: 7.81211E-2

[2020/07/28 20:34:26]Power Supply send: MEAS:CURR?
[2020/07/28 20:34:26]Power Supply recv: 7.78555E-2

[2020/07/28 20:34:41]Power Supply send: MEAS:CURR?
[2020/07/28 20:34:41]Power Supply recv: 7.68192E-2

[2020/07/28 20:34:53]Power Supply send: MEAS:CURR?
[2020/07/28 20:34:53]Power Supply recv: 9.45059E-2

[2020/07/28 20:35:51]============== Control PS_Keysight66321B ==============
[2020/07/28 20:35:51]List resource: ['GPIB0::5::INSTR', 'TCPIP0::192.168.1.2::hislip0::INSTR', 'ASRL1::INSTR']
[2020/07/28 20:35:51]Power Supply: control 66321B successfully
[2020/07/28 20:35:51]Power Supply send: *IDN?
[2020/07/28 20:35:51]Power Supply recv: Agilent Technologies,66321B,0,A.03.01

[2020/07/28 20:35:51]Power Supply is: Agilent Technologies,66321B,0,A.03.01
 

[2020/07/28 20:36:00]Power Supply send: MEAS:CURR?
[2020/07/28 20:36:00]Power Supply recv: 1.39667E-1

[2020/07/28 20:36:09]Power Supply send: MEAS:CURR?
[2020/07/28 20:36:10]Power Supply recv: 1.37035E-1

[2020/07/28 20:36:19]Power Supply send: MEAS:CURR?
[2020/07/28 20:36:19]Power Supply recv: 1.38443E-1

[2020/07/28 20:37:38]Power Supply send: MEAS:CURR?
[2020/07/28 20:37:38]Power Supply recv: 1.38716E-1

[2020/07/28 20:37:48]Power Supply send: MEAS:CURR?
[2020/07/28 20:37:48]Power Supply recv: 1.37004E-1

[2020/07/28 20:37:58]Power Supply send: MEAS:CURR?
[2020/07/28 20:37:58]Power Supply recv: 1.37973E-1

[2020/07/28 20:39:06]============== Control PS_Keysight66321B ==============
[2020/07/28 20:39:06]List resource: ['GPIB0::5::INSTR', 'TCPIP0::192.168.1.2::hislip0::INSTR', 'ASRL1::INSTR', 'ASRL14::INSTR', 'ASRL15::INSTR', 'ASRL16::INSTR', 'ASRL17::INSTR', 'ASRL19::INSTR', 'ASRL20::INSTR']
[2020/07/28 20:39:06]Power Supply: control 66321B successfully
[2020/07/28 20:39:06]Power Supply send: *RST
[2020/07/28 20:39:06]Power Supply send: *IDN?
[2020/07/28 20:39:06]Power Supply recv: Agilent Technologies,66321B,0,A.03.01

[2020/07/28 20:39:06]Power Supply is: Agilent Technologies,66321B,0,A.03.01
 

[2020/07/28 20:39:06]Power Supply send: OUTP 0
[2020/07/28 20:39:06]Power Supply send: OUTP?
[2020/07/28 20:39:06]Power Supply recv: 0

