[2020/07/28 10:14:30.165034][I][class_GFI20] Initial class_GFI20
[2020/07/28 10:14:30.165034][I][connectDUT] COM: COM20, BaudRate: 115200
[2020/07/28 10:14:30.175032][I][connectDUT] Connect DUT success
[2020/07/28 10:14:30.175032][I][setScimitarMenu] Set Scimitar menu
[2020/07/28 10:14:30.385569][I][sendCOMCommand] DUT <= x
[2020/07/28 10:14:30.495571][I][sendCOMCommand] Serial buffer size: 7
[2020/07/28 10:14:31.045582][I][sendCOMCommand] DUT => x
$>

[2020/07/28 10:14:31.055047][I][setScimitarMenu] Success
[2020/07/28 10:14:36.975069][I][setZigbee_Tx] ZIGBEE_2450 CH: 15, Tx PWR: 0 dBm
[2020/07/28 10:14:36.985032][I][setScimitarMenu] Set Scimitar menu
[2020/07/28 10:14:37.195530][I][sendCOMCommand] DUT <= x
[2020/07/28 10:14:37.315569][I][sendCOMCommand] Serial buffer size: 7
[2020/07/28 10:14:37.865571][I][sendCOMCommand] DUT => x
$>

[2020/07/28 10:14:37.875083][I][setScimitarMenu] Success
[2020/07/28 10:14:37.875083][I][setZigbeeMenu] Check Zigbee Menu
[2020/07/28 10:14:38.085535][I][sendCOMCommand] DUT <= 2
[2020/07/28 10:14:38.195029][I][sendCOMCommand] Serial buffer size: 22
[2020/07/28 10:14:38.745559][I][sendCOMCommand] DUT => 2
$2_Zigbee(EM357)>

[2020/07/28 10:14:38.755032][I][setZigbeeMenu] Success
[2020/07/28 10:14:38.755032][I][setZigbee_Tx] Set Diagnostics Menu
[2020/07/28 10:14:38.965583][I][sendCOMCommand] DUT <= d
[2020/07/28 10:14:39.075567][I][sendCOMCommand] Serial buffer size: 22
[2020/07/28 10:14:39.625568][I][sendCOMCommand] DUT => d
$2-d_Diagnostics>

[2020/07/28 10:14:39.635082][I][setZigbee_Tx] Success
[2020/07/28 10:14:39.635082][I][setZigbee_Tx] Set Channel Menu
[2020/07/28 10:14:39.845640][I][sendCOMCommand] DUT <= 2
[2020/07/28 10:14:39.955126][I][sendCOMCommand] Serial buffer size: 66
[2020/07/28 10:14:40.505568][I][sendCOMCommand] DUT => 2
$2-d-2_Set Channel (11 => 26) [0B - 1A by HEX]>
$PARAMETER?>

[2020/07/28 10:14:40.515083][I][setZigbee_Tx] Success
[2020/07/28 10:14:40.515083][I][setZigbee_Tx] Set Channel
[2020/07/28 10:14:40.725640][I][sendCOMCommand] DUT <= 0F
[2020/07/28 10:14:40.835574][I][sendCOMCommand] Serial buffer size: 53
[2020/07/28 10:14:41.385687][I][sendCOMCommand] DUT => Set Channel: 15 (0x0F)
$DONE_OK
$2-d_Diagnostics>

[2020/07/28 10:14:41.385687][I][setZigbee_Tx] Success
[2020/07/28 10:14:41.395028][I][setZigbee_Tx] Set PWR Menu
[2020/07/28 10:14:41.605574][I][sendCOMCommand] DUT <= 3
[2020/07/28 10:14:41.715617][I][sendCOMCommand] Serial buffer size: 79
[2020/07/28 10:14:42.255377][I][sendCOMCommand] DUT => 3
$2-d-3_Set Power (-32 => +8dBm, Step=1dB) [-2B - 08 by HEX]>
$PARAMETER?>

[2020/07/28 10:14:42.255377][I][setZigbee_Tx] Success
[2020/07/28 10:14:42.265027][I][setZigbee_Tx] Set Tx PWR
[2020/07/28 10:14:42.475586][I][sendCOMCommand] DUT <= 00
[2020/07/28 10:14:42.585566][I][sendCOMCommand] Serial buffer size: 50
[2020/07/28 10:14:43.145572][I][sendCOMCommand] DUT => Set Power: 0 (0x00)
$DONE_OK
$2-d_Diagnostics>

[2020/07/28 10:14:43.155072][I][setZigbee_Tx] Success
[2020/07/28 10:14:43.165027][I][setScimitarMenu] Set Scimitar menu
[2020/07/28 10:14:43.375571][I][sendCOMCommand] DUT <= x
[2020/07/28 10:14:43.485472][I][sendCOMCommand] Serial buffer size: 22
[2020/07/28 10:14:44.035572][I][sendCOMCommand] DUT => x
$2_Zigbee(EM357)>

[2020/07/28 10:14:44.255574][I][sendCOMCommand] DUT <= x
[2020/07/28 10:14:44.365439][I][sendCOMCommand] Serial buffer size: 7
[2020/07/28 10:14:44.925573][I][sendCOMCommand] DUT => x
$>

[2020/07/28 10:14:44.935075][I][setScimitarMenu] Success
[2020/07/28 10:14:44.935075][I][setZigbeeMenu] Check Zigbee Menu
[2020/07/28 10:14:45.145583][I][sendCOMCommand] DUT <= 2
[2020/07/28 10:14:45.255566][I][sendCOMCommand] Serial buffer size: 22
[2020/07/28 10:14:45.815569][I][sendCOMCommand] DUT => 2
$2_Zigbee(EM357)>

[2020/07/28 10:14:45.825075][I][setZigbeeMenu] Success
[2020/07/28 10:14:45.825075][I][setTxStart] Set Tx start
[2020/07/28 10:14:47.945027][I][setTxStop] Set Tx stop
[2020/07/28 10:14:48.155441][I][sendCOMCommand] DUT <= 5
[2020/07/28 10:14:48.265576][I][sendCOMCommand] Serial buffer size: 170
[2020/07/28 10:14:48.825573][I][sendCOMCommand] DUT => [mfglib]Send Packet(100 bytes)
[mfglib]Send Packet(100 bytes)
5
ZigBee send packet test end.
Total number of emberStatus errors:0
$[0]
$DONE_OK
$2_Zigbee(EM357)>

[2020/07/28 10:14:48.835081][I][setTxStop] Success
[2020/07/28 10:14:48.865027][I][setZigbee_Tx] ZIGBEE_2450 CH: 15, Tx PWR: -1 dBm
[2020/07/28 10:14:48.865027][I][setScimitarMenu] Set Scimitar menu
[2020/07/28 10:14:49.075560][I][sendCOMCommand] DUT <= x
[2020/07/28 10:14:49.185566][I][sendCOMCommand] Serial buffer size: 7
[2020/07/28 10:14:49.745568][I][sendCOMCommand] DUT => x
$>

[2020/07/28 10:14:49.755084][I][setScimitarMenu] Success
[2020/07/28 10:14:49.755084][I][setZigbeeMenu] Check Zigbee Menu
[2020/07/28 10:14:49.965572][I][sendCOMCommand] DUT <= 2
[2020/07/28 10:14:50.075585][I][sendCOMCommand] Serial buffer size: 22
[2020/07/28 10:14:50.625566][I][sendCOMCommand] DUT => 2
$2_Zigbee(EM357)>

[2020/07/28 10:14:50.635070][I][setZigbeeMenu] Success
[2020/07/28 10:14:50.635070][I][setZigbee_Tx] Set Diagnostics Menu
[2020/07/28 10:14:50.845563][I][sendCOMCommand] DUT <= d
[2020/07/28 10:14:50.955563][I][sendCOMCommand] Serial buffer size: 22
[2020/07/28 10:14:51.515570][I][sendCOMCommand] DUT => d
$2-d_Diagnostics>

[2020/07/28 10:14:51.525076][I][setZigbee_Tx] Success
[2020/07/28 10:14:51.525076][I][setZigbee_Tx] Set Channel Menu
[2020/07/28 10:14:51.745585][I][sendCOMCommand] DUT <= 2
[2020/07/28 10:14:51.855582][I][sendCOMCommand] Serial buffer size: 66
[2020/07/28 10:14:52.415576][I][sendCOMCommand] DUT => 2
$2-d-2_Set Channel (11 => 26) [0B - 1A by HEX]>
$PARAMETER?>

[2020/07/28 10:14:52.425080][I][setZigbee_Tx] Success
[2020/07/28 10:14:52.425080][I][setZigbee_Tx] Set Channel
[2020/07/28 10:14:52.645579][I][sendCOMCommand] DUT <= 0F
[2020/07/28 10:14:52.765570][I][sendCOMCommand] Serial buffer size: 53
[2020/07/28 10:14:53.315563][I][sendCOMCommand] DUT => Set Channel: 15 (0x0F)
$DONE_OK
$2-d_Diagnostics>

[2020/07/28 10:14:53.325073][I][setZigbee_Tx] Success
[2020/07/28 10:14:53.335026][I][setZigbee_Tx] Set PWR Menu
[2020/07/28 10:14:53.545561][I][sendCOMCommand] DUT <= 3
[2020/07/28 10:14:53.655584][I][sendCOMCommand] Serial buffer size: 79
[2020/07/28 10:14:54.215565][I][sendCOMCommand] DUT => 3
$2-d-3_Set Power (-32 => +8dBm, Step=1dB) [-2B - 08 by HEX]>
$PARAMETER?>

[2020/07/28 10:14:54.235028][I][setZigbee_Tx] Success
[2020/07/28 10:14:54.245024][I][setZigbee_Tx] Set Tx PWR
[2020/07/28 10:14:54.455562][I][sendCOMCommand] DUT <= FF
[2020/07/28 10:14:54.565565][I][sendCOMCommand] Serial buffer size: 57
[2020/07/28 10:14:55.125567][I][sendCOMCommand] DUT => Set Power: -1 (0xFFFFFFFF)
$DONE_OK
$2-d_Diagnostics>

[2020/07/28 10:14:55.135070][I][setZigbee_Tx] Success
[2020/07/28 10:14:55.145061][I][setScimitarMenu] Set Scimitar menu
[2020/07/28 10:14:55.365607][I][sendCOMCommand] DUT <= x
[2020/07/28 10:14:55.475565][I][sendCOMCommand] Serial buffer size: 22
[2020/07/28 10:14:56.025563][I][sendCOMCommand] DUT => x
$2_Zigbee(EM357)>

[2020/07/28 10:14:56.235475][I][sendCOMCommand] DUT <= x
[2020/07/28 10:14:56.355324][I][sendCOMCommand] Serial buffer size: 7
[2020/07/28 10:14:56.905533][I][sendCOMCommand] DUT => x
$>

[2020/07/28 10:14:56.915069][I][setScimitarMenu] Success
[2020/07/28 10:14:56.915069][I][setZigbeeMenu] Check Zigbee Menu
[2020/07/28 10:14:57.125576][I][sendCOMCommand] DUT <= 2
[2020/07/28 10:14:57.245580][I][sendCOMCommand] Serial buffer size: 22
[2020/07/28 10:14:57.795573][I][sendCOMCommand] DUT => 2
$2_Zigbee(EM357)>

[2020/07/28 10:14:57.805068][I][setZigbeeMenu] Success
[2020/07/28 10:14:57.805068][I][setTxStart] Set Tx start
[2020/07/28 10:14:59.935034][I][setTxStop] Set Tx stop
[2020/07/28 10:15:00.155561][I][sendCOMCommand] DUT <= 5
[2020/07/28 10:15:00.265559][I][sendCOMCommand] Serial buffer size: 202
[2020/07/28 10:15:00.815562][I][sendCOMCommand] DUT => [mfglib]Send Packet(100 bytes)
[mfglib]Send Packet(100 bytes)
[mfglib]Send Packet(100 bytes)
5
ZigBee send packet test end.
Total number of emberStatus errors:0
$[0]
$DONE_OK
$2_Zigbee(EM357)>

[2020/07/28 10:15:00.815562][I][setTxStop] Success
[2020/07/28 10:15:04.585022][I][setZigbee_Tx] ZIGBEE_2450 CH: 21, Tx PWR: 0 dBm
[2020/07/28 10:15:04.595020][I][setScimitarMenu] Set Scimitar menu
[2020/07/28 10:15:04.805558][I][sendCOMCommand] DUT <= x
[2020/07/28 10:15:04.915569][I][sendCOMCommand] Serial buffer size: 7
[2020/07/28 10:15:05.475576][I][sendCOMCommand] DUT => x
$>

[2020/07/28 10:15:05.485067][I][setScimitarMenu] Success
[2020/07/28 10:15:05.485067][I][setZigbeeMenu] Check Zigbee Menu
[2020/07/28 10:15:05.705557][I][sendCOMCommand] DUT <= 2
[2020/07/28 10:15:05.815556][I][sendCOMCommand] Serial buffer size: 22
[2020/07/28 10:15:06.375709][I][sendCOMCommand] DUT => 2
$2_Zigbee(EM357)>

[2020/07/28 10:15:06.375709][I][setZigbeeMenu] Success
[2020/07/28 10:15:06.385021][I][setZigbee_Tx] Set Diagnostics Menu
[2020/07/28 10:15:06.595568][I][sendCOMCommand] DUT <= d
[2020/07/28 10:15:06.705559][I][sendCOMCommand] Serial buffer size: 22
[2020/07/28 10:15:07.265543][I][sendCOMCommand] DUT => d
$2-d_Diagnostics>

[2020/07/28 10:15:07.275067][I][setZigbee_Tx] Success
[2020/07/28 10:15:07.275067][I][setZigbee_Tx] Set Channel Menu
[2020/07/28 10:15:07.495577][I][sendCOMCommand] DUT <= 2
[2020/07/28 10:15:07.605559][I][sendCOMCommand] Serial buffer size: 66
[2020/07/28 10:15:08.165546][I][sendCOMCommand] DUT => 2
$2-d-2_Set Channel (11 => 26) [0B - 1A by HEX]>
$PARAMETER?>

[2020/07/28 10:15:08.175066][I][setZigbee_Tx] Success
[2020/07/28 10:15:08.175066][I][setZigbee_Tx] Set Channel
[2020/07/28 10:15:08.395648][I][sendCOMCommand] DUT <= 15
[2020/07/28 10:15:08.505571][I][sendCOMCommand] Serial buffer size: 53
[2020/07/28 10:15:09.055567][I][sendCOMCommand] DUT => Set Channel: 21 (0x15)
$DONE_OK
$2-d_Diagnostics>

[2020/07/28 10:15:09.065065][I][setZigbee_Tx] Success
[2020/07/28 10:15:09.065065][I][setZigbee_Tx] Set PWR Menu
[2020/07/28 10:15:09.285563][I][sendCOMCommand] DUT <= 3
[2020/07/28 10:15:09.395560][I][sendCOMCommand] Serial buffer size: 79
[2020/07/28 10:15:09.945717][I][sendCOMCommand] DUT => 3
$2-d-3_Set Power (-32 => +8dBm, Step=1dB) [-2B - 08 by HEX]>
$PARAMETER?>

[2020/07/28 10:15:09.945717][I][setZigbee_Tx] Success
[2020/07/28 10:15:09.955035][I][setZigbee_Tx] Set Tx PWR
[2020/07/28 10:15:10.165673][I][sendCOMCommand] DUT <= 00
[2020/07/28 10:15:10.275568][I][sendCOMCommand] Serial buffer size: 50
[2020/07/28 10:15:10.835565][I][sendCOMCommand] DUT => Set Power: 0 (0x00)
$DONE_OK
$2-d_Diagnostics>

[2020/07/28 10:15:10.845065][I][setZigbee_Tx] Success
[2020/07/28 10:15:10.855021][I][setScimitarMenu] Set Scimitar menu
[2020/07/28 10:15:11.065563][I][sendCOMCommand] DUT <= x
[2020/07/28 10:15:11.175562][I][sendCOMCommand] Serial buffer size: 22
[2020/07/28 10:15:11.745498][I][sendCOMCommand] DUT => x
$2_Zigbee(EM357)>

[2020/07/28 10:15:11.965559][I][sendCOMCommand] DUT <= x
[2020/07/28 10:15:12.085561][I][sendCOMCommand] Serial buffer size: 7
[2020/07/28 10:15:12.635571][I][sendCOMCommand] DUT => x
$>

[2020/07/28 10:15:12.645068][I][setScimitarMenu] Success
[2020/07/28 10:15:12.645068][I][setZigbeeMenu] Check Zigbee Menu
[2020/07/28 10:15:12.865558][I][sendCOMCommand] DUT <= 2
[2020/07/28 10:15:12.975571][I][sendCOMCommand] Serial buffer size: 22
[2020/07/28 10:15:13.535681][I][sendCOMCommand] DUT => 2
$2_Zigbee(EM357)>

[2020/07/28 10:15:13.535681][I][setZigbeeMenu] Success
[2020/07/28 10:15:13.545021][I][setTxStart] Set Tx start
[2020/07/28 10:15:15.785054][I][setTxStop] Set Tx stop
[2020/07/28 10:15:15.995556][I][sendCOMCommand] DUT <= 5
[2020/07/28 10:15:16.105580][I][sendCOMCommand] Serial buffer size: 170
[2020/07/28 10:15:16.655563][I][sendCOMCommand] DUT => [mfglib]Send Packet(100 bytes)
[mfglib]Send Packet(100 bytes)
5
ZigBee send packet test end.
Total number of emberStatus errors:0
$[0]
$DONE_OK
$2_Zigbee(EM357)>

[2020/07/28 10:15:16.665054][I][setTxStop] Success
[2020/07/28 10:15:16.695018][I][setZigbee_Tx] ZIGBEE_2450 CH: 21, Tx PWR: -1 dBm
[2020/07/28 10:15:16.695018][I][setScimitarMenu] Set Scimitar menu
[2020/07/28 10:15:16.905560][I][sendCOMCommand] DUT <= x
[2020/07/28 10:15:17.015550][I][sendCOMCommand] Serial buffer size: 3
[2020/07/28 10:15:17.575525][I][sendCOMCommand] DUT => x
$>

[2020/07/28 10:15:17.585026][I][setScimitarMenu] Success
[2020/07/28 10:15:17.595054][I][setZigbeeMenu] Check Zigbee Menu
[2020/07/28 10:15:17.805562][I][sendCOMCommand] DUT <= 2
[2020/07/28 10:15:17.915552][I][sendCOMCommand] Serial buffer size: 22
[2020/07/28 10:15:18.475533][I][sendCOMCommand] DUT => 2
$2_Zigbee(EM357)>

[2020/07/28 10:15:18.485022][I][setZigbeeMenu] Success
[2020/07/28 10:15:18.485022][I][setZigbee_Tx] Set Diagnostics Menu
[2020/07/28 10:15:18.705572][I][sendCOMCommand] DUT <= d
[2020/07/28 10:15:18.815529][I][sendCOMCommand] Serial buffer size: 22
[2020/07/28 10:15:19.365561][I][sendCOMCommand] DUT => d
$2-d_Diagnostics>

[2020/07/28 10:15:19.375063][I][setZigbee_Tx] Success
[2020/07/28 10:15:19.375063][I][setZigbee_Tx] Set Channel Menu
[2020/07/28 10:15:19.595563][I][sendCOMCommand] DUT <= 2
[2020/07/28 10:15:19.705567][I][sendCOMCommand] Serial buffer size: 66
[2020/07/28 10:15:20.265558][I][sendCOMCommand] DUT => 2
$2-d-2_Set Channel (11 => 26) [0B - 1A by HEX]>
$PARAMETER?>

[2020/07/28 10:15:20.275067][I][setZigbee_Tx] Success
[2020/07/28 10:15:20.275067][I][setZigbee_Tx] Set Channel
[2020/07/28 10:15:20.505557][I][sendCOMCommand] DUT <= 15
[2020/07/28 10:15:20.615438][I][sendCOMCommand] Serial buffer size: 53
[2020/07/28 10:15:21.165670][I][sendCOMCommand] DUT => Set Channel: 21 (0x15)
$DONE_OK
$2-d_Diagnostics>

[2020/07/28 10:15:21.165670][I][setZigbee_Tx] Success
[2020/07/28 10:15:21.175017][I][setZigbee_Tx] Set PWR Menu
[2020/07/28 10:15:21.385560][I][sendCOMCommand] DUT <= 3
[2020/07/28 10:15:21.495551][I][sendCOMCommand] Serial buffer size: 79
[2020/07/28 10:15:22.055532][I][sendCOMCommand] DUT => 3
$2-d-3_Set Power (-32 => +8dBm, Step=1dB) [-2B - 08 by HEX]>
$PARAMETER?>

[2020/07/28 10:15:22.065062][I][setZigbee_Tx] Success
[2020/07/28 10:15:22.065062][I][setZigbee_Tx] Set Tx PWR
[2020/07/28 10:15:22.285560][I][sendCOMCommand] DUT <= FF
[2020/07/28 10:15:22.395556][I][sendCOMCommand] Serial buffer size: 38
[2020/07/28 10:15:22.955528][I][sendCOMCommand] DUT => Set Power: -1 (0xFFFFFFFF)
$DONE_OK
$2-d_Diagnostics>

[2020/07/28 10:15:22.965020][I][setZigbee_Tx] Success
[2020/07/28 10:15:22.975017][I][setScimitarMenu] Set Scimitar menu
[2020/07/28 10:15:23.185432][I][sendCOMCommand] DUT <= x
[2020/07/28 10:15:23.295556][I][sendCOMCommand] Serial buffer size: 22
[2020/07/28 10:15:23.845559][I][sendCOMCommand] DUT => x
$2_Zigbee(EM357)>

[2020/07/28 10:15:24.065572][I][sendCOMCommand] DUT <= x
[2020/07/28 10:15:24.175557][I][sendCOMCommand] Serial buffer size: 7
[2020/07/28 10:15:24.735626][I][sendCOMCommand] DUT => x
$>

[2020/07/28 10:15:24.745017][I][setScimitarMenu] Success
[2020/07/28 10:15:24.745017][I][setZigbeeMenu] Check Zigbee Menu
[2020/07/28 10:15:24.955557][I][sendCOMCommand] DUT <= 2
[2020/07/28 10:15:25.065560][I][sendCOMCommand] Serial buffer size: 22
[2020/07/28 10:15:25.625557][I][sendCOMCommand] DUT => 2
$2_Zigbee(EM357)>

[2020/07/28 10:15:25.635080][I][setZigbeeMenu] Success
[2020/07/28 10:15:25.635080][I][setTxStart] Set Tx start
[2020/07/28 10:15:27.775017][I][setTxStop] Set Tx stop
[2020/07/28 10:15:27.995442][I][sendCOMCommand] DUT <= 5
[2020/07/28 10:15:28.105557][I][sendCOMCommand] Serial buffer size: 183
[2020/07/28 10:15:28.665557][I][sendCOMCommand] DUT => [mfglib]Send Packet(100 bytes)
[mfglib]Send Packet(100 bytes)
[mfglib]Send Packet(100 bytes)
5
ZigBee send packet test end.
Total number of emberStatus errors:0
$[0]
$DONE_OK
$2_Zigbee(EM357)>

[2020/07/28 10:15:28.675059][I][setTxStop] Success
[2020/07/28 10:15:32.435052][I][setZigbee_Tx] ZIGBEE_2450 CH: 24, Tx PWR: 0 dBm
[2020/07/28 10:15:32.435052][I][setScimitarMenu] Set Scimitar menu
[2020/07/28 10:15:32.655557][I][sendCOMCommand] DUT <= x
[2020/07/28 10:15:32.765509][I][sendCOMCommand] Serial buffer size: 7
[2020/07/28 10:15:33.325558][I][sendCOMCommand] DUT => x
$>

[2020/07/28 10:15:33.335014][I][setScimitarMenu] Success
[2020/07/28 10:15:33.335014][I][setZigbeeMenu] Check Zigbee Menu
[2020/07/28 10:15:33.545556][I][sendCOMCommand] DUT <= 2
[2020/07/28 10:15:33.655550][I][sendCOMCommand] Serial buffer size: 22
[2020/07/28 10:15:34.215708][I][sendCOMCommand] DUT => 2
$2_Zigbee(EM357)>

[2020/07/28 10:15:34.215708][I][setZigbeeMenu] Success
[2020/07/28 10:15:34.225013][I][setZigbee_Tx] Set Diagnostics Menu
[2020/07/28 10:15:34.435639][I][sendCOMCommand] DUT <= d
[2020/07/28 10:15:34.545558][I][sendCOMCommand] Serial buffer size: 22
[2020/07/28 10:15:35.095556][I][sendCOMCommand] DUT => d
$2-d_Diagnostics>

[2020/07/28 10:15:35.105013][I][setZigbee_Tx] Success
[2020/07/28 10:15:35.105013][I][setZigbee_Tx] Set Channel Menu
[2020/07/28 10:15:35.315356][I][sendCOMCommand] DUT <= 2
[2020/07/28 10:15:35.425556][I][sendCOMCommand] Serial buffer size: 66
[2020/07/28 10:15:35.975565][I][sendCOMCommand] DUT => 2
$2-d-2_Set Channel (11 => 26) [0B - 1A by HEX]>
$PARAMETER?>

[2020/07/28 10:15:35.975565][I][setZigbee_Tx] Success
[2020/07/28 10:15:35.985012][I][setZigbee_Tx] Set Channel
[2020/07/28 10:15:36.195551][I][sendCOMCommand] DUT <= 18
[2020/07/28 10:15:36.305479][I][sendCOMCommand] Serial buffer size: 53
[2020/07/28 10:15:36.855556][I][sendCOMCommand] DUT => Set Channel: 24 (0x18)
$DONE_OK
$2-d_Diagnostics>

[2020/07/28 10:15:36.865061][I][setZigbee_Tx] Success
[2020/07/28 10:15:36.865061][I][setZigbee_Tx] Set PWR Menu
[2020/07/28 10:15:37.085559][I][sendCOMCommand] DUT <= 3
[2020/07/28 10:15:37.195392][I][sendCOMCommand] Serial buffer size: 79
[2020/07/28 10:15:37.745521][I][sendCOMCommand] DUT => 3
$2-d-3_Set Power (-32 => +8dBm, Step=1dB) [-2B - 08 by HEX]>
$PARAMETER?>

[2020/07/28 10:15:37.755057][I][setZigbee_Tx] Success
[2020/07/28 10:15:37.755057][I][setZigbee_Tx] Set Tx PWR
[2020/07/28 10:15:37.975691][I][sendCOMCommand] DUT <= 00
[2020/07/28 10:15:38.085556][I][sendCOMCommand] Serial buffer size: 31
[2020/07/28 10:15:38.195526][W][sendCOMCommand] Buffer not empty!!!
[2020/07/28 10:15:38.205011][I][sendCOMCommand] Serial buffer size: 19
[2020/07/28 10:15:38.755560][I][sendCOMCommand] DUT => Set Power: 0 (0x00)
$DONE_OK
$2-d_Diagnostics>

[2020/07/28 10:15:38.765056][I][setZigbee_Tx] Success
[2020/07/28 10:15:38.775011][I][setScimitarMenu] Set Scimitar menu
[2020/07/28 10:15:38.995634][I][sendCOMCommand] DUT <= x
[2020/07/28 10:15:39.105470][I][sendCOMCommand] Serial buffer size: 22
[2020/07/28 10:15:39.655530][I][sendCOMCommand] DUT => x
$2_Zigbee(EM357)>

[2020/07/28 10:15:39.875553][I][sendCOMCommand] DUT <= x
[2020/07/28 10:15:39.985551][I][sendCOMCommand] Serial buffer size: 7
[2020/07/28 10:15:40.545607][I][sendCOMCommand] DUT => x
$>

[2020/07/28 10:15:40.555013][I][setScimitarMenu] Success
[2020/07/28 10:15:40.555013][I][setZigbeeMenu] Check Zigbee Menu
[2020/07/28 10:15:40.765473][I][sendCOMCommand] DUT <= 2
[2020/07/28 10:15:40.875554][I][sendCOMCommand] Serial buffer size: 22
[2020/07/28 10:15:41.435555][I][sendCOMCommand] DUT => 2
$2_Zigbee(EM357)>

[2020/07/28 10:15:41.455060][I][setZigbeeMenu] Success
[2020/07/28 10:15:41.465058][I][setTxStart] Set Tx start
[2020/07/28 10:15:43.725051][I][setTxStop] Set Tx stop
[2020/07/28 10:15:43.945551][I][sendCOMCommand] DUT <= 5
[2020/07/28 10:15:44.055547][I][sendCOMCommand] Serial buffer size: 170
[2020/07/28 10:15:44.605647][I][sendCOMCommand] DUT => [mfglib]Send Packet(100 bytes)
[mfglib]Send Packet(100 bytes)
5
ZigBee send packet test end.
Total number of emberStatus errors:0
$[0]
$DONE_OK
$2_Zigbee(EM357)>

[2020/07/28 10:15:44.615049][I][setTxStop] Success
[2020/07/28 10:15:44.645010][I][setZigbee_Tx] ZIGBEE_2450 CH: 24, Tx PWR: -1 dBm
[2020/07/28 10:15:44.645010][I][setScimitarMenu] Set Scimitar menu
[2020/07/28 10:15:44.855549][I][sendCOMCommand] DUT <= x
[2020/07/28 10:15:44.965553][I][sendCOMCommand] Serial buffer size: 7
[2020/07/28 10:15:45.525560][I][sendCOMCommand] DUT => x
$>

[2020/07/28 10:15:45.535076][I][setScimitarMenu] Success
[2020/07/28 10:15:45.535076][I][setZigbeeMenu] Check Zigbee Menu
[2020/07/28 10:15:45.755557][I][sendCOMCommand] DUT <= 2
[2020/07/28 10:15:45.865417][I][sendCOMCommand] Serial buffer size: 22
[2020/07/28 10:15:46.425554][I][sendCOMCommand] DUT => 2
$2_Zigbee(EM357)>

[2020/07/28 10:15:46.435013][I][setZigbeeMenu] Success
[2020/07/28 10:15:46.435013][I][setZigbee_Tx] Set Diagnostics Menu
[2020/07/28 10:15:46.655556][I][sendCOMCommand] DUT <= d
[2020/07/28 10:15:46.765549][I][sendCOMCommand] Serial buffer size: 22
[2020/07/28 10:15:47.325063][I][sendCOMCommand] DUT => d
$2-d_Diagnostics>

[2020/07/28 10:15:47.345011][I][setZigbee_Tx] Success
[2020/07/28 10:15:47.345011][I][setZigbee_Tx] Set Channel Menu
[2020/07/28 10:15:47.565544][I][sendCOMCommand] DUT <= 2
[2020/07/28 10:15:47.675554][I][sendCOMCommand] Serial buffer size: 66
[2020/07/28 10:15:48.235551][I][sendCOMCommand] DUT => 2
$2-d-2_Set Channel (11 => 26) [0B - 1A by HEX]>
$PARAMETER?>

[2020/07/28 10:15:48.245061][I][setZigbee_Tx] Success
[2020/07/28 10:15:48.255009][I][setZigbee_Tx] Set Channel
[2020/07/28 10:15:48.465549][I][sendCOMCommand] DUT <= 18
[2020/07/28 10:15:48.575546][I][sendCOMCommand] Serial buffer size: 53
[2020/07/28 10:15:49.135560][I][sendCOMCommand] DUT => Set Channel: 24 (0x18)
$DONE_OK
$2-d_Diagnostics>

[2020/07/28 10:15:49.135560][I][setZigbee_Tx] Success
[2020/07/28 10:15:49.145008][I][setZigbee_Tx] Set PWR Menu
[2020/07/28 10:15:49.355551][I][sendCOMCommand] DUT <= 3
[2020/07/28 10:15:49.465541][I][sendCOMCommand] Serial buffer size: 79
[2020/07/28 10:15:50.025549][I][sendCOMCommand] DUT => 3
$2-d-3_Set Power (-32 => +8dBm, Step=1dB) [-2B - 08 by HEX]>
$PARAMETER?>

[2020/07/28 10:15:50.035057][I][setZigbee_Tx] Success
[2020/07/28 10:15:50.035057][I][setZigbee_Tx] Set Tx PWR
[2020/07/28 10:15:50.255552][I][sendCOMCommand] DUT <= FF
[2020/07/28 10:15:50.365554][I][sendCOMCommand] Serial buffer size: 57
[2020/07/28 10:15:50.925548][I][sendCOMCommand] DUT => Set Power: -1 (0xFFFFFFFF)
$DONE_OK
$2-d_Diagnostics>

[2020/07/28 10:15:50.935068][I][setZigbee_Tx] Success
[2020/07/28 10:15:50.945008][I][setScimitarMenu] Set Scimitar menu
[2020/07/28 10:15:51.155550][I][sendCOMCommand] DUT <= x
[2020/07/28 10:15:51.265555][I][sendCOMCommand] Serial buffer size: 22
[2020/07/28 10:15:51.815547][I][sendCOMCommand] DUT => x
$2_Zigbee(EM357)>

[2020/07/28 10:15:52.045550][I][sendCOMCommand] DUT <= x
[2020/07/28 10:15:52.155551][I][sendCOMCommand] Serial buffer size: 7
[2020/07/28 10:15:52.715553][I][sendCOMCommand] DUT => x
$>

[2020/07/28 10:15:52.725058][I][setScimitarMenu] Success
[2020/07/28 10:15:52.735026][I][setZigbeeMenu] Check Zigbee Menu
[2020/07/28 10:15:52.945553][I][sendCOMCommand] DUT <= 2
[2020/07/28 10:15:53.055550][I][sendCOMCommand] Serial buffer size: 22
[2020/07/28 10:15:53.605556][I][sendCOMCommand] DUT => 2
$2_Zigbee(EM357)>

[2020/07/28 10:15:53.615061][I][setZigbeeMenu] Success
[2020/07/28 10:15:53.615061][I][setTxStart] Set Tx start
[2020/07/28 10:15:55.855008][I][setTxStop] Set Tx stop
[2020/07/28 10:15:56.065567][I][sendCOMCommand] DUT <= 5
[2020/07/28 10:15:56.175543][I][sendCOMCommand] Serial buffer size: 170
[2020/07/28 10:15:56.745547][I][sendCOMCommand] DUT => [mfglib]Send Packet(100 bytes)
[mfglib]Send Packet(100 bytes)
5
ZigBee send packet test end.
Total number of emberStatus errors:0
$[0]
$DONE_OK
$2_Zigbee(EM357)>

[2020/07/28 10:15:56.755009][I][setTxStop] Success
[2020/07/28 10:15:58.135007][I][setZigbee_Rx] ZIGBEE_2450 CH: 19
[2020/07/28 10:15:58.135007][I][setScimitarMenu] Set Scimitar menu
[2020/07/28 10:15:58.345645][I][sendCOMCommand] DUT <= x
[2020/07/28 10:15:58.455549][I][sendCOMCommand] Serial buffer size: 7
[2020/07/28 10:15:59.005553][I][sendCOMCommand] DUT => x
$>

[2020/07/28 10:15:59.015051][I][setScimitarMenu] Success
[2020/07/28 10:15:59.015051][I][setZigbeeMenu] Check Zigbee Menu
[2020/07/28 10:15:59.235432][I][sendCOMCommand] DUT <= 2
[2020/07/28 10:15:59.345550][I][sendCOMCommand] Serial buffer size: 22
[2020/07/28 10:15:59.905668][I][sendCOMCommand] DUT => 2
$2_Zigbee(EM357)>

[2020/07/28 10:15:59.915007][I][setZigbeeMenu] Success
[2020/07/28 10:15:59.915007][I][setZigbee_Rx] Set Diagnostics Menu
[2020/07/28 10:16:00.125548][I][sendCOMCommand] DUT <= d
[2020/07/28 10:16:00.235539][I][sendCOMCommand] Serial buffer size: 22
[2020/07/28 10:16:00.785560][I][sendCOMCommand] DUT => d
$2-d_Diagnostics>

[2020/07/28 10:16:00.795064][I][setZigbee_Rx] Success
[2020/07/28 10:16:00.795064][I][setZigbee_Rx] Set Channel Menu
[2020/07/28 10:16:01.015550][I][sendCOMCommand] DUT <= 2
[2020/07/28 10:16:01.125550][I][sendCOMCommand] Serial buffer size: 66
[2020/07/28 10:16:01.685549][I][sendCOMCommand] DUT => 2
$2-d-2_Set Channel (11 => 26) [0B - 1A by HEX]>
$PARAMETER?>

[2020/07/28 10:16:01.695066][I][setZigbee_Rx] Success
[2020/07/28 10:16:01.695066][I][setZigbee_Rx] Set Channel
[2020/07/28 10:16:01.915548][I][sendCOMCommand] DUT <= 13
[2020/07/28 10:16:02.035555][I][sendCOMCommand] Serial buffer size: 53
[2020/07/28 10:16:02.585563][I][sendCOMCommand] DUT => Set Channel: 19 (0x13)
$DONE_OK
$2-d_Diagnostics>

[2020/07/28 10:16:02.595044][I][setZigbee_Rx] Success
[2020/07/28 10:16:02.605006][I][setZigbeeLNAMode] LNA Mode: 1
[2020/07/28 10:16:02.605006][I][setScimitarMenu] Set Scimitar menu
[2020/07/28 10:16:02.815551][I][sendCOMCommand] DUT <= x
[2020/07/28 10:16:02.925560][I][sendCOMCommand] Serial buffer size: 22
[2020/07/28 10:16:03.485641][I][sendCOMCommand] DUT => x
$2_Zigbee(EM357)>

[2020/07/28 10:16:03.695523][I][sendCOMCommand] DUT <= x
[2020/07/28 10:16:03.805543][I][sendCOMCommand] Serial buffer size: 7
[2020/07/28 10:16:04.355546][I][sendCOMCommand] DUT => x
$>

[2020/07/28 10:16:04.375048][I][setScimitarMenu] Success
[2020/07/28 10:16:04.385050][I][setZigbeeMenu] Check Zigbee Menu
[2020/07/28 10:16:04.595550][I][sendCOMCommand] DUT <= 2
[2020/07/28 10:16:04.715543][I][sendCOMCommand] Serial buffer size: 22
[2020/07/28 10:16:05.275546][I][sendCOMCommand] DUT => 2
$2_Zigbee(EM357)>

[2020/07/28 10:16:05.285052][I][setZigbeeMenu] Success
[2020/07/28 10:16:05.285052][I][setZigbeeLNAMode] Set GPIO Write Menu
[2020/07/28 10:16:05.505637][I][sendCOMCommand] DUT <= 3
[2020/07/28 10:16:05.615548][I][sendCOMCommand] Serial buffer size: 28
[2020/07/28 10:16:06.175546][I][sendCOMCommand] DUT => 3
$2-3_ZigBee GPIO Write>

[2020/07/28 10:16:06.185051][I][setZigbeeLNAMode] Success
[2020/07/28 10:16:06.185051][I][setZigbeeLNAMode] Set LNA Mode
[2020/07/28 10:16:06.405542][I][sendCOMCommand] DUT <= 3
[2020/07/28 10:16:06.525447][I][sendCOMCommand] Serial buffer size: 106
[2020/07/28 10:16:07.075592][I][sendCOMCommand] DUT => 3
[EZSP]Setting GPIO was successful. (portPin=3, cfg=1, out=0)
$[0]
$DONE_OK
$2-3_ZigBee GPIO Write>

[2020/07/28 10:16:07.295553][I][sendCOMCommand] DUT <= 3
[2020/07/28 10:16:07.405544][I][sendCOMCommand] Serial buffer size: 106
[2020/07/28 10:16:07.955550][I][sendCOMCommand] DUT => 3
[EZSP]Setting GPIO was successful. (portPin=3, cfg=1, out=1)
$[1]
$DONE_OK
$2-3_ZigBee GPIO Write>

[2020/07/28 10:16:07.965047][I][setZigbeeLNAMode] Success
[2020/07/28 10:16:08.985551][I][getRxResult] Get Rx Result
[2020/07/28 10:16:08.995005][I][setScimitarMenu] Set Scimitar menu
[2020/07/28 10:16:09.205544][I][sendCOMCommand] DUT <= x
[2020/07/28 10:16:09.325540][I][sendCOMCommand] Serial buffer size: 22
[2020/07/28 10:16:09.875568][I][sendCOMCommand] DUT => x
$2_Zigbee(EM357)>

[2020/07/28 10:16:10.105546][I][sendCOMCommand] DUT <= x
[2020/07/28 10:16:10.215542][I][sendCOMCommand] Serial buffer size: 7
[2020/07/28 10:16:10.765549][I][sendCOMCommand] DUT => x
$>

[2020/07/28 10:16:10.775049][I][setScimitarMenu] Success
[2020/07/28 10:16:10.775049][I][setZigbeeMenu] Check Zigbee Menu
[2020/07/28 10:16:10.995541][I][sendCOMCommand] DUT <= 2
[2020/07/28 10:16:11.105534][I][sendCOMCommand] Serial buffer size: 22
[2020/07/28 10:16:11.665503][I][sendCOMCommand] DUT => 2
$2_Zigbee(EM357)>

[2020/07/28 10:16:11.675003][I][setZigbeeMenu] Success
[2020/07/28 10:16:11.885545][I][sendCOMCommand] DUT <= b
[2020/07/28 10:16:12.005523][I][sendCOMCommand] Serial buffer size: 94
[2020/07/28 10:16:12.115551][W][sendCOMCommand] Buffer not empty!!!
[2020/07/28 10:16:12.125065][I][sendCOMCommand] Serial buffer size: 183
[2020/07/28 10:16:12.575561][W][sendCOMCommand] Buffer not empty!!!
[2020/07/28 10:16:12.575561][I][sendCOMCommand] Serial buffer size: 29
[2020/07/28 10:16:13.145003][I][sendCOMCommand] DUT => b
ZigBee get Rssi test start.
Start Scan ... (Channel: 19 (0x13) duration:2 mask:00080000)
Channel: 19 (0x13), Rssi:-15
Total OK!    OOO   K  K   !
            O   O  K K    !
            O   O  KK     !
            O   O  K K     
             OOO   K  Kk  !
$[-15]
$DONE_OK
$2_Zigbee(EM357)>

[2020/07/28 10:16:13.215001][I][setZigbee_Rx] ZIGBEE_2450 CH: 19
[2020/07/28 10:16:13.225033][I][setScimitarMenu] Set Scimitar menu
[2020/07/28 10:16:13.435548][I][sendCOMCommand] DUT <= x
[2020/07/28 10:16:13.545417][I][sendCOMCommand] Serial buffer size: 7
[2020/07/28 10:16:14.105543][I][sendCOMCommand] DUT => x
$>

[2020/07/28 10:16:14.115057][I][setScimitarMenu] Success
[2020/07/28 10:16:14.115057][I][setZigbeeMenu] Check Zigbee Menu
[2020/07/28 10:16:14.335540][I][sendCOMCommand] DUT <= 2
[2020/07/28 10:16:14.445539][I][sendCOMCommand] Serial buffer size: 22
[2020/07/28 10:16:15.005292][I][sendCOMCommand] DUT => 2
$2_Zigbee(EM357)>

[2020/07/28 10:16:15.015060][I][setZigbeeMenu] Success
[2020/07/28 10:16:15.015060][I][setZigbee_Rx] Set Diagnostics Menu
[2020/07/28 10:16:15.235548][I][sendCOMCommand] DUT <= d
[2020/07/28 10:16:15.355546][I][sendCOMCommand] Serial buffer size: 22
[2020/07/28 10:16:15.915540][I][sendCOMCommand] DUT => d
$2-d_Diagnostics>

[2020/07/28 10:16:15.935003][I][setZigbee_Rx] Success
[2020/07/28 10:16:15.945051][I][setZigbee_Rx] Set Channel Menu
[2020/07/28 10:16:16.155356][I][sendCOMCommand] DUT <= 2
[2020/07/28 10:16:16.265551][I][sendCOMCommand] Serial buffer size: 66
[2020/07/28 10:16:16.815551][I][sendCOMCommand] DUT => 2
$2-d-2_Set Channel (11 => 26) [0B - 1A by HEX]>
$PARAMETER?>

[2020/07/28 10:16:16.825052][I][setZigbee_Rx] Success
[2020/07/28 10:16:16.825052][I][setZigbee_Rx] Set Channel
[2020/07/28 10:16:17.045541][I][sendCOMCommand] DUT <= 13
[2020/07/28 10:16:17.155544][I][sendCOMCommand] Serial buffer size: 34
[2020/07/28 10:16:17.265542][W][sendCOMCommand] Buffer not empty!!!
[2020/07/28 10:16:17.275037][I][sendCOMCommand] Serial buffer size: 19
[2020/07/28 10:16:17.825276][I][sendCOMCommand] DUT => Set Channel: 19 (0x13)
$DONE_OK
$2-d_Diagnostics>

[2020/07/28 10:16:17.845001][I][setZigbee_Rx] Success
[2020/07/28 10:16:17.855001][I][setZigbeeLNAMode] LNA Mode: 0
[2020/07/28 10:16:17.855001][I][setScimitarMenu] Set Scimitar menu
[2020/07/28 10:16:18.075543][I][sendCOMCommand] DUT <= x
[2020/07/28 10:16:18.185511][I][sendCOMCommand] Serial buffer size: 22
[2020/07/28 10:16:18.745539][I][sendCOMCommand] DUT => x
$2_Zigbee(EM357)>

[2020/07/28 10:16:18.965550][I][sendCOMCommand] DUT <= x
[2020/07/28 10:16:19.085510][I][sendCOMCommand] Serial buffer size: 7
[2020/07/28 10:16:19.645542][I][sendCOMCommand] DUT => x
$>

[2020/07/28 10:16:19.655045][I][setScimitarMenu] Success
[2020/07/28 10:16:19.655045][I][setZigbeeMenu] Check Zigbee Menu
[2020/07/28 10:16:19.875410][I][sendCOMCommand] DUT <= 2
[2020/07/28 10:16:19.985540][I][sendCOMCommand] Serial buffer size: 22
[2020/07/28 10:16:20.535545][I][sendCOMCommand] DUT => 2
$2_Zigbee(EM357)>

[2020/07/28 10:16:20.545045][I][setZigbeeMenu] Success
[2020/07/28 10:16:20.545045][I][setZigbeeLNAMode] Set GPIO Write Menu
[2020/07/28 10:16:20.765539][I][sendCOMCommand] DUT <= 3
[2020/07/28 10:16:20.875534][I][sendCOMCommand] Serial buffer size: 28
[2020/07/28 10:16:21.435548][I][sendCOMCommand] DUT => 3
$2-3_ZigBee GPIO Write>

[2020/07/28 10:16:21.444999][I][setZigbeeLNAMode] Success
[2020/07/28 10:16:21.444999][I][setZigbeeLNAMode] Set LNA Mode
[2020/07/28 10:16:21.665530][I][sendCOMCommand] DUT <= 3
[2020/07/28 10:16:21.775264][I][sendCOMCommand] Serial buffer size: 106
[2020/07/28 10:16:22.325552][I][sendCOMCommand] DUT => 3
[EZSP]Setting GPIO was successful. (portPin=3, cfg=1, out=0)
$[0]
$DONE_OK
$2-3_ZigBee GPIO Write>

[2020/07/28 10:16:22.325552][I][setZigbeeLNAMode] Success
[2020/07/28 10:16:23.355695][I][getRxResult] Get Rx Result
[2020/07/28 10:16:23.355695][I][setScimitarMenu] Set Scimitar menu
[2020/07/28 10:16:23.575538][I][sendCOMCommand] DUT <= x
[2020/07/28 10:16:23.685538][I][sendCOMCommand] Serial buffer size: 22
[2020/07/28 10:16:24.235544][I][sendCOMCommand] DUT => x
$2_Zigbee(EM357)>

[2020/07/28 10:16:24.455541][I][sendCOMCommand] DUT <= x
[2020/07/28 10:16:24.565549][I][sendCOMCommand] Serial buffer size: 7
[2020/07/28 10:16:25.125538][I][sendCOMCommand] DUT => x
$>

[2020/07/28 10:16:25.135053][I][setScimitarMenu] Success
[2020/07/28 10:16:25.135053][I][setZigbeeMenu] Check Zigbee Menu
[2020/07/28 10:16:25.355542][I][sendCOMCommand] DUT <= 2
[2020/07/28 10:16:25.465536][I][sendCOMCommand] Serial buffer size: 22
[2020/07/28 10:16:26.025540][I][sendCOMCommand] DUT => 2
$2_Zigbee(EM357)>

[2020/07/28 10:16:26.035048][I][setZigbeeMenu] Success
[2020/07/28 10:16:26.245539][I][sendCOMCommand] DUT <= b
[2020/07/28 10:16:26.355544][I][sendCOMCommand] Serial buffer size: 94
[2020/07/28 10:16:26.485003][W][sendCOMCommand] Buffer not empty!!!
[2020/07/28 10:16:26.495039][I][sendCOMCommand] Serial buffer size: 183
[2020/07/28 10:16:26.945607][W][sendCOMCommand] Buffer not empty!!!
[2020/07/28 10:16:26.945607][I][sendCOMCommand] Serial buffer size: 10
[2020/07/28 10:16:27.065552][W][sendCOMCommand] Buffer not empty!!!
[2020/07/28 10:16:27.074999][I][sendCOMCommand] Serial buffer size: 19
[2020/07/28 10:16:27.625536][I][sendCOMCommand] DUT => b
ZigBee get Rssi test start.
Start Scan ... (Channel: 19 (0x13) duration:2 mask:00080000)
Channel: 19 (0x13), Rssi:-28
Total OK!    OOO   K  K   !
            O   O  K K    !
            O   O  KK     !
            O   O  K K     
             OOO   K  Kk  !
$[-28]
$DONE_OK
$2_Zigbee(EM357)>

[2020/07/28 10:16:27.915548][I][disconnectDUT] Disconnect DUT success
