[2020/07/29 05:07:49][I][checkDatabaseONorNOT] Database running.
[2020/07/29 05:07:49][I][tryConnectDatabase] Connect to MariaDB GFI20 database success!!
[2020/07/29 05:07:49][I][tryConnectDatabase] Connect to MariaDB GFI20 database success!!
[2020/07/29 05:07:49][I][checkDatabaseONorNOT] Database running.
[2020/07/29 05:07:49][I][tryConnectDatabase] Connect to MariaDB GFI20 database success!!
[2020/07/29 05:07:49][I][tryConnectDatabase] Connect to MariaDB GFI20 database success!!
[2020/07/29 05:07:49][E][initialDatabase] UpdateDB.csv already exist.
[2020/07/29 05:07:56][I][WriteDataTocsv] Create new row with item GFI20Bootup.
[2020/07/29 05:07:56][I][WriteDataTocsv] Update complete.
[2020/07/29 05:07:56][WriteRFDataTocsv][I] Update testscript GFI20Bootup's data.
[2020/07/29 05:07:56][I][WriteRFDataTocsv] Update complete.
[2020/07/29 05:08:49][I][WriteDataTocsv] Create new row with item CountDown.
[2020/07/29 05:08:49][I][WriteDataTocsv] Update complete.
[2020/07/29 05:08:49][WriteRFDataTocsv][I] Update testscript CountDown's data.
[2020/07/29 05:08:49][I][WriteRFDataTocsv] Update complete.
[2020/07/29 05:10:40][WriteRFDataTocsv][I] Update testscript GFI20_RF_Zigbee's data.
[2020/07/29 05:10:40][I][WriteRFDataTocsv] Update complete.
[2020/07/29 05:10:40][WriteRFDataTocsv][I] Update testscript GFI20_RF_Zigbee's data.
[2020/07/29 05:10:40][I][WriteRFDataTocsv] Update complete.
[2020/07/29 05:10:40][WriteRFDataTocsv][I] Update testscript GFI20_RF_Zigbee's data.
[2020/07/29 05:10:40][I][WriteRFDataTocsv] Update complete.
[2020/07/29 05:10:40][WriteRFDataTocsv][I] Update testscript GFI20_RF_Zigbee's data.
[2020/07/29 05:10:40][I][WriteRFDataTocsv] Update complete.
[2020/07/29 05:10:40][WriteRFDataTocsv][I] Update testscript GFI20_RF_Zigbee's data.
[2020/07/29 05:10:40][I][WriteRFDataTocsv] Update complete.
[2020/07/29 05:10:43][I][WriteDataTocsv] Create new row with item GFI20_RF_Zigbee.
[2020/07/29 05:10:43][I][WriteDataTocsv] Update complete.
[2020/07/29 05:10:43][WriteRFDataTocsv][I] Update testscript GFI20_RF_Zigbee's data.
[2020/07/29 05:10:43][I][WriteRFDataTocsv] Update complete.
[2020/07/29 05:12:04][WriteRFDataTocsv][I] Update testscript GFI20_RF_LTE's data.
[2020/07/29 05:12:04][I][WriteRFDataTocsv] Update complete.
[2020/07/29 05:12:04][WriteRFDataTocsv][I] Update testscript GFI20_RF_LTE's data.
[2020/07/29 05:12:04][I][WriteRFDataTocsv] Update complete.
[2020/07/29 05:12:04][WriteRFDataTocsv][I] Update testscript GFI20_RF_LTE's data.
[2020/07/29 05:12:04][I][WriteRFDataTocsv] Update complete.
[2020/07/29 05:12:04][WriteRFDataTocsv][I] Update testscript GFI20_RF_LTE's data.
[2020/07/29 05:12:04][I][WriteRFDataTocsv] Update complete.
[2020/07/29 05:12:07][I][WriteDataTocsv] Create new row with item GFI20_RF_LTE.
[2020/07/29 05:12:07][I][WriteDataTocsv] Update complete.
[2020/07/29 05:12:07][WriteRFDataTocsv][I] Update testscript GFI20_RF_LTE's data.
[2020/07/29 05:12:07][I][WriteRFDataTocsv] Update complete.
[2020/07/29 05:12:07]--------------------DBUploading start--------------------
[2020/07/29 05:12:07][I][uploadData] Projcet name: GFI20
[2020/07/29 05:12:07][I][uploadData] Station name: BRF
[2020/07/29 05:12:07][I][tryConnectDatabase] Connect to MariaDB GFI20 database success!!
[2020/07/29 05:12:07][I][uploadData] Write data into BRF_GFI20Bootup
[2020/07/29 05:12:07][I][uploadData] Write data into BRF_CountDown
[2020/07/29 05:12:07][I][uploadData] Write data into BRF_GFI20_RF_Zigbee
[2020/07/29 05:12:07][I][uploadData] Write data into BRF_GFI20_RF_LTE
[2020/07/29 05:12:07][I][tryConnectDatabase] Connect to MariaDB GFI20_RF database success!!
[2020/07/29 05:12:07][I][uploadData] Write data into BRF_GFI20_RF_Zigbee_ZIGBEE_2450_TX_FREQ2425_ANT1_Power
[2020/07/29 05:12:07][I][uploadData] Write data into BRF_GFI20_RF_Zigbee_ZIGBEE_2450_TX_FREQ2455_ANT1_Power
[2020/07/29 05:12:07][I][uploadData] Write data into BRF_GFI20_RF_Zigbee_ZIGBEE_2450_TX_FREQ2470_ANT1_Power
[2020/07/29 05:12:07][I][uploadData] Write data into BRF_GFI20_RF_Zigbee_ZIGBEE_2450_RX_FREQ2445_ANT1_LNAONRSSI
[2020/07/29 05:12:07][I][uploadData] Write data into BRF_GFI20_RF_Zigbee_ZIGBEE_2450_RX_FREQ2445_ANT1_LNAOFFRSSI
[2020/07/29 05:12:07][I][uploadData] Write data into BRF_GFI20_RF_LTE_LTE_3G_TX_FREQ897.4_ANT1_Power
[2020/07/29 05:12:07][I][uploadData] Write data into BRF_GFI20_RF_LTE_LTE_3G_TX_FREQ1950_ANT1_Power
[2020/07/29 05:12:07][I][uploadData] Write data into BRF_GFI20_RF_LTE_LTE_2G_TX_FREQ914.8_ANT1_Power
[2020/07/29 05:12:07][I][uploadData] Write data into BRF_GFI20_RF_LTE_LTE_2G_RX_FREQ959.8_ANT1_RSSI
[2020/07/29 05:12:07]---------- INI ----------
[2020/07/29 05:12:07][E][uploadData] Read MDUT.ini failed.
