[2020/07/29 05:08:49.133568] ========== Start ==========
[2020/07/29 05:08:49.136585] [I][main] Python 3.7.2 (tags/v3.7.2:9a3ffc0492, Dec 23 2018, 23:09:28) [MSC v.1916 64 bit (AMD64)]
[2020/07/29 05:08:49.138611] [I][main] GFI20_RF_Zigbee.py 3.0.0.3
[2020/07/29 05:08:49.141593] [I][readINI] ---------- INI ----------
[2020/07/29 05:08:49.145591] [I][readINI] SKU = 1
[2020/07/29 05:08:49.147596] [I][readINI] InstrumentINI = GFI20_Zigbee_Instrument_Setting
[2020/07/29 05:08:49.149696] [I][readINI] ---------- Test Plan 1 ----------
[2020/07/29 05:08:49.150700] [I][readINI] TestPlan1 = ZIGBEE_2450;15/2425,21/2455,24/2470;TX_Power
[2020/07/29 05:08:49.152705] [I][readINI] CableLoss = ['8.2', '8.9', '8.8'] dBm
[2020/07/29 05:08:49.156720] [I][readINI] TX_Power = ['0', '0', '0'] dBm
[2020/07/29 05:08:49.158722] [I][readINI] Calibration_ON = 1
[2020/07/29 05:08:49.160727] [I][readINI] Ca_Tx_Power_Target = ['9.2', '9.2', '9.2']
[2020/07/29 05:08:49.162732] [I][readINI] Ca_Tx_Power_Gap = ['0.5', '0.5', '0.5']
[2020/07/29 05:08:49.165073] [I][readINI] Ca_Tx_Power_Offset = ['0.86', '0.86', '0.86']
[2020/07/29 05:08:49.167081] [I][readINI] Current_ON = 1
[2020/07/29 05:08:49.169086] [I][readINI] TX_Current_SpecMax = ['0.18', '0.18', '0.18'] A
[2020/07/29 05:08:49.171091] [I][readINI] TX_Current_SpecMin = ['0.045', '0.045', '0.045'] A
[2020/07/29 05:08:49.173100] [I][readINI] TX_Power_SpecMax = ['12', '12', '12'] dBm
[2020/07/29 05:08:49.175449] [I][readINI] TX_Power_SpecMin = ['6', '6', '6'] dBm
[2020/07/29 05:08:49.177456] [I][readINI] ---------- Test Plan 1 ----------
[2020/07/29 05:08:49.179461] [I][readINI] ---------- Test Plan 2 ----------
[2020/07/29 05:08:49.181917] [I][readINI] TestPlan2 = ZIGBEE_2450;19/2445;RX_RSSI
[2020/07/29 05:08:49.183930] [I][readINI] CableLoss = ['8.9'] dBm
[2020/07/29 05:08:49.185929] [I][readINI] RX_Cell_Power = ['-25'] dBm
[2020/07/29 05:08:49.187934] [I][readINI] RX_LNAON_RSSI_SpecMax = ['-9'] %
[2020/07/29 05:08:49.190844] [I][readINI] RX_LNAON_RSSI_SpecMin = ['-18'] %
[2020/07/29 05:08:49.192858] [I][readINI] RX_LNAOFF_RSSI_SpecMax = ['-24'] %
[2020/07/29 05:08:49.195248] [I][readINI] RX_LNAOFF_RSSI_SpecMin = ['-30'] %
[2020/07/29 05:08:49.197877] [I][readINI] ---------- Test Plan 2 ----------
[2020/07/29 05:08:49.201086] [I][readINI] StartButton_ON = 0
[2020/07/29 05:08:49.203529] [I][readINI] FailAutoExit = True
[2020/07/29 05:08:49.205537] [I][readINI] FailRetryAll = True
[2020/07/29 05:08:49.207542] [I][readINI] RFDatabase = True
[2020/07/29 05:08:49.209547] [I][readINI] EC = 010000S01
[2020/07/29 05:08:49.212555] [I][readINI] ---------- INI ----------
[2020/07/29 05:08:49.215599] [I][readInstrumentINI] ---------- Common ----------
[2020/07/29 05:08:49.217569] [I][readInstrumentINI] Instrument_Name = E6640A
[2020/07/29 05:08:49.219573] [I][readInstrumentINI] Instrument_IP_Addr = TCPIP0::192.168.1.2::hislip0::INSTR
[2020/07/29 05:08:49.222596] [I][readInstrumentINI] PowerSupplier_Name = 66321B
[2020/07/29 05:08:49.224587] [I][readInstrumentINI] PowerSupplier_Addr = GPIB0::5::INSTR
[2020/07/29 05:08:49.226592] [I][readInstrumentINI] Current_Delay = 0.5
[2020/07/29 05:08:49.229600] [I][readInstrumentINI] ---------- Common ----------
[2020/07/29 05:08:49.231605] [I][readInstrumentINI] ---------- ZIGBEE_2450 ----------
[2020/07/29 05:08:49.234615] [I][readInstrumentINI] RFIO_Input = 1
[2020/07/29 05:08:49.236620] [I][readInstrumentINI] Tx_Span = 10000.0 kHz
[2020/07/29 05:08:49.239628] [I][readInstrumentINI] Tx_PowRange = 20.0 dBm
[2020/07/29 05:08:49.241632] [I][readInstrumentINI] Tx_SymbolRate = 1000.0 kHz
[2020/07/29 05:08:49.243637] [I][readInstrumentINI] Tx_MeasInterval = 500
[2020/07/29 05:08:49.246646] [I][readInstrumentINI] Tx_TrigLevel = 30.0 mV
[2020/07/29 05:08:49.248671] [I][readInstrumentINI] Tx_TrigDelay = 0.3 ms
[2020/07/29 05:08:49.251659] [I][readInstrumentINI] RFIO_Output = 1
[2020/07/29 05:08:49.253664] [I][readInstrumentINI] ---------- ZIGBEE_2450 ----------
[2020/07/29 05:08:49.256672] ---------- StartTest ----------
[2020/07/29 05:08:49.264914] [I][chkDUTConnect] Connect to DUT
[2020/07/29 05:08:49.275181] [I][chkDUTConnect] Check DUT status
[2020/07/29 05:08:50.110644] [I][chkDUTConnect] Success
[2020/07/29 05:08:50.119557] [I][chkE6640AConnect] Connect to E6640A
[2020/07/29 05:08:51.000993] [I][chkE6640AConnect] Preset E6640A status
[2020/07/29 05:08:51.893246] [I][chkE6640AConnect] success
[2020/07/29 05:08:52.144519] ---------- Test Plan 1 ----------
[2020/07/29 05:08:52.147526] [I][startTestPlan]---------- ZIGBEE_2450 Freq 2425 ----------
[2020/07/29 05:08:52.150535] [I][startTestPlan]---------- Measure Tx Start ----------
[2020/07/29 05:08:52.153573] [I][startTestPlan] Preset E6640A
[2020/07/29 05:08:52.965639] [I][startTestPlan] Success
[2020/07/29 05:08:52.972658] [I][startTestPlan] Set Tx Start
[2020/07/29 05:08:55.284202] [I][startTestPlan] Success
[2020/07/29 05:08:55.287211] [I][startTestPlan] Set DUT Tx
[2020/07/29 05:09:01.272561] [I][startTestPlan] Success
[2020/07/29 05:09:01.275571] [I][startTestPlan] Start DUT Tx
[2020/07/29 05:09:03.785111] [I][startTestPlan] Success
[2020/07/29 05:09:05.305378] [I][startTestPlan] 10.421, 7.894, 14.424
[2020/07/29 05:09:05.860965] [I][startTestPlan] 0.085
[2020/07/29 05:09:05.868986] [I][startTestPlan] Stop DUT Tx
[2020/07/29 05:09:06.719505] [I][startTestPlan] Success
[2020/07/29 05:09:06.722815] [I][startTestPlan] Calibration
[2020/07/29 05:09:06.724821] [I][startTestPlan] Calculate DUT Tx Power
[2020/07/29 05:09:06.728671] [I][startTestPlan] DUT Tx Power: -1
[2020/07/29 05:09:06.731738] [I][startTestPlan] Measure again
[2020/07/29 05:09:06.733749] [I][startTestPlan] Set DUT Tx
[2020/07/29 05:09:12.626266] [I][startTestPlan] Success
[2020/07/29 05:09:12.630277] [I][startTestPlan] Start DUT Tx
[2020/07/29 05:09:15.153467] [I][startTestPlan] Success
[2020/07/29 05:09:16.781349] [I][startTestPlan] 9.245, 7.848, 14.89
[2020/07/29 05:09:17.339216] [I][startTestPlan] 0.103
[2020/07/29 05:09:17.347239] [I][startTestPlan] Stop DUT Tx
[2020/07/29 05:09:18.201772] [I][startTestPlan] Success
[2020/07/29 05:09:18.205065] [I][startTestPlan] Power: 9.245 dBm
[2020/07/29 05:09:18.208076] [I][startTestPlan] Freq Err: 7.848 ppm
[2020/07/29 05:09:18.211084] [I][startTestPlan] EVM: 14.89 %
[2020/07/29 05:09:18.214092] [I][startTestPlan] Current: 0.103 A
[2020/07/29 05:09:18.217104] [I][startTestPlan] Check Tx Result
[2020/07/29 05:09:18.220594] [I][startBTTest] Tx Test Time: 26.073
[2020/07/29 05:09:18.223604] [I][startTestPlan]---------- ZIGBEE_2450 Freq 2455 ----------
[2020/07/29 05:09:18.226611] [I][startTestPlan]---------- Measure Tx Start ----------
[2020/07/29 05:09:18.229619] [I][startTestPlan] Preset E6640A
[2020/07/29 05:09:19.427091] [I][startTestPlan] Success
[2020/07/29 05:09:19.430055] [I][startTestPlan] Set Tx Start
[2020/07/29 05:09:21.804003] [I][startTestPlan] Success
[2020/07/29 05:09:21.807041] [I][startTestPlan] Set DUT Tx
[2020/07/29 05:09:27.836401] [I][startTestPlan] Success
[2020/07/29 05:09:27.840412] [I][startTestPlan] Start DUT Tx
[2020/07/29 05:09:30.367257] [I][startTestPlan] Success
[2020/07/29 05:09:31.905079] [I][startTestPlan] 10.77, 7.81, 14.824
[2020/07/29 05:09:32.461288] [I][startTestPlan] 0.087
[2020/07/29 05:09:32.467355] [I][startTestPlan] Stop DUT Tx
[2020/07/29 05:09:33.321148] [I][startTestPlan] Success
[2020/07/29 05:09:33.324389] [I][startTestPlan] Calibration
[2020/07/29 05:09:33.327398] [I][startTestPlan] Calculate DUT Tx Power
[2020/07/29 05:09:33.330406] [I][startTestPlan] DUT Tx Power: -2
[2020/07/29 05:09:33.333414] [I][startTestPlan] Measure again
[2020/07/29 05:09:33.336422] [I][startTestPlan] Set DUT Tx
[2020/07/29 05:09:39.260602] [I][startTestPlan] Success
[2020/07/29 05:09:39.262609] [I][startTestPlan] Start DUT Tx
[2020/07/29 05:09:41.787816] [I][startTestPlan] Success
[2020/07/29 05:09:43.333178] [I][startTestPlan] 8.751000000000001, 7.779, 15.084
[2020/07/29 05:09:43.898534] [I][startTestPlan] 0.083
[2020/07/29 05:09:43.906551] [I][startTestPlan] Stop DUT Tx
[2020/07/29 05:09:44.755790] [I][startTestPlan] Success
[2020/07/29 05:09:44.759777] [I][startTestPlan] Power: 8.751000000000001 dBm
[2020/07/29 05:09:44.763492] [I][startTestPlan] Freq Err: 7.779 ppm
[2020/07/29 05:09:44.766503] [I][startTestPlan] EVM: 15.084 %
[2020/07/29 05:09:44.769514] [I][startTestPlan] Current: 0.083 A
[2020/07/29 05:09:44.772517] [I][startTestPlan] Check Tx Result
[2020/07/29 05:09:44.776530] [I][startBTTest] Tx Test Time: 26.553
[2020/07/29 05:09:44.779536] [I][startTestPlan]---------- ZIGBEE_2450 Freq 2470 ----------
[2020/07/29 05:09:44.783548] [I][startTestPlan]---------- Measure Tx Start ----------
[2020/07/29 05:09:44.786558] [I][startTestPlan] Preset E6640A
[2020/07/29 05:09:45.974502] [I][startTestPlan] Success
[2020/07/29 05:09:45.978914] [I][startTestPlan] Set Tx Start
[2020/07/29 05:09:48.371207] [I][startTestPlan] Success
[2020/07/29 05:09:48.374214] [I][startTestPlan] Set DUT Tx
[2020/07/29 05:09:54.428784] [I][startTestPlan] Success
[2020/07/29 05:09:54.432086] [I][startTestPlan] Start DUT Tx
[2020/07/29 05:09:56.984932] [I][startTestPlan] Success
[2020/07/29 05:09:58.561674] [I][startTestPlan] 10.482000000000001, 7.751, 13.872
[2020/07/29 05:09:59.118092] [I][startTestPlan] 0.101
[2020/07/29 05:09:59.125060] [I][startTestPlan] Stop DUT Tx
[2020/07/29 05:09:59.986085] [I][startTestPlan] Success
[2020/07/29 05:09:59.989131] [I][startTestPlan] Calibration
[2020/07/29 05:09:59.993106] [I][startTestPlan] Calculate DUT Tx Power
[2020/07/29 05:09:59.996146] [I][startTestPlan] DUT Tx Power: -1
[2020/07/29 05:10:00.000125] [I][startTestPlan] Measure again
[2020/07/29 05:10:00.004135] [I][startTestPlan] Set DUT Tx
[2020/07/29 05:10:05.926515] [I][startTestPlan] Success
[2020/07/29 05:10:05.930711] [I][startTestPlan] Start DUT Tx
[2020/07/29 05:10:08.474282] [I][startTestPlan] Success
[2020/07/29 05:10:10.118972] [I][startTestPlan] 9.529, 7.724, 14.535
[2020/07/29 05:10:10.676331] [I][startTestPlan] 0.081
[2020/07/29 05:10:10.683552] [I][startTestPlan] Stop DUT Tx
[2020/07/29 05:10:11.532691] [I][startTestPlan] Success
[2020/07/29 05:10:11.536703] [I][startTestPlan] Power: 9.529 dBm
[2020/07/29 05:10:11.539711] [I][startTestPlan] Freq Err: 7.724 ppm
[2020/07/29 05:10:11.543214] [I][startTestPlan] EVM: 14.535 %
[2020/07/29 05:10:11.546225] [I][startTestPlan] Current: 0.081 A
[2020/07/29 05:10:11.549232] [I][startTestPlan] Check Tx Result
[2020/07/29 05:10:11.553058] [I][startBTTest] Tx Test Time: 26.773
[2020/07/29 05:10:11.556143] ---------- Test Plan 2 ----------
[2020/07/29 05:10:11.560185] [I][startTestPlan]---------- ZIGBEE_2450 Freq 2445 ----------
[2020/07/29 05:10:11.563194] [I][startTestPlan]---------- Measure Rx Start ----------
[2020/07/29 05:10:11.566202] [I][startTestPlan] Preset E6640A
[2020/07/29 05:10:12.773362] [I][startTestPlan] Success
[2020/07/29 05:10:12.777381] [I][startTestPlan]---------- LNA ON ----------
[2020/07/29 05:10:12.781346] [I][startTestPlan] Set Rx one tone
[2020/07/29 05:10:12.821590] [I][startTestPlan] Success
[2020/07/29 05:10:12.825599] [I][startTestPlan] Set DUT Rx
[2020/07/29 05:10:17.071133] [I][startTestPlan] Success
[2020/07/29 05:10:22.149199] [I][startTestPlan] Success
[2020/07/29 05:10:26.664130] [I][startTestPlan] Rx RSSI: -15 dBm
[2020/07/29 05:10:26.675160] [I][startTestPlan]---------- LNA OFF ----------
[2020/07/29 05:10:26.679192] [I][startTestPlan] Set Rx one tone
[2020/07/29 05:10:26.719599] [I][startTestPlan] Success
[2020/07/29 05:10:26.722638] [I][startTestPlan] Set DUT Rx
[2020/07/29 05:10:30.951929] [I][startTestPlan] Success
[2020/07/29 05:10:35.183241] [I][startTestPlan] Success
[2020/07/29 05:10:40.122491] [I][startTestPlan] Rx RSSI: -27 dBm
[2020/07/29 05:10:40.134524] [I][startTestPlan] Check Rx Result
[2020/07/29 05:10:40.137531] [I][startBTTest] Rx Test Time: 28.578
[2020/07/29 05:10:40.141543] [I][startBTTest] Copy calibration data
[2020/07/29 05:10:40.149606] [I][startBTTest] Write Calibration Data
[2020/07/29 05:10:40.673622] [I][TestResult] Test Pass!
