[2020/07/29 11:05:39.202023]========== Start ==========
[2020/07/29 11:05:39.203853][I][class_E6640A_ZIGBEE] Initial class_E6640A_ZIGBEE
[2020/07/29 11:05:39.206209][I][class_E6640A_ZIGBEE] Version: 3.0.0.2
[2020/07/29 11:05:39.210222][I][connect_E6640A] Connect to E6640A
[2020/07/29 11:05:39.220280][I][connect_E6640A] Resource Manager of Visa Library at C:\Windows\system32\visa64.dll
[2020/07/29 11:05:39.271655][I][queryEx] E6640A <= *IDN?
[2020/07/29 11:05:39.276655][I][queryEx] E6640A => Keysight Technologies,E6640A,MY57150246,E.19.71
[2020/07/29 11:05:39.278640][I][set_Preset] System reset
[2020/07/29 11:05:39.280646][I][writeEx] E6640A <= *RST
[2020/07/29 11:05:39.283653][I][writeEx] E6640A <= *CLS
[2020/07/29 11:05:39.285665][I][writeEx] E6640A <= SYST:PRES
[2020/07/29 11:05:39.589594][I][queryEx] E6640A <= *OPC?
[2020/07/29 11:05:40.326541][I][queryEx] E6640A => 1
[2020/07/29 11:05:40.335511][I][set_Preset] System reset
[2020/07/29 11:05:40.337554][I][writeEx] E6640A <= *RST
[2020/07/29 11:05:40.340601][I][writeEx] E6640A <= *CLS
[2020/07/29 11:05:40.342609][I][writeEx] E6640A <= SYST:PRES
[2020/07/29 11:05:40.646841][I][queryEx] E6640A <= *OPC?
[2020/07/29 11:05:41.377581][I][queryEx] E6640A => 1
[2020/07/29 11:05:41.671762][I][set_Preset] System reset
[2020/07/29 11:05:41.674789][I][writeEx] E6640A <= *RST
[2020/07/29 11:05:41.677794][I][writeEx] E6640A <= *CLS
[2020/07/29 11:05:41.679826][I][writeEx] E6640A <= SYST:PRES
[2020/07/29 11:05:41.985532][I][queryEx] E6640A <= *OPC?
[2020/07/29 11:05:42.677411][I][queryEx] E6640A => 1
[2020/07/29 11:05:42.691449][I][set_Tx_Start] Set Tx start
[2020/07/29 11:05:42.694400][I][set_RFI_Port] Set input port
[2020/07/29 11:05:42.696408][I][writeEx] E6640A <= :FEED:RF:PORT:INPut RFIO1
[2020/07/29 11:05:42.699427][I][queryEx] E6640A <= :FEED:RF:PORT:INPut?
[2020/07/29 11:05:42.705571][I][queryEx] E6640A => RFIO1
[2020/07/29 11:05:42.707635][I][set_Modulation_Analysis] Set measurement function
[2020/07/29 11:05:42.710622][I][writeEx] E6640A <= INST:SEL VSA
[2020/07/29 11:05:43.015418][I][queryEx] E6640A <= *OPC?
[2020/07/29 11:05:43.106101][I][queryEx] E6640A => 1
[2020/07/29 11:05:43.114062][I][queryEx] E6640A <= INST:SEL?
[2020/07/29 11:05:43.120079][I][queryEx] E6640A => VSA
[2020/07/29 11:05:43.122083][I][writeEx] E6640A <= :CONFigure:DDEMod
[2020/07/29 11:05:43.427066][I][queryEx] E6640A <= *OPC?
[2020/07/29 11:05:43.619013][I][queryEx] E6640A => 1
[2020/07/29 11:05:43.626403][I][init_Zigbee_Mode] Initial Zigbee mode
[2020/07/29 11:05:43.628447][I][writeEx] E6640A <= :DDEM:STAN:PRES ZIGBEE2450
[2020/07/29 11:05:43.933099][I][queryEx] E6640A <= *OPC?
[2020/07/29 11:05:43.943072][I][queryEx] E6640A => 1
[2020/07/29 11:05:43.947088][I][set_Continue] Set continue
[2020/07/29 11:05:43.950128][I][writeEx] E6640A <= :INIT:CONT ON
[2020/07/29 11:05:43.952136][I][set_Freq] Set frequence
[2020/07/29 11:05:43.956230][I][writeEx] E6640A <= :FREQuency:CENTer 2425.0 MHz
[2020/07/29 11:05:43.959282][I][set_XScale_Span] Set frequence span
[2020/07/29 11:05:43.962274][I][writeEx] E6640A <= :FREQuency:SPAN 10000.000000 KHZ
[2020/07/29 11:05:43.966259][I][set_Power_Range] Get power range
[2020/07/29 11:05:43.968281][I][writeEx] E6640A <= :POW:RANG 20.000000
[2020/07/29 11:05:43.971272][I][set_Symbol_Rate] Get symbol rate
[2020/07/29 11:05:43.975284][I][writeEx] E6640A <= :DDEMod:SRATe 1000.000000 kHz
[2020/07/29 11:05:43.979298][I][set_Meas_Interval] Get meas interval
[2020/07/29 11:05:43.982302][I][writeEx] E6640A <= :DDEMod:SWEep:POINts 500
[2020/07/29 11:05:43.986660][I][set_Zigbee_TX_BandPower] Set marker function
[2020/07/29 11:05:43.989670][I][writeEx] E6640A <= CALC:DDEMod:MARK1:MODE POS
[2020/07/29 11:05:43.993024][I][writeEx] E6640A <= CALC:DDEMod:MARK1:TRAC 2
[2020/07/29 11:05:43.997048][I][writeEx] E6640A <= CALC:DDEMod:MARK1:FUNC BPOW
[2020/07/29 11:05:44.000054][I][writeEx] E6640A <= CALC:DDEMod:MARK1:FUNC:BPOW:CTYP MEAN
[2020/07/29 11:05:44.003320][I][writeEx] E6640A <= CALC:DDEMod:MARK1:FUNC:BAND:CENT 2425000000.000000
[2020/07/29 11:05:44.309628][I][queryEx] E6640A <= *OPC?
[2020/07/29 11:05:44.320291][I][queryEx] E6640A => 1
[2020/07/29 11:05:44.325087][I][queryEx] E6640A <= CALC:DDEMod:MARK1:FUNC:BAND:CENT?
[2020/07/29 11:05:44.331104][I][queryEx] E6640A => 2.425000000E+09
[2020/07/29 11:05:44.335942][I][writeEx] E6640A <= CALC:DDEMod:MARK1:FUNC:BAND:SPAN 10000000.000000
[2020/07/29 11:05:44.641703][I][queryEx] E6640A <= *OPC?
[2020/07/29 11:05:44.650300][I][queryEx] E6640A => 1
[2020/07/29 11:05:44.655362][I][set_Trigger_Video] Set trigger video
[2020/07/29 11:05:44.658328][I][writeEx] E6640A <= TRIG:DDEM:SOUR VID
[2020/07/29 11:05:44.964153][I][queryEx] E6640A <= *OPC?
[2020/07/29 11:05:44.975397][I][queryEx] E6640A => 1
[2020/07/29 11:05:44.979410][I][set_Trigger_Level] Set trigger level
[2020/07/29 11:05:44.982419][I][writeEx] E6640A <= :TRIGger:VIDeo:LEVel 30.000000 mV
[2020/07/29 11:05:44.986430][I][set_Trigger_Delay] Set trigger delay
[2020/07/29 11:05:44.990439][I][writeEx] E6640A <= :TRIGger:VIDeo:DELay:STATe ON
[2020/07/29 11:05:44.993447][I][queryEx] E6640A <= :TRIGger:VIDeo:DELay:STATe?
[2020/07/29 11:05:45.061102][I][queryEx] E6640A => 1
[2020/07/29 11:05:45.072331][I][writeEx] E6640A <= :TRIGger:VIDeo:DELay:STATe ON
[2020/07/29 11:05:45.081360][I][writeEx] E6640A <= :TRIGger:VIDeo:DELay 0.300000 ms
[2020/07/29 11:05:45.085370][I][init_Trigger_Reg] Initial trigger status register
[2020/07/29 11:05:45.088377][I][writeEx] E6640A <= *CLS
[2020/07/29 11:05:45.093428][I][writeEx] E6640A <= :STATus:PRESet
[2020/07/29 11:05:45.097182][I][writeEx] E6640A <= *SRE 192
[2020/07/29 11:05:45.100192][I][writeEx] E6640A <= :STATus:OPERation:ENABle 32
[2020/07/29 11:05:45.104203][I][writeEx] E6640A <= *CLS
[2020/07/29 11:05:45.108213][I][queryEx] E6640A <= *STB?
[2020/07/29 11:05:45.151537][I][queryEx] E6640A => 0
[2020/07/29 11:05:45.155585][I][init_Trigger_Reg] Status: 0
[2020/07/29 11:05:54.060151][I][chk_Tx_Result] Check Tx result
[2020/07/29 11:05:54.074747][I][get_Trigger_Status] Get trigger status
[2020/07/29 11:05:54.082774][I][queryEx] E6640A <= *STB?
[2020/07/29 11:05:54.088971][I][queryEx] E6640A => 192
[2020/07/29 11:05:54.093873][I][get_Trigger_Status] Status: 192
[2020/07/29 11:05:54.097805]Is triggered!
[2020/07/29 11:05:54.102451][I][writeEx] E6640A <= *CLS
[2020/07/29 11:05:54.106861][I][set_Continue] Set continue
[2020/07/29 11:05:54.109872][I][writeEx] E6640A <= :INIT:CONT ON
[2020/07/29 11:05:54.215136][I][set_Single] Set single
[2020/07/29 11:05:54.223168][I][writeEx] E6640A <= :INIT:CONT OFF
[2020/07/29 11:05:54.228165][I][set_Zigbee_TX_BandPower] Set marker function
[2020/07/29 11:05:54.231172][I][writeEx] E6640A <= CALC:DDEMod:MARK1:MODE POS
[2020/07/29 11:05:54.236190][I][writeEx] E6640A <= CALC:DDEMod:MARK1:TRAC 2
[2020/07/29 11:05:54.240808][I][writeEx] E6640A <= CALC:DDEMod:MARK1:FUNC BPOW
[2020/07/29 11:05:54.243817][I][writeEx] E6640A <= CALC:DDEMod:MARK1:FUNC:BPOW:CTYP MEAN
[2020/07/29 11:05:54.247830][I][writeEx] E6640A <= CALC:DDEMod:MARK1:FUNC:BAND:CENT 2425000000.000000
[2020/07/29 11:05:54.553755][I][queryEx] E6640A <= *OPC?
[2020/07/29 11:05:54.561918][I][queryEx] E6640A => 1
[2020/07/29 11:05:54.566794][I][queryEx] E6640A <= CALC:DDEMod:MARK1:FUNC:BAND:CENT?
[2020/07/29 11:05:54.573931][I][queryEx] E6640A => 2.425000000E+09
[2020/07/29 11:05:54.578833][I][writeEx] E6640A <= CALC:DDEMod:MARK1:FUNC:BAND:SPAN 10000000.000000
[2020/07/29 11:05:54.884683][I][queryEx] E6640A <= *OPC?
[2020/07/29 11:05:54.893295][I][queryEx] E6640A => 1
[2020/07/29 11:05:54.898337][I][get_Power] Get Tx power
[2020/07/29 11:05:54.901342][I][queryEx] E6640A <= :CALC:DDEMod:MARK1:Y?
[2020/07/29 11:05:54.908569][I][queryEx] E6640A => 1.643997176E+00
[2020/07/29 11:05:54.912625][I][chk_Tx_Result] Tx power(add loss: 8.200000) = 9.844000 dBm
[2020/07/29 11:05:54.917493][I][read_DDEMod_Array] Read measurement result
[2020/07/29 11:05:54.920504][I][queryEx] E6640A <= :READ:DDEMod?
[2020/07/29 11:05:55.170279][I][queryEx] E6640A => 1.221162510E+01,4.216958237E+01,2.230000000E+02,2.777085543E+00,1.612092781E+01,2.230000000E+02,9.91E+37,9.91E+37,9.91E+37,2.359735370E-01,-6.710767746E-01,8.600000000E+01,9.942935944E+00,3.466671371E+01,2.230000000E+02,2.707848438E+04,9.91E+37,9.91E+37,9.91E+37,9.91E+37,9.91E+37,-5.688770676E+01,9.91E+37,9.703974724E-01,-1.614139974E-02,2.233085632E-01,9.91E+37,9.91E+37,9.91E+37,9.91E+37,9.91E+37,9.91E+37,9.91E+37,9.91E+37,9.91E+37,9.91E+37,9.91E+37,9.91E+37,9.91E+37,9.91E+37,9.91E+37,9.91E+37,9.91E+37,9.91E+37,9.91E+37,9.91E+37,9.91E+37,9.91E+37,9.91E+37,9.91E+37,9.91E+37,9.91E+37,9.91E+37,9.91E+37,9.91E+37,9.91E+37,9.91E+37,9.91E+37,9.91E+37,9.91E+37,9.91E+37,1.425719820E-03,1.218539983E-04
[2020/07/29 11:05:55.177288][I][set_Continue] Set continue
[2020/07/29 11:05:55.181298][I][writeEx] E6640A <= :INIT:CONT ON
[2020/07/29 11:06:05.566561][I][chk_Tx_Result] Check Tx result
[2020/07/29 11:06:05.580642][I][get_Trigger_Status] Get trigger status
[2020/07/29 11:06:05.588647][I][queryEx] E6640A <= *STB?
[2020/07/29 11:06:05.596640][I][queryEx] E6640A => 192
[2020/07/29 11:06:05.600693][I][get_Trigger_Status] Status: 192
[2020/07/29 11:06:05.604702]Is triggered!
[2020/07/29 11:06:05.609679][I][writeEx] E6640A <= *CLS
[2020/07/29 11:06:05.613690][I][set_Continue] Set continue
[2020/07/29 11:06:05.618561][I][writeEx] E6640A <= :INIT:CONT ON
[2020/07/29 11:06:05.724363][I][set_Single] Set single
[2020/07/29 11:06:05.732425][I][writeEx] E6640A <= :INIT:CONT OFF
[2020/07/29 11:06:05.737883][I][set_Zigbee_TX_BandPower] Set marker function
[2020/07/29 11:06:05.740932][I][writeEx] E6640A <= CALC:DDEMod:MARK1:MODE POS
[2020/07/29 11:06:05.744905][I][writeEx] E6640A <= CALC:DDEMod:MARK1:TRAC 2
[2020/07/29 11:06:05.748915][I][writeEx] E6640A <= CALC:DDEMod:MARK1:FUNC BPOW
[2020/07/29 11:06:05.753037][I][writeEx] E6640A <= CALC:DDEMod:MARK1:FUNC:BPOW:CTYP MEAN
[2020/07/29 11:06:05.757050][I][writeEx] E6640A <= CALC:DDEMod:MARK1:FUNC:BAND:CENT 2425000000.000000
[2020/07/29 11:06:06.063049][I][queryEx] E6640A <= *OPC?
[2020/07/29 11:06:06.074150][I][queryEx] E6640A => 1
[2020/07/29 11:06:06.078490][I][queryEx] E6640A <= CALC:DDEMod:MARK1:FUNC:BAND:CENT?
[2020/07/29 11:06:06.084555][I][queryEx] E6640A => 2.425000000E+09
[2020/07/29 11:06:06.088539][I][writeEx] E6640A <= CALC:DDEMod:MARK1:FUNC:BAND:SPAN 10000000.000000
[2020/07/29 11:06:06.393562][I][queryEx] E6640A <= *OPC?
[2020/07/29 11:06:06.404637][I][queryEx] E6640A => 1
[2020/07/29 11:06:06.408651][I][get_Power] Get Tx power
[2020/07/29 11:06:06.412674][I][queryEx] E6640A <= :CALC:DDEMod:MARK1:Y?
[2020/07/29 11:06:06.421581][I][queryEx] E6640A => 5.096768280E-01
[2020/07/29 11:06:06.426595][I][chk_Tx_Result] Tx power(add loss: 8.200000) = 8.710000 dBm
[2020/07/29 11:06:06.431454][I][read_DDEMod_Array] Read measurement result
[2020/07/29 11:06:06.434526][I][queryEx] E6640A <= :READ:DDEMod?
[2020/07/29 11:06:06.588393][I][queryEx] E6640A => 1.277615356E+01,3.513030243E+01,3.000000000E+00,2.819539309E+00,1.019716072E+01,4.780000000E+02,9.91E+37,9.91E+37,9.91E+37,2.587156892E-01,-7.367014885E-01,2.780000000E+02,1.040068245E+01,-2.878237534E+01,3.000000000E+00,2.705777734E+04,9.91E+37,9.91E+37,9.91E+37,9.91E+37,9.91E+37,-5.561722183E+01,9.91E+37,9.676004052E-01,1.168669295E-02,2.434825897E-01,9.91E+37,9.91E+37,9.91E+37,9.91E+37,9.91E+37,9.91E+37,9.91E+37,9.91E+37,9.91E+37,9.91E+37,9.91E+37,9.91E+37,9.91E+37,9.91E+37,9.91E+37,9.91E+37,9.91E+37,9.91E+37,9.91E+37,9.91E+37,9.91E+37,9.91E+37,9.91E+37,9.91E+37,9.91E+37,9.91E+37,9.91E+37,9.91E+37,9.91E+37,9.91E+37,9.91E+37,9.91E+37,9.91E+37,9.91E+37,9.91E+37,1.639559981E-03,2.348844573E-04
[2020/07/29 11:06:06.596398][I][set_Continue] Set continue
[2020/07/29 11:06:06.601373][I][writeEx] E6640A <= :INIT:CONT ON
[2020/07/29 11:06:08.057949][I][set_Preset] System reset
[2020/07/29 11:06:08.062010][I][writeEx] E6640A <= *RST
[2020/07/29 11:06:08.066974][I][writeEx] E6640A <= *CLS
[2020/07/29 11:06:08.071328][I][writeEx] E6640A <= SYST:PRES
[2020/07/29 11:06:08.376408][I][queryEx] E6640A <= *OPC?
[2020/07/29 11:06:09.343773][I][queryEx] E6640A => 1
[2020/07/29 11:06:09.357810][I][set_Tx_Start] Set Tx start
[2020/07/29 11:06:09.361820][I][set_RFI_Port] Set input port
[2020/07/29 11:06:09.366800][I][writeEx] E6640A <= :FEED:RF:PORT:INPut RFIO1
[2020/07/29 11:06:09.371811][I][queryEx] E6640A <= :FEED:RF:PORT:INPut?
[2020/07/29 11:06:09.378420][I][queryEx] E6640A => RFIO1
[2020/07/29 11:06:09.382470][I][set_Modulation_Analysis] Set measurement function
[2020/07/29 11:06:09.387314][I][writeEx] E6640A <= INST:SEL VSA
[2020/07/29 11:06:09.693374][I][queryEx] E6640A <= *OPC?
[2020/07/29 11:06:09.704598][I][queryEx] E6640A => 1
[2020/07/29 11:06:09.709423][I][queryEx] E6640A <= INST:SEL?
[2020/07/29 11:06:09.716443][I][queryEx] E6640A => VSA
[2020/07/29 11:06:09.720701][I][writeEx] E6640A <= :CONFigure:DDEMod
[2020/07/29 11:06:10.026531][I][queryEx] E6640A <= *OPC?
[2020/07/29 11:06:10.202863][I][queryEx] E6640A => 1
[2020/07/29 11:06:10.218897][I][init_Zigbee_Mode] Initial Zigbee mode
[2020/07/29 11:06:10.226902][I][writeEx] E6640A <= :DDEM:STAN:PRES ZIGBEE2450
[2020/07/29 11:06:10.532654][I][queryEx] E6640A <= *OPC?
[2020/07/29 11:06:10.542617][I][queryEx] E6640A => 1
[2020/07/29 11:06:10.547463][I][set_Continue] Set continue
[2020/07/29 11:06:10.550474][I][writeEx] E6640A <= :INIT:CONT ON
[2020/07/29 11:06:10.556507][I][set_Freq] Set frequence
[2020/07/29 11:06:10.560520][I][writeEx] E6640A <= :FREQuency:CENTer 2455.0 MHz
[2020/07/29 11:06:10.565579][I][set_XScale_Span] Set frequence span
[2020/07/29 11:06:10.569584][I][writeEx] E6640A <= :FREQuency:SPAN 10000.000000 KHZ
[2020/07/29 11:06:10.573562][I][set_Power_Range] Get power range
[2020/07/29 11:06:10.578619][I][writeEx] E6640A <= :POW:RANG 20.000000
[2020/07/29 11:06:10.582635][I][set_Symbol_Rate] Get symbol rate
[2020/07/29 11:06:10.587519][I][writeEx] E6640A <= :DDEMod:SRATe 1000.000000 kHz
[2020/07/29 11:06:10.591535][I][set_Meas_Interval] Get meas interval
[2020/07/29 11:06:10.596546][I][writeEx] E6640A <= :DDEMod:SWEep:POINts 500
[2020/07/29 11:06:10.600556][I][set_Zigbee_TX_BandPower] Set marker function
[2020/07/29 11:06:10.605614][I][writeEx] E6640A <= CALC:DDEMod:MARK1:MODE POS
[2020/07/29 11:06:10.609615][I][writeEx] E6640A <= CALC:DDEMod:MARK1:TRAC 2
[2020/07/29 11:06:10.613647][I][writeEx] E6640A <= CALC:DDEMod:MARK1:FUNC BPOW
[2020/07/29 11:06:10.618604][I][writeEx] E6640A <= CALC:DDEMod:MARK1:FUNC:BPOW:CTYP MEAN
[2020/07/29 11:06:10.623209][I][writeEx] E6640A <= CALC:DDEMod:MARK1:FUNC:BAND:CENT 2455000000.000000
[2020/07/29 11:06:10.928961][I][queryEx] E6640A <= *OPC?
[2020/07/29 11:06:10.937275][I][queryEx] E6640A => 1
[2020/07/29 11:06:10.943670][I][queryEx] E6640A <= CALC:DDEMod:MARK1:FUNC:BAND:CENT?
[2020/07/29 11:06:10.951695][I][queryEx] E6640A => 2.455000000E+09
[2020/07/29 11:06:10.956815][I][writeEx] E6640A <= CALC:DDEMod:MARK1:FUNC:BAND:SPAN 10000000.000000
[2020/07/29 11:06:11.262362][I][queryEx] E6640A <= *OPC?
[2020/07/29 11:06:11.271188][I][queryEx] E6640A => 1
[2020/07/29 11:06:11.277244][I][set_Trigger_Video] Set trigger video
[2020/07/29 11:06:11.281259][I][writeEx] E6640A <= TRIG:DDEM:SOUR VID
[2020/07/29 11:06:11.588307][I][queryEx] E6640A <= *OPC?
[2020/07/29 11:06:11.599458][I][queryEx] E6640A => 1
[2020/07/29 11:06:11.604477][I][set_Trigger_Level] Set trigger level
[2020/07/29 11:06:11.608488][I][writeEx] E6640A <= :TRIGger:VIDeo:LEVel 30.000000 mV
[2020/07/29 11:06:11.613501][I][set_Trigger_Delay] Set trigger delay
[2020/07/29 11:06:11.617510][I][writeEx] E6640A <= :TRIGger:VIDeo:DELay:STATe ON
[2020/07/29 11:06:11.622524][I][queryEx] E6640A <= :TRIGger:VIDeo:DELay:STATe?
[2020/07/29 11:06:11.679813][I][queryEx] E6640A => 1
[2020/07/29 11:06:11.687843][I][writeEx] E6640A <= :TRIGger:VIDeo:DELay:STATe ON
[2020/07/29 11:06:11.695865][I][writeEx] E6640A <= :TRIGger:VIDeo:DELay 0.300000 ms
[2020/07/29 11:06:11.703550][I][init_Trigger_Reg] Initial trigger status register
[2020/07/29 11:06:11.706576][I][writeEx] E6640A <= *CLS
[2020/07/29 11:06:11.710609][I][writeEx] E6640A <= :STATus:PRESet
[2020/07/29 11:06:11.715585][I][writeEx] E6640A <= *SRE 192
[2020/07/29 11:06:11.719600][I][writeEx] E6640A <= :STATus:OPERation:ENABle 32
[2020/07/29 11:06:11.724609][I][writeEx] E6640A <= *CLS
[2020/07/29 11:06:11.728911][I][queryEx] E6640A <= *STB?
[2020/07/29 11:06:11.778303][I][queryEx] E6640A => 0
[2020/07/29 11:06:11.785358][I][init_Trigger_Reg] Status: 0
[2020/07/29 11:06:20.786902][I][chk_Tx_Result] Check Tx result
[2020/07/29 11:06:20.795581][I][get_Trigger_Status] Get trigger status
[2020/07/29 11:06:20.799594][I][queryEx] E6640A <= *STB?
[2020/07/29 11:06:20.807161][I][queryEx] E6640A => 192
[2020/07/29 11:06:20.812179][I][get_Trigger_Status] Status: 192
[2020/07/29 11:06:20.815192]Is triggered!
[2020/07/29 11:06:20.820257][I][writeEx] E6640A <= *CLS
[2020/07/29 11:06:20.824984][I][set_Continue] Set continue
[2020/07/29 11:06:20.828996][I][writeEx] E6640A <= :INIT:CONT ON
[2020/07/29 11:06:20.933344][I][set_Single] Set single
[2020/07/29 11:06:20.938923][I][writeEx] E6640A <= :INIT:CONT OFF
[2020/07/29 11:06:20.942897][I][set_Zigbee_TX_BandPower] Set marker function
[2020/07/29 11:06:20.946909][I][writeEx] E6640A <= CALC:DDEMod:MARK1:MODE POS
[2020/07/29 11:06:20.950955][I][writeEx] E6640A <= CALC:DDEMod:MARK1:TRAC 2
[2020/07/29 11:06:20.958023][I][writeEx] E6640A <= CALC:DDEMod:MARK1:FUNC BPOW
[2020/07/29 11:06:20.962085][I][writeEx] E6640A <= CALC:DDEMod:MARK1:FUNC:BPOW:CTYP MEAN
[2020/07/29 11:06:20.967050][I][writeEx] E6640A <= CALC:DDEMod:MARK1:FUNC:BAND:CENT 2455000000.000000
[2020/07/29 11:06:21.272628][I][queryEx] E6640A <= *OPC?
[2020/07/29 11:06:21.280352][I][queryEx] E6640A => 1
[2020/07/29 11:06:21.286614][I][queryEx] E6640A <= CALC:DDEMod:MARK1:FUNC:BAND:CENT?
[2020/07/29 11:06:21.295294][I][queryEx] E6640A => 2.455000000E+09
[2020/07/29 11:06:21.300454][I][writeEx] E6640A <= CALC:DDEMod:MARK1:FUNC:BAND:SPAN 10000000.000000
[2020/07/29 11:06:21.606780][I][queryEx] E6640A <= *OPC?
[2020/07/29 11:06:21.617924][I][queryEx] E6640A => 1
[2020/07/29 11:06:21.623242][I][get_Power] Get Tx power
[2020/07/29 11:06:21.627258][I][queryEx] E6640A <= :CALC:DDEMod:MARK1:Y?
[2020/07/29 11:06:21.634895][I][queryEx] E6640A => 1.520860132E+00
[2020/07/29 11:06:21.639950][I][chk_Tx_Result] Tx power(add loss: 8.900000) = 10.421000 dBm
[2020/07/29 11:06:21.645096][I][read_DDEMod_Array] Read measurement result
[2020/07/29 11:06:21.649149][I][queryEx] E6640A <= :READ:DDEMod?
[2020/07/29 11:06:21.908310][I][queryEx] E6640A => 1.451109123E+01,4.699029160E+01,2.230000000E+02,3.727952719E+00,2.024888039E+01,2.230000000E+02,9.91E+37,9.91E+37,9.91E+37,3.723691404E-01,-9.270787239E-01,1.740000000E+02,1.182755184E+01,3.887991714E+01,2.230000000E+02,2.740935938E+04,9.91E+37,9.91E+37,9.91E+37,9.91E+37,9.91E+37,-4.872148895E+01,9.91E+37,9.583144784E-01,4.247586802E-02,3.406702578E-01,9.91E+37,9.91E+37,9.91E+37,9.91E+37,9.91E+37,9.91E+37,9.91E+37,9.91E+37,9.91E+37,9.91E+37,9.91E+37,9.91E+37,9.91E+37,9.91E+37,9.91E+37,9.91E+37,9.91E+37,9.91E+37,9.91E+37,9.91E+37,9.91E+37,9.91E+37,9.91E+37,9.91E+37,9.91E+37,9.91E+37,9.91E+37,9.91E+37,9.91E+37,9.91E+37,9.91E+37,9.91E+37,9.91E+37,9.91E+37,9.91E+37,3.661347786E-03,1.325971680E-04
[2020/07/29 11:06:21.916371][I][set_Continue] Set continue
[2020/07/29 11:06:21.921344][I][writeEx] E6640A <= :INIT:CONT ON
[2020/07/29 11:06:32.342915][I][chk_Tx_Result] Check Tx result
[2020/07/29 11:06:32.351324][I][get_Trigger_Status] Get trigger status
[2020/07/29 11:06:32.355337][I][queryEx] E6640A <= *STB?
[2020/07/29 11:06:32.362359][I][queryEx] E6640A => 192
[2020/07/29 11:06:32.367442][I][get_Trigger_Status] Status: 192
[2020/07/29 11:06:32.370453]Is triggered!
[2020/07/29 11:06:32.375506][I][writeEx] E6640A <= *CLS
[2020/07/29 11:06:32.380479][I][set_Continue] Set continue
[2020/07/29 11:06:32.384490][I][writeEx] E6640A <= :INIT:CONT ON
[2020/07/29 11:06:32.490432][I][set_Single] Set single
[2020/07/29 11:06:32.496657][I][writeEx] E6640A <= :INIT:CONT OFF
[2020/07/29 11:06:32.500671][I][set_Zigbee_TX_BandPower] Set marker function
[2020/07/29 11:06:32.505685][I][writeEx] E6640A <= CALC:DDEMod:MARK1:MODE POS
[2020/07/29 11:06:32.510750][I][writeEx] E6640A <= CALC:DDEMod:MARK1:TRAC 2
[2020/07/29 11:06:32.515711][I][writeEx] E6640A <= CALC:DDEMod:MARK1:FUNC BPOW
[2020/07/29 11:06:32.520760][I][writeEx] E6640A <= CALC:DDEMod:MARK1:FUNC:BPOW:CTYP MEAN
[2020/07/29 11:06:32.525737][I][writeEx] E6640A <= CALC:DDEMod:MARK1:FUNC:BAND:CENT 2455000000.000000
[2020/07/29 11:06:32.832581][I][queryEx] E6640A <= *OPC?
[2020/07/29 11:06:32.842466][I][queryEx] E6640A => 1
[2020/07/29 11:06:32.847592][I][queryEx] E6640A <= CALC:DDEMod:MARK1:FUNC:BAND:CENT?
[2020/07/29 11:06:32.854614][I][queryEx] E6640A => 2.455000000E+09
[2020/07/29 11:06:32.858622][I][writeEx] E6640A <= CALC:DDEMod:MARK1:FUNC:BAND:SPAN 10000000.000000
[2020/07/29 11:06:33.166097][I][queryEx] E6640A <= *OPC?
[2020/07/29 11:06:33.177149][I][queryEx] E6640A => 1
[2020/07/29 11:06:33.182174][I][get_Power] Get Tx power
[2020/07/29 11:06:33.185209][I][queryEx] E6640A <= :CALC:DDEMod:MARK1:Y?
[2020/07/29 11:06:33.193662][I][queryEx] E6640A => 3.991389587E-01
[2020/07/29 11:06:33.198680][I][chk_Tx_Result] Tx power(add loss: 8.900000) = 9.299000 dBm
[2020/07/29 11:06:33.202695][I][read_DDEMod_Array] Read measurement result
[2020/07/29 11:06:33.207703][I][queryEx] E6640A <= :READ:DDEMod?
[2020/07/29 11:06:33.465990][I][queryEx] E6640A => 1.356719398E+01,3.575380707E+01,4.220000000E+02,3.009615183E+00,1.225978184E+01,4.220000000E+02,9.91E+37,9.91E+37,9.91E+37,3.590133786E-01,-9.111225605E-01,3.340000000E+02,1.103927517E+01,-2.934830475E+01,4.220000000E+02,2.742682813E+04,9.91E+37,9.91E+37,9.91E+37,9.91E+37,9.91E+37,-4.893737030E+01,9.91E+37,9.635061622E-01,-8.041628636E-03,2.991530895E-01,9.91E+37,9.91E+37,9.91E+37,9.91E+37,9.91E+37,9.91E+37,9.91E+37,9.91E+37,9.91E+37,9.91E+37,9.91E+37,9.91E+37,9.91E+37,9.91E+37,9.91E+37,9.91E+37,9.91E+37,9.91E+37,9.91E+37,9.91E+37,9.91E+37,9.91E+37,9.91E+37,9.91E+37,9.91E+37,9.91E+37,9.91E+37,9.91E+37,9.91E+37,9.91E+37,9.91E+37,9.91E+37,9.91E+37,9.91E+37,9.91E+37,2.974196570E-03,-1.981484471E-03
[2020/07/29 11:06:33.475021][I][set_Continue] Set continue
[2020/07/29 11:06:33.481072][I][writeEx] E6640A <= :INIT:CONT ON
[2020/07/29 11:06:44.551430][I][set_Preset] System reset
[2020/07/29 11:06:44.559460][I][writeEx] E6640A <= *RST
[2020/07/29 11:06:44.563425][I][writeEx] E6640A <= *CLS
[2020/07/29 11:06:44.569451][I][writeEx] E6640A <= SYST:PRES
[2020/07/29 11:06:44.876718][I][queryEx] E6640A <= *OPC?
[2020/07/29 11:06:45.821150][I][queryEx] E6640A => 1
[2020/07/29 11:06:45.838389][I][set_Tx_Start] Set Tx start
[2020/07/29 11:06:45.842430][I][set_RFI_Port] Set input port
[2020/07/29 11:06:45.846895][I][writeEx] E6640A <= :FEED:RF:PORT:INPut RFIO1
[2020/07/29 11:06:45.850908][I][queryEx] E6640A <= :FEED:RF:PORT:INPut?
[2020/07/29 11:06:45.859100][I][queryEx] E6640A => RFIO1
[2020/07/29 11:06:45.863114][I][set_Modulation_Analysis] Set measurement function
[2020/07/29 11:06:45.867164][I][writeEx] E6640A <= INST:SEL VSA
[2020/07/29 11:06:46.173905][I][queryEx] E6640A <= *OPC?
[2020/07/29 11:06:46.185130][I][queryEx] E6640A => 1
[2020/07/29 11:06:46.189181][I][queryEx] E6640A <= INST:SEL?
[2020/07/29 11:06:46.197258][I][queryEx] E6640A => VSA
[2020/07/29 11:06:46.201526][I][writeEx] E6640A <= :CONFigure:DDEMod
[2020/07/29 11:06:46.507995][I][queryEx] E6640A <= *OPC?
[2020/07/29 11:06:46.715670][I][queryEx] E6640A => 1
[2020/07/29 11:06:46.732707][I][init_Zigbee_Mode] Initial Zigbee mode
[2020/07/29 11:06:46.740678][I][writeEx] E6640A <= :DDEM:STAN:PRES ZIGBEE2450
[2020/07/29 11:06:47.046256][I][queryEx] E6640A <= *OPC?
[2020/07/29 11:06:47.055978][I][queryEx] E6640A => 1
[2020/07/29 11:06:47.061005][I][set_Continue] Set continue
[2020/07/29 11:06:47.065017][I][writeEx] E6640A <= :INIT:CONT ON
[2020/07/29 11:06:47.070031][I][set_Freq] Set frequence
[2020/07/29 11:06:47.074895][I][writeEx] E6640A <= :FREQuency:CENTer 2425.0 MHz
[2020/07/29 11:06:47.079942][I][set_XScale_Span] Set frequence span
[2020/07/29 11:06:47.084962][I][writeEx] E6640A <= :FREQuency:SPAN 10000.000000 KHZ
[2020/07/29 11:06:47.089979][I][set_Power_Range] Get power range
[2020/07/29 11:06:47.094492][I][writeEx] E6640A <= :POW:RANG 20.000000
[2020/07/29 11:06:47.099509][I][set_Symbol_Rate] Get symbol rate
[2020/07/29 11:06:47.104521][I][writeEx] E6640A <= :DDEMod:SRATe 1000.000000 kHz
[2020/07/29 11:06:47.109569][I][set_Meas_Interval] Get meas interval
[2020/07/29 11:06:47.114857][I][writeEx] E6640A <= :DDEMod:SWEep:POINts 500
[2020/07/29 11:06:47.119915][I][set_Zigbee_TX_BandPower] Set marker function
[2020/07/29 11:06:47.125328][I][writeEx] E6640A <= CALC:DDEMod:MARK1:MODE POS
[2020/07/29 11:06:47.132520][I][writeEx] E6640A <= CALC:DDEMod:MARK1:TRAC 2
[2020/07/29 11:06:47.136439][I][writeEx] E6640A <= CALC:DDEMod:MARK1:FUNC BPOW
[2020/07/29 11:06:47.141454][I][writeEx] E6640A <= CALC:DDEMod:MARK1:FUNC:BPOW:CTYP MEAN
[2020/07/29 11:06:47.147503][I][writeEx] E6640A <= CALC:DDEMod:MARK1:FUNC:BAND:CENT 2425000000.000000
[2020/07/29 11:06:47.454392][I][queryEx] E6640A <= *OPC?
[2020/07/29 11:06:47.465810][I][queryEx] E6640A => 1
[2020/07/29 11:06:47.470830][I][queryEx] E6640A <= CALC:DDEMod:MARK1:FUNC:BAND:CENT?
[2020/07/29 11:06:47.478840][I][queryEx] E6640A => 2.425000000E+09
[2020/07/29 11:06:47.482854][I][writeEx] E6640A <= CALC:DDEMod:MARK1:FUNC:BAND:SPAN 10000000.000000
[2020/07/29 11:06:47.789883][I][queryEx] E6640A <= *OPC?
[2020/07/29 11:06:47.801997][I][queryEx] E6640A => 1
[2020/07/29 11:06:47.806542][I][set_Trigger_Video] Set trigger video
[2020/07/29 11:06:47.810557][I][writeEx] E6640A <= TRIG:DDEM:SOUR VID
[2020/07/29 11:06:48.117080][I][queryEx] E6640A <= *OPC?
[2020/07/29 11:06:48.127617][I][queryEx] E6640A => 1
[2020/07/29 11:06:48.133640][I][set_Trigger_Level] Set trigger level
[2020/07/29 11:06:48.138430][I][writeEx] E6640A <= :TRIGger:VIDeo:LEVel 30.000000 mV
[2020/07/29 11:06:48.143446][I][set_Trigger_Delay] Set trigger delay
[2020/07/29 11:06:48.147492][I][writeEx] E6640A <= :TRIGger:VIDeo:DELay:STATe ON
[2020/07/29 11:06:48.154506][I][queryEx] E6640A <= :TRIGger:VIDeo:DELay:STATe?
[2020/07/29 11:06:48.216242][I][queryEx] E6640A => 1
[2020/07/29 11:06:48.222262][I][writeEx] E6640A <= :TRIGger:VIDeo:DELay:STATe ON
[2020/07/29 11:06:48.229293][I][writeEx] E6640A <= :TRIGger:VIDeo:DELay 0.300000 ms
[2020/07/29 11:06:48.233289][I][init_Trigger_Reg] Initial trigger status register
[2020/07/29 11:06:48.238585][I][writeEx] E6640A <= *CLS
[2020/07/29 11:06:48.242654][I][writeEx] E6640A <= :STATus:PRESet
[2020/07/29 11:06:48.248637][I][writeEx] E6640A <= *SRE 192
[2020/07/29 11:06:48.253676][I][writeEx] E6640A <= :STATus:OPERation:ENABle 32
[2020/07/29 11:06:48.258733][I][writeEx] E6640A <= *CLS
[2020/07/29 11:06:48.263744][I][queryEx] E6640A <= *STB?
[2020/07/29 11:06:48.302751][I][queryEx] E6640A => 0
[2020/07/29 11:06:48.308761][I][init_Trigger_Reg] Status: 0
[2020/07/29 11:06:57.330910][I][chk_Tx_Result] Check Tx result
[2020/07/29 11:06:57.338971][I][get_Trigger_Status] Get trigger status
[2020/07/29 11:06:57.343941][I][queryEx] E6640A <= *STB?
[2020/07/29 11:06:57.350585][I][queryEx] E6640A => 192
[2020/07/29 11:06:57.355637][I][get_Trigger_Status] Status: 192
[2020/07/29 11:06:57.360614]Is triggered!
[2020/07/29 11:06:57.365628][I][writeEx] E6640A <= *CLS
[2020/07/29 11:06:57.369638][I][set_Continue] Set continue
[2020/07/29 11:06:57.374651][I][writeEx] E6640A <= :INIT:CONT ON
[2020/07/29 11:06:57.480755][I][set_Single] Set single
[2020/07/29 11:06:57.488807][I][writeEx] E6640A <= :INIT:CONT OFF
[2020/07/29 11:06:57.493825][I][set_Zigbee_TX_BandPower] Set marker function
[2020/07/29 11:06:57.497834][I][writeEx] E6640A <= CALC:DDEMod:MARK1:MODE POS
[2020/07/29 11:06:57.504003][I][writeEx] E6640A <= CALC:DDEMod:MARK1:TRAC 2
[2020/07/29 11:06:57.508618][I][writeEx] E6640A <= CALC:DDEMod:MARK1:FUNC BPOW
[2020/07/29 11:06:57.514129][I][writeEx] E6640A <= CALC:DDEMod:MARK1:FUNC:BPOW:CTYP MEAN
[2020/07/29 11:06:57.519095][I][writeEx] E6640A <= CALC:DDEMod:MARK1:FUNC:BAND:CENT 2425000000.000000
[2020/07/29 11:06:57.825303][I][queryEx] E6640A <= *OPC?
[2020/07/29 11:06:57.846492][I][queryEx] E6640A => 1
[2020/07/29 11:06:57.854557][I][queryEx] E6640A <= CALC:DDEMod:MARK1:FUNC:BAND:CENT?
[2020/07/29 11:06:57.862622][I][queryEx] E6640A => 2.425000000E+09
[2020/07/29 11:06:57.866635][I][writeEx] E6640A <= CALC:DDEMod:MARK1:FUNC:BAND:SPAN 10000000.000000
[2020/07/29 11:06:58.172704][I][queryEx] E6640A <= *OPC?
[2020/07/29 11:06:58.182449][I][queryEx] E6640A => 1
[2020/07/29 11:06:58.190479][I][get_Power] Get Tx power
[2020/07/29 11:06:58.197554][I][queryEx] E6640A <= :CALC:DDEMod:MARK1:Y?
[2020/07/29 11:06:58.206171][I][queryEx] E6640A => 8.897191064E-01
[2020/07/29 11:06:58.210245][I][chk_Tx_Result] Tx power(add loss: 8.200000) = 9.090000 dBm
[2020/07/29 11:06:58.215199][I][read_DDEMod_Array] Read measurement result
[2020/07/29 11:06:58.220411][I][queryEx] E6640A <= :READ:DDEMod?
[2020/07/29 11:06:58.364589][I][queryEx] E6640A => 1.342947388E+01,3.802388382E+01,2.220000000E+02,3.036565781E+00,1.202247238E+01,2.020000000E+02,9.91E+37,9.91E+37,9.91E+37,2.857555151E-01,-7.857978344E-01,5.700000000E+01,1.093353271E+01,3.117942429E+01,2.220000000E+02,2.700929102E+04,9.91E+37,9.91E+37,9.91E+37,9.91E+37,9.91E+37,-5.332554626E+01,9.91E+37,9.642357230E-01,-3.830806911E-02,2.346144915E-01,9.91E+37,9.91E+37,9.91E+37,9.91E+37,9.91E+37,9.91E+37,9.91E+37,9.91E+37,9.91E+37,9.91E+37,9.91E+37,9.91E+37,9.91E+37,9.91E+37,9.91E+37,9.91E+37,9.91E+37,9.91E+37,9.91E+37,9.91E+37,9.91E+37,9.91E+37,9.91E+37,9.91E+37,9.91E+37,9.91E+37,9.91E+37,9.91E+37,9.91E+37,9.91E+37,9.91E+37,9.91E+37,9.91E+37,9.91E+37,9.91E+37,1.913323882E-03,-9.945400525E-04
[2020/07/29 11:06:58.381676][I][set_Continue] Set continue
[2020/07/29 11:06:58.389688][I][writeEx] E6640A <= :INIT:CONT ON
[2020/07/29 11:06:59.859133][I][set_Preset] System reset
[2020/07/29 11:06:59.864274][I][writeEx] E6640A <= *RST
[2020/07/29 11:06:59.869290][I][writeEx] E6640A <= *CLS
[2020/07/29 11:06:59.874304][I][writeEx] E6640A <= SYST:PRES
[2020/07/29 11:07:00.180450][I][queryEx] E6640A <= *OPC?
[2020/07/29 11:07:01.136874][I][queryEx] E6640A => 1
[2020/07/29 11:07:01.156489][I][set_Tx_Start] Set Tx start
[2020/07/29 11:07:01.160523][I][set_RFI_Port] Set input port
[2020/07/29 11:07:01.167052][I][writeEx] E6640A <= :FEED:RF:PORT:INPut RFIO1
[2020/07/29 11:07:01.172199][I][queryEx] E6640A <= :FEED:RF:PORT:INPut?
[2020/07/29 11:07:01.179724][I][queryEx] E6640A => RFIO1
[2020/07/29 11:07:01.184718][I][set_Modulation_Analysis] Set measurement function
[2020/07/29 11:07:01.188697][I][writeEx] E6640A <= INST:SEL VSA
[2020/07/29 11:07:01.495925][I][queryEx] E6640A <= *OPC?
[2020/07/29 11:07:01.507872][I][queryEx] E6640A => 1
[2020/07/29 11:07:01.512445][I][queryEx] E6640A <= INST:SEL?
[2020/07/29 11:07:01.520417][I][queryEx] E6640A => VSA
[2020/07/29 11:07:01.524430][I][writeEx] E6640A <= :CONFigure:DDEMod
[2020/07/29 11:07:01.830887][I][queryEx] E6640A <= *OPC?
[2020/07/29 11:07:02.014269][I][queryEx] E6640A => 1
[2020/07/29 11:07:02.024172][I][init_Zigbee_Mode] Initial Zigbee mode
[2020/07/29 11:07:02.029188][I][writeEx] E6640A <= :DDEM:STAN:PRES ZIGBEE2450
[2020/07/29 11:07:02.336489][I][queryEx] E6640A <= *OPC?
[2020/07/29 11:07:02.355883][I][queryEx] E6640A => 1
[2020/07/29 11:07:02.363842][I][set_Continue] Set continue
[2020/07/29 11:07:02.368855][I][writeEx] E6640A <= :INIT:CONT ON
[2020/07/29 11:07:02.373870][I][set_Freq] Set frequence
[2020/07/29 11:07:02.378882][I][writeEx] E6640A <= :FREQuency:CENTer 2455.0 MHz
[2020/07/29 11:07:02.383894][I][set_XScale_Span] Set frequence span
[2020/07/29 11:07:02.388908][I][writeEx] E6640A <= :FREQuency:SPAN 10000.000000 KHZ
[2020/07/29 11:07:02.393920][I][set_Power_Range] Get power range
[2020/07/29 11:07:02.398934][I][writeEx] E6640A <= :POW:RANG 20.000000
[2020/07/29 11:07:02.403947][I][set_Symbol_Rate] Get symbol rate
[2020/07/29 11:07:02.409964][I][writeEx] E6640A <= :DDEMod:SRATe 1000.000000 kHz
[2020/07/29 11:07:02.413974][I][set_Meas_Interval] Get meas interval
[2020/07/29 11:07:02.419993][I][writeEx] E6640A <= :DDEMod:SWEep:POINts 500
[2020/07/29 11:07:02.424877][I][set_Zigbee_TX_BandPower] Set marker function
[2020/07/29 11:07:02.429937][I][writeEx] E6640A <= CALC:DDEMod:MARK1:MODE POS
[2020/07/29 11:07:02.434939][I][writeEx] E6640A <= CALC:DDEMod:MARK1:TRAC 2
[2020/07/29 11:07:02.440924][I][writeEx] E6640A <= CALC:DDEMod:MARK1:FUNC BPOW
[2020/07/29 11:07:02.445668][I][writeEx] E6640A <= CALC:DDEMod:MARK1:FUNC:BPOW:CTYP MEAN
[2020/07/29 11:07:02.450734][I][writeEx] E6640A <= CALC:DDEMod:MARK1:FUNC:BAND:CENT 2455000000.000000
[2020/07/29 11:07:02.757478][I][queryEx] E6640A <= *OPC?
[2020/07/29 11:07:02.768795][I][queryEx] E6640A => 1
[2020/07/29 11:07:02.773811][I][queryEx] E6640A <= CALC:DDEMod:MARK1:FUNC:BAND:CENT?
[2020/07/29 11:07:02.780832][I][queryEx] E6640A => 2.455000000E+09
[2020/07/29 11:07:02.784841][I][writeEx] E6640A <= CALC:DDEMod:MARK1:FUNC:BAND:SPAN 10000000.000000
[2020/07/29 11:07:03.091369][I][queryEx] E6640A <= *OPC?
[2020/07/29 11:07:03.102439][I][queryEx] E6640A => 1
[2020/07/29 11:07:03.107181][I][set_Trigger_Video] Set trigger video
[2020/07/29 11:07:03.112197][I][writeEx] E6640A <= TRIG:DDEM:SOUR VID
[2020/07/29 11:07:03.418552][I][queryEx] E6640A <= *OPC?
[2020/07/29 11:07:03.430206][I][queryEx] E6640A => 1
[2020/07/29 11:07:03.435227][I][set_Trigger_Level] Set trigger level
[2020/07/29 11:07:03.440245][I][writeEx] E6640A <= :TRIGger:VIDeo:LEVel 30.000000 mV
[2020/07/29 11:07:03.445290][I][set_Trigger_Delay] Set trigger delay
[2020/07/29 11:07:03.450271][I][writeEx] E6640A <= :TRIGger:VIDeo:DELay:STATe ON
[2020/07/29 11:07:03.455280][I][queryEx] E6640A <= :TRIGger:VIDeo:DELay:STATe?
[2020/07/29 11:07:03.515115][I][queryEx] E6640A => 1
[2020/07/29 11:07:03.521138][I][writeEx] E6640A <= :TRIGger:VIDeo:DELay:STATe ON
[2020/07/29 11:07:03.528154][I][writeEx] E6640A <= :TRIGger:VIDeo:DELay 0.300000 ms
[2020/07/29 11:07:03.533167][I][init_Trigger_Reg] Initial trigger status register
[2020/07/29 11:07:03.539186][I][writeEx] E6640A <= *CLS
[2020/07/29 11:07:03.546244][I][writeEx] E6640A <= :STATus:PRESet
[2020/07/29 11:07:03.551215][I][writeEx] E6640A <= *SRE 192
[2020/07/29 11:07:03.557271][I][writeEx] E6640A <= :STATus:OPERation:ENABle 32
[2020/07/29 11:07:03.561242][I][writeEx] E6640A <= *CLS
[2020/07/29 11:07:03.567268][I][queryEx] E6640A <= *STB?
[2020/07/29 11:07:03.610421][I][queryEx] E6640A => 0
[2020/07/29 11:07:03.615395][I][init_Trigger_Reg] Status: 0
[2020/07/29 11:07:12.660599][I][chk_Tx_Result] Check Tx result
[2020/07/29 11:07:12.669615][I][get_Trigger_Status] Get trigger status
[2020/07/29 11:07:12.675669][I][queryEx] E6640A <= *STB?
[2020/07/29 11:07:12.683697][I][queryEx] E6640A => 192
[2020/07/29 11:07:12.688664][I][get_Trigger_Status] Status: 192
[2020/07/29 11:07:12.693679]Is triggered!
[2020/07/29 11:07:12.699708][I][writeEx] E6640A <= *CLS
[2020/07/29 11:07:12.705709][I][set_Continue] Set continue
[2020/07/29 11:07:12.709746][I][writeEx] E6640A <= :INIT:CONT ON
[2020/07/29 11:07:12.816264][I][set_Single] Set single
[2020/07/29 11:07:12.824330][I][writeEx] E6640A <= :INIT:CONT OFF
[2020/07/29 11:07:12.830308][I][set_Zigbee_TX_BandPower] Set marker function
[2020/07/29 11:07:12.834966][I][writeEx] E6640A <= CALC:DDEMod:MARK1:MODE POS
[2020/07/29 11:07:12.840033][I][writeEx] E6640A <= CALC:DDEMod:MARK1:TRAC 2
[2020/07/29 11:07:12.845342][I][writeEx] E6640A <= CALC:DDEMod:MARK1:FUNC BPOW
[2020/07/29 11:07:12.850359][I][writeEx] E6640A <= CALC:DDEMod:MARK1:FUNC:BPOW:CTYP MEAN
[2020/07/29 11:07:12.855372][I][writeEx] E6640A <= CALC:DDEMod:MARK1:FUNC:BAND:CENT 2455000000.000000
[2020/07/29 11:07:13.161445][I][queryEx] E6640A <= *OPC?
[2020/07/29 11:07:13.174581][I][queryEx] E6640A => 1
[2020/07/29 11:07:13.179637][I][queryEx] E6640A <= CALC:DDEMod:MARK1:FUNC:BAND:CENT?
[2020/07/29 11:07:13.188978][I][queryEx] E6640A => 2.455000000E+09
[2020/07/29 11:07:13.193993][I][writeEx] E6640A <= CALC:DDEMod:MARK1:FUNC:BAND:SPAN 10000000.000000
[2020/07/29 11:07:13.500533][I][queryEx] E6640A <= *OPC?
[2020/07/29 11:07:13.512184][I][queryEx] E6640A => 1
[2020/07/29 11:07:13.517284][I][get_Power] Get Tx power
[2020/07/29 11:07:13.522301][I][queryEx] E6640A <= :CALC:DDEMod:MARK1:Y?
[2020/07/29 11:07:13.529156][I][queryEx] E6640A => 3.885572536E-01
[2020/07/29 11:07:13.534093][I][chk_Tx_Result] Tx power(add loss: 8.900000) = 9.289000 dBm
[2020/07/29 11:07:13.538138][I][read_DDEMod_Array] Read measurement result
[2020/07/29 11:07:13.544058][I][queryEx] E6640A <= :READ:DDEMod?
[2020/07/29 11:07:13.699668][I][queryEx] E6640A => 1.368755150E+01,3.967531967E+01,0.000000000E+00,3.128323317E+00,1.490737820E+01,0.000000000E+00,9.91E+37,9.91E+37,9.91E+37,3.638099134E-01,-8.881807327E-01,4.500000000E+01,1.114058018E+01,-3.254523087E+01,0.000000000E+00,2.738179297E+04,9.91E+37,9.91E+37,9.91E+37,9.91E+37,9.91E+37,-4.889593506E+01,9.91E+37,9.628638625E-01,-8.824628778E-03,2.771238387E-01,9.91E+37,9.91E+37,9.91E+37,9.91E+37,9.91E+37,9.91E+37,9.91E+37,9.91E+37,9.91E+37,9.91E+37,9.91E+37,9.91E+37,9.91E+37,9.91E+37,9.91E+37,9.91E+37,9.91E+37,9.91E+37,9.91E+37,9.91E+37,9.91E+37,9.91E+37,9.91E+37,9.91E+37,9.91E+37,9.91E+37,9.91E+37,9.91E+37,9.91E+37,9.91E+37,9.91E+37,9.91E+37,9.91E+37,9.91E+37,9.91E+37,3.013515379E-03,-1.952763298E-03
[2020/07/29 11:07:13.705655][I][set_Continue] Set continue
[2020/07/29 11:07:13.711666][I][writeEx] E6640A <= :INIT:CONT ON
[2020/07/29 11:07:15.187066][I][set_Preset] System reset
[2020/07/29 11:07:15.191145][I][writeEx] E6640A <= *RST
[2020/07/29 11:07:15.198544][I][writeEx] E6640A <= *CLS
[2020/07/29 11:07:15.202559][I][writeEx] E6640A <= SYST:PRES
[2020/07/29 11:07:15.510511][I][queryEx] E6640A <= *OPC?
[2020/07/29 11:07:16.447195][I][queryEx] E6640A => 1
[2020/07/29 11:07:16.464558][I][set_Tx_Start] Set Tx start
[2020/07/29 11:07:16.470618][I][set_RFI_Port] Set input port
[2020/07/29 11:07:16.475814][I][writeEx] E6640A <= :FEED:RF:PORT:INPut RFIO1
[2020/07/29 11:07:16.480863][I][queryEx] E6640A <= :FEED:RF:PORT:INPut?
[2020/07/29 11:07:16.488850][I][queryEx] E6640A => RFIO1
[2020/07/29 11:07:16.493864][I][set_Modulation_Analysis] Set measurement function
[2020/07/29 11:07:16.498907][I][writeEx] E6640A <= INST:SEL VSA
[2020/07/29 11:07:16.806293][I][queryEx] E6640A <= *OPC?
[2020/07/29 11:07:16.817156][I][queryEx] E6640A => 1
[2020/07/29 11:07:16.822178][I][queryEx] E6640A <= INST:SEL?
[2020/07/29 11:07:16.830105][I][queryEx] E6640A => VSA
[2020/07/29 11:07:16.834670][I][writeEx] E6640A <= :CONFigure:DDEMod
[2020/07/29 11:07:17.141387][I][queryEx] E6640A <= *OPC?
[2020/07/29 11:07:17.329771][I][queryEx] E6640A => 1
[2020/07/29 11:07:17.347765][I][init_Zigbee_Mode] Initial Zigbee mode
[2020/07/29 11:07:17.355805][I][writeEx] E6640A <= :DDEM:STAN:PRES ZIGBEE2450
[2020/07/29 11:07:17.662300][I][queryEx] E6640A <= *OPC?
[2020/07/29 11:07:17.672143][I][queryEx] E6640A => 1
[2020/07/29 11:07:17.678160][I][set_Continue] Set continue
[2020/07/29 11:07:17.683175][I][writeEx] E6640A <= :INIT:CONT ON
[2020/07/29 11:07:17.688223][I][set_Freq] Set frequence
[2020/07/29 11:07:17.693242][I][writeEx] E6640A <= :FREQuency:CENTer 2470.0 MHz
[2020/07/29 11:07:17.700220][I][set_XScale_Span] Set frequence span
[2020/07/29 11:07:17.705233][I][writeEx] E6640A <= :FREQuency:SPAN 10000.000000 KHZ
[2020/07/29 11:07:17.710246][I][set_Power_Range] Get power range
[2020/07/29 11:07:17.716637][I][writeEx] E6640A <= :POW:RANG 20.000000
[2020/07/29 11:07:17.721524][I][set_Symbol_Rate] Get symbol rate
[2020/07/29 11:07:17.726539][I][writeEx] E6640A <= :DDEMod:SRATe 1000.000000 kHz
[2020/07/29 11:07:17.731285][I][set_Meas_Interval] Get meas interval
[2020/07/29 11:07:17.737304][I][writeEx] E6640A <= :DDEMod:SWEep:POINts 500
[2020/07/29 11:07:17.741345][I][set_Zigbee_TX_BandPower] Set marker function
[2020/07/29 11:07:17.747359][I][writeEx] E6640A <= CALC:DDEMod:MARK1:MODE POS
[2020/07/29 11:07:17.751387][I][writeEx] E6640A <= CALC:DDEMod:MARK1:TRAC 2
[2020/07/29 11:07:17.756360][I][writeEx] E6640A <= CALC:DDEMod:MARK1:FUNC BPOW
[2020/07/29 11:07:17.761368][I][writeEx] E6640A <= CALC:DDEMod:MARK1:FUNC:BPOW:CTYP MEAN
[2020/07/29 11:07:17.766381][I][writeEx] E6640A <= CALC:DDEMod:MARK1:FUNC:BAND:CENT 2470000000.000000
[2020/07/29 11:07:18.072987][I][queryEx] E6640A <= *OPC?
[2020/07/29 11:07:18.085948][I][queryEx] E6640A => 1
[2020/07/29 11:07:18.089998][I][queryEx] E6640A <= CALC:DDEMod:MARK1:FUNC:BAND:CENT?
[2020/07/29 11:07:18.099378][I][queryEx] E6640A => 2.470000000E+09
[2020/07/29 11:07:18.105439][I][writeEx] E6640A <= CALC:DDEMod:MARK1:FUNC:BAND:SPAN 10000000.000000
[2020/07/29 11:07:18.412852][I][queryEx] E6640A <= *OPC?
[2020/07/29 11:07:18.424589][I][queryEx] E6640A => 1
[2020/07/29 11:07:18.429642][I][set_Trigger_Video] Set trigger video
[2020/07/29 11:07:18.434622][I][writeEx] E6640A <= TRIG:DDEM:SOUR VID
[2020/07/29 11:07:18.741403][I][queryEx] E6640A <= *OPC?
[2020/07/29 11:07:18.761744][I][queryEx] E6640A => 1
[2020/07/29 11:07:18.771834][I][set_Trigger_Level] Set trigger level
[2020/07/29 11:07:18.777793][I][writeEx] E6640A <= :TRIGger:VIDeo:LEVel 30.000000 mV
[2020/07/29 11:07:18.783855][I][set_Trigger_Delay] Set trigger delay
[2020/07/29 11:07:18.788823][I][writeEx] E6640A <= :TRIGger:VIDeo:DELay:STATe ON
[2020/07/29 11:07:18.793897][I][queryEx] E6640A <= :TRIGger:VIDeo:DELay:STATe?
[2020/07/29 11:07:18.855319][I][queryEx] E6640A => 1
[2020/07/29 11:07:18.863385][I][writeEx] E6640A <= :TRIGger:VIDeo:DELay:STATe ON
[2020/07/29 11:07:18.870408][I][writeEx] E6640A <= :TRIGger:VIDeo:DELay 0.300000 ms
[2020/07/29 11:07:18.878285][I][init_Trigger_Reg] Initial trigger status register
[2020/07/29 11:07:18.884877][I][writeEx] E6640A <= *CLS
[2020/07/29 11:07:18.890897][I][writeEx] E6640A <= :STATus:PRESet
[2020/07/29 11:07:18.895908][I][writeEx] E6640A <= *SRE 192
[2020/07/29 11:07:18.901399][I][writeEx] E6640A <= :STATus:OPERation:ENABle 32
[2020/07/29 11:07:18.906415][I][writeEx] E6640A <= *CLS
[2020/07/29 11:07:18.911429][I][queryEx] E6640A <= *STB?
[2020/07/29 11:07:18.947717][I][queryEx] E6640A => 0
[2020/07/29 11:07:18.952732][I][init_Trigger_Reg] Status: 0
[2020/07/29 11:07:28.035968][I][chk_Tx_Result] Check Tx result
[2020/07/29 11:07:28.045481][I][get_Trigger_Status] Get trigger status
[2020/07/29 11:07:28.049529][I][queryEx] E6640A <= *STB?
[2020/07/29 11:07:28.057092][I][queryEx] E6640A => 192
[2020/07/29 11:07:28.062098][I][get_Trigger_Status] Status: 192
[2020/07/29 11:07:28.067077]Is triggered!
[2020/07/29 11:07:28.072870][I][writeEx] E6640A <= *CLS
[2020/07/29 11:07:28.077884][I][set_Continue] Set continue
[2020/07/29 11:07:28.083100][I][writeEx] E6640A <= :INIT:CONT ON
[2020/07/29 11:07:28.188982][I][set_Single] Set single
[2020/07/29 11:07:28.200009][I][writeEx] E6640A <= :INIT:CONT OFF
[2020/07/29 11:07:28.205022][I][set_Zigbee_TX_BandPower] Set marker function
[2020/07/29 11:07:28.210036][I][writeEx] E6640A <= CALC:DDEMod:MARK1:MODE POS
[2020/07/29 11:07:28.215056][I][writeEx] E6640A <= CALC:DDEMod:MARK1:TRAC 2
[2020/07/29 11:07:28.222105][I][writeEx] E6640A <= CALC:DDEMod:MARK1:FUNC BPOW
[2020/07/29 11:07:28.226623][I][writeEx] E6640A <= CALC:DDEMod:MARK1:FUNC:BPOW:CTYP MEAN
[2020/07/29 11:07:28.232655][I][writeEx] E6640A <= CALC:DDEMod:MARK1:FUNC:BAND:CENT 2470000000.000000
[2020/07/29 11:07:28.539276][I][queryEx] E6640A <= *OPC?
[2020/07/29 11:07:28.549445][I][queryEx] E6640A => 1
[2020/07/29 11:07:28.554914][I][queryEx] E6640A <= CALC:DDEMod:MARK1:FUNC:BAND:CENT?
[2020/07/29 11:07:28.562984][I][queryEx] E6640A => 2.470000000E+09
[2020/07/29 11:07:28.567883][I][writeEx] E6640A <= CALC:DDEMod:MARK1:FUNC:BAND:SPAN 10000000.000000
[2020/07/29 11:07:28.873342][I][queryEx] E6640A <= *OPC?
[2020/07/29 11:07:28.885014][I][queryEx] E6640A => 1
[2020/07/29 11:07:28.890030][I][get_Power] Get Tx power
[2020/07/29 11:07:28.895044][I][queryEx] E6640A <= :CALC:DDEMod:MARK1:Y?
[2020/07/29 11:07:28.902850][I][queryEx] E6640A => 1.974485542E+00
[2020/07/29 11:07:28.908529][I][chk_Tx_Result] Tx power(add loss: 8.800000) = 10.774000 dBm
[2020/07/29 11:07:28.913547][I][read_DDEMod_Array] Read measurement result
[2020/07/29 11:07:28.918560][I][queryEx] E6640A <= :READ:DDEMod?
[2020/07/29 11:07:29.173781][I][queryEx] E6640A => 1.355485630E+01,4.241811371E+01,4.230000000E+02,3.467197657E+00,1.772458458E+01,4.230000000E+02,9.91E+37,9.91E+37,9.91E+37,5.980193615E-01,-1.174366474E+00,2.630000000E+02,1.103236485E+01,-3.504457474E+01,4.230000000E+02,2.757194922E+04,9.91E+37,9.91E+37,9.91E+37,9.91E+37,9.91E+37,-4.177802277E+01,9.91E+37,9.635379910E-01,4.237211123E-02,3.556331694E-01,9.91E+37,9.91E+37,9.91E+37,9.91E+37,9.91E+37,9.91E+37,9.91E+37,9.91E+37,9.91E+37,9.91E+37,9.91E+37,9.91E+37,9.91E+37,9.91E+37,9.91E+37,9.91E+37,9.91E+37,9.91E+37,9.91E+37,9.91E+37,9.91E+37,9.91E+37,9.91E+37,9.91E+37,9.91E+37,9.91E+37,9.91E+37,9.91E+37,9.91E+37,9.91E+37,9.91E+37,9.91E+37,9.91E+37,9.91E+37,9.91E+37,5.334270652E-03,-6.160365883E-03
[2020/07/29 11:07:29.181799][I][set_Continue] Set continue
[2020/07/29 11:07:29.187818][I][writeEx] E6640A <= :INIT:CONT ON
[2020/07/29 11:07:39.706816][I][chk_Tx_Result] Check Tx result
[2020/07/29 11:07:39.714845][I][get_Trigger_Status] Get trigger status
[2020/07/29 11:07:39.719899][I][queryEx] E6640A <= *STB?
[2020/07/29 11:07:39.729885][I][queryEx] E6640A => 192
[2020/07/29 11:07:39.734896][I][get_Trigger_Status] Status: 192
[2020/07/29 11:07:39.739913]Is triggered!
[2020/07/29 11:07:39.745621][I][writeEx] E6640A <= *CLS
[2020/07/29 11:07:39.750638][I][set_Continue] Set continue
[2020/07/29 11:07:39.755690][I][writeEx] E6640A <= :INIT:CONT ON
[2020/07/29 11:07:39.862668][I][set_Single] Set single
[2020/07/29 11:07:39.879704][I][writeEx] E6640A <= :INIT:CONT OFF
[2020/07/29 11:07:39.891691][I][set_Zigbee_TX_BandPower] Set marker function
[2020/07/29 11:07:39.901716][I][writeEx] E6640A <= CALC:DDEMod:MARK1:MODE POS
[2020/07/29 11:07:39.908823][I][writeEx] E6640A <= CALC:DDEMod:MARK1:TRAC 2
[2020/07/29 11:07:39.915842][I][writeEx] E6640A <= CALC:DDEMod:MARK1:FUNC BPOW
[2020/07/29 11:07:39.919855][I][writeEx] E6640A <= CALC:DDEMod:MARK1:FUNC:BPOW:CTYP MEAN
[2020/07/29 11:07:39.925872][I][writeEx] E6640A <= CALC:DDEMod:MARK1:FUNC:BAND:CENT 2470000000.000000
[2020/07/29 11:07:40.231276][I][queryEx] E6640A <= *OPC?
[2020/07/29 11:07:40.240760][I][queryEx] E6640A => 1
[2020/07/29 11:07:40.246736][I][queryEx] E6640A <= CALC:DDEMod:MARK1:FUNC:BAND:CENT?
[2020/07/29 11:07:40.256171][I][queryEx] E6640A => 2.470000000E+09
[2020/07/29 11:07:40.261186][I][writeEx] E6640A <= CALC:DDEMod:MARK1:FUNC:BAND:SPAN 10000000.000000
[2020/07/29 11:07:40.569347][I][queryEx] E6640A <= *OPC?
[2020/07/29 11:07:40.580155][I][queryEx] E6640A => 1
[2020/07/29 11:07:40.585218][I][get_Power] Get Tx power
[2020/07/29 11:07:40.590187][I][queryEx] E6640A <= :CALC:DDEMod:MARK1:Y?
[2020/07/29 11:07:40.598246][I][queryEx] E6640A => -2.650613071E-02
[2020/07/29 11:07:40.604268][I][chk_Tx_Result] Tx power(add loss: 8.800000) = 8.773000 dBm
[2020/07/29 11:07:40.608278][I][read_DDEMod_Array] Read measurement result
[2020/07/29 11:07:40.614216][I][queryEx] E6640A <= :READ:DDEMod?
[2020/07/29 11:07:40.874627][I][queryEx] E6640A => 1.360166740E+01,4.014957047E+01,4.210000000E+02,3.137032747E+00,1.392417717E+01,4.210000000E+02,9.91E+37,9.91E+37,9.91E+37,4.344019890E-01,-1.016587019E+00,4.520000000E+02,1.106185722E+01,-3.313548660E+01,4.210000000E+02,2.756745117E+04,9.91E+37,9.91E+37,9.91E+37,9.91E+37,9.91E+37,-4.519928360E+01,9.91E+37,9.633148313E-01,3.062048228E-03,-3.750766814E-01,9.91E+37,9.91E+37,9.91E+37,9.91E+37,9.91E+37,9.91E+37,9.91E+37,9.91E+37,9.91E+37,9.91E+37,9.91E+37,9.91E+37,9.91E+37,9.91E+37,9.91E+37,9.91E+37,9.91E+37,9.91E+37,9.91E+37,9.91E+37,9.91E+37,9.91E+37,9.91E+37,9.91E+37,9.91E+37,9.91E+37,9.91E+37,9.91E+37,9.91E+37,9.91E+37,9.91E+37,9.91E+37,9.91E+37,9.91E+37,9.91E+37,-3.955205902E-03,-3.815867007E-03
[2020/07/29 11:07:40.884991][I][set_Continue] Set continue
[2020/07/29 11:07:40.890007][I][writeEx] E6640A <= :INIT:CONT ON
[2020/07/29 11:07:42.371854][I][set_Preset] System reset
[2020/07/29 11:07:42.376825][I][writeEx] E6640A <= *RST
[2020/07/29 11:07:42.382834][I][writeEx] E6640A <= *CLS
[2020/07/29 11:07:42.387526][I][writeEx] E6640A <= SYST:PRES
[2020/07/29 11:07:42.694659][I][queryEx] E6640A <= *OPC?
[2020/07/29 11:07:43.634783][I][queryEx] E6640A => 1
[2020/07/29 11:07:43.655781][I][set_Rx_OneTone] Set Rx one tone
[2020/07/29 11:07:43.661813][I][set_RFO_Port] Set output port
[2020/07/29 11:07:43.665806][I][writeEx] E6640A <= :FEED:RF:PORT:OUTPut RFIO1
[2020/07/29 11:07:43.671858][I][queryEx] E6640A <= :FEED:RF:PORT:OUTPut?
[2020/07/29 11:07:43.678282][I][queryEx] E6640A => RFIO1
[2020/07/29 11:07:43.683691][I][set_OneTone_Freq] Set One Tone frequence
[2020/07/29 11:07:43.689709][I][writeEx] E6640A <= :SOUR:FREQ 2445.0 MHz
[2020/07/29 11:07:43.694604][I][set_OneTone_Power] Set One Tone power
[2020/07/29 11:07:43.699621][I][writeEx] E6640A <= :SOURce:POWer -16.1
[2020/07/29 11:07:53.107865][I][set_OneTone_Start] Set One Tone start
[2020/07/29 11:07:53.112857][I][writeEx] E6640A <= OUTP ON
[2020/07/29 11:07:58.203756][I][set_OneTone_Stop] Set One Tone stop
[2020/07/29 11:07:58.208842][I][writeEx] E6640A <= OUTP OFF
[2020/07/29 11:07:58.224931][I][set_Rx_OneTone] Set Rx one tone
[2020/07/29 11:07:58.229010][I][set_RFO_Port] Set output port
[2020/07/29 11:07:58.234955][I][writeEx] E6640A <= :FEED:RF:PORT:OUTPut RFIO1
[2020/07/29 11:07:58.239974][I][queryEx] E6640A <= :FEED:RF:PORT:OUTPut?
[2020/07/29 11:07:58.248028][I][queryEx] E6640A => RFIO1
[2020/07/29 11:07:58.253014][I][set_OneTone_Freq] Set One Tone frequence
[2020/07/29 11:07:58.258017][I][writeEx] E6640A <= :SOUR:FREQ 2445.0 MHz
[2020/07/29 11:07:58.263029][I][set_OneTone_Power] Set One Tone power
[2020/07/29 11:07:58.270048][I][writeEx] E6640A <= :SOURce:POWer -16.1
[2020/07/29 11:08:06.857752][I][set_OneTone_Start] Set One Tone start
[2020/07/29 11:08:06.862717][I][writeEx] E6640A <= OUTP ON
[2020/07/29 11:08:11.430414][I][set_OneTone_Stop] Set One Tone stop
[2020/07/29 11:08:11.434958][I][writeEx] E6640A <= OUTP OFF
[2020/07/29 11:08:11.780675][I][disconnect_E6640A] Disconnect E6640A
[2020/07/29 11:08:11.786691]========== End ==========
