[2020/07/29 11:08:31.669401]========== Start ==========
[2020/07/29 11:08:31.670405][I][class_E6640A_LTE] Initial class_E6640A_LTE
[2020/07/29 11:08:31.672408][I][class_E6640A_LTE] Version: 3.0.0.3
[2020/07/29 11:08:31.677421][I][connect_E6640A] Connect to E6640A
[2020/07/29 11:08:31.688451][I][connect_E6640A] Resource Manager of Visa Library at C:\Windows\system32\visa64.dll
[2020/07/29 11:08:31.743598][I][queryEx] E6640A <= *IDN?
[2020/07/29 11:08:31.748612][I][queryEx] E6640A => Keysight Technologies,E6640A,MY57150246,E.19.71
[2020/07/29 11:08:31.750616][I][set_Preset] System reset
[2020/07/29 11:08:31.752622][I][writeEx] E6640A <= *RST
[2020/07/29 11:08:31.755634][I][writeEx] E6640A <= *CLS
[2020/07/29 11:08:31.757635][I][writeEx] E6640A <= SYST:PRES
[2020/07/29 11:08:32.061442][I][queryEx] E6640A <= *OPC?
[2020/07/29 11:08:32.884094][I][queryEx] E6640A => 1
[2020/07/29 11:08:32.889070][I][set_Preset] System reset
[2020/07/29 11:08:32.890073][I][writeEx] E6640A <= *RST
[2020/07/29 11:08:32.892078][I][writeEx] E6640A <= *CLS
[2020/07/29 11:08:32.895088][I][writeEx] E6640A <= SYST:PRES
[2020/07/29 11:08:33.197891][I][queryEx] E6640A <= *OPC?
[2020/07/29 11:08:33.973954][I][queryEx] E6640A => 1
[2020/07/29 11:08:34.263024][I][set_Preset] System reset
[2020/07/29 11:08:34.267036][I][writeEx] E6640A <= *RST
[2020/07/29 11:08:34.269040][I][writeEx] E6640A <= *CLS
[2020/07/29 11:08:34.272050][I][writeEx] E6640A <= SYST:PRES
[2020/07/29 11:08:34.575428][I][queryEx] E6640A <= *OPC?
[2020/07/29 11:08:35.372125][I][queryEx] E6640A => 1
[2020/07/29 11:08:35.385173][I][set_Tx_Start] Set Tx start
[2020/07/29 11:08:35.388184][I][set_RFI_Port] Set input port
[2020/07/29 11:08:35.390192][I][writeEx] E6640A <= :FEED:RF:PORT:INPut RFIO1
[2020/07/29 11:08:35.392782][I][queryEx] E6640A <= :FEED:RF:PORT:INPut?
[2020/07/29 11:08:35.398534][I][queryEx] E6640A => RFIO1
[2020/07/29 11:08:35.401562][I][set_Modulation_Analysis] Set measurement function
[2020/07/29 11:08:35.403584][I][writeEx] E6640A <= INST:SEL LTEAFDD
[2020/07/29 11:08:35.708003][I][queryEx] E6640A <= *OPC?
[2020/07/29 11:08:35.717339][I][queryEx] E6640A => 1
[2020/07/29 11:08:35.721065][I][queryEx] E6640A <= INST:SEL?
[2020/07/29 11:08:35.726524][I][queryEx] E6640A => LTEAFDD
[2020/07/29 11:08:35.730502][I][writeEx] E6640A <= DISP:CHP:VIEW:WIND:TRAC:Y:COUP OFF
[2020/07/29 11:08:35.733510][I][set_Freq] Set frequence
[2020/07/29 11:08:35.735516][I][writeEx] E6640A <= :FREQuency:CENTer 897.4 MHz
[2020/07/29 11:08:35.738548][I][set_Continue] Set continue
[2020/07/29 11:08:35.741562][I][writeEx] E6640A <= :INIT:CONT ON
[2020/07/29 11:08:35.744560][I][set_Trigger_Free_Run] Set trigger free run
[2020/07/29 11:08:35.748561][I][writeEx] E6640A <= TRIG:CHP:SOUR IMM
[2020/07/29 11:08:36.052478][I][queryEx] E6640A <= *OPC?
[2020/07/29 11:08:36.062258][I][queryEx] E6640A => 1
[2020/07/29 11:08:40.616723][I][chk_Tx_Result] Check Tx result
[2020/07/29 11:08:40.623732][I][set_Limit_Range] Set reference value
[2020/07/29 11:08:40.625737][I][writeEx] E6640A <= DISP:CHP:VIEW:WIND:TRAC:Y:RLEV 30.0 dBm
[2020/07/29 11:08:40.930584][I][queryEx] E6640A <= *OPC?
[2020/07/29 11:08:40.939622][I][queryEx] E6640A => 1
[2020/07/29 11:08:40.945762][I][set_Limit_Range] Set power range
[2020/07/29 11:08:40.950781][I][writeEx] E6640A <= :POW:RANG 30.0 dBm
[2020/07/29 11:08:41.256908][I][queryEx] E6640A <= *OPC?
[2020/07/29 11:08:41.265855][I][queryEx] E6640A => 1
[2020/07/29 11:08:41.271381][I][set_Trigger_Video] Set trigger video
[2020/07/29 11:08:41.274394][I][writeEx] E6640A <= TRIG:CHP:SOUR IF
[2020/07/29 11:08:41.579380][I][queryEx] E6640A <= *OPC?
[2020/07/29 11:08:41.589398][I][queryEx] E6640A => 1
[2020/07/29 11:08:41.694738][I][set_Trigger_Free_Run] Set trigger free run
[2020/07/29 11:08:41.705810][I][writeEx] E6640A <= TRIG:CHP:SOUR IMM
[2020/07/29 11:08:42.014169][I][queryEx] E6640A <= *OPC?
[2020/07/29 11:08:42.024244][I][queryEx] E6640A => 1
[2020/07/29 11:08:42.028170][I][get_Power] Get Tx power
[2020/07/29 11:08:42.030178][I][queryEx] E6640A <= :FETCh:CHPower:CHPower?
[2020/07/29 11:08:42.037915][I][queryEx] E6640A => 1.418723202E+01
[2020/07/29 11:08:42.040968][I][chk_Tx_Result] Tx power(add loss: 8.500000) = 22.687000 dBm
[2020/07/29 11:08:42.043995][I][set_Continue] Set continue
[2020/07/29 11:08:42.047944][I][writeEx] E6640A <= :INIT:CONT ON
[2020/07/29 11:08:44.008399][I][set_Preset] System reset
[2020/07/29 11:08:44.012355][I][writeEx] E6640A <= *RST
[2020/07/29 11:08:44.016792][I][writeEx] E6640A <= *CLS
[2020/07/29 11:08:44.019803][I][writeEx] E6640A <= SYST:PRES
[2020/07/29 11:08:44.324823][I][queryEx] E6640A <= *OPC?
[2020/07/29 11:08:45.028421][I][queryEx] E6640A => 1
[2020/07/29 11:08:45.045414][I][set_Tx_Start] Set Tx start
[2020/07/29 11:08:45.048422][I][set_RFI_Port] Set input port
[2020/07/29 11:08:45.053204][I][writeEx] E6640A <= :FEED:RF:PORT:INPut RFIO1
[2020/07/29 11:08:45.056251][I][queryEx] E6640A <= :FEED:RF:PORT:INPut?
[2020/07/29 11:08:45.062230][I][queryEx] E6640A => RFIO1
[2020/07/29 11:08:45.066256][I][set_Modulation_Analysis] Set measurement function
[2020/07/29 11:08:45.069254][I][writeEx] E6640A <= INST:SEL LTEAFDD
[2020/07/29 11:08:45.375487][I][queryEx] E6640A <= *OPC?
[2020/07/29 11:08:45.391437][I][queryEx] E6640A => 1
[2020/07/29 11:08:45.403666][I][queryEx] E6640A <= INST:SEL?
[2020/07/29 11:08:45.412744][I][queryEx] E6640A => LTEAFDD
[2020/07/29 11:08:45.416766][I][writeEx] E6640A <= DISP:CHP:VIEW:WIND:TRAC:Y:COUP OFF
[2020/07/29 11:08:45.420768][I][set_Freq] Set frequence
[2020/07/29 11:08:45.423828][I][writeEx] E6640A <= :FREQuency:CENTer 1950.0 MHz
[2020/07/29 11:08:45.427792][I][set_Continue] Set continue
[2020/07/29 11:08:45.431893][I][writeEx] E6640A <= :INIT:CONT ON
[2020/07/29 11:08:45.434918][I][set_Trigger_Free_Run] Set trigger free run
[2020/07/29 11:08:45.438913][I][writeEx] E6640A <= TRIG:CHP:SOUR IMM
[2020/07/29 11:08:45.743554][I][queryEx] E6640A <= *OPC?
[2020/07/29 11:08:45.752371][I][queryEx] E6640A => 1
[2020/07/29 11:08:50.441497][I][chk_Tx_Result] Check Tx result
[2020/07/29 11:08:50.447351][I][set_Limit_Range] Set reference value
[2020/07/29 11:08:50.450884][I][writeEx] E6640A <= DISP:CHP:VIEW:WIND:TRAC:Y:RLEV 30.0 dBm
[2020/07/29 11:08:50.756767][I][queryEx] E6640A <= *OPC?
[2020/07/29 11:08:50.765393][I][queryEx] E6640A => 1
[2020/07/29 11:08:50.771472][I][set_Limit_Range] Set power range
[2020/07/29 11:08:50.774515][I][writeEx] E6640A <= :POW:RANG 30.0 dBm
[2020/07/29 11:08:51.079802][I][queryEx] E6640A <= *OPC?
[2020/07/29 11:08:51.090237][I][queryEx] E6640A => 1
[2020/07/29 11:08:51.095189][I][set_Trigger_Video] Set trigger video
[2020/07/29 11:08:51.098199][I][writeEx] E6640A <= TRIG:CHP:SOUR IF
[2020/07/29 11:08:51.403850][I][queryEx] E6640A <= *OPC?
[2020/07/29 11:08:51.414829][I][queryEx] E6640A => 1
[2020/07/29 11:08:51.519861][I][set_Trigger_Free_Run] Set trigger free run
[2020/07/29 11:08:51.526567][I][writeEx] E6640A <= TRIG:CHP:SOUR IMM
[2020/07/29 11:08:51.833843][I][queryEx] E6640A <= *OPC?
[2020/07/29 11:08:51.844934][I][queryEx] E6640A => 1
[2020/07/29 11:08:51.848970][I][get_Power] Get Tx power
[2020/07/29 11:08:51.851980][I][queryEx] E6640A <= :FETCh:CHPower:CHPower?
[2020/07/29 11:08:51.859305][I][queryEx] E6640A => 1.175303173E+01
[2020/07/29 11:08:51.863320][I][chk_Tx_Result] Tx power(add loss: 9.200000) = 20.953000 dBm
[2020/07/29 11:08:51.868260][I][set_Continue] Set continue
[2020/07/29 11:08:51.871313][I][writeEx] E6640A <= :INIT:CONT ON
[2020/07/29 11:08:53.838210][I][set_Preset] System reset
[2020/07/29 11:08:53.842221][I][writeEx] E6640A <= *RST
[2020/07/29 11:08:53.846232][I][writeEx] E6640A <= *CLS
[2020/07/29 11:08:53.850492][I][writeEx] E6640A <= SYST:PRES
[2020/07/29 11:08:54.155766][I][queryEx] E6640A <= *OPC?
[2020/07/29 11:08:54.858581][I][queryEx] E6640A => 1
[2020/07/29 11:08:54.875579][I][set_Tx_Start] Set Tx start
[2020/07/29 11:08:54.878586][I][set_RFI_Port] Set input port
[2020/07/29 11:08:54.882965][I][writeEx] E6640A <= :FEED:RF:PORT:INPut RFIO1
[2020/07/29 11:08:54.886019][I][queryEx] E6640A <= :FEED:RF:PORT:INPut?
[2020/07/29 11:08:54.893189][I][queryEx] E6640A => RFIO1
[2020/07/29 11:08:54.896199][I][set_Modulation_Analysis] Set measurement function
[2020/07/29 11:08:54.901300][I][writeEx] E6640A <= INST:SEL LTEAFDD
[2020/07/29 11:08:55.207256][I][queryEx] E6640A <= *OPC?
[2020/07/29 11:08:55.218262][I][queryEx] E6640A => 1
[2020/07/29 11:08:55.223236][I][queryEx] E6640A <= INST:SEL?
[2020/07/29 11:08:55.229257][I][queryEx] E6640A => LTEAFDD
[2020/07/29 11:08:55.233295][I][writeEx] E6640A <= DISP:CHP:VIEW:WIND:TRAC:Y:COUP OFF
[2020/07/29 11:08:55.237275][I][set_Freq] Set frequence
[2020/07/29 11:08:55.241317][I][writeEx] E6640A <= :FREQuency:CENTer 914.8 MHz
[2020/07/29 11:08:55.246343][I][set_Continue] Set continue
[2020/07/29 11:08:55.251315][I][writeEx] E6640A <= :INIT:CONT ON
[2020/07/29 11:08:55.255324][I][set_Trigger_Free_Run] Set trigger free run
[2020/07/29 11:08:55.261388][I][writeEx] E6640A <= TRIG:CHP:SOUR IMM
[2020/07/29 11:08:55.567583][I][queryEx] E6640A <= *OPC?
[2020/07/29 11:08:55.578643][I][queryEx] E6640A => 1
[2020/07/29 11:08:58.611235][I][chk_Tx_Result] Check Tx result
[2020/07/29 11:08:58.617516][I][set_Limit_Range] Set reference value
[2020/07/29 11:08:58.620558][I][writeEx] E6640A <= DISP:CHP:VIEW:WIND:TRAC:Y:RLEV 30.0 dBm
[2020/07/29 11:08:58.927414][I][queryEx] E6640A <= *OPC?
[2020/07/29 11:08:58.936068][I][queryEx] E6640A => 1
[2020/07/29 11:08:58.940859][I][set_Limit_Range] Set power range
[2020/07/29 11:08:58.944872][I][writeEx] E6640A <= :POW:RANG 30.0 dBm
[2020/07/29 11:08:59.252576][I][queryEx] E6640A <= *OPC?
[2020/07/29 11:08:59.263591][I][queryEx] E6640A => 1
[2020/07/29 11:09:01.268783][I][set_Trigger_Video] Set trigger video
[2020/07/29 11:09:01.273800][I][writeEx] E6640A <= TRIG:CHP:SOUR IF
[2020/07/29 11:09:01.579365][I][queryEx] E6640A <= *OPC?
[2020/07/29 11:09:01.589917][I][queryEx] E6640A => 1
[2020/07/29 11:09:01.593925][I][get_Power] Get Tx power
[2020/07/29 11:09:01.597892][I][queryEx] E6640A <= :FETCh:CHPower:CHPower?
[2020/07/29 11:09:02.236745][I][queryEx] E6640A => 2.282118797E+01
[2020/07/29 11:09:02.244807][I][chk_Tx_Result] Tx power(add loss: 8.500000) = 31.321000 dBm
[2020/07/29 11:09:02.249786][I][set_Continue] Set continue
[2020/07/29 11:09:02.253834][I][writeEx] E6640A <= :INIT:CONT ON
[2020/07/29 11:09:03.992996][I][set_Preset] System reset
[2020/07/29 11:09:03.997039][I][writeEx] E6640A <= *RST
[2020/07/29 11:09:04.002334][I][writeEx] E6640A <= *CLS
[2020/07/29 11:09:04.006391][I][writeEx] E6640A <= SYST:PRES
[2020/07/29 11:09:04.312481][I][queryEx] E6640A <= *OPC?
[2020/07/29 11:09:04.999992][I][queryEx] E6640A => 1
[2020/07/29 11:09:05.016062][I][set_Rx_Waveform] Set Rx waveform
[2020/07/29 11:09:05.020043][I][set_RFO_Port] Set output port
[2020/07/29 11:09:05.024054][I][writeEx] E6640A <= :FEED:RF:PORT:OUTPut RFIO1
[2020/07/29 11:09:05.028065][I][queryEx] E6640A <= :FEED:RF:PORT:OUTPut?
[2020/07/29 11:09:05.034709][I][queryEx] E6640A => RFIO1
[2020/07/29 11:09:05.038722][I][set_OneTone_Freq] Set One Tone frequence
[2020/07/29 11:09:05.043774][I][writeEx] E6640A <= :SOUR:FREQ 959.8 MHz
[2020/07/29 11:09:05.047993][I][set_OneTone_Power] Set One Tone power
[2020/07/29 11:09:05.051004][I][writeEx] E6640A <= :SOURce:POWer -51.5
[2020/07/29 11:09:05.056321][I][loading_Waveform] Load waveform
[2020/07/29 11:09:05.059370][I][queryEx] E6640A <= :SOURce:RADio:ARB:CATalog?
[2020/07/29 11:09:05.117044][I][queryEx] E6640A => 9600,4184704,"CTX10_RFLTE_20160809.wfm"
[2020/07/29 11:09:05.124069][I][writeEx] E6640A <= :SOUR:RAD:ARB:WAV "D:\NVARB\CTX10_RFLTE_20160809.wfm"
[2020/07/29 11:09:05.432959][I][queryEx] E6640A <= *OPC?
[2020/07/29 11:09:05.442165][I][queryEx] E6640A => 1
[2020/07/29 11:09:05.447182][I][set_ARB_ON] Set ARB ON
[2020/07/29 11:09:05.451194][I][writeEx] E6640A <= :SOUR:RAD:ARB ON
[2020/07/29 11:09:05.456341][I][set_Sample_Rate] Set Sample Rate
[2020/07/29 11:09:05.460579][I][writeEx] E6640A <= SOUR:RAD:ARB:SCL:RATE 100.0 kHz
[2020/07/29 11:09:05.464591][I][set_Modulation_ON] Set ARB ON
[2020/07/29 11:09:05.468601][I][writeEx] E6640A <= :OUTP:MOD ON
[2020/07/29 11:09:05.477735][I][set_OneTone_Start] Set One Tone start
[2020/07/29 11:09:05.480746][I][writeEx] E6640A <= OUTP ON
[2020/07/29 11:09:11.852828][I][set_OneTone_Stop] Set One Tone stop
[2020/07/29 11:09:11.867905][I][writeEx] E6640A <= OUTP OFF
[2020/07/29 11:09:29.789178][I][disconnect_E6640A] Disconnect E6640A
[2020/07/29 11:09:29.793211][I][set_Preset] System reset
[2020/07/29 11:09:29.797199][I][writeEx] E6640A <= *RST
[2020/07/29 11:09:29.801209][I][writeEx] E6640A <= *CLS
[2020/07/29 11:09:29.806223][I][writeEx] E6640A <= SYST:PRES
[2020/07/29 11:09:30.112847][I][queryEx] E6640A <= *OPC?
[2020/07/29 11:09:30.748986][I][queryEx] E6640A => 1
[2020/07/29 11:09:30.757966]========== End ==========
