[2020/07/29 11:04:41]============== Control PS_Keysight66321B ==============
[2020/07/29 11:04:41]List resource: ['GPIB0::5::INSTR', 'TCPIP0::192.168.1.2::hislip0::INSTR', 'ASRL1::INSTR']
[2020/07/29 11:04:41]Power Supply: control 66321B successfully
[2020/07/29 11:04:41]Power Supply send: *RST
[2020/07/29 11:04:41]Power Supply send: *IDN?
[2020/07/29 11:04:41]Power Supply recv: Agilent Technologies,66321B,0,A.03.01

[2020/07/29 11:04:41]Power Supply is: Agilent Technologies,66321B,0,A.03.01
 

[2020/07/29 11:04:41]Power Supply send: CURR:PROT:STAT 1
[2020/07/29 11:04:41]Power Supply send: CURR:PROT:STAT?
[2020/07/29 11:04:41]Power Supply recv: 1

[2020/07/29 11:04:41]Power Supply send: VOLT 12.0
[2020/07/29 11:04:41]Power Supply send: VOLT?
[2020/07/29 11:04:41]Power Supply recv: 1.20000E+1

[2020/07/29 11:04:41]Power Supply send: CURR 1.0
[2020/07/29 11:04:41]Power Supply send: CURR?
[2020/07/29 11:04:41]Power Supply recv: 1.00000E+0

[2020/07/29 11:04:41]Power Supply send: OUTP 1
[2020/07/29 11:04:41]Power Supply send: OUTP?
[2020/07/29 11:04:41]Power Supply recv: 1

[2020/07/29 11:05:41]============== Control PS_Keysight66321B ==============
[2020/07/29 11:05:41]List resource: ['GPIB0::5::INSTR', 'TCPIP0::192.168.1.2::hislip0::INSTR', 'ASRL1::INSTR', 'ASRL14::INSTR', 'ASRL15::INSTR', 'ASRL16::INSTR', 'ASRL17::INSTR', 'ASRL19::INSTR', 'ASRL20::INSTR']
[2020/07/29 11:05:41]Power Supply: control 66321B successfully
[2020/07/29 11:05:41]Power Supply send: *IDN?
[2020/07/29 11:05:41]Power Supply recv: Agilent Technologies,66321B,0,A.03.01

[2020/07/29 11:05:41]Power Supply is: Agilent Technologies,66321B,0,A.03.01
 

[2020/07/29 11:05:55]Power Supply send: MEAS:CURR?
[2020/07/29 11:05:55]Power Supply recv: 8.65002E-2

[2020/07/29 11:06:07]Power Supply send: MEAS:CURR?
[2020/07/29 11:06:07]Power Supply recv: 9.05227E-2

[2020/07/29 11:06:22]Power Supply send: MEAS:CURR?
[2020/07/29 11:06:22]Power Supply recv: 1.01219E-1

[2020/07/29 11:06:33]Power Supply send: MEAS:CURR?
[2020/07/29 11:06:34]Power Supply recv: 3.86482E-2

[2020/07/29 11:06:58]Power Supply send: MEAS:CURR?
[2020/07/29 11:06:58]Power Supply recv: 9.76376E-2

[2020/07/29 11:07:14]Power Supply send: MEAS:CURR?
[2020/07/29 11:07:14]Power Supply recv: 9.52632E-2

[2020/07/29 11:07:29]Power Supply send: MEAS:CURR?
[2020/07/29 11:07:29]Power Supply recv: 9.67991E-2

[2020/07/29 11:07:41]Power Supply send: MEAS:CURR?
[2020/07/29 11:07:41]Power Supply recv: 7.29543E-2

[2020/07/29 11:08:33]============== Control PS_Keysight66321B ==============
[2020/07/29 11:08:34]List resource: ['GPIB0::5::INSTR', 'TCPIP0::192.168.1.2::hislip0::INSTR', 'ASRL1::INSTR']
[2020/07/29 11:08:34]Power Supply: control 66321B successfully
[2020/07/29 11:08:34]Power Supply send: *IDN?
[2020/07/29 11:08:34]Power Supply recv: Agilent Technologies,66321B,0,A.03.01

[2020/07/29 11:08:34]Power Supply is: Agilent Technologies,66321B,0,A.03.01
 

[2020/07/29 11:08:43]Power Supply send: MEAS:CURR?
[2020/07/29 11:08:43]Power Supply recv: 2.42760E-1

[2020/07/29 11:08:52]Power Supply send: MEAS:CURR?
[2020/07/29 11:08:52]Power Supply recv: 2.06778E-1

[2020/07/29 11:09:03]Power Supply send: MEAS:CURR?
[2020/07/29 11:09:03]Power Supply recv: 1.52109E-1

[2020/07/29 11:09:36]============== Control PS_Keysight66321B ==============
[2020/07/29 11:09:36]List resource: ['GPIB0::5::INSTR', 'TCPIP0::192.168.1.2::hislip0::INSTR', 'ASRL1::INSTR', 'ASRL14::INSTR', 'ASRL15::INSTR', 'ASRL16::INSTR', 'ASRL17::INSTR', 'ASRL19::INSTR', 'ASRL20::INSTR']
[2020/07/29 11:09:37]Power Supply: control 66321B successfully
[2020/07/29 11:09:37]Power Supply send: *RST
[2020/07/29 11:09:37]Power Supply send: *IDN?
[2020/07/29 11:09:37]Power Supply recv: Agilent Technologies,66321B,0,A.03.01

[2020/07/29 11:09:37]Power Supply is: Agilent Technologies,66321B,0,A.03.01
 

[2020/07/29 11:09:37]Power Supply send: OUTP 0
[2020/07/29 11:09:37]Power Supply send: OUTP?
[2020/07/29 11:09:37]Power Supply recv: 0

