[2020/07/29 03:44:44][I][getBOM] Get BOM Success!
[2020/07/29 03:44:44][I][getSKU] Get SKU from BOM: BOM_SKU, SKU name: 451AOD30L02
[2020/07/29 03:44:44][I][loadTestItemBySKU] Test Item List = (GFI20Bootup.py,1)(CountDown.py,1)(GFI20_RF_Zigbee,2)(GFI20_RF_LTE,1)
[2020/07/29 03:44:44][I][loadTestItemBySKU] Test Item List Element = ['GFI20Bootup.py,1', 'CountDown.py,1', 'GFI20_RF_Zigbee,2', 'GFI20_RF_LTE,1']
[2020/07/29 03:44:44][I][showTestingMsg] Waiting for testing...
[2020/07/29 03:44:44]---------- TestItem:GFI20Bootup.py  Method:1 ----------
[2020/07/29 03:44:44][I][runTestItem] Test start time: 2020/07/29 03:44:44
[2020/07/29 03:44:49][I][runTestItem] Test finished
[2020/07/29 03:44:49][I][checkTestResult] Version=3.0.0.3
[2020/07/29 03:44:49][I][checkTestResult] Result=Pass
[2020/07/29 03:44:49]*********************************************************
[2020/07/29 03:44:49]GFI20Bootup.py   3.0.0.3

[2020/07/29 03:44:49]			Result: Pass

[2020/07/29 03:44:49]			Method: 1

[2020/07/29 03:44:49]			Start: 2020/07/29 03:44:44

[2020/07/29 03:44:49]			End: 2020/07/29 03:44:49
[2020/07/29 03:44:49][I][runTestItem] Test end time: 2020/07/29 03:44:49
[2020/07/29 03:44:49]---------- TestItem:CountDown.py  Method:1 ----------
[2020/07/29 03:44:49][I][runTestItem] Test start time: 2020/07/29 03:44:49
[2020/07/29 03:45:42][I][runTestItem] Test finished
[2020/07/29 03:45:42][I][checkTestResult] Version=3.0.0.3
[2020/07/29 03:45:42][I][checkTestResult] Result=Pass
[2020/07/29 03:45:42]*********************************************************
[2020/07/29 03:45:42]CountDown.py   3.0.0.3

[2020/07/29 03:45:42]			Result: Pass

[2020/07/29 03:45:42]			Method: 1

[2020/07/29 03:45:42]			Start: 2020/07/29 03:44:49

[2020/07/29 03:45:42]			End: 2020/07/29 03:45:42
[2020/07/29 03:45:42][I][runTestItem] Test end time: 2020/07/29 03:45:42
[2020/07/29 03:45:42]---------- TestItem:GFI20_RF_Zigbee.py  Method:2 ----------
[2020/07/29 03:45:42][I][runTestItem] Test start time: 2020/07/29 03:45:42
[2020/07/29 03:45:54][I][runTestItem] Test finished
[2020/07/29 03:45:54][I][checkTestResult] Version=3.0.0.3
[2020/07/29 03:45:54][I][checkTestResult] Result=Fail
[2020/07/29 03:45:54][I][checkTestResult] Reason=Connect DUT fail
[2020/07/29 03:45:54][I][checkTestResult] EC=010000S01
[2020/07/29 03:45:54]*********************************************************
[2020/07/29 03:45:54]GFI20_RF_Zigbee.py   3.0.0.3

[2020/07/29 03:45:54]			Result: Fail

[2020/07/29 03:45:54]			Method: 2

[2020/07/29 03:45:54]			Start: 2020/07/29 03:45:42

[2020/07/29 03:45:54]			End: 2020/07/29 03:45:54
[2020/07/29 03:45:54]
			Fail Reason: Connect DUT fail
[2020/07/29 03:45:54][I][runTestItem] Test end time: 2020/07/29 03:45:54
[2020/07/29 03:45:55][I][runLastScript] Waiting for ending...
[2020/07/29 03:45:55]---------- TestItem:GFI20LastScript.py  Method:1 ----------
[2020/07/29 03:45:55][I][runLastScript] Test start time: 2020/07/29 03:45:55
[2020/07/29 03:46:39][I][runLastScript] Test finished
[2020/07/29 03:46:39][I][runLastScript] Test end time: 2020/07/29 03:46:39
[2020/07/29 03:46:39][I][checkTestResult] Version=3.0.0.6
[2020/07/29 03:46:39][I][checkTestResult] Result=Pass
[2020/07/29 03:46:39]*********************************************************
[2020/07/29 03:46:39]GFI20LastScript.py   3.0.0.6

[2020/07/29 03:46:39]			Result: Pass

[2020/07/29 03:46:39]			Method: 1

[2020/07/29 03:46:39]			Start: 2020/07/29 03:45:55

[2020/07/29 03:46:39]			End: 2020/07/29 03:46:39
