[2020/07/29 11:15:20][I][getBOM] Get BOM Success!
[2020/07/29 11:15:20][I][getSKU] Get SKU from BOM: BOM_SKU, SKU name: 451AOD30L02
[2020/07/29 11:15:20][I][loadTestItemBySKU] Test Item List = (GFI20Bootup.py,1)(CountDown.py,1)(WaitConnect.py,1)(GFI20_RF_Zigbee,2)(GFI20_RF_LTE,1)
[2020/07/29 11:15:20][I][loadTestItemBySKU] Test Item List Element = ['GFI20Bootup.py,1', 'CountDown.py,1', 'WaitConnect.py,1', 'GFI20_RF_Zigbee,2', 'GFI20_RF_LTE,1']
[2020/07/29 11:15:20][I][showTestingMsg] Waiting for testing...
[2020/07/29 11:15:20]---------- TestItem:GFI20Bootup.py  Method:1 ----------
[2020/07/29 11:15:20][I][runTestItem] Test start time: 2020/07/29 11:15:20
[2020/07/29 11:15:40][I][runTestItem] Test finished
[2020/07/29 11:15:40][I][checkTestResult] Version=3.0.0.3
[2020/07/29 11:15:40][I][checkTestResult] Result=Pass
[2020/07/29 11:15:40]*********************************************************
[2020/07/29 11:15:40]GFI20Bootup.py   3.0.0.3

[2020/07/29 11:15:40]			Result: Pass

[2020/07/29 11:15:40]			Method: 1

[2020/07/29 11:15:40]			Start: 2020/07/29 11:15:20

[2020/07/29 11:15:40]			End: 2020/07/29 11:15:40
[2020/07/29 11:15:40][I][runTestItem] Test end time: 2020/07/29 11:15:40
[2020/07/29 11:15:40]---------- TestItem:CountDown.py  Method:1 ----------
[2020/07/29 11:15:40][I][runTestItem] Test start time: 2020/07/29 11:15:40
[2020/07/29 11:16:32][I][runTestItem] Test finished
[2020/07/29 11:16:32][I][checkTestResult] Version=3.0.0.3
[2020/07/29 11:16:32][I][checkTestResult] Result=Pass
[2020/07/29 11:16:32]*********************************************************
[2020/07/29 11:16:32]CountDown.py   3.0.0.3

[2020/07/29 11:16:32]			Result: Pass

[2020/07/29 11:16:32]			Method: 1

[2020/07/29 11:16:32]			Start: 2020/07/29 11:15:40

[2020/07/29 11:16:32]			End: 2020/07/29 11:16:32
[2020/07/29 11:16:32][I][runTestItem] Test end time: 2020/07/29 11:16:32
[2020/07/29 11:16:32]---------- TestItem:WaitConnect.py  Method:1 ----------
[2020/07/29 11:16:32][I][runTestItem] Test start time: 2020/07/29 11:16:32
[2020/07/29 11:16:34][I][runTestItem] Test finished
[2020/07/29 11:16:34][I][checkTestResult] Version=3.0.0.4
[2020/07/29 11:16:34][I][checkTestResult] Result=Pass
[2020/07/29 11:16:34]*********************************************************
[2020/07/29 11:16:34]WaitConnect.py   3.0.0.4

[2020/07/29 11:16:34]			Result: Pass

[2020/07/29 11:16:34]			Method: 1

[2020/07/29 11:16:34]			Start: 2020/07/29 11:16:32

[2020/07/29 11:16:34]			End: 2020/07/29 11:16:34
[2020/07/29 11:16:34][I][runTestItem] Test end time: 2020/07/29 11:16:34
[2020/07/29 11:16:34]---------- TestItem:GFI20_RF_Zigbee.py  Method:2 ----------
[2020/07/29 11:16:34][I][runTestItem] Test start time: 2020/07/29 11:16:34
[2020/07/29 11:18:30][I][runTestItem] Test finished
[2020/07/29 11:18:30][I][checkTestResult] Version=3.0.0.3
[2020/07/29 11:18:30][I][checkTestResult] Result=Pass
[2020/07/29 11:18:30]*********************************************************
[2020/07/29 11:18:30]GFI20_RF_Zigbee.py   3.0.0.3

[2020/07/29 11:18:30]			Result: Pass

[2020/07/29 11:18:30]			Method: 2

[2020/07/29 11:18:30]			Start: 2020/07/29 11:16:34

[2020/07/29 11:18:30]			End: 2020/07/29 11:18:30
[2020/07/29 11:18:30][I][runTestItem] Test end time: 2020/07/29 11:18:30
[2020/07/29 11:18:30]---------- TestItem:GFI20_RF_LTE.py  Method:1 ----------
[2020/07/29 11:18:30][I][runTestItem] Test start time: 2020/07/29 11:18:30
[2020/07/29 11:19:49][I][runTestItem] Test finished
[2020/07/29 11:19:49][I][checkTestResult] Version=3.0.0.11
[2020/07/29 11:19:49][I][checkTestResult] Result=Pass
[2020/07/29 11:19:49]*********************************************************
[2020/07/29 11:19:49]GFI20_RF_LTE.py   3.0.0.11

[2020/07/29 11:19:49]			Result: Pass

[2020/07/29 11:19:49]			Method: 1

[2020/07/29 11:19:49]			Start: 2020/07/29 11:18:30

[2020/07/29 11:19:49]			End: 2020/07/29 11:19:49
[2020/07/29 11:19:49][I][runTestItem] Test end time: 2020/07/29 11:19:49
[2020/07/29 11:19:50][I][runLastScript] Waiting for ending...
[2020/07/29 11:19:50]---------- TestItem:GFI20LastScript.py  Method:1 ----------
[2020/07/29 11:19:50][I][runLastScript] Test start time: 2020/07/29 11:19:50
[2020/07/29 11:20:47][I][runLastScript] Test finished
[2020/07/29 11:20:47][I][runLastScript] Test end time: 2020/07/29 11:20:47
[2020/07/29 11:20:47][I][checkTestResult] Version=3.0.0.6
[2020/07/29 11:20:47][I][checkTestResult] Result=Pass
[2020/07/29 11:20:47]*********************************************************
[2020/07/29 11:20:47]GFI20LastScript.py   3.0.0.6

[2020/07/29 11:20:47]			Result: Pass

[2020/07/29 11:20:47]			Method: 1

[2020/07/29 11:20:47]			Start: 2020/07/29 11:19:50

[2020/07/29 11:20:47]			End: 2020/07/29 11:20:47
[2020/07/29 11:20:47][I][processSFISUploadPass] No SFIS RecordInfo
[2020/07/29 11:20:49][I][processSFISUploadPass] Upload pass Success!
