[2020/07/31 15:33:49.465073][I][class_GFI20] Initial class_GFI20
[2020/07/31 15:33:49.470531][I][connectDUT] COM: COM20, BaudRate: 115200
[2020/07/31 15:33:49.475474][I][connectDUT] Connect DUT success
[2020/07/31 15:33:49.479487][I][setScimitarMenu] Set Scimitar menu
[2020/07/31 15:33:49.682678][I][sendCOMCommand] DUT <= x
[2020/07/31 15:33:49.790075][I][sendCOMCommand] Serial buffer size: 7
[2020/07/31 15:33:50.302341][I][sendCOMCommand] DUT => x
$>

[2020/07/31 15:33:50.307450][I][setScimitarMenu] Success
[2020/07/31 15:33:56.197631][I][setZigbee_Tx] ZIGBEE_2450 CH: 15, Tx PWR: 0 dBm
[2020/07/31 15:33:56.200792][I][setScimitarMenu] Set Scimitar menu
[2020/07/31 15:33:56.404391][I][sendCOMCommand] DUT <= x
[2020/07/31 15:33:56.514115][I][sendCOMCommand] Serial buffer size: 7
[2020/07/31 15:33:57.025412][I][sendCOMCommand] DUT => x
$>

[2020/07/31 15:33:57.029474][I][setScimitarMenu] Success
[2020/07/31 15:33:57.032427][I][setZigbeeMenu] Check Zigbee Menu
[2020/07/31 15:33:57.237876][I][sendCOMCommand] DUT <= 2
[2020/07/31 15:33:57.345689][I][sendCOMCommand] Serial buffer size: 22
[2020/07/31 15:33:57.858841][I][sendCOMCommand] DUT => 2
$2_Zigbee(EM357)>

[2020/07/31 15:33:57.865748][I][setZigbeeMenu] Success
[2020/07/31 15:33:57.867755][I][setZigbee_Tx] Set Diagnostics Menu
[2020/07/31 15:33:58.071309][I][sendCOMCommand] DUT <= d
[2020/07/31 15:33:58.181176][I][sendCOMCommand] Serial buffer size: 22
[2020/07/31 15:33:58.691654][I][sendCOMCommand] DUT => d
$2-d_Diagnostics>

[2020/07/31 15:33:58.698581][I][setZigbee_Tx] Success
[2020/07/31 15:33:58.701002][I][setZigbee_Tx] Set Channel Menu
[2020/07/31 15:33:58.904255][I][sendCOMCommand] DUT <= 2
[2020/07/31 15:33:59.014161][I][sendCOMCommand] Serial buffer size: 66
[2020/07/31 15:33:59.525707][I][sendCOMCommand] DUT => 2
$2-d-2_Set Channel (11 => 26) [0B - 1A by HEX]>
$PARAMETER?>

[2020/07/31 15:33:59.532717][I][setZigbee_Tx] Success
[2020/07/31 15:33:59.535714][I][setZigbee_Tx] Set Channel
[2020/07/31 15:33:59.739596][I][sendCOMCommand] DUT <= 0F
[2020/07/31 15:33:59.850431][I][sendCOMCommand] Serial buffer size: 53
[2020/07/31 15:34:00.362646][I][sendCOMCommand] DUT => Set Channel: 15 (0x0F)
$DONE_OK
$2-d_Diagnostics>

[2020/07/31 15:34:00.369651][I][setZigbee_Tx] Success
[2020/07/31 15:34:00.372230][I][setZigbee_Tx] Set PWR Menu
[2020/07/31 15:34:00.575875][I][sendCOMCommand] DUT <= 3
[2020/07/31 15:34:00.684402][I][sendCOMCommand] Serial buffer size: 79
[2020/07/31 15:34:01.200394][I][sendCOMCommand] DUT => 3
$2-d-3_Set Power (-32 => +8dBm, Step=1dB) [-2B - 08 by HEX]>
$PARAMETER?>

[2020/07/31 15:34:01.208586][I][setZigbee_Tx] Success
[2020/07/31 15:34:01.211247][I][setZigbee_Tx] Set Tx PWR
[2020/07/31 15:34:01.415173][I][sendCOMCommand] DUT <= 00
[2020/07/31 15:34:01.525861][I][sendCOMCommand] Serial buffer size: 31
[2020/07/31 15:34:01.634468][W][sendCOMCommand] Buffer not empty!!!
[2020/07/31 15:34:01.645544][I][sendCOMCommand] Serial buffer size: 19
[2020/07/31 15:34:02.157631][I][sendCOMCommand] DUT => Set Power: 0 (0x00)
$DONE_OK
$2-d_Diagnostics>

[2020/07/31 15:34:02.163642][I][setZigbee_Tx] Success
[2020/07/31 15:34:02.173246][I][setScimitarMenu] Set Scimitar menu
[2020/07/31 15:34:02.376939][I][sendCOMCommand] DUT <= x
[2020/07/31 15:34:02.487943][I][sendCOMCommand] Serial buffer size: 22
[2020/07/31 15:34:02.999167][I][sendCOMCommand] DUT => x
$2_Zigbee(EM357)>

[2020/07/31 15:34:03.203817][I][sendCOMCommand] DUT <= x
[2020/07/31 15:34:03.316529][I][sendCOMCommand] Serial buffer size: 7
[2020/07/31 15:34:03.827868][I][sendCOMCommand] DUT => x
$>

[2020/07/31 15:34:03.835865][I][setScimitarMenu] Success
[2020/07/31 15:34:03.838871][I][setZigbeeMenu] Check Zigbee Menu
[2020/07/31 15:34:04.042502][I][sendCOMCommand] DUT <= 2
[2020/07/31 15:34:04.150536][I][sendCOMCommand] Serial buffer size: 22
[2020/07/31 15:34:04.662751][I][sendCOMCommand] DUT => 2
$2_Zigbee(EM357)>

[2020/07/31 15:34:04.670807][I][setZigbeeMenu] Success
[2020/07/31 15:34:04.673826][I][setTxStart] Set Tx start
[2020/07/31 15:34:06.768350][I][setTxStop] Set Tx stop
[2020/07/31 15:34:06.973706][I][sendCOMCommand] DUT <= 5
[2020/07/31 15:34:07.083009][I][sendCOMCommand] Serial buffer size: 202
[2020/07/31 15:34:07.601536][I][sendCOMCommand] DUT => [mfglib]Send Packet(100 bytes)
[mfglib]Send Packet(100 bytes)
[mfglib]Send Packet(100 bytes)
5
ZigBee send packet test end.
Total number of emberStatus errors:0
$[0]
$DONE_OK
$2_Zigbee(EM357)>

[2020/07/31 15:34:07.608597][I][setTxStop] Success
[2020/07/31 15:34:07.632551][I][setZigbee_Tx] ZIGBEE_2450 CH: 15, Tx PWR: -1 dBm
[2020/07/31 15:34:07.635557][I][setScimitarMenu] Set Scimitar menu
[2020/07/31 15:34:07.840098][I][sendCOMCommand] DUT <= x
[2020/07/31 15:34:07.949315][I][sendCOMCommand] Serial buffer size: 7
[2020/07/31 15:34:08.466382][I][sendCOMCommand] DUT => x
$>

[2020/07/31 15:34:08.474395][I][setScimitarMenu] Success
[2020/07/31 15:34:08.477882][I][setZigbeeMenu] Check Zigbee Menu
[2020/07/31 15:34:08.681948][I][sendCOMCommand] DUT <= 2
[2020/07/31 15:34:08.796785][I][sendCOMCommand] Serial buffer size: 22
[2020/07/31 15:34:09.306631][I][sendCOMCommand] DUT => 2
$2_Zigbee(EM357)>

[2020/07/31 15:34:09.314649][I][setZigbeeMenu] Success
[2020/07/31 15:34:09.317701][I][setZigbee_Tx] Set Diagnostics Menu
[2020/07/31 15:34:09.521898][I][sendCOMCommand] DUT <= d
[2020/07/31 15:34:09.628352][I][sendCOMCommand] Serial buffer size: 22
[2020/07/31 15:34:10.141142][I][sendCOMCommand] DUT => d
$2-d_Diagnostics>

[2020/07/31 15:34:10.149198][I][setZigbee_Tx] Success
[2020/07/31 15:34:10.152952][I][setZigbee_Tx] Set Channel Menu
[2020/07/31 15:34:10.357185][I][sendCOMCommand] DUT <= 2
[2020/07/31 15:34:10.470755][I][sendCOMCommand] Serial buffer size: 66
[2020/07/31 15:34:10.983543][I][sendCOMCommand] DUT => 2
$2-d-2_Set Channel (11 => 26) [0B - 1A by HEX]>
$PARAMETER?>

[2020/07/31 15:34:10.991555][I][setZigbee_Tx] Success
[2020/07/31 15:34:10.995566][I][setZigbee_Tx] Set Channel
[2020/07/31 15:34:11.201765][I][sendCOMCommand] DUT <= 0F
[2020/07/31 15:34:11.311618][I][sendCOMCommand] Serial buffer size: 34
[2020/07/31 15:34:11.830794][I][sendCOMCommand] DUT => Set Channel: 15 (0x0F)
$DONE_OK
$2-d_Diagnostics>

[2020/07/31 15:34:11.838849][I][setZigbee_Tx] Success
[2020/07/31 15:34:11.842703][I][setZigbee_Tx] Set PWR Menu
[2020/07/31 15:34:12.047256][I][sendCOMCommand] DUT <= 3
[2020/07/31 15:34:12.156480][I][sendCOMCommand] Serial buffer size: 79
[2020/07/31 15:34:12.675305][I][sendCOMCommand] DUT => 3
$2-d-3_Set Power (-32 => +8dBm, Step=1dB) [-2B - 08 by HEX]>
$PARAMETER?>

[2020/07/31 15:34:12.688966][I][setZigbee_Tx] Success
[2020/07/31 15:34:12.696075][I][setZigbee_Tx] Set Tx PWR
[2020/07/31 15:34:12.900643][I][sendCOMCommand] DUT <= FF
[2020/07/31 15:34:13.009192][I][sendCOMCommand] Serial buffer size: 38
[2020/07/31 15:34:13.114708][W][sendCOMCommand] Buffer not empty!!!
[2020/07/31 15:34:13.122765][I][sendCOMCommand] Serial buffer size: 19
[2020/07/31 15:34:13.631350][I][sendCOMCommand] DUT => Set Power: -1 (0xFFFFFFFF)
$DONE_OK
$2-d_Diagnostics>

[2020/07/31 15:34:13.639364][I][setZigbee_Tx] Success
[2020/07/31 15:34:13.649255][I][setScimitarMenu] Set Scimitar menu
[2020/07/31 15:34:13.853981][I][sendCOMCommand] DUT <= x
[2020/07/31 15:34:13.959085][I][sendCOMCommand] Serial buffer size: 22
[2020/07/31 15:34:14.470115][I][sendCOMCommand] DUT => x
$2_Zigbee(EM357)>

[2020/07/31 15:34:14.680093][I][sendCOMCommand] DUT <= x
[2020/07/31 15:34:14.789203][I][sendCOMCommand] Serial buffer size: 7
[2020/07/31 15:34:15.301387][I][sendCOMCommand] DUT => x
$>

[2020/07/31 15:34:15.308454][I][setScimitarMenu] Success
[2020/07/31 15:34:15.311455][I][setZigbeeMenu] Check Zigbee Menu
[2020/07/31 15:34:15.515848][I][sendCOMCommand] DUT <= 2
[2020/07/31 15:34:15.621650][I][sendCOMCommand] Serial buffer size: 22
[2020/07/31 15:34:16.134126][I][sendCOMCommand] DUT => 2
$2_Zigbee(EM357)>

[2020/07/31 15:34:16.142154][I][setZigbeeMenu] Success
[2020/07/31 15:34:16.145444][I][setTxStart] Set Tx start
[2020/07/31 15:34:18.346992][I][setTxStop] Set Tx stop
[2020/07/31 15:34:18.552053][I][sendCOMCommand] DUT <= 5
[2020/07/31 15:34:18.659900][I][sendCOMCommand] Serial buffer size: 170
[2020/07/31 15:34:19.178685][I][sendCOMCommand] DUT => [mfglib]Send Packet(100 bytes)
[mfglib]Send Packet(100 bytes)
5
ZigBee send packet test end.
Total number of emberStatus errors:0
$[0]
$DONE_OK
$2_Zigbee(EM357)>

[2020/07/31 15:34:19.186723][I][setTxStop] Success
[2020/07/31 15:34:22.908945][I][setZigbee_Tx] ZIGBEE_2450 CH: 21, Tx PWR: 0 dBm
[2020/07/31 15:34:22.913466][I][setScimitarMenu] Set Scimitar menu
[2020/07/31 15:34:23.119234][I][sendCOMCommand] DUT <= x
[2020/07/31 15:34:23.228293][I][sendCOMCommand] Serial buffer size: 7
[2020/07/31 15:34:23.738253][I][sendCOMCommand] DUT => x
$>

[2020/07/31 15:34:23.743073][I][setScimitarMenu] Success
[2020/07/31 15:34:23.746121][I][setZigbeeMenu] Check Zigbee Menu
[2020/07/31 15:34:23.951322][I][sendCOMCommand] DUT <= 2
[2020/07/31 15:34:24.060016][I][sendCOMCommand] Serial buffer size: 22
[2020/07/31 15:34:24.578494][I][sendCOMCommand] DUT => 2
$2_Zigbee(EM357)>

[2020/07/31 15:34:24.585505][I][setZigbeeMenu] Success
[2020/07/31 15:34:24.589515][I][setZigbee_Tx] Set Diagnostics Menu
[2020/07/31 15:34:24.794349][I][sendCOMCommand] DUT <= d
[2020/07/31 15:34:24.903738][I][sendCOMCommand] Serial buffer size: 22
[2020/07/31 15:34:25.422454][I][sendCOMCommand] DUT => d
$2-d_Diagnostics>

[2020/07/31 15:34:25.430474][I][setZigbee_Tx] Success
[2020/07/31 15:34:25.433480][I][setZigbee_Tx] Set Channel Menu
[2020/07/31 15:34:25.638605][I][sendCOMCommand] DUT <= 2
[2020/07/31 15:34:25.754082][I][sendCOMCommand] Serial buffer size: 66
[2020/07/31 15:34:26.267611][I][sendCOMCommand] DUT => 2
$2-d-2_Set Channel (11 => 26) [0B - 1A by HEX]>
$PARAMETER?>

[2020/07/31 15:34:26.274622][I][setZigbee_Tx] Success
[2020/07/31 15:34:26.279052][I][setZigbee_Tx] Set Channel
[2020/07/31 15:34:26.483818][I][sendCOMCommand] DUT <= 15
[2020/07/31 15:34:26.599435][I][sendCOMCommand] Serial buffer size: 34
[2020/07/31 15:34:26.709259][W][sendCOMCommand] Buffer not empty!!!
[2020/07/31 15:34:26.723295][I][sendCOMCommand] Serial buffer size: 19
[2020/07/31 15:34:27.236338][I][sendCOMCommand] DUT => Set Channel: 21 (0x15)
$DONE_OK
$2-d_Diagnostics>

[2020/07/31 15:34:27.244538][I][setZigbee_Tx] Success
[2020/07/31 15:34:27.248049][I][setZigbee_Tx] Set PWR Menu
[2020/07/31 15:34:27.452581][I][sendCOMCommand] DUT <= 3
[2020/07/31 15:34:27.560630][I][sendCOMCommand] Serial buffer size: 79
[2020/07/31 15:34:28.071452][I][sendCOMCommand] DUT => 3
$2-d-3_Set Power (-32 => +8dBm, Step=1dB) [-2B - 08 by HEX]>
$PARAMETER?>

[2020/07/31 15:34:28.078504][I][setZigbee_Tx] Success
[2020/07/31 15:34:28.083125][I][setZigbee_Tx] Set Tx PWR
[2020/07/31 15:34:28.287907][I][sendCOMCommand] DUT <= 00
[2020/07/31 15:34:28.397215][I][sendCOMCommand] Serial buffer size: 31
[2020/07/31 15:34:28.411250][W][sendCOMCommand] Buffer not empty!!!
[2020/07/31 15:34:28.419269][I][sendCOMCommand] Serial buffer size: 2
[2020/07/31 15:34:28.928250][I][sendCOMCommand] DUT => Set Power: 0 (0x00)
$DONE_OK
$2-d_Diagnostics>

[2020/07/31 15:34:28.935259][I][setZigbee_Tx] Success
[2020/07/31 15:34:28.945823][I][setScimitarMenu] Set Scimitar menu
[2020/07/31 15:34:29.149668][I][sendCOMCommand] DUT <= x
[2020/07/31 15:34:29.255895][I][sendCOMCommand] Serial buffer size: 22
[2020/07/31 15:34:29.765069][I][sendCOMCommand] DUT => x
$2_Zigbee(EM357)>

[2020/07/31 15:34:29.975013][I][sendCOMCommand] DUT <= x
[2020/07/31 15:34:30.090490][I][sendCOMCommand] Serial buffer size: 7
[2020/07/31 15:34:30.603332][I][sendCOMCommand] DUT => x
$>

[2020/07/31 15:34:30.610357][I][setScimitarMenu] Success
[2020/07/31 15:34:30.614404][I][setZigbeeMenu] Check Zigbee Menu
[2020/07/31 15:34:30.819683][I][sendCOMCommand] DUT <= 2
[2020/07/31 15:34:30.928865][I][sendCOMCommand] Serial buffer size: 22
[2020/07/31 15:34:31.441824][I][sendCOMCommand] DUT => 2
$2_Zigbee(EM357)>

[2020/07/31 15:34:31.448850][I][setZigbeeMenu] Success
[2020/07/31 15:34:31.452859][I][setTxStart] Set Tx start
[2020/07/31 15:34:33.650353][I][setTxStop] Set Tx stop
[2020/07/31 15:34:33.856008][I][sendCOMCommand] DUT <= 5
[2020/07/31 15:34:33.965152][I][sendCOMCommand] Serial buffer size: 170
[2020/07/31 15:34:34.485212][I][sendCOMCommand] DUT => [mfglib]Send Packet(100 bytes)
[mfglib]Send Packet(100 bytes)
5
ZigBee send packet test end.
Total number of emberStatus errors:0
$[0]
$DONE_OK
$2_Zigbee(EM357)>

[2020/07/31 15:34:34.499257][I][setTxStop] Success
[2020/07/31 15:34:34.526634][I][setZigbee_Tx] ZIGBEE_2450 CH: 21, Tx PWR: -1 dBm
[2020/07/31 15:34:34.530674][I][setScimitarMenu] Set Scimitar menu
[2020/07/31 15:34:34.735711][I][sendCOMCommand] DUT <= x
[2020/07/31 15:34:34.842971][I][sendCOMCommand] Serial buffer size: 7
[2020/07/31 15:34:35.363653][I][sendCOMCommand] DUT => x
$>

[2020/07/31 15:34:35.372708][I][setScimitarMenu] Success
[2020/07/31 15:34:35.376352][I][setZigbeeMenu] Check Zigbee Menu
[2020/07/31 15:34:35.579847][I][sendCOMCommand] DUT <= 2
[2020/07/31 15:34:35.690364][I][sendCOMCommand] Serial buffer size: 22
[2020/07/31 15:34:36.203450][I][sendCOMCommand] DUT => 2
$2_Zigbee(EM357)>

[2020/07/31 15:34:36.211458][I][setZigbeeMenu] Success
[2020/07/31 15:34:36.215618][I][setZigbee_Tx] Set Diagnostics Menu
[2020/07/31 15:34:36.420566][I][sendCOMCommand] DUT <= d
[2020/07/31 15:34:36.537253][I][sendCOMCommand] Serial buffer size: 22
[2020/07/31 15:34:37.049044][I][sendCOMCommand] DUT => d
$2-d_Diagnostics>

[2020/07/31 15:34:37.053094][I][setZigbee_Tx] Success
[2020/07/31 15:34:37.057107][I][setZigbee_Tx] Set Channel Menu
[2020/07/31 15:34:37.262944][I][sendCOMCommand] DUT <= 2
[2020/07/31 15:34:37.372929][I][sendCOMCommand] Serial buffer size: 66
[2020/07/31 15:34:37.887343][I][sendCOMCommand] DUT => 2
$2-d-2_Set Channel (11 => 26) [0B - 1A by HEX]>
$PARAMETER?>

[2020/07/31 15:34:37.895563][I][setZigbee_Tx] Success
[2020/07/31 15:34:37.898609][I][setZigbee_Tx] Set Channel
[2020/07/31 15:34:38.103724][I][sendCOMCommand] DUT <= 15
[2020/07/31 15:34:38.212653][I][sendCOMCommand] Serial buffer size: 34
[2020/07/31 15:34:38.731673][I][sendCOMCommand] DUT => Set Channel: 21 (0x15)
$DONE_OK
$2-d_Diagnostics>

[2020/07/31 15:34:38.740654][I][setZigbee_Tx] Success
[2020/07/31 15:34:38.743660][I][setZigbee_Tx] Set PWR Menu
[2020/07/31 15:34:38.949084][I][sendCOMCommand] DUT <= 3
[2020/07/31 15:34:39.057536][I][sendCOMCommand] Serial buffer size: 79
[2020/07/31 15:34:39.566410][I][sendCOMCommand] DUT => 3
$2-d-3_Set Power (-32 => +8dBm, Step=1dB) [-2B - 08 by HEX]>
$PARAMETER?>

[2020/07/31 15:34:39.572821][I][setZigbee_Tx] Success
[2020/07/31 15:34:39.576524][I][setZigbee_Tx] Set Tx PWR
[2020/07/31 15:34:39.781658][I][sendCOMCommand] DUT <= FF
[2020/07/31 15:34:39.888454][I][sendCOMCommand] Serial buffer size: 57
[2020/07/31 15:34:40.401884][I][sendCOMCommand] DUT => Set Power: -1 (0xFFFFFFFF)
$DONE_OK
$2-d_Diagnostics>

[2020/07/31 15:34:40.409911][I][setZigbee_Tx] Success
[2020/07/31 15:34:40.420963][I][setScimitarMenu] Set Scimitar menu
[2020/07/31 15:34:40.626046][I][sendCOMCommand] DUT <= x
[2020/07/31 15:34:40.734942][I][sendCOMCommand] Serial buffer size: 22
[2020/07/31 15:34:41.254755][I][sendCOMCommand] DUT => x
$2_Zigbee(EM357)>

[2020/07/31 15:34:41.464706][I][sendCOMCommand] DUT <= x
[2020/07/31 15:34:41.580700][I][sendCOMCommand] Serial buffer size: 7
[2020/07/31 15:34:42.090505][I][sendCOMCommand] DUT => x
$>

[2020/07/31 15:34:42.097526][I][setScimitarMenu] Success
[2020/07/31 15:34:42.100534][I][setZigbeeMenu] Check Zigbee Menu
[2020/07/31 15:34:42.305712][I][sendCOMCommand] DUT <= 2
[2020/07/31 15:34:42.421788][I][sendCOMCommand] Serial buffer size: 22
[2020/07/31 15:34:42.934542][I][sendCOMCommand] DUT => 2
$2_Zigbee(EM357)>

[2020/07/31 15:34:42.943113][I][setZigbeeMenu] Success
[2020/07/31 15:34:42.946161][I][setTxStart] Set Tx start
[2020/07/31 15:34:45.146808][I][setTxStop] Set Tx stop
[2020/07/31 15:34:45.351563][I][sendCOMCommand] DUT <= 5
[2020/07/31 15:34:45.460764][I][sendCOMCommand] Serial buffer size: 170
[2020/07/31 15:34:45.974378][I][sendCOMCommand] DUT => [mfglib]Send Packet(100 bytes)
[mfglib]Send Packet(100 bytes)
5
ZigBee send packet test end.
Total number of emberStatus errors:0
$[0]
$DONE_OK
$2_Zigbee(EM357)>

[2020/07/31 15:34:45.982391][I][setTxStop] Success
[2020/07/31 15:34:49.709275][I][setZigbee_Tx] ZIGBEE_2450 CH: 24, Tx PWR: 0 dBm
[2020/07/31 15:34:49.714330][I][setScimitarMenu] Set Scimitar menu
[2020/07/31 15:34:49.921338][I][sendCOMCommand] DUT <= x
[2020/07/31 15:34:50.030967][I][sendCOMCommand] Serial buffer size: 3
[2020/07/31 15:34:50.544051][I][sendCOMCommand] DUT => x
$>

[2020/07/31 15:34:50.553069][I][setScimitarMenu] Success
[2020/07/31 15:34:50.556934][I][setZigbeeMenu] Check Zigbee Menu
[2020/07/31 15:34:50.762412][I][sendCOMCommand] DUT <= 2
[2020/07/31 15:34:50.872186][I][sendCOMCommand] Serial buffer size: 22
[2020/07/31 15:34:51.387168][I][sendCOMCommand] DUT => 2
$2_Zigbee(EM357)>

[2020/07/31 15:34:51.395961][I][setZigbeeMenu] Success
[2020/07/31 15:34:51.399010][I][setZigbee_Tx] Set Diagnostics Menu
[2020/07/31 15:34:51.603927][I][sendCOMCommand] DUT <= d
[2020/07/31 15:34:51.714752][I][sendCOMCommand] Serial buffer size: 22
[2020/07/31 15:34:52.229331][I][sendCOMCommand] DUT => d
$2-d_Diagnostics>

[2020/07/31 15:34:52.238054][I][setZigbee_Tx] Success
[2020/07/31 15:34:52.241083][I][setZigbee_Tx] Set Channel Menu
[2020/07/31 15:34:52.446861][I][sendCOMCommand] DUT <= 2
[2020/07/31 15:34:52.565560][I][sendCOMCommand] Serial buffer size: 66
[2020/07/31 15:34:53.074906][I][sendCOMCommand] DUT => 2
$2-d-2_Set Channel (11 => 26) [0B - 1A by HEX]>
$PARAMETER?>

[2020/07/31 15:34:53.079956][I][setZigbee_Tx] Success
[2020/07/31 15:34:53.085224][I][setZigbee_Tx] Set Channel
[2020/07/31 15:34:53.291222][I][sendCOMCommand] DUT <= 18
[2020/07/31 15:34:53.400973][I][sendCOMCommand] Serial buffer size: 53
[2020/07/31 15:34:53.914852][I][sendCOMCommand] DUT => Set Channel: 24 (0x18)
$DONE_OK
$2-d_Diagnostics>

[2020/07/31 15:34:53.923307][I][setZigbee_Tx] Success
[2020/07/31 15:34:53.927197][I][setZigbee_Tx] Set PWR Menu
[2020/07/31 15:34:54.132666][I][sendCOMCommand] DUT <= 3
[2020/07/31 15:34:54.249266][I][sendCOMCommand] Serial buffer size: 79
[2020/07/31 15:34:54.764470][I][sendCOMCommand] DUT => 3
$2-d-3_Set Power (-32 => +8dBm, Step=1dB) [-2B - 08 by HEX]>
$PARAMETER?>

[2020/07/31 15:34:54.772534][I][setZigbee_Tx] Success
[2020/07/31 15:34:54.776705][I][setZigbee_Tx] Set Tx PWR
[2020/07/31 15:34:54.981688][I][sendCOMCommand] DUT <= 00
[2020/07/31 15:34:55.098069][I][sendCOMCommand] Serial buffer size: 50
[2020/07/31 15:34:55.608655][I][sendCOMCommand] DUT => Set Power: 0 (0x00)
$DONE_OK
$2-d_Diagnostics>

[2020/07/31 15:34:55.616669][I][setZigbee_Tx] Success
[2020/07/31 15:34:55.626695][I][setScimitarMenu] Set Scimitar menu
[2020/07/31 15:34:55.832480][I][sendCOMCommand] DUT <= x
[2020/07/31 15:34:55.948960][I][sendCOMCommand] Serial buffer size: 22
[2020/07/31 15:34:56.463951][I][sendCOMCommand] DUT => x
$2_Zigbee(EM357)>

[2020/07/31 15:34:56.674504][I][sendCOMCommand] DUT <= x
[2020/07/31 15:34:56.791534][I][sendCOMCommand] Serial buffer size: 7
[2020/07/31 15:34:57.305710][I][sendCOMCommand] DUT => x
$>

[2020/07/31 15:34:57.314511][I][setScimitarMenu] Success
[2020/07/31 15:34:57.317524][I][setZigbeeMenu] Check Zigbee Menu
[2020/07/31 15:34:57.522412][I][sendCOMCommand] DUT <= 2
[2020/07/31 15:34:57.627007][I][sendCOMCommand] Serial buffer size: 22
[2020/07/31 15:34:58.133353][I][sendCOMCommand] DUT => 2
$2_Zigbee(EM357)>

[2020/07/31 15:34:58.138331][I][setZigbeeMenu] Success
[2020/07/31 15:34:58.142342][I][setTxStart] Set Tx start
[2020/07/31 15:35:00.284401][I][setTxStop] Set Tx stop
[2020/07/31 15:35:00.492896][I][sendCOMCommand] DUT <= 5
[2020/07/31 15:35:00.603092][I][sendCOMCommand] Serial buffer size: 170
[2020/07/31 15:35:01.113722][I][sendCOMCommand] DUT => [mfglib]Send Packet(100 bytes)
[mfglib]Send Packet(100 bytes)
5
ZigBee send packet test end.
Total number of emberStatus errors:0
$[0]
$DONE_OK
$2_Zigbee(EM357)>

[2020/07/31 15:35:01.119785][I][setTxStop] Success
[2020/07/31 15:35:01.150830][I][setZigbee_Tx] ZIGBEE_2450 CH: 24, Tx PWR: -1 dBm
[2020/07/31 15:35:01.154808][I][setScimitarMenu] Set Scimitar menu
[2020/07/31 15:35:01.359875][I][sendCOMCommand] DUT <= x
[2020/07/31 15:35:01.469761][I][sendCOMCommand] Serial buffer size: 7
[2020/07/31 15:35:01.991107][I][sendCOMCommand] DUT => x
$>

[2020/07/31 15:35:01.999062][I][setScimitarMenu] Success
[2020/07/31 15:35:02.003983][I][setZigbeeMenu] Check Zigbee Menu
[2020/07/31 15:35:02.209882][I][sendCOMCommand] DUT <= 2
[2020/07/31 15:35:02.326780][I][sendCOMCommand] Serial buffer size: 22
[2020/07/31 15:35:02.839800][I][sendCOMCommand] DUT => 2
$2_Zigbee(EM357)>

[2020/07/31 15:35:02.848814][I][setZigbeeMenu] Success
[2020/07/31 15:35:02.853318][I][setZigbee_Tx] Set Diagnostics Menu
[2020/07/31 15:35:03.058695][I][sendCOMCommand] DUT <= d
[2020/07/31 15:35:03.174328][I][sendCOMCommand] Serial buffer size: 22
[2020/07/31 15:35:03.695694][I][sendCOMCommand] DUT => d
$2-d_Diagnostics>

[2020/07/31 15:35:03.704873][I][setZigbee_Tx] Success
[2020/07/31 15:35:03.708736][I][setZigbee_Tx] Set Channel Menu
[2020/07/31 15:35:03.912621][I][sendCOMCommand] DUT <= 2
[2020/07/31 15:35:04.027206][I][sendCOMCommand] Serial buffer size: 66
[2020/07/31 15:35:04.541333][I][sendCOMCommand] DUT => 2
$2-d-2_Set Channel (11 => 26) [0B - 1A by HEX]>
$PARAMETER?>

[2020/07/31 15:35:04.550363][I][setZigbee_Tx] Success
[2020/07/31 15:35:04.554211][I][setZigbee_Tx] Set Channel
[2020/07/31 15:35:04.758893][I][sendCOMCommand] DUT <= 18
[2020/07/31 15:35:04.867894][I][sendCOMCommand] Serial buffer size: 53
[2020/07/31 15:35:05.380671][I][sendCOMCommand] DUT => Set Channel: 24 (0x18)
$DONE_OK
$2-d_Diagnostics>

[2020/07/31 15:35:05.388722][I][setZigbee_Tx] Success
[2020/07/31 15:35:05.392739][I][setZigbee_Tx] Set PWR Menu
[2020/07/31 15:35:05.598268][I][sendCOMCommand] DUT <= 3
[2020/07/31 15:35:05.707505][I][sendCOMCommand] Serial buffer size: 79
[2020/07/31 15:35:06.228189][I][sendCOMCommand] DUT => 3
$2-d-3_Set Power (-32 => +8dBm, Step=1dB) [-2B - 08 by HEX]>
$PARAMETER?>

[2020/07/31 15:35:06.244241][I][setZigbee_Tx] Success
[2020/07/31 15:35:06.252915][I][setZigbee_Tx] Set Tx PWR
[2020/07/31 15:35:06.458072][I][sendCOMCommand] DUT <= FF
[2020/07/31 15:35:06.567677][I][sendCOMCommand] Serial buffer size: 57
[2020/07/31 15:35:07.087394][I][sendCOMCommand] DUT => Set Power: -1 (0xFFFFFFFF)
$DONE_OK
$2-d_Diagnostics>

[2020/07/31 15:35:07.093413][I][setZigbee_Tx] Success
[2020/07/31 15:35:07.108206][I][setScimitarMenu] Set Scimitar menu
[2020/07/31 15:35:07.315816][I][sendCOMCommand] DUT <= x
[2020/07/31 15:35:07.425325][I][sendCOMCommand] Serial buffer size: 22
[2020/07/31 15:35:07.938943][I][sendCOMCommand] DUT => x
$2_Zigbee(EM357)>

[2020/07/31 15:35:08.147715][I][sendCOMCommand] DUT <= x
[2020/07/31 15:35:08.253201][I][sendCOMCommand] Serial buffer size: 7
[2020/07/31 15:35:08.767504][I][sendCOMCommand] DUT => x
$>

[2020/07/31 15:35:08.775532][I][setScimitarMenu] Success
[2020/07/31 15:35:08.779543][I][setZigbeeMenu] Check Zigbee Menu
[2020/07/31 15:35:08.983971][I][sendCOMCommand] DUT <= 2
[2020/07/31 15:35:09.090165][I][sendCOMCommand] Serial buffer size: 22
[2020/07/31 15:35:09.599566][I][sendCOMCommand] DUT => 2
$2_Zigbee(EM357)>

[2020/07/31 15:35:09.605311][I][setZigbeeMenu] Success
[2020/07/31 15:35:09.609324][I][setTxStart] Set Tx start
[2020/07/31 15:35:11.730980][I][setTxStop] Set Tx stop
[2020/07/31 15:35:11.936644][I][sendCOMCommand] DUT <= 5
[2020/07/31 15:35:12.046628][I][sendCOMCommand] Serial buffer size: 202
[2020/07/31 15:35:12.567794][I][sendCOMCommand] DUT => [mfglib]Send Packet(100 bytes)
[mfglib]Send Packet(100 bytes)
[mfglib]Send Packet(100 bytes)
5
ZigBee send packet test end.
Total number of emberStatus errors:0
$[0]
$DONE_OK
$2_Zigbee(EM357)>

[2020/07/31 15:35:12.573932][I][setTxStop] Success
[2020/07/31 15:35:13.966184][I][setZigbee_Rx] ZIGBEE_2450 CH: 19
[2020/07/31 15:35:13.970259][I][setScimitarMenu] Set Scimitar menu
[2020/07/31 15:35:14.175245][I][sendCOMCommand] DUT <= x
[2020/07/31 15:35:14.284977][I][sendCOMCommand] Serial buffer size: 7
[2020/07/31 15:35:14.806485][I][sendCOMCommand] DUT => x
$>

[2020/07/31 15:35:14.814501][I][setScimitarMenu] Success
[2020/07/31 15:35:14.818510][I][setZigbeeMenu] Check Zigbee Menu
[2020/07/31 15:35:15.023801][I][sendCOMCommand] DUT <= 2
[2020/07/31 15:35:15.139541][I][sendCOMCommand] Serial buffer size: 22
[2020/07/31 15:35:15.653639][I][sendCOMCommand] DUT => 2
$2_Zigbee(EM357)>

[2020/07/31 15:35:15.662653][I][setZigbeeMenu] Success
[2020/07/31 15:35:15.666685][I][setZigbee_Rx] Set Diagnostics Menu
[2020/07/31 15:35:15.871632][I][sendCOMCommand] DUT <= d
[2020/07/31 15:35:15.989539][I][sendCOMCommand] Serial buffer size: 22
[2020/07/31 15:35:16.504224][I][sendCOMCommand] DUT => d
$2-d_Diagnostics>

[2020/07/31 15:35:16.512489][I][setZigbee_Rx] Success
[2020/07/31 15:35:16.515500][I][setZigbee_Rx] Set Channel Menu
[2020/07/31 15:35:16.721454][I][sendCOMCommand] DUT <= 2
[2020/07/31 15:35:16.838630][I][sendCOMCommand] Serial buffer size: 66
[2020/07/31 15:35:17.354047][I][sendCOMCommand] DUT => 2
$2-d-2_Set Channel (11 => 26) [0B - 1A by HEX]>
$PARAMETER?>

[2020/07/31 15:35:17.362064][I][setZigbee_Rx] Success
[2020/07/31 15:35:17.366128][I][setZigbee_Rx] Set Channel
[2020/07/31 15:35:17.571488][I][sendCOMCommand] DUT <= 13
[2020/07/31 15:35:17.681498][I][sendCOMCommand] Serial buffer size: 53
[2020/07/31 15:35:18.204369][I][sendCOMCommand] DUT => Set Channel: 19 (0x13)
$DONE_OK
$2-d_Diagnostics>

[2020/07/31 15:35:18.212750][I][setZigbee_Rx] Success
[2020/07/31 15:35:18.219771][I][setZigbeeLNAMode] LNA Mode: 1
[2020/07/31 15:35:18.224051][I][setScimitarMenu] Set Scimitar menu
[2020/07/31 15:35:18.428871][I][sendCOMCommand] DUT <= x
[2020/07/31 15:35:18.546020][I][sendCOMCommand] Serial buffer size: 22
[2020/07/31 15:35:19.059592][I][sendCOMCommand] DUT => x
$2_Zigbee(EM357)>

[2020/07/31 15:35:19.269085][I][sendCOMCommand] DUT <= x
[2020/07/31 15:35:19.377867][I][sendCOMCommand] Serial buffer size: 7
[2020/07/31 15:35:19.898721][I][sendCOMCommand] DUT => x
$>

[2020/07/31 15:35:19.906734][I][setScimitarMenu] Success
[2020/07/31 15:35:19.910746][I][setZigbeeMenu] Check Zigbee Menu
[2020/07/31 15:35:20.116460][I][sendCOMCommand] DUT <= 2
[2020/07/31 15:35:20.222551][I][sendCOMCommand] Serial buffer size: 22
[2020/07/31 15:35:20.735061][I][sendCOMCommand] DUT => 2
$2_Zigbee(EM357)>

[2020/07/31 15:35:20.744505][I][setZigbeeMenu] Success
[2020/07/31 15:35:20.748439][I][setZigbeeLNAMode] Set GPIO Write Menu
[2020/07/31 15:35:20.953158][I][sendCOMCommand] DUT <= 3
[2020/07/31 15:35:21.071041][I][sendCOMCommand] Serial buffer size: 28
[2020/07/31 15:35:21.582850][I][sendCOMCommand] DUT => 3
$2-3_ZigBee GPIO Write>

[2020/07/31 15:35:21.591916][I][setZigbeeLNAMode] Success
[2020/07/31 15:35:21.596484][I][setZigbeeLNAMode] Set LNA Mode
[2020/07/31 15:35:21.801567][I][sendCOMCommand] DUT <= 3
[2020/07/31 15:35:21.918638][I][sendCOMCommand] Serial buffer size: 106
[2020/07/31 15:35:22.430641][I][sendCOMCommand] DUT => 3
[EZSP]Setting GPIO was successful. (portPin=3, cfg=1, out=0)
$[0]
$DONE_OK
$2-3_ZigBee GPIO Write>

[2020/07/31 15:35:22.639250][I][sendCOMCommand] DUT <= 3
[2020/07/31 15:35:22.750175][I][sendCOMCommand] Serial buffer size: 106
[2020/07/31 15:35:23.264126][I][sendCOMCommand] DUT => 3
[EZSP]Setting GPIO was successful. (portPin=3, cfg=1, out=1)
$[1]
$DONE_OK
$2-3_ZigBee GPIO Write>

[2020/07/31 15:35:23.272927][I][setZigbeeLNAMode] Success
[2020/07/31 15:35:24.292663][I][getRxResult] Get Rx Result
[2020/07/31 15:35:24.300670][I][setScimitarMenu] Set Scimitar menu
[2020/07/31 15:35:24.506639][I][sendCOMCommand] DUT <= x
[2020/07/31 15:35:24.623559][I][sendCOMCommand] Serial buffer size: 22
[2020/07/31 15:35:25.133137][I][sendCOMCommand] DUT => x
$2_Zigbee(EM357)>

[2020/07/31 15:35:25.341059][I][sendCOMCommand] DUT <= x
[2020/07/31 15:35:25.460385][I][sendCOMCommand] Serial buffer size: 7
[2020/07/31 15:35:25.973421][I][sendCOMCommand] DUT => x
$>

[2020/07/31 15:35:25.982433][I][setScimitarMenu] Success
[2020/07/31 15:35:25.986582][I][setZigbeeMenu] Check Zigbee Menu
[2020/07/31 15:35:26.191332][I][sendCOMCommand] DUT <= 2
[2020/07/31 15:35:26.308622][I][sendCOMCommand] Serial buffer size: 22
[2020/07/31 15:35:26.829750][I][sendCOMCommand] DUT => 2
$2_Zigbee(EM357)>

[2020/07/31 15:35:26.838766][I][setZigbeeMenu] Success
[2020/07/31 15:35:27.044315][I][sendCOMCommand] DUT <= b
[2020/07/31 15:35:27.153265][I][sendCOMCommand] Serial buffer size: 94
[2020/07/31 15:35:27.263642][W][sendCOMCommand] Buffer not empty!!!
[2020/07/31 15:35:27.280743][I][sendCOMCommand] Serial buffer size: 183
[2020/07/31 15:35:27.692249][W][sendCOMCommand] Buffer not empty!!!
[2020/07/31 15:35:27.700217][I][sendCOMCommand] Serial buffer size: 29
[2020/07/31 15:35:28.209094][I][sendCOMCommand] DUT => b
ZigBee get Rssi test start.
Start Scan ... (Channel: 19 (0x13) duration:2 mask:00080000)
Channel: 19 (0x13), Rssi:-16
Total OK!    OOO   K  K   !
            O   O  K K    !
            O   O  KK     !
            O   O  K K     
             OOO   K  Kk  !
$[-16]
$DONE_OK
$2_Zigbee(EM357)>

[2020/07/31 15:35:28.282013][I][setZigbee_Rx] ZIGBEE_2450 CH: 19
[2020/07/31 15:35:28.286060][I][setScimitarMenu] Set Scimitar menu
[2020/07/31 15:35:28.492477][I][sendCOMCommand] DUT <= x
[2020/07/31 15:35:28.598583][I][sendCOMCommand] Serial buffer size: 3
[2020/07/31 15:35:29.111178][I][sendCOMCommand] DUT => x
$>

[2020/07/31 15:35:29.119234][I][setScimitarMenu] Success
[2020/07/31 15:35:29.124212][I][setZigbeeMenu] Check Zigbee Menu
[2020/07/31 15:35:29.331634][I][sendCOMCommand] DUT <= 2
[2020/07/31 15:35:29.448854][I][sendCOMCommand] Serial buffer size: 22
[2020/07/31 15:35:29.963492][I][sendCOMCommand] DUT => 2
$2_Zigbee(EM357)>

[2020/07/31 15:35:29.971672][I][setZigbeeMenu] Success
[2020/07/31 15:35:29.975902][I][setZigbee_Rx] Set Diagnostics Menu
[2020/07/31 15:35:30.180142][I][sendCOMCommand] DUT <= d
[2020/07/31 15:35:30.291240][I][sendCOMCommand] Serial buffer size: 22
[2020/07/31 15:35:30.804667][I][sendCOMCommand] DUT => d
$2-d_Diagnostics>

[2020/07/31 15:35:30.813999][I][setZigbee_Rx] Success
[2020/07/31 15:35:30.818065][I][setZigbee_Rx] Set Channel Menu
[2020/07/31 15:35:31.022743][I][sendCOMCommand] DUT <= 2
[2020/07/31 15:35:31.140544][I][sendCOMCommand] Serial buffer size: 66
[2020/07/31 15:35:31.662441][I][sendCOMCommand] DUT => 2
$2-d-2_Set Channel (11 => 26) [0B - 1A by HEX]>
$PARAMETER?>

[2020/07/31 15:35:31.669478][I][setZigbee_Rx] Success
[2020/07/31 15:35:31.673474][I][setZigbee_Rx] Set Channel
[2020/07/31 15:35:31.879828][I][sendCOMCommand] DUT <= 13
[2020/07/31 15:35:31.997033][I][sendCOMCommand] Serial buffer size: 34
[2020/07/31 15:35:32.511392][I][sendCOMCommand] DUT => Set Channel: 19 (0x13)
$DONE_OK
$2-d_Diagnostics>

[2020/07/31 15:35:32.519445][I][setZigbee_Rx] Success
[2020/07/31 15:35:32.527195][I][setZigbeeLNAMode] LNA Mode: 0
[2020/07/31 15:35:32.531954][I][setScimitarMenu] Set Scimitar menu
[2020/07/31 15:35:32.737149][I][sendCOMCommand] DUT <= x
[2020/07/31 15:35:32.846608][I][sendCOMCommand] Serial buffer size: 22
[2020/07/31 15:35:33.366784][I][sendCOMCommand] DUT => x
$2_Zigbee(EM357)>

[2020/07/31 15:35:33.577334][I][sendCOMCommand] DUT <= x
[2020/07/31 15:35:33.695191][I][sendCOMCommand] Serial buffer size: 7
[2020/07/31 15:35:34.209468][I][sendCOMCommand] DUT => x
$>

[2020/07/31 15:35:34.217516][I][setScimitarMenu] Success
[2020/07/31 15:35:34.221732][I][setZigbeeMenu] Check Zigbee Menu
[2020/07/31 15:35:34.427388][I][sendCOMCommand] DUT <= 2
[2020/07/31 15:35:34.544776][I][sendCOMCommand] Serial buffer size: 22
[2020/07/31 15:35:35.058187][I][sendCOMCommand] DUT => 2
$2_Zigbee(EM357)>

[2020/07/31 15:35:35.067181][I][setZigbeeMenu] Success
[2020/07/31 15:35:35.071835][I][setZigbeeLNAMode] Set GPIO Write Menu
[2020/07/31 15:35:35.277295][I][sendCOMCommand] DUT <= 3
[2020/07/31 15:35:35.387357][I][sendCOMCommand] Serial buffer size: 28
[2020/07/31 15:35:35.907441][I][sendCOMCommand] DUT => 3
$2-3_ZigBee GPIO Write>

[2020/07/31 15:35:35.916444][I][setZigbeeLNAMode] Success
[2020/07/31 15:35:35.920907][I][setZigbeeLNAMode] Set LNA Mode
[2020/07/31 15:35:36.125245][I][sendCOMCommand] DUT <= 3
[2020/07/31 15:35:36.233221][I][sendCOMCommand] Serial buffer size: 106
[2020/07/31 15:35:36.746011][I][sendCOMCommand] DUT => 3
[EZSP]Setting GPIO was successful. (portPin=3, cfg=1, out=0)
$[0]
$DONE_OK
$2-3_ZigBee GPIO Write>

[2020/07/31 15:35:36.754602][I][setZigbeeLNAMode] Success
[2020/07/31 15:35:37.770749][I][getRxResult] Get Rx Result
[2020/07/31 15:35:37.778771][I][setScimitarMenu] Set Scimitar menu
[2020/07/31 15:35:37.984520][I][sendCOMCommand] DUT <= x
[2020/07/31 15:35:38.102702][I][sendCOMCommand] Serial buffer size: 22
[2020/07/31 15:35:38.615600][I][sendCOMCommand] DUT => x
$2_Zigbee(EM357)>

[2020/07/31 15:35:38.825947][I][sendCOMCommand] DUT <= x
[2020/07/31 15:35:38.944250][I][sendCOMCommand] Serial buffer size: 7
[2020/07/31 15:35:39.459263][I][sendCOMCommand] DUT => x
$>

[2020/07/31 15:35:39.466274][I][setScimitarMenu] Success
[2020/07/31 15:35:39.471287][I][setZigbeeMenu] Check Zigbee Menu
[2020/07/31 15:35:39.675589][I][sendCOMCommand] DUT <= 2
[2020/07/31 15:35:39.785865][I][sendCOMCommand] Serial buffer size: 22
[2020/07/31 15:35:40.295545][I][sendCOMCommand] DUT => 2
$2_Zigbee(EM357)>

[2020/07/31 15:35:40.304516][I][setZigbeeMenu] Success
[2020/07/31 15:35:40.510658][I][sendCOMCommand] DUT <= b
[2020/07/31 15:35:40.629539][I][sendCOMCommand] Serial buffer size: 94
[2020/07/31 15:35:40.740884][W][sendCOMCommand] Buffer not empty!!!
[2020/07/31 15:35:40.757971][I][sendCOMCommand] Serial buffer size: 183
[2020/07/31 15:35:41.272302][I][sendCOMCommand] DUT => b
ZigBee get Rssi test start.
Start Scan ... (Channel: 19 (0x13) duration:2 mask:00080000)
Channel: 19 (0x13), Rssi:-28
Total OK!    OOO   K  K   !
            O   O  K K    !
            O   O  KK     !
            O   O  K K     
             OOO   K  Kk  !
$[-28]

[2020/07/31 15:35:41.639226][I][disconnectDUT] Disconnect DUT success
