[2020/07/29 09:10:26.954671]========== Start ==========
[2020/07/29 09:10:26.957676][I][class_E6640A_ZIGBEE] Initial class_E6640A_ZIGBEE
[2020/07/29 09:10:26.958718][I][class_E6640A_ZIGBEE] Version: 3.0.0.2
[2020/07/29 09:10:26.964276][I][connect_E6640A] Connect to E6640A
[2020/07/29 09:10:26.974797][I][connect_E6640A] Resource Manager of Visa Library at C:\Windows\system32\visa32.dll
[2020/07/29 09:10:27.053650][I][queryEx] E6640A <= *IDN?
[2020/07/29 09:10:27.059625][I][queryEx] E6640A => Keysight Technologies,E6640A,MY57150246,E.19.71
[2020/07/29 09:10:27.062693][I][set_Preset] System reset
[2020/07/29 09:10:27.065684][I][writeEx] E6640A <= *RST
[2020/07/29 09:10:27.069000][I][writeEx] E6640A <= *CLS
[2020/07/29 09:10:27.073054][I][writeEx] E6640A <= SYST:PRES
[2020/07/29 09:10:27.376263][I][queryEx] E6640A <= *OPC?
[2020/07/29 09:10:28.017827][I][queryEx] E6640A => 1
[2020/07/29 09:10:28.028348][I][set_Preset] System reset
[2020/07/29 09:10:28.031317][I][writeEx] E6640A <= *RST
[2020/07/29 09:10:28.034737][I][writeEx] E6640A <= *CLS
[2020/07/29 09:10:28.036744][I][writeEx] E6640A <= SYST:PRES
[2020/07/29 09:10:28.340732][I][queryEx] E6640A <= *OPC?
[2020/07/29 09:10:29.179845][I][queryEx] E6640A => 1
[2020/07/29 09:10:29.528858][I][set_Preset] System reset
[2020/07/29 09:10:29.530869][I][writeEx] E6640A <= *RST
[2020/07/29 09:10:29.533864][I][writeEx] E6640A <= *CLS
[2020/07/29 09:10:29.535870][I][writeEx] E6640A <= SYST:PRES
[2020/07/29 09:10:29.841197][I][queryEx] E6640A <= *OPC?
[2020/07/29 09:10:30.519910][I][queryEx] E6640A => 1
[2020/07/29 09:10:30.535799][I][set_Tx_Start] Set Tx start
[2020/07/29 09:10:30.538449][I][set_RFI_Port] Set input port
[2020/07/29 09:10:30.540468][I][writeEx] E6640A <= :FEED:RF:PORT:INPut RFIO1
[2020/07/29 09:10:30.545470][I][queryEx] E6640A <= :FEED:RF:PORT:INPut?
[2020/07/29 09:10:30.550887][I][queryEx] E6640A => RFIO1
[2020/07/29 09:10:30.554505][I][set_Modulation_Analysis] Set measurement function
[2020/07/29 09:10:30.557616][I][writeEx] E6640A <= INST:SEL VSA
[2020/07/29 09:10:30.861584][I][queryEx] E6640A <= *OPC?
[2020/07/29 09:10:30.960809][I][queryEx] E6640A => 1
[2020/07/29 09:10:30.971789][I][queryEx] E6640A <= INST:SEL?
[2020/07/29 09:10:30.982742][I][queryEx] E6640A => VSA
[2020/07/29 09:10:30.986756][I][writeEx] E6640A <= :CONFigure:DDEMod
[2020/07/29 09:10:31.291098][I][queryEx] E6640A <= *OPC?
[2020/07/29 09:10:31.473172][I][queryEx] E6640A => 1
[2020/07/29 09:10:31.480365][I][init_Zigbee_Mode] Initial Zigbee mode
[2020/07/29 09:10:31.482369][I][writeEx] E6640A <= :DDEM:STAN:PRES ZIGBEE2450
[2020/07/29 09:10:31.787939][I][queryEx] E6640A <= *OPC?
[2020/07/29 09:10:31.797668][I][queryEx] E6640A => 1
[2020/07/29 09:10:31.800676][I][set_Continue] Set continue
[2020/07/29 09:10:31.803699][I][writeEx] E6640A <= :INIT:CONT ON
[2020/07/29 09:10:31.806690][I][set_Freq] Set frequence
[2020/07/29 09:10:31.810761][I][writeEx] E6640A <= :FREQuency:CENTer 2425.0 MHz
[2020/07/29 09:10:31.813709][I][set_XScale_Span] Set frequence span
[2020/07/29 09:10:31.817720][I][writeEx] E6640A <= :FREQuency:SPAN 10000.000000 KHZ
[2020/07/29 09:10:31.821750][I][set_Power_Range] Get power range
[2020/07/29 09:10:31.824749][I][writeEx] E6640A <= :POW:RANG 20.000000
[2020/07/29 09:10:31.827746][I][set_Symbol_Rate] Get symbol rate
[2020/07/29 09:10:31.831757][I][writeEx] E6640A <= :DDEMod:SRATe 1000.000000 kHz
[2020/07/29 09:10:31.835358][I][set_Meas_Interval] Get meas interval
[2020/07/29 09:10:31.838368][I][writeEx] E6640A <= :DDEMod:SWEep:POINts 500
[2020/07/29 09:10:31.842402][I][set_Zigbee_TX_BandPower] Set marker function
[2020/07/29 09:10:31.845475][I][writeEx] E6640A <= CALC:DDEMod:MARK1:MODE POS
[2020/07/29 09:10:31.848481][I][writeEx] E6640A <= CALC:DDEMod:MARK1:TRAC 2
[2020/07/29 09:10:31.853458][I][writeEx] E6640A <= CALC:DDEMod:MARK1:FUNC BPOW
[2020/07/29 09:10:31.856893][I][writeEx] E6640A <= CALC:DDEMod:MARK1:FUNC:BPOW:CTYP MEAN
[2020/07/29 09:10:31.859904][I][writeEx] E6640A <= CALC:DDEMod:MARK1:FUNC:BAND:CENT 2425000000.000000
[2020/07/29 09:10:32.165839][I][queryEx] E6640A <= *OPC?
[2020/07/29 09:10:32.177069][I][queryEx] E6640A => 1
[2020/07/29 09:10:32.180935][I][queryEx] E6640A <= CALC:DDEMod:MARK1:FUNC:BAND:CENT?
[2020/07/29 09:10:32.187209][I][queryEx] E6640A => 2.425000000E+09
[2020/07/29 09:10:32.191142][I][writeEx] E6640A <= CALC:DDEMod:MARK1:FUNC:BAND:SPAN 10000000.000000
[2020/07/29 09:10:32.497265][I][queryEx] E6640A <= *OPC?
[2020/07/29 09:10:32.508392][I][queryEx] E6640A => 1
[2020/07/29 09:10:32.512387][I][set_Trigger_Video] Set trigger video
[2020/07/29 09:10:32.515397][I][writeEx] E6640A <= TRIG:DDEM:SOUR VID
[2020/07/29 09:10:32.821344][I][queryEx] E6640A <= *OPC?
[2020/07/29 09:10:32.832323][I][queryEx] E6640A => 1
[2020/07/29 09:10:32.836332][I][set_Trigger_Level] Set trigger level
[2020/07/29 09:10:32.839340][I][writeEx] E6640A <= :TRIGger:VIDeo:LEVel 30.000000 mV
[2020/07/29 09:10:32.845046][I][set_Trigger_Delay] Set trigger delay
[2020/07/29 09:10:32.848091][I][writeEx] E6640A <= :TRIGger:VIDeo:DELay:STATe ON
[2020/07/29 09:10:32.852067][I][queryEx] E6640A <= :TRIGger:VIDeo:DELay:STATe?
[2020/07/29 09:10:32.912542][I][queryEx] E6640A => 1
[2020/07/29 09:10:32.918579][I][writeEx] E6640A <= :TRIGger:VIDeo:DELay:STATe ON
[2020/07/29 09:10:32.922578][I][writeEx] E6640A <= :TRIGger:VIDeo:DELay 0.300000 ms
[2020/07/29 09:10:32.927164][I][init_Trigger_Reg] Initial trigger status register
[2020/07/29 09:10:32.930891][I][writeEx] E6640A <= *CLS
[2020/07/29 09:10:32.935725][I][writeEx] E6640A <= :STATus:PRESet
[2020/07/29 09:10:32.938772][I][writeEx] E6640A <= *SRE 192
[2020/07/29 09:10:32.942747][I][writeEx] E6640A <= :STATus:OPERation:ENABle 32
[2020/07/29 09:10:32.946755][I][writeEx] E6640A <= *CLS
[2020/07/29 09:10:32.950766][I][queryEx] E6640A <= *STB?
[2020/07/29 09:10:32.998334][I][queryEx] E6640A => 0
[2020/07/29 09:10:33.004143][I][init_Trigger_Reg] Status: 0
[2020/07/29 09:10:41.937293][I][chk_Tx_Result] Check Tx result
[2020/07/29 09:10:41.945775][I][get_Trigger_Status] Get trigger status
[2020/07/29 09:10:41.949833][I][queryEx] E6640A <= *STB?
[2020/07/29 09:10:41.955806][I][queryEx] E6640A => 192
[2020/07/29 09:10:41.961220][I][get_Trigger_Status] Status: 192
[2020/07/29 09:10:41.964269]Is triggered!
[2020/07/29 09:10:41.967243][I][writeEx] E6640A <= *CLS
[2020/07/29 09:10:41.972251][I][set_Continue] Set continue
[2020/07/29 09:10:41.976261][I][writeEx] E6640A <= :INIT:CONT ON
[2020/07/29 09:10:42.081541][I][set_Single] Set single
[2020/07/29 09:10:42.095143][I][writeEx] E6640A <= :INIT:CONT OFF
[2020/07/29 09:10:42.108186][I][set_Zigbee_TX_BandPower] Set marker function
[2020/07/29 09:10:42.118210][I][writeEx] E6640A <= CALC:DDEMod:MARK1:MODE POS
[2020/07/29 09:10:42.124226][I][writeEx] E6640A <= CALC:DDEMod:MARK1:TRAC 2
[2020/07/29 09:10:42.129272][I][writeEx] E6640A <= CALC:DDEMod:MARK1:FUNC BPOW
[2020/07/29 09:10:42.134296][I][writeEx] E6640A <= CALC:DDEMod:MARK1:FUNC:BPOW:CTYP MEAN
[2020/07/29 09:10:42.139265][I][writeEx] E6640A <= CALC:DDEMod:MARK1:FUNC:BAND:CENT 2425000000.000000
[2020/07/29 09:10:42.445027][I][queryEx] E6640A <= *OPC?
[2020/07/29 09:10:42.455861][I][queryEx] E6640A => 1
[2020/07/29 09:10:42.459877][I][queryEx] E6640A <= CALC:DDEMod:MARK1:FUNC:BAND:CENT?
[2020/07/29 09:10:42.466018][I][queryEx] E6640A => 2.425000000E+09
[2020/07/29 09:10:42.469903][I][writeEx] E6640A <= CALC:DDEMod:MARK1:FUNC:BAND:SPAN 10000000.000000
[2020/07/29 09:10:42.775202][I][queryEx] E6640A <= *OPC?
[2020/07/29 09:10:42.786415][I][queryEx] E6640A => 1
[2020/07/29 09:10:42.789464][I][get_Power] Get Tx power
[2020/07/29 09:10:42.792440][I][queryEx] E6640A <= :CALC:DDEMod:MARK1:Y?
[2020/07/29 09:10:42.799510][I][queryEx] E6640A => 2.071878894E+00
[2020/07/29 09:10:42.803523][I][chk_Tx_Result] Tx power(add loss: 8.200000) = 10.272000 dBm
[2020/07/29 09:10:42.808151][I][read_DDEMod_Array] Read measurement result
[2020/07/29 09:10:42.811162][I][queryEx] E6640A <= :READ:DDEMod?
[2020/07/29 09:10:43.078394][I][queryEx] E6640A => 5.690919113E+01,1.019458694E+02,2.020000000E+02,3.966721725E+01,7.263634491E+01,2.020000000E+02,9.91E+37,9.91E+37,9.91E+37,1.428432584E+00,-3.747934103E+00,3.570000000E+02,4.840367889E+01,9.153324890E+01,2.020000000E+02,-4.036233594E+04,9.91E+37,9.91E+37,9.91E+37,9.91E+37,9.91E+37,-3.929426575E+01,9.91E+37,4.634719789E-01,8.677396393E+01,1.906486005E-01,9.91E+37,9.91E+37,9.91E+37,9.91E+37,9.91E+37,9.91E+37,9.91E+37,9.91E+37,9.91E+37,9.91E+37,9.91E+37,9.91E+37,9.91E+37,9.91E+37,9.91E+37,9.91E+37,9.91E+37,9.91E+37,9.91E+37,9.91E+37,9.91E+37,9.91E+37,9.91E+37,9.91E+37,9.91E+37,9.91E+37,9.91E+37,9.91E+37,9.91E+37,9.91E+37,9.91E+37,9.91E+37,9.91E+37,9.91E+37,9.91E+37,9.028467350E-03,6.010966375E-03
[2020/07/29 09:10:43.084403][I][set_Continue] Set continue
[2020/07/29 09:10:43.088447][I][writeEx] E6640A <= :INIT:CONT ON
[2020/07/29 09:10:53.517409][I][chk_Tx_Result] Check Tx result
[2020/07/29 09:10:53.526044][I][get_Trigger_Status] Get trigger status
[2020/07/29 09:10:53.530058][I][queryEx] E6640A <= *STB?
[2020/07/29 09:10:53.537590][I][queryEx] E6640A => 192
[2020/07/29 09:10:53.542404][I][get_Trigger_Status] Status: 192
[2020/07/29 09:10:53.546416]Is triggered!
[2020/07/29 09:10:53.550472][I][writeEx] E6640A <= *CLS
[2020/07/29 09:10:53.556138][I][set_Continue] Set continue
[2020/07/29 09:10:53.561171][I][writeEx] E6640A <= :INIT:CONT ON
[2020/07/29 09:10:53.666738][I][set_Single] Set single
[2020/07/29 09:10:53.680824][I][writeEx] E6640A <= :INIT:CONT OFF
[2020/07/29 09:10:53.689846][I][set_Zigbee_TX_BandPower] Set marker function
[2020/07/29 09:10:53.693996][I][writeEx] E6640A <= CALC:DDEMod:MARK1:MODE POS
[2020/07/29 09:10:53.699012][I][writeEx] E6640A <= CALC:DDEMod:MARK1:TRAC 2
[2020/07/29 09:10:53.703224][I][writeEx] E6640A <= CALC:DDEMod:MARK1:FUNC BPOW
[2020/07/29 09:10:53.706269][I][writeEx] E6640A <= CALC:DDEMod:MARK1:FUNC:BPOW:CTYP MEAN
[2020/07/29 09:10:53.711285][I][writeEx] E6640A <= CALC:DDEMod:MARK1:FUNC:BAND:CENT 2425000000.000000
[2020/07/29 09:10:54.017451][I][queryEx] E6640A <= *OPC?
[2020/07/29 09:10:54.028821][I][queryEx] E6640A => 1
[2020/07/29 09:10:54.033849][I][queryEx] E6640A <= CALC:DDEMod:MARK1:FUNC:BAND:CENT?
[2020/07/29 09:10:54.039896][I][queryEx] E6640A => 2.425000000E+09
[2020/07/29 09:10:54.044819][I][writeEx] E6640A <= CALC:DDEMod:MARK1:FUNC:BAND:SPAN 10000000.000000
[2020/07/29 09:10:54.350880][I][queryEx] E6640A <= *OPC?
[2020/07/29 09:10:54.361898][I][queryEx] E6640A => 1
[2020/07/29 09:10:54.366772][I][get_Power] Get Tx power
[2020/07/29 09:10:54.369823][I][queryEx] E6640A <= :CALC:DDEMod:MARK1:Y?
[2020/07/29 09:10:54.377884][I][queryEx] E6640A => 9.380263169E-01
[2020/07/29 09:10:54.381898][I][chk_Tx_Result] Tx power(add loss: 8.200000) = 9.138000 dBm
[2020/07/29 09:10:54.385908][I][read_DDEMod_Array] Read measurement result
[2020/07/29 09:10:54.389919][I][queryEx] E6640A <= :READ:DDEMod?
[2020/07/29 09:10:54.544094][I][queryEx] E6640A => 5.576093674E+01,9.246368408E+01,4.790000000E+02,3.527612686E+01,6.040075302E+01,4.790000000E+02,9.91E+37,9.91E+37,9.91E+37,1.266615629E+00,-3.166663647E+00,3.700000000E+01,4.685616684E+01,-8.159161377E+01,4.790000000E+02,-4.040831250E+04,9.91E+37,9.91E+37,9.91E+37,9.91E+37,9.91E+37,-4.160748291E+01,9.91E+37,4.842470884E-01,-8.772276306E+01,-2.932336926E-01,9.91E+37,9.91E+37,9.91E+37,9.91E+37,9.91E+37,9.91E+37,9.91E+37,9.91E+37,9.91E+37,9.91E+37,9.91E+37,9.91E+37,9.91E+37,9.91E+37,9.91E+37,9.91E+37,9.91E+37,9.91E+37,9.91E+37,9.91E+37,9.91E+37,9.91E+37,9.91E+37,9.91E+37,9.91E+37,9.91E+37,9.91E+37,9.91E+37,9.91E+37,9.91E+37,9.91E+37,9.91E+37,9.91E+37,9.91E+37,9.91E+37,4.561046604E-03,-6.947000511E-03
[2020/07/29 09:10:54.559133][I][set_Continue] Set continue
[2020/07/29 09:10:54.569157][I][writeEx] E6640A <= :INIT:CONT ON
[2020/07/29 09:10:56.041590][I][set_Preset] System reset
[2020/07/29 09:10:56.044603][I][writeEx] E6640A <= *RST
[2020/07/29 09:10:56.049614][I][writeEx] E6640A <= *CLS
[2020/07/29 09:10:56.054397][I][writeEx] E6640A <= SYST:PRES
[2020/07/29 09:10:56.360425][I][queryEx] E6640A <= *OPC?
[2020/07/29 09:10:57.294802][I][queryEx] E6640A => 1
[2020/07/29 09:10:57.311788][I][set_Tx_Start] Set Tx start
[2020/07/29 09:10:57.314797][I][set_RFI_Port] Set input port
[2020/07/29 09:10:57.319810][I][writeEx] E6640A <= :FEED:RF:PORT:INPut RFIO1
[2020/07/29 09:10:57.323869][I][queryEx] E6640A <= :FEED:RF:PORT:INPut?
[2020/07/29 09:10:57.330090][I][queryEx] E6640A => RFIO1
[2020/07/29 09:10:57.334145][I][set_Modulation_Analysis] Set measurement function
[2020/07/29 09:10:57.339116][I][writeEx] E6640A <= INST:SEL VSA
[2020/07/29 09:10:57.644767][I][queryEx] E6640A <= *OPC?
[2020/07/29 09:10:57.655757][I][queryEx] E6640A => 1
[2020/07/29 09:10:57.659816][I][queryEx] E6640A <= INST:SEL?
[2020/07/29 09:10:57.666967][I][queryEx] E6640A => VSA
[2020/07/29 09:10:57.670979][I][writeEx] E6640A <= :CONFigure:DDEMod
[2020/07/29 09:10:57.976393][I][queryEx] E6640A <= *OPC?
[2020/07/29 09:10:58.153460][I][queryEx] E6640A => 1
[2020/07/29 09:10:58.168496][I][init_Zigbee_Mode] Initial Zigbee mode
[2020/07/29 09:10:58.177517][I][writeEx] E6640A <= :DDEM:STAN:PRES ZIGBEE2450
[2020/07/29 09:10:58.482682][I][queryEx] E6640A <= *OPC?
[2020/07/29 09:10:58.494053][I][queryEx] E6640A => 1
[2020/07/29 09:10:58.499094][I][set_Continue] Set continue
[2020/07/29 09:10:58.502074][I][writeEx] E6640A <= :INIT:CONT ON
[2020/07/29 09:10:58.506927][I][set_Freq] Set frequence
[2020/07/29 09:10:58.511536][I][writeEx] E6640A <= :FREQuency:CENTer 2455.0 MHz
[2020/07/29 09:10:58.514592][I][set_XScale_Span] Set frequence span
[2020/07/29 09:10:58.519566][I][writeEx] E6640A <= :FREQuency:SPAN 10000.000000 KHZ
[2020/07/29 09:10:58.523576][I][set_Power_Range] Get power range
[2020/07/29 09:10:58.528590][I][writeEx] E6640A <= :POW:RANG 20.000000
[2020/07/29 09:10:58.532600][I][set_Symbol_Rate] Get symbol rate
[2020/07/29 09:10:58.536611][I][writeEx] E6640A <= :DDEMod:SRATe 1000.000000 kHz
[2020/07/29 09:10:58.541299][I][set_Meas_Interval] Get meas interval
[2020/07/29 09:10:58.544309][I][writeEx] E6640A <= :DDEMod:SWEep:POINts 500
[2020/07/29 09:10:58.549322][I][set_Zigbee_TX_BandPower] Set marker function
[2020/07/29 09:10:58.554299][I][writeEx] E6640A <= CALC:DDEMod:MARK1:MODE POS
[2020/07/29 09:10:58.557349][I][writeEx] E6640A <= CALC:DDEMod:MARK1:TRAC 2
[2020/07/29 09:10:58.562993][I][writeEx] E6640A <= CALC:DDEMod:MARK1:FUNC BPOW
[2020/07/29 09:10:58.567119][I][writeEx] E6640A <= CALC:DDEMod:MARK1:FUNC:BPOW:CTYP MEAN
[2020/07/29 09:10:58.571840][I][writeEx] E6640A <= CALC:DDEMod:MARK1:FUNC:BAND:CENT 2455000000.000000
[2020/07/29 09:10:58.877271][I][queryEx] E6640A <= *OPC?
[2020/07/29 09:10:58.889292][I][queryEx] E6640A => 1
[2020/07/29 09:10:58.893931][I][queryEx] E6640A <= CALC:DDEMod:MARK1:FUNC:BAND:CENT?
[2020/07/29 09:10:58.900995][I][queryEx] E6640A => 2.455000000E+09
[2020/07/29 09:10:58.904962][I][writeEx] E6640A <= CALC:DDEMod:MARK1:FUNC:BAND:SPAN 10000000.000000
[2020/07/29 09:10:59.210886][I][queryEx] E6640A <= *OPC?
[2020/07/29 09:10:59.222355][I][queryEx] E6640A => 1
[2020/07/29 09:10:59.226569][I][set_Trigger_Video] Set trigger video
[2020/07/29 09:10:59.229614][I][writeEx] E6640A <= TRIG:DDEM:SOUR VID
[2020/07/29 09:10:59.536164][I][queryEx] E6640A <= *OPC?
[2020/07/29 09:10:59.547081][I][queryEx] E6640A => 1
[2020/07/29 09:10:59.552613][I][set_Trigger_Level] Set trigger level
[2020/07/29 09:10:59.555624][I][writeEx] E6640A <= :TRIGger:VIDeo:LEVel 30.000000 mV
[2020/07/29 09:10:59.560637][I][set_Trigger_Delay] Set trigger delay
[2020/07/29 09:10:59.565480][I][writeEx] E6640A <= :TRIGger:VIDeo:DELay:STATe ON
[2020/07/29 09:10:59.569492][I][queryEx] E6640A <= :TRIGger:VIDeo:DELay:STATe?
[2020/07/29 09:10:59.628293][I][queryEx] E6640A => 1
[2020/07/29 09:10:59.634312][I][writeEx] E6640A <= :TRIGger:VIDeo:DELay:STATe ON
[2020/07/29 09:10:59.640328][I][writeEx] E6640A <= :TRIGger:VIDeo:DELay 0.300000 ms
[2020/07/29 09:10:59.645341][I][init_Trigger_Reg] Initial trigger status register
[2020/07/29 09:10:59.651358][I][writeEx] E6640A <= *CLS
[2020/07/29 09:10:59.656409][I][writeEx] E6640A <= :STATus:PRESet
[2020/07/29 09:10:59.662281][I][writeEx] E6640A <= *SRE 192
[2020/07/29 09:10:59.666293][I][writeEx] E6640A <= :STATus:OPERation:ENABle 32
[2020/07/29 09:10:59.671307][I][writeEx] E6640A <= *CLS
[2020/07/29 09:10:59.675815][I][queryEx] E6640A <= *STB?
[2020/07/29 09:10:59.714062][I][queryEx] E6640A => 0
[2020/07/29 09:10:59.719116][I][init_Trigger_Reg] Status: 0
[2020/07/29 09:11:08.715258][I][chk_Tx_Result] Check Tx result
[2020/07/29 09:11:08.724029][I][get_Trigger_Status] Get trigger status
[2020/07/29 09:11:08.728772][I][queryEx] E6640A <= *STB?
[2020/07/29 09:11:08.734722][I][queryEx] E6640A => 192
[2020/07/29 09:11:08.739779][I][get_Trigger_Status] Status: 192
[2020/07/29 09:11:08.743789]Is triggered!
[2020/07/29 09:11:08.748761][I][writeEx] E6640A <= *CLS
[2020/07/29 09:11:08.753774][I][set_Continue] Set continue
[2020/07/29 09:11:08.759791][I][writeEx] E6640A <= :INIT:CONT ON
[2020/07/29 09:11:08.865423][I][set_Single] Set single
[2020/07/29 09:11:08.880516][I][writeEx] E6640A <= :INIT:CONT OFF
[2020/07/29 09:11:08.889531][I][set_Zigbee_TX_BandPower] Set marker function
[2020/07/29 09:11:08.893654][I][writeEx] E6640A <= CALC:DDEMod:MARK1:MODE POS
[2020/07/29 09:11:08.898669][I][writeEx] E6640A <= CALC:DDEMod:MARK1:TRAC 2
[2020/07/29 09:11:08.902722][I][writeEx] E6640A <= CALC:DDEMod:MARK1:FUNC BPOW
[2020/07/29 09:11:08.908048][I][writeEx] E6640A <= CALC:DDEMod:MARK1:FUNC:BPOW:CTYP MEAN
[2020/07/29 09:11:08.912060][I][writeEx] E6640A <= CALC:DDEMod:MARK1:FUNC:BAND:CENT 2455000000.000000
[2020/07/29 09:11:09.217690][I][queryEx] E6640A <= *OPC?
[2020/07/29 09:11:09.228579][I][queryEx] E6640A => 1
[2020/07/29 09:11:09.233609][I][queryEx] E6640A <= CALC:DDEMod:MARK1:FUNC:BAND:CENT?
[2020/07/29 09:11:09.241471][I][queryEx] E6640A => 2.455000000E+09
[2020/07/29 09:11:09.245505][I][writeEx] E6640A <= CALC:DDEMod:MARK1:FUNC:BAND:SPAN 10000000.000000
[2020/07/29 09:11:09.552049][I][queryEx] E6640A <= *OPC?
[2020/07/29 09:11:09.564265][I][queryEx] E6640A => 1
[2020/07/29 09:11:09.568506][I][get_Power] Get Tx power
[2020/07/29 09:11:09.571556][I][queryEx] E6640A <= :CALC:DDEMod:MARK1:Y?
[2020/07/29 09:11:09.578866][I][queryEx] E6640A => 1.520139502E+00
[2020/07/29 09:11:09.584692][I][chk_Tx_Result] Tx power(add loss: 8.900000) = 10.420000 dBm
[2020/07/29 09:11:09.588800][I][read_DDEMod_Array] Read measurement result
[2020/07/29 09:11:09.591810][I][queryEx] E6640A <= :READ:DDEMod?
[2020/07/29 09:11:09.846973][I][queryEx] E6640A => 5.787076187E+01,1.003693542E+02,2.240000000E+02,4.101963806E+01,7.117071533E+01,2.010000000E+02,9.91E+37,9.91E+37,9.91E+37,1.533613801E+00,-4.092568398E+00,2.550000000E+02,4.924575424E+01,9.031631470E+01,2.010000000E+02,-3.461712109E+04,9.91E+37,9.91E+37,9.91E+37,9.91E+37,9.91E+37,-3.469231415E+01,9.91E+37,4.485907257E-01,9.314992523E+01,-1.801471114E-01,9.91E+37,9.91E+37,9.91E+37,9.91E+37,9.91E+37,9.91E+37,9.91E+37,9.91E+37,9.91E+37,9.91E+37,9.91E+37,9.91E+37,9.91E+37,9.91E+37,9.91E+37,9.91E+37,9.91E+37,9.91E+37,9.91E+37,9.91E+37,9.91E+37,9.91E+37,9.91E+37,9.91E+37,9.91E+37,9.91E+37,9.91E+37,9.91E+37,9.91E+37,9.91E+37,9.91E+37,9.91E+37,9.91E+37,9.91E+37,9.91E+37,-1.544429921E-02,-1.004578639E-02
[2020/07/29 09:11:09.852944][I][set_Continue] Set continue
[2020/07/29 09:11:09.857015][I][writeEx] E6640A <= :INIT:CONT ON
[2020/07/29 09:11:20.467573][I][chk_Tx_Result] Check Tx result
[2020/07/29 09:11:20.475590][I][get_Trigger_Status] Get trigger status
[2020/07/29 09:11:20.479637][I][queryEx] E6640A <= *STB?
[2020/07/29 09:11:20.487071][I][queryEx] E6640A => 192
[2020/07/29 09:11:20.492509][I][get_Trigger_Status] Status: 192
[2020/07/29 09:11:20.496522]Is triggered!
[2020/07/29 09:11:20.501573][I][writeEx] E6640A <= *CLS
[2020/07/29 09:11:20.505595][I][set_Continue] Set continue
[2020/07/29 09:11:20.509591][I][writeEx] E6640A <= :INIT:CONT ON
[2020/07/29 09:11:20.615305][I][set_Single] Set single
[2020/07/29 09:11:20.623370][I][writeEx] E6640A <= :INIT:CONT OFF
[2020/07/29 09:11:20.628348][I][set_Zigbee_TX_BandPower] Set marker function
[2020/07/29 09:11:20.633374][I][writeEx] E6640A <= CALC:DDEMod:MARK1:MODE POS
[2020/07/29 09:11:20.638390][I][writeEx] E6640A <= CALC:DDEMod:MARK1:TRAC 2
[2020/07/29 09:11:20.642723][I][writeEx] E6640A <= CALC:DDEMod:MARK1:FUNC BPOW
[2020/07/29 09:11:20.645733][I][writeEx] E6640A <= CALC:DDEMod:MARK1:FUNC:BPOW:CTYP MEAN
[2020/07/29 09:11:20.651364][I][writeEx] E6640A <= CALC:DDEMod:MARK1:FUNC:BAND:CENT 2455000000.000000
[2020/07/29 09:11:20.956379][I][queryEx] E6640A <= *OPC?
[2020/07/29 09:11:20.967414][I][queryEx] E6640A => 1
[2020/07/29 09:11:20.972413][I][queryEx] E6640A <= CALC:DDEMod:MARK1:FUNC:BAND:CENT?
[2020/07/29 09:11:20.980433][I][queryEx] E6640A => 2.455000000E+09
[2020/07/29 09:11:20.985446][I][writeEx] E6640A <= CALC:DDEMod:MARK1:FUNC:BAND:SPAN 10000000.000000
[2020/07/29 09:11:21.291347][I][queryEx] E6640A <= *OPC?
[2020/07/29 09:11:21.300256][I][queryEx] E6640A => 1
[2020/07/29 09:11:21.305272][I][get_Power] Get Tx power
[2020/07/29 09:11:21.310332][I][queryEx] E6640A <= :CALC:DDEMod:MARK1:Y?
[2020/07/29 09:11:21.318375][I][queryEx] E6640A => 3.977639779E-01
[2020/07/29 09:11:21.324572][I][chk_Tx_Result] Tx power(add loss: 8.900000) = 9.298000 dBm
[2020/07/29 09:11:21.327586][I][read_DDEMod_Array] Read measurement result
[2020/07/29 09:11:21.331621][I][queryEx] E6640A <= :READ:DDEMod?
[2020/07/29 09:11:21.499615][I][queryEx] E6640A => 5.737957001E+01,1.069861450E+02,2.010000000E+02,4.127676773E+01,7.949991608E+01,2.010000000E+02,9.91E+37,9.91E+37,9.91E+37,1.430073261E+00,-3.964304924E+00,2.230000000E+02,4.896941376E+01,9.699551392E+01,2.010000000E+02,-3.428489063E+04,9.91E+37,9.91E+37,9.91E+37,9.91E+37,9.91E+37,-3.823775864E+01,9.91E+37,4.556795359E-01,8.674790192E+01,1.548684388E-01,9.91E+37,9.91E+37,9.91E+37,9.91E+37,9.91E+37,9.91E+37,9.91E+37,9.91E+37,9.91E+37,9.91E+37,9.91E+37,9.91E+37,9.91E+37,9.91E+37,9.91E+37,9.91E+37,9.91E+37,9.91E+37,9.91E+37,9.91E+37,9.91E+37,9.91E+37,9.91E+37,9.91E+37,9.91E+37,9.91E+37,9.91E+37,9.91E+37,9.91E+37,9.91E+37,9.91E+37,9.91E+37,9.91E+37,9.91E+37,9.91E+37,1.076226030E-02,5.849753972E-03
[2020/07/29 09:11:21.508584][I][set_Continue] Set continue
[2020/07/29 09:11:21.513597][I][writeEx] E6640A <= :INIT:CONT ON
[2020/07/29 09:11:22.983257][I][set_Preset] System reset
[2020/07/29 09:11:22.988560][I][writeEx] E6640A <= *RST
[2020/07/29 09:11:22.992573][I][writeEx] E6640A <= *CLS
[2020/07/29 09:11:22.998002][I][writeEx] E6640A <= SYST:PRES
[2020/07/29 09:11:23.303216][I][queryEx] E6640A <= *OPC?
[2020/07/29 09:11:24.228875][I][queryEx] E6640A => 1
[2020/07/29 09:11:24.245942][I][set_Tx_Start] Set Tx start
[2020/07/29 09:11:24.249917][I][set_RFI_Port] Set input port
[2020/07/29 09:11:24.255267][I][writeEx] E6640A <= :FEED:RF:PORT:INPut RFIO1
[2020/07/29 09:11:24.259280][I][queryEx] E6640A <= :FEED:RF:PORT:INPut?
[2020/07/29 09:11:24.266162][I][queryEx] E6640A => RFIO1
[2020/07/29 09:11:24.270205][I][set_Modulation_Analysis] Set measurement function
[2020/07/29 09:11:24.275736][I][writeEx] E6640A <= INST:SEL VSA
[2020/07/29 09:11:24.582545][I][queryEx] E6640A <= *OPC?
[2020/07/29 09:11:24.593796][I][queryEx] E6640A => 1
[2020/07/29 09:11:24.598853][I][queryEx] E6640A <= INST:SEL?
[2020/07/29 09:11:24.606328][I][queryEx] E6640A => VSA
[2020/07/29 09:11:24.611623][I][writeEx] E6640A <= :CONFigure:DDEMod
[2020/07/29 09:11:24.916987][I][queryEx] E6640A <= *OPC?
[2020/07/29 09:11:25.092636][I][queryEx] E6640A => 1
[2020/07/29 09:11:25.102663][I][init_Zigbee_Mode] Initial Zigbee mode
[2020/07/29 09:11:25.108681][I][writeEx] E6640A <= :DDEM:STAN:PRES ZIGBEE2450
[2020/07/29 09:11:25.415928][I][queryEx] E6640A <= *OPC?
[2020/07/29 09:11:25.427454][I][queryEx] E6640A => 1
[2020/07/29 09:11:25.432454][I][set_Continue] Set continue
[2020/07/29 09:11:25.437470][I][writeEx] E6640A <= :INIT:CONT ON
[2020/07/29 09:11:25.444487][I][set_Freq] Set frequence
[2020/07/29 09:11:25.449503][I][writeEx] E6640A <= :FREQuency:CENTer 2470.0 MHz
[2020/07/29 09:11:25.454514][I][set_XScale_Span] Set frequence span
[2020/07/29 09:11:25.459527][I][writeEx] E6640A <= :FREQuency:SPAN 10000.000000 KHZ
[2020/07/29 09:11:25.464587][I][set_Power_Range] Get power range
[2020/07/29 09:11:25.469603][I][writeEx] E6640A <= :POW:RANG 20.000000
[2020/07/29 09:11:25.475019][I][set_Symbol_Rate] Get symbol rate
[2020/07/29 09:11:25.482040][I][writeEx] E6640A <= :DDEMod:SRATe 1000.000000 kHz
[2020/07/29 09:11:25.488072][I][set_Meas_Interval] Get meas interval
[2020/07/29 09:11:25.496077][I][writeEx] E6640A <= :DDEMod:SWEep:POINts 500
[2020/07/29 09:11:25.502093][I][set_Zigbee_TX_BandPower] Set marker function
[2020/07/29 09:11:25.507108][I][writeEx] E6640A <= CALC:DDEMod:MARK1:MODE POS
[2020/07/29 09:11:25.513123][I][writeEx] E6640A <= CALC:DDEMod:MARK1:TRAC 2
[2020/07/29 09:11:25.518141][I][writeEx] E6640A <= CALC:DDEMod:MARK1:FUNC BPOW
[2020/07/29 09:11:25.525196][I][writeEx] E6640A <= CALC:DDEMod:MARK1:FUNC:BPOW:CTYP MEAN
[2020/07/29 09:11:25.533175][I][writeEx] E6640A <= CALC:DDEMod:MARK1:FUNC:BAND:CENT 2470000000.000000
[2020/07/29 09:11:25.838379][I][queryEx] E6640A <= *OPC?
[2020/07/29 09:11:25.847371][I][queryEx] E6640A => 1
[2020/07/29 09:11:25.854396][I][queryEx] E6640A <= CALC:DDEMod:MARK1:FUNC:BAND:CENT?
[2020/07/29 09:11:25.867433][I][queryEx] E6640A => 2.470000000E+09
[2020/07/29 09:11:25.872434][I][writeEx] E6640A <= CALC:DDEMod:MARK1:FUNC:BAND:SPAN 10000000.000000
[2020/07/29 09:11:26.178965][I][queryEx] E6640A <= *OPC?
[2020/07/29 09:11:26.185984][I][queryEx] E6640A => 1
[2020/07/29 09:11:26.189997][I][set_Trigger_Video] Set trigger video
[2020/07/29 09:11:26.195011][I][writeEx] E6640A <= TRIG:DDEM:SOUR VID
[2020/07/29 09:11:26.501181][I][queryEx] E6640A <= *OPC?
[2020/07/29 09:11:26.511450][I][queryEx] E6640A => 1
[2020/07/29 09:11:26.515224][I][set_Trigger_Level] Set trigger level
[2020/07/29 09:11:26.519272][I][writeEx] E6640A <= :TRIGger:VIDeo:LEVel 30.000000 mV
[2020/07/29 09:11:26.523272][I][set_Trigger_Delay] Set trigger delay
[2020/07/29 09:11:26.527688][I][writeEx] E6640A <= :TRIGger:VIDeo:DELay:STATe ON
[2020/07/29 09:11:26.531703][I][queryEx] E6640A <= :TRIGger:VIDeo:DELay:STATe?
[2020/07/29 09:11:26.589230][I][queryEx] E6640A => 1
[2020/07/29 09:11:26.596255][I][writeEx] E6640A <= :TRIGger:VIDeo:DELay:STATe ON
[2020/07/29 09:11:26.603328][I][writeEx] E6640A <= :TRIGger:VIDeo:DELay 0.300000 ms
[2020/07/29 09:11:26.610296][I][init_Trigger_Reg] Initial trigger status register
[2020/07/29 09:11:26.616668][I][writeEx] E6640A <= *CLS
[2020/07/29 09:11:26.622739][I][writeEx] E6640A <= :STATus:PRESet
[2020/07/29 09:11:26.626784][I][writeEx] E6640A <= *SRE 192
[2020/07/29 09:11:26.632198][I][writeEx] E6640A <= :STATus:OPERation:ENABle 32
[2020/07/29 09:11:26.636306][I][writeEx] E6640A <= *CLS
[2020/07/29 09:11:26.640319][I][queryEx] E6640A <= *STB?
[2020/07/29 09:11:26.676995][I][queryEx] E6640A => 0
[2020/07/29 09:11:26.681052][I][init_Trigger_Reg] Status: 0
[2020/07/29 09:11:35.664058][I][chk_Tx_Result] Check Tx result
[2020/07/29 09:11:35.672077][I][get_Trigger_Status] Get trigger status
[2020/07/29 09:11:35.678093][I][queryEx] E6640A <= *STB?
[2020/07/29 09:11:35.685013][I][queryEx] E6640A => 192
[2020/07/29 09:11:35.691033][I][get_Trigger_Status] Status: 192
[2020/07/29 09:11:35.695043]Is triggered!
[2020/07/29 09:11:35.700832][I][writeEx] E6640A <= *CLS
[2020/07/29 09:11:35.704844][I][set_Continue] Set continue
[2020/07/29 09:11:35.709901][I][writeEx] E6640A <= :INIT:CONT ON
[2020/07/29 09:11:35.815052][I][set_Single] Set single
[2020/07/29 09:11:35.821055][I][writeEx] E6640A <= :INIT:CONT OFF
[2020/07/29 09:11:35.825067][I][set_Zigbee_TX_BandPower] Set marker function
[2020/07/29 09:11:35.830341][I][writeEx] E6640A <= CALC:DDEMod:MARK1:MODE POS
[2020/07/29 09:11:35.834354][I][writeEx] E6640A <= CALC:DDEMod:MARK1:TRAC 2
[2020/07/29 09:11:35.840380][I][writeEx] E6640A <= CALC:DDEMod:MARK1:FUNC BPOW
[2020/07/29 09:11:35.844449][I][writeEx] E6640A <= CALC:DDEMod:MARK1:FUNC:BPOW:CTYP MEAN
[2020/07/29 09:11:35.849439][I][writeEx] E6640A <= CALC:DDEMod:MARK1:FUNC:BAND:CENT 2470000000.000000
[2020/07/29 09:11:36.154630][I][queryEx] E6640A <= *OPC?
[2020/07/29 09:11:36.163168][I][queryEx] E6640A => 1
[2020/07/29 09:11:36.168224][I][queryEx] E6640A <= CALC:DDEMod:MARK1:FUNC:BAND:CENT?
[2020/07/29 09:11:36.177183][I][queryEx] E6640A => 2.470000000E+09
[2020/07/29 09:11:36.181199][I][writeEx] E6640A <= CALC:DDEMod:MARK1:FUNC:BAND:SPAN 10000000.000000
[2020/07/29 09:11:36.487816][I][queryEx] E6640A <= *OPC?
[2020/07/29 09:11:36.499365][I][queryEx] E6640A => 1
[2020/07/29 09:11:36.504291][I][get_Power] Get Tx power
[2020/07/29 09:11:36.509345][I][queryEx] E6640A <= :CALC:DDEMod:MARK1:Y?
[2020/07/29 09:11:36.516613][I][queryEx] E6640A => 1.959090041E+00
[2020/07/29 09:11:36.521633][I][chk_Tx_Result] Tx power(add loss: 8.800000) = 10.759000 dBm
[2020/07/29 09:11:36.526642][I][read_DDEMod_Array] Read measurement result
[2020/07/29 09:11:36.531679][I][queryEx] E6640A <= :READ:DDEMod?
[2020/07/29 09:11:36.677546][I][queryEx] E6640A => 5.746054840E+01,1.033386993E+02,2.660000000E+02,4.139471817E+01,7.473526001E+01,2.660000000E+02,9.91E+37,9.91E+37,9.91E+37,1.327124596E+00,-3.574448824E+00,2.890000000E+02,4.907649231E+01,9.322686005E+01,2.660000000E+02,-3.616685156E+04,9.91E+37,9.91E+37,9.91E+37,9.91E+37,9.91E+37,-4.451694870E+01,9.91E+37,4.542491138E-01,8.662255096E+01,1.927144378E-01,9.91E+37,9.91E+37,9.91E+37,9.91E+37,9.91E+37,9.91E+37,9.91E+37,9.91E+37,9.91E+37,9.91E+37,9.91E+37,9.91E+37,9.91E+37,9.91E+37,9.91E+37,9.91E+37,9.91E+37,9.91E+37,9.91E+37,9.91E+37,9.91E+37,9.91E+37,9.91E+37,9.91E+37,9.91E+37,9.91E+37,9.91E+37,9.91E+37,9.91E+37,9.91E+37,9.91E+37,9.91E+37,9.91E+37,9.91E+37,9.91E+37,-5.692804698E-03,-1.713214442E-03
[2020/07/29 09:11:36.684568][I][set_Continue] Set continue
[2020/07/29 09:11:36.691060][I][writeEx] E6640A <= :INIT:CONT ON
[2020/07/29 09:11:47.132440][I][chk_Tx_Result] Check Tx result
[2020/07/29 09:11:47.138458][I][get_Trigger_Status] Get trigger status
[2020/07/29 09:11:47.147485][I][queryEx] E6640A <= *STB?
[2020/07/29 09:11:47.157509][I][queryEx] E6640A => 192
[2020/07/29 09:11:47.161518][I][get_Trigger_Status] Status: 192
[2020/07/29 09:11:47.165528]Is triggered!
[2020/07/29 09:11:47.174552][I][writeEx] E6640A <= *CLS
[2020/07/29 09:11:47.180578][I][set_Continue] Set continue
[2020/07/29 09:11:47.186586][I][writeEx] E6640A <= :INIT:CONT ON
[2020/07/29 09:11:47.295213][I][set_Single] Set single
[2020/07/29 09:11:47.304272][I][writeEx] E6640A <= :INIT:CONT OFF
[2020/07/29 09:11:47.309250][I][set_Zigbee_TX_BandPower] Set marker function
[2020/07/29 09:11:47.319742][I][writeEx] E6640A <= CALC:DDEMod:MARK1:MODE POS
[2020/07/29 09:11:47.325758][I][writeEx] E6640A <= CALC:DDEMod:MARK1:TRAC 2
[2020/07/29 09:11:47.333787][I][writeEx] E6640A <= CALC:DDEMod:MARK1:FUNC BPOW
[2020/07/29 09:11:47.339833][I][writeEx] E6640A <= CALC:DDEMod:MARK1:FUNC:BPOW:CTYP MEAN
[2020/07/29 09:11:47.344810][I][writeEx] E6640A <= CALC:DDEMod:MARK1:FUNC:BAND:CENT 2470000000.000000
[2020/07/29 09:11:47.653296][I][queryEx] E6640A <= *OPC?
[2020/07/29 09:11:47.665353][I][queryEx] E6640A => 1
[2020/07/29 09:11:47.672342][I][queryEx] E6640A <= CALC:DDEMod:MARK1:FUNC:BAND:CENT?
[2020/07/29 09:11:47.679396][I][queryEx] E6640A => 2.470000000E+09
[2020/07/29 09:11:47.685395][I][writeEx] E6640A <= CALC:DDEMod:MARK1:FUNC:BAND:SPAN 10000000.000000
[2020/07/29 09:11:47.993627][I][queryEx] E6640A <= *OPC?
[2020/07/29 09:11:48.005312][I][queryEx] E6640A => 1
[2020/07/29 09:11:48.009320][I][get_Power] Get Tx power
[2020/07/29 09:11:48.015344][I][queryEx] E6640A <= :CALC:DDEMod:MARK1:Y?
[2020/07/29 09:11:48.023459][I][queryEx] E6640A => -4.677400683E-02
[2020/07/29 09:11:48.028249][I][chk_Tx_Result] Tx power(add loss: 8.800000) = 8.753000 dBm
[2020/07/29 09:11:48.032299][I][read_DDEMod_Array] Read measurement result
[2020/07/29 09:11:48.038300][I][queryEx] E6640A <= :READ:DDEMod?
[2020/07/29 09:11:48.298811][I][queryEx] E6640A => 5.576064682E+01,9.461190796E+01,4.200000000E+02,3.530652618E+01,6.436826324E+01,4.200000000E+02,9.91E+37,9.91E+37,9.91E+37,1.266284823E+00,-3.239715099E+00,1.200000000E+01,4.687169647E+01,-8.473093414E+01,4.200000000E+02,-5.314431641E+04,9.91E+37,9.91E+37,9.91E+37,9.91E+37,9.91E+37,-3.903066635E+01,9.91E+37,4.838609099E-01,-8.781703949E+01,-3.160412014E-01,9.91E+37,9.91E+37,9.91E+37,9.91E+37,9.91E+37,9.91E+37,9.91E+37,9.91E+37,9.91E+37,9.91E+37,9.91E+37,9.91E+37,9.91E+37,9.91E+37,9.91E+37,9.91E+37,9.91E+37,9.91E+37,9.91E+37,9.91E+37,9.91E+37,9.91E+37,9.91E+37,9.91E+37,9.91E+37,9.91E+37,9.91E+37,9.91E+37,9.91E+37,9.91E+37,9.91E+37,9.91E+37,9.91E+37,9.91E+37,9.91E+37,-6.282720715E-03,9.248466231E-03
[2020/07/29 09:11:48.303824][I][set_Continue] Set continue
[2020/07/29 09:11:48.313850][I][writeEx] E6640A <= :INIT:CONT ON
[2020/07/29 09:11:49.902736][I][set_Preset] System reset
[2020/07/29 09:11:49.908533][I][writeEx] E6640A <= *RST
[2020/07/29 09:11:49.914252][I][writeEx] E6640A <= *CLS
[2020/07/29 09:11:49.918960][I][writeEx] E6640A <= SYST:PRES
[2020/07/29 09:11:50.225086][I][queryEx] E6640A <= *OPC?
[2020/07/29 09:11:51.158466][I][queryEx] E6640A => 1
[2020/07/29 09:11:51.182528][I][set_Rx_OneTone] Set Rx one tone
[2020/07/29 09:11:51.188552][I][set_RFO_Port] Set output port
[2020/07/29 09:11:51.196569][I][writeEx] E6640A <= :FEED:RF:PORT:OUTPut RFIO1
[2020/07/29 09:11:51.203590][I][queryEx] E6640A <= :FEED:RF:PORT:OUTPut?
[2020/07/29 09:11:51.215616][I][queryEx] E6640A => RFIO1
[2020/07/29 09:11:51.222647][I][set_OneTone_Freq] Set One Tone frequence
[2020/07/29 09:11:51.226646][I][writeEx] E6640A <= :SOUR:FREQ 2445.0 MHz
[2020/07/29 09:11:51.234667][I][set_OneTone_Power] Set One Tone power
[2020/07/29 09:11:51.238677][I][writeEx] E6640A <= :SOURce:POWer -16.1
[2020/07/29 09:12:00.571908][I][set_OneTone_Start] Set One Tone start
[2020/07/29 09:12:00.576916][I][writeEx] E6640A <= OUTP ON
[2020/07/29 09:12:05.110512][I][set_OneTone_Stop] Set One Tone stop
[2020/07/29 09:12:05.114529][I][writeEx] E6640A <= OUTP OFF
[2020/07/29 09:12:05.127525][I][set_Rx_OneTone] Set Rx one tone
[2020/07/29 09:12:05.133148][I][set_RFO_Port] Set output port
[2020/07/29 09:12:05.137161][I][writeEx] E6640A <= :FEED:RF:PORT:OUTPut RFIO1
[2020/07/29 09:12:05.142174][I][queryEx] E6640A <= :FEED:RF:PORT:OUTPut?
[2020/07/29 09:12:05.151179][I][queryEx] E6640A => RFIO1
[2020/07/29 09:12:05.155258][I][set_OneTone_Freq] Set One Tone frequence
[2020/07/29 09:12:05.161206][I][writeEx] E6640A <= :SOUR:FREQ 2445.0 MHz
[2020/07/29 09:12:05.166341][I][set_OneTone_Power] Set One Tone power
[2020/07/29 09:12:05.171361][I][writeEx] E6640A <= :SOURce:POWer -16.1
[2020/07/29 09:12:13.723066][I][set_OneTone_Start] Set One Tone start
[2020/07/29 09:12:13.728389][I][writeEx] E6640A <= OUTP ON
[2020/07/29 09:12:18.244420][I][set_OneTone_Stop] Set One Tone stop
[2020/07/29 09:12:18.248473][I][writeEx] E6640A <= OUTP OFF
[2020/07/29 09:12:18.372079][I][disconnect_E6640A] Disconnect E6640A
[2020/07/29 09:12:18.377333]========== End ==========
