[2020/07/31 16:09:29.702789]========== Start ==========
[2020/07/31 16:09:29.704776][I][class_E6640A_ZIGBEE] Initial class_E6640A_ZIGBEE
[2020/07/31 16:09:29.707785][I][class_E6640A_ZIGBEE] Version: 3.0.0.2
[2020/07/31 16:09:29.711796][I][connect_E6640A] Connect to E6640A
[2020/07/31 16:09:29.721849][I][connect_E6640A] Resource Manager of Visa Library at C:\Windows\system32\visa32.dll
[2020/07/31 16:09:29.798087][I][queryEx] E6640A <= *IDN?
[2020/07/31 16:09:29.803254][I][queryEx] E6640A => Keysight Technologies,E6640A,MY57150246,E.19.71
[2020/07/31 16:09:29.805109][I][set_Preset] System reset
[2020/07/31 16:09:29.807124][I][writeEx] E6640A <= *RST
[2020/07/31 16:09:29.810119][I][writeEx] E6640A <= *CLS
[2020/07/31 16:09:29.814373][I][writeEx] E6640A <= SYST:PRES
[2020/07/31 16:09:30.117229][I][queryEx] E6640A <= *OPC?
[2020/07/31 16:09:30.761287][I][queryEx] E6640A => 1
[2020/07/31 16:09:30.770342][I][set_Preset] System reset
[2020/07/31 16:09:30.773329][I][writeEx] E6640A <= *RST
[2020/07/31 16:09:30.776456][I][writeEx] E6640A <= *CLS
[2020/07/31 16:09:30.778466][I][writeEx] E6640A <= SYST:PRES
[2020/07/31 16:09:31.082258][I][queryEx] E6640A <= *OPC?
[2020/07/31 16:09:31.858099][I][queryEx] E6640A => 1
[2020/07/31 16:09:32.202524][I][set_Preset] System reset
[2020/07/31 16:09:32.205532][I][writeEx] E6640A <= *RST
[2020/07/31 16:09:32.208540][I][writeEx] E6640A <= *CLS
[2020/07/31 16:09:32.211547][I][writeEx] E6640A <= SYST:PRES
[2020/07/31 16:09:32.515252][I][queryEx] E6640A <= *OPC?
[2020/07/31 16:09:33.170923][I][queryEx] E6640A => 1
[2020/07/31 16:09:33.185914][I][set_Tx_Start] Set Tx start
[2020/07/31 16:09:33.188999][I][set_RFI_Port] Set input port
[2020/07/31 16:09:33.191007][I][writeEx] E6640A <= :FEED:RF:PORT:INPut RFIO1
[2020/07/31 16:09:33.195386][I][queryEx] E6640A <= :FEED:RF:PORT:INPut?
[2020/07/31 16:09:33.200134][I][queryEx] E6640A => RFIO1
[2020/07/31 16:09:33.202174][I][set_Modulation_Analysis] Set measurement function
[2020/07/31 16:09:33.206176][I][writeEx] E6640A <= INST:SEL VSA
[2020/07/31 16:09:33.511397][I][queryEx] E6640A <= *OPC?
[2020/07/31 16:09:33.534582][I][queryEx] E6640A => 1
[2020/07/31 16:09:33.538600][I][queryEx] E6640A <= INST:SEL?
[2020/07/31 16:09:33.544983][I][queryEx] E6640A => VSA
[2020/07/31 16:09:33.550003][I][writeEx] E6640A <= :CONFigure:DDEMod
[2020/07/31 16:09:33.854467][I][queryEx] E6640A <= *OPC?
[2020/07/31 16:09:34.025611][I][queryEx] E6640A => 1
[2020/07/31 16:09:34.030631][I][init_Zigbee_Mode] Initial Zigbee mode
[2020/07/31 16:09:34.032674][I][writeEx] E6640A <= :DDEM:STAN:PRES ZIGBEE2450
[2020/07/31 16:09:34.337798][I][queryEx] E6640A <= *OPC?
[2020/07/31 16:09:34.347033][I][queryEx] E6640A => 1
[2020/07/31 16:09:34.351066][I][set_Continue] Set continue
[2020/07/31 16:09:34.354080][I][writeEx] E6640A <= :INIT:CONT ON
[2020/07/31 16:09:34.357092][I][set_Freq] Set frequence
[2020/07/31 16:09:34.362105][I][writeEx] E6640A <= :FREQuency:CENTer 2425.0 MHz
[2020/07/31 16:09:34.367778][I][set_XScale_Span] Set frequence span
[2020/07/31 16:09:34.371792][I][writeEx] E6640A <= :FREQuency:SPAN 10000.000000 KHZ
[2020/07/31 16:09:34.375299][I][set_Power_Range] Get power range
[2020/07/31 16:09:34.378139][I][writeEx] E6640A <= :POW:RANG 20.000000
[2020/07/31 16:09:34.382108][I][set_Symbol_Rate] Get symbol rate
[2020/07/31 16:09:34.385125][I][writeEx] E6640A <= :DDEMod:SRATe 1000.000000 kHz
[2020/07/31 16:09:34.388144][I][set_Meas_Interval] Get meas interval
[2020/07/31 16:09:34.393141][I][writeEx] E6640A <= :DDEMod:SWEep:POINts 500
[2020/07/31 16:09:34.397152][I][set_Zigbee_TX_BandPower] Set marker function
[2020/07/31 16:09:34.400158][I][writeEx] E6640A <= CALC:DDEMod:MARK1:MODE POS
[2020/07/31 16:09:34.404181][I][writeEx] E6640A <= CALC:DDEMod:MARK1:TRAC 2
[2020/07/31 16:09:34.408847][I][writeEx] E6640A <= CALC:DDEMod:MARK1:FUNC BPOW
[2020/07/31 16:09:34.411858][I][writeEx] E6640A <= CALC:DDEMod:MARK1:FUNC:BPOW:CTYP MEAN
[2020/07/31 16:09:34.415916][I][writeEx] E6640A <= CALC:DDEMod:MARK1:FUNC:BAND:CENT 2425000000.000000
[2020/07/31 16:09:34.720574][I][queryEx] E6640A <= *OPC?
[2020/07/31 16:09:34.728552][I][queryEx] E6640A => 1
[2020/07/31 16:09:34.732569][I][queryEx] E6640A <= CALC:DDEMod:MARK1:FUNC:BAND:CENT?
[2020/07/31 16:09:34.738444][I][queryEx] E6640A => 2.425000000E+09
[2020/07/31 16:09:34.743460][I][writeEx] E6640A <= CALC:DDEMod:MARK1:FUNC:BAND:SPAN 10000000.000000
[2020/07/31 16:09:35.048382][I][queryEx] E6640A <= *OPC?
[2020/07/31 16:09:35.058271][I][queryEx] E6640A => 1
[2020/07/31 16:09:35.063481][I][set_Trigger_Video] Set trigger video
[2020/07/31 16:09:35.066815][I][writeEx] E6640A <= TRIG:DDEM:SOUR VID
[2020/07/31 16:09:35.370976][I][queryEx] E6640A <= *OPC?
[2020/07/31 16:09:35.378856][I][queryEx] E6640A => 1
[2020/07/31 16:09:35.383310][I][set_Trigger_Level] Set trigger level
[2020/07/31 16:09:35.386801][I][writeEx] E6640A <= :TRIGger:VIDeo:LEVel 30.000000 mV
[2020/07/31 16:09:35.392858][I][set_Trigger_Delay] Set trigger delay
[2020/07/31 16:09:35.396868][I][writeEx] E6640A <= :TRIGger:VIDeo:DELay:STATe ON
[2020/07/31 16:09:35.400861][I][queryEx] E6640A <= :TRIGger:VIDeo:DELay:STATe?
[2020/07/31 16:09:35.459012][I][queryEx] E6640A => 1
[2020/07/31 16:09:35.466403][I][writeEx] E6640A <= :TRIGger:VIDeo:DELay:STATe ON
[2020/07/31 16:09:35.469449][I][writeEx] E6640A <= :TRIGger:VIDeo:DELay 0.300000 ms
[2020/07/31 16:09:35.474464][I][init_Trigger_Reg] Initial trigger status register
[2020/07/31 16:09:35.477434][I][writeEx] E6640A <= *CLS
[2020/07/31 16:09:35.482447][I][writeEx] E6640A <= :STATus:PRESet
[2020/07/31 16:09:35.486459][I][writeEx] E6640A <= *SRE 192
[2020/07/31 16:09:35.490468][I][writeEx] E6640A <= :STATus:OPERation:ENABle 32
[2020/07/31 16:09:35.495051][I][writeEx] E6640A <= *CLS
[2020/07/31 16:09:35.498101][I][queryEx] E6640A <= *STB?
[2020/07/31 16:09:35.542352][I][queryEx] E6640A => 0
[2020/07/31 16:09:35.547368][I][init_Trigger_Reg] Status: 0
[2020/07/31 16:09:44.685356][I][chk_Tx_Result] Check Tx result
[2020/07/31 16:09:44.693487][I][get_Trigger_Status] Get trigger status
[2020/07/31 16:09:44.697539][I][queryEx] E6640A <= *STB?
[2020/07/31 16:09:44.704388][I][queryEx] E6640A => 192
[2020/07/31 16:09:44.708776][I][get_Trigger_Status] Status: 192
[2020/07/31 16:09:44.711827]Is triggered!
[2020/07/31 16:09:44.715796][I][writeEx] E6640A <= *CLS
[2020/07/31 16:09:44.720811][I][set_Continue] Set continue
[2020/07/31 16:09:44.723856][I][writeEx] E6640A <= :INIT:CONT ON
[2020/07/31 16:09:44.829861][I][set_Single] Set single
[2020/07/31 16:09:44.835388][I][writeEx] E6640A <= :INIT:CONT OFF
[2020/07/31 16:09:44.838864][I][set_Zigbee_TX_BandPower] Set marker function
[2020/07/31 16:09:44.841874][I][writeEx] E6640A <= CALC:DDEMod:MARK1:MODE POS
[2020/07/31 16:09:44.846627][I][writeEx] E6640A <= CALC:DDEMod:MARK1:TRAC 2
[2020/07/31 16:09:44.849643][I][writeEx] E6640A <= CALC:DDEMod:MARK1:FUNC BPOW
[2020/07/31 16:09:44.853648][I][writeEx] E6640A <= CALC:DDEMod:MARK1:FUNC:BPOW:CTYP MEAN
[2020/07/31 16:09:44.858052][I][writeEx] E6640A <= CALC:DDEMod:MARK1:FUNC:BAND:CENT 2425000000.000000
[2020/07/31 16:09:45.162206][I][queryEx] E6640A <= *OPC?
[2020/07/31 16:09:45.173146][I][queryEx] E6640A => 1
[2020/07/31 16:09:45.177159][I][queryEx] E6640A <= CALC:DDEMod:MARK1:FUNC:BAND:CENT?
[2020/07/31 16:09:45.183502][I][queryEx] E6640A => 2.425000000E+09
[2020/07/31 16:09:45.186497][I][writeEx] E6640A <= CALC:DDEMod:MARK1:FUNC:BAND:SPAN 10000000.000000
[2020/07/31 16:09:45.491516][I][queryEx] E6640A <= *OPC?
[2020/07/31 16:09:45.509255][I][queryEx] E6640A => 1
[2020/07/31 16:09:45.517278][I][get_Power] Get Tx power
[2020/07/31 16:09:45.521233][I][queryEx] E6640A <= :CALC:DDEMod:MARK1:Y?
[2020/07/31 16:09:45.528252][I][queryEx] E6640A => 1.295195680E+00
[2020/07/31 16:09:45.531262][I][chk_Tx_Result] Tx power(add loss: 8.200000) = 9.495000 dBm
[2020/07/31 16:09:45.536222][I][read_DDEMod_Array] Read measurement result
[2020/07/31 16:09:45.539275][I][queryEx] E6640A <= :READ:DDEMod?
[2020/07/31 16:09:45.679378][I][queryEx] E6640A => 1.384608173E+01,4.755448914E+01,0.000000000E+00,3.413977146E+00,2.002067184E+01,0.000000000E+00,9.91E+37,9.91E+37,9.91E+37,4.108091891E-01,-1.127707958E+00,4.510000000E+02,1.128048420E+01,-3.938749695E+01,0.000000000E+00,1.703345898E+04,9.91E+37,9.91E+37,9.91E+37,9.91E+37,9.91E+37,-4.683561707E+01,9.91E+37,9.620065689E-01,5.995076895E-02,3.680096269E-01,9.91E+37,9.91E+37,9.91E+37,9.91E+37,9.91E+37,9.91E+37,9.91E+37,9.91E+37,9.91E+37,9.91E+37,9.91E+37,9.91E+37,9.91E+37,9.91E+37,9.91E+37,9.91E+37,9.91E+37,9.91E+37,9.91E+37,9.91E+37,9.91E+37,9.91E+37,9.91E+37,9.91E+37,9.91E+37,9.91E+37,9.91E+37,9.91E+37,9.91E+37,9.91E+37,9.91E+37,9.91E+37,9.91E+37,9.91E+37,9.91E+37,3.837246681E-03,-2.449051943E-03
[2020/07/31 16:09:45.687392][I][set_Continue] Set continue
[2020/07/31 16:09:45.693383][I][writeEx] E6640A <= :INIT:CONT ON
[2020/07/31 16:09:47.161761][I][set_Preset] System reset
[2020/07/31 16:09:47.165746][I][writeEx] E6640A <= *RST
[2020/07/31 16:09:47.168756][I][writeEx] E6640A <= *CLS
[2020/07/31 16:09:47.173833][I][writeEx] E6640A <= SYST:PRES
[2020/07/31 16:09:47.479383][I][queryEx] E6640A <= *OPC?
[2020/07/31 16:09:48.400148][I][queryEx] E6640A => 1
[2020/07/31 16:09:48.413546][I][set_Tx_Start] Set Tx start
[2020/07/31 16:09:48.417559][I][set_RFI_Port] Set input port
[2020/07/31 16:09:48.423576][I][writeEx] E6640A <= :FEED:RF:PORT:INPut RFIO1
[2020/07/31 16:09:48.428342][I][queryEx] E6640A <= :FEED:RF:PORT:INPut?
[2020/07/31 16:09:48.435821][I][queryEx] E6640A => RFIO1
[2020/07/31 16:09:48.439835][I][set_Modulation_Analysis] Set measurement function
[2020/07/31 16:09:48.444842][I][writeEx] E6640A <= INST:SEL VSA
[2020/07/31 16:09:48.750430][I][queryEx] E6640A <= *OPC?
[2020/07/31 16:09:48.760283][I][queryEx] E6640A => 1
[2020/07/31 16:09:48.764337][I][queryEx] E6640A <= INST:SEL?
[2020/07/31 16:09:48.771461][I][queryEx] E6640A => VSA
[2020/07/31 16:09:48.776364][I][writeEx] E6640A <= :CONFigure:DDEMod
[2020/07/31 16:09:49.082888][I][queryEx] E6640A <= *OPC?
[2020/07/31 16:09:49.251264][I][queryEx] E6640A => 1
[2020/07/31 16:09:49.259228][I][init_Zigbee_Mode] Initial Zigbee mode
[2020/07/31 16:09:49.264279][I][writeEx] E6640A <= :DDEM:STAN:PRES ZIGBEE2450
[2020/07/31 16:09:49.569863][I][queryEx] E6640A <= *OPC?
[2020/07/31 16:09:49.580411][I][queryEx] E6640A => 1
[2020/07/31 16:09:49.585427][I][set_Continue] Set continue
[2020/07/31 16:09:49.589466][I][writeEx] E6640A <= :INIT:CONT ON
[2020/07/31 16:09:49.593449][I][set_Freq] Set frequence
[2020/07/31 16:09:49.598257][I][writeEx] E6640A <= :FREQuency:CENTer 2455.0 MHz
[2020/07/31 16:09:49.602274][I][set_XScale_Span] Set frequence span
[2020/07/31 16:09:49.607336][I][writeEx] E6640A <= :FREQuency:SPAN 10000.000000 KHZ
[2020/07/31 16:09:49.610384][I][set_Power_Range] Get power range
[2020/07/31 16:09:49.615358][I][writeEx] E6640A <= :POW:RANG 20.000000
[2020/07/31 16:09:49.619369][I][set_Symbol_Rate] Get symbol rate
[2020/07/31 16:09:49.624383][I][writeEx] E6640A <= :DDEMod:SRATe 1000.000000 kHz
[2020/07/31 16:09:49.628401][I][set_Meas_Interval] Get meas interval
[2020/07/31 16:09:49.632405][I][writeEx] E6640A <= :DDEMod:SWEep:POINts 500
[2020/07/31 16:09:49.637417][I][set_Zigbee_TX_BandPower] Set marker function
[2020/07/31 16:09:49.640463][I][writeEx] E6640A <= CALC:DDEMod:MARK1:MODE POS
[2020/07/31 16:09:49.645448][I][writeEx] E6640A <= CALC:DDEMod:MARK1:TRAC 2
[2020/07/31 16:09:49.649451][I][writeEx] E6640A <= CALC:DDEMod:MARK1:FUNC BPOW
[2020/07/31 16:09:49.654780][I][writeEx] E6640A <= CALC:DDEMod:MARK1:FUNC:BPOW:CTYP MEAN
[2020/07/31 16:09:49.659059][I][writeEx] E6640A <= CALC:DDEMod:MARK1:FUNC:BAND:CENT 2455000000.000000
[2020/07/31 16:09:49.965032][I][queryEx] E6640A <= *OPC?
[2020/07/31 16:09:49.974879][I][queryEx] E6640A => 1
[2020/07/31 16:09:49.978931][I][queryEx] E6640A <= CALC:DDEMod:MARK1:FUNC:BAND:CENT?
[2020/07/31 16:09:49.986915][I][queryEx] E6640A => 2.455000000E+09
[2020/07/31 16:09:49.991929][I][writeEx] E6640A <= CALC:DDEMod:MARK1:FUNC:BAND:SPAN 10000000.000000
[2020/07/31 16:09:50.297258][I][queryEx] E6640A <= *OPC?
[2020/07/31 16:09:50.307291][I][queryEx] E6640A => 1
[2020/07/31 16:09:50.312966][I][set_Trigger_Video] Set trigger video
[2020/07/31 16:09:50.316978][I][writeEx] E6640A <= TRIG:DDEM:SOUR VID
[2020/07/31 16:09:50.622677][I][queryEx] E6640A <= *OPC?
[2020/07/31 16:09:50.634808][I][queryEx] E6640A => 1
[2020/07/31 16:09:50.638994][I][set_Trigger_Level] Set trigger level
[2020/07/31 16:09:50.642004][I][writeEx] E6640A <= :TRIGger:VIDeo:LEVel 30.000000 mV
[2020/07/31 16:09:50.647658][I][set_Trigger_Delay] Set trigger delay
[2020/07/31 16:09:50.651616][I][writeEx] E6640A <= :TRIGger:VIDeo:DELay:STATe ON
[2020/07/31 16:09:50.655629][I][queryEx] E6640A <= :TRIGger:VIDeo:DELay:STATe?
[2020/07/31 16:09:50.718827][I][queryEx] E6640A => 1
[2020/07/31 16:09:50.727840][I][writeEx] E6640A <= :TRIGger:VIDeo:DELay:STATe ON
[2020/07/31 16:09:50.736243][I][writeEx] E6640A <= :TRIGger:VIDeo:DELay 0.300000 ms
[2020/07/31 16:09:50.740256][I][init_Trigger_Reg] Initial trigger status register
[2020/07/31 16:09:50.744936][I][writeEx] E6640A <= *CLS
[2020/07/31 16:09:50.747983][I][writeEx] E6640A <= :STATus:PRESet
[2020/07/31 16:09:50.752959][I][writeEx] E6640A <= *SRE 192
[2020/07/31 16:09:50.757016][I][writeEx] E6640A <= :STATus:OPERation:ENABle 32
[2020/07/31 16:09:50.761988][I][writeEx] E6640A <= *CLS
[2020/07/31 16:09:50.766944][I][queryEx] E6640A <= *STB?
[2020/07/31 16:09:50.809192][I][queryEx] E6640A => 0
[2020/07/31 16:09:50.815105][I][init_Trigger_Reg] Status: 0
[2020/07/31 16:09:59.925420][I][chk_Tx_Result] Check Tx result
[2020/07/31 16:09:59.931482][I][get_Trigger_Status] Get trigger status
[2020/07/31 16:09:59.934530][I][queryEx] E6640A <= *STB?
[2020/07/31 16:09:59.944864][I][queryEx] E6640A => 192
[2020/07/31 16:09:59.948911][I][get_Trigger_Status] Status: 192
[2020/07/31 16:09:59.952887]Is triggered!
[2020/07/31 16:09:59.957941][I][writeEx] E6640A <= *CLS
[2020/07/31 16:09:59.962759][I][set_Continue] Set continue
[2020/07/31 16:09:59.965768][I][writeEx] E6640A <= :INIT:CONT ON
[2020/07/31 16:10:00.072582][I][set_Single] Set single
[2020/07/31 16:10:00.087595][I][writeEx] E6640A <= :INIT:CONT OFF
[2020/07/31 16:10:00.102642][I][set_Zigbee_TX_BandPower] Set marker function
[2020/07/31 16:10:00.114624][I][writeEx] E6640A <= CALC:DDEMod:MARK1:MODE POS
[2020/07/31 16:10:00.122644][I][writeEx] E6640A <= CALC:DDEMod:MARK1:TRAC 2
[2020/07/31 16:10:00.129661][I][writeEx] E6640A <= CALC:DDEMod:MARK1:FUNC BPOW
[2020/07/31 16:10:00.134634][I][writeEx] E6640A <= CALC:DDEMod:MARK1:FUNC:BPOW:CTYP MEAN
[2020/07/31 16:10:00.139650][I][writeEx] E6640A <= CALC:DDEMod:MARK1:FUNC:BAND:CENT 2455000000.000000
[2020/07/31 16:10:00.445195][I][queryEx] E6640A <= *OPC?
[2020/07/31 16:10:00.455921][I][queryEx] E6640A => 1
[2020/07/31 16:10:00.459864][I][queryEx] E6640A <= CALC:DDEMod:MARK1:FUNC:BAND:CENT?
[2020/07/31 16:10:00.467233][I][queryEx] E6640A => 2.455000000E+09
[2020/07/31 16:10:00.471271][I][writeEx] E6640A <= CALC:DDEMod:MARK1:FUNC:BAND:SPAN 10000000.000000
[2020/07/31 16:10:00.776668][I][queryEx] E6640A <= *OPC?
[2020/07/31 16:10:00.787769][I][queryEx] E6640A => 1
[2020/07/31 16:10:00.792569][I][get_Power] Get Tx power
[2020/07/31 16:10:00.795580][I][queryEx] E6640A <= :CALC:DDEMod:MARK1:Y?
[2020/07/31 16:10:00.803093][I][queryEx] E6640A => 7.732353739E-01
[2020/07/31 16:10:00.807949][I][chk_Tx_Result] Tx power(add loss: 8.900000) = 9.673000 dBm
[2020/07/31 16:10:00.811924][I][read_DDEMod_Array] Read measurement result
[2020/07/31 16:10:00.815933][I][queryEx] E6640A <= :READ:DDEMod?
[2020/07/31 16:10:01.076147][I][queryEx] E6640A => 1.399690723E+01,4.046623230E+01,2.230000000E+02,3.263364792E+00,1.501076508E+01,2.230000000E+02,9.91E+37,9.91E+37,9.91E+37,3.533146381E-01,-9.153246880E-01,3.740000000E+02,1.139290619E+01,3.327887344E+01,2.230000000E+02,1.725188281E+04,9.91E+37,9.91E+37,9.91E+37,9.91E+37,9.91E+37,-4.910255432E+01,9.91E+37,9.611923695E-01,5.781945586E-02,3.359324634E-01,9.91E+37,9.91E+37,9.91E+37,9.91E+37,9.91E+37,9.91E+37,9.91E+37,9.91E+37,9.91E+37,9.91E+37,9.91E+37,9.91E+37,9.91E+37,9.91E+37,9.91E+37,9.91E+37,9.91E+37,9.91E+37,9.91E+37,9.91E+37,9.91E+37,9.91E+37,9.91E+37,9.91E+37,9.91E+37,9.91E+37,9.91E+37,9.91E+37,9.91E+37,9.91E+37,9.91E+37,9.91E+37,9.91E+37,9.91E+37,9.91E+37,3.042647149E-03,-1.742914901E-03
[2020/07/31 16:10:01.083161][I][set_Continue] Set continue
[2020/07/31 16:10:01.087230][I][writeEx] E6640A <= :INIT:CONT ON
[2020/07/31 16:10:02.535873][I][set_Preset] System reset
[2020/07/31 16:10:02.540916][I][writeEx] E6640A <= *RST
[2020/07/31 16:10:02.544897][I][writeEx] E6640A <= *CLS
[2020/07/31 16:10:02.549912][I][writeEx] E6640A <= SYST:PRES
[2020/07/31 16:10:02.855673][I][queryEx] E6640A <= *OPC?
[2020/07/31 16:10:03.759123][I][queryEx] E6640A => 1
[2020/07/31 16:10:03.776468][I][set_Tx_Start] Set Tx start
[2020/07/31 16:10:03.779478][I][set_RFI_Port] Set input port
[2020/07/31 16:10:03.784492][I][writeEx] E6640A <= :FEED:RF:PORT:INPut RFIO1
[2020/07/31 16:10:03.788502][I][queryEx] E6640A <= :FEED:RF:PORT:INPut?
[2020/07/31 16:10:03.796526][I][queryEx] E6640A => RFIO1
[2020/07/31 16:10:03.800533][I][set_Modulation_Analysis] Set measurement function
[2020/07/31 16:10:03.805853][I][writeEx] E6640A <= INST:SEL VSA
[2020/07/31 16:10:04.110845][I][queryEx] E6640A <= *OPC?
[2020/07/31 16:10:04.122890][I][queryEx] E6640A => 1
[2020/07/31 16:10:04.127179][I][queryEx] E6640A <= INST:SEL?
[2020/07/31 16:10:04.133197][I][queryEx] E6640A => VSA
[2020/07/31 16:10:04.138267][I][writeEx] E6640A <= :CONFigure:DDEMod
[2020/07/31 16:10:04.442919][I][queryEx] E6640A <= *OPC?
[2020/07/31 16:10:04.621144][I][queryEx] E6640A => 1
[2020/07/31 16:10:04.637132][I][init_Zigbee_Mode] Initial Zigbee mode
[2020/07/31 16:10:04.645418][I][writeEx] E6640A <= :DDEM:STAN:PRES ZIGBEE2450
[2020/07/31 16:10:04.950728][I][queryEx] E6640A <= *OPC?
[2020/07/31 16:10:04.961453][I][queryEx] E6640A => 1
[2020/07/31 16:10:04.966465][I][set_Continue] Set continue
[2020/07/31 16:10:04.970476][I][writeEx] E6640A <= :INIT:CONT ON
[2020/07/31 16:10:04.976548][I][set_Freq] Set frequence
[2020/07/31 16:10:04.980561][I][writeEx] E6640A <= :FREQuency:CENTer 2470.0 MHz
[2020/07/31 16:10:04.985701][I][set_XScale_Span] Set frequence span
[2020/07/31 16:10:04.989713][I][writeEx] E6640A <= :FREQuency:SPAN 10000.000000 KHZ
[2020/07/31 16:10:04.994729][I][set_Power_Range] Get power range
[2020/07/31 16:10:04.999745][I][writeEx] E6640A <= :POW:RANG 20.000000
[2020/07/31 16:10:05.003783][I][set_Symbol_Rate] Get symbol rate
[2020/07/31 16:10:05.007792][I][writeEx] E6640A <= :DDEMod:SRATe 1000.000000 kHz
[2020/07/31 16:10:05.012719][I][set_Meas_Interval] Get meas interval
[2020/07/31 16:10:05.017600][I][writeEx] E6640A <= :DDEMod:SWEep:POINts 500
[2020/07/31 16:10:05.021911][I][set_Zigbee_TX_BandPower] Set marker function
[2020/07/31 16:10:05.026843][I][writeEx] E6640A <= CALC:DDEMod:MARK1:MODE POS
[2020/07/31 16:10:05.030861][I][writeEx] E6640A <= CALC:DDEMod:MARK1:TRAC 2
[2020/07/31 16:10:05.036957][I][writeEx] E6640A <= CALC:DDEMod:MARK1:FUNC BPOW
[2020/07/31 16:10:05.040969][I][writeEx] E6640A <= CALC:DDEMod:MARK1:FUNC:BPOW:CTYP MEAN
[2020/07/31 16:10:05.045983][I][writeEx] E6640A <= CALC:DDEMod:MARK1:FUNC:BAND:CENT 2470000000.000000
[2020/07/31 16:10:05.352495][I][queryEx] E6640A <= *OPC?
[2020/07/31 16:10:05.363860][I][queryEx] E6640A => 1
[2020/07/31 16:10:05.368878][I][queryEx] E6640A <= CALC:DDEMod:MARK1:FUNC:BAND:CENT?
[2020/07/31 16:10:05.375836][I][queryEx] E6640A => 2.470000000E+09
[2020/07/31 16:10:05.379849][I][writeEx] E6640A <= CALC:DDEMod:MARK1:FUNC:BAND:SPAN 10000000.000000
[2020/07/31 16:10:05.686092][I][queryEx] E6640A <= *OPC?
[2020/07/31 16:10:05.696314][I][queryEx] E6640A => 1
[2020/07/31 16:10:05.701822][I][set_Trigger_Video] Set trigger video
[2020/07/31 16:10:05.705837][I][writeEx] E6640A <= TRIG:DDEM:SOUR VID
[2020/07/31 16:10:06.012848][I][queryEx] E6640A <= *OPC?
[2020/07/31 16:10:06.023878][I][queryEx] E6640A => 1
[2020/07/31 16:10:06.028894][I][set_Trigger_Level] Set trigger level
[2020/07/31 16:10:06.032930][I][writeEx] E6640A <= :TRIGger:VIDeo:LEVel 30.000000 mV
[2020/07/31 16:10:06.038091][I][set_Trigger_Delay] Set trigger delay
[2020/07/31 16:10:06.042104][I][writeEx] E6640A <= :TRIGger:VIDeo:DELay:STATe ON
[2020/07/31 16:10:06.047118][I][queryEx] E6640A <= :TRIGger:VIDeo:DELay:STATe?
[2020/07/31 16:10:06.109963][I][queryEx] E6640A => 1
[2020/07/31 16:10:06.117988][I][writeEx] E6640A <= :TRIGger:VIDeo:DELay:STATe ON
[2020/07/31 16:10:06.125001][I][writeEx] E6640A <= :TRIGger:VIDeo:DELay 0.300000 ms
[2020/07/31 16:10:06.129049][I][init_Trigger_Reg] Initial trigger status register
[2020/07/31 16:10:06.134026][I][writeEx] E6640A <= *CLS
[2020/07/31 16:10:06.138571][I][writeEx] E6640A <= :STATus:PRESet
[2020/07/31 16:10:06.143587][I][writeEx] E6640A <= *SRE 192
[2020/07/31 16:10:06.147635][I][writeEx] E6640A <= :STATus:OPERation:ENABle 32
[2020/07/31 16:10:06.153652][I][writeEx] E6640A <= *CLS
[2020/07/31 16:10:06.157663][I][queryEx] E6640A <= *STB?
[2020/07/31 16:10:06.199466][I][queryEx] E6640A => 0
[2020/07/31 16:10:06.205487][I][init_Trigger_Reg] Status: 0
[2020/07/31 16:10:15.189380][I][chk_Tx_Result] Check Tx result
[2020/07/31 16:10:15.196405][I][get_Trigger_Status] Get trigger status
[2020/07/31 16:10:15.199413][I][queryEx] E6640A <= *STB?
[2020/07/31 16:10:15.208033][I][queryEx] E6640A => 192
[2020/07/31 16:10:15.213049][I][get_Trigger_Status] Status: 192
[2020/07/31 16:10:15.217099]Is triggered!
[2020/07/31 16:10:15.221116][I][writeEx] E6640A <= *CLS
[2020/07/31 16:10:15.226084][I][set_Continue] Set continue
[2020/07/31 16:10:15.230579][I][writeEx] E6640A <= :INIT:CONT ON
[2020/07/31 16:10:15.336433][I][set_Single] Set single
[2020/07/31 16:10:15.352551][I][writeEx] E6640A <= :INIT:CONT OFF
[2020/07/31 16:10:15.368660][I][set_Zigbee_TX_BandPower] Set marker function
[2020/07/31 16:10:15.376620][I][writeEx] E6640A <= CALC:DDEMod:MARK1:MODE POS
[2020/07/31 16:10:15.382101][I][writeEx] E6640A <= CALC:DDEMod:MARK1:TRAC 2
[2020/07/31 16:10:15.386114][I][writeEx] E6640A <= CALC:DDEMod:MARK1:FUNC BPOW
[2020/07/31 16:10:15.391873][I][writeEx] E6640A <= CALC:DDEMod:MARK1:FUNC:BPOW:CTYP MEAN
[2020/07/31 16:10:15.396401][I][writeEx] E6640A <= CALC:DDEMod:MARK1:FUNC:BAND:CENT 2470000000.000000
[2020/07/31 16:10:15.701678][I][queryEx] E6640A <= *OPC?
[2020/07/31 16:10:15.712550][I][queryEx] E6640A => 1
[2020/07/31 16:10:15.717567][I][queryEx] E6640A <= CALC:DDEMod:MARK1:FUNC:BAND:CENT?
[2020/07/31 16:10:15.725593][I][queryEx] E6640A => 2.470000000E+09
[2020/07/31 16:10:15.729600][I][writeEx] E6640A <= CALC:DDEMod:MARK1:FUNC:BAND:SPAN 10000000.000000
[2020/07/31 16:10:16.036537][I][queryEx] E6640A <= *OPC?
[2020/07/31 16:10:16.045707][I][queryEx] E6640A => 1
[2020/07/31 16:10:16.050581][I][get_Power] Get Tx power
[2020/07/31 16:10:16.055594][I][queryEx] E6640A <= :CALC:DDEMod:MARK1:Y?
[2020/07/31 16:10:16.063003][I][queryEx] E6640A => 1.267600109E+00
[2020/07/31 16:10:16.067015][I][chk_Tx_Result] Tx power(add loss: 8.800000) = 10.068000 dBm
[2020/07/31 16:10:16.072031][I][read_DDEMod_Array] Read measurement result
[2020/07/31 16:10:16.076039][I][queryEx] E6640A <= :READ:DDEMod?
[2020/07/31 16:10:16.222936][I][queryEx] E6640A => 1.487902260E+01,4.207599640E+01,3.400000000E+01,3.516486645E+00,1.615131378E+01,3.400000000E+01,9.91E+37,9.91E+37,9.91E+37,5.253663063E-01,1.124387980E+00,8.200000000E+01,1.210635567E+01,-3.457640839E+01,3.400000000E+01,1.741048242E+04,9.91E+37,9.91E+37,9.91E+37,9.91E+37,9.91E+37,-4.333513641E+01,9.91E+37,9.561566710E-01,5.442377180E-02,4.201801717E-01,9.91E+37,9.91E+37,9.91E+37,9.91E+37,9.91E+37,9.91E+37,9.91E+37,9.91E+37,9.91E+37,9.91E+37,9.91E+37,9.91E+37,9.91E+37,9.91E+37,9.91E+37,9.91E+37,9.91E+37,9.91E+37,9.91E+37,9.91E+37,9.91E+37,9.91E+37,9.91E+37,9.91E+37,9.91E+37,9.91E+37,9.91E+37,9.91E+37,9.91E+37,9.91E+37,9.91E+37,9.91E+37,9.91E+37,9.91E+37,9.91E+37,5.605286453E-03,-3.870059038E-03
[2020/07/31 16:10:16.239940][I][set_Continue] Set continue
[2020/07/31 16:10:16.255992][I][writeEx] E6640A <= :INIT:CONT ON
[2020/07/31 16:10:26.806011][I][chk_Tx_Result] Check Tx result
[2020/07/31 16:10:26.812071][I][get_Trigger_Status] Get trigger status
[2020/07/31 16:10:26.818667][I][queryEx] E6640A <= *STB?
[2020/07/31 16:10:26.825526][I][queryEx] E6640A => 192
[2020/07/31 16:10:26.831481][I][get_Trigger_Status] Status: 192
[2020/07/31 16:10:26.835532]Is triggered!
[2020/07/31 16:10:26.840507][I][writeEx] E6640A <= *CLS
[2020/07/31 16:10:26.845520][I][set_Continue] Set continue
[2020/07/31 16:10:26.850535][I][writeEx] E6640A <= :INIT:CONT ON
[2020/07/31 16:10:26.956125][I][set_Single] Set single
[2020/07/31 16:10:26.961186][I][writeEx] E6640A <= :INIT:CONT OFF
[2020/07/31 16:10:26.966152][I][set_Zigbee_TX_BandPower] Set marker function
[2020/07/31 16:10:26.973596][I][writeEx] E6640A <= CALC:DDEMod:MARK1:MODE POS
[2020/07/31 16:10:26.978612][I][writeEx] E6640A <= CALC:DDEMod:MARK1:TRAC 2
[2020/07/31 16:10:26.983625][I][writeEx] E6640A <= CALC:DDEMod:MARK1:FUNC BPOW
[2020/07/31 16:10:26.990647][I][writeEx] E6640A <= CALC:DDEMod:MARK1:FUNC:BPOW:CTYP MEAN
[2020/07/31 16:10:26.995656][I][writeEx] E6640A <= CALC:DDEMod:MARK1:FUNC:BAND:CENT 2470000000.000000
[2020/07/31 16:10:27.302429][I][queryEx] E6640A <= *OPC?
[2020/07/31 16:10:27.311598][I][queryEx] E6640A => 1
[2020/07/31 16:10:27.316661][I][queryEx] E6640A <= CALC:DDEMod:MARK1:FUNC:BAND:CENT?
[2020/07/31 16:10:27.324138][I][queryEx] E6640A => 2.470000000E+09
[2020/07/31 16:10:27.329144][I][writeEx] E6640A <= CALC:DDEMod:MARK1:FUNC:BAND:SPAN 10000000.000000
[2020/07/31 16:10:27.634457][I][queryEx] E6640A <= *OPC?
[2020/07/31 16:10:27.645497][I][queryEx] E6640A => 1
[2020/07/31 16:10:27.651559][I][get_Power] Get Tx power
[2020/07/31 16:10:27.655572][I][queryEx] E6640A <= :CALC:DDEMod:MARK1:Y?
[2020/07/31 16:10:27.663630][I][queryEx] E6640A => 1.294998181E-01
[2020/07/31 16:10:27.668646][I][chk_Tx_Result] Tx power(add loss: 8.800000) = 8.929000 dBm
[2020/07/31 16:10:27.673776][I][read_DDEMod_Array] Read measurement result
[2020/07/31 16:10:27.678836][I][queryEx] E6640A <= :READ:DDEMod?
[2020/07/31 16:10:27.828825][I][queryEx] E6640A => 1.462474442E+01,4.310483551E+01,2.550000000E+02,3.520571470E+00,1.665364647E+01,2.560000000E+02,9.91E+37,9.91E+37,9.91E+37,4.709737003E-01,-1.125204563E+00,4.070000000E+02,1.190009308E+01,3.532894135E+01,2.550000000E+02,1.739708398E+04,9.91E+37,9.91E+37,9.91E+37,9.91E+37,9.91E+37,-4.437126923E+01,9.91E+37,9.576534033E-01,6.442561746E-02,3.926556706E-01,9.91E+37,9.91E+37,9.91E+37,9.91E+37,9.91E+37,9.91E+37,9.91E+37,9.91E+37,9.91E+37,9.91E+37,9.91E+37,9.91E+37,9.91E+37,9.91E+37,9.91E+37,9.91E+37,9.91E+37,9.91E+37,9.91E+37,9.91E+37,9.91E+37,9.91E+37,9.91E+37,9.91E+37,9.91E+37,9.91E+37,9.91E+37,9.91E+37,9.91E+37,9.91E+37,9.91E+37,9.91E+37,9.91E+37,9.91E+37,9.91E+37,3.782146377E-03,-4.716372117E-03
[2020/07/31 16:10:27.845861][I][set_Continue] Set continue
[2020/07/31 16:10:27.853836][I][writeEx] E6640A <= :INIT:CONT ON
[2020/07/31 16:10:29.312093][I][set_Preset] System reset
[2020/07/31 16:10:29.317088][I][writeEx] E6640A <= *RST
[2020/07/31 16:10:29.321274][I][writeEx] E6640A <= *CLS
[2020/07/31 16:10:29.326745][I][writeEx] E6640A <= SYST:PRES
[2020/07/31 16:10:29.632689][I][queryEx] E6640A <= *OPC?
[2020/07/31 16:10:30.577925][I][queryEx] E6640A => 1
[2020/07/31 16:10:30.597921][I][set_Rx_OneTone] Set Rx one tone
[2020/07/31 16:10:30.602934][I][set_RFO_Port] Set output port
[2020/07/31 16:10:30.607868][I][writeEx] E6640A <= :FEED:RF:PORT:OUTPut RFIO1
[2020/07/31 16:10:30.612883][I][queryEx] E6640A <= :FEED:RF:PORT:OUTPut?
[2020/07/31 16:10:30.620956][I][queryEx] E6640A => RFIO1
[2020/07/31 16:10:30.626488][I][set_OneTone_Freq] Set One Tone frequence
[2020/07/31 16:10:30.631505][I][writeEx] E6640A <= :SOUR:FREQ 2445.0 MHz
[2020/07/31 16:10:30.635562][I][set_OneTone_Power] Set One Tone power
[2020/07/31 16:10:30.640549][I][writeEx] E6640A <= :SOURce:POWer -16.1
[2020/07/31 16:10:39.994016][I][set_OneTone_Start] Set One Tone start
[2020/07/31 16:10:39.997025][I][writeEx] E6640A <= OUTP ON
[2020/07/31 16:10:45.012578][I][set_OneTone_Stop] Set One Tone stop
[2020/07/31 16:10:45.016590][I][writeEx] E6640A <= OUTP OFF
[2020/07/31 16:10:45.031642][I][set_Rx_OneTone] Set Rx one tone
[2020/07/31 16:10:45.037105][I][set_RFO_Port] Set output port
[2020/07/31 16:10:45.042122][I][writeEx] E6640A <= :FEED:RF:PORT:OUTPut RFIO1
[2020/07/31 16:10:45.046131][I][queryEx] E6640A <= :FEED:RF:PORT:OUTPut?
[2020/07/31 16:10:45.054831][I][queryEx] E6640A => RFIO1
[2020/07/31 16:10:45.058844][I][set_OneTone_Freq] Set One Tone frequence
[2020/07/31 16:10:45.063858][I][writeEx] E6640A <= :SOUR:FREQ 2445.0 MHz
[2020/07/31 16:10:45.069030][I][set_OneTone_Power] Set One Tone power
[2020/07/31 16:10:45.073082][I][writeEx] E6640A <= :SOURce:POWer -16.1
[2020/07/31 16:10:53.551209][I][set_OneTone_Start] Set One Tone start
[2020/07/31 16:10:53.556120][I][writeEx] E6640A <= OUTP ON
[2020/07/31 16:10:58.051121][I][set_OneTone_Stop] Set One Tone stop
[2020/07/31 16:10:58.055895][I][writeEx] E6640A <= OUTP OFF
[2020/07/31 16:10:58.514417][I][disconnect_E6640A] Disconnect E6640A
[2020/07/31 16:10:58.519432]========== End ==========
