[2020/07/29 07:34:18][I][checkDatabaseONorNOT] Database running.
[2020/07/29 07:34:18][I][tryConnectDatabase] Connect to MariaDB GFI20 database success!!
[2020/07/29 07:34:18][I][tryConnectDatabase] Connect to MariaDB GFI20 database success!!
[2020/07/29 07:34:18][I][checkDatabaseONorNOT] Database running.
[2020/07/29 07:34:18][I][tryConnectDatabase] Connect to MariaDB GFI20 database success!!
[2020/07/29 07:34:18][I][tryConnectDatabase] Connect to MariaDB GFI20 database success!!
[2020/07/29 07:34:18][E][initialDatabase] UpdateDB.csv already exist.
[2020/07/29 07:34:23][I][WriteDataTocsv] Create new row with item GFI20Bootup.
[2020/07/29 07:34:23][I][WriteDataTocsv] Update complete.
[2020/07/29 07:34:23][WriteRFDataTocsv][I] Update testscript GFI20Bootup's data.
[2020/07/29 07:34:23][I][WriteRFDataTocsv] Update complete.
[2020/07/29 07:35:15][I][WriteDataTocsv] Create new row with item CountDown.
[2020/07/29 07:35:15][I][WriteDataTocsv] Update complete.
[2020/07/29 07:35:15][WriteRFDataTocsv][I] Update testscript CountDown's data.
[2020/07/29 07:35:15][I][WriteRFDataTocsv] Update complete.
[2020/07/29 07:35:42][I][WriteDataTocsv] Create new row with item GFI20_RF_Zigbee.
[2020/07/29 07:35:42][I][WriteDataTocsv] Update complete.
[2020/07/29 07:35:42][WriteRFDataTocsv][I] Update testscript GFI20_RF_Zigbee's data.
[2020/07/29 07:35:42][I][WriteRFDataTocsv] Update complete.
[2020/07/29 07:35:42]--------------------DBUploading start--------------------
[2020/07/29 07:35:42][I][uploadData] Projcet name: GFI20
[2020/07/29 07:35:42][I][uploadData] Station name: BRF
[2020/07/29 07:35:42][I][tryConnectDatabase] Connect to MariaDB GFI20 database success!!
[2020/07/29 07:35:42][I][uploadData] Write data into BRF_GFI20Bootup
[2020/07/29 07:35:42][I][uploadData] Write data into BRF_CountDown
[2020/07/29 07:35:42][I][uploadData] Write data into BRF_GFI20_RF_Zigbee
[2020/07/29 07:35:42][I][tryConnectDatabase] Connect to MariaDB GFI20_RF database success!!
[2020/07/29 07:35:42]---------- INI ----------
[2020/07/29 07:35:42][E][uploadData] Read MDUT.ini failed.
