[2020/07/29 07:35:15.923207] ========== Start ==========
[2020/07/29 07:35:15.925851] [I][main] Python 3.7.2 (tags/v3.7.2:9a3ffc0492, Dec 23 2018, 23:09:28) [MSC v.1916 64 bit (AMD64)]
[2020/07/29 07:35:15.926856] [I][main] GFI20_RF_Zigbee.py 3.0.0.3
[2020/07/29 07:35:15.931853] [I][readINI] ---------- INI ----------
[2020/07/29 07:35:15.933888] [I][readINI] SKU = 1
[2020/07/29 07:35:15.934879] [I][readINI] InstrumentINI = GFI20_Zigbee_Instrument_Setting
[2020/07/29 07:35:15.936867] [I][readINI] ---------- Test Plan 1 ----------
[2020/07/29 07:35:15.938874] [I][readINI] TestPlan1 = ZIGBEE_2450;15/2425,21/2455,24/2470;TX_Power
[2020/07/29 07:35:15.942212] [I][readINI] CableLoss = ['8.2', '8.9', '8.8'] dBm
[2020/07/29 07:35:15.952452] [I][readINI] TX_Power = ['0', '0', '0'] dBm
[2020/07/29 07:35:15.956418] [I][readINI] Calibration_ON = 1
[2020/07/29 07:35:15.959423] [I][readINI] Ca_Tx_Power_Target = ['9.2', '9.2', '9.2']
[2020/07/29 07:35:15.963454] [I][readINI] Ca_Tx_Power_Gap = ['0.5', '0.5', '0.5']
[2020/07/29 07:35:15.967569] [I][readINI] Ca_Tx_Power_Offset = ['0.86', '0.86', '0.86']
[2020/07/29 07:35:15.969576] [I][readINI] Current_ON = 1
[2020/07/29 07:35:15.972792] [I][readINI] TX_Current_SpecMax = ['0.18', '0.18', '0.18'] A
[2020/07/29 07:35:15.974800] [I][readINI] TX_Current_SpecMin = ['0.045', '0.045', '0.045'] A
[2020/07/29 07:35:15.977808] [I][readINI] TX_Power_SpecMax = ['12', '12', '12'] dBm
[2020/07/29 07:35:15.979813] [I][readINI] TX_Power_SpecMin = ['6', '6', '6'] dBm
[2020/07/29 07:35:15.982822] [I][readINI] ---------- Test Plan 1 ----------
[2020/07/29 07:35:15.984868] [I][readINI] ---------- Test Plan 2 ----------
[2020/07/29 07:35:15.986862] [I][readINI] TestPlan2 = ZIGBEE_2450;19/2445;RX_RSSI
[2020/07/29 07:35:15.989285] [I][readINI] CableLoss = ['8.9'] dBm
[2020/07/29 07:35:15.993324] [I][readINI] RX_Cell_Power = ['-25'] dBm
[2020/07/29 07:35:15.995311] [I][readINI] RX_LNAON_RSSI_SpecMax = ['-9'] %
[2020/07/29 07:35:15.998315] [I][readINI] RX_LNAON_RSSI_SpecMin = ['-18'] %
[2020/07/29 07:35:16.000329] [I][readINI] RX_LNAOFF_RSSI_SpecMax = ['-24'] %
[2020/07/29 07:35:16.003327] [I][readINI] RX_LNAOFF_RSSI_SpecMin = ['-30'] %
[2020/07/29 07:35:16.006344] [I][readINI] ---------- Test Plan 2 ----------
[2020/07/29 07:35:16.008873] [I][readINI] StartButton_ON = 0
[2020/07/29 07:35:16.011882] [I][readINI] FailAutoExit = True
[2020/07/29 07:35:16.014892] [I][readINI] FailRetryAll = True
[2020/07/29 07:35:16.016897] [I][readINI] RFDatabase = True
[2020/07/29 07:35:16.019905] [I][readINI] EC = 010000S01
[2020/07/29 07:35:16.021961] [I][readINI] ---------- INI ----------
[2020/07/29 07:35:16.025901] [I][readInstrumentINI] ---------- Common ----------
[2020/07/29 07:35:16.027941] [I][readInstrumentINI] Instrument_Name = E6640A
[2020/07/29 07:35:16.029948] [I][readInstrumentINI] Instrument_IP_Addr = TCPIP0::192.168.1.2::hislip0::INSTR
[2020/07/29 07:35:16.033955] [I][readInstrumentINI] PowerSupplier_Name = 66321B
[2020/07/29 07:35:16.036946] [I][readInstrumentINI] PowerSupplier_Addr = GPIB0::5::INSTR
[2020/07/29 07:35:16.039862] [I][readInstrumentINI] Current_Delay = 0.5
[2020/07/29 07:35:16.041910] [I][readInstrumentINI] ---------- Common ----------
[2020/07/29 07:35:16.044881] [I][readInstrumentINI] ---------- ZIGBEE_2450 ----------
[2020/07/29 07:35:16.047888] [I][readInstrumentINI] RFIO_Input = 1
[2020/07/29 07:35:16.051181] [I][readInstrumentINI] Tx_Span = 10000.0 kHz
[2020/07/29 07:35:16.054193] [I][readInstrumentINI] Tx_PowRange = 20.0 dBm
[2020/07/29 07:35:16.057231] [I][readInstrumentINI] Tx_SymbolRate = 1000.0 kHz
[2020/07/29 07:35:16.060208] [I][readInstrumentINI] Tx_MeasInterval = 500
[2020/07/29 07:35:16.062213] [I][readInstrumentINI] Tx_TrigLevel = 30.0 mV
[2020/07/29 07:35:16.066224] [I][readInstrumentINI] Tx_TrigDelay = 0.3 ms
[2020/07/29 07:35:16.068229] [I][readInstrumentINI] RFIO_Output = 1
[2020/07/29 07:35:16.071237] [I][readInstrumentINI] ---------- ZIGBEE_2450 ----------
[2020/07/29 07:35:16.075280] ---------- StartTest ----------
[2020/07/29 07:35:16.128609] [I][chkDUTConnect] Connect to DUT
[2020/07/29 07:35:16.139033] [I][chkDUTConnect] Check DUT status
[2020/07/29 07:35:16.959770] [W][chkDUTConnect] Fail
[2020/07/29 07:35:41.511330] [I][pressCancelBtn] User click cancel button!
[2020/07/29 07:35:41.565600] [I][TestResult] Test Fail! Connect DUT fail
[2020/07/29 07:35:41.577503] ========== End MDUT ==========


