[2020/07/29 03:25:29][I][checkDatabaseONorNOT] Database running.
[2020/07/29 03:25:29][I][tryConnectDatabase] Connect to MariaDB GFI20 database success!!
[2020/07/29 03:25:29][I][tryConnectDatabase] Connect to MariaDB GFI20 database success!!
[2020/07/29 03:25:29][I][checkDatabaseONorNOT] Database running.
[2020/07/29 03:25:29][I][tryConnectDatabase] Connect to MariaDB GFI20 database success!!
[2020/07/29 03:25:29][I][tryConnectDatabase] Connect to MariaDB GFI20 database success!!
[2020/07/29 03:25:29][E][initialDatabase] UpdateDB.csv already exist.
[2020/07/29 03:25:35][I][WriteDataTocsv] Create new row with item GFI20Bootup.
[2020/07/29 03:25:35][I][WriteDataTocsv] Update complete.
[2020/07/29 03:25:35][WriteRFDataTocsv][I] Update testscript GFI20Bootup's data.
[2020/07/29 03:25:35][I][WriteRFDataTocsv] Update complete.
[2020/07/29 03:26:27][I][WriteDataTocsv] Create new row with item CountDown.
[2020/07/29 03:26:27][I][WriteDataTocsv] Update complete.
[2020/07/29 03:26:27][WriteRFDataTocsv][I] Update testscript CountDown's data.
[2020/07/29 03:26:27][I][WriteRFDataTocsv] Update complete.
[2020/07/29 03:28:18][WriteRFDataTocsv][I] Update testscript GFI20_RF_Zigbee's data.
[2020/07/29 03:28:18][I][WriteRFDataTocsv] Update complete.
[2020/07/29 03:28:18][WriteRFDataTocsv][I] Update testscript GFI20_RF_Zigbee's data.
[2020/07/29 03:28:18][I][WriteRFDataTocsv] Update complete.
[2020/07/29 03:28:18][WriteRFDataTocsv][I] Update testscript GFI20_RF_Zigbee's data.
[2020/07/29 03:28:18][I][WriteRFDataTocsv] Update complete.
[2020/07/29 03:28:19][WriteRFDataTocsv][I] Update testscript GFI20_RF_Zigbee's data.
[2020/07/29 03:28:19][I][WriteRFDataTocsv] Update complete.
[2020/07/29 03:28:19][WriteRFDataTocsv][I] Update testscript GFI20_RF_Zigbee's data.
[2020/07/29 03:28:19][I][WriteRFDataTocsv] Update complete.
[2020/07/29 03:28:21][I][WriteDataTocsv] Create new row with item GFI20_RF_Zigbee.
[2020/07/29 03:28:21][I][WriteDataTocsv] Update complete.
[2020/07/29 03:28:21][WriteRFDataTocsv][I] Update testscript GFI20_RF_Zigbee's data.
[2020/07/29 03:28:21][I][WriteRFDataTocsv] Update complete.
[2020/07/29 03:29:37][WriteRFDataTocsv][I] Update testscript GFI20_RF_LTE's data.
[2020/07/29 03:29:37][I][WriteRFDataTocsv] Update complete.
[2020/07/29 03:29:38][WriteRFDataTocsv][I] Update testscript GFI20_RF_LTE's data.
[2020/07/29 03:29:38][I][WriteRFDataTocsv] Update complete.
[2020/07/29 03:29:38][WriteRFDataTocsv][I] Update testscript GFI20_RF_LTE's data.
[2020/07/29 03:29:38][I][WriteRFDataTocsv] Update complete.
[2020/07/29 03:29:38][WriteRFDataTocsv][I] Update testscript GFI20_RF_LTE's data.
[2020/07/29 03:29:38][I][WriteRFDataTocsv] Update complete.
[2020/07/29 03:29:40][I][WriteDataTocsv] Create new row with item GFI20_RF_LTE.
[2020/07/29 03:29:40][I][WriteDataTocsv] Update complete.
[2020/07/29 03:29:40][WriteRFDataTocsv][I] Update testscript GFI20_RF_LTE's data.
[2020/07/29 03:29:40][I][WriteRFDataTocsv] Update complete.
[2020/07/29 03:29:40]--------------------DBUploading start--------------------
[2020/07/29 03:29:40][I][uploadData] Projcet name: GFI20
[2020/07/29 03:29:40][I][uploadData] Station name: BRF
[2020/07/29 03:29:40][I][tryConnectDatabase] Connect to MariaDB GFI20 database success!!
[2020/07/29 03:29:41][I][uploadData] Write data into BRF_GFI20Bootup
[2020/07/29 03:29:41][I][uploadData] Write data into BRF_CountDown
[2020/07/29 03:29:41][I][uploadData] Write data into BRF_GFI20_RF_Zigbee
[2020/07/29 03:29:41][I][uploadData] Write data into BRF_GFI20_RF_LTE
[2020/07/29 03:29:41][I][tryConnectDatabase] Connect to MariaDB GFI20_RF database success!!
[2020/07/29 03:29:41][I][uploadData] Write data into BRF_GFI20_RF_Zigbee_ZIGBEE_2450_TX_FREQ2425_ANT1_Power
[2020/07/29 03:29:41][I][uploadData] Write data into BRF_GFI20_RF_Zigbee_ZIGBEE_2450_TX_FREQ2455_ANT1_Power
[2020/07/29 03:29:41][I][uploadData] Write data into BRF_GFI20_RF_Zigbee_ZIGBEE_2450_TX_FREQ2470_ANT1_Power
[2020/07/29 03:29:41][I][uploadData] Write data into BRF_GFI20_RF_Zigbee_ZIGBEE_2450_RX_FREQ2445_ANT1_LNAONRSSI
[2020/07/29 03:29:41][I][uploadData] Write data into BRF_GFI20_RF_Zigbee_ZIGBEE_2450_RX_FREQ2445_ANT1_LNAOFFRSSI
[2020/07/29 03:29:41][I][uploadData] Write data into BRF_GFI20_RF_LTE_LTE_3G_TX_FREQ897.4_ANT1_Power
[2020/07/29 03:29:41][I][uploadData] Write data into BRF_GFI20_RF_LTE_LTE_3G_TX_FREQ1950_ANT1_Power
[2020/07/29 03:29:41][I][uploadData] Write data into BRF_GFI20_RF_LTE_LTE_2G_TX_FREQ914.8_ANT1_Power
[2020/07/29 03:29:41][I][uploadData] Write data into BRF_GFI20_RF_LTE_LTE_2G_RX_FREQ959.8_ANT1_RSSI
[2020/07/29 03:29:41]---------- INI ----------
[2020/07/29 03:29:41][E][uploadData] Read MDUT.ini failed.
