[2020/07/29 03:25:29][I][getBOM] Get BOM Success!
[2020/07/29 03:25:29][I][getSKU] Get SKU from BOM: BOM_SKU, SKU name: 451AOD30L02
[2020/07/29 03:25:29][I][loadTestItemBySKU] Test Item List = (GFI20Bootup.py,1)(CountDown.py,1)(GFI20_RF_Zigbee,2)(GFI20_RF_LTE,1)
[2020/07/29 03:25:29][I][loadTestItemBySKU] Test Item List Element = ['GFI20Bootup.py,1', 'CountDown.py,1', 'GFI20_RF_Zigbee,2', 'GFI20_RF_LTE,1']
[2020/07/29 03:25:29][I][showTestingMsg] Waiting for testing...
[2020/07/29 03:25:29]---------- TestItem:GFI20Bootup.py  Method:1 ----------
[2020/07/29 03:25:29][I][runTestItem] Test start time: 2020/07/29 03:25:29
[2020/07/29 03:25:35][I][runTestItem] Test finished
[2020/07/29 03:25:35][I][checkTestResult] Version=3.0.0.3
[2020/07/29 03:25:35][I][checkTestResult] Result=Pass
[2020/07/29 03:25:35]*********************************************************
[2020/07/29 03:25:35]GFI20Bootup.py   3.0.0.3

[2020/07/29 03:25:35]			Result: Pass

[2020/07/29 03:25:35]			Method: 1

[2020/07/29 03:25:35]			Start: 2020/07/29 03:25:29

[2020/07/29 03:25:35]			End: 2020/07/29 03:25:35
[2020/07/29 03:25:35][I][runTestItem] Test end time: 2020/07/29 03:25:35
[2020/07/29 03:25:35]---------- TestItem:CountDown.py  Method:1 ----------
[2020/07/29 03:25:35][I][runTestItem] Test start time: 2020/07/29 03:25:35
[2020/07/29 03:26:27][I][runTestItem] Test finished
[2020/07/29 03:26:27][I][checkTestResult] Version=3.0.0.3
[2020/07/29 03:26:27][I][checkTestResult] Result=Pass
[2020/07/29 03:26:27]*********************************************************
[2020/07/29 03:26:27]CountDown.py   3.0.0.3

[2020/07/29 03:26:27]			Result: Pass

[2020/07/29 03:26:27]			Method: 1

[2020/07/29 03:26:27]			Start: 2020/07/29 03:25:35

[2020/07/29 03:26:27]			End: 2020/07/29 03:26:27
[2020/07/29 03:26:27][I][runTestItem] Test end time: 2020/07/29 03:26:27
[2020/07/29 03:26:27]---------- TestItem:GFI20_RF_Zigbee.py  Method:2 ----------
[2020/07/29 03:26:27][I][runTestItem] Test start time: 2020/07/29 03:26:27
[2020/07/29 03:28:21][I][runTestItem] Test finished
[2020/07/29 03:28:21][I][checkTestResult] Version=3.0.0.3
[2020/07/29 03:28:21][I][checkTestResult] Result=Pass
[2020/07/29 03:28:21]*********************************************************
[2020/07/29 03:28:21]GFI20_RF_Zigbee.py   3.0.0.3

[2020/07/29 03:28:21]			Result: Pass

[2020/07/29 03:28:21]			Method: 2

[2020/07/29 03:28:21]			Start: 2020/07/29 03:26:27

[2020/07/29 03:28:21]			End: 2020/07/29 03:28:21
[2020/07/29 03:28:21][I][runTestItem] Test end time: 2020/07/29 03:28:21
[2020/07/29 03:28:21]---------- TestItem:GFI20_RF_LTE.py  Method:1 ----------
[2020/07/29 03:28:21][I][runTestItem] Test start time: 2020/07/29 03:28:21
[2020/07/29 03:29:40][I][runTestItem] Test finished
[2020/07/29 03:29:40][I][checkTestResult] Version=3.0.0.11
[2020/07/29 03:29:40][I][checkTestResult] Result=Pass
[2020/07/29 03:29:40]*********************************************************
[2020/07/29 03:29:40]GFI20_RF_LTE.py   3.0.0.11

[2020/07/29 03:29:40]			Result: Pass

[2020/07/29 03:29:40]			Method: 1

[2020/07/29 03:29:40]			Start: 2020/07/29 03:28:21

[2020/07/29 03:29:40]			End: 2020/07/29 03:29:40
[2020/07/29 03:29:40][I][runTestItem] Test end time: 2020/07/29 03:29:40
[2020/07/29 03:29:42][I][runLastScript] Waiting for ending...
[2020/07/29 03:29:42]---------- TestItem:GFI20LastScript.py  Method:1 ----------
[2020/07/29 03:29:42][I][runLastScript] Test start time: 2020/07/29 03:29:42
[2020/07/29 03:30:27][I][runLastScript] Test finished
[2020/07/29 03:30:27][I][runLastScript] Test end time: 2020/07/29 03:30:27
[2020/07/29 03:30:27][I][checkTestResult] Version=3.0.0.6
[2020/07/29 03:30:27][I][checkTestResult] Result=Pass
[2020/07/29 03:30:27]*********************************************************
[2020/07/29 03:30:27]GFI20LastScript.py   3.0.0.6

[2020/07/29 03:30:27]			Result: Pass

[2020/07/29 03:30:27]			Method: 1

[2020/07/29 03:30:27]			Start: 2020/07/29 03:29:42

[2020/07/29 03:30:27]			End: 2020/07/29 03:30:27
[2020/07/29 03:30:27][I][processSFISUploadPass] No SFIS RecordInfo
[2020/07/29 03:30:29][I][processSFISUploadPass] Upload pass Success!
