[2020/07/29 09:37:06.761228] ========== Start ==========
[2020/07/29 09:37:06.765221] [I][main] Python 3.7.2 (tags/v3.7.2:9a3ffc0492, Dec 23 2018, 23:09:28) [MSC v.1916 64 bit (AMD64)]
[2020/07/29 09:37:06.767917] [I][main] GFI20_RF_Zigbee.py 3.0.0.3
[2020/07/29 09:37:06.769960] [I][readINI] ---------- INI ----------
[2020/07/29 09:37:06.773946] [I][readINI] SKU = 1
[2020/07/29 09:37:06.776972] [I][readINI] InstrumentINI = GFI20_Zigbee_Instrument_Setting
[2020/07/29 09:37:06.778978] [I][readINI] ---------- Test Plan 1 ----------
[2020/07/29 09:37:06.781961] [I][readINI] TestPlan1 = ZIGBEE_2450;15/2425,21/2455,24/2470;TX_Power
[2020/07/29 09:37:06.783961] [I][readINI] CableLoss = ['8.2', '8.9', '8.8'] dBm
[2020/07/29 09:37:06.788976] [I][readINI] TX_Power = ['0', '0', '0'] dBm
[2020/07/29 09:37:06.792014] [I][readINI] Calibration_ON = 1
[2020/07/29 09:37:06.793988] [I][readINI] Ca_Tx_Power_Target = ['9.2', '9.2', '9.2']
[2020/07/29 09:37:06.796025] [I][readINI] Ca_Tx_Power_Gap = ['0.5', '0.5', '0.5']
[2020/07/29 09:37:06.797999] [I][readINI] Ca_Tx_Power_Offset = ['0.86', '0.86', '0.86']
[2020/07/29 09:37:06.801230] [I][readINI] Current_ON = 1
[2020/07/29 09:37:06.803237] [I][readINI] TX_Current_SpecMax = ['0.18', '0.18', '0.18'] A
[2020/07/29 09:37:06.805243] [I][readINI] TX_Current_SpecMin = ['0.045', '0.045', '0.045'] A
[2020/07/29 09:37:06.808251] [I][readINI] TX_Power_SpecMax = ['12', '12', '12'] dBm
[2020/07/29 09:37:06.810256] [I][readINI] TX_Power_SpecMin = ['6', '6', '6'] dBm
[2020/07/29 09:37:06.813721] [I][readINI] ---------- Test Plan 1 ----------
[2020/07/29 09:37:06.815728] [I][readINI] ---------- Test Plan 2 ----------
[2020/07/29 09:37:06.818737] [I][readINI] TestPlan2 = ZIGBEE_2450;19/2445;RX_RSSI
[2020/07/29 09:37:06.821319] [I][readINI] CableLoss = ['8.9'] dBm
[2020/07/29 09:37:06.823327] [I][readINI] RX_Cell_Power = ['-25'] dBm
[2020/07/29 09:37:06.825367] [I][readINI] RX_LNAON_RSSI_SpecMax = ['-9'] %
[2020/07/29 09:37:06.829343] [I][readINI] RX_LNAON_RSSI_SpecMin = ['-18'] %
[2020/07/29 09:37:06.831347] [I][readINI] RX_LNAOFF_RSSI_SpecMax = ['-24'] %
[2020/07/29 09:37:06.834382] [I][readINI] RX_LNAOFF_RSSI_SpecMin = ['-30'] %
[2020/07/29 09:37:06.837365] [I][readINI] ---------- Test Plan 2 ----------
[2020/07/29 09:37:06.844381] [I][readINI] StartButton_ON = 0
[2020/07/29 09:37:06.846428] [I][readINI] FailAutoExit = True
[2020/07/29 09:37:06.848402] [I][readINI] FailRetryAll = True
[2020/07/29 09:37:06.852429] [I][readINI] RFDatabase = True
[2020/07/29 09:37:06.854411] [I][readINI] EC = 010000S01
[2020/07/29 09:37:06.857418] [I][readINI] ---------- INI ----------
[2020/07/29 09:37:06.861462] [I][readInstrumentINI] ---------- Common ----------
[2020/07/29 09:37:06.865027] [I][readInstrumentINI] Instrument_Name = E6640A
[2020/07/29 09:37:06.867076] [I][readInstrumentINI] Instrument_IP_Addr = TCPIP0::192.168.1.2::hislip0::INSTR
[2020/07/29 09:37:06.871694] [I][readInstrumentINI] PowerSupplier_Name = 66321B
[2020/07/29 09:37:06.874705] [I][readInstrumentINI] PowerSupplier_Addr = GPIB0::5::INSTR
[2020/07/29 09:37:06.877924] [I][readInstrumentINI] Current_Delay = 0.5
[2020/07/29 09:37:06.880962] [I][readInstrumentINI] ---------- Common ----------
[2020/07/29 09:37:06.884960] [I][readInstrumentINI] ---------- ZIGBEE_2450 ----------
[2020/07/29 09:37:06.887952] [I][readInstrumentINI] RFIO_Input = 1
[2020/07/29 09:37:06.891719] [I][readInstrumentINI] Tx_Span = 10000.0 kHz
[2020/07/29 09:37:06.894727] [I][readInstrumentINI] Tx_PowRange = 20.0 dBm
[2020/07/29 09:37:06.896735] [I][readInstrumentINI] Tx_SymbolRate = 1000.0 kHz
[2020/07/29 09:37:06.901729] [I][readInstrumentINI] Tx_MeasInterval = 500
[2020/07/29 09:37:06.904966] [I][readInstrumentINI] Tx_TrigLevel = 30.0 mV
[2020/07/29 09:37:06.906981] [I][readInstrumentINI] Tx_TrigDelay = 0.3 ms
[2020/07/29 09:37:06.910983] [I][readInstrumentINI] RFIO_Output = 1
[2020/07/29 09:37:06.915145] [I][readInstrumentINI] ---------- ZIGBEE_2450 ----------
[2020/07/29 09:37:06.918157] ---------- StartTest ----------
[2020/07/29 09:37:06.928821] [I][chkDUTConnect] Connect to DUT
[2020/07/29 09:37:06.940010] [I][chkDUTConnect] Check DUT status
[2020/07/29 09:37:07.785602] [I][chkDUTConnect] Success
[2020/07/29 09:37:07.805064] [I][chkE6640AConnect] Connect to E6640A
[2020/07/29 09:37:09.005411] [I][chkE6640AConnect] Preset E6640A status
[2020/07/29 09:37:10.092471] [I][chkE6640AConnect] success
[2020/07/29 09:37:10.366572] ---------- Test Plan 1 ----------
[2020/07/29 09:37:10.370583] [I][startTestPlan]---------- ZIGBEE_2450 Freq 2425 ----------
[2020/07/29 09:37:10.373590] [I][startTestPlan]---------- Measure Tx Start ----------
[2020/07/29 09:37:10.376607] [I][startTestPlan] Preset E6640A
[2020/07/29 09:37:11.485670] [I][startTestPlan] Success
[2020/07/29 09:37:11.489682] [I][startTestPlan] Set Tx Start
[2020/07/29 09:37:13.913718] [I][startTestPlan] Success
[2020/07/29 09:37:13.918732] [I][startTestPlan] Set DUT Tx
[2020/07/29 09:37:19.797836] [I][startTestPlan] Success
[2020/07/29 09:37:19.800883] [I][startTestPlan] Start DUT Tx
[2020/07/29 09:37:22.328748] [I][startTestPlan] Success
[2020/07/29 09:37:23.869000] [I][startTestPlan] 9.792, 13.375, 14.582
[2020/07/29 09:37:24.426577] [I][startTestPlan] 0.175
[2020/07/29 09:37:24.433765] [I][startTestPlan] Stop DUT Tx
[2020/07/29 09:37:25.291458] [I][startTestPlan] Success
[2020/07/29 09:37:25.295574] [I][startTestPlan] Calibration
[2020/07/29 09:37:25.300681] [I][startTestPlan] Calculate DUT Tx Power
[2020/07/29 09:37:25.303734] [I][startTestPlan] DUT Tx Power: -1
[2020/07/29 09:37:25.306699] [I][startTestPlan] Measure again
[2020/07/29 09:37:25.310755] [I][startTestPlan] Set DUT Tx
[2020/07/29 09:37:31.238032] [I][startTestPlan] Success
[2020/07/29 09:37:31.241042] [I][startTestPlan] Start DUT Tx
[2020/07/29 09:37:33.789381] [I][startTestPlan] Success
[2020/07/29 09:37:35.350384] [I][startTestPlan] 9.142, 13.423, 13.588
[2020/07/29 09:37:35.909915] [I][startTestPlan] 0.145
[2020/07/29 09:37:35.916259] [I][startTestPlan] Stop DUT Tx
[2020/07/29 09:37:36.901853] [I][startTestPlan] Success
[2020/07/29 09:37:36.904915] [I][startTestPlan] Power: 9.142 dBm
[2020/07/29 09:37:36.908875] [I][startTestPlan] Freq Err: 13.423 ppm
[2020/07/29 09:37:36.912919] [I][startTestPlan] EVM: 13.588 %
[2020/07/29 09:37:36.916964] [I][startTestPlan] Current: 0.145 A
[2020/07/29 09:37:36.920943] [I][startTestPlan] Check Tx Result
[2020/07/29 09:37:36.923980] [I][startBTTest] Tx Test Time: 26.554
[2020/07/29 09:37:36.929567] [I][startTestPlan]---------- ZIGBEE_2450 Freq 2455 ----------
[2020/07/29 09:37:36.932514] [I][startTestPlan]---------- Measure Tx Start ----------
[2020/07/29 09:37:36.938202] [I][startTestPlan] Preset E6640A
[2020/07/29 09:37:38.254785] [I][startTestPlan] Success
[2020/07/29 09:37:38.258799] [I][startTestPlan] Set Tx Start
[2020/07/29 09:37:40.711044] [I][startTestPlan] Success
[2020/07/29 09:37:40.716060] [I][startTestPlan] Set DUT Tx
[2020/07/29 09:37:46.682999] [I][startTestPlan] Success
[2020/07/29 09:37:46.686039] [I][startTestPlan] Start DUT Tx
[2020/07/29 09:37:49.239297] [I][startTestPlan] Success
[2020/07/29 09:37:50.903285] [I][startTestPlan] 10.457, 13.464, 13.587
[2020/07/29 09:37:51.464650] [I][startTestPlan] 0.143
[2020/07/29 09:37:51.473636] [I][startTestPlan] Stop DUT Tx
[2020/07/29 09:37:52.339593] [I][startTestPlan] Success
[2020/07/29 09:37:52.347948] [I][startTestPlan] Calibration
[2020/07/29 09:37:52.351997] [I][startTestPlan] Calculate DUT Tx Power
[2020/07/29 09:37:52.354969] [I][startTestPlan] DUT Tx Power: -1
[2020/07/29 09:37:52.358989] [I][startTestPlan] Measure again
[2020/07/29 09:37:52.363130] [I][startTestPlan] Set DUT Tx
[2020/07/29 09:37:58.312278] [I][startTestPlan] Success
[2020/07/29 09:37:58.315692] [I][startTestPlan] Start DUT Tx
[2020/07/29 09:38:00.876156] [I][startTestPlan] Success
[2020/07/29 09:38:02.531973] [I][startTestPlan] 9.391, 13.475, 13.635
[2020/07/29 09:38:03.097054] [I][startTestPlan] 0.142
[2020/07/29 09:38:03.100065] [I][startTestPlan] Stop DUT Tx
[2020/07/29 09:38:03.956758] [I][startTestPlan] Success
[2020/07/29 09:38:03.961819] [I][startTestPlan] Power: 9.391 dBm
[2020/07/29 09:38:03.966128] [I][startTestPlan] Freq Err: 13.475 ppm
[2020/07/29 09:38:03.969139] [I][startTestPlan] EVM: 13.635 %
[2020/07/29 09:38:03.973149] [I][startTestPlan] Current: 0.142 A
[2020/07/29 09:38:03.977189] [I][startTestPlan] Check Tx Result
[2020/07/29 09:38:03.982180] [I][startBTTest] Tx Test Time: 27.052
[2020/07/29 09:38:03.987617] [I][startTestPlan]---------- ZIGBEE_2450 Freq 2470 ----------
[2020/07/29 09:38:03.992631] [I][startTestPlan]---------- Measure Tx Start ----------
[2020/07/29 09:38:03.996364] [I][startTestPlan] Preset E6640A
[2020/07/29 09:38:05.282687] [I][startTestPlan] Success
[2020/07/29 09:38:05.292847] [I][startTestPlan] Set Tx Start
[2020/07/29 09:38:07.737333] [I][startTestPlan] Success
[2020/07/29 09:38:07.742346] [I][startTestPlan] Set DUT Tx
[2020/07/29 09:38:13.702947] [I][startTestPlan] Success
[2020/07/29 09:38:13.706923] [I][startTestPlan] Start DUT Tx
[2020/07/29 09:38:16.253439] [I][startTestPlan] Success
[2020/07/29 09:38:17.921797] [I][startTestPlan] 10.829, 13.492, 15.206
[2020/07/29 09:38:18.485293] [I][startTestPlan] 0.143
[2020/07/29 09:38:18.497318] [I][startTestPlan] Stop DUT Tx
[2020/07/29 09:38:19.353241] [I][startTestPlan] Success
[2020/07/29 09:38:19.357255] [I][startTestPlan] Calibration
[2020/07/29 09:38:19.361684] [I][startTestPlan] Calculate DUT Tx Power
[2020/07/29 09:38:19.365434] [I][startTestPlan] DUT Tx Power: -2
[2020/07/29 09:38:19.368602] [I][startTestPlan] Measure again
[2020/07/29 09:38:19.372801] [I][startTestPlan] Set DUT Tx
[2020/07/29 09:38:25.334211] [I][startTestPlan] Success
[2020/07/29 09:38:25.337221] [I][startTestPlan] Start DUT Tx
[2020/07/29 09:38:27.885841] [I][startTestPlan] Success
[2020/07/29 09:38:29.543563] [I][startTestPlan] 8.938, 13.497, 15.643
[2020/07/29 09:38:30.098548] [I][startTestPlan] 0.14
[2020/07/29 09:38:30.103520] [I][startTestPlan] Stop DUT Tx
[2020/07/29 09:38:30.958278] [I][startTestPlan] Success
[2020/07/29 09:38:30.962879] [I][startTestPlan] Power: 8.938 dBm
[2020/07/29 09:38:30.966891] [I][startTestPlan] Freq Err: 13.497 ppm
[2020/07/29 09:38:30.969898] [I][startTestPlan] EVM: 15.643 %
[2020/07/29 09:38:30.973909] [I][startTestPlan] Current: 0.14 A
[2020/07/29 09:38:30.978310] [I][startTestPlan] Check Tx Result
[2020/07/29 09:38:30.981319] [I][startBTTest] Tx Test Time: 26.995
[2020/07/29 09:38:30.985331] ---------- Test Plan 2 ----------
[2020/07/29 09:38:30.989340] [I][startTestPlan]---------- ZIGBEE_2450 Freq 2445 ----------
[2020/07/29 09:38:30.993351] [I][startTestPlan]---------- Measure Rx Start ----------
[2020/07/29 09:38:30.997396] [I][startTestPlan] Preset E6640A
[2020/07/29 09:38:32.308286] [I][startTestPlan] Success
[2020/07/29 09:38:32.311312] [I][startTestPlan]---------- LNA ON ----------
[2020/07/29 09:38:32.315306] [I][startTestPlan] Set Rx one tone
[2020/07/29 09:38:32.362414] [I][startTestPlan] Success
[2020/07/29 09:38:32.366461] [I][startTestPlan] Set DUT Rx
[2020/07/29 09:38:36.611695] [I][startTestPlan] Success
[2020/07/29 09:38:41.719454] [I][startTestPlan] Success
[2020/07/29 09:38:46.785002] [I][startTestPlan] Rx RSSI: -15 dBm
[2020/07/29 09:38:46.798040] [I][startTestPlan]---------- LNA OFF ----------
[2020/07/29 09:38:46.801041] [I][startTestPlan] Set Rx one tone
[2020/07/29 09:38:46.847336] [I][startTestPlan] Success
[2020/07/29 09:38:46.851358] [I][startTestPlan] Set DUT Rx
[2020/07/29 09:38:51.111039] [I][startTestPlan] Success
[2020/07/29 09:38:55.389153] [I][startTestPlan] Success
[2020/07/29 09:39:00.348241] [I][startTestPlan] Rx RSSI: -28 dBm
[2020/07/29 09:39:00.361523] [I][startTestPlan] Check Rx Result
[2020/07/29 09:39:00.365538] [I][startBTTest] Rx Test Time: 29.376
[2020/07/29 09:39:00.370549] [I][startBTTest] Copy calibration data
[2020/07/29 09:39:00.380611] [I][startBTTest] Write Calibration Data
[2020/07/29 09:39:00.849563] [I][TestResult] Test Pass!
