[2020/07/28 10:22:53][I][getBOM] No SFIS CheckStatus
[2020/07/28 10:22:53][I][loadTestItemBySKU] Test Item List = (GFI20_RF_Zigbee,2)(GFI20_RF_LTE,1)
[2020/07/28 10:22:53][I][loadTestItemBySKU] Test Item List Element = ['GFI20_RF_Zigbee,2', 'GFI20_RF_LTE,1']
[2020/07/28 10:22:53][I][showTestingMsg] Waiting for testing...
[2020/07/28 10:22:53]---------- TestItem:GFI20_RF_Zigbee.py  Method:2 ----------
[2020/07/28 10:22:53][I][runTestItem] Test start time: 2020/07/28 10:22:53
[2020/07/28 10:24:54][I][runTestItem] Test finished
[2020/07/28 10:24:54][I][checkTestResult] Version=3.0.0.3
[2020/07/28 10:24:54][I][checkTestResult] Result=Pass
[2020/07/28 10:24:54]*********************************************************
[2020/07/28 10:24:54]GFI20_RF_Zigbee.py   3.0.0.3

[2020/07/28 10:24:54]			Result: Pass

[2020/07/28 10:24:54]			Method: 2

[2020/07/28 10:24:54]			Start: 2020/07/28 10:22:53

[2020/07/28 10:24:54]			End: 2020/07/28 10:24:54
[2020/07/28 10:24:54][I][runTestItem] Test end time: 2020/07/28 10:24:54
[2020/07/28 10:24:54]---------- TestItem:GFI20_RF_LTE.py  Method:1 ----------
[2020/07/28 10:24:54][I][runTestItem] Test start time: 2020/07/28 10:24:54
[2020/07/28 10:26:16][I][runTestItem] Test finished
[2020/07/28 10:26:16][I][checkTestResult] Version=3.0.0.11
[2020/07/28 10:26:16][I][checkTestResult] Result=Pass
[2020/07/28 10:26:16]*********************************************************
[2020/07/28 10:26:16]GFI20_RF_LTE.py   3.0.0.11

[2020/07/28 10:26:16]			Result: Pass

[2020/07/28 10:26:16]			Method: 1

[2020/07/28 10:26:16]			Start: 2020/07/28 10:24:54

[2020/07/28 10:26:16]			End: 2020/07/28 10:26:16
[2020/07/28 10:26:16][I][runTestItem] Test end time: 2020/07/28 10:26:16
[2020/07/28 10:26:17][I][processSFISUploadPass] No SFIS RecordInfo
[2020/07/28 10:26:17][I][processSFISUploadPass] No SFIS UploadPass
