[2020/07/29 02:32:12.182474]========== Start ==========
[2020/07/29 02:32:12.183469][I][class_E6640A_LTE] Initial class_E6640A_LTE
[2020/07/29 02:32:12.185474][I][class_E6640A_LTE] Version: 3.0.0.3
[2020/07/29 02:32:12.189485][I][connect_E6640A] Connect to E6640A
[2020/07/29 02:32:12.200521][I][connect_E6640A] Resource Manager of Visa Library at C:\Windows\system32\visa32.dll
[2020/07/29 02:32:12.248645][I][queryEx] E6640A <= *IDN?
[2020/07/29 02:32:12.252652][I][queryEx] E6640A => Keysight Technologies,E6640A,MY57150246,E.19.71
[2020/07/29 02:32:12.254657][I][set_Preset] System reset
[2020/07/29 02:32:12.256663][I][writeEx] E6640A <= *RST
[2020/07/29 02:32:12.258668][I][writeEx] E6640A <= *CLS
[2020/07/29 02:32:12.260674][I][writeEx] E6640A <= SYST:PRES
[2020/07/29 02:32:12.564459][I][queryEx] E6640A <= *OPC?
[2020/07/29 02:32:13.301420][I][queryEx] E6640A => 1
[2020/07/29 02:32:13.305431][I][set_Preset] System reset
[2020/07/29 02:32:13.307435][I][writeEx] E6640A <= *RST
[2020/07/29 02:32:13.309440][I][writeEx] E6640A <= *CLS
[2020/07/29 02:32:13.311446][I][writeEx] E6640A <= SYST:PRES
[2020/07/29 02:32:13.614254][I][queryEx] E6640A <= *OPC?
[2020/07/29 02:32:14.349207][I][queryEx] E6640A => 1
[2020/07/29 02:32:14.606673][I][set_Preset] System reset
[2020/07/29 02:32:14.608680][I][writeEx] E6640A <= *RST
[2020/07/29 02:32:14.610684][I][writeEx] E6640A <= *CLS
[2020/07/29 02:32:14.613692][I][writeEx] E6640A <= SYST:PRES
[2020/07/29 02:32:14.916497][I][queryEx] E6640A <= *OPC?
[2020/07/29 02:32:15.657467][I][queryEx] E6640A => 1
[2020/07/29 02:32:15.666491][I][set_Tx_Start] Set Tx start
[2020/07/29 02:32:15.668498][I][set_RFI_Port] Set input port
[2020/07/29 02:32:15.670502][I][writeEx] E6640A <= :FEED:RF:PORT:INPut RFIO1
[2020/07/29 02:32:15.672508][I][queryEx] E6640A <= :FEED:RF:PORT:INPut?
[2020/07/29 02:32:15.677520][I][queryEx] E6640A => RFIO1
[2020/07/29 02:32:15.679527][I][set_Modulation_Analysis] Set measurement function
[2020/07/29 02:32:15.681544][I][writeEx] E6640A <= INST:SEL LTEAFDD
[2020/07/29 02:32:15.984743][I][queryEx] E6640A <= *OPC?
[2020/07/29 02:32:15.993701][I][queryEx] E6640A => 1
[2020/07/29 02:32:15.996713][I][queryEx] E6640A <= INST:SEL?
[2020/07/29 02:32:16.016070][I][queryEx] E6640A => LTEAFDD
[2020/07/29 02:32:16.019733][I][writeEx] E6640A <= DISP:CHP:VIEW:WIND:TRAC:Y:COUP OFF
[2020/07/29 02:32:16.021740][I][set_Freq] Set frequence
[2020/07/29 02:32:16.024749][I][writeEx] E6640A <= :FREQuency:CENTer 897.4 MHz
[2020/07/29 02:32:16.026754][I][set_Continue] Set continue
[2020/07/29 02:32:16.029943][I][writeEx] E6640A <= :INIT:CONT ON
[2020/07/29 02:32:16.031950][I][set_Trigger_Free_Run] Set trigger free run
[2020/07/29 02:32:16.034959][I][writeEx] E6640A <= TRIG:CHP:SOUR IMM
[2020/07/29 02:32:16.338327][I][queryEx] E6640A <= *OPC?
[2020/07/29 02:32:16.346358][I][queryEx] E6640A => 1
[2020/07/29 02:32:20.908385][I][chk_Tx_Result] Check Tx result
[2020/07/29 02:32:20.914585][I][set_Limit_Range] Set reference value
[2020/07/29 02:32:20.916593][I][writeEx] E6640A <= DISP:CHP:VIEW:WIND:TRAC:Y:RLEV 30.0 dBm
[2020/07/29 02:32:21.220824][I][queryEx] E6640A <= *OPC?
[2020/07/29 02:32:21.229074][I][queryEx] E6640A => 1
[2020/07/29 02:32:21.232085][I][set_Limit_Range] Set power range
[2020/07/29 02:32:21.235094][I][writeEx] E6640A <= :POW:RANG 30.0 dBm
[2020/07/29 02:32:21.539513][I][queryEx] E6640A <= *OPC?
[2020/07/29 02:32:21.546575][I][queryEx] E6640A => 1
[2020/07/29 02:32:21.549814][I][set_Trigger_Video] Set trigger video
[2020/07/29 02:32:21.552493][I][writeEx] E6640A <= TRIG:CHP:SOUR IF
[2020/07/29 02:32:21.857029][I][queryEx] E6640A <= *OPC?
[2020/07/29 02:32:21.866026][I][queryEx] E6640A => 1
[2020/07/29 02:32:21.971207][I][set_Trigger_Free_Run] Set trigger free run
[2020/07/29 02:32:21.982269][I][writeEx] E6640A <= TRIG:CHP:SOUR IMM
[2020/07/29 02:32:22.293324][I][queryEx] E6640A <= *OPC?
[2020/07/29 02:32:22.302355][I][queryEx] E6640A => 1
[2020/07/29 02:32:22.305995][I][get_Power] Get Tx power
[2020/07/29 02:32:22.308888][I][queryEx] E6640A <= :FETCh:CHPower:CHPower?
[2020/07/29 02:32:22.314162][I][queryEx] E6640A => 1.442551136E+01
[2020/07/29 02:32:22.316911][I][chk_Tx_Result] Tx power(add loss: 8.500000) = 22.926000 dBm
[2020/07/29 02:32:22.319918][I][set_Continue] Set continue
[2020/07/29 02:32:22.322927][I][writeEx] E6640A <= :INIT:CONT ON
[2020/07/29 02:32:24.269317][I][set_Preset] System reset
[2020/07/29 02:32:24.272327][I][writeEx] E6640A <= *RST
[2020/07/29 02:32:24.275754][I][writeEx] E6640A <= *CLS
[2020/07/29 02:32:24.278986][I][writeEx] E6640A <= SYST:PRES
[2020/07/29 02:32:24.583493][I][queryEx] E6640A <= *OPC?
[2020/07/29 02:32:25.132064][I][queryEx] E6640A => 1
[2020/07/29 02:32:25.146036][I][set_Tx_Start] Set Tx start
[2020/07/29 02:32:25.149044][I][set_RFI_Port] Set input port
[2020/07/29 02:32:25.152052][I][writeEx] E6640A <= :FEED:RF:PORT:INPut RFIO1
[2020/07/29 02:32:25.155072][I][queryEx] E6640A <= :FEED:RF:PORT:INPut?
[2020/07/29 02:32:25.160758][I][queryEx] E6640A => RFIO1
[2020/07/29 02:32:25.163746][I][set_Modulation_Analysis] Set measurement function
[2020/07/29 02:32:25.165752][I][writeEx] E6640A <= INST:SEL LTEAFDD
[2020/07/29 02:32:25.471000][I][queryEx] E6640A <= *OPC?
[2020/07/29 02:32:25.480995][I][queryEx] E6640A => 1
[2020/07/29 02:32:25.484963][I][queryEx] E6640A <= INST:SEL?
[2020/07/29 02:32:25.491023][I][queryEx] E6640A => LTEAFDD
[2020/07/29 02:32:25.493989][I][writeEx] E6640A <= DISP:CHP:VIEW:WIND:TRAC:Y:COUP OFF
[2020/07/29 02:32:25.498007][I][set_Freq] Set frequence
[2020/07/29 02:32:25.501299][I][writeEx] E6640A <= :FREQuency:CENTer 1950.0 MHz
[2020/07/29 02:32:25.504345][I][set_Continue] Set continue
[2020/07/29 02:32:25.507318][I][writeEx] E6640A <= :INIT:CONT ON
[2020/07/29 02:32:25.511233][I][set_Trigger_Free_Run] Set trigger free run
[2020/07/29 02:32:25.514245][I][writeEx] E6640A <= TRIG:CHP:SOUR IMM
[2020/07/29 02:32:25.818767][I][queryEx] E6640A <= *OPC?
[2020/07/29 02:32:25.828400][I][queryEx] E6640A => 1
[2020/07/29 02:32:30.510577][I][chk_Tx_Result] Check Tx result
[2020/07/29 02:32:30.518605][I][set_Limit_Range] Set reference value
[2020/07/29 02:32:30.521612][I][writeEx] E6640A <= DISP:CHP:VIEW:WIND:TRAC:Y:RLEV 30.0 dBm
[2020/07/29 02:32:30.826117][I][queryEx] E6640A <= *OPC?
[2020/07/29 02:32:30.835767][I][queryEx] E6640A => 1
[2020/07/29 02:32:30.839161][I][set_Limit_Range] Set power range
[2020/07/29 02:32:30.842207][I][writeEx] E6640A <= :POW:RANG 30.0 dBm
[2020/07/29 02:32:31.146350][I][queryEx] E6640A <= *OPC?
[2020/07/29 02:32:31.155213][I][queryEx] E6640A => 1
[2020/07/29 02:32:31.159268][I][set_Trigger_Video] Set trigger video
[2020/07/29 02:32:31.162237][I][writeEx] E6640A <= TRIG:CHP:SOUR IF
[2020/07/29 02:32:31.467375][I][queryEx] E6640A <= *OPC?
[2020/07/29 02:32:31.477997][I][queryEx] E6640A => 1
[2020/07/29 02:32:31.583923][I][set_Trigger_Free_Run] Set trigger free run
[2020/07/29 02:32:31.596970][I][writeEx] E6640A <= TRIG:CHP:SOUR IMM
[2020/07/29 02:32:31.908151][I][queryEx] E6640A <= *OPC?
[2020/07/29 02:32:31.919502][I][queryEx] E6640A => 1
[2020/07/29 02:32:31.922511][I][get_Power] Get Tx power
[2020/07/29 02:32:31.925519][I][queryEx] E6640A <= :FETCh:CHPower:CHPower?
[2020/07/29 02:32:31.933391][I][queryEx] E6640A => 1.169097614E+01
[2020/07/29 02:32:31.936400][I][chk_Tx_Result] Tx power(add loss: 9.200000) = 20.891000 dBm
[2020/07/29 02:32:31.940493][I][set_Continue] Set continue
[2020/07/29 02:32:31.943518][I][writeEx] E6640A <= :INIT:CONT ON
[2020/07/29 02:32:33.880324][I][set_Preset] System reset
[2020/07/29 02:32:33.883382][I][writeEx] E6640A <= *RST
[2020/07/29 02:32:33.886393][I][writeEx] E6640A <= *CLS
[2020/07/29 02:32:33.889408][I][writeEx] E6640A <= SYST:PRES
[2020/07/29 02:32:34.194397][I][queryEx] E6640A <= *OPC?
[2020/07/29 02:32:34.707890][I][queryEx] E6640A => 1
[2020/07/29 02:32:34.723160][I][set_Tx_Start] Set Tx start
[2020/07/29 02:32:34.726170][I][set_RFI_Port] Set input port
[2020/07/29 02:32:34.729418][I][writeEx] E6640A <= :FEED:RF:PORT:INPut RFIO1
[2020/07/29 02:32:34.732209][I][queryEx] E6640A <= :FEED:RF:PORT:INPut?
[2020/07/29 02:32:34.737975][I][queryEx] E6640A => RFIO1
[2020/07/29 02:32:34.740739][I][set_Modulation_Analysis] Set measurement function
[2020/07/29 02:32:34.744805][I][writeEx] E6640A <= INST:SEL LTEAFDD
[2020/07/29 02:32:35.049666][I][queryEx] E6640A <= *OPC?
[2020/07/29 02:32:35.057551][I][queryEx] E6640A => 1
[2020/07/29 02:32:35.061289][I][queryEx] E6640A <= INST:SEL?
[2020/07/29 02:32:35.066669][I][queryEx] E6640A => LTEAFDD
[2020/07/29 02:32:35.070181][I][writeEx] E6640A <= DISP:CHP:VIEW:WIND:TRAC:Y:COUP OFF
[2020/07/29 02:32:35.073187][I][set_Freq] Set frequence
[2020/07/29 02:32:35.076196][I][writeEx] E6640A <= :FREQuency:CENTer 914.8 MHz
[2020/07/29 02:32:35.080143][I][set_Continue] Set continue
[2020/07/29 02:32:35.083384][I][writeEx] E6640A <= :INIT:CONT ON
[2020/07/29 02:32:35.086418][I][set_Trigger_Free_Run] Set trigger free run
[2020/07/29 02:32:35.089968][I][writeEx] E6640A <= TRIG:CHP:SOUR IMM
[2020/07/29 02:32:35.394729][I][queryEx] E6640A <= *OPC?
[2020/07/29 02:32:35.404188][I][queryEx] E6640A => 1
[2020/07/29 02:32:38.418607][I][chk_Tx_Result] Check Tx result
[2020/07/29 02:32:38.426636][I][set_Limit_Range] Set reference value
[2020/07/29 02:32:38.430216][I][writeEx] E6640A <= DISP:CHP:VIEW:WIND:TRAC:Y:RLEV 30.0 dBm
[2020/07/29 02:32:38.735092][I][queryEx] E6640A <= *OPC?
[2020/07/29 02:32:38.746133][I][queryEx] E6640A => 1
[2020/07/29 02:32:38.750185][I][set_Limit_Range] Set power range
[2020/07/29 02:32:38.753637][I][writeEx] E6640A <= :POW:RANG 30.0 dBm
[2020/07/29 02:32:39.058527][I][queryEx] E6640A <= *OPC?
[2020/07/29 02:32:39.066940][I][queryEx] E6640A => 1
[2020/07/29 02:32:41.072841][I][set_Trigger_Video] Set trigger video
[2020/07/29 02:32:41.080871][I][writeEx] E6640A <= TRIG:CHP:SOUR IF
[2020/07/29 02:32:41.386802][I][queryEx] E6640A <= *OPC?
[2020/07/29 02:32:41.396826][I][queryEx] E6640A => 1
[2020/07/29 02:32:41.400854][I][get_Power] Get Tx power
[2020/07/29 02:32:41.404781][I][queryEx] E6640A <= :FETCh:CHPower:CHPower?
[2020/07/29 02:32:42.038282][I][queryEx] E6640A => 2.295974350E+01
[2020/07/29 02:32:42.045307][I][chk_Tx_Result] Tx power(add loss: 8.500000) = 31.460000 dBm
[2020/07/29 02:32:42.048316][I][set_Continue] Set continue
[2020/07/29 02:32:42.052325][I][writeEx] E6640A <= :INIT:CONT ON
[2020/07/29 02:32:43.787406][I][set_Preset] System reset
[2020/07/29 02:32:43.791174][I][writeEx] E6640A <= *RST
[2020/07/29 02:32:43.794714][I][writeEx] E6640A <= *CLS
[2020/07/29 02:32:43.797724][I][writeEx] E6640A <= SYST:PRES
[2020/07/29 02:32:44.103046][I][queryEx] E6640A <= *OPC?
[2020/07/29 02:32:44.655190][I][queryEx] E6640A => 1
[2020/07/29 02:32:44.667803][I][set_Rx_Waveform] Set Rx waveform
[2020/07/29 02:32:44.670827][I][set_RFO_Port] Set output port
[2020/07/29 02:32:44.673883][I][writeEx] E6640A <= :FEED:RF:PORT:OUTPut RFIO1
[2020/07/29 02:32:44.678103][I][queryEx] E6640A <= :FEED:RF:PORT:OUTPut?
[2020/07/29 02:32:44.683801][I][queryEx] E6640A => RFIO1
[2020/07/29 02:32:44.686810][I][set_OneTone_Freq] Set One Tone frequence
[2020/07/29 02:32:44.689818][I][writeEx] E6640A <= :SOUR:FREQ 959.8 MHz
[2020/07/29 02:32:44.693831][I][set_OneTone_Power] Set One Tone power
[2020/07/29 02:32:44.696836][I][writeEx] E6640A <= :SOURce:POWer -51.5
[2020/07/29 02:32:44.700861][I][loading_Waveform] Load waveform
[2020/07/29 02:32:44.704217][I][queryEx] E6640A <= :SOURce:RADio:ARB:CATalog?
[2020/07/29 02:32:44.710319][I][queryEx] E6640A => 9600,4184704,"CTX10_RFLTE_20160809.wfm"
[2020/07/29 02:32:44.713422][I][writeEx] E6640A <= :SOUR:RAD:ARB:WAV "D:\NVARB\CTX10_RFLTE_20160809.wfm"
[2020/07/29 02:32:45.019282][I][queryEx] E6640A <= *OPC?
[2020/07/29 02:32:45.030281][I][queryEx] E6640A => 1
[2020/07/29 02:32:45.034288][I][set_ARB_ON] Set ARB ON
[2020/07/29 02:32:45.037813][I][writeEx] E6640A <= :SOUR:RAD:ARB ON
[2020/07/29 02:32:45.041827][I][set_Sample_Rate] Set Sample Rate
[2020/07/29 02:32:45.044885][I][writeEx] E6640A <= SOUR:RAD:ARB:SCL:RATE 100.0 kHz
[2020/07/29 02:32:45.048882][I][set_Modulation_ON] Set ARB ON
[2020/07/29 02:32:45.052856][I][writeEx] E6640A <= :OUTP:MOD ON
[2020/07/29 02:32:45.059981][I][set_OneTone_Start] Set One Tone start
[2020/07/29 02:32:45.062991][I][writeEx] E6640A <= OUTP ON
[2020/07/29 02:32:51.452535][I][set_OneTone_Stop] Set One Tone stop
[2020/07/29 02:32:51.462578][I][writeEx] E6640A <= OUTP OFF
[2020/07/29 02:33:09.149408][I][disconnect_E6640A] Disconnect E6640A
[2020/07/29 02:33:09.152415][I][set_Preset] System reset
[2020/07/29 02:33:09.156426][I][writeEx] E6640A <= *RST
[2020/07/29 02:33:09.159434][I][writeEx] E6640A <= *CLS
[2020/07/29 02:33:09.163457][I][writeEx] E6640A <= SYST:PRES
[2020/07/29 02:33:09.468347][I][queryEx] E6640A <= *OPC?
[2020/07/29 02:33:09.976019][I][queryEx] E6640A => 1
[2020/07/29 02:33:09.985003]========== End ==========
