[2020/07/29 02:29:54.284497][I][class_GFI20] Initial class_GFI20
[2020/07/29 02:29:54.289639][I][connectDUT] COM: COM20, BaudRate: 115200
[2020/07/29 02:29:54.294511][I][connectDUT] Connect DUT success
[2020/07/29 02:29:54.299178][I][setScimitarMenu] Set Scimitar menu
[2020/07/29 02:29:54.502071][I][sendCOMCommand] DUT <= x
[2020/07/29 02:29:54.608608][I][sendCOMCommand] Serial buffer size: 7
[2020/07/29 02:29:55.120872][I][sendCOMCommand] DUT => x
$>

[2020/07/29 02:29:55.126894][I][setScimitarMenu] Success
[2020/07/29 02:30:00.333903][I][setZigbee_Tx] ZIGBEE_2450 CH: 15, Tx PWR: 0 dBm
[2020/07/29 02:30:00.335906][I][setScimitarMenu] Set Scimitar menu
[2020/07/29 02:30:00.539861][I][sendCOMCommand] DUT <= x
[2020/07/29 02:30:00.649781][I][sendCOMCommand] Serial buffer size: 7
[2020/07/29 02:30:01.162973][I][sendCOMCommand] DUT => x
$>

[2020/07/29 02:30:01.169271][I][setScimitarMenu] Success
[2020/07/29 02:30:01.171283][I][setZigbeeMenu] Check Zigbee Menu
[2020/07/29 02:30:01.374834][I][sendCOMCommand] DUT <= 2
[2020/07/29 02:30:01.485885][I][sendCOMCommand] Serial buffer size: 22
[2020/07/29 02:30:01.992704][I][sendCOMCommand] DUT => 2
$2_Zigbee(EM357)>

[2020/07/29 02:30:02.002564][I][setZigbeeMenu] Success
[2020/07/29 02:30:02.007582][I][setZigbee_Tx] Set Diagnostics Menu
[2020/07/29 02:30:02.212196][I][sendCOMCommand] DUT <= d
[2020/07/29 02:30:02.320482][I][sendCOMCommand] Serial buffer size: 22
[2020/07/29 02:30:02.829176][I][sendCOMCommand] DUT => d
$2-d_Diagnostics>

[2020/07/29 02:30:02.835222][I][setZigbee_Tx] Success
[2020/07/29 02:30:02.841104][I][setZigbee_Tx] Set Channel Menu
[2020/07/29 02:30:03.047218][I][sendCOMCommand] DUT <= 2
[2020/07/29 02:30:03.155069][I][sendCOMCommand] Serial buffer size: 66
[2020/07/29 02:30:03.663009][I][sendCOMCommand] DUT => 2
$2-d-2_Set Channel (11 => 26) [0B - 1A by HEX]>
$PARAMETER?>

[2020/07/29 02:30:03.670018][I][setZigbee_Tx] Success
[2020/07/29 02:30:03.672025][I][setZigbee_Tx] Set Channel
[2020/07/29 02:30:03.876454][I][sendCOMCommand] DUT <= 0F
[2020/07/29 02:30:03.984717][I][sendCOMCommand] Serial buffer size: 53
[2020/07/29 02:30:04.495551][I][sendCOMCommand] DUT => Set Channel: 15 (0x0F)
$DONE_OK
$2-d_Diagnostics>

[2020/07/29 02:30:04.506588][I][setZigbee_Tx] Success
[2020/07/29 02:30:04.512552][I][setZigbee_Tx] Set PWR Menu
[2020/07/29 02:30:04.717503][I][sendCOMCommand] DUT <= 3
[2020/07/29 02:30:04.825185][I][sendCOMCommand] Serial buffer size: 79
[2020/07/29 02:30:05.330080][I][sendCOMCommand] DUT => 3
$2-d-3_Set Power (-32 => +8dBm, Step=1dB) [-2B - 08 by HEX]>
$PARAMETER?>

[2020/07/29 02:30:05.334139][I][setZigbee_Tx] Success
[2020/07/29 02:30:05.338146][I][setZigbee_Tx] Set Tx PWR
[2020/07/29 02:30:05.543682][I][sendCOMCommand] DUT <= 00
[2020/07/29 02:30:05.650695][I][sendCOMCommand] Serial buffer size: 31
[2020/07/29 02:30:06.167197][I][sendCOMCommand] DUT => Set Power: 0 (0x00)
$DONE_OK
$2-d_Diagnostics>

[2020/07/29 02:30:06.174531][I][setZigbee_Tx] Success
[2020/07/29 02:30:06.183550][I][setScimitarMenu] Set Scimitar menu
[2020/07/29 02:30:06.388575][I][sendCOMCommand] DUT <= x
[2020/07/29 02:30:06.502231][I][sendCOMCommand] Serial buffer size: 22
[2020/07/29 02:30:07.011330][I][sendCOMCommand] DUT => x
$2_Zigbee(EM357)>

[2020/07/29 02:30:07.225202][I][sendCOMCommand] DUT <= x
[2020/07/29 02:30:07.334180][I][sendCOMCommand] Serial buffer size: 7
[2020/07/29 02:30:07.852116][I][sendCOMCommand] DUT => x
$>

[2020/07/29 02:30:07.860148][I][setScimitarMenu] Success
[2020/07/29 02:30:07.866158][I][setZigbeeMenu] Check Zigbee Menu
[2020/07/29 02:30:08.071465][I][sendCOMCommand] DUT <= 2
[2020/07/29 02:30:08.178546][I][sendCOMCommand] Serial buffer size: 22
[2020/07/29 02:30:08.693346][I][sendCOMCommand] DUT => 2
$2_Zigbee(EM357)>

[2020/07/29 02:30:08.705357][I][setZigbeeMenu] Success
[2020/07/29 02:30:08.712652][I][setTxStart] Set Tx start
[2020/07/29 02:30:10.961444][I][setTxStop] Set Tx stop
[2020/07/29 02:30:11.165847][I][sendCOMCommand] DUT <= 5
[2020/07/29 02:30:11.273665][I][sendCOMCommand] Serial buffer size: 170
[2020/07/29 02:30:11.792318][I][sendCOMCommand] DUT => [mfglib]Send Packet(100 bytes)
[mfglib]Send Packet(100 bytes)
5
ZigBee send packet test end.
Total number of emberStatus errors:0
$[0]
$DONE_OK
$2_Zigbee(EM357)>

[2020/07/29 02:30:11.799383][I][setTxStop] Success
[2020/07/29 02:30:11.823161][I][setZigbee_Tx] ZIGBEE_2450 CH: 15, Tx PWR: -2 dBm
[2020/07/29 02:30:11.826206][I][setScimitarMenu] Set Scimitar menu
[2020/07/29 02:30:12.030567][I][sendCOMCommand] DUT <= x
[2020/07/29 02:30:12.138055][I][sendCOMCommand] Serial buffer size: 7
[2020/07/29 02:30:12.655465][I][sendCOMCommand] DUT => x
$>

[2020/07/29 02:30:12.662489][I][setScimitarMenu] Success
[2020/07/29 02:30:12.665498][I][setZigbeeMenu] Check Zigbee Menu
[2020/07/29 02:30:12.870321][I][sendCOMCommand] DUT <= 2
[2020/07/29 02:30:12.985795][I][sendCOMCommand] Serial buffer size: 22
[2020/07/29 02:30:13.496596][I][sendCOMCommand] DUT => 2
$2_Zigbee(EM357)>

[2020/07/29 02:30:13.510705][I][setZigbeeMenu] Success
[2020/07/29 02:30:13.517730][I][setZigbee_Tx] Set Diagnostics Menu
[2020/07/29 02:30:13.722349][I][sendCOMCommand] DUT <= d
[2020/07/29 02:30:13.832393][I][sendCOMCommand] Serial buffer size: 22
[2020/07/29 02:30:14.348720][I][sendCOMCommand] DUT => d
$2-d_Diagnostics>

[2020/07/29 02:30:14.354734][I][setZigbee_Tx] Success
[2020/07/29 02:30:14.358746][I][setZigbee_Tx] Set Channel Menu
[2020/07/29 02:30:14.563315][I][sendCOMCommand] DUT <= 2
[2020/07/29 02:30:14.672096][I][sendCOMCommand] Serial buffer size: 66
[2020/07/29 02:30:15.184919][I][sendCOMCommand] DUT => 2
$2-d-2_Set Channel (11 => 26) [0B - 1A by HEX]>
$PARAMETER?>

[2020/07/29 02:30:15.191947][I][setZigbee_Tx] Success
[2020/07/29 02:30:15.195985][I][setZigbee_Tx] Set Channel
[2020/07/29 02:30:15.400845][I][sendCOMCommand] DUT <= 0F
[2020/07/29 02:30:15.515364][I][sendCOMCommand] Serial buffer size: 53
[2020/07/29 02:30:16.033868][I][sendCOMCommand] DUT => Set Channel: 15 (0x0F)
$DONE_OK
$2-d_Diagnostics>

[2020/07/29 02:30:16.048934][I][setZigbee_Tx] Success
[2020/07/29 02:30:16.055622][I][setZigbee_Tx] Set PWR Menu
[2020/07/29 02:30:16.259674][I][sendCOMCommand] DUT <= 3
[2020/07/29 02:30:16.368574][I][sendCOMCommand] Serial buffer size: 79
[2020/07/29 02:30:16.886372][I][sendCOMCommand] DUT => 3
$2-d-3_Set Power (-32 => +8dBm, Step=1dB) [-2B - 08 by HEX]>
$PARAMETER?>

[2020/07/29 02:30:16.900402][I][setZigbee_Tx] Success
[2020/07/29 02:30:16.908422][I][setZigbee_Tx] Set Tx PWR
[2020/07/29 02:30:17.112675][I][sendCOMCommand] DUT <= FE
[2020/07/29 02:30:17.222835][I][sendCOMCommand] Serial buffer size: 57
[2020/07/29 02:30:17.742096][I][sendCOMCommand] DUT => Set Power: -2 (0xFFFFFFFE)
$DONE_OK
$2-d_Diagnostics>

[2020/07/29 02:30:17.750113][I][setZigbee_Tx] Success
[2020/07/29 02:30:17.759958][I][setScimitarMenu] Set Scimitar menu
[2020/07/29 02:30:17.964251][I][sendCOMCommand] DUT <= x
[2020/07/29 02:30:18.078760][I][sendCOMCommand] Serial buffer size: 22
[2020/07/29 02:30:18.589829][I][sendCOMCommand] DUT => x
$2_Zigbee(EM357)>

[2020/07/29 02:30:18.799871][I][sendCOMCommand] DUT <= x
[2020/07/29 02:30:18.915250][I][sendCOMCommand] Serial buffer size: 7
[2020/07/29 02:30:19.431825][I][sendCOMCommand] DUT => x
$>

[2020/07/29 02:30:19.438824][I][setScimitarMenu] Success
[2020/07/29 02:30:19.441831][I][setZigbeeMenu] Check Zigbee Menu
[2020/07/29 02:30:19.646731][I][sendCOMCommand] DUT <= 2
[2020/07/29 02:30:19.762559][I][sendCOMCommand] Serial buffer size: 22
[2020/07/29 02:30:20.274885][I][sendCOMCommand] DUT => 2
$2_Zigbee(EM357)>

[2020/07/29 02:30:20.282850][I][setZigbeeMenu] Success
[2020/07/29 02:30:20.286861][I][setTxStart] Set Tx start
[2020/07/29 02:30:22.393215][I][setTxStop] Set Tx stop
[2020/07/29 02:30:22.598096][I][sendCOMCommand] DUT <= 5
[2020/07/29 02:30:22.707261][I][sendCOMCommand] Serial buffer size: 170
[2020/07/29 02:30:23.217981][I][sendCOMCommand] DUT => [mfglib]Send Packet(100 bytes)
[mfglib]Send Packet(100 bytes)
5
ZigBee send packet test end.
Total number of emberStatus errors:0
$[0]
$DONE_OK
$2_Zigbee(EM357)>

[2020/07/29 02:30:23.226023][I][setTxStop] Success
[2020/07/29 02:30:26.885553][I][setZigbee_Tx] ZIGBEE_2450 CH: 21, Tx PWR: 0 dBm
[2020/07/29 02:30:26.889565][I][setScimitarMenu] Set Scimitar menu
[2020/07/29 02:30:27.095560][I][sendCOMCommand] DUT <= x
[2020/07/29 02:30:27.203351][I][sendCOMCommand] Serial buffer size: 7
[2020/07/29 02:30:27.723486][I][sendCOMCommand] DUT => x
$>

[2020/07/29 02:30:27.731551][I][setScimitarMenu] Success
[2020/07/29 02:30:27.735208][I][setZigbeeMenu] Check Zigbee Menu
[2020/07/29 02:30:27.939643][I][sendCOMCommand] DUT <= 2
[2020/07/29 02:30:28.055909][I][sendCOMCommand] Serial buffer size: 22
[2020/07/29 02:30:28.565538][I][sendCOMCommand] DUT => 2
$2_Zigbee(EM357)>

[2020/07/29 02:30:28.573550][I][setZigbeeMenu] Success
[2020/07/29 02:30:28.577561][I][setZigbee_Tx] Set Diagnostics Menu
[2020/07/29 02:30:28.781793][I][sendCOMCommand] DUT <= d
[2020/07/29 02:30:28.890518][I][sendCOMCommand] Serial buffer size: 22
[2020/07/29 02:30:29.410616][I][sendCOMCommand] DUT => d
$2-d_Diagnostics>

[2020/07/29 02:30:29.417613][I][setZigbee_Tx] Success
[2020/07/29 02:30:29.421658][I][setZigbee_Tx] Set Channel Menu
[2020/07/29 02:30:29.626886][I][sendCOMCommand] DUT <= 2
[2020/07/29 02:30:29.743869][I][sendCOMCommand] Serial buffer size: 66
[2020/07/29 02:30:30.253898][I][sendCOMCommand] DUT => 2
$2-d-2_Set Channel (11 => 26) [0B - 1A by HEX]>
$PARAMETER?>

[2020/07/29 02:30:30.261948][I][setZigbee_Tx] Success
[2020/07/29 02:30:30.264932][I][setZigbee_Tx] Set Channel
[2020/07/29 02:30:30.469738][I][sendCOMCommand] DUT <= 15
[2020/07/29 02:30:30.586148][I][sendCOMCommand] Serial buffer size: 53
[2020/07/29 02:30:31.099534][I][sendCOMCommand] DUT => Set Channel: 21 (0x15)
$DONE_OK
$2-d_Diagnostics>

[2020/07/29 02:30:31.108501][I][setZigbee_Tx] Success
[2020/07/29 02:30:31.112024][I][setZigbee_Tx] Set PWR Menu
[2020/07/29 02:30:31.316560][I][sendCOMCommand] DUT <= 3
[2020/07/29 02:30:31.432932][I][sendCOMCommand] Serial buffer size: 79
[2020/07/29 02:30:31.953102][I][sendCOMCommand] DUT => 3
$2-d-3_Set Power (-32 => +8dBm, Step=1dB) [-2B - 08 by HEX]>
$PARAMETER?>

[2020/07/29 02:30:31.969134][I][setZigbee_Tx] Success
[2020/07/29 02:30:31.976150][I][setZigbee_Tx] Set Tx PWR
[2020/07/29 02:30:32.181709][I][sendCOMCommand] DUT <= 00
[2020/07/29 02:30:32.290621][I][sendCOMCommand] Serial buffer size: 50
[2020/07/29 02:30:32.803423][I][sendCOMCommand] DUT => Set Power: 0 (0x00)
$DONE_OK
$2-d_Diagnostics>

[2020/07/29 02:30:32.810447][I][setZigbee_Tx] Success
[2020/07/29 02:30:32.821124][I][setScimitarMenu] Set Scimitar menu
[2020/07/29 02:30:33.025813][I][sendCOMCommand] DUT <= x
[2020/07/29 02:30:33.142504][I][sendCOMCommand] Serial buffer size: 3
[2020/07/29 02:30:33.652157][I][sendCOMCommand] DUT => x
$2_Zigbee(EM357)>

[2020/07/29 02:30:33.861995][I][sendCOMCommand] DUT <= x
[2020/07/29 02:30:33.977661][I][sendCOMCommand] Serial buffer size: 7
[2020/07/29 02:30:34.497055][I][sendCOMCommand] DUT => x
$>

[2020/07/29 02:30:34.513067][I][setScimitarMenu] Success
[2020/07/29 02:30:34.520090][I][setZigbeeMenu] Check Zigbee Menu
[2020/07/29 02:30:34.724812][I][sendCOMCommand] DUT <= 2
[2020/07/29 02:30:34.832307][I][sendCOMCommand] Serial buffer size: 22
[2020/07/29 02:30:35.352086][I][sendCOMCommand] DUT => 2
$2_Zigbee(EM357)>

[2020/07/29 02:30:35.357092][I][setZigbeeMenu] Success
[2020/07/29 02:30:35.361633][I][setTxStart] Set Tx start
[2020/07/29 02:30:37.501478][I][setTxStop] Set Tx stop
[2020/07/29 02:30:37.706045][I][sendCOMCommand] DUT <= 5
[2020/07/29 02:30:37.816125][I][sendCOMCommand] Serial buffer size: 170
[2020/07/29 02:30:38.335675][I][sendCOMCommand] DUT => [mfglib]Send Packet(100 bytes)
[mfglib]Send Packet(100 bytes)
5
ZigBee send packet test end.
Total number of emberStatus errors:0
$[0]
$DONE_OK
$2_Zigbee(EM357)>

[2020/07/29 02:30:38.340885][I][setTxStop] Success
[2020/07/29 02:30:38.371030][I][setZigbee_Tx] ZIGBEE_2450 CH: 21, Tx PWR: -2 dBm
[2020/07/29 02:30:38.376051][I][setScimitarMenu] Set Scimitar menu
[2020/07/29 02:30:38.581843][I][sendCOMCommand] DUT <= x
[2020/07/29 02:30:38.692175][I][sendCOMCommand] Serial buffer size: 7
[2020/07/29 02:30:39.210635][I][sendCOMCommand] DUT => x
$>

[2020/07/29 02:30:39.218664][I][setScimitarMenu] Success
[2020/07/29 02:30:39.222673][I][setZigbeeMenu] Check Zigbee Menu
[2020/07/29 02:30:39.428070][I][sendCOMCommand] DUT <= 2
[2020/07/29 02:30:39.537009][I][sendCOMCommand] Serial buffer size: 22
[2020/07/29 02:30:40.050650][I][sendCOMCommand] DUT => 2
$2_Zigbee(EM357)>

[2020/07/29 02:30:40.065703][I][setZigbeeMenu] Success
[2020/07/29 02:30:40.080438][I][setZigbee_Tx] Set Diagnostics Menu
[2020/07/29 02:30:40.293565][I][sendCOMCommand] DUT <= d
[2020/07/29 02:30:40.402684][I][sendCOMCommand] Serial buffer size: 22
[2020/07/29 02:30:40.914360][I][sendCOMCommand] DUT => d
$2-d_Diagnostics>

[2020/07/29 02:30:40.922394][I][setZigbee_Tx] Success
[2020/07/29 02:30:40.926369][I][setZigbee_Tx] Set Channel Menu
[2020/07/29 02:30:41.130802][I][sendCOMCommand] DUT <= 2
[2020/07/29 02:30:41.240030][I][sendCOMCommand] Serial buffer size: 66
[2020/07/29 02:30:41.761069][I][sendCOMCommand] DUT => 2
$2-d-2_Set Channel (11 => 26) [0B - 1A by HEX]>
$PARAMETER?>

[2020/07/29 02:30:41.769140][I][setZigbee_Tx] Success
[2020/07/29 02:30:41.772924][I][setZigbee_Tx] Set Channel
[2020/07/29 02:30:41.978678][I][sendCOMCommand] DUT <= 15
[2020/07/29 02:30:42.095531][I][sendCOMCommand] Serial buffer size: 53
[2020/07/29 02:30:42.605315][I][sendCOMCommand] DUT => Set Channel: 21 (0x15)
$DONE_OK
$2-d_Diagnostics>

[2020/07/29 02:30:42.613318][I][setZigbee_Tx] Success
[2020/07/29 02:30:42.617329][I][setZigbee_Tx] Set PWR Menu
[2020/07/29 02:30:42.822080][I][sendCOMCommand] DUT <= 3
[2020/07/29 02:30:42.939097][I][sendCOMCommand] Serial buffer size: 79
[2020/07/29 02:30:43.458757][I][sendCOMCommand] DUT => 3
$2-d-3_Set Power (-32 => +8dBm, Step=1dB) [-2B - 08 by HEX]>
$PARAMETER?>

[2020/07/29 02:30:43.474792][I][setZigbee_Tx] Success
[2020/07/29 02:30:43.481791][I][setZigbee_Tx] Set Tx PWR
[2020/07/29 02:30:43.687570][I][sendCOMCommand] DUT <= FE
[2020/07/29 02:30:43.796807][I][sendCOMCommand] Serial buffer size: 57
[2020/07/29 02:30:44.316609][I][sendCOMCommand] DUT => Set Power: -2 (0xFFFFFFFE)
$DONE_OK
$2-d_Diagnostics>

[2020/07/29 02:30:44.324579][I][setZigbee_Tx] Success
[2020/07/29 02:30:44.334646][I][setScimitarMenu] Set Scimitar menu
[2020/07/29 02:30:44.539607][I][sendCOMCommand] DUT <= x
[2020/07/29 02:30:44.656784][I][sendCOMCommand] Serial buffer size: 22
[2020/07/29 02:30:45.171581][I][sendCOMCommand] DUT => x
$2_Zigbee(EM357)>

[2020/07/29 02:30:45.382359][I][sendCOMCommand] DUT <= x
[2020/07/29 02:30:45.492114][I][sendCOMCommand] Serial buffer size: 7
[2020/07/29 02:30:46.004568][I][sendCOMCommand] DUT => x
$>

[2020/07/29 02:30:46.012577][I][setScimitarMenu] Success
[2020/07/29 02:30:46.016548][I][setZigbeeMenu] Check Zigbee Menu
[2020/07/29 02:30:46.221575][I][sendCOMCommand] DUT <= 2
[2020/07/29 02:30:46.330671][I][sendCOMCommand] Serial buffer size: 22
[2020/07/29 02:30:46.842466][I][sendCOMCommand] DUT => 2
$2_Zigbee(EM357)>

[2020/07/29 02:30:46.850493][I][setZigbeeMenu] Success
[2020/07/29 02:30:46.854515][I][setTxStart] Set Tx start
[2020/07/29 02:30:49.087113][I][setTxStop] Set Tx stop
[2020/07/29 02:30:49.290946][I][sendCOMCommand] DUT <= 5
[2020/07/29 02:30:49.404844][I][sendCOMCommand] Serial buffer size: 170
[2020/07/29 02:30:49.922161][I][sendCOMCommand] DUT => [mfglib]Send Packet(100 bytes)
[mfglib]Send Packet(100 bytes)
5
ZigBee send packet test end.
Total number of emberStatus errors:0
$[0]
$DONE_OK
$2_Zigbee(EM357)>

[2020/07/29 02:30:49.926172][I][setTxStop] Success
[2020/07/29 02:30:53.584304][I][setZigbee_Tx] ZIGBEE_2450 CH: 24, Tx PWR: 0 dBm
[2020/07/29 02:30:53.588314][I][setScimitarMenu] Set Scimitar menu
[2020/07/29 02:30:53.794608][I][sendCOMCommand] DUT <= x
[2020/07/29 02:30:53.904437][I][sendCOMCommand] Serial buffer size: 7
[2020/07/29 02:30:54.418499][I][sendCOMCommand] DUT => x
$>

[2020/07/29 02:30:54.425238][I][setScimitarMenu] Success
[2020/07/29 02:30:54.430254][I][setZigbeeMenu] Check Zigbee Menu
[2020/07/29 02:30:54.636060][I][sendCOMCommand] DUT <= 2
[2020/07/29 02:30:54.744980][I][sendCOMCommand] Serial buffer size: 22
[2020/07/29 02:30:55.264775][I][sendCOMCommand] DUT => 2
$2_Zigbee(EM357)>

[2020/07/29 02:30:55.273246][I][setZigbeeMenu] Success
[2020/07/29 02:30:55.276255][I][setZigbee_Tx] Set Diagnostics Menu
[2020/07/29 02:30:55.482141][I][sendCOMCommand] DUT <= d
[2020/07/29 02:30:55.599688][I][sendCOMCommand] Serial buffer size: 22
[2020/07/29 02:30:56.112700][I][sendCOMCommand] DUT => d
$2-d_Diagnostics>

[2020/07/29 02:30:56.119865][I][setZigbee_Tx] Success
[2020/07/29 02:30:56.123727][I][setZigbee_Tx] Set Channel Menu
[2020/07/29 02:30:56.328695][I][sendCOMCommand] DUT <= 2
[2020/07/29 02:30:56.446189][I][sendCOMCommand] Serial buffer size: 66
[2020/07/29 02:30:56.966372][I][sendCOMCommand] DUT => 2
$2-d-2_Set Channel (11 => 26) [0B - 1A by HEX]>
$PARAMETER?>

[2020/07/29 02:30:56.982368][I][setZigbee_Tx] Success
[2020/07/29 02:30:56.990381][I][setZigbee_Tx] Set Channel
[2020/07/29 02:30:57.195845][I][sendCOMCommand] DUT <= 18
[2020/07/29 02:30:57.304912][I][sendCOMCommand] Serial buffer size: 53
[2020/07/29 02:30:57.817028][I][sendCOMCommand] DUT => Set Channel: 24 (0x18)
$DONE_OK
$2-d_Diagnostics>

[2020/07/29 02:30:57.825081][I][setZigbee_Tx] Success
[2020/07/29 02:30:57.829316][I][setZigbee_Tx] Set PWR Menu
[2020/07/29 02:30:58.034119][I][sendCOMCommand] DUT <= 3
[2020/07/29 02:30:58.151462][I][sendCOMCommand] Serial buffer size: 79
[2020/07/29 02:30:58.663109][I][sendCOMCommand] DUT => 3
$2-d-3_Set Power (-32 => +8dBm, Step=1dB) [-2B - 08 by HEX]>
$PARAMETER?>

[2020/07/29 02:30:58.671112][I][setZigbee_Tx] Success
[2020/07/29 02:30:58.675842][I][setZigbee_Tx] Set Tx PWR
[2020/07/29 02:30:58.881034][I][sendCOMCommand] DUT <= 00
[2020/07/29 02:30:58.993919][I][sendCOMCommand] Serial buffer size: 50
[2020/07/29 02:30:59.507859][I][sendCOMCommand] DUT => Set Power: 0 (0x00)
$DONE_OK
$2-d_Diagnostics>

[2020/07/29 02:30:59.524898][I][setZigbee_Tx] Success
[2020/07/29 02:30:59.538604][I][setScimitarMenu] Set Scimitar menu
[2020/07/29 02:30:59.743521][I][sendCOMCommand] DUT <= x
[2020/07/29 02:30:59.852848][I][sendCOMCommand] Serial buffer size: 22
[2020/07/29 02:31:00.373009][I][sendCOMCommand] DUT => x
$2_Zigbee(EM357)>

[2020/07/29 02:31:00.583575][I][sendCOMCommand] DUT <= x
[2020/07/29 02:31:00.702061][I][sendCOMCommand] Serial buffer size: 7
[2020/07/29 02:31:01.222796][I][sendCOMCommand] DUT => x
$>

[2020/07/29 02:31:01.230824][I][setScimitarMenu] Success
[2020/07/29 02:31:01.235042][I][setZigbeeMenu] Check Zigbee Menu
[2020/07/29 02:31:01.440046][I][sendCOMCommand] DUT <= 2
[2020/07/29 02:31:01.557634][I][sendCOMCommand] Serial buffer size: 22
[2020/07/29 02:31:02.070916][I][sendCOMCommand] DUT => 2
$2_Zigbee(EM357)>

[2020/07/29 02:31:02.087010][I][setZigbeeMenu] Success
[2020/07/29 02:31:02.095194][I][setTxStart] Set Tx start
[2020/07/29 02:31:04.313330][I][setTxStop] Set Tx stop
[2020/07/29 02:31:04.518511][I][sendCOMCommand] DUT <= 5
[2020/07/29 02:31:04.635087][I][sendCOMCommand] Serial buffer size: 151
[2020/07/29 02:31:04.743488][W][sendCOMCommand] Buffer not empty!!!
[2020/07/29 02:31:04.759271][I][sendCOMCommand] Serial buffer size: 2
[2020/07/29 02:31:05.272346][I][sendCOMCommand] DUT => [mfglib]Send Packet(100 bytes)
[mfglib]Send Packet(100 bytes)
5
ZigBee send packet test end.
Total number of emberStatus errors:0
$[0]
$DONE_OK
$2_Zigbee(EM357)>

[2020/07/29 02:31:05.280366][I][setTxStop] Success
[2020/07/29 02:31:05.304806][I][setZigbee_Tx] ZIGBEE_2450 CH: 24, Tx PWR: -2 dBm
[2020/07/29 02:31:05.308647][I][setScimitarMenu] Set Scimitar menu
[2020/07/29 02:31:05.513544][I][sendCOMCommand] DUT <= x
[2020/07/29 02:31:05.630926][I][sendCOMCommand] Serial buffer size: 7
[2020/07/29 02:31:06.143676][I][sendCOMCommand] DUT => x
$>

[2020/07/29 02:31:06.159726][I][setScimitarMenu] Success
[2020/07/29 02:31:06.167977][I][setZigbeeMenu] Check Zigbee Menu
[2020/07/29 02:31:06.373178][I][sendCOMCommand] DUT <= 2
[2020/07/29 02:31:06.481983][I][sendCOMCommand] Serial buffer size: 22
[2020/07/29 02:31:07.002455][I][sendCOMCommand] DUT => 2
$2_Zigbee(EM357)>

[2020/07/29 02:31:07.019533][I][setZigbeeMenu] Success
[2020/07/29 02:31:07.026521][I][setZigbee_Tx] Set Diagnostics Menu
[2020/07/29 02:31:07.231895][I][sendCOMCommand] DUT <= d
[2020/07/29 02:31:07.342594][I][sendCOMCommand] Serial buffer size: 22
[2020/07/29 02:31:07.863703][I][sendCOMCommand] DUT => d
$2-d_Diagnostics>

[2020/07/29 02:31:07.872160][I][setZigbee_Tx] Success
[2020/07/29 02:31:07.876173][I][setZigbee_Tx] Set Channel Menu
[2020/07/29 02:31:08.081150][I][sendCOMCommand] DUT <= 2
[2020/07/29 02:31:08.199215][I][sendCOMCommand] Serial buffer size: 66
[2020/07/29 02:31:08.715992][I][sendCOMCommand] DUT => 2
$2-d-2_Set Channel (11 => 26) [0B - 1A by HEX]>
$PARAMETER?>

[2020/07/29 02:31:08.725004][I][setZigbee_Tx] Success
[2020/07/29 02:31:08.729021][I][setZigbee_Tx] Set Channel
[2020/07/29 02:31:08.934626][I][sendCOMCommand] DUT <= 18
[2020/07/29 02:31:09.049962][I][sendCOMCommand] Serial buffer size: 53
[2020/07/29 02:31:09.560985][I][sendCOMCommand] DUT => Set Channel: 24 (0x18)
$DONE_OK
$2-d_Diagnostics>

[2020/07/29 02:31:09.578066][I][setZigbee_Tx] Success
[2020/07/29 02:31:09.585038][I][setZigbee_Tx] Set PWR Menu
[2020/07/29 02:31:09.790133][I][sendCOMCommand] DUT <= 3
[2020/07/29 02:31:09.905017][I][sendCOMCommand] Serial buffer size: 79
[2020/07/29 02:31:10.417169][I][sendCOMCommand] DUT => 3
$2-d-3_Set Power (-32 => +8dBm, Step=1dB) [-2B - 08 by HEX]>
$PARAMETER?>

[2020/07/29 02:31:10.422181][I][setZigbee_Tx] Success
[2020/07/29 02:31:10.427195][I][setZigbee_Tx] Set Tx PWR
[2020/07/29 02:31:10.632774][I][sendCOMCommand] DUT <= FE
[2020/07/29 02:31:10.742998][I][sendCOMCommand] Serial buffer size: 55
[2020/07/29 02:31:11.263920][I][sendCOMCommand] DUT => Set Power: -2 (0xFFFFFFFE)
$DONE_OK
$2-d_Diagnostics>

[2020/07/29 02:31:11.271933][I][setZigbee_Tx] Success
[2020/07/29 02:31:11.282938][I][setScimitarMenu] Set Scimitar menu
[2020/07/29 02:31:11.488396][I][sendCOMCommand] DUT <= x
[2020/07/29 02:31:11.605796][I][sendCOMCommand] Serial buffer size: 22
[2020/07/29 02:31:12.126681][I][sendCOMCommand] DUT => x
$2_Zigbee(EM357)>

[2020/07/29 02:31:12.344673][I][sendCOMCommand] DUT <= x
[2020/07/29 02:31:12.453530][I][sendCOMCommand] Serial buffer size: 7
[2020/07/29 02:31:12.974313][I][sendCOMCommand] DUT => x
$>

[2020/07/29 02:31:12.990403][I][setScimitarMenu] Success
[2020/07/29 02:31:12.997417][I][setZigbeeMenu] Check Zigbee Menu
[2020/07/29 02:31:13.203261][I][sendCOMCommand] DUT <= 2
[2020/07/29 02:31:13.314008][I][sendCOMCommand] Serial buffer size: 22
[2020/07/29 02:31:13.834858][I][sendCOMCommand] DUT => 2
$2_Zigbee(EM357)>

[2020/07/29 02:31:13.843658][I][setZigbeeMenu] Success
[2020/07/29 02:31:13.846667][I][setTxStart] Set Tx start
[2020/07/29 02:31:15.976999][I][setTxStop] Set Tx stop
[2020/07/29 02:31:16.183243][I][sendCOMCommand] DUT <= 5
[2020/07/29 02:31:16.292699][I][sendCOMCommand] Serial buffer size: 202
[2020/07/29 02:31:16.813066][I][sendCOMCommand] DUT => [mfglib]Send Packet(100 bytes)
[mfglib]Send Packet(100 bytes)
[mfglib]Send Packet(100 bytes)
5
ZigBee send packet test end.
Total number of emberStatus errors:0
$[0]
$DONE_OK
$2_Zigbee(EM357)>

[2020/07/29 02:31:16.821084][I][setTxStop] Success
[2020/07/29 02:31:18.111616][I][setZigbee_Rx] ZIGBEE_2450 CH: 19
[2020/07/29 02:31:18.115628][I][setScimitarMenu] Set Scimitar menu
[2020/07/29 02:31:18.321426][I][sendCOMCommand] DUT <= x
[2020/07/29 02:31:18.430147][I][sendCOMCommand] Serial buffer size: 7
[2020/07/29 02:31:18.949505][I][sendCOMCommand] DUT => x
$>

[2020/07/29 02:31:18.966544][I][setScimitarMenu] Success
[2020/07/29 02:31:18.973556][I][setZigbeeMenu] Check Zigbee Menu
[2020/07/29 02:31:19.179407][I][sendCOMCommand] DUT <= 2
[2020/07/29 02:31:19.289663][I][sendCOMCommand] Serial buffer size: 22
[2020/07/29 02:31:19.809756][I][sendCOMCommand] DUT => 2
$2_Zigbee(EM357)>

[2020/07/29 02:31:19.818915][I][setZigbeeMenu] Success
[2020/07/29 02:31:19.821926][I][setZigbee_Rx] Set Diagnostics Menu
[2020/07/29 02:31:20.026949][I][sendCOMCommand] DUT <= d
[2020/07/29 02:31:20.137241][I][sendCOMCommand] Serial buffer size: 22
[2020/07/29 02:31:20.650112][I][sendCOMCommand] DUT => d
$2-d_Diagnostics>

[2020/07/29 02:31:20.658302][I][setZigbee_Rx] Success
[2020/07/29 02:31:20.662151][I][setZigbee_Rx] Set Channel Menu
[2020/07/29 02:31:20.867341][I][sendCOMCommand] DUT <= 2
[2020/07/29 02:31:20.985086][I][sendCOMCommand] Serial buffer size: 66
[2020/07/29 02:31:21.497685][I][sendCOMCommand] DUT => 2
$2-d-2_Set Channel (11 => 26) [0B - 1A by HEX]>
$PARAMETER?>

[2020/07/29 02:31:21.513731][I][setZigbee_Rx] Success
[2020/07/29 02:31:21.521751][I][setZigbee_Rx] Set Channel
[2020/07/29 02:31:21.727008][I][sendCOMCommand] DUT <= 13
[2020/07/29 02:31:21.834941][I][sendCOMCommand] Serial buffer size: 51
[2020/07/29 02:31:22.357256][I][sendCOMCommand] DUT => Set Channel: 19 (0x13)
$DONE_OK
$2-d_Diagnostics>

[2020/07/29 02:31:22.366275][I][setZigbee_Rx] Success
[2020/07/29 02:31:22.373673][I][setZigbeeLNAMode] LNA Mode: 1
[2020/07/29 02:31:22.378688][I][setScimitarMenu] Set Scimitar menu
[2020/07/29 02:31:22.584353][I][sendCOMCommand] DUT <= x
[2020/07/29 02:31:22.703322][I][sendCOMCommand] Serial buffer size: 22
[2020/07/29 02:31:23.214625][I][sendCOMCommand] DUT => x
$2_Zigbee(EM357)>

[2020/07/29 02:31:23.424770][I][sendCOMCommand] DUT <= x
[2020/07/29 02:31:23.533907][I][sendCOMCommand] Serial buffer size: 7
[2020/07/29 02:31:24.046235][I][sendCOMCommand] DUT => x
$>

[2020/07/29 02:31:24.063275][I][setScimitarMenu] Success
[2020/07/29 02:31:24.070830][I][setZigbeeMenu] Check Zigbee Menu
[2020/07/29 02:31:24.275753][I][sendCOMCommand] DUT <= 2
[2020/07/29 02:31:24.385219][I][sendCOMCommand] Serial buffer size: 22
[2020/07/29 02:31:24.906456][I][sendCOMCommand] DUT => 2
$2_Zigbee(EM357)>

[2020/07/29 02:31:24.915503][I][setZigbeeMenu] Success
[2020/07/29 02:31:24.919504][I][setZigbeeLNAMode] Set GPIO Write Menu
[2020/07/29 02:31:25.125943][I][sendCOMCommand] DUT <= 3
[2020/07/29 02:31:25.243922][I][sendCOMCommand] Serial buffer size: 28
[2020/07/29 02:31:25.755644][I][sendCOMCommand] DUT => 3
$2-3_ZigBee GPIO Write>

[2020/07/29 02:31:25.764618][I][setZigbeeLNAMode] Success
[2020/07/29 02:31:25.768629][I][setZigbeeLNAMode] Set LNA Mode
[2020/07/29 02:31:25.972251][I][sendCOMCommand] DUT <= 3
[2020/07/29 02:31:26.085077][I][sendCOMCommand] Serial buffer size: 106
[2020/07/29 02:31:26.606357][I][sendCOMCommand] DUT => 3
[EZSP]Setting GPIO was successful. (portPin=3, cfg=1, out=0)
$[0]
$DONE_OK
$2-3_ZigBee GPIO Write>

[2020/07/29 02:31:26.825357][I][sendCOMCommand] DUT <= 3
[2020/07/29 02:31:26.935255][I][sendCOMCommand] Serial buffer size: 106
[2020/07/29 02:31:27.452734][I][sendCOMCommand] DUT => 3
[EZSP]Setting GPIO was successful. (portPin=3, cfg=1, out=1)
$[1]
$DONE_OK
$2-3_ZigBee GPIO Write>

[2020/07/29 02:31:27.458914][I][setZigbeeLNAMode] Success
[2020/07/29 02:31:28.477659][I][getRxResult] Get Rx Result
[2020/07/29 02:31:28.489360][I][setScimitarMenu] Set Scimitar menu
[2020/07/29 02:31:28.700973][I][sendCOMCommand] DUT <= x
[2020/07/29 02:31:28.810330][I][sendCOMCommand] Serial buffer size: 22
[2020/07/29 02:31:29.332495][I][sendCOMCommand] DUT => x
$2_Zigbee(EM357)>

[2020/07/29 02:31:29.542426][I][sendCOMCommand] DUT <= x
[2020/07/29 02:31:29.660401][I][sendCOMCommand] Serial buffer size: 7
[2020/07/29 02:31:30.171033][I][sendCOMCommand] DUT => x
$>

[2020/07/29 02:31:30.180070][I][setScimitarMenu] Success
[2020/07/29 02:31:30.183073][I][setZigbeeMenu] Check Zigbee Menu
[2020/07/29 02:31:30.389450][I][sendCOMCommand] DUT <= 2
[2020/07/29 02:31:30.506950][I][sendCOMCommand] Serial buffer size: 22
[2020/07/29 02:31:31.028605][I][sendCOMCommand] DUT => 2
$2_Zigbee(EM357)>

[2020/07/29 02:31:31.045655][I][setZigbeeMenu] Success
[2020/07/29 02:31:31.254630][I][sendCOMCommand] DUT <= b
[2020/07/29 02:31:31.363393][I][sendCOMCommand] Serial buffer size: 94
[2020/07/29 02:31:31.481613][W][sendCOMCommand] Buffer not empty!!!
[2020/07/29 02:31:31.498665][I][sendCOMCommand] Serial buffer size: 183
[2020/07/29 02:31:31.909622][W][sendCOMCommand] Buffer not empty!!!
[2020/07/29 02:31:31.916630][I][sendCOMCommand] Serial buffer size: 10
[2020/07/29 02:31:32.022586][W][sendCOMCommand] Buffer not empty!!!
[2020/07/29 02:31:32.038657][I][sendCOMCommand] Serial buffer size: 19
[2020/07/29 02:31:32.550884][I][sendCOMCommand] DUT => b
ZigBee get Rssi test start.
Start Scan ... (Channel: 19 (0x13) duration:2 mask:00080000)
Channel: 19 (0x13), Rssi:-15
Total OK!    OOO   K  K   !
            O   O  K K    !
            O   O  KK     !
            O   O  K K     
             OOO   K  Kk  !
$[-15]
$DONE_OK
$2_Zigbee(EM357)>

[2020/07/29 02:31:32.636290][I][setZigbee_Rx] ZIGBEE_2450 CH: 19
[2020/07/29 02:31:32.640520][I][setScimitarMenu] Set Scimitar menu
[2020/07/29 02:31:32.845496][I][sendCOMCommand] DUT <= x
[2020/07/29 02:31:32.955799][I][sendCOMCommand] Serial buffer size: 7
[2020/07/29 02:31:33.478528][I][sendCOMCommand] DUT => x
$>

[2020/07/29 02:31:33.488876][I][setScimitarMenu] Success
[2020/07/29 02:31:33.497903][I][setZigbeeMenu] Check Zigbee Menu
[2020/07/29 02:31:33.709645][I][sendCOMCommand] DUT <= 2
[2020/07/29 02:31:33.819676][I][sendCOMCommand] Serial buffer size: 22
[2020/07/29 02:31:34.343891][I][sendCOMCommand] DUT => 2
$2_Zigbee(EM357)>

[2020/07/29 02:31:34.351908][I][setZigbeeMenu] Success
[2020/07/29 02:31:34.355920][I][setZigbee_Rx] Set Diagnostics Menu
[2020/07/29 02:31:34.561648][I][sendCOMCommand] DUT <= d
[2020/07/29 02:31:34.680100][I][sendCOMCommand] Serial buffer size: 22
[2020/07/29 02:31:35.193549][I][sendCOMCommand] DUT => d
$2-d_Diagnostics>

[2020/07/29 02:31:35.202324][I][setZigbee_Rx] Success
[2020/07/29 02:31:35.205334][I][setZigbee_Rx] Set Channel Menu
[2020/07/29 02:31:35.411927][I][sendCOMCommand] DUT <= 2
[2020/07/29 02:31:35.521603][I][sendCOMCommand] Serial buffer size: 66
[2020/07/29 02:31:36.042183][I][sendCOMCommand] DUT => 2
$2-d-2_Set Channel (11 => 26) [0B - 1A by HEX]>
$PARAMETER?>

[2020/07/29 02:31:36.060270][I][setZigbee_Rx] Success
[2020/07/29 02:31:36.067237][I][setZigbee_Rx] Set Channel
[2020/07/29 02:31:36.273436][I][sendCOMCommand] DUT <= 13
[2020/07/29 02:31:36.382597][I][sendCOMCommand] Serial buffer size: 53
[2020/07/29 02:31:36.903400][I][sendCOMCommand] DUT => Set Channel: 19 (0x13)
$DONE_OK
$2-d_Diagnostics>

[2020/07/29 02:31:36.912408][I][setZigbee_Rx] Success
[2020/07/29 02:31:36.920409][I][setZigbeeLNAMode] LNA Mode: 0
[2020/07/29 02:31:36.924470][I][setScimitarMenu] Set Scimitar menu
[2020/07/29 02:31:37.129928][I][sendCOMCommand] DUT <= x
[2020/07/29 02:31:37.248513][I][sendCOMCommand] Serial buffer size: 22
[2020/07/29 02:31:37.761898][I][sendCOMCommand] DUT => x
$2_Zigbee(EM357)>

[2020/07/29 02:31:37.972396][I][sendCOMCommand] DUT <= x
[2020/07/29 02:31:38.081911][I][sendCOMCommand] Serial buffer size: 7
[2020/07/29 02:31:38.593428][I][sendCOMCommand] DUT => x
$>

[2020/07/29 02:31:38.610487][I][setScimitarMenu] Success
[2020/07/29 02:31:38.621544][I][setZigbeeMenu] Check Zigbee Menu
[2020/07/29 02:31:38.829804][I][sendCOMCommand] DUT <= 2
[2020/07/29 02:31:38.939835][I][sendCOMCommand] Serial buffer size: 22
[2020/07/29 02:31:39.457664][I][sendCOMCommand] DUT => 2
$2_Zigbee(EM357)>

[2020/07/29 02:31:39.463103][I][setZigbeeMenu] Success
[2020/07/29 02:31:39.467114][I][setZigbeeLNAMode] Set GPIO Write Menu
[2020/07/29 02:31:39.673326][I][sendCOMCommand] DUT <= 3
[2020/07/29 02:31:39.791918][I][sendCOMCommand] Serial buffer size: 28
[2020/07/29 02:31:40.302079][I][sendCOMCommand] DUT => 3
$2-3_ZigBee GPIO Write>

[2020/07/29 02:31:40.311098][I][setZigbeeLNAMode] Success
[2020/07/29 02:31:40.315310][I][setZigbeeLNAMode] Set LNA Mode
[2020/07/29 02:31:40.520885][I][sendCOMCommand] DUT <= 3
[2020/07/29 02:31:40.639522][I][sendCOMCommand] Serial buffer size: 106
[2020/07/29 02:31:41.161403][I][sendCOMCommand] DUT => 3
[EZSP]Setting GPIO was successful. (portPin=3, cfg=1, out=0)
$[0]
$DONE_OK
$2-3_ZigBee GPIO Write>

[2020/07/29 02:31:41.179463][I][setZigbeeLNAMode] Success
[2020/07/29 02:31:42.199690][I][getRxResult] Get Rx Result
[2020/07/29 02:31:42.207661][I][setScimitarMenu] Set Scimitar menu
[2020/07/29 02:31:42.413138][I][sendCOMCommand] DUT <= x
[2020/07/29 02:31:42.530202][I][sendCOMCommand] Serial buffer size: 22
[2020/07/29 02:31:43.053539][I][sendCOMCommand] DUT => x
$2_Zigbee(EM357)>

[2020/07/29 02:31:43.272021][I][sendCOMCommand] DUT <= x
[2020/07/29 02:31:43.381243][I][sendCOMCommand] Serial buffer size: 7
[2020/07/29 02:31:43.890961][I][sendCOMCommand] DUT => x
$>

[2020/07/29 02:31:43.898988][I][setScimitarMenu] Success
[2020/07/29 02:31:43.902999][I][setZigbeeMenu] Check Zigbee Menu
[2020/07/29 02:31:44.109567][I][sendCOMCommand] DUT <= 2
[2020/07/29 02:31:44.228825][I][sendCOMCommand] Serial buffer size: 22
[2020/07/29 02:31:44.741089][I][sendCOMCommand] DUT => 2
$2_Zigbee(EM357)>

[2020/07/29 02:31:44.749116][I][setZigbeeMenu] Success
[2020/07/29 02:31:44.958623][I][sendCOMCommand] DUT <= b
[2020/07/29 02:31:45.066339][I][sendCOMCommand] Serial buffer size: 94
[2020/07/29 02:31:45.175290][W][sendCOMCommand] Buffer not empty!!!
[2020/07/29 02:31:45.191328][I][sendCOMCommand] Serial buffer size: 183
[2020/07/29 02:31:45.611972][W][sendCOMCommand] Buffer not empty!!!
[2020/07/29 02:31:45.620944][I][sendCOMCommand] Serial buffer size: 29
[2020/07/29 02:31:46.132457][I][sendCOMCommand] DUT => b
ZigBee get Rssi test start.
Start Scan ... (Channel: 19 (0x13) duration:2 mask:00080000)
Channel: 19 (0x13), Rssi:-28
Total OK!    OOO   K  K   !
            O   O  K K    !
            O   O  KK     !
            O   O  K K     
             OOO   K  Kk  !
$[-28]
$DONE_OK
$2_Zigbee(EM357)>

[2020/07/29 02:31:46.458174][I][disconnectDUT] Disconnect DUT success
