[2020/07/28 21:25:34][I][getBOM] Get BOM Success!
[2020/07/28 21:25:34][I][getSKU] Get SKU from BOM: BOM_SKU, SKU name: 451AOD30L02
[2020/07/28 21:25:34][I][loadTestItemBySKU] Test Item List = (GFI20Bootup.py,1)(CountDown.py,1)(GFI20_RF_Zigbee,2)(GFI20_RF_LTE,1)
[2020/07/28 21:25:34][I][loadTestItemBySKU] Test Item List Element = ['GFI20Bootup.py,1', 'CountDown.py,1', 'GFI20_RF_Zigbee,2', 'GFI20_RF_LTE,1']
[2020/07/28 21:25:34][I][showTestingMsg] Waiting for testing...
[2020/07/28 21:25:34]---------- TestItem:GFI20Bootup.py  Method:1 ----------
[2020/07/28 21:25:34][I][runTestItem] Test start time: 2020/07/28 21:25:34
[2020/07/28 21:25:44][I][runTestItem] Test finished
[2020/07/28 21:25:44][I][checkTestResult] Version=3.0.0.3
[2020/07/28 21:25:44][I][checkTestResult] Result=Pass
[2020/07/28 21:25:44]*********************************************************
[2020/07/28 21:25:44]GFI20Bootup.py   3.0.0.3

[2020/07/28 21:25:44]			Result: Pass

[2020/07/28 21:25:44]			Method: 1

[2020/07/28 21:25:44]			Start: 2020/07/28 21:25:34

[2020/07/28 21:25:44]			End: 2020/07/28 21:25:44
[2020/07/28 21:25:44][I][runTestItem] Test end time: 2020/07/28 21:25:44
[2020/07/28 21:25:44]---------- TestItem:CountDown.py  Method:1 ----------
[2020/07/28 21:25:44][I][runTestItem] Test start time: 2020/07/28 21:25:44
[2020/07/28 21:26:36][I][runTestItem] Test finished
[2020/07/28 21:26:36][I][checkTestResult] Version=3.0.0.3
[2020/07/28 21:26:36][I][checkTestResult] Result=Pass
[2020/07/28 21:26:36]*********************************************************
[2020/07/28 21:26:36]CountDown.py   3.0.0.3

[2020/07/28 21:26:36]			Result: Pass

[2020/07/28 21:26:36]			Method: 1

[2020/07/28 21:26:36]			Start: 2020/07/28 21:25:44

[2020/07/28 21:26:36]			End: 2020/07/28 21:26:36
[2020/07/28 21:26:36][I][runTestItem] Test end time: 2020/07/28 21:26:36
[2020/07/28 21:26:36]---------- TestItem:GFI20_RF_Zigbee.py  Method:2 ----------
[2020/07/28 21:26:36][I][runTestItem] Test start time: 2020/07/28 21:26:36
[2020/07/28 21:28:32][I][runTestItem] Test finished
[2020/07/28 21:28:32][I][checkTestResult] Version=3.0.0.3
[2020/07/28 21:28:32][I][checkTestResult] Result=Pass
[2020/07/28 21:28:32]*********************************************************
[2020/07/28 21:28:32]GFI20_RF_Zigbee.py   3.0.0.3

[2020/07/28 21:28:32]			Result: Pass

[2020/07/28 21:28:32]			Method: 2

[2020/07/28 21:28:32]			Start: 2020/07/28 21:26:36

[2020/07/28 21:28:32]			End: 2020/07/28 21:28:32
[2020/07/28 21:28:32][I][runTestItem] Test end time: 2020/07/28 21:28:32
[2020/07/28 21:28:32]---------- TestItem:GFI20_RF_LTE.py  Method:1 ----------
[2020/07/28 21:28:32][I][runTestItem] Test start time: 2020/07/28 21:28:32
[2020/07/28 21:29:51][I][runTestItem] Test finished
[2020/07/28 21:29:51][I][checkTestResult] Version=3.0.0.11
[2020/07/28 21:29:51][I][checkTestResult] Result=Pass
[2020/07/28 21:29:51]*********************************************************
[2020/07/28 21:29:51]GFI20_RF_LTE.py   3.0.0.11

[2020/07/28 21:29:51]			Result: Pass

[2020/07/28 21:29:51]			Method: 1

[2020/07/28 21:29:51]			Start: 2020/07/28 21:28:32

[2020/07/28 21:29:51]			End: 2020/07/28 21:29:51
[2020/07/28 21:29:51][I][runTestItem] Test end time: 2020/07/28 21:29:51
[2020/07/28 21:29:53][I][runLastScript] Waiting for ending...
[2020/07/28 21:29:53]---------- TestItem:GFI20LastScript.py  Method:1 ----------
[2020/07/28 21:29:53][I][runLastScript] Test start time: 2020/07/28 21:29:53
[2020/07/28 21:30:15][I][runLastScript] Test finished
[2020/07/28 21:30:15][I][runLastScript] Test end time: 2020/07/28 21:30:15
[2020/07/28 21:30:15][I][checkTestResult] Version=3.0.0.6
[2020/07/28 21:30:15][I][checkTestResult] Result=Pass
[2020/07/28 21:30:15]*********************************************************
[2020/07/28 21:30:15]GFI20LastScript.py   3.0.0.6

[2020/07/28 21:30:15]			Result: Pass

[2020/07/28 21:30:15]			Method: 1

[2020/07/28 21:30:15]			Start: 2020/07/28 21:29:53

[2020/07/28 21:30:15]			End: 2020/07/28 21:30:15
[2020/07/28 21:30:15][I][processSFISUploadPass] No SFIS RecordInfo
[2020/07/28 21:30:17][I][processSFISUploadPass] Upload pass Success!
