[2020/07/28 21:26:36.698415][I][class_GFI20] Initial class_GFI20
[2020/07/28 21:26:36.704224][I][connectDUT] COM: COM20, BaudRate: 115200
[2020/07/28 21:26:36.708462][I][connectDUT] Connect DUT success
[2020/07/28 21:26:36.715483][I][setScimitarMenu] Set Scimitar menu
[2020/07/28 21:26:36.918455][I][sendCOMCommand] DUT <= x
[2020/07/28 21:26:37.026093][I][sendCOMCommand] Serial buffer size: 7
[2020/07/28 21:26:37.536421][I][sendCOMCommand] DUT => x
$>

[2020/07/28 21:26:37.541885][I][setScimitarMenu] Success
[2020/07/28 21:26:43.483055][I][setZigbee_Tx] ZIGBEE_2450 CH: 15, Tx PWR: 0 dBm
[2020/07/28 21:26:43.484059][I][setScimitarMenu] Set Scimitar menu
[2020/07/28 21:26:43.688196][I][sendCOMCommand] DUT <= x
[2020/07/28 21:26:43.797884][I][sendCOMCommand] Serial buffer size: 7
[2020/07/28 21:26:44.310830][I][sendCOMCommand] DUT => x
$>

[2020/07/28 21:26:44.316853][I][setScimitarMenu] Success
[2020/07/28 21:26:44.319289][I][setZigbeeMenu] Check Zigbee Menu
[2020/07/28 21:26:44.522658][I][sendCOMCommand] DUT <= 2
[2020/07/28 21:26:44.633115][I][sendCOMCommand] Serial buffer size: 22
[2020/07/28 21:26:45.143003][I][sendCOMCommand] DUT => 2
$2_Zigbee(EM357)>

[2020/07/28 21:26:45.150354][I][setZigbeeMenu] Success
[2020/07/28 21:26:45.152335][I][setZigbee_Tx] Set Diagnostics Menu
[2020/07/28 21:26:45.356505][I][sendCOMCommand] DUT <= d
[2020/07/28 21:26:45.467373][I][sendCOMCommand] Serial buffer size: 22
[2020/07/28 21:26:45.976959][I][sendCOMCommand] DUT => d
$2-d_Diagnostics>

[2020/07/28 21:26:45.983546][I][setZigbee_Tx] Success
[2020/07/28 21:26:45.985751][I][setZigbee_Tx] Set Channel Menu
[2020/07/28 21:26:46.189873][I][sendCOMCommand] DUT <= 2
[2020/07/28 21:26:46.300144][I][sendCOMCommand] Serial buffer size: 66
[2020/07/28 21:26:46.812592][I][sendCOMCommand] DUT => 2
$2-d-2_Set Channel (11 => 26) [0B - 1A by HEX]>
$PARAMETER?>

[2020/07/28 21:26:46.823709][I][setZigbee_Tx] Success
[2020/07/28 21:26:46.832748][I][setZigbee_Tx] Set Channel
[2020/07/28 21:26:47.039796][I][sendCOMCommand] DUT <= 0F
[2020/07/28 21:26:47.148229][I][sendCOMCommand] Serial buffer size: 53
[2020/07/28 21:26:47.664445][I][sendCOMCommand] DUT => Set Channel: 15 (0x0F)
$DONE_OK
$2-d_Diagnostics>

[2020/07/28 21:26:47.670466][I][setZigbee_Tx] Success
[2020/07/28 21:26:47.673474][I][setZigbee_Tx] Set PWR Menu
[2020/07/28 21:26:47.876209][I][sendCOMCommand] DUT <= 3
[2020/07/28 21:26:47.981729][I][sendCOMCommand] Serial buffer size: 79
[2020/07/28 21:26:48.492437][I][sendCOMCommand] DUT => 3
$2-d-3_Set Power (-32 => +8dBm, Step=1dB) [-2B - 08 by HEX]>
$PARAMETER?>

[2020/07/28 21:26:48.499462][I][setZigbee_Tx] Success
[2020/07/28 21:26:48.502093][I][setZigbee_Tx] Set Tx PWR
[2020/07/28 21:26:48.705501][I][sendCOMCommand] DUT <= 00
[2020/07/28 21:26:48.817842][I][sendCOMCommand] Serial buffer size: 50
[2020/07/28 21:26:49.328324][I][sendCOMCommand] DUT => Set Power: 0 (0x00)
$DONE_OK
$2-d_Diagnostics>

[2020/07/28 21:26:49.339347][I][setZigbee_Tx] Success
[2020/07/28 21:26:49.361930][I][setScimitarMenu] Set Scimitar menu
[2020/07/28 21:26:49.566008][I][sendCOMCommand] DUT <= x
[2020/07/28 21:26:49.673608][I][sendCOMCommand] Serial buffer size: 22
[2020/07/28 21:26:50.189404][I][sendCOMCommand] DUT => x
$2_Zigbee(EM357)>

[2020/07/28 21:26:50.397669][I][sendCOMCommand] DUT <= x
[2020/07/28 21:26:50.510616][I][sendCOMCommand] Serial buffer size: 7
[2020/07/28 21:26:51.026117][I][sendCOMCommand] DUT => x
$>

[2020/07/28 21:26:51.033142][I][setScimitarMenu] Success
[2020/07/28 21:26:51.036186][I][setZigbeeMenu] Check Zigbee Menu
[2020/07/28 21:26:51.240407][I][sendCOMCommand] DUT <= 2
[2020/07/28 21:26:51.354585][I][sendCOMCommand] Serial buffer size: 22
[2020/07/28 21:26:51.865567][I][sendCOMCommand] DUT => 2
$2_Zigbee(EM357)>

[2020/07/28 21:26:51.876628][I][setZigbeeMenu] Success
[2020/07/28 21:26:51.886614][I][setTxStart] Set Tx start
[2020/07/28 21:26:54.029806][I][setTxStop] Set Tx stop
[2020/07/28 21:26:54.233238][I][sendCOMCommand] DUT <= 5
[2020/07/28 21:26:54.338794][I][sendCOMCommand] Serial buffer size: 202
[2020/07/28 21:26:54.857392][I][sendCOMCommand] DUT => [mfglib]Send Packet(100 bytes)
[mfglib]Send Packet(100 bytes)
[mfglib]Send Packet(100 bytes)
5
ZigBee send packet test end.
Total number of emberStatus errors:0
$[0]
$DONE_OK
$2_Zigbee(EM357)>

[2020/07/28 21:26:54.861563][I][setTxStop] Success
[2020/07/28 21:26:54.882956][I][setZigbee_Tx] ZIGBEE_2450 CH: 15, Tx PWR: -1 dBm
[2020/07/28 21:26:54.885766][I][setScimitarMenu] Set Scimitar menu
[2020/07/28 21:26:55.089670][I][sendCOMCommand] DUT <= x
[2020/07/28 21:26:55.200048][I][sendCOMCommand] Serial buffer size: 7
[2020/07/28 21:26:55.717377][I][sendCOMCommand] DUT => x
$>

[2020/07/28 21:26:55.725378][I][setScimitarMenu] Success
[2020/07/28 21:26:55.729498][I][setZigbeeMenu] Check Zigbee Menu
[2020/07/28 21:26:55.934829][I][sendCOMCommand] DUT <= 2
[2020/07/28 21:26:56.048798][I][sendCOMCommand] Serial buffer size: 22
[2020/07/28 21:26:56.559792][I][sendCOMCommand] DUT => 2
$2_Zigbee(EM357)>

[2020/07/28 21:26:56.567798][I][setZigbeeMenu] Success
[2020/07/28 21:26:56.571747][I][setZigbee_Tx] Set Diagnostics Menu
[2020/07/28 21:26:56.776092][I][sendCOMCommand] DUT <= d
[2020/07/28 21:26:56.890348][I][sendCOMCommand] Serial buffer size: 22
[2020/07/28 21:26:57.400682][I][sendCOMCommand] DUT => d
$2-d_Diagnostics>

[2020/07/28 21:26:57.413729][I][setZigbee_Tx] Success
[2020/07/28 21:26:57.424766][I][setZigbee_Tx] Set Channel Menu
[2020/07/28 21:26:57.632276][I][sendCOMCommand] DUT <= 2
[2020/07/28 21:26:57.739585][I][sendCOMCommand] Serial buffer size: 66
[2020/07/28 21:26:58.256612][I][sendCOMCommand] DUT => 2
$2-d-2_Set Channel (11 => 26) [0B - 1A by HEX]>
$PARAMETER?>

[2020/07/28 21:26:58.261970][I][setZigbee_Tx] Success
[2020/07/28 21:26:58.265984][I][setZigbee_Tx] Set Channel
[2020/07/28 21:26:58.473259][I][sendCOMCommand] DUT <= 0F
[2020/07/28 21:26:58.582471][I][sendCOMCommand] Serial buffer size: 53
[2020/07/28 21:26:59.100986][I][sendCOMCommand] DUT => Set Channel: 15 (0x0F)
$DONE_OK
$2-d_Diagnostics>

[2020/07/28 21:26:59.108010][I][setZigbee_Tx] Success
[2020/07/28 21:26:59.111486][I][setZigbee_Tx] Set PWR Menu
[2020/07/28 21:26:59.316327][I][sendCOMCommand] DUT <= 3
[2020/07/28 21:26:59.431899][I][sendCOMCommand] Serial buffer size: 79
[2020/07/28 21:26:59.943274][I][sendCOMCommand] DUT => 3
$2-d-3_Set Power (-32 => +8dBm, Step=1dB) [-2B - 08 by HEX]>
$PARAMETER?>

[2020/07/28 21:26:59.956359][I][setZigbee_Tx] Success
[2020/07/28 21:26:59.966376][I][setZigbee_Tx] Set Tx PWR
[2020/07/28 21:27:00.174792][I][sendCOMCommand] DUT <= FF
[2020/07/28 21:27:00.283627][I][sendCOMCommand] Serial buffer size: 57
[2020/07/28 21:27:00.802209][I][sendCOMCommand] DUT => Set Power: -1 (0xFFFFFFFF)
$DONE_OK
$2-d_Diagnostics>

[2020/07/28 21:27:00.816228][I][setZigbee_Tx] Success
[2020/07/28 21:27:00.839232][I][setScimitarMenu] Set Scimitar menu
[2020/07/28 21:27:01.044945][I][sendCOMCommand] DUT <= x
[2020/07/28 21:27:01.152785][I][sendCOMCommand] Serial buffer size: 22
[2020/07/28 21:27:01.671484][I][sendCOMCommand] DUT => x
$2_Zigbee(EM357)>

[2020/07/28 21:27:01.880535][I][sendCOMCommand] DUT <= x
[2020/07/28 21:27:01.995813][I][sendCOMCommand] Serial buffer size: 7
[2020/07/28 21:27:02.515122][I][sendCOMCommand] DUT => x
$>

[2020/07/28 21:27:02.523150][I][setScimitarMenu] Success
[2020/07/28 21:27:02.526157][I][setZigbeeMenu] Check Zigbee Menu
[2020/07/28 21:27:02.730806][I][sendCOMCommand] DUT <= 2
[2020/07/28 21:27:02.846216][I][sendCOMCommand] Serial buffer size: 22
[2020/07/28 21:27:03.357061][I][sendCOMCommand] DUT => 2
$2_Zigbee(EM357)>

[2020/07/28 21:27:03.372051][I][setZigbeeMenu] Success
[2020/07/28 21:27:03.381102][I][setTxStart] Set Tx start
[2020/07/28 21:27:05.592661][I][setTxStop] Set Tx stop
[2020/07/28 21:27:05.797151][I][sendCOMCommand] DUT <= 5
[2020/07/28 21:27:05.908467][I][sendCOMCommand] Serial buffer size: 174
[2020/07/28 21:27:06.421855][I][sendCOMCommand] DUT => [mfglib]Send Packet(100 bytes)
[mfglib]Send Packet(100 bytes)   *
5
ZigBee send packet test end.
Total number of emberStatus errors:0
$[0]
$DONE_OK
$2_Zigbee(EM357)>

[2020/07/28 21:27:06.435906][I][setTxStop] Success
[2020/07/28 21:27:10.160457][I][setZigbee_Tx] ZIGBEE_2450 CH: 21, Tx PWR: 0 dBm
[2020/07/28 21:27:10.163995][I][setScimitarMenu] Set Scimitar menu
[2020/07/28 21:27:10.368310][I][sendCOMCommand] DUT <= x
[2020/07/28 21:27:10.477703][I][sendCOMCommand] Serial buffer size: 7
[2020/07/28 21:27:10.995086][I][sendCOMCommand] DUT => x
$>

[2020/07/28 21:27:11.010593][I][setScimitarMenu] Success
[2020/07/28 21:27:11.019231][I][setZigbeeMenu] Check Zigbee Menu
[2020/07/28 21:27:11.226895][I][sendCOMCommand] DUT <= 2
[2020/07/28 21:27:11.337288][I][sendCOMCommand] Serial buffer size: 22
[2020/07/28 21:27:11.848552][I][sendCOMCommand] DUT => 2
$2_Zigbee(EM357)>

[2020/07/28 21:27:11.862584][I][setZigbeeMenu] Success
[2020/07/28 21:27:11.873604][I][setZigbee_Tx] Set Diagnostics Menu
[2020/07/28 21:27:12.081316][I][sendCOMCommand] DUT <= d
[2020/07/28 21:27:12.189595][I][sendCOMCommand] Serial buffer size: 22
[2020/07/28 21:27:12.708567][I][sendCOMCommand] DUT => d
$2-d_Diagnostics>

[2020/07/28 21:27:12.716580][I][setZigbee_Tx] Success
[2020/07/28 21:27:12.720280][I][setZigbee_Tx] Set Channel Menu
[2020/07/28 21:27:12.925061][I][sendCOMCommand] DUT <= 2
[2020/07/28 21:27:13.040819][I][sendCOMCommand] Serial buffer size: 66
[2020/07/28 21:27:13.553082][I][sendCOMCommand] DUT => 2
$2-d-2_Set Channel (11 => 26) [0B - 1A by HEX]>
$PARAMETER?>

[2020/07/28 21:27:13.561108][I][setZigbee_Tx] Success
[2020/07/28 21:27:13.564117][I][setZigbee_Tx] Set Channel
[2020/07/28 21:27:13.769061][I][sendCOMCommand] DUT <= 15
[2020/07/28 21:27:13.883900][I][sendCOMCommand] Serial buffer size: 53
[2020/07/28 21:27:14.395343][I][sendCOMCommand] DUT => Set Channel: 21 (0x15)
$DONE_OK
$2-d_Diagnostics>

[2020/07/28 21:27:14.409393][I][setZigbee_Tx] Success
[2020/07/28 21:27:14.420385][I][setZigbee_Tx] Set PWR Menu
[2020/07/28 21:27:14.628034][I][sendCOMCommand] DUT <= 3
[2020/07/28 21:27:14.737401][I][sendCOMCommand] Serial buffer size: 79
[2020/07/28 21:27:15.256112][I][sendCOMCommand] DUT => 3
$2-d-3_Set Power (-32 => +8dBm, Step=1dB) [-2B - 08 by HEX]>
$PARAMETER?>

[2020/07/28 21:27:15.264139][I][setZigbee_Tx] Success
[2020/07/28 21:27:15.268149][I][setZigbee_Tx] Set Tx PWR
[2020/07/28 21:27:15.473292][I][sendCOMCommand] DUT <= 00
[2020/07/28 21:27:15.588678][I][sendCOMCommand] Serial buffer size: 50
[2020/07/28 21:27:16.097824][I][sendCOMCommand] DUT => Set Power: 0 (0x00)
$DONE_OK
$2-d_Diagnostics>

[2020/07/28 21:27:16.112865][I][setZigbee_Tx] Success
[2020/07/28 21:27:16.133252][I][setScimitarMenu] Set Scimitar menu
[2020/07/28 21:27:16.338743][I][sendCOMCommand] DUT <= x
[2020/07/28 21:27:16.454081][I][sendCOMCommand] Serial buffer size: 22
[2020/07/28 21:27:16.973033][I][sendCOMCommand] DUT => x
$2_Zigbee(EM357)>

[2020/07/28 21:27:17.189766][I][sendCOMCommand] DUT <= x
[2020/07/28 21:27:17.297675][I][sendCOMCommand] Serial buffer size: 7
[2020/07/28 21:27:17.817824][I][sendCOMCommand] DUT => x
$>

[2020/07/28 21:27:17.832856][I][setScimitarMenu] Success
[2020/07/28 21:27:17.842672][I][setZigbeeMenu] Check Zigbee Menu
[2020/07/28 21:27:18.049972][I][sendCOMCommand] DUT <= 2
[2020/07/28 21:27:18.166390][I][sendCOMCommand] Serial buffer size: 22
[2020/07/28 21:27:18.677133][I][sendCOMCommand] DUT => 2
$2_Zigbee(EM357)>

[2020/07/28 21:27:18.685146][I][setZigbeeMenu] Success
[2020/07/28 21:27:18.689157][I][setTxStart] Set Tx start
[2020/07/28 21:27:20.919555][I][setTxStop] Set Tx stop
[2020/07/28 21:27:21.126942][I][sendCOMCommand] DUT <= 5
[2020/07/28 21:27:21.235016][I][sendCOMCommand] Serial buffer size: 170
[2020/07/28 21:27:21.755642][I][sendCOMCommand] DUT => [mfglib]Send Packet(100 bytes)
[mfglib]Send Packet(100 bytes)
5
ZigBee send packet test end.
Total number of emberStatus errors:0
$[0]
$DONE_OK
$2_Zigbee(EM357)>

[2020/07/28 21:27:21.763709][I][setTxStop] Success
[2020/07/28 21:27:21.788946][I][setZigbee_Tx] ZIGBEE_2450 CH: 21, Tx PWR: -2 dBm
[2020/07/28 21:27:21.793058][I][setScimitarMenu] Set Scimitar menu
[2020/07/28 21:27:21.997691][I][sendCOMCommand] DUT <= x
[2020/07/28 21:27:22.114345][I][sendCOMCommand] Serial buffer size: 7
[2020/07/28 21:27:22.626586][I][sendCOMCommand] DUT => x
$>

[2020/07/28 21:27:22.635618][I][setScimitarMenu] Success
[2020/07/28 21:27:22.638668][I][setZigbeeMenu] Check Zigbee Menu
[2020/07/28 21:27:22.843838][I][sendCOMCommand] DUT <= 2
[2020/07/28 21:27:22.960072][I][sendCOMCommand] Serial buffer size: 22
[2020/07/28 21:27:23.479946][I][sendCOMCommand] DUT => 2
$2_Zigbee(EM357)>

[2020/07/28 21:27:23.495295][I][setZigbeeMenu] Success
[2020/07/28 21:27:23.506177][I][setZigbee_Tx] Set Diagnostics Menu
[2020/07/28 21:27:23.713965][I][sendCOMCommand] DUT <= d
[2020/07/28 21:27:23.824097][I][sendCOMCommand] Serial buffer size: 22
[2020/07/28 21:27:24.342288][I][sendCOMCommand] DUT => d
$2-d_Diagnostics>

[2020/07/28 21:27:24.354852][I][setZigbee_Tx] Success
[2020/07/28 21:27:24.364883][I][setZigbee_Tx] Set Channel Menu
[2020/07/28 21:27:24.574169][I][sendCOMCommand] DUT <= 2
[2020/07/28 21:27:24.682950][I][sendCOMCommand] Serial buffer size: 66
[2020/07/28 21:27:25.202236][I][sendCOMCommand] DUT => 2
$2-d-2_Set Channel (11 => 26) [0B - 1A by HEX]>
$PARAMETER?>

[2020/07/28 21:27:25.210286][I][setZigbee_Tx] Success
[2020/07/28 21:27:25.214479][I][setZigbee_Tx] Set Channel
[2020/07/28 21:27:25.418728][I][sendCOMCommand] DUT <= 15
[2020/07/28 21:27:25.534826][I][sendCOMCommand] Serial buffer size: 53
[2020/07/28 21:27:26.048052][I][sendCOMCommand] DUT => Set Channel: 21 (0x15)
$DONE_OK
$2-d_Diagnostics>

[2020/07/28 21:27:26.057019][I][setZigbee_Tx] Success
[2020/07/28 21:27:26.060665][I][setZigbee_Tx] Set PWR Menu
[2020/07/28 21:27:26.265206][I][sendCOMCommand] DUT <= 3
[2020/07/28 21:27:26.382832][I][sendCOMCommand] Serial buffer size: 79
[2020/07/28 21:27:26.895188][I][sendCOMCommand] DUT => 3
$2-d-3_Set Power (-32 => +8dBm, Step=1dB) [-2B - 08 by HEX]>
$PARAMETER?>

[2020/07/28 21:27:26.910208][I][setZigbee_Tx] Success
[2020/07/28 21:27:26.921237][I][setZigbee_Tx] Set Tx PWR
[2020/07/28 21:27:27.128754][I][sendCOMCommand] DUT <= FE
[2020/07/28 21:27:27.236976][I][sendCOMCommand] Serial buffer size: 38
[2020/07/28 21:27:27.353268][W][sendCOMCommand] Buffer not empty!!!
[2020/07/28 21:27:27.369351][I][sendCOMCommand] Serial buffer size: 19
[2020/07/28 21:27:27.882042][I][sendCOMCommand] DUT => Set Power: -2 (0xFFFFFFFE)
$DONE_OK
$2-d_Diagnostics>

[2020/07/28 21:27:27.898085][I][setZigbee_Tx] Success
[2020/07/28 21:27:27.919603][I][setScimitarMenu] Set Scimitar menu
[2020/07/28 21:27:28.125885][I][sendCOMCommand] DUT <= x
[2020/07/28 21:27:28.234341][I][sendCOMCommand] Serial buffer size: 22
[2020/07/28 21:27:28.752786][I][sendCOMCommand] DUT => x
$2_Zigbee(EM357)>

[2020/07/28 21:27:28.962562][I][sendCOMCommand] DUT <= x
[2020/07/28 21:27:29.079119][I][sendCOMCommand] Serial buffer size: 7
[2020/07/28 21:27:29.589672][I][sendCOMCommand] DUT => x
$>

[2020/07/28 21:27:29.597675][I][setScimitarMenu] Success
[2020/07/28 21:27:29.601687][I][setZigbeeMenu] Check Zigbee Menu
[2020/07/28 21:27:29.806773][I][sendCOMCommand] DUT <= 2
[2020/07/28 21:27:29.922267][I][sendCOMCommand] Serial buffer size: 22
[2020/07/28 21:27:30.441755][I][sendCOMCommand] DUT => 2
$2_Zigbee(EM357)>

[2020/07/28 21:27:30.457805][I][setZigbeeMenu] Success
[2020/07/28 21:27:30.466813][I][setTxStart] Set Tx start
[2020/07/28 21:27:32.742225][I][setTxStop] Set Tx stop
[2020/07/28 21:27:32.950113][I][sendCOMCommand] DUT <= 5
[2020/07/28 21:27:33.056984][I][sendCOMCommand] Serial buffer size: 174
[2020/07/28 21:27:33.576702][I][sendCOMCommand] DUT => [mfglib]Send Packet(100 bytes)
[mfglib]Send Packet(100 bytes)   *
5
ZigBee send packet test end.
Total number of emberStatus errors:0
$[0]
$DONE_OK
$2_Zigbee(EM357)>

[2020/07/28 21:27:33.585744][I][setTxStop] Success
[2020/07/28 21:27:37.274433][I][setZigbee_Tx] ZIGBEE_2450 CH: 24, Tx PWR: 0 dBm
[2020/07/28 21:27:37.278609][I][setScimitarMenu] Set Scimitar menu
[2020/07/28 21:27:37.483381][I][sendCOMCommand] DUT <= x
[2020/07/28 21:27:37.592173][I][sendCOMCommand] Serial buffer size: 7
[2020/07/28 21:27:38.110718][I][sendCOMCommand] DUT => x
$>

[2020/07/28 21:27:38.118730][I][setScimitarMenu] Success
[2020/07/28 21:27:38.123386][I][setZigbeeMenu] Check Zigbee Menu
[2020/07/28 21:27:38.327890][I][sendCOMCommand] DUT <= 2
[2020/07/28 21:27:38.445313][I][sendCOMCommand] Serial buffer size: 22
[2020/07/28 21:27:38.956912][I][sendCOMCommand] DUT => 2
$2_Zigbee(EM357)>

[2020/07/28 21:27:38.972947][I][setZigbeeMenu] Success
[2020/07/28 21:27:38.983020][I][setZigbee_Tx] Set Diagnostics Menu
[2020/07/28 21:27:39.190906][I][sendCOMCommand] DUT <= d
[2020/07/28 21:27:39.301117][I][sendCOMCommand] Serial buffer size: 22
[2020/07/28 21:27:39.811371][I][sendCOMCommand] DUT => d
$2-d_Diagnostics>

[2020/07/28 21:27:39.816067][I][setZigbee_Tx] Success
[2020/07/28 21:27:39.820426][I][setZigbee_Tx] Set Channel Menu
[2020/07/28 21:27:40.025938][I][sendCOMCommand] DUT <= 2
[2020/07/28 21:27:40.142413][I][sendCOMCommand] Serial buffer size: 66
[2020/07/28 21:27:40.652727][I][sendCOMCommand] DUT => 2
$2-d-2_Set Channel (11 => 26) [0B - 1A by HEX]>
$PARAMETER?>

[2020/07/28 21:27:40.660739][I][setZigbee_Tx] Success
[2020/07/28 21:27:40.664733][I][setZigbee_Tx] Set Channel
[2020/07/28 21:27:40.869064][I][sendCOMCommand] DUT <= 18
[2020/07/28 21:27:40.974498][I][sendCOMCommand] Serial buffer size: 53
[2020/07/28 21:27:41.494116][I][sendCOMCommand] DUT => Set Channel: 24 (0x18)
$DONE_OK
$2-d_Diagnostics>

[2020/07/28 21:27:41.510171][I][setZigbee_Tx] Success
[2020/07/28 21:27:41.519189][I][setZigbee_Tx] Set PWR Menu
[2020/07/28 21:27:41.727874][I][sendCOMCommand] DUT <= 3
[2020/07/28 21:27:41.836399][I][sendCOMCommand] Serial buffer size: 79
[2020/07/28 21:27:42.357148][I][sendCOMCommand] DUT => 3
$2-d-3_Set Power (-32 => +8dBm, Step=1dB) [-2B - 08 by HEX]>
$PARAMETER?>

[2020/07/28 21:27:42.370461][I][setZigbee_Tx] Success
[2020/07/28 21:27:42.380495][I][setZigbee_Tx] Set Tx PWR
[2020/07/28 21:27:42.588149][I][sendCOMCommand] DUT <= 00
[2020/07/28 21:27:42.695989][I][sendCOMCommand] Serial buffer size: 50
[2020/07/28 21:27:43.215972][I][sendCOMCommand] DUT => Set Power: 0 (0x00)
$DONE_OK
$2-d_Diagnostics>

[2020/07/28 21:27:43.225011][I][setZigbee_Tx] Success
[2020/07/28 21:27:43.235505][I][setScimitarMenu] Set Scimitar menu
[2020/07/28 21:27:43.439802][I][sendCOMCommand] DUT <= x
[2020/07/28 21:27:43.556733][I][sendCOMCommand] Serial buffer size: 22
[2020/07/28 21:27:44.068493][I][sendCOMCommand] DUT => x
$2_Zigbee(EM357)>

[2020/07/28 21:27:44.278135][I][sendCOMCommand] DUT <= x
[2020/07/28 21:27:44.395689][I][sendCOMCommand] Serial buffer size: 7
[2020/07/28 21:27:44.916993][I][sendCOMCommand] DUT => x
$>

[2020/07/28 21:27:44.925007][I][setScimitarMenu] Success
[2020/07/28 21:27:44.929016][I][setZigbeeMenu] Check Zigbee Menu
[2020/07/28 21:27:45.133932][I][sendCOMCommand] DUT <= 2
[2020/07/28 21:27:45.251211][I][sendCOMCommand] Serial buffer size: 22
[2020/07/28 21:27:45.762062][I][sendCOMCommand] DUT => 2
$2_Zigbee(EM357)>

[2020/07/28 21:27:45.770072][I][setZigbeeMenu] Success
[2020/07/28 21:27:45.774083][I][setTxStart] Set Tx start
[2020/07/28 21:27:47.897512][I][setTxStop] Set Tx stop
[2020/07/28 21:27:48.103003][I][sendCOMCommand] DUT <= 5
[2020/07/28 21:27:48.213220][I][sendCOMCommand] Serial buffer size: 202
[2020/07/28 21:27:48.732364][I][sendCOMCommand] DUT => [mfglib]Send Packet(100 bytes)
[mfglib]Send Packet(100 bytes)
[mfglib]Send Packet(100 bytes)
5
ZigBee send packet test end.
Total number of emberStatus errors:0
$[0]
$DONE_OK
$2_Zigbee(EM357)>

[2020/07/28 21:27:48.740372][I][setTxStop] Success
[2020/07/28 21:27:48.764408][I][setZigbee_Tx] ZIGBEE_2450 CH: 24, Tx PWR: -1 dBm
[2020/07/28 21:27:48.768456][I][setScimitarMenu] Set Scimitar menu
[2020/07/28 21:27:48.973230][I][sendCOMCommand] DUT <= x
[2020/07/28 21:27:49.090860][I][sendCOMCommand] Serial buffer size: 7
[2020/07/28 21:27:49.602303][I][sendCOMCommand] DUT => x
$>

[2020/07/28 21:27:49.610317][I][setScimitarMenu] Success
[2020/07/28 21:27:49.615006][I][setZigbeeMenu] Check Zigbee Menu
[2020/07/28 21:27:49.821377][I][sendCOMCommand] DUT <= 2
[2020/07/28 21:27:49.930590][I][sendCOMCommand] Serial buffer size: 22
[2020/07/28 21:27:50.442121][I][sendCOMCommand] DUT => 2
$2_Zigbee(EM357)>

[2020/07/28 21:27:50.459164][I][setZigbeeMenu] Success
[2020/07/28 21:27:50.470013][I][setZigbee_Tx] Set Diagnostics Menu
[2020/07/28 21:27:50.678464][I][sendCOMCommand] DUT <= d
[2020/07/28 21:27:50.787055][I][sendCOMCommand] Serial buffer size: 22
[2020/07/28 21:27:51.307798][I][sendCOMCommand] DUT => d
$2-d_Diagnostics>

[2020/07/28 21:27:51.314826][I][setZigbee_Tx] Success
[2020/07/28 21:27:51.318680][I][setZigbee_Tx] Set Channel Menu
[2020/07/28 21:27:51.524663][I][sendCOMCommand] DUT <= 2
[2020/07/28 21:27:51.642772][I][sendCOMCommand] Serial buffer size: 66
[2020/07/28 21:27:52.156000][I][sendCOMCommand] DUT => 2
$2-d-2_Set Channel (11 => 26) [0B - 1A by HEX]>
$PARAMETER?>

[2020/07/28 21:27:52.165240][I][setZigbee_Tx] Success
[2020/07/28 21:27:52.169134][I][setZigbee_Tx] Set Channel
[2020/07/28 21:27:52.373868][I][sendCOMCommand] DUT <= 18
[2020/07/28 21:27:52.491945][I][sendCOMCommand] Serial buffer size: 53
[2020/07/28 21:27:53.003874][I][sendCOMCommand] DUT => Set Channel: 24 (0x18)
$DONE_OK
$2-d_Diagnostics>

[2020/07/28 21:27:53.019974][I][setZigbee_Tx] Success
[2020/07/28 21:27:53.029995][I][setZigbee_Tx] Set PWR Menu
[2020/07/28 21:27:53.238138][I][sendCOMCommand] DUT <= 3
[2020/07/28 21:27:53.346853][I][sendCOMCommand] Serial buffer size: 79
[2020/07/28 21:27:53.866680][I][sendCOMCommand] DUT => 3
$2-d-3_Set Power (-32 => +8dBm, Step=1dB) [-2B - 08 by HEX]>
$PARAMETER?>

[2020/07/28 21:27:53.878632][I][setZigbee_Tx] Success
[2020/07/28 21:27:53.885657][I][setZigbee_Tx] Set Tx PWR
[2020/07/28 21:27:54.091160][I][sendCOMCommand] DUT <= FF
[2020/07/28 21:27:54.198775][I][sendCOMCommand] Serial buffer size: 57
[2020/07/28 21:27:54.718389][I][sendCOMCommand] DUT => Set Power: -1 (0xFFFFFFFF)
$DONE_OK
$2-d_Diagnostics>

[2020/07/28 21:27:54.726382][I][setZigbee_Tx] Success
[2020/07/28 21:27:54.737411][I][setScimitarMenu] Set Scimitar menu
[2020/07/28 21:27:54.942001][I][sendCOMCommand] DUT <= x
[2020/07/28 21:27:55.048382][I][sendCOMCommand] Serial buffer size: 22
[2020/07/28 21:27:55.560533][I][sendCOMCommand] DUT => x
$2_Zigbee(EM357)>

[2020/07/28 21:27:55.769698][I][sendCOMCommand] DUT <= x
[2020/07/28 21:27:55.888087][I][sendCOMCommand] Serial buffer size: 7
[2020/07/28 21:27:56.408542][I][sendCOMCommand] DUT => x
$>

[2020/07/28 21:27:56.425584][I][setScimitarMenu] Success
[2020/07/28 21:27:56.435655][I][setZigbeeMenu] Check Zigbee Menu
[2020/07/28 21:27:56.644460][I][sendCOMCommand] DUT <= 2
[2020/07/28 21:27:56.752258][I][sendCOMCommand] Serial buffer size: 22
[2020/07/28 21:27:57.273187][I][sendCOMCommand] DUT => 2
$2_Zigbee(EM357)>

[2020/07/28 21:27:57.280196][I][setZigbeeMenu] Success
[2020/07/28 21:27:57.284207][I][setTxStart] Set Tx start
[2020/07/28 21:27:59.426309][I][setTxStop] Set Tx stop
[2020/07/28 21:27:59.633649][I][sendCOMCommand] DUT <= 5
[2020/07/28 21:27:59.744119][I][sendCOMCommand] Serial buffer size: 170
[2020/07/28 21:28:00.265041][I][sendCOMCommand] DUT => [mfglib]Send Packet(100 bytes)
[mfglib]Send Packet(100 bytes)
5
ZigBee send packet test end.
Total number of emberStatus errors:0
$[0]
$DONE_OK
$2_Zigbee(EM357)>

[2020/07/28 21:28:00.274307][I][setTxStop] Success
[2020/07/28 21:28:01.635888][I][setZigbee_Rx] ZIGBEE_2450 CH: 19
[2020/07/28 21:28:01.640014][I][setScimitarMenu] Set Scimitar menu
[2020/07/28 21:28:01.844528][I][sendCOMCommand] DUT <= x
[2020/07/28 21:28:01.949785][I][sendCOMCommand] Serial buffer size: 7
[2020/07/28 21:28:02.470279][I][sendCOMCommand] DUT => x
$>

[2020/07/28 21:28:02.486379][I][setScimitarMenu] Success
[2020/07/28 21:28:02.497578][I][setZigbeeMenu] Check Zigbee Menu
[2020/07/28 21:28:02.706482][I][sendCOMCommand] DUT <= 2
[2020/07/28 21:28:02.815011][I][sendCOMCommand] Serial buffer size: 22
[2020/07/28 21:28:03.336264][I][sendCOMCommand] DUT => 2
$2_Zigbee(EM357)>

[2020/07/28 21:28:03.344320][I][setZigbeeMenu] Success
[2020/07/28 21:28:03.349071][I][setZigbee_Rx] Set Diagnostics Menu
[2020/07/28 21:28:03.554024][I][sendCOMCommand] DUT <= d
[2020/07/28 21:28:03.672763][I][sendCOMCommand] Serial buffer size: 22
[2020/07/28 21:28:04.186540][I][sendCOMCommand] DUT => d
$2-d_Diagnostics>

[2020/07/28 21:28:04.194552][I][setZigbee_Rx] Success
[2020/07/28 21:28:04.198563][I][setZigbee_Rx] Set Channel Menu
[2020/07/28 21:28:04.404307][I][sendCOMCommand] DUT <= 2
[2020/07/28 21:28:04.516888][I][sendCOMCommand] Serial buffer size: 66
[2020/07/28 21:28:05.028782][I][sendCOMCommand] DUT => 2
$2-d-2_Set Channel (11 => 26) [0B - 1A by HEX]>
$PARAMETER?>

[2020/07/28 21:28:05.044879][I][setZigbee_Rx] Success
[2020/07/28 21:28:05.054861][I][setZigbee_Rx] Set Channel
[2020/07/28 21:28:05.263396][I][sendCOMCommand] DUT <= 13
[2020/07/28 21:28:05.371534][I][sendCOMCommand] Serial buffer size: 53
[2020/07/28 21:28:05.889767][I][sendCOMCommand] DUT => Set Channel: 19 (0x13)
$DONE_OK
$2-d_Diagnostics>

[2020/07/28 21:28:05.897839][I][setZigbee_Rx] Success
[2020/07/28 21:28:05.912714][I][setZigbeeLNAMode] LNA Mode: 1
[2020/07/28 21:28:05.918115][I][setScimitarMenu] Set Scimitar menu
[2020/07/28 21:28:06.123935][I][sendCOMCommand] DUT <= x
[2020/07/28 21:28:06.242448][I][sendCOMCommand] Serial buffer size: 22
[2020/07/28 21:28:06.756183][I][sendCOMCommand] DUT => x
$2_Zigbee(EM357)>

[2020/07/28 21:28:06.965415][I][sendCOMCommand] DUT <= x
[2020/07/28 21:28:07.082584][I][sendCOMCommand] Serial buffer size: 7
[2020/07/28 21:28:07.592782][I][sendCOMCommand] DUT => x
$>

[2020/07/28 21:28:07.601340][I][setScimitarMenu] Success
[2020/07/28 21:28:07.605481][I][setZigbeeMenu] Check Zigbee Menu
[2020/07/28 21:28:07.810425][I][sendCOMCommand] DUT <= 2
[2020/07/28 21:28:07.927448][I][sendCOMCommand] Serial buffer size: 22
[2020/07/28 21:28:08.448499][I][sendCOMCommand] DUT => 2
$2_Zigbee(EM357)>

[2020/07/28 21:28:08.457514][I][setZigbeeMenu] Success
[2020/07/28 21:28:08.461524][I][setZigbeeLNAMode] Set GPIO Write Menu
[2020/07/28 21:28:08.666549][I][sendCOMCommand] DUT <= 3
[2020/07/28 21:28:08.784689][I][sendCOMCommand] Serial buffer size: 28
[2020/07/28 21:28:09.296185][I][sendCOMCommand] DUT => 3
$2-3_ZigBee GPIO Write>

[2020/07/28 21:28:09.303214][I][setZigbeeLNAMode] Success
[2020/07/28 21:28:09.308046][I][setZigbeeLNAMode] Set LNA Mode
[2020/07/28 21:28:09.513232][I][sendCOMCommand] DUT <= 3
[2020/07/28 21:28:09.630970][I][sendCOMCommand] Serial buffer size: 106
[2020/07/28 21:28:10.141976][I][sendCOMCommand] DUT => 3
[EZSP]Setting GPIO was successful. (portPin=3, cfg=1, out=0)
$[0]
$DONE_OK
$2-3_ZigBee GPIO Write>

[2020/07/28 21:28:10.358810][I][sendCOMCommand] DUT <= 3
[2020/07/28 21:28:10.465358][I][sendCOMCommand] Serial buffer size: 106
[2020/07/28 21:28:10.985493][I][sendCOMCommand] DUT => 3
[EZSP]Setting GPIO was successful. (portPin=3, cfg=1, out=1)
$[1]
$DONE_OK
$2-3_ZigBee GPIO Write>

[2020/07/28 21:28:11.002572][I][setZigbeeLNAMode] Success
[2020/07/28 21:28:12.029648][I][getRxResult] Get Rx Result
[2020/07/28 21:28:12.038688][I][setScimitarMenu] Set Scimitar menu
[2020/07/28 21:28:12.248607][I][sendCOMCommand] DUT <= x
[2020/07/28 21:28:12.359180][I][sendCOMCommand] Serial buffer size: 22
[2020/07/28 21:28:12.877477][I][sendCOMCommand] DUT => x
$2_Zigbee(EM357)>

[2020/07/28 21:28:13.085663][I][sendCOMCommand] DUT <= x
[2020/07/28 21:28:13.195091][I][sendCOMCommand] Serial buffer size: 7
[2020/07/28 21:28:13.716332][I][sendCOMCommand] DUT => x
$>

[2020/07/28 21:28:13.723341][I][setScimitarMenu] Success
[2020/07/28 21:28:13.728244][I][setZigbeeMenu] Check Zigbee Menu
[2020/07/28 21:28:13.933545][I][sendCOMCommand] DUT <= 2
[2020/07/28 21:28:14.051628][I][sendCOMCommand] Serial buffer size: 22
[2020/07/28 21:28:14.563032][I][sendCOMCommand] DUT => 2
$2_Zigbee(EM357)>

[2020/07/28 21:28:14.580077][I][setZigbeeMenu] Success
[2020/07/28 21:28:14.791162][I][sendCOMCommand] DUT <= b
[2020/07/28 21:28:14.900817][I][sendCOMCommand] Serial buffer size: 94
[2020/07/28 21:28:15.006766][W][sendCOMCommand] Buffer not empty!!!
[2020/07/28 21:28:15.011431][I][sendCOMCommand] Serial buffer size: 183
[2020/07/28 21:28:15.419674][W][sendCOMCommand] Buffer not empty!!!
[2020/07/28 21:28:15.436663][I][sendCOMCommand] Serial buffer size: 10
[2020/07/28 21:28:15.547092][W][sendCOMCommand] Buffer not empty!!!
[2020/07/28 21:28:15.563084][I][sendCOMCommand] Serial buffer size: 19
[2020/07/28 21:28:16.080416][I][sendCOMCommand] DUT => b
ZigBee get Rssi test start.
Start Scan ... (Channel: 19 (0x13) duration:2 mask:00080000)
Channel: 19 (0x13), Rssi:-15
Total OK!    OOO   K  K   !
            O   O  K K    !
            O   O  KK     !
            O   O  K K     
             OOO   K  Kk  !
$[-15]
$DONE_OK
$2_Zigbee(EM357)>

[2020/07/28 21:28:16.152515][I][setZigbee_Rx] ZIGBEE_2450 CH: 19
[2020/07/28 21:28:16.156555][I][setScimitarMenu] Set Scimitar menu
[2020/07/28 21:28:16.363729][I][sendCOMCommand] DUT <= x
[2020/07/28 21:28:16.470975][I][sendCOMCommand] Serial buffer size: 7
[2020/07/28 21:28:16.992411][I][sendCOMCommand] DUT => x
$>

[2020/07/28 21:28:17.009503][I][setScimitarMenu] Success
[2020/07/28 21:28:17.018494][I][setZigbeeMenu] Check Zigbee Menu
[2020/07/28 21:28:17.226473][I][sendCOMCommand] DUT <= 2
[2020/07/28 21:28:17.334749][I][sendCOMCommand] Serial buffer size: 22
[2020/07/28 21:28:17.856774][I][sendCOMCommand] DUT => 2
$2_Zigbee(EM357)>

[2020/07/28 21:28:17.864809][I][setZigbeeMenu] Success
[2020/07/28 21:28:17.868653][I][setZigbee_Rx] Set Diagnostics Menu
[2020/07/28 21:28:18.074059][I][sendCOMCommand] DUT <= d
[2020/07/28 21:28:18.192157][I][sendCOMCommand] Serial buffer size: 22
[2020/07/28 21:28:18.714220][I][sendCOMCommand] DUT => d
$2-d_Diagnostics>

[2020/07/28 21:28:18.722248][I][setZigbee_Rx] Success
[2020/07/28 21:28:18.726259][I][setZigbee_Rx] Set Channel Menu
[2020/07/28 21:28:18.931565][I][sendCOMCommand] DUT <= 2
[2020/07/28 21:28:19.050065][I][sendCOMCommand] Serial buffer size: 66
[2020/07/28 21:28:19.561912][I][sendCOMCommand] DUT => 2
$2-d-2_Set Channel (11 => 26) [0B - 1A by HEX]>
$PARAMETER?>

[2020/07/28 21:28:19.578975][I][setZigbee_Rx] Success
[2020/07/28 21:28:19.589994][I][setZigbee_Rx] Set Channel
[2020/07/28 21:28:19.797796][I][sendCOMCommand] DUT <= 13
[2020/07/28 21:28:19.906818][I][sendCOMCommand] Serial buffer size: 34
[2020/07/28 21:28:20.419981][I][sendCOMCommand] DUT => Set Channel: 19 (0x13)
$DONE_OK
$2-d_Diagnostics>

[2020/07/28 21:28:20.435999][I][setZigbee_Rx] Success
[2020/07/28 21:28:20.450576][I][setZigbeeLNAMode] LNA Mode: 0
[2020/07/28 21:28:20.455593][I][setScimitarMenu] Set Scimitar menu
[2020/07/28 21:28:20.661672][I][sendCOMCommand] DUT <= x
[2020/07/28 21:28:20.780037][I][sendCOMCommand] Serial buffer size: 22
[2020/07/28 21:28:21.293029][I][sendCOMCommand] DUT => x
$2_Zigbee(EM357)>

[2020/07/28 21:28:21.503011][I][sendCOMCommand] DUT <= x
[2020/07/28 21:28:21.620894][I][sendCOMCommand] Serial buffer size: 7
[2020/07/28 21:28:22.141370][I][sendCOMCommand] DUT => x
$>

[2020/07/28 21:28:22.150387][I][setScimitarMenu] Success
[2020/07/28 21:28:22.154441][I][setZigbeeMenu] Check Zigbee Menu
[2020/07/28 21:28:22.360000][I][sendCOMCommand] DUT <= 2
[2020/07/28 21:28:22.469969][I][sendCOMCommand] Serial buffer size: 22
[2020/07/28 21:28:22.990842][I][sendCOMCommand] DUT => 2
$2_Zigbee(EM357)>

[2020/07/28 21:28:23.007931][I][setZigbeeMenu] Success
[2020/07/28 21:28:23.016906][I][setZigbeeLNAMode] Set GPIO Write Menu
[2020/07/28 21:28:23.225064][I][sendCOMCommand] DUT <= 3
[2020/07/28 21:28:23.333439][I][sendCOMCommand] Serial buffer size: 28
[2020/07/28 21:28:23.853424][I][sendCOMCommand] DUT => 3
$2-3_ZigBee GPIO Write>

[2020/07/28 21:28:23.861452][I][setZigbeeLNAMode] Success
[2020/07/28 21:28:23.865462][I][setZigbeeLNAMode] Set LNA Mode
[2020/07/28 21:28:24.071563][I][sendCOMCommand] DUT <= 3
[2020/07/28 21:28:24.181276][I][sendCOMCommand] Serial buffer size: 106
[2020/07/28 21:28:24.692006][I][sendCOMCommand] DUT => 3
[EZSP]Setting GPIO was successful. (portPin=3, cfg=1, out=0)
$[0]
$DONE_OK
$2-3_ZigBee GPIO Write>

[2020/07/28 21:28:24.700018][I][setZigbeeLNAMode] Success
[2020/07/28 21:28:25.717603][I][getRxResult] Get Rx Result
[2020/07/28 21:28:25.725632][I][setScimitarMenu] Set Scimitar menu
[2020/07/28 21:28:25.930626][I][sendCOMCommand] DUT <= x
[2020/07/28 21:28:26.047582][I][sendCOMCommand] Serial buffer size: 22
[2020/07/28 21:28:26.560871][I][sendCOMCommand] DUT => x
$2_Zigbee(EM357)>

[2020/07/28 21:28:26.778359][I][sendCOMCommand] DUT <= x
[2020/07/28 21:28:26.892845][I][sendCOMCommand] Serial buffer size: 7
[2020/07/28 21:28:27.414076][I][sendCOMCommand] DUT => x
$>

[2020/07/28 21:28:27.422101][I][setScimitarMenu] Success
[2020/07/28 21:28:27.430152][I][setZigbeeMenu] Check Zigbee Menu
[2020/07/28 21:28:27.638073][I][sendCOMCommand] DUT <= 2
[2020/07/28 21:28:27.747883][I][sendCOMCommand] Serial buffer size: 22
[2020/07/28 21:28:28.259946][I][sendCOMCommand] DUT => 2
$2_Zigbee(EM357)>

[2020/07/28 21:28:28.266954][I][setZigbeeMenu] Success
[2020/07/28 21:28:28.473671][I][sendCOMCommand] DUT <= b
[2020/07/28 21:28:28.592175][I][sendCOMCommand] Serial buffer size: 94
[2020/07/28 21:28:28.801964][W][sendCOMCommand] Buffer not empty!!!
[2020/07/28 21:28:28.819065][I][sendCOMCommand] Serial buffer size: 183
[2020/07/28 21:28:29.232098][W][sendCOMCommand] Buffer not empty!!!
[2020/07/28 21:28:29.249194][I][sendCOMCommand] Serial buffer size: 29
[2020/07/28 21:28:29.764536][I][sendCOMCommand] DUT => b
ZigBee get Rssi test start.
Start Scan ... (Channel: 19 (0x13) duration:2 mask:00080000)
Channel: 19 (0x13), Rssi:-28
Total OK!    OOO   K  K   !
            O   O  K K    !
            O   O  KK     !
            O   O  K K     
             OOO   K  Kk  !
$[-28]
$DONE_OK
$2_Zigbee(EM357)>

[2020/07/28 21:28:29.882110][I][disconnectDUT] Disconnect DUT success
