[2020/07/27 14:33:14][I][getBOM] No SFIS CheckStatus
[2020/07/27 14:33:14][I][loadTestItemBySKU] Test Item List = (GFI20_RF_Zigbee,2)
[2020/07/27 14:33:14][I][loadTestItemBySKU] Test Item List Element = ['GFI20_RF_Zigbee,2']
[2020/07/27 14:33:14][I][showTestingMsg] Waiting for testing...
[2020/07/27 14:33:14]---------- TestItem:GFI20_RF_Zigbee.py  Method:2 ----------
[2020/07/27 14:33:14][I][runTestItem] Test start time: 2020/07/27 14:33:14
[2020/07/27 14:34:21][I][getBOM] No SFIS CheckStatus
[2020/07/27 14:34:21][I][loadTestItemBySKU] Test Item List = (GFI20_RF_Zigbee,2)
[2020/07/27 14:34:21][I][loadTestItemBySKU] Test Item List Element = ['GFI20_RF_Zigbee,2']
[2020/07/27 14:34:21][I][showTestingMsg] Waiting for testing...
[2020/07/27 14:34:21]---------- TestItem:GFI20_RF_Zigbee.py  Method:2 ----------
[2020/07/27 14:34:21][I][runTestItem] Test start time: 2020/07/27 14:34:21
[2020/07/27 14:37:04][I][runTestItem] Test finished
[2020/07/27 14:37:04][I][checkTestResult] Version=3.0.0.3
[2020/07/27 14:37:05][I][checkTestResult] Result=Fail
[2020/07/27 14:37:05][I][checkTestResult] Reason=Test Zigbee FAIL
[2020/07/27 14:37:05][I][checkTestResult] EC=010000S01
[2020/07/27 14:37:05]*********************************************************
[2020/07/27 14:37:05]GFI20_RF_Zigbee.py   3.0.0.3

[2020/07/27 14:37:05]			Result: Fail

[2020/07/27 14:37:05]			Method: 2

[2020/07/27 14:37:05]			Start: 2020/07/27 14:34:21

[2020/07/27 14:37:05]			End: 2020/07/27 14:37:04
[2020/07/27 14:37:05]
			Fail Reason: Test Zigbee FAIL
[2020/07/27 14:37:05][I][runTestItem] Test end time: 2020/07/27 14:37:05
