[2020/07/27 14:33:14.614190][I][class_GFI20] Initial class_GFI20
[2020/07/27 14:33:14.614190][I][connectDUT] COM: COM20, BaudRate: 115200
[2020/07/27 14:33:14.614190][E][connectDUT] could not open port 'COM20': PermissionError(13, '存取被拒。', None, 5)
[2020/07/27 14:33:15.124671][I][connectDUT] COM: COM20, BaudRate: 115200
[2020/07/27 14:33:15.124671][E][connectDUT] could not open port 'COM20': PermissionError(13, '存取被拒。', None, 5)
[2020/07/27 14:33:15.634742][I][connectDUT] COM: COM20, BaudRate: 115200
[2020/07/27 14:33:15.634742][E][connectDUT] could not open port 'COM20': PermissionError(13, '存取被拒。', None, 5)
[2020/07/27 14:33:16.155547][I][connectDUT] COM: COM20, BaudRate: 115200
[2020/07/27 14:33:16.155547][E][connectDUT] could not open port 'COM20': PermissionError(13, '存取被拒。', None, 5)
[2020/07/27 14:33:16.665818][I][connectDUT] COM: COM20, BaudRate: 115200
[2020/07/27 14:33:16.665818][E][connectDUT] could not open port 'COM20': PermissionError(13, '存取被拒。', None, 5)
[2020/07/27 14:33:16.665818][E][connectDUT] Retry 5 times Fail
[2020/07/27 14:33:16.675291][E][connectDUT] Unable to connect DUT
[2020/07/27 14:33:24.789879][I][class_GFI20] Initial class_GFI20
[2020/07/27 14:33:24.798933][I][connectDUT] COM: COM20, BaudRate: 115200
[2020/07/27 14:33:24.801915][E][connectDUT] could not open port 'COM20': PermissionError(13, '存取被拒。', None, 5)
[2020/07/27 14:33:25.304394][I][connectDUT] COM: COM20, BaudRate: 115200
[2020/07/27 14:33:25.304394][E][connectDUT] could not open port 'COM20': PermissionError(13, '存取被拒。', None, 5)
[2020/07/27 14:33:25.824449][I][connectDUT] COM: COM20, BaudRate: 115200
[2020/07/27 14:33:25.824449][E][connectDUT] could not open port 'COM20': PermissionError(13, '存取被拒。', None, 5)
[2020/07/27 14:33:26.344847][I][connectDUT] COM: COM20, BaudRate: 115200
[2020/07/27 14:33:26.344847][E][connectDUT] could not open port 'COM20': PermissionError(13, '存取被拒。', None, 5)
[2020/07/27 14:33:26.855326][I][connectDUT] COM: COM20, BaudRate: 115200
[2020/07/27 14:33:26.855326][E][connectDUT] could not open port 'COM20': PermissionError(13, '存取被拒。', None, 5)
[2020/07/27 14:33:26.864827][E][connectDUT] Retry 5 times Fail
[2020/07/27 14:33:26.864827][E][connectDUT] Unable to connect DUT
[2020/07/27 14:33:37.168059][I][class_GFI20] Initial class_GFI20
[2020/07/27 14:33:37.175075][I][connectDUT] COM: COM20, BaudRate: 115200
[2020/07/27 14:33:37.176702][E][connectDUT] could not open port 'COM20': PermissionError(13, '存取被拒。', None, 5)
[2020/07/27 14:33:37.683910][I][connectDUT] COM: COM20, BaudRate: 115200
[2020/07/27 14:33:37.683910][E][connectDUT] could not open port 'COM20': PermissionError(13, '存取被拒。', None, 5)
[2020/07/27 14:33:38.204307][I][connectDUT] COM: COM20, BaudRate: 115200
[2020/07/27 14:33:38.204307][E][connectDUT] could not open port 'COM20': PermissionError(13, '存取被拒。', None, 5)
[2020/07/27 14:33:38.714557][I][connectDUT] COM: COM20, BaudRate: 115200
[2020/07/27 14:33:38.714557][E][connectDUT] could not open port 'COM20': PermissionError(13, '存取被拒。', None, 5)
[2020/07/27 14:33:39.224809][I][connectDUT] COM: COM20, BaudRate: 115200
[2020/07/27 14:33:39.224809][E][connectDUT] could not open port 'COM20': PermissionError(13, '存取被拒。', None, 5)
[2020/07/27 14:33:39.224809][E][connectDUT] Retry 5 times Fail
[2020/07/27 14:33:39.224809][E][connectDUT] Unable to connect DUT
[2020/07/27 14:33:51.044303][I][class_GFI20] Initial class_GFI20
[2020/07/27 14:33:51.052325][I][connectDUT] COM: COM20, BaudRate: 115200
[2020/07/27 14:33:51.055340][E][connectDUT] could not open port 'COM20': PermissionError(13, '存取被拒。', None, 5)
[2020/07/27 14:33:51.566463][I][connectDUT] COM: COM20, BaudRate: 115200
[2020/07/27 14:33:51.566463][E][connectDUT] could not open port 'COM20': PermissionError(13, '存取被拒。', None, 5)
[2020/07/27 14:33:52.076175][I][connectDUT] COM: COM20, BaudRate: 115200
[2020/07/27 14:33:52.076175][E][connectDUT] could not open port 'COM20': PermissionError(13, '存取被拒。', None, 5)
[2020/07/27 14:33:52.586859][I][connectDUT] COM: COM20, BaudRate: 115200
[2020/07/27 14:33:52.586859][E][connectDUT] could not open port 'COM20': PermissionError(13, '存取被拒。', None, 5)
[2020/07/27 14:33:53.117267][I][connectDUT] COM: COM20, BaudRate: 115200
[2020/07/27 14:33:53.117267][E][connectDUT] could not open port 'COM20': PermissionError(13, '存取被拒。', None, 5)
[2020/07/27 14:33:53.117267][E][connectDUT] Retry 5 times Fail
[2020/07/27 14:33:53.126761][E][connectDUT] Unable to connect DUT
[2020/07/27 14:34:21.859672][I][class_GFI20] Initial class_GFI20
[2020/07/27 14:34:21.859672][I][connectDUT] COM: COM20, BaudRate: 115200
[2020/07/27 14:34:21.869658][E][connectDUT] could not open port 'COM20': PermissionError(13, '存取被拒。', None, 5)
[2020/07/27 14:34:22.380354][I][connectDUT] COM: COM20, BaudRate: 115200
[2020/07/27 14:34:22.380354][E][connectDUT] could not open port 'COM20': PermissionError(13, '存取被拒。', None, 5)
[2020/07/27 14:34:22.900816][I][connectDUT] COM: COM20, BaudRate: 115200
[2020/07/27 14:34:22.900816][E][connectDUT] could not open port 'COM20': PermissionError(13, '存取被拒。', None, 5)
[2020/07/27 14:34:23.411018][I][connectDUT] COM: COM20, BaudRate: 115200
[2020/07/27 14:34:23.411018][E][connectDUT] could not open port 'COM20': PermissionError(13, '存取被拒。', None, 5)
[2020/07/27 14:34:23.921159][I][connectDUT] COM: COM20, BaudRate: 115200
[2020/07/27 14:34:23.921159][E][connectDUT] could not open port 'COM20': PermissionError(13, '存取被拒。', None, 5)
[2020/07/27 14:34:23.930802][E][connectDUT] Retry 5 times Fail
[2020/07/27 14:34:23.930802][E][connectDUT] Unable to connect DUT
[2020/07/27 14:34:40.454128][I][class_GFI20] Initial class_GFI20
[2020/07/27 14:34:40.465156][I][connectDUT] COM: COM20, BaudRate: 115200
[2020/07/27 14:34:40.471859][I][connectDUT] Connect DUT success
[2020/07/27 14:34:40.476911][I][setScimitarMenu] Set Scimitar menu
[2020/07/27 14:34:40.688327][I][sendCOMCommand] DUT <= x
[2020/07/27 14:34:40.798358][I][sendCOMCommand] Serial buffer size: 7
[2020/07/27 14:34:41.348553][I][sendCOMCommand] DUT => x
$>

[2020/07/27 14:34:41.358155][I][setScimitarMenu] Success
[2020/07/27 14:34:47.601524][I][setZigbee_Tx] ZIGBEE_2450 CH: 15, Tx PWR: 0 dBm
[2020/07/27 14:34:47.611534][I][setScimitarMenu] Set Scimitar menu
[2020/07/27 14:34:47.822140][I][sendCOMCommand] DUT <= x
[2020/07/27 14:34:47.932193][I][sendCOMCommand] Serial buffer size: 7
[2020/07/27 14:34:48.482494][I][sendCOMCommand] DUT => x
$>

[2020/07/27 14:34:48.491996][I][setScimitarMenu] Success
[2020/07/27 14:34:48.491996][I][setZigbeeMenu] Check Zigbee Menu
[2020/07/27 14:34:48.702722][I][sendCOMCommand] DUT <= 2
[2020/07/27 14:34:48.812667][I][sendCOMCommand] Serial buffer size: 22
[2020/07/27 14:34:49.362959][I][sendCOMCommand] DUT => 2
$2_Zigbee(EM357)>

[2020/07/27 14:34:49.372436][I][setZigbeeMenu] Success
[2020/07/27 14:34:49.372436][I][setZigbee_Tx] Set Diagnostics Menu
[2020/07/27 14:34:49.593052][I][sendCOMCommand] DUT <= d
[2020/07/27 14:34:49.703212][I][sendCOMCommand] Serial buffer size: 22
[2020/07/27 14:34:50.243331][I][sendCOMCommand] DUT => d
$2-d_Diagnostics>

[2020/07/27 14:34:50.243331][I][setZigbee_Tx] Success
[2020/07/27 14:34:50.252952][I][setZigbee_Tx] Set Channel Menu
[2020/07/27 14:34:50.463525][I][sendCOMCommand] DUT <= 2
[2020/07/27 14:34:50.573608][I][sendCOMCommand] Serial buffer size: 66
[2020/07/27 14:34:51.113899][I][sendCOMCommand] DUT => 2
$2-d-2_Set Channel (11 => 26) [0B - 1A by HEX]>
$PARAMETER?>

[2020/07/27 14:34:51.123411][I][setZigbee_Tx] Success
[2020/07/27 14:34:51.123411][I][setZigbee_Tx] Set Channel
[2020/07/27 14:34:51.334011][I][sendCOMCommand] DUT <= 0F
[2020/07/27 14:34:51.444141][I][sendCOMCommand] Serial buffer size: 53
[2020/07/27 14:34:51.994379][I][sendCOMCommand] DUT => Set Channel: 15 (0x0F)
$DONE_OK
$2-d_Diagnostics>

[2020/07/27 14:34:52.003888][I][setZigbee_Tx] Success
[2020/07/27 14:34:52.003888][I][setZigbee_Tx] Set PWR Menu
[2020/07/27 14:34:52.214480][I][sendCOMCommand] DUT <= 3
[2020/07/27 14:34:52.324510][I][sendCOMCommand] Serial buffer size: 79
[2020/07/27 14:34:52.864832][I][sendCOMCommand] DUT => 3
$2-d-3_Set Power (-32 => +8dBm, Step=1dB) [-2B - 08 by HEX]>
$PARAMETER?>

[2020/07/27 14:34:52.874311][I][setZigbee_Tx] Success
[2020/07/27 14:34:52.874311][I][setZigbee_Tx] Set Tx PWR
[2020/07/27 14:34:53.084946][I][sendCOMCommand] DUT <= 00
[2020/07/27 14:34:53.195008][I][sendCOMCommand] Serial buffer size: 50
[2020/07/27 14:34:53.745310][I][sendCOMCommand] DUT => Set Power: 0 (0x00)
$DONE_OK
$2-d_Diagnostics>

[2020/07/27 14:34:53.754820][I][setZigbee_Tx] Success
[2020/07/27 14:34:53.764774][I][setScimitarMenu] Set Scimitar menu
[2020/07/27 14:34:53.975420][I][sendCOMCommand] DUT <= x
[2020/07/27 14:34:54.085368][I][sendCOMCommand] Serial buffer size: 22
[2020/07/27 14:34:54.635775][I][sendCOMCommand] DUT => x
$2_Zigbee(EM357)>

[2020/07/27 14:34:54.855855][I][sendCOMCommand] DUT <= x
[2020/07/27 14:34:54.965948][I][sendCOMCommand] Serial buffer size: 7
[2020/07/27 14:34:55.516242][I][sendCOMCommand] DUT => x
$>

[2020/07/27 14:34:55.525767][I][setScimitarMenu] Success
[2020/07/27 14:34:55.525767][I][setZigbeeMenu] Check Zigbee Menu
[2020/07/27 14:34:55.736363][I][sendCOMCommand] DUT <= 2
[2020/07/27 14:34:55.846478][I][sendCOMCommand] Serial buffer size: 22
[2020/07/27 14:34:56.396719][I][sendCOMCommand] DUT => 2
$2_Zigbee(EM357)>

[2020/07/27 14:34:56.406193][I][setZigbeeMenu] Success
[2020/07/27 14:34:56.406193][I][setTxStart] Set Tx start
[2020/07/27 14:34:58.607416][I][setTxStop] Set Tx stop
[2020/07/27 14:34:58.818225][I][sendCOMCommand] DUT <= 5
[2020/07/27 14:34:58.928123][I][sendCOMCommand] Serial buffer size: 170
[2020/07/27 14:34:59.478356][I][sendCOMCommand] DUT => [mfglib]Send Packet(100 bytes)
[mfglib]Send Packet(100 bytes)
5
ZigBee send packet test end.
Total number of emberStatus errors:0
$[0]
$DONE_OK
$2_Zigbee(EM357)>

[2020/07/27 14:34:59.487883][I][setTxStop] Success
[2020/07/27 14:34:59.517863][I][setZigbee_Tx] ZIGBEE_2450 CH: 15, Tx PWR: -1 dBm
[2020/07/27 14:34:59.527853][I][setScimitarMenu] Set Scimitar menu
[2020/07/27 14:34:59.738500][I][sendCOMCommand] DUT <= x
[2020/07/27 14:34:59.848640][I][sendCOMCommand] Serial buffer size: 7
[2020/07/27 14:35:00.398893][I][sendCOMCommand] DUT => x
$>

[2020/07/27 14:35:00.398893][I][setScimitarMenu] Success
[2020/07/27 14:35:00.408365][I][setZigbeeMenu] Check Zigbee Menu
[2020/07/27 14:35:00.618941][I][sendCOMCommand] DUT <= 2
[2020/07/27 14:35:00.729026][I][sendCOMCommand] Serial buffer size: 22
[2020/07/27 14:35:01.279323][I][sendCOMCommand] DUT => 2
$2_Zigbee(EM357)>

[2020/07/27 14:35:01.288844][I][setZigbeeMenu] Success
[2020/07/27 14:35:01.288844][I][setZigbee_Tx] Set Diagnostics Menu
[2020/07/27 14:35:01.499436][I][sendCOMCommand] DUT <= d
[2020/07/27 14:35:01.609501][I][sendCOMCommand] Serial buffer size: 22
[2020/07/27 14:35:02.149652][I][sendCOMCommand] DUT => d
$2-d_Diagnostics>

[2020/07/27 14:35:02.159306][I][setZigbee_Tx] Success
[2020/07/27 14:35:02.159306][I][setZigbee_Tx] Set Channel Menu
[2020/07/27 14:35:02.369903][I][sendCOMCommand] DUT <= 2
[2020/07/27 14:35:02.479960][I][sendCOMCommand] Serial buffer size: 66
[2020/07/27 14:35:03.030261][I][sendCOMCommand] DUT => 2
$2-d-2_Set Channel (11 => 26) [0B - 1A by HEX]>
$PARAMETER?>

[2020/07/27 14:35:03.039775][I][setZigbee_Tx] Success
[2020/07/27 14:35:03.039775][I][setZigbee_Tx] Set Channel
[2020/07/27 14:35:03.250344][I][sendCOMCommand] DUT <= 0F
[2020/07/27 14:35:03.360433][I][sendCOMCommand] Serial buffer size: 53
[2020/07/27 14:35:03.910763][I][sendCOMCommand] DUT => Set Channel: 15 (0x0F)
$DONE_OK
$2-d_Diagnostics>

[2020/07/27 14:35:03.910763][I][setZigbee_Tx] Success
[2020/07/27 14:35:03.910763][I][setZigbee_Tx] Set PWR Menu
[2020/07/27 14:35:04.120842][I][sendCOMCommand] DUT <= 3
[2020/07/27 14:35:04.230897][I][sendCOMCommand] Serial buffer size: 79
[2020/07/27 14:35:04.791198][I][sendCOMCommand] DUT => 3
$2-d-3_Set Power (-32 => +8dBm, Step=1dB) [-2B - 08 by HEX]>
$PARAMETER?>

[2020/07/27 14:35:04.800709][I][setZigbee_Tx] Success
[2020/07/27 14:35:04.800709][I][setZigbee_Tx] Set Tx PWR
[2020/07/27 14:35:05.011321][I][sendCOMCommand] DUT <= FF
[2020/07/27 14:35:05.121371][I][sendCOMCommand] Serial buffer size: 57
[2020/07/27 14:35:05.671665][I][sendCOMCommand] DUT => Set Power: -1 (0xFFFFFFFF)
$DONE_OK
$2-d_Diagnostics>

[2020/07/27 14:35:05.681144][I][setZigbee_Tx] Success
[2020/07/27 14:35:05.691142][I][setScimitarMenu] Set Scimitar menu
[2020/07/27 14:35:05.901787][I][sendCOMCommand] DUT <= x
[2020/07/27 14:35:06.011579][I][sendCOMCommand] Serial buffer size: 22
[2020/07/27 14:35:06.562147][I][sendCOMCommand] DUT => x
$2_Zigbee(EM357)>

[2020/07/27 14:35:06.772256][I][sendCOMCommand] DUT <= x
[2020/07/27 14:35:06.882187][I][sendCOMCommand] Serial buffer size: 7
[2020/07/27 14:35:07.432615][I][sendCOMCommand] DUT => x
$>

[2020/07/27 14:35:07.442076][I][setScimitarMenu] Success
[2020/07/27 14:35:07.442076][I][setZigbeeMenu] Check Zigbee Menu
[2020/07/27 14:35:07.652692][I][sendCOMCommand] DUT <= 2
[2020/07/27 14:35:07.762785][I][sendCOMCommand] Serial buffer size: 22
[2020/07/27 14:35:08.312995][I][sendCOMCommand] DUT => 2
$2_Zigbee(EM357)>

[2020/07/27 14:35:08.312995][I][setZigbeeMenu] Success
[2020/07/27 14:35:08.312995][I][setTxStart] Set Tx start
[2020/07/27 14:35:10.523723][I][setTxStop] Set Tx stop
[2020/07/27 14:35:10.734360][I][sendCOMCommand] DUT <= 5
[2020/07/27 14:35:10.844538][I][sendCOMCommand] Serial buffer size: 174
[2020/07/27 14:35:11.394701][I][sendCOMCommand] DUT => [mfglib]Send Packet(100 bytes)
[mfglib]Send Packet(100 bytes)   *
5
ZigBee send packet test end.
Total number of emberStatus errors:0
$[0]
$DONE_OK
$2_Zigbee(EM357)>

[2020/07/27 14:35:11.404244][I][setTxStop] Success
[2020/07/27 14:35:15.226275][I][setZigbee_Tx] ZIGBEE_2450 CH: 21, Tx PWR: 0 dBm
[2020/07/27 14:35:15.236270][I][setScimitarMenu] Set Scimitar menu
[2020/07/27 14:35:15.446882][I][sendCOMCommand] DUT <= x
[2020/07/27 14:35:15.556944][I][sendCOMCommand] Serial buffer size: 7
[2020/07/27 14:35:16.107325][I][sendCOMCommand] DUT => x
$>

[2020/07/27 14:35:16.107325][I][setScimitarMenu] Success
[2020/07/27 14:35:16.107325][I][setZigbeeMenu] Check Zigbee Menu
[2020/07/27 14:35:16.327356][I][sendCOMCommand] DUT <= 2
[2020/07/27 14:35:16.437233][I][sendCOMCommand] Serial buffer size: 22
[2020/07/27 14:35:16.987706][I][sendCOMCommand] DUT => 2
$2_Zigbee(EM357)>

[2020/07/27 14:35:16.997186][I][setZigbeeMenu] Success
[2020/07/27 14:35:16.997186][I][setZigbee_Tx] Set Diagnostics Menu
[2020/07/27 14:35:17.207795][I][sendCOMCommand] DUT <= d
[2020/07/27 14:35:17.317877][I][sendCOMCommand] Serial buffer size: 22
[2020/07/27 14:35:17.868175][I][sendCOMCommand] DUT => d
$2-d_Diagnostics>

[2020/07/27 14:35:17.877702][I][setZigbee_Tx] Success
[2020/07/27 14:35:17.877702][I][setZigbee_Tx] Set Channel Menu
[2020/07/27 14:35:18.088307][I][sendCOMCommand] DUT <= 2
[2020/07/27 14:35:18.198357][I][sendCOMCommand] Serial buffer size: 66
[2020/07/27 14:35:18.748655][I][sendCOMCommand] DUT => 2
$2-d-2_Set Channel (11 => 26) [0B - 1A by HEX]>
$PARAMETER?>

[2020/07/27 14:35:18.758188][I][setZigbee_Tx] Success
[2020/07/27 14:35:18.758188][I][setZigbee_Tx] Set Channel
[2020/07/27 14:35:18.968924][I][sendCOMCommand] DUT <= 15
[2020/07/27 14:35:19.078834][I][sendCOMCommand] Serial buffer size: 53
[2020/07/27 14:35:19.629260][I][sendCOMCommand] DUT => Set Channel: 21 (0x15)
$DONE_OK
$2-d_Diagnostics>

[2020/07/27 14:35:19.629260][I][setZigbee_Tx] Success
[2020/07/27 14:35:19.629260][I][setZigbee_Tx] Set PWR Menu
[2020/07/27 14:35:19.839211][I][sendCOMCommand] DUT <= 3
[2020/07/27 14:35:19.949292][I][sendCOMCommand] Serial buffer size: 79
[2020/07/27 14:35:20.499580][I][sendCOMCommand] DUT => 3
$2-d-3_Set Power (-32 => +8dBm, Step=1dB) [-2B - 08 by HEX]>
$PARAMETER?>

[2020/07/27 14:35:20.509103][I][setZigbee_Tx] Success
[2020/07/27 14:35:20.509103][I][setZigbee_Tx] Set Tx PWR
[2020/07/27 14:35:20.719704][I][sendCOMCommand] DUT <= 00
[2020/07/27 14:35:20.829760][I][sendCOMCommand] Serial buffer size: 50
[2020/07/27 14:35:21.380062][I][sendCOMCommand] DUT => Set Power: 0 (0x00)
$DONE_OK
$2-d_Diagnostics>

[2020/07/27 14:35:21.389530][I][setZigbee_Tx] Success
[2020/07/27 14:35:21.399564][I][setScimitarMenu] Set Scimitar menu
[2020/07/27 14:35:21.610304][I][sendCOMCommand] DUT <= x
[2020/07/27 14:35:21.720239][I][sendCOMCommand] Serial buffer size: 22
[2020/07/27 14:35:22.270500][I][sendCOMCommand] DUT => x
$2_Zigbee(EM357)>

[2020/07/27 14:35:22.490645][I][sendCOMCommand] DUT <= x
[2020/07/27 14:35:22.600708][I][sendCOMCommand] Serial buffer size: 7
[2020/07/27 14:35:23.150996][I][sendCOMCommand] DUT => x
$>

[2020/07/27 14:35:23.160522][I][setScimitarMenu] Success
[2020/07/27 14:35:23.160522][I][setZigbeeMenu] Check Zigbee Menu
[2020/07/27 14:35:23.371116][I][sendCOMCommand] DUT <= 2
[2020/07/27 14:35:23.481189][I][sendCOMCommand] Serial buffer size: 22
[2020/07/27 14:35:24.031475][I][sendCOMCommand] DUT => 2
$2_Zigbee(EM357)>

[2020/07/27 14:35:24.040992][I][setZigbeeMenu] Success
[2020/07/27 14:35:24.040992][I][setTxStart] Set Tx start
[2020/07/27 14:35:26.152095][I][setTxStop] Set Tx stop
[2020/07/27 14:35:26.362715][I][sendCOMCommand] DUT <= 5
[2020/07/27 14:35:26.472272][I][sendCOMCommand] Serial buffer size: 170
[2020/07/27 14:35:27.023074][I][sendCOMCommand] DUT => [mfglib]Send Packet(100 bytes)
[mfglib]Send Packet(100 bytes)
5
ZigBee send packet test end.
Total number of emberStatus errors:0
$[0]
$DONE_OK
$2_Zigbee(EM357)>

[2020/07/27 14:35:27.032594][I][setTxStop] Success
[2020/07/27 14:35:30.844611][I][setZigbee_Tx] ZIGBEE_2450 CH: 24, Tx PWR: 0 dBm
[2020/07/27 14:35:30.844611][I][setScimitarMenu] Set Scimitar menu
[2020/07/27 14:35:31.055216][I][sendCOMCommand] DUT <= x
[2020/07/27 14:35:31.165248][I][sendCOMCommand] Serial buffer size: 7
[2020/07/27 14:35:31.715571][I][sendCOMCommand] DUT => x
$>

[2020/07/27 14:35:31.725102][I][setScimitarMenu] Success
[2020/07/27 14:35:31.725102][I][setZigbeeMenu] Check Zigbee Menu
[2020/07/27 14:35:31.945699][I][sendCOMCommand] DUT <= 2
[2020/07/27 14:35:32.055749][I][sendCOMCommand] Serial buffer size: 22
[2020/07/27 14:35:32.606232][I][sendCOMCommand] DUT => 2
$2_Zigbee(EM357)>

[2020/07/27 14:35:32.606232][I][setZigbeeMenu] Success
[2020/07/27 14:35:32.606232][I][setZigbee_Tx] Set Diagnostics Menu
[2020/07/27 14:35:32.825665][I][sendCOMCommand] DUT <= d
[2020/07/27 14:35:32.935734][I][sendCOMCommand] Serial buffer size: 22
[2020/07/27 14:35:33.476224][I][sendCOMCommand] DUT => d
$2-d_Diagnostics>

[2020/07/27 14:35:33.476224][I][setZigbee_Tx] Success
[2020/07/27 14:35:33.476224][I][setZigbee_Tx] Set Channel Menu
[2020/07/27 14:35:33.686620][I][sendCOMCommand] DUT <= 2
[2020/07/27 14:35:33.796646][I][sendCOMCommand] Serial buffer size: 66
[2020/07/27 14:35:34.346967][I][sendCOMCommand] DUT => 2
$2-d-2_Set Channel (11 => 26) [0B - 1A by HEX]>
$PARAMETER?>

[2020/07/27 14:35:34.356495][I][setZigbee_Tx] Success
[2020/07/27 14:35:34.356495][I][setZigbee_Tx] Set Channel
[2020/07/27 14:35:34.577102][I][sendCOMCommand] DUT <= 18
[2020/07/27 14:35:34.687153][I][sendCOMCommand] Serial buffer size: 53
[2020/07/27 14:35:35.237449][I][sendCOMCommand] DUT => Set Channel: 24 (0x18)
$DONE_OK
$2-d_Diagnostics>

[2020/07/27 14:35:35.246975][I][setZigbee_Tx] Success
[2020/07/27 14:35:35.246975][I][setZigbee_Tx] Set PWR Menu
[2020/07/27 14:35:35.457570][I][sendCOMCommand] DUT <= 3
[2020/07/27 14:35:35.567626][I][sendCOMCommand] Serial buffer size: 79
[2020/07/27 14:35:36.117925][I][sendCOMCommand] DUT => 3
$2-d-3_Set Power (-32 => +8dBm, Step=1dB) [-2B - 08 by HEX]>
$PARAMETER?>

[2020/07/27 14:35:36.127445][I][setZigbee_Tx] Success
[2020/07/27 14:35:36.127445][I][setZigbee_Tx] Set Tx PWR
[2020/07/27 14:35:36.338140][I][sendCOMCommand] DUT <= 00
[2020/07/27 14:35:36.448113][I][sendCOMCommand] Serial buffer size: 31
[2020/07/27 14:35:36.998400][I][sendCOMCommand] DUT => Set Power: 0 (0x00)
$DONE_OK
$2-d_Diagnostics>

[2020/07/27 14:35:36.998400][I][setZigbee_Tx] Success
[2020/07/27 14:35:37.007862][I][setScimitarMenu] Set Scimitar menu
[2020/07/27 14:35:37.218511][I][sendCOMCommand] DUT <= x
[2020/07/27 14:35:37.328660][I][sendCOMCommand] Serial buffer size: 22
[2020/07/27 14:35:37.868515][I][sendCOMCommand] DUT => x
$2_Zigbee(EM357)>

[2020/07/27 14:35:38.078709][I][sendCOMCommand] DUT <= x
[2020/07/27 14:35:38.189026][I][sendCOMCommand] Serial buffer size: 7
[2020/07/27 14:35:38.739322][I][sendCOMCommand] DUT => x
$>

[2020/07/27 14:35:38.748844][I][setScimitarMenu] Success
[2020/07/27 14:35:38.748844][I][setZigbeeMenu] Check Zigbee Menu
[2020/07/27 14:35:38.959419][I][sendCOMCommand] DUT <= 2
[2020/07/27 14:35:39.069498][I][sendCOMCommand] Serial buffer size: 22
[2020/07/27 14:35:39.619789][I][sendCOMCommand] DUT => 2
$2_Zigbee(EM357)>

[2020/07/27 14:35:39.629314][I][setZigbeeMenu] Success
[2020/07/27 14:35:39.629314][I][setTxStart] Set Tx start
[2020/07/27 14:35:41.850448][I][setTxStop] Set Tx stop
[2020/07/27 14:35:42.071224][I][sendCOMCommand] DUT <= 5
[2020/07/27 14:35:42.181161][I][sendCOMCommand] Serial buffer size: 170
[2020/07/27 14:35:42.721472][I][sendCOMCommand] DUT => [mfglib]Send Packet(100 bytes)
[mfglib]Send Packet(100 bytes)
5
ZigBee send packet test end.
Total number of emberStatus errors:0
$[0]
$DONE_OK
$2_Zigbee(EM357)>

[2020/07/27 14:35:42.721472][I][setTxStop] Success
[2020/07/27 14:35:42.760963][I][setZigbee_Tx] ZIGBEE_2450 CH: 24, Tx PWR: -1 dBm
[2020/07/27 14:35:42.760963][I][setScimitarMenu] Set Scimitar menu
[2020/07/27 14:35:42.971583][I][sendCOMCommand] DUT <= x
[2020/07/27 14:35:43.081638][I][sendCOMCommand] Serial buffer size: 7
[2020/07/27 14:35:43.621939][I][sendCOMCommand] DUT => x
$>

[2020/07/27 14:35:43.621939][I][setScimitarMenu] Success
[2020/07/27 14:35:43.631399][I][setZigbeeMenu] Check Zigbee Menu
[2020/07/27 14:35:43.842049][I][sendCOMCommand] DUT <= 2
[2020/07/27 14:35:43.952218][I][sendCOMCommand] Serial buffer size: 22
[2020/07/27 14:35:44.502409][I][sendCOMCommand] DUT => 2
$2_Zigbee(EM357)>

[2020/07/27 14:35:44.511875][I][setZigbeeMenu] Success
[2020/07/27 14:35:44.511875][I][setZigbee_Tx] Set Diagnostics Menu
[2020/07/27 14:35:44.732519][I][sendCOMCommand] DUT <= d
[2020/07/27 14:35:44.842577][I][sendCOMCommand] Serial buffer size: 22
[2020/07/27 14:35:45.392767][I][sendCOMCommand] DUT => d
$2-d_Diagnostics>

[2020/07/27 14:35:45.392767][I][setZigbee_Tx] Success
[2020/07/27 14:35:45.392767][I][setZigbee_Tx] Set Channel Menu
[2020/07/27 14:35:45.602959][I][sendCOMCommand] DUT <= 2
[2020/07/27 14:35:45.713043][I][sendCOMCommand] Serial buffer size: 66
[2020/07/27 14:35:46.263334][I][sendCOMCommand] DUT => 2
$2-d-2_Set Channel (11 => 26) [0B - 1A by HEX]>
$PARAMETER?>

[2020/07/27 14:35:46.272861][I][setZigbee_Tx] Success
[2020/07/27 14:35:46.272861][I][setZigbee_Tx] Set Channel
[2020/07/27 14:35:46.483403][I][sendCOMCommand] DUT <= 18
[2020/07/27 14:35:46.593598][I][sendCOMCommand] Serial buffer size: 53
[2020/07/27 14:35:47.143818][I][sendCOMCommand] DUT => Set Channel: 24 (0x18)
$DONE_OK
$2-d_Diagnostics>

[2020/07/27 14:35:47.153278][I][setZigbee_Tx] Success
[2020/07/27 14:35:47.153278][I][setZigbee_Tx] Set PWR Menu
[2020/07/27 14:35:47.383936][I][sendCOMCommand] DUT <= 3
[2020/07/27 14:35:47.494139][I][sendCOMCommand] Serial buffer size: 79
[2020/07/27 14:35:48.044288][I][sendCOMCommand] DUT => 3
$2-d-3_Set Power (-32 => +8dBm, Step=1dB) [-2B - 08 by HEX]>
$PARAMETER?>

[2020/07/27 14:35:48.053808][I][setZigbee_Tx] Success
[2020/07/27 14:35:48.053808][I][setZigbee_Tx] Set Tx PWR
[2020/07/27 14:35:48.264409][I][sendCOMCommand] DUT <= FF
[2020/07/27 14:35:48.374479][I][sendCOMCommand] Serial buffer size: 57
[2020/07/27 14:35:48.924760][I][sendCOMCommand] DUT => Set Power: -1 (0xFFFFFFFF)
$DONE_OK
$2-d_Diagnostics>

[2020/07/27 14:35:48.934285][I][setZigbee_Tx] Success
[2020/07/27 14:35:48.944263][I][setScimitarMenu] Set Scimitar menu
[2020/07/27 14:35:49.154870][I][sendCOMCommand] DUT <= x
[2020/07/27 14:35:49.264936][I][sendCOMCommand] Serial buffer size: 22
[2020/07/27 14:35:49.815250][I][sendCOMCommand] DUT => x
$2_Zigbee(EM357)>

[2020/07/27 14:35:50.035459][I][sendCOMCommand] DUT <= x
[2020/07/27 14:35:50.145300][I][sendCOMCommand] Serial buffer size: 7
[2020/07/27 14:35:50.695717][I][sendCOMCommand] DUT => x
$>

[2020/07/27 14:35:50.695717][I][setScimitarMenu] Success
[2020/07/27 14:35:50.705175][I][setZigbeeMenu] Check Zigbee Menu
[2020/07/27 14:35:50.915825][I][sendCOMCommand] DUT <= 2
[2020/07/27 14:35:51.025989][I][sendCOMCommand] Serial buffer size: 22
[2020/07/27 14:35:51.576249][I][sendCOMCommand] DUT => 2
$2_Zigbee(EM357)>

[2020/07/27 14:35:51.576249][I][setZigbeeMenu] Success
[2020/07/27 14:35:51.576249][I][setTxStart] Set Tx start
[2020/07/27 14:35:53.726788][I][setTxStop] Set Tx stop
[2020/07/27 14:35:53.937592][I][sendCOMCommand] DUT <= 5
[2020/07/27 14:35:54.047228][I][sendCOMCommand] Serial buffer size: 202
[2020/07/27 14:35:54.607791][I][sendCOMCommand] DUT => [mfglib]Send Packet(100 bytes)
[mfglib]Send Packet(100 bytes)
[mfglib]Send Packet(100 bytes)
5
ZigBee send packet test end.
Total number of emberStatus errors:0
$[0]
$DONE_OK
$2_Zigbee(EM357)>

[2020/07/27 14:35:54.617265][I][setTxStop] Success
[2020/07/27 14:35:56.018044][I][setZigbee_Rx] ZIGBEE_2450 CH: 19
[2020/07/27 14:35:56.028048][I][setScimitarMenu] Set Scimitar menu
[2020/07/27 14:35:56.238674][I][sendCOMCommand] DUT <= x
[2020/07/27 14:35:56.348691][I][sendCOMCommand] Serial buffer size: 7
[2020/07/27 14:35:56.899021][I][sendCOMCommand] DUT => x
$>

[2020/07/27 14:35:56.908533][I][setScimitarMenu] Success
[2020/07/27 14:35:56.908533][I][setZigbeeMenu] Check Zigbee Menu
[2020/07/27 14:35:57.119223][I][sendCOMCommand] DUT <= 2
[2020/07/27 14:35:57.229192][I][sendCOMCommand] Serial buffer size: 22
[2020/07/27 14:35:57.779497][I][sendCOMCommand] DUT => 2
$2_Zigbee(EM357)>

[2020/07/27 14:35:57.788971][I][setZigbeeMenu] Success
[2020/07/27 14:35:57.788971][I][setZigbee_Rx] Set Diagnostics Menu
[2020/07/27 14:35:57.999612][I][sendCOMCommand] DUT <= d
[2020/07/27 14:35:58.109786][I][sendCOMCommand] Serial buffer size: 22
[2020/07/27 14:35:58.650052][I][sendCOMCommand] DUT => d
$2-d_Diagnostics>

[2020/07/27 14:35:58.650052][I][setZigbee_Rx] Success
[2020/07/27 14:35:58.650052][I][setZigbee_Rx] Set Channel Menu
[2020/07/27 14:35:58.870038][I][sendCOMCommand] DUT <= 2
[2020/07/27 14:35:58.979807][I][sendCOMCommand] Serial buffer size: 66
[2020/07/27 14:35:59.530419][I][sendCOMCommand] DUT => 2
$2-d-2_Set Channel (11 => 26) [0B - 1A by HEX]>
$PARAMETER?>

[2020/07/27 14:35:59.539899][I][setZigbee_Rx] Success
[2020/07/27 14:35:59.539899][I][setZigbee_Rx] Set Channel
[2020/07/27 14:35:59.750545][I][sendCOMCommand] DUT <= 13
[2020/07/27 14:35:59.860601][I][sendCOMCommand] Serial buffer size: 53
[2020/07/27 14:36:00.410897][I][sendCOMCommand] DUT => Set Channel: 19 (0x13)
$DONE_OK
$2-d_Diagnostics>

[2020/07/27 14:36:00.420415][I][setZigbee_Rx] Success
[2020/07/27 14:36:00.420415][I][setZigbeeLNAMode] LNA Mode: 1
[2020/07/27 14:36:00.430367][I][setScimitarMenu] Set Scimitar menu
[2020/07/27 14:36:00.640821][I][sendCOMCommand] DUT <= x
[2020/07/27 14:36:00.751074][I][sendCOMCommand] Serial buffer size: 22
[2020/07/27 14:36:01.301379][I][sendCOMCommand] DUT => x
$2_Zigbee(EM357)>

[2020/07/27 14:36:01.521469][I][sendCOMCommand] DUT <= x
[2020/07/27 14:36:01.631655][I][sendCOMCommand] Serial buffer size: 7
[2020/07/27 14:36:02.181866][I][sendCOMCommand] DUT => x
$>

[2020/07/27 14:36:02.181866][I][setScimitarMenu] Success
[2020/07/27 14:36:02.181866][I][setZigbeeMenu] Check Zigbee Menu
[2020/07/27 14:36:02.391950][I][sendCOMCommand] DUT <= 2
[2020/07/27 14:36:02.502014][I][sendCOMCommand] Serial buffer size: 22
[2020/07/27 14:36:03.042017][I][sendCOMCommand] DUT => 2
$2_Zigbee(EM357)>

[2020/07/27 14:36:03.051818][I][setZigbeeMenu] Success
[2020/07/27 14:36:03.051818][I][setZigbeeLNAMode] Set GPIO Write Menu
[2020/07/27 14:36:03.262471][I][sendCOMCommand] DUT <= 3
[2020/07/27 14:36:03.372480][I][sendCOMCommand] Serial buffer size: 28
[2020/07/27 14:36:03.922782][I][sendCOMCommand] DUT => 3
$2-3_ZigBee GPIO Write>

[2020/07/27 14:36:03.922782][I][setZigbeeLNAMode] Success
[2020/07/27 14:36:03.922782][I][setZigbeeLNAMode] Set LNA Mode
[2020/07/27 14:36:04.142949][I][sendCOMCommand] DUT <= 3
[2020/07/27 14:36:04.252947][I][sendCOMCommand] Serial buffer size: 106
[2020/07/27 14:36:04.803257][I][sendCOMCommand] DUT => 3
[EZSP]Setting GPIO was successful. (portPin=3, cfg=1, out=0)
$[0]
$DONE_OK
$2-3_ZigBee GPIO Write>

[2020/07/27 14:36:05.013347][I][sendCOMCommand] DUT <= 3
[2020/07/27 14:36:05.123413][I][sendCOMCommand] Serial buffer size: 106
[2020/07/27 14:36:05.673172][I][sendCOMCommand] DUT => 3
[EZSP]Setting GPIO was successful. (portPin=3, cfg=1, out=1)
$[1]
$DONE_OK
$2-3_ZigBee GPIO Write>

[2020/07/27 14:36:05.683225][I][setZigbeeLNAMode] Success
[2020/07/27 14:36:06.714264][I][getRxResult] Get Rx Result
[2020/07/27 14:36:06.714264][I][setScimitarMenu] Set Scimitar menu
[2020/07/27 14:36:06.934382][I][sendCOMCommand] DUT <= x
[2020/07/27 14:36:07.044208][I][sendCOMCommand] Serial buffer size: 22
[2020/07/27 14:36:07.594741][I][sendCOMCommand] DUT => x
$2_Zigbee(EM357)>

[2020/07/27 14:36:07.814932][I][sendCOMCommand] DUT <= x
[2020/07/27 14:36:07.924918][I][sendCOMCommand] Serial buffer size: 7
[2020/07/27 14:36:08.475064][I][sendCOMCommand] DUT => x
$>

[2020/07/27 14:36:08.484724][I][setScimitarMenu] Success
[2020/07/27 14:36:08.484724][I][setZigbeeMenu] Check Zigbee Menu
[2020/07/27 14:36:08.695319][I][sendCOMCommand] DUT <= 2
[2020/07/27 14:36:08.805465][I][sendCOMCommand] Serial buffer size: 22
[2020/07/27 14:36:09.355720][I][sendCOMCommand] DUT => 2
$2_Zigbee(EM357)>

[2020/07/27 14:36:09.355720][I][setZigbeeMenu] Success
[2020/07/27 14:36:09.565790][I][sendCOMCommand] DUT <= b
[2020/07/27 14:36:09.675843][I][sendCOMCommand] Serial buffer size: 94
[2020/07/27 14:36:09.785905][W][sendCOMCommand] Buffer not empty!!!
[2020/07/27 14:36:09.795415][I][sendCOMCommand] Serial buffer size: 183
[2020/07/27 14:36:10.346194][I][sendCOMCommand] DUT => b
ZigBee get Rssi test start.
Start Scan ... (Channel: 19 (0x13) duration:2 mask:00080000)
Channel: 19 (0x13), Rssi:-16
Total OK!    OOO   K  K   !
            O   O  K K    !
            O   O  KK     !
            O   O  K K     
             OOO   K  Kk  !
$[-16]

[2020/07/27 14:36:10.415711][I][setZigbee_Rx] ZIGBEE_2450 CH: 19
[2020/07/27 14:36:10.425736][I][setScimitarMenu] Set Scimitar menu
[2020/07/27 14:36:10.636366][I][sendCOMCommand] DUT <= x
[2020/07/27 14:36:10.746320][I][sendCOMCommand] Serial buffer size: 36
[2020/07/27 14:36:11.296619][I][sendCOMCommand] DUT => $DONE_OK
$2_Zigbee(EM357)>
x
$>

[2020/07/27 14:36:11.306195][I][setScimitarMenu] Success
[2020/07/27 14:36:11.306195][I][setZigbeeMenu] Check Zigbee Menu
[2020/07/27 14:36:11.526715][I][sendCOMCommand] DUT <= 2
[2020/07/27 14:36:11.636884][I][sendCOMCommand] Serial buffer size: 22
[2020/07/27 14:36:12.187154][I][sendCOMCommand] DUT => 2
$2_Zigbee(EM357)>

[2020/07/27 14:36:12.196707][I][setZigbeeMenu] Success
[2020/07/27 14:36:12.196707][I][setZigbee_Rx] Set Diagnostics Menu
[2020/07/27 14:36:12.407389][I][sendCOMCommand] DUT <= d
[2020/07/27 14:36:12.517363][I][sendCOMCommand] Serial buffer size: 22
[2020/07/27 14:36:13.067654][I][sendCOMCommand] DUT => d
$2-d_Diagnostics>

[2020/07/27 14:36:13.067654][I][setZigbee_Rx] Success
[2020/07/27 14:36:13.067654][I][setZigbee_Rx] Set Channel Menu
[2020/07/27 14:36:13.287739][I][sendCOMCommand] DUT <= 2
[2020/07/27 14:36:13.397960][I][sendCOMCommand] Serial buffer size: 66
[2020/07/27 14:36:13.948126][I][sendCOMCommand] DUT => 2
$2-d-2_Set Channel (11 => 26) [0B - 1A by HEX]>
$PARAMETER?>

[2020/07/27 14:36:13.948126][I][setZigbee_Rx] Success
[2020/07/27 14:36:13.948126][I][setZigbee_Rx] Set Channel
[2020/07/27 14:36:14.158236][I][sendCOMCommand] DUT <= 13
[2020/07/27 14:36:14.268264][I][sendCOMCommand] Serial buffer size: 53
[2020/07/27 14:36:14.818586][I][sendCOMCommand] DUT => Set Channel: 19 (0x13)
$DONE_OK
$2-d_Diagnostics>

[2020/07/27 14:36:14.828107][I][setZigbee_Rx] Success
[2020/07/27 14:36:14.828107][I][setZigbeeLNAMode] LNA Mode: 0
[2020/07/27 14:36:14.838089][I][setScimitarMenu] Set Scimitar menu
[2020/07/27 14:36:15.048718][I][sendCOMCommand] DUT <= x
[2020/07/27 14:36:15.158523][I][sendCOMCommand] Serial buffer size: 22
[2020/07/27 14:36:15.709071][I][sendCOMCommand] DUT => x
$2_Zigbee(EM357)>

[2020/07/27 14:36:15.929204][I][sendCOMCommand] DUT <= x
[2020/07/27 14:36:16.039247][I][sendCOMCommand] Serial buffer size: 3
[2020/07/27 14:36:16.589537][I][sendCOMCommand] DUT => x
$>

[2020/07/27 14:36:16.589537][I][setScimitarMenu] Success
[2020/07/27 14:36:16.599030][I][setZigbeeMenu] Check Zigbee Menu
[2020/07/27 14:36:16.809654][I][sendCOMCommand] DUT <= 2
[2020/07/27 14:36:16.919710][I][sendCOMCommand] Serial buffer size: 22
[2020/07/27 14:36:17.470004][I][sendCOMCommand] DUT => 2
$2_Zigbee(EM357)>

[2020/07/27 14:36:17.479472][I][setZigbeeMenu] Success
[2020/07/27 14:36:17.479472][I][setZigbeeLNAMode] Set GPIO Write Menu
[2020/07/27 14:36:17.690121][I][sendCOMCommand] DUT <= 3
[2020/07/27 14:36:17.800151][I][sendCOMCommand] Serial buffer size: 28
[2020/07/27 14:36:18.350450][I][sendCOMCommand] DUT => 3
$2-3_ZigBee GPIO Write>

[2020/07/27 14:36:18.359990][I][setZigbeeLNAMode] Success
[2020/07/27 14:36:18.359990][I][setZigbeeLNAMode] Set LNA Mode
[2020/07/27 14:36:18.570073][I][sendCOMCommand] DUT <= 3
[2020/07/27 14:36:18.680669][I][sendCOMCommand] Serial buffer size: 106
[2020/07/27 14:36:19.230704][I][sendCOMCommand] DUT => 3
[EZSP]Setting GPIO was successful. (portPin=3, cfg=1, out=0)
$[0]
$DONE_OK
$2-3_ZigBee GPIO Write>

[2020/07/27 14:36:19.230704][I][setZigbeeLNAMode] Success
[2020/07/27 14:36:20.261213][I][getRxResult] Get Rx Result
[2020/07/27 14:36:20.261213][I][setScimitarMenu] Set Scimitar menu
[2020/07/27 14:36:20.481700][I][sendCOMCommand] DUT <= x
[2020/07/27 14:36:20.591414][I][sendCOMCommand] Serial buffer size: 22
[2020/07/27 14:36:21.141847][I][sendCOMCommand] DUT => x
$2_Zigbee(EM357)>

[2020/07/27 14:36:21.361932][I][sendCOMCommand] DUT <= x
[2020/07/27 14:36:21.472205][I][sendCOMCommand] Serial buffer size: 7
[2020/07/27 14:36:22.002353][I][sendCOMCommand] DUT => x
$>

[2020/07/27 14:36:22.002353][I][setScimitarMenu] Success
[2020/07/27 14:36:22.002353][I][setZigbeeMenu] Check Zigbee Menu
[2020/07/27 14:36:22.212524][I][sendCOMCommand] DUT <= 2
[2020/07/27 14:36:22.322082][I][sendCOMCommand] Serial buffer size: 22
[2020/07/27 14:36:22.892413][I][sendCOMCommand] DUT => 2
$2_Zigbee(EM357)>

[2020/07/27 14:36:22.902403][I][setZigbeeMenu] Success
[2020/07/27 14:36:23.112484][I][sendCOMCommand] DUT <= b
[2020/07/27 14:36:23.222933][I][sendCOMCommand] Serial buffer size: 94
[2020/07/27 14:36:23.332651][W][sendCOMCommand] Buffer not empty!!!
[2020/07/27 14:36:23.332651][I][sendCOMCommand] Serial buffer size: 117
[2020/07/27 14:36:23.443083][W][sendCOMCommand] Buffer not empty!!!
[2020/07/27 14:36:23.443083][I][sendCOMCommand] Serial buffer size: 37
[2020/07/27 14:36:23.773244][W][sendCOMCommand] Buffer not empty!!!
[2020/07/27 14:36:23.773244][I][sendCOMCommand] Serial buffer size: 10
[2020/07/27 14:36:23.883021][W][sendCOMCommand] Buffer not empty!!!
[2020/07/27 14:36:23.883021][I][sendCOMCommand] Serial buffer size: 19
[2020/07/27 14:36:24.443190][I][sendCOMCommand] DUT => b
ZigBee get Rssi test start.
Start Scan ... (Channel: 19 (0x13) duration:2 mask:00080000)
Channel: 19 (0x13), Rssi:-28
Total OK!    OOO   K  K   !
            O   O  K K    !
            O   O  KK     !
            O   O  K K     
             OOO   K  Kk  !
$[-28]
$DONE_OK
$2_Zigbee(EM357)>

[2020/07/27 14:37:03.641607][I][disconnectDUT] Disconnect DUT success
