[2020/07/27 14:33:14.444099] ========== Start ==========
[2020/07/27 14:33:14.444099] [I][main] Python 3.7.2 (tags/v3.7.2:9a3ffc0492, Dec 23 2018, 23:09:28) [MSC v.1916 64 bit (AMD64)]
[2020/07/27 14:33:14.454104] [I][main] GFI20_RF_Zigbee.py 3.0.0.3
[2020/07/27 14:33:14.454104] [I][readINI] ---------- INI ----------
[2020/07/27 14:33:14.454104] [I][readINI] SKU = 1
[2020/07/27 14:33:14.454104] [I][readINI] InstrumentINI = GFI20_Zigbee_Instrument_Setting
[2020/07/27 14:33:14.454104] [I][readINI] ---------- Test Plan 1 ----------
[2020/07/27 14:33:14.464146] [I][readINI] TestPlan1 = ZIGBEE_2450;15/2425,21/2455,24/2470;TX_Power
[2020/07/27 14:33:14.464146] [I][readINI] CableLoss = ['8', '8.2', '8.2'] dBm
[2020/07/27 14:33:14.474133] [I][readINI] TX_Power = ['0', '0', '0'] dBm
[2020/07/27 14:33:14.474133] [I][readINI] Calibration_ON = 1
[2020/07/27 14:33:14.474133] [I][readINI] Ca_Tx_Power_Target = ['9.2', '9.2', '9.2']
[2020/07/27 14:33:14.474133] [I][readINI] Ca_Tx_Power_Gap = ['0.5', '0.5', '0.5']
[2020/07/27 14:33:14.474133] [I][readINI] Ca_Tx_Power_Offset = ['0.86', '0.86', '0.86']
[2020/07/27 14:33:14.484164] [I][readINI] Current_ON = 1
[2020/07/27 14:33:14.484164] [I][readINI] TX_Current_SpecMax = ['0.18', '0.18', '0.18'] A
[2020/07/27 14:33:14.484164] [I][readINI] TX_Current_SpecMin = ['0.045', '0.045', '0.045'] A
[2020/07/27 14:33:14.494127] [I][readINI] TX_Power_SpecMax = ['11', '11', '11'] dBm
[2020/07/27 14:33:14.494127] [I][readINI] TX_Power_SpecMin = ['6', '6', '6'] dBm
[2020/07/27 14:33:14.494127] [I][readINI] ---------- Test Plan 1 ----------
[2020/07/27 14:33:14.494127] [I][readINI] ---------- Test Plan 2 ----------
[2020/07/27 14:33:14.504130] [I][readINI] TestPlan2 = ZIGBEE_2450;19/2445;RX_RSSI
[2020/07/27 14:33:14.504130] [I][readINI] CableLoss = ['10'] dBm
[2020/07/27 14:33:14.504130] [I][readINI] RX_Cell_Power = ['-25'] dBm
[2020/07/27 14:33:14.514136] [I][readINI] RX_LNAON_RSSI_SpecMax = ['-9'] %
[2020/07/27 14:33:14.514136] [I][readINI] RX_LNAON_RSSI_SpecMin = ['-15'] %
[2020/07/27 14:33:14.514136] [I][readINI] RX_LNAOFF_RSSI_SpecMax = ['-24'] %
[2020/07/27 14:33:14.514136] [I][readINI] RX_LNAOFF_RSSI_SpecMin = ['-30'] %
[2020/07/27 14:33:14.524142] [I][readINI] ---------- Test Plan 2 ----------
[2020/07/27 14:33:14.534147] [I][readINI] StartButton_ON = 0
[2020/07/27 14:33:14.534147] [I][readINI] FailAutoExit = False
[2020/07/27 14:33:14.534147] [I][readINI] FailRetryAll = False
[2020/07/27 14:33:14.534147] [I][readINI] RFDatabase = True
[2020/07/27 14:33:14.544153] [I][readINI] EC = 010000S01
[2020/07/27 14:33:14.544153] [I][readINI] ---------- INI ----------
[2020/07/27 14:33:14.544153] [I][readInstrumentINI] ---------- Common ----------
[2020/07/27 14:33:14.554180] [I][readInstrumentINI] Instrument_Name = E6640A
[2020/07/27 14:33:14.554180] [I][readInstrumentINI] Instrument_IP_Addr = TCPIP0::192.168.1.2::hislip0::INSTR
[2020/07/27 14:33:14.554180] [I][readInstrumentINI] PowerSupplier_Name = 66321B
[2020/07/27 14:33:14.554180] [I][readInstrumentINI] PowerSupplier_Addr = GPIB0::5::INSTR
[2020/07/27 14:33:14.564162] [I][readInstrumentINI] Current_Delay = 0.5
[2020/07/27 14:33:14.564162] [I][readInstrumentINI] ---------- Common ----------
[2020/07/27 14:33:14.564162] [I][readInstrumentINI] ---------- ZIGBEE_2450 ----------
[2020/07/27 14:33:14.574204] [I][readInstrumentINI] RFIO_Input = 1
[2020/07/27 14:33:14.574204] [I][readInstrumentINI] Tx_Span = 10000.0 kHz
[2020/07/27 14:33:14.574204] [I][readInstrumentINI] Tx_PowRange = 20.0 dBm
[2020/07/27 14:33:14.574204] [I][readInstrumentINI] Tx_SymbolRate = 1000.0 kHz
[2020/07/27 14:33:14.584173] [I][readInstrumentINI] Tx_MeasInterval = 500
[2020/07/27 14:33:14.584173] [I][readInstrumentINI] Tx_TrigLevel = 30.0 mV
[2020/07/27 14:33:14.584173] [I][readInstrumentINI] Tx_TrigDelay = 0.3 ms
[2020/07/27 14:33:14.594215] [I][readInstrumentINI] RFIO_Output = 1
[2020/07/27 14:33:14.594215] [I][readInstrumentINI] ---------- ZIGBEE_2450 ----------
[2020/07/27 14:33:14.594215] ---------- StartTest ----------
[2020/07/27 14:33:14.614190] [I][chkDUTConnect] Connect to DUT
[2020/07/27 14:33:16.675291] [W][chkDUTConnect] Fail
[2020/07/27 14:33:24.772279] [I][pressRetryBtn] User click Retry button
[2020/07/27 14:33:24.793893] [I][chkDUTConnect] Connect to DUT
[2020/07/27 14:33:26.874832] [W][chkDUTConnect] Fail
[2020/07/27 14:33:37.157572] [I][pressRetryBtn] User click Retry button
[2020/07/27 14:33:37.171065] [I][chkDUTConnect] Connect to DUT
[2020/07/27 14:33:39.224809] [W][chkDUTConnect] Fail
[2020/07/27 14:33:51.035351] [I][pressRetryBtn] User click Retry button
[2020/07/27 14:33:51.046314] [I][chkDUTConnect] Connect to DUT
[2020/07/27 14:33:53.126761] [W][chkDUTConnect] Fail
[2020/07/27 14:34:21.639537] ========== Start ==========
[2020/07/27 14:34:21.639537] [I][main] Python 3.7.2 (tags/v3.7.2:9a3ffc0492, Dec 23 2018, 23:09:28) [MSC v.1916 64 bit (AMD64)]
[2020/07/27 14:34:21.649541] [I][main] GFI20_RF_Zigbee.py 3.0.0.3
[2020/07/27 14:34:21.649541] [I][readINI] ---------- INI ----------
[2020/07/27 14:34:21.649541] [I][readINI] SKU = 1
[2020/07/27 14:34:21.659546] [I][readINI] InstrumentINI = GFI20_Zigbee_Instrument_Setting
[2020/07/27 14:34:21.659546] [I][readINI] ---------- Test Plan 1 ----------
[2020/07/27 14:34:21.669575] [I][readINI] TestPlan1 = ZIGBEE_2450;15/2425,21/2455,24/2470;TX_Power
[2020/07/27 14:34:21.669575] [I][readINI] CableLoss = ['8', '8.2', '8.2'] dBm
[2020/07/27 14:34:21.669575] [I][readINI] TX_Power = ['0', '0', '0'] dBm
[2020/07/27 14:34:21.679557] [I][readINI] Calibration_ON = 1
[2020/07/27 14:34:21.679557] [I][readINI] Ca_Tx_Power_Target = ['9.2', '9.2', '9.2']
[2020/07/27 14:34:21.689579] [I][readINI] Ca_Tx_Power_Gap = ['0.5', '0.5', '0.5']
[2020/07/27 14:34:21.689579] [I][readINI] Ca_Tx_Power_Offset = ['0.86', '0.86', '0.86']
[2020/07/27 14:34:21.689579] [I][readINI] Current_ON = 1
[2020/07/27 14:34:21.699567] [I][readINI] TX_Current_SpecMax = ['0.18', '0.18', '0.18'] A
[2020/07/27 14:34:21.699567] [I][readINI] TX_Current_SpecMin = ['0.045', '0.045', '0.045'] A
[2020/07/27 14:34:21.699567] [I][readINI] TX_Power_SpecMax = ['11', '11', '11'] dBm
[2020/07/27 14:34:21.709573] [I][readINI] TX_Power_SpecMin = ['6', '6', '6'] dBm
[2020/07/27 14:34:21.709573] [I][readINI] ---------- Test Plan 1 ----------
[2020/07/27 14:34:21.719578] [I][readINI] ---------- Test Plan 2 ----------
[2020/07/27 14:34:21.719578] [I][readINI] TestPlan2 = ZIGBEE_2450;19/2445;RX_RSSI
[2020/07/27 14:34:21.729586] [I][readINI] CableLoss = ['10'] dBm
[2020/07/27 14:34:21.729586] [I][readINI] RX_Cell_Power = ['-25'] dBm
[2020/07/27 14:34:21.729586] [I][readINI] RX_LNAON_RSSI_SpecMax = ['-9'] %
[2020/07/27 14:34:21.739588] [I][readINI] RX_LNAON_RSSI_SpecMin = ['-15'] %
[2020/07/27 14:34:21.739588] [I][readINI] RX_LNAOFF_RSSI_SpecMax = ['-24'] %
[2020/07/27 14:34:21.739588] [I][readINI] RX_LNAOFF_RSSI_SpecMin = ['-30'] %
[2020/07/27 14:34:21.749595] [I][readINI] ---------- Test Plan 2 ----------
[2020/07/27 14:34:21.759600] [I][readINI] StartButton_ON = 0
[2020/07/27 14:34:21.759600] [I][readINI] FailAutoExit = False
[2020/07/27 14:34:21.769605] [I][readINI] FailRetryAll = False
[2020/07/27 14:34:21.769605] [I][readINI] RFDatabase = True
[2020/07/27 14:34:21.769605] [I][readINI] EC = 010000S01
[2020/07/27 14:34:21.779610] [I][readINI] ---------- INI ----------
[2020/07/27 14:34:21.779610] [I][readInstrumentINI] ---------- Common ----------
[2020/07/27 14:34:21.789615] [I][readInstrumentINI] Instrument_Name = E6640A
[2020/07/27 14:34:21.789615] [I][readInstrumentINI] Instrument_IP_Addr = TCPIP0::192.168.1.2::hislip0::INSTR
[2020/07/27 14:34:21.789615] [I][readInstrumentINI] PowerSupplier_Name = 66321B
[2020/07/27 14:34:21.799620] [I][readInstrumentINI] PowerSupplier_Addr = GPIB0::5::INSTR
[2020/07/27 14:34:21.799620] [I][readInstrumentINI] Current_Delay = 0.5
[2020/07/27 14:34:21.799620] [I][readInstrumentINI] ---------- Common ----------
[2020/07/27 14:34:21.809626] [I][readInstrumentINI] ---------- ZIGBEE_2450 ----------
[2020/07/27 14:34:21.809626] [I][readInstrumentINI] RFIO_Input = 1
[2020/07/27 14:34:21.819633] [I][readInstrumentINI] Tx_Span = 10000.0 kHz
[2020/07/27 14:34:21.819633] [I][readInstrumentINI] Tx_PowRange = 20.0 dBm
[2020/07/27 14:34:21.819633] [I][readInstrumentINI] Tx_SymbolRate = 1000.0 kHz
[2020/07/27 14:34:21.829667] [I][readInstrumentINI] Tx_MeasInterval = 500
[2020/07/27 14:34:21.829667] [I][readInstrumentINI] Tx_TrigLevel = 30.0 mV
[2020/07/27 14:34:21.839642] [I][readInstrumentINI] Tx_TrigDelay = 0.3 ms
[2020/07/27 14:34:21.839642] [I][readInstrumentINI] RFIO_Output = 1
[2020/07/27 14:34:21.839642] [I][readInstrumentINI] ---------- ZIGBEE_2450 ----------
[2020/07/27 14:34:21.849647] ---------- StartTest ----------
[2020/07/27 14:34:21.859672] [I][chkDUTConnect] Connect to DUT
[2020/07/27 14:34:23.930802] [W][chkDUTConnect] Fail
[2020/07/27 14:34:40.435774] [I][pressRetryBtn] User click Retry button
[2020/07/27 14:34:40.459149] [I][chkDUTConnect] Connect to DUT
[2020/07/27 14:34:40.473869] [I][chkDUTConnect] Check DUT status
[2020/07/27 14:34:41.358155] [I][chkDUTConnect] Success
[2020/07/27 14:34:41.368166] [I][chkE6640AConnect] Connect to E6640A
[2020/07/27 14:34:42.578806] [I][chkE6640AConnect] Preset E6640A status
[2020/07/27 14:34:43.639369] [I][chkE6640AConnect] success
[2020/07/27 14:34:44.050113] ---------- Test Plan 1 ----------
[2020/07/27 14:34:44.059594] [I][startTestPlan]---------- ZIGBEE_2450 Freq 2425 ----------
[2020/07/27 14:34:44.059594] [I][startTestPlan]---------- Measure Tx Start ----------
[2020/07/27 14:34:44.059594] [I][startTestPlan] Preset E6640A
[2020/07/27 14:34:45.100154] [I][startTestPlan] Success
[2020/07/27 14:34:45.100154] [I][startTestPlan] Set Tx Start
[2020/07/27 14:34:47.601524] [I][startTestPlan] Success
[2020/07/27 14:34:47.601524] [I][startTestPlan] Set DUT Tx
[2020/07/27 14:34:53.754820] [I][startTestPlan] Success
[2020/07/27 14:34:53.754820] [I][startTestPlan] Start DUT Tx
[2020/07/27 14:34:56.406193] [I][startTestPlan] Success
[2020/07/27 14:34:58.037056] [I][startTestPlan] 9.992, 10.241, 13.249
[2020/07/27 14:34:58.597822] [I][startTestPlan] 0.085
[2020/07/27 14:34:58.597822] [I][startTestPlan] Stop DUT Tx
[2020/07/27 14:34:59.487883] [I][startTestPlan] Success
[2020/07/27 14:34:59.497845] [I][startTestPlan] Calibration
[2020/07/27 14:34:59.507879] [I][startTestPlan] Calculate DUT Tx Power
[2020/07/27 14:34:59.507879] [I][startTestPlan] DUT Tx Power: -1
[2020/07/27 14:34:59.517863] [I][startTestPlan] Measure again
[2020/07/27 14:34:59.517863] [I][startTestPlan] Set DUT Tx
[2020/07/27 14:35:05.681144] [I][startTestPlan] Success
[2020/07/27 14:35:05.681144] [I][startTestPlan] Start DUT Tx
[2020/07/27 14:35:08.322582] [I][startTestPlan] Success
[2020/07/27 14:35:09.953418] [I][startTestPlan] 8.864, 10.231, 13.981
[2020/07/27 14:35:10.514204] [I][startTestPlan] 0.041
[2020/07/27 14:35:10.514204] [I][startTestPlan] Stop DUT Tx
[2020/07/27 14:35:11.404244] [I][startTestPlan] Success
[2020/07/27 14:35:11.404244] [I][startTestPlan] Power: 8.864 dBm
[2020/07/27 14:35:11.414229] [I][startTestPlan] Freq Err: 10.231 ppm
[2020/07/27 14:35:11.414229] [I][startTestPlan] EVM: 13.981 %
[2020/07/27 14:35:11.424204] [I][startTestPlan] Current: 0.041 A
[2020/07/27 14:35:11.424204] [I][startTestPlan] Check Tx Result
[2020/07/27 14:35:11.424204] [W][startTestPlan] Current: 0.041 out of SPEC(Hi/Lo): 0.18 / 0.045
[2020/07/27 14:35:11.434209] [I][startBTTest] Tx Test Time: 27.375
[2020/07/27 14:35:11.434209] [I][startTestPlan]---------- ZIGBEE_2450 Freq 2455 ----------
[2020/07/27 14:35:11.444214] [I][startTestPlan]---------- Measure Tx Start ----------
[2020/07/27 14:35:11.444214] [I][startTestPlan] Preset E6640A
[2020/07/27 14:35:12.764971] [I][startTestPlan] Success
[2020/07/27 14:35:12.774963] [I][startTestPlan] Set Tx Start
[2020/07/27 14:35:15.226275] [I][startTestPlan] Success
[2020/07/27 14:35:15.226275] [I][startTestPlan] Set DUT Tx
[2020/07/27 14:35:21.389530] [I][startTestPlan] Success
[2020/07/27 14:35:21.389530] [I][startTestPlan] Start DUT Tx
[2020/07/27 14:35:24.040992] [I][startTestPlan] Success
[2020/07/27 14:35:25.581830] [I][startTestPlan] 9.588999999999999, 10.248, 13.487
[2020/07/27 14:35:26.142062] [I][startTestPlan] 0.085
[2020/07/27 14:35:26.142062] [I][startTestPlan] Stop DUT Tx
[2020/07/27 14:35:27.032594] [I][startTestPlan] Success
[2020/07/27 14:35:27.042543] [I][startTestPlan] Power: 9.588999999999999 dBm
[2020/07/27 14:35:27.042543] [I][startTestPlan] Freq Err: 10.248 ppm
[2020/07/27 14:35:27.042543] [I][startTestPlan] EVM: 13.487 %
[2020/07/27 14:35:27.052548] [I][startTestPlan] Current: 0.085 A
[2020/07/27 14:35:27.052548] [I][startTestPlan] Check Tx Result
[2020/07/27 14:35:27.062594] [I][startBTTest] Tx Test Time: 15.628
[2020/07/27 14:35:27.062594] [I][startTestPlan]---------- ZIGBEE_2450 Freq 2470 ----------
[2020/07/27 14:35:27.072558] [I][startTestPlan]---------- Measure Tx Start ----------
[2020/07/27 14:35:27.072558] [I][startTestPlan] Preset E6640A
[2020/07/27 14:35:28.343242] [I][startTestPlan] Success
[2020/07/27 14:35:28.353277] [I][startTestPlan] Set Tx Start
[2020/07/27 14:35:30.834566] [I][startTestPlan] Success
[2020/07/27 14:35:30.834566] [I][startTestPlan] Set DUT Tx
[2020/07/27 14:35:36.998400] [I][startTestPlan] Success
[2020/07/27 14:35:37.007862] [I][startTestPlan] Start DUT Tx
[2020/07/27 14:35:39.629314] [I][startTestPlan] Success
[2020/07/27 14:35:41.280178] [I][startTestPlan] 10.020999999999999, 10.255, 13.913
[2020/07/27 14:35:41.850448] [I][startTestPlan] 0.089
[2020/07/27 14:35:41.850448] [I][startTestPlan] Stop DUT Tx
[2020/07/27 14:35:42.730922] [I][startTestPlan] Success
[2020/07/27 14:35:42.740960] [I][startTestPlan] Calibration
[2020/07/27 14:35:42.740960] [I][startTestPlan] Calculate DUT Tx Power
[2020/07/27 14:35:42.750960] [I][startTestPlan] DUT Tx Power: -1
[2020/07/27 14:35:42.750960] [I][startTestPlan] Measure again
[2020/07/27 14:35:42.750960] [I][startTestPlan] Set DUT Tx
[2020/07/27 14:35:48.934285] [I][startTestPlan] Success
[2020/07/27 14:35:48.934285] [I][startTestPlan] Start DUT Tx
[2020/07/27 14:35:51.585646] [I][startTestPlan] Success
[2020/07/27 14:35:53.146523] [I][startTestPlan] 8.895, 10.253, 14.045
[2020/07/27 14:35:53.717474] [I][startTestPlan] 0.085
[2020/07/27 14:35:53.726788] [I][startTestPlan] Stop DUT Tx
[2020/07/27 14:35:54.617265] [I][startTestPlan] Success
[2020/07/27 14:35:54.617265] [I][startTestPlan] Power: 8.895 dBm
[2020/07/27 14:35:54.627269] [I][startTestPlan] Freq Err: 10.253 ppm
[2020/07/27 14:35:54.627269] [I][startTestPlan] EVM: 14.045 %
[2020/07/27 14:35:54.627269] [I][startTestPlan] Current: 0.085 A
[2020/07/27 14:35:54.637275] [I][startTestPlan] Check Tx Result
[2020/07/27 14:35:54.637275] [I][startBTTest] Tx Test Time: 27.575
[2020/07/27 14:35:54.647297] ---------- Test Plan 2 ----------
[2020/07/27 14:35:54.647297] [I][startTestPlan]---------- ZIGBEE_2450 Freq 2445 ----------
[2020/07/27 14:35:54.657299] [I][startTestPlan]---------- Measure Rx Start ----------
[2020/07/27 14:35:54.657299] [I][startTestPlan] Preset E6640A
[2020/07/27 14:35:55.957981] [I][startTestPlan] Success
[2020/07/27 14:35:55.968019] [I][startTestPlan]---------- LNA ON ----------
[2020/07/27 14:35:55.968019] [I][startTestPlan] Set Rx one tone
[2020/07/27 14:35:56.018044] [I][startTestPlan] Success
[2020/07/27 14:35:56.018044] [I][startTestPlan] Set DUT Rx
[2020/07/27 14:36:00.420415] [I][startTestPlan] Success
[2020/07/27 14:36:05.683225] [I][startTestPlan] Success
[2020/07/27 14:36:10.346194] [I][startTestPlan] Rx RSSI: -16 dBm
[2020/07/27 14:36:10.355667] [I][startTestPlan]---------- LNA OFF ----------
[2020/07/27 14:36:10.365708] [I][startTestPlan] Set Rx one tone
[2020/07/27 14:36:10.415711] [I][startTestPlan] Success
[2020/07/27 14:36:10.415711] [I][startTestPlan] Set DUT Rx
[2020/07/27 14:36:14.828107] [I][startTestPlan] Success
[2020/07/27 14:36:19.230704] [I][startTestPlan] Success
[2020/07/27 14:36:24.453237] [I][startTestPlan] Rx RSSI: -28 dBm
[2020/07/27 14:36:24.503235] [I][startTestPlan] Check Rx Result
[2020/07/27 14:36:24.503235] [W][startTestPlan] RSSI(LNA ON): -16 out of SPEC(Hi/Lo): -9.0 / -15.0
[2020/07/27 14:36:24.523239] [I][startBTTest] Rx Test Time: 29.866
[2020/07/27 14:37:03.536286] [I][pressCancelBtn] User click cancel button!
[2020/07/27 14:37:03.712927] [I][pressCancelBtn] User click cancel button!
[2020/07/27 14:37:03.973864] [I][TestResult] Test Fail! Test Zigbee FAIL
[2020/07/27 14:37:04.003861] ========== End MDUT ==========


