[2020/07/29 00:05:21.803338]========== Start ==========
[2020/07/29 00:05:21.805342][I][class_E6640A_LTE] Initial class_E6640A_LTE
[2020/07/29 00:05:21.808351][I][class_E6640A_LTE] Version: 3.0.0.3
[2020/07/29 00:05:21.813365][I][connect_E6640A] Connect to E6640A
[2020/07/29 00:05:21.825396][I][connect_E6640A] Resource Manager of Visa Library at C:\Windows\system32\visa32.dll
[2020/07/29 00:05:21.872520][I][queryEx] E6640A <= *IDN?
[2020/07/29 00:05:21.877533][I][queryEx] E6640A => Keysight Technologies,E6640A,MY57150246,E.19.71
[2020/07/29 00:05:21.879539][I][set_Preset] System reset
[2020/07/29 00:05:21.881547][I][writeEx] E6640A <= *RST
[2020/07/29 00:05:21.885557][I][writeEx] E6640A <= *CLS
[2020/07/29 00:05:21.888565][I][writeEx] E6640A <= SYST:PRES
[2020/07/29 00:05:22.190834][I][queryEx] E6640A <= *OPC?
[2020/07/29 00:05:22.902818][I][queryEx] E6640A => 1
[2020/07/29 00:05:22.908847][I][set_Preset] System reset
[2020/07/29 00:05:22.911841][I][writeEx] E6640A <= *RST
[2020/07/29 00:05:22.915858][I][writeEx] E6640A <= *CLS
[2020/07/29 00:05:22.918867][I][writeEx] E6640A <= SYST:PRES
[2020/07/29 00:05:23.221645][I][queryEx] E6640A <= *OPC?
[2020/07/29 00:05:24.222069][I][queryEx] E6640A => 1
[2020/07/29 00:05:24.548941][I][set_Preset] System reset
[2020/07/29 00:05:24.550944][I][writeEx] E6640A <= *RST
[2020/07/29 00:05:24.553952][I][writeEx] E6640A <= *CLS
[2020/07/29 00:05:24.555957][I][writeEx] E6640A <= SYST:PRES
[2020/07/29 00:05:24.860290][I][queryEx] E6640A <= *OPC?
[2020/07/29 00:05:25.580026][I][queryEx] E6640A => 1
[2020/07/29 00:05:25.594349][I][set_Tx_Start] Set Tx start
[2020/07/29 00:05:25.596392][I][set_RFI_Port] Set input port
[2020/07/29 00:05:25.599366][I][writeEx] E6640A <= :FEED:RF:PORT:INPut RFIO1
[2020/07/29 00:05:25.603384][I][queryEx] E6640A <= :FEED:RF:PORT:INPut?
[2020/07/29 00:05:25.608332][I][queryEx] E6640A => RFIO1
[2020/07/29 00:05:25.610338][I][set_Modulation_Analysis] Set measurement function
[2020/07/29 00:05:25.613350][I][writeEx] E6640A <= INST:SEL LTEAFDD
[2020/07/29 00:05:25.918277][I][queryEx] E6640A <= *OPC?
[2020/07/29 00:05:25.927712][I][queryEx] E6640A => 1
[2020/07/29 00:05:25.932321][I][queryEx] E6640A <= INST:SEL?
[2020/07/29 00:05:25.937341][I][queryEx] E6640A => LTEAFDD
[2020/07/29 00:05:25.941349][I][writeEx] E6640A <= DISP:CHP:VIEW:WIND:TRAC:Y:COUP OFF
[2020/07/29 00:05:25.944391][I][set_Freq] Set frequence
[2020/07/29 00:05:25.947413][I][writeEx] E6640A <= :FREQuency:CENTer 897.4 MHz
[2020/07/29 00:05:25.951376][I][set_Continue] Set continue
[2020/07/29 00:05:25.954417][I][writeEx] E6640A <= :INIT:CONT ON
[2020/07/29 00:05:25.957391][I][set_Trigger_Free_Run] Set trigger free run
[2020/07/29 00:05:25.961971][I][writeEx] E6640A <= TRIG:CHP:SOUR IMM
[2020/07/29 00:05:26.265501][I][queryEx] E6640A <= *OPC?
[2020/07/29 00:05:26.275466][I][queryEx] E6640A => 1
[2020/07/29 00:05:30.830907][I][chk_Tx_Result] Check Tx result
[2020/07/29 00:05:30.837932][I][set_Limit_Range] Set reference value
[2020/07/29 00:05:30.839936][I][writeEx] E6640A <= DISP:CHP:VIEW:WIND:TRAC:Y:RLEV 30.0 dBm
[2020/07/29 00:05:31.145102][I][queryEx] E6640A <= *OPC?
[2020/07/29 00:05:31.154723][I][queryEx] E6640A => 1
[2020/07/29 00:05:31.158789][I][set_Limit_Range] Set power range
[2020/07/29 00:05:31.161870][I][writeEx] E6640A <= :POW:RANG 30.0 dBm
[2020/07/29 00:05:31.466192][I][queryEx] E6640A <= *OPC?
[2020/07/29 00:05:31.475896][I][queryEx] E6640A => 1
[2020/07/29 00:05:31.479967][I][set_Trigger_Video] Set trigger video
[2020/07/29 00:05:31.482921][I][writeEx] E6640A <= TRIG:CHP:SOUR IF
[2020/07/29 00:05:31.788215][I][queryEx] E6640A <= *OPC?
[2020/07/29 00:05:31.795983][I][queryEx] E6640A => 1
[2020/07/29 00:05:31.902297][I][set_Trigger_Free_Run] Set trigger free run
[2020/07/29 00:05:31.909306][I][writeEx] E6640A <= TRIG:CHP:SOUR IMM
[2020/07/29 00:05:32.213992][I][queryEx] E6640A <= *OPC?
[2020/07/29 00:05:32.224038][I][queryEx] E6640A => 1
[2020/07/29 00:05:32.228281][I][get_Power] Get Tx power
[2020/07/29 00:05:32.231337][I][queryEx] E6640A <= :FETCh:CHPower:CHPower?
[2020/07/29 00:05:32.240717][I][queryEx] E6640A => 1.434222889E+01
[2020/07/29 00:05:32.243731][I][chk_Tx_Result] Tx power(add loss: 8.500000) = 22.842000 dBm
[2020/07/29 00:05:32.248091][I][set_Continue] Set continue
[2020/07/29 00:05:32.251960][I][writeEx] E6640A <= :INIT:CONT ON
[2020/07/29 00:05:34.211100][I][set_Preset] System reset
[2020/07/29 00:05:34.215075][I][writeEx] E6640A <= *RST
[2020/07/29 00:05:34.219095][I][writeEx] E6640A <= *CLS
[2020/07/29 00:05:34.223105][I][writeEx] E6640A <= SYST:PRES
[2020/07/29 00:05:34.527888][I][queryEx] E6640A <= *OPC?
[2020/07/29 00:05:35.003062][I][queryEx] E6640A => 1
[2020/07/29 00:05:35.022063][I][set_Tx_Start] Set Tx start
[2020/07/29 00:05:35.026079][I][set_RFI_Port] Set input port
[2020/07/29 00:05:35.030084][I][writeEx] E6640A <= :FEED:RF:PORT:INPut RFIO1
[2020/07/29 00:05:35.033783][I][queryEx] E6640A <= :FEED:RF:PORT:INPut?
[2020/07/29 00:05:35.041344][I][queryEx] E6640A => RFIO1
[2020/07/29 00:05:35.044313][I][set_Modulation_Analysis] Set measurement function
[2020/07/29 00:05:35.049326][I][writeEx] E6640A <= INST:SEL LTEAFDD
[2020/07/29 00:05:35.354497][I][queryEx] E6640A <= *OPC?
[2020/07/29 00:05:35.365711][I][queryEx] E6640A => 1
[2020/07/29 00:05:35.368721][I][queryEx] E6640A <= INST:SEL?
[2020/07/29 00:05:35.375747][I][queryEx] E6640A => LTEAFDD
[2020/07/29 00:05:35.380051][I][writeEx] E6640A <= DISP:CHP:VIEW:WIND:TRAC:Y:COUP OFF
[2020/07/29 00:05:35.383070][I][set_Freq] Set frequence
[2020/07/29 00:05:35.387080][I][writeEx] E6640A <= :FREQuency:CENTer 1950.0 MHz
[2020/07/29 00:05:35.391084][I][set_Continue] Set continue
[2020/07/29 00:05:35.395142][I][writeEx] E6640A <= :INIT:CONT ON
[2020/07/29 00:05:35.399157][I][set_Trigger_Free_Run] Set trigger free run
[2020/07/29 00:05:35.402163][I][writeEx] E6640A <= TRIG:CHP:SOUR IMM
[2020/07/29 00:05:35.708609][I][queryEx] E6640A <= *OPC?
[2020/07/29 00:05:35.717227][I][queryEx] E6640A => 1
[2020/07/29 00:05:40.075872][I][chk_Tx_Result] Check Tx result
[2020/07/29 00:05:40.083999][I][set_Limit_Range] Set reference value
[2020/07/29 00:05:40.088015][I][writeEx] E6640A <= DISP:CHP:VIEW:WIND:TRAC:Y:RLEV 30.0 dBm
[2020/07/29 00:05:40.393352][I][queryEx] E6640A <= *OPC?
[2020/07/29 00:05:40.404265][I][queryEx] E6640A => 1
[2020/07/29 00:05:40.408280][I][set_Limit_Range] Set power range
[2020/07/29 00:05:40.411288][I][writeEx] E6640A <= :POW:RANG 30.0 dBm
[2020/07/29 00:05:40.717739][I][queryEx] E6640A <= *OPC?
[2020/07/29 00:05:40.727730][I][queryEx] E6640A => 1
[2020/07/29 00:05:40.731740][I][set_Trigger_Video] Set trigger video
[2020/07/29 00:05:40.735592][I][writeEx] E6640A <= TRIG:CHP:SOUR IF
[2020/07/29 00:05:41.040690][I][queryEx] E6640A <= *OPC?
[2020/07/29 00:05:41.048573][I][queryEx] E6640A => 1
[2020/07/29 00:05:41.155319][I][set_Trigger_Free_Run] Set trigger free run
[2020/07/29 00:05:41.161333][I][writeEx] E6640A <= TRIG:CHP:SOUR IMM
[2020/07/29 00:05:41.466666][I][queryEx] E6640A <= *OPC?
[2020/07/29 00:05:41.477113][I][queryEx] E6640A => 1
[2020/07/29 00:05:41.482487][I][get_Power] Get Tx power
[2020/07/29 00:05:41.485520][I][queryEx] E6640A <= :FETCh:CHPower:CHPower?
[2020/07/29 00:05:41.493780][I][queryEx] E6640A => 1.242399502E+01
[2020/07/29 00:05:41.496812][I][chk_Tx_Result] Tx power(add loss: 9.200000) = 21.624000 dBm
[2020/07/29 00:05:41.500837][I][set_Continue] Set continue
[2020/07/29 00:05:41.504828][I][writeEx] E6640A <= :INIT:CONT ON
[2020/07/29 00:05:43.454327][I][set_Preset] System reset
[2020/07/29 00:05:43.457334][I][writeEx] E6640A <= *RST
[2020/07/29 00:05:43.462533][I][writeEx] E6640A <= *CLS
[2020/07/29 00:05:43.465855][I][writeEx] E6640A <= SYST:PRES
[2020/07/29 00:05:43.772147][I][queryEx] E6640A <= *OPC?
[2020/07/29 00:05:44.283525][I][queryEx] E6640A => 1
[2020/07/29 00:05:44.298694][I][set_Tx_Start] Set Tx start
[2020/07/29 00:05:44.301745][I][set_RFI_Port] Set input port
[2020/07/29 00:05:44.306720][I][writeEx] E6640A <= :FEED:RF:PORT:INPut RFIO1
[2020/07/29 00:05:44.310729][I][queryEx] E6640A <= :FEED:RF:PORT:INPut?
[2020/07/29 00:05:44.316922][I][queryEx] E6640A => RFIO1
[2020/07/29 00:05:44.320791][I][set_Modulation_Analysis] Set measurement function
[2020/07/29 00:05:44.325810][I][writeEx] E6640A <= INST:SEL LTEAFDD
[2020/07/29 00:05:44.631633][I][queryEx] E6640A <= *OPC?
[2020/07/29 00:05:44.642613][I][queryEx] E6640A => 1
[2020/07/29 00:05:44.646668][I][queryEx] E6640A <= INST:SEL?
[2020/07/29 00:05:44.653689][I][queryEx] E6640A => LTEAFDD
[2020/07/29 00:05:44.657658][I][writeEx] E6640A <= DISP:CHP:VIEW:WIND:TRAC:Y:COUP OFF
[2020/07/29 00:05:44.661668][I][set_Freq] Set frequence
[2020/07/29 00:05:44.665678][I][writeEx] E6640A <= :FREQuency:CENTer 914.8 MHz
[2020/07/29 00:05:44.669621][I][set_Continue] Set continue
[2020/07/29 00:05:44.674598][I][writeEx] E6640A <= :INIT:CONT ON
[2020/07/29 00:05:44.678634][I][set_Trigger_Free_Run] Set trigger free run
[2020/07/29 00:05:44.681629][I][writeEx] E6640A <= TRIG:CHP:SOUR IMM
[2020/07/29 00:05:44.987663][I][queryEx] E6640A <= *OPC?
[2020/07/29 00:05:44.998797][I][queryEx] E6640A => 1
[2020/07/29 00:05:47.983202][I][chk_Tx_Result] Check Tx result
[2020/07/29 00:05:47.992046][I][set_Limit_Range] Set reference value
[2020/07/29 00:05:47.996062][I][writeEx] E6640A <= DISP:CHP:VIEW:WIND:TRAC:Y:RLEV 30.0 dBm
[2020/07/29 00:05:48.302105][I][queryEx] E6640A <= *OPC?
[2020/07/29 00:05:48.313142][I][queryEx] E6640A => 1
[2020/07/29 00:05:48.318191][I][set_Limit_Range] Set power range
[2020/07/29 00:05:48.322165][I][writeEx] E6640A <= :POW:RANG 30.0 dBm
[2020/07/29 00:05:48.628873][I][queryEx] E6640A <= *OPC?
[2020/07/29 00:05:48.636411][I][queryEx] E6640A => 1
[2020/07/29 00:05:50.642911][I][set_Trigger_Video] Set trigger video
[2020/07/29 00:05:50.650896][I][writeEx] E6640A <= TRIG:CHP:SOUR IF
[2020/07/29 00:05:50.955806][I][queryEx] E6640A <= *OPC?
[2020/07/29 00:05:50.966868][I][queryEx] E6640A => 1
[2020/07/29 00:05:50.970884][I][get_Power] Get Tx power
[2020/07/29 00:05:50.973891][I][queryEx] E6640A <= :FETCh:CHPower:CHPower?
[2020/07/29 00:05:51.601892][I][queryEx] E6640A => 2.276993179E+01
[2020/07/29 00:05:51.610915][I][chk_Tx_Result] Tx power(add loss: 8.500000) = 31.270000 dBm
[2020/07/29 00:05:51.618935][I][set_Continue] Set continue
[2020/07/29 00:05:51.624018][I][writeEx] E6640A <= :INIT:CONT ON
[2020/07/29 00:05:53.375231][I][set_Preset] System reset
[2020/07/29 00:05:53.379242][I][writeEx] E6640A <= *RST
[2020/07/29 00:05:53.384486][I][writeEx] E6640A <= *CLS
[2020/07/29 00:05:53.387497][I][writeEx] E6640A <= SYST:PRES
[2020/07/29 00:05:53.694331][I][queryEx] E6640A <= *OPC?
[2020/07/29 00:05:54.167108][I][queryEx] E6640A => 1
[2020/07/29 00:05:54.183102][I][set_Rx_Waveform] Set Rx waveform
[2020/07/29 00:05:54.187108][I][set_RFO_Port] Set output port
[2020/07/29 00:05:54.192100][I][writeEx] E6640A <= :FEED:RF:PORT:OUTPut RFIO1
[2020/07/29 00:05:54.196114][I][queryEx] E6640A <= :FEED:RF:PORT:OUTPut?
[2020/07/29 00:05:54.225904][I][queryEx] E6640A => RFIO1
[2020/07/29 00:05:54.231911][I][set_OneTone_Freq] Set One Tone frequence
[2020/07/29 00:05:54.234922][I][writeEx] E6640A <= :SOUR:FREQ 959.8 MHz
[2020/07/29 00:05:54.240974][I][set_OneTone_Power] Set One Tone power
[2020/07/29 00:05:54.244879][I][writeEx] E6640A <= :SOURce:POWer -51.5
[2020/07/29 00:05:54.249894][I][loading_Waveform] Load waveform
[2020/07/29 00:05:54.254448][I][queryEx] E6640A <= :SOURce:RADio:ARB:CATalog?
[2020/07/29 00:05:54.261965][I][queryEx] E6640A => 9600,4184704,"CTX10_RFLTE_20160809.wfm"
[2020/07/29 00:05:54.264975][I][writeEx] E6640A <= :SOUR:RAD:ARB:WAV "D:\NVARB\CTX10_RFLTE_20160809.wfm"
[2020/07/29 00:05:54.570879][I][queryEx] E6640A <= *OPC?
[2020/07/29 00:05:54.579261][I][queryEx] E6640A => 1
[2020/07/29 00:05:54.585282][I][set_ARB_ON] Set ARB ON
[2020/07/29 00:05:54.589292][I][writeEx] E6640A <= :SOUR:RAD:ARB ON
[2020/07/29 00:05:54.593306][I][set_Sample_Rate] Set Sample Rate
[2020/07/29 00:05:54.598425][I][writeEx] E6640A <= SOUR:RAD:ARB:SCL:RATE 100.0 kHz
[2020/07/29 00:05:54.601468][I][set_Modulation_ON] Set ARB ON
[2020/07/29 00:05:54.606451][I][writeEx] E6640A <= :OUTP:MOD ON
[2020/07/29 00:05:54.615568][I][set_OneTone_Start] Set One Tone start
[2020/07/29 00:05:54.619582][I][writeEx] E6640A <= OUTP ON
[2020/07/29 00:06:00.977383][I][set_OneTone_Stop] Set One Tone stop
[2020/07/29 00:06:00.984416][I][writeEx] E6640A <= OUTP OFF
[2020/07/29 00:06:18.592799][I][disconnect_E6640A] Disconnect E6640A
[2020/07/29 00:06:18.596773][I][set_Preset] System reset
[2020/07/29 00:06:18.601818][I][writeEx] E6640A <= *RST
[2020/07/29 00:06:18.605796][I][writeEx] E6640A <= *CLS
[2020/07/29 00:06:18.610809][I][writeEx] E6640A <= SYST:PRES
[2020/07/29 00:06:18.916947][I][queryEx] E6640A <= *OPC?
[2020/07/29 00:06:19.436022][I][queryEx] E6640A => 1
[2020/07/29 00:06:19.445088]========== End ==========
