[2020/07/29 18:09:56.406001]========== Start ==========
[2020/07/29 18:09:56.407002][I][class_E6640A_LTE] Initial class_E6640A_LTE
[2020/07/29 18:09:56.408004][I][class_E6640A_LTE] Version: 3.0.0.3
[2020/07/29 18:09:56.413017][I][connect_E6640A] Connect to E6640A
[2020/07/29 18:09:56.424050][I][connect_E6640A] Resource Manager of Visa Library at C:\Windows\system32\visa32.dll
[2020/07/29 18:09:56.470170][I][queryEx] E6640A <= *IDN?
[2020/07/29 18:09:56.474181][I][queryEx] E6640A => Keysight Technologies,E6640A,MY57150246,E.19.71
[2020/07/29 18:09:56.476185][I][set_Preset] System reset
[2020/07/29 18:09:56.478200][I][writeEx] E6640A <= *RST
[2020/07/29 18:09:56.481200][I][writeEx] E6640A <= *CLS
[2020/07/29 18:09:56.485210][I][writeEx] E6640A <= SYST:PRES
[2020/07/29 18:09:56.787012][I][queryEx] E6640A <= *OPC?
[2020/07/29 18:09:57.575106][I][queryEx] E6640A => 1
[2020/07/29 18:09:57.582125][I][set_Preset] System reset
[2020/07/29 18:09:57.584130][I][writeEx] E6640A <= *RST
[2020/07/29 18:09:57.588145][I][writeEx] E6640A <= *CLS
[2020/07/29 18:09:57.591150][I][writeEx] E6640A <= SYST:PRES
[2020/07/29 18:09:57.894004][I][queryEx] E6640A <= *OPC?
[2020/07/29 18:09:58.669079][I][queryEx] E6640A => 1
[2020/07/29 18:09:59.009969][I][set_Preset] System reset
[2020/07/29 18:09:59.011967][I][writeEx] E6640A <= *RST
[2020/07/29 18:09:59.013973][I][writeEx] E6640A <= *CLS
[2020/07/29 18:09:59.016980][I][writeEx] E6640A <= SYST:PRES
[2020/07/29 18:09:59.320740][I][queryEx] E6640A <= *OPC?
[2020/07/29 18:10:00.125704][I][queryEx] E6640A => 1
[2020/07/29 18:10:00.139739][I][set_Tx_Start] Set Tx start
[2020/07/29 18:10:00.141743][I][set_RFI_Port] Set input port
[2020/07/29 18:10:00.143748][I][writeEx] E6640A <= :FEED:RF:PORT:INPut RFIO1
[2020/07/29 18:10:00.146758][I][queryEx] E6640A <= :FEED:RF:PORT:INPut?
[2020/07/29 18:10:00.151576][I][queryEx] E6640A => RFIO1
[2020/07/29 18:10:00.153583][I][set_Modulation_Analysis] Set measurement function
[2020/07/29 18:10:00.156608][I][writeEx] E6640A <= INST:SEL LTEAFDD
[2020/07/29 18:10:00.460528][I][queryEx] E6640A <= *OPC?
[2020/07/29 18:10:00.481024][I][queryEx] E6640A => 1
[2020/07/29 18:10:00.484978][I][queryEx] E6640A <= INST:SEL?
[2020/07/29 18:10:00.490101][I][queryEx] E6640A => LTEAFDD
[2020/07/29 18:10:00.493112][I][writeEx] E6640A <= DISP:CHP:VIEW:WIND:TRAC:Y:COUP OFF
[2020/07/29 18:10:00.495924][I][set_Freq] Set frequence
[2020/07/29 18:10:00.497931][I][writeEx] E6640A <= :FREQuency:CENTer 897.4 MHz
[2020/07/29 18:10:00.501942][I][set_Continue] Set continue
[2020/07/29 18:10:00.503947][I][writeEx] E6640A <= :INIT:CONT ON
[2020/07/29 18:10:00.507370][I][set_Trigger_Free_Run] Set trigger free run
[2020/07/29 18:10:00.509377][I][writeEx] E6640A <= TRIG:CHP:SOUR IMM
[2020/07/29 18:10:00.813315][I][queryEx] E6640A <= *OPC?
[2020/07/29 18:10:00.824100][I][queryEx] E6640A => 1
[2020/07/29 18:10:05.397384][I][chk_Tx_Result] Check Tx result
[2020/07/29 18:10:05.402353][I][set_Limit_Range] Set reference value
[2020/07/29 18:10:05.405364][I][writeEx] E6640A <= DISP:CHP:VIEW:WIND:TRAC:Y:RLEV 30.0 dBm
[2020/07/29 18:10:05.710387][I][queryEx] E6640A <= *OPC?
[2020/07/29 18:10:05.720142][I][queryEx] E6640A => 1
[2020/07/29 18:10:05.724158][I][set_Limit_Range] Set power range
[2020/07/29 18:10:05.727166][I][writeEx] E6640A <= :POW:RANG 30.0 dBm
[2020/07/29 18:10:06.031364][I][queryEx] E6640A <= *OPC?
[2020/07/29 18:10:06.040732][I][queryEx] E6640A => 1
[2020/07/29 18:10:06.045094][I][set_Trigger_Video] Set trigger video
[2020/07/29 18:10:06.047102][I][writeEx] E6640A <= TRIG:CHP:SOUR IF
[2020/07/29 18:10:06.352701][I][queryEx] E6640A <= *OPC?
[2020/07/29 18:10:06.363205][I][queryEx] E6640A => 1
[2020/07/29 18:10:06.468866][I][set_Trigger_Free_Run] Set trigger free run
[2020/07/29 18:10:06.479912][I][writeEx] E6640A <= TRIG:CHP:SOUR IMM
[2020/07/29 18:10:06.788441][I][queryEx] E6640A <= *OPC?
[2020/07/29 18:10:06.800090][I][queryEx] E6640A => 1
[2020/07/29 18:10:06.804343][I][get_Power] Get Tx power
[2020/07/29 18:10:06.806350][I][queryEx] E6640A <= :FETCh:CHPower:CHPower?
[2020/07/29 18:10:06.813410][I][queryEx] E6640A => 1.429818344E+01
[2020/07/29 18:10:06.817162][I][chk_Tx_Result] Tx power(add loss: 8.500000) = 22.798000 dBm
[2020/07/29 18:10:06.820172][I][set_Continue] Set continue
[2020/07/29 18:10:06.824101][I][writeEx] E6640A <= :INIT:CONT ON
[2020/07/29 18:10:08.760116][I][set_Preset] System reset
[2020/07/29 18:10:08.764121][I][writeEx] E6640A <= *RST
[2020/07/29 18:10:08.767128][I][writeEx] E6640A <= *CLS
[2020/07/29 18:10:08.772171][I][writeEx] E6640A <= SYST:PRES
[2020/07/29 18:10:09.077165][I][queryEx] E6640A <= *OPC?
[2020/07/29 18:10:09.752710][I][queryEx] E6640A => 1
[2020/07/29 18:10:09.766732][I][set_Tx_Start] Set Tx start
[2020/07/29 18:10:09.770973][I][set_RFI_Port] Set input port
[2020/07/29 18:10:09.774013][I][writeEx] E6640A <= :FEED:RF:PORT:INPut RFIO1
[2020/07/29 18:10:09.777995][I][queryEx] E6640A <= :FEED:RF:PORT:INPut?
[2020/07/29 18:10:09.784648][I][queryEx] E6640A => RFIO1
[2020/07/29 18:10:09.788696][I][set_Modulation_Analysis] Set measurement function
[2020/07/29 18:10:09.791700][I][writeEx] E6640A <= INST:SEL LTEAFDD
[2020/07/29 18:10:10.096964][I][queryEx] E6640A <= *OPC?
[2020/07/29 18:10:10.114103][I][queryEx] E6640A => 1
[2020/07/29 18:10:10.122094][I][queryEx] E6640A <= INST:SEL?
[2020/07/29 18:10:10.128900][I][queryEx] E6640A => LTEAFDD
[2020/07/29 18:10:10.134908][I][writeEx] E6640A <= DISP:CHP:VIEW:WIND:TRAC:Y:COUP OFF
[2020/07/29 18:10:10.138962][I][set_Freq] Set frequence
[2020/07/29 18:10:10.143227][I][writeEx] E6640A <= :FREQuency:CENTer 1950.0 MHz
[2020/07/29 18:10:10.146238][I][set_Continue] Set continue
[2020/07/29 18:10:10.151808][I][writeEx] E6640A <= :INIT:CONT ON
[2020/07/29 18:10:10.154847][I][set_Trigger_Free_Run] Set trigger free run
[2020/07/29 18:10:10.158855][I][writeEx] E6640A <= TRIG:CHP:SOUR IMM
[2020/07/29 18:10:10.464358][I][queryEx] E6640A <= *OPC?
[2020/07/29 18:10:10.475514][I][queryEx] E6640A => 1
[2020/07/29 18:10:14.870155][I][chk_Tx_Result] Check Tx result
[2020/07/29 18:10:14.878479][I][set_Limit_Range] Set reference value
[2020/07/29 18:10:14.883238][I][writeEx] E6640A <= DISP:CHP:VIEW:WIND:TRAC:Y:RLEV 30.0 dBm
[2020/07/29 18:10:15.188095][I][queryEx] E6640A <= *OPC?
[2020/07/29 18:10:15.199084][I][queryEx] E6640A => 1
[2020/07/29 18:10:15.203153][I][set_Limit_Range] Set power range
[2020/07/29 18:10:15.206212][I][writeEx] E6640A <= :POW:RANG 30.0 dBm
[2020/07/29 18:10:15.512695][I][queryEx] E6640A <= *OPC?
[2020/07/29 18:10:15.524640][I][queryEx] E6640A => 1
[2020/07/29 18:10:15.527651][I][set_Trigger_Video] Set trigger video
[2020/07/29 18:10:15.531661][I][writeEx] E6640A <= TRIG:CHP:SOUR IF
[2020/07/29 18:10:15.837088][I][queryEx] E6640A <= *OPC?
[2020/07/29 18:10:15.848217][I][queryEx] E6640A => 1
[2020/07/29 18:10:15.953342][I][set_Trigger_Free_Run] Set trigger free run
[2020/07/29 18:10:15.959350][I][writeEx] E6640A <= TRIG:CHP:SOUR IMM
[2020/07/29 18:10:16.263777][I][queryEx] E6640A <= *OPC?
[2020/07/29 18:10:16.274632][I][queryEx] E6640A => 1
[2020/07/29 18:10:16.279651][I][get_Power] Get Tx power
[2020/07/29 18:10:16.283675][I][queryEx] E6640A <= :FETCh:CHPower:CHPower?
[2020/07/29 18:10:16.290281][I][queryEx] E6640A => 1.181807804E+01
[2020/07/29 18:10:16.294313][I][chk_Tx_Result] Tx power(add loss: 9.200000) = 21.018000 dBm
[2020/07/29 18:10:16.298435][I][set_Continue] Set continue
[2020/07/29 18:10:16.301726][I][writeEx] E6640A <= :INIT:CONT ON
[2020/07/29 18:10:18.253618][I][set_Preset] System reset
[2020/07/29 18:10:18.258665][I][writeEx] E6640A <= *RST
[2020/07/29 18:10:18.263285][I][writeEx] E6640A <= *CLS
[2020/07/29 18:10:18.269303][I][writeEx] E6640A <= SYST:PRES
[2020/07/29 18:10:18.575277][I][queryEx] E6640A <= *OPC?
[2020/07/29 18:10:19.331800][I][queryEx] E6640A => 1
[2020/07/29 18:10:19.346506][I][set_Tx_Start] Set Tx start
[2020/07/29 18:10:19.349517][I][set_RFI_Port] Set input port
[2020/07/29 18:10:19.353530][I][writeEx] E6640A <= :FEED:RF:PORT:INPut RFIO1
[2020/07/29 18:10:19.357567][I][queryEx] E6640A <= :FEED:RF:PORT:INPut?
[2020/07/29 18:10:19.363844][I][queryEx] E6640A => RFIO1
[2020/07/29 18:10:19.367860][I][set_Modulation_Analysis] Set measurement function
[2020/07/29 18:10:19.371877][I][writeEx] E6640A <= INST:SEL LTEAFDD
[2020/07/29 18:10:19.677192][I][queryEx] E6640A <= *OPC?
[2020/07/29 18:10:19.687251][I][queryEx] E6640A => 1
[2020/07/29 18:10:19.692034][I][queryEx] E6640A <= INST:SEL?
[2020/07/29 18:10:19.698089][I][queryEx] E6640A => LTEAFDD
[2020/07/29 18:10:19.701060][I][writeEx] E6640A <= DISP:CHP:VIEW:WIND:TRAC:Y:COUP OFF
[2020/07/29 18:10:19.705072][I][set_Freq] Set frequence
[2020/07/29 18:10:19.709082][I][writeEx] E6640A <= :FREQuency:CENTer 914.8 MHz
[2020/07/29 18:10:19.713133][I][set_Continue] Set continue
[2020/07/29 18:10:19.717105][I][writeEx] E6640A <= :INIT:CONT ON
[2020/07/29 18:10:19.722146][I][set_Trigger_Free_Run] Set trigger free run
[2020/07/29 18:10:19.725153][I][writeEx] E6640A <= TRIG:CHP:SOUR IMM
[2020/07/29 18:10:20.031711][I][queryEx] E6640A <= *OPC?
[2020/07/29 18:10:20.039900][I][queryEx] E6640A => 1
[2020/07/29 18:10:23.076232][I][chk_Tx_Result] Check Tx result
[2020/07/29 18:10:23.082398][I][set_Limit_Range] Set reference value
[2020/07/29 18:10:23.085445][I][writeEx] E6640A <= DISP:CHP:VIEW:WIND:TRAC:Y:RLEV 30.0 dBm
[2020/07/29 18:10:23.392247][I][queryEx] E6640A <= *OPC?
[2020/07/29 18:10:23.401758][I][queryEx] E6640A => 1
[2020/07/29 18:10:23.406775][I][set_Limit_Range] Set power range
[2020/07/29 18:10:23.410784][I][writeEx] E6640A <= :POW:RANG 30.0 dBm
[2020/07/29 18:10:23.717192][I][queryEx] E6640A <= *OPC?
[2020/07/29 18:10:23.728430][I][queryEx] E6640A => 1
[2020/07/29 18:10:25.733528][I][set_Trigger_Video] Set trigger video
[2020/07/29 18:10:25.748563][I][writeEx] E6640A <= TRIG:CHP:SOUR IF
[2020/07/29 18:10:26.058819][I][queryEx] E6640A <= *OPC?
[2020/07/29 18:10:26.069916][I][queryEx] E6640A => 1
[2020/07/29 18:10:26.074392][I][get_Power] Get Tx power
[2020/07/29 18:10:26.077402][I][queryEx] E6640A <= :FETCh:CHPower:CHPower?
[2020/07/29 18:10:26.701299][I][queryEx] E6640A => 2.309659386E+01
[2020/07/29 18:10:26.709324][I][chk_Tx_Result] Tx power(add loss: 8.500000) = 31.597000 dBm
[2020/07/29 18:10:26.713336][I][set_Continue] Set continue
[2020/07/29 18:10:26.717373][I][writeEx] E6640A <= :INIT:CONT ON
[2020/07/29 18:10:28.460377][I][set_Preset] System reset
[2020/07/29 18:10:28.465430][I][writeEx] E6640A <= *RST
[2020/07/29 18:10:28.469401][I][writeEx] E6640A <= *CLS
[2020/07/29 18:10:28.473424][I][writeEx] E6640A <= SYST:PRES
[2020/07/29 18:10:28.779826][I][queryEx] E6640A <= *OPC?
[2020/07/29 18:10:29.518642][I][queryEx] E6640A => 1
[2020/07/29 18:10:29.536014][I][set_Rx_Waveform] Set Rx waveform
[2020/07/29 18:10:29.540031][I][set_RFO_Port] Set output port
[2020/07/29 18:10:29.544041][I][writeEx] E6640A <= :FEED:RF:PORT:OUTPut RFIO1
[2020/07/29 18:10:29.548178][I][queryEx] E6640A <= :FEED:RF:PORT:OUTPut?
[2020/07/29 18:10:29.554656][I][queryEx] E6640A => RFIO1
[2020/07/29 18:10:29.558670][I][set_OneTone_Freq] Set One Tone frequence
[2020/07/29 18:10:29.563662][I][writeEx] E6640A <= :SOUR:FREQ 959.8 MHz
[2020/07/29 18:10:29.567674][I][set_OneTone_Power] Set One Tone power
[2020/07/29 18:10:29.572730][I][writeEx] E6640A <= :SOURce:POWer -51.5
[2020/07/29 18:10:29.576700][I][loading_Waveform] Load waveform
[2020/07/29 18:10:29.580710][I][queryEx] E6640A <= :SOURce:RADio:ARB:CATalog?
[2020/07/29 18:10:29.588061][I][queryEx] E6640A => 9600,4184704,"CTX10_RFLTE_20160809.wfm"
[2020/07/29 18:10:29.591071][I][writeEx] E6640A <= :SOUR:RAD:ARB:WAV "D:\NVARB\CTX10_RFLTE_20160809.wfm"
[2020/07/29 18:10:29.897787][I][queryEx] E6640A <= *OPC?
[2020/07/29 18:10:29.907810][I][queryEx] E6640A => 1
[2020/07/29 18:10:29.912617][I][set_ARB_ON] Set ARB ON
[2020/07/29 18:10:29.916627][I][writeEx] E6640A <= :SOUR:RAD:ARB ON
[2020/07/29 18:10:29.921641][I][set_Sample_Rate] Set Sample Rate
[2020/07/29 18:10:29.925728][I][writeEx] E6640A <= SOUR:RAD:ARB:SCL:RATE 100.0 kHz
[2020/07/29 18:10:29.930778][I][set_Modulation_ON] Set ARB ON
[2020/07/29 18:10:29.935645][I][writeEx] E6640A <= :OUTP:MOD ON
[2020/07/29 18:10:29.943669][I][set_OneTone_Start] Set One Tone start
[2020/07/29 18:10:29.946691][I][writeEx] E6640A <= OUTP ON
[2020/07/29 18:10:36.332389][I][set_OneTone_Stop] Set One Tone stop
[2020/07/29 18:10:36.347508][I][writeEx] E6640A <= OUTP OFF
[2020/07/29 18:10:54.140189][I][disconnect_E6640A] Disconnect E6640A
[2020/07/29 18:10:54.144204][I][set_Preset] System reset
[2020/07/29 18:10:54.149211][I][writeEx] E6640A <= *RST
[2020/07/29 18:10:54.153555][I][writeEx] E6640A <= *CLS
[2020/07/29 18:10:54.158598][I][writeEx] E6640A <= SYST:PRES
[2020/07/29 18:10:54.464302][I][queryEx] E6640A <= *OPC?
[2020/07/29 18:10:55.171490][I][queryEx] E6640A => 1
[2020/07/29 18:10:55.180463]========== End ==========
