[2020/07/29 18:06:51]============== Control PS_Keysight66321B ==============
[2020/07/29 18:06:51]List resource: ['GPIB0::5::INSTR', 'ASRL1::INSTR']
[2020/07/29 18:06:51]Power Supply: control 66321B successfully
[2020/07/29 18:06:51]Power Supply send: *RST
[2020/07/29 18:06:51]Power Supply send: *IDN?
[2020/07/29 18:06:51]Power Supply recv: Agilent Technologies,66321B,0,A.03.01

[2020/07/29 18:06:51]Power Supply is: Agilent Technologies,66321B,0,A.03.01
 

[2020/07/29 18:06:51]Power Supply send: CURR:PROT:STAT 1
[2020/07/29 18:06:51]Power Supply send: CURR:PROT:STAT?
[2020/07/29 18:06:51]Power Supply recv: 1

[2020/07/29 18:06:51]Power Supply send: VOLT 12.0
[2020/07/29 18:06:51]Power Supply send: VOLT?
[2020/07/29 18:06:51]Power Supply recv: 1.20000E+1

[2020/07/29 18:06:51]Power Supply send: CURR 1.0
[2020/07/29 18:06:51]Power Supply send: CURR?
[2020/07/29 18:06:51]Power Supply recv: 1.00000E+0

[2020/07/29 18:06:51]Power Supply send: OUTP 1
[2020/07/29 18:06:51]Power Supply send: OUTP?
[2020/07/29 18:06:51]Power Supply recv: 1

[2020/07/29 18:07:52]============== Control PS_Keysight66321B ==============
[2020/07/29 18:07:52]List resource: ['GPIB0::5::INSTR', 'TCPIP0::192.168.1.2::hislip0::INSTR', 'ASRL1::INSTR', 'ASRL14::INSTR', 'ASRL15::INSTR', 'ASRL16::INSTR', 'ASRL17::INSTR', 'ASRL19::INSTR', 'ASRL20::INSTR']
[2020/07/29 18:07:52]Power Supply: control 66321B successfully
[2020/07/29 18:07:52]Power Supply send: *IDN?
[2020/07/29 18:07:52]Power Supply recv: Agilent Technologies,66321B,0,A.03.01

[2020/07/29 18:07:52]Power Supply is: Agilent Technologies,66321B,0,A.03.01
 

[2020/07/29 18:08:06]Power Supply send: MEAS:CURR?
[2020/07/29 18:08:06]Power Supply recv: 8.24862E-2

[2020/07/29 18:08:18]Power Supply send: MEAS:CURR?
[2020/07/29 18:08:18]Power Supply recv: 8.29094E-2

[2020/07/29 18:08:33]Power Supply send: MEAS:CURR?
[2020/07/29 18:08:33]Power Supply recv: 8.17070E-2

[2020/07/29 18:08:44]Power Supply send: MEAS:CURR?
[2020/07/29 18:08:44]Power Supply recv: 7.97662E-2

[2020/07/29 18:09:00]Power Supply send: MEAS:CURR?
[2020/07/29 18:09:00]Power Supply recv: 7.98923E-2

[2020/07/29 18:09:12]Power Supply send: MEAS:CURR?
[2020/07/29 18:09:12]Power Supply recv: 8.00548E-2

[2020/07/29 18:09:58]============== Control PS_Keysight66321B ==============
[2020/07/29 18:09:58]List resource: ['GPIB0::5::INSTR', 'TCPIP0::192.168.1.2::hislip0::INSTR', 'ASRL1::INSTR']
[2020/07/29 18:09:58]Power Supply: control 66321B successfully
[2020/07/29 18:09:58]Power Supply send: *IDN?
[2020/07/29 18:09:58]Power Supply recv: Agilent Technologies,66321B,0,A.03.01

[2020/07/29 18:09:58]Power Supply is: Agilent Technologies,66321B,0,A.03.01
 

[2020/07/29 18:10:07]Power Supply send: MEAS:CURR?
[2020/07/29 18:10:07]Power Supply recv: 2.45722E-1

[2020/07/29 18:10:17]Power Supply send: MEAS:CURR?
[2020/07/29 18:10:17]Power Supply recv: 2.05472E-1

[2020/07/29 18:10:27]Power Supply send: MEAS:CURR?
[2020/07/29 18:10:27]Power Supply recv: 1.51801E-1

[2020/07/29 18:11:01]============== Control PS_Keysight66321B ==============
[2020/07/29 18:11:01]List resource: ['GPIB0::5::INSTR', 'TCPIP0::192.168.1.2::hislip0::INSTR', 'ASRL1::INSTR', 'ASRL14::INSTR', 'ASRL15::INSTR', 'ASRL16::INSTR', 'ASRL17::INSTR', 'ASRL19::INSTR', 'ASRL20::INSTR']
[2020/07/29 18:11:01]Power Supply: control 66321B successfully
[2020/07/29 18:11:01]Power Supply send: *RST
[2020/07/29 18:11:01]Power Supply send: *IDN?
[2020/07/29 18:11:01]Power Supply recv: Agilent Technologies,66321B,0,A.03.01

[2020/07/29 18:11:01]Power Supply is: Agilent Technologies,66321B,0,A.03.01
 

[2020/07/29 18:11:01]Power Supply send: OUTP 0
[2020/07/29 18:11:01]Power Supply send: OUTP?
[2020/07/29 18:11:01]Power Supply recv: 0

