[2020/07/28 21:30:59][I][getBOM] Get BOM Success!
[2020/07/28 21:30:59][I][getSKU] Get SKU from BOM: BOM_SKU, SKU name: 451AOD30L02
[2020/07/28 21:30:59][I][loadTestItemBySKU] Test Item List = (GFI20Bootup.py,1)(CountDown.py,1)(GFI20_RF_Zigbee,2)(GFI20_RF_LTE,1)
[2020/07/28 21:30:59][I][loadTestItemBySKU] Test Item List Element = ['GFI20Bootup.py,1', 'CountDown.py,1', 'GFI20_RF_Zigbee,2', 'GFI20_RF_LTE,1']
[2020/07/28 21:30:59][I][showTestingMsg] Waiting for testing...
[2020/07/28 21:30:59]---------- TestItem:GFI20Bootup.py  Method:1 ----------
[2020/07/28 21:30:59][I][runTestItem] Test start time: 2020/07/28 21:30:59
[2020/07/28 21:31:11][I][runTestItem] Test finished
[2020/07/28 21:31:11][I][checkTestResult] Version=3.0.0.3
[2020/07/28 21:31:11][I][checkTestResult] Result=Pass
[2020/07/28 21:31:11]*********************************************************
[2020/07/28 21:31:11]GFI20Bootup.py   3.0.0.3

[2020/07/28 21:31:11]			Result: Pass

[2020/07/28 21:31:11]			Method: 1

[2020/07/28 21:31:11]			Start: 2020/07/28 21:30:59

[2020/07/28 21:31:11]			End: 2020/07/28 21:31:11
[2020/07/28 21:31:11][I][runTestItem] Test end time: 2020/07/28 21:31:11
[2020/07/28 21:31:11]---------- TestItem:CountDown.py  Method:1 ----------
[2020/07/28 21:31:11][I][runTestItem] Test start time: 2020/07/28 21:31:11
[2020/07/28 21:32:03][I][runTestItem] Test finished
[2020/07/28 21:32:03][I][checkTestResult] Version=3.0.0.3
[2020/07/28 21:32:03][I][checkTestResult] Result=Pass
[2020/07/28 21:32:03]*********************************************************
[2020/07/28 21:32:03]CountDown.py   3.0.0.3

[2020/07/28 21:32:03]			Result: Pass

[2020/07/28 21:32:03]			Method: 1

[2020/07/28 21:32:03]			Start: 2020/07/28 21:31:11

[2020/07/28 21:32:03]			End: 2020/07/28 21:32:03
[2020/07/28 21:32:03][I][runTestItem] Test end time: 2020/07/28 21:32:03
[2020/07/28 21:32:03]---------- TestItem:GFI20_RF_Zigbee.py  Method:2 ----------
[2020/07/28 21:32:04][I][runTestItem] Test start time: 2020/07/28 21:32:04
[2020/07/28 21:34:01][I][runTestItem] Test finished
[2020/07/28 21:34:01][I][checkTestResult] Version=3.0.0.3
[2020/07/28 21:34:01][I][checkTestResult] Result=Pass
[2020/07/28 21:34:01]*********************************************************
[2020/07/28 21:34:01]GFI20_RF_Zigbee.py   3.0.0.3

[2020/07/28 21:34:01]			Result: Pass

[2020/07/28 21:34:01]			Method: 2

[2020/07/28 21:34:01]			Start: 2020/07/28 21:32:04

[2020/07/28 21:34:01]			End: 2020/07/28 21:34:01
[2020/07/28 21:34:01][I][runTestItem] Test end time: 2020/07/28 21:34:01
[2020/07/28 21:34:01]---------- TestItem:GFI20_RF_LTE.py  Method:1 ----------
[2020/07/28 21:34:01][I][runTestItem] Test start time: 2020/07/28 21:34:01
[2020/07/28 21:37:41][I][runTestItem] Test finished
[2020/07/28 21:37:41][I][checkTestResult] Version=3.0.0.11
[2020/07/28 21:37:41][I][checkTestResult] Result=Fail
[2020/07/28 21:37:41][I][checkTestResult] Reason=LTE_2G 914.8
Tx Current FAIL
[2020/07/28 21:37:41][I][checkTestResult] EC=010000L01
[2020/07/28 21:37:41]*********************************************************
[2020/07/28 21:37:41]GFI20_RF_LTE.py   3.0.0.11

[2020/07/28 21:37:41]			Result: Fail

[2020/07/28 21:37:41]			Method: 1

[2020/07/28 21:37:41]			Start: 2020/07/28 21:34:01

[2020/07/28 21:37:41]			End: 2020/07/28 21:37:41
[2020/07/28 21:37:41]
			Fail Reason: LTE_2G 914.8
Tx Current FAIL
[2020/07/28 21:37:41][I][runTestItem] Test end time: 2020/07/28 21:37:41
[2020/07/28 21:37:42][I][runLastScript] Waiting for ending...
[2020/07/28 21:37:42]---------- TestItem:GFI20LastScript.py  Method:1 ----------
[2020/07/28 21:37:42][I][runLastScript] Test start time: 2020/07/28 21:37:42
[2020/07/28 21:38:00][I][runLastScript] Test finished
[2020/07/28 21:38:00][I][runLastScript] Test end time: 2020/07/28 21:38:00
[2020/07/28 21:38:00][I][checkTestResult] Version=3.0.0.6
[2020/07/28 21:38:00][I][checkTestResult] Result=Pass
[2020/07/28 21:38:00]*********************************************************
[2020/07/28 21:38:00]GFI20LastScript.py   3.0.0.6

[2020/07/28 21:38:00]			Result: Pass

[2020/07/28 21:38:00]			Method: 1

[2020/07/28 21:38:00]			Start: 2020/07/28 21:37:42

[2020/07/28 21:38:00]			End: 2020/07/28 21:38:00
