[2020/07/27 18:18:05.852993] ========== Start ==========
[2020/07/27 18:18:05.852993] [I][main] Python 3.7.2 (tags/v3.7.2:9a3ffc0492, Dec 23 2018, 23:09:28) [MSC v.1916 64 bit (AMD64)]
[2020/07/27 18:18:05.852993] [I][main] GFI20_RF_Zigbee.py 3.0.0.3
[2020/07/27 18:18:05.852993] [I][readINI] ---------- INI ----------
[2020/07/27 18:18:05.852993] [I][readINI] SKU = 1
[2020/07/27 18:18:05.862953] [I][readINI] InstrumentINI = GFI20_Zigbee_Instrument_Setting
[2020/07/27 18:18:05.862953] [I][readINI] ---------- Test Plan 1 ----------
[2020/07/27 18:18:05.862953] [I][readINI] TestPlan1 = ZIGBEE_2450;15/2425,21/2455,24/2470;TX_Power
[2020/07/27 18:18:05.872991] [I][readINI] CableLoss = ['8', '8.2', '8.2'] dBm
[2020/07/27 18:18:05.872991] [I][readINI] TX_Power = ['0', '0', '0'] dBm
[2020/07/27 18:18:05.872991] [I][readINI] Calibration_ON = 1
[2020/07/27 18:18:05.872991] [I][readINI] Ca_Tx_Power_Target = ['9.2', '9.2', '9.2']
[2020/07/27 18:18:05.882991] [I][readINI] Ca_Tx_Power_Gap = ['0.5', '0.5', '0.5']
[2020/07/27 18:18:05.882991] [I][readINI] Ca_Tx_Power_Offset = ['0.86', '0.86', '0.86']
[2020/07/27 18:18:05.882991] [I][readINI] Current_ON = 1
[2020/07/27 18:18:05.892953] [I][readINI] TX_Current_SpecMax = ['0.18', '0.18', '0.18'] A
[2020/07/27 18:18:05.892953] [I][readINI] TX_Current_SpecMin = ['0.045', '0.045', '0.045'] A
[2020/07/27 18:18:05.892953] [I][readINI] TX_Power_SpecMax = ['11', '11', '11'] dBm
[2020/07/27 18:18:05.892953] [I][readINI] TX_Power_SpecMin = ['6', '6', '6'] dBm
[2020/07/27 18:18:05.892953] [I][readINI] ---------- Test Plan 1 ----------
[2020/07/27 18:18:05.902953] [I][readINI] ---------- Test Plan 2 ----------
[2020/07/27 18:18:05.902953] [I][readINI] TestPlan2 = ZIGBEE_2450;19/2445;RX_RSSI
[2020/07/27 18:18:05.902953] [I][readINI] CableLoss = ['10'] dBm
[2020/07/27 18:18:05.912957] [I][readINI] RX_Cell_Power = ['-25'] dBm
[2020/07/27 18:18:05.912957] [I][readINI] RX_LNAON_RSSI_SpecMax = ['-9'] %
[2020/07/27 18:18:05.912957] [I][readINI] RX_LNAON_RSSI_SpecMin = ['-15'] %
[2020/07/27 18:18:05.912957] [I][readINI] RX_LNAOFF_RSSI_SpecMax = ['-24'] %
[2020/07/27 18:18:05.912957] [I][readINI] RX_LNAOFF_RSSI_SpecMin = ['-30'] %
[2020/07/27 18:18:05.922969] [I][readINI] ---------- Test Plan 2 ----------
[2020/07/27 18:18:05.922969] [I][readINI] StartButton_ON = 0
[2020/07/27 18:18:05.932952] [I][readINI] FailAutoExit = False
[2020/07/27 18:18:05.932952] [I][readINI] FailRetryAll = False
[2020/07/27 18:18:05.932952] [I][readINI] RFDatabase = True
[2020/07/27 18:18:05.932952] [I][readINI] EC = 010000S01
[2020/07/27 18:18:05.942987] [I][readINI] ---------- INI ----------
[2020/07/27 18:18:05.942987] [I][readInstrumentINI] ---------- Common ----------
[2020/07/27 18:18:05.942987] [I][readInstrumentINI] Instrument_Name = E6640A
[2020/07/27 18:18:05.952953] [I][readInstrumentINI] Instrument_IP_Addr = TCPIP0::192.168.1.2::hislip0::INSTR
[2020/07/27 18:18:05.952953] [I][readInstrumentINI] PowerSupplier_Name = 66321B
[2020/07/27 18:18:05.952953] [I][readInstrumentINI] PowerSupplier_Addr = GPIB0::5::INSTR
[2020/07/27 18:18:05.952953] [I][readInstrumentINI] Current_Delay = 0.5
[2020/07/27 18:18:05.962962] [I][readInstrumentINI] ---------- Common ----------
[2020/07/27 18:18:05.962962] [I][readInstrumentINI] ---------- ZIGBEE_2450 ----------
[2020/07/27 18:18:05.962962] [I][readInstrumentINI] RFIO_Input = 1
[2020/07/27 18:18:05.972953] [I][readInstrumentINI] Tx_Span = 10000.0 kHz
[2020/07/27 18:18:05.972953] [I][readInstrumentINI] Tx_PowRange = 20.0 dBm
[2020/07/27 18:18:05.972953] [I][readInstrumentINI] Tx_SymbolRate = 1000.0 kHz
[2020/07/27 18:18:05.972953] [I][readInstrumentINI] Tx_MeasInterval = 500
[2020/07/27 18:18:05.982987] [I][readInstrumentINI] Tx_TrigLevel = 30.0 mV
[2020/07/27 18:18:05.982987] [I][readInstrumentINI] Tx_TrigDelay = 0.3 ms
[2020/07/27 18:18:05.982987] [I][readInstrumentINI] RFIO_Output = 1
[2020/07/27 18:18:05.992954] [I][readInstrumentINI] ---------- ZIGBEE_2450 ----------
[2020/07/27 18:18:05.992954] ---------- StartTest ----------
[2020/07/27 18:18:06.002952] [I][chkDUTConnect] Connect to DUT
[2020/07/27 18:18:06.012952] [I][chkDUTConnect] Check DUT status
[2020/07/27 18:18:06.892996] [I][chkDUTConnect] Success
[2020/07/27 18:18:06.902961] [I][chkE6640AConnect] Connect to E6640A
[2020/07/27 18:18:08.082994] [I][chkE6640AConnect] Preset E6640A status
[2020/07/27 18:18:09.142959] [I][chkE6640AConnect] success
[2020/07/27 18:18:09.532995] ---------- Test Plan 1 ----------
[2020/07/27 18:18:09.542987] [I][startTestPlan]---------- ZIGBEE_2450 Freq 2425 ----------
[2020/07/27 18:18:09.542987] [I][startTestPlan]---------- Measure Tx Start ----------
[2020/07/27 18:18:09.552969] [I][startTestPlan] Preset E6640A
[2020/07/27 18:18:10.622953] [I][startTestPlan] Success
[2020/07/27 18:18:10.622953] [I][startTestPlan] Set Tx Start
[2020/07/27 18:18:13.012983] [I][startTestPlan] Success
[2020/07/27 18:18:13.022951] [I][startTestPlan] Set DUT Tx
[2020/07/27 18:18:19.202993] [I][startTestPlan] Success
[2020/07/27 18:18:19.202993] [I][startTestPlan] Start DUT Tx
[2020/07/27 18:18:21.863092] [I][startTestPlan] Success
[2020/07/27 18:18:23.532948] [I][startTestPlan] 9.859, 10.208, 14.788
[2020/07/27 18:18:24.102995] [I][startTestPlan] 0.097
[2020/07/27 18:18:24.112990] [I][startTestPlan] Stop DUT Tx
[2020/07/27 18:18:25.012998] [I][startTestPlan] Success
[2020/07/27 18:18:25.022947] [I][startTestPlan] Calibration
[2020/07/27 18:18:25.022947] [I][startTestPlan] Calculate DUT Tx Power
[2020/07/27 18:18:25.032962] [I][startTestPlan] DUT Tx Power: -1
[2020/07/27 18:18:25.032962] [I][startTestPlan] Measure again
[2020/07/27 18:18:25.032962] [I][startTestPlan] Set DUT Tx
[2020/07/27 18:18:31.292995] [I][startTestPlan] Success
[2020/07/27 18:18:31.302983] [I][startTestPlan] Start DUT Tx
[2020/07/27 18:18:33.972990] [I][startTestPlan] Success
[2020/07/27 18:18:35.512979] [I][startTestPlan] 8.744, 10.201, 13.53
[2020/07/27 18:18:36.093556] [I][startTestPlan] 0.08
[2020/07/27 18:18:36.093556] [I][startTestPlan] Stop DUT Tx
[2020/07/27 18:18:36.982993] [I][startTestPlan] Success
[2020/07/27 18:18:36.992978] [I][startTestPlan] Power: 8.744 dBm
[2020/07/27 18:18:36.992978] [I][startTestPlan] Freq Err: 10.201 ppm
[2020/07/27 18:18:37.002943] [I][startTestPlan] EVM: 13.53 %
[2020/07/27 18:18:37.002943] [I][startTestPlan] Current: 0.08 A
[2020/07/27 18:18:37.002943] [I][startTestPlan] Check Tx Result
[2020/07/27 18:18:37.002943] [I][startBTTest] Tx Test Time: 27.46
[2020/07/27 18:18:37.012943] [I][startTestPlan]---------- ZIGBEE_2450 Freq 2455 ----------
[2020/07/27 18:18:37.012943] [I][startTestPlan]---------- Measure Tx Start ----------
[2020/07/27 18:18:37.022982] [I][startTestPlan] Preset E6640A
[2020/07/27 18:18:38.312943] [I][startTestPlan] Success
[2020/07/27 18:18:38.312943] [I][startTestPlan] Set Tx Start
[2020/07/27 18:18:40.722990] [I][startTestPlan] Success
[2020/07/27 18:18:40.722990] [I][startTestPlan] Set DUT Tx
[2020/07/27 18:18:46.992994] [I][startTestPlan] Success
[2020/07/27 18:18:47.002980] [I][startTestPlan] Start DUT Tx
[2020/07/27 18:18:49.702959] [I][startTestPlan] Success
[2020/07/27 18:18:51.332976] [I][startTestPlan] 9.482, 10.225, 13.847
[2020/07/27 18:18:51.902943] [I][startTestPlan] 0.08
[2020/07/27 18:18:51.912983] [I][startTestPlan] Stop DUT Tx
[2020/07/27 18:18:52.792996] [I][startTestPlan] Success
[2020/07/27 18:18:52.802966] [I][startTestPlan] Power: 9.482 dBm
[2020/07/27 18:18:52.802966] [I][startTestPlan] Freq Err: 10.225 ppm
[2020/07/27 18:18:52.802966] [I][startTestPlan] EVM: 13.847 %
[2020/07/27 18:18:52.812940] [I][startTestPlan] Current: 0.08 A
[2020/07/27 18:18:52.812940] [I][startTestPlan] Check Tx Result
[2020/07/27 18:18:52.812940] [I][startBTTest] Tx Test Time: 15.8
[2020/07/27 18:18:52.822939] [I][startTestPlan]---------- ZIGBEE_2450 Freq 2470 ----------
[2020/07/27 18:18:52.822939] [I][startTestPlan]---------- Measure Tx Start ----------
[2020/07/27 18:18:52.822939] [I][startTestPlan] Preset E6640A
[2020/07/27 18:18:54.112999] [I][startTestPlan] Success
[2020/07/27 18:18:54.112999] [I][startTestPlan] Set Tx Start
[2020/07/27 18:18:56.602939] [I][startTestPlan] Success
[2020/07/27 18:18:56.602939] [I][startTestPlan] Set DUT Tx
[2020/07/27 18:19:02.882989] [I][startTestPlan] Success
[2020/07/27 18:19:02.892936] [I][startTestPlan] Start DUT Tx
[2020/07/27 18:19:05.582970] [I][startTestPlan] Success
[2020/07/27 18:19:07.282970] [I][startTestPlan] 9.899, 10.23, 15.71
[2020/07/27 18:19:07.842936] [I][startTestPlan] 0.08
[2020/07/27 18:19:07.852975] [I][startTestPlan] Stop DUT Tx
[2020/07/27 18:19:08.733000] [I][startTestPlan] Success
[2020/07/27 18:19:08.742972] [I][startTestPlan] Calibration
[2020/07/27 18:19:08.742972] [I][startTestPlan] Calculate DUT Tx Power
[2020/07/27 18:19:08.752972] [I][startTestPlan] DUT Tx Power: -1
[2020/07/27 18:19:08.752972] [I][startTestPlan] Measure again
[2020/07/27 18:19:08.752972] [I][startTestPlan] Set DUT Tx
[2020/07/27 18:19:15.022982] [I][startTestPlan] Success
[2020/07/27 18:19:15.032993] [I][startTestPlan] Start DUT Tx
[2020/07/27 18:19:17.712931] [I][startTestPlan] Success
[2020/07/27 18:19:19.242931] [I][startTestPlan] 8.776, 10.219, 14.333
[2020/07/27 18:19:19.812975] [I][startTestPlan] 0.071
[2020/07/27 18:19:19.822976] [I][startTestPlan] Stop DUT Tx
[2020/07/27 18:19:20.722931] [I][startTestPlan] Success
[2020/07/27 18:19:20.722931] [I][startTestPlan] Power: 8.776 dBm
[2020/07/27 18:19:20.732966] [I][startTestPlan] Freq Err: 10.219 ppm
[2020/07/27 18:19:20.732966] [I][startTestPlan] EVM: 14.333 %
[2020/07/27 18:19:20.742932] [I][startTestPlan] Current: 0.071 A
[2020/07/27 18:19:20.742932] [I][startTestPlan] Check Tx Result
[2020/07/27 18:19:20.742932] [I][startBTTest] Tx Test Time: 27.92
[2020/07/27 18:19:20.752971] ---------- Test Plan 2 ----------
[2020/07/27 18:19:20.752971] [I][startTestPlan]---------- ZIGBEE_2450 Freq 2445 ----------
[2020/07/27 18:19:20.762931] [I][startTestPlan]---------- Measure Rx Start ----------
[2020/07/27 18:19:20.762931] [I][startTestPlan] Preset E6640A
[2020/07/27 18:19:22.052966] [I][startTestPlan] Success
[2020/07/27 18:19:22.052966] [I][startTestPlan]---------- LNA ON ----------
[2020/07/27 18:19:22.062931] [I][startTestPlan] Set Rx one tone
[2020/07/27 18:19:22.102931] [I][startTestPlan] Success
[2020/07/27 18:19:22.112965] [I][startTestPlan] Set DUT Rx
[2020/07/27 18:19:26.592968] [I][startTestPlan] Success
[2020/07/27 18:19:31.922983] [I][startTestPlan] Success
[2020/07/27 18:19:37.202926] [I][startTestPlan] Rx RSSI: -16 dBm
[2020/07/27 18:19:37.212961] [I][startTestPlan]---------- LNA OFF ----------
[2020/07/27 18:19:37.212961] [I][startTestPlan] Set Rx one tone
[2020/07/27 18:19:37.262964] [I][startTestPlan] Success
[2020/07/27 18:19:37.272978] [I][startTestPlan] Set DUT Rx
[2020/07/27 18:19:41.772975] [I][startTestPlan] Success
[2020/07/27 18:19:46.302926] [I][startTestPlan] Success
[2020/07/27 18:19:51.482973] [I][startTestPlan] Rx RSSI: -29 dBm
[2020/07/27 18:19:51.492958] [I][startTestPlan] Check Rx Result
[2020/07/27 18:19:51.502962] [W][startTestPlan] RSSI(LNA ON): -16 out of SPEC(Hi/Lo): -9.0 / -15.0
[2020/07/27 18:19:51.502962] [I][startBTTest] Rx Test Time: 30.75
[2020/07/27 18:33:25.925390] [I][pressCancelBtn] User click cancel button!
[2020/07/27 18:33:26.084060] [I][pressCancelBtn] User click cancel button!
[2020/07/27 18:33:26.362509] [I][TestResult] Test Fail! Test Zigbee FAIL
[2020/07/27 18:33:26.372477] ========== End MDUT ==========


