[2020/07/28 22:23:06][I][checkDatabaseONorNOT] Database running.
[2020/07/28 22:23:06][I][tryConnectDatabase] Connect to MariaDB GFI20 database success!!
[2020/07/28 22:23:06][I][tryConnectDatabase] Connect to MariaDB GFI20 database success!!
[2020/07/28 22:23:06][I][checkDatabaseONorNOT] Database running.
[2020/07/28 22:23:06][I][tryConnectDatabase] Connect to MariaDB GFI20 database success!!
[2020/07/28 22:23:06][I][tryConnectDatabase] Connect to MariaDB GFI20 database success!!
[2020/07/28 22:23:06][E][initialDatabase] UpdateDB.csv already exist.
[2020/07/28 22:23:13][I][WriteDataTocsv] Create new row with item GFI20Bootup.
[2020/07/28 22:23:13][I][WriteDataTocsv] Update complete.
[2020/07/28 22:23:13][WriteRFDataTocsv][I] Update testscript GFI20Bootup's data.
[2020/07/28 22:23:13][I][WriteRFDataTocsv] Update complete.
[2020/07/28 22:24:05][I][WriteDataTocsv] Create new row with item CountDown.
[2020/07/28 22:24:05][I][WriteDataTocsv] Update complete.
[2020/07/28 22:24:05][WriteRFDataTocsv][I] Update testscript CountDown's data.
[2020/07/28 22:24:05][I][WriteRFDataTocsv] Update complete.
[2020/07/28 22:24:34][I][WriteDataTocsv] Create new row with item GFI20_RF_Zigbee.
[2020/07/28 22:24:34][I][WriteDataTocsv] Update complete.
[2020/07/28 22:24:34][WriteRFDataTocsv][I] Update testscript GFI20_RF_Zigbee's data.
[2020/07/28 22:24:34][I][WriteRFDataTocsv] Update complete.
[2020/07/28 22:24:34]--------------------DBUploading start--------------------
[2020/07/28 22:24:34][I][uploadData] Projcet name: GFI20
[2020/07/28 22:24:34][I][uploadData] Station name: BRF
[2020/07/28 22:24:34][I][tryConnectDatabase] Connect to MariaDB GFI20 database success!!
[2020/07/28 22:24:34][I][uploadData] Write data into BRF_GFI20Bootup
[2020/07/28 22:24:34][I][uploadData] Write data into BRF_CountDown
[2020/07/28 22:24:34][I][uploadData] Write data into BRF_GFI20_RF_Zigbee
[2020/07/28 22:24:34][I][tryConnectDatabase] Connect to MariaDB GFI20_RF database success!!
[2020/07/28 22:24:34]---------- INI ----------
[2020/07/28 22:24:34][E][uploadData] Read MDUT.ini failed.
[2020/07/28 22:28:45][I][checkDatabaseONorNOT] Database running.
[2020/07/28 22:28:45][I][tryConnectDatabase] Connect to MariaDB GFI20 database success!!
[2020/07/28 22:28:45][I][tryConnectDatabase] Connect to MariaDB GFI20 database success!!
[2020/07/28 22:28:45][E][initialDatabase] UpdateDB.csv already exist.
[2020/07/28 22:28:45][I][checkDatabaseONorNOT] Database running.
[2020/07/28 22:28:45][I][tryConnectDatabase] Connect to MariaDB GFI20 database success!!
[2020/07/28 22:28:45][I][tryConnectDatabase] Connect to MariaDB GFI20 database success!!
[2020/07/28 22:28:45][E][initialDatabase] UpdateDB.csv already exist.
[2020/07/28 22:28:45][E][initialDatabase] RFDB.csv already exist.
[2020/07/28 22:28:53][I][WriteDataTocsv] Update item GFI20Bootup's data.
[2020/07/28 22:28:53][I][WriteDataTocsv] Update complete.
[2020/07/28 22:28:53][WriteRFDataTocsv][I] Update testscript GFI20Bootup's data.
[2020/07/28 22:28:53][I][WriteRFDataTocsv] Update complete.
[2020/07/28 22:29:45][I][WriteDataTocsv] Update item CountDown's data.
[2020/07/28 22:29:45][I][WriteDataTocsv] Update complete.
[2020/07/28 22:29:45][WriteRFDataTocsv][I] Update testscript CountDown's data.
[2020/07/28 22:29:45][I][WriteRFDataTocsv] Update complete.
[2020/07/28 22:31:39][WriteRFDataTocsv][I] Update testscript GFI20_RF_Zigbee's data.
[2020/07/28 22:31:39][I][WriteRFDataTocsv] Update complete.
[2020/07/28 22:31:39][WriteRFDataTocsv][I] Update testscript GFI20_RF_Zigbee's data.
[2020/07/28 22:31:39][I][WriteRFDataTocsv] Update complete.
[2020/07/28 22:31:39][WriteRFDataTocsv][I] Update testscript GFI20_RF_Zigbee's data.
[2020/07/28 22:31:40][I][WriteRFDataTocsv] Update complete.
[2020/07/28 22:31:40][WriteRFDataTocsv][I] Update testscript GFI20_RF_Zigbee's data.
[2020/07/28 22:31:40][I][WriteRFDataTocsv] Update complete.
[2020/07/28 22:31:40][WriteRFDataTocsv][I] Update testscript GFI20_RF_Zigbee's data.
[2020/07/28 22:31:40][I][WriteRFDataTocsv] Update complete.
[2020/07/28 22:31:43][I][WriteDataTocsv] Update item GFI20_RF_Zigbee's data.
[2020/07/28 22:31:43][I][WriteDataTocsv] Update complete.
[2020/07/28 22:31:43][WriteRFDataTocsv][I] Update testscript GFI20_RF_Zigbee's data.
[2020/07/28 22:31:43][I][WriteRFDataTocsv] Update complete.
[2020/07/28 22:33:04][WriteRFDataTocsv][I] Update testscript GFI20_RF_LTE's data.
[2020/07/28 22:33:04][I][WriteRFDataTocsv] Update complete.
[2020/07/28 22:33:04][WriteRFDataTocsv][I] Update testscript GFI20_RF_LTE's data.
[2020/07/28 22:33:04][I][WriteRFDataTocsv] Update complete.
[2020/07/28 22:33:04][WriteRFDataTocsv][I] Update testscript GFI20_RF_LTE's data.
[2020/07/28 22:33:04][I][WriteRFDataTocsv] Update complete.
[2020/07/28 22:33:04][WriteRFDataTocsv][I] Update testscript GFI20_RF_LTE's data.
[2020/07/28 22:33:05][I][WriteRFDataTocsv] Update complete.
[2020/07/28 22:33:07][I][WriteDataTocsv] Create new row with item GFI20_RF_LTE.
[2020/07/28 22:33:07][I][WriteDataTocsv] Update complete.
[2020/07/28 22:33:07][WriteRFDataTocsv][I] Update testscript GFI20_RF_LTE's data.
[2020/07/28 22:33:07][I][WriteRFDataTocsv] Update complete.
[2020/07/28 22:33:07]--------------------DBUploading start--------------------
[2020/07/28 22:33:07][I][uploadData] Projcet name: GFI20
[2020/07/28 22:33:07][I][uploadData] Station name: BRF
[2020/07/28 22:33:07][I][tryConnectDatabase] Connect to MariaDB GFI20 database success!!
[2020/07/28 22:33:07][I][uploadData] Write data into BRF_GFI20Bootup
[2020/07/28 22:33:07][I][uploadData] Write data into BRF_CountDown
[2020/07/28 22:33:07][I][uploadData] Write data into BRF_GFI20_RF_Zigbee
[2020/07/28 22:33:07][I][uploadData] Write data into BRF_GFI20_RF_LTE
[2020/07/28 22:33:07][I][tryConnectDatabase] Connect to MariaDB GFI20_RF database success!!
[2020/07/28 22:33:07][I][uploadData] Write data into BRF_GFI20_RF_Zigbee_ZIGBEE_2450_TX_FREQ2425_ANT1_Power
[2020/07/28 22:33:07][I][uploadData] Write data into BRF_GFI20_RF_Zigbee_ZIGBEE_2450_TX_FREQ2455_ANT1_Power
[2020/07/28 22:33:07][I][uploadData] Write data into BRF_GFI20_RF_Zigbee_ZIGBEE_2450_TX_FREQ2470_ANT1_Power
[2020/07/28 22:33:07][I][uploadData] Write data into BRF_GFI20_RF_Zigbee_ZIGBEE_2450_RX_FREQ2445_ANT1_LNAONRSSI
[2020/07/28 22:33:07][I][uploadData] Write data into BRF_GFI20_RF_Zigbee_ZIGBEE_2450_RX_FREQ2445_ANT1_LNAOFFRSSI
[2020/07/28 22:33:07][I][uploadData] Write data into BRF_GFI20_RF_LTE_LTE_3G_TX_FREQ897.4_ANT1_Power
[2020/07/28 22:33:07][I][uploadData] Write data into BRF_GFI20_RF_LTE_LTE_3G_TX_FREQ1950_ANT1_Power
[2020/07/28 22:33:07][I][uploadData] Write data into BRF_GFI20_RF_LTE_LTE_2G_TX_FREQ914.8_ANT1_Power
[2020/07/28 22:33:07][I][uploadData] Write data into BRF_GFI20_RF_LTE_LTE_2G_RX_FREQ959.8_ANT1_RSSI
[2020/07/28 22:33:07]---------- INI ----------
[2020/07/28 22:33:07][E][uploadData] Read MDUT.ini failed.
