[2020/07/28 22:23:06][I][getBOM] Get BOM Success!
[2020/07/28 22:23:06][I][getSKU] Get SKU from BOM: BOM_SKU, SKU name: 451AOD30L02
[2020/07/28 22:23:06][I][loadTestItemBySKU] Test Item List = (GFI20Bootup.py,1)(CountDown.py,1)(GFI20_RF_Zigbee,2)(GFI20_RF_LTE,1)
[2020/07/28 22:23:06][I][loadTestItemBySKU] Test Item List Element = ['GFI20Bootup.py,1', 'CountDown.py,1', 'GFI20_RF_Zigbee,2', 'GFI20_RF_LTE,1']
[2020/07/28 22:23:06][I][showTestingMsg] Waiting for testing...
[2020/07/28 22:23:06]---------- TestItem:GFI20Bootup.py  Method:1 ----------
[2020/07/28 22:23:06][I][runTestItem] Test start time: 2020/07/28 22:23:06
[2020/07/28 22:23:13][I][runTestItem] Test finished
[2020/07/28 22:23:13][I][checkTestResult] Version=3.0.0.3
[2020/07/28 22:23:13][I][checkTestResult] Result=Pass
[2020/07/28 22:23:13]*********************************************************
[2020/07/28 22:23:13]GFI20Bootup.py   3.0.0.3

[2020/07/28 22:23:13]			Result: Pass

[2020/07/28 22:23:13]			Method: 1

[2020/07/28 22:23:13]			Start: 2020/07/28 22:23:06

[2020/07/28 22:23:13]			End: 2020/07/28 22:23:13
[2020/07/28 22:23:13][I][runTestItem] Test end time: 2020/07/28 22:23:13
[2020/07/28 22:23:13]---------- TestItem:CountDown.py  Method:1 ----------
[2020/07/28 22:23:13][I][runTestItem] Test start time: 2020/07/28 22:23:13
[2020/07/28 22:24:05][I][runTestItem] Test finished
[2020/07/28 22:24:05][I][checkTestResult] Version=3.0.0.3
[2020/07/28 22:24:05][I][checkTestResult] Result=Pass
[2020/07/28 22:24:05]*********************************************************
[2020/07/28 22:24:05]CountDown.py   3.0.0.3

[2020/07/28 22:24:05]			Result: Pass

[2020/07/28 22:24:05]			Method: 1

[2020/07/28 22:24:05]			Start: 2020/07/28 22:23:13

[2020/07/28 22:24:05]			End: 2020/07/28 22:24:05
[2020/07/28 22:24:05][I][runTestItem] Test end time: 2020/07/28 22:24:05
[2020/07/28 22:24:05]---------- TestItem:GFI20_RF_Zigbee.py  Method:2 ----------
[2020/07/28 22:24:05][I][runTestItem] Test start time: 2020/07/28 22:24:05
[2020/07/28 22:24:34][I][runTestItem] Test finished
[2020/07/28 22:24:34][I][checkTestResult] Version=3.0.0.3
[2020/07/28 22:24:34][I][checkTestResult] Result=Fail
[2020/07/28 22:24:34][I][checkTestResult] Reason=Connect DUT fail
[2020/07/28 22:24:34][I][checkTestResult] EC=010000S01
[2020/07/28 22:24:34]*********************************************************
[2020/07/28 22:24:34]GFI20_RF_Zigbee.py   3.0.0.3

[2020/07/28 22:24:34]			Result: Fail

[2020/07/28 22:24:34]			Method: 2

[2020/07/28 22:24:34]			Start: 2020/07/28 22:24:05

[2020/07/28 22:24:34]			End: 2020/07/28 22:24:34
[2020/07/28 22:24:34]
			Fail Reason: Connect DUT fail
[2020/07/28 22:24:34][I][runTestItem] Test end time: 2020/07/28 22:24:34
[2020/07/28 22:24:35][I][runLastScript] Waiting for ending...
[2020/07/28 22:24:35]---------- TestItem:GFI20LastScript.py  Method:1 ----------
[2020/07/28 22:24:35][I][runLastScript] Test start time: 2020/07/28 22:24:35
[2020/07/28 22:24:57][I][runLastScript] Test finished
[2020/07/28 22:24:57][I][runLastScript] Test end time: 2020/07/28 22:24:57
[2020/07/28 22:24:57][I][checkTestResult] Version=3.0.0.6
[2020/07/28 22:24:57][I][checkTestResult] Result=Pass
[2020/07/28 22:24:57]*********************************************************
[2020/07/28 22:24:57]GFI20LastScript.py   3.0.0.6

[2020/07/28 22:24:57]			Result: Pass

[2020/07/28 22:24:57]			Method: 1

[2020/07/28 22:24:57]			Start: 2020/07/28 22:24:35

[2020/07/28 22:24:57]			End: 2020/07/28 22:24:57
[2020/07/28 22:24:57][I][finishTest] strSourcePath = D:\MDUT_Plus_3_0_0_15_GFI20_BRF_20200722_v1 SKU1\Log\Temp\5891801300060_0728222457
[2020/07/28 22:24:57][I][ZipAndUpload] Check if Dir to Zip is exist.
[2020/07/28 22:24:57][I][ZipAndUpload] Dir to Zip exist!
[2020/07/28 22:24:57][I][ZipAndUpload] Check if Path to Upload is exist.
[2020/07/28 22:24:57][E][ZipAndUpload] Error! Path to Upload does't exist. ()
[2020/07/28 22:26:10][I][btnLogUploadClick] self.strLogUploadPath = 
[2020/07/28 22:28:45][I][getBOM] Get BOM Success!
[2020/07/28 22:28:45][I][getSKU] Get SKU from BOM: BOM_SKU, SKU name: 451AOD30L02
[2020/07/28 22:28:45][I][loadTestItemBySKU] Test Item List = (GFI20Bootup.py,1)(CountDown.py,1)(GFI20_RF_Zigbee,2)(GFI20_RF_LTE,1)
[2020/07/28 22:28:45][I][loadTestItemBySKU] Test Item List Element = ['GFI20Bootup.py,1', 'CountDown.py,1', 'GFI20_RF_Zigbee,2', 'GFI20_RF_LTE,1']
[2020/07/28 22:28:45][I][showTestingMsg] Waiting for testing...
[2020/07/28 22:28:45]---------- TestItem:GFI20Bootup.py  Method:1 ----------
[2020/07/28 22:28:45][I][runTestItem] Test start time: 2020/07/28 22:28:45
[2020/07/28 22:28:53][I][runTestItem] Test finished
[2020/07/28 22:28:53][I][checkTestResult] Version=3.0.0.3
[2020/07/28 22:28:53][I][checkTestResult] Result=Pass
[2020/07/28 22:28:53]*********************************************************
[2020/07/28 22:28:53]GFI20Bootup.py   3.0.0.3

[2020/07/28 22:28:53]			Result: Pass

[2020/07/28 22:28:53]			Method: 1

[2020/07/28 22:28:53]			Start: 2020/07/28 22:28:45

[2020/07/28 22:28:53]			End: 2020/07/28 22:28:53
[2020/07/28 22:28:53][I][runTestItem] Test end time: 2020/07/28 22:28:53
[2020/07/28 22:28:53]---------- TestItem:CountDown.py  Method:1 ----------
[2020/07/28 22:28:53][I][runTestItem] Test start time: 2020/07/28 22:28:53
[2020/07/28 22:29:45][I][runTestItem] Test finished
[2020/07/28 22:29:45][I][checkTestResult] Version=3.0.0.3
[2020/07/28 22:29:45][I][checkTestResult] Result=Pass
[2020/07/28 22:29:45]*********************************************************
[2020/07/28 22:29:45]CountDown.py   3.0.0.3

[2020/07/28 22:29:45]			Result: Pass

[2020/07/28 22:29:45]			Method: 1

[2020/07/28 22:29:45]			Start: 2020/07/28 22:28:53

[2020/07/28 22:29:45]			End: 2020/07/28 22:29:45
[2020/07/28 22:29:45][I][runTestItem] Test end time: 2020/07/28 22:29:45
[2020/07/28 22:29:45]---------- TestItem:GFI20_RF_Zigbee.py  Method:2 ----------
[2020/07/28 22:29:45][I][runTestItem] Test start time: 2020/07/28 22:29:45
[2020/07/28 22:31:42][I][runTestItem] Test finished
[2020/07/28 22:31:42][I][checkTestResult] Version=3.0.0.3
[2020/07/28 22:31:42][I][checkTestResult] Result=Pass
[2020/07/28 22:31:42]*********************************************************
[2020/07/28 22:31:42]GFI20_RF_Zigbee.py   3.0.0.3

[2020/07/28 22:31:42]			Result: Pass

[2020/07/28 22:31:42]			Method: 2

[2020/07/28 22:31:42]			Start: 2020/07/28 22:29:45

[2020/07/28 22:31:43]			End: 2020/07/28 22:31:42
[2020/07/28 22:31:43][I][runTestItem] Test end time: 2020/07/28 22:31:43
[2020/07/28 22:31:43]---------- TestItem:GFI20_RF_LTE.py  Method:1 ----------
[2020/07/28 22:31:43][I][runTestItem] Test start time: 2020/07/28 22:31:43
[2020/07/28 22:33:07][I][runTestItem] Test finished
[2020/07/28 22:33:07][I][checkTestResult] Version=3.0.0.11
[2020/07/28 22:33:07][I][checkTestResult] Result=Pass
[2020/07/28 22:33:07]*********************************************************
[2020/07/28 22:33:07]GFI20_RF_LTE.py   3.0.0.11

[2020/07/28 22:33:07]			Result: Pass

[2020/07/28 22:33:07]			Method: 1

[2020/07/28 22:33:07]			Start: 2020/07/28 22:31:43

[2020/07/28 22:33:07]			End: 2020/07/28 22:33:07
[2020/07/28 22:33:07][I][runTestItem] Test end time: 2020/07/28 22:33:07
[2020/07/28 22:33:08][I][runLastScript] Waiting for ending...
[2020/07/28 22:33:08]---------- TestItem:GFI20LastScript.py  Method:1 ----------
[2020/07/28 22:33:08][I][runLastScript] Test start time: 2020/07/28 22:33:08
[2020/07/28 22:33:28][I][runLastScript] Test finished
[2020/07/28 22:33:28][I][runLastScript] Test end time: 2020/07/28 22:33:28
[2020/07/28 22:33:28][I][checkTestResult] Version=3.0.0.6
[2020/07/28 22:33:28][I][checkTestResult] Result=Pass
[2020/07/28 22:33:28]*********************************************************
[2020/07/28 22:33:28]GFI20LastScript.py   3.0.0.6

[2020/07/28 22:33:28]			Result: Pass

[2020/07/28 22:33:28]			Method: 1

[2020/07/28 22:33:28]			Start: 2020/07/28 22:33:08

[2020/07/28 22:33:28]			End: 2020/07/28 22:33:28
[2020/07/28 22:33:28][I][processSFISUploadPass] No SFIS RecordInfo
[2020/07/28 22:33:30][I][processSFISUploadPass] Upload pass Success!
