[2020/07/28 22:29:47.752028]========== Start ==========
[2020/07/28 22:29:47.755080][I][class_E6640A_ZIGBEE] Initial class_E6640A_ZIGBEE
[2020/07/28 22:29:47.757087][I][class_E6640A_ZIGBEE] Version: 3.0.0.2
[2020/07/28 22:29:47.763090][I][connect_E6640A] Connect to E6640A
[2020/07/28 22:29:47.774086][I][connect_E6640A] Resource Manager of Visa Library at C:\Windows\system32\visa32.dll
[2020/07/28 22:29:47.858814][I][queryEx] E6640A <= *IDN?
[2020/07/28 22:29:47.865829][I][queryEx] E6640A => Keysight Technologies,E6640A,MY57150246,E.19.71
[2020/07/28 22:29:47.867899][I][set_Preset] System reset
[2020/07/28 22:29:47.872049][I][writeEx] E6640A <= *RST
[2020/07/28 22:29:47.874126][I][writeEx] E6640A <= *CLS
[2020/07/28 22:29:47.878831][I][writeEx] E6640A <= SYST:PRES
[2020/07/28 22:29:48.183627][I][queryEx] E6640A <= *OPC?
[2020/07/28 22:29:48.705529][I][queryEx] E6640A => 1
[2020/07/28 22:29:48.716544][I][set_Preset] System reset
[2020/07/28 22:29:48.718592][I][writeEx] E6640A <= *RST
[2020/07/28 22:29:48.721593][I][writeEx] E6640A <= *CLS
[2020/07/28 22:29:48.724915][I][writeEx] E6640A <= SYST:PRES
[2020/07/28 22:29:49.028821][I][queryEx] E6640A <= *OPC?
[2020/07/28 22:29:49.561125][I][queryEx] E6640A => 1
[2020/07/28 22:29:49.912014][I][set_Preset] System reset
[2020/07/28 22:29:49.914022][I][writeEx] E6640A <= *RST
[2020/07/28 22:29:49.918033][I][writeEx] E6640A <= *CLS
[2020/07/28 22:29:49.921040][I][writeEx] E6640A <= SYST:PRES
[2020/07/28 22:29:50.225153][I][queryEx] E6640A <= *OPC?
[2020/07/28 22:29:50.724265][I][queryEx] E6640A => 1
[2020/07/28 22:29:50.739136][I][set_Tx_Start] Set Tx start
[2020/07/28 22:29:50.742245][I][set_RFI_Port] Set input port
[2020/07/28 22:29:50.744291][I][writeEx] E6640A <= :FEED:RF:PORT:INPut RFIO1
[2020/07/28 22:29:50.748153][I][queryEx] E6640A <= :FEED:RF:PORT:INPut?
[2020/07/28 22:29:50.753202][I][queryEx] E6640A => RFIO1
[2020/07/28 22:29:50.756214][I][set_Modulation_Analysis] Set measurement function
[2020/07/28 22:29:50.760223][I][writeEx] E6640A <= INST:SEL VSA
[2020/07/28 22:29:51.064556][I][queryEx] E6640A <= *OPC?
[2020/07/28 22:29:51.071654][I][queryEx] E6640A => 1
[2020/07/28 22:29:51.076675][I][queryEx] E6640A <= INST:SEL?
[2020/07/28 22:29:51.082123][I][queryEx] E6640A => VSA
[2020/07/28 22:29:51.088145][I][writeEx] E6640A <= :CONFigure:DDEMod
[2020/07/28 22:29:51.393096][I][queryEx] E6640A <= *OPC?
[2020/07/28 22:29:51.572909][I][queryEx] E6640A => 1
[2020/07/28 22:29:51.576922][I][init_Zigbee_Mode] Initial Zigbee mode
[2020/07/28 22:29:51.579931][I][writeEx] E6640A <= :DDEM:STAN:PRES ZIGBEE2450
[2020/07/28 22:29:51.885562][I][queryEx] E6640A <= *OPC?
[2020/07/28 22:29:51.895510][I][queryEx] E6640A => 1
[2020/07/28 22:29:51.899523][I][set_Continue] Set continue
[2020/07/28 22:29:51.902920][I][writeEx] E6640A <= :INIT:CONT ON
[2020/07/28 22:29:51.905931][I][set_Freq] Set frequence
[2020/07/28 22:29:51.908940][I][writeEx] E6640A <= :FREQuency:CENTer 2425.0 MHz
[2020/07/28 22:29:51.913282][I][set_XScale_Span] Set frequence span
[2020/07/28 22:29:51.916080][I][writeEx] E6640A <= :FREQuency:SPAN 10000.000000 KHZ
[2020/07/28 22:29:51.920093][I][set_Power_Range] Get power range
[2020/07/28 22:29:51.923708][I][writeEx] E6640A <= :POW:RANG 20.000000
[2020/07/28 22:29:51.925716][I][set_Symbol_Rate] Get symbol rate
[2020/07/28 22:29:51.930731][I][writeEx] E6640A <= :DDEMod:SRATe 1000.000000 kHz
[2020/07/28 22:29:51.933737][I][set_Meas_Interval] Get meas interval
[2020/07/28 22:29:51.936746][I][writeEx] E6640A <= :DDEMod:SWEep:POINts 500
[2020/07/28 22:29:51.940801][I][set_Zigbee_TX_BandPower] Set marker function
[2020/07/28 22:29:51.944743][I][writeEx] E6640A <= CALC:DDEMod:MARK1:MODE POS
[2020/07/28 22:29:51.946751][I][writeEx] E6640A <= CALC:DDEMod:MARK1:TRAC 2
[2020/07/28 22:29:51.951767][I][writeEx] E6640A <= CALC:DDEMod:MARK1:FUNC BPOW
[2020/07/28 22:29:51.954772][I][writeEx] E6640A <= CALC:DDEMod:MARK1:FUNC:BPOW:CTYP MEAN
[2020/07/28 22:29:51.958782][I][writeEx] E6640A <= CALC:DDEMod:MARK1:FUNC:BAND:CENT 2425000000.000000
[2020/07/28 22:29:52.264480][I][queryEx] E6640A <= *OPC?
[2020/07/28 22:29:52.275332][I][queryEx] E6640A => 1
[2020/07/28 22:29:52.280348][I][queryEx] E6640A <= CALC:DDEMod:MARK1:FUNC:BAND:CENT?
[2020/07/28 22:29:52.285966][I][queryEx] E6640A => 2.425000000E+09
[2020/07/28 22:29:52.289977][I][writeEx] E6640A <= CALC:DDEMod:MARK1:FUNC:BAND:SPAN 10000000.000000
[2020/07/28 22:29:52.594315][I][queryEx] E6640A <= *OPC?
[2020/07/28 22:29:52.605658][I][queryEx] E6640A => 1
[2020/07/28 22:29:52.609672][I][set_Trigger_Video] Set trigger video
[2020/07/28 22:29:52.613682][I][writeEx] E6640A <= TRIG:DDEM:SOUR VID
[2020/07/28 22:29:52.919344][I][queryEx] E6640A <= *OPC?
[2020/07/28 22:29:52.930329][I][queryEx] E6640A => 1
[2020/07/28 22:29:52.934379][I][set_Trigger_Level] Set trigger level
[2020/07/28 22:29:52.938375][I][writeEx] E6640A <= :TRIGger:VIDeo:LEVel 30.000000 mV
[2020/07/28 22:29:52.942406][I][set_Trigger_Delay] Set trigger delay
[2020/07/28 22:29:52.946163][I][writeEx] E6640A <= :TRIGger:VIDeo:DELay:STATe ON
[2020/07/28 22:29:52.949213][I][queryEx] E6640A <= :TRIGger:VIDeo:DELay:STATe?
[2020/07/28 22:29:53.009332][I][queryEx] E6640A => 1
[2020/07/28 22:29:53.016355][I][writeEx] E6640A <= :TRIGger:VIDeo:DELay:STATe ON
[2020/07/28 22:29:53.022927][I][writeEx] E6640A <= :TRIGger:VIDeo:DELay 0.300000 ms
[2020/07/28 22:29:53.025975][I][init_Trigger_Reg] Initial trigger status register
[2020/07/28 22:29:53.030996][I][writeEx] E6640A <= *CLS
[2020/07/28 22:29:53.034961][I][writeEx] E6640A <= :STATus:PRESet
[2020/07/28 22:29:53.038972][I][writeEx] E6640A <= *SRE 192
[2020/07/28 22:29:53.043525][I][writeEx] E6640A <= :STATus:OPERation:ENABle 32
[2020/07/28 22:29:53.046536][I][writeEx] E6640A <= *CLS
[2020/07/28 22:29:53.051620][I][queryEx] E6640A <= *STB?
[2020/07/28 22:29:53.094286][I][queryEx] E6640A => 0
[2020/07/28 22:29:53.099353][I][init_Trigger_Reg] Status: 0
[2020/07/28 22:30:02.048037][I][chk_Tx_Result] Check Tx result
[2020/07/28 22:30:02.053028][I][get_Trigger_Status] Get trigger status
[2020/07/28 22:30:02.057002][I][queryEx] E6640A <= *STB?
[2020/07/28 22:30:02.064065][I][queryEx] E6640A => 192
[2020/07/28 22:30:02.068055][I][get_Trigger_Status] Status: 192
[2020/07/28 22:30:02.073096]Is triggered!
[2020/07/28 22:30:02.077079][I][writeEx] E6640A <= *CLS
[2020/07/28 22:30:02.083096][I][set_Continue] Set continue
[2020/07/28 22:30:02.087104][I][writeEx] E6640A <= :INIT:CONT ON
[2020/07/28 22:30:02.193084][I][set_Single] Set single
[2020/07/28 22:30:02.201158][I][writeEx] E6640A <= :INIT:CONT OFF
[2020/07/28 22:30:02.205211][I][set_Zigbee_TX_BandPower] Set marker function
[2020/07/28 22:30:02.209408][I][writeEx] E6640A <= CALC:DDEMod:MARK1:MODE POS
[2020/07/28 22:30:02.212458][I][writeEx] E6640A <= CALC:DDEMod:MARK1:TRAC 2
[2020/07/28 22:30:02.217736][I][writeEx] E6640A <= CALC:DDEMod:MARK1:FUNC BPOW
[2020/07/28 22:30:02.220755][I][writeEx] E6640A <= CALC:DDEMod:MARK1:FUNC:BPOW:CTYP MEAN
[2020/07/28 22:30:02.224783][I][writeEx] E6640A <= CALC:DDEMod:MARK1:FUNC:BAND:CENT 2425000000.000000
[2020/07/28 22:30:02.530563][I][queryEx] E6640A <= *OPC?
[2020/07/28 22:30:02.541466][I][queryEx] E6640A => 1
[2020/07/28 22:30:02.545515][I][queryEx] E6640A <= CALC:DDEMod:MARK1:FUNC:BAND:CENT?
[2020/07/28 22:30:02.552775][I][queryEx] E6640A => 2.425000000E+09
[2020/07/28 22:30:02.555822][I][writeEx] E6640A <= CALC:DDEMod:MARK1:FUNC:BAND:SPAN 10000000.000000
[2020/07/28 22:30:02.861475][I][queryEx] E6640A <= *OPC?
[2020/07/28 22:30:02.872250][I][queryEx] E6640A => 1
[2020/07/28 22:30:02.876266][I][get_Power] Get Tx power
[2020/07/28 22:30:02.879273][I][queryEx] E6640A <= :CALC:DDEMod:MARK1:Y?
[2020/07/28 22:30:02.886269][I][queryEx] E6640A => 1.823689340E+00
[2020/07/28 22:30:02.889280][I][chk_Tx_Result] Tx power(add loss: 8.200000) = 10.024000 dBm
[2020/07/28 22:30:02.894237][I][read_DDEMod_Array] Read measurement result
[2020/07/28 22:30:02.897752][I][queryEx] E6640A <= :READ:DDEMod?
[2020/07/28 22:30:03.050402][I][queryEx] E6640A => 1.356271553E+01,3.802418900E+01,2.230000000E+02,3.229433298E+00,1.258582306E+01,4.230000000E+02,9.91E+37,9.91E+37,9.91E+37,5.525450110E-01,-1.089000702E+00,4.150000000E+02,1.103505230E+01,3.103582573E+01,2.230000000E+02,2.843749414E+04,9.91E+37,9.91E+37,9.91E+37,9.91E+37,9.91E+37,-4.280926514E+01,9.91E+37,9.634940624E-01,2.587393858E-02,3.461510539E-01,9.91E+37,9.91E+37,9.91E+37,9.91E+37,9.91E+37,9.91E+37,9.91E+37,9.91E+37,9.91E+37,9.91E+37,9.91E+37,9.91E+37,9.91E+37,9.91E+37,9.91E+37,9.91E+37,9.91E+37,9.91E+37,9.91E+37,9.91E+37,9.91E+37,9.91E+37,9.91E+37,9.91E+37,9.91E+37,9.91E+37,9.91E+37,9.91E+37,9.91E+37,9.91E+37,9.91E+37,9.91E+37,9.91E+37,9.91E+37,9.91E+37,6.065320689E-03,-3.947244957E-03
[2020/07/28 22:30:03.066039][I][set_Continue] Set continue
[2020/07/28 22:30:03.074888][I][writeEx] E6640A <= :INIT:CONT ON
[2020/07/28 22:30:13.515971][I][chk_Tx_Result] Check Tx result
[2020/07/28 22:30:13.523997][I][get_Trigger_Status] Get trigger status
[2020/07/28 22:30:13.528045][I][queryEx] E6640A <= *STB?
[2020/07/28 22:30:13.535035][I][queryEx] E6640A => 192
[2020/07/28 22:30:13.539638][I][get_Trigger_Status] Status: 192
[2020/07/28 22:30:13.543649]Is triggered!
[2020/07/28 22:30:13.548696][I][writeEx] E6640A <= *CLS
[2020/07/28 22:30:13.553527][I][set_Continue] Set continue
[2020/07/28 22:30:13.557553][I][writeEx] E6640A <= :INIT:CONT ON
[2020/07/28 22:30:13.663310][I][set_Single] Set single
[2020/07/28 22:30:13.678790][I][writeEx] E6640A <= :INIT:CONT OFF
[2020/07/28 22:30:13.686816][I][set_Zigbee_TX_BandPower] Set marker function
[2020/07/28 22:30:13.691086][I][writeEx] E6640A <= CALC:DDEMod:MARK1:MODE POS
[2020/07/28 22:30:13.695135][I][writeEx] E6640A <= CALC:DDEMod:MARK1:TRAC 2
[2020/07/28 22:30:13.700112][I][writeEx] E6640A <= CALC:DDEMod:MARK1:FUNC BPOW
[2020/07/28 22:30:13.705330][I][writeEx] E6640A <= CALC:DDEMod:MARK1:FUNC:BPOW:CTYP MEAN
[2020/07/28 22:30:13.709383][I][writeEx] E6640A <= CALC:DDEMod:MARK1:FUNC:BAND:CENT 2425000000.000000
[2020/07/28 22:30:14.014535][I][queryEx] E6640A <= *OPC?
[2020/07/28 22:30:14.026119][I][queryEx] E6640A => 1
[2020/07/28 22:30:14.030211][I][queryEx] E6640A <= CALC:DDEMod:MARK1:FUNC:BAND:CENT?
[2020/07/28 22:30:14.036288][I][queryEx] E6640A => 2.425000000E+09
[2020/07/28 22:30:14.040707][I][writeEx] E6640A <= CALC:DDEMod:MARK1:FUNC:BAND:SPAN 10000000.000000
[2020/07/28 22:30:14.345703][I][queryEx] E6640A <= *OPC?
[2020/07/28 22:30:14.356745][I][queryEx] E6640A => 1
[2020/07/28 22:30:14.361303][I][get_Power] Get Tx power
[2020/07/28 22:30:14.364354][I][queryEx] E6640A <= :CALC:DDEMod:MARK1:Y?
[2020/07/28 22:30:14.372493][I][queryEx] E6640A => 3.329279841E-01
[2020/07/28 22:30:14.376505][I][chk_Tx_Result] Tx power(add loss: 8.200000) = 8.533000 dBm
[2020/07/28 22:30:14.381321][I][read_DDEMod_Array] Read measurement result
[2020/07/28 22:30:14.384358][I][queryEx] E6640A <= :READ:DDEMod?
[2020/07/28 22:30:14.637802][I][queryEx] E6640A => 1.409712219E+01,4.011535263E+01,4.220000000E+02,3.397772789E+00,1.393692780E+01,4.230000000E+02,9.91E+37,9.91E+37,9.91E+37,2.630759180E-01,-8.127570152E-01,9.100000000E+01,1.148364830E+01,-3.297854996E+01,4.220000000E+02,2.837806055E+04,9.91E+37,9.91E+37,9.91E+37,9.91E+37,9.91E+37,-5.445926666E+01,9.91E+37,9.606284499E-01,-8.484029025E-02,2.607336640E-01,9.91E+37,9.91E+37,9.91E+37,9.91E+37,9.91E+37,9.91E+37,9.91E+37,9.91E+37,9.91E+37,9.91E+37,9.91E+37,9.91E+37,9.91E+37,9.91E+37,9.91E+37,9.91E+37,9.91E+37,9.91E+37,9.91E+37,9.91E+37,9.91E+37,9.91E+37,9.91E+37,9.91E+37,9.91E+37,9.91E+37,9.91E+37,9.91E+37,9.91E+37,9.91E+37,9.91E+37,9.91E+37,9.91E+37,9.91E+37,9.91E+37,1.861356548E-03,3.419388086E-04
[2020/07/28 22:30:14.644831][I][set_Continue] Set continue
[2020/07/28 22:30:14.649872][I][writeEx] E6640A <= :INIT:CONT ON
[2020/07/28 22:30:16.102640][I][set_Preset] System reset
[2020/07/28 22:30:16.108685][I][writeEx] E6640A <= *RST
[2020/07/28 22:30:16.115410][I][writeEx] E6640A <= *CLS
[2020/07/28 22:30:16.120430][I][writeEx] E6640A <= SYST:PRES
[2020/07/28 22:30:16.425341][I][queryEx] E6640A <= *OPC?
[2020/07/28 22:30:17.291175][I][queryEx] E6640A => 1
[2020/07/28 22:30:17.308945][I][set_Tx_Start] Set Tx start
[2020/07/28 22:30:17.311956][I][set_RFI_Port] Set input port
[2020/07/28 22:30:17.316969][I][writeEx] E6640A <= :FEED:RF:PORT:INPut RFIO1
[2020/07/28 22:30:17.321250][I][queryEx] E6640A <= :FEED:RF:PORT:INPut?
[2020/07/28 22:30:17.327436][I][queryEx] E6640A => RFIO1
[2020/07/28 22:30:17.331824][I][set_Modulation_Analysis] Set measurement function
[2020/07/28 22:30:17.335837][I][writeEx] E6640A <= INST:SEL VSA
[2020/07/28 22:30:17.641683][I][queryEx] E6640A <= *OPC?
[2020/07/28 22:30:17.653539][I][queryEx] E6640A => 1
[2020/07/28 22:30:17.659432][I][queryEx] E6640A <= INST:SEL?
[2020/07/28 22:30:17.666452][I][queryEx] E6640A => VSA
[2020/07/28 22:30:17.670501][I][writeEx] E6640A <= :CONFigure:DDEMod
[2020/07/28 22:30:17.977781][I][queryEx] E6640A <= *OPC?
[2020/07/28 22:30:18.147542][I][queryEx] E6640A => 1
[2020/07/28 22:30:18.156572][I][init_Zigbee_Mode] Initial Zigbee mode
[2020/07/28 22:30:18.163591][I][writeEx] E6640A <= :DDEM:STAN:PRES ZIGBEE2450
[2020/07/28 22:30:18.469906][I][queryEx] E6640A <= *OPC?
[2020/07/28 22:30:18.481487][I][queryEx] E6640A => 1
[2020/07/28 22:30:18.485500][I][set_Continue] Set continue
[2020/07/28 22:30:18.490555][I][writeEx] E6640A <= :INIT:CONT ON
[2020/07/28 22:30:18.495666][I][set_Freq] Set frequence
[2020/07/28 22:30:18.498679][I][writeEx] E6640A <= :FREQuency:CENTer 2455.0 MHz
[2020/07/28 22:30:18.503689][I][set_XScale_Span] Set frequence span
[2020/07/28 22:30:18.507699][I][writeEx] E6640A <= :FREQuency:SPAN 10000.000000 KHZ
[2020/07/28 22:30:18.513083][I][set_Power_Range] Get power range
[2020/07/28 22:30:18.516143][I][writeEx] E6640A <= :POW:RANG 20.000000
[2020/07/28 22:30:18.522148][I][set_Symbol_Rate] Get symbol rate
[2020/07/28 22:30:18.526131][I][writeEx] E6640A <= :DDEMod:SRATe 1000.000000 kHz
[2020/07/28 22:30:18.530130][I][set_Meas_Interval] Get meas interval
[2020/07/28 22:30:18.534178][I][writeEx] E6640A <= :DDEMod:SWEep:POINts 500
[2020/07/28 22:30:18.539154][I][set_Zigbee_TX_BandPower] Set marker function
[2020/07/28 22:30:18.543951][I][writeEx] E6640A <= CALC:DDEMod:MARK1:MODE POS
[2020/07/28 22:30:18.547963][I][writeEx] E6640A <= CALC:DDEMod:MARK1:TRAC 2
[2020/07/28 22:30:18.550973][I][writeEx] E6640A <= CALC:DDEMod:MARK1:FUNC BPOW
[2020/07/28 22:30:18.555986][I][writeEx] E6640A <= CALC:DDEMod:MARK1:FUNC:BPOW:CTYP MEAN
[2020/07/28 22:30:18.560046][I][writeEx] E6640A <= CALC:DDEMod:MARK1:FUNC:BAND:CENT 2455000000.000000
[2020/07/28 22:30:18.866213][I][queryEx] E6640A <= *OPC?
[2020/07/28 22:30:18.877222][I][queryEx] E6640A => 1
[2020/07/28 22:30:18.882240][I][queryEx] E6640A <= CALC:DDEMod:MARK1:FUNC:BAND:CENT?
[2020/07/28 22:30:18.890300][I][queryEx] E6640A => 2.455000000E+09
[2020/07/28 22:30:18.894275][I][writeEx] E6640A <= CALC:DDEMod:MARK1:FUNC:BAND:SPAN 10000000.000000
[2020/07/28 22:30:19.199693][I][queryEx] E6640A <= *OPC?
[2020/07/28 22:30:19.211843][I][queryEx] E6640A => 1
[2020/07/28 22:30:19.215857][I][set_Trigger_Video] Set trigger video
[2020/07/28 22:30:19.218900][I][writeEx] E6640A <= TRIG:DDEM:SOUR VID
[2020/07/28 22:30:19.525717][I][queryEx] E6640A <= *OPC?
[2020/07/28 22:30:19.536760][I][queryEx] E6640A => 1
[2020/07/28 22:30:19.540774][I][set_Trigger_Level] Set trigger level
[2020/07/28 22:30:19.544785][I][writeEx] E6640A <= :TRIGger:VIDeo:LEVel 30.000000 mV
[2020/07/28 22:30:19.549753][I][set_Trigger_Delay] Set trigger delay
[2020/07/28 22:30:19.552763][I][writeEx] E6640A <= :TRIGger:VIDeo:DELay:STATe ON
[2020/07/28 22:30:19.558232][I][queryEx] E6640A <= :TRIGger:VIDeo:DELay:STATe?
[2020/07/28 22:30:19.615460][I][queryEx] E6640A => 1
[2020/07/28 22:30:19.621640][I][writeEx] E6640A <= :TRIGger:VIDeo:DELay:STATe ON
[2020/07/28 22:30:19.627660][I][writeEx] E6640A <= :TRIGger:VIDeo:DELay 0.300000 ms
[2020/07/28 22:30:19.633092][I][init_Trigger_Reg] Initial trigger status register
[2020/07/28 22:30:19.638779][I][writeEx] E6640A <= *CLS
[2020/07/28 22:30:19.644840][I][writeEx] E6640A <= :STATus:PRESet
[2020/07/28 22:30:19.650683][I][writeEx] E6640A <= *SRE 192
[2020/07/28 22:30:19.654695][I][writeEx] E6640A <= :STATus:OPERation:ENABle 32
[2020/07/28 22:30:19.659714][I][writeEx] E6640A <= *CLS
[2020/07/28 22:30:19.664984][I][queryEx] E6640A <= *STB?
[2020/07/28 22:30:19.698974][I][queryEx] E6640A => 0
[2020/07/28 22:30:19.703990][I][init_Trigger_Reg] Status: 0
[2020/07/28 22:30:28.730987][I][chk_Tx_Result] Check Tx result
[2020/07/28 22:30:28.738957][I][get_Trigger_Status] Get trigger status
[2020/07/28 22:30:28.744007][I][queryEx] E6640A <= *STB?
[2020/07/28 22:30:28.751200][I][queryEx] E6640A => 192
[2020/07/28 22:30:28.756011][I][get_Trigger_Status] Status: 192
[2020/07/28 22:30:28.760024]Is triggered!
[2020/07/28 22:30:28.764037][I][writeEx] E6640A <= *CLS
[2020/07/28 22:30:28.769995][I][set_Continue] Set continue
[2020/07/28 22:30:28.774008][I][writeEx] E6640A <= :INIT:CONT ON
[2020/07/28 22:30:28.880204][I][set_Single] Set single
[2020/07/28 22:30:28.896083][I][writeEx] E6640A <= :INIT:CONT OFF
[2020/07/28 22:30:28.904608][I][set_Zigbee_TX_BandPower] Set marker function
[2020/07/28 22:30:28.908620][I][writeEx] E6640A <= CALC:DDEMod:MARK1:MODE POS
[2020/07/28 22:30:28.913827][I][writeEx] E6640A <= CALC:DDEMod:MARK1:TRAC 2
[2020/07/28 22:30:28.917839][I][writeEx] E6640A <= CALC:DDEMod:MARK1:FUNC BPOW
[2020/07/28 22:30:28.922853][I][writeEx] E6640A <= CALC:DDEMod:MARK1:FUNC:BPOW:CTYP MEAN
[2020/07/28 22:30:28.926900][I][writeEx] E6640A <= CALC:DDEMod:MARK1:FUNC:BAND:CENT 2455000000.000000
[2020/07/28 22:30:29.233448][I][queryEx] E6640A <= *OPC?
[2020/07/28 22:30:29.244480][I][queryEx] E6640A => 1
[2020/07/28 22:30:29.249501][I][queryEx] E6640A <= CALC:DDEMod:MARK1:FUNC:BAND:CENT?
[2020/07/28 22:30:29.255521][I][queryEx] E6640A => 2.455000000E+09
[2020/07/28 22:30:29.260365][I][writeEx] E6640A <= CALC:DDEMod:MARK1:FUNC:BAND:SPAN 10000000.000000
[2020/07/28 22:30:29.565607][I][queryEx] E6640A <= *OPC?
[2020/07/28 22:30:29.576804][I][queryEx] E6640A => 1
[2020/07/28 22:30:29.582065][I][get_Power] Get Tx power
[2020/07/28 22:30:29.586083][I][queryEx] E6640A <= :CALC:DDEMod:MARK1:Y?
[2020/07/28 22:30:29.593487][I][queryEx] E6640A => 1.921392465E+00
[2020/07/28 22:30:29.598496][I][chk_Tx_Result] Tx power(add loss: 8.900000) = 10.821000 dBm
[2020/07/28 22:30:29.602706][I][read_DDEMod_Array] Read measurement result
[2020/07/28 22:30:29.606721][I][queryEx] E6640A <= :READ:DDEMod?
[2020/07/28 22:30:29.864971][I][queryEx] E6640A => 1.357455444E+01,4.487968826E+01,1.500000000E+01,3.538288832E+00,1.728675842E+01,2.230000000E+02,9.91E+37,9.91E+37,9.91E+37,3.718379736E-01,-9.827554226E-01,1.740000000E+02,1.106872559E+01,-3.700143814E+01,1.500000000E+01,2.869805859E+04,9.91E+37,9.91E+37,9.91E+37,9.91E+37,9.91E+37,-5.590350342E+01,9.91E+37,9.634780288E-01,-9.569300711E-02,1.753749400E-01,9.91E+37,9.91E+37,9.91E+37,9.91E+37,9.91E+37,9.91E+37,9.91E+37,9.91E+37,9.91E+37,9.91E+37,9.91E+37,9.91E+37,9.91E+37,9.91E+37,9.91E+37,9.91E+37,9.91E+37,9.91E+37,9.91E+37,9.91E+37,9.91E+37,9.91E+37,9.91E+37,9.91E+37,9.91E+37,9.91E+37,9.91E+37,9.91E+37,9.91E+37,9.91E+37,9.91E+37,9.91E+37,9.91E+37,9.91E+37,9.91E+37,1.318753930E-03,9.106105426E-04
[2020/07/28 22:30:29.874002][I][set_Continue] Set continue
[2020/07/28 22:30:29.878013][I][writeEx] E6640A <= :INIT:CONT ON
[2020/07/28 22:30:40.392779][I][chk_Tx_Result] Check Tx result
[2020/07/28 22:30:40.401238][I][get_Trigger_Status] Get trigger status
[2020/07/28 22:30:40.405251][I][queryEx] E6640A <= *STB?
[2020/07/28 22:30:40.412581][I][queryEx] E6640A => 192
[2020/07/28 22:30:40.416658][I][get_Trigger_Status] Status: 192
[2020/07/28 22:30:40.421607]Is triggered!
[2020/07/28 22:30:40.425621][I][writeEx] E6640A <= *CLS
[2020/07/28 22:30:40.431633][I][set_Continue] Set continue
[2020/07/28 22:30:40.436648][I][writeEx] E6640A <= :INIT:CONT ON
[2020/07/28 22:30:40.542071][I][set_Single] Set single
[2020/07/28 22:30:40.557119][I][writeEx] E6640A <= :INIT:CONT OFF
[2020/07/28 22:30:40.569445][I][set_Zigbee_TX_BandPower] Set marker function
[2020/07/28 22:30:40.574459][I][writeEx] E6640A <= CALC:DDEMod:MARK1:MODE POS
[2020/07/28 22:30:40.578506][I][writeEx] E6640A <= CALC:DDEMod:MARK1:TRAC 2
[2020/07/28 22:30:40.583560][I][writeEx] E6640A <= CALC:DDEMod:MARK1:FUNC BPOW
[2020/07/28 22:30:40.588495][I][writeEx] E6640A <= CALC:DDEMod:MARK1:FUNC:BPOW:CTYP MEAN
[2020/07/28 22:30:40.593551][I][writeEx] E6640A <= CALC:DDEMod:MARK1:FUNC:BAND:CENT 2455000000.000000
[2020/07/28 22:30:40.900345][I][queryEx] E6640A <= *OPC?
[2020/07/28 22:30:40.912585][I][queryEx] E6640A => 1
[2020/07/28 22:30:40.916598][I][queryEx] E6640A <= CALC:DDEMod:MARK1:FUNC:BAND:CENT?
[2020/07/28 22:30:40.923618][I][queryEx] E6640A => 2.455000000E+09
[2020/07/28 22:30:40.927978][I][writeEx] E6640A <= CALC:DDEMod:MARK1:FUNC:BAND:SPAN 10000000.000000
[2020/07/28 22:30:41.234362][I][queryEx] E6640A <= *OPC?
[2020/07/28 22:30:41.245947][I][queryEx] E6640A => 1
[2020/07/28 22:30:41.251326][I][get_Power] Get Tx power
[2020/07/28 22:30:41.256342][I][queryEx] E6640A <= :CALC:DDEMod:MARK1:Y?
[2020/07/28 22:30:41.263375][I][queryEx] E6640A => -1.655018431E-01
[2020/07/28 22:30:41.268309][I][chk_Tx_Result] Tx power(add loss: 8.900000) = 8.734000 dBm
[2020/07/28 22:30:41.272329][I][read_DDEMod_Array] Read measurement result
[2020/07/28 22:30:41.277335][I][queryEx] E6640A <= :READ:DDEMod?
[2020/07/28 22:30:41.533702][I][queryEx] E6640A => 1.372555637E+01,4.055694199E+01,2.240000000E+02,3.293800831E+00,1.561939144E+01,2.480000000E+02,9.91E+37,9.91E+37,9.91E+37,3.535540998E-01,-1.035243273E+00,3.190000000E+02,1.118266392E+01,3.341494370E+01,2.240000000E+02,2.866369141E+04,9.91E+37,9.91E+37,9.91E+37,9.91E+37,9.91E+37,-5.235543823E+01,9.91E+37,9.626457691E-01,-3.358268365E-02,1.681411564E-01,9.91E+37,9.91E+37,9.91E+37,9.91E+37,9.91E+37,9.91E+37,9.91E+37,9.91E+37,9.91E+37,9.91E+37,9.91E+37,9.91E+37,9.91E+37,9.91E+37,9.91E+37,9.91E+37,9.91E+37,9.91E+37,9.91E+37,9.91E+37,9.91E+37,9.91E+37,9.91E+37,9.91E+37,9.91E+37,9.91E+37,9.91E+37,9.91E+37,9.91E+37,9.91E+37,9.91E+37,9.91E+37,9.91E+37,9.91E+37,9.91E+37,-4.219731491E-04,-2.373960800E-03
[2020/07/28 22:30:41.541761][I][set_Continue] Set continue
[2020/07/28 22:30:41.547729][I][writeEx] E6640A <= :INIT:CONT ON
[2020/07/28 22:30:43.022834][I][set_Preset] System reset
[2020/07/28 22:30:43.028849][I][writeEx] E6640A <= *RST
[2020/07/28 22:30:43.033879][I][writeEx] E6640A <= *CLS
[2020/07/28 22:30:43.039211][I][writeEx] E6640A <= SYST:PRES
[2020/07/28 22:30:43.344992][I][queryEx] E6640A <= *OPC?
[2020/07/28 22:30:44.213571][I][queryEx] E6640A => 1
[2020/07/28 22:30:44.229620][I][set_Tx_Start] Set Tx start
[2020/07/28 22:30:44.233631][I][set_RFI_Port] Set input port
[2020/07/28 22:30:44.239117][I][writeEx] E6640A <= :FEED:RF:PORT:INPut RFIO1
[2020/07/28 22:30:44.243129][I][queryEx] E6640A <= :FEED:RF:PORT:INPut?
[2020/07/28 22:30:44.250235][I][queryEx] E6640A => RFIO1
[2020/07/28 22:30:44.254159][I][set_Modulation_Analysis] Set measurement function
[2020/07/28 22:30:44.259188][I][writeEx] E6640A <= INST:SEL VSA
[2020/07/28 22:30:44.565022][I][queryEx] E6640A <= *OPC?
[2020/07/28 22:30:44.576365][I][queryEx] E6640A => 1
[2020/07/28 22:30:44.581384][I][queryEx] E6640A <= INST:SEL?
[2020/07/28 22:30:44.588314][I][queryEx] E6640A => VSA
[2020/07/28 22:30:44.592718][I][writeEx] E6640A <= :CONFigure:DDEMod
[2020/07/28 22:30:44.898823][I][queryEx] E6640A <= *OPC?
[2020/07/28 22:30:45.065270][I][queryEx] E6640A => 1
[2020/07/28 22:30:45.082316][I][init_Zigbee_Mode] Initial Zigbee mode
[2020/07/28 22:30:45.098318][I][writeEx] E6640A <= :DDEM:STAN:PRES ZIGBEE2450
[2020/07/28 22:30:45.409260][I][queryEx] E6640A <= *OPC?
[2020/07/28 22:30:45.420100][I][queryEx] E6640A => 1
[2020/07/28 22:30:45.425119][I][set_Continue] Set continue
[2020/07/28 22:30:45.430134][I][writeEx] E6640A <= :INIT:CONT ON
[2020/07/28 22:30:45.435163][I][set_Freq] Set frequence
[2020/07/28 22:30:45.440159][I][writeEx] E6640A <= :FREQuency:CENTer 2470.0 MHz
[2020/07/28 22:30:45.445210][I][set_XScale_Span] Set frequence span
[2020/07/28 22:30:45.450227][I][writeEx] E6640A <= :FREQuency:SPAN 10000.000000 KHZ
[2020/07/28 22:30:45.454821][I][set_Power_Range] Get power range
[2020/07/28 22:30:45.460862][I][writeEx] E6640A <= :POW:RANG 20.000000
[2020/07/28 22:30:45.465702][I][set_Symbol_Rate] Get symbol rate
[2020/07/28 22:30:45.471219][I][writeEx] E6640A <= :DDEMod:SRATe 1000.000000 kHz
[2020/07/28 22:30:45.475232][I][set_Meas_Interval] Get meas interval
[2020/07/28 22:30:45.481250][I][writeEx] E6640A <= :DDEMod:SWEep:POINts 500
[2020/07/28 22:30:45.486261][I][set_Zigbee_TX_BandPower] Set marker function
[2020/07/28 22:30:45.491276][I][writeEx] E6640A <= CALC:DDEMod:MARK1:MODE POS
[2020/07/28 22:30:45.496298][I][writeEx] E6640A <= CALC:DDEMod:MARK1:TRAC 2
[2020/07/28 22:30:45.502301][I][writeEx] E6640A <= CALC:DDEMod:MARK1:FUNC BPOW
[2020/07/28 22:30:45.506313][I][writeEx] E6640A <= CALC:DDEMod:MARK1:FUNC:BPOW:CTYP MEAN
[2020/07/28 22:30:45.511328][I][writeEx] E6640A <= CALC:DDEMod:MARK1:FUNC:BAND:CENT 2470000000.000000
[2020/07/28 22:30:45.817453][I][queryEx] E6640A <= *OPC?
[2020/07/28 22:30:45.829552][I][queryEx] E6640A => 1
[2020/07/28 22:30:45.834316][I][queryEx] E6640A <= CALC:DDEMod:MARK1:FUNC:BAND:CENT?
[2020/07/28 22:30:45.842340][I][queryEx] E6640A => 2.470000000E+09
[2020/07/28 22:30:45.846387][I][writeEx] E6640A <= CALC:DDEMod:MARK1:FUNC:BAND:SPAN 10000000.000000
[2020/07/28 22:30:46.154871][I][queryEx] E6640A <= *OPC?
[2020/07/28 22:30:46.167391][I][queryEx] E6640A => 1
[2020/07/28 22:30:46.172921][I][set_Trigger_Video] Set trigger video
[2020/07/28 22:30:46.179338][I][writeEx] E6640A <= TRIG:DDEM:SOUR VID
[2020/07/28 22:30:46.485697][I][queryEx] E6640A <= *OPC?
[2020/07/28 22:30:46.496756][I][queryEx] E6640A => 1
[2020/07/28 22:30:46.501817][I][set_Trigger_Level] Set trigger level
[2020/07/28 22:30:46.507868][I][writeEx] E6640A <= :TRIGger:VIDeo:LEVel 30.000000 mV
[2020/07/28 22:30:46.513297][I][set_Trigger_Delay] Set trigger delay
[2020/07/28 22:30:46.518315][I][writeEx] E6640A <= :TRIGger:VIDeo:DELay:STATe ON
[2020/07/28 22:30:46.523002][I][queryEx] E6640A <= :TRIGger:VIDeo:DELay:STATe?
[2020/07/28 22:30:46.578892][I][queryEx] E6640A => 1
[2020/07/28 22:30:46.585914][I][writeEx] E6640A <= :TRIGger:VIDeo:DELay:STATe ON
[2020/07/28 22:30:46.591967][I][writeEx] E6640A <= :TRIGger:VIDeo:DELay 0.300000 ms
[2020/07/28 22:30:46.598748][I][init_Trigger_Reg] Initial trigger status register
[2020/07/28 22:30:46.605276][I][writeEx] E6640A <= *CLS
[2020/07/28 22:30:46.612319][I][writeEx] E6640A <= :STATus:PRESet
[2020/07/28 22:30:46.617310][I][writeEx] E6640A <= *SRE 192
[2020/07/28 22:30:46.623349][I][writeEx] E6640A <= :STATus:OPERation:ENABle 32
[2020/07/28 22:30:46.627763][I][writeEx] E6640A <= *CLS
[2020/07/28 22:30:46.632779][I][queryEx] E6640A <= *STB?
[2020/07/28 22:30:46.668820][I][queryEx] E6640A => 0
[2020/07/28 22:30:46.674873][I][init_Trigger_Reg] Status: 0
[2020/07/28 22:30:55.906358][I][chk_Tx_Result] Check Tx result
[2020/07/28 22:30:55.915797][I][get_Trigger_Status] Get trigger status
[2020/07/28 22:30:55.919810][I][queryEx] E6640A <= *STB?
[2020/07/28 22:30:55.926832][I][queryEx] E6640A => 192
[2020/07/28 22:30:55.932530][I][get_Trigger_Status] Status: 192
[2020/07/28 22:30:55.936543]Is triggered!
[2020/07/28 22:30:55.940588][I][writeEx] E6640A <= *CLS
[2020/07/28 22:30:55.945760][I][set_Continue] Set continue
[2020/07/28 22:30:55.950776][I][writeEx] E6640A <= :INIT:CONT ON
[2020/07/28 22:30:56.055495][I][set_Single] Set single
[2020/07/28 22:30:56.061513][I][writeEx] E6640A <= :INIT:CONT OFF
[2020/07/28 22:30:56.065525][I][set_Zigbee_TX_BandPower] Set marker function
[2020/07/28 22:30:56.071541][I][writeEx] E6640A <= CALC:DDEMod:MARK1:MODE POS
[2020/07/28 22:30:56.075552][I][writeEx] E6640A <= CALC:DDEMod:MARK1:TRAC 2
[2020/07/28 22:30:56.081567][I][writeEx] E6640A <= CALC:DDEMod:MARK1:FUNC BPOW
[2020/07/28 22:30:56.085578][I][writeEx] E6640A <= CALC:DDEMod:MARK1:FUNC:BPOW:CTYP MEAN
[2020/07/28 22:30:56.091602][I][writeEx] E6640A <= CALC:DDEMod:MARK1:FUNC:BAND:CENT 2470000000.000000
[2020/07/28 22:30:56.396746][I][queryEx] E6640A <= *OPC?
[2020/07/28 22:30:56.407285][I][queryEx] E6640A => 1
[2020/07/28 22:30:56.412445][I][queryEx] E6640A <= CALC:DDEMod:MARK1:FUNC:BAND:CENT?
[2020/07/28 22:30:56.420599][I][queryEx] E6640A => 2.470000000E+09
[2020/07/28 22:30:56.425192][I][writeEx] E6640A <= CALC:DDEMod:MARK1:FUNC:BAND:SPAN 10000000.000000
[2020/07/28 22:30:56.730296][I][queryEx] E6640A <= *OPC?
[2020/07/28 22:30:56.742238][I][queryEx] E6640A => 1
[2020/07/28 22:30:56.746285][I][get_Power] Get Tx power
[2020/07/28 22:30:56.751269][I][queryEx] E6640A <= :CALC:DDEMod:MARK1:Y?
[2020/07/28 22:30:56.758858][I][queryEx] E6640A => 1.903709857E+00
[2020/07/28 22:30:56.763926][I][chk_Tx_Result] Tx power(add loss: 8.800000) = 10.704000 dBm
[2020/07/28 22:30:56.769121][I][read_DDEMod_Array] Read measurement result
[2020/07/28 22:30:56.774202][I][queryEx] E6640A <= :READ:DDEMod?
[2020/07/28 22:30:56.929795][I][queryEx] E6640A => 1.516563511E+01,4.214630127E+01,4.220000000E+02,3.703665257E+00,1.772884369E+01,4.220000000E+02,9.91E+37,9.91E+37,9.91E+37,5.375680327E-01,-1.066678762E+00,2.930000000E+02,1.234230900E+01,-3.472673798E+01,4.220000000E+02,2.880476758E+04,9.91E+37,9.91E+37,9.91E+37,9.91E+37,9.91E+37,-4.286243439E+01,9.91E+37,9.544692039E-01,1.063834950E-01,4.505940080E-01,9.91E+37,9.91E+37,9.91E+37,9.91E+37,9.91E+37,9.91E+37,9.91E+37,9.91E+37,9.91E+37,9.91E+37,9.91E+37,9.91E+37,9.91E+37,9.91E+37,9.91E+37,9.91E+37,9.91E+37,9.91E+37,9.91E+37,9.91E+37,9.91E+37,9.91E+37,9.91E+37,9.91E+37,9.91E+37,9.91E+37,9.91E+37,9.91E+37,9.91E+37,9.91E+37,9.91E+37,9.91E+37,9.91E+37,9.91E+37,9.91E+37,5.301870871E-03,-4.860233050E-03
[2020/07/28 22:30:56.938845][I][set_Continue] Set continue
[2020/07/28 22:30:56.944888][I][writeEx] E6640A <= :INIT:CONT ON
[2020/07/28 22:31:07.579976][I][chk_Tx_Result] Check Tx result
[2020/07/28 22:31:07.586989][I][get_Trigger_Status] Get trigger status
[2020/07/28 22:31:07.591975][I][queryEx] E6640A <= *STB?
[2020/07/28 22:31:07.599362][I][queryEx] E6640A => 192
[2020/07/28 22:31:07.604782][I][get_Trigger_Status] Status: 192
[2020/07/28 22:31:07.608794]Is triggered!
[2020/07/28 22:31:07.613876][I][writeEx] E6640A <= *CLS
[2020/07/28 22:31:07.618140][I][set_Continue] Set continue
[2020/07/28 22:31:07.624005][I][writeEx] E6640A <= :INIT:CONT ON
[2020/07/28 22:31:07.729760][I][set_Single] Set single
[2020/07/28 22:31:07.738390][I][writeEx] E6640A <= :INIT:CONT OFF
[2020/07/28 22:31:07.743970][I][set_Zigbee_TX_BandPower] Set marker function
[2020/07/28 22:31:07.748403][I][writeEx] E6640A <= CALC:DDEMod:MARK1:MODE POS
[2020/07/28 22:31:07.753474][I][writeEx] E6640A <= CALC:DDEMod:MARK1:TRAC 2
[2020/07/28 22:31:07.758728][I][writeEx] E6640A <= CALC:DDEMod:MARK1:FUNC BPOW
[2020/07/28 22:31:07.763789][I][writeEx] E6640A <= CALC:DDEMod:MARK1:FUNC:BPOW:CTYP MEAN
[2020/07/28 22:31:07.769239][I][writeEx] E6640A <= CALC:DDEMod:MARK1:FUNC:BAND:CENT 2470000000.000000
[2020/07/28 22:31:08.075693][I][queryEx] E6640A <= *OPC?
[2020/07/28 22:31:08.087098][I][queryEx] E6640A => 1
[2020/07/28 22:31:08.092117][I][queryEx] E6640A <= CALC:DDEMod:MARK1:FUNC:BAND:CENT?
[2020/07/28 22:31:08.100229][I][queryEx] E6640A => 2.470000000E+09
[2020/07/28 22:31:08.104790][I][writeEx] E6640A <= CALC:DDEMod:MARK1:FUNC:BAND:SPAN 10000000.000000
[2020/07/28 22:31:08.410593][I][queryEx] E6640A <= *OPC?
[2020/07/28 22:31:08.422070][I][queryEx] E6640A => 1
[2020/07/28 22:31:08.427082][I][get_Power] Get Tx power
[2020/07/28 22:31:08.430090][I][queryEx] E6640A <= :CALC:DDEMod:MARK1:Y?
[2020/07/28 22:31:08.438421][I][queryEx] E6640A => 2.361688324E-01
[2020/07/28 22:31:08.443434][I][chk_Tx_Result] Tx power(add loss: 8.800000) = 9.036000 dBm
[2020/07/28 22:31:08.447705][I][read_DDEMod_Array] Read measurement result
[2020/07/28 22:31:08.452755][I][queryEx] E6640A <= :READ:DDEMod?
[2020/07/28 22:31:08.614392][I][queryEx] E6640A => 1.584234715E+01,4.862427139E+01,2.200000000E+02,4.298575401E+00,2.114121819E+01,2.200000000E+02,9.91E+37,9.91E+37,9.91E+37,4.775468111E-01,1.031619310E+00,2.000000000E+00,1.290960503E+01,3.998495483E+01,2.200000000E+02,2.871309570E+04,9.91E+37,9.91E+37,9.91E+37,9.91E+37,9.91E+37,-4.412981415E+01,9.91E+37,9.504001141E-01,-4.072743654E-02,4.871992767E-01,9.91E+37,9.91E+37,9.91E+37,9.91E+37,9.91E+37,9.91E+37,9.91E+37,9.91E+37,9.91E+37,9.91E+37,9.91E+37,9.91E+37,9.91E+37,9.91E+37,9.91E+37,9.91E+37,9.91E+37,9.91E+37,9.91E+37,9.91E+37,9.91E+37,9.91E+37,9.91E+37,9.91E+37,9.91E+37,9.91E+37,9.91E+37,9.91E+37,9.91E+37,9.91E+37,9.91E+37,9.91E+37,9.91E+37,9.91E+37,9.91E+37,-3.934578970E-03,4.812214989E-03
[2020/07/28 22:31:08.631898][I][set_Continue] Set continue
[2020/07/28 22:31:08.639982][I][writeEx] E6640A <= :INIT:CONT ON
[2020/07/28 22:31:10.122879][I][set_Preset] System reset
[2020/07/28 22:31:10.126956][I][writeEx] E6640A <= *RST
[2020/07/28 22:31:10.132905][I][writeEx] E6640A <= *CLS
[2020/07/28 22:31:10.136981][I][writeEx] E6640A <= SYST:PRES
[2020/07/28 22:31:10.444139][I][queryEx] E6640A <= *OPC?
[2020/07/28 22:31:11.293547][I][queryEx] E6640A => 1
[2020/07/28 22:31:11.313712][I][set_Rx_OneTone] Set Rx one tone
[2020/07/28 22:31:11.319215][I][set_RFO_Port] Set output port
[2020/07/28 22:31:11.323227][I][writeEx] E6640A <= :FEED:RF:PORT:OUTPut RFIO1
[2020/07/28 22:31:11.328497][I][queryEx] E6640A <= :FEED:RF:PORT:OUTPut?
[2020/07/28 22:31:11.335654][I][queryEx] E6640A => RFIO1
[2020/07/28 22:31:11.340408][I][set_OneTone_Freq] Set One Tone frequence
[2020/07/28 22:31:11.345424][I][writeEx] E6640A <= :SOUR:FREQ 2445.0 MHz
[2020/07/28 22:31:11.350438][I][set_OneTone_Power] Set One Tone power
[2020/07/28 22:31:11.355451][I][writeEx] E6640A <= :SOURce:POWer -16.1
[2020/07/28 22:31:20.760121][I][set_OneTone_Start] Set One Tone start
[2020/07/28 22:31:20.765113][I][writeEx] E6640A <= OUTP ON
[2020/07/28 22:31:25.857407][I][set_OneTone_Stop] Set One Tone stop
[2020/07/28 22:31:25.861380][I][writeEx] E6640A <= OUTP OFF
[2020/07/28 22:31:25.875417][I][set_Rx_OneTone] Set Rx one tone
[2020/07/28 22:31:25.879461][I][set_RFO_Port] Set output port
[2020/07/28 22:31:25.884442][I][writeEx] E6640A <= :FEED:RF:PORT:OUTPut RFIO1
[2020/07/28 22:31:25.888491][I][queryEx] E6640A <= :FEED:RF:PORT:OUTPut?
[2020/07/28 22:31:25.895794][I][queryEx] E6640A => RFIO1
[2020/07/28 22:31:25.900918][I][set_OneTone_Freq] Set One Tone frequence
[2020/07/28 22:31:25.904965][I][writeEx] E6640A <= :SOUR:FREQ 2445.0 MHz
[2020/07/28 22:31:25.909944][I][set_OneTone_Power] Set One Tone power
[2020/07/28 22:31:25.914995][I][writeEx] E6640A <= :SOURce:POWer -16.1
[2020/07/28 22:31:34.456627][I][set_OneTone_Start] Set One Tone start
[2020/07/28 22:31:34.461669][I][writeEx] E6640A <= OUTP ON
[2020/07/28 22:31:39.432739][I][set_OneTone_Stop] Set One Tone stop
[2020/07/28 22:31:39.436752][I][writeEx] E6640A <= OUTP OFF
[2020/07/28 22:31:39.749919][I][disconnect_E6640A] Disconnect E6640A
[2020/07/28 22:31:39.755692]========== End ==========
