[2020/07/28 22:23:11]============== Control PS_Keysight66321B ==============
[2020/07/28 22:23:11]List resource: ['GPIB0::5::INSTR', 'TCPIP0::192.168.1.2::hislip0::INSTR', 'ASRL1::INSTR']
[2020/07/28 22:23:11]Power Supply: control 66321B successfully
[2020/07/28 22:23:11]Power Supply send: *RST
[2020/07/28 22:23:11]Power Supply send: *IDN?
[2020/07/28 22:23:11]Power Supply recv: Agilent Technologies,66321B,0,A.03.01

[2020/07/28 22:23:11]Power Supply is: Agilent Technologies,66321B,0,A.03.01
 

[2020/07/28 22:23:11]Power Supply send: CURR:PROT:STAT 1
[2020/07/28 22:23:11]Power Supply send: CURR:PROT:STAT?
[2020/07/28 22:23:11]Power Supply recv: 1

[2020/07/28 22:23:11]Power Supply send: VOLT 12.0
[2020/07/28 22:23:11]Power Supply send: VOLT?
[2020/07/28 22:23:11]Power Supply recv: 1.20000E+1

[2020/07/28 22:23:11]Power Supply send: CURR 1.0
[2020/07/28 22:23:11]Power Supply send: CURR?
[2020/07/28 22:23:11]Power Supply recv: 1.00000E+0

[2020/07/28 22:23:11]Power Supply send: OUTP 1
[2020/07/28 22:23:11]Power Supply send: OUTP?
[2020/07/28 22:23:11]Power Supply recv: 1

[2020/07/28 22:24:36]============== Control PS_Keysight66321B ==============
[2020/07/28 22:24:36]List resource: ['GPIB0::5::INSTR', 'TCPIP0::192.168.1.2::hislip0::INSTR', 'ASRL1::INSTR', 'ASRL14::INSTR', 'ASRL15::INSTR', 'ASRL16::INSTR', 'ASRL17::INSTR', 'ASRL19::INSTR', 'ASRL20::INSTR']
[2020/07/28 22:24:36]Power Supply: control 66321B successfully
[2020/07/28 22:24:36]Power Supply send: *RST
[2020/07/28 22:24:36]Power Supply send: *IDN?
[2020/07/28 22:24:36]Power Supply recv: Agilent Technologies,66321B,0,A.03.01

[2020/07/28 22:24:36]Power Supply is: Agilent Technologies,66321B,0,A.03.01
 

[2020/07/28 22:24:36]Power Supply send: OUTP 0
[2020/07/28 22:24:36]Power Supply send: OUTP?
[2020/07/28 22:24:36]Power Supply recv: 0

[2020/07/28 22:28:51]============== Control PS_Keysight66321B ==============
[2020/07/28 22:28:51]List resource: ['GPIB0::5::INSTR', 'ASRL1::INSTR']
[2020/07/28 22:28:52]Power Supply: control 66321B successfully
[2020/07/28 22:28:52]Power Supply send: *RST
[2020/07/28 22:28:52]Power Supply send: *IDN?
[2020/07/28 22:28:52]Power Supply recv: Agilent Technologies,66321B,0,A.03.01

[2020/07/28 22:28:52]Power Supply is: Agilent Technologies,66321B,0,A.03.01
 

[2020/07/28 22:28:52]Power Supply send: CURR:PROT:STAT 1
[2020/07/28 22:28:52]Power Supply send: CURR:PROT:STAT?
[2020/07/28 22:28:52]Power Supply recv: 1

[2020/07/28 22:28:52]Power Supply send: VOLT 12.0
[2020/07/28 22:28:52]Power Supply send: VOLT?
[2020/07/28 22:28:52]Power Supply recv: 1.20000E+1

[2020/07/28 22:28:52]Power Supply send: CURR 1.0
[2020/07/28 22:28:52]Power Supply send: CURR?
[2020/07/28 22:28:52]Power Supply recv: 1.00000E+0

[2020/07/28 22:28:52]Power Supply send: OUTP 1
[2020/07/28 22:28:52]Power Supply send: OUTP?
[2020/07/28 22:28:52]Power Supply recv: 1

[2020/07/28 22:29:49]============== Control PS_Keysight66321B ==============
[2020/07/28 22:29:49]List resource: ['GPIB0::5::INSTR', 'TCPIP0::192.168.1.2::hislip0::INSTR', 'ASRL1::INSTR', 'ASRL14::INSTR', 'ASRL15::INSTR', 'ASRL16::INSTR', 'ASRL17::INSTR', 'ASRL19::INSTR', 'ASRL20::INSTR']
[2020/07/28 22:29:49]Power Supply: control 66321B successfully
[2020/07/28 22:29:49]Power Supply send: *IDN?
[2020/07/28 22:29:49]Power Supply recv: Agilent Technologies,66321B,0,A.03.01

[2020/07/28 22:29:49]Power Supply is: Agilent Technologies,66321B,0,A.03.01
 

[2020/07/28 22:30:03]Power Supply send: MEAS:CURR?
[2020/07/28 22:30:03]Power Supply recv: 1.01925E-1

[2020/07/28 22:30:15]Power Supply send: MEAS:CURR?
[2020/07/28 22:30:15]Power Supply recv: 1.01596E-1

[2020/07/28 22:30:30]Power Supply send: MEAS:CURR?
[2020/07/28 22:30:30]Power Supply recv: 7.95791E-2

[2020/07/28 22:30:42]Power Supply send: MEAS:CURR?
[2020/07/28 22:30:42]Power Supply recv: 9.95740E-2

[2020/07/28 22:30:57]Power Supply send: MEAS:CURR?
[2020/07/28 22:30:57]Power Supply recv: 9.92664E-2

[2020/07/28 22:31:09]Power Supply send: MEAS:CURR?
[2020/07/28 22:31:09]Power Supply recv: 7.66767E-2

[2020/07/28 22:32:08]============== Control PS_Keysight66321B ==============
[2020/07/28 22:32:08]List resource: ['GPIB0::5::INSTR', 'TCPIP0::192.168.1.2::hislip0::INSTR', 'ASRL1::INSTR']
[2020/07/28 22:32:08]Power Supply: control 66321B successfully
[2020/07/28 22:32:08]Power Supply send: *IDN?
[2020/07/28 22:32:08]Power Supply recv: Agilent Technologies,66321B,0,A.03.01

[2020/07/28 22:32:08]Power Supply is: Agilent Technologies,66321B,0,A.03.01
 

[2020/07/28 22:32:17]Power Supply send: MEAS:CURR?
[2020/07/28 22:32:17]Power Supply recv: 2.42025E-1

[2020/07/28 22:32:26]Power Supply send: MEAS:CURR?
[2020/07/28 22:32:26]Power Supply recv: 1.99699E-1

[2020/07/28 22:32:36]Power Supply send: MEAS:CURR?
[2020/07/28 22:32:36]Power Supply recv: 1.99743E-1

[2020/07/28 22:33:09]============== Control PS_Keysight66321B ==============
[2020/07/28 22:33:09]List resource: ['GPIB0::5::INSTR', 'TCPIP0::192.168.1.2::hislip0::INSTR', 'ASRL1::INSTR', 'ASRL14::INSTR', 'ASRL15::INSTR', 'ASRL16::INSTR', 'ASRL17::INSTR', 'ASRL19::INSTR', 'ASRL20::INSTR']
[2020/07/28 22:33:09]Power Supply: control 66321B successfully
[2020/07/28 22:33:09]Power Supply send: *RST
[2020/07/28 22:33:09]Power Supply send: *IDN?
[2020/07/28 22:33:09]Power Supply recv: Agilent Technologies,66321B,0,A.03.01

[2020/07/28 22:33:09]Power Supply is: Agilent Technologies,66321B,0,A.03.01
 

[2020/07/28 22:33:09]Power Supply send: OUTP 0
[2020/07/28 22:33:09]Power Supply send: OUTP?
[2020/07/28 22:33:09]Power Supply recv: 0

