[2020/07/29 06:31:24.350010] ========== Start ==========
[2020/07/29 06:31:24.354003] [I][main] Python 3.7.2 (tags/v3.7.2:9a3ffc0492, Dec 23 2018, 23:09:28) [MSC v.1916 64 bit (AMD64)]
[2020/07/29 06:31:24.354994] [I][main] GFI20_RF_Zigbee.py 3.0.0.3
[2020/07/29 06:31:24.358001] [I][readINI] ---------- INI ----------
[2020/07/29 06:31:24.360006] [I][readINI] SKU = 1
[2020/07/29 06:31:24.364018] [I][readINI] InstrumentINI = GFI20_Zigbee_Instrument_Setting
[2020/07/29 06:31:24.365020] [I][readINI] ---------- Test Plan 1 ----------
[2020/07/29 06:31:24.367026] [I][readINI] TestPlan1 = ZIGBEE_2450;15/2425,21/2455,24/2470;TX_Power
[2020/07/29 06:31:24.369834] [I][readINI] CableLoss = ['8.2', '8.9', '8.8'] dBm
[2020/07/29 06:31:24.373393] [I][readINI] TX_Power = ['0', '0', '0'] dBm
[2020/07/29 06:31:24.375398] [I][readINI] Calibration_ON = 1
[2020/07/29 06:31:24.377403] [I][readINI] Ca_Tx_Power_Target = ['9.2', '9.2', '9.2']
[2020/07/29 06:31:24.380271] [I][readINI] Ca_Tx_Power_Gap = ['0.5', '0.5', '0.5']
[2020/07/29 06:31:24.381275] [I][readINI] Ca_Tx_Power_Offset = ['0.86', '0.86', '0.86']
[2020/07/29 06:31:24.383281] [I][readINI] Current_ON = 1
[2020/07/29 06:31:24.385286] [I][readINI] TX_Current_SpecMax = ['0.18', '0.18', '0.18'] A
[2020/07/29 06:31:24.388304] [I][readINI] TX_Current_SpecMin = ['0.045', '0.045', '0.045'] A
[2020/07/29 06:31:24.390306] [I][readINI] TX_Power_SpecMax = ['12', '12', '12'] dBm
[2020/07/29 06:31:24.392317] [I][readINI] TX_Power_SpecMin = ['6', '6', '6'] dBm
[2020/07/29 06:31:24.394410] [I][readINI] ---------- Test Plan 1 ----------
[2020/07/29 06:31:24.396453] [I][readINI] ---------- Test Plan 2 ----------
[2020/07/29 06:31:24.398457] [I][readINI] TestPlan2 = ZIGBEE_2450;19/2445;RX_RSSI
[2020/07/29 06:31:24.400463] [I][readINI] CableLoss = ['8.9'] dBm
[2020/07/29 06:31:24.403388] [I][readINI] RX_Cell_Power = ['-25'] dBm
[2020/07/29 06:31:24.405395] [I][readINI] RX_LNAON_RSSI_SpecMax = ['-9'] %
[2020/07/29 06:31:24.407407] [I][readINI] RX_LNAON_RSSI_SpecMin = ['-18'] %
[2020/07/29 06:31:24.409413] [I][readINI] RX_LNAOFF_RSSI_SpecMax = ['-24'] %
[2020/07/29 06:31:24.412415] [I][readINI] RX_LNAOFF_RSSI_SpecMin = ['-30'] %
[2020/07/29 06:31:24.414749] [I][readINI] ---------- Test Plan 2 ----------
[2020/07/29 06:31:24.417758] [I][readINI] StartButton_ON = 0
[2020/07/29 06:31:24.419764] [I][readINI] FailAutoExit = True
[2020/07/29 06:31:24.421769] [I][readINI] FailRetryAll = True
[2020/07/29 06:31:24.424777] [I][readINI] RFDatabase = True
[2020/07/29 06:31:24.426782] [I][readINI] EC = 010000S01
[2020/07/29 06:31:24.429402] [I][readINI] ---------- INI ----------
[2020/07/29 06:31:24.432445] [I][readInstrumentINI] ---------- Common ----------
[2020/07/29 06:31:24.434420] [I][readInstrumentINI] Instrument_Name = E6640A
[2020/07/29 06:31:24.437430] [I][readInstrumentINI] Instrument_IP_Addr = TCPIP0::192.168.1.2::hislip0::INSTR
[2020/07/29 06:31:24.439433] [I][readInstrumentINI] PowerSupplier_Name = 66321B
[2020/07/29 06:31:24.442486] [I][readInstrumentINI] PowerSupplier_Addr = GPIB0::5::INSTR
[2020/07/29 06:31:24.444482] [I][readInstrumentINI] Current_Delay = 0.5
[2020/07/29 06:31:24.447456] [I][readInstrumentINI] ---------- Common ----------
[2020/07/29 06:31:24.449506] [I][readInstrumentINI] ---------- ZIGBEE_2450 ----------
[2020/07/29 06:31:24.452468] [I][readInstrumentINI] RFIO_Input = 1
[2020/07/29 06:31:24.454484] [I][readInstrumentINI] Tx_Span = 10000.0 kHz
[2020/07/29 06:31:24.457482] [I][readInstrumentINI] Tx_PowRange = 20.0 dBm
[2020/07/29 06:31:24.460308] [I][readInstrumentINI] Tx_SymbolRate = 1000.0 kHz
[2020/07/29 06:31:24.462848] [I][readInstrumentINI] Tx_MeasInterval = 500
[2020/07/29 06:31:24.464855] [I][readInstrumentINI] Tx_TrigLevel = 30.0 mV
[2020/07/29 06:31:24.466860] [I][readInstrumentINI] Tx_TrigDelay = 0.3 ms
[2020/07/29 06:31:24.469868] [I][readInstrumentINI] RFIO_Output = 1
[2020/07/29 06:31:24.471874] [I][readInstrumentINI] ---------- ZIGBEE_2450 ----------
[2020/07/29 06:31:24.474881] ---------- StartTest ----------
[2020/07/29 06:31:24.483613] [I][chkDUTConnect] Connect to DUT
[2020/07/29 06:31:24.494310] [I][chkDUTConnect] Check DUT status
[2020/07/29 06:31:25.326593] [I][chkDUTConnect] Success
[2020/07/29 06:31:25.336640] [I][chkE6640AConnect] Connect to E6640A
[2020/07/29 06:31:26.440540] [I][chkE6640AConnect] Preset E6640A status
[2020/07/29 06:31:27.494193] [I][chkE6640AConnect] success
[2020/07/29 06:31:27.740905] ---------- Test Plan 1 ----------
[2020/07/29 06:31:27.743908] [I][startTestPlan]---------- ZIGBEE_2450 Freq 2425 ----------
[2020/07/29 06:31:27.745913] [I][startTestPlan]---------- Measure Tx Start ----------
[2020/07/29 06:31:27.748921] [I][startTestPlan] Preset E6640A
[2020/07/29 06:31:28.806209] [I][startTestPlan] Success
[2020/07/29 06:31:28.809217] [I][startTestPlan] Set Tx Start
[2020/07/29 06:31:31.164340] [I][startTestPlan] Success
[2020/07/29 06:31:31.169354] [I][startTestPlan] Set DUT Tx
[2020/07/29 06:31:37.014264] [I][startTestPlan] Success
[2020/07/29 06:31:37.017275] [I][startTestPlan] Start DUT Tx
[2020/07/29 06:31:39.526813] [I][startTestPlan] Success
[2020/07/29 06:31:41.028997] [I][startTestPlan] 10.358999999999998, 14.325, 14.444
[2020/07/29 06:31:41.586215] [I][startTestPlan] 0.082
[2020/07/29 06:31:41.590279] [I][startTestPlan] Stop DUT Tx
[2020/07/29 06:31:42.433617] [I][startTestPlan] Success
[2020/07/29 06:31:42.436665] [I][startTestPlan] Calibration
[2020/07/29 06:31:42.439636] [I][startTestPlan] Calculate DUT Tx Power
[2020/07/29 06:31:42.442644] [I][startTestPlan] DUT Tx Power: -1
[2020/07/29 06:31:42.445652] [I][startTestPlan] Measure again
[2020/07/29 06:31:42.449673] [I][startTestPlan] Set DUT Tx
[2020/07/29 06:31:48.344133] [I][startTestPlan] Success
[2020/07/29 06:31:48.347141] [I][startTestPlan] Start DUT Tx
[2020/07/29 06:31:50.870175] [I][startTestPlan] Success
[2020/07/29 06:31:52.500279] [I][startTestPlan] 9.238, 14.322, 13.593
[2020/07/29 06:31:53.055286] [I][startTestPlan] 0.077
[2020/07/29 06:31:53.061305] [I][startTestPlan] Stop DUT Tx
[2020/07/29 06:31:53.911241] [I][startTestPlan] Success
[2020/07/29 06:31:53.914391] [I][startTestPlan] Power: 9.238 dBm
[2020/07/29 06:31:53.917400] [I][startTestPlan] Freq Err: 14.322 ppm
[2020/07/29 06:31:53.920211] [I][startTestPlan] EVM: 13.593 %
[2020/07/29 06:31:53.923221] [I][startTestPlan] Current: 0.077 A
[2020/07/29 06:31:53.926230] [I][startTestPlan] Check Tx Result
[2020/07/29 06:31:53.929237] [I][startBTTest] Tx Test Time: 26.186
[2020/07/29 06:31:53.932897] [I][startTestPlan]---------- ZIGBEE_2450 Freq 2455 ----------
[2020/07/29 06:31:53.935965] [I][startTestPlan]---------- Measure Tx Start ----------
[2020/07/29 06:31:53.938675] [I][startTestPlan] Preset E6640A
[2020/07/29 06:31:55.186925] [I][startTestPlan] Success
[2020/07/29 06:31:55.190937] [I][startTestPlan] Set Tx Start
[2020/07/29 06:31:57.583448] [I][startTestPlan] Success
[2020/07/29 06:31:57.587579] [I][startTestPlan] Set DUT Tx
[2020/07/29 06:32:03.528812] [I][startTestPlan] Success
[2020/07/29 06:32:03.531858] [I][startTestPlan] Start DUT Tx
[2020/07/29 06:32:06.066766] [I][startTestPlan] Success
[2020/07/29 06:32:07.695679] [I][startTestPlan] 10.592, 14.328, 13.343
[2020/07/29 06:32:08.251443] [I][startTestPlan] 0.077
[2020/07/29 06:32:08.254452] [I][startTestPlan] Stop DUT Tx
[2020/07/29 06:32:09.091057] [I][startTestPlan] Success
[2020/07/29 06:32:09.094073] [I][startTestPlan] Calibration
[2020/07/29 06:32:09.098076] [I][startTestPlan] Calculate DUT Tx Power
[2020/07/29 06:32:09.101085] [I][startTestPlan] DUT Tx Power: -2
[2020/07/29 06:32:09.105117] [I][startTestPlan] Measure again
[2020/07/29 06:32:09.108103] [I][startTestPlan] Set DUT Tx
[2020/07/29 06:32:15.178173] [I][startTestPlan] Success
[2020/07/29 06:32:15.181173] [I][startTestPlan] Start DUT Tx
[2020/07/29 06:32:17.706237] [I][startTestPlan] Success
[2020/07/29 06:32:19.348910] [I][startTestPlan] 8.575000000000001, 14.312, 13.231
[2020/07/29 06:32:19.907387] [I][startTestPlan] 0.077
[2020/07/29 06:32:19.910395] [I][startTestPlan] Stop DUT Tx
[2020/07/29 06:32:20.760523] [I][startTestPlan] Success
[2020/07/29 06:32:20.763587] [I][startTestPlan] Power: 8.575000000000001 dBm
[2020/07/29 06:32:20.766561] [I][startTestPlan] Freq Err: 14.312 ppm
[2020/07/29 06:32:20.770564] [I][startTestPlan] EVM: 13.231 %
[2020/07/29 06:32:20.773571] [I][startTestPlan] Current: 0.077 A
[2020/07/29 06:32:20.776608] [I][startTestPlan] Check Tx Result
[2020/07/29 06:32:20.779577] [I][startBTTest] Tx Test Time: 26.847
[2020/07/29 06:32:20.783605] [I][startTestPlan]---------- ZIGBEE_2450 Freq 2470 ----------
[2020/07/29 06:32:20.786625] [I][startTestPlan]---------- Measure Tx Start ----------
[2020/07/29 06:32:20.789603] [I][startTestPlan] Preset E6640A
[2020/07/29 06:32:22.069401] [I][startTestPlan] Success
[2020/07/29 06:32:22.074417] [I][startTestPlan] Set Tx Start
[2020/07/29 06:32:24.480697] [I][startTestPlan] Success
[2020/07/29 06:32:24.483705] [I][startTestPlan] Set DUT Tx
[2020/07/29 06:32:30.372179] [I][startTestPlan] Success
[2020/07/29 06:32:30.375614] [I][startTestPlan] Start DUT Tx
[2020/07/29 06:32:32.912187] [I][startTestPlan] Success
[2020/07/29 06:32:34.558319] [I][startTestPlan] 10.993, 14.309, 15.523
[2020/07/29 06:32:35.118548] [I][startTestPlan] 0.076
[2020/07/29 06:32:35.122697] [I][startTestPlan] Stop DUT Tx
[2020/07/29 06:32:35.974254] [I][startTestPlan] Success
[2020/07/29 06:32:35.978265] [I][startTestPlan] Calibration
[2020/07/29 06:32:35.982468] [I][startTestPlan] Calculate DUT Tx Power
[2020/07/29 06:32:35.985523] [I][startTestPlan] DUT Tx Power: -2
[2020/07/29 06:32:35.989489] [I][startTestPlan] Measure again
[2020/07/29 06:32:35.992528] [I][startTestPlan] Set DUT Tx
[2020/07/29 06:32:41.921089] [I][startTestPlan] Success
[2020/07/29 06:32:41.925565] [I][startTestPlan] Start DUT Tx
[2020/07/29 06:32:44.474993] [I][startTestPlan] Success
[2020/07/29 06:32:45.993478] [I][startTestPlan] 8.973, 14.3, 14.96
[2020/07/29 06:32:46.554182] [I][startTestPlan] 0.076
[2020/07/29 06:32:46.560201] [I][startTestPlan] Stop DUT Tx
[2020/07/29 06:32:47.412003] [I][startTestPlan] Success
[2020/07/29 06:32:47.416069] [I][startTestPlan] Power: 8.973 dBm
[2020/07/29 06:32:47.419080] [I][startTestPlan] Freq Err: 14.3 ppm
[2020/07/29 06:32:47.422140] [I][startTestPlan] EVM: 14.96 %
[2020/07/29 06:32:47.425096] [I][startTestPlan] Current: 0.076 A
[2020/07/29 06:32:47.429108] [I][startTestPlan] Check Tx Result
[2020/07/29 06:32:47.432114] [I][startBTTest] Tx Test Time: 26.65
[2020/07/29 06:32:47.436178] ---------- Test Plan 2 ----------
[2020/07/29 06:32:47.439999] [I][startTestPlan]---------- ZIGBEE_2450 Freq 2445 ----------
[2020/07/29 06:32:47.443011] [I][startTestPlan]---------- Measure Rx Start ----------
[2020/07/29 06:32:47.446017] [I][startTestPlan] Preset E6640A
[2020/07/29 06:32:48.700368] [I][startTestPlan] Success
[2020/07/29 06:32:48.707600] [I][startTestPlan]---------- LNA ON ----------
[2020/07/29 06:32:48.710610] [I][startTestPlan] Set Rx one tone
[2020/07/29 06:32:48.751307] [I][startTestPlan] Success
[2020/07/29 06:32:48.754317] [I][startTestPlan] Set DUT Rx
[2020/07/29 06:32:53.000989] [I][startTestPlan] Success
[2020/07/29 06:32:58.070161] [I][startTestPlan] Success
[2020/07/29 06:33:02.610192] [I][startTestPlan] Rx RSSI: -15 dBm
[2020/07/29 06:33:02.622091] [I][startTestPlan]---------- LNA OFF ----------
[2020/07/29 06:33:02.625102] [I][startTestPlan] Set Rx one tone
[2020/07/29 06:33:02.669313] [I][startTestPlan] Success
[2020/07/29 06:33:02.672321] [I][startTestPlan] Set DUT Rx
[2020/07/29 06:33:06.912700] [I][startTestPlan] Success
[2020/07/29 06:33:11.141386] [I][startTestPlan] Success
[2020/07/29 06:33:16.078233] [I][startTestPlan] Rx RSSI: -28 dBm
[2020/07/29 06:33:16.090229] [I][startTestPlan] Check Rx Result
[2020/07/29 06:33:16.094379] [I][startBTTest] Rx Test Time: 28.654
[2020/07/29 06:33:16.098683] [I][startBTTest] Copy calibration data
[2020/07/29 06:33:16.107056] [I][startBTTest] Write Calibration Data
[2020/07/29 06:33:16.377852] [I][TestResult] Test Pass!
