[2020/07/29 06:30:30]============== Control PS_Keysight66321B ==============
[2020/07/29 06:30:30]List resource: ['GPIB0::5::INSTR', 'TCPIP0::192.168.1.2::hislip0::INSTR', 'ASRL1::INSTR']
[2020/07/29 06:30:30]Power Supply: control 66321B successfully
[2020/07/29 06:30:30]Power Supply send: *RST
[2020/07/29 06:30:30]Power Supply send: *IDN?
[2020/07/29 06:30:30]Power Supply recv: Agilent Technologies,66321B,0,A.03.01

[2020/07/29 06:30:30]Power Supply is: Agilent Technologies,66321B,0,A.03.01
 

[2020/07/29 06:30:30]Power Supply send: CURR:PROT:STAT 1
[2020/07/29 06:30:30]Power Supply send: CURR:PROT:STAT?
[2020/07/29 06:30:30]Power Supply recv: 1

[2020/07/29 06:30:30]Power Supply send: VOLT 12.0
[2020/07/29 06:30:30]Power Supply send: VOLT?
[2020/07/29 06:30:30]Power Supply recv: 1.20000E+1

[2020/07/29 06:30:30]Power Supply send: CURR 1.0
[2020/07/29 06:30:30]Power Supply send: CURR?
[2020/07/29 06:30:30]Power Supply recv: 1.00000E+0

[2020/07/29 06:30:30]Power Supply send: OUTP 1
[2020/07/29 06:30:30]Power Supply send: OUTP?
[2020/07/29 06:30:30]Power Supply recv: 1

[2020/07/29 06:31:27]============== Control PS_Keysight66321B ==============
[2020/07/29 06:31:27]List resource: ['GPIB0::5::INSTR', 'TCPIP0::192.168.1.2::hislip0::INSTR', 'ASRL1::INSTR', 'ASRL14::INSTR', 'ASRL15::INSTR', 'ASRL16::INSTR', 'ASRL17::INSTR', 'ASRL19::INSTR', 'ASRL20::INSTR']
[2020/07/29 06:31:27]Power Supply: control 66321B successfully
[2020/07/29 06:31:27]Power Supply send: *IDN?
[2020/07/29 06:31:27]Power Supply recv: Agilent Technologies,66321B,0,A.03.01

[2020/07/29 06:31:27]Power Supply is: Agilent Technologies,66321B,0,A.03.01
 

[2020/07/29 06:31:41]Power Supply send: MEAS:CURR?
[2020/07/29 06:31:41]Power Supply recv: 8.18057E-2

[2020/07/29 06:31:53]Power Supply send: MEAS:CURR?
[2020/07/29 06:31:53]Power Supply recv: 7.72228E-2

[2020/07/29 06:32:08]Power Supply send: MEAS:CURR?
[2020/07/29 06:32:08]Power Supply recv: 7.65128E-2

[2020/07/29 06:32:19]Power Supply send: MEAS:CURR?
[2020/07/29 06:32:19]Power Supply recv: 7.67285E-2

[2020/07/29 06:32:35]Power Supply send: MEAS:CURR?
[2020/07/29 06:32:35]Power Supply recv: 7.64995E-2

[2020/07/29 06:32:46]Power Supply send: MEAS:CURR?
[2020/07/29 06:32:46]Power Supply recv: 7.61172E-2

[2020/07/29 06:33:43]============== Control PS_Keysight66321B ==============
[2020/07/29 06:33:43]List resource: ['GPIB0::5::INSTR', 'TCPIP0::192.168.1.2::hislip0::INSTR', 'ASRL1::INSTR']
[2020/07/29 06:33:43]Power Supply: control 66321B successfully
[2020/07/29 06:33:43]Power Supply send: *IDN?
[2020/07/29 06:33:43]Power Supply recv: Agilent Technologies,66321B,0,A.03.01

[2020/07/29 06:33:43]Power Supply is: Agilent Technologies,66321B,0,A.03.01
 

[2020/07/29 06:33:52]Power Supply send: MEAS:CURR?
[2020/07/29 06:33:52]Power Supply recv: 2.51291E-1

[2020/07/29 06:34:02]Power Supply send: MEAS:CURR?
[2020/07/29 06:34:02]Power Supply recv: 2.13047E-1

[2020/07/29 06:34:12]Power Supply send: MEAS:CURR?
[2020/07/29 06:34:12]Power Supply recv: 1.54651E-1

[2020/07/29 06:34:45]============== Control PS_Keysight66321B ==============
[2020/07/29 06:34:46]List resource: ['GPIB0::5::INSTR', 'TCPIP0::192.168.1.2::hislip0::INSTR', 'ASRL1::INSTR', 'ASRL14::INSTR', 'ASRL15::INSTR', 'ASRL16::INSTR', 'ASRL17::INSTR', 'ASRL19::INSTR', 'ASRL20::INSTR']
[2020/07/29 06:34:46]Power Supply: control 66321B successfully
[2020/07/29 06:34:46]Power Supply send: *RST
[2020/07/29 06:34:46]Power Supply send: *IDN?
[2020/07/29 06:34:46]Power Supply recv: Agilent Technologies,66321B,0,A.03.01

[2020/07/29 06:34:46]Power Supply is: Agilent Technologies,66321B,0,A.03.01
 

[2020/07/29 06:34:46]Power Supply send: OUTP 0
[2020/07/29 06:34:46]Power Supply send: OUTP?
[2020/07/29 06:34:46]Power Supply recv: 0

