[2020/07/27 22:32:06][I][getBOM] No SFIS CheckStatus
[2020/07/27 22:32:06][I][loadTestItemBySKU] Test Item List = (GFI20_RF_Zigbee,2)(GFI20_RF_LTE,1)
[2020/07/27 22:32:06][I][loadTestItemBySKU] Test Item List Element = ['GFI20_RF_Zigbee,2', 'GFI20_RF_LTE,1']
[2020/07/27 22:32:06][I][showTestingMsg] Waiting for testing...
[2020/07/27 22:32:06]---------- TestItem:GFI20_RF_Zigbee.py  Method:2 ----------
[2020/07/27 22:32:06][I][runTestItem] Test start time: 2020/07/27 22:32:06
[2020/07/27 22:34:07][I][runTestItem] Test finished
[2020/07/27 22:34:07][I][checkTestResult] Version=3.0.0.3
[2020/07/27 22:34:07][I][checkTestResult] Result=Pass
[2020/07/27 22:34:07]*********************************************************
[2020/07/27 22:34:07]GFI20_RF_Zigbee.py   3.0.0.3

[2020/07/27 22:34:07]			Result: Pass

[2020/07/27 22:34:07]			Method: 2

[2020/07/27 22:34:07]			Start: 2020/07/27 22:32:06

[2020/07/27 22:34:07]			End: 2020/07/27 22:34:07
[2020/07/27 22:34:07][I][runTestItem] Test end time: 2020/07/27 22:34:07
[2020/07/27 22:34:07]---------- TestItem:GFI20_RF_LTE.py  Method:1 ----------
[2020/07/27 22:34:07][I][runTestItem] Test start time: 2020/07/27 22:34:07
[2020/07/27 22:35:39][I][runTestItem] Test finished
[2020/07/27 22:35:39][I][checkTestResult] Version=3.0.0.11
[2020/07/27 22:35:39][I][checkTestResult] Result=Fail
[2020/07/27 22:35:39][I][checkTestResult] Reason=Retry to connect DUT timeout.
[2020/07/27 22:35:39][I][checkTestResult] EC=010000L01
[2020/07/27 22:35:39]*********************************************************
[2020/07/27 22:35:39]GFI20_RF_LTE.py   3.0.0.11

[2020/07/27 22:35:39]			Result: Fail

[2020/07/27 22:35:39]			Method: 1

[2020/07/27 22:35:39]			Start: 2020/07/27 22:34:07

[2020/07/27 22:35:39]			End: 2020/07/27 22:35:39
[2020/07/27 22:35:39]
			Fail Reason: Retry to connect DUT timeout.
[2020/07/27 22:35:39][I][runTestItem] Test end time: 2020/07/27 22:35:39
