[2020/07/27 22:32:07.866118]========== Start ==========
[2020/07/27 22:32:07.866118][I][class_E6640A_ZIGBEE] Initial class_E6640A_ZIGBEE
[2020/07/27 22:32:07.866118][I][class_E6640A_ZIGBEE] Version: 3.0.0.2
[2020/07/27 22:32:07.875862][I][connect_E6640A] Connect to E6640A
[2020/07/27 22:32:07.955889][I][connect_E6640A] Resource Manager of Visa Library at C:\Windows\system32\visa32.dll
[2020/07/27 22:32:08.036125][I][queryEx] E6640A <= *IDN?
[2020/07/27 22:32:08.036125][I][queryEx] E6640A => Keysight Technologies,E6640A,MY57150246,E.19.71
[2020/07/27 22:32:08.045874][I][set_Preset] System reset
[2020/07/27 22:32:08.045874][I][writeEx] E6640A <= *RST
[2020/07/27 22:32:08.045874][I][writeEx] E6640A <= *CLS
[2020/07/27 22:32:08.056129][I][writeEx] E6640A <= SYST:PRES
[2020/07/27 22:32:08.366399][I][queryEx] E6640A <= *OPC?
[2020/07/27 22:32:09.126404][I][queryEx] E6640A => 1
[2020/07/27 22:32:09.135927][I][set_Preset] System reset
[2020/07/27 22:32:09.135927][I][writeEx] E6640A <= *RST
[2020/07/27 22:32:09.145862][I][writeEx] E6640A <= *CLS
[2020/07/27 22:32:09.145862][I][writeEx] E6640A <= SYST:PRES
[2020/07/27 22:32:09.456397][I][queryEx] E6640A <= *OPC?
[2020/07/27 22:32:10.196393][I][queryEx] E6640A => 1
[2020/07/27 22:32:10.615861][I][set_Preset] System reset
[2020/07/27 22:32:10.615861][I][writeEx] E6640A <= *RST
[2020/07/27 22:32:10.625861][I][writeEx] E6640A <= *CLS
[2020/07/27 22:32:10.625861][I][writeEx] E6640A <= SYST:PRES
[2020/07/27 22:32:10.936403][I][queryEx] E6640A <= *OPC?
[2020/07/27 22:32:11.666402][I][queryEx] E6640A => 1
[2020/07/27 22:32:11.695882][I][set_Tx_Start] Set Tx start
[2020/07/27 22:32:11.695882][I][set_RFI_Port] Set input port
[2020/07/27 22:32:11.705863][I][writeEx] E6640A <= :FEED:RF:PORT:INPut RFIO1
[2020/07/27 22:32:11.705863][I][queryEx] E6640A <= :FEED:RF:PORT:INPut?
[2020/07/27 22:32:11.715860][I][queryEx] E6640A => RFIO1
[2020/07/27 22:32:11.715860][I][set_Modulation_Analysis] Set measurement function
[2020/07/27 22:32:11.715860][I][writeEx] E6640A <= INST:SEL VSA
[2020/07/27 22:32:12.036395][I][queryEx] E6640A <= *OPC?
[2020/07/27 22:32:12.045861][I][queryEx] E6640A => 1
[2020/07/27 22:32:12.045861][I][queryEx] E6640A <= INST:SEL?
[2020/07/27 22:32:12.045861][I][queryEx] E6640A => VSA
[2020/07/27 22:32:12.055861][I][writeEx] E6640A <= :CONFigure:DDEMod
[2020/07/27 22:32:12.366367][I][queryEx] E6640A <= *OPC?
[2020/07/27 22:32:12.536418][I][queryEx] E6640A => 1
[2020/07/27 22:32:12.536418][I][init_Zigbee_Mode] Initial Zigbee mode
[2020/07/27 22:32:12.545895][I][writeEx] E6640A <= :DDEM:STAN:PRES ZIGBEE2450
[2020/07/27 22:32:12.856410][I][queryEx] E6640A <= *OPC?
[2020/07/27 22:32:12.856410][I][queryEx] E6640A => 1
[2020/07/27 22:32:12.865903][I][set_Continue] Set continue
[2020/07/27 22:32:12.865903][I][writeEx] E6640A <= :INIT:CONT ON
[2020/07/27 22:32:12.865903][I][set_Freq] Set frequence
[2020/07/27 22:32:12.865903][I][writeEx] E6640A <= :FREQuency:CENTer 2425.0 MHz
[2020/07/27 22:32:12.875861][I][set_XScale_Span] Set frequence span
[2020/07/27 22:32:12.875861][I][writeEx] E6640A <= :FREQuency:SPAN 10000.000000 KHZ
[2020/07/27 22:32:12.875861][I][set_Power_Range] Get power range
[2020/07/27 22:32:12.885861][I][writeEx] E6640A <= :POW:RANG 20.000000
[2020/07/27 22:32:12.885861][I][set_Symbol_Rate] Get symbol rate
[2020/07/27 22:32:12.885861][I][writeEx] E6640A <= :DDEMod:SRATe 1000.000000 kHz
[2020/07/27 22:32:12.885861][I][set_Meas_Interval] Get meas interval
[2020/07/27 22:32:12.895861][I][writeEx] E6640A <= :DDEMod:SWEep:POINts 500
[2020/07/27 22:32:12.895861][I][set_Zigbee_TX_BandPower] Set marker function
[2020/07/27 22:32:12.895861][I][writeEx] E6640A <= CALC:DDEMod:MARK1:MODE POS
[2020/07/27 22:32:12.905861][I][writeEx] E6640A <= CALC:DDEMod:MARK1:TRAC 2
[2020/07/27 22:32:12.905861][I][writeEx] E6640A <= CALC:DDEMod:MARK1:FUNC BPOW
[2020/07/27 22:32:12.905861][I][writeEx] E6640A <= CALC:DDEMod:MARK1:FUNC:BPOW:CTYP MEAN
[2020/07/27 22:32:12.915867][I][writeEx] E6640A <= CALC:DDEMod:MARK1:FUNC:BAND:CENT 2425000000.000000
[2020/07/27 22:32:13.226534][I][queryEx] E6640A <= *OPC?
[2020/07/27 22:32:13.226534][I][queryEx] E6640A => 1
[2020/07/27 22:32:13.235861][I][queryEx] E6640A <= CALC:DDEMod:MARK1:FUNC:BAND:CENT?
[2020/07/27 22:32:13.235861][I][queryEx] E6640A => 2.425000000E+09
[2020/07/27 22:32:13.235861][I][writeEx] E6640A <= CALC:DDEMod:MARK1:FUNC:BAND:SPAN 10000000.000000
[2020/07/27 22:32:13.556395][I][queryEx] E6640A <= *OPC?
[2020/07/27 22:32:13.556395][I][queryEx] E6640A => 1
[2020/07/27 22:32:13.565860][I][set_Trigger_Video] Set trigger video
[2020/07/27 22:32:13.565860][I][writeEx] E6640A <= TRIG:DDEM:SOUR VID
[2020/07/27 22:32:13.876401][I][queryEx] E6640A <= *OPC?
[2020/07/27 22:32:13.876401][I][queryEx] E6640A => 1
[2020/07/27 22:32:13.885911][I][set_Trigger_Level] Set trigger level
[2020/07/27 22:32:13.885911][I][writeEx] E6640A <= :TRIGger:VIDeo:LEVel 30.000000 mV
[2020/07/27 22:32:13.895864][I][set_Trigger_Delay] Set trigger delay
[2020/07/27 22:32:13.895864][I][writeEx] E6640A <= :TRIGger:VIDeo:DELay:STATe ON
[2020/07/27 22:32:13.895864][I][queryEx] E6640A <= :TRIGger:VIDeo:DELay:STATe?
[2020/07/27 22:32:13.956524][I][queryEx] E6640A => 1
[2020/07/27 22:32:13.965906][I][writeEx] E6640A <= :TRIGger:VIDeo:DELay:STATe ON
[2020/07/27 22:32:13.965906][I][writeEx] E6640A <= :TRIGger:VIDeo:DELay 0.300000 ms
[2020/07/27 22:32:13.975891][I][init_Trigger_Reg] Initial trigger status register
[2020/07/27 22:32:13.975891][I][writeEx] E6640A <= *CLS
[2020/07/27 22:32:13.985886][I][writeEx] E6640A <= :STATus:PRESet
[2020/07/27 22:32:13.985886][I][writeEx] E6640A <= *SRE 192
[2020/07/27 22:32:13.995860][I][writeEx] E6640A <= :STATus:OPERation:ENABle 32
[2020/07/27 22:32:13.995860][I][writeEx] E6640A <= *CLS
[2020/07/27 22:32:13.995860][I][queryEx] E6640A <= *STB?
[2020/07/27 22:32:14.046141][I][queryEx] E6640A => 0
[2020/07/27 22:32:14.046141][I][init_Trigger_Reg] Status: 0
[2020/07/27 22:32:23.646398][I][chk_Tx_Result] Check Tx result
[2020/07/27 22:32:23.646398][I][get_Trigger_Status] Get trigger status
[2020/07/27 22:32:23.655859][I][queryEx] E6640A <= *STB?
[2020/07/27 22:32:23.655859][I][queryEx] E6640A => 192
[2020/07/27 22:32:23.665857][I][get_Trigger_Status] Status: 192
[2020/07/27 22:32:23.665857]Is triggered!
[2020/07/27 22:32:23.665857][I][writeEx] E6640A <= *CLS
[2020/07/27 22:32:23.675858][I][set_Continue] Set continue
[2020/07/27 22:32:23.675858][I][writeEx] E6640A <= :INIT:CONT ON
[2020/07/27 22:32:23.796383][I][set_Single] Set single
[2020/07/27 22:32:23.805910][I][writeEx] E6640A <= :INIT:CONT OFF
[2020/07/27 22:32:23.815909][I][set_Zigbee_TX_BandPower] Set marker function
[2020/07/27 22:32:23.825909][I][writeEx] E6640A <= CALC:DDEMod:MARK1:MODE POS
[2020/07/27 22:32:23.835904][I][writeEx] E6640A <= CALC:DDEMod:MARK1:TRAC 2
[2020/07/27 22:32:23.835904][I][writeEx] E6640A <= CALC:DDEMod:MARK1:FUNC BPOW
[2020/07/27 22:32:23.845873][I][writeEx] E6640A <= CALC:DDEMod:MARK1:FUNC:BPOW:CTYP MEAN
[2020/07/27 22:32:23.845873][I][writeEx] E6640A <= CALC:DDEMod:MARK1:FUNC:BAND:CENT 2425000000.000000
[2020/07/27 22:32:24.166398][I][queryEx] E6640A <= *OPC?
[2020/07/27 22:32:24.175893][I][queryEx] E6640A => 1
[2020/07/27 22:32:24.175893][I][queryEx] E6640A <= CALC:DDEMod:MARK1:FUNC:BAND:CENT?
[2020/07/27 22:32:24.175893][I][queryEx] E6640A => 2.425000000E+09
[2020/07/27 22:32:24.185887][I][writeEx] E6640A <= CALC:DDEMod:MARK1:FUNC:BAND:SPAN 10000000.000000
[2020/07/27 22:32:24.496421][I][queryEx] E6640A <= *OPC?
[2020/07/27 22:32:24.496421][I][queryEx] E6640A => 1
[2020/07/27 22:32:24.505860][I][get_Power] Get Tx power
[2020/07/27 22:32:24.505860][I][queryEx] E6640A <= :CALC:DDEMod:MARK1:Y?
[2020/07/27 22:32:24.515913][I][queryEx] E6640A => 1.604460903E+00
[2020/07/27 22:32:24.515913][I][chk_Tx_Result] Tx power(add loss: 8.200000) = 9.804000 dBm
[2020/07/27 22:32:24.515913][I][read_DDEMod_Array] Read measurement result
[2020/07/27 22:32:24.525924][I][queryEx] E6640A <= :READ:DDEMod?
[2020/07/27 22:32:24.666300][I][queryEx] E6640A => 1.432905197E+01,3.720739746E+01,2.230000000E+02,3.213296413E+00,1.283885384E+01,2.020000000E+02,9.91E+37,9.91E+37,9.91E+37,3.268088698E-01,-7.777512074E-01,4.740000000E+02,1.165945339E+01,3.040605545E+01,2.230000000E+02,2.478816016E+04,9.91E+37,9.91E+37,9.91E+37,9.91E+37,9.91E+37,-4.827940369E+01,9.91E+37,9.593486190E-01,5.841798335E-02,3.993898034E-01,9.91E+37,9.91E+37,9.91E+37,9.91E+37,9.91E+37,9.91E+37,9.91E+37,9.91E+37,9.91E+37,9.91E+37,9.91E+37,9.91E+37,9.91E+37,9.91E+37,9.91E+37,9.91E+37,9.91E+37,9.91E+37,9.91E+37,9.91E+37,9.91E+37,9.91E+37,9.91E+37,9.91E+37,9.91E+37,9.91E+37,9.91E+37,9.91E+37,9.91E+37,9.91E+37,9.91E+37,9.91E+37,9.91E+37,9.91E+37,9.91E+37,3.055551322E-03,-2.350531984E-03
[2020/07/27 22:32:24.685858][I][set_Continue] Set continue
[2020/07/27 22:32:24.695909][I][writeEx] E6640A <= :INIT:CONT ON
[2020/07/27 22:32:35.636395][I][chk_Tx_Result] Check Tx result
[2020/07/27 22:32:35.636395][I][get_Trigger_Status] Get trigger status
[2020/07/27 22:32:35.645854][I][queryEx] E6640A <= *STB?
[2020/07/27 22:32:35.645854][I][queryEx] E6640A => 192
[2020/07/27 22:32:35.655854][I][get_Trigger_Status] Status: 192
[2020/07/27 22:32:35.655854]Is triggered!
[2020/07/27 22:32:35.655854][I][writeEx] E6640A <= *CLS
[2020/07/27 22:32:35.665855][I][set_Continue] Set continue
[2020/07/27 22:32:35.665855][I][writeEx] E6640A <= :INIT:CONT ON
[2020/07/27 22:32:35.776389][I][set_Single] Set single
[2020/07/27 22:32:35.785904][I][writeEx] E6640A <= :INIT:CONT OFF
[2020/07/27 22:32:35.795904][I][set_Zigbee_TX_BandPower] Set marker function
[2020/07/27 22:32:35.805891][I][writeEx] E6640A <= CALC:DDEMod:MARK1:MODE POS
[2020/07/27 22:32:35.805891][I][writeEx] E6640A <= CALC:DDEMod:MARK1:TRAC 2
[2020/07/27 22:32:35.815884][I][writeEx] E6640A <= CALC:DDEMod:MARK1:FUNC BPOW
[2020/07/27 22:32:35.815884][I][writeEx] E6640A <= CALC:DDEMod:MARK1:FUNC:BPOW:CTYP MEAN
[2020/07/27 22:32:35.825883][I][writeEx] E6640A <= CALC:DDEMod:MARK1:FUNC:BAND:CENT 2425000000.000000
[2020/07/27 22:32:36.136398][I][queryEx] E6640A <= *OPC?
[2020/07/27 22:32:36.146294][I][queryEx] E6640A => 1
[2020/07/27 22:32:36.146294][I][queryEx] E6640A <= CALC:DDEMod:MARK1:FUNC:BAND:CENT?
[2020/07/27 22:32:36.146294][I][queryEx] E6640A => 2.425000000E+09
[2020/07/27 22:32:36.155885][I][writeEx] E6640A <= CALC:DDEMod:MARK1:FUNC:BAND:SPAN 10000000.000000
[2020/07/27 22:32:36.466137][I][queryEx] E6640A <= *OPC?
[2020/07/27 22:32:36.466137][I][queryEx] E6640A => 1
[2020/07/27 22:32:36.475892][I][get_Power] Get Tx power
[2020/07/27 22:32:36.475892][I][queryEx] E6640A <= :CALC:DDEMod:MARK1:Y?
[2020/07/27 22:32:36.485869][I][queryEx] E6640A => 9.490068358E-01
[2020/07/27 22:32:36.485869][I][chk_Tx_Result] Tx power(add loss: 8.200000) = 9.149000 dBm
[2020/07/27 22:32:36.495854][I][read_DDEMod_Array] Read measurement result
[2020/07/27 22:32:36.495854][I][queryEx] E6640A <= :READ:DDEMod?
[2020/07/27 22:32:36.756393][I][queryEx] E6640A => 1.322671986E+01,3.872700882E+01,0.000000000E+00,2.950681686E+00,1.474142265E+01,0.000000000E+00,9.91E+37,9.91E+37,9.91E+37,3.832651973E-01,-9.031414986E-01,3.240000000E+02,1.075787544E+01,-3.180493927E+01,0.000000000E+00,2.486706055E+04,9.91E+37,9.91E+37,9.91E+37,9.91E+37,9.91E+37,-4.598835754E+01,9.91E+37,9.653072357E-01,7.088270038E-02,3.615727723E-01,9.91E+37,9.91E+37,9.91E+37,9.91E+37,9.91E+37,9.91E+37,9.91E+37,9.91E+37,9.91E+37,9.91E+37,9.91E+37,9.91E+37,9.91E+37,9.91E+37,9.91E+37,9.91E+37,9.91E+37,9.91E+37,9.91E+37,9.91E+37,9.91E+37,9.91E+37,9.91E+37,9.91E+37,9.91E+37,9.91E+37,9.91E+37,9.91E+37,9.91E+37,9.91E+37,9.91E+37,9.91E+37,9.91E+37,9.91E+37,9.91E+37,3.076848807E-03,-3.964756615E-03
[2020/07/27 22:32:36.765866][I][set_Continue] Set continue
[2020/07/27 22:32:36.765866][I][writeEx] E6640A <= :INIT:CONT ON
[2020/07/27 22:32:38.285873][I][set_Preset] System reset
[2020/07/27 22:32:38.295883][I][writeEx] E6640A <= *RST
[2020/07/27 22:32:38.295883][I][writeEx] E6640A <= *CLS
[2020/07/27 22:32:38.295883][I][writeEx] E6640A <= SYST:PRES
[2020/07/27 22:32:38.615866][I][queryEx] E6640A <= *OPC?
[2020/07/27 22:32:39.515856][I][queryEx] E6640A => 1
[2020/07/27 22:32:39.525853][I][set_Tx_Start] Set Tx start
[2020/07/27 22:32:39.535853][I][set_RFI_Port] Set input port
[2020/07/27 22:32:39.535853][I][writeEx] E6640A <= :FEED:RF:PORT:INPut RFIO1
[2020/07/27 22:32:39.545853][I][queryEx] E6640A <= :FEED:RF:PORT:INPut?
[2020/07/27 22:32:39.545853][I][queryEx] E6640A => RFIO1
[2020/07/27 22:32:39.545853][I][set_Modulation_Analysis] Set measurement function
[2020/07/27 22:32:39.555884][I][writeEx] E6640A <= INST:SEL VSA
[2020/07/27 22:32:39.866283][I][queryEx] E6640A <= *OPC?
[2020/07/27 22:32:39.866283][I][queryEx] E6640A => 1
[2020/07/27 22:32:39.875853][I][queryEx] E6640A <= INST:SEL?
[2020/07/27 22:32:39.875853][I][queryEx] E6640A => VSA
[2020/07/27 22:32:39.885884][I][writeEx] E6640A <= :CONFigure:DDEMod
[2020/07/27 22:32:40.196174][I][queryEx] E6640A <= *OPC?
[2020/07/27 22:32:40.356323][I][queryEx] E6640A => 1
[2020/07/27 22:32:40.375910][I][init_Zigbee_Mode] Initial Zigbee mode
[2020/07/27 22:32:40.385851][I][writeEx] E6640A <= :DDEM:STAN:PRES ZIGBEE2450
[2020/07/27 22:32:40.695858][I][queryEx] E6640A <= *OPC?
[2020/07/27 22:32:40.695858][I][queryEx] E6640A => 1
[2020/07/27 22:32:40.705853][I][set_Continue] Set continue
[2020/07/27 22:32:40.705853][I][writeEx] E6640A <= :INIT:CONT ON
[2020/07/27 22:32:40.715854][I][set_Freq] Set frequence
[2020/07/27 22:32:40.715854][I][writeEx] E6640A <= :FREQuency:CENTer 2455.0 MHz
[2020/07/27 22:32:40.725852][I][set_XScale_Span] Set frequence span
[2020/07/27 22:32:40.725852][I][writeEx] E6640A <= :FREQuency:SPAN 10000.000000 KHZ
[2020/07/27 22:32:40.735852][I][set_Power_Range] Get power range
[2020/07/27 22:32:40.735852][I][writeEx] E6640A <= :POW:RANG 20.000000
[2020/07/27 22:32:40.735852][I][set_Symbol_Rate] Get symbol rate
[2020/07/27 22:32:40.745882][I][writeEx] E6640A <= :DDEMod:SRATe 1000.000000 kHz
[2020/07/27 22:32:40.745882][I][set_Meas_Interval] Get meas interval
[2020/07/27 22:32:40.755907][I][writeEx] E6640A <= :DDEMod:SWEep:POINts 500
[2020/07/27 22:32:40.755907][I][set_Zigbee_TX_BandPower] Set marker function
[2020/07/27 22:32:40.765853][I][writeEx] E6640A <= CALC:DDEMod:MARK1:MODE POS
[2020/07/27 22:32:40.775853][I][writeEx] E6640A <= CALC:DDEMod:MARK1:TRAC 2
[2020/07/27 22:32:40.775853][I][writeEx] E6640A <= CALC:DDEMod:MARK1:FUNC BPOW
[2020/07/27 22:32:40.775853][I][writeEx] E6640A <= CALC:DDEMod:MARK1:FUNC:BPOW:CTYP MEAN
[2020/07/27 22:32:40.785893][I][writeEx] E6640A <= CALC:DDEMod:MARK1:FUNC:BAND:CENT 2455000000.000000
[2020/07/27 22:32:41.096315][I][queryEx] E6640A <= *OPC?
[2020/07/27 22:32:41.105864][I][queryEx] E6640A => 1
[2020/07/27 22:32:41.125860][I][queryEx] E6640A <= CALC:DDEMod:MARK1:FUNC:BAND:CENT?
[2020/07/27 22:32:41.135854][I][queryEx] E6640A => 2.455000000E+09
[2020/07/27 22:32:41.135854][I][writeEx] E6640A <= CALC:DDEMod:MARK1:FUNC:BAND:SPAN 10000000.000000
[2020/07/27 22:32:41.456151][I][queryEx] E6640A <= *OPC?
[2020/07/27 22:32:41.465854][I][queryEx] E6640A => 1
[2020/07/27 22:32:41.465854][I][set_Trigger_Video] Set trigger video
[2020/07/27 22:32:41.475853][I][writeEx] E6640A <= TRIG:DDEM:SOUR VID
[2020/07/27 22:32:41.785888][I][queryEx] E6640A <= *OPC?
[2020/07/27 22:32:41.785888][I][queryEx] E6640A => 1
[2020/07/27 22:32:41.795890][I][set_Trigger_Level] Set trigger level
[2020/07/27 22:32:41.795890][I][writeEx] E6640A <= :TRIGger:VIDeo:LEVel 30.000000 mV
[2020/07/27 22:32:41.805852][I][set_Trigger_Delay] Set trigger delay
[2020/07/27 22:32:41.805852][I][writeEx] E6640A <= :TRIGger:VIDeo:DELay:STATe ON
[2020/07/27 22:32:41.815853][I][queryEx] E6640A <= :TRIGger:VIDeo:DELay:STATe?
[2020/07/27 22:32:41.866536][I][queryEx] E6640A => 1
[2020/07/27 22:32:41.875855][I][writeEx] E6640A <= :TRIGger:VIDeo:DELay:STATe ON
[2020/07/27 22:32:41.875855][I][writeEx] E6640A <= :TRIGger:VIDeo:DELay 0.300000 ms
[2020/07/27 22:32:41.885890][I][init_Trigger_Reg] Initial trigger status register
[2020/07/27 22:32:41.885890][I][writeEx] E6640A <= *CLS
[2020/07/27 22:32:41.895856][I][writeEx] E6640A <= :STATus:PRESet
[2020/07/27 22:32:41.895856][I][writeEx] E6640A <= *SRE 192
[2020/07/27 22:32:41.905853][I][writeEx] E6640A <= :STATus:OPERation:ENABle 32
[2020/07/27 22:32:41.915852][I][writeEx] E6640A <= *CLS
[2020/07/27 22:32:41.915852][I][queryEx] E6640A <= *STB?
[2020/07/27 22:32:41.956114][I][queryEx] E6640A => 0
[2020/07/27 22:32:41.956114][I][init_Trigger_Reg] Status: 0
[2020/07/27 22:32:51.486391][I][chk_Tx_Result] Check Tx result
[2020/07/27 22:32:51.486391][I][get_Trigger_Status] Get trigger status
[2020/07/27 22:32:51.495881][I][queryEx] E6640A <= *STB?
[2020/07/27 22:32:51.495881][I][queryEx] E6640A => 192
[2020/07/27 22:32:51.505874][I][get_Trigger_Status] Status: 192
[2020/07/27 22:32:51.505874]Is triggered!
[2020/07/27 22:32:51.515881][I][writeEx] E6640A <= *CLS
[2020/07/27 22:32:51.515881][I][set_Continue] Set continue
[2020/07/27 22:32:51.525852][I][writeEx] E6640A <= :INIT:CONT ON
[2020/07/27 22:32:51.636269][I][set_Single] Set single
[2020/07/27 22:32:51.645902][I][writeEx] E6640A <= :INIT:CONT OFF
[2020/07/27 22:32:51.655900][I][set_Zigbee_TX_BandPower] Set marker function
[2020/07/27 22:32:51.665898][I][writeEx] E6640A <= CALC:DDEMod:MARK1:MODE POS
[2020/07/27 22:32:51.675869][I][writeEx] E6640A <= CALC:DDEMod:MARK1:TRAC 2
[2020/07/27 22:32:51.675869][I][writeEx] E6640A <= CALC:DDEMod:MARK1:FUNC BPOW
[2020/07/27 22:32:51.685886][I][writeEx] E6640A <= CALC:DDEMod:MARK1:FUNC:BPOW:CTYP MEAN
[2020/07/27 22:32:51.685886][I][writeEx] E6640A <= CALC:DDEMod:MARK1:FUNC:BAND:CENT 2455000000.000000
[2020/07/27 22:32:52.006322][I][queryEx] E6640A <= *OPC?
[2020/07/27 22:32:52.015897][I][queryEx] E6640A => 1
[2020/07/27 22:32:52.015897][I][queryEx] E6640A <= CALC:DDEMod:MARK1:FUNC:BAND:CENT?
[2020/07/27 22:32:52.015897][I][queryEx] E6640A => 2.455000000E+09
[2020/07/27 22:32:52.025877][I][writeEx] E6640A <= CALC:DDEMod:MARK1:FUNC:BAND:SPAN 10000000.000000
[2020/07/27 22:32:52.336361][I][queryEx] E6640A <= *OPC?
[2020/07/27 22:32:52.345851][I][queryEx] E6640A => 1
[2020/07/27 22:32:52.345851][I][get_Power] Get Tx power
[2020/07/27 22:32:52.345851][I][queryEx] E6640A <= :CALC:DDEMod:MARK1:Y?
[2020/07/27 22:32:52.355849][I][queryEx] E6640A => 1.296546640E+00
[2020/07/27 22:32:52.355849][I][chk_Tx_Result] Tx power(add loss: 8.900000) = 10.197000 dBm
[2020/07/27 22:32:52.365849][I][read_DDEMod_Array] Read measurement result
[2020/07/27 22:32:52.365849][I][queryEx] E6640A <= :READ:DDEMod?
[2020/07/27 22:32:52.515852][I][queryEx] E6640A => 1.378304386E+01,4.318436432E+01,2.230000000E+02,3.230281830E+00,1.623779488E+01,2.230000000E+02,9.91E+37,9.91E+37,9.91E+37,3.530877531E-01,-8.500039577E-01,1.990000000E+02,1.121969891E+01,3.547211456E+01,2.230000000E+02,2.528423242E+04,9.91E+37,9.91E+37,9.91E+37,9.91E+37,9.91E+37,-4.804317474E+01,9.91E+37,9.623460770E-01,-2.169062197E-02,3.569366336E-01,9.91E+37,9.91E+37,9.91E+37,9.91E+37,9.91E+37,9.91E+37,9.91E+37,9.91E+37,9.91E+37,9.91E+37,9.91E+37,9.91E+37,9.91E+37,9.91E+37,9.91E+37,9.91E+37,9.91E+37,9.91E+37,9.91E+37,9.91E+37,9.91E+37,9.91E+37,9.91E+37,9.91E+37,9.91E+37,9.91E+37,9.91E+37,9.91E+37,9.91E+37,9.91E+37,9.91E+37,9.91E+37,9.91E+37,9.91E+37,9.91E+37,2.680477221E-03,-2.916709520E-03
[2020/07/27 22:32:52.525850][I][set_Continue] Set continue
[2020/07/27 22:32:52.525850][I][writeEx] E6640A <= :INIT:CONT ON
[2020/07/27 22:33:03.506174][I][chk_Tx_Result] Check Tx result
[2020/07/27 22:33:03.506174][I][get_Trigger_Status] Get trigger status
[2020/07/27 22:33:03.515884][I][queryEx] E6640A <= *STB?
[2020/07/27 22:33:03.515884][I][queryEx] E6640A => 192
[2020/07/27 22:33:03.525876][I][get_Trigger_Status] Status: 192
[2020/07/27 22:33:03.525876]Is triggered!
[2020/07/27 22:33:03.535847][I][writeEx] E6640A <= *CLS
[2020/07/27 22:33:03.535847][I][set_Continue] Set continue
[2020/07/27 22:33:03.545876][I][writeEx] E6640A <= :INIT:CONT ON
[2020/07/27 22:33:03.656284][I][set_Single] Set single
[2020/07/27 22:33:03.656284][I][writeEx] E6640A <= :INIT:CONT OFF
[2020/07/27 22:33:03.665847][I][set_Zigbee_TX_BandPower] Set marker function
[2020/07/27 22:33:03.665847][I][writeEx] E6640A <= CALC:DDEMod:MARK1:MODE POS
[2020/07/27 22:33:03.665847][I][writeEx] E6640A <= CALC:DDEMod:MARK1:TRAC 2
[2020/07/27 22:33:03.675869][I][writeEx] E6640A <= CALC:DDEMod:MARK1:FUNC BPOW
[2020/07/27 22:33:03.675869][I][writeEx] E6640A <= CALC:DDEMod:MARK1:FUNC:BPOW:CTYP MEAN
[2020/07/27 22:33:03.685877][I][writeEx] E6640A <= CALC:DDEMod:MARK1:FUNC:BAND:CENT 2455000000.000000
[2020/07/27 22:33:03.995929][I][queryEx] E6640A <= *OPC?
[2020/07/27 22:33:03.995929][I][queryEx] E6640A => 1
[2020/07/27 22:33:04.005847][I][queryEx] E6640A <= CALC:DDEMod:MARK1:FUNC:BAND:CENT?
[2020/07/27 22:33:04.005847][I][queryEx] E6640A => 2.455000000E+09
[2020/07/27 22:33:04.005847][I][writeEx] E6640A <= CALC:DDEMod:MARK1:FUNC:BAND:SPAN 10000000.000000
[2020/07/27 22:33:04.325903][I][queryEx] E6640A <= *OPC?
[2020/07/27 22:33:04.335896][I][queryEx] E6640A => 1
[2020/07/27 22:33:04.345881][I][get_Power] Get Tx power
[2020/07/27 22:33:04.355848][I][queryEx] E6640A <= :CALC:DDEMod:MARK1:Y?
[2020/07/27 22:33:04.365883][I][queryEx] E6640A => 2.168963167E-01
[2020/07/27 22:33:04.365883][I][chk_Tx_Result] Tx power(add loss: 8.900000) = 9.117000 dBm
[2020/07/27 22:33:04.375906][I][read_DDEMod_Array] Read measurement result
[2020/07/27 22:33:04.375906][I][queryEx] E6640A <= :READ:DDEMod?
[2020/07/27 22:33:04.526369][I][queryEx] E6640A => 1.417038250E+01,4.225745392E+01,1.660000000E+02,3.379432201E+00,1.583399963E+01,1.660000000E+02,9.91E+37,9.91E+37,9.91E+37,5.299593210E-01,-1.216685772E+00,2.920000000E+02,1.153135109E+01,3.483482361E+01,1.660000000E+02,2.530596484E+04,9.91E+37,9.91E+37,9.91E+37,9.91E+37,9.91E+37,-4.338468170E+01,9.91E+37,9.601945877E-01,1.191859320E-01,3.909780681E-01,9.91E+37,9.91E+37,9.91E+37,9.91E+37,9.91E+37,9.91E+37,9.91E+37,9.91E+37,9.91E+37,9.91E+37,9.91E+37,9.91E+37,9.91E+37,9.91E+37,9.91E+37,9.91E+37,9.91E+37,9.91E+37,9.91E+37,9.91E+37,9.91E+37,9.91E+37,9.91E+37,9.91E+37,9.91E+37,9.91E+37,9.91E+37,9.91E+37,9.91E+37,9.91E+37,9.91E+37,9.91E+37,9.91E+37,9.91E+37,9.91E+37,4.657800775E-03,-4.916828591E-03
[2020/07/27 22:33:04.535849][I][set_Continue] Set continue
[2020/07/27 22:33:04.555878][I][writeEx] E6640A <= :INIT:CONT ON
[2020/07/27 22:33:06.075911][I][set_Preset] System reset
[2020/07/27 22:33:06.075911][I][writeEx] E6640A <= *RST
[2020/07/27 22:33:06.085866][I][writeEx] E6640A <= *CLS
[2020/07/27 22:33:06.085866][I][writeEx] E6640A <= SYST:PRES
[2020/07/27 22:33:06.396401][I][queryEx] E6640A <= *OPC?
[2020/07/27 22:33:07.315899][I][queryEx] E6640A => 1
[2020/07/27 22:33:07.325876][I][set_Tx_Start] Set Tx start
[2020/07/27 22:33:07.325876][I][set_RFI_Port] Set input port
[2020/07/27 22:33:07.335845][I][writeEx] E6640A <= :FEED:RF:PORT:INPut RFIO1
[2020/07/27 22:33:07.335845][I][queryEx] E6640A <= :FEED:RF:PORT:INPut?
[2020/07/27 22:33:07.345845][I][queryEx] E6640A => RFIO1
[2020/07/27 22:33:07.345845][I][set_Modulation_Analysis] Set measurement function
[2020/07/27 22:33:07.355870][I][writeEx] E6640A <= INST:SEL VSA
[2020/07/27 22:33:07.666388][I][queryEx] E6640A <= *OPC?
[2020/07/27 22:33:07.675907][I][queryEx] E6640A => 1
[2020/07/27 22:33:07.675907][I][queryEx] E6640A <= INST:SEL?
[2020/07/27 22:33:07.675907][I][queryEx] E6640A => VSA
[2020/07/27 22:33:07.685890][I][writeEx] E6640A <= :CONFigure:DDEMod
[2020/07/27 22:33:07.996355][I][queryEx] E6640A <= *OPC?
[2020/07/27 22:33:08.166102][I][queryEx] E6640A => 1
[2020/07/27 22:33:08.175845][I][init_Zigbee_Mode] Initial Zigbee mode
[2020/07/27 22:33:08.175845][I][writeEx] E6640A <= :DDEM:STAN:PRES ZIGBEE2450
[2020/07/27 22:33:08.486360][I][queryEx] E6640A <= *OPC?
[2020/07/27 22:33:08.495844][I][queryEx] E6640A => 1
[2020/07/27 22:33:08.495844][I][set_Continue] Set continue
[2020/07/27 22:33:08.495844][I][writeEx] E6640A <= :INIT:CONT ON
[2020/07/27 22:33:08.505845][I][set_Freq] Set frequence
[2020/07/27 22:33:08.505845][I][writeEx] E6640A <= :FREQuency:CENTer 2470.0 MHz
[2020/07/27 22:33:08.515848][I][set_XScale_Span] Set frequence span
[2020/07/27 22:33:08.515848][I][writeEx] E6640A <= :FREQuency:SPAN 10000.000000 KHZ
[2020/07/27 22:33:08.525845][I][set_Power_Range] Get power range
[2020/07/27 22:33:08.525845][I][writeEx] E6640A <= :POW:RANG 20.000000
[2020/07/27 22:33:08.535859][I][set_Symbol_Rate] Get symbol rate
[2020/07/27 22:33:08.535859][I][writeEx] E6640A <= :DDEMod:SRATe 1000.000000 kHz
[2020/07/27 22:33:08.545857][I][set_Meas_Interval] Get meas interval
[2020/07/27 22:33:08.545857][I][writeEx] E6640A <= :DDEMod:SWEep:POINts 500
[2020/07/27 22:33:08.555866][I][set_Zigbee_TX_BandPower] Set marker function
[2020/07/27 22:33:08.555866][I][writeEx] E6640A <= CALC:DDEMod:MARK1:MODE POS
[2020/07/27 22:33:08.555866][I][writeEx] E6640A <= CALC:DDEMod:MARK1:TRAC 2
[2020/07/27 22:33:08.565846][I][writeEx] E6640A <= CALC:DDEMod:MARK1:FUNC BPOW
[2020/07/27 22:33:08.575850][I][writeEx] E6640A <= CALC:DDEMod:MARK1:FUNC:BPOW:CTYP MEAN
[2020/07/27 22:33:08.575850][I][writeEx] E6640A <= CALC:DDEMod:MARK1:FUNC:BAND:CENT 2470000000.000000
[2020/07/27 22:33:08.886076][I][queryEx] E6640A <= *OPC?
[2020/07/27 22:33:08.895907][I][queryEx] E6640A => 1
[2020/07/27 22:33:08.895907][I][queryEx] E6640A <= CALC:DDEMod:MARK1:FUNC:BAND:CENT?
[2020/07/27 22:33:08.906149][I][queryEx] E6640A => 2.470000000E+09
[2020/07/27 22:33:08.906149][I][writeEx] E6640A <= CALC:DDEMod:MARK1:FUNC:BAND:SPAN 10000000.000000
[2020/07/27 22:33:09.226382][I][queryEx] E6640A <= *OPC?
[2020/07/27 22:33:09.235883][I][queryEx] E6640A => 1
[2020/07/27 22:33:09.235883][I][set_Trigger_Video] Set trigger video
[2020/07/27 22:33:09.245883][I][writeEx] E6640A <= TRIG:DDEM:SOUR VID
[2020/07/27 22:33:09.556180][I][queryEx] E6640A <= *OPC?
[2020/07/27 22:33:09.565848][I][queryEx] E6640A => 1
[2020/07/27 22:33:09.565848][I][set_Trigger_Level] Set trigger level
[2020/07/27 22:33:09.565848][I][writeEx] E6640A <= :TRIGger:VIDeo:LEVel 30.000000 mV
[2020/07/27 22:33:09.575845][I][set_Trigger_Delay] Set trigger delay
[2020/07/27 22:33:09.575845][I][writeEx] E6640A <= :TRIGger:VIDeo:DELay:STATe ON
[2020/07/27 22:33:09.585862][I][queryEx] E6640A <= :TRIGger:VIDeo:DELay:STATe?
[2020/07/27 22:33:09.645847][I][queryEx] E6640A => 1
[2020/07/27 22:33:09.655856][I][writeEx] E6640A <= :TRIGger:VIDeo:DELay:STATe ON
[2020/07/27 22:33:09.655856][I][writeEx] E6640A <= :TRIGger:VIDeo:DELay 0.300000 ms
[2020/07/27 22:33:09.665845][I][init_Trigger_Reg] Initial trigger status register
[2020/07/27 22:33:09.665845][I][writeEx] E6640A <= *CLS
[2020/07/27 22:33:09.675876][I][writeEx] E6640A <= :STATus:PRESet
[2020/07/27 22:33:09.675876][I][writeEx] E6640A <= *SRE 192
[2020/07/27 22:33:09.685844][I][writeEx] E6640A <= :STATus:OPERation:ENABle 32
[2020/07/27 22:33:09.685844][I][writeEx] E6640A <= *CLS
[2020/07/27 22:33:09.695844][I][queryEx] E6640A <= *STB?
[2020/07/27 22:33:09.725968][I][queryEx] E6640A => 0
[2020/07/27 22:33:09.735881][I][init_Trigger_Reg] Status: 0
[2020/07/27 22:33:19.195930][I][chk_Tx_Result] Check Tx result
[2020/07/27 22:33:19.205844][I][get_Trigger_Status] Get trigger status
[2020/07/27 22:33:19.215880][I][queryEx] E6640A <= *STB?
[2020/07/27 22:33:19.225841][I][queryEx] E6640A => 192
[2020/07/27 22:33:19.225841][I][get_Trigger_Status] Status: 192
[2020/07/27 22:33:19.235882]Is triggered!
[2020/07/27 22:33:19.235882][I][writeEx] E6640A <= *CLS
[2020/07/27 22:33:19.235882][I][set_Continue] Set continue
[2020/07/27 22:33:19.245843][I][writeEx] E6640A <= :INIT:CONT ON
[2020/07/27 22:33:19.355898][I][set_Single] Set single
[2020/07/27 22:33:19.365844][I][writeEx] E6640A <= :INIT:CONT OFF
[2020/07/27 22:33:19.375892][I][set_Zigbee_TX_BandPower] Set marker function
[2020/07/27 22:33:19.385846][I][writeEx] E6640A <= CALC:DDEMod:MARK1:MODE POS
[2020/07/27 22:33:19.395887][I][writeEx] E6640A <= CALC:DDEMod:MARK1:TRAC 2
[2020/07/27 22:33:19.405842][I][writeEx] E6640A <= CALC:DDEMod:MARK1:FUNC BPOW
[2020/07/27 22:33:19.405842][I][writeEx] E6640A <= CALC:DDEMod:MARK1:FUNC:BPOW:CTYP MEAN
[2020/07/27 22:33:19.415870][I][writeEx] E6640A <= CALC:DDEMod:MARK1:FUNC:BAND:CENT 2470000000.000000
[2020/07/27 22:33:19.726267][I][queryEx] E6640A <= *OPC?
[2020/07/27 22:33:19.735842][I][queryEx] E6640A => 1
[2020/07/27 22:33:19.735842][I][queryEx] E6640A <= CALC:DDEMod:MARK1:FUNC:BAND:CENT?
[2020/07/27 22:33:19.735842][I][queryEx] E6640A => 2.470000000E+09
[2020/07/27 22:33:19.745844][I][writeEx] E6640A <= CALC:DDEMod:MARK1:FUNC:BAND:SPAN 10000000.000000
[2020/07/27 22:33:20.056381][I][queryEx] E6640A <= *OPC?
[2020/07/27 22:33:20.056381][I][queryEx] E6640A => 1
[2020/07/27 22:33:20.065903][I][get_Power] Get Tx power
[2020/07/27 22:33:20.065903][I][queryEx] E6640A <= :CALC:DDEMod:MARK1:Y?
[2020/07/27 22:33:20.075873][I][queryEx] E6640A => 1.620803376E+00
[2020/07/27 22:33:20.075873][I][chk_Tx_Result] Tx power(add loss: 8.800000) = 10.421000 dBm
[2020/07/27 22:33:20.085900][I][read_DDEMod_Array] Read measurement result
[2020/07/27 22:33:20.085900][I][queryEx] E6640A <= :READ:DDEMod?
[2020/07/27 22:33:20.236267][I][queryEx] E6640A => 1.498981953E+01,4.228578949E+01,2.560000000E+02,3.600567102E+00,1.652856064E+01,2.010000000E+02,9.91E+37,9.91E+37,9.91E+37,4.616081119E-01,-9.624481201E-01,3.890000000E+02,1.219964218E+01,3.464360046E+01,2.560000000E+02,2.551425000E+04,9.91E+37,9.91E+37,9.91E+37,9.91E+37,9.91E+37,-4.430061340E+01,9.91E+37,9.555369616E-01,3.752962872E-02,4.260674119E-01,9.91E+37,9.91E+37,9.91E+37,9.91E+37,9.91E+37,9.91E+37,9.91E+37,9.91E+37,9.91E+37,9.91E+37,9.91E+37,9.91E+37,9.91E+37,9.91E+37,9.91E+37,9.91E+37,9.91E+37,9.91E+37,9.91E+37,9.91E+37,9.91E+37,9.91E+37,9.91E+37,9.91E+37,9.91E+37,9.91E+37,9.91E+37,9.91E+37,9.91E+37,9.91E+37,9.91E+37,9.91E+37,9.91E+37,9.91E+37,9.91E+37,5.156757776E-03,-3.249017289E-03
[2020/07/27 22:33:20.245842][I][set_Continue] Set continue
[2020/07/27 22:33:20.245842][I][writeEx] E6640A <= :INIT:CONT ON
[2020/07/27 22:33:31.235845][I][chk_Tx_Result] Check Tx result
[2020/07/27 22:33:31.235845][I][get_Trigger_Status] Get trigger status
[2020/07/27 22:33:31.245883][I][queryEx] E6640A <= *STB?
[2020/07/27 22:33:31.245883][I][queryEx] E6640A => 192
[2020/07/27 22:33:31.255867][I][get_Trigger_Status] Status: 192
[2020/07/27 22:33:31.255867]Is triggered!
[2020/07/27 22:33:31.265843][I][writeEx] E6640A <= *CLS
[2020/07/27 22:33:31.265843][I][set_Continue] Set continue
[2020/07/27 22:33:31.275838][I][writeEx] E6640A <= :INIT:CONT ON
[2020/07/27 22:33:31.386253][I][set_Single] Set single
[2020/07/27 22:33:31.386253][I][writeEx] E6640A <= :INIT:CONT OFF
[2020/07/27 22:33:31.395838][I][set_Zigbee_TX_BandPower] Set marker function
[2020/07/27 22:33:31.395838][I][writeEx] E6640A <= CALC:DDEMod:MARK1:MODE POS
[2020/07/27 22:33:31.405868][I][writeEx] E6640A <= CALC:DDEMod:MARK1:TRAC 2
[2020/07/27 22:33:31.405868][I][writeEx] E6640A <= CALC:DDEMod:MARK1:FUNC BPOW
[2020/07/27 22:33:31.415874][I][writeEx] E6640A <= CALC:DDEMod:MARK1:FUNC:BPOW:CTYP MEAN
[2020/07/27 22:33:31.415874][I][writeEx] E6640A <= CALC:DDEMod:MARK1:FUNC:BAND:CENT 2470000000.000000
[2020/07/27 22:33:31.736257][I][queryEx] E6640A <= *OPC?
[2020/07/27 22:33:31.745837][I][queryEx] E6640A => 1
[2020/07/27 22:33:31.745837][I][queryEx] E6640A <= CALC:DDEMod:MARK1:FUNC:BAND:CENT?
[2020/07/27 22:33:31.755838][I][queryEx] E6640A => 2.470000000E+09
[2020/07/27 22:33:31.755838][I][writeEx] E6640A <= CALC:DDEMod:MARK1:FUNC:BAND:SPAN 10000000.000000
[2020/07/27 22:33:32.076345][I][queryEx] E6640A <= *OPC?
[2020/07/27 22:33:32.085876][I][queryEx] E6640A => 1
[2020/07/27 22:33:32.085876][I][get_Power] Get Tx power
[2020/07/27 22:33:32.085876][I][queryEx] E6640A <= :CALC:DDEMod:MARK1:Y?
[2020/07/27 22:33:32.095838][I][queryEx] E6640A => 5.374598514E-01
[2020/07/27 22:33:32.095838][I][chk_Tx_Result] Tx power(add loss: 8.800000) = 9.337000 dBm
[2020/07/27 22:33:32.105837][I][read_DDEMod_Array] Read measurement result
[2020/07/27 22:33:32.105837][I][queryEx] E6640A <= :READ:DDEMod?
[2020/07/27 22:33:32.265887][I][queryEx] E6640A => 1.444375134E+01,3.828424835E+01,3.300000000E+01,3.467625856E+00,1.445090199E+01,0.000000000E+00,9.91E+37,9.91E+37,9.91E+37,4.355838299E-01,9.260594845E-01,2.210000000E+02,1.175448227E+01,-3.136493301E+01,3.300000000E+01,2.551306250E+04,9.91E+37,9.91E+37,9.91E+37,9.91E+37,9.91E+37,-4.482266998E+01,9.91E+37,9.586729407E-01,3.622033447E-02,4.127480090E-01,9.91E+37,9.91E+37,9.91E+37,9.91E+37,9.91E+37,9.91E+37,9.91E+37,9.91E+37,9.91E+37,9.91E+37,9.91E+37,9.91E+37,9.91E+37,9.91E+37,9.91E+37,9.91E+37,9.91E+37,9.91E+37,9.91E+37,9.91E+37,9.91E+37,9.91E+37,9.91E+37,9.91E+37,9.91E+37,9.91E+37,9.91E+37,9.91E+37,9.91E+37,9.91E+37,9.91E+37,9.91E+37,9.91E+37,9.91E+37,9.91E+37,3.601813223E-03,-4.468518309E-03
[2020/07/27 22:33:32.275844][I][set_Continue] Set continue
[2020/07/27 22:33:32.275844][I][writeEx] E6640A <= :INIT:CONT ON
[2020/07/27 22:33:33.815838][I][set_Preset] System reset
[2020/07/27 22:33:33.825895][I][writeEx] E6640A <= *RST
[2020/07/27 22:33:33.825895][I][writeEx] E6640A <= *CLS
[2020/07/27 22:33:33.835899][I][writeEx] E6640A <= SYST:PRES
[2020/07/27 22:33:34.146228][I][queryEx] E6640A <= *OPC?
[2020/07/27 22:33:35.046350][I][queryEx] E6640A => 1
[2020/07/27 22:33:35.055837][I][set_Rx_OneTone] Set Rx one tone
[2020/07/27 22:33:35.065837][I][set_RFO_Port] Set output port
[2020/07/27 22:33:35.065837][I][writeEx] E6640A <= :FEED:RF:PORT:OUTPut RFIO1
[2020/07/27 22:33:35.075838][I][queryEx] E6640A <= :FEED:RF:PORT:OUTPut?
[2020/07/27 22:33:35.075838][I][queryEx] E6640A => RFIO1
[2020/07/27 22:33:35.085880][I][set_OneTone_Freq] Set One Tone frequence
[2020/07/27 22:33:35.085880][I][writeEx] E6640A <= :SOUR:FREQ 2445.0 MHz
[2020/07/27 22:33:35.095866][I][set_OneTone_Power] Set One Tone power
[2020/07/27 22:33:35.095866][I][writeEx] E6640A <= :SOURce:POWer -16.1
[2020/07/27 22:33:44.985852][I][set_OneTone_Start] Set One Tone start
[2020/07/27 22:33:44.995834][I][writeEx] E6640A <= OUTP ON
[2020/07/27 22:33:50.185892][I][set_OneTone_Stop] Set One Tone stop
[2020/07/27 22:33:50.195849][I][writeEx] E6640A <= OUTP OFF
[2020/07/27 22:33:50.205869][I][set_Rx_OneTone] Set Rx one tone
[2020/07/27 22:33:50.215836][I][set_RFO_Port] Set output port
[2020/07/27 22:33:50.215836][I][writeEx] E6640A <= :FEED:RF:PORT:OUTPut RFIO1
[2020/07/27 22:33:50.225834][I][queryEx] E6640A <= :FEED:RF:PORT:OUTPut?
[2020/07/27 22:33:50.225834][I][queryEx] E6640A => RFIO1
[2020/07/27 22:33:50.235854][I][set_OneTone_Freq] Set One Tone frequence
[2020/07/27 22:33:50.235854][I][writeEx] E6640A <= :SOUR:FREQ 2445.0 MHz
[2020/07/27 22:33:50.245864][I][set_OneTone_Power] Set One Tone power
[2020/07/27 22:33:50.245864][I][writeEx] E6640A <= :SOURce:POWer -16.1
[2020/07/27 22:33:59.255860][I][set_OneTone_Start] Set One Tone start
[2020/07/27 22:33:59.255860][I][writeEx] E6640A <= OUTP ON
[2020/07/27 22:34:04.405883][I][set_OneTone_Stop] Set One Tone stop
[2020/07/27 22:34:04.415844][I][writeEx] E6640A <= OUTP OFF
[2020/07/27 22:34:04.565836][I][disconnect_E6640A] Disconnect E6640A
[2020/07/27 22:34:04.575868]========== End ==========
