[2020/07/27 22:32:06.795863] ========== Start ==========
[2020/07/27 22:32:06.805863] [I][main] Python 3.7.2 (tags/v3.7.2:9a3ffc0492, Dec 23 2018, 23:09:28) [MSC v.1916 64 bit (AMD64)]
[2020/07/27 22:32:06.805863] [I][main] GFI20_RF_Zigbee.py 3.0.0.3
[2020/07/27 22:32:06.805863] [I][readINI] ---------- INI ----------
[2020/07/27 22:32:06.815893] [I][readINI] SKU = 1
[2020/07/27 22:32:06.815893] [I][readINI] InstrumentINI = GFI20_Zigbee_Instrument_Setting
[2020/07/27 22:32:06.815893] [I][readINI] ---------- Test Plan 1 ----------
[2020/07/27 22:32:06.815893] [I][readINI] TestPlan1 = ZIGBEE_2450;15/2425,21/2455,24/2470;TX_Power
[2020/07/27 22:32:06.815893] [I][readINI] CableLoss = ['8.2', '8.9', '8.8'] dBm
[2020/07/27 22:32:06.825893] [I][readINI] TX_Power = ['0', '0', '0'] dBm
[2020/07/27 22:32:06.825893] [I][readINI] Calibration_ON = 1
[2020/07/27 22:32:06.825893] [I][readINI] Ca_Tx_Power_Target = ['9.2', '9.2', '9.2']
[2020/07/27 22:32:06.835862] [I][readINI] Ca_Tx_Power_Gap = ['0.5', '0.5', '0.5']
[2020/07/27 22:32:06.835862] [I][readINI] Ca_Tx_Power_Offset = ['0.86', '0.86', '0.86']
[2020/07/27 22:32:06.835862] [I][readINI] Current_ON = 1
[2020/07/27 22:32:06.835862] [I][readINI] TX_Current_SpecMax = ['0.18', '0.18', '0.18'] A
[2020/07/27 22:32:06.835862] [I][readINI] TX_Current_SpecMin = ['0.045', '0.045', '0.045'] A
[2020/07/27 22:32:06.845861] [I][readINI] TX_Power_SpecMax = ['11', '11', '11'] dBm
[2020/07/27 22:32:06.845861] [I][readINI] TX_Power_SpecMin = ['6', '6', '6'] dBm
[2020/07/27 22:32:06.845861] [I][readINI] ---------- Test Plan 1 ----------
[2020/07/27 22:32:06.855862] [I][readINI] ---------- Test Plan 2 ----------
[2020/07/27 22:32:06.855862] [I][readINI] TestPlan2 = ZIGBEE_2450;19/2445;RX_RSSI
[2020/07/27 22:32:06.855862] [I][readINI] CableLoss = ['8.9'] dBm
[2020/07/27 22:32:06.855862] [I][readINI] RX_Cell_Power = ['-25'] dBm
[2020/07/27 22:32:06.865903] [I][readINI] RX_LNAON_RSSI_SpecMax = ['-9'] %
[2020/07/27 22:32:06.865903] [I][readINI] RX_LNAON_RSSI_SpecMin = ['-18'] %
[2020/07/27 22:32:06.865903] [I][readINI] RX_LNAOFF_RSSI_SpecMax = ['-24'] %
[2020/07/27 22:32:06.865903] [I][readINI] RX_LNAOFF_RSSI_SpecMin = ['-30'] %
[2020/07/27 22:32:06.875900] [I][readINI] ---------- Test Plan 2 ----------
[2020/07/27 22:32:06.885862] [I][readINI] StartButton_ON = 0
[2020/07/27 22:32:06.885862] [I][readINI] FailAutoExit = False
[2020/07/27 22:32:06.885862] [I][readINI] FailRetryAll = False
[2020/07/27 22:32:06.895875] [I][readINI] RFDatabase = True
[2020/07/27 22:32:06.895875] [I][readINI] EC = 010000S01
[2020/07/27 22:32:06.895875] [I][readINI] ---------- INI ----------
[2020/07/27 22:32:06.895875] [I][readInstrumentINI] ---------- Common ----------
[2020/07/27 22:32:06.905862] [I][readInstrumentINI] Instrument_Name = E6640A
[2020/07/27 22:32:06.905862] [I][readInstrumentINI] Instrument_IP_Addr = TCPIP0::192.168.1.2::hislip0::INSTR
[2020/07/27 22:32:06.905862] [I][readInstrumentINI] PowerSupplier_Name = 66321B
[2020/07/27 22:32:06.915863] [I][readInstrumentINI] PowerSupplier_Addr = GPIB0::5::INSTR
[2020/07/27 22:32:06.915863] [I][readInstrumentINI] Current_Delay = 0.5
[2020/07/27 22:32:06.915863] [I][readInstrumentINI] ---------- Common ----------
[2020/07/27 22:32:06.915863] [I][readInstrumentINI] ---------- ZIGBEE_2450 ----------
[2020/07/27 22:32:06.925862] [I][readInstrumentINI] RFIO_Input = 1
[2020/07/27 22:32:06.925862] [I][readInstrumentINI] Tx_Span = 10000.0 kHz
[2020/07/27 22:32:06.925862] [I][readInstrumentINI] Tx_PowRange = 20.0 dBm
[2020/07/27 22:32:06.935891] [I][readInstrumentINI] Tx_SymbolRate = 1000.0 kHz
[2020/07/27 22:32:06.935891] [I][readInstrumentINI] Tx_MeasInterval = 500
[2020/07/27 22:32:06.935891] [I][readInstrumentINI] Tx_TrigLevel = 30.0 mV
[2020/07/27 22:32:06.935891] [I][readInstrumentINI] Tx_TrigDelay = 0.3 ms
[2020/07/27 22:32:06.945863] [I][readInstrumentINI] RFIO_Output = 1
[2020/07/27 22:32:06.945863] [I][readInstrumentINI] ---------- ZIGBEE_2450 ----------
[2020/07/27 22:32:06.945863] ---------- StartTest ----------
[2020/07/27 22:32:06.965862] [I][chkDUTConnect] Connect to DUT
[2020/07/27 22:32:06.975862] [I][chkDUTConnect] Check DUT status
[2020/07/27 22:32:07.855914] [I][chkDUTConnect] Success
[2020/07/27 22:32:07.866118] [I][chkE6640AConnect] Connect to E6640A
[2020/07/27 22:32:09.135927] [I][chkE6640AConnect] Preset E6640A status
[2020/07/27 22:32:10.205952] [I][chkE6640AConnect] success
[2020/07/27 22:32:10.595897] ---------- Test Plan 1 ----------
[2020/07/27 22:32:10.605893] [I][startTestPlan]---------- ZIGBEE_2450 Freq 2425 ----------
[2020/07/27 22:32:10.605893] [I][startTestPlan]---------- Measure Tx Start ----------
[2020/07/27 22:32:10.615861] [I][startTestPlan] Preset E6640A
[2020/07/27 22:32:11.675911] [I][startTestPlan] Success
[2020/07/27 22:32:11.685911] [I][startTestPlan] Set Tx Start
[2020/07/27 22:32:14.046141] [I][startTestPlan] Success
[2020/07/27 22:32:14.055861] [I][startTestPlan] Set DUT Tx
[2020/07/27 22:32:20.445911] [I][startTestPlan] Success
[2020/07/27 22:32:20.445911] [I][startTestPlan] Start DUT Tx
[2020/07/27 22:32:23.125909] [I][startTestPlan] Success
[2020/07/27 22:32:24.695909] [I][startTestPlan] 9.803999999999998, 10.222, 14.329
[2020/07/27 22:32:25.266412] [I][startTestPlan] 0.099
[2020/07/27 22:32:25.275858] [I][startTestPlan] Stop DUT Tx
[2020/07/27 22:32:26.185912] [I][startTestPlan] Success
[2020/07/27 22:32:26.195856] [I][startTestPlan] Calibration
[2020/07/27 22:32:26.195856] [I][startTestPlan] Calculate DUT Tx Power
[2020/07/27 22:32:26.195856] [I][startTestPlan] DUT Tx Power: -1
[2020/07/27 22:32:26.205858] [I][startTestPlan] Measure again
[2020/07/27 22:32:26.205858] [I][startTestPlan] Set DUT Tx
[2020/07/27 22:32:32.455854] [I][startTestPlan] Success
[2020/07/27 22:32:32.455854] [I][startTestPlan] Start DUT Tx
[2020/07/27 22:32:35.125854] [I][startTestPlan] Success
[2020/07/27 22:32:36.775909] [I][startTestPlan] 9.149, 10.254, 13.227
[2020/07/27 22:32:37.346476] [I][startTestPlan] 0.079
[2020/07/27 22:32:37.346476] [I][startTestPlan] Stop DUT Tx
[2020/07/27 22:32:38.245904] [I][startTestPlan] Success
[2020/07/27 22:32:38.255853] [I][startTestPlan] Power: 9.149 dBm
[2020/07/27 22:32:38.255853] [I][startTestPlan] Freq Err: 10.254 ppm
[2020/07/27 22:32:38.255853] [I][startTestPlan] EVM: 13.227 %
[2020/07/27 22:32:38.265852] [I][startTestPlan] Current: 0.079 A
[2020/07/27 22:32:38.265852] [I][startTestPlan] Check Tx Result
[2020/07/27 22:32:38.275854] [I][startBTTest] Tx Test Time: 27.67
[2020/07/27 22:32:38.275854] [I][startTestPlan]---------- ZIGBEE_2450 Freq 2455 ----------
[2020/07/27 22:32:38.275854] [I][startTestPlan]---------- Measure Tx Start ----------
[2020/07/27 22:32:38.285873] [I][startTestPlan] Preset E6640A
[2020/07/27 22:32:39.525853] [I][startTestPlan] Success
[2020/07/27 22:32:39.525853] [I][startTestPlan] Set Tx Start
[2020/07/27 22:32:41.965852] [I][startTestPlan] Success
[2020/07/27 22:32:41.965852] [I][startTestPlan] Set DUT Tx
[2020/07/27 22:32:48.265859] [I][startTestPlan] Success
[2020/07/27 22:32:48.275881] [I][startTestPlan] Start DUT Tx
[2020/07/27 22:32:50.975850] [I][startTestPlan] Success
[2020/07/27 22:32:52.535851] [I][startTestPlan] 10.197000000000001, 10.299, 13.783
[2020/07/27 22:32:53.095895] [I][startTestPlan] 0.077
[2020/07/27 22:32:53.105896] [I][startTestPlan] Stop DUT Tx
[2020/07/27 22:32:54.025852] [I][startTestPlan] Success
[2020/07/27 22:32:54.035856] [I][startTestPlan] Calibration
[2020/07/27 22:32:54.035856] [I][startTestPlan] Calculate DUT Tx Power
[2020/07/27 22:32:54.035856] [I][startTestPlan] DUT Tx Power: -1
[2020/07/27 22:32:54.045849] [I][startTestPlan] Measure again
[2020/07/27 22:32:54.045849] [I][startTestPlan] Set DUT Tx
[2020/07/27 22:33:00.335898] [I][startTestPlan] Success
[2020/07/27 22:33:00.345848] [I][startTestPlan] Start DUT Tx
[2020/07/27 22:33:02.995875] [I][startTestPlan] Success
[2020/07/27 22:33:04.555878] [I][startTestPlan] 9.117, 10.308, 14.17
[2020/07/27 22:33:05.125909] [I][startTestPlan] 0.077
[2020/07/27 22:33:05.135851] [I][startTestPlan] Stop DUT Tx
[2020/07/27 22:33:06.035865] [I][startTestPlan] Success
[2020/07/27 22:33:06.035865] [I][startTestPlan] Power: 9.117 dBm
[2020/07/27 22:33:06.045877] [I][startTestPlan] Freq Err: 10.308 ppm
[2020/07/27 22:33:06.045877] [I][startTestPlan] EVM: 14.17 %
[2020/07/27 22:33:06.045877] [I][startTestPlan] Current: 0.077 A
[2020/07/27 22:33:06.055876] [I][startTestPlan] Check Tx Result
[2020/07/27 22:33:06.055876] [I][startBTTest] Tx Test Time: 27.78
[2020/07/27 22:33:06.065877] [I][startTestPlan]---------- ZIGBEE_2450 Freq 2470 ----------
[2020/07/27 22:33:06.065877] [I][startTestPlan]---------- Measure Tx Start ----------
[2020/07/27 22:33:06.065877] [I][startTestPlan] Preset E6640A
[2020/07/27 22:33:07.315899] [I][startTestPlan] Success
[2020/07/27 22:33:07.325876] [I][startTestPlan] Set Tx Start
[2020/07/27 22:33:09.735881] [I][startTestPlan] Success
[2020/07/27 22:33:09.745854] [I][startTestPlan] Set DUT Tx
[2020/07/27 22:33:15.975842] [I][startTestPlan] Success
[2020/07/27 22:33:15.985842] [I][startTestPlan] Start DUT Tx
[2020/07/27 22:33:18.685870] [I][startTestPlan] Success
[2020/07/27 22:33:20.245842] [I][startTestPlan] 10.421000000000001, 10.33, 14.99
[2020/07/27 22:33:20.815893] [I][startTestPlan] 0.077
[2020/07/27 22:33:20.815893] [I][startTestPlan] Stop DUT Tx
[2020/07/27 22:33:21.745842] [I][startTestPlan] Success
[2020/07/27 22:33:21.745842] [I][startTestPlan] Calibration
[2020/07/27 22:33:21.755841] [I][startTestPlan] Calculate DUT Tx Power
[2020/07/27 22:33:21.755841] [I][startTestPlan] DUT Tx Power: -1
[2020/07/27 22:33:21.765840] [I][startTestPlan] Measure again
[2020/07/27 22:33:21.765840] [I][startTestPlan] Set DUT Tx
[2020/07/27 22:33:28.045897] [I][startTestPlan] Success
[2020/07/27 22:33:28.055839] [I][startTestPlan] Start DUT Tx
[2020/07/27 22:33:30.725867] [I][startTestPlan] Success
[2020/07/27 22:33:32.285837] [I][startTestPlan] 9.337000000000002, 10.329, 14.444
[2020/07/27 22:33:32.845898] [I][startTestPlan] 0.074
[2020/07/27 22:33:32.845898] [I][startTestPlan] Stop DUT Tx
[2020/07/27 22:33:33.765880] [I][startTestPlan] Success
[2020/07/27 22:33:33.775843] [I][startTestPlan] Power: 9.337000000000002 dBm
[2020/07/27 22:33:33.775843] [I][startTestPlan] Freq Err: 10.329 ppm
[2020/07/27 22:33:33.785838] [I][startTestPlan] EVM: 14.444 %
[2020/07/27 22:33:33.785838] [I][startTestPlan] Current: 0.074 A
[2020/07/27 22:33:33.795837] [I][startTestPlan] Check Tx Result
[2020/07/27 22:33:33.795837] [I][startBTTest] Tx Test Time: 27.73
[2020/07/27 22:33:33.805838] ---------- Test Plan 2 ----------
[2020/07/27 22:33:33.805838] [I][startTestPlan]---------- ZIGBEE_2450 Freq 2445 ----------
[2020/07/27 22:33:33.815838] [I][startTestPlan]---------- Measure Rx Start ----------
[2020/07/27 22:33:33.815838] [I][startTestPlan] Preset E6640A
[2020/07/27 22:33:35.046350] [I][startTestPlan] Success
[2020/07/27 22:33:35.055837] [I][startTestPlan]---------- LNA ON ----------
[2020/07/27 22:33:35.055837] [I][startTestPlan] Set Rx one tone
[2020/07/27 22:33:35.105837] [I][startTestPlan] Success
[2020/07/27 22:33:35.105837] [I][startTestPlan] Set DUT Rx
[2020/07/27 22:33:39.585900] [I][startTestPlan] Success
[2020/07/27 22:33:44.985852] [I][startTestPlan] Success
[2020/07/27 22:33:50.185892] [I][startTestPlan] Rx RSSI: -16 dBm
[2020/07/27 22:33:50.195849] [I][startTestPlan]---------- LNA OFF ----------
[2020/07/27 22:33:50.205869] [I][startTestPlan] Set Rx one tone
[2020/07/27 22:33:50.255846] [I][startTestPlan] Success
[2020/07/27 22:33:50.255846] [I][startTestPlan] Set DUT Rx
[2020/07/27 22:33:54.755868] [I][startTestPlan] Success
[2020/07/27 22:33:59.245888] [I][startTestPlan] Success
[2020/07/27 22:34:04.405883] [I][startTestPlan] Rx RSSI: -28 dBm
[2020/07/27 22:34:04.415844] [I][startTestPlan] Check Rx Result
[2020/07/27 22:34:04.425859] [I][startBTTest] Rx Test Time: 30.62
[2020/07/27 22:34:04.425859] [I][startBTTest] Copy calibration data
[2020/07/27 22:34:04.446097] [I][startBTTest] Write Calibration Data
[2020/07/27 22:34:04.945987] [I][TestResult] Test Pass!
