[2020/07/27 22:39:16.116665] ========== Start ==========
[2020/07/27 22:39:16.126652] [I][main] Python 3.7.2 (tags/v3.7.2:9a3ffc0492, Dec 23 2018, 23:09:28) [MSC v.1916 64 bit (AMD64)]
[2020/07/27 22:39:16.126652] [I][main] GFI20_RF_LTE.py 3.0.0.11
[2020/07/27 22:39:16.126652] [I][readINI] ---------- INI ----------
[2020/07/27 22:39:16.126652] [I][readINI] StartButton_ON = 0
[2020/07/27 22:39:16.136684] [I][readINI] FailAutoExit = False
[2020/07/27 22:39:16.136684] [I][readINI] FailRetryAll = False
[2020/07/27 22:39:16.136684] [I][readINI] RFDatabase = True
[2020/07/27 22:39:16.136684] [I][readINI] USB4_COM = COM16
[2020/07/27 22:39:16.136684] [I][readINI] EC = 010000L01
[2020/07/27 22:39:16.146688] [I][readINI] SKU = 1
[2020/07/27 22:39:16.157283] [I][readINI] InstrumentINI = GFI20_LTE_Instrument_Setting_1
[2020/07/27 22:39:16.157283] [I][readINI] ---------- Test Plan 1 ----------
[2020/07/27 22:39:16.157283] [I][readINI] TestPlan1 = LTE_3G;2878/897,9750/1950.4;TX_Power
[2020/07/27 22:39:16.166649] [I][readINI] CableLoss = ['0.5', '0.75'] dBm
[2020/07/27 22:39:16.166649] [I][readINI] Current_ON = 1
[2020/07/27 22:39:16.166649] [I][readINI] TX_Current_SpecMax = ['0.4', '0.35'] A
[2020/07/27 22:39:16.166649] [I][readINI] TX_Current_SpecMin = ['0.2', '0.15'] A
[2020/07/27 22:39:16.166649] [I][readINI] TX_Power = ['384', '384'] dBm
[2020/07/27 22:39:16.176647] [I][readINI] TX_Power_SpecMax = ['26', '23.5'] dBm
[2020/07/27 22:39:16.176647] [I][readINI] TX_Power_SpecMin = ['21', '18.5'] dBm
[2020/07/27 22:39:16.186652] [I][readINI] ---------- Test Plan 1 ----------
[2020/07/27 22:39:16.186652] [I][readINI] ---------- Test Plan 2 ----------
[2020/07/27 22:39:16.186652] [I][readINI] TestPlan2 = LTE_2G;124/914.8;TX_Power
[2020/07/27 22:39:16.186652] [I][readINI] CableLoss = ['0.5'] dBm
[2020/07/27 22:39:16.186652] [I][readINI] Current_ON = 1
[2020/07/27 22:39:16.196683] [I][readINI] TX_Current_SpecMax = ['0.25'] A
[2020/07/27 22:39:16.196683] [I][readINI] TX_Current_SpecMin = ['0.08'] A
[2020/07/27 22:39:16.196683] [I][readINI] TX_Power = ['0'] dBm
[2020/07/27 22:39:16.206648] [I][readINI] TX_Power_SpecMax = ['35'] dBm
[2020/07/27 22:39:16.206648] [I][readINI] TX_Power_SpecMin = ['28'] dBm
[2020/07/27 22:39:16.206648] [I][readINI] ---------- Test Plan 2 ----------
[2020/07/27 22:39:16.206648] [I][readINI] ---------- Test Plan 3 ----------
[2020/07/27 22:39:16.216682] [I][readINI] TestPlan3 = LTE_2G;124/959.8;RX_RSSI
[2020/07/27 22:39:16.216682] [I][readINI] CableLoss = ['8'] dBm
[2020/07/27 22:39:16.216682] [I][readINI] Current_ON = 0
[2020/07/27 22:39:16.226684] [I][readINI] RX_Cell_Power = ['-60'] dBm
[2020/07/27 22:39:16.226684] [I][readINI] RX_RSSI_SpecMax = ['-55'] %
[2020/07/27 22:39:16.226684] [I][readINI] RX_RSSI_SpecMin = ['-65'] %
[2020/07/27 22:39:16.236648] [I][readINI] ---------- Test Plan 3 ----------
[2020/07/27 22:39:16.246648] [I][readINI] ---------- INI ----------
[2020/07/27 22:39:16.246648] [I][readInstrumentINI] ---------- Instrument INI ----------
[2020/07/27 22:39:16.246648] [I][readInstrumentINI] [Method1_Common]
[2020/07/27 22:39:16.246648] [I][readInstrumentINI] DUT_Number = 1
[2020/07/27 22:39:16.256648] [I][readInstrumentINI] Instrument_Name = E6640A
[2020/07/27 22:39:16.256648] [I][readInstrumentINI] Instrument_IP_Addr = TCPIP0::192.168.1.2::hislip0::INSTR
[2020/07/27 22:39:16.256648] [I][readInstrumentINI] PowerSupplier_Name = 66321B
[2020/07/27 22:39:16.266684] [I][readInstrumentINI] PowerSupplier_Addr = GPIB0::5::INSTR
[2020/07/27 22:39:16.266684] [I][readInstrumentINI] Current_Delay = 1.0
[2020/07/27 22:39:16.266684] [I][readInstrumentINI] [LTE_3G]
[2020/07/27 22:39:16.266684] [I][readInstrumentINI] RFIO_Input = 1
[2020/07/27 22:39:16.276648] [I][readInstrumentINI] Tx_PowRange = 30.0 dBm
[2020/07/27 22:39:16.276648] [I][readInstrumentINI] Tx_TrigDelay = 0.1 ms
[2020/07/27 22:39:16.276648] [I][readInstrumentINI] [LTE_2G]
[2020/07/27 22:39:16.286685] [I][readInstrumentINI] RFIO_Input = 1
[2020/07/27 22:39:16.286685] [I][readInstrumentINI] Tx_PowRange = 30.0 dBm
[2020/07/27 22:39:16.286685] [I][readInstrumentINI] Tx_TrigDelay = 2.0 ms
[2020/07/27 22:39:16.296657] [I][readInstrumentINI] RFIO_Output = 1
[2020/07/27 22:39:16.296657] [I][readInstrumentINI] Rx_WaveName = CTX10_RFLTE_20160809.wfm
[2020/07/27 22:39:16.296657] [I][readInstrumentINI] Rx_SampleRate = 100 kHz
[2020/07/27 22:39:16.306685] [I][readInstrumentINI] ---------- Instrument INI ----------
[2020/07/27 22:39:16.306685] ---------- StartTest ----------
[2020/07/27 22:39:16.316648] [I][ConnectCOM] Start to connect DUT.
[2020/07/27 22:39:16.316648] [I][ConnectCOM] Connect DUT succesfully by COM.
[2020/07/27 22:39:16.326689] [I][setTestMode] Start to set test mode.
[2020/07/27 22:39:16.326689] [I][sendCOMCommand] Send DUT Command: b'AT#TESTMODE="TM"\r\n'
[2020/07/27 22:39:16.977161] [W][sendCOMCommand] DUT return: None
[2020/07/27 22:39:22.036682] [I][setTestMode] 
COM14: Telit Mobile (USB4) (COM14) [USB VID:PID=1BC7:0021 SER=000000000000000 LOCATION=1-2.2:x.8]
[2020/07/27 22:39:22.046648] [I][setTestMode] 
COM15: Telit Mobile (USB2) (COM15) [USB VID:PID=1BC7:0021 SER=000000000000000 LOCATION=1-2.2:x.4]
[2020/07/27 22:39:22.046648] [I][setTestMode] 
COM16: Telit Mobile (USB3) (COM16) [USB VID:PID=1BC7:0021 SER=000000000000000 LOCATION=1-2.2:x.6]
[2020/07/27 22:39:22.046648] [I][setTestMode] 
COM17: Telit Mobile (USB1) (COM17) [USB VID:PID=1BC7:0021 SER=000000000000000 LOCATION=1-2.2:x.2]
[2020/07/27 22:39:22.056646] [I][setTestMode] 
COM19: Telit Mobile (USB5) (COM19) [USB VID:PID=1BC7:0021 LOCATION=1-2.2:x.4]
[2020/07/27 22:39:22.056646] [I][sendCOMCommand] Send DUT Command: b'AT#TESTMODE="TM"\r\n'
[2020/07/27 22:39:22.736701] [W][sendCOMCommand] DUT return: None
[2020/07/27 22:39:27.796688] [I][setTestMode] 
COM14: Telit Mobile (USB4) (COM14) [USB VID:PID=1BC7:0021 SER=000000000000000 LOCATION=1-2.2:x.8]
[2020/07/27 22:39:27.796688] [I][setTestMode] 
COM15: Telit Mobile (USB2) (COM15) [USB VID:PID=1BC7:0021 SER=000000000000000 LOCATION=1-2.2:x.4]
[2020/07/27 22:39:27.796688] [I][setTestMode] 
COM16: Telit Mobile (USB3) (COM16) [USB VID:PID=1BC7:0021 SER=000000000000000 LOCATION=1-2.2:x.6]
[2020/07/27 22:39:27.806693] [I][setTestMode] 
COM17: Telit Mobile (USB1) (COM17) [USB VID:PID=1BC7:0021 SER=000000000000000 LOCATION=1-2.2:x.2]
[2020/07/27 22:39:27.806693] [I][setTestMode] 
COM19: Telit Mobile (USB5) (COM19) [USB VID:PID=1BC7:0021 LOCATION=1-2.2:x.4]
[2020/07/27 22:39:27.816681] [I][sendCOMCommand] Send DUT Command: b'AT#TESTMODE="TM"\r\n'
[2020/07/27 22:39:28.487179] [W][sendCOMCommand] DUT return: None
[2020/07/27 22:39:33.546680] [I][setTestMode] 
COM14: Telit Mobile (USB4) (COM14) [USB VID:PID=1BC7:0021 SER=000000000000000 LOCATION=1-2.2:x.8]
[2020/07/27 22:39:33.546680] [I][setTestMode] 
COM15: Telit Mobile (USB2) (COM15) [USB VID:PID=1BC7:0021 SER=000000000000000 LOCATION=1-2.2:x.4]
[2020/07/27 22:39:33.546680] [I][setTestMode] 
COM16: Telit Mobile (USB3) (COM16) [USB VID:PID=1BC7:0021 SER=000000000000000 LOCATION=1-2.2:x.6]
[2020/07/27 22:39:33.556643] [I][setTestMode] 
COM17: Telit Mobile (USB1) (COM17) [USB VID:PID=1BC7:0021 SER=000000000000000 LOCATION=1-2.2:x.2]
[2020/07/27 22:39:33.556643] [I][setTestMode] 
COM19: Telit Mobile (USB5) (COM19) [USB VID:PID=1BC7:0021 LOCATION=1-2.2:x.4]
[2020/07/27 22:39:33.556643] [I][sendCOMCommand] Send DUT Command: b'AT#TESTMODE="TM"\r\n'
[2020/07/27 22:39:34.227180] [W][sendCOMCommand] DUT return: None
[2020/07/27 22:39:39.286643] [I][setTestMode] 
COM14: Telit Mobile (USB4) (COM14) [USB VID:PID=1BC7:0021 SER=000000000000000 LOCATION=1-2.2:x.8]
[2020/07/27 22:39:39.296676] [I][setTestMode] 
COM15: Telit Mobile (USB2) (COM15) [USB VID:PID=1BC7:0021 SER=000000000000000 LOCATION=1-2.2:x.4]
[2020/07/27 22:39:39.306642] [I][setTestMode] 
COM16: Telit Mobile (USB3) (COM16) [USB VID:PID=1BC7:0021 SER=000000000000000 LOCATION=1-2.2:x.6]
[2020/07/27 22:39:39.316644] [I][setTestMode] 
COM17: Telit Mobile (USB1) (COM17) [USB VID:PID=1BC7:0021 SER=000000000000000 LOCATION=1-2.2:x.2]
[2020/07/27 22:39:39.326647] [I][setTestMode] 
COM19: Telit Mobile (USB5) (COM19) [USB VID:PID=1BC7:0021 LOCATION=1-2.2:x.4]
[2020/07/27 22:39:39.326647] [I][sendCOMCommand] Send DUT Command: b'AT#TESTMODE="TM"\r\n'
[2020/07/27 22:39:39.997185] [W][sendCOMCommand] DUT return: None
[2020/07/27 22:39:45.046645] [I][setTestMode] 
COM14: Telit Mobile (USB4) (COM14) [USB VID:PID=1BC7:0021 SER=000000000000000 LOCATION=1-2.2:x.8]
[2020/07/27 22:39:45.046645] [I][setTestMode] 
COM15: Telit Mobile (USB2) (COM15) [USB VID:PID=1BC7:0021 SER=000000000000000 LOCATION=1-2.2:x.4]
[2020/07/27 22:39:45.046645] [I][setTestMode] 
COM16: Telit Mobile (USB3) (COM16) [USB VID:PID=1BC7:0021 SER=000000000000000 LOCATION=1-2.2:x.6]
[2020/07/27 22:39:45.056639] [I][setTestMode] 
COM17: Telit Mobile (USB1) (COM17) [USB VID:PID=1BC7:0021 SER=000000000000000 LOCATION=1-2.2:x.2]
[2020/07/27 22:39:45.056639] [I][setTestMode] 
COM19: Telit Mobile (USB5) (COM19) [USB VID:PID=1BC7:0021 LOCATION=1-2.2:x.4]
[2020/07/27 22:39:45.066680] [I][sendCOMCommand] Send DUT Command: b'AT#TESTMODE="TM"\r\n'
[2020/07/27 22:39:45.726686] [W][sendCOMCommand] DUT return: None
[2020/07/27 22:39:50.806675] [I][setTestMode] 
COM14: Telit Mobile (USB4) (COM14) [USB VID:PID=1BC7:0021 SER=000000000000000 LOCATION=1-2.2:x.8]
[2020/07/27 22:39:50.806675] [I][setTestMode] 
COM15: Telit Mobile (USB2) (COM15) [USB VID:PID=1BC7:0021 SER=000000000000000 LOCATION=1-2.2:x.4]
[2020/07/27 22:39:50.816678] [I][setTestMode] 
COM16: Telit Mobile (USB3) (COM16) [USB VID:PID=1BC7:0021 SER=000000000000000 LOCATION=1-2.2:x.6]
[2020/07/27 22:39:50.816678] [I][setTestMode] 
COM17: Telit Mobile (USB1) (COM17) [USB VID:PID=1BC7:0021 SER=000000000000000 LOCATION=1-2.2:x.2]
[2020/07/27 22:39:50.826637] [I][setTestMode] 
COM19: Telit Mobile (USB5) (COM19) [USB VID:PID=1BC7:0021 LOCATION=1-2.2:x.4]
[2020/07/27 22:39:50.826637] [I][sendCOMCommand] Send DUT Command: b'AT#TESTMODE="TM"\r\n'
[2020/07/27 22:39:51.517186] [W][sendCOMCommand] DUT return: None
[2020/07/27 22:39:56.576637] [I][setTestMode] 
COM14: Telit Mobile (USB4) (COM14) [USB VID:PID=1BC7:0021 SER=000000000000000 LOCATION=1-2.2:x.8]
[2020/07/27 22:39:56.576637] [I][setTestMode] 
COM15: Telit Mobile (USB2) (COM15) [USB VID:PID=1BC7:0021 SER=000000000000000 LOCATION=1-2.2:x.4]
[2020/07/27 22:39:56.576637] [I][setTestMode] 
COM16: Telit Mobile (USB3) (COM16) [USB VID:PID=1BC7:0021 SER=000000000000000 LOCATION=1-2.2:x.6]
[2020/07/27 22:39:56.586636] [I][setTestMode] 
COM17: Telit Mobile (USB1) (COM17) [USB VID:PID=1BC7:0021 SER=000000000000000 LOCATION=1-2.2:x.2]
[2020/07/27 22:39:56.596669] [I][setTestMode] 
COM19: Telit Mobile (USB5) (COM19) [USB VID:PID=1BC7:0021 LOCATION=1-2.2:x.4]
[2020/07/27 22:39:56.596669] [I][sendCOMCommand] Send DUT Command: b'AT#TESTMODE="TM"\r\n'
[2020/07/27 22:39:57.237080] [W][sendCOMCommand] DUT return: None
[2020/07/27 22:40:02.296637] [I][setTestMode] 
COM14: Telit Mobile (USB4) (COM14) [USB VID:PID=1BC7:0021 SER=000000000000000 LOCATION=1-2.2:x.8]
[2020/07/27 22:40:02.296637] [I][setTestMode] 
COM15: Telit Mobile (USB2) (COM15) [USB VID:PID=1BC7:0021 SER=000000000000000 LOCATION=1-2.2:x.4]
[2020/07/27 22:40:02.306650] [I][setTestMode] 
COM16: Telit Mobile (USB3) (COM16) [USB VID:PID=1BC7:0021 SER=000000000000000 LOCATION=1-2.2:x.6]
[2020/07/27 22:40:02.306650] [I][setTestMode] 
COM17: Telit Mobile (USB1) (COM17) [USB VID:PID=1BC7:0021 SER=000000000000000 LOCATION=1-2.2:x.2]
[2020/07/27 22:40:02.316634] [I][setTestMode] 
COM19: Telit Mobile (USB5) (COM19) [USB VID:PID=1BC7:0021 LOCATION=1-2.2:x.4]
[2020/07/27 22:40:02.316634] [I][sendCOMCommand] Send DUT Command: b'AT#TESTMODE="TM"\r\n'
[2020/07/27 22:40:02.986689] [W][sendCOMCommand] DUT return: None
[2020/07/27 22:40:08.046681] [I][setTestMode] 
COM14: Telit Mobile (USB4) (COM14) [USB VID:PID=1BC7:0021 SER=000000000000000 LOCATION=1-2.2:x.8]
[2020/07/27 22:40:08.046681] [I][setTestMode] 
COM15: Telit Mobile (USB2) (COM15) [USB VID:PID=1BC7:0021 SER=000000000000000 LOCATION=1-2.2:x.4]
[2020/07/27 22:40:08.056634] [I][setTestMode] 
COM16: Telit Mobile (USB3) (COM16) [USB VID:PID=1BC7:0021 SER=000000000000000 LOCATION=1-2.2:x.6]
[2020/07/27 22:40:08.056634] [I][setTestMode] 
COM17: Telit Mobile (USB1) (COM17) [USB VID:PID=1BC7:0021 SER=000000000000000 LOCATION=1-2.2:x.2]
[2020/07/27 22:40:08.066633] [I][setTestMode] 
COM19: Telit Mobile (USB5) (COM19) [USB VID:PID=1BC7:0021 LOCATION=1-2.2:x.4]
[2020/07/27 22:40:08.066633] [I][sendCOMCommand] Send DUT Command: b'AT#TESTMODE="TM"\r\n'
[2020/07/27 22:40:08.737044] [W][sendCOMCommand] DUT return: None
[2020/07/27 22:40:13.766634] [I][setTestMode] 
COM14: Telit Mobile (USB4) (COM14) [USB VID:PID=1BC7:0021 SER=000000000000000 LOCATION=1-2.2:x.8]
[2020/07/27 22:40:13.776631] [I][setTestMode] 
COM15: Telit Mobile (USB2) (COM15) [USB VID:PID=1BC7:0021 SER=000000000000000 LOCATION=1-2.2:x.4]
[2020/07/27 22:40:13.776631] [I][setTestMode] 
COM16: Telit Mobile (USB3) (COM16) [USB VID:PID=1BC7:0021 SER=000000000000000 LOCATION=1-2.2:x.6]
[2020/07/27 22:40:13.786631] [I][setTestMode] 
COM17: Telit Mobile (USB1) (COM17) [USB VID:PID=1BC7:0021 SER=000000000000000 LOCATION=1-2.2:x.2]
[2020/07/27 22:40:13.786631] [I][setTestMode] 
COM19: Telit Mobile (USB5) (COM19) [USB VID:PID=1BC7:0021 LOCATION=1-2.2:x.4]
[2020/07/27 22:40:13.796631] [I][ConnectCOM] Start to connect DUT.
[2020/07/27 22:40:13.796631] [E][ConnectCOM] could not open port '0': FileNotFoundError(2, '系統找不到指定的檔案。', None, 2)
[2020/07/27 22:40:13.806668] [E][ConnectCOM] Retry 1 times Fail
[2020/07/27 22:40:14.316915] [E][ConnectCOM] could not open port '0': FileNotFoundError(2, '系統找不到指定的檔案。', None, 2)
[2020/07/27 22:40:14.326633] [E][ConnectCOM] Retry 2 times Fail
[2020/07/27 22:40:14.857042] [E][ConnectCOM] could not open port '0': FileNotFoundError(2, '系統找不到指定的檔案。', None, 2)
[2020/07/27 22:40:14.857042] [E][ConnectCOM] Retry 3 times Fail
[2020/07/27 22:40:15.377172] [I][ConnectCOM] Retry to connect DUT timeout.
[2020/07/27 22:40:38.946023] [I][pressCancelBtn] User click cancel button!
[2020/07/27 22:40:38.972834] [I][setNormalMode] Start to set normal mode.
[2020/07/27 22:40:38.978814] [E][sendTMCOMCommand] Not connect serial COM!!
[2020/07/27 22:40:44.031159] [I][setNormalMode] Get USB4 COM Number
[2020/07/27 22:40:44.201112] [I][setNormalMode] Get normal mode COM: COM14
[2020/07/27 22:40:44.211139] [E][sendTMCOMCommand] Not connect serial COM!!
[2020/07/27 22:40:49.231852] [I][setNormalMode] Get USB4 COM Number
[2020/07/27 22:40:49.401134] [I][setNormalMode] Get normal mode COM: COM14
[2020/07/27 22:40:49.401134] [E][sendTMCOMCommand] Not connect serial COM!!
[2020/07/27 22:40:54.441111] [I][setNormalMode] Get USB4 COM Number
[2020/07/27 22:40:54.621111] [I][setNormalMode] Get normal mode COM: COM14
[2020/07/27 22:40:54.621111] [E][sendTMCOMCommand] Not connect serial COM!!
[2020/07/27 22:40:59.661653] [I][setNormalMode] Get USB4 COM Number
[2020/07/27 22:40:59.831109] [I][setNormalMode] Get normal mode COM: COM14
[2020/07/27 22:40:59.841151] [E][sendTMCOMCommand] Not connect serial COM!!
[2020/07/27 22:41:04.881651] [I][setNormalMode] Get USB4 COM Number
[2020/07/27 22:41:05.061121] [I][setNormalMode] Get normal mode COM: COM14
[2020/07/27 22:41:05.061121] [I][disconnectDUT] Disconnect DUT success
[2020/07/27 22:41:05.071108] [I][TestResult] Test Fail! Retry to connect DUT timeout.
[2020/07/27 22:41:05.081423] ========== End MDUT ==========


