[2020/07/27 22:37:13.877281] ========== Start ==========
[2020/07/27 22:37:13.877281] [I][main] Python 3.7.2 (tags/v3.7.2:9a3ffc0492, Dec 23 2018, 23:09:28) [MSC v.1916 64 bit (AMD64)]
[2020/07/27 22:37:13.877281] [I][main] GFI20_RF_Zigbee.py 3.0.0.3
[2020/07/27 22:37:13.887277] [I][readINI] ---------- INI ----------
[2020/07/27 22:37:13.887277] [I][readINI] SKU = 1
[2020/07/27 22:37:13.887277] [I][readINI] InstrumentINI = GFI20_Zigbee_Instrument_Setting
[2020/07/27 22:37:13.887277] [I][readINI] ---------- Test Plan 1 ----------
[2020/07/27 22:37:13.897277] [I][readINI] TestPlan1 = ZIGBEE_2450;15/2425,21/2455,24/2470;TX_Power
[2020/07/27 22:37:13.897277] [I][readINI] CableLoss = ['8.2', '8.9', '8.8'] dBm
[2020/07/27 22:37:13.897277] [I][readINI] TX_Power = ['0', '0', '0'] dBm
[2020/07/27 22:37:13.907277] [I][readINI] Calibration_ON = 1
[2020/07/27 22:37:13.907277] [I][readINI] Ca_Tx_Power_Target = ['9.2', '9.2', '9.2']
[2020/07/27 22:37:13.907277] [I][readINI] Ca_Tx_Power_Gap = ['0.5', '0.5', '0.5']
[2020/07/27 22:37:13.907277] [I][readINI] Ca_Tx_Power_Offset = ['0.86', '0.86', '0.86']
[2020/07/27 22:37:13.907277] [I][readINI] Current_ON = 1
[2020/07/27 22:37:13.917277] [I][readINI] TX_Current_SpecMax = ['0.18', '0.18', '0.18'] A
[2020/07/27 22:37:13.917277] [I][readINI] TX_Current_SpecMin = ['0.045', '0.045', '0.045'] A
[2020/07/27 22:37:13.917277] [I][readINI] TX_Power_SpecMax = ['11', '11', '11'] dBm
[2020/07/27 22:37:13.927277] [I][readINI] TX_Power_SpecMin = ['6', '6', '6'] dBm
[2020/07/27 22:37:13.927277] [I][readINI] ---------- Test Plan 1 ----------
[2020/07/27 22:37:13.927277] [I][readINI] ---------- Test Plan 2 ----------
[2020/07/27 22:37:13.927277] [I][readINI] TestPlan2 = ZIGBEE_2450;19/2445;RX_RSSI
[2020/07/27 22:37:13.937277] [I][readINI] CableLoss = ['8.9'] dBm
[2020/07/27 22:37:13.937277] [I][readINI] RX_Cell_Power = ['-25'] dBm
[2020/07/27 22:37:13.937277] [I][readINI] RX_LNAON_RSSI_SpecMax = ['-9'] %
[2020/07/27 22:37:13.937277] [I][readINI] RX_LNAON_RSSI_SpecMin = ['-18'] %
[2020/07/27 22:37:13.947278] [I][readINI] RX_LNAOFF_RSSI_SpecMax = ['-24'] %
[2020/07/27 22:37:13.947278] [I][readINI] RX_LNAOFF_RSSI_SpecMin = ['-30'] %
[2020/07/27 22:37:13.947278] [I][readINI] ---------- Test Plan 2 ----------
[2020/07/27 22:37:13.957276] [I][readINI] StartButton_ON = 0
[2020/07/27 22:37:13.957276] [I][readINI] FailAutoExit = False
[2020/07/27 22:37:13.967277] [I][readINI] FailRetryAll = False
[2020/07/27 22:37:13.967277] [I][readINI] RFDatabase = True
[2020/07/27 22:37:13.967277] [I][readINI] EC = 010000S01
[2020/07/27 22:37:13.967277] [I][readINI] ---------- INI ----------
[2020/07/27 22:37:13.977276] [I][readInstrumentINI] ---------- Common ----------
[2020/07/27 22:37:13.977276] [I][readInstrumentINI] Instrument_Name = E6640A
[2020/07/27 22:37:13.977276] [I][readInstrumentINI] Instrument_IP_Addr = TCPIP0::192.168.1.2::hislip0::INSTR
[2020/07/27 22:37:13.977276] [I][readInstrumentINI] PowerSupplier_Name = 66321B
[2020/07/27 22:37:13.987277] [I][readInstrumentINI] PowerSupplier_Addr = GPIB0::5::INSTR
[2020/07/27 22:37:13.987277] [I][readInstrumentINI] Current_Delay = 0.5
[2020/07/27 22:37:13.987277] [I][readInstrumentINI] ---------- Common ----------
[2020/07/27 22:37:13.987277] [I][readInstrumentINI] ---------- ZIGBEE_2450 ----------
[2020/07/27 22:37:13.997286] [I][readInstrumentINI] RFIO_Input = 1
[2020/07/27 22:37:13.997286] [I][readInstrumentINI] Tx_Span = 10000.0 kHz
[2020/07/27 22:37:13.997286] [I][readInstrumentINI] Tx_PowRange = 20.0 dBm
[2020/07/27 22:37:14.007277] [I][readInstrumentINI] Tx_SymbolRate = 1000.0 kHz
[2020/07/27 22:37:14.007277] [I][readInstrumentINI] Tx_MeasInterval = 500
[2020/07/27 22:37:14.007277] [I][readInstrumentINI] Tx_TrigLevel = 30.0 mV
[2020/07/27 22:37:14.007277] [I][readInstrumentINI] Tx_TrigDelay = 0.3 ms
[2020/07/27 22:37:14.017276] [I][readInstrumentINI] RFIO_Output = 1
[2020/07/27 22:37:14.017276] [I][readInstrumentINI] ---------- ZIGBEE_2450 ----------
[2020/07/27 22:37:14.017276] ---------- StartTest ----------
[2020/07/27 22:37:14.037287] [I][chkDUTConnect] Connect to DUT
[2020/07/27 22:37:14.047277] [I][chkDUTConnect] Check DUT status
[2020/07/27 22:37:14.927580] [I][chkDUTConnect] Success
[2020/07/27 22:37:14.947276] [I][chkE6640AConnect] Connect to E6640A
[2020/07/27 22:37:16.107281] [I][chkE6640AConnect] Preset E6640A status
[2020/07/27 22:37:17.187279] [I][chkE6640AConnect] success
[2020/07/27 22:37:17.527287] ---------- Test Plan 1 ----------
[2020/07/27 22:37:17.537276] [I][startTestPlan]---------- ZIGBEE_2450 Freq 2425 ----------
[2020/07/27 22:37:17.537276] [I][startTestPlan]---------- Measure Tx Start ----------
[2020/07/27 22:37:17.547277] [I][startTestPlan] Preset E6640A
[2020/07/27 22:37:18.607822] [I][startTestPlan] Success
[2020/07/27 22:37:18.617319] [I][startTestPlan] Set Tx Start
[2020/07/27 22:37:20.987276] [I][startTestPlan] Success
[2020/07/27 22:37:20.987276] [I][startTestPlan] Set DUT Tx
[2020/07/27 22:37:27.207277] [I][startTestPlan] Success
[2020/07/27 22:37:27.217280] [I][startTestPlan] Start DUT Tx
[2020/07/27 22:37:29.887309] [I][startTestPlan] Success
[2020/07/27 22:37:31.547307] [I][startTestPlan] 10.393999999999998, 11.285, 13.337
[2020/07/27 22:37:32.107831] [I][startTestPlan] 0.082
[2020/07/27 22:37:32.117327] [I][startTestPlan] Stop DUT Tx
[2020/07/27 22:37:33.037322] [I][startTestPlan] Success
[2020/07/27 22:37:33.047271] [I][startTestPlan] Calibration
[2020/07/27 22:37:33.047271] [I][startTestPlan] Calculate DUT Tx Power
[2020/07/27 22:37:33.057324] [I][startTestPlan] DUT Tx Power: -1
[2020/07/27 22:37:33.057324] [I][startTestPlan] Measure again
[2020/07/27 22:37:33.067271] [I][startTestPlan] Set DUT Tx
[2020/07/27 22:37:39.477327] [I][startTestPlan] Success
[2020/07/27 22:37:39.487268] [I][startTestPlan] Start DUT Tx
[2020/07/27 22:37:42.167304] [I][startTestPlan] Success
[2020/07/27 22:37:43.817305] [I][startTestPlan] 9.235999999999999, 11.249, 14.007
[2020/07/27 22:37:44.387758] [I][startTestPlan] 0.08
[2020/07/27 22:37:44.387758] [I][startTestPlan] Stop DUT Tx
[2020/07/27 22:37:45.287303] [I][startTestPlan] Success
[2020/07/27 22:37:45.287303] [I][startTestPlan] Power: 9.235999999999999 dBm
[2020/07/27 22:37:45.297268] [I][startTestPlan] Freq Err: 11.249 ppm
[2020/07/27 22:37:45.297268] [I][startTestPlan] EVM: 14.007 %
[2020/07/27 22:37:45.307269] [I][startTestPlan] Current: 0.08 A
[2020/07/27 22:37:45.307269] [I][startTestPlan] Check Tx Result
[2020/07/27 22:37:45.307269] [I][startBTTest] Tx Test Time: 27.77
[2020/07/27 22:37:45.317313] [I][startTestPlan]---------- ZIGBEE_2450 Freq 2455 ----------
[2020/07/27 22:37:45.317313] [I][startTestPlan]---------- Measure Tx Start ----------
[2020/07/27 22:37:45.327304] [I][startTestPlan] Preset E6640A
[2020/07/27 22:37:46.597273] [I][startTestPlan] Success
[2020/07/27 22:37:46.597273] [I][startTestPlan] Set Tx Start
[2020/07/27 22:37:49.007278] [I][startTestPlan] Success
[2020/07/27 22:37:49.017284] [I][startTestPlan] Set DUT Tx
[2020/07/27 22:37:55.267266] [I][startTestPlan] Success
[2020/07/27 22:37:55.267266] [I][startTestPlan] Start DUT Tx
[2020/07/27 22:37:57.947264] [I][startTestPlan] Success
[2020/07/27 22:37:59.657295] [I][startTestPlan] 10.541, 11.257, 12.819
[2020/07/27 22:38:00.217298] [I][startTestPlan] 0.078
[2020/07/27 22:38:00.217298] [I][startTestPlan] Stop DUT Tx
[2020/07/27 22:38:01.107275] [I][startTestPlan] Success
[2020/07/27 22:38:01.117264] [I][startTestPlan] Calibration
[2020/07/27 22:38:01.117264] [I][startTestPlan] Calculate DUT Tx Power
[2020/07/27 22:38:01.127299] [I][startTestPlan] DUT Tx Power: -2
[2020/07/27 22:38:01.127299] [I][startTestPlan] Measure again
[2020/07/27 22:38:01.127299] [I][startTestPlan] Set DUT Tx
[2020/07/27 22:38:07.567261] [I][startTestPlan] Success
[2020/07/27 22:38:07.567261] [I][startTestPlan] Start DUT Tx
[2020/07/27 22:38:10.267296] [I][startTestPlan] Success
[2020/07/27 22:38:11.817311] [I][startTestPlan] 8.555, 11.247, 14.101
[2020/07/27 22:38:12.387261] [I][startTestPlan] 0.079
[2020/07/27 22:38:12.387261] [I][startTestPlan] Stop DUT Tx
[2020/07/27 22:38:13.287295] [I][startTestPlan] Success
[2020/07/27 22:38:13.297259] [I][startTestPlan] Power: 8.555 dBm
[2020/07/27 22:38:13.297259] [I][startTestPlan] Freq Err: 11.247 ppm
[2020/07/27 22:38:13.297259] [I][startTestPlan] EVM: 14.101 %
[2020/07/27 22:38:13.307262] [I][startTestPlan] Current: 0.079 A
[2020/07/27 22:38:13.307262] [I][startTestPlan] Check Tx Result
[2020/07/27 22:38:13.317260] [I][startBTTest] Tx Test Time: 28.0
[2020/07/27 22:38:13.317260] [I][startTestPlan]---------- ZIGBEE_2450 Freq 2470 ----------
[2020/07/27 22:38:13.327259] [I][startTestPlan]---------- Measure Tx Start ----------
[2020/07/27 22:38:13.327259] [I][startTestPlan] Preset E6640A
[2020/07/27 22:38:14.577264] [I][startTestPlan] Success
[2020/07/27 22:38:14.587260] [I][startTestPlan] Set Tx Start
[2020/07/27 22:38:17.017258] [I][startTestPlan] Success
[2020/07/27 22:38:17.017258] [I][startTestPlan] Set DUT Tx
[2020/07/27 22:38:23.427337] [I][startTestPlan] Success
[2020/07/27 22:38:23.437257] [I][startTestPlan] Start DUT Tx
[2020/07/27 22:38:26.127294] [I][startTestPlan] Success
[2020/07/27 22:38:27.797295] [I][startTestPlan] 10.803, 11.229, 15.847
[2020/07/27 22:38:28.367303] [I][startTestPlan] 0.079
[2020/07/27 22:38:28.377274] [I][startTestPlan] Stop DUT Tx
[2020/07/27 22:38:29.277256] [I][startTestPlan] Success
[2020/07/27 22:38:29.287255] [I][startTestPlan] Calibration
[2020/07/27 22:38:29.287255] [I][startTestPlan] Calculate DUT Tx Power
[2020/07/27 22:38:29.287255] [I][startTestPlan] DUT Tx Power: -2
[2020/07/27 22:38:29.297290] [I][startTestPlan] Measure again
[2020/07/27 22:38:29.297290] [I][startTestPlan] Set DUT Tx
[2020/07/27 22:38:35.547257] [I][startTestPlan] Success
[2020/07/27 22:38:35.557290] [I][startTestPlan] Start DUT Tx
[2020/07/27 22:38:38.237253] [I][startTestPlan] Success
[2020/07/27 22:38:39.917287] [I][startTestPlan] 8.8, 11.217, 14.449
[2020/07/27 22:38:40.487254] [I][startTestPlan] 0.078
[2020/07/27 22:38:40.487254] [I][startTestPlan] Stop DUT Tx
[2020/07/27 22:38:41.417255] [I][startTestPlan] Success
[2020/07/27 22:38:41.417255] [I][startTestPlan] Power: 8.8 dBm
[2020/07/27 22:38:41.427289] [I][startTestPlan] Freq Err: 11.217 ppm
[2020/07/27 22:38:41.427289] [I][startTestPlan] EVM: 14.449 %
[2020/07/27 22:38:41.437251] [I][startTestPlan] Current: 0.078 A
[2020/07/27 22:38:41.437251] [I][startTestPlan] Check Tx Result
[2020/07/27 22:38:41.437251] [I][startBTTest] Tx Test Time: 28.12
[2020/07/27 22:38:41.447254] ---------- Test Plan 2 ----------
[2020/07/27 22:38:41.447254] [I][startTestPlan]---------- ZIGBEE_2450 Freq 2445 ----------
[2020/07/27 22:38:41.457300] [I][startTestPlan]---------- Measure Rx Start ----------
[2020/07/27 22:38:41.457300] [I][startTestPlan] Preset E6640A
[2020/07/27 22:38:42.737255] [I][startTestPlan] Success
[2020/07/27 22:38:42.737255] [I][startTestPlan]---------- LNA ON ----------
[2020/07/27 22:38:42.747252] [I][startTestPlan] Set Rx one tone
[2020/07/27 22:38:42.797266] [I][startTestPlan] Success
[2020/07/27 22:38:42.797266] [I][startTestPlan] Set DUT Rx
[2020/07/27 22:38:47.407253] [I][startTestPlan] Success
[2020/07/27 22:38:52.817289] [I][startTestPlan] Success
[2020/07/27 22:38:58.267893] [I][startTestPlan] Rx RSSI: -15 dBm
[2020/07/27 22:38:58.287248] [I][startTestPlan]---------- LNA OFF ----------
[2020/07/27 22:38:58.297250] [I][startTestPlan] Set Rx one tone
[2020/07/27 22:38:58.347246] [I][startTestPlan] Success
[2020/07/27 22:38:58.347246] [I][startTestPlan] Set DUT Rx
[2020/07/27 22:39:02.867300] [I][startTestPlan] Success
[2020/07/27 22:39:07.387262] [I][startTestPlan] Success
[2020/07/27 22:39:12.667298] [I][startTestPlan] Rx RSSI: -28 dBm
[2020/07/27 22:39:12.677243] [I][startTestPlan] Check Rx Result
[2020/07/27 22:39:12.687243] [I][startBTTest] Rx Test Time: 31.24
[2020/07/27 22:39:12.687243] [I][startBTTest] Copy calibration data
[2020/07/27 22:39:12.707949] [I][startBTTest] Write Calibration Data
[2020/07/27 22:39:13.157814] [I][TestResult] Test Pass!
