[2020/07/29 05:03:03.585720] ========== Start ==========
[2020/07/29 05:03:03.588757] [I][main] Python 3.7.2 (tags/v3.7.2:9a3ffc0492, Dec 23 2018, 23:09:28) [MSC v.1916 64 bit (AMD64)]
[2020/07/29 05:03:03.591001] [I][main] GFI20_RF_Zigbee.py 3.0.0.3
[2020/07/29 05:03:03.593333] [I][readINI] ---------- INI ----------
[2020/07/29 05:03:03.597785] [I][readINI] SKU = 1
[2020/07/29 05:03:03.598789] [I][readINI] InstrumentINI = GFI20_Zigbee_Instrument_Setting
[2020/07/29 05:03:03.601517] [I][readINI] ---------- Test Plan 1 ----------
[2020/07/29 05:03:03.603384] [I][readINI] TestPlan1 = ZIGBEE_2450;15/2425,21/2455,24/2470;TX_Power
[2020/07/29 05:03:03.605362] [I][readINI] CableLoss = ['8.2', '8.9', '8.8'] dBm
[2020/07/29 05:03:03.609375] [I][readINI] TX_Power = ['0', '0', '0'] dBm
[2020/07/29 05:03:03.611407] [I][readINI] Calibration_ON = 1
[2020/07/29 05:03:03.614293] [I][readINI] Ca_Tx_Power_Target = ['9.2', '9.2', '9.2']
[2020/07/29 05:03:03.615298] [I][readINI] Ca_Tx_Power_Gap = ['0.5', '0.5', '0.5']
[2020/07/29 05:03:03.618100] [I][readINI] Ca_Tx_Power_Offset = ['0.86', '0.86', '0.86']
[2020/07/29 05:03:03.619104] [I][readINI] Current_ON = 1
[2020/07/29 05:03:03.621110] [I][readINI] TX_Current_SpecMax = ['0.18', '0.18', '0.18'] A
[2020/07/29 05:03:03.623115] [I][readINI] TX_Current_SpecMin = ['0.045', '0.045', '0.045'] A
[2020/07/29 05:03:03.625120] [I][readINI] TX_Power_SpecMax = ['12', '12', '12'] dBm
[2020/07/29 05:03:03.628205] [I][readINI] TX_Power_SpecMin = ['6', '6', '6'] dBm
[2020/07/29 05:03:03.630213] [I][readINI] ---------- Test Plan 1 ----------
[2020/07/29 05:03:03.632218] [I][readINI] ---------- Test Plan 2 ----------
[2020/07/29 05:03:03.634240] [I][readINI] TestPlan2 = ZIGBEE_2450;19/2445;RX_RSSI
[2020/07/29 05:03:03.637250] [I][readINI] CableLoss = ['8.9'] dBm
[2020/07/29 05:03:03.639615] [I][readINI] RX_Cell_Power = ['-25'] dBm
[2020/07/29 05:03:03.641595] [I][readINI] RX_LNAON_RSSI_SpecMax = ['-9'] %
[2020/07/29 05:03:03.643602] [I][readINI] RX_LNAON_RSSI_SpecMin = ['-18'] %
[2020/07/29 05:03:03.645606] [I][readINI] RX_LNAOFF_RSSI_SpecMax = ['-24'] %
[2020/07/29 05:03:03.648424] [I][readINI] RX_LNAOFF_RSSI_SpecMin = ['-30'] %
[2020/07/29 05:03:03.650432] [I][readINI] ---------- Test Plan 2 ----------
[2020/07/29 05:03:03.653919] [I][readINI] StartButton_ON = 0
[2020/07/29 05:03:03.655926] [I][readINI] FailAutoExit = True
[2020/07/29 05:03:03.657932] [I][readINI] FailRetryAll = True
[2020/07/29 05:03:03.660940] [I][readINI] RFDatabase = True
[2020/07/29 05:03:03.662946] [I][readINI] EC = 010000S01
[2020/07/29 05:03:03.664951] [I][readINI] ---------- INI ----------
[2020/07/29 05:03:03.667967] [I][readInstrumentINI] ---------- Common ----------
[2020/07/29 05:03:03.670967] [I][readInstrumentINI] Instrument_Name = E6640A
[2020/07/29 05:03:03.672972] [I][readInstrumentINI] Instrument_IP_Addr = TCPIP0::192.168.1.2::hislip0::INSTR
[2020/07/29 05:03:03.675980] [I][readInstrumentINI] PowerSupplier_Name = 66321B
[2020/07/29 05:03:03.678005] [I][readInstrumentINI] PowerSupplier_Addr = GPIB0::5::INSTR
[2020/07/29 05:03:03.681203] [I][readInstrumentINI] Current_Delay = 0.5
[2020/07/29 05:03:03.683624] [I][readInstrumentINI] ---------- Common ----------
[2020/07/29 05:03:03.686046] [I][readInstrumentINI] ---------- ZIGBEE_2450 ----------
[2020/07/29 05:03:03.688722] [I][readInstrumentINI] RFIO_Input = 1
[2020/07/29 05:03:03.691183] [I][readInstrumentINI] Tx_Span = 10000.0 kHz
[2020/07/29 05:03:03.693700] [I][readInstrumentINI] Tx_PowRange = 20.0 dBm
[2020/07/29 05:03:03.695707] [I][readInstrumentINI] Tx_SymbolRate = 1000.0 kHz
[2020/07/29 05:03:03.698716] [I][readInstrumentINI] Tx_MeasInterval = 500
[2020/07/29 05:03:03.700720] [I][readInstrumentINI] Tx_TrigLevel = 30.0 mV
[2020/07/29 05:03:03.703852] [I][readInstrumentINI] Tx_TrigDelay = 0.3 ms
[2020/07/29 05:03:03.705928] [I][readInstrumentINI] RFIO_Output = 1
[2020/07/29 05:03:03.709108] [I][readInstrumentINI] ---------- ZIGBEE_2450 ----------
[2020/07/29 05:03:03.711737] ---------- StartTest ----------
[2020/07/29 05:03:03.719884] [I][chkDUTConnect] Connect to DUT
[2020/07/29 05:03:03.732067] [I][chkDUTConnect] Check DUT status
[2020/07/29 05:03:04.568466] [I][chkDUTConnect] Success
[2020/07/29 05:03:04.578807] [I][chkE6640AConnect] Connect to E6640A
[2020/07/29 05:03:05.448449] [I][chkE6640AConnect] Preset E6640A status
[2020/07/29 05:03:06.344254] [I][chkE6640AConnect] success
[2020/07/29 05:03:06.593657] ---------- Test Plan 1 ----------
[2020/07/29 05:03:06.596666] [I][startTestPlan]---------- ZIGBEE_2450 Freq 2425 ----------
[2020/07/29 05:03:06.600307] [I][startTestPlan]---------- Measure Tx Start ----------
[2020/07/29 05:03:06.603081] [I][startTestPlan] Preset E6640A
[2020/07/29 05:03:07.391514] [I][startTestPlan] Success
[2020/07/29 05:03:07.394559] [I][startTestPlan] Set Tx Start
[2020/07/29 05:03:09.739287] [I][startTestPlan] Success
[2020/07/29 05:03:09.741304] [I][startTestPlan] Set DUT Tx
[2020/07/29 05:03:15.616990] [I][startTestPlan] Success
[2020/07/29 05:03:15.619998] [I][startTestPlan] Start DUT Tx
[2020/07/29 05:03:18.162709] [I][startTestPlan] Success
[2020/07/29 05:03:19.721859] [I][startTestPlan] 8.392, 5.864, 13.672
[2020/07/29 05:03:20.285254] [I][startTestPlan] 0.083
[2020/07/29 05:03:20.290232] [I][startTestPlan] Stop DUT Tx
[2020/07/29 05:03:21.141741] [I][startTestPlan] Success
[2020/07/29 05:03:21.145184] [I][startTestPlan] Calibration
[2020/07/29 05:03:21.148151] [I][startTestPlan] Calculate DUT Tx Power
[2020/07/29 05:03:21.151177] [I][startTestPlan] DUT Tx Power: 1
[2020/07/29 05:03:21.153183] [I][startTestPlan] Measure again
[2020/07/29 05:03:21.156192] [I][startTestPlan] Set DUT Tx
[2020/07/29 05:03:27.066104] [I][startTestPlan] Success
[2020/07/29 05:03:27.070127] [I][startTestPlan] Start DUT Tx
[2020/07/29 05:03:29.585609] [I][startTestPlan] Success
[2020/07/29 05:03:31.125574] [I][startTestPlan] 9.322999999999999, 5.857, 14.183
[2020/07/29 05:03:31.686894] [I][startTestPlan] 0.082
[2020/07/29 05:03:31.696968] [I][startTestPlan] Stop DUT Tx
[2020/07/29 05:03:32.548375] [I][startTestPlan] Success
[2020/07/29 05:03:32.551382] [I][startTestPlan] Power: 9.322999999999999 dBm
[2020/07/29 05:03:32.554391] [I][startTestPlan] Freq Err: 5.857 ppm
[2020/07/29 05:03:32.558402] [I][startTestPlan] EVM: 14.183 %
[2020/07/29 05:03:32.561410] [I][startTestPlan] Current: 0.082 A
[2020/07/29 05:03:32.564642] [I][startTestPlan] Check Tx Result
[2020/07/29 05:03:32.566649] [I][startBTTest] Tx Test Time: 25.97
[2020/07/29 05:03:32.570660] [I][startTestPlan]---------- ZIGBEE_2450 Freq 2455 ----------
[2020/07/29 05:03:32.573669] [I][startTestPlan]---------- Measure Tx Start ----------
[2020/07/29 05:03:32.576677] [I][startTestPlan] Preset E6640A
[2020/07/29 05:03:33.763793] [I][startTestPlan] Success
[2020/07/29 05:03:33.768204] [I][startTestPlan] Set Tx Start
[2020/07/29 05:03:36.163721] [I][startTestPlan] Success
[2020/07/29 05:03:36.167734] [I][startTestPlan] Set DUT Tx
[2020/07/29 05:03:42.078234] [I][startTestPlan] Success
[2020/07/29 05:03:42.081424] [I][startTestPlan] Start DUT Tx
[2020/07/29 05:03:44.605897] [I][startTestPlan] Success
[2020/07/29 05:03:46.130849] [I][startTestPlan] 8.144, 5.856, 16.485
[2020/07/29 05:03:46.689247] [I][startTestPlan] 0.082
[2020/07/29 05:03:46.696043] [I][startTestPlan] Stop DUT Tx
[2020/07/29 05:03:47.558650] [I][startTestPlan] Success
[2020/07/29 05:03:47.561653] [I][startTestPlan] Calibration
[2020/07/29 05:03:47.565628] [I][startTestPlan] Calculate DUT Tx Power
[2020/07/29 05:03:47.568653] [I][startTestPlan] DUT Tx Power: 1
[2020/07/29 05:03:47.571680] [I][startTestPlan] Measure again
[2020/07/29 05:03:47.574682] [I][startTestPlan] Set DUT Tx
[2020/07/29 05:03:53.622951] [I][startTestPlan] Success
[2020/07/29 05:03:53.625957] [I][startTestPlan] Start DUT Tx
[2020/07/29 05:03:56.163893] [I][startTestPlan] Success
[2020/07/29 05:03:57.784413] [I][startTestPlan] 9.099, 5.845, 16.342
[2020/07/29 05:03:58.337854] [I][startTestPlan] 0.081
[2020/07/29 05:03:58.342402] [I][startTestPlan] Stop DUT Tx
[2020/07/29 05:03:59.197112] [I][startTestPlan] Success
[2020/07/29 05:03:59.200120] [I][startTestPlan] Power: 9.099 dBm
[2020/07/29 05:03:59.203821] [I][startTestPlan] Freq Err: 5.845 ppm
[2020/07/29 05:03:59.206831] [I][startTestPlan] EVM: 16.342 %
[2020/07/29 05:03:59.209838] [I][startTestPlan] Current: 0.081 A
[2020/07/29 05:03:59.212846] [I][startTestPlan] Check Tx Result
[2020/07/29 05:03:59.216896] [I][startBTTest] Tx Test Time: 26.646
[2020/07/29 05:03:59.219865] [I][startTestPlan]---------- ZIGBEE_2450 Freq 2470 ----------
[2020/07/29 05:03:59.223662] [I][startTestPlan]---------- Measure Tx Start ----------
[2020/07/29 05:03:59.226672] [I][startTestPlan] Preset E6640A
[2020/07/29 05:04:00.430559] [I][startTestPlan] Success
[2020/07/29 05:04:00.438586] [I][startTestPlan] Set Tx Start
[2020/07/29 05:04:02.838758] [I][startTestPlan] Success
[2020/07/29 05:04:02.842769] [I][startTestPlan] Set DUT Tx
[2020/07/29 05:04:08.781117] [I][startTestPlan] Success
[2020/07/29 05:04:08.784126] [I][startTestPlan] Start DUT Tx
[2020/07/29 05:04:11.349745] [I][startTestPlan] Success
[2020/07/29 05:04:12.994482] [I][startTestPlan] 8.215, 5.837, 14.137
[2020/07/29 05:04:13.547109] [I][startTestPlan] 0.08
[2020/07/29 05:04:13.553229] [I][startTestPlan] Stop DUT Tx
[2020/07/29 05:04:14.398495] [I][startTestPlan] Success
[2020/07/29 05:04:14.401503] [I][startTestPlan] Calibration
[2020/07/29 05:04:14.404532] [I][startTestPlan] Calculate DUT Tx Power
[2020/07/29 05:04:14.408534] [I][startTestPlan] DUT Tx Power: 1
[2020/07/29 05:04:14.411559] [I][startTestPlan] Measure again
[2020/07/29 05:04:14.415426] [I][startTestPlan] Set DUT Tx
[2020/07/29 05:04:20.347677] [I][startTestPlan] Success
[2020/07/29 05:04:20.350686] [I][startTestPlan] Start DUT Tx
[2020/07/29 05:04:22.920579] [I][startTestPlan] Success
[2020/07/29 05:04:24.601782] [I][startTestPlan] 9.180000000000001, 5.824, 13.991
[2020/07/29 05:04:25.152222] [I][startTestPlan] 0.078
[2020/07/29 05:04:25.158167] [I][startTestPlan] Stop DUT Tx
[2020/07/29 05:04:26.000820] [I][startTestPlan] Success
[2020/07/29 05:04:26.003830] [I][startTestPlan] Power: 9.180000000000001 dBm
[2020/07/29 05:04:26.006837] [I][startTestPlan] Freq Err: 5.824 ppm
[2020/07/29 05:04:26.011120] [I][startTestPlan] EVM: 13.991 %
[2020/07/29 05:04:26.014631] [I][startTestPlan] Current: 0.078 A
[2020/07/29 05:04:26.017664] [I][startTestPlan] Check Tx Result
[2020/07/29 05:04:26.020648] [I][startBTTest] Tx Test Time: 26.801
[2020/07/29 05:04:26.023657] ---------- Test Plan 2 ----------
[2020/07/29 05:04:26.028114] [I][startTestPlan]---------- ZIGBEE_2450 Freq 2445 ----------
[2020/07/29 05:04:26.031496] [I][startTestPlan]---------- Measure Rx Start ----------
[2020/07/29 05:04:26.034778] [I][startTestPlan] Preset E6640A
[2020/07/29 05:04:27.236279] [I][startTestPlan] Success
[2020/07/29 05:04:27.240289] [I][startTestPlan]---------- LNA ON ----------
[2020/07/29 05:04:27.243297] [I][startTestPlan] Set Rx one tone
[2020/07/29 05:04:27.283648] [I][startTestPlan] Success
[2020/07/29 05:04:27.287660] [I][startTestPlan] Set DUT Rx
[2020/07/29 05:04:31.573494] [I][startTestPlan] Success
[2020/07/29 05:04:36.694335] [I][startTestPlan] Success
[2020/07/29 05:04:41.879555] [I][startTestPlan] Rx RSSI: -16 dBm
[2020/07/29 05:04:41.893386] [I][startTestPlan]---------- LNA OFF ----------
[2020/07/29 05:04:41.897437] [I][startTestPlan] Set Rx one tone
[2020/07/29 05:04:41.942392] [I][startTestPlan] Success
[2020/07/29 05:04:41.945771] [I][startTestPlan] Set DUT Rx
[2020/07/29 05:04:46.203761] [I][startTestPlan] Success
[2020/07/29 05:04:50.492609] [I][startTestPlan] Success
[2020/07/29 05:04:55.086137] [I][startTestPlan] Rx RSSI: -28 dBm
[2020/07/29 05:04:55.096896] [I][startTestPlan] Check Rx Result
[2020/07/29 05:04:55.100916] [I][startBTTest] Rx Test Time: 29.072
[2020/07/29 05:04:55.104917] [I][startBTTest] Copy calibration data
[2020/07/29 05:04:55.113557] [I][startBTTest] Write Calibration Data
[2020/07/29 05:04:55.613625] [I][TestResult] Test Pass!
