[2020/07/27 19:51:53][I][checkDatabaseONorNOT] Database running.
[2020/07/27 19:51:53][I][tryConnectDatabase] Connect to MariaDB GFI20 database success!!
[2020/07/27 19:51:53][I][tryConnectDatabase] Connect to MariaDB GFI20 database success!!
[2020/07/27 19:51:53][I][checkDatabaseONorNOT] Database running.
[2020/07/27 19:51:53][I][tryConnectDatabase] Connect to MariaDB GFI20 database success!!
[2020/07/27 19:51:53][I][tryConnectDatabase] Connect to MariaDB GFI20 database success!!
[2020/07/27 19:51:53][E][initialDatabase] UpdateDB.csv already exist.
[2020/07/27 19:53:56][WriteRFDataTocsv][I] Update testscript GFI20_RF_Zigbee's data.
[2020/07/27 19:53:56][I][WriteRFDataTocsv] Update complete.
[2020/07/27 19:53:56][WriteRFDataTocsv][I] Update testscript GFI20_RF_Zigbee's data.
[2020/07/27 19:53:56][I][WriteRFDataTocsv] Update complete.
[2020/07/27 19:53:56][WriteRFDataTocsv][I] Update testscript GFI20_RF_Zigbee's data.
[2020/07/27 19:53:56][I][WriteRFDataTocsv] Update complete.
[2020/07/27 19:53:56][WriteRFDataTocsv][I] Update testscript GFI20_RF_Zigbee's data.
[2020/07/27 19:53:56][I][WriteRFDataTocsv] Update complete.
[2020/07/27 19:53:56][WriteRFDataTocsv][I] Update testscript GFI20_RF_Zigbee's data.
[2020/07/27 19:53:56][I][WriteRFDataTocsv] Update complete.
[2020/07/27 19:53:58][I][WriteDataTocsv] Create new row with item GFI20_RF_Zigbee.
[2020/07/27 19:53:58][I][WriteDataTocsv] Update complete.
[2020/07/27 19:53:58][WriteRFDataTocsv][I] Update testscript GFI20_RF_Zigbee's data.
[2020/07/27 19:53:58][I][WriteRFDataTocsv] Update complete.
[2020/07/27 19:53:58]--------------------DBUploading start--------------------
[2020/07/27 19:53:58][I][uploadData] Projcet name: GFI20
[2020/07/27 19:53:58][I][uploadData] Station name: BRF
[2020/07/27 19:53:58][I][tryConnectDatabase] Connect to MariaDB GFI20 database success!!
[2020/07/27 19:53:58][I][uploadData] Write data into BRF_GFI20_RF_Zigbee
[2020/07/27 19:53:58][I][tryConnectDatabase] Connect to MariaDB GFI20_RF database success!!
[2020/07/27 19:53:58][I][uploadData] Write data into BRF_GFI20_RF_Zigbee_ZIGBEE_2450_TX_FREQ2425_ANT1_Power
[2020/07/27 19:53:58][I][uploadData] Write data into BRF_GFI20_RF_Zigbee_ZIGBEE_2450_TX_FREQ2455_ANT1_Power
[2020/07/27 19:53:58][I][uploadData] Write data into BRF_GFI20_RF_Zigbee_ZIGBEE_2450_TX_FREQ2470_ANT1_Power
[2020/07/27 19:53:58][I][uploadData] Write data into BRF_GFI20_RF_Zigbee_ZIGBEE_2450_RX_FREQ2445_ANT1_LNAONRSSI
[2020/07/27 19:53:58][I][uploadData] Write data into BRF_GFI20_RF_Zigbee_ZIGBEE_2450_RX_FREQ2445_ANT1_LNAOFFRSSI
[2020/07/27 19:53:58]---------- INI ----------
[2020/07/27 19:53:58][E][uploadData] Read MDUT.ini failed.
