[2020/07/29 08:13:26][I][getBOM] Get BOM Success!
[2020/07/29 08:13:26][I][getSKU] Get SKU from BOM: BOM_SKU, SKU name: 451AOD30L02
[2020/07/29 08:13:26][I][loadTestItemBySKU] Test Item List = (GFI20Bootup.py,1)(CountDown.py,1)(GFI20_RF_Zigbee,2)(GFI20_RF_LTE,1)
[2020/07/29 08:13:26][I][loadTestItemBySKU] Test Item List Element = ['GFI20Bootup.py,1', 'CountDown.py,1', 'GFI20_RF_Zigbee,2', 'GFI20_RF_LTE,1']
[2020/07/29 08:13:26][I][showTestingMsg] Waiting for testing...
[2020/07/29 08:13:26]---------- TestItem:GFI20Bootup.py  Method:1 ----------
[2020/07/29 08:13:26][I][runTestItem] Test start time: 2020/07/29 08:13:26
[2020/07/29 08:13:32][I][runTestItem] Test finished
[2020/07/29 08:13:32][I][checkTestResult] Version=3.0.0.3
[2020/07/29 08:13:32][I][checkTestResult] Result=Pass
[2020/07/29 08:13:32]*********************************************************
[2020/07/29 08:13:33]GFI20Bootup.py   3.0.0.3

[2020/07/29 08:13:33]			Result: Pass

[2020/07/29 08:13:33]			Method: 1

[2020/07/29 08:13:33]			Start: 2020/07/29 08:13:26

[2020/07/29 08:13:33]			End: 2020/07/29 08:13:32
[2020/07/29 08:13:33][I][runTestItem] Test end time: 2020/07/29 08:13:33
[2020/07/29 08:13:33]---------- TestItem:CountDown.py  Method:1 ----------
[2020/07/29 08:13:33][I][runTestItem] Test start time: 2020/07/29 08:13:33
[2020/07/29 08:14:25][I][runTestItem] Test finished
[2020/07/29 08:14:25][I][checkTestResult] Version=3.0.0.3
[2020/07/29 08:14:25][I][checkTestResult] Result=Pass
[2020/07/29 08:14:25]*********************************************************
[2020/07/29 08:14:25]CountDown.py   3.0.0.3

[2020/07/29 08:14:25]			Result: Pass

[2020/07/29 08:14:25]			Method: 1

[2020/07/29 08:14:25]			Start: 2020/07/29 08:13:33

[2020/07/29 08:14:25]			End: 2020/07/29 08:14:25
[2020/07/29 08:14:25][I][runTestItem] Test end time: 2020/07/29 08:14:25
[2020/07/29 08:14:25]---------- TestItem:GFI20_RF_Zigbee.py  Method:2 ----------
[2020/07/29 08:14:25][I][runTestItem] Test start time: 2020/07/29 08:14:25
[2020/07/29 08:16:23][I][runTestItem] Test finished
[2020/07/29 08:16:23][I][checkTestResult] Version=3.0.0.3
[2020/07/29 08:16:23][I][checkTestResult] Result=Pass
[2020/07/29 08:16:23]*********************************************************
[2020/07/29 08:16:23]GFI20_RF_Zigbee.py   3.0.0.3

[2020/07/29 08:16:23]			Result: Pass

[2020/07/29 08:16:23]			Method: 2

[2020/07/29 08:16:23]			Start: 2020/07/29 08:14:25

[2020/07/29 08:16:23]			End: 2020/07/29 08:16:23
[2020/07/29 08:16:23][I][runTestItem] Test end time: 2020/07/29 08:16:23
[2020/07/29 08:16:23]---------- TestItem:GFI20_RF_LTE.py  Method:1 ----------
[2020/07/29 08:16:23][I][runTestItem] Test start time: 2020/07/29 08:16:23
[2020/07/29 08:17:38][I][runTestItem] Test finished
[2020/07/29 08:17:38][I][checkTestResult] Version=3.0.0.11
[2020/07/29 08:17:38][I][checkTestResult] Result=Pass
[2020/07/29 08:17:38]*********************************************************
[2020/07/29 08:17:38]GFI20_RF_LTE.py   3.0.0.11

[2020/07/29 08:17:38]			Result: Pass

[2020/07/29 08:17:38]			Method: 1

[2020/07/29 08:17:38]			Start: 2020/07/29 08:16:23

[2020/07/29 08:17:38]			End: 2020/07/29 08:17:38
[2020/07/29 08:17:38][I][runTestItem] Test end time: 2020/07/29 08:17:38
[2020/07/29 08:17:40][I][runLastScript] Waiting for ending...
[2020/07/29 08:17:40]---------- TestItem:GFI20LastScript.py  Method:1 ----------
[2020/07/29 08:17:40][I][runLastScript] Test start time: 2020/07/29 08:17:40
[2020/07/29 08:18:07][I][runLastScript] Test finished
[2020/07/29 08:18:07][I][runLastScript] Test end time: 2020/07/29 08:18:07
[2020/07/29 08:18:07][I][checkTestResult] Version=3.0.0.6
[2020/07/29 08:18:07][I][checkTestResult] Result=Pass
[2020/07/29 08:18:07]*********************************************************
[2020/07/29 08:18:07]GFI20LastScript.py   3.0.0.6

[2020/07/29 08:18:07]			Result: Pass

[2020/07/29 08:18:07]			Method: 1

[2020/07/29 08:18:07]			Start: 2020/07/29 08:17:40

[2020/07/29 08:18:07]			End: 2020/07/29 08:18:07
[2020/07/29 08:18:07][I][processSFISUploadPass] No SFIS RecordInfo
[2020/07/29 08:18:09][I][processSFISUploadPass] Upload pass Success!
