[2020/07/29 08:16:35.166716]========== Start ==========
[2020/07/29 08:16:35.167720][I][class_E6640A_LTE] Initial class_E6640A_LTE
[2020/07/29 08:16:35.170728][I][class_E6640A_LTE] Version: 3.0.0.3
[2020/07/29 08:16:35.175741][I][connect_E6640A] Connect to E6640A
[2020/07/29 08:16:35.185767][I][connect_E6640A] Resource Manager of Visa Library at C:\Windows\system32\visa32.dll
[2020/07/29 08:16:35.235901][I][queryEx] E6640A <= *IDN?
[2020/07/29 08:16:35.240913][I][queryEx] E6640A => Keysight Technologies,E6640A,MY57150246,E.19.71
[2020/07/29 08:16:35.242918][I][set_Preset] System reset
[2020/07/29 08:16:35.246931][I][writeEx] E6640A <= *RST
[2020/07/29 08:16:35.249939][I][writeEx] E6640A <= *CLS
[2020/07/29 08:16:35.251943][I][writeEx] E6640A <= SYST:PRES
[2020/07/29 08:16:35.554748][I][queryEx] E6640A <= *OPC?
[2020/07/29 08:16:36.341842][I][queryEx] E6640A => 1
[2020/07/29 08:16:36.360895][I][set_Preset] System reset
[2020/07/29 08:16:36.373928][I][writeEx] E6640A <= *RST
[2020/07/29 08:16:36.380947][I][writeEx] E6640A <= *CLS
[2020/07/29 08:16:36.387964][I][writeEx] E6640A <= SYST:PRES
[2020/07/29 08:16:36.694779][I][queryEx] E6640A <= *OPC?
[2020/07/29 08:16:37.502928][I][queryEx] E6640A => 1
[2020/07/29 08:16:37.821776][I][set_Preset] System reset
[2020/07/29 08:16:37.824786][I][writeEx] E6640A <= *RST
[2020/07/29 08:16:37.826789][I][writeEx] E6640A <= *CLS
[2020/07/29 08:16:37.829798][I][writeEx] E6640A <= SYST:PRES
[2020/07/29 08:16:38.132603][I][queryEx] E6640A <= *OPC?
[2020/07/29 08:16:38.943761][I][queryEx] E6640A => 1
[2020/07/29 08:16:38.952784][I][set_Tx_Start] Set Tx start
[2020/07/29 08:16:38.956820][I][set_RFI_Port] Set input port
[2020/07/29 08:16:38.958801][I][writeEx] E6640A <= :FEED:RF:PORT:INPut RFIO1
[2020/07/29 08:16:38.961809][I][queryEx] E6640A <= :FEED:RF:PORT:INPut?
[2020/07/29 08:16:38.966823][I][queryEx] E6640A => RFIO1
[2020/07/29 08:16:38.969829][I][set_Modulation_Analysis] Set measurement function
[2020/07/29 08:16:38.972837][I][writeEx] E6640A <= INST:SEL LTEAFDD
[2020/07/29 08:16:39.276790][I][queryEx] E6640A <= *OPC?
[2020/07/29 08:16:39.284779][I][queryEx] E6640A => 1
[2020/07/29 08:16:39.288790][I][queryEx] E6640A <= INST:SEL?
[2020/07/29 08:16:39.294806][I][queryEx] E6640A => LTEAFDD
[2020/07/29 08:16:39.296810][I][writeEx] E6640A <= DISP:CHP:VIEW:WIND:TRAC:Y:COUP OFF
[2020/07/29 08:16:39.300823][I][set_Freq] Set frequence
[2020/07/29 08:16:39.303830][I][writeEx] E6640A <= :FREQuency:CENTer 897.4 MHz
[2020/07/29 08:16:39.305835][I][set_Continue] Set continue
[2020/07/29 08:16:39.309846][I][writeEx] E6640A <= :INIT:CONT ON
[2020/07/29 08:16:39.313856][I][set_Trigger_Free_Run] Set trigger free run
[2020/07/29 08:16:39.315861][I][writeEx] E6640A <= TRIG:CHP:SOUR IMM
[2020/07/29 08:16:39.620363][I][queryEx] E6640A <= *OPC?
[2020/07/29 08:16:39.627418][I][queryEx] E6640A => 1
[2020/07/29 08:16:44.200935][I][chk_Tx_Result] Check Tx result
[2020/07/29 08:16:44.208202][I][set_Limit_Range] Set reference value
[2020/07/29 08:16:44.210210][I][writeEx] E6640A <= DISP:CHP:VIEW:WIND:TRAC:Y:RLEV 30.0 dBm
[2020/07/29 08:16:44.515571][I][queryEx] E6640A <= *OPC?
[2020/07/29 08:16:44.529498][I][queryEx] E6640A => 1
[2020/07/29 08:16:44.537487][I][set_Limit_Range] Set power range
[2020/07/29 08:16:44.540481][I][writeEx] E6640A <= :POW:RANG 30.0 dBm
[2020/07/29 08:16:44.844938][I][queryEx] E6640A <= *OPC?
[2020/07/29 08:16:44.854475][I][queryEx] E6640A => 1
[2020/07/29 08:16:44.858489][I][set_Trigger_Video] Set trigger video
[2020/07/29 08:16:44.861495][I][writeEx] E6640A <= TRIG:CHP:SOUR IF
[2020/07/29 08:16:45.166224][I][queryEx] E6640A <= *OPC?
[2020/07/29 08:16:45.175721][I][queryEx] E6640A => 1
[2020/07/29 08:16:45.281839][I][set_Trigger_Free_Run] Set trigger free run
[2020/07/29 08:16:45.288347][I][writeEx] E6640A <= TRIG:CHP:SOUR IMM
[2020/07/29 08:16:45.591910][I][queryEx] E6640A <= *OPC?
[2020/07/29 08:16:45.602317][I][queryEx] E6640A => 1
[2020/07/29 08:16:45.606333][I][get_Power] Get Tx power
[2020/07/29 08:16:45.609341][I][queryEx] E6640A <= :FETCh:CHPower:CHPower?
[2020/07/29 08:16:45.616349][I][queryEx] E6640A => 1.394111729E+01
[2020/07/29 08:16:45.620626][I][chk_Tx_Result] Tx power(add loss: 8.500000) = 22.441000 dBm
[2020/07/29 08:16:45.624775][I][set_Continue] Set continue
[2020/07/29 08:16:45.628749][I][writeEx] E6640A <= :INIT:CONT ON
[2020/07/29 08:16:47.587053][I][set_Preset] System reset
[2020/07/29 08:16:47.591007][I][writeEx] E6640A <= *RST
[2020/07/29 08:16:47.594260][I][writeEx] E6640A <= *CLS
[2020/07/29 08:16:47.598676][I][writeEx] E6640A <= SYST:PRES
[2020/07/29 08:16:47.904212][I][queryEx] E6640A <= *OPC?
[2020/07/29 08:16:48.644469][I][queryEx] E6640A => 1
[2020/07/29 08:16:48.660503][I][set_Tx_Start] Set Tx start
[2020/07/29 08:16:48.663552][I][set_RFI_Port] Set input port
[2020/07/29 08:16:48.668244][I][writeEx] E6640A <= :FEED:RF:PORT:INPut RFIO1
[2020/07/29 08:16:48.671294][I][queryEx] E6640A <= :FEED:RF:PORT:INPut?
[2020/07/29 08:16:48.677311][I][queryEx] E6640A => RFIO1
[2020/07/29 08:16:48.681145][I][set_Modulation_Analysis] Set measurement function
[2020/07/29 08:16:48.684193][I][writeEx] E6640A <= INST:SEL LTEAFDD
[2020/07/29 08:16:48.989656][I][queryEx] E6640A <= *OPC?
[2020/07/29 08:16:49.000679][I][queryEx] E6640A => 1
[2020/07/29 08:16:49.004581][I][queryEx] E6640A <= INST:SEL?
[2020/07/29 08:16:49.010069][I][queryEx] E6640A => LTEAFDD
[2020/07/29 08:16:49.014127][I][writeEx] E6640A <= DISP:CHP:VIEW:WIND:TRAC:Y:COUP OFF
[2020/07/29 08:16:49.017174][I][set_Freq] Set frequence
[2020/07/29 08:16:49.021148][I][writeEx] E6640A <= :FREQuency:CENTer 1950.0 MHz
[2020/07/29 08:16:49.025587][I][set_Continue] Set continue
[2020/07/29 08:16:49.028597][I][writeEx] E6640A <= :INIT:CONT ON
[2020/07/29 08:16:49.032895][I][set_Trigger_Free_Run] Set trigger free run
[2020/07/29 08:16:49.035943][I][writeEx] E6640A <= TRIG:CHP:SOUR IMM
[2020/07/29 08:16:49.341015][I][queryEx] E6640A <= *OPC?
[2020/07/29 08:16:49.351001][I][queryEx] E6640A => 1
[2020/07/29 08:16:54.032849][I][chk_Tx_Result] Check Tx result
[2020/07/29 08:16:54.039907][I][set_Limit_Range] Set reference value
[2020/07/29 08:16:54.043881][I][writeEx] E6640A <= DISP:CHP:VIEW:WIND:TRAC:Y:RLEV 30.0 dBm
[2020/07/29 08:16:54.348940][I][queryEx] E6640A <= *OPC?
[2020/07/29 08:16:54.359827][I][queryEx] E6640A => 1
[2020/07/29 08:16:54.365262][I][set_Limit_Range] Set power range
[2020/07/29 08:16:54.368586][I][writeEx] E6640A <= :POW:RANG 30.0 dBm
[2020/07/29 08:16:54.674301][I][queryEx] E6640A <= *OPC?
[2020/07/29 08:16:54.684471][I][queryEx] E6640A => 1
[2020/07/29 08:16:54.689443][I][set_Trigger_Video] Set trigger video
[2020/07/29 08:16:54.692453][I][writeEx] E6640A <= TRIG:CHP:SOUR IF
[2020/07/29 08:16:54.997814][I][queryEx] E6640A <= *OPC?
[2020/07/29 08:16:55.009160][I][queryEx] E6640A => 1
[2020/07/29 08:16:55.114039][I][set_Trigger_Free_Run] Set trigger free run
[2020/07/29 08:16:55.127131][I][writeEx] E6640A <= TRIG:CHP:SOUR IMM
[2020/07/29 08:16:55.436580][I][queryEx] E6640A <= *OPC?
[2020/07/29 08:16:55.447174][I][queryEx] E6640A => 1
[2020/07/29 08:16:55.451896][I][get_Power] Get Tx power
[2020/07/29 08:16:55.454906][I][queryEx] E6640A <= :FETCh:CHPower:CHPower?
[2020/07/29 08:16:55.462489][I][queryEx] E6640A => 1.195598316E+01
[2020/07/29 08:16:55.466502][I][chk_Tx_Result] Tx power(add loss: 9.200000) = 21.156000 dBm
[2020/07/29 08:16:55.470513][I][set_Continue] Set continue
[2020/07/29 08:16:55.474524][I][writeEx] E6640A <= :INIT:CONT ON
[2020/07/29 08:16:57.443667][I][set_Preset] System reset
[2020/07/29 08:16:57.447890][I][writeEx] E6640A <= *RST
[2020/07/29 08:16:57.451919][I][writeEx] E6640A <= *CLS
[2020/07/29 08:16:57.456175][I][writeEx] E6640A <= SYST:PRES
[2020/07/29 08:16:57.761730][I][queryEx] E6640A <= *OPC?
[2020/07/29 08:16:58.485584][I][queryEx] E6640A => 1
[2020/07/29 08:16:58.503313][I][set_Tx_Start] Set Tx start
[2020/07/29 08:16:58.506327][I][set_RFI_Port] Set input port
[2020/07/29 08:16:58.510333][I][writeEx] E6640A <= :FEED:RF:PORT:INPut RFIO1
[2020/07/29 08:16:58.514162][I][queryEx] E6640A <= :FEED:RF:PORT:INPut?
[2020/07/29 08:16:58.522000][I][queryEx] E6640A => RFIO1
[2020/07/29 08:16:58.526054][I][set_Modulation_Analysis] Set measurement function
[2020/07/29 08:16:58.530027][I][writeEx] E6640A <= INST:SEL LTEAFDD
[2020/07/29 08:16:58.835961][I][queryEx] E6640A <= *OPC?
[2020/07/29 08:16:58.846893][I][queryEx] E6640A => 1
[2020/07/29 08:16:58.850944][I][queryEx] E6640A <= INST:SEL?
[2020/07/29 08:16:58.858302][I][queryEx] E6640A => LTEAFDD
[2020/07/29 08:16:58.862324][I][writeEx] E6640A <= DISP:CHP:VIEW:WIND:TRAC:Y:COUP OFF
[2020/07/29 08:16:58.865362][I][set_Freq] Set frequence
[2020/07/29 08:16:58.870376][I][writeEx] E6640A <= :FREQuency:CENTer 914.8 MHz
[2020/07/29 08:16:58.874348][I][set_Continue] Set continue
[2020/07/29 08:16:58.879361][I][writeEx] E6640A <= :INIT:CONT ON
[2020/07/29 08:16:58.883411][I][set_Trigger_Free_Run] Set trigger free run
[2020/07/29 08:16:58.886415][I][writeEx] E6640A <= TRIG:CHP:SOUR IMM
[2020/07/29 08:16:59.193093][I][queryEx] E6640A <= *OPC?
[2020/07/29 08:16:59.203599][I][queryEx] E6640A => 1
[2020/07/29 08:17:02.223061][I][chk_Tx_Result] Check Tx result
[2020/07/29 08:17:02.232034][I][set_Limit_Range] Set reference value
[2020/07/29 08:17:02.236046][I][writeEx] E6640A <= DISP:CHP:VIEW:WIND:TRAC:Y:RLEV 30.0 dBm
[2020/07/29 08:17:02.541990][I][queryEx] E6640A <= *OPC?
[2020/07/29 08:17:02.553351][I][queryEx] E6640A => 1
[2020/07/29 08:17:02.558331][I][set_Limit_Range] Set power range
[2020/07/29 08:17:02.561378][I][writeEx] E6640A <= :POW:RANG 30.0 dBm
[2020/07/29 08:17:02.867796][I][queryEx] E6640A <= *OPC?
[2020/07/29 08:17:02.877405][I][queryEx] E6640A => 1
[2020/07/29 08:17:04.883350][I][set_Trigger_Video] Set trigger video
[2020/07/29 08:17:04.891384][I][writeEx] E6640A <= TRIG:CHP:SOUR IF
[2020/07/29 08:17:05.197129][I][queryEx] E6640A <= *OPC?
[2020/07/29 08:17:05.207683][I][queryEx] E6640A => 1
[2020/07/29 08:17:05.212704][I][get_Power] Get Tx power
[2020/07/29 08:17:05.216713][I][queryEx] E6640A <= :FETCh:CHPower:CHPower?
[2020/07/29 08:17:05.847031][I][queryEx] E6640A => 2.295280075E+01
[2020/07/29 08:17:05.853999][I][chk_Tx_Result] Tx power(add loss: 8.500000) = 31.453000 dBm
[2020/07/29 08:17:05.858009][I][set_Continue] Set continue
[2020/07/29 08:17:05.862347][I][writeEx] E6640A <= :INIT:CONT ON
[2020/07/29 08:17:07.616139][I][set_Preset] System reset
[2020/07/29 08:17:07.619178][I][writeEx] E6640A <= *RST
[2020/07/29 08:17:07.624186][I][writeEx] E6640A <= *CLS
[2020/07/29 08:17:07.628564][I][writeEx] E6640A <= SYST:PRES
[2020/07/29 08:17:07.933612][I][queryEx] E6640A <= *OPC?
[2020/07/29 08:17:08.654321][I][queryEx] E6640A => 1
[2020/07/29 08:17:08.672426][I][set_Rx_Waveform] Set Rx waveform
[2020/07/29 08:17:08.675433][I][set_RFO_Port] Set output port
[2020/07/29 08:17:08.680448][I][writeEx] E6640A <= :FEED:RF:PORT:OUTPut RFIO1
[2020/07/29 08:17:08.684458][I][queryEx] E6640A <= :FEED:RF:PORT:OUTPut?
[2020/07/29 08:17:08.692347][I][queryEx] E6640A => RFIO1
[2020/07/29 08:17:08.697358][I][set_OneTone_Freq] Set One Tone frequence
[2020/07/29 08:17:08.701785][I][writeEx] E6640A <= :SOUR:FREQ 959.8 MHz
[2020/07/29 08:17:08.705981][I][set_OneTone_Power] Set One Tone power
[2020/07/29 08:17:08.710541][I][writeEx] E6640A <= :SOURce:POWer -51.5
[2020/07/29 08:17:08.714554][I][loading_Waveform] Load waveform
[2020/07/29 08:17:08.717600][I][queryEx] E6640A <= :SOURce:RADio:ARB:CATalog?
[2020/07/29 08:17:08.725340][I][queryEx] E6640A => 9600,4184704,"CTX10_RFLTE_20160809.wfm"
[2020/07/29 08:17:08.729352][I][writeEx] E6640A <= :SOUR:RAD:ARB:WAV "D:\NVARB\CTX10_RFLTE_20160809.wfm"
[2020/07/29 08:17:09.034985][I][queryEx] E6640A <= *OPC?
[2020/07/29 08:17:09.046076][I][queryEx] E6640A => 1
[2020/07/29 08:17:09.050093][I][set_ARB_ON] Set ARB ON
[2020/07/29 08:17:09.054105][I][writeEx] E6640A <= :SOUR:RAD:ARB ON
[2020/07/29 08:17:09.059473][I][set_Sample_Rate] Set Sample Rate
[2020/07/29 08:17:09.063149][I][writeEx] E6640A <= SOUR:RAD:ARB:SCL:RATE 100.0 kHz
[2020/07/29 08:17:09.067191][I][set_Modulation_ON] Set ARB ON
[2020/07/29 08:17:09.072258][I][writeEx] E6640A <= :OUTP:MOD ON
[2020/07/29 08:17:09.081283][I][set_OneTone_Start] Set One Tone start
[2020/07/29 08:17:09.085294][I][writeEx] E6640A <= OUTP ON
[2020/07/29 08:17:15.464597][I][set_OneTone_Stop] Set One Tone stop
[2020/07/29 08:17:15.472623][I][writeEx] E6640A <= OUTP OFF
[2020/07/29 08:17:33.455660][I][disconnect_E6640A] Disconnect E6640A
[2020/07/29 08:17:33.458670][I][set_Preset] System reset
[2020/07/29 08:17:33.463619][I][writeEx] E6640A <= *RST
[2020/07/29 08:17:33.467650][I][writeEx] E6640A <= *CLS
[2020/07/29 08:17:33.472923][I][writeEx] E6640A <= SYST:PRES
[2020/07/29 08:17:33.778688][I][queryEx] E6640A <= *OPC?
[2020/07/29 08:17:34.496198][I][queryEx] E6640A => 1
[2020/07/29 08:17:34.506232]========== End ==========
