[2020/07/28 22:40:43.321820]========== Start ==========
[2020/07/28 22:40:43.324873][I][class_E6640A_ZIGBEE] Initial class_E6640A_ZIGBEE
[2020/07/28 22:40:43.326836][I][class_E6640A_ZIGBEE] Version: 3.0.0.2
[2020/07/28 22:40:43.332244][I][connect_E6640A] Connect to E6640A
[2020/07/28 22:40:43.342582][I][connect_E6640A] Resource Manager of Visa Library at C:\Windows\system32\visa32.dll
[2020/07/28 22:40:43.396897][I][queryEx] E6640A <= *IDN?
[2020/07/28 22:40:43.402947][I][queryEx] E6640A => Keysight Technologies,E6640A,MY57150246,E.19.71
[2020/07/28 22:40:43.404930][I][set_Preset] System reset
[2020/07/28 22:40:43.409046][I][writeEx] E6640A <= *RST
[2020/07/28 22:40:43.411733][I][writeEx] E6640A <= *CLS
[2020/07/28 22:40:43.414581][I][writeEx] E6640A <= SYST:PRES
[2020/07/28 22:40:43.718781][I][queryEx] E6640A <= *OPC?
[2020/07/28 22:40:44.218577][I][queryEx] E6640A => 1
[2020/07/28 22:40:44.227542][I][set_Preset] System reset
[2020/07/28 22:40:44.231603][I][writeEx] E6640A <= *RST
[2020/07/28 22:40:44.235017][I][writeEx] E6640A <= *CLS
[2020/07/28 22:40:44.237067][I][writeEx] E6640A <= SYST:PRES
[2020/07/28 22:40:44.541118][I][queryEx] E6640A <= *OPC?
[2020/07/28 22:40:45.104957][I][queryEx] E6640A => 1
[2020/07/28 22:40:45.380870][I][set_Preset] System reset
[2020/07/28 22:40:45.383435][I][writeEx] E6640A <= *RST
[2020/07/28 22:40:45.385472][I][writeEx] E6640A <= *CLS
[2020/07/28 22:40:45.389462][I][writeEx] E6640A <= SYST:PRES
[2020/07/28 22:40:45.694291][I][queryEx] E6640A <= *OPC?
[2020/07/28 22:40:46.203566][I][queryEx] E6640A => 1
[2020/07/28 22:40:46.218543][I][set_Tx_Start] Set Tx start
[2020/07/28 22:40:46.221551][I][set_RFI_Port] Set input port
[2020/07/28 22:40:46.223511][I][writeEx] E6640A <= :FEED:RF:PORT:INPut RFIO1
[2020/07/28 22:40:46.227525][I][queryEx] E6640A <= :FEED:RF:PORT:INPut?
[2020/07/28 22:40:46.232482][I][queryEx] E6640A => RFIO1
[2020/07/28 22:40:46.234490][I][set_Modulation_Analysis] Set measurement function
[2020/07/28 22:40:46.238500][I][writeEx] E6640A <= INST:SEL VSA
[2020/07/28 22:40:46.543039][I][queryEx] E6640A <= *OPC?
[2020/07/28 22:40:46.553096][I][queryEx] E6640A => 1
[2020/07/28 22:40:46.556969][I][queryEx] E6640A <= INST:SEL?
[2020/07/28 22:40:46.562445][I][queryEx] E6640A => VSA
[2020/07/28 22:40:46.566459][I][writeEx] E6640A <= :CONFigure:DDEMod
[2020/07/28 22:40:46.870352][I][queryEx] E6640A <= *OPC?
[2020/07/28 22:40:47.040850][I][queryEx] E6640A => 1
[2020/07/28 22:40:47.045827][I][init_Zigbee_Mode] Initial Zigbee mode
[2020/07/28 22:40:47.048849][I][writeEx] E6640A <= :DDEM:STAN:PRES ZIGBEE2450
[2020/07/28 22:40:47.354254][I][queryEx] E6640A <= *OPC?
[2020/07/28 22:40:47.364029][I][queryEx] E6640A => 1
[2020/07/28 22:40:47.368041][I][set_Continue] Set continue
[2020/07/28 22:40:47.371021][I][writeEx] E6640A <= :INIT:CONT ON
[2020/07/28 22:40:47.374035][I][set_Freq] Set frequence
[2020/07/28 22:40:47.377046][I][writeEx] E6640A <= :FREQuency:CENTer 2425.0 MHz
[2020/07/28 22:40:47.381258][I][set_XScale_Span] Set frequence span
[2020/07/28 22:40:47.384185][I][writeEx] E6640A <= :FREQuency:SPAN 10000.000000 KHZ
[2020/07/28 22:40:47.387218][I][set_Power_Range] Get power range
[2020/07/28 22:40:47.391206][I][writeEx] E6640A <= :POW:RANG 20.000000
[2020/07/28 22:40:47.394228][I][set_Symbol_Rate] Get symbol rate
[2020/07/28 22:40:47.398229][I][writeEx] E6640A <= :DDEMod:SRATe 1000.000000 kHz
[2020/07/28 22:40:47.401256][I][set_Meas_Interval] Get meas interval
[2020/07/28 22:40:47.404241][I][writeEx] E6640A <= :DDEMod:SWEep:POINts 500
[2020/07/28 22:40:47.406246][I][set_Zigbee_TX_BandPower] Set marker function
[2020/07/28 22:40:47.410298][I][writeEx] E6640A <= CALC:DDEMod:MARK1:MODE POS
[2020/07/28 22:40:47.413303][I][writeEx] E6640A <= CALC:DDEMod:MARK1:TRAC 2
[2020/07/28 22:40:47.416286][I][writeEx] E6640A <= CALC:DDEMod:MARK1:FUNC BPOW
[2020/07/28 22:40:47.420319][I][writeEx] E6640A <= CALC:DDEMod:MARK1:FUNC:BPOW:CTYP MEAN
[2020/07/28 22:40:47.423349][I][writeEx] E6640A <= CALC:DDEMod:MARK1:FUNC:BAND:CENT 2425000000.000000
[2020/07/28 22:40:47.728726][I][queryEx] E6640A <= *OPC?
[2020/07/28 22:40:47.737668][I][queryEx] E6640A => 1
[2020/07/28 22:40:47.742689][I][queryEx] E6640A <= CALC:DDEMod:MARK1:FUNC:BAND:CENT?
[2020/07/28 22:40:47.748723][I][queryEx] E6640A => 2.425000000E+09
[2020/07/28 22:40:47.752755][I][writeEx] E6640A <= CALC:DDEMod:MARK1:FUNC:BAND:SPAN 10000000.000000
[2020/07/28 22:40:48.058507][I][queryEx] E6640A <= *OPC?
[2020/07/28 22:40:48.069574][I][queryEx] E6640A => 1
[2020/07/28 22:40:48.073491][I][set_Trigger_Video] Set trigger video
[2020/07/28 22:40:48.076501][I][writeEx] E6640A <= TRIG:DDEM:SOUR VID
[2020/07/28 22:40:48.381910][I][queryEx] E6640A <= *OPC?
[2020/07/28 22:40:48.392696][I][queryEx] E6640A => 1
[2020/07/28 22:40:48.396714][I][set_Trigger_Level] Set trigger level
[2020/07/28 22:40:48.399722][I][writeEx] E6640A <= :TRIGger:VIDeo:LEVel 30.000000 mV
[2020/07/28 22:40:48.403733][I][set_Trigger_Delay] Set trigger delay
[2020/07/28 22:40:48.408234][I][writeEx] E6640A <= :TRIGger:VIDeo:DELay:STATe ON
[2020/07/28 22:40:48.411249][I][queryEx] E6640A <= :TRIGger:VIDeo:DELay:STATe?
[2020/07/28 22:40:48.472780][I][queryEx] E6640A => 1
[2020/07/28 22:40:48.479440][I][writeEx] E6640A <= :TRIGger:VIDeo:DELay:STATe ON
[2020/07/28 22:40:48.485493][I][writeEx] E6640A <= :TRIGger:VIDeo:DELay 0.300000 ms
[2020/07/28 22:40:48.490226][I][init_Trigger_Reg] Initial trigger status register
[2020/07/28 22:40:48.495245][I][writeEx] E6640A <= *CLS
[2020/07/28 22:40:48.501753][I][writeEx] E6640A <= :STATus:PRESet
[2020/07/28 22:40:48.506770][I][writeEx] E6640A <= *SRE 192
[2020/07/28 22:40:48.510833][I][writeEx] E6640A <= :STATus:OPERation:ENABle 32
[2020/07/28 22:40:48.513859][I][writeEx] E6640A <= *CLS
[2020/07/28 22:40:48.518907][I][queryEx] E6640A <= *STB?
[2020/07/28 22:40:48.558163][I][queryEx] E6640A => 0
[2020/07/28 22:40:48.562177][I][init_Trigger_Reg] Status: 0
[2020/07/28 22:40:57.497296][I][chk_Tx_Result] Check Tx result
[2020/07/28 22:40:57.503359][I][get_Trigger_Status] Get trigger status
[2020/07/28 22:40:57.509336][I][queryEx] E6640A <= *STB?
[2020/07/28 22:40:57.517481][I][queryEx] E6640A => 192
[2020/07/28 22:40:57.522485][I][get_Trigger_Status] Status: 192
[2020/07/28 22:40:57.525513]Is triggered!
[2020/07/28 22:40:57.529545][I][writeEx] E6640A <= *CLS
[2020/07/28 22:40:57.535271][I][set_Continue] Set continue
[2020/07/28 22:40:57.539331][I][writeEx] E6640A <= :INIT:CONT ON
[2020/07/28 22:40:57.645153][I][set_Single] Set single
[2020/07/28 22:40:57.653078][I][writeEx] E6640A <= :INIT:CONT OFF
[2020/07/28 22:40:57.658295][I][set_Zigbee_TX_BandPower] Set marker function
[2020/07/28 22:40:57.661344][I][writeEx] E6640A <= CALC:DDEMod:MARK1:MODE POS
[2020/07/28 22:40:57.665345][I][writeEx] E6640A <= CALC:DDEMod:MARK1:TRAC 2
[2020/07/28 22:40:57.670168][I][writeEx] E6640A <= CALC:DDEMod:MARK1:FUNC BPOW
[2020/07/28 22:40:57.673217][I][writeEx] E6640A <= CALC:DDEMod:MARK1:FUNC:BPOW:CTYP MEAN
[2020/07/28 22:40:57.678198][I][writeEx] E6640A <= CALC:DDEMod:MARK1:FUNC:BAND:CENT 2425000000.000000
[2020/07/28 22:40:57.985372][I][queryEx] E6640A <= *OPC?
[2020/07/28 22:40:57.996385][I][queryEx] E6640A => 1
[2020/07/28 22:40:58.001005][I][queryEx] E6640A <= CALC:DDEMod:MARK1:FUNC:BAND:CENT?
[2020/07/28 22:40:58.009030][I][queryEx] E6640A => 2.425000000E+09
[2020/07/28 22:40:58.012914][I][writeEx] E6640A <= CALC:DDEMod:MARK1:FUNC:BAND:SPAN 10000000.000000
[2020/07/28 22:40:58.317318][I][queryEx] E6640A <= *OPC?
[2020/07/28 22:40:58.329294][I][queryEx] E6640A => 1
[2020/07/28 22:40:58.333753][I][get_Power] Get Tx power
[2020/07/28 22:40:58.336787][I][queryEx] E6640A <= :CALC:DDEMod:MARK1:Y?
[2020/07/28 22:40:58.343841][I][queryEx] E6640A => 8.695177774E-01
[2020/07/28 22:40:58.348164][I][chk_Tx_Result] Tx power(add loss: 8.200000) = 9.070000 dBm
[2020/07/28 22:40:58.352195][I][read_DDEMod_Array] Read measurement result
[2020/07/28 22:40:58.356113][I][queryEx] E6640A <= :READ:DDEMod?
[2020/07/28 22:40:58.609340][I][queryEx] E6640A => 1.486701298E+01,5.240428162E+01,2.220000000E+02,3.924067259E+00,2.508966637E+01,2.230000000E+02,9.91E+37,9.91E+37,9.91E+37,4.745468199E-01,-1.096767187E+00,2.290000000E+02,1.211409283E+01,4.328242493E+01,2.220000000E+02,2.643273242E+04,9.91E+37,9.91E+37,9.91E+37,9.91E+37,9.91E+37,-4.415741348E+01,9.91E+37,9.562352300E-01,9.039383382E-02,4.213390350E-01,9.91E+37,9.91E+37,9.91E+37,9.91E+37,9.91E+37,9.91E+37,9.91E+37,9.91E+37,9.91E+37,9.91E+37,9.91E+37,9.91E+37,9.91E+37,9.91E+37,9.91E+37,9.91E+37,9.91E+37,9.91E+37,9.91E+37,9.91E+37,9.91E+37,9.91E+37,9.91E+37,9.91E+37,9.91E+37,9.91E+37,9.91E+37,9.91E+37,9.91E+37,9.91E+37,9.91E+37,9.91E+37,9.91E+37,9.91E+37,9.91E+37,4.121947568E-03,-4.626349080E-03
[2020/07/28 22:40:58.617347][I][set_Continue] Set continue
[2020/07/28 22:40:58.621350][I][writeEx] E6640A <= :INIT:CONT ON
[2020/07/28 22:41:00.079274][I][set_Preset] System reset
[2020/07/28 22:41:00.085324][I][writeEx] E6640A <= *RST
[2020/07/28 22:41:00.090059][I][writeEx] E6640A <= *CLS
[2020/07/28 22:41:00.093112][I][writeEx] E6640A <= SYST:PRES
[2020/07/28 22:41:00.400058][I][queryEx] E6640A <= *OPC?
[2020/07/28 22:41:01.286759][I][queryEx] E6640A => 1
[2020/07/28 22:41:01.303785][I][set_Tx_Start] Set Tx start
[2020/07/28 22:41:01.307768][I][set_RFI_Port] Set input port
[2020/07/28 22:41:01.311768][I][writeEx] E6640A <= :FEED:RF:PORT:INPut RFIO1
[2020/07/28 22:41:01.315780][I][queryEx] E6640A <= :FEED:RF:PORT:INPut?
[2020/07/28 22:41:01.322923][I][queryEx] E6640A => RFIO1
[2020/07/28 22:41:01.327829][I][set_Modulation_Analysis] Set measurement function
[2020/07/28 22:41:01.331839][I][writeEx] E6640A <= INST:SEL VSA
[2020/07/28 22:41:01.636795][I][queryEx] E6640A <= *OPC?
[2020/07/28 22:41:01.647653][I][queryEx] E6640A => 1
[2020/07/28 22:41:01.652701][I][queryEx] E6640A <= INST:SEL?
[2020/07/28 22:41:01.660692][I][queryEx] E6640A => VSA
[2020/07/28 22:41:01.664703][I][writeEx] E6640A <= :CONFigure:DDEMod
[2020/07/28 22:41:01.969955][I][queryEx] E6640A <= *OPC?
[2020/07/28 22:41:02.145341][I][queryEx] E6640A => 1
[2020/07/28 22:41:02.154309][I][init_Zigbee_Mode] Initial Zigbee mode
[2020/07/28 22:41:02.158319][I][writeEx] E6640A <= :DDEM:STAN:PRES ZIGBEE2450
[2020/07/28 22:41:02.464396][I][queryEx] E6640A <= *OPC?
[2020/07/28 22:41:02.474254][I][queryEx] E6640A => 1
[2020/07/28 22:41:02.479263][I][set_Continue] Set continue
[2020/07/28 22:41:02.482279][I][writeEx] E6640A <= :INIT:CONT ON
[2020/07/28 22:41:02.488327][I][set_Freq] Set frequence
[2020/07/28 22:41:02.493308][I][writeEx] E6640A <= :FREQuency:CENTer 2455.0 MHz
[2020/07/28 22:41:02.498322][I][set_XScale_Span] Set frequence span
[2020/07/28 22:41:02.502881][I][writeEx] E6640A <= :FREQuency:SPAN 10000.000000 KHZ
[2020/07/28 22:41:02.505932][I][set_Power_Range] Get power range
[2020/07/28 22:41:02.510922][I][writeEx] E6640A <= :POW:RANG 20.000000
[2020/07/28 22:41:02.514915][I][set_Symbol_Rate] Get symbol rate
[2020/07/28 22:41:02.520970][I][writeEx] E6640A <= :DDEMod:SRATe 1000.000000 kHz
[2020/07/28 22:41:02.525206][I][set_Meas_Interval] Get meas interval
[2020/07/28 22:41:02.529223][I][writeEx] E6640A <= :DDEMod:SWEep:POINts 500
[2020/07/28 22:41:02.534667][I][set_Zigbee_TX_BandPower] Set marker function
[2020/07/28 22:41:02.539740][I][writeEx] E6640A <= CALC:DDEMod:MARK1:MODE POS
[2020/07/28 22:41:02.543744][I][writeEx] E6640A <= CALC:DDEMod:MARK1:TRAC 2
[2020/07/28 22:41:02.547760][I][writeEx] E6640A <= CALC:DDEMod:MARK1:FUNC BPOW
[2020/07/28 22:41:02.553155][I][writeEx] E6640A <= CALC:DDEMod:MARK1:FUNC:BPOW:CTYP MEAN
[2020/07/28 22:41:02.556166][I][writeEx] E6640A <= CALC:DDEMod:MARK1:FUNC:BAND:CENT 2455000000.000000
[2020/07/28 22:41:02.863315][I][queryEx] E6640A <= *OPC?
[2020/07/28 22:41:02.873626][I][queryEx] E6640A => 1
[2020/07/28 22:41:02.878698][I][queryEx] E6640A <= CALC:DDEMod:MARK1:FUNC:BAND:CENT?
[2020/07/28 22:41:02.885721][I][queryEx] E6640A => 2.455000000E+09
[2020/07/28 22:41:02.889730][I][writeEx] E6640A <= CALC:DDEMod:MARK1:FUNC:BAND:SPAN 10000000.000000
[2020/07/28 22:41:03.195138][I][queryEx] E6640A <= *OPC?
[2020/07/28 22:41:03.204956][I][queryEx] E6640A => 1
[2020/07/28 22:41:03.210008][I][set_Trigger_Video] Set trigger video
[2020/07/28 22:41:03.213874][I][writeEx] E6640A <= TRIG:DDEM:SOUR VID
[2020/07/28 22:41:03.518412][I][queryEx] E6640A <= *OPC?
[2020/07/28 22:41:03.526502][I][queryEx] E6640A => 1
[2020/07/28 22:41:03.531516][I][set_Trigger_Level] Set trigger level
[2020/07/28 22:41:03.537531][I][writeEx] E6640A <= :TRIGger:VIDeo:LEVel 30.000000 mV
[2020/07/28 22:41:03.542543][I][set_Trigger_Delay] Set trigger delay
[2020/07/28 22:41:03.546596][I][writeEx] E6640A <= :TRIGger:VIDeo:DELay:STATe ON
[2020/07/28 22:41:03.552584][I][queryEx] E6640A <= :TRIGger:VIDeo:DELay:STATe?
[2020/07/28 22:41:03.615175][I][queryEx] E6640A => 1
[2020/07/28 22:41:03.620602][I][writeEx] E6640A <= :TRIGger:VIDeo:DELay:STATe ON
[2020/07/28 22:41:03.623652][I][writeEx] E6640A <= :TRIGger:VIDeo:DELay 0.300000 ms
[2020/07/28 22:41:03.628626][I][init_Trigger_Reg] Initial trigger status register
[2020/07/28 22:41:03.632858][I][writeEx] E6640A <= *CLS
[2020/07/28 22:41:03.636880][I][writeEx] E6640A <= :STATus:PRESet
[2020/07/28 22:41:03.641894][I][writeEx] E6640A <= *SRE 192
[2020/07/28 22:41:03.644942][I][writeEx] E6640A <= :STATus:OPERation:ENABle 32
[2020/07/28 22:41:03.649919][I][writeEx] E6640A <= *CLS
[2020/07/28 22:41:03.653958][I][queryEx] E6640A <= *STB?
[2020/07/28 22:41:03.698424][I][queryEx] E6640A => 0
[2020/07/28 22:41:03.702473][I][init_Trigger_Reg] Status: 0
[2020/07/28 22:41:12.706707][I][chk_Tx_Result] Check Tx result
[2020/07/28 22:41:12.715714][I][get_Trigger_Status] Get trigger status
[2020/07/28 22:41:12.720512][I][queryEx] E6640A <= *STB?
[2020/07/28 22:41:12.726379][I][queryEx] E6640A => 192
[2020/07/28 22:41:12.730227][I][get_Trigger_Status] Status: 192
[2020/07/28 22:41:12.734197]Is triggered!
[2020/07/28 22:41:12.738256][I][writeEx] E6640A <= *CLS
[2020/07/28 22:41:12.743232][I][set_Continue] Set continue
[2020/07/28 22:41:12.747232][I][writeEx] E6640A <= :INIT:CONT ON
[2020/07/28 22:41:12.853819][I][set_Single] Set single
[2020/07/28 22:41:12.868868][I][writeEx] E6640A <= :INIT:CONT OFF
[2020/07/28 22:41:12.879894][I][set_Zigbee_TX_BandPower] Set marker function
[2020/07/28 22:41:12.886912][I][writeEx] E6640A <= CALC:DDEMod:MARK1:MODE POS
[2020/07/28 22:41:12.892928][I][writeEx] E6640A <= CALC:DDEMod:MARK1:TRAC 2
[2020/07/28 22:41:12.898423][I][writeEx] E6640A <= CALC:DDEMod:MARK1:FUNC BPOW
[2020/07/28 22:41:12.902343][I][writeEx] E6640A <= CALC:DDEMod:MARK1:FUNC:BPOW:CTYP MEAN
[2020/07/28 22:41:12.907359][I][writeEx] E6640A <= CALC:DDEMod:MARK1:FUNC:BAND:CENT 2455000000.000000
[2020/07/28 22:41:13.212937][I][queryEx] E6640A <= *OPC?
[2020/07/28 22:41:13.223922][I][queryEx] E6640A => 1
[2020/07/28 22:41:13.227938][I][queryEx] E6640A <= CALC:DDEMod:MARK1:FUNC:BAND:CENT?
[2020/07/28 22:41:13.234412][I][queryEx] E6640A => 2.455000000E+09
[2020/07/28 22:41:13.239544][I][writeEx] E6640A <= CALC:DDEMod:MARK1:FUNC:BAND:SPAN 10000000.000000
[2020/07/28 22:41:13.543775][I][queryEx] E6640A <= *OPC?
[2020/07/28 22:41:13.555610][I][queryEx] E6640A => 1
[2020/07/28 22:41:13.560160][I][get_Power] Get Tx power
[2020/07/28 22:41:13.565177][I][queryEx] E6640A <= :CALC:DDEMod:MARK1:Y?
[2020/07/28 22:41:13.572042][I][queryEx] E6640A => 8.774331918E-01
[2020/07/28 22:41:13.576100][I][chk_Tx_Result] Tx power(add loss: 8.900000) = 9.777000 dBm
[2020/07/28 22:41:13.580138][I][read_DDEMod_Array] Read measurement result
[2020/07/28 22:41:13.585081][I][queryEx] E6640A <= :READ:DDEMod?
[2020/07/28 22:41:13.741846][I][queryEx] E6640A => 1.428972721E+01,3.788183212E+01,4.630000000E+02,3.482308865E+00,1.327937412E+01,4.630000000E+02,9.91E+37,9.91E+37,9.91E+37,5.560981035E-01,-1.379173994E+00,6.800000000E+01,1.163288498E+01,-3.108910179E+01,4.630000000E+02,2.663292578E+04,9.91E+37,9.91E+37,9.91E+37,9.91E+37,9.91E+37,-4.397106171E+01,9.91E+37,9.595103264E-01,-4.508062731E-03,3.650699556E-01,9.91E+37,9.91E+37,9.91E+37,9.91E+37,9.91E+37,9.91E+37,9.91E+37,9.91E+37,9.91E+37,9.91E+37,9.91E+37,9.91E+37,9.91E+37,9.91E+37,9.91E+37,9.91E+37,9.91E+37,9.91E+37,9.91E+37,9.91E+37,9.91E+37,9.91E+37,9.91E+37,9.91E+37,9.91E+37,9.91E+37,9.91E+37,9.91E+37,9.91E+37,9.91E+37,9.91E+37,9.91E+37,9.91E+37,9.91E+37,9.91E+37,5.223665852E-03,-3.576337593E-03
[2020/07/28 22:41:13.757881][I][set_Continue] Set continue
[2020/07/28 22:41:13.766907][I][writeEx] E6640A <= :INIT:CONT ON
[2020/07/28 22:41:24.366606][I][chk_Tx_Result] Check Tx result
[2020/07/28 22:41:24.372609][I][get_Trigger_Status] Get trigger status
[2020/07/28 22:41:24.376620][I][queryEx] E6640A <= *STB?
[2020/07/28 22:41:24.384618][I][queryEx] E6640A => 192
[2020/07/28 22:41:24.389484][I][get_Trigger_Status] Status: 192
[2020/07/28 22:41:24.392496]Is triggered!
[2020/07/28 22:41:24.396545][I][writeEx] E6640A <= *CLS
[2020/07/28 22:41:24.401520][I][set_Continue] Set continue
[2020/07/28 22:41:24.405561][I][writeEx] E6640A <= :INIT:CONT ON
[2020/07/28 22:41:24.512022][I][set_Single] Set single
[2020/07/28 22:41:24.527058][I][writeEx] E6640A <= :INIT:CONT OFF
[2020/07/28 22:41:24.534074][I][set_Zigbee_TX_BandPower] Set marker function
[2020/07/28 22:41:24.538125][I][writeEx] E6640A <= CALC:DDEMod:MARK1:MODE POS
[2020/07/28 22:41:24.543106][I][writeEx] E6640A <= CALC:DDEMod:MARK1:TRAC 2
[2020/07/28 22:41:24.549165][I][writeEx] E6640A <= CALC:DDEMod:MARK1:FUNC BPOW
[2020/07/28 22:41:24.554165][I][writeEx] E6640A <= CALC:DDEMod:MARK1:FUNC:BPOW:CTYP MEAN
[2020/07/28 22:41:24.558138][I][writeEx] E6640A <= CALC:DDEMod:MARK1:FUNC:BAND:CENT 2455000000.000000
[2020/07/28 22:41:24.866047][I][queryEx] E6640A <= *OPC?
[2020/07/28 22:41:24.874981][I][queryEx] E6640A => 1
[2020/07/28 22:41:24.880669][I][queryEx] E6640A <= CALC:DDEMod:MARK1:FUNC:BAND:CENT?
[2020/07/28 22:41:24.888723][I][queryEx] E6640A => 2.455000000E+09
[2020/07/28 22:41:24.893088][I][writeEx] E6640A <= CALC:DDEMod:MARK1:FUNC:BAND:SPAN 10000000.000000
[2020/07/28 22:41:25.198272][I][queryEx] E6640A <= *OPC?
[2020/07/28 22:41:25.209782][I][queryEx] E6640A => 1
[2020/07/28 22:41:25.214801][I][get_Power] Get Tx power
[2020/07/28 22:41:25.219814][I][queryEx] E6640A <= :CALC:DDEMod:MARK1:Y?
[2020/07/28 22:41:25.226952][I][queryEx] E6640A => -2.978649584E-01
[2020/07/28 22:41:25.231886][I][chk_Tx_Result] Tx power(add loss: 8.900000) = 8.602000 dBm
[2020/07/28 22:41:25.236177][I][read_DDEMod_Array] Read measurement result
[2020/07/28 22:41:25.241226][I][queryEx] E6640A <= :READ:DDEMod?
[2020/07/28 22:41:25.503968][I][queryEx] E6640A => 1.418593502E+01,4.023434830E+01,0.000000000E+00,3.521162987E+00,1.462442684E+01,0.000000000E+00,9.91E+37,9.91E+37,9.91E+37,4.839432836E-01,-1.190936565E+00,1.410000000E+02,1.155378151E+01,-3.305175781E+01,0.000000000E+00,2.650443555E+04,9.91E+37,9.91E+37,9.91E+37,9.91E+37,9.91E+37,-4.541438675E+01,9.91E+37,9.601156712E-01,3.687366098E-02,3.320214748E-01,9.91E+37,9.91E+37,9.91E+37,9.91E+37,9.91E+37,9.91E+37,9.91E+37,9.91E+37,9.91E+37,9.91E+37,9.91E+37,9.91E+37,9.91E+37,9.91E+37,9.91E+37,9.91E+37,9.91E+37,9.91E+37,9.91E+37,9.91E+37,9.91E+37,9.91E+37,9.91E+37,9.91E+37,9.91E+37,9.91E+37,9.91E+37,9.91E+37,9.91E+37,9.91E+37,9.91E+37,9.91E+37,9.91E+37,9.91E+37,9.91E+37,4.448592197E-03,-2.992482856E-03
[2020/07/28 22:41:25.512022][I][set_Continue] Set continue
[2020/07/28 22:41:25.516991][I][writeEx] E6640A <= :INIT:CONT ON
[2020/07/28 22:41:26.981008][I][set_Preset] System reset
[2020/07/28 22:41:26.984946][I][writeEx] E6640A <= *RST
[2020/07/28 22:41:26.990773][I][writeEx] E6640A <= *CLS
[2020/07/28 22:41:26.995080][I][writeEx] E6640A <= SYST:PRES
[2020/07/28 22:41:27.301348][I][queryEx] E6640A <= *OPC?
[2020/07/28 22:41:28.174370][I][queryEx] E6640A => 1
[2020/07/28 22:41:28.191388][I][set_Tx_Start] Set Tx start
[2020/07/28 22:41:28.195408][I][set_RFI_Port] Set input port
[2020/07/28 22:41:28.200442][I][writeEx] E6640A <= :FEED:RF:PORT:INPut RFIO1
[2020/07/28 22:41:28.204483][I][queryEx] E6640A <= :FEED:RF:PORT:INPut?
[2020/07/28 22:41:28.212247][I][queryEx] E6640A => RFIO1
[2020/07/28 22:41:28.216260][I][set_Modulation_Analysis] Set measurement function
[2020/07/28 22:41:28.220853][I][writeEx] E6640A <= INST:SEL VSA
[2020/07/28 22:41:28.526433][I][queryEx] E6640A <= *OPC?
[2020/07/28 22:41:28.537493][I][queryEx] E6640A => 1
[2020/07/28 22:41:28.543135][I][queryEx] E6640A <= INST:SEL?
[2020/07/28 22:41:28.550157][I][queryEx] E6640A => VSA
[2020/07/28 22:41:28.554121][I][writeEx] E6640A <= :CONFigure:DDEMod
[2020/07/28 22:41:28.859924][I][queryEx] E6640A <= *OPC?
[2020/07/28 22:41:29.033636][I][queryEx] E6640A => 1
[2020/07/28 22:41:29.039645][I][init_Zigbee_Mode] Initial Zigbee mode
[2020/07/28 22:41:29.043656][I][writeEx] E6640A <= :DDEM:STAN:PRES ZIGBEE2450
[2020/07/28 22:41:29.349972][I][queryEx] E6640A <= *OPC?
[2020/07/28 22:41:29.359468][I][queryEx] E6640A => 1
[2020/07/28 22:41:29.364521][I][set_Continue] Set continue
[2020/07/28 22:41:29.368495][I][writeEx] E6640A <= :INIT:CONT ON
[2020/07/28 22:41:29.373538][I][set_Freq] Set frequence
[2020/07/28 22:41:29.378858][I][writeEx] E6640A <= :FREQuency:CENTer 2470.0 MHz
[2020/07/28 22:41:29.383875][I][set_XScale_Span] Set frequence span
[2020/07/28 22:41:29.388496][I][writeEx] E6640A <= :FREQuency:SPAN 10000.000000 KHZ
[2020/07/28 22:41:29.393518][I][set_Power_Range] Get power range
[2020/07/28 22:41:29.398525][I][writeEx] E6640A <= :POW:RANG 20.000000
[2020/07/28 22:41:29.404391][I][set_Symbol_Rate] Get symbol rate
[2020/07/28 22:41:29.408439][I][writeEx] E6640A <= :DDEMod:SRATe 1000.000000 kHz
[2020/07/28 22:41:29.414422][I][set_Meas_Interval] Get meas interval
[2020/07/28 22:41:29.418438][I][writeEx] E6640A <= :DDEMod:SWEep:POINts 500
[2020/07/28 22:41:29.423486][I][set_Zigbee_TX_BandPower] Set marker function
[2020/07/28 22:41:29.428471][I][writeEx] E6640A <= CALC:DDEMod:MARK1:MODE POS
[2020/07/28 22:41:29.434480][I][writeEx] E6640A <= CALC:DDEMod:MARK1:TRAC 2
[2020/07/28 22:41:29.438905][I][writeEx] E6640A <= CALC:DDEMod:MARK1:FUNC BPOW
[2020/07/28 22:41:29.443958][I][writeEx] E6640A <= CALC:DDEMod:MARK1:FUNC:BPOW:CTYP MEAN
[2020/07/28 22:41:29.448973][I][writeEx] E6640A <= CALC:DDEMod:MARK1:FUNC:BAND:CENT 2470000000.000000
[2020/07/28 22:41:29.755600][I][queryEx] E6640A <= *OPC?
[2020/07/28 22:41:29.767079][I][queryEx] E6640A => 1
[2020/07/28 22:41:29.771086][I][queryEx] E6640A <= CALC:DDEMod:MARK1:FUNC:BAND:CENT?
[2020/07/28 22:41:29.778148][I][queryEx] E6640A => 2.470000000E+09
[2020/07/28 22:41:29.783142][I][writeEx] E6640A <= CALC:DDEMod:MARK1:FUNC:BAND:SPAN 10000000.000000
[2020/07/28 22:41:30.089231][I][queryEx] E6640A <= *OPC?
[2020/07/28 22:41:30.100530][I][queryEx] E6640A => 1
[2020/07/28 22:41:30.105546][I][set_Trigger_Video] Set trigger video
[2020/07/28 22:41:30.108555][I][writeEx] E6640A <= TRIG:DDEM:SOUR VID
[2020/07/28 22:41:30.415106][I][queryEx] E6640A <= *OPC?
[2020/07/28 22:41:30.426934][I][queryEx] E6640A => 1
[2020/07/28 22:41:30.430981][I][set_Trigger_Level] Set trigger level
[2020/07/28 22:41:30.434994][I][writeEx] E6640A <= :TRIGger:VIDeo:LEVel 30.000000 mV
[2020/07/28 22:41:30.440587][I][set_Trigger_Delay] Set trigger delay
[2020/07/28 22:41:30.444633][I][writeEx] E6640A <= :TRIGger:VIDeo:DELay:STATe ON
[2020/07/28 22:41:30.449619][I][queryEx] E6640A <= :TRIGger:VIDeo:DELay:STATe?
[2020/07/28 22:41:30.511151][I][queryEx] E6640A => 1
[2020/07/28 22:41:30.517928][I][writeEx] E6640A <= :TRIGger:VIDeo:DELay:STATe ON
[2020/07/28 22:41:30.523237][I][writeEx] E6640A <= :TRIGger:VIDeo:DELay 0.300000 ms
[2020/07/28 22:41:30.527623][I][init_Trigger_Reg] Initial trigger status register
[2020/07/28 22:41:30.533711][I][writeEx] E6640A <= *CLS
[2020/07/28 22:41:30.539658][I][writeEx] E6640A <= :STATus:PRESet
[2020/07/28 22:41:30.544680][I][writeEx] E6640A <= *SRE 192
[2020/07/28 22:41:30.550686][I][writeEx] E6640A <= :STATus:OPERation:ENABle 32
[2020/07/28 22:41:30.556011][I][writeEx] E6640A <= *CLS
[2020/07/28 22:41:30.561027][I][queryEx] E6640A <= *STB?
[2020/07/28 22:41:30.594341][I][queryEx] E6640A => 0
[2020/07/28 22:41:30.600053][I][init_Trigger_Reg] Status: 0
[2020/07/28 22:41:39.603338][I][chk_Tx_Result] Check Tx result
[2020/07/28 22:41:39.611463][I][get_Trigger_Status] Get trigger status
[2020/07/28 22:41:39.616480][I][queryEx] E6640A <= *STB?
[2020/07/28 22:41:39.623173][I][queryEx] E6640A => 192
[2020/07/28 22:41:39.628190][I][get_Trigger_Status] Status: 192
[2020/07/28 22:41:39.632198]Is triggered!
[2020/07/28 22:41:39.637251][I][writeEx] E6640A <= *CLS
[2020/07/28 22:41:39.641238][I][set_Continue] Set continue
[2020/07/28 22:41:39.646278][I][writeEx] E6640A <= :INIT:CONT ON
[2020/07/28 22:41:39.752540][I][set_Single] Set single
[2020/07/28 22:41:39.769203][I][writeEx] E6640A <= :INIT:CONT OFF
[2020/07/28 22:41:39.779519][I][set_Zigbee_TX_BandPower] Set marker function
[2020/07/28 22:41:39.786593][I][writeEx] E6640A <= CALC:DDEMod:MARK1:MODE POS
[2020/07/28 22:41:39.793621][I][writeEx] E6640A <= CALC:DDEMod:MARK1:TRAC 2
[2020/07/28 22:41:39.799547][I][writeEx] E6640A <= CALC:DDEMod:MARK1:FUNC BPOW
[2020/07/28 22:41:39.804600][I][writeEx] E6640A <= CALC:DDEMod:MARK1:FUNC:BPOW:CTYP MEAN
[2020/07/28 22:41:39.809194][I][writeEx] E6640A <= CALC:DDEMod:MARK1:FUNC:BAND:CENT 2470000000.000000
[2020/07/28 22:41:40.115517][I][queryEx] E6640A <= *OPC?
[2020/07/28 22:41:40.127778][I][queryEx] E6640A => 1
[2020/07/28 22:41:40.132374][I][queryEx] E6640A <= CALC:DDEMod:MARK1:FUNC:BAND:CENT?
[2020/07/28 22:41:40.139252][I][queryEx] E6640A => 2.470000000E+09
[2020/07/28 22:41:40.143988][I][writeEx] E6640A <= CALC:DDEMod:MARK1:FUNC:BAND:SPAN 10000000.000000
[2020/07/28 22:41:40.450491][I][queryEx] E6640A <= *OPC?
[2020/07/28 22:41:40.462179][I][queryEx] E6640A => 1
[2020/07/28 22:41:40.466193][I][get_Power] Get Tx power
[2020/07/28 22:41:40.471241][I][queryEx] E6640A <= :CALC:DDEMod:MARK1:Y?
[2020/07/28 22:41:40.478595][I][queryEx] E6640A => 1.624587444E+00
[2020/07/28 22:41:40.483199][I][chk_Tx_Result] Tx power(add loss: 8.800000) = 10.425000 dBm
[2020/07/28 22:41:40.488145][I][read_DDEMod_Array] Read measurement result
[2020/07/28 22:41:40.493331][I][queryEx] E6640A <= :READ:DDEMod?
[2020/07/28 22:41:40.744790][I][queryEx] E6640A => 1.500196743E+01,3.912537384E+01,4.780000000E+02,3.762498140E+00,1.390822983E+01,4.780000000E+02,9.91E+37,9.91E+37,9.91E+37,5.206144452E-01,-1.128143072E+00,6.800000000E+01,1.221549892E+01,-3.209746933E+01,4.780000000E+02,2.653887500E+04,9.91E+37,9.91E+37,9.91E+37,9.91E+37,9.91E+37,-4.341451645E+01,9.91E+37,9.554420710E-01,5.150043592E-02,4.224264324E-01,9.91E+37,9.91E+37,9.91E+37,9.91E+37,9.91E+37,9.91E+37,9.91E+37,9.91E+37,9.91E+37,9.91E+37,9.91E+37,9.91E+37,9.91E+37,9.91E+37,9.91E+37,9.91E+37,9.91E+37,9.91E+37,9.91E+37,9.91E+37,9.91E+37,9.91E+37,9.91E+37,9.91E+37,9.91E+37,9.91E+37,9.91E+37,9.91E+37,9.91E+37,9.91E+37,9.91E+37,9.91E+37,9.91E+37,9.91E+37,9.91E+37,4.419362172E-03,-5.101524293E-03
[2020/07/28 22:41:40.753802][I][set_Continue] Set continue
[2020/07/28 22:41:40.757849][I][writeEx] E6640A <= :INIT:CONT ON
[2020/07/28 22:41:51.238950][I][chk_Tx_Result] Check Tx result
[2020/07/28 22:41:51.255957][I][get_Trigger_Status] Get trigger status
[2020/07/28 22:41:51.264969][I][queryEx] E6640A <= *STB?
[2020/07/28 22:41:51.274397][I][queryEx] E6640A => 192
[2020/07/28 22:41:51.281457][I][get_Trigger_Status] Status: 192
[2020/07/28 22:41:51.286432]Is triggered!
[2020/07/28 22:41:51.290443][I][writeEx] E6640A <= *CLS
[2020/07/28 22:41:51.295426][I][set_Continue] Set continue
[2020/07/28 22:41:51.299440][I][writeEx] E6640A <= :INIT:CONT ON
[2020/07/28 22:41:51.406260][I][set_Single] Set single
[2020/07/28 22:41:51.414325][I][writeEx] E6640A <= :INIT:CONT OFF
[2020/07/28 22:41:51.419944][I][set_Zigbee_TX_BandPower] Set marker function
[2020/07/28 22:41:51.424089][I][writeEx] E6640A <= CALC:DDEMod:MARK1:MODE POS
[2020/07/28 22:41:51.429110][I][writeEx] E6640A <= CALC:DDEMod:MARK1:TRAC 2
[2020/07/28 22:41:51.434127][I][writeEx] E6640A <= CALC:DDEMod:MARK1:FUNC BPOW
[2020/07/28 22:41:51.440155][I][writeEx] E6640A <= CALC:DDEMod:MARK1:FUNC:BPOW:CTYP MEAN
[2020/07/28 22:41:51.444687][I][writeEx] E6640A <= CALC:DDEMod:MARK1:FUNC:BAND:CENT 2470000000.000000
[2020/07/28 22:41:51.750136][I][queryEx] E6640A <= *OPC?
[2020/07/28 22:41:51.761804][I][queryEx] E6640A => 1
[2020/07/28 22:41:51.766829][I][queryEx] E6640A <= CALC:DDEMod:MARK1:FUNC:BAND:CENT?
[2020/07/28 22:41:51.773840][I][queryEx] E6640A => 2.470000000E+09
[2020/07/28 22:41:51.778576][I][writeEx] E6640A <= CALC:DDEMod:MARK1:FUNC:BAND:SPAN 10000000.000000
[2020/07/28 22:41:52.084126][I][queryEx] E6640A <= *OPC?
[2020/07/28 22:41:52.093757][I][queryEx] E6640A => 1
[2020/07/28 22:41:52.100820][I][get_Power] Get Tx power
[2020/07/28 22:41:52.105825][I][queryEx] E6640A <= :CALC:DDEMod:MARK1:Y?
[2020/07/28 22:41:52.113089][I][queryEx] E6640A => 2.771497842E-01
[2020/07/28 22:41:52.118184][I][chk_Tx_Result] Tx power(add loss: 8.800000) = 9.077000 dBm
[2020/07/28 22:41:52.122197][I][read_DDEMod_Array] Read measurement result
[2020/07/28 22:41:52.127237][I][queryEx] E6640A <= :READ:DDEMod?
[2020/07/28 22:41:52.273060][I][queryEx] E6640A => 1.547641277E+01,4.341746140E+01,0.000000000E+00,3.886804819E+00,1.722010612E+01,0.000000000E+00,9.91E+37,9.91E+37,9.91E+37,4.512231946E-01,-1.053982973E+00,1.980000000E+02,1.260261917E+01,-3.566901398E+01,0.000000000E+00,2.648312109E+04,9.91E+37,9.91E+37,9.91E+37,9.91E+37,9.91E+37,-4.525996399E+01,9.91E+37,9.526205659E-01,2.995051816E-02,4.506117105E-01,9.91E+37,9.91E+37,9.91E+37,9.91E+37,9.91E+37,9.91E+37,9.91E+37,9.91E+37,9.91E+37,9.91E+37,9.91E+37,9.91E+37,9.91E+37,9.91E+37,9.91E+37,9.91E+37,9.91E+37,9.91E+37,9.91E+37,9.91E+37,9.91E+37,9.91E+37,9.91E+37,9.91E+37,9.91E+37,9.91E+37,9.91E+37,9.91E+37,9.91E+37,9.91E+37,9.91E+37,9.91E+37,9.91E+37,9.91E+37,9.91E+37,3.660259768E-03,-4.048201721E-03
[2020/07/28 22:41:52.290545][I][set_Continue] Set continue
[2020/07/28 22:41:52.300586][I][writeEx] E6640A <= :INIT:CONT ON
[2020/07/28 22:41:53.787692][I][set_Preset] System reset
[2020/07/28 22:41:53.792705][I][writeEx] E6640A <= *RST
[2020/07/28 22:41:53.798305][I][writeEx] E6640A <= *CLS
[2020/07/28 22:41:53.802706][I][writeEx] E6640A <= SYST:PRES
[2020/07/28 22:41:54.109587][I][queryEx] E6640A <= *OPC?
[2020/07/28 22:41:54.984569][I][queryEx] E6640A => 1
[2020/07/28 22:41:55.003298][I][set_Rx_OneTone] Set Rx one tone
[2020/07/28 22:41:55.008312][I][set_RFO_Port] Set output port
[2020/07/28 22:41:55.013026][I][writeEx] E6640A <= :FEED:RF:PORT:OUTPut RFIO1
[2020/07/28 22:41:55.018082][I][queryEx] E6640A <= :FEED:RF:PORT:OUTPut?
[2020/07/28 22:41:55.025449][I][queryEx] E6640A => RFIO1
[2020/07/28 22:41:55.030473][I][set_OneTone_Freq] Set One Tone frequence
[2020/07/28 22:41:55.034474][I][writeEx] E6640A <= :SOUR:FREQ 2445.0 MHz
[2020/07/28 22:41:55.040653][I][set_OneTone_Power] Set One Tone power
[2020/07/28 22:41:55.044666][I][writeEx] E6640A <= :SOURce:POWer -16.1
[2020/07/28 22:42:04.436029][I][set_OneTone_Start] Set One Tone start
[2020/07/28 22:42:04.441035][I][writeEx] E6640A <= OUTP ON
[2020/07/28 22:42:08.991007][I][set_OneTone_Stop] Set One Tone stop
[2020/07/28 22:42:08.996014][I][writeEx] E6640A <= OUTP OFF
[2020/07/28 22:42:09.010086][I][set_Rx_OneTone] Set Rx one tone
[2020/07/28 22:42:09.014061][I][set_RFO_Port] Set output port
[2020/07/28 22:42:09.019105][I][writeEx] E6640A <= :FEED:RF:PORT:OUTPut RFIO1
[2020/07/28 22:42:09.023632][I][queryEx] E6640A <= :FEED:RF:PORT:OUTPut?
[2020/07/28 22:42:09.031229][I][queryEx] E6640A => RFIO1
[2020/07/28 22:42:09.037251][I][set_OneTone_Freq] Set One Tone frequence
[2020/07/28 22:42:09.041289][I][writeEx] E6640A <= :SOUR:FREQ 2445.0 MHz
[2020/07/28 22:42:09.045304][I][set_OneTone_Power] Set One Tone power
[2020/07/28 22:42:09.050328][I][writeEx] E6640A <= :SOURce:POWer -16.1
[2020/07/28 22:42:17.619065][I][set_OneTone_Start] Set One Tone start
[2020/07/28 22:42:17.623062][I][writeEx] E6640A <= OUTP ON
[2020/07/28 22:42:22.179207][I][set_OneTone_Stop] Set One Tone stop
[2020/07/28 22:42:22.183207][I][writeEx] E6640A <= OUTP OFF
[2020/07/28 22:42:22.623055][I][disconnect_E6640A] Disconnect E6640A
[2020/07/28 22:42:22.628108]========== End ==========
