[2020/07/29 02:35:35.656013]========== Start ==========
[2020/07/29 02:35:35.658020][I][class_E6640A_ZIGBEE] Initial class_E6640A_ZIGBEE
[2020/07/29 02:35:35.659022][I][class_E6640A_ZIGBEE] Version: 3.0.0.2
[2020/07/29 02:35:35.664393][I][connect_E6640A] Connect to E6640A
[2020/07/29 02:35:35.674530][I][connect_E6640A] Resource Manager of Visa Library at C:\Windows\system32\visa32.dll
[2020/07/29 02:35:35.725778][I][queryEx] E6640A <= *IDN?
[2020/07/29 02:35:35.731835][I][queryEx] E6640A => Keysight Technologies,E6640A,MY57150246,E.19.71
[2020/07/29 02:35:35.733798][I][set_Preset] System reset
[2020/07/29 02:35:35.735803][I][writeEx] E6640A <= *RST
[2020/07/29 02:35:35.737809][I][writeEx] E6640A <= *CLS
[2020/07/29 02:35:35.740816][I][writeEx] E6640A <= SYST:PRES
[2020/07/29 02:35:36.044905][I][queryEx] E6640A <= *OPC?
[2020/07/29 02:35:36.526307][I][queryEx] E6640A => 1
[2020/07/29 02:35:36.543171][I][set_Preset] System reset
[2020/07/29 02:35:36.544178][I][writeEx] E6640A <= *RST
[2020/07/29 02:35:36.546181][I][writeEx] E6640A <= *CLS
[2020/07/29 02:35:36.548186][I][writeEx] E6640A <= SYST:PRES
[2020/07/29 02:35:36.851874][I][queryEx] E6640A <= *OPC?
[2020/07/29 02:35:37.418308][I][queryEx] E6640A => 1
[2020/07/29 02:35:37.682420][I][set_Preset] System reset
[2020/07/29 02:35:37.684444][I][writeEx] E6640A <= *RST
[2020/07/29 02:35:37.686497][I][writeEx] E6640A <= *CLS
[2020/07/29 02:35:37.688456][I][writeEx] E6640A <= SYST:PRES
[2020/07/29 02:35:37.992289][I][queryEx] E6640A <= *OPC?
[2020/07/29 02:35:38.460656][I][queryEx] E6640A => 1
[2020/07/29 02:35:38.473809][I][set_Tx_Start] Set Tx start
[2020/07/29 02:35:38.476175][I][set_RFI_Port] Set input port
[2020/07/29 02:35:38.478179][I][writeEx] E6640A <= :FEED:RF:PORT:INPut RFIO1
[2020/07/29 02:35:38.481212][I][queryEx] E6640A <= :FEED:RF:PORT:INPut?
[2020/07/29 02:35:38.485639][I][queryEx] E6640A => RFIO1
[2020/07/29 02:35:38.488290][I][set_Modulation_Analysis] Set measurement function
[2020/07/29 02:35:38.490294][I][writeEx] E6640A <= INST:SEL VSA
[2020/07/29 02:35:38.794925][I][queryEx] E6640A <= *OPC?
[2020/07/29 02:35:38.805155][I][queryEx] E6640A => 1
[2020/07/29 02:35:38.808172][I][queryEx] E6640A <= INST:SEL?
[2020/07/29 02:35:38.814190][I][queryEx] E6640A => VSA
[2020/07/29 02:35:38.817243][I][writeEx] E6640A <= :CONFigure:DDEMod
[2020/07/29 02:35:39.121331][I][queryEx] E6640A <= *OPC?
[2020/07/29 02:35:39.292133][I][queryEx] E6640A => 1
[2020/07/29 02:35:39.304060][I][init_Zigbee_Mode] Initial Zigbee mode
[2020/07/29 02:35:39.310088][I][writeEx] E6640A <= :DDEM:STAN:PRES ZIGBEE2450
[2020/07/29 02:35:39.615167][I][queryEx] E6640A <= *OPC?
[2020/07/29 02:35:39.625493][I][queryEx] E6640A => 1
[2020/07/29 02:35:39.628504][I][set_Continue] Set continue
[2020/07/29 02:35:39.631512][I][writeEx] E6640A <= :INIT:CONT ON
[2020/07/29 02:35:39.634574][I][set_Freq] Set frequence
[2020/07/29 02:35:39.636524][I][writeEx] E6640A <= :FREQuency:CENTer 2425.0 MHz
[2020/07/29 02:35:39.639532][I][set_XScale_Span] Set frequence span
[2020/07/29 02:35:39.643025][I][writeEx] E6640A <= :FREQuency:SPAN 10000.000000 KHZ
[2020/07/29 02:35:39.645933][I][set_Power_Range] Get power range
[2020/07/29 02:35:39.648942][I][writeEx] E6640A <= :POW:RANG 20.000000
[2020/07/29 02:35:39.650948][I][set_Symbol_Rate] Get symbol rate
[2020/07/29 02:35:39.654421][I][writeEx] E6640A <= :DDEMod:SRATe 1000.000000 kHz
[2020/07/29 02:35:39.656427][I][set_Meas_Interval] Get meas interval
[2020/07/29 02:35:39.659436][I][writeEx] E6640A <= :DDEMod:SWEep:POINts 500
[2020/07/29 02:35:39.662272][I][set_Zigbee_TX_BandPower] Set marker function
[2020/07/29 02:35:39.664279][I][writeEx] E6640A <= CALC:DDEMod:MARK1:MODE POS
[2020/07/29 02:35:39.667339][I][writeEx] E6640A <= CALC:DDEMod:MARK1:TRAC 2
[2020/07/29 02:35:39.669307][I][writeEx] E6640A <= CALC:DDEMod:MARK1:FUNC BPOW
[2020/07/29 02:35:39.672299][I][writeEx] E6640A <= CALC:DDEMod:MARK1:FUNC:BPOW:CTYP MEAN
[2020/07/29 02:35:39.675309][I][writeEx] E6640A <= CALC:DDEMod:MARK1:FUNC:BAND:CENT 2425000000.000000
[2020/07/29 02:35:39.979686][I][queryEx] E6640A <= *OPC?
[2020/07/29 02:35:39.990755][I][queryEx] E6640A => 1
[2020/07/29 02:35:39.993767][I][queryEx] E6640A <= CALC:DDEMod:MARK1:FUNC:BAND:CENT?
[2020/07/29 02:35:39.999971][I][queryEx] E6640A => 2.425000000E+09
[2020/07/29 02:35:40.003645][I][writeEx] E6640A <= CALC:DDEMod:MARK1:FUNC:BAND:SPAN 10000000.000000
[2020/07/29 02:35:40.308568][I][queryEx] E6640A <= *OPC?
[2020/07/29 02:35:40.317741][I][queryEx] E6640A => 1
[2020/07/29 02:35:40.320541][I][set_Trigger_Video] Set trigger video
[2020/07/29 02:35:40.324357][I][writeEx] E6640A <= TRIG:DDEM:SOUR VID
[2020/07/29 02:35:40.628624][I][queryEx] E6640A <= *OPC?
[2020/07/29 02:35:40.639032][I][queryEx] E6640A => 1
[2020/07/29 02:35:40.642041][I][set_Trigger_Level] Set trigger level
[2020/07/29 02:35:40.646053][I][writeEx] E6640A <= :TRIGger:VIDeo:LEVel 30.000000 mV
[2020/07/29 02:35:40.649060][I][set_Trigger_Delay] Set trigger delay
[2020/07/29 02:35:40.652068][I][writeEx] E6640A <= :TRIGger:VIDeo:DELay:STATe ON
[2020/07/29 02:35:40.655907][I][queryEx] E6640A <= :TRIGger:VIDeo:DELay:STATe?
[2020/07/29 02:35:40.720144][I][queryEx] E6640A => 1
[2020/07/29 02:35:40.725203][I][writeEx] E6640A <= :TRIGger:VIDeo:DELay:STATe ON
[2020/07/29 02:35:40.731177][I][writeEx] E6640A <= :TRIGger:VIDeo:DELay 0.300000 ms
[2020/07/29 02:35:40.734915][I][init_Trigger_Reg] Initial trigger status register
[2020/07/29 02:35:40.737926][I][writeEx] E6640A <= *CLS
[2020/07/29 02:35:40.740833][I][writeEx] E6640A <= :STATus:PRESet
[2020/07/29 02:35:40.743890][I][writeEx] E6640A <= *SRE 192
[2020/07/29 02:35:40.746852][I][writeEx] E6640A <= :STATus:OPERation:ENABle 32
[2020/07/29 02:35:40.750894][I][writeEx] E6640A <= *CLS
[2020/07/29 02:35:40.753898][I][queryEx] E6640A <= *STB?
[2020/07/29 02:35:40.801153][I][queryEx] E6640A => 0
[2020/07/29 02:35:40.805731][I][init_Trigger_Reg] Status: 0
[2020/07/29 02:35:49.663007][I][chk_Tx_Result] Check Tx result
[2020/07/29 02:35:49.671035][I][get_Trigger_Status] Get trigger status
[2020/07/29 02:35:49.674044][I][queryEx] E6640A <= *STB?
[2020/07/29 02:35:49.680159][I][queryEx] E6640A => 192
[2020/07/29 02:35:49.683429][I][get_Trigger_Status] Status: 192
[2020/07/29 02:35:49.685436]Is triggered!
[2020/07/29 02:35:49.688443][I][writeEx] E6640A <= *CLS
[2020/07/29 02:35:49.692020][I][set_Continue] Set continue
[2020/07/29 02:35:49.695074][I][writeEx] E6640A <= :INIT:CONT ON
[2020/07/29 02:35:49.799888][I][set_Single] Set single
[2020/07/29 02:35:49.812918][I][writeEx] E6640A <= :INIT:CONT OFF
[2020/07/29 02:35:49.819929][I][set_Zigbee_TX_BandPower] Set marker function
[2020/07/29 02:35:49.823941][I][writeEx] E6640A <= CALC:DDEMod:MARK1:MODE POS
[2020/07/29 02:35:49.827991][I][writeEx] E6640A <= CALC:DDEMod:MARK1:TRAC 2
[2020/07/29 02:35:49.831961][I][writeEx] E6640A <= CALC:DDEMod:MARK1:FUNC BPOW
[2020/07/29 02:35:49.835973][I][writeEx] E6640A <= CALC:DDEMod:MARK1:FUNC:BPOW:CTYP MEAN
[2020/07/29 02:35:49.838980][I][writeEx] E6640A <= CALC:DDEMod:MARK1:FUNC:BAND:CENT 2425000000.000000
[2020/07/29 02:35:50.144161][I][queryEx] E6640A <= *OPC?
[2020/07/29 02:35:50.155445][I][queryEx] E6640A => 1
[2020/07/29 02:35:50.158454][I][queryEx] E6640A <= CALC:DDEMod:MARK1:FUNC:BAND:CENT?
[2020/07/29 02:35:50.164520][I][queryEx] E6640A => 2.425000000E+09
[2020/07/29 02:35:50.168153][I][writeEx] E6640A <= CALC:DDEMod:MARK1:FUNC:BAND:SPAN 10000000.000000
[2020/07/29 02:35:50.472554][I][queryEx] E6640A <= *OPC?
[2020/07/29 02:35:50.484050][I][queryEx] E6640A => 1
[2020/07/29 02:35:50.488062][I][get_Power] Get Tx power
[2020/07/29 02:35:50.492171][I][queryEx] E6640A <= :CALC:DDEMod:MARK1:Y?
[2020/07/29 02:35:50.498362][I][queryEx] E6640A => 1.521758496E+00
[2020/07/29 02:35:50.501374][I][chk_Tx_Result] Tx power(add loss: 8.200000) = 9.722000 dBm
[2020/07/29 02:35:50.505383][I][read_DDEMod_Array] Read measurement result
[2020/07/29 02:35:50.509531][I][queryEx] E6640A <= :READ:DDEMod?
[2020/07/29 02:35:50.760663][I][queryEx] E6640A => 1.533836365E+01,4.203156662E+01,1.400000000E+01,3.942410231E+00,1.498302937E+01,2.030000000E+02,9.91E+37,9.91E+37,9.91E+37,1.016483188E+00,-1.757675409E+00,3.720000000E+02,1.246043587E+01,-3.432880783E+01,1.400000000E+01,2.917982813E+04,9.91E+37,9.91E+37,9.91E+37,9.91E+37,9.91E+37,-4.739734268E+01,9.91E+37,9.534618258E-01,5.689205602E-02,3.417823911E-01,9.91E+37,9.91E+37,9.91E+37,9.91E+37,9.91E+37,9.91E+37,9.91E+37,9.91E+37,9.91E+37,9.91E+37,9.91E+37,9.91E+37,9.91E+37,9.91E+37,9.91E+37,9.91E+37,9.91E+37,9.91E+37,9.91E+37,9.91E+37,9.91E+37,9.91E+37,9.91E+37,9.91E+37,9.91E+37,9.91E+37,9.91E+37,9.91E+37,9.91E+37,9.91E+37,9.91E+37,9.91E+37,9.91E+37,9.91E+37,9.91E+37,3.081829986E-03,-2.951350063E-03
[2020/07/29 02:35:50.768690][I][set_Continue] Set continue
[2020/07/29 02:35:50.771699][I][writeEx] E6640A <= :INIT:CONT ON
[2020/07/29 02:36:01.106292][I][chk_Tx_Result] Check Tx result
[2020/07/29 02:36:01.114350][I][get_Trigger_Status] Get trigger status
[2020/07/29 02:36:01.118830][I][queryEx] E6640A <= *STB?
[2020/07/29 02:36:01.124557][I][queryEx] E6640A => 192
[2020/07/29 02:36:01.129063][I][get_Trigger_Status] Status: 192
[2020/07/29 02:36:01.132073]Is triggered!
[2020/07/29 02:36:01.135975][I][writeEx] E6640A <= *CLS
[2020/07/29 02:36:01.139023][I][set_Continue] Set continue
[2020/07/29 02:36:01.143034][I][writeEx] E6640A <= :INIT:CONT ON
[2020/07/29 02:36:01.248069][I][set_Single] Set single
[2020/07/29 02:36:01.262104][I][writeEx] E6640A <= :INIT:CONT OFF
[2020/07/29 02:36:01.270316][I][set_Zigbee_TX_BandPower] Set marker function
[2020/07/29 02:36:01.273366][I][writeEx] E6640A <= CALC:DDEMod:MARK1:MODE POS
[2020/07/29 02:36:01.276364][I][writeEx] E6640A <= CALC:DDEMod:MARK1:TRAC 2
[2020/07/29 02:36:01.279374][I][writeEx] E6640A <= CALC:DDEMod:MARK1:FUNC BPOW
[2020/07/29 02:36:01.283383][I][writeEx] E6640A <= CALC:DDEMod:MARK1:FUNC:BPOW:CTYP MEAN
[2020/07/29 02:36:01.286397][I][writeEx] E6640A <= CALC:DDEMod:MARK1:FUNC:BAND:CENT 2425000000.000000
[2020/07/29 02:36:01.591950][I][queryEx] E6640A <= *OPC?
[2020/07/29 02:36:01.603043][I][queryEx] E6640A => 1
[2020/07/29 02:36:01.606034][I][queryEx] E6640A <= CALC:DDEMod:MARK1:FUNC:BAND:CENT?
[2020/07/29 02:36:01.612685][I][queryEx] E6640A => 2.425000000E+09
[2020/07/29 02:36:01.616701][I][writeEx] E6640A <= CALC:DDEMod:MARK1:FUNC:BAND:SPAN 10000000.000000
[2020/07/29 02:36:01.922006][I][queryEx] E6640A <= *OPC?
[2020/07/29 02:36:01.933790][I][queryEx] E6640A => 1
[2020/07/29 02:36:01.936799][I][get_Power] Get Tx power
[2020/07/29 02:36:01.939807][I][queryEx] E6640A <= :CALC:DDEMod:MARK1:Y?
[2020/07/29 02:36:01.946120][I][queryEx] E6640A => 5.479892220E-01
[2020/07/29 02:36:01.949764][I][chk_Tx_Result] Tx power(add loss: 8.200000) = 8.748000 dBm
[2020/07/29 02:36:01.952859][I][read_DDEMod_Array] Read measurement result
[2020/07/29 02:36:01.955907][I][queryEx] E6640A <= :READ:DDEMod?
[2020/07/29 02:36:02.100909][I][queryEx] E6640A => 1.417667580E+01,3.740828323E+01,3.880000000E+02,3.351624250E+00,1.454458523E+01,3.880000000E+02,9.91E+37,9.91E+37,9.91E+37,4.637364149E-01,-1.048040390E+00,1.400000000E+01,1.153935051E+01,-3.075662231E+01,3.880000000E+02,2.904891211E+04,9.91E+37,9.91E+37,9.91E+37,9.91E+37,9.91E+37,-4.514841461E+01,9.91E+37,9.601501226E-01,-9.313908406E-03,3.266474009E-01,9.91E+37,9.91E+37,9.91E+37,9.91E+37,9.91E+37,9.91E+37,9.91E+37,9.91E+37,9.91E+37,9.91E+37,9.91E+37,9.91E+37,9.91E+37,9.91E+37,9.91E+37,9.91E+37,9.91E+37,9.91E+37,9.91E+37,9.91E+37,9.91E+37,9.91E+37,9.91E+37,9.91E+37,9.91E+37,9.91E+37,9.91E+37,9.91E+37,9.91E+37,9.91E+37,9.91E+37,9.91E+37,9.91E+37,9.91E+37,9.91E+37,4.154135007E-03,-3.647397039E-03
[2020/07/29 02:36:02.108879][I][set_Continue] Set continue
[2020/07/29 02:36:02.113747][I][writeEx] E6640A <= :INIT:CONT ON
[2020/07/29 02:36:03.558074][I][set_Preset] System reset
[2020/07/29 02:36:03.562102][I][writeEx] E6640A <= *RST
[2020/07/29 02:36:03.565960][I][writeEx] E6640A <= *CLS
[2020/07/29 02:36:03.568970][I][writeEx] E6640A <= SYST:PRES
[2020/07/29 02:36:03.873626][I][queryEx] E6640A <= *OPC?
[2020/07/29 02:36:04.746969][I][queryEx] E6640A => 1
[2020/07/29 02:36:04.762712][I][set_Tx_Start] Set Tx start
[2020/07/29 02:36:04.765722][I][set_RFI_Port] Set input port
[2020/07/29 02:36:04.769389][I][writeEx] E6640A <= :FEED:RF:PORT:INPut RFIO1
[2020/07/29 02:36:04.772399][I][queryEx] E6640A <= :FEED:RF:PORT:INPut?
[2020/07/29 02:36:04.778644][I][queryEx] E6640A => RFIO1
[2020/07/29 02:36:04.782426][I][set_Modulation_Analysis] Set measurement function
[2020/07/29 02:36:04.785434][I][writeEx] E6640A <= INST:SEL VSA
[2020/07/29 02:36:05.091231][I][queryEx] E6640A <= *OPC?
[2020/07/29 02:36:05.102465][I][queryEx] E6640A => 1
[2020/07/29 02:36:05.106482][I][queryEx] E6640A <= INST:SEL?
[2020/07/29 02:36:05.113538][I][queryEx] E6640A => VSA
[2020/07/29 02:36:05.117750][I][writeEx] E6640A <= :CONFigure:DDEMod
[2020/07/29 02:36:05.422905][I][queryEx] E6640A <= *OPC?
[2020/07/29 02:36:05.587801][I][queryEx] E6640A => 1
[2020/07/29 02:36:05.595659][I][init_Zigbee_Mode] Initial Zigbee mode
[2020/07/29 02:36:05.598705][I][writeEx] E6640A <= :DDEM:STAN:PRES ZIGBEE2450
[2020/07/29 02:36:05.904906][I][queryEx] E6640A <= *OPC?
[2020/07/29 02:36:05.915576][I][queryEx] E6640A => 1
[2020/07/29 02:36:05.919739][I][set_Continue] Set continue
[2020/07/29 02:36:05.922786][I][writeEx] E6640A <= :INIT:CONT ON
[2020/07/29 02:36:05.926761][I][set_Freq] Set frequence
[2020/07/29 02:36:05.929822][I][writeEx] E6640A <= :FREQuency:CENTer 2455.0 MHz
[2020/07/29 02:36:05.932778][I][set_XScale_Span] Set frequence span
[2020/07/29 02:36:05.936788][I][writeEx] E6640A <= :FREQuency:SPAN 10000.000000 KHZ
[2020/07/29 02:36:05.939795][I][set_Power_Range] Get power range
[2020/07/29 02:36:05.943806][I][writeEx] E6640A <= :POW:RANG 20.000000
[2020/07/29 02:36:05.946849][I][set_Symbol_Rate] Get symbol rate
[2020/07/29 02:36:05.950825][I][writeEx] E6640A <= :DDEMod:SRATe 1000.000000 kHz
[2020/07/29 02:36:05.953870][I][set_Meas_Interval] Get meas interval
[2020/07/29 02:36:05.956841][I][writeEx] E6640A <= :DDEMod:SWEep:POINts 500
[2020/07/29 02:36:05.960857][I][set_Zigbee_TX_BandPower] Set marker function
[2020/07/29 02:36:05.963870][I][writeEx] E6640A <= CALC:DDEMod:MARK1:MODE POS
[2020/07/29 02:36:05.967870][I][writeEx] E6640A <= CALC:DDEMod:MARK1:TRAC 2
[2020/07/29 02:36:05.970913][I][writeEx] E6640A <= CALC:DDEMod:MARK1:FUNC BPOW
[2020/07/29 02:36:05.974889][I][writeEx] E6640A <= CALC:DDEMod:MARK1:FUNC:BPOW:CTYP MEAN
[2020/07/29 02:36:05.977937][I][writeEx] E6640A <= CALC:DDEMod:MARK1:FUNC:BAND:CENT 2455000000.000000
[2020/07/29 02:36:06.283547][I][queryEx] E6640A <= *OPC?
[2020/07/29 02:36:06.294833][I][queryEx] E6640A => 1
[2020/07/29 02:36:06.298818][I][queryEx] E6640A <= CALC:DDEMod:MARK1:FUNC:BAND:CENT?
[2020/07/29 02:36:06.305912][I][queryEx] E6640A => 2.455000000E+09
[2020/07/29 02:36:06.309926][I][writeEx] E6640A <= CALC:DDEMod:MARK1:FUNC:BAND:SPAN 10000000.000000
[2020/07/29 02:36:06.615458][I][queryEx] E6640A <= *OPC?
[2020/07/29 02:36:06.626560][I][queryEx] E6640A => 1
[2020/07/29 02:36:06.630575][I][set_Trigger_Video] Set trigger video
[2020/07/29 02:36:06.634956][I][writeEx] E6640A <= TRIG:DDEM:SOUR VID
[2020/07/29 02:36:06.939669][I][queryEx] E6640A <= *OPC?
[2020/07/29 02:36:06.951387][I][queryEx] E6640A => 1
[2020/07/29 02:36:06.954789][I][set_Trigger_Level] Set trigger level
[2020/07/29 02:36:06.959170][I][writeEx] E6640A <= :TRIGger:VIDeo:LEVel 30.000000 mV
[2020/07/29 02:36:06.962179][I][set_Trigger_Delay] Set trigger delay
[2020/07/29 02:36:06.966171][I][writeEx] E6640A <= :TRIGger:VIDeo:DELay:STATe ON
[2020/07/29 02:36:06.970141][I][queryEx] E6640A <= :TRIGger:VIDeo:DELay:STATe?
[2020/07/29 02:36:07.039151][I][queryEx] E6640A => 1
[2020/07/29 02:36:07.046175][I][writeEx] E6640A <= :TRIGger:VIDeo:DELay:STATe ON
[2020/07/29 02:36:07.053194][I][writeEx] E6640A <= :TRIGger:VIDeo:DELay 0.300000 ms
[2020/07/29 02:36:07.056264][I][init_Trigger_Reg] Initial trigger status register
[2020/07/29 02:36:07.060212][I][writeEx] E6640A <= *CLS
[2020/07/29 02:36:07.063257][I][writeEx] E6640A <= :STATus:PRESet
[2020/07/29 02:36:07.067231][I][writeEx] E6640A <= *SRE 192
[2020/07/29 02:36:07.070239][I][writeEx] E6640A <= :STATus:OPERation:ENABle 32
[2020/07/29 02:36:07.074250][I][writeEx] E6640A <= *CLS
[2020/07/29 02:36:07.077260][I][queryEx] E6640A <= *STB?
[2020/07/29 02:36:07.128247][I][queryEx] E6640A => 0
[2020/07/29 02:36:07.132306][I][init_Trigger_Reg] Status: 0
[2020/07/29 02:36:16.112262][I][chk_Tx_Result] Check Tx result
[2020/07/29 02:36:16.121216][I][get_Trigger_Status] Get trigger status
[2020/07/29 02:36:16.125140][I][queryEx] E6640A <= *STB?
[2020/07/29 02:36:16.131999][I][queryEx] E6640A => 192
[2020/07/29 02:36:16.136015][I][get_Trigger_Status] Status: 192
[2020/07/29 02:36:16.139019]Is triggered!
[2020/07/29 02:36:16.143029][I][writeEx] E6640A <= *CLS
[2020/07/29 02:36:16.147041][I][set_Continue] Set continue
[2020/07/29 02:36:16.151214][I][writeEx] E6640A <= :INIT:CONT ON
[2020/07/29 02:36:16.256494][I][set_Single] Set single
[2020/07/29 02:36:16.271535][I][writeEx] E6640A <= :INIT:CONT OFF
[2020/07/29 02:36:16.279762][I][set_Zigbee_TX_BandPower] Set marker function
[2020/07/29 02:36:16.282772][I][writeEx] E6640A <= CALC:DDEMod:MARK1:MODE POS
[2020/07/29 02:36:16.286783][I][writeEx] E6640A <= CALC:DDEMod:MARK1:TRAC 2
[2020/07/29 02:36:16.290090][I][writeEx] E6640A <= CALC:DDEMod:MARK1:FUNC BPOW
[2020/07/29 02:36:16.294043][I][writeEx] E6640A <= CALC:DDEMod:MARK1:FUNC:BPOW:CTYP MEAN
[2020/07/29 02:36:16.297053][I][writeEx] E6640A <= CALC:DDEMod:MARK1:FUNC:BAND:CENT 2455000000.000000
[2020/07/29 02:36:16.602903][I][queryEx] E6640A <= *OPC?
[2020/07/29 02:36:16.613566][I][queryEx] E6640A => 1
[2020/07/29 02:36:16.617579][I][queryEx] E6640A <= CALC:DDEMod:MARK1:FUNC:BAND:CENT?
[2020/07/29 02:36:16.624641][I][queryEx] E6640A => 2.455000000E+09
[2020/07/29 02:36:16.628608][I][writeEx] E6640A <= CALC:DDEMod:MARK1:FUNC:BAND:SPAN 10000000.000000
[2020/07/29 02:36:16.933926][I][queryEx] E6640A <= *OPC?
[2020/07/29 02:36:16.945137][I][queryEx] E6640A => 1
[2020/07/29 02:36:16.948147][I][get_Power] Get Tx power
[2020/07/29 02:36:16.952157][I][queryEx] E6640A <= :CALC:DDEMod:MARK1:Y?
[2020/07/29 02:36:16.958614][I][queryEx] E6640A => 1.216919457E+00
[2020/07/29 02:36:16.962130][I][chk_Tx_Result] Tx power(add loss: 8.900000) = 10.117000 dBm
[2020/07/29 02:36:16.965139][I][read_DDEMod_Array] Read measurement result
[2020/07/29 02:36:16.969161][I][queryEx] E6640A <= :READ:DDEMod?
[2020/07/29 02:36:17.218195][I][queryEx] E6640A => 1.488238335E+01,3.959014893E+01,1.660000000E+02,3.507925987E+00,1.313385773E+01,4.230000000E+02,9.91E+37,9.91E+37,9.91E+37,4.669430256E-01,-1.034116745E+00,3.440000000E+02,1.211111546E+01,3.239477539E+01,1.660000000E+02,2.930794336E+04,9.91E+37,9.91E+37,9.91E+37,9.91E+37,9.91E+37,-4.489223480E+01,9.91E+37,9.561616182E-01,6.478736550E-02,4.219765663E-01,9.91E+37,9.91E+37,9.91E+37,9.91E+37,9.91E+37,9.91E+37,9.91E+37,9.91E+37,9.91E+37,9.91E+37,9.91E+37,9.91E+37,9.91E+37,9.91E+37,9.91E+37,9.91E+37,9.91E+37,9.91E+37,9.91E+37,9.91E+37,9.91E+37,9.91E+37,9.91E+37,9.91E+37,9.91E+37,9.91E+37,9.91E+37,9.91E+37,9.91E+37,9.91E+37,9.91E+37,9.91E+37,9.91E+37,9.91E+37,9.91E+37,3.917342983E-03,-4.131791182E-03
[2020/07/29 02:36:17.226212][I][set_Continue] Set continue
[2020/07/29 02:36:17.230000][I][writeEx] E6640A <= :INIT:CONT ON
[2020/07/29 02:36:27.733043][I][chk_Tx_Result] Check Tx result
[2020/07/29 02:36:27.741070][I][get_Trigger_Status] Get trigger status
[2020/07/29 02:36:27.745081][I][queryEx] E6640A <= *STB?
[2020/07/29 02:36:27.751492][I][queryEx] E6640A => 192
[2020/07/29 02:36:27.754502][I][get_Trigger_Status] Status: 192
[2020/07/29 02:36:27.758514]Is triggered!
[2020/07/29 02:36:27.761521][I][writeEx] E6640A <= *CLS
[2020/07/29 02:36:27.765373][I][set_Continue] Set continue
[2020/07/29 02:36:27.769385][I][writeEx] E6640A <= :INIT:CONT ON
[2020/07/29 02:36:27.874395][I][set_Single] Set single
[2020/07/29 02:36:27.889364][I][writeEx] E6640A <= :INIT:CONT OFF
[2020/07/29 02:36:27.893417][I][set_Zigbee_TX_BandPower] Set marker function
[2020/07/29 02:36:27.897388][I][writeEx] E6640A <= CALC:DDEMod:MARK1:MODE POS
[2020/07/29 02:36:27.901435][I][writeEx] E6640A <= CALC:DDEMod:MARK1:TRAC 2
[2020/07/29 02:36:27.905409][I][writeEx] E6640A <= CALC:DDEMod:MARK1:FUNC BPOW
[2020/07/29 02:36:27.910465][I][writeEx] E6640A <= CALC:DDEMod:MARK1:FUNC:BPOW:CTYP MEAN
[2020/07/29 02:36:27.915173][I][writeEx] E6640A <= CALC:DDEMod:MARK1:FUNC:BAND:CENT 2455000000.000000
[2020/07/29 02:36:28.220060][I][queryEx] E6640A <= *OPC?
[2020/07/29 02:36:28.232162][I][queryEx] E6640A => 1
[2020/07/29 02:36:28.236176][I][queryEx] E6640A <= CALC:DDEMod:MARK1:FUNC:BAND:CENT?
[2020/07/29 02:36:28.241721][I][queryEx] E6640A => 2.455000000E+09
[2020/07/29 02:36:28.245770][I][writeEx] E6640A <= CALC:DDEMod:MARK1:FUNC:BAND:SPAN 10000000.000000
[2020/07/29 02:36:28.551611][I][queryEx] E6640A <= *OPC?
[2020/07/29 02:36:28.561876][I][queryEx] E6640A => 1
[2020/07/29 02:36:28.565885][I][get_Power] Get Tx power
[2020/07/29 02:36:28.569935][I][queryEx] E6640A <= :CALC:DDEMod:MARK1:Y?
[2020/07/29 02:36:28.576637][I][queryEx] E6640A => 1.008300498E-01
[2020/07/29 02:36:28.580186][I][chk_Tx_Result] Tx power(add loss: 8.900000) = 9.001000 dBm
[2020/07/29 02:36:28.584972][I][read_DDEMod_Array] Read measurement result
[2020/07/29 02:36:28.588541][I][queryEx] E6640A <= :READ:DDEMod?
[2020/07/29 02:36:28.729959][I][queryEx] E6640A => 1.472908115E+01,4.223683929E+01,2.010000000E+02,3.517201900E+00,1.522087193E+01,2.010000000E+02,9.91E+37,9.91E+37,9.91E+37,5.092585087E-01,-1.268279552E+00,3.390000000E+02,1.198320293E+01,3.458841324E+01,2.010000000E+02,2.926125781E+04,9.91E+37,9.91E+37,9.91E+37,9.91E+37,9.91E+37,-4.382204437E+01,9.91E+37,9.570441246E-01,6.574357301E-02,4.172463417E-01,9.91E+37,9.91E+37,9.91E+37,9.91E+37,9.91E+37,9.91E+37,9.91E+37,9.91E+37,9.91E+37,9.91E+37,9.91E+37,9.91E+37,9.91E+37,9.91E+37,9.91E+37,9.91E+37,9.91E+37,9.91E+37,9.91E+37,9.91E+37,9.91E+37,9.91E+37,9.91E+37,9.91E+37,9.91E+37,9.91E+37,9.91E+37,9.91E+37,9.91E+37,9.91E+37,9.91E+37,9.91E+37,9.91E+37,9.91E+37,9.91E+37,2.606593305E-03,-5.889105145E-03
[2020/07/29 02:36:28.745998][I][set_Continue] Set continue
[2020/07/29 02:36:28.754010][I][writeEx] E6640A <= :INIT:CONT ON
[2020/07/29 02:36:30.204404][I][set_Preset] System reset
[2020/07/29 02:36:30.207858][I][writeEx] E6640A <= *RST
[2020/07/29 02:36:30.211873][I][writeEx] E6640A <= *CLS
[2020/07/29 02:36:30.214933][I][writeEx] E6640A <= SYST:PRES
[2020/07/29 02:36:30.520580][I][queryEx] E6640A <= *OPC?
[2020/07/29 02:36:31.387157][I][queryEx] E6640A => 1
[2020/07/29 02:36:31.403646][I][set_Tx_Start] Set Tx start
[2020/07/29 02:36:31.407658][I][set_RFI_Port] Set input port
[2020/07/29 02:36:31.411291][I][writeEx] E6640A <= :FEED:RF:PORT:INPut RFIO1
[2020/07/29 02:36:31.416337][I][queryEx] E6640A <= :FEED:RF:PORT:INPut?
[2020/07/29 02:36:31.423289][I][queryEx] E6640A => RFIO1
[2020/07/29 02:36:31.427303][I][set_Modulation_Analysis] Set measurement function
[2020/07/29 02:36:31.432253][I][writeEx] E6640A <= INST:SEL VSA
[2020/07/29 02:36:31.737212][I][queryEx] E6640A <= *OPC?
[2020/07/29 02:36:31.749203][I][queryEx] E6640A => 1
[2020/07/29 02:36:31.753211][I][queryEx] E6640A <= INST:SEL?
[2020/07/29 02:36:31.760371][I][queryEx] E6640A => VSA
[2020/07/29 02:36:31.765242][I][writeEx] E6640A <= :CONFigure:DDEMod
[2020/07/29 02:36:32.071136][I][queryEx] E6640A <= *OPC?
[2020/07/29 02:36:32.237782][I][queryEx] E6640A => 1
[2020/07/29 02:36:32.253822][I][init_Zigbee_Mode] Initial Zigbee mode
[2020/07/29 02:36:32.261835][I][writeEx] E6640A <= :DDEM:STAN:PRES ZIGBEE2450
[2020/07/29 02:36:32.566921][I][queryEx] E6640A <= *OPC?
[2020/07/29 02:36:32.579315][I][queryEx] E6640A => 1
[2020/07/29 02:36:32.583326][I][set_Continue] Set continue
[2020/07/29 02:36:32.587339][I][writeEx] E6640A <= :INIT:CONT ON
[2020/07/29 02:36:32.591369][I][set_Freq] Set frequence
[2020/07/29 02:36:32.595186][I][writeEx] E6640A <= :FREQuency:CENTer 2470.0 MHz
[2020/07/29 02:36:32.599200][I][set_XScale_Span] Set frequence span
[2020/07/29 02:36:32.603215][I][writeEx] E6640A <= :FREQuency:SPAN 10000.000000 KHZ
[2020/07/29 02:36:32.606255][I][set_Power_Range] Get power range
[2020/07/29 02:36:32.610266][I][writeEx] E6640A <= :POW:RANG 20.000000
[2020/07/29 02:36:32.614240][I][set_Symbol_Rate] Get symbol rate
[2020/07/29 02:36:32.618263][I][writeEx] E6640A <= :DDEMod:SRATe 1000.000000 kHz
[2020/07/29 02:36:32.621258][I][set_Meas_Interval] Get meas interval
[2020/07/29 02:36:32.625300][I][writeEx] E6640A <= :DDEMod:SWEep:POINts 500
[2020/07/29 02:36:32.629278][I][set_Zigbee_TX_BandPower] Set marker function
[2020/07/29 02:36:32.633291][I][writeEx] E6640A <= CALC:DDEMod:MARK1:MODE POS
[2020/07/29 02:36:32.636298][I][writeEx] E6640A <= CALC:DDEMod:MARK1:TRAC 2
[2020/07/29 02:36:32.641075][I][writeEx] E6640A <= CALC:DDEMod:MARK1:FUNC BPOW
[2020/07/29 02:36:32.644085][I][writeEx] E6640A <= CALC:DDEMod:MARK1:FUNC:BPOW:CTYP MEAN
[2020/07/29 02:36:32.648096][I][writeEx] E6640A <= CALC:DDEMod:MARK1:FUNC:BAND:CENT 2470000000.000000
[2020/07/29 02:36:32.953517][I][queryEx] E6640A <= *OPC?
[2020/07/29 02:36:32.963490][I][queryEx] E6640A => 1
[2020/07/29 02:36:32.967503][I][queryEx] E6640A <= CALC:DDEMod:MARK1:FUNC:BAND:CENT?
[2020/07/29 02:36:32.974605][I][queryEx] E6640A => 2.470000000E+09
[2020/07/29 02:36:32.979424][I][writeEx] E6640A <= CALC:DDEMod:MARK1:FUNC:BAND:SPAN 10000000.000000
[2020/07/29 02:36:33.285188][I][queryEx] E6640A <= *OPC?
[2020/07/29 02:36:33.296388][I][queryEx] E6640A => 1
[2020/07/29 02:36:33.301214][I][set_Trigger_Video] Set trigger video
[2020/07/29 02:36:33.305255][I][writeEx] E6640A <= TRIG:DDEM:SOUR VID
[2020/07/29 02:36:33.610494][I][queryEx] E6640A <= *OPC?
[2020/07/29 02:36:33.621706][I][queryEx] E6640A => 1
[2020/07/29 02:36:33.626724][I][set_Trigger_Level] Set trigger level
[2020/07/29 02:36:33.630735][I][writeEx] E6640A <= :TRIGger:VIDeo:LEVel 30.000000 mV
[2020/07/29 02:36:33.634781][I][set_Trigger_Delay] Set trigger delay
[2020/07/29 02:36:33.638962][I][writeEx] E6640A <= :TRIGger:VIDeo:DELay:STATe ON
[2020/07/29 02:36:33.642924][I][queryEx] E6640A <= :TRIGger:VIDeo:DELay:STATe?
[2020/07/29 02:36:33.702302][I][queryEx] E6640A => 1
[2020/07/29 02:36:33.708976][I][writeEx] E6640A <= :TRIGger:VIDeo:DELay:STATe ON
[2020/07/29 02:36:33.713992][I][writeEx] E6640A <= :TRIGger:VIDeo:DELay 0.300000 ms
[2020/07/29 02:36:33.720008][I][init_Trigger_Reg] Initial trigger status register
[2020/07/29 02:36:33.726025][I][writeEx] E6640A <= *CLS
[2020/07/29 02:36:33.731037][I][writeEx] E6640A <= :STATus:PRESet
[2020/07/29 02:36:33.736050][I][writeEx] E6640A <= *SRE 192
[2020/07/29 02:36:33.740736][I][writeEx] E6640A <= :STATus:OPERation:ENABle 32
[2020/07/29 02:36:33.744750][I][writeEx] E6640A <= *CLS
[2020/07/29 02:36:33.748763][I][queryEx] E6640A <= *STB?
[2020/07/29 02:36:33.787213][I][queryEx] E6640A => 0
[2020/07/29 02:36:33.791227][I][init_Trigger_Reg] Status: 0
[2020/07/29 02:36:42.782748][I][chk_Tx_Result] Check Tx result
[2020/07/29 02:36:42.790777][I][get_Trigger_Status] Get trigger status
[2020/07/29 02:36:42.794828][I][queryEx] E6640A <= *STB?
[2020/07/29 02:36:42.802394][I][queryEx] E6640A => 192
[2020/07/29 02:36:42.806455][I][get_Trigger_Status] Status: 192
[2020/07/29 02:36:42.810505]Is triggered!
[2020/07/29 02:36:42.814894][I][writeEx] E6640A <= *CLS
[2020/07/29 02:36:42.818908][I][set_Continue] Set continue
[2020/07/29 02:36:42.821914][I][writeEx] E6640A <= :INIT:CONT ON
[2020/07/29 02:36:42.927610][I][set_Single] Set single
[2020/07/29 02:36:42.944706][I][writeEx] E6640A <= :INIT:CONT OFF
[2020/07/29 02:36:42.953708][I][set_Zigbee_TX_BandPower] Set marker function
[2020/07/29 02:36:42.957684][I][writeEx] E6640A <= CALC:DDEMod:MARK1:MODE POS
[2020/07/29 02:36:42.961693][I][writeEx] E6640A <= CALC:DDEMod:MARK1:TRAC 2
[2020/07/29 02:36:42.965704][I][writeEx] E6640A <= CALC:DDEMod:MARK1:FUNC BPOW
[2020/07/29 02:36:42.969715][I][writeEx] E6640A <= CALC:DDEMod:MARK1:FUNC:BPOW:CTYP MEAN
[2020/07/29 02:36:42.973738][I][writeEx] E6640A <= CALC:DDEMod:MARK1:FUNC:BAND:CENT 2470000000.000000
[2020/07/29 02:36:43.278723][I][queryEx] E6640A <= *OPC?
[2020/07/29 02:36:43.289762][I][queryEx] E6640A => 1
[2020/07/29 02:36:43.294880][I][queryEx] E6640A <= CALC:DDEMod:MARK1:FUNC:BAND:CENT?
[2020/07/29 02:36:43.301889][I][queryEx] E6640A => 2.470000000E+09
[2020/07/29 02:36:43.306081][I][writeEx] E6640A <= CALC:DDEMod:MARK1:FUNC:BAND:SPAN 10000000.000000
[2020/07/29 02:36:43.612067][I][queryEx] E6640A <= *OPC?
[2020/07/29 02:36:43.624666][I][queryEx] E6640A => 1
[2020/07/29 02:36:43.628678][I][get_Power] Get Tx power
[2020/07/29 02:36:43.632707][I][queryEx] E6640A <= :CALC:DDEMod:MARK1:Y?
[2020/07/29 02:36:43.639450][I][queryEx] E6640A => 1.582344174E+00
[2020/07/29 02:36:43.643405][I][chk_Tx_Result] Tx power(add loss: 8.800000) = 10.382000 dBm
[2020/07/29 02:36:43.646414][I][read_DDEMod_Array] Read measurement result
[2020/07/29 02:36:43.651513][I][queryEx] E6640A <= :READ:DDEMod?
[2020/07/29 02:36:43.908162][I][queryEx] E6640A => 1.384120560E+01,4.000219727E+01,2.220000000E+02,3.278198004E+00,1.453613758E+01,1.670000000E+02,9.91E+37,9.91E+37,9.91E+37,3.667654097E-01,-9.709775448E-01,2.930000000E+02,1.126735306E+01,3.281110001E+01,2.220000000E+02,2.941139844E+04,9.91E+37,9.91E+37,9.91E+37,9.91E+37,9.91E+37,-4.701800537E+01,9.91E+37,9.620224237E-01,-7.663742173E-03,3.389671445E-01,9.91E+37,9.91E+37,9.91E+37,9.91E+37,9.91E+37,9.91E+37,9.91E+37,9.91E+37,9.91E+37,9.91E+37,9.91E+37,9.91E+37,9.91E+37,9.91E+37,9.91E+37,9.91E+37,9.91E+37,9.91E+37,9.91E+37,9.91E+37,9.91E+37,9.91E+37,9.91E+37,9.91E+37,9.91E+37,9.91E+37,9.91E+37,9.91E+37,9.91E+37,9.91E+37,9.91E+37,9.91E+37,9.91E+37,9.91E+37,9.91E+37,3.313282039E-03,-2.981985919E-03
[2020/07/29 02:36:43.917136][I][set_Continue] Set continue
[2020/07/29 02:36:43.922187][I][writeEx] E6640A <= :INIT:CONT ON
[2020/07/29 02:36:54.339176][I][chk_Tx_Result] Check Tx result
[2020/07/29 02:36:54.347204][I][get_Trigger_Status] Get trigger status
[2020/07/29 02:36:54.351215][I][queryEx] E6640A <= *STB?
[2020/07/29 02:36:54.359422][I][queryEx] E6640A => 192
[2020/07/29 02:36:54.363448][I][get_Trigger_Status] Status: 192
[2020/07/29 02:36:54.367446]Is triggered!
[2020/07/29 02:36:54.371434][I][writeEx] E6640A <= *CLS
[2020/07/29 02:36:54.375450][I][set_Continue] Set continue
[2020/07/29 02:36:54.378472][I][writeEx] E6640A <= :INIT:CONT ON
[2020/07/29 02:36:54.484448][I][set_Single] Set single
[2020/07/29 02:36:54.501448][I][writeEx] E6640A <= :INIT:CONT OFF
[2020/07/29 02:36:54.517557][I][set_Zigbee_TX_BandPower] Set marker function
[2020/07/29 02:36:54.532296][I][writeEx] E6640A <= CALC:DDEMod:MARK1:MODE POS
[2020/07/29 02:36:54.540402][I][writeEx] E6640A <= CALC:DDEMod:MARK1:TRAC 2
[2020/07/29 02:36:54.548435][I][writeEx] E6640A <= CALC:DDEMod:MARK1:FUNC BPOW
[2020/07/29 02:36:54.553479][I][writeEx] E6640A <= CALC:DDEMod:MARK1:FUNC:BPOW:CTYP MEAN
[2020/07/29 02:36:54.558490][I][writeEx] E6640A <= CALC:DDEMod:MARK1:FUNC:BAND:CENT 2470000000.000000
[2020/07/29 02:36:54.864786][I][queryEx] E6640A <= *OPC?
[2020/07/29 02:36:54.875987][I][queryEx] E6640A => 1
[2020/07/29 02:36:54.881132][I][queryEx] E6640A <= CALC:DDEMod:MARK1:FUNC:BAND:CENT?
[2020/07/29 02:36:54.888091][I][queryEx] E6640A => 2.470000000E+09
[2020/07/29 02:36:54.892104][I][writeEx] E6640A <= CALC:DDEMod:MARK1:FUNC:BAND:SPAN 10000000.000000
[2020/07/29 02:36:55.197652][I][queryEx] E6640A <= *OPC?
[2020/07/29 02:36:55.210049][I][queryEx] E6640A => 1
[2020/07/29 02:36:55.214061][I][get_Power] Get Tx power
[2020/07/29 02:36:55.218075][I][queryEx] E6640A <= :CALC:DDEMod:MARK1:Y?
[2020/07/29 02:36:55.224758][I][queryEx] E6640A => 6.301486783E-01
[2020/07/29 02:36:55.228771][I][chk_Tx_Result] Tx power(add loss: 8.800000) = 9.430000 dBm
[2020/07/29 02:36:55.233790][I][read_DDEMod_Array] Read measurement result
[2020/07/29 02:36:55.237795][I][queryEx] E6640A <= :READ:DDEMod?
[2020/07/29 02:36:55.390490][I][queryEx] E6640A => 1.373364544E+01,3.828390884E+01,0.000000000E+00,3.140066147E+00,1.286363411E+01,0.000000000E+00,9.91E+37,9.91E+37,9.91E+37,3.473062515E-01,-9.388089180E-01,4.480000000E+02,1.117672729E+01,-3.135526085E+01,0.000000000E+00,2.931516992E+04,9.91E+37,9.91E+37,9.91E+37,9.91E+37,9.91E+37,-4.809814072E+01,9.91E+37,9.626194835E-01,4.256639630E-02,3.684049547E-01,9.91E+37,9.91E+37,9.91E+37,9.91E+37,9.91E+37,9.91E+37,9.91E+37,9.91E+37,9.91E+37,9.91E+37,9.91E+37,9.91E+37,9.91E+37,9.91E+37,9.91E+37,9.91E+37,9.91E+37,9.91E+37,9.91E+37,9.91E+37,9.91E+37,9.91E+37,9.91E+37,9.91E+37,9.91E+37,9.91E+37,9.91E+37,9.91E+37,9.91E+37,9.91E+37,9.91E+37,9.91E+37,9.91E+37,9.91E+37,9.91E+37,3.310267581E-03,-2.130009001E-03
[2020/07/29 02:36:55.407490][I][set_Continue] Set continue
[2020/07/29 02:36:55.415518][I][writeEx] E6640A <= :INIT:CONT ON
[2020/07/29 02:36:56.859418][I][set_Preset] System reset
[2020/07/29 02:36:56.862939][I][writeEx] E6640A <= *RST
[2020/07/29 02:36:56.866953][I][writeEx] E6640A <= *CLS
[2020/07/29 02:36:56.871205][I][writeEx] E6640A <= SYST:PRES
[2020/07/29 02:36:57.176554][I][queryEx] E6640A <= *OPC?
[2020/07/29 02:36:58.040470][I][queryEx] E6640A => 1
[2020/07/29 02:36:58.059470][I][set_Rx_OneTone] Set Rx one tone
[2020/07/29 02:36:58.064100][I][set_RFO_Port] Set output port
[2020/07/29 02:36:58.067109][I][writeEx] E6640A <= :FEED:RF:PORT:OUTPut RFIO1
[2020/07/29 02:36:58.071120][I][queryEx] E6640A <= :FEED:RF:PORT:OUTPut?
[2020/07/29 02:36:58.077407][I][queryEx] E6640A => RFIO1
[2020/07/29 02:36:58.081147][I][set_OneTone_Freq] Set One Tone frequence
[2020/07/29 02:36:58.085170][I][writeEx] E6640A <= :SOUR:FREQ 2445.0 MHz
[2020/07/29 02:36:58.089168][I][set_OneTone_Power] Set One Tone power
[2020/07/29 02:36:58.092176][I][writeEx] E6640A <= :SOURce:POWer -16.1
[2020/07/29 02:37:07.385502][I][set_OneTone_Start] Set One Tone start
[2020/07/29 02:37:07.389338][I][writeEx] E6640A <= OUTP ON
[2020/07/29 02:37:12.446957][I][set_OneTone_Stop] Set One Tone stop
[2020/07/29 02:37:12.450959][I][writeEx] E6640A <= OUTP OFF
[2020/07/29 02:37:12.463972][I][set_Rx_OneTone] Set Rx one tone
[2020/07/29 02:37:12.467986][I][set_RFO_Port] Set output port
[2020/07/29 02:37:12.471968][I][writeEx] E6640A <= :FEED:RF:PORT:OUTPut RFIO1
[2020/07/29 02:37:12.476980][I][queryEx] E6640A <= :FEED:RF:PORT:OUTPut?
[2020/07/29 02:37:12.484601][I][queryEx] E6640A => RFIO1
[2020/07/29 02:37:12.487610][I][set_OneTone_Freq] Set One Tone frequence
[2020/07/29 02:37:12.492655][I][writeEx] E6640A <= :SOUR:FREQ 2445.0 MHz
[2020/07/29 02:37:12.496673][I][set_OneTone_Power] Set One Tone power
[2020/07/29 02:37:12.500647][I][writeEx] E6640A <= :SOURce:POWer -16.1
[2020/07/29 02:37:20.970930][I][set_OneTone_Start] Set One Tone start
[2020/07/29 02:37:20.975946][I][writeEx] E6640A <= OUTP ON
[2020/07/29 02:37:25.483584][I][set_OneTone_Stop] Set One Tone stop
[2020/07/29 02:37:25.487598][I][writeEx] E6640A <= OUTP OFF
[2020/07/29 02:37:25.989496][I][disconnect_E6640A] Disconnect E6640A
[2020/07/29 02:37:25.995888]========== End ==========
