[2020/07/29 22:55:39][I][checkDatabaseONorNOT] Database running.
[2020/07/29 22:55:39][I][tryConnectDatabase] Connect to MariaDB GFI20 database success!!
[2020/07/29 22:55:39][I][tryConnectDatabase] Connect to MariaDB GFI20 database success!!
[2020/07/29 22:55:39][I][checkDatabaseONorNOT] Database running.
[2020/07/29 22:55:39][I][tryConnectDatabase] Connect to MariaDB GFI20 database success!!
[2020/07/29 22:55:39][I][tryConnectDatabase] Connect to MariaDB GFI20 database success!!
[2020/07/29 22:55:39][E][initialDatabase] UpdateDB.csv already exist.
[2020/07/29 22:55:43][I][WriteDataTocsv] Create new row with item GFI20Bootup.
[2020/07/29 22:55:43][I][WriteDataTocsv] Update complete.
[2020/07/29 22:55:43][WriteRFDataTocsv][I] Update testscript GFI20Bootup's data.
[2020/07/29 22:55:44][I][WriteRFDataTocsv] Update complete.
[2020/07/29 22:56:36][I][WriteDataTocsv] Create new row with item CountDown.
[2020/07/29 22:56:36][I][WriteDataTocsv] Update complete.
[2020/07/29 22:56:36][WriteRFDataTocsv][I] Update testscript CountDown's data.
[2020/07/29 22:56:36][I][WriteRFDataTocsv] Update complete.
[2020/07/29 22:56:38][I][WriteDataTocsv] Create new row with item WaitConnect.
[2020/07/29 22:56:38][I][WriteDataTocsv] Update complete.
[2020/07/29 22:56:38][WriteRFDataTocsv][I] Update testscript WaitConnect's data.
[2020/07/29 22:56:38][I][WriteRFDataTocsv] Update complete.
[2020/07/29 22:58:31][WriteRFDataTocsv][I] Update testscript GFI20_RF_Zigbee's data.
[2020/07/29 22:58:31][I][WriteRFDataTocsv] Update complete.
[2020/07/29 22:58:31][WriteRFDataTocsv][I] Update testscript GFI20_RF_Zigbee's data.
[2020/07/29 22:58:31][I][WriteRFDataTocsv] Update complete.
[2020/07/29 22:58:31][WriteRFDataTocsv][I] Update testscript GFI20_RF_Zigbee's data.
[2020/07/29 22:58:31][I][WriteRFDataTocsv] Update complete.
[2020/07/29 22:58:31][WriteRFDataTocsv][I] Update testscript GFI20_RF_Zigbee's data.
[2020/07/29 22:58:31][I][WriteRFDataTocsv] Update complete.
[2020/07/29 22:58:31][WriteRFDataTocsv][I] Update testscript GFI20_RF_Zigbee's data.
[2020/07/29 22:58:31][I][WriteRFDataTocsv] Update complete.
[2020/07/29 22:58:34][I][WriteDataTocsv] Create new row with item GFI20_RF_Zigbee.
[2020/07/29 22:58:34][I][WriteDataTocsv] Update complete.
[2020/07/29 22:58:34][WriteRFDataTocsv][I] Update testscript GFI20_RF_Zigbee's data.
[2020/07/29 22:58:34][I][WriteRFDataTocsv] Update complete.
[2020/07/29 23:01:20][WriteRFDataTocsv][I] Update testscript GFI20_RF_LTE's data.
[2020/07/29 23:01:20][I][WriteRFDataTocsv] Update complete.
[2020/07/29 23:01:20][WriteRFDataTocsv][I] Update testscript GFI20_RF_LTE's data.
[2020/07/29 23:01:20][I][WriteRFDataTocsv] Update complete.
[2020/07/29 23:01:20][WriteRFDataTocsv][I] Update testscript GFI20_RF_LTE's data.
[2020/07/29 23:01:20][I][WriteRFDataTocsv] Update complete.
[2020/07/29 23:01:26][I][WriteDataTocsv] Create new row with item GFI20_RF_LTE.
[2020/07/29 23:01:26][I][WriteDataTocsv] Update complete.
[2020/07/29 23:01:26][WriteRFDataTocsv][I] Update testscript GFI20_RF_LTE's data.
[2020/07/29 23:01:26][I][WriteRFDataTocsv] Update complete.
[2020/07/29 23:01:26]--------------------DBUploading start--------------------
[2020/07/29 23:01:26][I][uploadData] Projcet name: GFI20
[2020/07/29 23:01:26][I][uploadData] Station name: BRF
[2020/07/29 23:01:26][I][tryConnectDatabase] Connect to MariaDB GFI20 database success!!
[2020/07/29 23:01:26][I][uploadData] Write data into BRF_GFI20Bootup
[2020/07/29 23:01:26][I][uploadData] Write data into BRF_CountDown
[2020/07/29 23:01:26][I][uploadData] Write data into BRF_WaitConnect
[2020/07/29 23:01:26][I][uploadData] Write data into BRF_GFI20_RF_Zigbee
[2020/07/29 23:01:26][I][uploadData] Write data into BRF_GFI20_RF_LTE
[2020/07/29 23:01:26][I][tryConnectDatabase] Connect to MariaDB GFI20_RF database success!!
[2020/07/29 23:01:26][I][uploadData] Write data into BRF_GFI20_RF_Zigbee_ZIGBEE_2450_TX_FREQ2425_ANT1_Power
[2020/07/29 23:01:26][I][uploadData] Write data into BRF_GFI20_RF_Zigbee_ZIGBEE_2450_TX_FREQ2455_ANT1_Power
[2020/07/29 23:01:26][I][uploadData] Write data into BRF_GFI20_RF_Zigbee_ZIGBEE_2450_TX_FREQ2470_ANT1_Power
[2020/07/29 23:01:26][I][uploadData] Write data into BRF_GFI20_RF_Zigbee_ZIGBEE_2450_RX_FREQ2445_ANT1_LNAONRSSI
[2020/07/29 23:01:26][I][uploadData] Write data into BRF_GFI20_RF_Zigbee_ZIGBEE_2450_RX_FREQ2445_ANT1_LNAOFFRSSI
[2020/07/29 23:01:26][I][uploadData] Write data into BRF_GFI20_RF_LTE_LTE_3G_TX_FREQ897.4_ANT1_Power
[2020/07/29 23:01:26][I][uploadData] Write data into BRF_GFI20_RF_LTE_LTE_3G_TX_FREQ1950_ANT1_Power
[2020/07/29 23:01:26][I][uploadData] Write data into BRF_GFI20_RF_LTE_LTE_2G_TX_FREQ914.8_ANT1_Power
[2020/07/29 23:01:26]---------- INI ----------
[2020/07/29 23:01:26][E][uploadData] Read MDUT.ini failed.
