[2020/07/29 22:55:39][I][getBOM] Get BOM Success!
[2020/07/29 22:55:39][I][getSKU] Get SKU from BOM: BOM_SKU, SKU name: 451AOD30L02
[2020/07/29 22:55:39][I][loadTestItemBySKU] Test Item List = (GFI20Bootup.py,1)(CountDown.py,1)(WaitConnect.py,1)(GFI20_RF_Zigbee,2)(GFI20_RF_LTE,1)
[2020/07/29 22:55:39][I][loadTestItemBySKU] Test Item List Element = ['GFI20Bootup.py,1', 'CountDown.py,1', 'WaitConnect.py,1', 'GFI20_RF_Zigbee,2', 'GFI20_RF_LTE,1']
[2020/07/29 22:55:39][I][showTestingMsg] Waiting for testing...
[2020/07/29 22:55:39]---------- TestItem:GFI20Bootup.py  Method:1 ----------
[2020/07/29 22:55:39][I][runTestItem] Test start time: 2020/07/29 22:55:39
[2020/07/29 22:55:43][I][runTestItem] Test finished
[2020/07/29 22:55:43][I][checkTestResult] Version=3.0.0.3
[2020/07/29 22:55:43][I][checkTestResult] Result=Pass
[2020/07/29 22:55:43]*********************************************************
[2020/07/29 22:55:43]GFI20Bootup.py   3.0.0.3

[2020/07/29 22:55:43]			Result: Pass

[2020/07/29 22:55:43]			Method: 1

[2020/07/29 22:55:43]			Start: 2020/07/29 22:55:39

[2020/07/29 22:55:43]			End: 2020/07/29 22:55:43
[2020/07/29 22:55:43][I][runTestItem] Test end time: 2020/07/29 22:55:43
[2020/07/29 22:55:44]---------- TestItem:CountDown.py  Method:1 ----------
[2020/07/29 22:55:44][I][runTestItem] Test start time: 2020/07/29 22:55:44
[2020/07/29 22:56:36][I][runTestItem] Test finished
[2020/07/29 22:56:36][I][checkTestResult] Version=3.0.0.3
[2020/07/29 22:56:36][I][checkTestResult] Result=Pass
[2020/07/29 22:56:36]*********************************************************
[2020/07/29 22:56:36]CountDown.py   3.0.0.3

[2020/07/29 22:56:36]			Result: Pass

[2020/07/29 22:56:36]			Method: 1

[2020/07/29 22:56:36]			Start: 2020/07/29 22:55:44

[2020/07/29 22:56:36]			End: 2020/07/29 22:56:36
[2020/07/29 22:56:36][I][runTestItem] Test end time: 2020/07/29 22:56:36
[2020/07/29 22:56:36]---------- TestItem:WaitConnect.py  Method:1 ----------
[2020/07/29 22:56:36][I][runTestItem] Test start time: 2020/07/29 22:56:36
[2020/07/29 22:56:38][I][runTestItem] Test finished
[2020/07/29 22:56:38][I][checkTestResult] Version=3.0.0.4
[2020/07/29 22:56:38][I][checkTestResult] Result=Pass
[2020/07/29 22:56:38]*********************************************************
[2020/07/29 22:56:38]WaitConnect.py   3.0.0.4

[2020/07/29 22:56:38]			Result: Pass

[2020/07/29 22:56:38]			Method: 1

[2020/07/29 22:56:38]			Start: 2020/07/29 22:56:36

[2020/07/29 22:56:38]			End: 2020/07/29 22:56:38
[2020/07/29 22:56:38][I][runTestItem] Test end time: 2020/07/29 22:56:38
[2020/07/29 22:56:38]---------- TestItem:GFI20_RF_Zigbee.py  Method:2 ----------
[2020/07/29 22:56:38][I][runTestItem] Test start time: 2020/07/29 22:56:38
[2020/07/29 22:58:34][I][runTestItem] Test finished
[2020/07/29 22:58:34][I][checkTestResult] Version=3.0.0.3
[2020/07/29 22:58:34][I][checkTestResult] Result=Pass
[2020/07/29 22:58:34]*********************************************************
[2020/07/29 22:58:34]GFI20_RF_Zigbee.py   3.0.0.3

[2020/07/29 22:58:34]			Result: Pass

[2020/07/29 22:58:34]			Method: 2

[2020/07/29 22:58:34]			Start: 2020/07/29 22:56:38

[2020/07/29 22:58:34]			End: 2020/07/29 22:58:34
[2020/07/29 22:58:34][I][runTestItem] Test end time: 2020/07/29 22:58:34
[2020/07/29 22:58:34]---------- TestItem:GFI20_RF_LTE.py  Method:1 ----------
[2020/07/29 22:58:34][I][runTestItem] Test start time: 2020/07/29 22:58:34
[2020/07/29 23:01:25][I][runTestItem] Test finished
[2020/07/29 23:01:25][I][checkTestResult] Version=3.0.0.11
[2020/07/29 23:01:25][I][checkTestResult] Result=Fail
[2020/07/29 23:01:25][I][checkTestResult] Reason=LTE_2G 914.8
Tx Current FAIL
[2020/07/29 23:01:25][I][checkTestResult] EC=010000L01
[2020/07/29 23:01:25]*********************************************************
[2020/07/29 23:01:25]GFI20_RF_LTE.py   3.0.0.11

[2020/07/29 23:01:25]			Result: Fail

[2020/07/29 23:01:25]			Method: 1

[2020/07/29 23:01:25]			Start: 2020/07/29 22:58:34

[2020/07/29 23:01:25]			End: 2020/07/29 23:01:25
[2020/07/29 23:01:26]
			Fail Reason: LTE_2G 914.8
Tx Current FAIL
[2020/07/29 23:01:26][I][runTestItem] Test end time: 2020/07/29 23:01:26
[2020/07/29 23:01:27][I][runLastScript] Waiting for ending...
[2020/07/29 23:01:27]---------- TestItem:GFI20LastScript.py  Method:1 ----------
[2020/07/29 23:01:27][I][runLastScript] Test start time: 2020/07/29 23:01:27
[2020/07/29 23:01:45][I][runLastScript] Test finished
[2020/07/29 23:01:45][I][runLastScript] Test end time: 2020/07/29 23:01:45
[2020/07/29 23:01:45][I][checkTestResult] Version=3.0.0.6
[2020/07/29 23:01:45][I][checkTestResult] Result=Pass
[2020/07/29 23:01:45]*********************************************************
[2020/07/29 23:01:45]GFI20LastScript.py   3.0.0.6

[2020/07/29 23:01:45]			Result: Pass

[2020/07/29 23:01:45]			Method: 1

[2020/07/29 23:01:45]			Start: 2020/07/29 23:01:27

[2020/07/29 23:01:45]			End: 2020/07/29 23:01:45
