[2020/07/28 21:38:38][I][getBOM] Get BOM Success!
[2020/07/28 21:38:38][I][getSKU] Get SKU from BOM: BOM_SKU, SKU name: 451AOD30L02
[2020/07/28 21:38:38][I][loadTestItemBySKU] Test Item List = (GFI20Bootup.py,1)(CountDown.py,1)(GFI20_RF_Zigbee,2)(GFI20_RF_LTE,1)
[2020/07/28 21:38:38][I][loadTestItemBySKU] Test Item List Element = ['GFI20Bootup.py,1', 'CountDown.py,1', 'GFI20_RF_Zigbee,2', 'GFI20_RF_LTE,1']
[2020/07/28 21:38:38][I][showTestingMsg] Waiting for testing...
[2020/07/28 21:38:38]---------- TestItem:GFI20Bootup.py  Method:1 ----------
[2020/07/28 21:38:38][I][runTestItem] Test start time: 2020/07/28 21:38:38
[2020/07/28 21:38:48][I][runTestItem] Test finished
[2020/07/28 21:38:48][I][checkTestResult] Version=3.0.0.3
[2020/07/28 21:38:48][I][checkTestResult] Result=Pass
[2020/07/28 21:38:48]*********************************************************
[2020/07/28 21:38:48]GFI20Bootup.py   3.0.0.3

[2020/07/28 21:38:48]			Result: Pass

[2020/07/28 21:38:48]			Method: 1

[2020/07/28 21:38:48]			Start: 2020/07/28 21:38:38

[2020/07/28 21:38:48]			End: 2020/07/28 21:38:48
[2020/07/28 21:38:48][I][runTestItem] Test end time: 2020/07/28 21:38:48
[2020/07/28 21:38:48]---------- TestItem:CountDown.py  Method:1 ----------
[2020/07/28 21:38:48][I][runTestItem] Test start time: 2020/07/28 21:38:48
[2020/07/28 21:39:40][I][runTestItem] Test finished
[2020/07/28 21:39:40][I][checkTestResult] Version=3.0.0.3
[2020/07/28 21:39:40][I][checkTestResult] Result=Pass
[2020/07/28 21:39:40]*********************************************************
[2020/07/28 21:39:40]CountDown.py   3.0.0.3

[2020/07/28 21:39:40]			Result: Pass

[2020/07/28 21:39:40]			Method: 1

[2020/07/28 21:39:40]			Start: 2020/07/28 21:38:48

[2020/07/28 21:39:40]			End: 2020/07/28 21:39:40
[2020/07/28 21:39:40][I][runTestItem] Test end time: 2020/07/28 21:39:40
[2020/07/28 21:39:40]---------- TestItem:GFI20_RF_Zigbee.py  Method:2 ----------
[2020/07/28 21:39:40][I][runTestItem] Test start time: 2020/07/28 21:39:40
[2020/07/28 21:41:11][I][runTestItem] Test finished
[2020/07/28 21:41:11][I][checkTestResult] Version=3.0.0.3
[2020/07/28 21:41:11][I][checkTestResult] Result=Pass
[2020/07/28 21:41:11]*********************************************************
[2020/07/28 21:41:11]GFI20_RF_Zigbee.py   3.0.0.3

[2020/07/28 21:41:11]			Result: Pass

[2020/07/28 21:41:11]			Method: 2

[2020/07/28 21:41:11]			Start: 2020/07/28 21:39:40

[2020/07/28 21:41:11]			End: 2020/07/28 21:41:11
[2020/07/28 21:41:11][I][runTestItem] Test end time: 2020/07/28 21:41:11
[2020/07/28 21:41:11]---------- TestItem:GFI20_RF_LTE.py  Method:1 ----------
[2020/07/28 21:41:11][I][runTestItem] Test start time: 2020/07/28 21:41:11
[2020/07/28 21:42:29][I][runTestItem] Test finished
[2020/07/28 21:42:29][I][checkTestResult] Version=3.0.0.11
[2020/07/28 21:42:29][I][checkTestResult] Result=Pass
[2020/07/28 21:42:29]*********************************************************
[2020/07/28 21:42:29]GFI20_RF_LTE.py   3.0.0.11

[2020/07/28 21:42:29]			Result: Pass

[2020/07/28 21:42:29]			Method: 1

[2020/07/28 21:42:29]			Start: 2020/07/28 21:41:11

[2020/07/28 21:42:29]			End: 2020/07/28 21:42:29
[2020/07/28 21:42:29][I][runTestItem] Test end time: 2020/07/28 21:42:29
[2020/07/28 21:42:31][I][runLastScript] Waiting for ending...
[2020/07/28 21:42:31]---------- TestItem:GFI20LastScript.py  Method:1 ----------
[2020/07/28 21:42:31][I][runLastScript] Test start time: 2020/07/28 21:42:31
[2020/07/28 21:42:56][I][runLastScript] Test finished
[2020/07/28 21:42:56][I][runLastScript] Test end time: 2020/07/28 21:42:56
[2020/07/28 21:42:56][I][checkTestResult] Version=3.0.0.6
[2020/07/28 21:42:56][I][checkTestResult] Result=Pass
[2020/07/28 21:42:56]*********************************************************
[2020/07/28 21:42:56]GFI20LastScript.py   3.0.0.6

[2020/07/28 21:42:56]			Result: Pass

[2020/07/28 21:42:56]			Method: 1

[2020/07/28 21:42:56]			Start: 2020/07/28 21:42:31

[2020/07/28 21:42:56]			End: 2020/07/28 21:42:56
[2020/07/28 21:42:56][I][processSFISUploadPass] No SFIS RecordInfo
[2020/07/28 21:42:58][I][processSFISUploadPass] Upload pass Success!
