[2020/07/28 21:39:41.534574]========== Start ==========
[2020/07/28 21:39:41.538451][I][class_E6640A_ZIGBEE] Initial class_E6640A_ZIGBEE
[2020/07/28 21:39:41.540912][I][class_E6640A_ZIGBEE] Version: 3.0.0.2
[2020/07/28 21:39:41.546929][I][connect_E6640A] Connect to E6640A
[2020/07/28 21:39:41.558905][I][connect_E6640A] Resource Manager of Visa Library at C:\Windows\system32\visa32.dll
[2020/07/28 21:39:41.610335][I][queryEx] E6640A <= *IDN?
[2020/07/28 21:39:41.616362][I][queryEx] E6640A => Keysight Technologies,E6640A,MY57150246,E.19.71
[2020/07/28 21:39:41.618356][I][set_Preset] System reset
[2020/07/28 21:39:41.620360][I][writeEx] E6640A <= *RST
[2020/07/28 21:39:41.622365][I][writeEx] E6640A <= *CLS
[2020/07/28 21:39:41.624861][I][writeEx] E6640A <= SYST:PRES
[2020/07/28 21:39:41.928386][I][queryEx] E6640A <= *OPC?
[2020/07/28 21:39:42.436017][I][queryEx] E6640A => 1
[2020/07/28 21:39:42.444887][I][set_Preset] System reset
[2020/07/28 21:39:42.454918][I][writeEx] E6640A <= *RST
[2020/07/28 21:39:42.458925][I][writeEx] E6640A <= *CLS
[2020/07/28 21:39:42.462980][I][writeEx] E6640A <= SYST:PRES
[2020/07/28 21:39:42.770520][I][queryEx] E6640A <= *OPC?
[2020/07/28 21:39:43.307522][I][queryEx] E6640A => 1
[2020/07/28 21:39:43.576980][I][set_Preset] System reset
[2020/07/28 21:39:43.579986][I][writeEx] E6640A <= *RST
[2020/07/28 21:39:43.582341][I][writeEx] E6640A <= *CLS
[2020/07/28 21:39:43.584365][I][writeEx] E6640A <= SYST:PRES
[2020/07/28 21:39:43.888176][I][queryEx] E6640A <= *OPC?
[2020/07/28 21:39:44.425940][I][queryEx] E6640A => 1
[2020/07/28 21:39:44.439551][I][set_Tx_Start] Set Tx start
[2020/07/28 21:39:44.441737][I][set_RFI_Port] Set input port
[2020/07/28 21:39:44.443743][I][writeEx] E6640A <= :FEED:RF:PORT:INPut RFIO1
[2020/07/28 21:39:44.446118][I][queryEx] E6640A <= :FEED:RF:PORT:INPut?
[2020/07/28 21:39:44.451082][I][queryEx] E6640A => RFIO1
[2020/07/28 21:39:44.453105][I][set_Modulation_Analysis] Set measurement function
[2020/07/28 21:39:44.455094][I][writeEx] E6640A <= INST:SEL VSA
[2020/07/28 21:39:44.759364][I][queryEx] E6640A <= *OPC?
[2020/07/28 21:39:44.768179][I][queryEx] E6640A => 1
[2020/07/28 21:39:44.770183][I][queryEx] E6640A <= INST:SEL?
[2020/07/28 21:39:44.775257][I][queryEx] E6640A => VSA
[2020/07/28 21:39:44.778809][I][writeEx] E6640A <= :CONFigure:DDEMod
[2020/07/28 21:39:45.081316][I][queryEx] E6640A <= *OPC?
[2020/07/28 21:39:45.249743][I][queryEx] E6640A => 1
[2020/07/28 21:39:45.257757][I][init_Zigbee_Mode] Initial Zigbee mode
[2020/07/28 21:39:45.262286][I][writeEx] E6640A <= :DDEM:STAN:PRES ZIGBEE2450
[2020/07/28 21:39:45.567816][I][queryEx] E6640A <= *OPC?
[2020/07/28 21:39:45.582322][I][queryEx] E6640A => 1
[2020/07/28 21:39:45.594337][I][set_Continue] Set continue
[2020/07/28 21:39:45.600797][I][writeEx] E6640A <= :INIT:CONT ON
[2020/07/28 21:39:45.605814][I][set_Freq] Set frequence
[2020/07/28 21:39:45.608823][I][writeEx] E6640A <= :FREQuency:CENTer 2425.0 MHz
[2020/07/28 21:39:45.613489][I][set_XScale_Span] Set frequence span
[2020/07/28 21:39:45.616499][I][writeEx] E6640A <= :FREQuency:SPAN 10000.000000 KHZ
[2020/07/28 21:39:45.619507][I][set_Power_Range] Get power range
[2020/07/28 21:39:45.623420][I][writeEx] E6640A <= :POW:RANG 20.000000
[2020/07/28 21:39:45.625427][I][set_Symbol_Rate] Get symbol rate
[2020/07/28 21:39:45.628435][I][writeEx] E6640A <= :DDEMod:SRATe 1000.000000 kHz
[2020/07/28 21:39:45.631783][I][set_Meas_Interval] Get meas interval
[2020/07/28 21:39:45.633789][I][writeEx] E6640A <= :DDEMod:SWEep:POINts 500
[2020/07/28 21:39:45.636797][I][set_Zigbee_TX_BandPower] Set marker function
[2020/07/28 21:39:45.639805][I][writeEx] E6640A <= CALC:DDEMod:MARK1:MODE POS
[2020/07/28 21:39:45.643176][I][writeEx] E6640A <= CALC:DDEMod:MARK1:TRAC 2
[2020/07/28 21:39:45.646175][I][writeEx] E6640A <= CALC:DDEMod:MARK1:FUNC BPOW
[2020/07/28 21:39:45.648205][I][writeEx] E6640A <= CALC:DDEMod:MARK1:FUNC:BPOW:CTYP MEAN
[2020/07/28 21:39:45.651244][I][writeEx] E6640A <= CALC:DDEMod:MARK1:FUNC:BAND:CENT 2425000000.000000
[2020/07/28 21:39:45.955905][I][queryEx] E6640A <= *OPC?
[2020/07/28 21:39:45.967941][I][queryEx] E6640A => 1
[2020/07/28 21:39:45.973912][I][queryEx] E6640A <= CALC:DDEMod:MARK1:FUNC:BAND:CENT?
[2020/07/28 21:39:45.984943][I][queryEx] E6640A => 2.425000000E+09
[2020/07/28 21:39:45.990957][I][writeEx] E6640A <= CALC:DDEMod:MARK1:FUNC:BAND:SPAN 10000000.000000
[2020/07/28 21:39:46.300856][I][queryEx] E6640A <= *OPC?
[2020/07/28 21:39:46.316271][I][queryEx] E6640A => 1
[2020/07/28 21:39:46.330305][I][set_Trigger_Video] Set trigger video
[2020/07/28 21:39:46.337449][I][writeEx] E6640A <= TRIG:DDEM:SOUR VID
[2020/07/28 21:39:46.644621][I][queryEx] E6640A <= *OPC?
[2020/07/28 21:39:46.653639][I][queryEx] E6640A => 1
[2020/07/28 21:39:46.656646][I][set_Trigger_Level] Set trigger level
[2020/07/28 21:39:46.660741][I][writeEx] E6640A <= :TRIGger:VIDeo:LEVel 30.000000 mV
[2020/07/28 21:39:46.663767][I][set_Trigger_Delay] Set trigger delay
[2020/07/28 21:39:46.665756][I][writeEx] E6640A <= :TRIGger:VIDeo:DELay:STATe ON
[2020/07/28 21:39:46.669771][I][queryEx] E6640A <= :TRIGger:VIDeo:DELay:STATe?
[2020/07/28 21:39:46.731398][I][queryEx] E6640A => 1
[2020/07/28 21:39:46.739423][I][writeEx] E6640A <= :TRIGger:VIDeo:DELay:STATe ON
[2020/07/28 21:39:46.743079][I][writeEx] E6640A <= :TRIGger:VIDeo:DELay 0.300000 ms
[2020/07/28 21:39:46.746099][I][init_Trigger_Reg] Initial trigger status register
[2020/07/28 21:39:46.749098][I][writeEx] E6640A <= *CLS
[2020/07/28 21:39:46.752105][I][writeEx] E6640A <= :STATus:PRESet
[2020/07/28 21:39:46.755989][I][writeEx] E6640A <= *SRE 192
[2020/07/28 21:39:46.759001][I][writeEx] E6640A <= :STATus:OPERation:ENABle 32
[2020/07/28 21:39:46.762235][I][writeEx] E6640A <= *CLS
[2020/07/28 21:39:46.765244][I][queryEx] E6640A <= *STB?
[2020/07/28 21:39:46.820786][I][queryEx] E6640A => 0
[2020/07/28 21:39:46.824800][I][init_Trigger_Reg] Status: 0
[2020/07/28 21:39:55.702585][I][chk_Tx_Result] Check Tx result
[2020/07/28 21:39:55.709603][I][get_Trigger_Status] Get trigger status
[2020/07/28 21:39:55.714146][I][queryEx] E6640A <= *STB?
[2020/07/28 21:39:55.720100][I][queryEx] E6640A => 192
[2020/07/28 21:39:55.723111][I][get_Trigger_Status] Status: 192
[2020/07/28 21:39:55.726117]Is triggered!
[2020/07/28 21:39:55.729126][I][writeEx] E6640A <= *CLS
[2020/07/28 21:39:55.733115][I][set_Continue] Set continue
[2020/07/28 21:39:55.736157][I][writeEx] E6640A <= :INIT:CONT ON
[2020/07/28 21:39:55.840685][I][set_Single] Set single
[2020/07/28 21:39:55.846697][I][writeEx] E6640A <= :INIT:CONT OFF
[2020/07/28 21:39:55.850607][I][set_Zigbee_TX_BandPower] Set marker function
[2020/07/28 21:39:55.853413][I][writeEx] E6640A <= CALC:DDEMod:MARK1:MODE POS
[2020/07/28 21:39:55.856423][I][writeEx] E6640A <= CALC:DDEMod:MARK1:TRAC 2
[2020/07/28 21:39:55.860346][I][writeEx] E6640A <= CALC:DDEMod:MARK1:FUNC BPOW
[2020/07/28 21:39:55.863353][I][writeEx] E6640A <= CALC:DDEMod:MARK1:FUNC:BPOW:CTYP MEAN
[2020/07/28 21:39:55.866363][I][writeEx] E6640A <= CALC:DDEMod:MARK1:FUNC:BAND:CENT 2425000000.000000
[2020/07/28 21:39:56.171785][I][queryEx] E6640A <= *OPC?
[2020/07/28 21:39:56.188875][I][queryEx] E6640A => 1
[2020/07/28 21:39:56.201861][I][queryEx] E6640A <= CALC:DDEMod:MARK1:FUNC:BAND:CENT?
[2020/07/28 21:39:56.213660][I][queryEx] E6640A => 2.425000000E+09
[2020/07/28 21:39:56.218675][I][writeEx] E6640A <= CALC:DDEMod:MARK1:FUNC:BAND:SPAN 10000000.000000
[2020/07/28 21:39:56.524684][I][queryEx] E6640A <= *OPC?
[2020/07/28 21:39:56.535750][I][queryEx] E6640A => 1
[2020/07/28 21:39:56.539720][I][get_Power] Get Tx power
[2020/07/28 21:39:56.542728][I][queryEx] E6640A <= :CALC:DDEMod:MARK1:Y?
[2020/07/28 21:39:56.548933][I][queryEx] E6640A => 1.057577903E+00
[2020/07/28 21:39:56.551943][I][chk_Tx_Result] Tx power(add loss: 8.200000) = 9.258000 dBm
[2020/07/28 21:39:56.554950][I][read_DDEMod_Array] Read measurement result
[2020/07/28 21:39:56.557957][I][queryEx] E6640A <= :READ:DDEMod?
[2020/07/28 21:39:56.820349][I][queryEx] E6640A => 1.168905830E+01,3.338212204E+01,1.840000000E+02,2.336754799E+00,9.713277817E+00,2.800000000E+01,9.91E+37,9.91E+37,9.91E+37,3.594361246E-01,-8.285880089E-01,2.600000000E+01,9.497266769E+00,2.720423317E+01,1.840000000E+02,-3.416081250E+04,9.91E+37,9.91E+37,9.91E+37,9.91E+37,9.91E+37,-4.678272247E+01,9.91E+37,9.728358984E-01,-3.116404079E-02,-2.630678117E-01,9.91E+37,9.91E+37,9.91E+37,9.91E+37,9.91E+37,9.91E+37,9.91E+37,9.91E+37,9.91E+37,9.91E+37,9.91E+37,9.91E+37,9.91E+37,9.91E+37,9.91E+37,9.91E+37,9.91E+37,9.91E+37,9.91E+37,9.91E+37,9.91E+37,9.91E+37,9.91E+37,9.91E+37,9.91E+37,9.91E+37,9.91E+37,9.91E+37,9.91E+37,9.91E+37,9.91E+37,9.91E+37,9.91E+37,9.91E+37,9.91E+37,-2.140645171E-03,-4.048937000E-03
[2020/07/28 21:39:56.828366][I][set_Continue] Set continue
[2020/07/28 21:39:56.832524][I][writeEx] E6640A <= :INIT:CONT ON
[2020/07/28 21:39:58.266557][I][set_Preset] System reset
[2020/07/28 21:39:58.270151][I][writeEx] E6640A <= *RST
[2020/07/28 21:39:58.273160][I][writeEx] E6640A <= *CLS
[2020/07/28 21:39:58.277180][I][writeEx] E6640A <= SYST:PRES
[2020/07/28 21:39:58.581930][I][queryEx] E6640A <= *OPC?
[2020/07/28 21:39:59.440654][I][queryEx] E6640A => 1
[2020/07/28 21:39:59.454036][I][set_Tx_Start] Set Tx start
[2020/07/28 21:39:59.457044][I][set_RFI_Port] Set input port
[2020/07/28 21:39:59.461151][I][writeEx] E6640A <= :FEED:RF:PORT:INPut RFIO1
[2020/07/28 21:39:59.464584][I][queryEx] E6640A <= :FEED:RF:PORT:INPut?
[2020/07/28 21:39:59.470466][I][queryEx] E6640A => RFIO1
[2020/07/28 21:39:59.473589][I][set_Modulation_Analysis] Set measurement function
[2020/07/28 21:39:59.476627][I][writeEx] E6640A <= INST:SEL VSA
[2020/07/28 21:39:59.782010][I][queryEx] E6640A <= *OPC?
[2020/07/28 21:39:59.792915][I][queryEx] E6640A => 1
[2020/07/28 21:39:59.795925][I][queryEx] E6640A <= INST:SEL?
[2020/07/28 21:39:59.802292][I][queryEx] E6640A => VSA
[2020/07/28 21:39:59.805990][I][writeEx] E6640A <= :CONFigure:DDEMod
[2020/07/28 21:40:00.110435][I][queryEx] E6640A <= *OPC?
[2020/07/28 21:40:00.280015][I][queryEx] E6640A => 1
[2020/07/28 21:40:00.288029][I][init_Zigbee_Mode] Initial Zigbee mode
[2020/07/28 21:40:00.292332][I][writeEx] E6640A <= :DDEM:STAN:PRES ZIGBEE2450
[2020/07/28 21:40:00.596622][I][queryEx] E6640A <= *OPC?
[2020/07/28 21:40:00.607687][I][queryEx] E6640A => 1
[2020/07/28 21:40:00.612720][I][set_Continue] Set continue
[2020/07/28 21:40:00.615714][I][writeEx] E6640A <= :INIT:CONT ON
[2020/07/28 21:40:00.619725][I][set_Freq] Set frequence
[2020/07/28 21:40:00.622733][I][writeEx] E6640A <= :FREQuency:CENTer 2455.0 MHz
[2020/07/28 21:40:00.626743][I][set_XScale_Span] Set frequence span
[2020/07/28 21:40:00.629751][I][writeEx] E6640A <= :FREQuency:SPAN 10000.000000 KHZ
[2020/07/28 21:40:00.633762][I][set_Power_Range] Get power range
[2020/07/28 21:40:00.636770][I][writeEx] E6640A <= :POW:RANG 20.000000
[2020/07/28 21:40:00.641330][I][set_Symbol_Rate] Get symbol rate
[2020/07/28 21:40:00.644339][I][writeEx] E6640A <= :DDEMod:SRATe 1000.000000 kHz
[2020/07/28 21:40:00.648360][I][set_Meas_Interval] Get meas interval
[2020/07/28 21:40:00.651685][I][writeEx] E6640A <= :DDEMod:SWEep:POINts 500
[2020/07/28 21:40:00.654694][I][set_Zigbee_TX_BandPower] Set marker function
[2020/07/28 21:40:00.658906][I][writeEx] E6640A <= CALC:DDEMod:MARK1:MODE POS
[2020/07/28 21:40:00.661915][I][writeEx] E6640A <= CALC:DDEMod:MARK1:TRAC 2
[2020/07/28 21:40:00.665927][I][writeEx] E6640A <= CALC:DDEMod:MARK1:FUNC BPOW
[2020/07/28 21:40:00.670162][I][writeEx] E6640A <= CALC:DDEMod:MARK1:FUNC:BPOW:CTYP MEAN
[2020/07/28 21:40:00.673170][I][writeEx] E6640A <= CALC:DDEMod:MARK1:FUNC:BAND:CENT 2455000000.000000
[2020/07/28 21:40:00.977485][I][queryEx] E6640A <= *OPC?
[2020/07/28 21:40:00.987550][I][queryEx] E6640A => 1
[2020/07/28 21:40:00.997542][I][queryEx] E6640A <= CALC:DDEMod:MARK1:FUNC:BAND:CENT?
[2020/07/28 21:40:01.010375][I][queryEx] E6640A => 2.455000000E+09
[2020/07/28 21:40:01.015387][I][writeEx] E6640A <= CALC:DDEMod:MARK1:FUNC:BAND:SPAN 10000000.000000
[2020/07/28 21:40:01.322154][I][queryEx] E6640A <= *OPC?
[2020/07/28 21:40:01.335228][I][queryEx] E6640A => 1
[2020/07/28 21:40:01.344260][I][set_Trigger_Video] Set trigger video
[2020/07/28 21:40:01.352546][I][writeEx] E6640A <= TRIG:DDEM:SOUR VID
[2020/07/28 21:40:01.661090][I][queryEx] E6640A <= *OPC?
[2020/07/28 21:40:01.670147][I][queryEx] E6640A => 1
[2020/07/28 21:40:01.674137][I][set_Trigger_Level] Set trigger level
[2020/07/28 21:40:01.678491][I][writeEx] E6640A <= :TRIGger:VIDeo:LEVel 30.000000 mV
[2020/07/28 21:40:01.682239][I][set_Trigger_Delay] Set trigger delay
[2020/07/28 21:40:01.685248][I][writeEx] E6640A <= :TRIGger:VIDeo:DELay:STATe ON
[2020/07/28 21:40:01.688904][I][queryEx] E6640A <= :TRIGger:VIDeo:DELay:STATe?
[2020/07/28 21:40:01.751593][I][queryEx] E6640A => 1
[2020/07/28 21:40:01.758585][I][writeEx] E6640A <= :TRIGger:VIDeo:DELay:STATe ON
[2020/07/28 21:40:01.765602][I][writeEx] E6640A <= :TRIGger:VIDeo:DELay 0.300000 ms
[2020/07/28 21:40:01.772621][I][init_Trigger_Reg] Initial trigger status register
[2020/07/28 21:40:01.778635][I][writeEx] E6640A <= *CLS
[2020/07/28 21:40:01.783662][I][writeEx] E6640A <= :STATus:PRESet
[2020/07/28 21:40:01.788196][I][writeEx] E6640A <= *SRE 192
[2020/07/28 21:40:01.791206][I][writeEx] E6640A <= :STATus:OPERation:ENABle 32
[2020/07/28 21:40:01.795216][I][writeEx] E6640A <= *CLS
[2020/07/28 21:40:01.799242][I][queryEx] E6640A <= *STB?
[2020/07/28 21:40:01.844681][I][queryEx] E6640A => 0
[2020/07/28 21:40:01.848722][I][init_Trigger_Reg] Status: 0
[2020/07/28 21:40:10.791778][I][chk_Tx_Result] Check Tx result
[2020/07/28 21:40:10.796798][I][get_Trigger_Status] Get trigger status
[2020/07/28 21:40:10.800808][I][queryEx] E6640A <= *STB?
[2020/07/28 21:40:10.809247][I][queryEx] E6640A => 192
[2020/07/28 21:40:10.813264][I][get_Trigger_Status] Status: 192
[2020/07/28 21:40:10.817271]Is triggered!
[2020/07/28 21:40:10.821328][I][writeEx] E6640A <= *CLS
[2020/07/28 21:40:10.825341][I][set_Continue] Set continue
[2020/07/28 21:40:10.828349][I][writeEx] E6640A <= :INIT:CONT ON
[2020/07/28 21:40:10.933174][I][set_Single] Set single
[2020/07/28 21:40:10.945206][I][writeEx] E6640A <= :INIT:CONT OFF
[2020/07/28 21:40:10.956234][I][set_Zigbee_TX_BandPower] Set marker function
[2020/07/28 21:40:10.963250][I][writeEx] E6640A <= CALC:DDEMod:MARK1:MODE POS
[2020/07/28 21:40:10.968301][I][writeEx] E6640A <= CALC:DDEMod:MARK1:TRAC 2
[2020/07/28 21:40:10.973312][I][writeEx] E6640A <= CALC:DDEMod:MARK1:FUNC BPOW
[2020/07/28 21:40:10.977324][I][writeEx] E6640A <= CALC:DDEMod:MARK1:FUNC:BPOW:CTYP MEAN
[2020/07/28 21:40:10.982318][I][writeEx] E6640A <= CALC:DDEMod:MARK1:FUNC:BAND:CENT 2455000000.000000
[2020/07/28 21:40:11.287291][I][queryEx] E6640A <= *OPC?
[2020/07/28 21:40:11.297357][I][queryEx] E6640A => 1
[2020/07/28 21:40:11.301362][I][queryEx] E6640A <= CALC:DDEMod:MARK1:FUNC:BAND:CENT?
[2020/07/28 21:40:11.307584][I][queryEx] E6640A => 2.455000000E+09
[2020/07/28 21:40:11.311390][I][writeEx] E6640A <= CALC:DDEMod:MARK1:FUNC:BAND:SPAN 10000000.000000
[2020/07/28 21:40:11.619519][I][queryEx] E6640A <= *OPC?
[2020/07/28 21:40:11.626537][I][queryEx] E6640A => 1
[2020/07/28 21:40:11.636562][I][get_Power] Get Tx power
[2020/07/28 21:40:11.641339][I][queryEx] E6640A <= :CALC:DDEMod:MARK1:Y?
[2020/07/28 21:40:11.653376][I][queryEx] E6640A => 5.258236460E-01
[2020/07/28 21:40:11.657421][I][chk_Tx_Result] Tx power(add loss: 8.900000) = 9.426000 dBm
[2020/07/28 21:40:11.662397][I][read_DDEMod_Array] Read measurement result
[2020/07/28 21:40:11.670419][I][queryEx] E6640A <= :READ:DDEMod?
[2020/07/28 21:40:11.936193][I][queryEx] E6640A => 1.295146751E+01,4.165328217E+01,4.050000000E+02,2.767941713E+00,1.605894279E+01,4.050000000E+02,9.91E+37,9.91E+37,9.91E+37,3.606232107E-01,9.104728699E-01,2.230000000E+02,1.053133297E+01,-3.426849365E+01,4.050000000E+02,-3.467075781E+04,9.91E+37,9.91E+37,9.91E+37,9.91E+37,9.91E+37,-4.776457977E+01,9.91E+37,9.667155743E-01,-9.656880051E-02,-2.926236987E-01,9.91E+37,9.91E+37,9.91E+37,9.91E+37,9.91E+37,9.91E+37,9.91E+37,9.91E+37,9.91E+37,9.91E+37,9.91E+37,9.91E+37,9.91E+37,9.91E+37,9.91E+37,9.91E+37,9.91E+37,9.91E+37,9.91E+37,9.91E+37,9.91E+37,9.91E+37,9.91E+37,9.91E+37,9.91E+37,9.91E+37,9.91E+37,9.91E+37,9.91E+37,9.91E+37,9.91E+37,9.91E+37,9.91E+37,9.91E+37,9.91E+37,-1.402358874E-03,-3.842546605E-03
[2020/07/28 21:40:11.942713][I][set_Continue] Set continue
[2020/07/28 21:40:11.945723][I][writeEx] E6640A <= :INIT:CONT ON
[2020/07/28 21:40:13.382963][I][set_Preset] System reset
[2020/07/28 21:40:13.386974][I][writeEx] E6640A <= *RST
[2020/07/28 21:40:13.390988][I][writeEx] E6640A <= *CLS
[2020/07/28 21:40:13.395034][I][writeEx] E6640A <= SYST:PRES
[2020/07/28 21:40:13.700771][I][queryEx] E6640A <= *OPC?
[2020/07/28 21:40:14.572346][I][queryEx] E6640A => 1
[2020/07/28 21:40:14.585328][I][set_Tx_Start] Set Tx start
[2020/07/28 21:40:14.589363][I][set_RFI_Port] Set input port
[2020/07/28 21:40:14.593356][I][writeEx] E6640A <= :FEED:RF:PORT:INPut RFIO1
[2020/07/28 21:40:14.596386][I][queryEx] E6640A <= :FEED:RF:PORT:INPut?
[2020/07/28 21:40:14.603392][I][queryEx] E6640A => RFIO1
[2020/07/28 21:40:14.606391][I][set_Modulation_Analysis] Set measurement function
[2020/07/28 21:40:14.610402][I][writeEx] E6640A <= INST:SEL VSA
[2020/07/28 21:40:14.916061][I][queryEx] E6640A <= *OPC?
[2020/07/28 21:40:14.927215][I][queryEx] E6640A => 1
[2020/07/28 21:40:14.932259][I][queryEx] E6640A <= INST:SEL?
[2020/07/28 21:40:14.938457][I][queryEx] E6640A => VSA
[2020/07/28 21:40:14.943310][I][writeEx] E6640A <= :CONFigure:DDEMod
[2020/07/28 21:40:15.248836][I][queryEx] E6640A <= *OPC?
[2020/07/28 21:40:15.421603][I][queryEx] E6640A => 1
[2020/07/28 21:40:15.425579][I][init_Zigbee_Mode] Initial Zigbee mode
[2020/07/28 21:40:15.429589][I][writeEx] E6640A <= :DDEM:STAN:PRES ZIGBEE2450
[2020/07/28 21:40:15.739586][I][queryEx] E6640A <= *OPC?
[2020/07/28 21:40:15.749530][I][queryEx] E6640A => 1
[2020/07/28 21:40:15.753596][I][set_Continue] Set continue
[2020/07/28 21:40:15.757789][I][writeEx] E6640A <= :INIT:CONT ON
[2020/07/28 21:40:15.761655][I][set_Freq] Set frequence
[2020/07/28 21:40:15.764664][I][writeEx] E6640A <= :FREQuency:CENTer 2470.0 MHz
[2020/07/28 21:40:15.769012][I][set_XScale_Span] Set frequence span
[2020/07/28 21:40:15.773024][I][writeEx] E6640A <= :FREQuency:SPAN 10000.000000 KHZ
[2020/07/28 21:40:15.777036][I][set_Power_Range] Get power range
[2020/07/28 21:40:15.780050][I][writeEx] E6640A <= :POW:RANG 20.000000
[2020/07/28 21:40:15.784054][I][set_Symbol_Rate] Get symbol rate
[2020/07/28 21:40:15.788067][I][writeEx] E6640A <= :DDEMod:SRATe 1000.000000 kHz
[2020/07/28 21:40:15.792792][I][set_Meas_Interval] Get meas interval
[2020/07/28 21:40:15.795801][I][writeEx] E6640A <= :DDEMod:SWEep:POINts 500
[2020/07/28 21:40:15.799812][I][set_Zigbee_TX_BandPower] Set marker function
[2020/07/28 21:40:15.803823][I][writeEx] E6640A <= CALC:DDEMod:MARK1:MODE POS
[2020/07/28 21:40:15.807836][I][writeEx] E6640A <= CALC:DDEMod:MARK1:TRAC 2
[2020/07/28 21:40:15.812194][I][writeEx] E6640A <= CALC:DDEMod:MARK1:FUNC BPOW
[2020/07/28 21:40:15.816249][I][writeEx] E6640A <= CALC:DDEMod:MARK1:FUNC:BPOW:CTYP MEAN
[2020/07/28 21:40:15.819825][I][writeEx] E6640A <= CALC:DDEMod:MARK1:FUNC:BAND:CENT 2470000000.000000
[2020/07/28 21:40:16.125580][I][queryEx] E6640A <= *OPC?
[2020/07/28 21:40:16.144065][I][queryEx] E6640A => 1
[2020/07/28 21:40:16.159061][I][queryEx] E6640A <= CALC:DDEMod:MARK1:FUNC:BAND:CENT?
[2020/07/28 21:40:16.171260][I][queryEx] E6640A => 2.470000000E+09
[2020/07/28 21:40:16.176316][I][writeEx] E6640A <= CALC:DDEMod:MARK1:FUNC:BAND:SPAN 10000000.000000
[2020/07/28 21:40:16.483090][I][queryEx] E6640A <= *OPC?
[2020/07/28 21:40:16.494191][I][queryEx] E6640A => 1
[2020/07/28 21:40:16.498479][I][set_Trigger_Video] Set trigger video
[2020/07/28 21:40:16.501488][I][writeEx] E6640A <= TRIG:DDEM:SOUR VID
[2020/07/28 21:40:16.807253][I][queryEx] E6640A <= *OPC?
[2020/07/28 21:40:16.815934][I][queryEx] E6640A => 1
[2020/07/28 21:40:16.821020][I][set_Trigger_Level] Set trigger level
[2020/07/28 21:40:16.824029][I][writeEx] E6640A <= :TRIGger:VIDeo:LEVel 30.000000 mV
[2020/07/28 21:40:16.828041][I][set_Trigger_Delay] Set trigger delay
[2020/07/28 21:40:16.832051][I][writeEx] E6640A <= :TRIGger:VIDeo:DELay:STATe ON
[2020/07/28 21:40:16.836063][I][queryEx] E6640A <= :TRIGger:VIDeo:DELay:STATe?
[2020/07/28 21:40:16.894894][I][queryEx] E6640A => 1
[2020/07/28 21:40:16.899943][I][writeEx] E6640A <= :TRIGger:VIDeo:DELay:STATe ON
[2020/07/28 21:40:16.904924][I][writeEx] E6640A <= :TRIGger:VIDeo:DELay 0.300000 ms
[2020/07/28 21:40:16.909255][I][init_Trigger_Reg] Initial trigger status register
[2020/07/28 21:40:16.913439][I][writeEx] E6640A <= *CLS
[2020/07/28 21:40:16.917483][I][writeEx] E6640A <= :STATus:PRESet
[2020/07/28 21:40:16.921465][I][writeEx] E6640A <= *SRE 192
[2020/07/28 21:40:16.925416][I][writeEx] E6640A <= :STATus:OPERation:ENABle 32
[2020/07/28 21:40:16.928425][I][writeEx] E6640A <= *CLS
[2020/07/28 21:40:16.932436][I][queryEx] E6640A <= *STB?
[2020/07/28 21:40:16.975419][I][queryEx] E6640A => 0
[2020/07/28 21:40:16.979663][I][init_Trigger_Reg] Status: 0
[2020/07/28 21:40:26.054528][I][chk_Tx_Result] Check Tx result
[2020/07/28 21:40:26.059544][I][get_Trigger_Status] Get trigger status
[2020/07/28 21:40:26.063555][I][queryEx] E6640A <= *STB?
[2020/07/28 21:40:26.069728][I][queryEx] E6640A => 192
[2020/07/28 21:40:26.074306][I][get_Trigger_Status] Status: 192
[2020/07/28 21:40:26.077315]Is triggered!
[2020/07/28 21:40:26.081326][I][writeEx] E6640A <= *CLS
[2020/07/28 21:40:26.085345][I][set_Continue] Set continue
[2020/07/28 21:40:26.089606][I][writeEx] E6640A <= :INIT:CONT ON
[2020/07/28 21:40:26.194793][I][set_Single] Set single
[2020/07/28 21:40:26.210938][I][writeEx] E6640A <= :INIT:CONT OFF
[2020/07/28 21:40:26.219966][I][set_Zigbee_TX_BandPower] Set marker function
[2020/07/28 21:40:26.228020][I][writeEx] E6640A <= CALC:DDEMod:MARK1:MODE POS
[2020/07/28 21:40:26.234003][I][writeEx] E6640A <= CALC:DDEMod:MARK1:TRAC 2
[2020/07/28 21:40:26.238014][I][writeEx] E6640A <= CALC:DDEMod:MARK1:FUNC BPOW
[2020/07/28 21:40:26.242720][I][writeEx] E6640A <= CALC:DDEMod:MARK1:FUNC:BPOW:CTYP MEAN
[2020/07/28 21:40:26.246787][I][writeEx] E6640A <= CALC:DDEMod:MARK1:FUNC:BAND:CENT 2470000000.000000
[2020/07/28 21:40:26.552324][I][queryEx] E6640A <= *OPC?
[2020/07/28 21:40:26.563368][I][queryEx] E6640A => 1
[2020/07/28 21:40:26.569361][I][queryEx] E6640A <= CALC:DDEMod:MARK1:FUNC:BAND:CENT?
[2020/07/28 21:40:26.576441][I][queryEx] E6640A => 2.470000000E+09
[2020/07/28 21:40:26.581222][I][writeEx] E6640A <= CALC:DDEMod:MARK1:FUNC:BAND:SPAN 10000000.000000
[2020/07/28 21:40:26.890196][I][queryEx] E6640A <= *OPC?
[2020/07/28 21:40:26.901591][I][queryEx] E6640A => 1
[2020/07/28 21:40:26.905604][I][get_Power] Get Tx power
[2020/07/28 21:40:26.909614][I][queryEx] E6640A <= :CALC:DDEMod:MARK1:Y?
[2020/07/28 21:40:26.915952][I][queryEx] E6640A => 9.817584176E-01
[2020/07/28 21:40:26.919696][I][chk_Tx_Result] Tx power(add loss: 8.800000) = 9.782000 dBm
[2020/07/28 21:40:26.923740][I][read_DDEMod_Array] Read measurement result
[2020/07/28 21:40:26.927981][I][queryEx] E6640A <= :READ:DDEMod?
[2020/07/28 21:40:27.068252][I][queryEx] E6640A => 1.325654316E+01,3.661505508E+01,3.800000000E+02,2.799994946E+00,1.301475334E+01,3.800000000E+02,9.91E+37,9.91E+37,9.91E+37,4.063443840E-01,-9.334087372E-01,3.800000000E+02,1.077493382E+01,-2.998740005E+01,3.800000000E+02,-3.495653906E+04,9.91E+37,9.91E+37,9.91E+37,9.91E+37,9.91E+37,-4.588672256E+01,9.91E+37,9.651238918E-01,-5.459421128E-02,-3.278852403E-01,9.91E+37,9.91E+37,9.91E+37,9.91E+37,9.91E+37,9.91E+37,9.91E+37,9.91E+37,9.91E+37,9.91E+37,9.91E+37,9.91E+37,9.91E+37,9.91E+37,9.91E+37,9.91E+37,9.91E+37,9.91E+37,9.91E+37,9.91E+37,9.91E+37,9.91E+37,9.91E+37,9.91E+37,9.91E+37,9.91E+37,9.91E+37,9.91E+37,9.91E+37,9.91E+37,9.91E+37,9.91E+37,9.91E+37,9.91E+37,9.91E+37,-3.388464451E-03,-3.781663952E-03
[2020/07/28 21:40:27.084286][I][set_Continue] Set continue
[2020/07/28 21:40:27.093312][I][writeEx] E6640A <= :INIT:CONT ON
[2020/07/28 21:40:37.605552][I][chk_Tx_Result] Check Tx result
[2020/07/28 21:40:37.614606][I][get_Trigger_Status] Get trigger status
[2020/07/28 21:40:37.617617][I][queryEx] E6640A <= *STB?
[2020/07/28 21:40:37.624718][I][queryEx] E6640A => 192
[2020/07/28 21:40:37.628754][I][get_Trigger_Status] Status: 192
[2020/07/28 21:40:37.631738]Is triggered!
[2020/07/28 21:40:37.636066][I][writeEx] E6640A <= *CLS
[2020/07/28 21:40:37.639075][I][set_Continue] Set continue
[2020/07/28 21:40:37.643377][I][writeEx] E6640A <= :INIT:CONT ON
[2020/07/28 21:40:37.748919][I][set_Single] Set single
[2020/07/28 21:40:37.752930][I][writeEx] E6640A <= :INIT:CONT OFF
[2020/07/28 21:40:37.756942][I][set_Zigbee_TX_BandPower] Set marker function
[2020/07/28 21:40:37.761732][I][writeEx] E6640A <= CALC:DDEMod:MARK1:MODE POS
[2020/07/28 21:40:37.764742][I][writeEx] E6640A <= CALC:DDEMod:MARK1:TRAC 2
[2020/07/28 21:40:37.771233][I][writeEx] E6640A <= CALC:DDEMod:MARK1:FUNC BPOW
[2020/07/28 21:40:37.774242][I][writeEx] E6640A <= CALC:DDEMod:MARK1:FUNC:BPOW:CTYP MEAN
[2020/07/28 21:40:37.779030][I][writeEx] E6640A <= CALC:DDEMod:MARK1:FUNC:BAND:CENT 2470000000.000000
[2020/07/28 21:40:38.084620][I][queryEx] E6640A <= *OPC?
[2020/07/28 21:40:38.095829][I][queryEx] E6640A => 1
[2020/07/28 21:40:38.100885][I][queryEx] E6640A <= CALC:DDEMod:MARK1:FUNC:BAND:CENT?
[2020/07/28 21:40:38.107625][I][queryEx] E6640A => 2.470000000E+09
[2020/07/28 21:40:38.112403][I][writeEx] E6640A <= CALC:DDEMod:MARK1:FUNC:BAND:SPAN 10000000.000000
[2020/07/28 21:40:38.417431][I][queryEx] E6640A <= *OPC?
[2020/07/28 21:40:38.427174][I][queryEx] E6640A => 1
[2020/07/28 21:40:38.431187][I][get_Power] Get Tx power
[2020/07/28 21:40:38.435233][I][queryEx] E6640A <= :CALC:DDEMod:MARK1:Y?
[2020/07/28 21:40:38.441793][I][queryEx] E6640A => -1.828887090E-01
[2020/07/28 21:40:38.445346][I][chk_Tx_Result] Tx power(add loss: 8.800000) = 8.617000 dBm
[2020/07/28 21:40:38.449357][I][read_DDEMod_Array] Read measurement result
[2020/07/28 21:40:38.454144][I][queryEx] E6640A <= :READ:DDEMod?
[2020/07/28 21:40:38.596296][I][queryEx] E6640A => 1.345288563E+01,4.281978989E+01,1.970000000E+02,3.203434229E+00,1.608685112E+01,2.200000000E+01,9.91E+37,9.91E+37,9.91E+37,5.105331540E-01,-1.189792156E+00,3.420000000E+02,1.094665623E+01,3.509334183E+01,1.970000000E+02,-3.502075781E+04,9.91E+37,9.91E+37,9.91E+37,9.91E+37,9.91E+37,-4.420211029E+01,9.91E+37,9.640585780E-01,4.643567652E-02,3.312705755E-01,9.91E+37,9.91E+37,9.91E+37,9.91E+37,9.91E+37,9.91E+37,9.91E+37,9.91E+37,9.91E+37,9.91E+37,9.91E+37,9.91E+37,9.91E+37,9.91E+37,9.91E+37,9.91E+37,9.91E+37,9.91E+37,9.91E+37,9.91E+37,9.91E+37,9.91E+37,9.91E+37,9.91E+37,9.91E+37,9.91E+37,9.91E+37,9.91E+37,9.91E+37,9.91E+37,9.91E+37,9.91E+37,9.91E+37,9.91E+37,9.91E+37,3.719558939E-03,-4.915826488E-03
[2020/07/28 21:40:38.613280][I][set_Continue] Set continue
[2020/07/28 21:40:38.624365][I][writeEx] E6640A <= :INIT:CONT ON
[2020/07/28 21:40:40.090398][I][set_Preset] System reset
[2020/07/28 21:40:40.093401][I][writeEx] E6640A <= *RST
[2020/07/28 21:40:40.098182][I][writeEx] E6640A <= *CLS
[2020/07/28 21:40:40.101191][I][writeEx] E6640A <= SYST:PRES
[2020/07/28 21:40:40.406977][I][queryEx] E6640A <= *OPC?
[2020/07/28 21:40:41.270646][I][queryEx] E6640A => 1
[2020/07/28 21:40:41.289643][I][set_Rx_OneTone] Set Rx one tone
[2020/07/28 21:40:41.294128][I][set_RFO_Port] Set output port
[2020/07/28 21:40:41.298141][I][writeEx] E6640A <= :FEED:RF:PORT:OUTPut RFIO1
[2020/07/28 21:40:41.302192][I][queryEx] E6640A <= :FEED:RF:PORT:OUTPut?
[2020/07/28 21:40:41.308493][I][queryEx] E6640A => RFIO1
[2020/07/28 21:40:41.312450][I][set_OneTone_Freq] Set One Tone frequence
[2020/07/28 21:40:41.316461][I][writeEx] E6640A <= :SOUR:FREQ 2445.0 MHz
[2020/07/28 21:40:41.320480][I][set_OneTone_Power] Set One Tone power
[2020/07/28 21:40:41.324483][I][writeEx] E6640A <= :SOURce:POWer -16.1
[2020/07/28 21:40:50.610783][I][set_OneTone_Start] Set One Tone start
[2020/07/28 21:40:50.614784][I][writeEx] E6640A <= OUTP ON
[2020/07/28 21:40:55.671327][I][set_OneTone_Stop] Set One Tone stop
[2020/07/28 21:40:55.674332][I][writeEx] E6640A <= OUTP OFF
[2020/07/28 21:40:55.685450][I][set_Rx_OneTone] Set Rx one tone
[2020/07/28 21:40:55.689461][I][set_RFO_Port] Set output port
[2020/07/28 21:40:55.693471][I][writeEx] E6640A <= :FEED:RF:PORT:OUTPut RFIO1
[2020/07/28 21:40:55.696479][I][queryEx] E6640A <= :FEED:RF:PORT:OUTPut?
[2020/07/28 21:40:55.704546][I][queryEx] E6640A => RFIO1
[2020/07/28 21:40:55.708440][I][set_OneTone_Freq] Set One Tone frequence
[2020/07/28 21:40:55.711449][I][writeEx] E6640A <= :SOUR:FREQ 2445.0 MHz
[2020/07/28 21:40:55.716136][I][set_OneTone_Power] Set One Tone power
[2020/07/28 21:40:55.719146][I][writeEx] E6640A <= :SOURce:POWer -16.1
[2020/07/28 21:41:04.176012][I][set_OneTone_Start] Set One Tone start
[2020/07/28 21:41:04.179022][I][writeEx] E6640A <= OUTP ON
[2020/07/28 21:41:08.714307][I][set_OneTone_Stop] Set One Tone stop
[2020/07/28 21:41:08.717332][I][writeEx] E6640A <= OUTP OFF
[2020/07/28 21:41:08.799332][I][disconnect_E6640A] Disconnect E6640A
[2020/07/28 21:41:08.806551]========== End ==========
