[2020/07/29 13:40:51][I][checkDatabaseONorNOT] Database running.
[2020/07/29 13:40:51][I][tryConnectDatabase] Connect to MariaDB GFI20 database success!!
[2020/07/29 13:40:51][I][tryConnectDatabase] Connect to MariaDB GFI20 database success!!
[2020/07/29 13:40:51][I][checkDatabaseONorNOT] Database running.
[2020/07/29 13:40:51][I][tryConnectDatabase] Connect to MariaDB GFI20 database success!!
[2020/07/29 13:40:51][I][tryConnectDatabase] Connect to MariaDB GFI20 database success!!
[2020/07/29 13:40:51][E][initialDatabase] UpdateDB.csv already exist.
[2020/07/29 13:41:06][I][WriteDataTocsv] Create new row with item GFI20Bootup.
[2020/07/29 13:41:06][I][WriteDataTocsv] Update complete.
[2020/07/29 13:41:06][WriteRFDataTocsv][I] Update testscript GFI20Bootup's data.
[2020/07/29 13:41:06][I][WriteRFDataTocsv] Update complete.
[2020/07/29 13:41:58][I][WriteDataTocsv] Create new row with item CountDown.
[2020/07/29 13:41:58][I][WriteDataTocsv] Update complete.
[2020/07/29 13:41:58][WriteRFDataTocsv][I] Update testscript CountDown's data.
[2020/07/29 13:41:58][I][WriteRFDataTocsv] Update complete.
[2020/07/29 13:42:41][I][WriteDataTocsv] Create new row with item WaitConnect.
[2020/07/29 13:42:41][I][WriteDataTocsv] Update complete.
[2020/07/29 13:42:41][WriteRFDataTocsv][I] Update testscript WaitConnect's data.
[2020/07/29 13:42:41][I][WriteRFDataTocsv] Update complete.
[2020/07/29 13:42:41]--------------------DBUploading start--------------------
[2020/07/29 13:42:41][I][uploadData] Projcet name: GFI20
[2020/07/29 13:42:41][I][uploadData] Station name: BRF
[2020/07/29 13:42:41][I][tryConnectDatabase] Connect to MariaDB GFI20 database success!!
[2020/07/29 13:42:41][I][uploadData] Write data into BRF_GFI20Bootup
[2020/07/29 13:42:41][I][uploadData] Write data into BRF_CountDown
[2020/07/29 13:42:41][I][uploadData] Write data into BRF_WaitConnect
[2020/07/29 13:42:41][I][tryConnectDatabase] Connect to MariaDB GFI20_RF database success!!
[2020/07/29 13:42:41]---------- INI ----------
[2020/07/29 13:42:41][E][uploadData] Read MDUT.ini failed.
