[2020/07/28 19:17:20][I][getBOM] Get BOM Success!
[2020/07/28 19:17:20][I][getSKU] Get SKU from BOM: BOM_SKU, SKU name: 451AOD30L02
[2020/07/28 19:17:20][I][loadTestItemBySKU] Test Item List = (GFI20Bootup.py,1)(GFI20_RF_Zigbee,2)(GFI20_RF_LTE,1)
[2020/07/28 19:17:20][I][loadTestItemBySKU] Test Item List Element = ['GFI20Bootup.py,1', 'GFI20_RF_Zigbee,2', 'GFI20_RF_LTE,1']
[2020/07/28 19:17:20][I][showTestingMsg] Waiting for testing...
[2020/07/28 19:17:20]---------- TestItem:GFI20Bootup.py  Method:1 ----------
[2020/07/28 19:17:20][I][runTestItem] Test start time: 2020/07/28 19:17:20
[2020/07/28 19:17:23][I][runTestItem] Test finished
[2020/07/28 19:17:23][I][checkTestResult] Version=3.0.0.3
[2020/07/28 19:17:23][I][checkTestResult] Result=Pass
[2020/07/28 19:17:23]*********************************************************
[2020/07/28 19:17:23]GFI20Bootup.py   3.0.0.3

[2020/07/28 19:17:23]			Result: Pass

[2020/07/28 19:17:23]			Method: 1

[2020/07/28 19:17:23]			Start: 2020/07/28 19:17:20

[2020/07/28 19:17:23]			End: 2020/07/28 19:17:23
[2020/07/28 19:17:23][I][runTestItem] Test end time: 2020/07/28 19:17:23
[2020/07/28 19:17:23]---------- TestItem:GFI20_RF_Zigbee.py  Method:2 ----------
[2020/07/28 19:17:23][I][runTestItem] Test start time: 2020/07/28 19:17:23
[2020/07/28 19:20:53][I][getBOM] Get BOM Success!
[2020/07/28 19:20:53][I][getSKU] Get SKU from BOM: BOM_SKU, SKU name: 451AOD30L02
[2020/07/28 19:20:53][I][loadTestItemBySKU] Test Item List = (GFI20Bootup.py,1)(CountDown.py,1)(GFI20_RF_Zigbee,2)(GFI20_RF_LTE,1)
[2020/07/28 19:20:53][I][loadTestItemBySKU] Test Item List Element = ['GFI20Bootup.py,1', 'CountDown.py,1', 'GFI20_RF_Zigbee,2', 'GFI20_RF_LTE,1']
[2020/07/28 19:20:53][I][showTestingMsg] Waiting for testing...
[2020/07/28 19:20:53]---------- TestItem:GFI20Bootup.py  Method:1 ----------
[2020/07/28 19:20:53][I][runTestItem] Test start time: 2020/07/28 19:20:53
[2020/07/28 19:21:12][I][runTestItem] Test finished
[2020/07/28 19:21:12][I][checkTestResult] Version=3.0.0.3
[2020/07/28 19:21:12][I][checkTestResult] Result=Pass
[2020/07/28 19:21:12]*********************************************************
[2020/07/28 19:21:12]GFI20Bootup.py   3.0.0.3

[2020/07/28 19:21:12]			Result: Pass

[2020/07/28 19:21:12]			Method: 1

[2020/07/28 19:21:12]			Start: 2020/07/28 19:20:53

[2020/07/28 19:21:12]			End: 2020/07/28 19:21:12
[2020/07/28 19:21:12][I][runTestItem] Test end time: 2020/07/28 19:21:12
[2020/07/28 19:21:12]---------- TestItem:CountDown.py  Method:1 ----------
[2020/07/28 19:21:12][I][runTestItem] Test start time: 2020/07/28 19:21:12
[2020/07/28 19:21:49][I][runTestItem] Test finished
[2020/07/28 19:21:49][I][checkTestResult] Version=3.0.0.3
[2020/07/28 19:21:49][I][checkTestResult] Result=Pass
[2020/07/28 19:21:49]*********************************************************
[2020/07/28 19:21:49]CountDown.py   3.0.0.3

[2020/07/28 19:21:49]			Result: Pass

[2020/07/28 19:21:49]			Method: 1

[2020/07/28 19:21:49]			Start: 2020/07/28 19:21:12

[2020/07/28 19:21:49]			End: 2020/07/28 19:21:49
[2020/07/28 19:21:49][I][runTestItem] Test end time: 2020/07/28 19:21:49
[2020/07/28 19:21:50]---------- TestItem:GFI20_RF_Zigbee.py  Method:2 ----------
[2020/07/28 19:21:50][I][runTestItem] Test start time: 2020/07/28 19:21:50
[2020/07/28 19:22:19][I][runTestItem] Test finished
[2020/07/28 19:22:19][I][checkTestResult] Version=3.0.0.3
[2020/07/28 19:22:19][I][checkTestResult] Result=Fail
[2020/07/28 19:22:19][I][checkTestResult] Reason=Connect DUT fail
[2020/07/28 19:22:19][I][checkTestResult] EC=010000S01
[2020/07/28 19:22:19]*********************************************************
[2020/07/28 19:22:19]GFI20_RF_Zigbee.py   3.0.0.3

[2020/07/28 19:22:19]			Result: Fail

[2020/07/28 19:22:19]			Method: 2

[2020/07/28 19:22:19]			Start: 2020/07/28 19:21:50

[2020/07/28 19:22:19]			End: 2020/07/28 19:22:19
[2020/07/28 19:22:19]
			Fail Reason: Connect DUT fail
[2020/07/28 19:22:19][I][runTestItem] Test end time: 2020/07/28 19:22:19
[2020/07/28 19:22:20][I][runLastScript] Waiting for ending...
[2020/07/28 19:22:20]---------- TestItem:GFI20LastScript.py  Method:1 ----------
[2020/07/28 19:22:20][I][runLastScript] Test start time: 2020/07/28 19:22:20
[2020/07/28 19:22:21][I][runLastScript] Test finished
[2020/07/28 19:22:21][I][runLastScript] Test end time: 2020/07/28 19:22:21
[2020/07/28 19:22:21][I][checkTestResult] Version=3.0.0.6
[2020/07/28 19:22:21][I][checkTestResult] Result=Fail
[2020/07/28 19:22:21][I][checkTestResult] Reason=Control digital meter failed!
[2020/07/28 19:22:21][I][checkTestResult] EC=010000S03
[2020/07/28 19:22:21]*********************************************************
[2020/07/28 19:22:21]GFI20LastScript.py   3.0.0.6

[2020/07/28 19:22:21]			Result: Fail

[2020/07/28 19:22:21]			Method: 1

[2020/07/28 19:22:21]			Start: 2020/07/28 19:22:20

[2020/07/28 19:22:21]			End: 2020/07/28 19:22:21
[2020/07/28 19:22:21]
			Fail Reason: Control digital meter failed!
