[2020/07/28 19:17:24.102704][I][class_GFI20] Initial class_GFI20
[2020/07/28 19:17:24.120774][I][connectDUT] COM: COM20, BaudRate: 115200
[2020/07/28 19:17:24.127788][E][connectDUT] could not open port 'COM20': FileNotFoundError(2, '系統找不到指定的檔案。', None, 2)
[2020/07/28 19:17:24.633191][I][connectDUT] COM: COM20, BaudRate: 115200
[2020/07/28 19:17:24.638597][E][connectDUT] could not open port 'COM20': FileNotFoundError(2, '系統找不到指定的檔案。', None, 2)
[2020/07/28 19:17:25.143495][I][connectDUT] COM: COM20, BaudRate: 115200
[2020/07/28 19:17:25.148714][E][connectDUT] could not open port 'COM20': FileNotFoundError(2, '系統找不到指定的檔案。', None, 2)
[2020/07/28 19:17:25.755278][I][connectDUT] COM: COM20, BaudRate: 115200
[2020/07/28 19:17:25.760512][E][connectDUT] could not open port 'COM20': FileNotFoundError(2, '系統找不到指定的檔案。', None, 2)
[2020/07/28 19:17:26.265790][I][connectDUT] COM: COM20, BaudRate: 115200
[2020/07/28 19:17:26.270878][E][connectDUT] could not open port 'COM20': FileNotFoundError(2, '系統找不到指定的檔案。', None, 2)
[2020/07/28 19:17:26.275365][E][connectDUT] Retry 5 times Fail
[2020/07/28 19:17:26.280385][E][connectDUT] Unable to connect DUT
[2020/07/28 19:21:50.261500][I][class_GFI20] Initial class_GFI20
[2020/07/28 19:21:50.268452][I][connectDUT] COM: COM20, BaudRate: 115200
[2020/07/28 19:21:50.270105][E][connectDUT] could not open port 'COM20': FileNotFoundError(2, '系統找不到指定的檔案。', None, 2)
[2020/07/28 19:21:50.772075][I][connectDUT] COM: COM20, BaudRate: 115200
[2020/07/28 19:21:50.778700][E][connectDUT] could not open port 'COM20': FileNotFoundError(2, '系統找不到指定的檔案。', None, 2)
[2020/07/28 19:21:51.283588][I][connectDUT] COM: COM20, BaudRate: 115200
[2020/07/28 19:21:51.287611][E][connectDUT] could not open port 'COM20': FileNotFoundError(2, '系統找不到指定的檔案。', None, 2)
[2020/07/28 19:21:51.794003][I][connectDUT] COM: COM20, BaudRate: 115200
[2020/07/28 19:21:51.802024][E][connectDUT] could not open port 'COM20': FileNotFoundError(2, '系統找不到指定的檔案。', None, 2)
[2020/07/28 19:21:52.305633][I][connectDUT] COM: COM20, BaudRate: 115200
[2020/07/28 19:21:52.311712][E][connectDUT] could not open port 'COM20': FileNotFoundError(2, '系統找不到指定的檔案。', None, 2)
[2020/07/28 19:21:52.316680][E][connectDUT] Retry 5 times Fail
[2020/07/28 19:21:52.322416][E][connectDUT] Unable to connect DUT
