[2020/07/29 05:55:28.700139]========== Start ==========
[2020/07/29 05:55:28.702146][I][class_E6640A_ZIGBEE] Initial class_E6640A_ZIGBEE
[2020/07/29 05:55:28.705158][I][class_E6640A_ZIGBEE] Version: 3.0.0.2
[2020/07/29 05:55:28.712790][I][connect_E6640A] Connect to E6640A
[2020/07/29 05:55:28.728949][I][connect_E6640A] Resource Manager of Visa Library at C:\Windows\system32\visa32.dll
[2020/07/29 05:55:28.782084][I][queryEx] E6640A <= *IDN?
[2020/07/29 05:55:28.787136][I][queryEx] E6640A => Keysight Technologies,E6640A,MY57150246,E.19.71
[2020/07/29 05:55:28.790132][I][set_Preset] System reset
[2020/07/29 05:55:28.791103][I][writeEx] E6640A <= *RST
[2020/07/29 05:55:28.793114][I][writeEx] E6640A <= *CLS
[2020/07/29 05:55:28.796116][I][writeEx] E6640A <= SYST:PRES
[2020/07/29 05:55:29.100032][I][queryEx] E6640A <= *OPC?
[2020/07/29 05:55:29.743248][I][queryEx] E6640A => 1
[2020/07/29 05:55:29.751276][I][set_Preset] System reset
[2020/07/29 05:55:29.753281][I][writeEx] E6640A <= *RST
[2020/07/29 05:55:29.755287][I][writeEx] E6640A <= *CLS
[2020/07/29 05:55:29.758050][I][writeEx] E6640A <= SYST:PRES
[2020/07/29 05:55:30.061632][I][queryEx] E6640A <= *OPC?
[2020/07/29 05:55:30.864444][I][queryEx] E6640A => 1
[2020/07/29 05:55:31.148339][I][set_Preset] System reset
[2020/07/29 05:55:31.150348][I][writeEx] E6640A <= *RST
[2020/07/29 05:55:31.152351][I][writeEx] E6640A <= *CLS
[2020/07/29 05:55:31.154341][I][writeEx] E6640A <= SYST:PRES
[2020/07/29 05:55:31.457896][I][queryEx] E6640A <= *OPC?
[2020/07/29 05:55:32.158307][I][queryEx] E6640A => 1
[2020/07/29 05:55:32.185764][I][set_Tx_Start] Set Tx start
[2020/07/29 05:55:32.188774][I][set_RFI_Port] Set input port
[2020/07/29 05:55:32.192304][I][writeEx] E6640A <= :FEED:RF:PORT:INPut RFIO1
[2020/07/29 05:55:32.195315][I][queryEx] E6640A <= :FEED:RF:PORT:INPut?
[2020/07/29 05:55:32.200489][I][queryEx] E6640A => RFIO1
[2020/07/29 05:55:32.203335][I][set_Modulation_Analysis] Set measurement function
[2020/07/29 05:55:32.205377][I][writeEx] E6640A <= INST:SEL VSA
[2020/07/29 05:55:32.509939][I][queryEx] E6640A <= *OPC?
[2020/07/29 05:55:32.593792][I][queryEx] E6640A => 1
[2020/07/29 05:55:32.603831][I][queryEx] E6640A <= INST:SEL?
[2020/07/29 05:55:32.616897][I][queryEx] E6640A => VSA
[2020/07/29 05:55:32.621908][I][writeEx] E6640A <= :CONFigure:DDEMod
[2020/07/29 05:55:32.928014][I][queryEx] E6640A <= *OPC?
[2020/07/29 05:55:33.103726][I][queryEx] E6640A => 1
[2020/07/29 05:55:33.115696][I][init_Zigbee_Mode] Initial Zigbee mode
[2020/07/29 05:55:33.124904][I][writeEx] E6640A <= :DDEM:STAN:PRES ZIGBEE2450
[2020/07/29 05:55:33.432731][I][queryEx] E6640A <= *OPC?
[2020/07/29 05:55:33.441803][I][queryEx] E6640A => 1
[2020/07/29 05:55:33.444770][I][set_Continue] Set continue
[2020/07/29 05:55:33.448780][I][writeEx] E6640A <= :INIT:CONT ON
[2020/07/29 05:55:33.451801][I][set_Freq] Set frequence
[2020/07/29 05:55:33.454796][I][writeEx] E6640A <= :FREQuency:CENTer 2425.0 MHz
[2020/07/29 05:55:33.457805][I][set_XScale_Span] Set frequence span
[2020/07/29 05:55:33.460799][I][writeEx] E6640A <= :FREQuency:SPAN 10000.000000 KHZ
[2020/07/29 05:55:33.462809][I][set_Power_Range] Get power range
[2020/07/29 05:55:33.465817][I][writeEx] E6640A <= :POW:RANG 20.000000
[2020/07/29 05:55:33.467819][I][set_Symbol_Rate] Get symbol rate
[2020/07/29 05:55:33.472786][I][writeEx] E6640A <= :DDEMod:SRATe 1000.000000 kHz
[2020/07/29 05:55:33.474792][I][set_Meas_Interval] Get meas interval
[2020/07/29 05:55:33.478088][I][writeEx] E6640A <= :DDEMod:SWEep:POINts 500
[2020/07/29 05:55:33.480691][I][set_Zigbee_TX_BandPower] Set marker function
[2020/07/29 05:55:33.482700][I][writeEx] E6640A <= CALC:DDEMod:MARK1:MODE POS
[2020/07/29 05:55:33.486710][I][writeEx] E6640A <= CALC:DDEMod:MARK1:TRAC 2
[2020/07/29 05:55:33.489850][I][writeEx] E6640A <= CALC:DDEMod:MARK1:FUNC BPOW
[2020/07/29 05:55:33.491856][I][writeEx] E6640A <= CALC:DDEMod:MARK1:FUNC:BPOW:CTYP MEAN
[2020/07/29 05:55:33.494865][I][writeEx] E6640A <= CALC:DDEMod:MARK1:FUNC:BAND:CENT 2425000000.000000
[2020/07/29 05:55:33.799663][I][queryEx] E6640A <= *OPC?
[2020/07/29 05:55:33.809673][I][queryEx] E6640A => 1
[2020/07/29 05:55:33.812641][I][queryEx] E6640A <= CALC:DDEMod:MARK1:FUNC:BAND:CENT?
[2020/07/29 05:55:33.818946][I][queryEx] E6640A => 2.425000000E+09
[2020/07/29 05:55:33.822658][I][writeEx] E6640A <= CALC:DDEMod:MARK1:FUNC:BAND:SPAN 10000000.000000
[2020/07/29 05:55:34.127265][I][queryEx] E6640A <= *OPC?
[2020/07/29 05:55:34.143261][I][queryEx] E6640A => 1
[2020/07/29 05:55:34.150271][I][set_Trigger_Video] Set trigger video
[2020/07/29 05:55:34.154272][I][writeEx] E6640A <= TRIG:DDEM:SOUR VID
[2020/07/29 05:55:34.458094][I][queryEx] E6640A <= *OPC?
[2020/07/29 05:55:34.464373][I][queryEx] E6640A => 1
[2020/07/29 05:55:34.468250][I][set_Trigger_Level] Set trigger level
[2020/07/29 05:55:34.471248][I][writeEx] E6640A <= :TRIGger:VIDeo:LEVel 30.000000 mV
[2020/07/29 05:55:34.475260][I][set_Trigger_Delay] Set trigger delay
[2020/07/29 05:55:34.479064][I][writeEx] E6640A <= :TRIGger:VIDeo:DELay:STATe ON
[2020/07/29 05:55:34.482075][I][queryEx] E6640A <= :TRIGger:VIDeo:DELay:STATe?
[2020/07/29 05:55:34.547214][I][queryEx] E6640A => 1
[2020/07/29 05:55:34.552279][I][writeEx] E6640A <= :TRIGger:VIDeo:DELay:STATe ON
[2020/07/29 05:55:34.557248][I][writeEx] E6640A <= :TRIGger:VIDeo:DELay 0.300000 ms
[2020/07/29 05:55:34.562485][I][init_Trigger_Reg] Initial trigger status register
[2020/07/29 05:55:34.566498][I][writeEx] E6640A <= *CLS
[2020/07/29 05:55:34.571121][I][writeEx] E6640A <= :STATus:PRESet
[2020/07/29 05:55:34.575191][I][writeEx] E6640A <= *SRE 192
[2020/07/29 05:55:34.579034][I][writeEx] E6640A <= :STATus:OPERation:ENABle 32
[2020/07/29 05:55:34.582044][I][writeEx] E6640A <= *CLS
[2020/07/29 05:55:34.585052][I][queryEx] E6640A <= *STB?
[2020/07/29 05:55:34.633517][I][queryEx] E6640A => 0
[2020/07/29 05:55:34.638432][I][init_Trigger_Reg] Status: 0
[2020/07/29 05:55:43.578361][I][chk_Tx_Result] Check Tx result
[2020/07/29 05:55:43.585244][I][get_Trigger_Status] Get trigger status
[2020/07/29 05:55:43.588259][I][queryEx] E6640A <= *STB?
[2020/07/29 05:55:43.593936][I][queryEx] E6640A => 192
[2020/07/29 05:55:43.596937][I][get_Trigger_Status] Status: 192
[2020/07/29 05:55:43.599944]Is triggered!
[2020/07/29 05:55:43.602952][I][writeEx] E6640A <= *CLS
[2020/07/29 05:55:43.606963][I][set_Continue] Set continue
[2020/07/29 05:55:43.609970][I][writeEx] E6640A <= :INIT:CONT ON
[2020/07/29 05:55:43.714509][I][set_Single] Set single
[2020/07/29 05:55:43.727584][I][writeEx] E6640A <= :INIT:CONT OFF
[2020/07/29 05:55:43.738599][I][set_Zigbee_TX_BandPower] Set marker function
[2020/07/29 05:55:43.744578][I][writeEx] E6640A <= CALC:DDEMod:MARK1:MODE POS
[2020/07/29 05:55:43.749592][I][writeEx] E6640A <= CALC:DDEMod:MARK1:TRAC 2
[2020/07/29 05:55:43.754863][I][writeEx] E6640A <= CALC:DDEMod:MARK1:FUNC BPOW
[2020/07/29 05:55:43.757876][I][writeEx] E6640A <= CALC:DDEMod:MARK1:FUNC:BPOW:CTYP MEAN
[2020/07/29 05:55:43.762322][I][writeEx] E6640A <= CALC:DDEMod:MARK1:FUNC:BAND:CENT 2425000000.000000
[2020/07/29 05:55:44.066773][I][queryEx] E6640A <= *OPC?
[2020/07/29 05:55:44.084770][I][queryEx] E6640A => 1
[2020/07/29 05:55:44.093790][I][queryEx] E6640A <= CALC:DDEMod:MARK1:FUNC:BAND:CENT?
[2020/07/29 05:55:44.102000][I][queryEx] E6640A => 2.425000000E+09
[2020/07/29 05:55:44.107059][I][writeEx] E6640A <= CALC:DDEMod:MARK1:FUNC:BAND:SPAN 10000000.000000
[2020/07/29 05:55:44.412295][I][queryEx] E6640A <= *OPC?
[2020/07/29 05:55:44.421420][I][queryEx] E6640A => 1
[2020/07/29 05:55:44.425948][I][get_Power] Get Tx power
[2020/07/29 05:55:44.428958][I][queryEx] E6640A <= :CALC:DDEMod:MARK1:Y?
[2020/07/29 05:55:44.435000][I][queryEx] E6640A => 1.694938443E+00
[2020/07/29 05:55:44.438011][I][chk_Tx_Result] Tx power(add loss: 8.200000) = 9.895000 dBm
[2020/07/29 05:55:44.441017][I][read_DDEMod_Array] Read measurement result
[2020/07/29 05:55:44.444025][I][queryEx] E6640A <= :READ:DDEMod?
[2020/07/29 05:55:44.598281][I][queryEx] E6640A => 1.349867344E+01,3.985496902E+01,2.220000000E+02,3.613075972E+00,1.491020203E+01,2.230000000E+02,9.91E+37,9.91E+37,9.91E+37,1.277737737E+00,2.141064405E+00,4.010000000E+02,1.095211411E+01,3.290194321E+01,2.220000000E+02,1.994657813E+04,9.91E+37,9.91E+37,9.91E+37,9.91E+37,9.91E+37,-4.683406448E+01,9.91E+37,9.638528228E-01,7.701865584E-02,2.990242839E-01,9.91E+37,9.91E+37,9.91E+37,9.91E+37,9.91E+37,9.91E+37,9.91E+37,9.91E+37,9.91E+37,9.91E+37,9.91E+37,9.91E+37,9.91E+37,9.91E+37,9.91E+37,9.91E+37,9.91E+37,9.91E+37,9.91E+37,9.91E+37,9.91E+37,9.91E+37,9.91E+37,9.91E+37,9.91E+37,9.91E+37,9.91E+37,9.91E+37,9.91E+37,9.91E+37,9.91E+37,9.91E+37,9.91E+37,9.91E+37,9.91E+37,3.970808815E-03,-2.227643970E-03
[2020/07/29 05:55:44.613265][I][set_Continue] Set continue
[2020/07/29 05:55:44.624292][I][writeEx] E6640A <= :INIT:CONT ON
[2020/07/29 05:55:55.033924][I][chk_Tx_Result] Check Tx result
[2020/07/29 05:55:55.041937][I][get_Trigger_Status] Get trigger status
[2020/07/29 05:55:55.051010][I][queryEx] E6640A <= *STB?
[2020/07/29 05:55:55.060147][I][queryEx] E6640A => 192
[2020/07/29 05:55:55.065165][I][get_Trigger_Status] Status: 192
[2020/07/29 05:55:55.069176]Is triggered!
[2020/07/29 05:55:55.073054][I][writeEx] E6640A <= *CLS
[2020/07/29 05:55:55.076063][I][set_Continue] Set continue
[2020/07/29 05:55:55.079071][I][writeEx] E6640A <= :INIT:CONT ON
[2020/07/29 05:55:55.184594][I][set_Single] Set single
[2020/07/29 05:55:55.199010][I][writeEx] E6640A <= :INIT:CONT OFF
[2020/07/29 05:55:55.210047][I][set_Zigbee_TX_BandPower] Set marker function
[2020/07/29 05:55:55.216060][I][writeEx] E6640A <= CALC:DDEMod:MARK1:MODE POS
[2020/07/29 05:55:55.222171][I][writeEx] E6640A <= CALC:DDEMod:MARK1:TRAC 2
[2020/07/29 05:55:55.226183][I][writeEx] E6640A <= CALC:DDEMod:MARK1:FUNC BPOW
[2020/07/29 05:55:55.230963][I][writeEx] E6640A <= CALC:DDEMod:MARK1:FUNC:BPOW:CTYP MEAN
[2020/07/29 05:55:55.234733][I][writeEx] E6640A <= CALC:DDEMod:MARK1:FUNC:BAND:CENT 2425000000.000000
[2020/07/29 05:55:55.539926][I][queryEx] E6640A <= *OPC?
[2020/07/29 05:55:55.557147][I][queryEx] E6640A => 1
[2020/07/29 05:55:55.567237][I][queryEx] E6640A <= CALC:DDEMod:MARK1:FUNC:BAND:CENT?
[2020/07/29 05:55:55.575594][I][queryEx] E6640A => 2.425000000E+09
[2020/07/29 05:55:55.581652][I][writeEx] E6640A <= CALC:DDEMod:MARK1:FUNC:BAND:SPAN 10000000.000000
[2020/07/29 05:55:55.887141][I][queryEx] E6640A <= *OPC?
[2020/07/29 05:55:55.897144][I][queryEx] E6640A => 1
[2020/07/29 05:55:55.901116][I][get_Power] Get Tx power
[2020/07/29 05:55:55.904123][I][queryEx] E6640A <= :CALC:DDEMod:MARK1:Y?
[2020/07/29 05:55:55.911050][I][queryEx] E6640A => 7.217848281E-01
[2020/07/29 05:55:55.914747][I][chk_Tx_Result] Tx power(add loss: 8.200000) = 8.922000 dBm
[2020/07/29 05:55:55.918143][I][read_DDEMod_Array] Read measurement result
[2020/07/29 05:55:55.921152][I][queryEx] E6640A <= :READ:DDEMod?
[2020/07/29 05:55:56.173042][I][queryEx] E6640A => 1.500710392E+01,4.093063354E+01,3.400000000E+01,3.667983770E+00,1.441225243E+01,3.400000000E+01,9.91E+37,9.91E+37,9.91E+37,4.444923103E-01,-1.087141037E+00,3.970000000E+02,1.222086239E+01,-3.360887527E+01,3.400000000E+01,1.984775586E+04,9.91E+37,9.91E+37,9.91E+37,9.91E+37,9.91E+37,-4.586187744E+01,9.91E+37,9.554053545E-01,-2.273731399E-03,3.655330837E-01,9.91E+37,9.91E+37,9.91E+37,9.91E+37,9.91E+37,9.91E+37,9.91E+37,9.91E+37,9.91E+37,9.91E+37,9.91E+37,9.91E+37,9.91E+37,9.91E+37,9.91E+37,9.91E+37,9.91E+37,9.91E+37,9.91E+37,9.91E+37,9.91E+37,9.91E+37,9.91E+37,9.91E+37,9.91E+37,9.91E+37,9.91E+37,9.91E+37,9.91E+37,9.91E+37,9.91E+37,9.91E+37,9.91E+37,9.91E+37,9.91E+37,2.834923333E-03,-4.230104852E-03
[2020/07/29 05:55:56.189031][I][set_Continue] Set continue
[2020/07/29 05:55:56.198087][I][writeEx] E6640A <= :INIT:CONT ON
[2020/07/29 05:55:57.650198][I][set_Preset] System reset
[2020/07/29 05:55:57.653204][I][writeEx] E6640A <= *RST
[2020/07/29 05:55:57.657230][I][writeEx] E6640A <= *CLS
[2020/07/29 05:55:57.660223][I][writeEx] E6640A <= SYST:PRES
[2020/07/29 05:55:57.965723][I][queryEx] E6640A <= *OPC?
[2020/07/29 05:55:58.881036][I][queryEx] E6640A => 1
[2020/07/29 05:55:58.895064][I][set_Tx_Start] Set Tx start
[2020/07/29 05:55:58.899076][I][set_RFI_Port] Set input port
[2020/07/29 05:55:58.902083][I][writeEx] E6640A <= :FEED:RF:PORT:INPut RFIO1
[2020/07/29 05:55:58.906095][I][queryEx] E6640A <= :FEED:RF:PORT:INPut?
[2020/07/29 05:55:58.911962][I][queryEx] E6640A => RFIO1
[2020/07/29 05:55:58.914969][I][set_Modulation_Analysis] Set measurement function
[2020/07/29 05:55:58.918676][I][writeEx] E6640A <= INST:SEL VSA
[2020/07/29 05:55:59.223408][I][queryEx] E6640A <= *OPC?
[2020/07/29 05:55:59.234219][I][queryEx] E6640A => 1
[2020/07/29 05:55:59.238243][I][queryEx] E6640A <= INST:SEL?
[2020/07/29 05:55:59.244673][I][queryEx] E6640A => VSA
[2020/07/29 05:55:59.248217][I][writeEx] E6640A <= :CONFigure:DDEMod
[2020/07/29 05:55:59.552356][I][queryEx] E6640A <= *OPC?
[2020/07/29 05:55:59.735248][I][queryEx] E6640A => 1
[2020/07/29 05:55:59.750291][I][init_Zigbee_Mode] Initial Zigbee mode
[2020/07/29 05:55:59.760357][I][writeEx] E6640A <= :DDEM:STAN:PRES ZIGBEE2450
[2020/07/29 05:56:00.068393][I][queryEx] E6640A <= *OPC?
[2020/07/29 05:56:00.079474][I][queryEx] E6640A => 1
[2020/07/29 05:56:00.086437][I][set_Continue] Set continue
[2020/07/29 05:56:00.089444][I][writeEx] E6640A <= :INIT:CONT ON
[2020/07/29 05:56:00.093486][I][set_Freq] Set frequence
[2020/07/29 05:56:00.097468][I][writeEx] E6640A <= :FREQuency:CENTer 2455.0 MHz
[2020/07/29 05:56:00.100495][I][set_XScale_Span] Set frequence span
[2020/07/29 05:56:00.103481][I][writeEx] E6640A <= :FREQuency:SPAN 10000.000000 KHZ
[2020/07/29 05:56:00.107492][I][set_Power_Range] Get power range
[2020/07/29 05:56:00.110513][I][writeEx] E6640A <= :POW:RANG 20.000000
[2020/07/29 05:56:00.114946][I][set_Symbol_Rate] Get symbol rate
[2020/07/29 05:56:00.117955][I][writeEx] E6640A <= :DDEMod:SRATe 1000.000000 kHz
[2020/07/29 05:56:00.120973][I][set_Meas_Interval] Get meas interval
[2020/07/29 05:56:00.124974][I][writeEx] E6640A <= :DDEMod:SWEep:POINts 500
[2020/07/29 05:56:00.127982][I][set_Zigbee_TX_BandPower] Set marker function
[2020/07/29 05:56:00.130990][I][writeEx] E6640A <= CALC:DDEMod:MARK1:MODE POS
[2020/07/29 05:56:00.135359][I][writeEx] E6640A <= CALC:DDEMod:MARK1:TRAC 2
[2020/07/29 05:56:00.138379][I][writeEx] E6640A <= CALC:DDEMod:MARK1:FUNC BPOW
[2020/07/29 05:56:00.141377][I][writeEx] E6640A <= CALC:DDEMod:MARK1:FUNC:BPOW:CTYP MEAN
[2020/07/29 05:56:00.145386][I][writeEx] E6640A <= CALC:DDEMod:MARK1:FUNC:BAND:CENT 2455000000.000000
[2020/07/29 05:56:00.450670][I][queryEx] E6640A <= *OPC?
[2020/07/29 05:56:00.459689][I][queryEx] E6640A => 1
[2020/07/29 05:56:00.463957][I][queryEx] E6640A <= CALC:DDEMod:MARK1:FUNC:BAND:CENT?
[2020/07/29 05:56:00.469975][I][queryEx] E6640A => 2.455000000E+09
[2020/07/29 05:56:00.473830][I][writeEx] E6640A <= CALC:DDEMod:MARK1:FUNC:BAND:SPAN 10000000.000000
[2020/07/29 05:56:00.778780][I][queryEx] E6640A <= *OPC?
[2020/07/29 05:56:00.788633][I][queryEx] E6640A => 1
[2020/07/29 05:56:00.792640][I][set_Trigger_Video] Set trigger video
[2020/07/29 05:56:00.796652][I][writeEx] E6640A <= TRIG:DDEM:SOUR VID
[2020/07/29 05:56:01.102365][I][queryEx] E6640A <= *OPC?
[2020/07/29 05:56:01.112582][I][queryEx] E6640A => 1
[2020/07/29 05:56:01.117352][I][set_Trigger_Level] Set trigger level
[2020/07/29 05:56:01.120386][I][writeEx] E6640A <= :TRIGger:VIDeo:LEVel 30.000000 mV
[2020/07/29 05:56:01.124364][I][set_Trigger_Delay] Set trigger delay
[2020/07/29 05:56:01.128412][I][writeEx] E6640A <= :TRIGger:VIDeo:DELay:STATe ON
[2020/07/29 05:56:01.131429][I][queryEx] E6640A <= :TRIGger:VIDeo:DELay:STATe?
[2020/07/29 05:56:01.201832][I][queryEx] E6640A => 1
[2020/07/29 05:56:01.209890][I][writeEx] E6640A <= :TRIGger:VIDeo:DELay:STATe ON
[2020/07/29 05:56:01.217881][I][writeEx] E6640A <= :TRIGger:VIDeo:DELay 0.300000 ms
[2020/07/29 05:56:01.224935][I][init_Trigger_Reg] Initial trigger status register
[2020/07/29 05:56:01.230190][I][writeEx] E6640A <= *CLS
[2020/07/29 05:56:01.234203][I][writeEx] E6640A <= :STATus:PRESet
[2020/07/29 05:56:01.238214][I][writeEx] E6640A <= *SRE 192
[2020/07/29 05:56:01.242225][I][writeEx] E6640A <= :STATus:OPERation:ENABle 32
[2020/07/29 05:56:01.246246][I][writeEx] E6640A <= *CLS
[2020/07/29 05:56:01.250207][I][queryEx] E6640A <= *STB?
[2020/07/29 05:56:01.292117][I][queryEx] E6640A => 0
[2020/07/29 05:56:01.296166][I][init_Trigger_Reg] Status: 0
[2020/07/29 05:56:10.320057][I][chk_Tx_Result] Check Tx result
[2020/07/29 05:56:10.328122][I][get_Trigger_Status] Get trigger status
[2020/07/29 05:56:10.332097][I][queryEx] E6640A <= *STB?
[2020/07/29 05:56:10.338477][I][queryEx] E6640A => 192
[2020/07/29 05:56:10.342499][I][get_Trigger_Status] Status: 192
[2020/07/29 05:56:10.345507]Is triggered!
[2020/07/29 05:56:10.349930][I][writeEx] E6640A <= *CLS
[2020/07/29 05:56:10.352940][I][set_Continue] Set continue
[2020/07/29 05:56:10.356956][I][writeEx] E6640A <= :INIT:CONT ON
[2020/07/29 05:56:10.461864][I][set_Single] Set single
[2020/07/29 05:56:10.476906][I][writeEx] E6640A <= :INIT:CONT OFF
[2020/07/29 05:56:10.487927][I][set_Zigbee_TX_BandPower] Set marker function
[2020/07/29 05:56:10.494952][I][writeEx] E6640A <= CALC:DDEMod:MARK1:MODE POS
[2020/07/29 05:56:10.499969][I][writeEx] E6640A <= CALC:DDEMod:MARK1:TRAC 2
[2020/07/29 05:56:10.504836][I][writeEx] E6640A <= CALC:DDEMod:MARK1:FUNC BPOW
[2020/07/29 05:56:10.509852][I][writeEx] E6640A <= CALC:DDEMod:MARK1:FUNC:BPOW:CTYP MEAN
[2020/07/29 05:56:10.513863][I][writeEx] E6640A <= CALC:DDEMod:MARK1:FUNC:BAND:CENT 2455000000.000000
[2020/07/29 05:56:10.819319][I][queryEx] E6640A <= *OPC?
[2020/07/29 05:56:10.829332][I][queryEx] E6640A => 1
[2020/07/29 05:56:10.834302][I][queryEx] E6640A <= CALC:DDEMod:MARK1:FUNC:BAND:CENT?
[2020/07/29 05:56:10.843786][I][queryEx] E6640A => 2.455000000E+09
[2020/07/29 05:56:10.847809][I][writeEx] E6640A <= CALC:DDEMod:MARK1:FUNC:BAND:SPAN 10000000.000000
[2020/07/29 05:56:11.152594][I][queryEx] E6640A <= *OPC?
[2020/07/29 05:56:11.160772][I][queryEx] E6640A => 1
[2020/07/29 05:56:11.165676][I][get_Power] Get Tx power
[2020/07/29 05:56:11.168685][I][queryEx] E6640A <= :CALC:DDEMod:MARK1:Y?
[2020/07/29 05:56:11.175389][I][queryEx] E6640A => 1.378421204E+00
[2020/07/29 05:56:11.178398][I][chk_Tx_Result] Tx power(add loss: 8.900000) = 10.278000 dBm
[2020/07/29 05:56:11.182408][I][read_DDEMod_Array] Read measurement result
[2020/07/29 05:56:11.186429][I][queryEx] E6640A <= :READ:DDEMod?
[2020/07/29 05:56:11.336930][I][queryEx] E6640A => 1.271309090E+01,3.743702316E+01,4.630000000E+02,2.762660742E+00,1.306810093E+01,4.630000000E+02,9.91E+37,9.91E+37,9.91E+37,3.546944857E-01,-9.218573570E-01,1.420000000E+02,1.034273529E+01,-3.070726776E+01,4.630000000E+02,2.001667773E+04,9.91E+37,9.91E+37,9.91E+37,9.91E+37,9.91E+37,-4.905529022E+01,9.91E+37,9.679264426E-01,2.070931159E-02,2.592288554E-01,9.91E+37,9.91E+37,9.91E+37,9.91E+37,9.91E+37,9.91E+37,9.91E+37,9.91E+37,9.91E+37,9.91E+37,9.91E+37,9.91E+37,9.91E+37,9.91E+37,9.91E+37,9.91E+37,9.91E+37,9.91E+37,9.91E+37,9.91E+37,9.91E+37,9.91E+37,9.91E+37,9.91E+37,9.91E+37,9.91E+37,9.91E+37,9.91E+37,9.91E+37,9.91E+37,9.91E+37,9.91E+37,9.91E+37,9.91E+37,9.91E+37,3.240905935E-03,-1.387992757E-03
[2020/07/29 05:56:11.352928][I][set_Continue] Set continue
[2020/07/29 05:56:11.359978][I][writeEx] E6640A <= :INIT:CONT ON
[2020/07/29 05:56:21.747414][I][chk_Tx_Result] Check Tx result
[2020/07/29 05:56:21.755416][I][get_Trigger_Status] Get trigger status
[2020/07/29 05:56:21.759428][I][queryEx] E6640A <= *STB?
[2020/07/29 05:56:21.766449][I][queryEx] E6640A => 192
[2020/07/29 05:56:21.770430][I][get_Trigger_Status] Status: 192
[2020/07/29 05:56:21.774443]Is triggered!
[2020/07/29 05:56:21.778066][I][writeEx] E6640A <= *CLS
[2020/07/29 05:56:21.781227][I][set_Continue] Set continue
[2020/07/29 05:56:21.784238][I][writeEx] E6640A <= :INIT:CONT ON
[2020/07/29 05:56:21.889753][I][set_Single] Set single
[2020/07/29 05:56:21.904785][I][writeEx] E6640A <= :INIT:CONT OFF
[2020/07/29 05:56:21.914776][I][set_Zigbee_TX_BandPower] Set marker function
[2020/07/29 05:56:21.922201][I][writeEx] E6640A <= CALC:DDEMod:MARK1:MODE POS
[2020/07/29 05:56:21.927216][I][writeEx] E6640A <= CALC:DDEMod:MARK1:TRAC 2
[2020/07/29 05:56:21.932231][I][writeEx] E6640A <= CALC:DDEMod:MARK1:FUNC BPOW
[2020/07/29 05:56:21.936241][I][writeEx] E6640A <= CALC:DDEMod:MARK1:FUNC:BPOW:CTYP MEAN
[2020/07/29 05:56:21.940251][I][writeEx] E6640A <= CALC:DDEMod:MARK1:FUNC:BAND:CENT 2455000000.000000
[2020/07/29 05:56:22.245682][I][queryEx] E6640A <= *OPC?
[2020/07/29 05:56:22.254590][I][queryEx] E6640A => 1
[2020/07/29 05:56:22.259642][I][queryEx] E6640A <= CALC:DDEMod:MARK1:FUNC:BAND:CENT?
[2020/07/29 05:56:22.266626][I][queryEx] E6640A => 2.455000000E+09
[2020/07/29 05:56:22.270636][I][writeEx] E6640A <= CALC:DDEMod:MARK1:FUNC:BAND:SPAN 10000000.000000
[2020/07/29 05:56:22.575291][I][queryEx] E6640A <= *OPC?
[2020/07/29 05:56:22.590112][I][queryEx] E6640A => 1
[2020/07/29 05:56:22.601172][I][get_Power] Get Tx power
[2020/07/29 05:56:22.607154][I][queryEx] E6640A <= :CALC:DDEMod:MARK1:Y?
[2020/07/29 05:56:22.613603][I][queryEx] E6640A => 3.002568973E-01
[2020/07/29 05:56:22.617973][I][chk_Tx_Result] Tx power(add loss: 8.900000) = 9.200000 dBm
[2020/07/29 05:56:22.622089][I][read_DDEMod_Array] Read measurement result
[2020/07/29 05:56:22.625098][I][queryEx] E6640A <= :READ:DDEMod?
[2020/07/29 05:56:22.880232][I][queryEx] E6640A => 1.393877220E+01,3.922905350E+01,2.020000000E+02,4.348155499E+00,1.835582542E+01,2.020000000E+02,9.91E+37,9.91E+37,9.91E+37,2.113099337E+00,-3.464853764E+00,2.640000000E+02,1.122012520E+01,3.273974991E+01,2.020000000E+02,1.993285938E+04,9.91E+37,9.91E+37,9.91E+37,9.91E+37,9.91E+37,-5.035710144E+01,9.91E+37,9.615052342E-01,8.274726570E-02,2.983526587E-01,9.91E+37,9.91E+37,9.91E+37,9.91E+37,9.91E+37,9.91E+37,9.91E+37,9.91E+37,9.91E+37,9.91E+37,9.91E+37,9.91E+37,9.91E+37,9.91E+37,9.91E+37,9.91E+37,9.91E+37,9.91E+37,9.91E+37,9.91E+37,9.91E+37,9.91E+37,9.91E+37,9.91E+37,9.91E+37,9.91E+37,9.91E+37,9.91E+37,9.91E+37,9.91E+37,9.91E+37,9.91E+37,9.91E+37,9.91E+37,9.91E+37,2.937258221E-03,-7.636430091E-04
[2020/07/29 05:56:22.886219][I][set_Continue] Set continue
[2020/07/29 05:56:22.890229][I][writeEx] E6640A <= :INIT:CONT ON
[2020/07/29 05:56:24.345204][I][set_Preset] System reset
[2020/07/29 05:56:24.348211][I][writeEx] E6640A <= *RST
[2020/07/29 05:56:24.352222][I][writeEx] E6640A <= *CLS
[2020/07/29 05:56:24.356236][I][writeEx] E6640A <= SYST:PRES
[2020/07/29 05:56:24.661698][I][queryEx] E6640A <= *OPC?
[2020/07/29 05:56:25.617143][I][queryEx] E6640A => 1
[2020/07/29 05:56:25.648919][I][set_Tx_Start] Set Tx start
[2020/07/29 05:56:25.653935][I][set_RFI_Port] Set input port
[2020/07/29 05:56:25.659044][I][writeEx] E6640A <= :FEED:RF:PORT:INPut RFIO1
[2020/07/29 05:56:25.663494][I][queryEx] E6640A <= :FEED:RF:PORT:INPut?
[2020/07/29 05:56:25.669745][I][queryEx] E6640A => RFIO1
[2020/07/29 05:56:25.672768][I][set_Modulation_Analysis] Set measurement function
[2020/07/29 05:56:25.676765][I][writeEx] E6640A <= INST:SEL VSA
[2020/07/29 05:56:25.982194][I][queryEx] E6640A <= *OPC?
[2020/07/29 05:56:25.992202][I][queryEx] E6640A => 1
[2020/07/29 05:56:25.996203][I][queryEx] E6640A <= INST:SEL?
[2020/07/29 05:56:26.003969][I][queryEx] E6640A => VSA
[2020/07/29 05:56:26.007981][I][writeEx] E6640A <= :CONFigure:DDEMod
[2020/07/29 05:56:26.312586][I][queryEx] E6640A <= *OPC?
[2020/07/29 05:56:26.480808][I][queryEx] E6640A => 1
[2020/07/29 05:56:26.497885][I][init_Zigbee_Mode] Initial Zigbee mode
[2020/07/29 05:56:26.506907][I][writeEx] E6640A <= :DDEM:STAN:PRES ZIGBEE2450
[2020/07/29 05:56:26.814641][I][queryEx] E6640A <= *OPC?
[2020/07/29 05:56:26.825764][I][queryEx] E6640A => 1
[2020/07/29 05:56:26.830497][I][set_Continue] Set continue
[2020/07/29 05:56:26.834509][I][writeEx] E6640A <= :INIT:CONT ON
[2020/07/29 05:56:26.838520][I][set_Freq] Set frequence
[2020/07/29 05:56:26.842722][I][writeEx] E6640A <= :FREQuency:CENTer 2470.0 MHz
[2020/07/29 05:56:26.846762][I][set_XScale_Span] Set frequence span
[2020/07/29 05:56:26.851064][I][writeEx] E6640A <= :FREQuency:SPAN 10000.000000 KHZ
[2020/07/29 05:56:26.854458][I][set_Power_Range] Get power range
[2020/07/29 05:56:26.858470][I][writeEx] E6640A <= :POW:RANG 20.000000
[2020/07/29 05:56:26.863264][I][set_Symbol_Rate] Get symbol rate
[2020/07/29 05:56:26.866273][I][writeEx] E6640A <= :DDEMod:SRATe 1000.000000 kHz
[2020/07/29 05:56:26.870873][I][set_Meas_Interval] Get meas interval
[2020/07/29 05:56:26.873883][I][writeEx] E6640A <= :DDEMod:SWEep:POINts 500
[2020/07/29 05:56:26.877894][I][set_Zigbee_TX_BandPower] Set marker function
[2020/07/29 05:56:26.881904][I][writeEx] E6640A <= CALC:DDEMod:MARK1:MODE POS
[2020/07/29 05:56:26.885935][I][writeEx] E6640A <= CALC:DDEMod:MARK1:TRAC 2
[2020/07/29 05:56:26.889402][I][writeEx] E6640A <= CALC:DDEMod:MARK1:FUNC BPOW
[2020/07/29 05:56:26.893413][I][writeEx] E6640A <= CALC:DDEMod:MARK1:FUNC:BPOW:CTYP MEAN
[2020/07/29 05:56:26.896422][I][writeEx] E6640A <= CALC:DDEMod:MARK1:FUNC:BAND:CENT 2470000000.000000
[2020/07/29 05:56:27.202454][I][queryEx] E6640A <= *OPC?
[2020/07/29 05:56:27.212470][I][queryEx] E6640A => 1
[2020/07/29 05:56:27.216478][I][queryEx] E6640A <= CALC:DDEMod:MARK1:FUNC:BAND:CENT?
[2020/07/29 05:56:27.223541][I][queryEx] E6640A => 2.470000000E+09
[2020/07/29 05:56:27.228542][I][writeEx] E6640A <= CALC:DDEMod:MARK1:FUNC:BAND:SPAN 10000000.000000
[2020/07/29 05:56:27.533879][I][queryEx] E6640A <= *OPC?
[2020/07/29 05:56:27.545833][I][queryEx] E6640A => 1
[2020/07/29 05:56:27.550848][I][set_Trigger_Video] Set trigger video
[2020/07/29 05:56:27.554859][I][writeEx] E6640A <= TRIG:DDEM:SOUR VID
[2020/07/29 05:56:27.860195][I][queryEx] E6640A <= *OPC?
[2020/07/29 05:56:27.871098][I][queryEx] E6640A => 1
[2020/07/29 05:56:27.875109][I][set_Trigger_Level] Set trigger level
[2020/07/29 05:56:27.879120][I][writeEx] E6640A <= :TRIGger:VIDeo:LEVel 30.000000 mV
[2020/07/29 05:56:27.883131][I][set_Trigger_Delay] Set trigger delay
[2020/07/29 05:56:27.887141][I][writeEx] E6640A <= :TRIGger:VIDeo:DELay:STATe ON
[2020/07/29 05:56:27.891666][I][queryEx] E6640A <= :TRIGger:VIDeo:DELay:STATe?
[2020/07/29 05:56:27.957173][I][queryEx] E6640A => 1
[2020/07/29 05:56:27.964191][I][writeEx] E6640A <= :TRIGger:VIDeo:DELay:STATe ON
[2020/07/29 05:56:27.971922][I][writeEx] E6640A <= :TRIGger:VIDeo:DELay 0.300000 ms
[2020/07/29 05:56:27.978664][I][init_Trigger_Reg] Initial trigger status register
[2020/07/29 05:56:27.983678][I][writeEx] E6640A <= *CLS
[2020/07/29 05:56:27.988972][I][writeEx] E6640A <= :STATus:PRESet
[2020/07/29 05:56:27.992984][I][writeEx] E6640A <= *SRE 192
[2020/07/29 05:56:27.996996][I][writeEx] E6640A <= :STATus:OPERation:ENABle 32
[2020/07/29 05:56:28.001028][I][writeEx] E6640A <= *CLS
[2020/07/29 05:56:28.004013][I][queryEx] E6640A <= *STB?
[2020/07/29 05:56:28.049229][I][queryEx] E6640A => 0
[2020/07/29 05:56:28.053261][I][init_Trigger_Reg] Status: 0
[2020/07/29 05:56:37.064803][I][chk_Tx_Result] Check Tx result
[2020/07/29 05:56:37.068858][I][get_Trigger_Status] Get trigger status
[2020/07/29 05:56:37.075388][I][queryEx] E6640A <= *STB?
[2020/07/29 05:56:37.083126][I][queryEx] E6640A => 192
[2020/07/29 05:56:37.088147][I][get_Trigger_Status] Status: 192
[2020/07/29 05:56:37.092157]Is triggered!
[2020/07/29 05:56:37.095165][I][writeEx] E6640A <= *CLS
[2020/07/29 05:56:37.099175][I][set_Continue] Set continue
[2020/07/29 05:56:37.103783][I][writeEx] E6640A <= :INIT:CONT ON
[2020/07/29 05:56:37.208308][I][set_Single] Set single
[2020/07/29 05:56:37.224310][I][writeEx] E6640A <= :INIT:CONT OFF
[2020/07/29 05:56:37.237333][I][set_Zigbee_TX_BandPower] Set marker function
[2020/07/29 05:56:37.244355][I][writeEx] E6640A <= CALC:DDEMod:MARK1:MODE POS
[2020/07/29 05:56:37.250398][I][writeEx] E6640A <= CALC:DDEMod:MARK1:TRAC 2
[2020/07/29 05:56:37.254411][I][writeEx] E6640A <= CALC:DDEMod:MARK1:FUNC BPOW
[2020/07/29 05:56:37.259425][I][writeEx] E6640A <= CALC:DDEMod:MARK1:FUNC:BPOW:CTYP MEAN
[2020/07/29 05:56:37.263435][I][writeEx] E6640A <= CALC:DDEMod:MARK1:FUNC:BAND:CENT 2470000000.000000
[2020/07/29 05:56:37.567617][I][queryEx] E6640A <= *OPC?
[2020/07/29 05:56:37.575325][I][queryEx] E6640A => 1
[2020/07/29 05:56:37.582334][I][queryEx] E6640A <= CALC:DDEMod:MARK1:FUNC:BAND:CENT?
[2020/07/29 05:56:37.590317][I][queryEx] E6640A => 2.470000000E+09
[2020/07/29 05:56:37.595369][I][writeEx] E6640A <= CALC:DDEMod:MARK1:FUNC:BAND:SPAN 10000000.000000
[2020/07/29 05:56:37.901494][I][queryEx] E6640A <= *OPC?
[2020/07/29 05:56:37.910619][I][queryEx] E6640A => 1
[2020/07/29 05:56:37.914628][I][get_Power] Get Tx power
[2020/07/29 05:56:37.918681][I][queryEx] E6640A <= :CALC:DDEMod:MARK1:Y?
[2020/07/29 05:56:37.925241][I][queryEx] E6640A => 1.738640549E+00
[2020/07/29 05:56:37.929818][I][chk_Tx_Result] Tx power(add loss: 8.800000) = 10.539000 dBm
[2020/07/29 05:56:37.933830][I][read_DDEMod_Array] Read measurement result
[2020/07/29 05:56:37.937841][I][queryEx] E6640A <= :READ:DDEMod?
[2020/07/29 05:56:38.198054][I][queryEx] E6640A => 1.430880356E+01,4.090995789E+01,0.000000000E+00,3.435970545E+00,1.478486061E+01,0.000000000E+00,9.91E+37,9.91E+37,9.91E+37,5.624356866E-01,-1.226425171E+00,2.290000000E+02,1.164254379E+01,-3.358494568E+01,0.000000000E+00,2.001225391E+04,9.91E+37,9.91E+37,9.91E+37,9.91E+37,9.91E+37,-4.254019928E+01,9.91E+37,9.594120383E-01,6.529342383E-02,3.765015304E-01,9.91E+37,9.91E+37,9.91E+37,9.91E+37,9.91E+37,9.91E+37,9.91E+37,9.91E+37,9.91E+37,9.91E+37,9.91E+37,9.91E+37,9.91E+37,9.91E+37,9.91E+37,9.91E+37,9.91E+37,9.91E+37,9.91E+37,9.91E+37,9.91E+37,9.91E+37,9.91E+37,9.91E+37,9.91E+37,9.91E+37,9.91E+37,9.91E+37,9.91E+37,9.91E+37,9.91E+37,9.91E+37,9.91E+37,9.91E+37,9.91E+37,3.845497267E-03,-6.397512276E-03
[2020/07/29 05:56:38.216059][I][set_Continue] Set continue
[2020/07/29 05:56:38.226069][I][writeEx] E6640A <= :INIT:CONT ON
[2020/07/29 05:56:48.733028][I][chk_Tx_Result] Check Tx result
[2020/07/29 05:56:48.750135][I][get_Trigger_Status] Get trigger status
[2020/07/29 05:56:48.760109][I][queryEx] E6640A <= *STB?
[2020/07/29 05:56:48.770157][I][queryEx] E6640A => 192
[2020/07/29 05:56:48.775174][I][get_Trigger_Status] Status: 192
[2020/07/29 05:56:48.779183]Is triggered!
[2020/07/29 05:56:48.783839][I][writeEx] E6640A <= *CLS
[2020/07/29 05:56:48.788124][I][set_Continue] Set continue
[2020/07/29 05:56:48.791133][I][writeEx] E6640A <= :INIT:CONT ON
[2020/07/29 05:56:48.896112][I][set_Single] Set single
[2020/07/29 05:56:48.913200][I][writeEx] E6640A <= :INIT:CONT OFF
[2020/07/29 05:56:48.923191][I][set_Zigbee_TX_BandPower] Set marker function
[2020/07/29 05:56:48.930209][I][writeEx] E6640A <= CALC:DDEMod:MARK1:MODE POS
[2020/07/29 05:56:48.934714][I][writeEx] E6640A <= CALC:DDEMod:MARK1:TRAC 2
[2020/07/29 05:56:48.938729][I][writeEx] E6640A <= CALC:DDEMod:MARK1:FUNC BPOW
[2020/07/29 05:56:48.943003][I][writeEx] E6640A <= CALC:DDEMod:MARK1:FUNC:BPOW:CTYP MEAN
[2020/07/29 05:56:48.946012][I][writeEx] E6640A <= CALC:DDEMod:MARK1:FUNC:BAND:CENT 2470000000.000000
[2020/07/29 05:56:49.251994][I][queryEx] E6640A <= *OPC?
[2020/07/29 05:56:49.261087][I][queryEx] E6640A => 1
[2020/07/29 05:56:49.265099][I][queryEx] E6640A <= CALC:DDEMod:MARK1:FUNC:BAND:CENT?
[2020/07/29 05:56:49.271986][I][queryEx] E6640A => 2.470000000E+09
[2020/07/29 05:56:49.275772][I][writeEx] E6640A <= CALC:DDEMod:MARK1:FUNC:BAND:SPAN 10000000.000000
[2020/07/29 05:56:49.580874][I][queryEx] E6640A <= *OPC?
[2020/07/29 05:56:49.588374][I][queryEx] E6640A => 1
[2020/07/29 05:56:49.593392][I][get_Power] Get Tx power
[2020/07/29 05:56:49.598424][I][queryEx] E6640A <= :CALC:DDEMod:MARK1:Y?
[2020/07/29 05:56:49.606337][I][queryEx] E6640A => -1.427648846E-01
[2020/07/29 05:56:49.610404][I][chk_Tx_Result] Tx power(add loss: 8.800000) = 8.657000 dBm
[2020/07/29 05:56:49.614429][I][read_DDEMod_Array] Read measurement result
[2020/07/29 05:56:49.618446][I][queryEx] E6640A <= :READ:DDEMod?
[2020/07/29 05:56:49.775011][I][queryEx] E6640A => 1.316436195E+01,3.557618332E+01,2.210000000E+02,2.908913851E+00,1.171276951E+01,2.330000000E+02,9.91E+37,9.91E+37,9.91E+37,2.616787255E-01,-7.312774658E-01,1.080000000E+02,1.071415997E+01,2.917956543E+01,2.210000000E+02,1.993865039E+04,9.91E+37,9.91E+37,9.91E+37,9.91E+37,9.91E+37,-6.071127319E+01,9.91E+37,9.656229615E-01,-8.759668097E-03,2.141228169E-01,9.91E+37,9.91E+37,9.91E+37,9.91E+37,9.91E+37,9.91E+37,9.91E+37,9.91E+37,9.91E+37,9.91E+37,9.91E+37,9.91E+37,9.91E+37,9.91E+37,9.91E+37,9.91E+37,9.91E+37,9.91E+37,9.91E+37,9.91E+37,9.91E+37,9.91E+37,9.91E+37,9.91E+37,9.91E+37,9.91E+37,9.91E+37,9.91E+37,9.91E+37,9.91E+37,9.91E+37,9.91E+37,9.91E+37,9.91E+37,9.91E+37,-7.675354718E-04,5.097258254E-04
[2020/07/29 05:56:49.792007][I][set_Continue] Set continue
[2020/07/29 05:56:49.805006][I][writeEx] E6640A <= :INIT:CONT ON
[2020/07/29 05:56:51.275756][I][set_Preset] System reset
[2020/07/29 05:56:51.279768][I][writeEx] E6640A <= *RST
[2020/07/29 05:56:51.283777][I][writeEx] E6640A <= *CLS
[2020/07/29 05:56:51.287788][I][writeEx] E6640A <= SYST:PRES
[2020/07/29 05:56:51.592199][I][queryEx] E6640A <= *OPC?
[2020/07/29 05:56:52.546333][I][queryEx] E6640A => 1
[2020/07/29 05:56:52.583449][I][set_Rx_OneTone] Set Rx one tone
[2020/07/29 05:56:52.588260][I][set_RFO_Port] Set output port
[2020/07/29 05:56:52.592273][I][writeEx] E6640A <= :FEED:RF:PORT:OUTPut RFIO1
[2020/07/29 05:56:52.596283][I][queryEx] E6640A <= :FEED:RF:PORT:OUTPut?
[2020/07/29 05:56:52.602521][I][queryEx] E6640A => RFIO1
[2020/07/29 05:56:52.605530][I][set_OneTone_Freq] Set One Tone frequence
[2020/07/29 05:56:52.609541][I][writeEx] E6640A <= :SOUR:FREQ 2445.0 MHz
[2020/07/29 05:56:52.615115][I][set_OneTone_Power] Set One Tone power
[2020/07/29 05:56:52.619807][I][writeEx] E6640A <= :SOURce:POWer -16.1
[2020/07/29 05:57:01.967534][I][set_OneTone_Start] Set One Tone start
[2020/07/29 05:57:01.972011][I][writeEx] E6640A <= OUTP ON
[2020/07/29 05:57:07.055947][I][set_OneTone_Stop] Set One Tone stop
[2020/07/29 05:57:07.059830][I][writeEx] E6640A <= OUTP OFF
[2020/07/29 05:57:07.069858][I][set_Rx_OneTone] Set Rx one tone
[2020/07/29 05:57:07.073869][I][set_RFO_Port] Set output port
[2020/07/29 05:57:07.077881][I][writeEx] E6640A <= :FEED:RF:PORT:OUTPut RFIO1
[2020/07/29 05:57:07.080887][I][queryEx] E6640A <= :FEED:RF:PORT:OUTPut?
[2020/07/29 05:57:07.087427][I][queryEx] E6640A => RFIO1
[2020/07/29 05:57:07.091844][I][set_OneTone_Freq] Set One Tone frequence
[2020/07/29 05:57:07.094853][I][writeEx] E6640A <= :SOUR:FREQ 2445.0 MHz
[2020/07/29 05:57:07.098864][I][set_OneTone_Power] Set One Tone power
[2020/07/29 05:57:07.103878][I][writeEx] E6640A <= :SOURce:POWer -16.1
[2020/07/29 05:57:15.723649][I][set_OneTone_Start] Set One Tone start
[2020/07/29 05:57:15.729663][I][writeEx] E6640A <= OUTP ON
[2020/07/29 05:57:20.277136][I][set_OneTone_Stop] Set One Tone stop
[2020/07/29 05:57:20.284152][I][writeEx] E6640A <= OUTP OFF
[2020/07/29 05:57:20.634220][I][disconnect_E6640A] Disconnect E6640A
[2020/07/29 05:57:20.639527]========== End ==========
