[2020/07/29 05:55:27.438559][I][class_GFI20] Initial class_GFI20
[2020/07/29 05:55:27.442571][I][connectDUT] COM: COM20, BaudRate: 115200
[2020/07/29 05:55:27.454560][I][connectDUT] Connect DUT success
[2020/07/29 05:55:27.459603][I][setScimitarMenu] Set Scimitar menu
[2020/07/29 05:55:27.662992][I][sendCOMCommand] DUT <= x
[2020/07/29 05:55:28.174212][I][sendCOMCommand] Serial buffer size: 283
[2020/07/29 05:55:28.684872][I][sendCOMCommand] DUT => MeshChipStateInit ended
Scimitar F/T program.
[1]: Cellular(Telit)
[2]: Zigbee(EM357)
[3]: Mesh(CC1200)
[4]: Other Device & Function
[5]: GUID & Certification Files/Keys
[6]: Calibration Data
[7]: Inject Keys
[d]: Diagnostics
[v]: Test Pro Version
[z]: Display menu.
$>

[2020/07/29 05:55:28.691316][I][setScimitarMenu] Success
[2020/07/29 05:55:34.649227][I][setZigbee_Tx] ZIGBEE_2450 CH: 15, Tx PWR: 0 dBm
[2020/07/29 05:55:34.651235][I][setScimitarMenu] Set Scimitar menu
[2020/07/29 05:55:34.854197][I][sendCOMCommand] DUT <= x
[2020/07/29 05:55:34.961165][I][sendCOMCommand] Serial buffer size: 7
[2020/07/29 05:55:35.474475][I][sendCOMCommand] DUT => x
$>

[2020/07/29 05:55:35.477695][I][setScimitarMenu] Success
[2020/07/29 05:55:35.480314][I][setZigbeeMenu] Check Zigbee Menu
[2020/07/29 05:55:35.684140][I][sendCOMCommand] DUT <= 2
[2020/07/29 05:55:35.794852][I][sendCOMCommand] Serial buffer size: 22
[2020/07/29 05:55:36.305402][I][sendCOMCommand] DUT => 2
$2_Zigbee(EM357)>

[2020/07/29 05:55:36.313411][I][setZigbeeMenu] Success
[2020/07/29 05:55:36.315447][I][setZigbee_Tx] Set Diagnostics Menu
[2020/07/29 05:55:36.519375][I][sendCOMCommand] DUT <= d
[2020/07/29 05:55:36.627333][I][sendCOMCommand] Serial buffer size: 22
[2020/07/29 05:55:37.141191][I][sendCOMCommand] DUT => d
$2-d_Diagnostics>

[2020/07/29 05:55:37.152266][I][setZigbee_Tx] Success
[2020/07/29 05:55:37.161239][I][setZigbee_Tx] Set Channel Menu
[2020/07/29 05:55:37.367844][I][sendCOMCommand] DUT <= 2
[2020/07/29 05:55:37.479678][I][sendCOMCommand] Serial buffer size: 66
[2020/07/29 05:55:37.994837][I][sendCOMCommand] DUT => 2
$2-d-2_Set Channel (11 => 26) [0B - 1A by HEX]>
$PARAMETER?>

[2020/07/29 05:55:38.000883][I][setZigbee_Tx] Success
[2020/07/29 05:55:38.005900][I][setZigbee_Tx] Set Channel
[2020/07/29 05:55:38.212233][I][sendCOMCommand] DUT <= 0F
[2020/07/29 05:55:38.320608][I][sendCOMCommand] Serial buffer size: 53
[2020/07/29 05:55:38.836765][I][sendCOMCommand] DUT => Set Channel: 15 (0x0F)
$DONE_OK
$2-d_Diagnostics>

[2020/07/29 05:55:38.843774][I][setZigbee_Tx] Success
[2020/07/29 05:55:38.846784][I][setZigbee_Tx] Set PWR Menu
[2020/07/29 05:55:39.051365][I][sendCOMCommand] DUT <= 3
[2020/07/29 05:55:39.163776][I][sendCOMCommand] Serial buffer size: 79
[2020/07/29 05:55:39.674330][I][sendCOMCommand] DUT => 3
$2-d-3_Set Power (-32 => +8dBm, Step=1dB) [-2B - 08 by HEX]>
$PARAMETER?>

[2020/07/29 05:55:39.681317][I][setZigbee_Tx] Success
[2020/07/29 05:55:39.685053][I][setZigbee_Tx] Set Tx PWR
[2020/07/29 05:55:39.889647][I][sendCOMCommand] DUT <= 00
[2020/07/29 05:55:40.003050][I][sendCOMCommand] Serial buffer size: 50
[2020/07/29 05:55:40.519535][I][sendCOMCommand] DUT => Set Power: 0 (0x00)
$DONE_OK
$2-d_Diagnostics>

[2020/07/29 05:55:40.531548][I][setZigbee_Tx] Success
[2020/07/29 05:55:40.553736][I][setScimitarMenu] Set Scimitar menu
[2020/07/29 05:55:40.759609][I][sendCOMCommand] DUT <= x
[2020/07/29 05:55:40.872494][I][sendCOMCommand] Serial buffer size: 22
[2020/07/29 05:55:41.383298][I][sendCOMCommand] DUT => x
$2_Zigbee(EM357)>

[2020/07/29 05:55:41.592864][I][sendCOMCommand] DUT <= x
[2020/07/29 05:55:41.705991][I][sendCOMCommand] Serial buffer size: 7
[2020/07/29 05:55:42.219781][I][sendCOMCommand] DUT => x
$>

[2020/07/29 05:55:42.226805][I][setScimitarMenu] Success
[2020/07/29 05:55:42.229813][I][setZigbeeMenu] Check Zigbee Menu
[2020/07/29 05:55:42.434274][I][sendCOMCommand] DUT <= 2
[2020/07/29 05:55:42.547767][I][sendCOMCommand] Serial buffer size: 22
[2020/07/29 05:55:43.060836][I][sendCOMCommand] DUT => 2
$2_Zigbee(EM357)>

[2020/07/29 05:55:43.067844][I][setZigbeeMenu] Success
[2020/07/29 05:55:43.071744][I][setTxStart] Set Tx start
[2020/07/29 05:55:45.199514][I][setTxStop] Set Tx stop
[2020/07/29 05:55:45.405189][I][sendCOMCommand] DUT <= 5
[2020/07/29 05:55:45.512288][I][sendCOMCommand] Serial buffer size: 202
[2020/07/29 05:55:46.025017][I][sendCOMCommand] DUT => [mfglib]Send Packet(100 bytes)
[mfglib]Send Packet(100 bytes)
[mfglib]Send Packet(100 bytes)
5
ZigBee send packet test end.
Total number of emberStatus errors:0
$[0]
$DONE_OK
$2_Zigbee(EM357)>

[2020/07/29 05:55:46.033003][I][setTxStop] Success
[2020/07/29 05:55:46.054948][I][setZigbee_Tx] ZIGBEE_2450 CH: 15, Tx PWR: -1 dBm
[2020/07/29 05:55:46.058565][I][setScimitarMenu] Set Scimitar menu
[2020/07/29 05:55:46.262815][I][sendCOMCommand] DUT <= x
[2020/07/29 05:55:46.377630][I][sendCOMCommand] Serial buffer size: 7
[2020/07/29 05:55:46.888446][I][sendCOMCommand] DUT => x
$>

[2020/07/29 05:55:46.895471][I][setScimitarMenu] Success
[2020/07/29 05:55:46.899098][I][setZigbeeMenu] Check Zigbee Menu
[2020/07/29 05:55:47.103881][I][sendCOMCommand] DUT <= 2
[2020/07/29 05:55:47.219696][I][sendCOMCommand] Serial buffer size: 22
[2020/07/29 05:55:47.732370][I][sendCOMCommand] DUT => 2
$2_Zigbee(EM357)>

[2020/07/29 05:55:47.739424][I][setZigbeeMenu] Success
[2020/07/29 05:55:47.743349][I][setZigbee_Tx] Set Diagnostics Menu
[2020/07/29 05:55:47.948484][I][sendCOMCommand] DUT <= d
[2020/07/29 05:55:48.063309][I][sendCOMCommand] Serial buffer size: 22
[2020/07/29 05:55:48.582084][I][sendCOMCommand] DUT => d
$2-d_Diagnostics>

[2020/07/29 05:55:48.596166][I][setZigbee_Tx] Success
[2020/07/29 05:55:48.606139][I][setZigbee_Tx] Set Channel Menu
[2020/07/29 05:55:48.814689][I][sendCOMCommand] DUT <= 2
[2020/07/29 05:55:48.924560][I][sendCOMCommand] Serial buffer size: 66
[2020/07/29 05:55:49.434930][I][sendCOMCommand] DUT => 2
$2-d-2_Set Channel (11 => 26) [0B - 1A by HEX]>
$PARAMETER?>

[2020/07/29 05:55:49.442935][I][setZigbee_Tx] Success
[2020/07/29 05:55:49.445994][I][setZigbee_Tx] Set Channel
[2020/07/29 05:55:49.651055][I][sendCOMCommand] DUT <= 0F
[2020/07/29 05:55:49.766583][I][sendCOMCommand] Serial buffer size: 53
[2020/07/29 05:55:50.286587][I][sendCOMCommand] DUT => Set Channel: 15 (0x0F)
$DONE_OK
$2-d_Diagnostics>

[2020/07/29 05:55:50.294594][I][setZigbee_Tx] Success
[2020/07/29 05:55:50.297559][I][setZigbee_Tx] Set PWR Menu
[2020/07/29 05:55:50.502725][I][sendCOMCommand] DUT <= 3
[2020/07/29 05:55:50.612179][I][sendCOMCommand] Serial buffer size: 79
[2020/07/29 05:55:51.124227][I][sendCOMCommand] DUT => 3
$2-d-3_Set Power (-32 => +8dBm, Step=1dB) [-2B - 08 by HEX]>
$PARAMETER?>

[2020/07/29 05:55:51.138211][I][setZigbee_Tx] Success
[2020/07/29 05:55:51.149238][I][setZigbee_Tx] Set Tx PWR
[2020/07/29 05:55:51.357085][I][sendCOMCommand] DUT <= FF
[2020/07/29 05:55:51.465539][I][sendCOMCommand] Serial buffer size: 57
[2020/07/29 05:55:51.987167][I][sendCOMCommand] DUT => Set Power: -1 (0xFFFFFFFF)
$DONE_OK
$2-d_Diagnostics>

[2020/07/29 05:55:51.991873][I][setZigbee_Tx] Success
[2020/07/29 05:55:52.001827][I][setScimitarMenu] Set Scimitar menu
[2020/07/29 05:55:52.208487][I][sendCOMCommand] DUT <= x
[2020/07/29 05:55:52.318053][I][sendCOMCommand] Serial buffer size: 22
[2020/07/29 05:55:52.825658][I][sendCOMCommand] DUT => x
$2_Zigbee(EM357)>

[2020/07/29 05:55:53.035320][I][sendCOMCommand] DUT <= x
[2020/07/29 05:55:53.143804][I][sendCOMCommand] Serial buffer size: 7
[2020/07/29 05:55:53.654930][I][sendCOMCommand] DUT => x
$>

[2020/07/29 05:55:53.670015][I][setScimitarMenu] Success
[2020/07/29 05:55:53.679988][I][setZigbeeMenu] Check Zigbee Menu
[2020/07/29 05:55:53.888914][I][sendCOMCommand] DUT <= 2
[2020/07/29 05:55:53.998653][I][sendCOMCommand] Serial buffer size: 22
[2020/07/29 05:55:54.515914][I][sendCOMCommand] DUT => 2
$2_Zigbee(EM357)>

[2020/07/29 05:55:54.522661][I][setZigbeeMenu] Success
[2020/07/29 05:55:54.525998][I][setTxStart] Set Tx start
[2020/07/29 05:55:56.770704][I][setTxStop] Set Tx stop
[2020/07/29 05:55:56.978556][I][sendCOMCommand] DUT <= 5
[2020/07/29 05:55:57.093554][I][sendCOMCommand] Serial buffer size: 170
[2020/07/29 05:55:57.606759][I][sendCOMCommand] DUT => [mfglib]Send Packet(100 bytes)
[mfglib]Send Packet(100 bytes)
5
ZigBee send packet test end.
Total number of emberStatus errors:0
$[0]
$DONE_OK
$2_Zigbee(EM357)>

[2020/07/29 05:55:57.615824][I][setTxStop] Success
[2020/07/29 05:56:01.306193][I][setZigbee_Tx] ZIGBEE_2450 CH: 21, Tx PWR: 0 dBm
[2020/07/29 05:56:01.309165][I][setScimitarMenu] Set Scimitar menu
[2020/07/29 05:56:01.514510][I][sendCOMCommand] DUT <= x
[2020/07/29 05:56:01.622834][I][sendCOMCommand] Serial buffer size: 7
[2020/07/29 05:56:02.142608][I][sendCOMCommand] DUT => x
$>

[2020/07/29 05:56:02.157688][I][setScimitarMenu] Success
[2020/07/29 05:56:02.166663][I][setZigbeeMenu] Check Zigbee Menu
[2020/07/29 05:56:02.375568][I][sendCOMCommand] DUT <= 2
[2020/07/29 05:56:02.491853][I][sendCOMCommand] Serial buffer size: 22
[2020/07/29 05:56:03.008685][I][sendCOMCommand] DUT => 2
$2_Zigbee(EM357)>

[2020/07/29 05:56:03.012507][I][setZigbeeMenu] Success
[2020/07/29 05:56:03.016520][I][setZigbee_Tx] Set Diagnostics Menu
[2020/07/29 05:56:03.221424][I][sendCOMCommand] DUT <= d
[2020/07/29 05:56:03.337599][I][sendCOMCommand] Serial buffer size: 22
[2020/07/29 05:56:03.849565][I][sendCOMCommand] DUT => d
$2-d_Diagnostics>

[2020/07/29 05:56:03.858534][I][setZigbee_Tx] Success
[2020/07/29 05:56:03.861992][I][setZigbee_Tx] Set Channel Menu
[2020/07/29 05:56:04.066775][I][sendCOMCommand] DUT <= 2
[2020/07/29 05:56:04.182921][I][sendCOMCommand] Serial buffer size: 66
[2020/07/29 05:56:04.695050][I][sendCOMCommand] DUT => 2
$2-d-2_Set Channel (11 => 26) [0B - 1A by HEX]>
$PARAMETER?>

[2020/07/29 05:56:04.711089][I][setZigbee_Tx] Success
[2020/07/29 05:56:04.720061][I][setZigbee_Tx] Set Channel
[2020/07/29 05:56:04.927379][I][sendCOMCommand] DUT <= 15
[2020/07/29 05:56:05.036694][I][sendCOMCommand] Serial buffer size: 53
[2020/07/29 05:56:05.555608][I][sendCOMCommand] DUT => Set Channel: 21 (0x15)
$DONE_OK
$2-d_Diagnostics>

[2020/07/29 05:56:05.563633][I][setZigbee_Tx] Success
[2020/07/29 05:56:05.572657][I][setZigbee_Tx] Set PWR Menu
[2020/07/29 05:56:05.781962][I][sendCOMCommand] DUT <= 3
[2020/07/29 05:56:05.891042][I][sendCOMCommand] Serial buffer size: 79
[2020/07/29 05:56:06.410667][I][sendCOMCommand] DUT => 3
$2-d-3_Set Power (-32 => +8dBm, Step=1dB) [-2B - 08 by HEX]>
$PARAMETER?>

[2020/07/29 05:56:06.418679][I][setZigbee_Tx] Success
[2020/07/29 05:56:06.423106][I][setZigbee_Tx] Set Tx PWR
[2020/07/29 05:56:06.627703][I][sendCOMCommand] DUT <= 00
[2020/07/29 05:56:06.744254][I][sendCOMCommand] Serial buffer size: 50
[2020/07/29 05:56:07.263775][I][sendCOMCommand] DUT => Set Power: 0 (0x00)
$DONE_OK
$2-d_Diagnostics>

[2020/07/29 05:56:07.272812][I][setZigbee_Tx] Success
[2020/07/29 05:56:07.282862][I][setScimitarMenu] Set Scimitar menu
[2020/07/29 05:56:07.487651][I][sendCOMCommand] DUT <= x
[2020/07/29 05:56:07.604850][I][sendCOMCommand] Serial buffer size: 22
[2020/07/29 05:56:08.116463][I][sendCOMCommand] DUT => x
$2_Zigbee(EM357)>

[2020/07/29 05:56:08.325003][I][sendCOMCommand] DUT <= x
[2020/07/29 05:56:08.441427][I][sendCOMCommand] Serial buffer size: 7
[2020/07/29 05:56:08.954271][I][sendCOMCommand] DUT => x
$>

[2020/07/29 05:56:08.962302][I][setScimitarMenu] Success
[2020/07/29 05:56:08.965888][I][setZigbeeMenu] Check Zigbee Menu
[2020/07/29 05:56:09.171029][I][sendCOMCommand] DUT <= 2
[2020/07/29 05:56:09.287739][I][sendCOMCommand] Serial buffer size: 22
[2020/07/29 05:56:09.798254][I][sendCOMCommand] DUT => 2
$2_Zigbee(EM357)>

[2020/07/29 05:56:09.806253][I][setZigbeeMenu] Success
[2020/07/29 05:56:09.810541][I][setTxStart] Set Tx start
[2020/07/29 05:56:11.931084][I][setTxStop] Set Tx stop
[2020/07/29 05:56:12.139718][I][sendCOMCommand] DUT <= 5
[2020/07/29 05:56:12.248389][I][sendCOMCommand] Serial buffer size: 202
[2020/07/29 05:56:12.768778][I][sendCOMCommand] DUT => [mfglib]Send Packet(100 bytes)
[mfglib]Send Packet(100 bytes)
[mfglib]Send Packet(100 bytes)
5
ZigBee send packet test end.
Total number of emberStatus errors:0
$[0]
$DONE_OK
$2_Zigbee(EM357)>

[2020/07/29 05:56:12.777794][I][setTxStop] Success
[2020/07/29 05:56:12.799252][I][setZigbee_Tx] ZIGBEE_2450 CH: 21, Tx PWR: -1 dBm
[2020/07/29 05:56:12.803263][I][setScimitarMenu] Set Scimitar menu
[2020/07/29 05:56:13.007932][I][sendCOMCommand] DUT <= x
[2020/07/29 05:56:13.121262][I][sendCOMCommand] Serial buffer size: 7
[2020/07/29 05:56:13.632108][I][sendCOMCommand] DUT => x
$>

[2020/07/29 05:56:13.640160][I][setScimitarMenu] Success
[2020/07/29 05:56:13.644163][I][setZigbeeMenu] Check Zigbee Menu
[2020/07/29 05:56:13.849197][I][sendCOMCommand] DUT <= 2
[2020/07/29 05:56:13.965803][I][sendCOMCommand] Serial buffer size: 22
[2020/07/29 05:56:14.479629][I][sendCOMCommand] DUT => 2
$2_Zigbee(EM357)>

[2020/07/29 05:56:14.488679][I][setZigbeeMenu] Success
[2020/07/29 05:56:14.492420][I][setZigbee_Tx] Set Diagnostics Menu
[2020/07/29 05:56:14.696186][I][sendCOMCommand] DUT <= d
[2020/07/29 05:56:14.805075][I][sendCOMCommand] Serial buffer size: 22
[2020/07/29 05:56:15.318288][I][sendCOMCommand] DUT => d
$2-d_Diagnostics>

[2020/07/29 05:56:15.326301][I][setZigbee_Tx] Success
[2020/07/29 05:56:15.330544][I][setZigbee_Tx] Set Channel Menu
[2020/07/29 05:56:15.534043][I][sendCOMCommand] DUT <= 2
[2020/07/29 05:56:15.641829][I][sendCOMCommand] Serial buffer size: 66
[2020/07/29 05:56:16.161140][I][sendCOMCommand] DUT => 2
$2-d-2_Set Channel (11 => 26) [0B - 1A by HEX]>
$PARAMETER?>

[2020/07/29 05:56:16.170156][I][setZigbee_Tx] Success
[2020/07/29 05:56:16.173163][I][setZigbee_Tx] Set Channel
[2020/07/29 05:56:16.379109][I][sendCOMCommand] DUT <= 15
[2020/07/29 05:56:16.488720][I][sendCOMCommand] Serial buffer size: 53
[2020/07/29 05:56:17.008080][I][sendCOMCommand] DUT => Set Channel: 21 (0x15)
$DONE_OK
$2-d_Diagnostics>

[2020/07/29 05:56:17.014885][I][setZigbee_Tx] Success
[2020/07/29 05:56:17.018933][I][setZigbee_Tx] Set PWR Menu
[2020/07/29 05:56:17.225529][I][sendCOMCommand] DUT <= 3
[2020/07/29 05:56:17.335032][I][sendCOMCommand] Serial buffer size: 79
[2020/07/29 05:56:17.847817][I][sendCOMCommand] DUT => 3
$2-d-3_Set Power (-32 => +8dBm, Step=1dB) [-2B - 08 by HEX]>
$PARAMETER?>

[2020/07/29 05:56:17.855872][I][setZigbee_Tx] Success
[2020/07/29 05:56:17.859846][I][setZigbee_Tx] Set Tx PWR
[2020/07/29 05:56:18.064763][I][sendCOMCommand] DUT <= FF
[2020/07/29 05:56:18.173162][I][sendCOMCommand] Serial buffer size: 57
[2020/07/29 05:56:18.692465][I][sendCOMCommand] DUT => Set Power: -1 (0xFFFFFFFF)
$DONE_OK
$2-d_Diagnostics>

[2020/07/29 05:56:18.701523][I][setZigbee_Tx] Success
[2020/07/29 05:56:18.712201][I][setScimitarMenu] Set Scimitar menu
[2020/07/29 05:56:18.917744][I][sendCOMCommand] DUT <= x
[2020/07/29 05:56:19.035402][I][sendCOMCommand] Serial buffer size: 22
[2020/07/29 05:56:19.544434][I][sendCOMCommand] DUT => x
$2_Zigbee(EM357)>

[2020/07/29 05:56:19.752054][I][sendCOMCommand] DUT <= x
[2020/07/29 05:56:19.860297][I][sendCOMCommand] Serial buffer size: 7
[2020/07/29 05:56:20.372505][I][sendCOMCommand] DUT => x
$>

[2020/07/29 05:56:20.380517][I][setScimitarMenu] Success
[2020/07/29 05:56:20.384721][I][setZigbeeMenu] Check Zigbee Menu
[2020/07/29 05:56:20.589301][I][sendCOMCommand] DUT <= 2
[2020/07/29 05:56:20.706128][I][sendCOMCommand] Serial buffer size: 22
[2020/07/29 05:56:21.226860][I][sendCOMCommand] DUT => 2
$2_Zigbee(EM357)>

[2020/07/29 05:56:21.234910][I][setZigbeeMenu] Success
[2020/07/29 05:56:21.238919][I][setTxStart] Set Tx start
[2020/07/29 05:56:23.463963][I][setTxStop] Set Tx stop
[2020/07/29 05:56:23.669473][I][sendCOMCommand] DUT <= 5
[2020/07/29 05:56:23.786230][I][sendCOMCommand] Serial buffer size: 170
[2020/07/29 05:56:24.300589][I][sendCOMCommand] DUT => [mfglib]Send Packet(100 bytes)
[mfglib]Send Packet(100 bytes)
5
ZigBee send packet test end.
Total number of emberStatus errors:0
$[0]
$DONE_OK
$2_Zigbee(EM357)>

[2020/07/29 05:56:24.307613][I][setTxStop] Success
[2020/07/29 05:56:28.066281][I][setZigbee_Tx] ZIGBEE_2450 CH: 24, Tx PWR: 0 dBm
[2020/07/29 05:56:28.069293][I][setScimitarMenu] Set Scimitar menu
[2020/07/29 05:56:28.275324][I][sendCOMCommand] DUT <= x
[2020/07/29 05:56:28.385456][I][sendCOMCommand] Serial buffer size: 7
[2020/07/29 05:56:28.904639][I][sendCOMCommand] DUT => x
$>

[2020/07/29 05:56:28.912702][I][setScimitarMenu] Success
[2020/07/29 05:56:28.916701][I][setZigbeeMenu] Check Zigbee Menu
[2020/07/29 05:56:29.121496][I][sendCOMCommand] DUT <= 2
[2020/07/29 05:56:29.230724][I][sendCOMCommand] Serial buffer size: 22
[2020/07/29 05:56:29.743116][I][sendCOMCommand] DUT => 2
$2_Zigbee(EM357)>

[2020/07/29 05:56:29.760111][I][setZigbeeMenu] Success
[2020/07/29 05:56:29.770140][I][setZigbee_Tx] Set Diagnostics Menu
[2020/07/29 05:56:29.977910][I][sendCOMCommand] DUT <= d
[2020/07/29 05:56:30.088318][I][sendCOMCommand] Serial buffer size: 22
[2020/07/29 05:56:30.608426][I][sendCOMCommand] DUT => d
$2-d_Diagnostics>

[2020/07/29 05:56:30.616443][I][setZigbee_Tx] Success
[2020/07/29 05:56:30.620453][I][setZigbee_Tx] Set Channel Menu
[2020/07/29 05:56:30.825960][I][sendCOMCommand] DUT <= 2
[2020/07/29 05:56:30.943672][I][sendCOMCommand] Serial buffer size: 66
[2020/07/29 05:56:31.464936][I][sendCOMCommand] DUT => 2
$2-d-2_Set Channel (11 => 26) [0B - 1A by HEX]>
$PARAMETER?>

[2020/07/29 05:56:31.472963][I][setZigbee_Tx] Success
[2020/07/29 05:56:31.476973][I][setZigbee_Tx] Set Channel
[2020/07/29 05:56:31.681432][I][sendCOMCommand] DUT <= 18
[2020/07/29 05:56:31.788678][I][sendCOMCommand] Serial buffer size: 53
[2020/07/29 05:56:32.303331][I][sendCOMCommand] DUT => Set Channel: 24 (0x18)
$DONE_OK
$2-d_Diagnostics>

[2020/07/29 05:56:32.311358][I][setZigbee_Tx] Success
[2020/07/29 05:56:32.315438][I][setZigbee_Tx] Set PWR Menu
[2020/07/29 05:56:32.519987][I][sendCOMCommand] DUT <= 3
[2020/07/29 05:56:32.637171][I][sendCOMCommand] Serial buffer size: 79
[2020/07/29 05:56:33.149808][I][sendCOMCommand] DUT => 3
$2-d-3_Set Power (-32 => +8dBm, Step=1dB) [-2B - 08 by HEX]>
$PARAMETER?>

[2020/07/29 05:56:33.159141][I][setZigbee_Tx] Success
[2020/07/29 05:56:33.162890][I][setZigbee_Tx] Set Tx PWR
[2020/07/29 05:56:33.367740][I][sendCOMCommand] DUT <= 00
[2020/07/29 05:56:33.485345][I][sendCOMCommand] Serial buffer size: 50
[2020/07/29 05:56:33.997764][I][sendCOMCommand] DUT => Set Power: 0 (0x00)
$DONE_OK
$2-d_Diagnostics>

[2020/07/29 05:56:34.005725][I][setZigbee_Tx] Success
[2020/07/29 05:56:34.016418][I][setScimitarMenu] Set Scimitar menu
[2020/07/29 05:56:34.222826][I][sendCOMCommand] DUT <= x
[2020/07/29 05:56:34.340255][I][sendCOMCommand] Serial buffer size: 22
[2020/07/29 05:56:34.854144][I][sendCOMCommand] DUT => x
$2_Zigbee(EM357)>

[2020/07/29 05:56:35.063121][I][sendCOMCommand] DUT <= x
[2020/07/29 05:56:35.171013][I][sendCOMCommand] Serial buffer size: 7
[2020/07/29 05:56:35.685407][I][sendCOMCommand] DUT => x
$>

[2020/07/29 05:56:35.692431][I][setScimitarMenu] Success
[2020/07/29 05:56:35.696442][I][setZigbeeMenu] Check Zigbee Menu
[2020/07/29 05:56:35.902868][I][sendCOMCommand] DUT <= 2
[2020/07/29 05:56:36.020851][I][sendCOMCommand] Serial buffer size: 22
[2020/07/29 05:56:36.542725][I][sendCOMCommand] DUT => 2
$2_Zigbee(EM357)>

[2020/07/29 05:56:36.551755][I][setZigbeeMenu] Success
[2020/07/29 05:56:36.555765][I][setTxStart] Set Tx start
[2020/07/29 05:56:38.815716][I][setTxStop] Set Tx stop
[2020/07/29 05:56:39.023841][I][sendCOMCommand] DUT <= 5
[2020/07/29 05:56:39.133994][I][sendCOMCommand] Serial buffer size: 170
[2020/07/29 05:56:39.646750][I][sendCOMCommand] DUT => [mfglib]Send Packet(100 bytes)
[mfglib]Send Packet(100 bytes)
5
ZigBee send packet test end.
Total number of emberStatus errors:0
$[0]
$DONE_OK
$2_Zigbee(EM357)>

[2020/07/29 05:56:39.663739][I][setTxStop] Success
[2020/07/29 05:56:39.698331][I][setZigbee_Tx] ZIGBEE_2450 CH: 24, Tx PWR: -2 dBm
[2020/07/29 05:56:39.701339][I][setScimitarMenu] Set Scimitar menu
[2020/07/29 05:56:39.907040][I][sendCOMCommand] DUT <= x
[2020/07/29 05:56:40.024537][I][sendCOMCommand] Serial buffer size: 7
[2020/07/29 05:56:40.535967][I][sendCOMCommand] DUT => x
$>

[2020/07/29 05:56:40.543993][I][setScimitarMenu] Success
[2020/07/29 05:56:40.548004][I][setZigbeeMenu] Check Zigbee Menu
[2020/07/29 05:56:40.754050][I][sendCOMCommand] DUT <= 2
[2020/07/29 05:56:40.872038][I][sendCOMCommand] Serial buffer size: 22
[2020/07/29 05:56:41.384577][I][sendCOMCommand] DUT => 2
$2_Zigbee(EM357)>

[2020/07/29 05:56:41.392631][I][setZigbeeMenu] Success
[2020/07/29 05:56:41.396648][I][setZigbee_Tx] Set Diagnostics Menu
[2020/07/29 05:56:41.601122][I][sendCOMCommand] DUT <= d
[2020/07/29 05:56:41.716562][I][sendCOMCommand] Serial buffer size: 22
[2020/07/29 05:56:42.229159][I][sendCOMCommand] DUT => d
$2-d_Diagnostics>

[2020/07/29 05:56:42.237212][I][setZigbee_Tx] Success
[2020/07/29 05:56:42.241873][I][setZigbee_Tx] Set Channel Menu
[2020/07/29 05:56:42.447009][I][sendCOMCommand] DUT <= 2
[2020/07/29 05:56:42.563695][I][sendCOMCommand] Serial buffer size: 66
[2020/07/29 05:56:43.084080][I][sendCOMCommand] DUT => 2
$2-d-2_Set Channel (11 => 26) [0B - 1A by HEX]>
$PARAMETER?>

[2020/07/29 05:56:43.091607][I][setZigbee_Tx] Success
[2020/07/29 05:56:43.095620][I][setZigbee_Tx] Set Channel
[2020/07/29 05:56:43.300600][I][sendCOMCommand] DUT <= 18
[2020/07/29 05:56:43.409889][I][sendCOMCommand] Serial buffer size: 34
[2020/07/29 05:56:43.921065][I][sendCOMCommand] DUT => Set Channel: 24 (0x18)
$DONE_OK
$2-d_Diagnostics>

[2020/07/29 05:56:43.929073][I][setZigbee_Tx] Success
[2020/07/29 05:56:43.933901][I][setZigbee_Tx] Set PWR Menu
[2020/07/29 05:56:44.138429][I][sendCOMCommand] DUT <= 3
[2020/07/29 05:56:44.248913][I][sendCOMCommand] Serial buffer size: 79
[2020/07/29 05:56:44.769897][I][sendCOMCommand] DUT => 3
$2-d-3_Set Power (-32 => +8dBm, Step=1dB) [-2B - 08 by HEX]>
$PARAMETER?>

[2020/07/29 05:56:44.785932][I][setZigbee_Tx] Success
[2020/07/29 05:56:44.794955][I][setZigbee_Tx] Set Tx PWR
[2020/07/29 05:56:45.003736][I][sendCOMCommand] DUT <= FE
[2020/07/29 05:56:45.113480][I][sendCOMCommand] Serial buffer size: 38
[2020/07/29 05:56:45.625264][I][sendCOMCommand] DUT => Set Power: -2 (0xFFFFFFFE)
$DONE_OK
$2-d_Diagnostics>

[2020/07/29 05:56:45.642303][I][setZigbee_Tx] Success
[2020/07/29 05:56:45.663537][I][setScimitarMenu] Set Scimitar menu
[2020/07/29 05:56:45.869565][I][sendCOMCommand] DUT <= x
[2020/07/29 05:56:45.977952][I][sendCOMCommand] Serial buffer size: 22
[2020/07/29 05:56:46.498590][I][sendCOMCommand] DUT => x
$2_Zigbee(EM357)>

[2020/07/29 05:56:46.708622][I][sendCOMCommand] DUT <= x
[2020/07/29 05:56:46.826878][I][sendCOMCommand] Serial buffer size: 7
[2020/07/29 05:56:47.348721][I][sendCOMCommand] DUT => x
$>

[2020/07/29 05:56:47.358298][I][setScimitarMenu] Success
[2020/07/29 05:56:47.361307][I][setZigbeeMenu] Check Zigbee Menu
[2020/07/29 05:56:47.571449][I][sendCOMCommand] DUT <= 2
[2020/07/29 05:56:47.678667][I][sendCOMCommand] Serial buffer size: 22
[2020/07/29 05:56:48.192646][I][sendCOMCommand] DUT => 2
$2_Zigbee(EM357)>

[2020/07/29 05:56:48.208702][I][setZigbeeMenu] Success
[2020/07/29 05:56:48.219727][I][setTxStart] Set Tx start
[2020/07/29 05:56:50.389623][I][setTxStop] Set Tx stop
[2020/07/29 05:56:50.596987][I][sendCOMCommand] DUT <= 5
[2020/07/29 05:56:50.704405][I][sendCOMCommand] Serial buffer size: 151
[2020/07/29 05:56:51.225902][I][sendCOMCommand] DUT => [mfglib]Send Packet(100 bytes)
[mfglib]Send Packet(100 bytes)
5
ZigBee send packet test end.
Total number of emberStatus errors:0
$[0]
$DONE_OK
$2_Zigbee(EM357)>

[2020/07/29 05:56:51.233904][I][setTxStop] Success
[2020/07/29 05:56:52.630301][I][setZigbee_Rx] ZIGBEE_2450 CH: 19
[2020/07/29 05:56:52.634348][I][setScimitarMenu] Set Scimitar menu
[2020/07/29 05:56:52.840270][I][sendCOMCommand] DUT <= x
[2020/07/29 05:56:52.948666][I][sendCOMCommand] Serial buffer size: 7
[2020/07/29 05:56:53.468227][I][sendCOMCommand] DUT => x
$>

[2020/07/29 05:56:53.475219][I][setScimitarMenu] Success
[2020/07/29 05:56:53.479267][I][setZigbeeMenu] Check Zigbee Menu
[2020/07/29 05:56:53.684945][I][sendCOMCommand] DUT <= 2
[2020/07/29 05:56:53.803275][I][sendCOMCommand] Serial buffer size: 22
[2020/07/29 05:56:54.313724][I][sendCOMCommand] DUT => 2
$2_Zigbee(EM357)>

[2020/07/29 05:56:54.323199][I][setZigbeeMenu] Success
[2020/07/29 05:56:54.326207][I][setZigbee_Rx] Set Diagnostics Menu
[2020/07/29 05:56:54.531858][I][sendCOMCommand] DUT <= d
[2020/07/29 05:56:54.641801][I][sendCOMCommand] Serial buffer size: 22
[2020/07/29 05:56:55.153262][I][sendCOMCommand] DUT => d
$2-d_Diagnostics>

[2020/07/29 05:56:55.162312][I][setZigbee_Rx] Success
[2020/07/29 05:56:55.166299][I][setZigbee_Rx] Set Channel Menu
[2020/07/29 05:56:55.371465][I][sendCOMCommand] DUT <= 2
[2020/07/29 05:56:55.488909][I][sendCOMCommand] Serial buffer size: 66
[2020/07/29 05:56:56.003391][I][sendCOMCommand] DUT => 2
$2-d-2_Set Channel (11 => 26) [0B - 1A by HEX]>
$PARAMETER?>

[2020/07/29 05:56:56.012359][I][setZigbee_Rx] Success
[2020/07/29 05:56:56.016152][I][setZigbee_Rx] Set Channel
[2020/07/29 05:56:56.220949][I][sendCOMCommand] DUT <= 13
[2020/07/29 05:56:56.331660][I][sendCOMCommand] Serial buffer size: 53
[2020/07/29 05:56:56.841818][I][sendCOMCommand] DUT => Set Channel: 19 (0x13)
$DONE_OK
$2-d_Diagnostics>

[2020/07/29 05:56:56.849845][I][setZigbee_Rx] Success
[2020/07/29 05:56:56.857334][I][setZigbeeLNAMode] LNA Mode: 1
[2020/07/29 05:56:56.861848][I][setScimitarMenu] Set Scimitar menu
[2020/07/29 05:56:57.067370][I][sendCOMCommand] DUT <= x
[2020/07/29 05:56:57.188390][I][sendCOMCommand] Serial buffer size: 22
[2020/07/29 05:56:57.702555][I][sendCOMCommand] DUT => x
$2_Zigbee(EM357)>

[2020/07/29 05:56:57.913438][I][sendCOMCommand] DUT <= x
[2020/07/29 05:56:58.031373][I][sendCOMCommand] Serial buffer size: 7
[2020/07/29 05:56:58.552373][I][sendCOMCommand] DUT => x
$>

[2020/07/29 05:56:58.560401][I][setScimitarMenu] Success
[2020/07/29 05:56:58.564411][I][setZigbeeMenu] Check Zigbee Menu
[2020/07/29 05:56:58.770165][I][sendCOMCommand] DUT <= 2
[2020/07/29 05:56:58.890005][I][sendCOMCommand] Serial buffer size: 22
[2020/07/29 05:56:59.401525][I][sendCOMCommand] DUT => 2
$2_Zigbee(EM357)>

[2020/07/29 05:56:59.409553][I][setZigbeeMenu] Success
[2020/07/29 05:56:59.413563][I][setZigbeeLNAMode] Set GPIO Write Menu
[2020/07/29 05:56:59.619158][I][sendCOMCommand] DUT <= 3
[2020/07/29 05:56:59.738197][I][sendCOMCommand] Serial buffer size: 28
[2020/07/29 05:57:00.259581][I][sendCOMCommand] DUT => 3
$2-3_ZigBee GPIO Write>

[2020/07/29 05:57:00.268645][I][setZigbeeLNAMode] Success
[2020/07/29 05:57:00.271655][I][setZigbeeLNAMode] Set LNA Mode
[2020/07/29 05:57:00.476950][I][sendCOMCommand] DUT <= 3
[2020/07/29 05:57:00.595553][I][sendCOMCommand] Serial buffer size: 106
[2020/07/29 05:57:01.108726][I][sendCOMCommand] DUT => 3
[EZSP]Setting GPIO was successful. (portPin=3, cfg=1, out=0)
$[0]
$DONE_OK
$2-3_ZigBee GPIO Write>

[2020/07/29 05:57:01.314730][I][sendCOMCommand] DUT <= 3
[2020/07/29 05:57:01.433465][I][sendCOMCommand] Serial buffer size: 106
[2020/07/29 05:57:01.954420][I][sendCOMCommand] DUT => 3
[EZSP]Setting GPIO was successful. (portPin=3, cfg=1, out=1)
$[1]
$DONE_OK
$2-3_ZigBee GPIO Write>

[2020/07/29 05:57:01.960722][I][setZigbeeLNAMode] Success
[2020/07/29 05:57:02.977255][I][getRxResult] Get Rx Result
[2020/07/29 05:57:02.986254][I][setScimitarMenu] Set Scimitar menu
[2020/07/29 05:57:03.192039][I][sendCOMCommand] DUT <= x
[2020/07/29 05:57:03.309974][I][sendCOMCommand] Serial buffer size: 22
[2020/07/29 05:57:03.831392][I][sendCOMCommand] DUT => x
$2_Zigbee(EM357)>

[2020/07/29 05:57:04.037040][I][sendCOMCommand] DUT <= x
[2020/07/29 05:57:04.145531][I][sendCOMCommand] Serial buffer size: 7
[2020/07/29 05:57:04.655653][I][sendCOMCommand] DUT => x
$>

[2020/07/29 05:57:04.672697][I][setScimitarMenu] Success
[2020/07/29 05:57:04.679746][I][setZigbeeMenu] Check Zigbee Menu
[2020/07/29 05:57:04.885199][I][sendCOMCommand] DUT <= 2
[2020/07/29 05:57:04.994548][I][sendCOMCommand] Serial buffer size: 22
[2020/07/29 05:57:05.515855][I][sendCOMCommand] DUT => 2
$2_Zigbee(EM357)>

[2020/07/29 05:57:05.523883][I][setZigbeeMenu] Success
[2020/07/29 05:57:05.730666][I][sendCOMCommand] DUT <= b
[2020/07/29 05:57:05.849662][I][sendCOMCommand] Serial buffer size: 94
[2020/07/29 05:57:05.968756][W][sendCOMCommand] Buffer not empty!!!
[2020/07/29 05:57:05.986796][I][sendCOMCommand] Serial buffer size: 183
[2020/07/29 05:57:06.398227][W][sendCOMCommand] Buffer not empty!!!
[2020/07/29 05:57:06.406226][I][sendCOMCommand] Serial buffer size: 10
[2020/07/29 05:57:06.512691][W][sendCOMCommand] Buffer not empty!!!
[2020/07/29 05:57:06.528776][I][sendCOMCommand] Serial buffer size: 19
[2020/07/29 05:57:07.043873][I][sendCOMCommand] DUT => b
ZigBee get Rssi test start.
Start Scan ... (Channel: 19 (0x13) duration:2 mask:00080000)
Channel: 19 (0x13), Rssi:-16
Total OK!    OOO   K  K   !
            O   O  K K    !
            O   O  KK     !
            O   O  K K     
             OOO   K  Kk  !
$[-16]
$DONE_OK
$2_Zigbee(EM357)>

[2020/07/29 05:57:07.114906][I][setZigbee_Rx] ZIGBEE_2450 CH: 19
[2020/07/29 05:57:07.120612][I][setScimitarMenu] Set Scimitar menu
[2020/07/29 05:57:07.326299][I][sendCOMCommand] DUT <= x
[2020/07/29 05:57:07.443657][I][sendCOMCommand] Serial buffer size: 7
[2020/07/29 05:57:07.955628][I][sendCOMCommand] DUT => x
$>

[2020/07/29 05:57:07.963633][I][setScimitarMenu] Success
[2020/07/29 05:57:07.968646][I][setZigbeeMenu] Check Zigbee Menu
[2020/07/29 05:57:08.174194][I][sendCOMCommand] DUT <= 2
[2020/07/29 05:57:08.293438][I][sendCOMCommand] Serial buffer size: 22
[2020/07/29 05:57:08.816150][I][sendCOMCommand] DUT => 2
$2_Zigbee(EM357)>

[2020/07/29 05:57:08.834143][I][setZigbeeMenu] Success
[2020/07/29 05:57:08.843156][I][setZigbee_Rx] Set Diagnostics Menu
[2020/07/29 05:57:09.051646][I][sendCOMCommand] DUT <= d
[2020/07/29 05:57:09.160634][I][sendCOMCommand] Serial buffer size: 22
[2020/07/29 05:57:09.682581][I][sendCOMCommand] DUT => d
$2-d_Diagnostics>

[2020/07/29 05:57:09.691787][I][setZigbee_Rx] Success
[2020/07/29 05:57:09.695539][I][setZigbee_Rx] Set Channel Menu
[2020/07/29 05:57:09.900415][I][sendCOMCommand] DUT <= 2
[2020/07/29 05:57:10.019483][I][sendCOMCommand] Serial buffer size: 66
[2020/07/29 05:57:10.541749][I][sendCOMCommand] DUT => 2
$2-d-2_Set Channel (11 => 26) [0B - 1A by HEX]>
$PARAMETER?>

[2020/07/29 05:57:10.550810][I][setZigbee_Rx] Success
[2020/07/29 05:57:10.554818][I][setZigbee_Rx] Set Channel
[2020/07/29 05:57:10.760586][I][sendCOMCommand] DUT <= 13
[2020/07/29 05:57:10.878798][I][sendCOMCommand] Serial buffer size: 53
[2020/07/29 05:57:11.401126][I][sendCOMCommand] DUT => Set Channel: 19 (0x13)
$DONE_OK
$2-d_Diagnostics>

[2020/07/29 05:57:11.409153][I][setZigbee_Rx] Success
[2020/07/29 05:57:11.416433][I][setZigbeeLNAMode] LNA Mode: 0
[2020/07/29 05:57:11.420425][I][setScimitarMenu] Set Scimitar menu
[2020/07/29 05:57:11.625657][I][sendCOMCommand] DUT <= x
[2020/07/29 05:57:11.742478][I][sendCOMCommand] Serial buffer size: 22
[2020/07/29 05:57:12.264133][I][sendCOMCommand] DUT => x
$2_Zigbee(EM357)>

[2020/07/29 05:57:12.482043][I][sendCOMCommand] DUT <= x
[2020/07/29 05:57:12.590549][I][sendCOMCommand] Serial buffer size: 7
[2020/07/29 05:57:13.115599][I][sendCOMCommand] DUT => x
$>

[2020/07/29 05:57:13.121592][I][setScimitarMenu] Success
[2020/07/29 05:57:13.125939][I][setZigbeeMenu] Check Zigbee Menu
[2020/07/29 05:57:13.332146][I][sendCOMCommand] DUT <= 2
[2020/07/29 05:57:13.450198][I][sendCOMCommand] Serial buffer size: 22
[2020/07/29 05:57:13.970774][I][sendCOMCommand] DUT => 2
$2_Zigbee(EM357)>

[2020/07/29 05:57:13.975973][I][setZigbeeMenu] Success
[2020/07/29 05:57:13.979985][I][setZigbeeLNAMode] Set GPIO Write Menu
[2020/07/29 05:57:14.184461][I][sendCOMCommand] DUT <= 3
[2020/07/29 05:57:14.302633][I][sendCOMCommand] Serial buffer size: 28
[2020/07/29 05:57:14.825094][I][sendCOMCommand] DUT => 3
$2-3_ZigBee GPIO Write>

[2020/07/29 05:57:14.841144][I][setZigbeeLNAMode] Success
[2020/07/29 05:57:14.852240][I][setZigbeeLNAMode] Set LNA Mode
[2020/07/29 05:57:15.059582][I][sendCOMCommand] DUT <= 3
[2020/07/29 05:57:15.169714][I][sendCOMCommand] Serial buffer size: 106
[2020/07/29 05:57:15.692571][I][sendCOMCommand] DUT => 3
[EZSP]Setting GPIO was successful. (portPin=3, cfg=1, out=0)
$[0]
$DONE_OK
$2-3_ZigBee GPIO Write>

[2020/07/29 05:57:15.709614][I][setZigbeeLNAMode] Success
[2020/07/29 05:57:16.736086][I][getRxResult] Get Rx Result
[2020/07/29 05:57:16.753182][I][setScimitarMenu] Set Scimitar menu
[2020/07/29 05:57:16.965018][I][sendCOMCommand] DUT <= x
[2020/07/29 05:57:17.074532][I][sendCOMCommand] Serial buffer size: 22
[2020/07/29 05:57:17.596626][I][sendCOMCommand] DUT => x
$2_Zigbee(EM357)>

[2020/07/29 05:57:17.807383][I][sendCOMCommand] DUT <= x
[2020/07/29 05:57:17.926084][I][sendCOMCommand] Serial buffer size: 7
[2020/07/29 05:57:18.447286][I][sendCOMCommand] DUT => x
$>

[2020/07/29 05:57:18.456301][I][setScimitarMenu] Success
[2020/07/29 05:57:18.460408][I][setZigbeeMenu] Check Zigbee Menu
[2020/07/29 05:57:18.664828][I][sendCOMCommand] DUT <= 2
[2020/07/29 05:57:18.777033][I][sendCOMCommand] Serial buffer size: 22
[2020/07/29 05:57:19.289907][I][sendCOMCommand] DUT => 2
$2_Zigbee(EM357)>

[2020/07/29 05:57:19.299109][I][setZigbeeMenu] Success
[2020/07/29 05:57:19.504317][I][sendCOMCommand] DUT <= b
[2020/07/29 05:57:19.622925][I][sendCOMCommand] Serial buffer size: 94
[2020/07/29 05:57:19.733568][W][sendCOMCommand] Buffer not empty!!!
[2020/07/29 05:57:19.742744][I][sendCOMCommand] Serial buffer size: 183
[2020/07/29 05:57:20.252059][I][sendCOMCommand] DUT => b
ZigBee get Rssi test start.
Start Scan ... (Channel: 19 (0x13) duration:2 mask:00080000)
Channel: 19 (0x13), Rssi:-28
Total OK!    OOO   K  K   !
            O   O  K K    !
            O   O  KK     !
            O   O  K K     
             OOO   K  Kk  !
$[-28]

[2020/07/29 05:57:20.625781][I][disconnectDUT] Disconnect DUT success
