[2020/07/29 05:57:35.005268]========== Start ==========
[2020/07/29 05:57:35.006270][I][class_E6640A_LTE] Initial class_E6640A_LTE
[2020/07/29 05:57:35.007273][I][class_E6640A_LTE] Version: 3.0.0.3
[2020/07/29 05:57:35.013290][I][connect_E6640A] Connect to E6640A
[2020/07/29 05:57:35.033342][I][connect_E6640A] Resource Manager of Visa Library at C:\Windows\system32\visa32.dll
[2020/07/29 05:57:35.106542][I][queryEx] E6640A <= *IDN?
[2020/07/29 05:57:35.111550][I][queryEx] E6640A => Keysight Technologies,E6640A,MY57150246,E.19.71
[2020/07/29 05:57:35.114558][I][set_Preset] System reset
[2020/07/29 05:57:35.117568][I][writeEx] E6640A <= *RST
[2020/07/29 05:57:35.120574][I][writeEx] E6640A <= *CLS
[2020/07/29 05:57:35.124584][I][writeEx] E6640A <= SYST:PRES
[2020/07/29 05:57:35.428392][I][queryEx] E6640A <= *OPC?
[2020/07/29 05:57:36.183065][I][queryEx] E6640A => 1
[2020/07/29 05:57:36.188079][I][set_Preset] System reset
[2020/07/29 05:57:36.189082][I][writeEx] E6640A <= *RST
[2020/07/29 05:57:36.191090][I][writeEx] E6640A <= *CLS
[2020/07/29 05:57:36.193092][I][writeEx] E6640A <= SYST:PRES
[2020/07/29 05:57:36.495898][I][queryEx] E6640A <= *OPC?
[2020/07/29 05:57:37.244888][I][queryEx] E6640A => 1
[2020/07/29 05:57:37.497564][I][set_Preset] System reset
[2020/07/29 05:57:37.499566][I][writeEx] E6640A <= *RST
[2020/07/29 05:57:37.501571][I][writeEx] E6640A <= *CLS
[2020/07/29 05:57:37.503576][I][writeEx] E6640A <= SYST:PRES
[2020/07/29 05:57:37.806382][I][queryEx] E6640A <= *OPC?
[2020/07/29 05:57:38.570414][I][queryEx] E6640A => 1
[2020/07/29 05:57:38.579437][I][set_Tx_Start] Set Tx start
[2020/07/29 05:57:38.581442][I][set_RFI_Port] Set input port
[2020/07/29 05:57:38.583448][I][writeEx] E6640A <= :FEED:RF:PORT:INPut RFIO1
[2020/07/29 05:57:38.585455][I][queryEx] E6640A <= :FEED:RF:PORT:INPut?
[2020/07/29 05:57:38.589465][I][queryEx] E6640A => RFIO1
[2020/07/29 05:57:38.592474][I][set_Modulation_Analysis] Set measurement function
[2020/07/29 05:57:38.594478][I][writeEx] E6640A <= INST:SEL LTEAFDD
[2020/07/29 05:57:38.897284][I][queryEx] E6640A <= *OPC?
[2020/07/29 05:57:38.901294][I][queryEx] E6640A => 1
[2020/07/29 05:57:38.904303][I][queryEx] E6640A <= INST:SEL?
[2020/07/29 05:57:38.908314][I][queryEx] E6640A => LTEAFDD
[2020/07/29 05:57:38.911321][I][writeEx] E6640A <= DISP:CHP:VIEW:WIND:TRAC:Y:COUP OFF
[2020/07/29 05:57:38.914328][I][set_Freq] Set frequence
[2020/07/29 05:57:38.916333][I][writeEx] E6640A <= :FREQuency:CENTer 897.4 MHz
[2020/07/29 05:57:38.919341][I][set_Continue] Set continue
[2020/07/29 05:57:38.921346][I][writeEx] E6640A <= :INIT:CONT ON
[2020/07/29 05:57:38.923353][I][set_Trigger_Free_Run] Set trigger free run
[2020/07/29 05:57:38.926360][I][writeEx] E6640A <= TRIG:CHP:SOUR IMM
[2020/07/29 05:57:39.229165][I][queryEx] E6640A <= *OPC?
[2020/07/29 05:57:39.234179][I][queryEx] E6640A => 1
[2020/07/29 05:57:43.785692][I][chk_Tx_Result] Check Tx result
[2020/07/29 05:57:43.795728][I][set_Limit_Range] Set reference value
[2020/07/29 05:57:43.802758][I][writeEx] E6640A <= DISP:CHP:VIEW:WIND:TRAC:Y:RLEV 30.0 dBm
[2020/07/29 05:57:44.107170][I][queryEx] E6640A <= *OPC?
[2020/07/29 05:57:44.117234][I][queryEx] E6640A => 1
[2020/07/29 05:57:44.120216][I][set_Limit_Range] Set power range
[2020/07/29 05:57:44.122206][I][writeEx] E6640A <= :POW:RANG 30.0 dBm
[2020/07/29 05:57:44.426985][I][queryEx] E6640A <= *OPC?
[2020/07/29 05:57:44.436390][I][queryEx] E6640A => 1
[2020/07/29 05:57:44.440189][I][set_Trigger_Video] Set trigger video
[2020/07/29 05:57:44.442194][I][writeEx] E6640A <= TRIG:CHP:SOUR IF
[2020/07/29 05:57:44.746403][I][queryEx] E6640A <= *OPC?
[2020/07/29 05:57:44.753864][I][queryEx] E6640A => 1
[2020/07/29 05:57:44.859753][I][set_Trigger_Free_Run] Set trigger free run
[2020/07/29 05:57:44.870790][I][writeEx] E6640A <= TRIG:CHP:SOUR IMM
[2020/07/29 05:57:45.178922][I][queryEx] E6640A <= *OPC?
[2020/07/29 05:57:45.187982][I][queryEx] E6640A => 1
[2020/07/29 05:57:45.191533][I][get_Power] Get Tx power
[2020/07/29 05:57:45.194353][I][queryEx] E6640A <= :FETCh:CHPower:CHPower?
[2020/07/29 05:57:45.200372][I][queryEx] E6640A => 1.421159458E+01
[2020/07/29 05:57:45.204382][I][chk_Tx_Result] Tx power(add loss: 8.500000) = 22.712000 dBm
[2020/07/29 05:57:45.207685][I][set_Continue] Set continue
[2020/07/29 05:57:45.210759][I][writeEx] E6640A <= :INIT:CONT ON
[2020/07/29 05:57:47.151237][I][set_Preset] System reset
[2020/07/29 05:57:47.154191][I][writeEx] E6640A <= *RST
[2020/07/29 05:57:47.157201][I][writeEx] E6640A <= *CLS
[2020/07/29 05:57:47.160209][I][writeEx] E6640A <= SYST:PRES
[2020/07/29 05:57:47.464201][I][queryEx] E6640A <= *OPC?
[2020/07/29 05:57:48.144541][I][queryEx] E6640A => 1
[2020/07/29 05:57:48.157506][I][set_Tx_Start] Set Tx start
[2020/07/29 05:57:48.160510][I][set_RFI_Port] Set input port
[2020/07/29 05:57:48.164084][I][writeEx] E6640A <= :FEED:RF:PORT:INPut RFIO1
[2020/07/29 05:57:48.167094][I][queryEx] E6640A <= :FEED:RF:PORT:INPut?
[2020/07/29 05:57:48.172577][I][queryEx] E6640A => RFIO1
[2020/07/29 05:57:48.176019][I][set_Modulation_Analysis] Set measurement function
[2020/07/29 05:57:48.178024][I][writeEx] E6640A <= INST:SEL LTEAFDD
[2020/07/29 05:57:48.483700][I][queryEx] E6640A <= *OPC?
[2020/07/29 05:57:48.493707][I][queryEx] E6640A => 1
[2020/07/29 05:57:48.496676][I][queryEx] E6640A <= INST:SEL?
[2020/07/29 05:57:48.503695][I][queryEx] E6640A => LTEAFDD
[2020/07/29 05:57:48.506739][I][writeEx] E6640A <= DISP:CHP:VIEW:WIND:TRAC:Y:COUP OFF
[2020/07/29 05:57:48.510713][I][set_Freq] Set frequence
[2020/07/29 05:57:48.513721][I][writeEx] E6640A <= :FREQuency:CENTer 1950.0 MHz
[2020/07/29 05:57:48.516728][I][set_Continue] Set continue
[2020/07/29 05:57:48.520730][I][writeEx] E6640A <= :INIT:CONT ON
[2020/07/29 05:57:48.524006][I][set_Trigger_Free_Run] Set trigger free run
[2020/07/29 05:57:48.527017][I][writeEx] E6640A <= TRIG:CHP:SOUR IMM
[2020/07/29 05:57:48.831891][I][queryEx] E6640A <= *OPC?
[2020/07/29 05:57:48.842932][I][queryEx] E6640A => 1
[2020/07/29 05:57:53.209375][I][chk_Tx_Result] Check Tx result
[2020/07/29 05:57:53.216383][I][set_Limit_Range] Set reference value
[2020/07/29 05:57:53.220144][I][writeEx] E6640A <= DISP:CHP:VIEW:WIND:TRAC:Y:RLEV 30.0 dBm
[2020/07/29 05:57:53.524853][I][queryEx] E6640A <= *OPC?
[2020/07/29 05:57:53.533598][I][queryEx] E6640A => 1
[2020/07/29 05:57:53.537608][I][set_Limit_Range] Set power range
[2020/07/29 05:57:53.540640][I][writeEx] E6640A <= :POW:RANG 30.0 dBm
[2020/07/29 05:57:53.845916][I][queryEx] E6640A <= *OPC?
[2020/07/29 05:57:53.856951][I][queryEx] E6640A => 1
[2020/07/29 05:57:53.860683][I][set_Trigger_Video] Set trigger video
[2020/07/29 05:57:53.863696][I][writeEx] E6640A <= TRIG:CHP:SOUR IF
[2020/07/29 05:57:54.168570][I][queryEx] E6640A <= *OPC?
[2020/07/29 05:57:54.179571][I][queryEx] E6640A => 1
[2020/07/29 05:57:54.283629][I][set_Trigger_Free_Run] Set trigger free run
[2020/07/29 05:57:54.288649][I][writeEx] E6640A <= TRIG:CHP:SOUR IMM
[2020/07/29 05:57:54.595364][I][queryEx] E6640A <= *OPC?
[2020/07/29 05:57:54.604921][I][queryEx] E6640A => 1
[2020/07/29 05:57:54.608930][I][get_Power] Get Tx power
[2020/07/29 05:57:54.611939][I][queryEx] E6640A <= :FETCh:CHPower:CHPower?
[2020/07/29 05:57:54.619061][I][queryEx] E6640A => 1.250523186E+01
[2020/07/29 05:57:54.622068][I][chk_Tx_Result] Tx power(add loss: 9.200000) = 21.705000 dBm
[2020/07/29 05:57:54.625041][I][set_Continue] Set continue
[2020/07/29 05:57:54.629008][I][writeEx] E6640A <= :INIT:CONT ON
[2020/07/29 05:57:56.588516][I][set_Preset] System reset
[2020/07/29 05:57:56.591563][I][writeEx] E6640A <= *RST
[2020/07/29 05:57:56.595395][I][writeEx] E6640A <= *CLS
[2020/07/29 05:57:56.598405][I][writeEx] E6640A <= SYST:PRES
[2020/07/29 05:57:56.903515][I][queryEx] E6640A <= *OPC?
[2020/07/29 05:57:57.522425][I][queryEx] E6640A => 1
[2020/07/29 05:57:57.535446][I][set_Tx_Start] Set Tx start
[2020/07/29 05:57:57.538484][I][set_RFI_Port] Set input port
[2020/07/29 05:57:57.541494][I][writeEx] E6640A <= :FEED:RF:PORT:INPut RFIO1
[2020/07/29 05:57:57.544502][I][queryEx] E6640A <= :FEED:RF:PORT:INPut?
[2020/07/29 05:57:57.617125][I][queryEx] E6640A => RFIO1
[2020/07/29 05:57:57.624142][I][set_Modulation_Analysis] Set measurement function
[2020/07/29 05:57:57.627150][I][writeEx] E6640A <= INST:SEL LTEAFDD
[2020/07/29 05:57:57.932692][I][queryEx] E6640A <= *OPC?
[2020/07/29 05:57:57.942429][I][queryEx] E6640A => 1
[2020/07/29 05:57:57.946436][I][queryEx] E6640A <= INST:SEL?
[2020/07/29 05:57:57.952495][I][queryEx] E6640A => LTEAFDD
[2020/07/29 05:57:57.956463][I][writeEx] E6640A <= DISP:CHP:VIEW:WIND:TRAC:Y:COUP OFF
[2020/07/29 05:57:57.960306][I][set_Freq] Set frequence
[2020/07/29 05:57:57.963693][I][writeEx] E6640A <= :FREQuency:CENTer 914.8 MHz
[2020/07/29 05:57:57.966702][I][set_Continue] Set continue
[2020/07/29 05:57:57.970516][I][writeEx] E6640A <= :INIT:CONT ON
[2020/07/29 05:57:57.973525][I][set_Trigger_Free_Run] Set trigger free run
[2020/07/29 05:57:57.976535][I][writeEx] E6640A <= TRIG:CHP:SOUR IMM
[2020/07/29 05:57:58.281231][I][queryEx] E6640A <= *OPC?
[2020/07/29 05:57:58.289672][I][queryEx] E6640A => 1
[2020/07/29 05:58:01.324066][I][chk_Tx_Result] Check Tx result
[2020/07/29 05:58:01.340038][I][set_Limit_Range] Set reference value
[2020/07/29 05:58:01.353085][I][writeEx] E6640A <= DISP:CHP:VIEW:WIND:TRAC:Y:RLEV 30.0 dBm
[2020/07/29 05:58:01.667333][I][queryEx] E6640A <= *OPC?
[2020/07/29 05:58:01.678350][I][queryEx] E6640A => 1
[2020/07/29 05:58:01.682319][I][set_Limit_Range] Set power range
[2020/07/29 05:58:01.686330][I][writeEx] E6640A <= :POW:RANG 30.0 dBm
[2020/07/29 05:58:01.991551][I][queryEx] E6640A <= *OPC?
[2020/07/29 05:58:02.003115][I][queryEx] E6640A => 1
[2020/07/29 05:58:04.008662][I][set_Trigger_Video] Set trigger video
[2020/07/29 05:58:04.016630][I][writeEx] E6640A <= TRIG:CHP:SOUR IF
[2020/07/29 05:58:04.321945][I][queryEx] E6640A <= *OPC?
[2020/07/29 05:58:04.340006][I][queryEx] E6640A => 1
[2020/07/29 05:58:04.345999][I][get_Power] Get Tx power
[2020/07/29 05:58:04.350009][I][queryEx] E6640A <= :FETCh:CHPower:CHPower?
[2020/07/29 05:58:04.958648][I][queryEx] E6640A => 2.279469109E+01
[2020/07/29 05:58:04.964659][I][chk_Tx_Result] Tx power(add loss: 8.500000) = 31.295000 dBm
[2020/07/29 05:58:04.969692][I][set_Continue] Set continue
[2020/07/29 05:58:04.974723][I][writeEx] E6640A <= :INIT:CONT ON
[2020/07/29 05:58:06.721653][I][set_Preset] System reset
[2020/07/29 05:58:06.725835][I][writeEx] E6640A <= *RST
[2020/07/29 05:58:06.729193][I][writeEx] E6640A <= *CLS
[2020/07/29 05:58:06.733344][I][writeEx] E6640A <= SYST:PRES
[2020/07/29 05:58:07.039080][I][queryEx] E6640A <= *OPC?
[2020/07/29 05:58:07.710769][I][queryEx] E6640A => 1
[2020/07/29 05:58:07.724756][I][set_Rx_Waveform] Set Rx waveform
[2020/07/29 05:58:07.727803][I][set_RFO_Port] Set output port
[2020/07/29 05:58:07.731437][I][writeEx] E6640A <= :FEED:RF:PORT:OUTPut RFIO1
[2020/07/29 05:58:07.734856][I][queryEx] E6640A <= :FEED:RF:PORT:OUTPut?
[2020/07/29 05:58:07.741175][I][queryEx] E6640A => RFIO1
[2020/07/29 05:58:07.744974][I][set_OneTone_Freq] Set One Tone frequence
[2020/07/29 05:58:07.747957][I][writeEx] E6640A <= :SOUR:FREQ 959.8 MHz
[2020/07/29 05:58:07.751001][I][set_OneTone_Power] Set One Tone power
[2020/07/29 05:58:07.754977][I][writeEx] E6640A <= :SOURce:POWer -51.5
[2020/07/29 05:58:07.757984][I][loading_Waveform] Load waveform
[2020/07/29 05:58:07.760993][I][queryEx] E6640A <= :SOURce:RADio:ARB:CATalog?
[2020/07/29 05:58:07.769540][I][queryEx] E6640A => 9600,4184704,"CTX10_RFLTE_20160809.wfm"
[2020/07/29 05:58:07.773427][I][writeEx] E6640A <= :SOUR:RAD:ARB:WAV "D:\NVARB\CTX10_RFLTE_20160809.wfm"
[2020/07/29 05:58:08.078979][I][queryEx] E6640A <= *OPC?
[2020/07/29 05:58:08.088986][I][queryEx] E6640A => 1
[2020/07/29 05:58:08.093577][I][set_ARB_ON] Set ARB ON
[2020/07/29 05:58:08.096586][I][writeEx] E6640A <= :SOUR:RAD:ARB ON
[2020/07/29 05:58:08.101712][I][set_Sample_Rate] Set Sample Rate
[2020/07/29 05:58:08.104721][I][writeEx] E6640A <= SOUR:RAD:ARB:SCL:RATE 100.0 kHz
[2020/07/29 05:58:08.109801][I][set_Modulation_ON] Set ARB ON
[2020/07/29 05:58:08.113814][I][writeEx] E6640A <= :OUTP:MOD ON
[2020/07/29 05:58:08.121854][I][set_OneTone_Start] Set One Tone start
[2020/07/29 05:58:08.125846][I][writeEx] E6640A <= OUTP ON
[2020/07/29 05:58:14.520050][I][set_OneTone_Stop] Set One Tone stop
[2020/07/29 05:58:14.535352][I][writeEx] E6640A <= OUTP OFF
[2020/07/29 05:58:32.295102][I][disconnect_E6640A] Disconnect E6640A
[2020/07/29 05:58:32.298132][I][set_Preset] System reset
[2020/07/29 05:58:32.301767][I][writeEx] E6640A <= *RST
[2020/07/29 05:58:32.304787][I][writeEx] E6640A <= *CLS
[2020/07/29 05:58:32.308790][I][writeEx] E6640A <= SYST:PRES
[2020/07/29 05:58:32.613966][I][queryEx] E6640A <= *OPC?
[2020/07/29 05:58:33.351836][I][queryEx] E6640A => 1
[2020/07/29 05:58:33.360810]========== End ==========
