[2020/07/29 05:54:33]============== Control PS_Keysight66321B ==============
[2020/07/29 05:54:33]List resource: ['GPIB0::5::INSTR', 'ASRL1::INSTR', 'TCPIP0::192.168.1.2::hislip0::INSTR']
[2020/07/29 05:54:33]Power Supply: control 66321B successfully
[2020/07/29 05:54:33]Power Supply send: *RST
[2020/07/29 05:54:33]Power Supply send: *IDN?
[2020/07/29 05:54:33]Power Supply recv: Agilent Technologies,66321B,0,A.03.01

[2020/07/29 05:54:33]Power Supply is: Agilent Technologies,66321B,0,A.03.01
 

[2020/07/29 05:54:33]Power Supply send: CURR:PROT:STAT 1
[2020/07/29 05:54:33]Power Supply send: CURR:PROT:STAT?
[2020/07/29 05:54:33]Power Supply recv: 1

[2020/07/29 05:54:33]Power Supply send: VOLT 12.0
[2020/07/29 05:54:33]Power Supply send: VOLT?
[2020/07/29 05:54:33]Power Supply recv: 1.20000E+1

[2020/07/29 05:54:33]Power Supply send: CURR 1.0
[2020/07/29 05:54:33]Power Supply send: CURR?
[2020/07/29 05:54:33]Power Supply recv: 1.00000E+0

[2020/07/29 05:54:33]Power Supply send: OUTP 1
[2020/07/29 05:54:33]Power Supply send: OUTP?
[2020/07/29 05:54:33]Power Supply recv: 1

[2020/07/29 05:55:30]============== Control PS_Keysight66321B ==============
[2020/07/29 05:55:31]List resource: ['GPIB0::5::INSTR', 'ASRL1::INSTR', 'TCPIP0::192.168.1.2::hislip0::INSTR', 'ASRL14::INSTR', 'ASRL15::INSTR', 'ASRL16::INSTR', 'ASRL17::INSTR', 'ASRL19::INSTR', 'ASRL20::INSTR']
[2020/07/29 05:55:31]Power Supply: control 66321B successfully
[2020/07/29 05:55:31]Power Supply send: *IDN?
[2020/07/29 05:55:31]Power Supply recv: Agilent Technologies,66321B,0,A.03.01

[2020/07/29 05:55:31]Power Supply is: Agilent Technologies,66321B,0,A.03.01
 

[2020/07/29 05:55:45]Power Supply send: MEAS:CURR?
[2020/07/29 05:55:45]Power Supply recv: 3.88663E-2

[2020/07/29 05:55:56]Power Supply send: MEAS:CURR?
[2020/07/29 05:55:56]Power Supply recv: 1.09041E-1

[2020/07/29 05:56:11]Power Supply send: MEAS:CURR?
[2020/07/29 05:56:11]Power Supply recv: 8.63491E-2

[2020/07/29 05:56:23]Power Supply send: MEAS:CURR?
[2020/07/29 05:56:23]Power Supply recv: 9.94450E-2

[2020/07/29 05:56:38]Power Supply send: MEAS:CURR?
[2020/07/29 05:56:38]Power Supply recv: 1.00142E-1

[2020/07/29 05:56:50]Power Supply send: MEAS:CURR?
[2020/07/29 05:56:50]Power Supply recv: 5.34014E-2

[2020/07/29 05:57:37]============== Control PS_Keysight66321B ==============
[2020/07/29 05:57:37]List resource: ['GPIB0::5::INSTR', 'ASRL1::INSTR', 'TCPIP0::192.168.1.2::hislip0::INSTR']
[2020/07/29 05:57:37]Power Supply: control 66321B successfully
[2020/07/29 05:57:37]Power Supply send: *IDN?
[2020/07/29 05:57:37]Power Supply recv: Agilent Technologies,66321B,0,A.03.01

[2020/07/29 05:57:37]Power Supply is: Agilent Technologies,66321B,0,A.03.01
 

[2020/07/29 05:57:46]Power Supply send: MEAS:CURR?
[2020/07/29 05:57:46]Power Supply recv: 2.42124E-1

[2020/07/29 05:57:55]Power Supply send: MEAS:CURR?
[2020/07/29 05:57:55]Power Supply recv: 2.13047E-1

[2020/07/29 05:58:05]Power Supply send: MEAS:CURR?
[2020/07/29 05:58:06]Power Supply recv: 1.49620E-1

[2020/07/29 05:58:39]============== Control PS_Keysight66321B ==============
[2020/07/29 05:58:40]List resource: ['GPIB0::5::INSTR', 'ASRL1::INSTR', 'TCPIP0::192.168.1.2::hislip0::INSTR', 'ASRL14::INSTR', 'ASRL15::INSTR', 'ASRL16::INSTR', 'ASRL17::INSTR', 'ASRL19::INSTR', 'ASRL20::INSTR']
[2020/07/29 05:58:40]Power Supply: control 66321B successfully
[2020/07/29 05:58:40]Power Supply send: *RST
[2020/07/29 05:58:40]Power Supply send: *IDN?
[2020/07/29 05:58:40]Power Supply recv: Agilent Technologies,66321B,0,A.03.01

[2020/07/29 05:58:40]Power Supply is: Agilent Technologies,66321B,0,A.03.01
 

[2020/07/29 05:58:40]Power Supply send: OUTP 0
[2020/07/29 05:58:40]Power Supply send: OUTP?
[2020/07/29 05:58:40]Power Supply recv: 0

