[2020/12/11 22:31:53.130960] ========== Start ==========
[2020/12/11 22:31:53.134958] [I][main] Python 3.7.2 (tags/v3.7.2:9a3ffc0492, Dec 23 2018, 23:09:28) [MSC v.1916 64 bit (AMD64)]
[2020/12/11 22:31:53.138007] [I][main] GFI20_RF_Zigbee.py 3.0.0.7
[2020/12/11 22:31:53.144089] [I][readINI] ---------- INI ----------
[2020/12/11 22:31:53.148110] [I][readINI] SKU = 9
[2020/12/11 22:31:53.151109] [I][readINI] InstrumentINI = GFI20_Zigbee_Instrument_Setting
[2020/12/11 22:31:53.153788] [I][readINI] ---------- Test Plan 1 ----------
[2020/12/11 22:31:53.154796] [I][readINI] TestPlan1 = ZIGBEE_2450;11/2405,18/2440,26/2480;TX_Power
[2020/12/11 22:31:53.157624] [I][readINI] CableLoss = ['10.5', '10.4', '10.2'] dBm
[2020/12/11 22:31:53.163102] [I][readINI] TX_Power = ['14', '14', '14'] dBm
[2020/12/11 22:31:53.166089] [I][readINI] TX_Power_LowerLimit = ['-30', '-30', '-30'] dBm
[2020/12/11 22:31:53.168276] [I][readINI] Calibration_ON = 1
[2020/12/11 22:31:53.169280] [I][readINI] Ca_Tx_Power_Target = ['10.5', '10.5', '10.5']
[2020/12/11 22:31:53.172763] [I][readINI] Ca_Tx_Power_Gap = ['0.5', '0.5', '0.5']
[2020/12/11 22:31:53.174962] [I][readINI] Ca_Tx_Power_Offset = ['0.84', '0.84', '0.84']
[2020/12/11 22:31:53.176970] [I][readINI] Current_ON = 1
[2020/12/11 22:31:53.178974] [I][readINI] TX_Current_SpecMax = ['0.17', '0.17', '0.17'] A
[2020/12/11 22:31:53.182043] [I][readINI] TX_Current_SpecMin = ['0.045', '0.045', '0.045'] A
[2020/12/11 22:31:53.185109] [I][readINI] TX_Power_SpecMax = ['18', '18', '18'] dBm
[2020/12/11 22:31:53.187117] [I][readINI] TX_Power_SpecMin = ['7', '7', '7'] dBm
[2020/12/11 22:31:53.189121] [I][readINI] ---------- Test Plan 1 ----------
[2020/12/11 22:31:53.192169] [I][readINI] ---------- Test Plan 2 ----------
[2020/12/11 22:31:53.195300] [I][readINI] TestPlan2 = ZIGBEE_2450;19/2445;RX_RSSI
[2020/12/11 22:31:53.198114] [I][readINI] CableLoss = ['10.4'] dBm
[2020/12/11 22:31:53.200009] [I][readINI] RX_Cell_Power = ['-30'] dBm
[2020/12/11 22:31:53.203018] [I][readINI] RX_LNAON_RSSI_SpecMax = ['-6'] %
[2020/12/11 22:31:53.205022] [I][readINI] RX_LNAON_RSSI_SpecMin = ['-14'] %
[2020/12/11 22:31:53.208491] [I][readINI] ---------- Test Plan 2 ----------
[2020/12/11 22:31:53.210497] [I][readINI] ---------- Test Plan 3 ----------
[2020/12/11 22:31:53.213522] [I][readINI] TestPlan3 = ZIGBEE_868;0/863.25,21/867.45,39/871.05;TX_Power
[2020/12/11 22:31:53.216513] [I][readINI] CableLoss = ['8.6', '9', '8.6'] dBm
[2020/12/11 22:31:53.220048] [I][readINI] TX_Power = ['13', '12', '13'] dBm
[2020/12/11 22:31:53.223099] [I][readINI] TX_Power_LowerLimit = ['-30', '-30', '-30'] dBm
[2020/12/11 22:31:53.225062] [I][readINI] Calibration_ON = 1
[2020/12/11 22:31:53.228071] [I][readINI] Ca_Tx_Power_Target = ['13.3', '13.3', '13.3']
[2020/12/11 22:31:53.230075] [I][readINI] Ca_Tx_Power_Gap = ['0.7', '0.7', '0.7']
[2020/12/11 22:31:53.233706] [I][readINI] Ca_Tx_Power_Offset = ['0.86', '0.86', '0.86']
[2020/12/11 22:31:53.235712] [I][readINI] Current_ON = 1
[2020/12/11 22:31:53.238480] [I][readINI] TX_Current_SpecMax = ['0.2', '0.2', '0.2'] A
[2020/12/11 22:31:53.240493] [I][readINI] TX_Current_SpecMin = ['0.045', '0.045', '0.045'] A
[2020/12/11 22:31:53.243505] [I][readINI] TX_Power_SpecMax = ['18', '18', '18'] dBm
[2020/12/11 22:31:53.245500] [I][readINI] TX_Power_SpecMin = ['9', '9', '9'] dBm
[2020/12/11 22:31:53.248535] [I][readINI] ---------- Test Plan 3 ----------
[2020/12/11 22:31:53.250556] [I][readINI] ---------- Test Plan 4 ----------
[2020/12/11 22:31:53.253549] [I][readINI] TestPlan4 = ZIGBEE_868;0/863.25;RX_RSSI
[2020/12/11 22:31:53.256561] [I][readINI] CableLoss = ['9'] dBm
[2020/12/11 22:31:53.258562] [I][readINI] RX_Cell_Power = ['-30'] dBm
[2020/12/11 22:31:53.262608] [I][readINI] RX_LNAON_RSSI_SpecMax = ['-5'] %
[2020/12/11 22:31:53.265618] [I][readINI] RX_LNAON_RSSI_SpecMin = ['-25'] %
[2020/12/11 22:31:53.267586] [I][readINI] ---------- Test Plan 4 ----------
[2020/12/11 22:31:53.272600] [I][readINI] StartButton_ON = 0
[2020/12/11 22:31:53.274606] [I][readINI] FailAutoExit = False
[2020/12/11 22:31:53.277620] [I][readINI] FailRetryAll = False
[2020/12/11 22:31:53.280621] [I][readINI] RFDatabase = True
[2020/12/11 22:31:53.283845] [I][readINI] EC = 010000S01
[2020/12/11 22:31:53.286855] [I][readINI] ---------- INI ----------
[2020/12/11 22:31:53.291889] [I][readInstrumentINI] ---------- Common ----------
[2020/12/11 22:31:53.294877] [I][readInstrumentINI] Instrument_Name = E6640A
[2020/12/11 22:31:53.297884] [I][readInstrumentINI] Instrument_IP_Addr = TCPIP0::192.168.1.2::hislip0::INSTR
[2020/12/11 22:31:53.299893] [I][readInstrumentINI] PowerSupplier_Name = 66321B
[2020/12/11 22:31:53.303900] [I][readInstrumentINI] PowerSupplier_Addr = GPIB0::5::INSTR
[2020/12/11 22:31:53.305906] [I][readInstrumentINI] Current_Delay = 1.0
[2020/12/11 22:31:53.308914] [I][readInstrumentINI] ---------- Common ----------
[2020/12/11 22:31:53.311941] [I][readInstrumentINI] ---------- ZIGBEE_2450 ----------
[2020/12/11 22:31:53.314930] [I][readInstrumentINI] RFIO_Input = 2
[2020/12/11 22:31:53.317938] [I][readInstrumentINI] Tx_Span = 10000.0 kHz
[2020/12/11 22:31:53.321967] [I][readInstrumentINI] Tx_PowRange = 20.0 dBm
[2020/12/11 22:31:53.324974] [I][readInstrumentINI] Tx_SymbolRate = 1000.0 kHz
[2020/12/11 22:31:53.327965] [I][readInstrumentINI] Tx_MeasInterval = 500
[2020/12/11 22:31:53.329970] [I][readInstrumentINI] Tx_TrigLevel = 30.0 mV
[2020/12/11 22:31:53.333980] [I][readInstrumentINI] Tx_TrigDelay = 0.3 ms
[2020/12/11 22:31:53.335991] [I][readInstrumentINI] RFIO_Output = 2
[2020/12/11 22:31:53.338994] [I][readInstrumentINI] ---------- ZIGBEE_2450 ----------
[2020/12/11 22:31:53.343014] [I][readInstrumentINI] ---------- ZIGBEE_868 ----------
[2020/12/11 22:31:53.346031] [I][readInstrumentINI] RFIO_Input = 2
[2020/12/11 22:31:53.348019] [I][readInstrumentINI] Tx_Span = 400.0 kHz
[2020/12/11 22:31:53.352031] [I][readInstrumentINI] Tx_PowRange = 20.0 dBm
[2020/12/11 22:31:53.355044] [I][readInstrumentINI] Tx_SymbolRate = 100.0 kHz
[2020/12/11 22:31:53.358044] [I][readInstrumentINI] Tx_MeasInterval = 200
[2020/12/11 22:31:53.361052] [I][readInstrumentINI] Tx_TrigLevel = 10.0 mV
[2020/12/11 22:31:53.364061] [I][readInstrumentINI] Tx_TrigDelay = 0.6 ms
[2020/12/11 22:31:53.367069] [I][readInstrumentINI] RFIO_Output = 2
[2020/12/11 22:31:53.369082] [I][readInstrumentINI] ---------- ZIGBEE_868 ----------
[2020/12/11 22:31:53.373085] ---------- StartTest ----------
[2020/12/11 22:31:53.380139] [I][chkDUTConnect] Connect to DUT
[2020/12/11 22:31:53.389256] [I][chkDUTConnect] Check DUT status
[2020/12/11 22:31:55.252937] [I][chkDUTConnect] Success
[2020/12/11 22:31:55.261030] [I][chkE6640AConnect] Connect to E6640A
[2020/12/11 22:31:56.153314] [I][chkE6640AConnect] Preset E6640A status
[2020/12/11 22:31:57.080328] [I][chkE6640AConnect] success
[2020/12/11 22:31:57.305241] ---------- Test Plan 1 ----------
[2020/12/11 22:31:57.310256] [I][startTestPlan]---------- ZIGBEE_2450 Freq 2405 ----------
[2020/12/11 22:31:57.313263] [I][startTestPlan]---------- Measure Tx Start ----------
[2020/12/11 22:31:57.317274] [I][startTestPlan] Preset E6640A
[2020/12/11 22:31:58.699961] [I][startTestPlan] Success
[2020/12/11 22:31:58.703154] [I][startTestPlan] Set Tx Start
[2020/12/11 22:32:01.007668] [I][startTestPlan] Success
[2020/12/11 22:32:01.013086] [I][startTestPlan] Set DUT Tx
[2020/12/11 22:32:07.591734] [I][startTestPlan] Success
[2020/12/11 22:32:07.595744] [I][startTestPlan] Start DUT Tx
[2020/12/11 22:32:10.425675] [I][startTestPlan] Success
[2020/12/11 22:32:12.051863] [I][startTestPlan] 10.499, -8.113, 14.407
[2020/12/11 22:32:13.114996] [I][startTestPlan] 0.079
[2020/12/11 22:32:13.120010] [I][startTestPlan] Stop DUT Tx
[2020/12/11 22:32:14.068188] [I][startTestPlan] Success
[2020/12/11 22:32:14.072706] [I][startTestPlan] Power: 10.499 dBm
[2020/12/11 22:32:14.077483] [I][startTestPlan] Freq Err: -8.113 ppm
[2020/12/11 22:32:14.080834] [I][startTestPlan] EVM: 14.407 %
[2020/12/11 22:32:14.084339] [I][startTestPlan] Current: 0.079 A
[2020/12/11 22:32:14.088393] [I][startTestPlan] Check Tx Result
[2020/12/11 22:32:14.091399] [I][startBTTest] Tx Test Time: 16.783
[2020/12/11 22:32:14.095371] [I][startTestPlan]---------- ZIGBEE_2450 Freq 2440 ----------
[2020/12/11 22:32:14.099386] [I][startTestPlan]---------- Measure Tx Start ----------
[2020/12/11 22:32:14.102394] [I][startTestPlan] Preset E6640A
[2020/12/11 22:32:15.119227] [I][startTestPlan] Success
[2020/12/11 22:32:15.123238] [I][startTestPlan] Set Tx Start
[2020/12/11 22:32:17.453479] [I][startTestPlan] Success
[2020/12/11 22:32:17.458040] [I][startTestPlan] Set DUT Tx
[2020/12/11 22:32:24.090734] [I][startTestPlan] Success
[2020/12/11 22:32:24.094549] [I][startTestPlan] Start DUT Tx
[2020/12/11 22:32:26.932858] [I][startTestPlan] Success
[2020/12/11 22:32:28.570490] [I][startTestPlan] 10.933, -8.296, 13.027
[2020/12/11 22:32:29.640948] [I][startTestPlan] 0.102
[2020/12/11 22:32:29.648958] [I][startTestPlan] Stop DUT Tx
[2020/12/11 22:32:30.603815] [I][startTestPlan] Success
[2020/12/11 22:32:30.608577] [I][startTestPlan] Power: 10.933 dBm
[2020/12/11 22:32:30.612628] [I][startTestPlan] Freq Err: -8.296 ppm
[2020/12/11 22:32:30.615612] [I][startTestPlan] EVM: 13.027 %
[2020/12/11 22:32:30.618606] [I][startTestPlan] Current: 0.102 A
[2020/12/11 22:32:30.623619] [I][startTestPlan] Check Tx Result
[2020/12/11 22:32:30.626627] [I][startBTTest] Tx Test Time: 16.531
[2020/12/11 22:32:30.631686] [I][startTestPlan]---------- ZIGBEE_2450 Freq 2480 ----------
[2020/12/11 22:32:30.635650] [I][startTestPlan]---------- Measure Tx Start ----------
[2020/12/11 22:32:30.639661] [I][startTestPlan] Preset E6640A
[2020/12/11 22:32:31.673662] [I][startTestPlan] Success
[2020/12/11 22:32:31.677673] [I][startTestPlan] Set Tx Start
[2020/12/11 22:32:34.021162] [I][startTestPlan] Success
[2020/12/11 22:32:34.025192] [I][startTestPlan] Set DUT Tx
[2020/12/11 22:32:40.684903] [I][startTestPlan] Success
[2020/12/11 22:32:40.688910] [I][startTestPlan] Start DUT Tx
[2020/12/11 22:32:43.522047] [I][startTestPlan] Success
[2020/12/11 22:32:45.136619] [I][startTestPlan] 10.139, -8.482, 12.714
[2020/12/11 22:32:46.195480] [I][startTestPlan] 0.076
[2020/12/11 22:32:46.200321] [I][startTestPlan] Stop DUT Tx
[2020/12/11 22:32:47.154265] [I][startTestPlan] Success
[2020/12/11 22:32:47.158275] [I][startTestPlan] Power: 10.139 dBm
[2020/12/11 22:32:47.162286] [I][startTestPlan] Freq Err: -8.482 ppm
[2020/12/11 22:32:47.166332] [I][startTestPlan] EVM: 12.714 %
[2020/12/11 22:32:47.169305] [I][startTestPlan] Current: 0.076 A
[2020/12/11 22:32:47.173359] [I][startTestPlan] Check Tx Result
[2020/12/11 22:32:47.177796] [I][startBTTest] Tx Test Time: 16.548
[2020/12/11 22:32:47.180807] ---------- Test Plan 2 ----------
[2020/12/11 22:32:47.184821] [I][startTestPlan]---------- ZIGBEE_2450 Freq 2445 ----------
[2020/12/11 22:32:47.188455] [I][startTestPlan]---------- Measure Rx Start ----------
[2020/12/11 22:32:47.191503] [I][startTestPlan] Preset E6640A
[2020/12/11 22:32:48.216110] [I][startTestPlan] Success
[2020/12/11 22:32:48.223150] [I][startTestPlan]---------- LNA ON ----------
[2020/12/11 22:32:48.227737] [I][startTestPlan] Set Rx one tone
[2020/12/11 22:32:48.277293] [I][startTestPlan] Success
[2020/12/11 22:32:48.280302] [I][startTestPlan] Set DUT Rx
[2020/12/11 22:32:53.035447] [I][startTestPlan] Success
[2020/12/11 22:32:57.779187] [I][startTestPlan] Success
[2020/12/11 22:33:02.709271] [I][startTestPlan] Rx RSSI: -13 dBm
[2020/12/11 22:33:02.721412] [I][startTestPlan] Check Rx Result
[2020/12/11 22:33:02.725247] [I][startBTTest] Rx Test Time: 15.54
[2020/12/11 22:33:02.730263] ---------- Test Plan 3 ----------
[2020/12/11 22:33:02.733271] [I][startTestPlan]---------- ZIGBEE_868 Freq 863.25 ----------
[2020/12/11 22:33:02.737282] [I][startTestPlan]---------- Measure Tx Start ----------
[2020/12/11 22:33:02.741339] [I][startTestPlan] Preset E6640A
[2020/12/11 22:33:03.621851] [I][startTestPlan] Success
[2020/12/11 22:33:03.625861] [I][startTestPlan] Set Tx Start
[2020/12/11 22:33:05.989071] [I][startTestPlan] Success
[2020/12/11 22:33:05.993872] [I][startTestPlan] Set DUT Tx
[2020/12/11 22:33:12.673019] [I][startTestPlan] Success
[2020/12/11 22:33:12.677031] [I][startTestPlan] Start DUT Tx
[2020/12/11 22:33:15.540684] [I][startTestPlan] Success
[2020/12/11 22:33:17.757016] [I][startTestPlan] 12.602, -12.012
[2020/12/11 22:33:18.822933] [I][startTestPlan] 0.099
[2020/12/11 22:33:18.830908] [I][startTestPlan] Stop DUT Tx
[2020/12/11 22:33:19.777241] [I][startTestPlan] Success
[2020/12/11 22:33:19.781254] [I][startTestPlan] Power: 12.602 dBm
[2020/12/11 22:33:19.785264] [I][startTestPlan] Freq Err: -12.012 ppm
[2020/12/11 22:33:19.789276] [I][startTestPlan] Current: 0.099 A
[2020/12/11 22:33:19.794060] [I][startTestPlan] Check Tx Result
[2020/12/11 22:33:19.797555] [I][startBTTest] Tx Test Time: 17.064
[2020/12/11 22:33:19.801569] [I][startTestPlan]---------- ZIGBEE_868 Freq 867.45 ----------
[2020/12/11 22:33:19.805579] [I][startTestPlan]---------- Measure Tx Start ----------
[2020/12/11 22:33:19.809578] [I][startTestPlan] Preset E6640A
[2020/12/11 22:33:20.816059] [I][startTestPlan] Success
[2020/12/11 22:33:20.820035] [I][startTestPlan] Set Tx Start
[2020/12/11 22:33:23.193366] [I][startTestPlan] Success
[2020/12/11 22:33:23.198371] [I][startTestPlan] Set DUT Tx
[2020/12/11 22:33:29.874263] [I][startTestPlan] Success
[2020/12/11 22:33:29.877273] [I][startTestPlan] Start DUT Tx
[2020/12/11 22:33:32.725056] [I][startTestPlan] Success
[2020/12/11 22:33:34.936262] [I][startTestPlan] 12.43, -11.724
[2020/12/11 22:33:35.997411] [I][startTestPlan] 0.1
[2020/12/11 22:33:36.001411] [I][startTestPlan] Stop DUT Tx
[2020/12/11 22:33:36.960553] [I][startTestPlan] Success
[2020/12/11 22:33:36.963562] [I][startTestPlan] Calibration
[2020/12/11 22:33:36.968740] [I][startTestPlan] Calculate DUT Tx Power
[2020/12/11 22:33:36.972447] [I][startTestPlan] DUT Tx Power: 13
[2020/12/11 22:33:36.976461] [I][startTestPlan] Measure again
[2020/12/11 22:33:36.980604] [I][startTestPlan] Set DUT Tx
[2020/12/11 22:33:43.665032] [I][startTestPlan] Success
[2020/12/11 22:33:43.668042] [I][startTestPlan] Start DUT Tx
[2020/12/11 22:33:46.530854] [I][startTestPlan] Success
[2020/12/11 22:33:48.651963] [I][startTestPlan] 13.454, -11.74
[2020/12/11 22:33:49.712991] [I][startTestPlan] 0.076
[2020/12/11 22:33:49.717946] [I][startTestPlan] Stop DUT Tx
[2020/12/11 22:33:50.678290] [I][startTestPlan] Success
[2020/12/11 22:33:50.682301] [I][startTestPlan] Power: 13.454 dBm
[2020/12/11 22:33:50.686311] [I][startTestPlan] Freq Err: -11.74 ppm
[2020/12/11 22:33:50.690576] [I][startTestPlan] Current: 0.076 A
[2020/12/11 22:33:50.694631] [I][startTestPlan] Check Tx Result
[2020/12/11 22:33:50.698599] [I][startBTTest] Tx Test Time: 30.898
[2020/12/11 22:33:50.702609] [I][startTestPlan]---------- ZIGBEE_868 Freq 871.05 ----------
[2020/12/11 22:33:50.707206] [I][startTestPlan]---------- Measure Tx Start ----------
[2020/12/11 22:33:50.710217] [I][startTestPlan] Preset E6640A
[2020/12/11 22:33:51.746464] [I][startTestPlan] Success
[2020/12/11 22:33:51.753511] [I][startTestPlan] Set Tx Start
[2020/12/11 22:33:54.182084] [I][startTestPlan] Success
[2020/12/11 22:33:54.187120] [I][startTestPlan] Set DUT Tx
[2020/12/11 22:34:00.854501] [I][startTestPlan] Success
[2020/12/11 22:34:00.858511] [I][startTestPlan] Start DUT Tx
[2020/12/11 22:34:03.721009] [I][startTestPlan] Success
[2020/12/11 22:34:05.916920] [I][startTestPlan] 12.992, -11.472
[2020/12/11 22:34:06.975326] [I][startTestPlan] 0.076
[2020/12/11 22:34:06.980142] [I][startTestPlan] Stop DUT Tx
[2020/12/11 22:34:07.939695] [I][startTestPlan] Success
[2020/12/11 22:34:07.943708] [I][startTestPlan] Power: 12.992 dBm
[2020/12/11 22:34:07.948685] [I][startTestPlan] Freq Err: -11.472 ppm
[2020/12/11 22:34:07.952693] [I][startTestPlan] Current: 0.076 A
[2020/12/11 22:34:07.957498] [I][startTestPlan] Check Tx Result
[2020/12/11 22:34:07.961138] [I][startBTTest] Tx Test Time: 17.259
[2020/12/11 22:34:07.965155] ---------- Test Plan 4 ----------
[2020/12/11 22:34:07.969215] [I][startTestPlan]---------- ZIGBEE_868 Freq 863.25 ----------
[2020/12/11 22:34:07.973215] [I][startTestPlan]---------- Measure Rx Start ----------
[2020/12/11 22:34:07.978197] [I][startTestPlan] Preset E6640A
[2020/12/11 22:34:09.014341] [I][startTestPlan] Success
[2020/12/11 22:34:09.019980] [I][startTestPlan]---------- LNA ON ----------
[2020/12/11 22:34:09.023993] [I][startTestPlan] Set Rx one tone
[2020/12/11 22:34:09.073937] [I][startTestPlan] Success
[2020/12/11 22:34:09.078998] [I][startTestPlan] Set DUT Rx
[2020/12/11 22:34:13.855794] [I][startTestPlan] Success
[2020/12/11 22:34:19.570019] [I][startTestPlan] Success
[2020/12/11 22:34:24.447195] [I][startTestPlan] Rx RSSI: -17 dBm
[2020/12/11 22:34:24.464256] [I][startTestPlan] Check Rx Result
[2020/12/11 22:34:24.468252] [I][startBTTest] Rx Test Time: 16.499
[2020/12/11 22:34:24.475281] [I][startBTTest] Copy calibration data
[2020/12/11 22:34:24.483291] [I][startBTTest] Write Calibration Data
[2020/12/11 22:34:25.049798] [I][TestResult] Test Pass!
