[2020/07/29 09:56:12][I][checkDatabaseONorNOT] Database running.
[2020/07/29 09:56:12][I][tryConnectDatabase] Connect to MariaDB GFI20 database success!!
[2020/07/29 09:56:12][I][tryConnectDatabase] Connect to MariaDB GFI20 database success!!
[2020/07/29 09:56:12][I][checkDatabaseONorNOT] Database running.
[2020/07/29 09:56:12][I][tryConnectDatabase] Connect to MariaDB GFI20 database success!!
[2020/07/29 09:56:12][I][tryConnectDatabase] Connect to MariaDB GFI20 database success!!
[2020/07/29 09:56:12][E][initialDatabase] UpdateDB.csv already exist.
[2020/07/29 09:56:15][I][WriteDataTocsv] Create new row with item GFI20Bootup.
[2020/07/29 09:56:15][I][WriteDataTocsv] Update complete.
[2020/07/29 09:56:15][WriteRFDataTocsv][I] Update testscript GFI20Bootup's data.
[2020/07/29 09:56:15][I][WriteRFDataTocsv] Update complete.
[2020/07/29 09:57:07][I][WriteDataTocsv] Create new row with item CountDown.
[2020/07/29 09:57:07][I][WriteDataTocsv] Update complete.
[2020/07/29 09:57:07][WriteRFDataTocsv][I] Update testscript CountDown's data.
[2020/07/29 09:57:07][I][WriteRFDataTocsv] Update complete.
[2020/07/29 09:57:49][I][WriteDataTocsv] Create new row with item WaitConnect.
[2020/07/29 09:57:49][I][WriteDataTocsv] Update complete.
[2020/07/29 09:57:49][WriteRFDataTocsv][I] Update testscript WaitConnect's data.
[2020/07/29 09:57:49][I][WriteRFDataTocsv] Update complete.
[2020/07/29 09:57:49]--------------------DBUploading start--------------------
[2020/07/29 09:57:49][I][uploadData] Projcet name: GFI20
[2020/07/29 09:57:49][I][uploadData] Station name: BRF
[2020/07/29 09:57:49][I][tryConnectDatabase] Connect to MariaDB GFI20 database success!!
[2020/07/29 09:57:49][I][uploadData] Write data into BRF_GFI20Bootup
[2020/07/29 09:57:49][I][uploadData] Write data into BRF_CountDown
[2020/07/29 09:57:49][I][uploadData] Write data into BRF_WaitConnect
[2020/07/29 09:57:49][I][tryConnectDatabase] Connect to MariaDB GFI20_RF database success!!
[2020/07/29 09:57:49]---------- INI ----------
[2020/07/29 09:57:49][E][uploadData] Read MDUT.ini failed.
