[2020/07/28 10:09:33]============== Control PS_Keysight66321B ==============
[2020/07/28 10:09:33]List resource: ['GPIB0::5::INSTR', 'TCPIP0::192.168.1.2::hislip0::INSTR', 'ASRL14::INSTR', 'ASRL15::INSTR', 'ASRL16::INSTR', 'ASRL17::INSTR', 'ASRL19::INSTR', 'ASRL20::INSTR']
[2020/07/28 10:09:33]Power Supply: control 66321B successfully
[2020/07/28 10:09:33]Power Supply send: *IDN?
[2020/07/28 10:09:33]Power Supply recv: Agilent Technologies,66321B,0,A.03.01

[2020/07/28 10:09:33]Power Supply is: Agilent Technologies,66321B,0,A.03.01
 

[2020/07/28 10:09:47]Power Supply send: MEAS:CURR?
[2020/07/28 10:09:47]Power Supply recv: 8.00483E-2

[2020/07/28 10:09:59]Power Supply send: MEAS:CURR?
[2020/07/28 10:09:59]Power Supply recv: 7.95161E-2

[2020/07/28 10:10:15]Power Supply send: MEAS:CURR?
[2020/07/28 10:10:15]Power Supply recv: 7.79686E-2

[2020/07/28 10:10:28]Power Supply send: MEAS:CURR?
[2020/07/28 10:10:28]Power Supply recv: 7.81183E-2

[2020/07/28 10:10:43]Power Supply send: MEAS:CURR?
[2020/07/28 10:10:43]Power Supply recv: 7.85871E-2

[2020/07/28 10:10:56]Power Supply send: MEAS:CURR?
[2020/07/28 10:10:56]Power Supply recv: 7.74789E-2

[2020/07/28 10:11:50]============== Control PS_Keysight66321B ==============
[2020/07/28 10:11:50]List resource: ['GPIB0::5::INSTR', 'TCPIP0::192.168.1.2::hislip0::INSTR']
[2020/07/28 10:11:50]Power Supply: control 66321B successfully
[2020/07/28 10:11:50]Power Supply send: *IDN?
[2020/07/28 10:11:51]Power Supply recv: Agilent Technologies,66321B,0,A.03.01

[2020/07/28 10:11:51]Power Supply is: Agilent Technologies,66321B,0,A.03.01
 

[2020/07/28 10:12:00]Power Supply send: MEAS:CURR?
[2020/07/28 10:12:00]Power Supply recv: 2.43819E-1

[2020/07/28 10:12:09]Power Supply send: MEAS:CURR?
[2020/07/28 10:12:09]Power Supply recv: 2.16060E-1

[2020/07/28 10:12:20]Power Supply send: MEAS:CURR?
[2020/07/28 10:12:20]Power Supply recv: 1.48738E-1

