[2020/07/29 07:24:14.418687]========== Start ==========
[2020/07/29 07:24:14.420695][I][class_E6640A_ZIGBEE] Initial class_E6640A_ZIGBEE
[2020/07/29 07:24:14.422700][I][class_E6640A_ZIGBEE] Version: 3.0.0.2
[2020/07/29 07:24:14.428782][I][connect_E6640A] Connect to E6640A
[2020/07/29 07:24:14.439812][I][connect_E6640A] Resource Manager of Visa Library at C:\Windows\system32\visa32.dll
[2020/07/29 07:24:14.492379][I][queryEx] E6640A <= *IDN?
[2020/07/29 07:24:14.499441][I][queryEx] E6640A => Keysight Technologies,E6640A,MY57150246,E.19.71
[2020/07/29 07:24:14.501398][I][set_Preset] System reset
[2020/07/29 07:24:14.505409][I][writeEx] E6640A <= *RST
[2020/07/29 07:24:14.507475][I][writeEx] E6640A <= *CLS
[2020/07/29 07:24:14.510651][I][writeEx] E6640A <= SYST:PRES
[2020/07/29 07:24:14.814779][I][queryEx] E6640A <= *OPC?
[2020/07/29 07:24:15.443328][I][queryEx] E6640A => 1
[2020/07/29 07:24:15.452310][I][set_Preset] System reset
[2020/07/29 07:24:15.456313][I][writeEx] E6640A <= *RST
[2020/07/29 07:24:15.460321][I][writeEx] E6640A <= *CLS
[2020/07/29 07:24:15.463299][I][writeEx] E6640A <= SYST:PRES
[2020/07/29 07:24:15.768716][I][queryEx] E6640A <= *OPC?
[2020/07/29 07:24:16.585604][I][queryEx] E6640A => 1
[2020/07/29 07:24:16.861856][I][set_Preset] System reset
[2020/07/29 07:24:16.863862][I][writeEx] E6640A <= *RST
[2020/07/29 07:24:16.867882][I][writeEx] E6640A <= *CLS
[2020/07/29 07:24:16.869879][I][writeEx] E6640A <= SYST:PRES
[2020/07/29 07:24:17.174385][I][queryEx] E6640A <= *OPC?
[2020/07/29 07:24:17.824150][I][queryEx] E6640A => 1
[2020/07/29 07:24:17.838149][I][set_Tx_Start] Set Tx start
[2020/07/29 07:24:17.840157][I][set_RFI_Port] Set input port
[2020/07/29 07:24:17.843165][I][writeEx] E6640A <= :FEED:RF:PORT:INPut RFIO1
[2020/07/29 07:24:17.846210][I][queryEx] E6640A <= :FEED:RF:PORT:INPut?
[2020/07/29 07:24:17.852254][I][queryEx] E6640A => RFIO1
[2020/07/29 07:24:17.854262][I][set_Modulation_Analysis] Set measurement function
[2020/07/29 07:24:17.858272][I][writeEx] E6640A <= INST:SEL VSA
[2020/07/29 07:24:18.163000][I][queryEx] E6640A <= *OPC?
[2020/07/29 07:24:18.269891][I][queryEx] E6640A => 1
[2020/07/29 07:24:18.276950][I][queryEx] E6640A <= INST:SEL?
[2020/07/29 07:24:18.282936][I][queryEx] E6640A => VSA
[2020/07/29 07:24:18.285940][I][writeEx] E6640A <= :CONFigure:DDEMod
[2020/07/29 07:24:18.590866][I][queryEx] E6640A <= *OPC?
[2020/07/29 07:24:18.788764][I][queryEx] E6640A => 1
[2020/07/29 07:24:18.796734][I][init_Zigbee_Mode] Initial Zigbee mode
[2020/07/29 07:24:18.798740][I][writeEx] E6640A <= :DDEM:STAN:PRES ZIGBEE2450
[2020/07/29 07:24:19.103726][I][queryEx] E6640A <= *OPC?
[2020/07/29 07:24:19.112754][I][queryEx] E6640A => 1
[2020/07/29 07:24:19.116121][I][set_Continue] Set continue
[2020/07/29 07:24:19.119132][I][writeEx] E6640A <= :INIT:CONT ON
[2020/07/29 07:24:19.122169][I][set_Freq] Set frequence
[2020/07/29 07:24:19.125149][I][writeEx] E6640A <= :FREQuency:CENTer 2425.0 MHz
[2020/07/29 07:24:19.129198][I][set_XScale_Span] Set frequence span
[2020/07/29 07:24:19.132167][I][writeEx] E6640A <= :FREQuency:SPAN 10000.000000 KHZ
[2020/07/29 07:24:19.136177][I][set_Power_Range] Get power range
[2020/07/29 07:24:19.139184][I][writeEx] E6640A <= :POW:RANG 20.000000
[2020/07/29 07:24:19.142193][I][set_Symbol_Rate] Get symbol rate
[2020/07/29 07:24:19.146204][I][writeEx] E6640A <= :DDEMod:SRATe 1000.000000 kHz
[2020/07/29 07:24:19.149211][I][set_Meas_Interval] Get meas interval
[2020/07/29 07:24:19.152221][I][writeEx] E6640A <= :DDEMod:SWEep:POINts 500
[2020/07/29 07:24:19.156231][I][set_Zigbee_TX_BandPower] Set marker function
[2020/07/29 07:24:19.159267][I][writeEx] E6640A <= CALC:DDEMod:MARK1:MODE POS
[2020/07/29 07:24:19.162246][I][writeEx] E6640A <= CALC:DDEMod:MARK1:TRAC 2
[2020/07/29 07:24:19.167478][I][writeEx] E6640A <= CALC:DDEMod:MARK1:FUNC BPOW
[2020/07/29 07:24:19.170498][I][writeEx] E6640A <= CALC:DDEMod:MARK1:FUNC:BPOW:CTYP MEAN
[2020/07/29 07:24:19.173685][I][writeEx] E6640A <= CALC:DDEMod:MARK1:FUNC:BAND:CENT 2425000000.000000
[2020/07/29 07:24:19.479919][I][queryEx] E6640A <= *OPC?
[2020/07/29 07:24:19.490140][I][queryEx] E6640A => 1
[2020/07/29 07:24:19.494760][I][queryEx] E6640A <= CALC:DDEMod:MARK1:FUNC:BAND:CENT?
[2020/07/29 07:24:19.500856][I][queryEx] E6640A => 2.425000000E+09
[2020/07/29 07:24:19.505326][I][writeEx] E6640A <= CALC:DDEMod:MARK1:FUNC:BAND:SPAN 10000000.000000
[2020/07/29 07:24:19.810122][I][queryEx] E6640A <= *OPC?
[2020/07/29 07:24:19.819875][I][queryEx] E6640A => 1
[2020/07/29 07:24:19.823888][I][set_Trigger_Video] Set trigger video
[2020/07/29 07:24:19.826938][I][writeEx] E6640A <= TRIG:DDEM:SOUR VID
[2020/07/29 07:24:20.132322][I][queryEx] E6640A <= *OPC?
[2020/07/29 07:24:20.142058][I][queryEx] E6640A => 1
[2020/07/29 07:24:20.146111][I][set_Trigger_Level] Set trigger level
[2020/07/29 07:24:20.149981][I][writeEx] E6640A <= :TRIGger:VIDeo:LEVel 30.000000 mV
[2020/07/29 07:24:20.153008][I][set_Trigger_Delay] Set trigger delay
[2020/07/29 07:24:20.157024][I][writeEx] E6640A <= :TRIGger:VIDeo:DELay:STATe ON
[2020/07/29 07:24:20.161035][I][queryEx] E6640A <= :TRIGger:VIDeo:DELay:STATe?
[2020/07/29 07:24:20.248408][I][queryEx] E6640A => 1
[2020/07/29 07:24:20.261391][I][writeEx] E6640A <= :TRIGger:VIDeo:DELay:STATe ON
[2020/07/29 07:24:20.275428][I][writeEx] E6640A <= :TRIGger:VIDeo:DELay 0.300000 ms
[2020/07/29 07:24:20.284497][I][init_Trigger_Reg] Initial trigger status register
[2020/07/29 07:24:20.290468][I][writeEx] E6640A <= *CLS
[2020/07/29 07:24:20.296482][I][writeEx] E6640A <= :STATus:PRESet
[2020/07/29 07:24:20.301518][I][writeEx] E6640A <= *SRE 192
[2020/07/29 07:24:20.305683][I][writeEx] E6640A <= :STATus:OPERation:ENABle 32
[2020/07/29 07:24:20.308731][I][writeEx] E6640A <= *CLS
[2020/07/29 07:24:20.313725][I][queryEx] E6640A <= *STB?
[2020/07/29 07:24:20.393353][I][queryEx] E6640A => 0
[2020/07/29 07:24:20.401804][I][init_Trigger_Reg] Status: 0
[2020/07/29 07:24:29.548793][I][chk_Tx_Result] Check Tx result
[2020/07/29 07:24:29.555748][I][get_Trigger_Status] Get trigger status
[2020/07/29 07:24:29.558770][I][queryEx] E6640A <= *STB?
[2020/07/29 07:24:29.566060][I][queryEx] E6640A => 192
[2020/07/29 07:24:29.569112][I][get_Trigger_Status] Status: 192
[2020/07/29 07:24:29.573119]Is triggered!
[2020/07/29 07:24:29.577128][I][writeEx] E6640A <= *CLS
[2020/07/29 07:24:29.581101][I][set_Continue] Set continue
[2020/07/29 07:24:29.586152][I][writeEx] E6640A <= :INIT:CONT ON
[2020/07/29 07:24:29.692120][I][set_Single] Set single
[2020/07/29 07:24:29.705165][I][writeEx] E6640A <= :INIT:CONT OFF
[2020/07/29 07:24:29.718198][I][set_Zigbee_TX_BandPower] Set marker function
[2020/07/29 07:24:29.726266][I][writeEx] E6640A <= CALC:DDEMod:MARK1:MODE POS
[2020/07/29 07:24:29.732234][I][writeEx] E6640A <= CALC:DDEMod:MARK1:TRAC 2
[2020/07/29 07:24:29.738287][I][writeEx] E6640A <= CALC:DDEMod:MARK1:FUNC BPOW
[2020/07/29 07:24:29.742260][I][writeEx] E6640A <= CALC:DDEMod:MARK1:FUNC:BPOW:CTYP MEAN
[2020/07/29 07:24:29.747317][I][writeEx] E6640A <= CALC:DDEMod:MARK1:FUNC:BAND:CENT 2425000000.000000
[2020/07/29 07:24:30.052681][I][queryEx] E6640A <= *OPC?
[2020/07/29 07:24:30.068506][I][queryEx] E6640A => 1
[2020/07/29 07:24:30.082581][I][queryEx] E6640A <= CALC:DDEMod:MARK1:FUNC:BAND:CENT?
[2020/07/29 07:24:30.094615][I][queryEx] E6640A => 2.425000000E+09
[2020/07/29 07:24:30.101591][I][writeEx] E6640A <= CALC:DDEMod:MARK1:FUNC:BAND:SPAN 10000000.000000
[2020/07/29 07:24:30.408384][I][queryEx] E6640A <= *OPC?
[2020/07/29 07:24:30.417178][I][queryEx] E6640A => 1
[2020/07/29 07:24:30.422197][I][get_Power] Get Tx power
[2020/07/29 07:24:30.425244][I][queryEx] E6640A <= :CALC:DDEMod:MARK1:Y?
[2020/07/29 07:24:30.431690][I][queryEx] E6640A => 1.589479267E+00
[2020/07/29 07:24:30.436171][I][chk_Tx_Result] Tx power(add loss: 8.200000) = 9.789000 dBm
[2020/07/29 07:24:30.439216][I][read_DDEMod_Array] Read measurement result
[2020/07/29 07:24:30.444217][I][queryEx] E6640A <= :READ:DDEMod?
[2020/07/29 07:24:30.591199][I][queryEx] E6640A => 1.211302376E+01,3.684846878E+01,4.000000000E+00,2.457663059E+00,1.074300861E+01,4.000000000E+00,9.91E+37,9.91E+37,9.91E+37,3.311224282E-01,-9.003102779E-01,1.800000000E+02,9.848704338E+00,-3.008288574E+01,4.000000000E+00,2.624940820E+04,9.91E+37,9.91E+37,9.91E+37,9.91E+37,9.91E+37,-4.830832672E+01,9.91E+37,9.708790183E-01,3.927450627E-02,2.552902699E-01,9.91E+37,9.91E+37,9.91E+37,9.91E+37,9.91E+37,9.91E+37,9.91E+37,9.91E+37,9.91E+37,9.91E+37,9.91E+37,9.91E+37,9.91E+37,9.91E+37,9.91E+37,9.91E+37,9.91E+37,9.91E+37,9.91E+37,9.91E+37,9.91E+37,9.91E+37,9.91E+37,9.91E+37,9.91E+37,9.91E+37,9.91E+37,9.91E+37,9.91E+37,9.91E+37,9.91E+37,9.91E+37,9.91E+37,9.91E+37,9.91E+37,3.731969977E-03,-9.138698224E-04
[2020/07/29 07:24:30.596205][I][set_Continue] Set continue
[2020/07/29 07:24:30.600216][I][writeEx] E6640A <= :INIT:CONT ON
[2020/07/29 07:24:41.112268][I][chk_Tx_Result] Check Tx result
[2020/07/29 07:24:41.119294][I][get_Trigger_Status] Get trigger status
[2020/07/29 07:24:41.123411][I][queryEx] E6640A <= *STB?
[2020/07/29 07:24:41.130679][I][queryEx] E6640A => 192
[2020/07/29 07:24:41.134725][I][get_Trigger_Status] Status: 192
[2020/07/29 07:24:41.139704]Is triggered!
[2020/07/29 07:24:41.144152][I][writeEx] E6640A <= *CLS
[2020/07/29 07:24:41.149168][I][set_Continue] Set continue
[2020/07/29 07:24:41.152176][I][writeEx] E6640A <= :INIT:CONT ON
[2020/07/29 07:24:41.257907][I][set_Single] Set single
[2020/07/29 07:24:41.263566][I][writeEx] E6640A <= :INIT:CONT OFF
[2020/07/29 07:24:41.266614][I][set_Zigbee_TX_BandPower] Set marker function
[2020/07/29 07:24:41.270624][I][writeEx] E6640A <= CALC:DDEMod:MARK1:MODE POS
[2020/07/29 07:24:41.274633][I][writeEx] E6640A <= CALC:DDEMod:MARK1:TRAC 2
[2020/07/29 07:24:41.280615][I][writeEx] E6640A <= CALC:DDEMod:MARK1:FUNC BPOW
[2020/07/29 07:24:41.284623][I][writeEx] E6640A <= CALC:DDEMod:MARK1:FUNC:BPOW:CTYP MEAN
[2020/07/29 07:24:41.288635][I][writeEx] E6640A <= CALC:DDEMod:MARK1:FUNC:BAND:CENT 2425000000.000000
[2020/07/29 07:24:41.594974][I][queryEx] E6640A <= *OPC?
[2020/07/29 07:24:41.606616][I][queryEx] E6640A => 1
[2020/07/29 07:24:41.611634][I][queryEx] E6640A <= CALC:DDEMod:MARK1:FUNC:BAND:CENT?
[2020/07/29 07:24:41.619892][I][queryEx] E6640A => 2.425000000E+09
[2020/07/29 07:24:41.623908][I][writeEx] E6640A <= CALC:DDEMod:MARK1:FUNC:BAND:SPAN 10000000.000000
[2020/07/29 07:24:41.929963][I][queryEx] E6640A <= *OPC?
[2020/07/29 07:24:41.941438][I][queryEx] E6640A => 1
[2020/07/29 07:24:41.945455][I][get_Power] Get Tx power
[2020/07/29 07:24:41.949502][I][queryEx] E6640A <= :CALC:DDEMod:MARK1:Y?
[2020/07/29 07:24:41.957106][I][queryEx] E6640A => 4.479469949E-01
[2020/07/29 07:24:41.962238][I][chk_Tx_Result] Tx power(add loss: 8.200000) = 8.648000 dBm
[2020/07/29 07:24:41.965249][I][read_DDEMod_Array] Read measurement result
[2020/07/29 07:24:41.969259][I][queryEx] E6640A <= :READ:DDEMod?
[2020/07/29 07:24:42.117688][I][queryEx] E6640A => 1.355851269E+01,4.756267929E+01,0.000000000E+00,3.272785187E+00,2.017146873E+01,0.000000000E+00,9.91E+37,9.91E+37,9.91E+37,2.240737379E-01,-7.938325405E-01,2.490000000E+02,1.104417896E+01,-3.930414963E+01,0.000000000E+00,2.616821680E+04,9.91E+37,9.91E+37,9.91E+37,9.91E+37,9.91E+37,-5.798320389E+01,9.91E+37,9.635884762E-01,-3.685138747E-02,2.651900649E-01,9.91E+37,9.91E+37,9.91E+37,9.91E+37,9.91E+37,9.91E+37,9.91E+37,9.91E+37,9.91E+37,9.91E+37,9.91E+37,9.91E+37,9.91E+37,9.91E+37,9.91E+37,9.91E+37,9.91E+37,9.91E+37,9.91E+37,9.91E+37,9.91E+37,9.91E+37,9.91E+37,9.91E+37,9.91E+37,9.91E+37,9.91E+37,9.91E+37,9.91E+37,9.91E+37,9.91E+37,9.91E+37,9.91E+37,9.91E+37,9.91E+37,-4.588675511E-04,1.174936653E-03
[2020/07/29 07:24:42.122746][I][set_Continue] Set continue
[2020/07/29 07:24:42.126757][I][writeEx] E6640A <= :INIT:CONT ON
[2020/07/29 07:24:43.698161][I][set_Preset] System reset
[2020/07/29 07:24:43.702172][I][writeEx] E6640A <= *RST
[2020/07/29 07:24:43.706182][I][writeEx] E6640A <= *CLS
[2020/07/29 07:24:43.711201][I][writeEx] E6640A <= SYST:PRES
[2020/07/29 07:24:44.017107][I][queryEx] E6640A <= *OPC?
[2020/07/29 07:24:44.971548][I][queryEx] E6640A => 1
[2020/07/29 07:24:44.988538][I][set_Tx_Start] Set Tx start
[2020/07/29 07:24:44.992550][I][set_RFI_Port] Set input port
[2020/07/29 07:24:44.996559][I][writeEx] E6640A <= :FEED:RF:PORT:INPut RFIO1
[2020/07/29 07:24:45.000588][I][queryEx] E6640A <= :FEED:RF:PORT:INPut?
[2020/07/29 07:24:45.008815][I][queryEx] E6640A => RFIO1
[2020/07/29 07:24:45.012827][I][set_Modulation_Analysis] Set measurement function
[2020/07/29 07:24:45.016874][I][writeEx] E6640A <= INST:SEL VSA
[2020/07/29 07:24:45.322477][I][queryEx] E6640A <= *OPC?
[2020/07/29 07:24:45.332531][I][queryEx] E6640A => 1
[2020/07/29 07:24:45.336580][I][queryEx] E6640A <= INST:SEL?
[2020/07/29 07:24:45.343600][I][queryEx] E6640A => VSA
[2020/07/29 07:24:45.348592][I][writeEx] E6640A <= :CONFigure:DDEMod
[2020/07/29 07:24:45.653639][I][queryEx] E6640A <= *OPC?
[2020/07/29 07:24:45.835436][I][queryEx] E6640A => 1
[2020/07/29 07:24:45.843482][I][init_Zigbee_Mode] Initial Zigbee mode
[2020/07/29 07:24:45.848489][I][writeEx] E6640A <= :DDEM:STAN:PRES ZIGBEE2450
[2020/07/29 07:24:46.153664][I][queryEx] E6640A <= *OPC?
[2020/07/29 07:24:46.164738][I][queryEx] E6640A => 1
[2020/07/29 07:24:46.169051][I][set_Continue] Set continue
[2020/07/29 07:24:46.172105][I][writeEx] E6640A <= :INIT:CONT ON
[2020/07/29 07:24:46.177074][I][set_Freq] Set frequence
[2020/07/29 07:24:46.181085][I][writeEx] E6640A <= :FREQuency:CENTer 2455.0 MHz
[2020/07/29 07:24:46.186124][I][set_XScale_Span] Set frequence span
[2020/07/29 07:24:46.190109][I][writeEx] E6640A <= :FREQuency:SPAN 10000.000000 KHZ
[2020/07/29 07:24:46.195335][I][set_Power_Range] Get power range
[2020/07/29 07:24:46.199265][I][writeEx] E6640A <= :POW:RANG 20.000000
[2020/07/29 07:24:46.202317][I][set_Symbol_Rate] Get symbol rate
[2020/07/29 07:24:46.207289][I][writeEx] E6640A <= :DDEMod:SRATe 1000.000000 kHz
[2020/07/29 07:24:46.211338][I][set_Meas_Interval] Get meas interval
[2020/07/29 07:24:46.216312][I][writeEx] E6640A <= :DDEMod:SWEep:POINts 500
[2020/07/29 07:24:46.220340][I][set_Zigbee_TX_BandPower] Set marker function
[2020/07/29 07:24:46.225965][I][writeEx] E6640A <= CALC:DDEMod:MARK1:MODE POS
[2020/07/29 07:24:46.230332][I][writeEx] E6640A <= CALC:DDEMod:MARK1:TRAC 2
[2020/07/29 07:24:46.233388][I][writeEx] E6640A <= CALC:DDEMod:MARK1:FUNC BPOW
[2020/07/29 07:24:46.238372][I][writeEx] E6640A <= CALC:DDEMod:MARK1:FUNC:BPOW:CTYP MEAN
[2020/07/29 07:24:46.242411][I][writeEx] E6640A <= CALC:DDEMod:MARK1:FUNC:BAND:CENT 2455000000.000000
[2020/07/29 07:24:46.549639][I][queryEx] E6640A <= *OPC?
[2020/07/29 07:24:46.559693][I][queryEx] E6640A => 1
[2020/07/29 07:24:46.564712][I][queryEx] E6640A <= CALC:DDEMod:MARK1:FUNC:BAND:CENT?
[2020/07/29 07:24:46.572771][I][queryEx] E6640A => 2.455000000E+09
[2020/07/29 07:24:46.577769][I][writeEx] E6640A <= CALC:DDEMod:MARK1:FUNC:BAND:SPAN 10000000.000000
[2020/07/29 07:24:46.883160][I][queryEx] E6640A <= *OPC?
[2020/07/29 07:24:46.892447][I][queryEx] E6640A => 1
[2020/07/29 07:24:46.898173][I][set_Trigger_Video] Set trigger video
[2020/07/29 07:24:46.902191][I][writeEx] E6640A <= TRIG:DDEM:SOUR VID
[2020/07/29 07:24:47.208502][I][queryEx] E6640A <= *OPC?
[2020/07/29 07:24:47.217469][I][queryEx] E6640A => 1
[2020/07/29 07:24:47.223026][I][set_Trigger_Level] Set trigger level
[2020/07/29 07:24:47.227040][I][writeEx] E6640A <= :TRIGger:VIDeo:LEVel 30.000000 mV
[2020/07/29 07:24:47.232091][I][set_Trigger_Delay] Set trigger delay
[2020/07/29 07:24:47.236064][I][writeEx] E6640A <= :TRIGger:VIDeo:DELay:STATe ON
[2020/07/29 07:24:47.241078][I][queryEx] E6640A <= :TRIGger:VIDeo:DELay:STATe?
[2020/07/29 07:24:47.306713][I][queryEx] E6640A => 1
[2020/07/29 07:24:47.313769][I][writeEx] E6640A <= :TRIGger:VIDeo:DELay:STATe ON
[2020/07/29 07:24:47.320758][I][writeEx] E6640A <= :TRIGger:VIDeo:DELay 0.300000 ms
[2020/07/29 07:24:47.327778][I][init_Trigger_Reg] Initial trigger status register
[2020/07/29 07:24:47.333791][I][writeEx] E6640A <= *CLS
[2020/07/29 07:24:47.340071][I][writeEx] E6640A <= :STATus:PRESet
[2020/07/29 07:24:47.344101][I][writeEx] E6640A <= *SRE 192
[2020/07/29 07:24:47.348105][I][writeEx] E6640A <= :STATus:OPERation:ENABle 32
[2020/07/29 07:24:47.352116][I][writeEx] E6640A <= *CLS
[2020/07/29 07:24:47.357120][I][queryEx] E6640A <= *STB?
[2020/07/29 07:24:47.401858][I][queryEx] E6640A => 0
[2020/07/29 07:24:47.406875][I][init_Trigger_Reg] Status: 0
[2020/07/29 07:24:56.381853][I][chk_Tx_Result] Check Tx result
[2020/07/29 07:24:56.388534][I][get_Trigger_Status] Get trigger status
[2020/07/29 07:24:56.392548][I][queryEx] E6640A <= *STB?
[2020/07/29 07:24:56.399651][I][queryEx] E6640A => 192
[2020/07/29 07:24:56.405475][I][get_Trigger_Status] Status: 192
[2020/07/29 07:24:56.409483]Is triggered!
[2020/07/29 07:24:56.414922][I][writeEx] E6640A <= *CLS
[2020/07/29 07:24:56.418935][I][set_Continue] Set continue
[2020/07/29 07:24:56.424969][I][writeEx] E6640A <= :INIT:CONT ON
[2020/07/29 07:24:56.530435][I][set_Single] Set single
[2020/07/29 07:24:56.537487][I][writeEx] E6640A <= :INIT:CONT OFF
[2020/07/29 07:24:56.543503][I][set_Zigbee_TX_BandPower] Set marker function
[2020/07/29 07:24:56.547478][I][writeEx] E6640A <= CALC:DDEMod:MARK1:MODE POS
[2020/07/29 07:24:56.551488][I][writeEx] E6640A <= CALC:DDEMod:MARK1:TRAC 2
[2020/07/29 07:24:56.555499][I][writeEx] E6640A <= CALC:DDEMod:MARK1:FUNC BPOW
[2020/07/29 07:24:56.560354][I][writeEx] E6640A <= CALC:DDEMod:MARK1:FUNC:BPOW:CTYP MEAN
[2020/07/29 07:24:56.565388][I][writeEx] E6640A <= CALC:DDEMod:MARK1:FUNC:BAND:CENT 2455000000.000000
[2020/07/29 07:24:56.870769][I][queryEx] E6640A <= *OPC?
[2020/07/29 07:24:56.880593][I][queryEx] E6640A => 1
[2020/07/29 07:24:56.885608][I][queryEx] E6640A <= CALC:DDEMod:MARK1:FUNC:BAND:CENT?
[2020/07/29 07:24:56.893657][I][queryEx] E6640A => 2.455000000E+09
[2020/07/29 07:24:56.899097][I][writeEx] E6640A <= CALC:DDEMod:MARK1:FUNC:BAND:SPAN 10000000.000000
[2020/07/29 07:24:57.204428][I][queryEx] E6640A <= *OPC?
[2020/07/29 07:24:57.214273][I][queryEx] E6640A => 1
[2020/07/29 07:24:57.218325][I][get_Power] Get Tx power
[2020/07/29 07:24:57.223300][I][queryEx] E6640A <= :CALC:DDEMod:MARK1:Y?
[2020/07/29 07:24:57.231400][I][queryEx] E6640A => 1.007884744E+00
[2020/07/29 07:24:57.236417][I][chk_Tx_Result] Tx power(add loss: 8.900000) = 9.908000 dBm
[2020/07/29 07:24:57.240491][I][read_DDEMod_Array] Read measurement result
[2020/07/29 07:24:57.245440][I][queryEx] E6640A <= :READ:DDEMod?
[2020/07/29 07:24:57.501563][I][queryEx] E6640A => 1.415456581E+01,3.875190353E+01,2.560000000E+02,3.330705404E+00,1.339203739E+01,2.560000000E+02,9.91E+37,9.91E+37,9.91E+37,3.870461285E-01,-9.277880192E-01,4.120000000E+02,1.152057171E+01,3.178162766E+01,2.560000000E+02,2.648540625E+04,9.91E+37,9.91E+37,9.91E+37,9.91E+37,9.91E+37,-4.733809662E+01,9.91E+37,9.603183270E-01,3.375535086E-02,3.745711744E-01,9.91E+37,9.91E+37,9.91E+37,9.91E+37,9.91E+37,9.91E+37,9.91E+37,9.91E+37,9.91E+37,9.91E+37,9.91E+37,9.91E+37,9.91E+37,9.91E+37,9.91E+37,9.91E+37,9.91E+37,9.91E+37,9.91E+37,9.91E+37,9.91E+37,9.91E+37,9.91E+37,9.91E+37,9.91E+37,9.91E+37,9.91E+37,9.91E+37,9.91E+37,9.91E+37,9.91E+37,9.91E+37,9.91E+37,9.91E+37,9.91E+37,2.697325777E-03,-3.344051307E-03
[2020/07/29 07:24:57.509521][I][set_Continue] Set continue
[2020/07/29 07:24:57.513533][I][writeEx] E6640A <= :INIT:CONT ON
[2020/07/29 07:25:07.938744][I][chk_Tx_Result] Check Tx result
[2020/07/29 07:25:07.944813][I][get_Trigger_Status] Get trigger status
[2020/07/29 07:25:07.948777][I][queryEx] E6640A <= *STB?
[2020/07/29 07:25:07.956859][I][queryEx] E6640A => 192
[2020/07/29 07:25:07.961915][I][get_Trigger_Status] Status: 192
[2020/07/29 07:25:07.965926]Is triggered!
[2020/07/29 07:25:07.971546][I][writeEx] E6640A <= *CLS
[2020/07/29 07:25:07.976561][I][set_Continue] Set continue
[2020/07/29 07:25:07.981594][I][writeEx] E6640A <= :INIT:CONT ON
[2020/07/29 07:25:08.086888][I][set_Single] Set single
[2020/07/29 07:25:08.095918][I][writeEx] E6640A <= :INIT:CONT OFF
[2020/07/29 07:25:08.100945][I][set_Zigbee_TX_BandPower] Set marker function
[2020/07/29 07:25:08.104926][I][writeEx] E6640A <= CALC:DDEMod:MARK1:MODE POS
[2020/07/29 07:25:08.108935][I][writeEx] E6640A <= CALC:DDEMod:MARK1:TRAC 2
[2020/07/29 07:25:08.113949][I][writeEx] E6640A <= CALC:DDEMod:MARK1:FUNC BPOW
[2020/07/29 07:25:08.118006][I][writeEx] E6640A <= CALC:DDEMod:MARK1:FUNC:BPOW:CTYP MEAN
[2020/07/29 07:25:08.122826][I][writeEx] E6640A <= CALC:DDEMod:MARK1:FUNC:BAND:CENT 2455000000.000000
[2020/07/29 07:25:08.428883][I][queryEx] E6640A <= *OPC?
[2020/07/29 07:25:08.440448][I][queryEx] E6640A => 1
[2020/07/29 07:25:08.445756][I][queryEx] E6640A <= CALC:DDEMod:MARK1:FUNC:BAND:CENT?
[2020/07/29 07:25:08.453252][I][queryEx] E6640A => 2.455000000E+09
[2020/07/29 07:25:08.457266][I][writeEx] E6640A <= CALC:DDEMod:MARK1:FUNC:BAND:SPAN 10000000.000000
[2020/07/29 07:25:08.763771][I][queryEx] E6640A <= *OPC?
[2020/07/29 07:25:08.775157][I][queryEx] E6640A => 1
[2020/07/29 07:25:08.779220][I][get_Power] Get Tx power
[2020/07/29 07:25:08.784185][I][queryEx] E6640A <= :CALC:DDEMod:MARK1:Y?
[2020/07/29 07:25:08.791983][I][queryEx] E6640A => -1.297685709E-01
[2020/07/29 07:25:08.797884][I][chk_Tx_Result] Tx power(add loss: 8.900000) = 8.770000 dBm
[2020/07/29 07:25:08.801884][I][read_DDEMod_Array] Read measurement result
[2020/07/29 07:25:08.806907][I][queryEx] E6640A <= :READ:DDEMod?
[2020/07/29 07:25:09.060508][I][queryEx] E6640A => 1.432338428E+01,4.179328537E+01,0.000000000E+00,3.330752611E+00,1.655387306E+01,0.000000000E+00,9.91E+37,9.91E+37,9.91E+37,4.468107522E-01,-1.022624969E+00,4.110000000E+02,1.165565395E+01,-3.431362534E+01,0.000000000E+00,2.643625586E+04,9.91E+37,9.91E+37,9.91E+37,9.91E+37,9.91E+37,-4.557011414E+01,9.91E+37,9.593734741E-01,5.309535190E-02,3.781006336E-01,9.91E+37,9.91E+37,9.91E+37,9.91E+37,9.91E+37,9.91E+37,9.91E+37,9.91E+37,9.91E+37,9.91E+37,9.91E+37,9.91E+37,9.91E+37,9.91E+37,9.91E+37,9.91E+37,9.91E+37,9.91E+37,9.91E+37,9.91E+37,9.91E+37,9.91E+37,9.91E+37,9.91E+37,9.91E+37,9.91E+37,9.91E+37,9.91E+37,9.91E+37,9.91E+37,9.91E+37,9.91E+37,9.91E+37,9.91E+37,9.91E+37,4.387185443E-03,-2.912911121E-03
[2020/07/29 07:25:09.068554][I][set_Continue] Set continue
[2020/07/29 07:25:09.072564][I][writeEx] E6640A <= :INIT:CONT ON
[2020/07/29 07:25:10.542870][I][set_Preset] System reset
[2020/07/29 07:25:10.546900][I][writeEx] E6640A <= *RST
[2020/07/29 07:25:10.551896][I][writeEx] E6640A <= *CLS
[2020/07/29 07:25:10.555949][I][writeEx] E6640A <= SYST:PRES
[2020/07/29 07:25:10.863304][I][queryEx] E6640A <= *OPC?
[2020/07/29 07:25:11.819859][I][queryEx] E6640A => 1
[2020/07/29 07:25:11.834965][I][set_Tx_Start] Set Tx start
[2020/07/29 07:25:11.839393][I][set_RFI_Port] Set input port
[2020/07/29 07:25:11.843445][I][writeEx] E6640A <= :FEED:RF:PORT:INPut RFIO1
[2020/07/29 07:25:11.848430][I][queryEx] E6640A <= :FEED:RF:PORT:INPut?
[2020/07/29 07:25:11.855869][I][queryEx] E6640A => RFIO1
[2020/07/29 07:25:11.859900][I][set_Modulation_Analysis] Set measurement function
[2020/07/29 07:25:11.864917][I][writeEx] E6640A <= INST:SEL VSA
[2020/07/29 07:25:12.169214][I][queryEx] E6640A <= *OPC?
[2020/07/29 07:25:12.178391][I][queryEx] E6640A => 1
[2020/07/29 07:25:12.182402][I][queryEx] E6640A <= INST:SEL?
[2020/07/29 07:25:12.191473][I][queryEx] E6640A => VSA
[2020/07/29 07:25:12.195475][I][writeEx] E6640A <= :CONFigure:DDEMod
[2020/07/29 07:25:12.501167][I][queryEx] E6640A <= *OPC?
[2020/07/29 07:25:12.704517][I][queryEx] E6640A => 1
[2020/07/29 07:25:12.721482][I][init_Zigbee_Mode] Initial Zigbee mode
[2020/07/29 07:25:12.737525][I][writeEx] E6640A <= :DDEM:STAN:PRES ZIGBEE2450
[2020/07/29 07:25:13.050099][I][queryEx] E6640A <= *OPC?
[2020/07/29 07:25:13.060298][I][queryEx] E6640A => 1
[2020/07/29 07:25:13.065322][I][set_Continue] Set continue
[2020/07/29 07:25:13.069372][I][writeEx] E6640A <= :INIT:CONT ON
[2020/07/29 07:25:13.075343][I][set_Freq] Set frequence
[2020/07/29 07:25:13.079893][I][writeEx] E6640A <= :FREQuency:CENTer 2470.0 MHz
[2020/07/29 07:25:13.084991][I][set_XScale_Span] Set frequence span
[2020/07/29 07:25:13.089962][I][writeEx] E6640A <= :FREQuency:SPAN 10000.000000 KHZ
[2020/07/29 07:25:13.094975][I][set_Power_Range] Get power range
[2020/07/29 07:25:13.099320][I][writeEx] E6640A <= :POW:RANG 20.000000
[2020/07/29 07:25:13.104869][I][set_Symbol_Rate] Get symbol rate
[2020/07/29 07:25:13.108881][I][writeEx] E6640A <= :DDEMod:SRATe 1000.000000 kHz
[2020/07/29 07:25:13.114205][I][set_Meas_Interval] Get meas interval
[2020/07/29 07:25:13.118239][I][writeEx] E6640A <= :DDEMod:SWEep:POINts 500
[2020/07/29 07:25:13.123311][I][set_Zigbee_TX_BandPower] Set marker function
[2020/07/29 07:25:13.128312][I][writeEx] E6640A <= CALC:DDEMod:MARK1:MODE POS
[2020/07/29 07:25:13.133281][I][writeEx] E6640A <= CALC:DDEMod:MARK1:TRAC 2
[2020/07/29 07:25:13.138334][I][writeEx] E6640A <= CALC:DDEMod:MARK1:FUNC BPOW
[2020/07/29 07:25:13.144310][I][writeEx] E6640A <= CALC:DDEMod:MARK1:FUNC:BPOW:CTYP MEAN
[2020/07/29 07:25:13.149322][I][writeEx] E6640A <= CALC:DDEMod:MARK1:FUNC:BAND:CENT 2470000000.000000
[2020/07/29 07:25:13.456973][I][queryEx] E6640A <= *OPC?
[2020/07/29 07:25:13.467683][I][queryEx] E6640A => 1
[2020/07/29 07:25:13.473329][I][queryEx] E6640A <= CALC:DDEMod:MARK1:FUNC:BAND:CENT?
[2020/07/29 07:25:13.480652][I][queryEx] E6640A => 2.470000000E+09
[2020/07/29 07:25:13.485497][I][writeEx] E6640A <= CALC:DDEMod:MARK1:FUNC:BAND:SPAN 10000000.000000
[2020/07/29 07:25:13.792370][I][queryEx] E6640A <= *OPC?
[2020/07/29 07:25:13.802112][I][queryEx] E6640A => 1
[2020/07/29 07:25:13.807127][I][set_Trigger_Video] Set trigger video
[2020/07/29 07:25:13.811137][I][writeEx] E6640A <= TRIG:DDEM:SOUR VID
[2020/07/29 07:25:14.117570][I][queryEx] E6640A <= *OPC?
[2020/07/29 07:25:14.129745][I][queryEx] E6640A => 1
[2020/07/29 07:25:14.134171][I][set_Trigger_Level] Set trigger level
[2020/07/29 07:25:14.138183][I][writeEx] E6640A <= :TRIGger:VIDeo:LEVel 30.000000 mV
[2020/07/29 07:25:14.143197][I][set_Trigger_Delay] Set trigger delay
[2020/07/29 07:25:14.149218][I][writeEx] E6640A <= :TRIGger:VIDeo:DELay:STATe ON
[2020/07/29 07:25:14.155229][I][queryEx] E6640A <= :TRIGger:VIDeo:DELay:STATe?
[2020/07/29 07:25:14.211474][I][queryEx] E6640A => 1
[2020/07/29 07:25:14.218496][I][writeEx] E6640A <= :TRIGger:VIDeo:DELay:STATe ON
[2020/07/29 07:25:14.225516][I][writeEx] E6640A <= :TRIGger:VIDeo:DELay 0.300000 ms
[2020/07/29 07:25:14.231581][I][init_Trigger_Reg] Initial trigger status register
[2020/07/29 07:25:14.237548][I][writeEx] E6640A <= *CLS
[2020/07/29 07:25:14.244872][I][writeEx] E6640A <= :STATus:PRESet
[2020/07/29 07:25:14.249926][I][writeEx] E6640A <= *SRE 192
[2020/07/29 07:25:14.254902][I][writeEx] E6640A <= :STATus:OPERation:ENABle 32
[2020/07/29 07:25:14.259930][I][writeEx] E6640A <= *CLS
[2020/07/29 07:25:14.264928][I][queryEx] E6640A <= *STB?
[2020/07/29 07:25:14.306139][I][queryEx] E6640A => 0
[2020/07/29 07:25:14.311470][I][init_Trigger_Reg] Status: 0
[2020/07/29 07:25:23.330571][I][chk_Tx_Result] Check Tx result
[2020/07/29 07:25:23.337572][I][get_Trigger_Status] Get trigger status
[2020/07/29 07:25:23.341544][I][queryEx] E6640A <= *STB?
[2020/07/29 07:25:23.349408][I][queryEx] E6640A => 192
[2020/07/29 07:25:23.354427][I][get_Trigger_Status] Status: 192
[2020/07/29 07:25:23.359440]Is triggered!
[2020/07/29 07:25:23.362447][I][writeEx] E6640A <= *CLS
[2020/07/29 07:25:23.369158][I][set_Continue] Set continue
[2020/07/29 07:25:23.373209][I][writeEx] E6640A <= :INIT:CONT ON
[2020/07/29 07:25:23.479289][I][set_Single] Set single
[2020/07/29 07:25:23.495331][I][writeEx] E6640A <= :INIT:CONT OFF
[2020/07/29 07:25:23.506353][I][set_Zigbee_TX_BandPower] Set marker function
[2020/07/29 07:25:23.513913][I][writeEx] E6640A <= CALC:DDEMod:MARK1:MODE POS
[2020/07/29 07:25:23.518973][I][writeEx] E6640A <= CALC:DDEMod:MARK1:TRAC 2
[2020/07/29 07:25:23.524947][I][writeEx] E6640A <= CALC:DDEMod:MARK1:FUNC BPOW
[2020/07/29 07:25:23.529960][I][writeEx] E6640A <= CALC:DDEMod:MARK1:FUNC:BPOW:CTYP MEAN
[2020/07/29 07:25:23.534987][I][writeEx] E6640A <= CALC:DDEMod:MARK1:FUNC:BAND:CENT 2470000000.000000
[2020/07/29 07:25:23.840515][I][queryEx] E6640A <= *OPC?
[2020/07/29 07:25:23.851210][I][queryEx] E6640A => 1
[2020/07/29 07:25:23.856228][I][queryEx] E6640A <= CALC:DDEMod:MARK1:FUNC:BAND:CENT?
[2020/07/29 07:25:23.864253][I][queryEx] E6640A => 2.470000000E+09
[2020/07/29 07:25:23.869264][I][writeEx] E6640A <= CALC:DDEMod:MARK1:FUNC:BAND:SPAN 10000000.000000
[2020/07/29 07:25:24.175800][I][queryEx] E6640A <= *OPC?
[2020/07/29 07:25:24.184930][I][queryEx] E6640A => 1
[2020/07/29 07:25:24.189948][I][get_Power] Get Tx power
[2020/07/29 07:25:24.193956][I][queryEx] E6640A <= :CALC:DDEMod:MARK1:Y?
[2020/07/29 07:25:24.201937][I][queryEx] E6640A => 1.434598595E+00
[2020/07/29 07:25:24.205949][I][chk_Tx_Result] Tx power(add loss: 8.800000) = 10.235000 dBm
[2020/07/29 07:25:24.211616][I][read_DDEMod_Array] Read measurement result
[2020/07/29 07:25:24.215696][I][queryEx] E6640A <= :READ:DDEMod?
[2020/07/29 07:25:24.364175][I][queryEx] E6640A => 1.384703827E+01,4.517970657E+01,0.000000000E+00,3.327241898E+00,1.807414055E+01,0.000000000E+00,9.91E+37,9.91E+37,9.91E+37,2.988427281E-01,-7.730066776E-01,2.790000000E+02,1.127660275E+01,-3.728640366E+01,0.000000000E+00,2.656450977E+04,9.91E+37,9.91E+37,9.91E+37,9.91E+37,9.91E+37,-5.043611526E+01,9.91E+37,9.620159864E-01,-5.753446836E-03,3.185353875E-01,9.91E+37,9.91E+37,9.91E+37,9.91E+37,9.91E+37,9.91E+37,9.91E+37,9.91E+37,9.91E+37,9.91E+37,9.91E+37,9.91E+37,9.91E+37,9.91E+37,9.91E+37,9.91E+37,9.91E+37,9.91E+37,9.91E+37,9.91E+37,9.91E+37,9.91E+37,9.91E+37,9.91E+37,9.91E+37,9.91E+37,9.91E+37,9.91E+37,9.91E+37,9.91E+37,9.91E+37,9.91E+37,9.91E+37,9.91E+37,9.91E+37,2.334042918E-03,-1.896529109E-03
[2020/07/29 07:25:24.381215][I][set_Continue] Set continue
[2020/07/29 07:25:24.390225][I][writeEx] E6640A <= :INIT:CONT ON
[2020/07/29 07:25:34.863030][I][chk_Tx_Result] Check Tx result
[2020/07/29 07:25:34.872032][I][get_Trigger_Status] Get trigger status
[2020/07/29 07:25:34.877047][I][queryEx] E6640A <= *STB?
[2020/07/29 07:25:34.884099][I][queryEx] E6640A => 192
[2020/07/29 07:25:34.890083][I][get_Trigger_Status] Status: 192
[2020/07/29 07:25:34.894134]Is triggered!
[2020/07/29 07:25:34.899127][I][writeEx] E6640A <= *CLS
[2020/07/29 07:25:34.904122][I][set_Continue] Set continue
[2020/07/29 07:25:34.909132][I][writeEx] E6640A <= :INIT:CONT ON
[2020/07/29 07:25:35.014830][I][set_Single] Set single
[2020/07/29 07:25:35.030885][I][writeEx] E6640A <= :INIT:CONT OFF
[2020/07/29 07:25:35.039777][I][set_Zigbee_TX_BandPower] Set marker function
[2020/07/29 07:25:35.043800][I][writeEx] E6640A <= CALC:DDEMod:MARK1:MODE POS
[2020/07/29 07:25:35.048803][I][writeEx] E6640A <= CALC:DDEMod:MARK1:TRAC 2
[2020/07/29 07:25:35.053815][I][writeEx] E6640A <= CALC:DDEMod:MARK1:FUNC BPOW
[2020/07/29 07:25:35.058829][I][writeEx] E6640A <= CALC:DDEMod:MARK1:FUNC:BPOW:CTYP MEAN
[2020/07/29 07:25:35.063843][I][writeEx] E6640A <= CALC:DDEMod:MARK1:FUNC:BAND:CENT 2470000000.000000
[2020/07/29 07:25:35.370399][I][queryEx] E6640A <= *OPC?
[2020/07/29 07:25:35.380675][I][queryEx] E6640A => 1
[2020/07/29 07:25:35.386543][I][queryEx] E6640A <= CALC:DDEMod:MARK1:FUNC:BAND:CENT?
[2020/07/29 07:25:35.393776][I][queryEx] E6640A => 2.470000000E+09
[2020/07/29 07:25:35.398791][I][writeEx] E6640A <= CALC:DDEMod:MARK1:FUNC:BAND:SPAN 10000000.000000
[2020/07/29 07:25:35.705678][I][queryEx] E6640A <= *OPC?
[2020/07/29 07:25:35.715050][I][queryEx] E6640A => 1
[2020/07/29 07:25:35.720067][I][get_Power] Get Tx power
[2020/07/29 07:25:35.726092][I][queryEx] E6640A <= :CALC:DDEMod:MARK1:Y?
[2020/07/29 07:25:35.733447][I][queryEx] E6640A => 2.942329498E-01
[2020/07/29 07:25:35.739377][I][chk_Tx_Result] Tx power(add loss: 8.800000) = 9.094000 dBm
[2020/07/29 07:25:35.743387][I][read_DDEMod_Array] Read measurement result
[2020/07/29 07:25:35.749412][I][queryEx] E6640A <= :READ:DDEMod?
[2020/07/29 07:25:36.017092][I][queryEx] E6640A => 1.351022720E+01,4.111265564E+01,2.550000000E+02,3.175469160E+00,1.391319084E+01,2.550000000E+02,9.91E+37,9.91E+37,9.91E+37,4.177370369E-01,-1.090031862E+00,4.960000000E+02,1.099540424E+01,3.373708344E+01,2.550000000E+02,2.652669531E+04,9.91E+37,9.91E+37,9.91E+37,9.91E+37,9.91E+37,-4.625327682E+01,9.91E+37,9.638127685E-01,4.098520800E-02,3.265720308E-01,9.91E+37,9.91E+37,9.91E+37,9.91E+37,9.91E+37,9.91E+37,9.91E+37,9.91E+37,9.91E+37,9.91E+37,9.91E+37,9.91E+37,9.91E+37,9.91E+37,9.91E+37,9.91E+37,9.91E+37,9.91E+37,9.91E+37,9.91E+37,9.91E+37,9.91E+37,9.91E+37,9.91E+37,9.91E+37,9.91E+37,9.91E+37,9.91E+37,9.91E+37,9.91E+37,9.91E+37,9.91E+37,9.91E+37,9.91E+37,9.91E+37,3.643504111E-03,-3.228114452E-03
[2020/07/29 07:25:36.026170][I][set_Continue] Set continue
[2020/07/29 07:25:36.030218][I][writeEx] E6640A <= :INIT:CONT ON
[2020/07/29 07:25:37.506305][I][set_Preset] System reset
[2020/07/29 07:25:37.511322][I][writeEx] E6640A <= *RST
[2020/07/29 07:25:37.515337][I][writeEx] E6640A <= *CLS
[2020/07/29 07:25:37.520341][I][writeEx] E6640A <= SYST:PRES
[2020/07/29 07:25:37.825556][I][queryEx] E6640A <= *OPC?
[2020/07/29 07:25:38.768569][I][queryEx] E6640A => 1
[2020/07/29 07:25:38.789798][I][set_Rx_OneTone] Set Rx one tone
[2020/07/29 07:25:38.794779][I][set_RFO_Port] Set output port
[2020/07/29 07:25:38.798821][I][writeEx] E6640A <= :FEED:RF:PORT:OUTPut RFIO1
[2020/07/29 07:25:38.803803][I][queryEx] E6640A <= :FEED:RF:PORT:OUTPut?
[2020/07/29 07:25:38.811902][I][queryEx] E6640A => RFIO1
[2020/07/29 07:25:38.816874][I][set_OneTone_Freq] Set One Tone frequence
[2020/07/29 07:25:38.821928][I][writeEx] E6640A <= :SOUR:FREQ 2445.0 MHz
[2020/07/29 07:25:38.826918][I][set_OneTone_Power] Set One Tone power
[2020/07/29 07:25:38.831915][I][writeEx] E6640A <= :SOURce:POWer -16.1
[2020/07/29 07:25:48.171127][I][set_OneTone_Start] Set One Tone start
[2020/07/29 07:25:48.176116][I][writeEx] E6640A <= OUTP ON
[2020/07/29 07:25:52.684483][I][set_OneTone_Stop] Set One Tone stop
[2020/07/29 07:25:52.689457][I][writeEx] E6640A <= OUTP OFF
[2020/07/29 07:25:52.702528][I][set_Rx_OneTone] Set Rx one tone
[2020/07/29 07:25:52.707504][I][set_RFO_Port] Set output port
[2020/07/29 07:25:52.711515][I][writeEx] E6640A <= :FEED:RF:PORT:OUTPut RFIO1
[2020/07/29 07:25:52.717560][I][queryEx] E6640A <= :FEED:RF:PORT:OUTPut?
[2020/07/29 07:25:52.726590][I][queryEx] E6640A => RFIO1
[2020/07/29 07:25:52.730608][I][set_OneTone_Freq] Set One Tone frequence
[2020/07/29 07:25:52.734611][I][writeEx] E6640A <= :SOUR:FREQ 2445.0 MHz
[2020/07/29 07:25:52.740607][I][set_OneTone_Power] Set One Tone power
[2020/07/29 07:25:52.745605][I][writeEx] E6640A <= :SOURce:POWer -16.1
[2020/07/29 07:26:01.250978][I][set_OneTone_Start] Set One Tone start
[2020/07/29 07:26:01.256025][I][writeEx] E6640A <= OUTP ON
[2020/07/29 07:26:06.250053][I][set_OneTone_Stop] Set One Tone stop
[2020/07/29 07:26:06.257026][I][writeEx] E6640A <= OUTP OFF
[2020/07/29 07:26:06.745807][I][disconnect_E6640A] Disconnect E6640A
[2020/07/29 07:26:06.751826]========== End ==========
