[2020/07/28 20:52:15][I][getBOM] Get BOM Success!
[2020/07/28 20:52:15][I][getSKU] Get SKU from BOM: BOM_SKU, SKU name: 451AOD30L02
[2020/07/28 20:52:15][I][loadTestItemBySKU] Test Item List = (GFI20Bootup.py,1)(CountDown.py,1)(GFI20_RF_Zigbee,2)(GFI20_RF_LTE,1)
[2020/07/28 20:52:15][I][loadTestItemBySKU] Test Item List Element = ['GFI20Bootup.py,1', 'CountDown.py,1', 'GFI20_RF_Zigbee,2', 'GFI20_RF_LTE,1']
[2020/07/28 20:52:15][I][showTestingMsg] Waiting for testing...
[2020/07/28 20:52:15]---------- TestItem:GFI20Bootup.py  Method:1 ----------
[2020/07/28 20:52:15][I][runTestItem] Test start time: 2020/07/28 20:52:15
[2020/07/28 20:52:35][I][runTestItem] Test finished
[2020/07/28 20:52:35][I][checkTestResult] Version=3.0.0.3
[2020/07/28 20:52:35][I][checkTestResult] Result=Pass
[2020/07/28 20:52:35]*********************************************************
[2020/07/28 20:52:35]GFI20Bootup.py   3.0.0.3

[2020/07/28 20:52:35]			Result: Pass

[2020/07/28 20:52:35]			Method: 1

[2020/07/28 20:52:35]			Start: 2020/07/28 20:52:15

[2020/07/28 20:52:35]			End: 2020/07/28 20:52:35
[2020/07/28 20:52:35][I][runTestItem] Test end time: 2020/07/28 20:52:35
[2020/07/28 20:52:35]---------- TestItem:CountDown.py  Method:1 ----------
[2020/07/28 20:52:35][I][runTestItem] Test start time: 2020/07/28 20:52:35
[2020/07/28 20:53:27][I][runTestItem] Test finished
[2020/07/28 20:53:27][I][checkTestResult] Version=3.0.0.3
[2020/07/28 20:53:27][I][checkTestResult] Result=Pass
[2020/07/28 20:53:27]*********************************************************
[2020/07/28 20:53:27]CountDown.py   3.0.0.3

[2020/07/28 20:53:27]			Result: Pass

[2020/07/28 20:53:27]			Method: 1

[2020/07/28 20:53:27]			Start: 2020/07/28 20:52:35

[2020/07/28 20:53:27]			End: 2020/07/28 20:53:27
[2020/07/28 20:53:27][I][runTestItem] Test end time: 2020/07/28 20:53:27
[2020/07/28 20:53:27]---------- TestItem:GFI20_RF_Zigbee.py  Method:2 ----------
[2020/07/28 20:53:27][I][runTestItem] Test start time: 2020/07/28 20:53:27
[2020/07/28 20:55:08][I][runTestItem] Test finished
[2020/07/28 20:55:08][I][checkTestResult] Version=3.0.0.3
[2020/07/28 20:55:08][I][checkTestResult] Result=Fail
[2020/07/28 20:55:08][I][checkTestResult] Reason=ZIGBEE_2450 2425
Tx Current FAIL
[2020/07/28 20:55:08][I][checkTestResult] EC=010000S01
[2020/07/28 20:55:09]*********************************************************
[2020/07/28 20:55:09]GFI20_RF_Zigbee.py   3.0.0.3

[2020/07/28 20:55:09]			Result: Fail

[2020/07/28 20:55:09]			Method: 2

[2020/07/28 20:55:09]			Start: 2020/07/28 20:53:27

[2020/07/28 20:55:09]			End: 2020/07/28 20:55:08
[2020/07/28 20:55:09]
			Fail Reason: ZIGBEE_2450 2425
Tx Current FAIL
[2020/07/28 20:55:09][I][runTestItem] Test end time: 2020/07/28 20:55:09
[2020/07/28 20:55:10][I][runLastScript] Waiting for ending...
[2020/07/28 20:55:10]---------- TestItem:GFI20LastScript.py  Method:1 ----------
[2020/07/28 20:55:10][I][runLastScript] Test start time: 2020/07/28 20:55:10
[2020/07/28 20:55:28][I][runLastScript] Test finished
[2020/07/28 20:55:28][I][runLastScript] Test end time: 2020/07/28 20:55:28
[2020/07/28 20:55:28][I][checkTestResult] Version=3.0.0.6
[2020/07/28 20:55:28][I][checkTestResult] Result=Pass
[2020/07/28 20:55:28]*********************************************************
[2020/07/28 20:55:28]GFI20LastScript.py   3.0.0.6

[2020/07/28 20:55:28]			Result: Pass

[2020/07/28 20:55:28]			Method: 1

[2020/07/28 20:55:28]			Start: 2020/07/28 20:55:10

[2020/07/28 20:55:28]			End: 2020/07/28 20:55:28
