[2020/07/29 10:04:23][I][checkDatabaseONorNOT] Database running.
[2020/07/29 10:04:23][I][tryConnectDatabase] Connect to MariaDB GFI20 database success!!
[2020/07/29 10:04:23][I][tryConnectDatabase] Connect to MariaDB GFI20 database success!!
[2020/07/29 10:04:23][I][checkDatabaseONorNOT] Database running.
[2020/07/29 10:04:23][I][tryConnectDatabase] Connect to MariaDB GFI20 database success!!
[2020/07/29 10:04:23][I][tryConnectDatabase] Connect to MariaDB GFI20 database success!!
[2020/07/29 10:04:23][E][initialDatabase] UpdateDB.csv already exist.
[2020/07/29 10:04:41][I][WriteDataTocsv] Create new row with item GFI20Bootup.
[2020/07/29 10:04:41][I][WriteDataTocsv] Update complete.
[2020/07/29 10:04:41][WriteRFDataTocsv][I] Update testscript GFI20Bootup's data.
[2020/07/29 10:04:41][I][WriteRFDataTocsv] Update complete.
[2020/07/29 10:05:33][I][WriteDataTocsv] Create new row with item CountDown.
[2020/07/29 10:05:33][I][WriteDataTocsv] Update complete.
[2020/07/29 10:05:33][WriteRFDataTocsv][I] Update testscript CountDown's data.
[2020/07/29 10:05:33][I][WriteRFDataTocsv] Update complete.
[2020/07/29 10:06:16][I][WriteDataTocsv] Create new row with item WaitConnect.
[2020/07/29 10:06:16][I][WriteDataTocsv] Update complete.
[2020/07/29 10:06:16][WriteRFDataTocsv][I] Update testscript WaitConnect's data.
[2020/07/29 10:06:16][I][WriteRFDataTocsv] Update complete.
[2020/07/29 10:06:16]--------------------DBUploading start--------------------
[2020/07/29 10:06:16][I][uploadData] Projcet name: GFI20
[2020/07/29 10:06:16][I][uploadData] Station name: BRF
[2020/07/29 10:06:16][I][tryConnectDatabase] Connect to MariaDB GFI20 database success!!
[2020/07/29 10:06:16][I][uploadData] Write data into BRF_GFI20Bootup
[2020/07/29 10:06:16][I][uploadData] Write data into BRF_CountDown
[2020/07/29 10:06:16][I][uploadData] Write data into BRF_WaitConnect
[2020/07/29 10:06:16][I][tryConnectDatabase] Connect to MariaDB GFI20_RF database success!!
[2020/07/29 10:06:16]---------- INI ----------
[2020/07/29 10:06:16][E][uploadData] Read MDUT.ini failed.
