[2020/07/29 11:23:56.403047]========== Start ==========
[2020/07/29 11:23:56.405053][I][class_E6640A_LTE] Initial class_E6640A_LTE
[2020/07/29 11:23:56.407058][I][class_E6640A_LTE] Version: 3.0.0.3
[2020/07/29 11:23:56.412071][I][connect_E6640A] Connect to E6640A
[2020/07/29 11:23:56.423100][I][connect_E6640A] Resource Manager of Visa Library at C:\Windows\system32\visa64.dll
[2020/07/29 11:23:56.473233][I][queryEx] E6640A <= *IDN?
[2020/07/29 11:23:56.477244][I][queryEx] E6640A => Keysight Technologies,E6640A,MY57150246,E.19.71
[2020/07/29 11:23:56.479249][I][set_Preset] System reset
[2020/07/29 11:23:56.480252][I][writeEx] E6640A <= *RST
[2020/07/29 11:23:56.482259][I][writeEx] E6640A <= *CLS
[2020/07/29 11:23:56.484264][I][writeEx] E6640A <= SYST:PRES
[2020/07/29 11:23:56.786974][I][queryEx] E6640A <= *OPC?
[2020/07/29 11:23:57.603563][I][queryEx] E6640A => 1
[2020/07/29 11:23:57.610545][I][set_Preset] System reset
[2020/07/29 11:23:57.612551][I][writeEx] E6640A <= *RST
[2020/07/29 11:23:57.614556][I][writeEx] E6640A <= *CLS
[2020/07/29 11:23:57.616562][I][writeEx] E6640A <= SYST:PRES
[2020/07/29 11:23:57.919365][I][queryEx] E6640A <= *OPC?
[2020/07/29 11:23:58.696431][I][queryEx] E6640A => 1
[2020/07/29 11:23:58.961135][I][set_Preset] System reset
[2020/07/29 11:23:58.963140][I][writeEx] E6640A <= *RST
[2020/07/29 11:23:58.965152][I][writeEx] E6640A <= *CLS
[2020/07/29 11:23:58.967151][I][writeEx] E6640A <= SYST:PRES
[2020/07/29 11:23:59.270959][I][queryEx] E6640A <= *OPC?
[2020/07/29 11:24:00.051038][I][queryEx] E6640A => 1
[2020/07/29 11:24:00.063890][I][set_Tx_Start] Set Tx start
[2020/07/29 11:24:00.066899][I][set_RFI_Port] Set input port
[2020/07/29 11:24:00.069906][I][writeEx] E6640A <= :FEED:RF:PORT:INPut RFIO1
[2020/07/29 11:24:00.072913][I][queryEx] E6640A <= :FEED:RF:PORT:INPut?
[2020/07/29 11:24:00.079092][I][queryEx] E6640A => RFIO1
[2020/07/29 11:24:00.082372][I][set_Modulation_Analysis] Set measurement function
[2020/07/29 11:24:00.085399][I][writeEx] E6640A <= INST:SEL LTEAFDD
[2020/07/29 11:24:00.389385][I][queryEx] E6640A <= *OPC?
[2020/07/29 11:24:00.399130][I][queryEx] E6640A => 1
[2020/07/29 11:24:00.402125][I][queryEx] E6640A <= INST:SEL?
[2020/07/29 11:24:00.407250][I][queryEx] E6640A => LTEAFDD
[2020/07/29 11:24:00.410519][I][writeEx] E6640A <= DISP:CHP:VIEW:WIND:TRAC:Y:COUP OFF
[2020/07/29 11:24:00.412632][I][set_Freq] Set frequence
[2020/07/29 11:24:00.414641][I][writeEx] E6640A <= :FREQuency:CENTer 897.4 MHz
[2020/07/29 11:24:00.417647][I][set_Continue] Set continue
[2020/07/29 11:24:00.419653][I][writeEx] E6640A <= :INIT:CONT ON
[2020/07/29 11:24:00.422679][I][set_Trigger_Free_Run] Set trigger free run
[2020/07/29 11:24:00.425045][I][writeEx] E6640A <= TRIG:CHP:SOUR IMM
[2020/07/29 11:24:00.728549][I][queryEx] E6640A <= *OPC?
[2020/07/29 11:24:00.741208][I][queryEx] E6640A => 1
[2020/07/29 11:24:05.355503][I][chk_Tx_Result] Check Tx result
[2020/07/29 11:24:05.362260][I][set_Limit_Range] Set reference value
[2020/07/29 11:24:05.364886][I][writeEx] E6640A <= DISP:CHP:VIEW:WIND:TRAC:Y:RLEV 30.0 dBm
[2020/07/29 11:24:05.668060][I][queryEx] E6640A <= *OPC?
[2020/07/29 11:24:05.675853][I][queryEx] E6640A => 1
[2020/07/29 11:24:05.679858][I][set_Limit_Range] Set power range
[2020/07/29 11:24:05.683869][I][writeEx] E6640A <= :POW:RANG 30.0 dBm
[2020/07/29 11:24:05.989586][I][queryEx] E6640A <= *OPC?
[2020/07/29 11:24:05.999210][I][queryEx] E6640A => 1
[2020/07/29 11:24:06.002214][I][set_Trigger_Video] Set trigger video
[2020/07/29 11:24:06.005559][I][writeEx] E6640A <= TRIG:CHP:SOUR IF
[2020/07/29 11:24:06.309391][I][queryEx] E6640A <= *OPC?
[2020/07/29 11:24:06.317558][I][queryEx] E6640A => 1
[2020/07/29 11:24:06.422138][I][set_Trigger_Free_Run] Set trigger free run
[2020/07/29 11:24:06.433176][I][writeEx] E6640A <= TRIG:CHP:SOUR IMM
[2020/07/29 11:24:06.741106][I][queryEx] E6640A <= *OPC?
[2020/07/29 11:24:06.755374][I][queryEx] E6640A => 1
[2020/07/29 11:24:06.761107][I][get_Power] Get Tx power
[2020/07/29 11:24:06.763113][I][queryEx] E6640A <= :FETCh:CHPower:CHPower?
[2020/07/29 11:24:06.769520][I][queryEx] E6640A => 1.448564148E+01
[2020/07/29 11:24:06.772152][I][chk_Tx_Result] Tx power(add loss: 8.500000) = 22.986000 dBm
[2020/07/29 11:24:06.776167][I][set_Continue] Set continue
[2020/07/29 11:24:06.779067][I][writeEx] E6640A <= :INIT:CONT ON
[2020/07/29 11:24:08.744248][I][set_Preset] System reset
[2020/07/29 11:24:08.746255][I][writeEx] E6640A <= *RST
[2020/07/29 11:24:08.749263][I][writeEx] E6640A <= *CLS
[2020/07/29 11:24:08.753189][I][writeEx] E6640A <= SYST:PRES
[2020/07/29 11:24:09.057545][I][queryEx] E6640A <= *OPC?
[2020/07/29 11:24:09.816115][I][queryEx] E6640A => 1
[2020/07/29 11:24:09.829090][I][set_Tx_Start] Set Tx start
[2020/07/29 11:24:09.832061][I][set_RFI_Port] Set input port
[2020/07/29 11:24:09.835106][I][writeEx] E6640A <= :FEED:RF:PORT:INPut RFIO1
[2020/07/29 11:24:09.838077][I][queryEx] E6640A <= :FEED:RF:PORT:INPut?
[2020/07/29 11:24:09.843873][I][queryEx] E6640A => RFIO1
[2020/07/29 11:24:09.847178][I][set_Modulation_Analysis] Set measurement function
[2020/07/29 11:24:09.849184][I][writeEx] E6640A <= INST:SEL LTEAFDD
[2020/07/29 11:24:10.153579][I][queryEx] E6640A <= *OPC?
[2020/07/29 11:24:10.161101][I][queryEx] E6640A => 1
[2020/07/29 11:24:10.164121][I][queryEx] E6640A <= INST:SEL?
[2020/07/29 11:24:10.170298][I][queryEx] E6640A => LTEAFDD
[2020/07/29 11:24:10.175316][I][writeEx] E6640A <= DISP:CHP:VIEW:WIND:TRAC:Y:COUP OFF
[2020/07/29 11:24:10.179324][I][set_Freq] Set frequence
[2020/07/29 11:24:10.183313][I][writeEx] E6640A <= :FREQuency:CENTer 1950.0 MHz
[2020/07/29 11:24:10.186323][I][set_Continue] Set continue
[2020/07/29 11:24:10.190608][I][writeEx] E6640A <= :INIT:CONT ON
[2020/07/29 11:24:10.194301][I][set_Trigger_Free_Run] Set trigger free run
[2020/07/29 11:24:10.197310][I][writeEx] E6640A <= TRIG:CHP:SOUR IMM
[2020/07/29 11:24:10.502707][I][queryEx] E6640A <= *OPC?
[2020/07/29 11:24:10.510546][I][queryEx] E6640A => 1
[2020/07/29 11:24:14.869626][I][chk_Tx_Result] Check Tx result
[2020/07/29 11:24:14.874618][I][set_Limit_Range] Set reference value
[2020/07/29 11:24:14.877665][I][writeEx] E6640A <= DISP:CHP:VIEW:WIND:TRAC:Y:RLEV 30.0 dBm
[2020/07/29 11:24:15.182701][I][queryEx] E6640A <= *OPC?
[2020/07/29 11:24:15.190732][I][queryEx] E6640A => 1
[2020/07/29 11:24:15.196749][I][set_Limit_Range] Set power range
[2020/07/29 11:24:15.199755][I][writeEx] E6640A <= :POW:RANG 30.0 dBm
[2020/07/29 11:24:15.505029][I][queryEx] E6640A <= *OPC?
[2020/07/29 11:24:15.514257][I][queryEx] E6640A => 1
[2020/07/29 11:24:15.518608][I][set_Trigger_Video] Set trigger video
[2020/07/29 11:24:15.521857][I][writeEx] E6640A <= TRIG:CHP:SOUR IF
[2020/07/29 11:24:15.826557][I][queryEx] E6640A <= *OPC?
[2020/07/29 11:24:15.836114][I][queryEx] E6640A => 1
[2020/07/29 11:24:15.941600][I][set_Trigger_Free_Run] Set trigger free run
[2020/07/29 11:24:15.954403][I][writeEx] E6640A <= TRIG:CHP:SOUR IMM
[2020/07/29 11:24:16.262690][I][queryEx] E6640A <= *OPC?
[2020/07/29 11:24:16.278891][I][queryEx] E6640A => 1
[2020/07/29 11:24:16.290986][I][get_Power] Get Tx power
[2020/07/29 11:24:16.297020][I][queryEx] E6640A <= :FETCh:CHPower:CHPower?
[2020/07/29 11:24:16.303320][I][queryEx] E6640A => 1.175666428E+01
[2020/07/29 11:24:16.307370][I][chk_Tx_Result] Tx power(add loss: 9.200000) = 20.957000 dBm
[2020/07/29 11:24:16.311248][I][set_Continue] Set continue
[2020/07/29 11:24:16.314379][I][writeEx] E6640A <= :INIT:CONT ON
[2020/07/29 11:24:18.274713][I][set_Preset] System reset
[2020/07/29 11:24:18.277981][I][writeEx] E6640A <= *RST
[2020/07/29 11:24:18.281204][I][writeEx] E6640A <= *CLS
[2020/07/29 11:24:18.284268][I][writeEx] E6640A <= SYST:PRES
[2020/07/29 11:24:18.588496][I][queryEx] E6640A <= *OPC?
[2020/07/29 11:24:19.299026][I][queryEx] E6640A => 1
[2020/07/29 11:24:19.324183][I][set_Tx_Start] Set Tx start
[2020/07/29 11:24:19.327426][I][set_RFI_Port] Set input port
[2020/07/29 11:24:19.330436][I][writeEx] E6640A <= :FEED:RF:PORT:INPut RFIO1
[2020/07/29 11:24:19.333488][I][queryEx] E6640A <= :FEED:RF:PORT:INPut?
[2020/07/29 11:24:19.339602][I][queryEx] E6640A => RFIO1
[2020/07/29 11:24:19.342468][I][set_Modulation_Analysis] Set measurement function
[2020/07/29 11:24:19.346478][I][writeEx] E6640A <= INST:SEL LTEAFDD
[2020/07/29 11:24:19.651306][I][queryEx] E6640A <= *OPC?
[2020/07/29 11:24:19.660329][I][queryEx] E6640A => 1
[2020/07/29 11:24:19.665496][I][queryEx] E6640A <= INST:SEL?
[2020/07/29 11:24:19.671515][I][queryEx] E6640A => LTEAFDD
[2020/07/29 11:24:19.676565][I][writeEx] E6640A <= DISP:CHP:VIEW:WIND:TRAC:Y:COUP OFF
[2020/07/29 11:24:19.681170][I][set_Freq] Set frequence
[2020/07/29 11:24:19.684583][I][writeEx] E6640A <= :FREQuency:CENTer 914.8 MHz
[2020/07/29 11:24:19.687628][I][set_Continue] Set continue
[2020/07/29 11:24:19.691658][I][writeEx] E6640A <= :INIT:CONT ON
[2020/07/29 11:24:19.696013][I][set_Trigger_Free_Run] Set trigger free run
[2020/07/29 11:24:19.699023][I][writeEx] E6640A <= TRIG:CHP:SOUR IMM
[2020/07/29 11:24:20.004550][I][queryEx] E6640A <= *OPC?
[2020/07/29 11:24:20.015656][I][queryEx] E6640A => 1
[2020/07/29 11:24:23.034545][I][chk_Tx_Result] Check Tx result
[2020/07/29 11:24:23.040738][I][set_Limit_Range] Set reference value
[2020/07/29 11:24:23.044536][I][writeEx] E6640A <= DISP:CHP:VIEW:WIND:TRAC:Y:RLEV 30.0 dBm
[2020/07/29 11:24:23.349367][I][queryEx] E6640A <= *OPC?
[2020/07/29 11:24:23.360077][I][queryEx] E6640A => 1
[2020/07/29 11:24:23.364274][I][set_Limit_Range] Set power range
[2020/07/29 11:24:23.367285][I][writeEx] E6640A <= :POW:RANG 30.0 dBm
[2020/07/29 11:24:23.671529][I][queryEx] E6640A <= *OPC?
[2020/07/29 11:24:23.680188][I][queryEx] E6640A => 1
[2020/07/29 11:24:25.684899][I][set_Trigger_Video] Set trigger video
[2020/07/29 11:24:25.688915][I][writeEx] E6640A <= TRIG:CHP:SOUR IF
[2020/07/29 11:24:25.994762][I][queryEx] E6640A <= *OPC?
[2020/07/29 11:24:26.004185][I][queryEx] E6640A => 1
[2020/07/29 11:24:26.008446][I][get_Power] Get Tx power
[2020/07/29 11:24:26.011975][I][queryEx] E6640A <= :FETCh:CHPower:CHPower?
[2020/07/29 11:24:26.636766][I][queryEx] E6640A => 2.297816467E+01
[2020/07/29 11:24:26.644724][I][chk_Tx_Result] Tx power(add loss: 8.500000) = 31.478000 dBm
[2020/07/29 11:24:26.648735][I][set_Continue] Set continue
[2020/07/29 11:24:26.652357][I][writeEx] E6640A <= :INIT:CONT ON
[2020/07/29 11:24:28.390562][I][set_Preset] System reset
[2020/07/29 11:24:28.394412][I][writeEx] E6640A <= *RST
[2020/07/29 11:24:28.397871][I][writeEx] E6640A <= *CLS
[2020/07/29 11:24:28.401302][I][writeEx] E6640A <= SYST:PRES
[2020/07/29 11:24:28.704942][I][queryEx] E6640A <= *OPC?
[2020/07/29 11:24:29.371314][I][queryEx] E6640A => 1
[2020/07/29 11:24:29.386109][I][set_Rx_Waveform] Set Rx waveform
[2020/07/29 11:24:29.389119][I][set_RFO_Port] Set output port
[2020/07/29 11:24:29.392128][I][writeEx] E6640A <= :FEED:RF:PORT:OUTPut RFIO1
[2020/07/29 11:24:29.396214][I][queryEx] E6640A <= :FEED:RF:PORT:OUTPut?
[2020/07/29 11:24:29.402104][I][queryEx] E6640A => RFIO1
[2020/07/29 11:24:29.406090][I][set_OneTone_Freq] Set One Tone frequence
[2020/07/29 11:24:29.409099][I][writeEx] E6640A <= :SOUR:FREQ 959.8 MHz
[2020/07/29 11:24:29.413111][I][set_OneTone_Power] Set One Tone power
[2020/07/29 11:24:29.416777][I][writeEx] E6640A <= :SOURce:POWer -51.5
[2020/07/29 11:24:29.419786][I][loading_Waveform] Load waveform
[2020/07/29 11:24:29.423985][I][queryEx] E6640A <= :SOURce:RADio:ARB:CATalog?
[2020/07/29 11:24:29.484586][I][queryEx] E6640A => 9600,4184704,"CTX10_RFLTE_20160809.wfm"
[2020/07/29 11:24:29.492610][I][writeEx] E6640A <= :SOUR:RAD:ARB:WAV "D:\NVARB\CTX10_RFLTE_20160809.wfm"
[2020/07/29 11:24:29.801535][I][queryEx] E6640A <= *OPC?
[2020/07/29 11:24:29.819274][I][queryEx] E6640A => 1
[2020/07/29 11:24:29.831198][I][set_ARB_ON] Set ARB ON
[2020/07/29 11:24:29.837576][I][writeEx] E6640A <= :SOUR:RAD:ARB ON
[2020/07/29 11:24:29.841286][I][set_Sample_Rate] Set Sample Rate
[2020/07/29 11:24:29.844297][I][writeEx] E6640A <= SOUR:RAD:ARB:SCL:RATE 100.0 kHz
[2020/07/29 11:24:29.848048][I][set_Modulation_ON] Set ARB ON
[2020/07/29 11:24:29.851057][I][writeEx] E6640A <= :OUTP:MOD ON
[2020/07/29 11:24:29.858076][I][set_OneTone_Start] Set One Tone start
[2020/07/29 11:24:29.861965][I][writeEx] E6640A <= OUTP ON
[2020/07/29 11:24:36.261309][I][set_OneTone_Stop] Set One Tone stop
[2020/07/29 11:24:36.276312][I][writeEx] E6640A <= OUTP OFF
[2020/07/29 11:24:54.170533][I][disconnect_E6640A] Disconnect E6640A
[2020/07/29 11:24:54.175517][I][set_Preset] System reset
[2020/07/29 11:24:54.179527][I][writeEx] E6640A <= *RST
[2020/07/29 11:24:54.182535][I][writeEx] E6640A <= *CLS
[2020/07/29 11:24:54.186838][I][writeEx] E6640A <= SYST:PRES
[2020/07/29 11:24:54.491656][I][queryEx] E6640A <= *OPC?
[2020/07/29 11:24:55.151192][I][queryEx] E6640A => 1
[2020/07/29 11:24:55.158357]========== End ==========
