[2020/07/29 03:19:49]============== Control PS_Keysight66321B ==============
[2020/07/29 03:19:50]List resource: ['GPIB0::5::INSTR', 'ASRL1::INSTR', 'TCPIP0::192.168.1.2::hislip0::INSTR']
[2020/07/29 03:19:50]Power Supply: control 66321B successfully
[2020/07/29 03:19:50]Power Supply send: *RST
[2020/07/29 03:19:50]Power Supply send: *IDN?
[2020/07/29 03:19:50]Power Supply recv: Agilent Technologies,66321B,0,A.03.01

[2020/07/29 03:19:50]Power Supply is: Agilent Technologies,66321B,0,A.03.01
 

[2020/07/29 03:19:50]Power Supply send: CURR:PROT:STAT 1
[2020/07/29 03:19:50]Power Supply send: CURR:PROT:STAT?
[2020/07/29 03:19:50]Power Supply recv: 1

[2020/07/29 03:19:50]Power Supply send: VOLT 12.0
[2020/07/29 03:19:50]Power Supply send: VOLT?
[2020/07/29 03:19:50]Power Supply recv: 1.20000E+1

[2020/07/29 03:19:50]Power Supply send: CURR 1.0
[2020/07/29 03:19:50]Power Supply send: CURR?
[2020/07/29 03:19:50]Power Supply recv: 1.00000E+0

[2020/07/29 03:19:50]Power Supply send: OUTP 1
[2020/07/29 03:19:50]Power Supply send: OUTP?
[2020/07/29 03:19:50]Power Supply recv: 1

[2020/07/29 03:20:46]============== Control PS_Keysight66321B ==============
[2020/07/29 03:20:46]List resource: ['GPIB0::5::INSTR', 'ASRL1::INSTR', 'TCPIP0::192.168.1.2::hislip0::INSTR', 'ASRL14::INSTR', 'ASRL15::INSTR', 'ASRL16::INSTR', 'ASRL17::INSTR', 'ASRL19::INSTR', 'ASRL20::INSTR']
[2020/07/29 03:20:46]Power Supply: control 66321B successfully
[2020/07/29 03:20:46]Power Supply send: *IDN?
[2020/07/29 03:20:46]Power Supply recv: Agilent Technologies,66321B,0,A.03.01

[2020/07/29 03:20:46]Power Supply is: Agilent Technologies,66321B,0,A.03.01
 

[2020/07/29 03:21:00]Power Supply send: MEAS:CURR?
[2020/07/29 03:21:00]Power Supply recv: 9.82285E-2

[2020/07/29 03:21:12]Power Supply send: MEAS:CURR?
[2020/07/29 03:21:12]Power Supply recv: 1.01566E-1

[2020/07/29 03:21:27]Power Supply send: MEAS:CURR?
[2020/07/29 03:21:27]Power Supply recv: 8.00200E-2

[2020/07/29 03:21:38]Power Supply send: MEAS:CURR?
[2020/07/29 03:21:39]Power Supply recv: 9.57281E-2

[2020/07/29 03:21:54]Power Supply send: MEAS:CURR?
[2020/07/29 03:21:54]Power Supply recv: 1.00326E-1

[2020/07/29 03:22:06]Power Supply send: MEAS:CURR?
[2020/07/29 03:22:06]Power Supply recv: 7.77532E-2

[2020/07/29 03:23:03]============== Control PS_Keysight66321B ==============
[2020/07/29 03:23:04]List resource: ['GPIB0::5::INSTR', 'ASRL1::INSTR', 'TCPIP0::192.168.1.2::hislip0::INSTR']
[2020/07/29 03:23:04]Power Supply: control 66321B successfully
[2020/07/29 03:23:04]Power Supply send: *IDN?
[2020/07/29 03:23:04]Power Supply recv: Agilent Technologies,66321B,0,A.03.01

[2020/07/29 03:23:04]Power Supply is: Agilent Technologies,66321B,0,A.03.01
 

[2020/07/29 03:23:12]Power Supply send: MEAS:CURR?
[2020/07/29 03:23:12]Power Supply recv: 2.43064E-1

[2020/07/29 03:23:22]Power Supply send: MEAS:CURR?
[2020/07/29 03:23:22]Power Supply recv: 2.17089E-1

[2020/07/29 03:23:32]Power Supply send: MEAS:CURR?
[2020/07/29 03:23:32]Power Supply recv: 1.48641E-1

[2020/07/29 03:24:05]============== Control PS_Keysight66321B ==============
[2020/07/29 03:24:05]List resource: ['GPIB0::5::INSTR', 'ASRL1::INSTR', 'TCPIP0::192.168.1.2::hislip0::INSTR', 'ASRL14::INSTR', 'ASRL15::INSTR', 'ASRL16::INSTR', 'ASRL17::INSTR', 'ASRL19::INSTR', 'ASRL20::INSTR']
[2020/07/29 03:24:05]Power Supply: control 66321B successfully
[2020/07/29 03:24:05]Power Supply send: *RST
[2020/07/29 03:24:05]Power Supply send: *IDN?
[2020/07/29 03:24:05]Power Supply recv: Agilent Technologies,66321B,0,A.03.01

[2020/07/29 03:24:05]Power Supply is: Agilent Technologies,66321B,0,A.03.01
 

[2020/07/29 03:24:05]Power Supply send: OUTP 0
[2020/07/29 03:24:05]Power Supply send: OUTP?
[2020/07/29 03:24:05]Power Supply recv: 0

