[2020/07/28 21:11:48.062537]========== Start ==========
[2020/07/28 21:11:48.064541][I][class_E6640A_LTE] Initial class_E6640A_LTE
[2020/07/28 21:11:48.066548][I][class_E6640A_LTE] Version: 3.0.0.3
[2020/07/28 21:11:48.071562][I][connect_E6640A] Connect to E6640A
[2020/07/28 21:11:48.082591][I][connect_E6640A] Resource Manager of Visa Library at C:\Windows\system32\visa32.dll
[2020/07/28 21:11:48.132723][I][queryEx] E6640A <= *IDN?
[2020/07/28 21:11:48.137739][I][queryEx] E6640A => Keysight Technologies,E6640A,MY57150246,E.19.71
[2020/07/28 21:11:48.139743][I][set_Preset] System reset
[2020/07/28 21:11:48.142748][I][writeEx] E6640A <= *RST
[2020/07/28 21:11:48.144754][I][writeEx] E6640A <= *CLS
[2020/07/28 21:11:48.146762][I][writeEx] E6640A <= SYST:PRES
[2020/07/28 21:11:48.450568][I][queryEx] E6640A <= *OPC?
[2020/07/28 21:11:49.217215][I][queryEx] E6640A => 1
[2020/07/28 21:11:49.225545][I][set_Preset] System reset
[2020/07/28 21:11:49.227550][I][writeEx] E6640A <= *RST
[2020/07/28 21:11:49.229556][I][writeEx] E6640A <= *CLS
[2020/07/28 21:11:49.231561][I][writeEx] E6640A <= SYST:PRES
[2020/07/28 21:11:49.533982][I][queryEx] E6640A <= *OPC?
[2020/07/28 21:11:50.270609][I][queryEx] E6640A => 1
[2020/07/28 21:11:50.535862][I][set_Preset] System reset
[2020/07/28 21:11:50.538884][I][writeEx] E6640A <= *RST
[2020/07/28 21:11:50.540875][I][writeEx] E6640A <= *CLS
[2020/07/28 21:11:50.543883][I][writeEx] E6640A <= SYST:PRES
[2020/07/28 21:11:50.846853][I][queryEx] E6640A <= *OPC?
[2020/07/28 21:11:51.581628][I][queryEx] E6640A => 1
[2020/07/28 21:11:51.592648][I][set_Tx_Start] Set Tx start
[2020/07/28 21:11:51.595177][I][set_RFI_Port] Set input port
[2020/07/28 21:11:51.597187][I][writeEx] E6640A <= :FEED:RF:PORT:INPut RFIO1
[2020/07/28 21:11:51.599224][I][queryEx] E6640A <= :FEED:RF:PORT:INPut?
[2020/07/28 21:11:51.603673][I][queryEx] E6640A => RFIO1
[2020/07/28 21:11:51.605688][I][set_Modulation_Analysis] Set measurement function
[2020/07/28 21:11:51.609021][I][writeEx] E6640A <= INST:SEL LTEAFDD
[2020/07/28 21:11:51.911675][I][queryEx] E6640A <= *OPC?
[2020/07/28 21:11:51.921297][I][queryEx] E6640A => 1
[2020/07/28 21:11:51.924823][I][queryEx] E6640A <= INST:SEL?
[2020/07/28 21:11:51.942254][I][queryEx] E6640A => LTEAFDD
[2020/07/28 21:11:51.945223][I][writeEx] E6640A <= DISP:CHP:VIEW:WIND:TRAC:Y:COUP OFF
[2020/07/28 21:11:51.948043][I][set_Freq] Set frequence
[2020/07/28 21:11:51.950054][I][writeEx] E6640A <= :FREQuency:CENTer 897.4 MHz
[2020/07/28 21:11:51.953060][I][set_Continue] Set continue
[2020/07/28 21:11:51.955423][I][writeEx] E6640A <= :INIT:CONT ON
[2020/07/28 21:11:51.957432][I][set_Trigger_Free_Run] Set trigger free run
[2020/07/28 21:11:51.960447][I][writeEx] E6640A <= TRIG:CHP:SOUR IMM
[2020/07/28 21:11:52.264493][I][queryEx] E6640A <= *OPC?
[2020/07/28 21:11:52.273367][I][queryEx] E6640A => 1
[2020/07/28 21:11:56.834892][I][chk_Tx_Result] Check Tx result
[2020/07/28 21:11:56.841662][I][set_Limit_Range] Set reference value
[2020/07/28 21:11:56.844260][I][writeEx] E6640A <= DISP:CHP:VIEW:WIND:TRAC:Y:RLEV 30.0 dBm
[2020/07/28 21:11:57.147662][I][queryEx] E6640A <= *OPC?
[2020/07/28 21:11:57.156395][I][queryEx] E6640A => 1
[2020/07/28 21:11:57.159410][I][set_Limit_Range] Set power range
[2020/07/28 21:11:57.162914][I][writeEx] E6640A <= :POW:RANG 30.0 dBm
[2020/07/28 21:11:57.466775][I][queryEx] E6640A <= *OPC?
[2020/07/28 21:11:57.474791][I][queryEx] E6640A => 1
[2020/07/28 21:11:57.478436][I][set_Trigger_Video] Set trigger video
[2020/07/28 21:11:57.481145][I][writeEx] E6640A <= TRIG:CHP:SOUR IF
[2020/07/28 21:11:57.785346][I][queryEx] E6640A <= *OPC?
[2020/07/28 21:11:57.792674][I][queryEx] E6640A => 1
[2020/07/28 21:11:57.897740][I][set_Trigger_Free_Run] Set trigger free run
[2020/07/28 21:11:57.908723][I][writeEx] E6640A <= TRIG:CHP:SOUR IMM
[2020/07/28 21:11:58.217353][I][queryEx] E6640A <= *OPC?
[2020/07/28 21:11:58.227225][I][queryEx] E6640A => 1
[2020/07/28 21:11:58.230238][I][get_Power] Get Tx power
[2020/07/28 21:11:58.233247][I][queryEx] E6640A <= :FETCh:CHPower:CHPower?
[2020/07/28 21:11:58.241490][I][queryEx] E6640A => 1.436641693E+01
[2020/07/28 21:11:58.245114][I][chk_Tx_Result] Tx power(add loss: 8.500000) = 22.866000 dBm
[2020/07/28 21:11:58.248238][I][set_Continue] Set continue
[2020/07/28 21:11:58.251249][I][writeEx] E6640A <= :INIT:CONT ON
[2020/07/28 21:12:00.418126][I][set_Preset] System reset
[2020/07/28 21:12:00.420715][I][writeEx] E6640A <= *RST
[2020/07/28 21:12:00.423968][I][writeEx] E6640A <= *CLS
[2020/07/28 21:12:00.426972][I][writeEx] E6640A <= SYST:PRES
[2020/07/28 21:12:00.731307][I][queryEx] E6640A <= *OPC?
[2020/07/28 21:12:01.452056][I][queryEx] E6640A => 1
[2020/07/28 21:12:01.464985][I][set_Tx_Start] Set Tx start
[2020/07/28 21:12:01.467997][I][set_RFI_Port] Set input port
[2020/07/28 21:12:01.471070][I][writeEx] E6640A <= :FEED:RF:PORT:INPut RFIO1
[2020/07/28 21:12:01.473678][I][queryEx] E6640A <= :FEED:RF:PORT:INPut?
[2020/07/28 21:12:01.479346][I][queryEx] E6640A => RFIO1
[2020/07/28 21:12:01.482074][I][set_Modulation_Analysis] Set measurement function
[2020/07/28 21:12:01.485264][I][writeEx] E6640A <= INST:SEL LTEAFDD
[2020/07/28 21:12:01.789630][I][queryEx] E6640A <= *OPC?
[2020/07/28 21:12:01.800029][I][queryEx] E6640A => 1
[2020/07/28 21:12:01.803701][I][queryEx] E6640A <= INST:SEL?
[2020/07/28 21:12:01.808950][I][queryEx] E6640A => LTEAFDD
[2020/07/28 21:12:01.812240][I][writeEx] E6640A <= DISP:CHP:VIEW:WIND:TRAC:Y:COUP OFF
[2020/07/28 21:12:01.815787][I][set_Freq] Set frequence
[2020/07/28 21:12:01.818834][I][writeEx] E6640A <= :FREQuency:CENTer 1950.0 MHz
[2020/07/28 21:12:01.822038][I][set_Continue] Set continue
[2020/07/28 21:12:01.824911][I][writeEx] E6640A <= :INIT:CONT ON
[2020/07/28 21:12:01.828413][I][set_Trigger_Free_Run] Set trigger free run
[2020/07/28 21:12:01.831424][I][writeEx] E6640A <= TRIG:CHP:SOUR IMM
[2020/07/28 21:12:02.136666][I][queryEx] E6640A <= *OPC?
[2020/07/28 21:12:02.145812][I][queryEx] E6640A => 1
[2020/07/28 21:12:06.486489][I][chk_Tx_Result] Check Tx result
[2020/07/28 21:12:06.491653][I][set_Limit_Range] Set reference value
[2020/07/28 21:12:06.494841][I][writeEx] E6640A <= DISP:CHP:VIEW:WIND:TRAC:Y:RLEV 30.0 dBm
[2020/07/28 21:12:06.799839][I][queryEx] E6640A <= *OPC?
[2020/07/28 21:12:06.809143][I][queryEx] E6640A => 1
[2020/07/28 21:12:06.812775][I][set_Limit_Range] Set power range
[2020/07/28 21:12:06.815786][I][writeEx] E6640A <= :POW:RANG 30.0 dBm
[2020/07/28 21:12:07.119699][I][queryEx] E6640A <= *OPC?
[2020/07/28 21:12:07.129830][I][queryEx] E6640A => 1
[2020/07/28 21:12:07.132839][I][set_Trigger_Video] Set trigger video
[2020/07/28 21:12:07.136872][I][writeEx] E6640A <= TRIG:CHP:SOUR IF
[2020/07/28 21:12:07.441869][I][queryEx] E6640A <= *OPC?
[2020/07/28 21:12:07.452676][I][queryEx] E6640A => 1
[2020/07/28 21:12:07.556559][I][set_Trigger_Free_Run] Set trigger free run
[2020/07/28 21:12:07.560574][I][writeEx] E6640A <= TRIG:CHP:SOUR IMM
[2020/07/28 21:12:07.865713][I][queryEx] E6640A <= *OPC?
[2020/07/28 21:12:07.874818][I][queryEx] E6640A => 1
[2020/07/28 21:12:07.878470][I][get_Power] Get Tx power
[2020/07/28 21:12:07.881480][I][queryEx] E6640A <= :FETCh:CHPower:CHPower?
[2020/07/28 21:12:07.887612][I][queryEx] E6640A => 1.171831512E+01
[2020/07/28 21:12:07.891973][I][chk_Tx_Result] Tx power(add loss: 9.200000) = 20.918000 dBm
[2020/07/28 21:12:07.895120][I][set_Continue] Set continue
[2020/07/28 21:12:07.898166][I][writeEx] E6640A <= :INIT:CONT ON
[2020/07/28 21:12:09.833842][I][set_Preset] System reset
[2020/07/28 21:12:09.836851][I][writeEx] E6640A <= *RST
[2020/07/28 21:12:09.839859][I][writeEx] E6640A <= *CLS
[2020/07/28 21:12:09.842867][I][writeEx] E6640A <= SYST:PRES
[2020/07/28 21:12:10.146741][I][queryEx] E6640A <= *OPC?
[2020/07/28 21:12:10.858800][I][queryEx] E6640A => 1
[2020/07/28 21:12:10.873773][I][set_Tx_Start] Set Tx start
[2020/07/28 21:12:10.876784][I][set_RFI_Port] Set input port
[2020/07/28 21:12:10.880314][I][writeEx] E6640A <= :FEED:RF:PORT:INPut RFIO1
[2020/07/28 21:12:10.883523][I][queryEx] E6640A <= :FEED:RF:PORT:INPut?
[2020/07/28 21:12:10.889111][I][queryEx] E6640A => RFIO1
[2020/07/28 21:12:10.892063][I][set_Modulation_Analysis] Set measurement function
[2020/07/28 21:12:10.895074][I][writeEx] E6640A <= INST:SEL LTEAFDD
[2020/07/28 21:12:11.198768][I][queryEx] E6640A <= *OPC?
[2020/07/28 21:12:11.207729][I][queryEx] E6640A => 1
[2020/07/28 21:12:11.211745][I][queryEx] E6640A <= INST:SEL?
[2020/07/28 21:12:11.218018][I][queryEx] E6640A => LTEAFDD
[2020/07/28 21:12:11.221786][I][writeEx] E6640A <= DISP:CHP:VIEW:WIND:TRAC:Y:COUP OFF
[2020/07/28 21:12:11.224780][I][set_Freq] Set frequence
[2020/07/28 21:12:11.228780][I][writeEx] E6640A <= :FREQuency:CENTer 914.8 MHz
[2020/07/28 21:12:11.231823][I][set_Continue] Set continue
[2020/07/28 21:12:11.235603][I][writeEx] E6640A <= :INIT:CONT ON
[2020/07/28 21:12:11.238621][I][set_Trigger_Free_Run] Set trigger free run
[2020/07/28 21:12:11.241656][I][writeEx] E6640A <= TRIG:CHP:SOUR IMM
[2020/07/28 21:12:11.548996][I][queryEx] E6640A <= *OPC?
[2020/07/28 21:12:11.557010][I][queryEx] E6640A => 1
[2020/07/28 21:12:14.565850][I][chk_Tx_Result] Check Tx result
[2020/07/28 21:12:14.571866][I][set_Limit_Range] Set reference value
[2020/07/28 21:12:14.575804][I][writeEx] E6640A <= DISP:CHP:VIEW:WIND:TRAC:Y:RLEV 30.0 dBm
[2020/07/28 21:12:14.880401][I][queryEx] E6640A <= *OPC?
[2020/07/28 21:12:14.890829][I][queryEx] E6640A => 1
[2020/07/28 21:12:14.894626][I][set_Limit_Range] Set power range
[2020/07/28 21:12:14.897947][I][writeEx] E6640A <= :POW:RANG 30.0 dBm
[2020/07/28 21:12:15.202689][I][queryEx] E6640A <= *OPC?
[2020/07/28 21:12:15.212139][I][queryEx] E6640A => 1
[2020/07/28 21:12:17.217935][I][set_Trigger_Video] Set trigger video
[2020/07/28 21:12:17.225911][I][writeEx] E6640A <= TRIG:CHP:SOUR IF
[2020/07/28 21:12:17.530889][I][queryEx] E6640A <= *OPC?
[2020/07/28 21:12:17.539752][I][queryEx] E6640A => 1
[2020/07/28 21:12:17.544384][I][get_Power] Get Tx power
[2020/07/28 21:12:17.547393][I][queryEx] E6640A <= :FETCh:CHPower:CHPower?
[2020/07/28 21:12:18.179819][I][queryEx] E6640A => 2.304673195E+01
[2020/07/28 21:12:18.193851][I][chk_Tx_Result] Tx power(add loss: 8.500000) = 31.547000 dBm
[2020/07/28 21:12:18.203878][I][set_Continue] Set continue
[2020/07/28 21:12:18.210816][I][writeEx] E6640A <= :INIT:CONT ON
[2020/07/28 21:12:19.951238][I][set_Preset] System reset
[2020/07/28 21:12:19.954278][I][writeEx] E6640A <= *RST
[2020/07/28 21:12:19.958257][I][writeEx] E6640A <= *CLS
[2020/07/28 21:12:19.961296][I][writeEx] E6640A <= SYST:PRES
[2020/07/28 21:12:20.266887][I][queryEx] E6640A <= *OPC?
[2020/07/28 21:12:21.463460][I][queryEx] E6640A => 1
[2020/07/28 21:12:21.478360][I][set_Rx_Waveform] Set Rx waveform
[2020/07/28 21:12:21.481881][I][set_RFO_Port] Set output port
[2020/07/28 21:12:21.485169][I][writeEx] E6640A <= :FEED:RF:PORT:OUTPut RFIO1
[2020/07/28 21:12:21.488527][I][queryEx] E6640A <= :FEED:RF:PORT:OUTPut?
[2020/07/28 21:12:21.494298][I][queryEx] E6640A => RFIO1
[2020/07/28 21:12:21.497312][I][set_OneTone_Freq] Set One Tone frequence
[2020/07/28 21:12:21.500355][I][writeEx] E6640A <= :SOUR:FREQ 959.8 MHz
[2020/07/28 21:12:21.503324][I][set_OneTone_Power] Set One Tone power
[2020/07/28 21:12:21.507334][I][writeEx] E6640A <= :SOURce:POWer -51.5
[2020/07/28 21:12:21.510342][I][loading_Waveform] Load waveform
[2020/07/28 21:12:21.513351][I][queryEx] E6640A <= :SOURce:RADio:ARB:CATalog?
[2020/07/28 21:12:21.585003][I][queryEx] E6640A => 9600,4184704,"CTX10_RFLTE_20160809.wfm"
[2020/07/28 21:12:21.597033][I][writeEx] E6640A <= :SOUR:RAD:ARB:WAV "D:\NVARB\CTX10_RFLTE_20160809.wfm"
[2020/07/28 21:12:21.909664][I][queryEx] E6640A <= *OPC?
[2020/07/28 21:12:21.919252][I][queryEx] E6640A => 1
[2020/07/28 21:12:21.923275][I][set_ARB_ON] Set ARB ON
[2020/07/28 21:12:21.926284][I][writeEx] E6640A <= :SOUR:RAD:ARB ON
[2020/07/28 21:12:21.930299][I][set_Sample_Rate] Set Sample Rate
[2020/07/28 21:12:21.933896][I][writeEx] E6640A <= SOUR:RAD:ARB:SCL:RATE 100.0 kHz
[2020/07/28 21:12:21.936906][I][set_Modulation_ON] Set ARB ON
[2020/07/28 21:12:21.940917][I][writeEx] E6640A <= :OUTP:MOD ON
[2020/07/28 21:12:21.948129][I][set_OneTone_Start] Set One Tone start
[2020/07/28 21:12:21.951138][I][writeEx] E6640A <= OUTP ON
[2020/07/28 21:12:28.295240][I][set_OneTone_Stop] Set One Tone stop
[2020/07/28 21:12:28.310079][I][writeEx] E6640A <= OUTP OFF
[2020/07/28 21:12:46.102411][I][disconnect_E6640A] Disconnect E6640A
[2020/07/28 21:12:46.105382][I][set_Preset] System reset
[2020/07/28 21:12:46.108395][I][writeEx] E6640A <= *RST
[2020/07/28 21:12:46.112420][I][writeEx] E6640A <= *CLS
[2020/07/28 21:12:46.115422][I][writeEx] E6640A <= SYST:PRES
[2020/07/28 21:12:46.420546][I][queryEx] E6640A <= *OPC?
[2020/07/28 21:12:47.082150][I][queryEx] E6640A => 1
[2020/07/28 21:12:47.090176]========== End ==========
