[2020/07/28 21:09:31.113798]========== Start ==========
[2020/07/28 21:09:31.115848][I][class_E6640A_ZIGBEE] Initial class_E6640A_ZIGBEE
[2020/07/28 21:09:31.118210][I][class_E6640A_ZIGBEE] Version: 3.0.0.2
[2020/07/28 21:09:31.122222][I][connect_E6640A] Connect to E6640A
[2020/07/28 21:09:31.133252][I][connect_E6640A] Resource Manager of Visa Library at C:\Windows\system32\visa32.dll
[2020/07/28 21:09:31.184207][I][queryEx] E6640A <= *IDN?
[2020/07/28 21:09:31.189211][I][queryEx] E6640A => Keysight Technologies,E6640A,MY57150246,E.19.71
[2020/07/28 21:09:31.191216][I][set_Preset] System reset
[2020/07/28 21:09:31.193223][I][writeEx] E6640A <= *RST
[2020/07/28 21:09:31.195229][I][writeEx] E6640A <= *CLS
[2020/07/28 21:09:31.197233][I][writeEx] E6640A <= SYST:PRES
[2020/07/28 21:09:31.500535][I][queryEx] E6640A <= *OPC?
[2020/07/28 21:09:32.201915][I][queryEx] E6640A => 1
[2020/07/28 21:09:32.207589][I][set_Preset] System reset
[2020/07/28 21:09:32.209598][I][writeEx] E6640A <= *RST
[2020/07/28 21:09:32.211633][I][writeEx] E6640A <= *CLS
[2020/07/28 21:09:32.214610][I][writeEx] E6640A <= SYST:PRES
[2020/07/28 21:09:32.518372][I][queryEx] E6640A <= *OPC?
[2020/07/28 21:09:33.255756][I][queryEx] E6640A => 1
[2020/07/28 21:09:33.574337][I][set_Preset] System reset
[2020/07/28 21:09:33.576343][I][writeEx] E6640A <= *RST
[2020/07/28 21:09:33.579351][I][writeEx] E6640A <= *CLS
[2020/07/28 21:09:33.581356][I][writeEx] E6640A <= SYST:PRES
[2020/07/28 21:09:33.886414][I][queryEx] E6640A <= *OPC?
[2020/07/28 21:09:34.572961][I][queryEx] E6640A => 1
[2020/07/28 21:09:34.582016][I][set_Tx_Start] Set Tx start
[2020/07/28 21:09:34.585006][I][set_RFI_Port] Set input port
[2020/07/28 21:09:34.587028][I][writeEx] E6640A <= :FEED:RF:PORT:INPut RFIO1
[2020/07/28 21:09:34.589001][I][queryEx] E6640A <= :FEED:RF:PORT:INPut?
[2020/07/28 21:09:34.594015][I][queryEx] E6640A => RFIO1
[2020/07/28 21:09:34.597022][I][set_Modulation_Analysis] Set measurement function
[2020/07/28 21:09:34.599029][I][writeEx] E6640A <= INST:SEL VSA
[2020/07/28 21:09:34.903360][I][queryEx] E6640A <= *OPC?
[2020/07/28 21:09:34.986824][I][queryEx] E6640A => 1
[2020/07/28 21:09:34.989823][I][queryEx] E6640A <= INST:SEL?
[2020/07/28 21:09:34.994882][I][queryEx] E6640A => VSA
[2020/07/28 21:09:34.997891][I][writeEx] E6640A <= :CONFigure:DDEMod
[2020/07/28 21:09:35.301082][I][queryEx] E6640A <= *OPC?
[2020/07/28 21:09:35.486415][I][queryEx] E6640A => 1
[2020/07/28 21:09:35.490440][I][init_Zigbee_Mode] Initial Zigbee mode
[2020/07/28 21:09:35.493883][I][writeEx] E6640A <= :DDEM:STAN:PRES ZIGBEE2450
[2020/07/28 21:09:35.798800][I][queryEx] E6640A <= *OPC?
[2020/07/28 21:09:35.804806][I][queryEx] E6640A => 1
[2020/07/28 21:09:35.807813][I][set_Continue] Set continue
[2020/07/28 21:09:35.811838][I][writeEx] E6640A <= :INIT:CONT ON
[2020/07/28 21:09:35.814833][I][set_Freq] Set frequence
[2020/07/28 21:09:35.817882][I][writeEx] E6640A <= :FREQuency:CENTer 2425.0 MHz
[2020/07/28 21:09:35.820850][I][set_XScale_Span] Set frequence span
[2020/07/28 21:09:35.823859][I][writeEx] E6640A <= :FREQuency:SPAN 10000.000000 KHZ
[2020/07/28 21:09:35.826867][I][set_Power_Range] Get power range
[2020/07/28 21:09:35.829885][I][writeEx] E6640A <= :POW:RANG 20.000000
[2020/07/28 21:09:35.832883][I][set_Symbol_Rate] Get symbol rate
[2020/07/28 21:09:35.834887][I][writeEx] E6640A <= :DDEMod:SRATe 1000.000000 kHz
[2020/07/28 21:09:35.837894][I][set_Meas_Interval] Get meas interval
[2020/07/28 21:09:35.840536][I][writeEx] E6640A <= :DDEMod:SWEep:POINts 500
[2020/07/28 21:09:35.843545][I][set_Zigbee_TX_BandPower] Set marker function
[2020/07/28 21:09:35.846554][I][writeEx] E6640A <= CALC:DDEMod:MARK1:MODE POS
[2020/07/28 21:09:35.849598][I][writeEx] E6640A <= CALC:DDEMod:MARK1:TRAC 2
[2020/07/28 21:09:35.853575][I][writeEx] E6640A <= CALC:DDEMod:MARK1:FUNC BPOW
[2020/07/28 21:09:35.856631][I][writeEx] E6640A <= CALC:DDEMod:MARK1:FUNC:BPOW:CTYP MEAN
[2020/07/28 21:09:35.859590][I][writeEx] E6640A <= CALC:DDEMod:MARK1:FUNC:BAND:CENT 2425000000.000000
[2020/07/28 21:09:36.162765][I][queryEx] E6640A <= *OPC?
[2020/07/28 21:09:36.170393][I][queryEx] E6640A => 1
[2020/07/28 21:09:36.174366][I][queryEx] E6640A <= CALC:DDEMod:MARK1:FUNC:BAND:CENT?
[2020/07/28 21:09:36.180382][I][queryEx] E6640A => 2.425000000E+09
[2020/07/28 21:09:36.183390][I][writeEx] E6640A <= CALC:DDEMod:MARK1:FUNC:BAND:SPAN 10000000.000000
[2020/07/28 21:09:36.488131][I][queryEx] E6640A <= *OPC?
[2020/07/28 21:09:36.494933][I][queryEx] E6640A => 1
[2020/07/28 21:09:36.497984][I][set_Trigger_Video] Set trigger video
[2020/07/28 21:09:36.500988][I][writeEx] E6640A <= TRIG:DDEM:SOUR VID
[2020/07/28 21:09:36.805087][I][queryEx] E6640A <= *OPC?
[2020/07/28 21:09:36.811445][I][queryEx] E6640A => 1
[2020/07/28 21:09:36.814455][I][set_Trigger_Level] Set trigger level
[2020/07/28 21:09:36.817462][I][writeEx] E6640A <= :TRIGger:VIDeo:LEVel 30.000000 mV
[2020/07/28 21:09:36.821512][I][set_Trigger_Delay] Set trigger delay
[2020/07/28 21:09:36.824512][I][writeEx] E6640A <= :TRIGger:VIDeo:DELay:STATe ON
[2020/07/28 21:09:36.829495][I][queryEx] E6640A <= :TRIGger:VIDeo:DELay:STATe?
[2020/07/28 21:09:36.888301][I][queryEx] E6640A => 1
[2020/07/28 21:09:36.892313][I][writeEx] E6640A <= :TRIGger:VIDeo:DELay:STATe ON
[2020/07/28 21:09:36.896323][I][writeEx] E6640A <= :TRIGger:VIDeo:DELay 0.300000 ms
[2020/07/28 21:09:36.900333][I][init_Trigger_Reg] Initial trigger status register
[2020/07/28 21:09:36.903340][I][writeEx] E6640A <= *CLS
[2020/07/28 21:09:36.907353][I][writeEx] E6640A <= :STATus:PRESet
[2020/07/28 21:09:36.911362][I][writeEx] E6640A <= *SRE 192
[2020/07/28 21:09:36.914370][I][writeEx] E6640A <= :STATus:OPERation:ENABle 32
[2020/07/28 21:09:36.918381][I][writeEx] E6640A <= *CLS
[2020/07/28 21:09:36.921419][I][queryEx] E6640A <= *STB?
[2020/07/28 21:09:36.976164][I][queryEx] E6640A => 0
[2020/07/28 21:09:36.980579][I][init_Trigger_Reg] Status: 0
[2020/07/28 21:09:45.845348][I][chk_Tx_Result] Check Tx result
[2020/07/28 21:09:45.849363][I][get_Trigger_Status] Get trigger status
[2020/07/28 21:09:45.853372][I][queryEx] E6640A <= *STB?
[2020/07/28 21:09:45.858964][I][queryEx] E6640A => 192
[2020/07/28 21:09:45.861973][I][get_Trigger_Status] Status: 192
[2020/07/28 21:09:45.867025]Is triggered!
[2020/07/28 21:09:45.870043][I][writeEx] E6640A <= *CLS
[2020/07/28 21:09:45.874005][I][set_Continue] Set continue
[2020/07/28 21:09:45.877015][I][writeEx] E6640A <= :INIT:CONT ON
[2020/07/28 21:09:45.982189][I][set_Single] Set single
[2020/07/28 21:09:45.986239][I][writeEx] E6640A <= :INIT:CONT OFF
[2020/07/28 21:09:45.989272][I][set_Zigbee_TX_BandPower] Set marker function
[2020/07/28 21:09:45.993220][I][writeEx] E6640A <= CALC:DDEMod:MARK1:MODE POS
[2020/07/28 21:09:45.997233][I][writeEx] E6640A <= CALC:DDEMod:MARK1:TRAC 2
[2020/07/28 21:09:46.001243][I][writeEx] E6640A <= CALC:DDEMod:MARK1:FUNC BPOW
[2020/07/28 21:09:46.004249][I][writeEx] E6640A <= CALC:DDEMod:MARK1:FUNC:BPOW:CTYP MEAN
[2020/07/28 21:09:46.008266][I][writeEx] E6640A <= CALC:DDEMod:MARK1:FUNC:BAND:CENT 2425000000.000000
[2020/07/28 21:09:46.314432][I][queryEx] E6640A <= *OPC?
[2020/07/28 21:09:46.320554][I][queryEx] E6640A => 1
[2020/07/28 21:09:46.324570][I][queryEx] E6640A <= CALC:DDEMod:MARK1:FUNC:BAND:CENT?
[2020/07/28 21:09:46.330791][I][queryEx] E6640A => 2.425000000E+09
[2020/07/28 21:09:46.335628][I][writeEx] E6640A <= CALC:DDEMod:MARK1:FUNC:BAND:SPAN 10000000.000000
[2020/07/28 21:09:46.639222][I][queryEx] E6640A <= *OPC?
[2020/07/28 21:09:46.645297][I][queryEx] E6640A => 1
[2020/07/28 21:09:46.649223][I][get_Power] Get Tx power
[2020/07/28 21:09:46.652143][I][queryEx] E6640A <= :CALC:DDEMod:MARK1:Y?
[2020/07/28 21:09:46.658200][I][queryEx] E6640A => 2.484430046E+00
[2020/07/28 21:09:46.661209][I][chk_Tx_Result] Tx power(add loss: 8.200000) = 10.684000 dBm
[2020/07/28 21:09:46.664218][I][read_DDEMod_Array] Read measurement result
[2020/07/28 21:09:46.668230][I][queryEx] E6640A <= :READ:DDEMod?
[2020/07/28 21:09:46.931234][I][queryEx] E6640A => 1.380104637E+01,4.327341080E+01,2.030000000E+02,3.306813955E+00,1.695968819E+01,2.030000000E+02,9.91E+37,9.91E+37,9.91E+37,2.592728436E-01,-7.489919662E-01,7.900000000E+01,1.124163723E+01,3.566703415E+01,2.030000000E+02,3.286508984E+04,9.91E+37,9.91E+37,9.91E+37,9.91E+37,9.91E+37,-5.291919708E+01,9.91E+37,9.622589946E-01,-3.411588445E-02,3.234557509E-01,9.91E+37,9.91E+37,9.91E+37,9.91E+37,9.91E+37,9.91E+37,9.91E+37,9.91E+37,9.91E+37,9.91E+37,9.91E+37,9.91E+37,9.91E+37,9.91E+37,9.91E+37,9.91E+37,9.91E+37,9.91E+37,9.91E+37,9.91E+37,9.91E+37,9.91E+37,9.91E+37,9.91E+37,9.91E+37,9.91E+37,9.91E+37,9.91E+37,9.91E+37,9.91E+37,9.91E+37,9.91E+37,9.91E+37,9.91E+37,9.91E+37,1.247139764E-03,-1.884312951E-03
[2020/07/28 21:09:46.935244][I][set_Continue] Set continue
[2020/07/28 21:09:46.938252][I][writeEx] E6640A <= :INIT:CONT ON
[2020/07/28 21:09:57.312567][I][chk_Tx_Result] Check Tx result
[2020/07/28 21:09:57.319118][I][get_Trigger_Status] Get trigger status
[2020/07/28 21:09:57.323133][I][queryEx] E6640A <= *STB?
[2020/07/28 21:09:57.331310][I][queryEx] E6640A => 192
[2020/07/28 21:09:57.335959][I][get_Trigger_Status] Status: 192
[2020/07/28 21:09:57.339973]Is triggered!
[2020/07/28 21:09:57.344025][I][writeEx] E6640A <= *CLS
[2020/07/28 21:09:57.348995][I][set_Continue] Set continue
[2020/07/28 21:09:57.352560][I][writeEx] E6640A <= :INIT:CONT ON
[2020/07/28 21:09:57.457159][I][set_Single] Set single
[2020/07/28 21:09:57.465134][I][writeEx] E6640A <= :INIT:CONT OFF
[2020/07/28 21:09:57.469433][I][set_Zigbee_TX_BandPower] Set marker function
[2020/07/28 21:09:57.472500][I][writeEx] E6640A <= CALC:DDEMod:MARK1:MODE POS
[2020/07/28 21:09:57.475451][I][writeEx] E6640A <= CALC:DDEMod:MARK1:TRAC 2
[2020/07/28 21:09:57.479514][I][writeEx] E6640A <= CALC:DDEMod:MARK1:FUNC BPOW
[2020/07/28 21:09:57.483522][I][writeEx] E6640A <= CALC:DDEMod:MARK1:FUNC:BPOW:CTYP MEAN
[2020/07/28 21:09:57.486527][I][writeEx] E6640A <= CALC:DDEMod:MARK1:FUNC:BAND:CENT 2425000000.000000
[2020/07/28 21:09:57.791933][I][queryEx] E6640A <= *OPC?
[2020/07/28 21:09:57.802484][I][queryEx] E6640A => 1
[2020/07/28 21:09:57.806533][I][queryEx] E6640A <= CALC:DDEMod:MARK1:FUNC:BAND:CENT?
[2020/07/28 21:09:57.812956][I][queryEx] E6640A => 2.425000000E+09
[2020/07/28 21:09:57.816973][I][writeEx] E6640A <= CALC:DDEMod:MARK1:FUNC:BAND:SPAN 10000000.000000
[2020/07/28 21:09:58.122949][I][queryEx] E6640A <= *OPC?
[2020/07/28 21:09:58.133437][I][queryEx] E6640A => 1
[2020/07/28 21:09:58.137506][I][get_Power] Get Tx power
[2020/07/28 21:09:58.140459][I][queryEx] E6640A <= :CALC:DDEMod:MARK1:Y?
[2020/07/28 21:09:58.147473][I][queryEx] E6640A => 5.152102629E-01
[2020/07/28 21:09:58.152491][I][chk_Tx_Result] Tx power(add loss: 8.200000) = 8.715000 dBm
[2020/07/28 21:09:58.155955][I][read_DDEMod_Array] Read measurement result
[2020/07/28 21:09:58.158966][I][queryEx] E6640A <= :READ:DDEMod?
[2020/07/28 21:09:58.318737][I][queryEx] E6640A => 1.361678410E+01,4.085054016E+01,3.960000000E+02,3.067797184E+00,1.456041622E+01,3.960000000E+02,9.91E+37,9.91E+37,9.91E+37,3.746345043E-01,-8.638143539E-01,4.280000000E+02,1.108084011E+01,-3.360700989E+01,3.960000000E+02,3.272984570E+04,9.91E+37,9.91E+37,9.91E+37,9.91E+37,9.91E+37,-4.775601959E+01,9.91E+37,9.632134438E-01,1.619378664E-02,3.250839412E-01,9.91E+37,9.91E+37,9.91E+37,9.91E+37,9.91E+37,9.91E+37,9.91E+37,9.91E+37,9.91E+37,9.91E+37,9.91E+37,9.91E+37,9.91E+37,9.91E+37,9.91E+37,9.91E+37,9.91E+37,9.91E+37,9.91E+37,9.91E+37,9.91E+37,9.91E+37,9.91E+37,9.91E+37,9.91E+37,9.91E+37,9.91E+37,9.91E+37,9.91E+37,9.91E+37,9.91E+37,9.91E+37,9.91E+37,9.91E+37,9.91E+37,-2.902669134E-03,2.887785435E-03
[2020/07/28 21:09:58.323497][I][set_Continue] Set continue
[2020/07/28 21:09:58.327552][I][writeEx] E6640A <= :INIT:CONT ON
[2020/07/28 21:09:59.778562][I][set_Preset] System reset
[2020/07/28 21:09:59.782317][I][writeEx] E6640A <= *RST
[2020/07/28 21:09:59.785327][I][writeEx] E6640A <= *CLS
[2020/07/28 21:09:59.788335][I][writeEx] E6640A <= SYST:PRES
[2020/07/28 21:10:00.094469][I][queryEx] E6640A <= *OPC?
[2020/07/28 21:10:01.045086][I][queryEx] E6640A => 1
[2020/07/28 21:10:01.060750][I][set_Tx_Start] Set Tx start
[2020/07/28 21:10:01.064186][I][set_RFI_Port] Set input port
[2020/07/28 21:10:01.067617][I][writeEx] E6640A <= :FEED:RF:PORT:INPut RFIO1
[2020/07/28 21:10:01.070670][I][queryEx] E6640A <= :FEED:RF:PORT:INPut?
[2020/07/28 21:10:01.076741][I][queryEx] E6640A => RFIO1
[2020/07/28 21:10:01.080668][I][set_Modulation_Analysis] Set measurement function
[2020/07/28 21:10:01.083704][I][writeEx] E6640A <= INST:SEL VSA
[2020/07/28 21:10:01.389695][I][queryEx] E6640A <= *OPC?
[2020/07/28 21:10:01.400127][I][queryEx] E6640A => 1
[2020/07/28 21:10:01.404184][I][queryEx] E6640A <= INST:SEL?
[2020/07/28 21:10:01.410203][I][queryEx] E6640A => VSA
[2020/07/28 21:10:01.414595][I][writeEx] E6640A <= :CONFigure:DDEMod
[2020/07/28 21:10:01.719652][I][queryEx] E6640A <= *OPC?
[2020/07/28 21:10:01.931671][I][queryEx] E6640A => 1
[2020/07/28 21:10:01.939699][I][init_Zigbee_Mode] Initial Zigbee mode
[2020/07/28 21:10:01.943519][I][writeEx] E6640A <= :DDEM:STAN:PRES ZIGBEE2450
[2020/07/28 21:10:02.248541][I][queryEx] E6640A <= *OPC?
[2020/07/28 21:10:02.259332][I][queryEx] E6640A => 1
[2020/07/28 21:10:02.263345][I][set_Continue] Set continue
[2020/07/28 21:10:02.267358][I][writeEx] E6640A <= :INIT:CONT ON
[2020/07/28 21:10:02.271431][I][set_Freq] Set frequence
[2020/07/28 21:10:02.275147][I][writeEx] E6640A <= :FREQuency:CENTer 2455.0 MHz
[2020/07/28 21:10:02.278923][I][set_XScale_Span] Set frequence span
[2020/07/28 21:10:02.281971][I][writeEx] E6640A <= :FREQuency:SPAN 10000.000000 KHZ
[2020/07/28 21:10:02.285993][I][set_Power_Range] Get power range
[2020/07/28 21:10:02.289997][I][writeEx] E6640A <= :POW:RANG 20.000000
[2020/07/28 21:10:02.293965][I][set_Symbol_Rate] Get symbol rate
[2020/07/28 21:10:02.296973][I][writeEx] E6640A <= :DDEMod:SRATe 1000.000000 kHz
[2020/07/28 21:10:02.302993][I][set_Meas_Interval] Get meas interval
[2020/07/28 21:10:02.307029][I][writeEx] E6640A <= :DDEMod:SWEep:POINts 500
[2020/07/28 21:10:02.311011][I][set_Zigbee_TX_BandPower] Set marker function
[2020/07/28 21:10:02.316065][I][writeEx] E6640A <= CALC:DDEMod:MARK1:MODE POS
[2020/07/28 21:10:02.320072][I][writeEx] E6640A <= CALC:DDEMod:MARK1:TRAC 2
[2020/07/28 21:10:02.324045][I][writeEx] E6640A <= CALC:DDEMod:MARK1:FUNC BPOW
[2020/07/28 21:10:02.328061][I][writeEx] E6640A <= CALC:DDEMod:MARK1:FUNC:BPOW:CTYP MEAN
[2020/07/28 21:10:02.332066][I][writeEx] E6640A <= CALC:DDEMod:MARK1:FUNC:BAND:CENT 2455000000.000000
[2020/07/28 21:10:02.636956][I][queryEx] E6640A <= *OPC?
[2020/07/28 21:10:02.648138][I][queryEx] E6640A => 1
[2020/07/28 21:10:02.652151][I][queryEx] E6640A <= CALC:DDEMod:MARK1:FUNC:BAND:CENT?
[2020/07/28 21:10:02.658679][I][queryEx] E6640A => 2.455000000E+09
[2020/07/28 21:10:02.662742][I][writeEx] E6640A <= CALC:DDEMod:MARK1:FUNC:BAND:SPAN 10000000.000000
[2020/07/28 21:10:02.968390][I][queryEx] E6640A <= *OPC?
[2020/07/28 21:10:02.979137][I][queryEx] E6640A => 1
[2020/07/28 21:10:02.983148][I][set_Trigger_Video] Set trigger video
[2020/07/28 21:10:02.987159][I][writeEx] E6640A <= TRIG:DDEM:SOUR VID
[2020/07/28 21:10:03.292150][I][queryEx] E6640A <= *OPC?
[2020/07/28 21:10:03.304182][I][queryEx] E6640A => 1
[2020/07/28 21:10:03.310195][I][set_Trigger_Level] Set trigger level
[2020/07/28 21:10:03.313203][I][writeEx] E6640A <= :TRIGger:VIDeo:LEVel 30.000000 mV
[2020/07/28 21:10:03.317396][I][set_Trigger_Delay] Set trigger delay
[2020/07/28 21:10:03.321380][I][writeEx] E6640A <= :TRIGger:VIDeo:DELay:STATe ON
[2020/07/28 21:10:03.324428][I][queryEx] E6640A <= :TRIGger:VIDeo:DELay:STATe?
[2020/07/28 21:10:03.394653][I][queryEx] E6640A => 1
[2020/07/28 21:10:03.403639][I][writeEx] E6640A <= :TRIGger:VIDeo:DELay:STATe ON
[2020/07/28 21:10:03.410512][I][writeEx] E6640A <= :TRIGger:VIDeo:DELay 0.300000 ms
[2020/07/28 21:10:03.414686][I][init_Trigger_Reg] Initial trigger status register
[2020/07/28 21:10:03.417745][I][writeEx] E6640A <= *CLS
[2020/07/28 21:10:03.421732][I][writeEx] E6640A <= :STATus:PRESet
[2020/07/28 21:10:03.426720][I][writeEx] E6640A <= *SRE 192
[2020/07/28 21:10:03.430731][I][writeEx] E6640A <= :STATus:OPERation:ENABle 32
[2020/07/28 21:10:03.434742][I][writeEx] E6640A <= *CLS
[2020/07/28 21:10:03.438752][I][queryEx] E6640A <= *STB?
[2020/07/28 21:10:03.486817][I][queryEx] E6640A => 0
[2020/07/28 21:10:03.492770][I][init_Trigger_Reg] Status: 0
[2020/07/28 21:10:12.456339][I][chk_Tx_Result] Check Tx result
[2020/07/28 21:10:12.464358][I][get_Trigger_Status] Get trigger status
[2020/07/28 21:10:12.468403][I][queryEx] E6640A <= *STB?
[2020/07/28 21:10:12.473988][I][queryEx] E6640A => 192
[2020/07/28 21:10:12.479004][I][get_Trigger_Status] Status: 192
[2020/07/28 21:10:12.482048]Is triggered!
[2020/07/28 21:10:12.486023][I][writeEx] E6640A <= *CLS
[2020/07/28 21:10:12.490033][I][set_Continue] Set continue
[2020/07/28 21:10:12.494176][I][writeEx] E6640A <= :INIT:CONT ON
[2020/07/28 21:10:12.599077][I][set_Single] Set single
[2020/07/28 21:10:12.614075][I][writeEx] E6640A <= :INIT:CONT OFF
[2020/07/28 21:10:12.621121][I][set_Zigbee_TX_BandPower] Set marker function
[2020/07/28 21:10:12.625131][I][writeEx] E6640A <= CALC:DDEMod:MARK1:MODE POS
[2020/07/28 21:10:12.630078][I][writeEx] E6640A <= CALC:DDEMod:MARK1:TRAC 2
[2020/07/28 21:10:12.633088][I][writeEx] E6640A <= CALC:DDEMod:MARK1:FUNC BPOW
[2020/07/28 21:10:12.637135][I][writeEx] E6640A <= CALC:DDEMod:MARK1:FUNC:BPOW:CTYP MEAN
[2020/07/28 21:10:12.641110][I][writeEx] E6640A <= CALC:DDEMod:MARK1:FUNC:BAND:CENT 2455000000.000000
[2020/07/28 21:10:12.945987][I][queryEx] E6640A <= *OPC?
[2020/07/28 21:10:12.957193][I][queryEx] E6640A => 1
[2020/07/28 21:10:12.961726][I][queryEx] E6640A <= CALC:DDEMod:MARK1:FUNC:BAND:CENT?
[2020/07/28 21:10:12.968865][I][queryEx] E6640A => 2.455000000E+09
[2020/07/28 21:10:12.972916][I][writeEx] E6640A <= CALC:DDEMod:MARK1:FUNC:BAND:SPAN 10000000.000000
[2020/07/28 21:10:13.278142][I][queryEx] E6640A <= *OPC?
[2020/07/28 21:10:13.288203][I][queryEx] E6640A => 1
[2020/07/28 21:10:13.292741][I][get_Power] Get Tx power
[2020/07/28 21:10:13.295751][I][queryEx] E6640A <= :CALC:DDEMod:MARK1:Y?
[2020/07/28 21:10:13.302501][I][queryEx] E6640A => 2.285689268E+00
[2020/07/28 21:10:13.306514][I][chk_Tx_Result] Tx power(add loss: 8.900000) = 11.186000 dBm
[2020/07/28 21:10:13.310525][I][read_DDEMod_Array] Read measurement result
[2020/07/28 21:10:13.315415][I][queryEx] E6640A <= :READ:DDEMod?
[2020/07/28 21:10:13.574647][I][queryEx] E6640A => 1.430922031E+01,4.004434204E+01,4.220000000E+02,3.422397375E+00,1.608168411E+01,4.230000000E+02,9.91E+37,9.91E+37,9.91E+37,4.023431540E-01,-8.981406689E-01,4.200000000E+02,1.164714813E+01,-3.291038895E+01,4.220000000E+02,3.299860547E+04,9.91E+37,9.91E+37,9.91E+37,9.91E+37,9.91E+37,-4.546756363E+01,9.91E+37,9.594458938E-01,1.264606863E-01,4.024677873E-01,9.91E+37,9.91E+37,9.91E+37,9.91E+37,9.91E+37,9.91E+37,9.91E+37,9.91E+37,9.91E+37,9.91E+37,9.91E+37,9.91E+37,9.91E+37,9.91E+37,9.91E+37,9.91E+37,9.91E+37,9.91E+37,9.91E+37,9.91E+37,9.91E+37,9.91E+37,9.91E+37,9.91E+37,9.91E+37,9.91E+37,9.91E+37,9.91E+37,9.91E+37,9.91E+37,9.91E+37,9.91E+37,9.91E+37,9.91E+37,9.91E+37,4.627888091E-03,-2.641548403E-03
[2020/07/28 21:10:13.579660][I][set_Continue] Set continue
[2020/07/28 21:10:13.583737][I][writeEx] E6640A <= :INIT:CONT ON
[2020/07/28 21:10:23.938503][I][chk_Tx_Result] Check Tx result
[2020/07/28 21:10:23.942516][I][get_Trigger_Status] Get trigger status
[2020/07/28 21:10:23.946558][I][queryEx] E6640A <= *STB?
[2020/07/28 21:10:23.953590][I][queryEx] E6640A => 192
[2020/07/28 21:10:23.957556][I][get_Trigger_Status] Status: 192
[2020/07/28 21:10:23.961566]Is triggered!
[2020/07/28 21:10:23.964575][I][writeEx] E6640A <= *CLS
[2020/07/28 21:10:23.968627][I][set_Continue] Set continue
[2020/07/28 21:10:23.972597][I][writeEx] E6640A <= :INIT:CONT ON
[2020/07/28 21:10:24.077764][I][set_Single] Set single
[2020/07/28 21:10:24.092758][I][writeEx] E6640A <= :INIT:CONT OFF
[2020/07/28 21:10:24.100779][I][set_Zigbee_TX_BandPower] Set marker function
[2020/07/28 21:10:24.104825][I][writeEx] E6640A <= CALC:DDEMod:MARK1:MODE POS
[2020/07/28 21:10:24.108835][I][writeEx] E6640A <= CALC:DDEMod:MARK1:TRAC 2
[2020/07/28 21:10:24.112809][I][writeEx] E6640A <= CALC:DDEMod:MARK1:FUNC BPOW
[2020/07/28 21:10:24.116863][I][writeEx] E6640A <= CALC:DDEMod:MARK1:FUNC:BPOW:CTYP MEAN
[2020/07/28 21:10:24.120831][I][writeEx] E6640A <= CALC:DDEMod:MARK1:FUNC:BAND:CENT 2455000000.000000
[2020/07/28 21:10:24.427096][I][queryEx] E6640A <= *OPC?
[2020/07/28 21:10:24.438284][I][queryEx] E6640A => 1
[2020/07/28 21:10:24.442297][I][queryEx] E6640A <= CALC:DDEMod:MARK1:FUNC:BAND:CENT?
[2020/07/28 21:10:24.448899][I][queryEx] E6640A => 2.455000000E+09
[2020/07/28 21:10:24.452913][I][writeEx] E6640A <= CALC:DDEMod:MARK1:FUNC:BAND:SPAN 10000000.000000
[2020/07/28 21:10:24.759199][I][queryEx] E6640A <= *OPC?
[2020/07/28 21:10:24.771976][I][queryEx] E6640A => 1
[2020/07/28 21:10:24.776027][I][get_Power] Get Tx power
[2020/07/28 21:10:24.780035][I][queryEx] E6640A <= :CALC:DDEMod:MARK1:Y?
[2020/07/28 21:10:24.787084][I][queryEx] E6640A => 1.458069925E-01
[2020/07/28 21:10:24.792032][I][chk_Tx_Result] Tx power(add loss: 8.900000) = 9.046000 dBm
[2020/07/28 21:10:24.796042][I][read_DDEMod_Array] Read measurement result
[2020/07/28 21:10:24.800344][I][queryEx] E6640A <= :READ:DDEMod?
[2020/07/28 21:10:24.948445][I][queryEx] E6640A => 1.540711403E+01,4.108356857E+01,4.600000000E+02,4.837641239E+00,1.777942276E+01,2.000000000E+02,9.91E+37,9.91E+37,9.91E+37,2.072471619E+00,-3.354972601E+00,2.930000000E+02,1.245208073E+01,3.348389816E+01,2.000000000E+02,3.291046094E+04,9.91E+37,9.91E+37,9.91E+37,9.91E+37,9.91E+37,-5.083755875E+01,9.91E+37,9.530951977E-01,7.914585061E-03,-4.341390133E-01,9.91E+37,9.91E+37,9.91E+37,9.91E+37,9.91E+37,9.91E+37,9.91E+37,9.91E+37,9.91E+37,9.91E+37,9.91E+37,9.91E+37,9.91E+37,9.91E+37,9.91E+37,9.91E+37,9.91E+37,9.91E+37,9.91E+37,9.91E+37,9.91E+37,9.91E+37,9.91E+37,9.91E+37,9.91E+37,9.91E+37,9.91E+37,9.91E+37,9.91E+37,9.91E+37,9.91E+37,9.91E+37,9.91E+37,9.91E+37,9.91E+37,-2.285926836E-03,-1.737972256E-03
[2020/07/28 21:10:24.964441][I][set_Continue] Set continue
[2020/07/28 21:10:24.972466][I][writeEx] E6640A <= :INIT:CONT ON
[2020/07/28 21:10:26.409069][I][set_Preset] System reset
[2020/07/28 21:10:26.412077][I][writeEx] E6640A <= *RST
[2020/07/28 21:10:26.416087][I][writeEx] E6640A <= *CLS
[2020/07/28 21:10:26.420393][I][writeEx] E6640A <= SYST:PRES
[2020/07/28 21:10:26.725364][I][queryEx] E6640A <= *OPC?
[2020/07/28 21:10:27.708034][I][queryEx] E6640A => 1
[2020/07/28 21:10:27.724014][I][set_Tx_Start] Set Tx start
[2020/07/28 21:10:27.727023][I][set_RFI_Port] Set input port
[2020/07/28 21:10:27.731673][I][writeEx] E6640A <= :FEED:RF:PORT:INPut RFIO1
[2020/07/28 21:10:27.735485][I][queryEx] E6640A <= :FEED:RF:PORT:INPut?
[2020/07/28 21:10:27.754209][I][queryEx] E6640A => RFIO1
[2020/07/28 21:10:27.758376][I][set_Modulation_Analysis] Set measurement function
[2020/07/28 21:10:27.761387][I][writeEx] E6640A <= INST:SEL VSA
[2020/07/28 21:10:28.067164][I][queryEx] E6640A <= *OPC?
[2020/07/28 21:10:28.078400][I][queryEx] E6640A => 1
[2020/07/28 21:10:28.083192][I][queryEx] E6640A <= INST:SEL?
[2020/07/28 21:10:28.090212][I][queryEx] E6640A => VSA
[2020/07/28 21:10:28.094220][I][writeEx] E6640A <= :CONFigure:DDEMod
[2020/07/28 21:10:28.399900][I][queryEx] E6640A <= *OPC?
[2020/07/28 21:10:28.587281][I][queryEx] E6640A => 1
[2020/07/28 21:10:28.603323][I][init_Zigbee_Mode] Initial Zigbee mode
[2020/07/28 21:10:28.610330][I][writeEx] E6640A <= :DDEM:STAN:PRES ZIGBEE2450
[2020/07/28 21:10:28.916734][I][queryEx] E6640A <= *OPC?
[2020/07/28 21:10:28.927766][I][queryEx] E6640A => 1
[2020/07/28 21:10:28.931766][I][set_Continue] Set continue
[2020/07/28 21:10:28.935928][I][writeEx] E6640A <= :INIT:CONT ON
[2020/07/28 21:10:28.939394][I][set_Freq] Set frequence
[2020/07/28 21:10:28.943423][I][writeEx] E6640A <= :FREQuency:CENTer 2470.0 MHz
[2020/07/28 21:10:28.947432][I][set_XScale_Span] Set frequence span
[2020/07/28 21:10:28.950442][I][writeEx] E6640A <= :FREQuency:SPAN 10000.000000 KHZ
[2020/07/28 21:10:28.954739][I][set_Power_Range] Get power range
[2020/07/28 21:10:28.958754][I][writeEx] E6640A <= :POW:RANG 20.000000
[2020/07/28 21:10:28.962746][I][set_Symbol_Rate] Get symbol rate
[2020/07/28 21:10:28.965756][I][writeEx] E6640A <= :DDEMod:SRATe 1000.000000 kHz
[2020/07/28 21:10:28.970617][I][set_Meas_Interval] Get meas interval
[2020/07/28 21:10:28.974531][I][writeEx] E6640A <= :DDEMod:SWEep:POINts 500
[2020/07/28 21:10:28.977541][I][set_Zigbee_TX_BandPower] Set marker function
[2020/07/28 21:10:28.981571][I][writeEx] E6640A <= CALC:DDEMod:MARK1:MODE POS
[2020/07/28 21:10:28.985598][I][writeEx] E6640A <= CALC:DDEMod:MARK1:TRAC 2
[2020/07/28 21:10:28.989876][I][writeEx] E6640A <= CALC:DDEMod:MARK1:FUNC BPOW
[2020/07/28 21:10:28.994177][I][writeEx] E6640A <= CALC:DDEMod:MARK1:FUNC:BPOW:CTYP MEAN
[2020/07/28 21:10:28.998174][I][writeEx] E6640A <= CALC:DDEMod:MARK1:FUNC:BAND:CENT 2470000000.000000
[2020/07/28 21:10:29.303591][I][queryEx] E6640A <= *OPC?
[2020/07/28 21:10:29.315057][I][queryEx] E6640A => 1
[2020/07/28 21:10:29.319070][I][queryEx] E6640A <= CALC:DDEMod:MARK1:FUNC:BAND:CENT?
[2020/07/28 21:10:29.326169][I][queryEx] E6640A => 2.470000000E+09
[2020/07/28 21:10:29.330599][I][writeEx] E6640A <= CALC:DDEMod:MARK1:FUNC:BAND:SPAN 10000000.000000
[2020/07/28 21:10:29.636083][I][queryEx] E6640A <= *OPC?
[2020/07/28 21:10:29.647819][I][queryEx] E6640A => 1
[2020/07/28 21:10:29.652395][I][set_Trigger_Video] Set trigger video
[2020/07/28 21:10:29.656409][I][writeEx] E6640A <= TRIG:DDEM:SOUR VID
[2020/07/28 21:10:29.961802][I][queryEx] E6640A <= *OPC?
[2020/07/28 21:10:29.972839][I][queryEx] E6640A => 1
[2020/07/28 21:10:29.978071][I][set_Trigger_Level] Set trigger level
[2020/07/28 21:10:29.982086][I][writeEx] E6640A <= :TRIGger:VIDeo:LEVel 30.000000 mV
[2020/07/28 21:10:29.986095][I][set_Trigger_Delay] Set trigger delay
[2020/07/28 21:10:29.990649][I][writeEx] E6640A <= :TRIGger:VIDeo:DELay:STATe ON
[2020/07/28 21:10:29.995030][I][queryEx] E6640A <= :TRIGger:VIDeo:DELay:STATe?
[2020/07/28 21:10:30.062142][I][queryEx] E6640A => 1
[2020/07/28 21:10:30.076188][I][writeEx] E6640A <= :TRIGger:VIDeo:DELay:STATe ON
[2020/07/28 21:10:30.084204][I][writeEx] E6640A <= :TRIGger:VIDeo:DELay 0.300000 ms
[2020/07/28 21:10:30.089218][I][init_Trigger_Reg] Initial trigger status register
[2020/07/28 21:10:30.093398][I][writeEx] E6640A <= *CLS
[2020/07/28 21:10:30.096409][I][writeEx] E6640A <= :STATus:PRESet
[2020/07/28 21:10:30.100420][I][writeEx] E6640A <= *SRE 192
[2020/07/28 21:10:30.105142][I][writeEx] E6640A <= :STATus:OPERation:ENABle 32
[2020/07/28 21:10:30.108152][I][writeEx] E6640A <= *CLS
[2020/07/28 21:10:30.112948][I][queryEx] E6640A <= *STB?
[2020/07/28 21:10:30.157225][I][queryEx] E6640A => 0
[2020/07/28 21:10:30.163265][I][init_Trigger_Reg] Status: 0
[2020/07/28 21:10:39.263187][I][chk_Tx_Result] Check Tx result
[2020/07/28 21:10:39.271214][I][get_Trigger_Status] Get trigger status
[2020/07/28 21:10:39.275225][I][queryEx] E6640A <= *STB?
[2020/07/28 21:10:39.282673][I][queryEx] E6640A => 192
[2020/07/28 21:10:39.288036][I][get_Trigger_Status] Status: 192
[2020/07/28 21:10:39.292049]Is triggered!
[2020/07/28 21:10:39.296049][I][writeEx] E6640A <= *CLS
[2020/07/28 21:10:39.300536][I][set_Continue] Set continue
[2020/07/28 21:10:39.304991][I][writeEx] E6640A <= :INIT:CONT ON
[2020/07/28 21:10:39.410018][I][set_Single] Set single
[2020/07/28 21:10:39.418094][I][writeEx] E6640A <= :INIT:CONT OFF
[2020/07/28 21:10:39.426101][I][set_Zigbee_TX_BandPower] Set marker function
[2020/07/28 21:10:39.430738][I][writeEx] E6640A <= CALC:DDEMod:MARK1:MODE POS
[2020/07/28 21:10:39.434928][I][writeEx] E6640A <= CALC:DDEMod:MARK1:TRAC 2
[2020/07/28 21:10:39.438948][I][writeEx] E6640A <= CALC:DDEMod:MARK1:FUNC BPOW
[2020/07/28 21:10:39.442982][I][writeEx] E6640A <= CALC:DDEMod:MARK1:FUNC:BPOW:CTYP MEAN
[2020/07/28 21:10:39.446963][I][writeEx] E6640A <= CALC:DDEMod:MARK1:FUNC:BAND:CENT 2470000000.000000
[2020/07/28 21:10:39.753298][I][queryEx] E6640A <= *OPC?
[2020/07/28 21:10:39.765172][I][queryEx] E6640A => 1
[2020/07/28 21:10:39.769637][I][queryEx] E6640A <= CALC:DDEMod:MARK1:FUNC:BAND:CENT?
[2020/07/28 21:10:39.775876][I][queryEx] E6640A => 2.470000000E+09
[2020/07/28 21:10:39.779665][I][writeEx] E6640A <= CALC:DDEMod:MARK1:FUNC:BAND:SPAN 10000000.000000
[2020/07/28 21:10:40.084458][I][queryEx] E6640A <= *OPC?
[2020/07/28 21:10:40.095376][I][queryEx] E6640A => 1
[2020/07/28 21:10:40.099447][I][get_Power] Get Tx power
[2020/07/28 21:10:40.103438][I][queryEx] E6640A <= :CALC:DDEMod:MARK1:Y?
[2020/07/28 21:10:40.110540][I][queryEx] E6640A => 2.140926748E+00
[2020/07/28 21:10:40.114599][I][chk_Tx_Result] Tx power(add loss: 8.800000) = 10.941000 dBm
[2020/07/28 21:10:40.118612][I][read_DDEMod_Array] Read measurement result
[2020/07/28 21:10:40.122604][I][queryEx] E6640A <= :READ:DDEMod?
[2020/07/28 21:10:40.390946][I][queryEx] E6640A => 1.427333546E+01,4.457574844E+01,2.220000000E+02,3.485956669E+00,1.634551620E+01,2.220000000E+02,9.91E+37,9.91E+37,9.91E+37,2.872384191E-01,-7.513403893E-01,4.040000000E+02,1.162270832E+01,3.655321121E+01,2.220000000E+02,3.307430859E+04,9.91E+37,9.91E+37,9.91E+37,9.91E+37,9.91E+37,-4.890924072E+01,9.91E+37,9.596703053E-01,-7.974569686E-03,3.650726378E-01,9.91E+37,9.91E+37,9.91E+37,9.91E+37,9.91E+37,9.91E+37,9.91E+37,9.91E+37,9.91E+37,9.91E+37,9.91E+37,9.91E+37,9.91E+37,9.91E+37,9.91E+37,9.91E+37,9.91E+37,9.91E+37,9.91E+37,9.91E+37,9.91E+37,9.91E+37,9.91E+37,9.91E+37,9.91E+37,9.91E+37,9.91E+37,9.91E+37,9.91E+37,9.91E+37,9.91E+37,9.91E+37,9.91E+37,9.91E+37,9.91E+37,3.069732338E-03,-1.852528658E-03
[2020/07/28 21:10:40.398005][I][set_Continue] Set continue
[2020/07/28 21:10:40.402217][I][writeEx] E6640A <= :INIT:CONT ON
[2020/07/28 21:10:50.822041][I][chk_Tx_Result] Check Tx result
[2020/07/28 21:10:50.830067][I][get_Trigger_Status] Get trigger status
[2020/07/28 21:10:50.834399][I][queryEx] E6640A <= *STB?
[2020/07/28 21:10:50.840924][I][queryEx] E6640A => 192
[2020/07/28 21:10:50.844936][I][get_Trigger_Status] Status: 192
[2020/07/28 21:10:50.848948]Is triggered!
[2020/07/28 21:10:50.851965][I][writeEx] E6640A <= *CLS
[2020/07/28 21:10:50.856968][I][set_Continue] Set continue
[2020/07/28 21:10:50.860987][I][writeEx] E6640A <= :INIT:CONT ON
[2020/07/28 21:10:50.966604][I][set_Single] Set single
[2020/07/28 21:10:50.982646][I][writeEx] E6640A <= :INIT:CONT OFF
[2020/07/28 21:10:50.990701][I][set_Zigbee_TX_BandPower] Set marker function
[2020/07/28 21:10:50.995679][I][writeEx] E6640A <= CALC:DDEMod:MARK1:MODE POS
[2020/07/28 21:10:50.999699][I][writeEx] E6640A <= CALC:DDEMod:MARK1:TRAC 2
[2020/07/28 21:10:51.003737][I][writeEx] E6640A <= CALC:DDEMod:MARK1:FUNC BPOW
[2020/07/28 21:10:51.007749][I][writeEx] E6640A <= CALC:DDEMod:MARK1:FUNC:BPOW:CTYP MEAN
[2020/07/28 21:10:51.011758][I][writeEx] E6640A <= CALC:DDEMod:MARK1:FUNC:BAND:CENT 2470000000.000000
[2020/07/28 21:10:51.317909][I][queryEx] E6640A <= *OPC?
[2020/07/28 21:10:51.329656][I][queryEx] E6640A => 1
[2020/07/28 21:10:51.333705][I][queryEx] E6640A <= CALC:DDEMod:MARK1:FUNC:BAND:CENT?
[2020/07/28 21:10:51.340728][I][queryEx] E6640A => 2.470000000E+09
[2020/07/28 21:10:51.344736][I][writeEx] E6640A <= CALC:DDEMod:MARK1:FUNC:BAND:SPAN 10000000.000000
[2020/07/28 21:10:51.650882][I][queryEx] E6640A <= *OPC?
[2020/07/28 21:10:51.662210][I][queryEx] E6640A => 1
[2020/07/28 21:10:51.666273][I][get_Power] Get Tx power
[2020/07/28 21:10:51.670282][I][queryEx] E6640A <= :CALC:DDEMod:MARK1:Y?
[2020/07/28 21:10:51.676571][I][queryEx] E6640A => 2.860624526E-01
[2020/07/28 21:10:51.681023][I][chk_Tx_Result] Tx power(add loss: 8.800000) = 9.086000 dBm
[2020/07/28 21:10:51.685037][I][read_DDEMod_Array] Read measurement result
[2020/07/28 21:10:51.689278][I][queryEx] E6640A <= :READ:DDEMod?
[2020/07/28 21:10:51.841729][I][queryEx] E6640A => 1.399126053E+01,3.697849655E+01,2.200000000E+02,3.050790071E+00,1.267772865E+01,4.200000000E+02,9.91E+37,9.91E+37,9.91E+37,3.557297587E-01,8.255660534E-01,4.620000000E+02,1.137618732E+01,3.016036034E+01,2.200000000E+02,3.302005469E+04,9.91E+37,9.91E+37,9.91E+37,9.91E+37,9.91E+37,-4.690435028E+01,9.91E+37,9.612268806E-01,-1.507886592E-02,-4.061931670E-01,9.91E+37,9.91E+37,9.91E+37,9.91E+37,9.91E+37,9.91E+37,9.91E+37,9.91E+37,9.91E+37,9.91E+37,9.91E+37,9.91E+37,9.91E+37,9.91E+37,9.91E+37,9.91E+37,9.91E+37,9.91E+37,9.91E+37,9.91E+37,9.91E+37,9.91E+37,9.91E+37,9.91E+37,9.91E+37,9.91E+37,9.91E+37,9.91E+37,9.91E+37,9.91E+37,9.91E+37,9.91E+37,9.91E+37,9.91E+37,9.91E+37,-2.955114003E-03,-3.415296553E-03
[2020/07/28 21:10:51.858779][I][set_Continue] Set continue
[2020/07/28 21:10:51.865745][I][writeEx] E6640A <= :INIT:CONT ON
[2020/07/28 21:10:53.324556][I][set_Preset] System reset
[2020/07/28 21:10:53.328567][I][writeEx] E6640A <= *RST
[2020/07/28 21:10:53.332579][I][writeEx] E6640A <= *CLS
[2020/07/28 21:10:53.337591][I][writeEx] E6640A <= SYST:PRES
[2020/07/28 21:10:53.642437][I][queryEx] E6640A <= *OPC?
[2020/07/28 21:10:54.606003][I][queryEx] E6640A => 1
[2020/07/28 21:10:54.623628][I][set_Rx_OneTone] Set Rx one tone
[2020/07/28 21:10:54.627584][I][set_RFO_Port] Set output port
[2020/07/28 21:10:54.631595][I][writeEx] E6640A <= :FEED:RF:PORT:OUTPut RFIO1
[2020/07/28 21:10:54.635604][I][queryEx] E6640A <= :FEED:RF:PORT:OUTPut?
[2020/07/28 21:10:54.642625][I][queryEx] E6640A => RFIO1
[2020/07/28 21:10:54.646635][I][set_OneTone_Freq] Set One Tone frequence
[2020/07/28 21:10:54.650650][I][writeEx] E6640A <= :SOUR:FREQ 2445.0 MHz
[2020/07/28 21:10:54.654667][I][set_OneTone_Power] Set One Tone power
[2020/07/28 21:10:54.659045][I][writeEx] E6640A <= :SOURce:POWer -16.1
[2020/07/28 21:11:04.177647][I][set_OneTone_Start] Set One Tone start
[2020/07/28 21:11:04.181643][I][writeEx] E6640A <= OUTP ON
[2020/07/28 21:11:09.148388][I][set_OneTone_Stop] Set One Tone stop
[2020/07/28 21:11:09.156003][I][writeEx] E6640A <= OUTP OFF
[2020/07/28 21:11:09.170015][I][set_Rx_OneTone] Set Rx one tone
[2020/07/28 21:11:09.174191][I][set_RFO_Port] Set output port
[2020/07/28 21:11:09.177998][I][writeEx] E6640A <= :FEED:RF:PORT:OUTPut RFIO1
[2020/07/28 21:11:09.181774][I][queryEx] E6640A <= :FEED:RF:PORT:OUTPut?
[2020/07/28 21:11:09.187460][I][queryEx] E6640A => RFIO1
[2020/07/28 21:11:09.191473][I][set_OneTone_Freq] Set One Tone frequence
[2020/07/28 21:11:09.195491][I][writeEx] E6640A <= :SOUR:FREQ 2445.0 MHz
[2020/07/28 21:11:09.199535][I][set_OneTone_Power] Set One Tone power
[2020/07/28 21:11:09.203477][I][writeEx] E6640A <= :SOURce:POWer -16.1
[2020/07/28 21:11:17.840109][I][set_OneTone_Start] Set One Tone start
[2020/07/28 21:11:17.844181][I][writeEx] E6640A <= OUTP ON
[2020/07/28 21:11:22.396166][I][set_OneTone_Stop] Set One Tone stop
[2020/07/28 21:11:22.400179][I][writeEx] E6640A <= OUTP OFF
[2020/07/28 21:11:22.434099][I][disconnect_E6640A] Disconnect E6640A
[2020/07/28 21:11:22.440144]========== End ==========
