[2020/07/29 01:02:22.645389] ========== Start ==========
[2020/07/29 01:02:22.648396] [I][main] Python 3.7.2 (tags/v3.7.2:9a3ffc0492, Dec 23 2018, 23:09:28) [MSC v.1916 64 bit (AMD64)]
[2020/07/29 01:02:22.649381] [I][main] GFI20_RF_Zigbee.py 3.0.0.3
[2020/07/29 01:02:22.652905] [I][readINI] ---------- INI ----------
[2020/07/29 01:02:22.654597] [I][readINI] SKU = 1
[2020/07/29 01:02:22.655601] [I][readINI] InstrumentINI = GFI20_Zigbee_Instrument_Setting
[2020/07/29 01:02:22.657622] [I][readINI] ---------- Test Plan 1 ----------
[2020/07/29 01:02:22.661619] [I][readINI] TestPlan1 = ZIGBEE_2450;15/2425,21/2455,24/2470;TX_Power
[2020/07/29 01:02:22.664155] [I][readINI] CableLoss = ['8.2', '8.9', '8.8'] dBm
[2020/07/29 01:02:22.666155] [I][readINI] TX_Power = ['0', '0', '0'] dBm
[2020/07/29 01:02:22.668163] [I][readINI] Calibration_ON = 1
[2020/07/29 01:02:22.670319] [I][readINI] Ca_Tx_Power_Target = ['9.2', '9.2', '9.2']
[2020/07/29 01:02:22.671323] [I][readINI] Ca_Tx_Power_Gap = ['0.5', '0.5', '0.5']
[2020/07/29 01:02:22.674338] [I][readINI] Ca_Tx_Power_Offset = ['0.86', '0.86', '0.86']
[2020/07/29 01:02:22.676337] [I][readINI] Current_ON = 1
[2020/07/29 01:02:22.679188] [I][readINI] TX_Current_SpecMax = ['0.18', '0.18', '0.18'] A
[2020/07/29 01:02:22.681188] [I][readINI] TX_Current_SpecMin = ['0.045', '0.045', '0.045'] A
[2020/07/29 01:02:22.683248] [I][readINI] TX_Power_SpecMax = ['12', '12', '12'] dBm
[2020/07/29 01:02:22.685254] [I][readINI] TX_Power_SpecMin = ['6', '6', '6'] dBm
[2020/07/29 01:02:22.687261] [I][readINI] ---------- Test Plan 1 ----------
[2020/07/29 01:02:22.689763] [I][readINI] ---------- Test Plan 2 ----------
[2020/07/29 01:02:22.691930] [I][readINI] TestPlan2 = ZIGBEE_2450;19/2445;RX_RSSI
[2020/07/29 01:02:22.693938] [I][readINI] CableLoss = ['8.9'] dBm
[2020/07/29 01:02:22.695942] [I][readINI] RX_Cell_Power = ['-25'] dBm
[2020/07/29 01:02:22.698285] [I][readINI] RX_LNAON_RSSI_SpecMax = ['-9'] %
[2020/07/29 01:02:22.700292] [I][readINI] RX_LNAON_RSSI_SpecMin = ['-18'] %
[2020/07/29 01:02:22.702298] [I][readINI] RX_LNAOFF_RSSI_SpecMax = ['-24'] %
[2020/07/29 01:02:22.704302] [I][readINI] RX_LNAOFF_RSSI_SpecMin = ['-30'] %
[2020/07/29 01:02:22.707313] [I][readINI] ---------- Test Plan 2 ----------
[2020/07/29 01:02:22.710451] [I][readINI] StartButton_ON = 0
[2020/07/29 01:02:22.713498] [I][readINI] FailAutoExit = True
[2020/07/29 01:02:22.715815] [I][readINI] FailRetryAll = True
[2020/07/29 01:02:22.717822] [I][readINI] RFDatabase = True
[2020/07/29 01:02:22.719828] [I][readINI] EC = 010000S01
[2020/07/29 01:02:22.722916] [I][readINI] ---------- INI ----------
[2020/07/29 01:02:22.725917] [I][readInstrumentINI] ---------- Common ----------
[2020/07/29 01:02:22.727923] [I][readInstrumentINI] Instrument_Name = E6640A
[2020/07/29 01:02:22.730736] [I][readInstrumentINI] Instrument_IP_Addr = TCPIP0::192.168.1.2::hislip0::INSTR
[2020/07/29 01:02:22.733090] [I][readInstrumentINI] PowerSupplier_Name = 66321B
[2020/07/29 01:02:22.735096] [I][readInstrumentINI] PowerSupplier_Addr = GPIB0::5::INSTR
[2020/07/29 01:02:22.737103] [I][readInstrumentINI] Current_Delay = 0.5
[2020/07/29 01:02:22.740114] [I][readInstrumentINI] ---------- Common ----------
[2020/07/29 01:02:22.743034] [I][readInstrumentINI] ---------- ZIGBEE_2450 ----------
[2020/07/29 01:02:22.745040] [I][readInstrumentINI] RFIO_Input = 1
[2020/07/29 01:02:22.748049] [I][readInstrumentINI] Tx_Span = 10000.0 kHz
[2020/07/29 01:02:22.750054] [I][readInstrumentINI] Tx_PowRange = 20.0 dBm
[2020/07/29 01:02:22.753062] [I][readInstrumentINI] Tx_SymbolRate = 1000.0 kHz
[2020/07/29 01:02:22.755696] [I][readInstrumentINI] Tx_MeasInterval = 500
[2020/07/29 01:02:22.757703] [I][readInstrumentINI] Tx_TrigLevel = 30.0 mV
[2020/07/29 01:02:22.760886] [I][readInstrumentINI] Tx_TrigDelay = 0.3 ms
[2020/07/29 01:02:22.762893] [I][readInstrumentINI] RFIO_Output = 1
[2020/07/29 01:02:22.765901] [I][readInstrumentINI] ---------- ZIGBEE_2450 ----------
[2020/07/29 01:02:22.768702] ---------- StartTest ----------
[2020/07/29 01:02:22.776624] [I][chkDUTConnect] Connect to DUT
[2020/07/29 01:02:22.788372] [I][chkDUTConnect] Check DUT status
[2020/07/29 01:02:23.620532] [I][chkDUTConnect] Success
[2020/07/29 01:02:23.633516] [I][chkE6640AConnect] Connect to E6640A
[2020/07/29 01:02:24.541949] [I][chkE6640AConnect] Preset E6640A status
[2020/07/29 01:02:25.386946] [I][chkE6640AConnect] success
[2020/07/29 01:02:25.645654] ---------- Test Plan 1 ----------
[2020/07/29 01:02:25.649141] [I][startTestPlan]---------- ZIGBEE_2450 Freq 2425 ----------
[2020/07/29 01:02:25.651148] [I][startTestPlan]---------- Measure Tx Start ----------
[2020/07/29 01:02:25.654156] [I][startTestPlan] Preset E6640A
[2020/07/29 01:02:26.494626] [I][startTestPlan] Success
[2020/07/29 01:02:26.505654] [I][startTestPlan] Set Tx Start
[2020/07/29 01:02:28.897030] [I][startTestPlan] Success
[2020/07/29 01:02:28.900054] [I][startTestPlan] Set DUT Tx
[2020/07/29 01:02:34.786408] [I][startTestPlan] Success
[2020/07/29 01:02:34.789590] [I][startTestPlan] Start DUT Tx
[2020/07/29 01:02:37.299942] [I][startTestPlan] Success
[2020/07/29 01:02:38.935216] [I][startTestPlan] 9.199, 14.88, 14.43
[2020/07/29 01:02:39.493336] [I][startTestPlan] 0.087
[2020/07/29 01:02:39.501395] [I][startTestPlan] Stop DUT Tx
[2020/07/29 01:02:40.341659] [I][startTestPlan] Success
[2020/07/29 01:02:40.344744] [I][startTestPlan] Power: 9.199 dBm
[2020/07/29 01:02:40.347776] [I][startTestPlan] Freq Err: 14.88 ppm
[2020/07/29 01:02:40.351382] [I][startTestPlan] EVM: 14.43 %
[2020/07/29 01:02:40.353388] [I][startTestPlan] Current: 0.087 A
[2020/07/29 01:02:40.357415] [I][startTestPlan] Check Tx Result
[2020/07/29 01:02:40.360236] [I][startBTTest] Tx Test Time: 14.712
[2020/07/29 01:02:40.363408] [I][startTestPlan]---------- ZIGBEE_2450 Freq 2455 ----------
[2020/07/29 01:02:40.366484] [I][startTestPlan]---------- Measure Tx Start ----------
[2020/07/29 01:02:40.370056] [I][startTestPlan] Preset E6640A
[2020/07/29 01:02:41.593096] [I][startTestPlan] Success
[2020/07/29 01:02:41.597108] [I][startTestPlan] Set Tx Start
[2020/07/29 01:02:43.970863] [I][startTestPlan] Success
[2020/07/29 01:02:43.974944] [I][startTestPlan] Set DUT Tx
[2020/07/29 01:02:49.991759] [I][startTestPlan] Success
[2020/07/29 01:02:49.994861] [I][startTestPlan] Start DUT Tx
[2020/07/29 01:02:52.514948] [I][startTestPlan] Success
[2020/07/29 01:02:54.085690] [I][startTestPlan] 10.062000000000001, 14.85, 14.403
[2020/07/29 01:02:54.650466] [I][startTestPlan] 0.105
[2020/07/29 01:02:54.660539] [I][startTestPlan] Stop DUT Tx
[2020/07/29 01:02:55.519805] [I][startTestPlan] Success
[2020/07/29 01:02:55.526825] [I][startTestPlan] Calibration
[2020/07/29 01:02:55.531836] [I][startTestPlan] Calculate DUT Tx Power
[2020/07/29 01:02:55.535847] [I][startTestPlan] DUT Tx Power: -1
[2020/07/29 01:02:55.540585] [I][startTestPlan] Measure again
[2020/07/29 01:02:55.543997] [I][startTestPlan] Set DUT Tx
[2020/07/29 01:03:01.473518] [I][startTestPlan] Success
[2020/07/29 01:03:01.476529] [I][startTestPlan] Start DUT Tx
[2020/07/29 01:03:03.999710] [I][startTestPlan] Success
[2020/07/29 01:03:05.658450] [I][startTestPlan] 8.926, 14.8, 13.988
[2020/07/29 01:03:06.212347] [I][startTestPlan] 0.104
[2020/07/29 01:03:06.218367] [I][startTestPlan] Stop DUT Tx
[2020/07/29 01:03:07.087713] [I][startTestPlan] Success
[2020/07/29 01:03:07.094270] [I][startTestPlan] Power: 8.926 dBm
[2020/07/29 01:03:07.099586] [I][startTestPlan] Freq Err: 14.8 ppm
[2020/07/29 01:03:07.103600] [I][startTestPlan] EVM: 13.988 %
[2020/07/29 01:03:07.107610] [I][startTestPlan] Current: 0.104 A
[2020/07/29 01:03:07.110617] [I][startTestPlan] Check Tx Result
[2020/07/29 01:03:07.113625] [I][startBTTest] Tx Test Time: 26.75
[2020/07/29 01:03:07.117751] [I][startTestPlan]---------- ZIGBEE_2450 Freq 2470 ----------
[2020/07/29 01:03:07.120859] [I][startTestPlan]---------- Measure Tx Start ----------
[2020/07/29 01:03:07.123870] [I][startTestPlan] Preset E6640A
[2020/07/29 01:03:08.301571] [I][startTestPlan] Success
[2020/07/29 01:03:08.304579] [I][startTestPlan] Set Tx Start
[2020/07/29 01:03:10.717153] [I][startTestPlan] Success
[2020/07/29 01:03:10.721225] [I][startTestPlan] Set DUT Tx
[2020/07/29 01:03:16.696879] [I][startTestPlan] Success
[2020/07/29 01:03:16.700892] [I][startTestPlan] Start DUT Tx
[2020/07/29 01:03:19.234759] [I][startTestPlan] Success
[2020/07/29 01:03:20.791587] [I][startTestPlan] 10.015, 14.781, 13.296
[2020/07/29 01:03:21.350091] [I][startTestPlan] 0.085
[2020/07/29 01:03:21.358131] [I][startTestPlan] Stop DUT Tx
[2020/07/29 01:03:22.212123] [I][startTestPlan] Success
[2020/07/29 01:03:22.215427] [I][startTestPlan] Calibration
[2020/07/29 01:03:22.218437] [I][startTestPlan] Calculate DUT Tx Power
[2020/07/29 01:03:22.222448] [I][startTestPlan] DUT Tx Power: -1
[2020/07/29 01:03:22.225464] [I][startTestPlan] Measure again
[2020/07/29 01:03:22.228463] [I][startTestPlan] Set DUT Tx
[2020/07/29 01:03:28.212685] [I][startTestPlan] Success
[2020/07/29 01:03:28.215701] [I][startTestPlan] Start DUT Tx
[2020/07/29 01:03:30.746654] [I][startTestPlan] Success
[2020/07/29 01:03:32.364344] [I][startTestPlan] 8.791, 14.76, 13.012
[2020/07/29 01:03:32.916472] [I][startTestPlan] 0.103
[2020/07/29 01:03:32.921485] [I][startTestPlan] Stop DUT Tx
[2020/07/29 01:03:33.773039] [I][startTestPlan] Success
[2020/07/29 01:03:33.777085] [I][startTestPlan] Power: 8.791 dBm
[2020/07/29 01:03:33.781060] [I][startTestPlan] Freq Err: 14.76 ppm
[2020/07/29 01:03:33.785028] [I][startTestPlan] EVM: 13.012 %
[2020/07/29 01:03:33.788654] [I][startTestPlan] Current: 0.103 A
[2020/07/29 01:03:33.791664] [I][startTestPlan] Check Tx Result
[2020/07/29 01:03:33.795113] [I][startBTTest] Tx Test Time: 26.678
[2020/07/29 01:03:33.798582] ---------- Test Plan 2 ----------
[2020/07/29 01:03:33.802058] [I][startTestPlan]---------- ZIGBEE_2450 Freq 2445 ----------
[2020/07/29 01:03:33.805396] [I][startTestPlan]---------- Measure Rx Start ----------
[2020/07/29 01:03:33.808406] [I][startTestPlan] Preset E6640A
[2020/07/29 01:03:35.026554] [I][startTestPlan] Success
[2020/07/29 01:03:35.030636] [I][startTestPlan]---------- LNA ON ----------
[2020/07/29 01:03:35.033985] [I][startTestPlan] Set Rx one tone
[2020/07/29 01:03:35.074252] [I][startTestPlan] Success
[2020/07/29 01:03:35.077319] [I][startTestPlan] Set DUT Rx
[2020/07/29 01:03:39.345672] [I][startTestPlan] Success
[2020/07/29 01:03:44.418300] [I][startTestPlan] Success
[2020/07/29 01:03:49.468757] [I][startTestPlan] Rx RSSI: -16 dBm
[2020/07/29 01:03:49.486849] [I][startTestPlan]---------- LNA OFF ----------
[2020/07/29 01:03:49.491870] [I][startTestPlan] Set Rx one tone
[2020/07/29 01:03:49.532586] [I][startTestPlan] Success
[2020/07/29 01:03:49.535973] [I][startTestPlan] Set DUT Rx
[2020/07/29 01:03:53.786893] [I][startTestPlan] Success
[2020/07/29 01:03:58.033423] [I][startTestPlan] Success
[2020/07/29 01:04:02.583633] [I][startTestPlan] Rx RSSI: -28 dBm
[2020/07/29 01:04:02.595306] [I][startTestPlan] Check Rx Result
[2020/07/29 01:04:02.598761] [I][startBTTest] Rx Test Time: 28.797
[2020/07/29 01:04:02.602691] [I][startBTTest] Copy calibration data
[2020/07/29 01:04:02.610753] [I][startBTTest] Write Calibration Data
[2020/07/29 01:04:03.158515] [I][TestResult] Test Pass!
