[2020/07/29 01:02:23.627705]========== Start ==========
[2020/07/29 01:02:23.629466][I][class_E6640A_ZIGBEE] Initial class_E6640A_ZIGBEE
[2020/07/29 01:02:23.631884][I][class_E6640A_ZIGBEE] Version: 3.0.0.2
[2020/07/29 01:02:23.636527][I][connect_E6640A] Connect to E6640A
[2020/07/29 01:02:23.646633][I][connect_E6640A] Resource Manager of Visa Library at C:\Windows\system32\visa32.dll
[2020/07/29 01:02:23.698330][I][queryEx] E6640A <= *IDN?
[2020/07/29 01:02:23.704330][I][queryEx] E6640A => Keysight Technologies,E6640A,MY57150246,E.19.71
[2020/07/29 01:02:23.706332][I][set_Preset] System reset
[2020/07/29 01:02:23.708337][I][writeEx] E6640A <= *RST
[2020/07/29 01:02:23.710342][I][writeEx] E6640A <= *CLS
[2020/07/29 01:02:23.713166][I][writeEx] E6640A <= SYST:PRES
[2020/07/29 01:02:24.017067][I][queryEx] E6640A <= *OPC?
[2020/07/29 01:02:24.536101][I][queryEx] E6640A => 1
[2020/07/29 01:02:24.544960][I][set_Preset] System reset
[2020/07/29 01:02:24.546965][I][writeEx] E6640A <= *RST
[2020/07/29 01:02:24.549203][I][writeEx] E6640A <= *CLS
[2020/07/29 01:02:24.551080][I][writeEx] E6640A <= SYST:PRES
[2020/07/29 01:02:24.854924][I][queryEx] E6640A <= *OPC?
[2020/07/29 01:02:25.376936][I][queryEx] E6640A => 1
[2020/07/29 01:02:25.657164][I][set_Preset] System reset
[2020/07/29 01:02:25.659170][I][writeEx] E6640A <= *RST
[2020/07/29 01:02:25.661796][I][writeEx] E6640A <= *CLS
[2020/07/29 01:02:25.663854][I][writeEx] E6640A <= SYST:PRES
[2020/07/29 01:02:25.967556][I][queryEx] E6640A <= *OPC?
[2020/07/29 01:02:26.484604][I][queryEx] E6640A => 1
[2020/07/29 01:02:26.512673][I][set_Tx_Start] Set Tx start
[2020/07/29 01:02:26.516683][I][set_RFI_Port] Set input port
[2020/07/29 01:02:26.519691][I][writeEx] E6640A <= :FEED:RF:PORT:INPut RFIO1
[2020/07/29 01:02:26.523703][I][queryEx] E6640A <= :FEED:RF:PORT:INPut?
[2020/07/29 01:02:26.528879][I][queryEx] E6640A => RFIO1
[2020/07/29 01:02:26.532206][I][set_Modulation_Analysis] Set measurement function
[2020/07/29 01:02:26.534214][I][writeEx] E6640A <= INST:SEL VSA
[2020/07/29 01:02:26.838599][I][queryEx] E6640A <= *OPC?
[2020/07/29 01:02:26.853528][I][queryEx] E6640A => 1
[2020/07/29 01:02:26.862559][I][queryEx] E6640A <= INST:SEL?
[2020/07/29 01:02:26.871846][I][queryEx] E6640A => VSA
[2020/07/29 01:02:26.875862][I][writeEx] E6640A <= :CONFigure:DDEMod
[2020/07/29 01:02:27.181311][I][queryEx] E6640A <= *OPC?
[2020/07/29 01:02:27.352041][I][queryEx] E6640A => 1
[2020/07/29 01:02:27.363109][I][init_Zigbee_Mode] Initial Zigbee mode
[2020/07/29 01:02:27.372089][I][writeEx] E6640A <= :DDEM:STAN:PRES ZIGBEE2450
[2020/07/29 01:02:27.679310][I][queryEx] E6640A <= *OPC?
[2020/07/29 01:02:27.685880][I][queryEx] E6640A => 1
[2020/07/29 01:02:27.687886][I][set_Continue] Set continue
[2020/07/29 01:02:27.691391][I][writeEx] E6640A <= :INIT:CONT ON
[2020/07/29 01:02:27.694073][I][set_Freq] Set frequence
[2020/07/29 01:02:27.696079][I][writeEx] E6640A <= :FREQuency:CENTer 2425.0 MHz
[2020/07/29 01:02:27.699088][I][set_XScale_Span] Set frequence span
[2020/07/29 01:02:27.701093][I][writeEx] E6640A <= :FREQuency:SPAN 10000.000000 KHZ
[2020/07/29 01:02:27.704103][I][set_Power_Range] Get power range
[2020/07/29 01:02:27.707110][I][writeEx] E6640A <= :POW:RANG 20.000000
[2020/07/29 01:02:27.710090][I][set_Symbol_Rate] Get symbol rate
[2020/07/29 01:02:27.712097][I][writeEx] E6640A <= :DDEMod:SRATe 1000.000000 kHz
[2020/07/29 01:02:27.715317][I][set_Meas_Interval] Get meas interval
[2020/07/29 01:02:27.717324][I][writeEx] E6640A <= :DDEMod:SWEep:POINts 500
[2020/07/29 01:02:27.720511][I][set_Zigbee_TX_BandPower] Set marker function
[2020/07/29 01:02:27.723134][I][writeEx] E6640A <= CALC:DDEMod:MARK1:MODE POS
[2020/07/29 01:02:27.725141][I][writeEx] E6640A <= CALC:DDEMod:MARK1:TRAC 2
[2020/07/29 01:02:27.728150][I][writeEx] E6640A <= CALC:DDEMod:MARK1:FUNC BPOW
[2020/07/29 01:02:27.731157][I][writeEx] E6640A <= CALC:DDEMod:MARK1:FUNC:BPOW:CTYP MEAN
[2020/07/29 01:02:27.733600][I][writeEx] E6640A <= CALC:DDEMod:MARK1:FUNC:BAND:CENT 2425000000.000000
[2020/07/29 01:02:28.038267][I][queryEx] E6640A <= *OPC?
[2020/07/29 01:02:28.048021][I][queryEx] E6640A => 1
[2020/07/29 01:02:28.051476][I][queryEx] E6640A <= CALC:DDEMod:MARK1:FUNC:BAND:CENT?
[2020/07/29 01:02:28.056723][I][queryEx] E6640A => 2.425000000E+09
[2020/07/29 01:02:28.060292][I][writeEx] E6640A <= CALC:DDEMod:MARK1:FUNC:BAND:SPAN 10000000.000000
[2020/07/29 01:02:28.364710][I][queryEx] E6640A <= *OPC?
[2020/07/29 01:02:28.381053][I][queryEx] E6640A => 1
[2020/07/29 01:02:28.392064][I][set_Trigger_Video] Set trigger video
[2020/07/29 01:02:28.399044][I][writeEx] E6640A <= TRIG:DDEM:SOUR VID
[2020/07/29 01:02:28.706023][I][queryEx] E6640A <= *OPC?
[2020/07/29 01:02:28.714892][I][queryEx] E6640A => 1
[2020/07/29 01:02:28.719113][I][set_Trigger_Level] Set trigger level
[2020/07/29 01:02:28.721120][I][writeEx] E6640A <= :TRIGger:VIDeo:LEVel 30.000000 mV
[2020/07/29 01:02:28.724134][I][set_Trigger_Delay] Set trigger delay
[2020/07/29 01:02:28.727136][I][writeEx] E6640A <= :TRIGger:VIDeo:DELay:STATe ON
[2020/07/29 01:02:28.731146][I][queryEx] E6640A <= :TRIGger:VIDeo:DELay:STATe?
[2020/07/29 01:02:28.798404][I][queryEx] E6640A => 1
[2020/07/29 01:02:28.805419][I][writeEx] E6640A <= :TRIGger:VIDeo:DELay:STATe ON
[2020/07/29 01:02:28.813442][I][writeEx] E6640A <= :TRIGger:VIDeo:DELay 0.300000 ms
[2020/07/29 01:02:28.820802][I][init_Trigger_Reg] Initial trigger status register
[2020/07/29 01:02:28.825819][I][writeEx] E6640A <= *CLS
[2020/07/29 01:02:28.831746][I][writeEx] E6640A <= :STATus:PRESet
[2020/07/29 01:02:28.835792][I][writeEx] E6640A <= *SRE 192
[2020/07/29 01:02:28.839806][I][writeEx] E6640A <= :STATus:OPERation:ENABle 32
[2020/07/29 01:02:28.844246][I][writeEx] E6640A <= *CLS
[2020/07/29 01:02:28.847265][I][queryEx] E6640A <= *STB?
[2020/07/29 01:02:28.890975][I][queryEx] E6640A => 0
[2020/07/29 01:02:28.894032][I][init_Trigger_Reg] Status: 0
[2020/07/29 01:02:37.805712][I][chk_Tx_Result] Check Tx result
[2020/07/29 01:02:37.809723][I][get_Trigger_Status] Get trigger status
[2020/07/29 01:02:37.812812][I][queryEx] E6640A <= *STB?
[2020/07/29 01:02:37.818584][I][queryEx] E6640A => 192
[2020/07/29 01:02:37.821510][I][get_Trigger_Status] Status: 192
[2020/07/29 01:02:37.824555]Is triggered!
[2020/07/29 01:02:37.827528][I][writeEx] E6640A <= *CLS
[2020/07/29 01:02:37.833721][I][set_Continue] Set continue
[2020/07/29 01:02:37.836736][I][writeEx] E6640A <= :INIT:CONT ON
[2020/07/29 01:02:37.941244][I][set_Single] Set single
[2020/07/29 01:02:37.954329][I][writeEx] E6640A <= :INIT:CONT OFF
[2020/07/29 01:02:37.964303][I][set_Zigbee_TX_BandPower] Set marker function
[2020/07/29 01:02:37.971360][I][writeEx] E6640A <= CALC:DDEMod:MARK1:MODE POS
[2020/07/29 01:02:37.976332][I][writeEx] E6640A <= CALC:DDEMod:MARK1:TRAC 2
[2020/07/29 01:02:37.981200][I][writeEx] E6640A <= CALC:DDEMod:MARK1:FUNC BPOW
[2020/07/29 01:02:37.984210][I][writeEx] E6640A <= CALC:DDEMod:MARK1:FUNC:BPOW:CTYP MEAN
[2020/07/29 01:02:37.988220][I][writeEx] E6640A <= CALC:DDEMod:MARK1:FUNC:BAND:CENT 2425000000.000000
[2020/07/29 01:02:38.293627][I][queryEx] E6640A <= *OPC?
[2020/07/29 01:02:38.305673][I][queryEx] E6640A => 1
[2020/07/29 01:02:38.309340][I][queryEx] E6640A <= CALC:DDEMod:MARK1:FUNC:BAND:CENT?
[2020/07/29 01:02:38.315371][I][queryEx] E6640A => 2.425000000E+09
[2020/07/29 01:02:38.319372][I][writeEx] E6640A <= CALC:DDEMod:MARK1:FUNC:BAND:SPAN 10000000.000000
[2020/07/29 01:02:38.624072][I][queryEx] E6640A <= *OPC?
[2020/07/29 01:02:38.634063][I][queryEx] E6640A => 1
[2020/07/29 01:02:38.637073][I][get_Power] Get Tx power
[2020/07/29 01:02:38.641085][I][queryEx] E6640A <= :CALC:DDEMod:MARK1:Y?
[2020/07/29 01:02:38.646310][I][queryEx] E6640A => 9.989997645E-01
[2020/07/29 01:02:38.650326][I][chk_Tx_Result] Tx power(add loss: 8.200000) = 9.199000 dBm
[2020/07/29 01:02:38.653347][I][read_DDEMod_Array] Read measurement result
[2020/07/29 01:02:38.656380][I][queryEx] E6640A <= :READ:DDEMod?
[2020/07/29 01:02:38.918505][I][queryEx] E6640A => 1.442999935E+01,4.793006134E+01,0.000000000E+00,3.592073441E+00,1.982374573E+01,1.000000000E+00,9.91E+37,9.91E+37,9.91E+37,4.405612648E-01,-9.843587875E-01,1.430000000E+02,1.175488758E+01,-3.963790512E+01,0.000000000E+00,3.608330469E+04,9.91E+37,9.91E+37,9.91E+37,9.91E+37,9.91E+37,-4.561017990E+01,9.91E+37,9.587446451E-01,6.551645696E-02,3.239502013E-01,9.91E+37,9.91E+37,9.91E+37,9.91E+37,9.91E+37,9.91E+37,9.91E+37,9.91E+37,9.91E+37,9.91E+37,9.91E+37,9.91E+37,9.91E+37,9.91E+37,9.91E+37,9.91E+37,9.91E+37,9.91E+37,9.91E+37,9.91E+37,9.91E+37,9.91E+37,9.91E+37,9.91E+37,9.91E+37,9.91E+37,9.91E+37,9.91E+37,9.91E+37,9.91E+37,9.91E+37,9.91E+37,9.91E+37,9.91E+37,9.91E+37,4.077690654E-03,-3.293971298E-03
[2020/07/29 01:02:38.927474][I][set_Continue] Set continue
[2020/07/29 01:02:38.930481][I][writeEx] E6640A <= :INIT:CONT ON
[2020/07/29 01:02:40.373117][I][set_Preset] System reset
[2020/07/29 01:02:40.376127][I][writeEx] E6640A <= *RST
[2020/07/29 01:02:40.379170][I][writeEx] E6640A <= *CLS
[2020/07/29 01:02:40.383146][I][writeEx] E6640A <= SYST:PRES
[2020/07/29 01:02:40.688328][I][queryEx] E6640A <= *OPC?
[2020/07/29 01:02:41.585081][I][queryEx] E6640A => 1
[2020/07/29 01:02:41.600222][I][set_Tx_Start] Set Tx start
[2020/07/29 01:02:41.603231][I][set_RFI_Port] Set input port
[2020/07/29 01:02:41.606239][I][writeEx] E6640A <= :FEED:RF:PORT:INPut RFIO1
[2020/07/29 01:02:41.610250][I][queryEx] E6640A <= :FEED:RF:PORT:INPut?
[2020/07/29 01:02:41.616028][I][queryEx] E6640A => RFIO1
[2020/07/29 01:02:41.619073][I][set_Modulation_Analysis] Set measurement function
[2020/07/29 01:02:41.622083][I][writeEx] E6640A <= INST:SEL VSA
[2020/07/29 01:02:41.927205][I][queryEx] E6640A <= *OPC?
[2020/07/29 01:02:41.937214][I][queryEx] E6640A => 1
[2020/07/29 01:02:41.941189][I][queryEx] E6640A <= INST:SEL?
[2020/07/29 01:02:41.946837][I][queryEx] E6640A => VSA
[2020/07/29 01:02:41.950794][I][writeEx] E6640A <= :CONFigure:DDEMod
[2020/07/29 01:02:42.255677][I][queryEx] E6640A <= *OPC?
[2020/07/29 01:02:42.429374][I][queryEx] E6640A => 1
[2020/07/29 01:02:42.444487][I][init_Zigbee_Mode] Initial Zigbee mode
[2020/07/29 01:02:42.452951][I][writeEx] E6640A <= :DDEM:STAN:PRES ZIGBEE2450
[2020/07/29 01:02:42.760193][I][queryEx] E6640A <= *OPC?
[2020/07/29 01:02:42.770349][I][queryEx] E6640A => 1
[2020/07/29 01:02:42.774247][I][set_Continue] Set continue
[2020/07/29 01:02:42.778724][I][writeEx] E6640A <= :INIT:CONT ON
[2020/07/29 01:02:42.781985][I][set_Freq] Set frequence
[2020/07/29 01:02:42.785000][I][writeEx] E6640A <= :FREQuency:CENTer 2455.0 MHz
[2020/07/29 01:02:42.789703][I][set_XScale_Span] Set frequence span
[2020/07/29 01:02:42.792713][I][writeEx] E6640A <= :FREQuency:SPAN 10000.000000 KHZ
[2020/07/29 01:02:42.795721][I][set_Power_Range] Get power range
[2020/07/29 01:02:42.800010][I][writeEx] E6640A <= :POW:RANG 20.000000
[2020/07/29 01:02:42.803020][I][set_Symbol_Rate] Get symbol rate
[2020/07/29 01:02:42.806028][I][writeEx] E6640A <= :DDEMod:SRATe 1000.000000 kHz
[2020/07/29 01:02:42.811042][I][set_Meas_Interval] Get meas interval
[2020/07/29 01:02:42.815344][I][writeEx] E6640A <= :DDEMod:SWEep:POINts 500
[2020/07/29 01:02:42.818357][I][set_Zigbee_TX_BandPower] Set marker function
[2020/07/29 01:02:42.821361][I][writeEx] E6640A <= CALC:DDEMod:MARK1:MODE POS
[2020/07/29 01:02:42.825373][I][writeEx] E6640A <= CALC:DDEMod:MARK1:TRAC 2
[2020/07/29 01:02:42.828380][I][writeEx] E6640A <= CALC:DDEMod:MARK1:FUNC BPOW
[2020/07/29 01:02:42.833488][I][writeEx] E6640A <= CALC:DDEMod:MARK1:FUNC:BPOW:CTYP MEAN
[2020/07/29 01:02:42.836498][I][writeEx] E6640A <= CALC:DDEMod:MARK1:FUNC:BAND:CENT 2455000000.000000
[2020/07/29 01:02:43.142284][I][queryEx] E6640A <= *OPC?
[2020/07/29 01:02:43.151472][I][queryEx] E6640A => 1
[2020/07/29 01:02:43.155156][I][queryEx] E6640A <= CALC:DDEMod:MARK1:FUNC:BAND:CENT?
[2020/07/29 01:02:43.161211][I][queryEx] E6640A => 2.455000000E+09
[2020/07/29 01:02:43.165205][I][writeEx] E6640A <= CALC:DDEMod:MARK1:FUNC:BAND:SPAN 10000000.000000
[2020/07/29 01:02:43.469522][I][queryEx] E6640A <= *OPC?
[2020/07/29 01:02:43.479768][I][queryEx] E6640A => 1
[2020/07/29 01:02:43.483602][I][set_Trigger_Video] Set trigger video
[2020/07/29 01:02:43.487834][I][writeEx] E6640A <= TRIG:DDEM:SOUR VID
[2020/07/29 01:02:43.792617][I][queryEx] E6640A <= *OPC?
[2020/07/29 01:02:43.803901][I][queryEx] E6640A => 1
[2020/07/29 01:02:43.806910][I][set_Trigger_Level] Set trigger level
[2020/07/29 01:02:43.811939][I][writeEx] E6640A <= :TRIGger:VIDeo:LEVel 30.000000 mV
[2020/07/29 01:02:43.816113][I][set_Trigger_Delay] Set trigger delay
[2020/07/29 01:02:43.819122][I][writeEx] E6640A <= :TRIGger:VIDeo:DELay:STATe ON
[2020/07/29 01:02:43.823133][I][queryEx] E6640A <= :TRIGger:VIDeo:DELay:STATe?
[2020/07/29 01:02:43.880055][I][queryEx] E6640A => 1
[2020/07/29 01:02:43.885456][I][writeEx] E6640A <= :TRIGger:VIDeo:DELay:STATe ON
[2020/07/29 01:02:43.889469][I][writeEx] E6640A <= :TRIGger:VIDeo:DELay 0.300000 ms
[2020/07/29 01:02:43.894030][I][init_Trigger_Reg] Initial trigger status register
[2020/07/29 01:02:43.898255][I][writeEx] E6640A <= *CLS
[2020/07/29 01:02:43.902550][I][writeEx] E6640A <= :STATus:PRESet
[2020/07/29 01:02:43.906564][I][writeEx] E6640A <= *SRE 192
[2020/07/29 01:02:43.910575][I][writeEx] E6640A <= :STATus:OPERation:ENABle 32
[2020/07/29 01:02:43.913582][I][writeEx] E6640A <= *CLS
[2020/07/29 01:02:43.917593][I][queryEx] E6640A <= *STB?
[2020/07/29 01:02:43.963841][I][queryEx] E6640A => 0
[2020/07/29 01:02:43.967855][I][init_Trigger_Reg] Status: 0
[2020/07/29 01:02:53.019733][I][chk_Tx_Result] Check Tx result
[2020/07/29 01:02:53.035821][I][get_Trigger_Status] Get trigger status
[2020/07/29 01:02:53.044796][I][queryEx] E6640A <= *STB?
[2020/07/29 01:02:53.053822][I][queryEx] E6640A => 192
[2020/07/29 01:02:53.059836][I][get_Trigger_Status] Status: 192
[2020/07/29 01:02:53.063848]Is triggered!
[2020/07/29 01:02:53.067858][I][writeEx] E6640A <= *CLS
[2020/07/29 01:02:53.070865][I][set_Continue] Set continue
[2020/07/29 01:02:53.075230][I][writeEx] E6640A <= :INIT:CONT ON
[2020/07/29 01:02:53.179464][I][set_Single] Set single
[2020/07/29 01:02:53.194472][I][writeEx] E6640A <= :INIT:CONT OFF
[2020/07/29 01:02:53.205506][I][set_Zigbee_TX_BandPower] Set marker function
[2020/07/29 01:02:53.211522][I][writeEx] E6640A <= CALC:DDEMod:MARK1:MODE POS
[2020/07/29 01:02:53.217539][I][writeEx] E6640A <= CALC:DDEMod:MARK1:TRAC 2
[2020/07/29 01:02:53.222652][I][writeEx] E6640A <= CALC:DDEMod:MARK1:FUNC BPOW
[2020/07/29 01:02:53.226736][I][writeEx] E6640A <= CALC:DDEMod:MARK1:FUNC:BPOW:CTYP MEAN
[2020/07/29 01:02:53.230769][I][writeEx] E6640A <= CALC:DDEMod:MARK1:FUNC:BAND:CENT 2455000000.000000
[2020/07/29 01:02:53.535363][I][queryEx] E6640A <= *OPC?
[2020/07/29 01:02:53.546280][I][queryEx] E6640A => 1
[2020/07/29 01:02:53.550219][I][queryEx] E6640A <= CALC:DDEMod:MARK1:FUNC:BAND:CENT?
[2020/07/29 01:02:53.555800][I][queryEx] E6640A => 2.455000000E+09
[2020/07/29 01:02:53.560267][I][writeEx] E6640A <= CALC:DDEMod:MARK1:FUNC:BAND:SPAN 10000000.000000
[2020/07/29 01:02:53.864438][I][queryEx] E6640A <= *OPC?
[2020/07/29 01:02:53.873949][I][queryEx] E6640A => 1
[2020/07/29 01:02:53.877962][I][get_Power] Get Tx power
[2020/07/29 01:02:53.880969][I][queryEx] E6640A <= :CALC:DDEMod:MARK1:Y?
[2020/07/29 01:02:53.887768][I][queryEx] E6640A => 1.161629846E+00
[2020/07/29 01:02:53.890777][I][chk_Tx_Result] Tx power(add loss: 8.900000) = 10.062000 dBm
[2020/07/29 01:02:53.894684][I][read_DDEMod_Array] Read measurement result
[2020/07/29 01:02:53.897892][I][queryEx] E6640A <= :READ:DDEMod?
[2020/07/29 01:02:54.050542][I][queryEx] E6640A => 1.440285873E+01,4.209351730E+01,2.210000000E+02,3.463444233E+00,1.645246124E+01,2.220000000E+02,9.91E+37,9.91E+37,9.91E+37,4.097363353E-01,-8.846759796E-01,4.890000000E+02,1.172430897E+01,3.451548004E+01,2.210000000E+02,3.645585547E+04,9.91E+37,9.91E+37,9.91E+37,9.91E+37,9.91E+37,-4.548346710E+01,9.91E+37,9.589264989E-01,7.813116908E-02,3.987238407E-01,9.91E+37,9.91E+37,9.91E+37,9.91E+37,9.91E+37,9.91E+37,9.91E+37,9.91E+37,9.91E+37,9.91E+37,9.91E+37,9.91E+37,9.91E+37,9.91E+37,9.91E+37,9.91E+37,9.91E+37,9.91E+37,9.91E+37,9.91E+37,9.91E+37,9.91E+37,9.91E+37,9.91E+37,9.91E+37,9.91E+37,9.91E+37,9.91E+37,9.91E+37,9.91E+37,9.91E+37,9.91E+37,9.91E+37,9.91E+37,9.91E+37,4.527661484E-03,-2.791346516E-03
[2020/07/29 01:02:54.066595][I][set_Continue] Set continue
[2020/07/29 01:02:54.077624][I][writeEx] E6640A <= :INIT:CONT ON
[2020/07/29 01:03:04.504492][I][chk_Tx_Result] Check Tx result
[2020/07/29 01:03:04.520557][I][get_Trigger_Status] Get trigger status
[2020/07/29 01:03:04.529248][I][queryEx] E6640A <= *STB?
[2020/07/29 01:03:04.537587][I][queryEx] E6640A => 192
[2020/07/29 01:03:04.543488][I][get_Trigger_Status] Status: 192
[2020/07/29 01:03:04.547502]Is triggered!
[2020/07/29 01:03:04.550509][I][writeEx] E6640A <= *CLS
[2020/07/29 01:03:04.554634][I][set_Continue] Set continue
[2020/07/29 01:03:04.558708][I][writeEx] E6640A <= :INIT:CONT ON
[2020/07/29 01:03:04.663551][I][set_Single] Set single
[2020/07/29 01:03:04.678672][I][writeEx] E6640A <= :INIT:CONT OFF
[2020/07/29 01:03:04.689619][I][set_Zigbee_TX_BandPower] Set marker function
[2020/07/29 01:03:04.695632][I][writeEx] E6640A <= CALC:DDEMod:MARK1:MODE POS
[2020/07/29 01:03:04.701489][I][writeEx] E6640A <= CALC:DDEMod:MARK1:TRAC 2
[2020/07/29 01:03:04.706542][I][writeEx] E6640A <= CALC:DDEMod:MARK1:FUNC BPOW
[2020/07/29 01:03:04.710518][I][writeEx] E6640A <= CALC:DDEMod:MARK1:FUNC:BPOW:CTYP MEAN
[2020/07/29 01:03:04.714760][I][writeEx] E6640A <= CALC:DDEMod:MARK1:FUNC:BAND:CENT 2455000000.000000
[2020/07/29 01:03:05.019624][I][queryEx] E6640A <= *OPC?
[2020/07/29 01:03:05.030117][I][queryEx] E6640A => 1
[2020/07/29 01:03:05.034131][I][queryEx] E6640A <= CALC:DDEMod:MARK1:FUNC:BAND:CENT?
[2020/07/29 01:03:05.041255][I][queryEx] E6640A => 2.455000000E+09
[2020/07/29 01:03:05.044267][I][writeEx] E6640A <= CALC:DDEMod:MARK1:FUNC:BAND:SPAN 10000000.000000
[2020/07/29 01:03:05.350601][I][queryEx] E6640A <= *OPC?
[2020/07/29 01:03:05.358660][I][queryEx] E6640A => 1
[2020/07/29 01:03:05.363352][I][get_Power] Get Tx power
[2020/07/29 01:03:05.367375][I][queryEx] E6640A <= :CALC:DDEMod:MARK1:Y?
[2020/07/29 01:03:05.373752][I][queryEx] E6640A => 2.588111058E-02
[2020/07/29 01:03:05.379786][I][chk_Tx_Result] Tx power(add loss: 8.900000) = 8.926000 dBm
[2020/07/29 01:03:05.383799][I][read_DDEMod_Array] Read measurement result
[2020/07/29 01:03:05.387832][I][queryEx] E6640A <= :READ:DDEMod?
[2020/07/29 01:03:05.642409][I][queryEx] E6640A => 1.398753357E+01,4.091394043E+01,2.210000000E+02,3.286763191E+00,1.461048126E+01,2.210000000E+02,9.91E+37,9.91E+37,9.91E+37,4.901917577E-01,-1.109290123E+00,2.570000000E+02,1.138006210E+01,3.344636536E+01,2.210000000E+02,3.633362109E+04,9.91E+37,9.91E+37,9.91E+37,9.91E+37,9.91E+37,-4.382275009E+01,9.91E+37,9.612075090E-01,3.658410907E-02,3.772668839E-01,9.91E+37,9.91E+37,9.91E+37,9.91E+37,9.91E+37,9.91E+37,9.91E+37,9.91E+37,9.91E+37,9.91E+37,9.91E+37,9.91E+37,9.91E+37,9.91E+37,9.91E+37,9.91E+37,9.91E+37,9.91E+37,9.91E+37,9.91E+37,9.91E+37,9.91E+37,9.91E+37,9.91E+37,9.91E+37,9.91E+37,9.91E+37,9.91E+37,9.91E+37,9.91E+37,9.91E+37,9.91E+37,9.91E+37,9.91E+37,9.91E+37,4.092405085E-03,-4.972055089E-03
[2020/07/29 01:03:05.650429][I][set_Continue] Set continue
[2020/07/29 01:03:05.654439][I][writeEx] E6640A <= :INIT:CONT ON
[2020/07/29 01:03:07.127880][I][set_Preset] System reset
[2020/07/29 01:03:07.130889][I][writeEx] E6640A <= *RST
[2020/07/29 01:03:07.135570][I][writeEx] E6640A <= *CLS
[2020/07/29 01:03:07.138897][I][writeEx] E6640A <= SYST:PRES
[2020/07/29 01:03:07.444384][I][queryEx] E6640A <= *OPC?
[2020/07/29 01:03:08.295583][I][queryEx] E6640A => 1
[2020/07/29 01:03:08.308591][I][set_Tx_Start] Set Tx start
[2020/07/29 01:03:08.311598][I][set_RFI_Port] Set input port
[2020/07/29 01:03:08.315709][I][writeEx] E6640A <= :FEED:RF:PORT:INPut RFIO1
[2020/07/29 01:03:08.319759][I][queryEx] E6640A <= :FEED:RF:PORT:INPut?
[2020/07/29 01:03:08.326147][I][queryEx] E6640A => RFIO1
[2020/07/29 01:03:08.329190][I][set_Modulation_Analysis] Set measurement function
[2020/07/29 01:03:08.333168][I][writeEx] E6640A <= INST:SEL VSA
[2020/07/29 01:03:08.638653][I][queryEx] E6640A <= *OPC?
[2020/07/29 01:03:08.649535][I][queryEx] E6640A => 1
[2020/07/29 01:03:08.653548][I][queryEx] E6640A <= INST:SEL?
[2020/07/29 01:03:08.660750][I][queryEx] E6640A => VSA
[2020/07/29 01:03:08.664763][I][writeEx] E6640A <= :CONFigure:DDEMod
[2020/07/29 01:03:08.970229][I][queryEx] E6640A <= *OPC?
[2020/07/29 01:03:09.139267][I][queryEx] E6640A => 1
[2020/07/29 01:03:09.156304][I][init_Zigbee_Mode] Initial Zigbee mode
[2020/07/29 01:03:09.165426][I][writeEx] E6640A <= :DDEM:STAN:PRES ZIGBEE2450
[2020/07/29 01:03:09.473750][I][queryEx] E6640A <= *OPC?
[2020/07/29 01:03:09.493468][I][queryEx] E6640A => 1
[2020/07/29 01:03:09.504493][I][set_Continue] Set continue
[2020/07/29 01:03:09.511512][I][writeEx] E6640A <= :INIT:CONT ON
[2020/07/29 01:03:09.517529][I][set_Freq] Set frequence
[2020/07/29 01:03:09.522599][I][writeEx] E6640A <= :FREQuency:CENTer 2470.0 MHz
[2020/07/29 01:03:09.526613][I][set_XScale_Span] Set frequence span
[2020/07/29 01:03:09.530734][I][writeEx] E6640A <= :FREQuency:SPAN 10000.000000 KHZ
[2020/07/29 01:03:09.533744][I][set_Power_Range] Get power range
[2020/07/29 01:03:09.538089][I][writeEx] E6640A <= :POW:RANG 20.000000
[2020/07/29 01:03:09.541738][I][set_Symbol_Rate] Get symbol rate
[2020/07/29 01:03:09.544749][I][writeEx] E6640A <= :DDEMod:SRATe 1000.000000 kHz
[2020/07/29 01:03:09.549214][I][set_Meas_Interval] Get meas interval
[2020/07/29 01:03:09.552225][I][writeEx] E6640A <= :DDEMod:SWEep:POINts 500
[2020/07/29 01:03:09.556116][I][set_Zigbee_TX_BandPower] Set marker function
[2020/07/29 01:03:09.560140][I][writeEx] E6640A <= CALC:DDEMod:MARK1:MODE POS
[2020/07/29 01:03:09.563149][I][writeEx] E6640A <= CALC:DDEMod:MARK1:TRAC 2
[2020/07/29 01:03:09.567160][I][writeEx] E6640A <= CALC:DDEMod:MARK1:FUNC BPOW
[2020/07/29 01:03:09.571175][I][writeEx] E6640A <= CALC:DDEMod:MARK1:FUNC:BPOW:CTYP MEAN
[2020/07/29 01:03:09.574950][I][writeEx] E6640A <= CALC:DDEMod:MARK1:FUNC:BAND:CENT 2470000000.000000
[2020/07/29 01:03:09.878655][I][queryEx] E6640A <= *OPC?
[2020/07/29 01:03:09.887125][I][queryEx] E6640A => 1
[2020/07/29 01:03:09.893173][I][queryEx] E6640A <= CALC:DDEMod:MARK1:FUNC:BAND:CENT?
[2020/07/29 01:03:09.900602][I][queryEx] E6640A => 2.470000000E+09
[2020/07/29 01:03:09.906621][I][writeEx] E6640A <= CALC:DDEMod:MARK1:FUNC:BAND:SPAN 10000000.000000
[2020/07/29 01:03:10.212790][I][queryEx] E6640A <= *OPC?
[2020/07/29 01:03:10.222941][I][queryEx] E6640A => 1
[2020/07/29 01:03:10.226953][I][set_Trigger_Video] Set trigger video
[2020/07/29 01:03:10.230992][I][writeEx] E6640A <= TRIG:DDEM:SOUR VID
[2020/07/29 01:03:10.536643][I][queryEx] E6640A <= *OPC?
[2020/07/29 01:03:10.544798][I][queryEx] E6640A => 1
[2020/07/29 01:03:10.548849][I][set_Trigger_Level] Set trigger level
[2020/07/29 01:03:10.552865][I][writeEx] E6640A <= :TRIGger:VIDeo:LEVel 30.000000 mV
[2020/07/29 01:03:10.556836][I][set_Trigger_Delay] Set trigger delay
[2020/07/29 01:03:10.561125][I][writeEx] E6640A <= :TRIGger:VIDeo:DELay:STATe ON
[2020/07/29 01:03:10.565149][I][queryEx] E6640A <= :TRIGger:VIDeo:DELay:STATe?
[2020/07/29 01:03:10.625483][I][queryEx] E6640A => 1
[2020/07/29 01:03:10.631519][I][writeEx] E6640A <= :TRIGger:VIDeo:DELay:STATe ON
[2020/07/29 01:03:10.636535][I][writeEx] E6640A <= :TRIGger:VIDeo:DELay 0.300000 ms
[2020/07/29 01:03:10.642586][I][init_Trigger_Reg] Initial trigger status register
[2020/07/29 01:03:10.647859][I][writeEx] E6640A <= *CLS
[2020/07/29 01:03:10.652876][I][writeEx] E6640A <= :STATus:PRESet
[2020/07/29 01:03:10.656887][I][writeEx] E6640A <= *SRE 192
[2020/07/29 01:03:10.660897][I][writeEx] E6640A <= :STATus:OPERation:ENABle 32
[2020/07/29 01:03:10.664953][I][writeEx] E6640A <= *CLS
[2020/07/29 01:03:10.668949][I][queryEx] E6640A <= *STB?
[2020/07/29 01:03:10.709563][I][queryEx] E6640A => 0
[2020/07/29 01:03:10.714144][I][init_Trigger_Reg] Status: 0
[2020/07/29 01:03:19.739883][I][chk_Tx_Result] Check Tx result
[2020/07/29 01:03:19.746889][I][get_Trigger_Status] Get trigger status
[2020/07/29 01:03:19.750899][I][queryEx] E6640A <= *STB?
[2020/07/29 01:03:19.758949][I][queryEx] E6640A => 192
[2020/07/29 01:03:19.762964][I][get_Trigger_Status] Status: 192
[2020/07/29 01:03:19.766974]Is triggered!
[2020/07/29 01:03:19.769982][I][writeEx] E6640A <= *CLS
[2020/07/29 01:03:19.773993][I][set_Continue] Set continue
[2020/07/29 01:03:19.778770][I][writeEx] E6640A <= :INIT:CONT ON
[2020/07/29 01:03:19.883907][I][set_Single] Set single
[2020/07/29 01:03:19.899327][I][writeEx] E6640A <= :INIT:CONT OFF
[2020/07/29 01:03:19.903698][I][set_Zigbee_TX_BandPower] Set marker function
[2020/07/29 01:03:19.907711][I][writeEx] E6640A <= CALC:DDEMod:MARK1:MODE POS
[2020/07/29 01:03:19.912547][I][writeEx] E6640A <= CALC:DDEMod:MARK1:TRAC 2
[2020/07/29 01:03:19.915556][I][writeEx] E6640A <= CALC:DDEMod:MARK1:FUNC BPOW
[2020/07/29 01:03:19.920570][I][writeEx] E6640A <= CALC:DDEMod:MARK1:FUNC:BPOW:CTYP MEAN
[2020/07/29 01:03:19.924581][I][writeEx] E6640A <= CALC:DDEMod:MARK1:FUNC:BAND:CENT 2470000000.000000
[2020/07/29 01:03:20.229952][I][queryEx] E6640A <= *OPC?
[2020/07/29 01:03:20.241165][I][queryEx] E6640A => 1
[2020/07/29 01:03:20.245888][I][queryEx] E6640A <= CALC:DDEMod:MARK1:FUNC:BAND:CENT?
[2020/07/29 01:03:20.252710][I][queryEx] E6640A => 2.470000000E+09
[2020/07/29 01:03:20.256719][I][writeEx] E6640A <= CALC:DDEMod:MARK1:FUNC:BAND:SPAN 10000000.000000
[2020/07/29 01:03:20.563821][I][queryEx] E6640A <= *OPC?
[2020/07/29 01:03:20.575204][I][queryEx] E6640A => 1
[2020/07/29 01:03:20.580247][I][get_Power] Get Tx power
[2020/07/29 01:03:20.583231][I][queryEx] E6640A <= :CALC:DDEMod:MARK1:Y?
[2020/07/29 01:03:20.590266][I][queryEx] E6640A => 1.214580150E+00
[2020/07/29 01:03:20.594464][I][chk_Tx_Result] Tx power(add loss: 8.800000) = 10.015000 dBm
[2020/07/29 01:03:20.597472][I][read_DDEMod_Array] Read measurement result
[2020/07/29 01:03:20.602376][I][queryEx] E6640A <= :READ:DDEMod?
[2020/07/29 01:03:20.757752][I][queryEx] E6640A => 1.329597473E+01,3.960894012E+01,2.570000000E+02,3.083280802E+00,1.444823551E+01,2.570000000E+02,9.91E+37,9.91E+37,9.91E+37,2.880694270E-01,-7.885038853E-01,2.240000000E+02,1.082333374E+01,3.247970200E+01,2.570000000E+02,3.650990625E+04,9.91E+37,9.91E+37,9.91E+37,9.91E+37,9.91E+37,-5.163940811E+01,9.91E+37,9.649386406E-01,7.770065218E-02,3.436985612E-01,9.91E+37,9.91E+37,9.91E+37,9.91E+37,9.91E+37,9.91E+37,9.91E+37,9.91E+37,9.91E+37,9.91E+37,9.91E+37,9.91E+37,9.91E+37,9.91E+37,9.91E+37,9.91E+37,9.91E+37,9.91E+37,9.91E+37,9.91E+37,9.91E+37,9.91E+37,9.91E+37,9.91E+37,9.91E+37,9.91E+37,9.91E+37,9.91E+37,9.91E+37,9.91E+37,9.91E+37,9.91E+37,9.91E+37,9.91E+37,9.91E+37,2.088960027E-03,-1.578626805E-03
[2020/07/29 01:03:20.774792][I][set_Continue] Set continue
[2020/07/29 01:03:20.784814][I][writeEx] E6640A <= :INIT:CONT ON
[2020/07/29 01:03:31.251622][I][chk_Tx_Result] Check Tx result
[2020/07/29 01:03:31.260594][I][get_Trigger_Status] Get trigger status
[2020/07/29 01:03:31.264580][I][queryEx] E6640A <= *STB?
[2020/07/29 01:03:31.270648][I][queryEx] E6640A => 192
[2020/07/29 01:03:31.274709][I][get_Trigger_Status] Status: 192
[2020/07/29 01:03:31.277719]Is triggered!
[2020/07/29 01:03:31.282150][I][writeEx] E6640A <= *CLS
[2020/07/29 01:03:31.285160][I][set_Continue] Set continue
[2020/07/29 01:03:31.289171][I][writeEx] E6640A <= :INIT:CONT ON
[2020/07/29 01:03:31.393685][I][set_Single] Set single
[2020/07/29 01:03:31.398663][I][writeEx] E6640A <= :INIT:CONT OFF
[2020/07/29 01:03:31.402674][I][set_Zigbee_TX_BandPower] Set marker function
[2020/07/29 01:03:31.405682][I][writeEx] E6640A <= CALC:DDEMod:MARK1:MODE POS
[2020/07/29 01:03:31.409692][I][writeEx] E6640A <= CALC:DDEMod:MARK1:TRAC 2
[2020/07/29 01:03:31.414666][I][writeEx] E6640A <= CALC:DDEMod:MARK1:FUNC BPOW
[2020/07/29 01:03:31.417675][I][writeEx] E6640A <= CALC:DDEMod:MARK1:FUNC:BPOW:CTYP MEAN
[2020/07/29 01:03:31.421686][I][writeEx] E6640A <= CALC:DDEMod:MARK1:FUNC:BAND:CENT 2470000000.000000
[2020/07/29 01:03:31.728654][I][queryEx] E6640A <= *OPC?
[2020/07/29 01:03:31.737574][I][queryEx] E6640A => 1
[2020/07/29 01:03:31.742627][I][queryEx] E6640A <= CALC:DDEMod:MARK1:FUNC:BAND:CENT?
[2020/07/29 01:03:31.749730][I][queryEx] E6640A => 2.470000000E+09
[2020/07/29 01:03:31.753742][I][writeEx] E6640A <= CALC:DDEMod:MARK1:FUNC:BAND:SPAN 10000000.000000
[2020/07/29 01:03:32.059793][I][queryEx] E6640A <= *OPC?
[2020/07/29 01:03:32.070037][I][queryEx] E6640A => 1
[2020/07/29 01:03:32.074527][I][get_Power] Get Tx power
[2020/07/29 01:03:32.077537][I][queryEx] E6640A <= :CALC:DDEMod:MARK1:Y?
[2020/07/29 01:03:32.084724][I][queryEx] E6640A => -9.037275641E-03
[2020/07/29 01:03:32.089128][I][chk_Tx_Result] Tx power(add loss: 8.800000) = 8.791000 dBm
[2020/07/29 01:03:32.092137][I][read_DDEMod_Array] Read measurement result
[2020/07/29 01:03:32.096148][I][queryEx] E6640A <= :READ:DDEMod?
[2020/07/29 01:03:32.348293][I][queryEx] E6640A => 1.301191616E+01,4.508889771E+01,1.660000000E+02,2.856801748E+00,1.745545006E+01,1.660000000E+02,9.91E+37,9.91E+37,9.91E+37,3.354490995E-01,-9.245872498E-01,2.500000000E+02,1.058455753E+01,3.720036697E+01,1.660000000E+02,3.645763672E+04,9.91E+37,9.91E+37,9.91E+37,9.91E+37,9.91E+37,-4.803873062E+01,9.91E+37,9.664062262E-01,8.946649730E-03,2.899921834E-01,9.91E+37,9.91E+37,9.91E+37,9.91E+37,9.91E+37,9.91E+37,9.91E+37,9.91E+37,9.91E+37,9.91E+37,9.91E+37,9.91E+37,9.91E+37,9.91E+37,9.91E+37,9.91E+37,9.91E+37,9.91E+37,9.91E+37,9.91E+37,9.91E+37,9.91E+37,9.91E+37,9.91E+37,9.91E+37,9.91E+37,9.91E+37,9.91E+37,9.91E+37,9.91E+37,9.91E+37,9.91E+37,9.91E+37,9.91E+37,9.91E+37,1.878000330E-03,-3.490175586E-03
[2020/07/29 01:03:32.356315][I][set_Continue] Set continue
[2020/07/29 01:03:32.360339][I][writeEx] E6640A <= :INIT:CONT ON
[2020/07/29 01:03:33.811413][I][set_Preset] System reset
[2020/07/29 01:03:33.815442][I][writeEx] E6640A <= *RST
[2020/07/29 01:03:33.819696][I][writeEx] E6640A <= *CLS
[2020/07/29 01:03:33.823469][I][writeEx] E6640A <= SYST:PRES
[2020/07/29 01:03:34.128766][I][queryEx] E6640A <= *OPC?
[2020/07/29 01:03:35.020557][I][queryEx] E6640A => 1
[2020/07/29 01:03:35.036995][I][set_Rx_OneTone] Set Rx one tone
[2020/07/29 01:03:35.041613][I][set_RFO_Port] Set output port
[2020/07/29 01:03:35.044623][I][writeEx] E6640A <= :FEED:RF:PORT:OUTPut RFIO1
[2020/07/29 01:03:35.049294][I][queryEx] E6640A <= :FEED:RF:PORT:OUTPut?
[2020/07/29 01:03:35.055315][I][queryEx] E6640A => RFIO1
[2020/07/29 01:03:35.058325][I][set_OneTone_Freq] Set One Tone frequence
[2020/07/29 01:03:35.062335][I][writeEx] E6640A <= :SOUR:FREQ 2445.0 MHz
[2020/07/29 01:03:35.066356][I][set_OneTone_Power] Set One Tone power
[2020/07/29 01:03:35.070435][I][writeEx] E6640A <= :SOURce:POWer -16.1
[2020/07/29 01:03:44.421309][I][set_OneTone_Start] Set One Tone start
[2020/07/29 01:03:44.425556][I][writeEx] E6640A <= OUTP ON
[2020/07/29 01:03:49.474773][I][set_OneTone_Stop] Set One Tone stop
[2020/07/29 01:03:49.481791][I][writeEx] E6640A <= OUTP OFF
[2020/07/29 01:03:49.494927][I][set_Rx_OneTone] Set Rx one tone
[2020/07/29 01:03:49.498908][I][set_RFO_Port] Set output port
[2020/07/29 01:03:49.502919][I][writeEx] E6640A <= :FEED:RF:PORT:OUTPut RFIO1
[2020/07/29 01:03:49.506929][I][queryEx] E6640A <= :FEED:RF:PORT:OUTPut?
[2020/07/29 01:03:49.513192][I][queryEx] E6640A => RFIO1
[2020/07/29 01:03:49.516955][I][set_OneTone_Freq] Set One Tone frequence
[2020/07/29 01:03:49.520967][I][writeEx] E6640A <= :SOUR:FREQ 2445.0 MHz
[2020/07/29 01:03:49.524962][I][set_OneTone_Power] Set One Tone power
[2020/07/29 01:03:49.528709][I][writeEx] E6640A <= :SOURce:POWer -16.1
[2020/07/29 01:03:58.036431][I][set_OneTone_Start] Set One Tone start
[2020/07/29 01:03:58.040741][I][writeEx] E6640A <= OUTP ON
[2020/07/29 01:04:02.587616][I][set_OneTone_Stop] Set One Tone stop
[2020/07/29 01:04:02.590614][I][writeEx] E6640A <= OUTP OFF
[2020/07/29 01:04:02.950677][I][disconnect_E6640A] Disconnect E6640A
[2020/07/29 01:04:02.955704]========== End ==========
