[2020/07/29 03:02:59]============== Control PS_Keysight66321B ==============
[2020/07/29 03:03:00]List resource: ['GPIB0::5::INSTR', 'ASRL1::INSTR', 'TCPIP0::192.168.1.2::hislip0::INSTR']
[2020/07/29 03:03:00]Power Supply: control 66321B successfully
[2020/07/29 03:03:00]Power Supply send: *RST
[2020/07/29 03:03:00]Power Supply send: *IDN?
[2020/07/29 03:03:00]Power Supply recv: Agilent Technologies,66321B,0,A.03.01

[2020/07/29 03:03:00]Power Supply is: Agilent Technologies,66321B,0,A.03.01
 

[2020/07/29 03:03:00]Power Supply send: CURR:PROT:STAT 1
[2020/07/29 03:03:00]Power Supply send: CURR:PROT:STAT?
[2020/07/29 03:03:00]Power Supply recv: 1

[2020/07/29 03:03:00]Power Supply send: VOLT 12.0
[2020/07/29 03:03:00]Power Supply send: VOLT?
[2020/07/29 03:03:00]Power Supply recv: 1.20000E+1

[2020/07/29 03:03:00]Power Supply send: CURR 1.0
[2020/07/29 03:03:00]Power Supply send: CURR?
[2020/07/29 03:03:00]Power Supply recv: 1.00000E+0

[2020/07/29 03:03:00]Power Supply send: OUTP 1
[2020/07/29 03:03:00]Power Supply send: OUTP?
[2020/07/29 03:03:00]Power Supply recv: 1

[2020/07/29 03:03:56]============== Control PS_Keysight66321B ==============
[2020/07/29 03:03:57]List resource: ['GPIB0::5::INSTR', 'ASRL1::INSTR', 'TCPIP0::192.168.1.2::hislip0::INSTR', 'ASRL14::INSTR', 'ASRL15::INSTR', 'ASRL16::INSTR', 'ASRL17::INSTR', 'ASRL19::INSTR', 'ASRL20::INSTR']
[2020/07/29 03:03:57]Power Supply: control 66321B successfully
[2020/07/29 03:03:57]Power Supply send: *IDN?
[2020/07/29 03:03:57]Power Supply recv: Agilent Technologies,66321B,0,A.03.01

[2020/07/29 03:03:57]Power Supply is: Agilent Technologies,66321B,0,A.03.01
 

[2020/07/29 03:04:10]Power Supply send: MEAS:CURR?
[2020/07/29 03:04:10]Power Supply recv: 8.76107E-2

[2020/07/29 03:04:22]Power Supply send: MEAS:CURR?
[2020/07/29 03:04:22]Power Supply recv: 1.03821E-1

[2020/07/29 03:04:37]Power Supply send: MEAS:CURR?
[2020/07/29 03:04:37]Power Supply recv: 8.31784E-2

[2020/07/29 03:04:48]Power Supply send: MEAS:CURR?
[2020/07/29 03:04:49]Power Supply recv: 9.39514E-2

[2020/07/29 03:05:04]Power Supply send: MEAS:CURR?
[2020/07/29 03:05:04]Power Supply recv: 1.02324E-1

[2020/07/29 03:05:15]Power Supply send: MEAS:CURR?
[2020/07/29 03:05:15]Power Supply recv: 7.97009E-2

[2020/07/29 03:06:06]============== Control PS_Keysight66321B ==============
[2020/07/29 03:06:06]List resource: ['GPIB0::5::INSTR', 'ASRL1::INSTR', 'TCPIP0::192.168.1.2::hislip0::INSTR']
[2020/07/29 03:06:06]Power Supply: control 66321B successfully
[2020/07/29 03:06:06]Power Supply send: *IDN?
[2020/07/29 03:06:06]Power Supply recv: Agilent Technologies,66321B,0,A.03.01

[2020/07/29 03:06:06]Power Supply is: Agilent Technologies,66321B,0,A.03.01
 

[2020/07/29 03:06:15]Power Supply send: MEAS:CURR?
[2020/07/29 03:06:15]Power Supply recv: 2.42571E-1

[2020/07/29 03:06:25]Power Supply send: MEAS:CURR?
[2020/07/29 03:06:25]Power Supply recv: 2.03429E-1

[2020/07/29 03:06:35]Power Supply send: MEAS:CURR?
[2020/07/29 03:06:35]Power Supply recv: 1.53588E-1

[2020/07/29 03:07:08]============== Control PS_Keysight66321B ==============
[2020/07/29 03:07:08]List resource: ['GPIB0::5::INSTR', 'ASRL1::INSTR', 'TCPIP0::192.168.1.2::hislip0::INSTR', 'ASRL14::INSTR', 'ASRL15::INSTR', 'ASRL16::INSTR', 'ASRL17::INSTR', 'ASRL19::INSTR', 'ASRL20::INSTR']
[2020/07/29 03:07:08]Power Supply: control 66321B successfully
[2020/07/29 03:07:08]Power Supply send: *RST
[2020/07/29 03:07:08]Power Supply send: *IDN?
[2020/07/29 03:07:08]Power Supply recv: Agilent Technologies,66321B,0,A.03.01

[2020/07/29 03:07:08]Power Supply is: Agilent Technologies,66321B,0,A.03.01
 

[2020/07/29 03:07:08]Power Supply send: OUTP 0
[2020/07/29 03:07:08]Power Supply send: OUTP?
[2020/07/29 03:07:08]Power Supply recv: 0

