[2020/07/29 00:43:06][I][getBOM] Get BOM Success!
[2020/07/29 00:43:06][I][getSKU] Get SKU from BOM: BOM_SKU, SKU name: 451AOD30L02
[2020/07/29 00:43:06][I][loadTestItemBySKU] Test Item List = (GFI20Bootup.py,1)(CountDown.py,1)(GFI20_RF_Zigbee,2)(GFI20_RF_LTE,1)
[2020/07/29 00:43:06][I][loadTestItemBySKU] Test Item List Element = ['GFI20Bootup.py,1', 'CountDown.py,1', 'GFI20_RF_Zigbee,2', 'GFI20_RF_LTE,1']
[2020/07/29 00:43:06][I][showTestingMsg] Waiting for testing...
[2020/07/29 00:43:06]---------- TestItem:GFI20Bootup.py  Method:1 ----------
[2020/07/29 00:43:06][I][runTestItem] Test start time: 2020/07/29 00:43:06
[2020/07/29 00:43:16][I][runTestItem] Test finished
[2020/07/29 00:43:16][I][checkTestResult] Version=3.0.0.3
[2020/07/29 00:43:16][I][checkTestResult] Result=Pass
[2020/07/29 00:43:16]*********************************************************
[2020/07/29 00:43:16]GFI20Bootup.py   3.0.0.3

[2020/07/29 00:43:16]			Result: Pass

[2020/07/29 00:43:16]			Method: 1

[2020/07/29 00:43:16]			Start: 2020/07/29 00:43:06

[2020/07/29 00:43:16]			End: 2020/07/29 00:43:16
[2020/07/29 00:43:16][I][runTestItem] Test end time: 2020/07/29 00:43:16
[2020/07/29 00:43:16]---------- TestItem:CountDown.py  Method:1 ----------
[2020/07/29 00:43:16][I][runTestItem] Test start time: 2020/07/29 00:43:16
[2020/07/29 00:44:08][I][runTestItem] Test finished
[2020/07/29 00:44:08][I][checkTestResult] Version=3.0.0.3
[2020/07/29 00:44:08][I][checkTestResult] Result=Pass
[2020/07/29 00:44:08]*********************************************************
[2020/07/29 00:44:08]CountDown.py   3.0.0.3

[2020/07/29 00:44:08]			Result: Pass

[2020/07/29 00:44:08]			Method: 1

[2020/07/29 00:44:08]			Start: 2020/07/29 00:43:16

[2020/07/29 00:44:08]			End: 2020/07/29 00:44:08
[2020/07/29 00:44:08][I][runTestItem] Test end time: 2020/07/29 00:44:08
[2020/07/29 00:44:08]---------- TestItem:GFI20_RF_Zigbee.py  Method:2 ----------
[2020/07/29 00:44:09][I][runTestItem] Test start time: 2020/07/29 00:44:09
[2020/07/29 00:46:05][I][runTestItem] Test finished
[2020/07/29 00:46:05][I][checkTestResult] Version=3.0.0.3
[2020/07/29 00:46:05][I][checkTestResult] Result=Pass
[2020/07/29 00:46:05]*********************************************************
[2020/07/29 00:46:05]GFI20_RF_Zigbee.py   3.0.0.3

[2020/07/29 00:46:05]			Result: Pass

[2020/07/29 00:46:05]			Method: 2

[2020/07/29 00:46:05]			Start: 2020/07/29 00:44:09

[2020/07/29 00:46:05]			End: 2020/07/29 00:46:05
[2020/07/29 00:46:05][I][runTestItem] Test end time: 2020/07/29 00:46:05
[2020/07/29 00:46:05]---------- TestItem:GFI20_RF_LTE.py  Method:1 ----------
[2020/07/29 00:46:05][I][runTestItem] Test start time: 2020/07/29 00:46:05
[2020/07/29 00:47:24][I][runTestItem] Test finished
[2020/07/29 00:47:24][I][checkTestResult] Version=3.0.0.11
[2020/07/29 00:47:24][I][checkTestResult] Result=Pass
[2020/07/29 00:47:24]*********************************************************
[2020/07/29 00:47:24]GFI20_RF_LTE.py   3.0.0.11

[2020/07/29 00:47:24]			Result: Pass

[2020/07/29 00:47:24]			Method: 1

[2020/07/29 00:47:24]			Start: 2020/07/29 00:46:05

[2020/07/29 00:47:24]			End: 2020/07/29 00:47:24
[2020/07/29 00:47:24][I][runTestItem] Test end time: 2020/07/29 00:47:24
[2020/07/29 00:47:25][I][runLastScript] Waiting for ending...
[2020/07/29 00:47:25]---------- TestItem:GFI20LastScript.py  Method:1 ----------
[2020/07/29 00:47:25][I][runLastScript] Test start time: 2020/07/29 00:47:25
[2020/07/29 00:47:46][I][runLastScript] Test finished
[2020/07/29 00:47:46][I][runLastScript] Test end time: 2020/07/29 00:47:46
[2020/07/29 00:47:46][I][checkTestResult] Version=3.0.0.6
[2020/07/29 00:47:46][I][checkTestResult] Result=Pass
[2020/07/29 00:47:46]*********************************************************
[2020/07/29 00:47:46]GFI20LastScript.py   3.0.0.6

[2020/07/29 00:47:46]			Result: Pass

[2020/07/29 00:47:46]			Method: 1

[2020/07/29 00:47:46]			Start: 2020/07/29 00:47:25

[2020/07/29 00:47:46]			End: 2020/07/29 00:47:46
[2020/07/29 00:47:46][I][processSFISUploadPass] No SFIS RecordInfo
[2020/07/29 00:47:48][I][processSFISUploadPass] Upload pass Success!
