[2020/07/31 16:13:51][I][checkDatabaseONorNOT] Database running.
[2020/07/31 16:13:51][I][tryConnectDatabase] Connect to MariaDB GFI20 database success!!
[2020/07/31 16:13:51][I][tryConnectDatabase] Connect to MariaDB GFI20 database success!!
[2020/07/31 16:13:51][I][checkDatabaseONorNOT] Database running.
[2020/07/31 16:13:51][I][tryConnectDatabase] Connect to MariaDB GFI20 database success!!
[2020/07/31 16:13:51][I][tryConnectDatabase] Connect to MariaDB GFI20 database success!!
[2020/07/31 16:13:51][E][initialDatabase] UpdateDB.csv already exist.
[2020/07/31 16:13:55][I][WriteDataTocsv] Create new row with item GFI20Bootup.
[2020/07/31 16:13:55][I][WriteDataTocsv] Update complete.
[2020/07/31 16:13:55][WriteRFDataTocsv][I] Update testscript GFI20Bootup's data.
[2020/07/31 16:13:55][I][WriteRFDataTocsv] Update complete.
[2020/07/31 16:14:47][I][WriteDataTocsv] Create new row with item CountDown.
[2020/07/31 16:14:47][I][WriteDataTocsv] Update complete.
[2020/07/31 16:14:47][WriteRFDataTocsv][I] Update testscript CountDown's data.
[2020/07/31 16:14:47][I][WriteRFDataTocsv] Update complete.
[2020/07/31 16:14:49][I][WriteDataTocsv] Create new row with item WaitConnect.
[2020/07/31 16:14:49][I][WriteDataTocsv] Update complete.
[2020/07/31 16:14:49][WriteRFDataTocsv][I] Update testscript WaitConnect's data.
[2020/07/31 16:14:49][I][WriteRFDataTocsv] Update complete.
[2020/07/31 16:16:19][WriteRFDataTocsv][I] Update testscript GFI20_RF_Zigbee's data.
[2020/07/31 16:16:19][I][WriteRFDataTocsv] Update complete.
[2020/07/31 16:16:19][WriteRFDataTocsv][I] Update testscript GFI20_RF_Zigbee's data.
[2020/07/31 16:16:19][I][WriteRFDataTocsv] Update complete.
[2020/07/31 16:16:19][WriteRFDataTocsv][I] Update testscript GFI20_RF_Zigbee's data.
[2020/07/31 16:16:19][I][WriteRFDataTocsv] Update complete.
[2020/07/31 16:16:19][WriteRFDataTocsv][I] Update testscript GFI20_RF_Zigbee's data.
[2020/07/31 16:16:19][I][WriteRFDataTocsv] Update complete.
[2020/07/31 16:16:19][WriteRFDataTocsv][I] Update testscript GFI20_RF_Zigbee's data.
[2020/07/31 16:16:19][I][WriteRFDataTocsv] Update complete.
[2020/07/31 16:16:22][I][WriteDataTocsv] Create new row with item GFI20_RF_Zigbee.
[2020/07/31 16:16:22][I][WriteDataTocsv] Update complete.
[2020/07/31 16:16:22][WriteRFDataTocsv][I] Update testscript GFI20_RF_Zigbee's data.
[2020/07/31 16:16:22][I][WriteRFDataTocsv] Update complete.
[2020/07/31 16:17:39][WriteRFDataTocsv][I] Update testscript GFI20_RF_LTE's data.
[2020/07/31 16:17:39][I][WriteRFDataTocsv] Update complete.
[2020/07/31 16:17:39][WriteRFDataTocsv][I] Update testscript GFI20_RF_LTE's data.
[2020/07/31 16:17:39][I][WriteRFDataTocsv] Update complete.
[2020/07/31 16:17:39][WriteRFDataTocsv][I] Update testscript GFI20_RF_LTE's data.
[2020/07/31 16:17:39][I][WriteRFDataTocsv] Update complete.
[2020/07/31 16:17:39][WriteRFDataTocsv][I] Update testscript GFI20_RF_LTE's data.
[2020/07/31 16:17:39][I][WriteRFDataTocsv] Update complete.
[2020/07/31 16:17:43][I][WriteDataTocsv] Create new row with item GFI20_RF_LTE.
[2020/07/31 16:17:43][I][WriteDataTocsv] Update complete.
[2020/07/31 16:17:43][WriteRFDataTocsv][I] Update testscript GFI20_RF_LTE's data.
[2020/07/31 16:17:43][I][WriteRFDataTocsv] Update complete.
[2020/07/31 16:17:43]--------------------DBUploading start--------------------
[2020/07/31 16:17:43][I][uploadData] Projcet name: GFI20
[2020/07/31 16:17:43][I][uploadData] Station name: BRF
[2020/07/31 16:17:43][I][tryConnectDatabase] Connect to MariaDB GFI20 database success!!
[2020/07/31 16:17:43][I][uploadData] Write data into BRF_GFI20Bootup
[2020/07/31 16:17:43][I][uploadData] Write data into BRF_CountDown
[2020/07/31 16:17:43][I][uploadData] Write data into BRF_WaitConnect
[2020/07/31 16:17:43][I][uploadData] Write data into BRF_GFI20_RF_Zigbee
[2020/07/31 16:17:43][I][uploadData] Write data into BRF_GFI20_RF_LTE
[2020/07/31 16:17:43][I][tryConnectDatabase] Connect to MariaDB GFI20_RF database success!!
[2020/07/31 16:17:43][I][uploadData] Write data into BRF_GFI20_RF_Zigbee_ZIGBEE_2450_TX_FREQ2425_ANT1_Power
[2020/07/31 16:17:43][I][uploadData] Write data into BRF_GFI20_RF_Zigbee_ZIGBEE_2450_TX_FREQ2455_ANT1_Power
[2020/07/31 16:17:43][I][uploadData] Write data into BRF_GFI20_RF_Zigbee_ZIGBEE_2450_TX_FREQ2470_ANT1_Power
[2020/07/31 16:17:43][I][uploadData] Write data into BRF_GFI20_RF_Zigbee_ZIGBEE_2450_RX_FREQ2445_ANT1_LNAONRSSI
[2020/07/31 16:17:43][I][uploadData] Write data into BRF_GFI20_RF_Zigbee_ZIGBEE_2450_RX_FREQ2445_ANT1_LNAOFFRSSI
[2020/07/31 16:17:43][I][uploadData] Write data into BRF_GFI20_RF_LTE_LTE_3G_TX_FREQ897.4_ANT1_Power
[2020/07/31 16:17:43][I][uploadData] Write data into BRF_GFI20_RF_LTE_LTE_3G_TX_FREQ1950_ANT1_Power
[2020/07/31 16:17:43][I][uploadData] Write data into BRF_GFI20_RF_LTE_LTE_2G_TX_FREQ914.8_ANT1_Power
[2020/07/31 16:17:43][I][uploadData] Write data into BRF_GFI20_RF_LTE_LTE_2G_RX_FREQ959.8_ANT1_RSSI
[2020/07/31 16:17:43]---------- INI ----------
[2020/07/31 16:17:43][E][uploadData] Read MDUT.ini failed.
