[2020/07/31 16:13:51][I][getBOM] No SFIS CheckStatus
[2020/07/31 16:13:51][I][loadTestItemBySKU] Test Item List = (GFI20Bootup.py,1)(CountDown.py,1)(WaitConnect.py,1)(GFI20_RF_Zigbee,2)(GFI20_RF_LTE,1)
[2020/07/31 16:13:51][I][loadTestItemBySKU] Test Item List Element = ['GFI20Bootup.py,1', 'CountDown.py,1', 'WaitConnect.py,1', 'GFI20_RF_Zigbee,2', 'GFI20_RF_LTE,1']
[2020/07/31 16:13:51][I][showTestingMsg] Waiting for testing...
[2020/07/31 16:13:51]---------- TestItem:GFI20Bootup.py  Method:1 ----------
[2020/07/31 16:13:52][I][runTestItem] Test start time: 2020/07/31 16:13:51
[2020/07/31 16:13:55][I][runTestItem] Test finished
[2020/07/31 16:13:55][I][checkTestResult] Version=3.0.0.3
[2020/07/31 16:13:55][I][checkTestResult] Result=Pass
[2020/07/31 16:13:55]*********************************************************
[2020/07/31 16:13:55]GFI20Bootup.py   3.0.0.3

[2020/07/31 16:13:55]			Result: Pass

[2020/07/31 16:13:55]			Method: 1

[2020/07/31 16:13:55]			Start: 2020/07/31 16:13:51

[2020/07/31 16:13:55]			End: 2020/07/31 16:13:55
[2020/07/31 16:13:55][I][runTestItem] Test end time: 2020/07/31 16:13:55
[2020/07/31 16:13:55]---------- TestItem:CountDown.py  Method:1 ----------
[2020/07/31 16:13:55][I][runTestItem] Test start time: 2020/07/31 16:13:55
[2020/07/31 16:14:47][I][runTestItem] Test finished
[2020/07/31 16:14:47][I][checkTestResult] Version=3.0.0.3
[2020/07/31 16:14:47][I][checkTestResult] Result=Pass
[2020/07/31 16:14:47]*********************************************************
[2020/07/31 16:14:47]CountDown.py   3.0.0.3

[2020/07/31 16:14:47]			Result: Pass

[2020/07/31 16:14:47]			Method: 1

[2020/07/31 16:14:47]			Start: 2020/07/31 16:13:55

[2020/07/31 16:14:47]			End: 2020/07/31 16:14:47
[2020/07/31 16:14:47][I][runTestItem] Test end time: 2020/07/31 16:14:47
[2020/07/31 16:14:47]---------- TestItem:WaitConnect.py  Method:1 ----------
[2020/07/31 16:14:47][I][runTestItem] Test start time: 2020/07/31 16:14:47
[2020/07/31 16:14:49][I][runTestItem] Test finished
[2020/07/31 16:14:49][I][checkTestResult] Version=3.0.0.4
[2020/07/31 16:14:49][I][checkTestResult] Result=Pass
[2020/07/31 16:14:49]*********************************************************
[2020/07/31 16:14:49]WaitConnect.py   3.0.0.4

[2020/07/31 16:14:49]			Result: Pass

[2020/07/31 16:14:49]			Method: 1

[2020/07/31 16:14:49]			Start: 2020/07/31 16:14:47

[2020/07/31 16:14:49]			End: 2020/07/31 16:14:49
[2020/07/31 16:14:49][I][runTestItem] Test end time: 2020/07/31 16:14:49
[2020/07/31 16:14:49]---------- TestItem:GFI20_RF_Zigbee.py  Method:2 ----------
[2020/07/31 16:14:49][I][runTestItem] Test start time: 2020/07/31 16:14:49
[2020/07/31 16:16:22][I][runTestItem] Test finished
[2020/07/31 16:16:22][I][checkTestResult] Version=3.0.0.3
[2020/07/31 16:16:22][I][checkTestResult] Result=Pass
[2020/07/31 16:16:22]*********************************************************
[2020/07/31 16:16:22]GFI20_RF_Zigbee.py   3.0.0.3

[2020/07/31 16:16:22]			Result: Pass

[2020/07/31 16:16:22]			Method: 2

[2020/07/31 16:16:22]			Start: 2020/07/31 16:14:49

[2020/07/31 16:16:22]			End: 2020/07/31 16:16:22
[2020/07/31 16:16:22][I][runTestItem] Test end time: 2020/07/31 16:16:22
[2020/07/31 16:16:22]---------- TestItem:GFI20_RF_LTE.py  Method:1 ----------
[2020/07/31 16:16:22][I][runTestItem] Test start time: 2020/07/31 16:16:22
[2020/07/31 16:17:42][I][runTestItem] Test finished
[2020/07/31 16:17:42][I][checkTestResult] Version=3.0.0.11
[2020/07/31 16:17:43][I][checkTestResult] Result=Pass
[2020/07/31 16:17:43]*********************************************************
[2020/07/31 16:17:43]GFI20_RF_LTE.py   3.0.0.11

[2020/07/31 16:17:43]			Result: Pass

[2020/07/31 16:17:43]			Method: 1

[2020/07/31 16:17:43]			Start: 2020/07/31 16:16:22

[2020/07/31 16:17:43]			End: 2020/07/31 16:17:42
[2020/07/31 16:17:43][I][runTestItem] Test end time: 2020/07/31 16:17:43
[2020/07/31 16:17:44][I][runLastScript] Waiting for ending...
[2020/07/31 16:17:44]---------- TestItem:GFI20LastScript.py  Method:1 ----------
[2020/07/31 16:17:44][I][runLastScript] Test start time: 2020/07/31 16:17:44
[2020/07/31 16:18:05][I][runLastScript] Test finished
[2020/07/31 16:18:05][I][runLastScript] Test end time: 2020/07/31 16:18:05
[2020/07/31 16:18:05][I][checkTestResult] Version=3.0.0.6
[2020/07/31 16:18:05][I][checkTestResult] Result=Pass
[2020/07/31 16:18:05]*********************************************************
[2020/07/31 16:18:05]GFI20LastScript.py   3.0.0.6

[2020/07/31 16:18:05]			Result: Pass

[2020/07/31 16:18:05]			Method: 1

[2020/07/31 16:18:05]			Start: 2020/07/31 16:17:44

[2020/07/31 16:18:05]			End: 2020/07/31 16:18:05
[2020/07/31 16:18:05][I][processSFISUploadPass] No SFIS RecordInfo
[2020/07/31 16:18:05][I][processSFISUploadPass] No SFIS UploadPass
