[2020/07/29 04:04:29]============== Control PS_Keysight66321B ==============
[2020/07/29 04:04:29]List resource: ['GPIB0::5::INSTR', 'ASRL1::INSTR', 'TCPIP0::192.168.1.2::hislip0::INSTR']
[2020/07/29 04:04:29]Power Supply: control 66321B successfully
[2020/07/29 04:04:29]Power Supply send: *RST
[2020/07/29 04:04:29]Power Supply send: *IDN?
[2020/07/29 04:04:29]Power Supply recv: Agilent Technologies,66321B,0,A.03.01

[2020/07/29 04:04:29]Power Supply is: Agilent Technologies,66321B,0,A.03.01
 

[2020/07/29 04:04:29]Power Supply send: CURR:PROT:STAT 1
[2020/07/29 04:04:29]Power Supply send: CURR:PROT:STAT?
[2020/07/29 04:04:29]Power Supply recv: 1

[2020/07/29 04:04:29]Power Supply send: VOLT 12.0
[2020/07/29 04:04:29]Power Supply send: VOLT?
[2020/07/29 04:04:29]Power Supply recv: 1.20000E+1

[2020/07/29 04:04:29]Power Supply send: CURR 1.0
[2020/07/29 04:04:29]Power Supply send: CURR?
[2020/07/29 04:04:29]Power Supply recv: 1.00000E+0

[2020/07/29 04:04:29]Power Supply send: OUTP 1
[2020/07/29 04:04:29]Power Supply send: OUTP?
[2020/07/29 04:04:29]Power Supply recv: 1

[2020/07/29 04:05:34]============== Control PS_Keysight66321B ==============
[2020/07/29 04:05:34]List resource: ['GPIB0::5::INSTR', 'ASRL1::INSTR', 'TCPIP0::192.168.1.2::hislip0::INSTR', 'ASRL14::INSTR', 'ASRL15::INSTR', 'ASRL16::INSTR', 'ASRL17::INSTR', 'ASRL19::INSTR', 'ASRL20::INSTR']
[2020/07/29 04:05:34]Power Supply: control 66321B successfully
[2020/07/29 04:05:34]Power Supply send: *RST
[2020/07/29 04:05:34]Power Supply send: *IDN?
[2020/07/29 04:05:34]Power Supply recv: Agilent Technologies,66321B,0,A.03.01

[2020/07/29 04:05:34]Power Supply is: Agilent Technologies,66321B,0,A.03.01
 

[2020/07/29 04:05:34]Power Supply send: OUTP 0
[2020/07/29 04:05:34]Power Supply send: OUTP?
[2020/07/29 04:05:34]Power Supply recv: 0

