[2020/07/31 15:19:54.521657]========== Start ==========
[2020/07/31 15:19:54.523000][I][class_E6640A_ZIGBEE] Initial class_E6640A_ZIGBEE
[2020/07/31 15:19:54.524036][I][class_E6640A_ZIGBEE] Version: 3.0.0.2
[2020/07/31 15:19:54.529046][I][connect_E6640A] Connect to E6640A
[2020/07/31 15:19:54.539342][I][connect_E6640A] Resource Manager of Visa Library at C:\Windows\system32\visa64.dll
[2020/07/31 15:19:54.615159][I][queryEx] E6640A <= *IDN?
[2020/07/31 15:19:54.620423][I][queryEx] E6640A => Keysight Technologies,E6640A,MY57150246,E.19.71
[2020/07/31 15:19:54.623179][I][set_Preset] System reset
[2020/07/31 15:19:54.626190][I][writeEx] E6640A <= *RST
[2020/07/31 15:19:54.628222][I][writeEx] E6640A <= *CLS
[2020/07/31 15:19:54.632206][I][writeEx] E6640A <= SYST:PRES
[2020/07/31 15:19:54.936428][I][queryEx] E6640A <= *OPC?
[2020/07/31 15:19:55.649116][I][queryEx] E6640A => 1
[2020/07/31 15:19:55.659083][I][set_Preset] System reset
[2020/07/31 15:19:55.662091][I][writeEx] E6640A <= *RST
[2020/07/31 15:19:55.665094][I][writeEx] E6640A <= *CLS
[2020/07/31 15:19:55.667099][I][writeEx] E6640A <= SYST:PRES
[2020/07/31 15:19:55.971486][I][queryEx] E6640A <= *OPC?
[2020/07/31 15:19:56.722843][I][queryEx] E6640A => 1
[2020/07/31 15:19:57.067151][I][set_Preset] System reset
[2020/07/31 15:19:57.070547][I][writeEx] E6640A <= *RST
[2020/07/31 15:19:57.072554][I][writeEx] E6640A <= *CLS
[2020/07/31 15:19:57.075562][I][writeEx] E6640A <= SYST:PRES
[2020/07/31 15:19:57.380535][I][queryEx] E6640A <= *OPC?
[2020/07/31 15:19:58.049497][I][queryEx] E6640A => 1
[2020/07/31 15:19:58.063557][I][set_Tx_Start] Set Tx start
[2020/07/31 15:19:58.065566][I][set_RFI_Port] Set input port
[2020/07/31 15:19:58.068576][I][writeEx] E6640A <= :FEED:RF:PORT:INPut RFIO1
[2020/07/31 15:19:58.070579][I][queryEx] E6640A <= :FEED:RF:PORT:INPut?
[2020/07/31 15:19:58.076988][I][queryEx] E6640A => RFIO1
[2020/07/31 15:19:58.079902][I][set_Modulation_Analysis] Set measurement function
[2020/07/31 15:19:58.082908][I][writeEx] E6640A <= INST:SEL VSA
[2020/07/31 15:19:58.389040][I][queryEx] E6640A <= *OPC?
[2020/07/31 15:19:58.533464][I][queryEx] E6640A => 1
[2020/07/31 15:19:58.544488][I][queryEx] E6640A <= INST:SEL?
[2020/07/31 15:19:58.556460][I][queryEx] E6640A => VSA
[2020/07/31 15:19:58.562466][I][writeEx] E6640A <= :CONFigure:DDEMod
[2020/07/31 15:19:58.869276][I][queryEx] E6640A <= *OPC?
[2020/07/31 15:19:59.057626][I][queryEx] E6640A => 1
[2020/07/31 15:19:59.069660][I][init_Zigbee_Mode] Initial Zigbee mode
[2020/07/31 15:19:59.078678][I][writeEx] E6640A <= :DDEM:STAN:PRES ZIGBEE2450
[2020/07/31 15:19:59.385978][I][queryEx] E6640A <= *OPC?
[2020/07/31 15:19:59.395755][I][queryEx] E6640A => 1
[2020/07/31 15:19:59.399770][I][set_Continue] Set continue
[2020/07/31 15:19:59.402777][I][writeEx] E6640A <= :INIT:CONT ON
[2020/07/31 15:19:59.405786][I][set_Freq] Set frequence
[2020/07/31 15:19:59.409797][I][writeEx] E6640A <= :FREQuency:CENTer 2425.0 MHz
[2020/07/31 15:19:59.412805][I][set_XScale_Span] Set frequence span
[2020/07/31 15:19:59.416250][I][writeEx] E6640A <= :FREQuency:SPAN 10000.000000 KHZ
[2020/07/31 15:19:59.420453][I][set_Power_Range] Get power range
[2020/07/31 15:19:59.423463][I][writeEx] E6640A <= :POW:RANG 20.000000
[2020/07/31 15:19:59.426470][I][set_Symbol_Rate] Get symbol rate
[2020/07/31 15:19:59.430483][I][writeEx] E6640A <= :DDEMod:SRATe 1000.000000 kHz
[2020/07/31 15:19:59.433489][I][set_Meas_Interval] Get meas interval
[2020/07/31 15:19:59.436497][I][writeEx] E6640A <= :DDEMod:SWEep:POINts 500
[2020/07/31 15:19:59.440513][I][set_Zigbee_TX_BandPower] Set marker function
[2020/07/31 15:19:59.443516][I][writeEx] E6640A <= CALC:DDEMod:MARK1:MODE POS
[2020/07/31 15:19:59.446569][I][writeEx] E6640A <= CALC:DDEMod:MARK1:TRAC 2
[2020/07/31 15:19:59.451284][I][writeEx] E6640A <= CALC:DDEMod:MARK1:FUNC BPOW
[2020/07/31 15:19:59.454309][I][writeEx] E6640A <= CALC:DDEMod:MARK1:FUNC:BPOW:CTYP MEAN
[2020/07/31 15:19:59.457302][I][writeEx] E6640A <= CALC:DDEMod:MARK1:FUNC:BAND:CENT 2425000000.000000
[2020/07/31 15:19:59.762504][I][queryEx] E6640A <= *OPC?
[2020/07/31 15:19:59.771700][I][queryEx] E6640A => 1
[2020/07/31 15:19:59.776547][I][queryEx] E6640A <= CALC:DDEMod:MARK1:FUNC:BAND:CENT?
[2020/07/31 15:19:59.781804][I][queryEx] E6640A => 2.425000000E+09
[2020/07/31 15:19:59.786573][I][writeEx] E6640A <= CALC:DDEMod:MARK1:FUNC:BAND:SPAN 10000000.000000
[2020/07/31 15:20:00.092013][I][queryEx] E6640A <= *OPC?
[2020/07/31 15:20:00.103366][I][queryEx] E6640A => 1
[2020/07/31 15:20:00.106419][I][set_Trigger_Video] Set trigger video
[2020/07/31 15:20:00.110388][I][writeEx] E6640A <= TRIG:DDEM:SOUR VID
[2020/07/31 15:20:00.416544][I][queryEx] E6640A <= *OPC?
[2020/07/31 15:20:00.427678][I][queryEx] E6640A => 1
[2020/07/31 15:20:00.431727][I][set_Trigger_Level] Set trigger level
[2020/07/31 15:20:00.435703][I][writeEx] E6640A <= :TRIGger:VIDeo:LEVel 30.000000 mV
[2020/07/31 15:20:00.439713][I][set_Trigger_Delay] Set trigger delay
[2020/07/31 15:20:00.442721][I][writeEx] E6640A <= :TRIGger:VIDeo:DELay:STATe ON
[2020/07/31 15:20:00.446745][I][queryEx] E6640A <= :TRIGger:VIDeo:DELay:STATe?
[2020/07/31 15:20:00.516070][I][queryEx] E6640A => 1
[2020/07/31 15:20:00.523301][I][writeEx] E6640A <= :TRIGger:VIDeo:DELay:STATe ON
[2020/07/31 15:20:00.528316][I][writeEx] E6640A <= :TRIGger:VIDeo:DELay 0.300000 ms
[2020/07/31 15:20:00.532335][I][init_Trigger_Reg] Initial trigger status register
[2020/07/31 15:20:00.535336][I][writeEx] E6640A <= *CLS
[2020/07/31 15:20:00.540369][I][writeEx] E6640A <= :STATus:PRESet
[2020/07/31 15:20:00.543438][I][writeEx] E6640A <= *SRE 192
[2020/07/31 15:20:00.548394][I][writeEx] E6640A <= :STATus:OPERation:ENABle 32
[2020/07/31 15:20:00.552404][I][writeEx] E6640A <= *CLS
[2020/07/31 15:20:00.555455][I][queryEx] E6640A <= *STB?
[2020/07/31 15:20:00.603285][I][queryEx] E6640A => 0
[2020/07/31 15:20:00.608302][I][init_Trigger_Reg] Status: 0
[2020/07/31 15:20:09.793554][I][chk_Tx_Result] Check Tx result
[2020/07/31 15:20:09.806586][I][get_Trigger_Status] Get trigger status
[2020/07/31 15:20:09.818561][I][queryEx] E6640A <= *STB?
[2020/07/31 15:20:09.828327][I][queryEx] E6640A => 192
[2020/07/31 15:20:09.836352][I][get_Trigger_Status] Status: 192
[2020/07/31 15:20:09.840633]Is triggered!
[2020/07/31 15:20:09.843683][I][writeEx] E6640A <= *CLS
[2020/07/31 15:20:09.848656][I][set_Continue] Set continue
[2020/07/31 15:20:09.852666][I][writeEx] E6640A <= :INIT:CONT ON
[2020/07/31 15:20:09.958449][I][set_Single] Set single
[2020/07/31 15:20:09.971482][I][writeEx] E6640A <= :INIT:CONT OFF
[2020/07/31 15:20:09.982507][I][set_Zigbee_TX_BandPower] Set marker function
[2020/07/31 15:20:09.989528][I][writeEx] E6640A <= CALC:DDEMod:MARK1:MODE POS
[2020/07/31 15:20:09.995716][I][writeEx] E6640A <= CALC:DDEMod:MARK1:TRAC 2
[2020/07/31 15:20:10.000888][I][writeEx] E6640A <= CALC:DDEMod:MARK1:FUNC BPOW
[2020/07/31 15:20:10.004901][I][writeEx] E6640A <= CALC:DDEMod:MARK1:FUNC:BPOW:CTYP MEAN
[2020/07/31 15:20:10.007947][I][writeEx] E6640A <= CALC:DDEMod:MARK1:FUNC:BAND:CENT 2425000000.000000
[2020/07/31 15:20:10.314077][I][queryEx] E6640A <= *OPC?
[2020/07/31 15:20:10.324512][I][queryEx] E6640A => 1
[2020/07/31 15:20:10.328563][I][queryEx] E6640A <= CALC:DDEMod:MARK1:FUNC:BAND:CENT?
[2020/07/31 15:20:10.334778][I][queryEx] E6640A => 2.425000000E+09
[2020/07/31 15:20:10.338592][I][writeEx] E6640A <= CALC:DDEMod:MARK1:FUNC:BAND:SPAN 10000000.000000
[2020/07/31 15:20:10.643701][I][queryEx] E6640A <= *OPC?
[2020/07/31 15:20:10.655233][I][queryEx] E6640A => 1
[2020/07/31 15:20:10.659249][I][get_Power] Get Tx power
[2020/07/31 15:20:10.663260][I][queryEx] E6640A <= :CALC:DDEMod:MARK1:Y?
[2020/07/31 15:20:10.670079][I][queryEx] E6640A => 2.195201071E+00
[2020/07/31 15:20:10.673090][I][chk_Tx_Result] Tx power(add loss: 8.200000) = 10.395000 dBm
[2020/07/31 15:20:10.677297][I][read_DDEMod_Array] Read measurement result
[2020/07/31 15:20:10.681311][I][queryEx] E6640A <= :READ:DDEMod?
[2020/07/31 15:20:10.937825][I][queryEx] E6640A => 1.397148895E+01,4.430488968E+01,0.000000000E+00,3.277635574E+00,1.730068207E+01,0.000000000E+00,9.91E+37,9.91E+37,9.91E+37,3.666965067E-01,-7.684826851E-01,3.150000000E+02,1.137101269E+01,-3.649938583E+01,0.000000000E+00,3.507774609E+04,9.91E+37,9.91E+37,9.91E+37,9.91E+37,9.91E+37,-4.644763184E+01,9.91E+37,9.613478780E-01,6.595697999E-02,4.059556425E-01,9.91E+37,9.91E+37,9.91E+37,9.91E+37,9.91E+37,9.91E+37,9.91E+37,9.91E+37,9.91E+37,9.91E+37,9.91E+37,9.91E+37,9.91E+37,9.91E+37,9.91E+37,9.91E+37,9.91E+37,9.91E+37,9.91E+37,9.91E+37,9.91E+37,9.91E+37,9.91E+37,9.91E+37,9.91E+37,9.91E+37,9.91E+37,9.91E+37,9.91E+37,9.91E+37,9.91E+37,9.91E+37,9.91E+37,9.91E+37,9.91E+37,3.958990332E-03,-2.642951673E-03
[2020/07/31 15:20:10.945870][I][set_Continue] Set continue
[2020/07/31 15:20:10.950848][I][writeEx] E6640A <= :INIT:CONT ON
[2020/07/31 15:20:21.370583][I][chk_Tx_Result] Check Tx result
[2020/07/31 15:20:21.377589][I][get_Trigger_Status] Get trigger status
[2020/07/31 15:20:21.383354][I][queryEx] E6640A <= *STB?
[2020/07/31 15:20:21.389412][I][queryEx] E6640A => 192
[2020/07/31 15:20:21.393865][I][get_Trigger_Status] Status: 192
[2020/07/31 15:20:21.397880]Is triggered!
[2020/07/31 15:20:21.400887][I][writeEx] E6640A <= *CLS
[2020/07/31 15:20:21.405899][I][set_Continue] Set continue
[2020/07/31 15:20:21.409934][I][writeEx] E6640A <= :INIT:CONT ON
[2020/07/31 15:20:21.516037][I][set_Single] Set single
[2020/07/31 15:20:21.530079][I][writeEx] E6640A <= :INIT:CONT OFF
[2020/07/31 15:20:21.541115][I][set_Zigbee_TX_BandPower] Set marker function
[2020/07/31 15:20:21.548075][I][writeEx] E6640A <= CALC:DDEMod:MARK1:MODE POS
[2020/07/31 15:20:21.553649][I][writeEx] E6640A <= CALC:DDEMod:MARK1:TRAC 2
[2020/07/31 15:20:21.559703][I][writeEx] E6640A <= CALC:DDEMod:MARK1:FUNC BPOW
[2020/07/31 15:20:21.563679][I][writeEx] E6640A <= CALC:DDEMod:MARK1:FUNC:BPOW:CTYP MEAN
[2020/07/31 15:20:21.568692][I][writeEx] E6640A <= CALC:DDEMod:MARK1:FUNC:BAND:CENT 2425000000.000000
[2020/07/31 15:20:21.873492][I][queryEx] E6640A <= *OPC?
[2020/07/31 15:20:21.883082][I][queryEx] E6640A => 1
[2020/07/31 15:20:21.887082][I][queryEx] E6640A <= CALC:DDEMod:MARK1:FUNC:BAND:CENT?
[2020/07/31 15:20:21.893261][I][queryEx] E6640A => 2.425000000E+09
[2020/07/31 15:20:21.897141][I][writeEx] E6640A <= CALC:DDEMod:MARK1:FUNC:BAND:SPAN 10000000.000000
[2020/07/31 15:20:22.203345][I][queryEx] E6640A <= *OPC?
[2020/07/31 15:20:22.213033][I][queryEx] E6640A => 1
[2020/07/31 15:20:22.217085][I][get_Power] Get Tx power
[2020/07/31 15:20:22.222059][I][queryEx] E6640A <= :CALC:DDEMod:MARK1:Y?
[2020/07/31 15:20:22.230080][I][queryEx] E6640A => 1.060874450E+00
[2020/07/31 15:20:22.234130][I][chk_Tx_Result] Tx power(add loss: 8.200000) = 9.261000 dBm
[2020/07/31 15:20:22.240113][I][read_DDEMod_Array] Read measurement result
[2020/07/31 15:20:22.244159][I][queryEx] E6640A <= :READ:DDEMod?
[2020/07/31 15:20:22.386439][I][queryEx] E6640A => 1.447529030E+01,4.425757980E+01,2.560000000E+02,3.491348028E+00,1.796341324E+01,2.560000000E+02,9.91E+37,9.91E+37,9.91E+37,3.177122772E-01,-8.705079556E-01,4.180000000E+02,1.178447437E+01,3.638871384E+01,2.560000000E+02,3.500999609E+04,9.91E+37,9.91E+37,9.91E+37,9.91E+37,9.91E+37,-4.837308502E+01,9.91E+37,9.585310221E-01,-3.772439959E-04,4.093605280E-01,9.91E+37,9.91E+37,9.91E+37,9.91E+37,9.91E+37,9.91E+37,9.91E+37,9.91E+37,9.91E+37,9.91E+37,9.91E+37,9.91E+37,9.91E+37,9.91E+37,9.91E+37,9.91E+37,9.91E+37,9.91E+37,9.91E+37,9.91E+37,9.91E+37,9.91E+37,9.91E+37,9.91E+37,9.91E+37,9.91E+37,9.91E+37,9.91E+37,9.91E+37,9.91E+37,9.91E+37,9.91E+37,9.91E+37,9.91E+37,9.91E+37,1.744537731E-03,-3.391289618E-03
[2020/07/31 15:20:22.394442][I][set_Continue] Set continue
[2020/07/31 15:20:22.398453][I][writeEx] E6640A <= :INIT:CONT ON
[2020/07/31 15:20:23.883070][I][set_Preset] System reset
[2020/07/31 15:20:23.888151][I][writeEx] E6640A <= *RST
[2020/07/31 15:20:23.892146][I][writeEx] E6640A <= *CLS
[2020/07/31 15:20:23.896137][I][writeEx] E6640A <= SYST:PRES
[2020/07/31 15:20:24.202860][I][queryEx] E6640A <= *OPC?
[2020/07/31 15:20:25.131699][I][queryEx] E6640A => 1
[2020/07/31 15:20:25.148501][I][set_Tx_Start] Set Tx start
[2020/07/31 15:20:25.152539][I][set_RFI_Port] Set input port
[2020/07/31 15:20:25.157524][I][writeEx] E6640A <= :FEED:RF:PORT:INPut RFIO1
[2020/07/31 15:20:25.161787][I][queryEx] E6640A <= :FEED:RF:PORT:INPut?
[2020/07/31 15:20:25.169048][I][queryEx] E6640A => RFIO1
[2020/07/31 15:20:25.172060][I][set_Modulation_Analysis] Set measurement function
[2020/07/31 15:20:25.177074][I][writeEx] E6640A <= INST:SEL VSA
[2020/07/31 15:20:25.482788][I][queryEx] E6640A <= *OPC?
[2020/07/31 15:20:25.494795][I][queryEx] E6640A => 1
[2020/07/31 15:20:25.498808][I][queryEx] E6640A <= INST:SEL?
[2020/07/31 15:20:25.504913][I][queryEx] E6640A => VSA
[2020/07/31 15:20:25.508842][I][writeEx] E6640A <= :CONFigure:DDEMod
[2020/07/31 15:20:25.814994][I][queryEx] E6640A <= *OPC?
[2020/07/31 15:20:25.993139][I][queryEx] E6640A => 1
[2020/07/31 15:20:25.999189][I][init_Zigbee_Mode] Initial Zigbee mode
[2020/07/31 15:20:26.003193][I][writeEx] E6640A <= :DDEM:STAN:PRES ZIGBEE2450
[2020/07/31 15:20:26.309331][I][queryEx] E6640A <= *OPC?
[2020/07/31 15:20:26.320295][I][queryEx] E6640A => 1
[2020/07/31 15:20:26.325362][I][set_Continue] Set continue
[2020/07/31 15:20:26.328321][I][writeEx] E6640A <= :INIT:CONT ON
[2020/07/31 15:20:26.332987][I][set_Freq] Set frequence
[2020/07/31 15:20:26.337001][I][writeEx] E6640A <= :FREQuency:CENTer 2455.0 MHz
[2020/07/31 15:20:26.342023][I][set_XScale_Span] Set frequence span
[2020/07/31 15:20:26.346024][I][writeEx] E6640A <= :FREQuency:SPAN 10000.000000 KHZ
[2020/07/31 15:20:26.351083][I][set_Power_Range] Get power range
[2020/07/31 15:20:26.355086][I][writeEx] E6640A <= :POW:RANG 20.000000
[2020/07/31 15:20:26.359100][I][set_Symbol_Rate] Get symbol rate
[2020/07/31 15:20:26.364073][I][writeEx] E6640A <= :DDEMod:SRATe 1000.000000 kHz
[2020/07/31 15:20:26.368084][I][set_Meas_Interval] Get meas interval
[2020/07/31 15:20:26.373097][I][writeEx] E6640A <= :DDEMod:SWEep:POINts 500
[2020/07/31 15:20:26.377119][I][set_Zigbee_TX_BandPower] Set marker function
[2020/07/31 15:20:26.382122][I][writeEx] E6640A <= CALC:DDEMod:MARK1:MODE POS
[2020/07/31 15:20:26.386133][I][writeEx] E6640A <= CALC:DDEMod:MARK1:TRAC 2
[2020/07/31 15:20:26.391688][I][writeEx] E6640A <= CALC:DDEMod:MARK1:FUNC BPOW
[2020/07/31 15:20:26.395725][I][writeEx] E6640A <= CALC:DDEMod:MARK1:FUNC:BPOW:CTYP MEAN
[2020/07/31 15:20:26.400746][I][writeEx] E6640A <= CALC:DDEMod:MARK1:FUNC:BAND:CENT 2455000000.000000
[2020/07/31 15:20:26.707784][I][queryEx] E6640A <= *OPC?
[2020/07/31 15:20:26.718721][I][queryEx] E6640A => 1
[2020/07/31 15:20:26.724063][I][queryEx] E6640A <= CALC:DDEMod:MARK1:FUNC:BAND:CENT?
[2020/07/31 15:20:26.731134][I][queryEx] E6640A => 2.455000000E+09
[2020/07/31 15:20:26.736148][I][writeEx] E6640A <= CALC:DDEMod:MARK1:FUNC:BAND:SPAN 10000000.000000
[2020/07/31 15:20:27.041950][I][queryEx] E6640A <= *OPC?
[2020/07/31 15:20:27.054087][I][queryEx] E6640A => 1
[2020/07/31 15:20:27.058100][I][set_Trigger_Video] Set trigger video
[2020/07/31 15:20:27.062111][I][writeEx] E6640A <= TRIG:DDEM:SOUR VID
[2020/07/31 15:20:27.367903][I][queryEx] E6640A <= *OPC?
[2020/07/31 15:20:27.378193][I][queryEx] E6640A => 1
[2020/07/31 15:20:27.383246][I][set_Trigger_Level] Set trigger level
[2020/07/31 15:20:27.387221][I][writeEx] E6640A <= :TRIGger:VIDeo:LEVel 30.000000 mV
[2020/07/31 15:20:27.392255][I][set_Trigger_Delay] Set trigger delay
[2020/07/31 15:20:27.397268][I][writeEx] E6640A <= :TRIGger:VIDeo:DELay:STATe ON
[2020/07/31 15:20:27.401281][I][queryEx] E6640A <= :TRIGger:VIDeo:DELay:STATe?
[2020/07/31 15:20:27.464840][I][queryEx] E6640A => 1
[2020/07/31 15:20:27.471862][I][writeEx] E6640A <= :TRIGger:VIDeo:DELay:STATe ON
[2020/07/31 15:20:27.477878][I][writeEx] E6640A <= :TRIGger:VIDeo:DELay 0.300000 ms
[2020/07/31 15:20:27.482933][I][init_Trigger_Reg] Initial trigger status register
[2020/07/31 15:20:27.488909][I][writeEx] E6640A <= *CLS
[2020/07/31 15:20:27.494929][I][writeEx] E6640A <= :STATus:PRESet
[2020/07/31 15:20:27.499975][I][writeEx] E6640A <= *SRE 192
[2020/07/31 15:20:27.504967][I][writeEx] E6640A <= :STATus:OPERation:ENABle 32
[2020/07/31 15:20:27.509963][I][writeEx] E6640A <= *CLS
[2020/07/31 15:20:27.513995][I][queryEx] E6640A <= *STB?
[2020/07/31 15:20:27.552870][I][queryEx] E6640A => 0
[2020/07/31 15:20:27.557885][I][init_Trigger_Reg] Status: 0
[2020/07/31 15:20:36.553894][I][chk_Tx_Result] Check Tx result
[2020/07/31 15:20:36.560901][I][get_Trigger_Status] Get trigger status
[2020/07/31 15:20:36.565975][I][queryEx] E6640A <= *STB?
[2020/07/31 15:20:36.572773][I][queryEx] E6640A => 192
[2020/07/31 15:20:36.577788][I][get_Trigger_Status] Status: 192
[2020/07/31 15:20:36.581838]Is triggered!
[2020/07/31 15:20:36.586823][I][writeEx] E6640A <= *CLS
[2020/07/31 15:20:36.590823][I][set_Continue] Set continue
[2020/07/31 15:20:36.596777][I][writeEx] E6640A <= :INIT:CONT ON
[2020/07/31 15:20:36.702285][I][set_Single] Set single
[2020/07/31 15:20:36.717252][I][writeEx] E6640A <= :INIT:CONT OFF
[2020/07/31 15:20:36.728869][I][set_Zigbee_TX_BandPower] Set marker function
[2020/07/31 15:20:36.734935][I][writeEx] E6640A <= CALC:DDEMod:MARK1:MODE POS
[2020/07/31 15:20:36.740904][I][writeEx] E6640A <= CALC:DDEMod:MARK1:TRAC 2
[2020/07/31 15:20:36.748127][I][writeEx] E6640A <= CALC:DDEMod:MARK1:FUNC BPOW
[2020/07/31 15:20:36.755281][I][writeEx] E6640A <= CALC:DDEMod:MARK1:FUNC:BPOW:CTYP MEAN
[2020/07/31 15:20:36.758978][I][writeEx] E6640A <= CALC:DDEMod:MARK1:FUNC:BAND:CENT 2455000000.000000
[2020/07/31 15:20:37.064500][I][queryEx] E6640A <= *OPC?
[2020/07/31 15:20:37.076861][I][queryEx] E6640A => 1
[2020/07/31 15:20:37.081232][I][queryEx] E6640A <= CALC:DDEMod:MARK1:FUNC:BAND:CENT?
[2020/07/31 15:20:37.087458][I][queryEx] E6640A => 2.455000000E+09
[2020/07/31 15:20:37.092263][I][writeEx] E6640A <= CALC:DDEMod:MARK1:FUNC:BAND:SPAN 10000000.000000
[2020/07/31 15:20:37.397943][I][queryEx] E6640A <= *OPC?
[2020/07/31 15:20:37.409104][I][queryEx] E6640A => 1
[2020/07/31 15:20:37.414120][I][get_Power] Get Tx power
[2020/07/31 15:20:37.417129][I][queryEx] E6640A <= :CALC:DDEMod:MARK1:Y?
[2020/07/31 15:20:37.425175][I][queryEx] E6640A => 1.585353745E+00
[2020/07/31 15:20:37.430207][I][chk_Tx_Result] Tx power(add loss: 8.900000) = 10.485000 dBm
[2020/07/31 15:20:37.434206][I][read_DDEMod_Array] Read measurement result
[2020/07/31 15:20:37.438224][I][queryEx] E6640A <= :READ:DDEMod?
[2020/07/31 15:20:37.581158][I][queryEx] E6640A => 1.368307304E+01,4.117043686E+01,2.230000000E+02,3.255648613E+00,1.536286926E+01,2.230000000E+02,9.91E+37,9.91E+37,9.91E+37,3.625243604E-01,-9.208619595E-01,3.980000000E+02,1.114207840E+01,3.386580658E+01,2.230000000E+02,3.546400000E+04,9.91E+37,9.91E+37,9.91E+37,9.91E+37,9.91E+37,-4.888971710E+01,9.91E+37,9.628732204E-01,-5.993380398E-02,2.819719315E-01,9.91E+37,9.91E+37,9.91E+37,9.91E+37,9.91E+37,9.91E+37,9.91E+37,9.91E+37,9.91E+37,9.91E+37,9.91E+37,9.91E+37,9.91E+37,9.91E+37,9.91E+37,9.91E+37,9.91E+37,9.91E+37,9.91E+37,9.91E+37,9.91E+37,9.91E+37,9.91E+37,9.91E+37,9.91E+37,9.91E+37,9.91E+37,9.91E+37,9.91E+37,9.91E+37,9.91E+37,9.91E+37,9.91E+37,9.91E+37,9.91E+37,1.616212423E-03,-3.209500806E-03
[2020/07/31 15:20:37.590219][I][set_Continue] Set continue
[2020/07/31 15:20:37.595845][I][writeEx] E6640A <= :INIT:CONT ON
[2020/07/31 15:20:48.088692][I][chk_Tx_Result] Check Tx result
[2020/07/31 15:20:48.096344][I][get_Trigger_Status] Get trigger status
[2020/07/31 15:20:48.099355][I][queryEx] E6640A <= *STB?
[2020/07/31 15:20:48.107145][I][queryEx] E6640A => 192
[2020/07/31 15:20:48.110155][I][get_Trigger_Status] Status: 192
[2020/07/31 15:20:48.115168]Is triggered!
[2020/07/31 15:20:48.119179][I][writeEx] E6640A <= *CLS
[2020/07/31 15:20:48.124193][I][set_Continue] Set continue
[2020/07/31 15:20:48.128238][I][writeEx] E6640A <= :INIT:CONT ON
[2020/07/31 15:20:48.235436][I][set_Single] Set single
[2020/07/31 15:20:48.251358][I][writeEx] E6640A <= :INIT:CONT OFF
[2020/07/31 15:20:48.261392][I][set_Zigbee_TX_BandPower] Set marker function
[2020/07/31 15:20:48.268408][I][writeEx] E6640A <= CALC:DDEMod:MARK1:MODE POS
[2020/07/31 15:20:48.273422][I][writeEx] E6640A <= CALC:DDEMod:MARK1:TRAC 2
[2020/07/31 15:20:48.278438][I][writeEx] E6640A <= CALC:DDEMod:MARK1:FUNC BPOW
[2020/07/31 15:20:48.283497][I][writeEx] E6640A <= CALC:DDEMod:MARK1:FUNC:BPOW:CTYP MEAN
[2020/07/31 15:20:48.291470][I][writeEx] E6640A <= CALC:DDEMod:MARK1:FUNC:BAND:CENT 2455000000.000000
[2020/07/31 15:20:48.597087][I][queryEx] E6640A <= *OPC?
[2020/07/31 15:20:48.609155][I][queryEx] E6640A => 1
[2020/07/31 15:20:48.613410][I][queryEx] E6640A <= CALC:DDEMod:MARK1:FUNC:BAND:CENT?
[2020/07/31 15:20:48.620431][I][queryEx] E6640A => 2.455000000E+09
[2020/07/31 15:20:48.625444][I][writeEx] E6640A <= CALC:DDEMod:MARK1:FUNC:BAND:SPAN 10000000.000000
[2020/07/31 15:20:48.932203][I][queryEx] E6640A <= *OPC?
[2020/07/31 15:20:48.942801][I][queryEx] E6640A => 1
[2020/07/31 15:20:48.947855][I][get_Power] Get Tx power
[2020/07/31 15:20:48.952831][I][queryEx] E6640A <= :CALC:DDEMod:MARK1:Y?
[2020/07/31 15:20:48.960922][I][queryEx] E6640A => 4.708664664E-01
[2020/07/31 15:20:48.964829][I][chk_Tx_Result] Tx power(add loss: 8.900000) = 9.371000 dBm
[2020/07/31 15:20:48.969832][I][read_DDEMod_Array] Read measurement result
[2020/07/31 15:20:48.973873][I][queryEx] E6640A <= :READ:DDEMod?
[2020/07/31 15:20:49.124171][I][queryEx] E6640A => 1.323593998E+01,3.812459183E+01,4.620000000E+02,2.970466137E+00,1.310720158E+01,4.620000000E+02,9.91E+37,9.91E+37,9.91E+37,3.140698671E-01,-8.315443993E-01,4.770000000E+02,1.077437782E+01,-3.131832886E+01,4.620000000E+02,3.543375781E+04,9.91E+37,9.91E+37,9.91E+37,9.91E+37,9.91E+37,-5.313677216E+01,9.91E+37,9.652385712E-01,-8.232700638E-03,2.439253032E-01,9.91E+37,9.91E+37,9.91E+37,9.91E+37,9.91E+37,9.91E+37,9.91E+37,9.91E+37,9.91E+37,9.91E+37,9.91E+37,9.91E+37,9.91E+37,9.91E+37,9.91E+37,9.91E+37,9.91E+37,9.91E+37,9.91E+37,9.91E+37,9.91E+37,9.91E+37,9.91E+37,9.91E+37,9.91E+37,9.91E+37,9.91E+37,9.91E+37,9.91E+37,9.91E+37,9.91E+37,9.91E+37,9.91E+37,9.91E+37,9.91E+37,2.025694586E-03,-8.677868755E-04
[2020/07/31 15:20:49.133140][I][set_Continue] Set continue
[2020/07/31 15:20:49.139060][I][writeEx] E6640A <= :INIT:CONT ON
[2020/07/31 15:20:50.602581][I][set_Preset] System reset
[2020/07/31 15:20:50.606621][I][writeEx] E6640A <= *RST
[2020/07/31 15:20:50.613019][I][writeEx] E6640A <= *CLS
[2020/07/31 15:20:50.617653][I][writeEx] E6640A <= SYST:PRES
[2020/07/31 15:20:50.923576][I][queryEx] E6640A <= *OPC?
[2020/07/31 15:20:51.846930][I][queryEx] E6640A => 1
[2020/07/31 15:20:51.862962][I][set_Tx_Start] Set Tx start
[2020/07/31 15:20:51.866973][I][set_RFI_Port] Set input port
[2020/07/31 15:20:51.871996][I][writeEx] E6640A <= :FEED:RF:PORT:INPut RFIO1
[2020/07/31 15:20:51.876032][I][queryEx] E6640A <= :FEED:RF:PORT:INPut?
[2020/07/31 15:20:51.883792][I][queryEx] E6640A => RFIO1
[2020/07/31 15:20:51.888845][I][set_Modulation_Analysis] Set measurement function
[2020/07/31 15:20:51.892818][I][writeEx] E6640A <= INST:SEL VSA
[2020/07/31 15:20:52.199042][I][queryEx] E6640A <= *OPC?
[2020/07/31 15:20:52.208452][I][queryEx] E6640A => 1
[2020/07/31 15:20:52.213512][I][queryEx] E6640A <= INST:SEL?
[2020/07/31 15:20:52.222713][I][queryEx] E6640A => VSA
[2020/07/31 15:20:52.226754][I][writeEx] E6640A <= :CONFigure:DDEMod
[2020/07/31 15:20:52.533482][I][queryEx] E6640A <= *OPC?
[2020/07/31 15:20:52.735805][I][queryEx] E6640A => 1
[2020/07/31 15:20:52.752799][I][init_Zigbee_Mode] Initial Zigbee mode
[2020/07/31 15:20:52.759851][I][writeEx] E6640A <= :DDEM:STAN:PRES ZIGBEE2450
[2020/07/31 15:20:53.066319][I][queryEx] E6640A <= *OPC?
[2020/07/31 15:20:53.076466][I][queryEx] E6640A => 1
[2020/07/31 15:20:53.081529][I][set_Continue] Set continue
[2020/07/31 15:20:53.085543][I][writeEx] E6640A <= :INIT:CONT ON
[2020/07/31 15:20:53.090556][I][set_Freq] Set frequence
[2020/07/31 15:20:53.094565][I][writeEx] E6640A <= :FREQuency:CENTer 2470.0 MHz
[2020/07/31 15:20:53.099586][I][set_XScale_Span] Set frequence span
[2020/07/31 15:20:53.104592][I][writeEx] E6640A <= :FREQuency:SPAN 10000.000000 KHZ
[2020/07/31 15:20:53.109638][I][set_Power_Range] Get power range
[2020/07/31 15:20:53.114620][I][writeEx] E6640A <= :POW:RANG 20.000000
[2020/07/31 15:20:53.120639][I][set_Symbol_Rate] Get symbol rate
[2020/07/31 15:20:53.124679][I][writeEx] E6640A <= :DDEMod:SRATe 1000.000000 kHz
[2020/07/31 15:20:53.129659][I][set_Meas_Interval] Get meas interval
[2020/07/31 15:20:53.133718][I][writeEx] E6640A <= :DDEMod:SWEep:POINts 500
[2020/07/31 15:20:53.138684][I][set_Zigbee_TX_BandPower] Set marker function
[2020/07/31 15:20:53.143659][I][writeEx] E6640A <= CALC:DDEMod:MARK1:MODE POS
[2020/07/31 15:20:53.147999][I][writeEx] E6640A <= CALC:DDEMod:MARK1:TRAC 2
[2020/07/31 15:20:53.153270][I][writeEx] E6640A <= CALC:DDEMod:MARK1:FUNC BPOW
[2020/07/31 15:20:53.157283][I][writeEx] E6640A <= CALC:DDEMod:MARK1:FUNC:BPOW:CTYP MEAN
[2020/07/31 15:20:53.162719][I][writeEx] E6640A <= CALC:DDEMod:MARK1:FUNC:BAND:CENT 2470000000.000000
[2020/07/31 15:20:53.468361][I][queryEx] E6640A <= *OPC?
[2020/07/31 15:20:53.479852][I][queryEx] E6640A => 1
[2020/07/31 15:20:53.485311][I][queryEx] E6640A <= CALC:DDEMod:MARK1:FUNC:BAND:CENT?
[2020/07/31 15:20:53.493259][I][queryEx] E6640A => 2.470000000E+09
[2020/07/31 15:20:53.497316][I][writeEx] E6640A <= CALC:DDEMod:MARK1:FUNC:BAND:SPAN 10000000.000000
[2020/07/31 15:20:53.803457][I][queryEx] E6640A <= *OPC?
[2020/07/31 15:20:53.813678][I][queryEx] E6640A => 1
[2020/07/31 15:20:53.818726][I][set_Trigger_Video] Set trigger video
[2020/07/31 15:20:53.824368][I][writeEx] E6640A <= TRIG:DDEM:SOUR VID
[2020/07/31 15:20:54.129325][I][queryEx] E6640A <= *OPC?
[2020/07/31 15:20:54.140064][I][queryEx] E6640A => 1
[2020/07/31 15:20:54.145095][I][set_Trigger_Level] Set trigger level
[2020/07/31 15:20:54.150101][I][writeEx] E6640A <= :TRIGger:VIDeo:LEVel 30.000000 mV
[2020/07/31 15:20:54.155110][I][set_Trigger_Delay] Set trigger delay
[2020/07/31 15:20:54.160128][I][writeEx] E6640A <= :TRIGger:VIDeo:DELay:STATe ON
[2020/07/31 15:20:54.165135][I][queryEx] E6640A <= :TRIGger:VIDeo:DELay:STATe?
[2020/07/31 15:20:54.228008][I][queryEx] E6640A => 1
[2020/07/31 15:20:54.235069][I][writeEx] E6640A <= :TRIGger:VIDeo:DELay:STATe ON
[2020/07/31 15:20:54.242049][I][writeEx] E6640A <= :TRIGger:VIDeo:DELay 0.300000 ms
[2020/07/31 15:20:54.248120][I][init_Trigger_Reg] Initial trigger status register
[2020/07/31 15:20:54.254121][I][writeEx] E6640A <= *CLS
[2020/07/31 15:20:54.260896][I][writeEx] E6640A <= :STATus:PRESet
[2020/07/31 15:20:54.264908][I][writeEx] E6640A <= *SRE 192
[2020/07/31 15:20:54.270967][I][writeEx] E6640A <= :STATus:OPERation:ENABle 32
[2020/07/31 15:20:54.275870][I][writeEx] E6640A <= *CLS
[2020/07/31 15:20:54.281896][I][queryEx] E6640A <= *STB?
[2020/07/31 15:20:54.320857][I][queryEx] E6640A => 0
[2020/07/31 15:20:54.326255][I][init_Trigger_Reg] Status: 0
[2020/07/31 15:21:03.508736][I][chk_Tx_Result] Check Tx result
[2020/07/31 15:21:03.516745][I][get_Trigger_Status] Get trigger status
[2020/07/31 15:21:03.521943][I][queryEx] E6640A <= *STB?
[2020/07/31 15:21:03.528265][I][queryEx] E6640A => 192
[2020/07/31 15:21:03.534083][I][get_Trigger_Status] Status: 192
[2020/07/31 15:21:03.538096]Is triggered!
[2020/07/31 15:21:03.543109][I][writeEx] E6640A <= *CLS
[2020/07/31 15:21:03.548138][I][set_Continue] Set continue
[2020/07/31 15:21:03.553118][I][writeEx] E6640A <= :INIT:CONT ON
[2020/07/31 15:21:03.658598][I][set_Single] Set single
[2020/07/31 15:21:03.675277][I][writeEx] E6640A <= :INIT:CONT OFF
[2020/07/31 15:21:03.685311][I][set_Zigbee_TX_BandPower] Set marker function
[2020/07/31 15:21:03.692365][I][writeEx] E6640A <= CALC:DDEMod:MARK1:MODE POS
[2020/07/31 15:21:03.699386][I][writeEx] E6640A <= CALC:DDEMod:MARK1:TRAC 2
[2020/07/31 15:21:03.704407][I][writeEx] E6640A <= CALC:DDEMod:MARK1:FUNC BPOW
[2020/07/31 15:21:03.710381][I][writeEx] E6640A <= CALC:DDEMod:MARK1:FUNC:BPOW:CTYP MEAN
[2020/07/31 15:21:03.714389][I][writeEx] E6640A <= CALC:DDEMod:MARK1:FUNC:BAND:CENT 2470000000.000000
[2020/07/31 15:21:04.021148][I][queryEx] E6640A <= *OPC?
[2020/07/31 15:21:04.033234][I][queryEx] E6640A => 1
[2020/07/31 15:21:04.037283][I][queryEx] E6640A <= CALC:DDEMod:MARK1:FUNC:BAND:CENT?
[2020/07/31 15:21:04.045472][I][queryEx] E6640A => 2.470000000E+09
[2020/07/31 15:21:04.050487][I][writeEx] E6640A <= CALC:DDEMod:MARK1:FUNC:BAND:SPAN 10000000.000000
[2020/07/31 15:21:04.356733][I][queryEx] E6640A <= *OPC?
[2020/07/31 15:21:04.368284][I][queryEx] E6640A => 1
[2020/07/31 15:21:04.373258][I][get_Power] Get Tx power
[2020/07/31 15:21:04.379276][I][queryEx] E6640A <= :CALC:DDEMod:MARK1:Y?
[2020/07/31 15:21:04.386791][I][queryEx] E6640A => 1.924403261E+00
[2020/07/31 15:21:04.392008][I][chk_Tx_Result] Tx power(add loss: 8.800000) = 10.724000 dBm
[2020/07/31 15:21:04.396067][I][read_DDEMod_Array] Read measurement result
[2020/07/31 15:21:04.401042][I][queryEx] E6640A <= :READ:DDEMod?
[2020/07/31 15:21:04.662271][I][queryEx] E6640A => 1.414812660E+01,4.156966782E+01,2.560000000E+02,3.382470846E+00,1.527479172E+01,2.560000000E+02,9.91E+37,9.91E+37,9.91E+37,3.481358588E-01,-8.766651154E-01,4.040000000E+02,1.151974678E+01,3.418376541E+01,2.560000000E+02,3.566241406E+04,9.91E+37,9.91E+37,9.91E+37,9.91E+37,9.91E+37,-4.836712265E+01,9.91E+37,9.603515863E-01,-2.991367504E-02,3.454800248E-01,9.91E+37,9.91E+37,9.91E+37,9.91E+37,9.91E+37,9.91E+37,9.91E+37,9.91E+37,9.91E+37,9.91E+37,9.91E+37,9.91E+37,9.91E+37,9.91E+37,9.91E+37,9.91E+37,9.91E+37,9.91E+37,9.91E+37,9.91E+37,9.91E+37,9.91E+37,9.91E+37,9.91E+37,9.91E+37,9.91E+37,9.91E+37,9.91E+37,9.91E+37,9.91E+37,9.91E+37,9.91E+37,9.91E+37,9.91E+37,9.91E+37,3.620754927E-03,-1.205975073E-03
[2020/07/31 15:21:04.671331][I][set_Continue] Set continue
[2020/07/31 15:21:04.676314][I][writeEx] E6640A <= :INIT:CONT ON
[2020/07/31 15:21:15.317973][I][chk_Tx_Result] Check Tx result
[2020/07/31 15:21:15.323635][I][get_Trigger_Status] Get trigger status
[2020/07/31 15:21:15.327649][I][queryEx] E6640A <= *STB?
[2020/07/31 15:21:15.334807][I][queryEx] E6640A => 192
[2020/07/31 15:21:15.340825][I][get_Trigger_Status] Status: 192
[2020/07/31 15:21:15.344872]Is triggered!
[2020/07/31 15:21:15.349855][I][writeEx] E6640A <= *CLS
[2020/07/31 15:21:15.355994][I][set_Continue] Set continue
[2020/07/31 15:21:15.361015][I][writeEx] E6640A <= :INIT:CONT ON
[2020/07/31 15:21:15.465621][I][set_Single] Set single
[2020/07/31 15:21:15.471663][I][writeEx] E6640A <= :INIT:CONT OFF
[2020/07/31 15:21:15.476647][I][set_Zigbee_TX_BandPower] Set marker function
[2020/07/31 15:21:15.481668][I][writeEx] E6640A <= CALC:DDEMod:MARK1:MODE POS
[2020/07/31 15:21:15.485685][I][writeEx] E6640A <= CALC:DDEMod:MARK1:TRAC 2
[2020/07/31 15:21:15.490695][I][writeEx] E6640A <= CALC:DDEMod:MARK1:FUNC BPOW
[2020/07/31 15:21:15.494695][I][writeEx] E6640A <= CALC:DDEMod:MARK1:FUNC:BPOW:CTYP MEAN
[2020/07/31 15:21:15.500733][I][writeEx] E6640A <= CALC:DDEMod:MARK1:FUNC:BAND:CENT 2470000000.000000
[2020/07/31 15:21:15.806771][I][queryEx] E6640A <= *OPC?
[2020/07/31 15:21:15.817796][I][queryEx] E6640A => 1
[2020/07/31 15:21:15.822376][I][queryEx] E6640A <= CALC:DDEMod:MARK1:FUNC:BAND:CENT?
[2020/07/31 15:21:15.830402][I][queryEx] E6640A => 2.470000000E+09
[2020/07/31 15:21:15.834411][I][writeEx] E6640A <= CALC:DDEMod:MARK1:FUNC:BAND:SPAN 10000000.000000
[2020/07/31 15:21:16.140339][I][queryEx] E6640A <= *OPC?
[2020/07/31 15:21:16.150499][I][queryEx] E6640A => 1
[2020/07/31 15:21:16.155519][I][get_Power] Get Tx power
[2020/07/31 15:21:16.160535][I][queryEx] E6640A <= :CALC:DDEMod:MARK1:Y?
[2020/07/31 15:21:16.168193][I][queryEx] E6640A => -5.816177890E-02
[2020/07/31 15:21:16.173246][I][chk_Tx_Result] Tx power(add loss: 8.800000) = 8.742000 dBm
[2020/07/31 15:21:16.178226][I][read_DDEMod_Array] Read measurement result
[2020/07/31 15:21:16.183908][I][queryEx] E6640A <= :READ:DDEMod?
[2020/07/31 15:21:16.330081][I][queryEx] E6640A => 1.367026901E+01,4.691645432E+01,1.300000000E+01,3.308021307E+00,2.020747757E+01,1.300000000E+01,9.91E+37,9.91E+37,9.91E+37,2.657327354E-01,-7.160961628E-01,4.490000000E+02,1.113313866E+01,-3.869116974E+01,1.300000000E+01,3.563807813E+04,9.91E+37,9.91E+37,9.91E+37,9.91E+37,9.91E+37,-5.348464966E+01,9.91E+37,9.629650116E-01,4.543484747E-02,2.924488485E-01,9.91E+37,9.91E+37,9.91E+37,9.91E+37,9.91E+37,9.91E+37,9.91E+37,9.91E+37,9.91E+37,9.91E+37,9.91E+37,9.91E+37,9.91E+37,9.91E+37,9.91E+37,9.91E+37,9.91E+37,9.91E+37,9.91E+37,9.91E+37,9.91E+37,9.91E+37,9.91E+37,9.91E+37,9.91E+37,9.91E+37,9.91E+37,9.91E+37,9.91E+37,9.91E+37,9.91E+37,9.91E+37,9.91E+37,9.91E+37,9.91E+37,-2.070338931E-03,4.431096604E-04
[2020/07/31 15:21:16.336138][I][set_Continue] Set continue
[2020/07/31 15:21:16.340112][I][writeEx] E6640A <= :INIT:CONT ON
[2020/07/31 15:21:17.826829][I][set_Preset] System reset
[2020/07/31 15:21:17.831813][I][writeEx] E6640A <= *RST
[2020/07/31 15:21:17.836855][I][writeEx] E6640A <= *CLS
[2020/07/31 15:21:17.841096][I][writeEx] E6640A <= SYST:PRES
[2020/07/31 15:21:18.149754][I][queryEx] E6640A <= *OPC?
[2020/07/31 15:21:19.297656][I][queryEx] E6640A => 1
[2020/07/31 15:21:19.317658][I][set_Rx_OneTone] Set Rx one tone
[2020/07/31 15:21:19.322712][I][set_RFO_Port] Set output port
[2020/07/31 15:21:19.327683][I][writeEx] E6640A <= :FEED:RF:PORT:OUTPut RFIO1
[2020/07/31 15:21:19.332697][I][queryEx] E6640A <= :FEED:RF:PORT:OUTPut?
[2020/07/31 15:21:19.341722][I][queryEx] E6640A => RFIO1
[2020/07/31 15:21:19.345766][I][set_OneTone_Freq] Set One Tone frequence
[2020/07/31 15:21:19.351753][I][writeEx] E6640A <= :SOUR:FREQ 2445.0 MHz
[2020/07/31 15:21:19.356761][I][set_OneTone_Power] Set One Tone power
[2020/07/31 15:21:19.362492][I][writeEx] E6640A <= :SOURce:POWer -16.1
[2020/07/31 15:21:28.767307][I][set_OneTone_Start] Set One Tone start
[2020/07/31 15:21:28.771834][I][writeEx] E6640A <= OUTP ON
[2020/07/31 15:21:33.720964][I][set_OneTone_Stop] Set One Tone stop
[2020/07/31 15:21:33.725417][I][writeEx] E6640A <= OUTP OFF
[2020/07/31 15:21:33.737488][I][set_Rx_OneTone] Set Rx one tone
[2020/07/31 15:21:33.742539][I][set_RFO_Port] Set output port
[2020/07/31 15:21:33.747511][I][writeEx] E6640A <= :FEED:RF:PORT:OUTPut RFIO1
[2020/07/31 15:21:33.752524][I][queryEx] E6640A <= :FEED:RF:PORT:OUTPut?
[2020/07/31 15:21:33.759275][I][queryEx] E6640A => RFIO1
[2020/07/31 15:21:33.764288][I][set_OneTone_Freq] Set One Tone frequence
[2020/07/31 15:21:33.769301][I][writeEx] E6640A <= :SOUR:FREQ 2445.0 MHz
[2020/07/31 15:21:33.774314][I][set_OneTone_Power] Set One Tone power
[2020/07/31 15:21:33.779328][I][writeEx] E6640A <= :SOURce:POWer -16.1
[2020/07/31 15:21:42.337821][I][set_OneTone_Start] Set One Tone start
[2020/07/31 15:21:42.341835][I][writeEx] E6640A <= OUTP ON
[2020/07/31 15:21:46.886103][I][set_OneTone_Stop] Set One Tone stop
[2020/07/31 15:21:46.894162][I][writeEx] E6640A <= OUTP OFF
[2020/07/31 15:21:47.368243][I][disconnect_E6640A] Disconnect E6640A
[2020/07/31 15:21:47.373299]========== End ==========
