[2020/07/31 15:18:56]============== Control PS_Keysight66321B ==============
[2020/07/31 15:18:56]List resource: ['GPIB0::5::INSTR', 'ASRL1::INSTR']
[2020/07/31 15:18:56]Power Supply: control 66321B successfully
[2020/07/31 15:18:56]Power Supply send: *RST
[2020/07/31 15:18:56]Power Supply send: *IDN?
[2020/07/31 15:18:56]Power Supply recv: Agilent Technologies,66321B,0,A.03.01

[2020/07/31 15:18:56]Power Supply is: Agilent Technologies,66321B,0,A.03.01
 

[2020/07/31 15:18:56]Power Supply send: CURR:PROT:STAT 1
[2020/07/31 15:18:56]Power Supply send: CURR:PROT:STAT?
[2020/07/31 15:18:56]Power Supply recv: 1

[2020/07/31 15:18:56]Power Supply send: VOLT 12.0
[2020/07/31 15:18:56]Power Supply send: VOLT?
[2020/07/31 15:18:56]Power Supply recv: 1.20000E+1

[2020/07/31 15:18:56]Power Supply send: CURR 1.0
[2020/07/31 15:18:56]Power Supply send: CURR?
[2020/07/31 15:18:56]Power Supply recv: 1.00000E+0

[2020/07/31 15:18:56]Power Supply send: OUTP 1
[2020/07/31 15:18:56]Power Supply send: OUTP?
[2020/07/31 15:18:56]Power Supply recv: 1

[2020/07/31 15:19:56]============== Control PS_Keysight66321B ==============
[2020/07/31 15:19:56]List resource: ['GPIB0::5::INSTR', 'TCPIP0::192.168.1.2::hislip0::INSTR', 'ASRL1::INSTR', 'ASRL14::INSTR', 'ASRL15::INSTR', 'ASRL16::INSTR', 'ASRL17::INSTR', 'ASRL19::INSTR', 'ASRL20::INSTR']
[2020/07/31 15:19:57]Power Supply: control 66321B successfully
[2020/07/31 15:19:57]Power Supply send: *IDN?
[2020/07/31 15:19:57]Power Supply recv: Agilent Technologies,66321B,0,A.03.01

[2020/07/31 15:19:57]Power Supply is: Agilent Technologies,66321B,0,A.03.01
 

[2020/07/31 15:20:11]Power Supply send: MEAS:CURR?
[2020/07/31 15:20:11]Power Supply recv: 8.56426E-2

[2020/07/31 15:20:22]Power Supply send: MEAS:CURR?
[2020/07/31 15:20:22]Power Supply recv: 8.19367E-2

[2020/07/31 15:20:38]Power Supply send: MEAS:CURR?
[2020/07/31 15:20:38]Power Supply recv: 8.09250E-2

[2020/07/31 15:20:49]Power Supply send: MEAS:CURR?
[2020/07/31 15:20:49]Power Supply recv: 7.92912E-2

[2020/07/31 15:21:05]Power Supply send: MEAS:CURR?
[2020/07/31 15:21:05]Power Supply recv: 7.88294E-2

[2020/07/31 15:21:16]Power Supply send: MEAS:CURR?
[2020/07/31 15:21:16]Power Supply recv: 7.95569E-2

[2020/07/31 15:22:15]============== Control PS_Keysight66321B ==============
[2020/07/31 15:22:16]List resource: ['GPIB0::5::INSTR', 'TCPIP0::192.168.1.2::hislip0::INSTR', 'ASRL1::INSTR']
[2020/07/31 15:22:16]Power Supply: control 66321B successfully
[2020/07/31 15:22:16]Power Supply send: *IDN?
[2020/07/31 15:22:16]Power Supply recv: Agilent Technologies,66321B,0,A.03.01

[2020/07/31 15:22:16]Power Supply is: Agilent Technologies,66321B,0,A.03.01
 

[2020/07/31 15:22:25]Power Supply send: MEAS:CURR?
[2020/07/31 15:22:25]Power Supply recv: 2.38577E-1

[2020/07/31 15:22:34]Power Supply send: MEAS:CURR?
[2020/07/31 15:22:34]Power Supply recv: 2.04863E-1

[2020/07/31 15:22:45]Power Supply send: MEAS:CURR?
[2020/07/31 15:22:45]Power Supply recv: 1.49133E-1

[2020/07/31 15:23:19]============== Control PS_Keysight66321B ==============
[2020/07/31 15:23:19]List resource: ['GPIB0::5::INSTR', 'TCPIP0::192.168.1.2::hislip0::INSTR', 'ASRL1::INSTR', 'ASRL14::INSTR', 'ASRL15::INSTR', 'ASRL16::INSTR', 'ASRL17::INSTR', 'ASRL19::INSTR', 'ASRL20::INSTR']
[2020/07/31 15:23:19]Power Supply: control 66321B successfully
[2020/07/31 15:23:19]Power Supply send: *RST
[2020/07/31 15:23:19]Power Supply send: *IDN?
[2020/07/31 15:23:19]Power Supply recv: Agilent Technologies,66321B,0,A.03.01

[2020/07/31 15:23:19]Power Supply is: Agilent Technologies,66321B,0,A.03.01
 

[2020/07/31 15:23:19]Power Supply send: OUTP 0
[2020/07/31 15:23:19]Power Supply send: OUTP?
[2020/07/31 15:23:19]Power Supply recv: 0

