[2020/07/31 16:19:11][I][getBOM] No SFIS CheckStatus
[2020/07/31 16:19:11][I][loadTestItemBySKU] Test Item List = (GFI20Bootup.py,1)(CountDown.py,1)(WaitConnect.py,1)(GFI20_RF_Zigbee,2)(GFI20_RF_LTE,1)
[2020/07/31 16:19:11][I][loadTestItemBySKU] Test Item List Element = ['GFI20Bootup.py,1', 'CountDown.py,1', 'WaitConnect.py,1', 'GFI20_RF_Zigbee,2', 'GFI20_RF_LTE,1']
[2020/07/31 16:19:11][I][showTestingMsg] Waiting for testing...
[2020/07/31 16:19:12]---------- TestItem:GFI20Bootup.py  Method:1 ----------
[2020/07/31 16:19:12][I][runTestItem] Test start time: 2020/07/31 16:19:12
[2020/07/31 16:19:15][I][runTestItem] Test finished
[2020/07/31 16:19:15][I][checkTestResult] Version=3.0.0.3
[2020/07/31 16:19:15][I][checkTestResult] Result=Pass
[2020/07/31 16:19:15]*********************************************************
[2020/07/31 16:19:15]GFI20Bootup.py   3.0.0.3

[2020/07/31 16:19:15]			Result: Pass

[2020/07/31 16:19:15]			Method: 1

[2020/07/31 16:19:15]			Start: 2020/07/31 16:19:12

[2020/07/31 16:19:15]			End: 2020/07/31 16:19:15
[2020/07/31 16:19:15][I][runTestItem] Test end time: 2020/07/31 16:19:15
[2020/07/31 16:19:15]---------- TestItem:CountDown.py  Method:1 ----------
[2020/07/31 16:19:15][I][runTestItem] Test start time: 2020/07/31 16:19:15
[2020/07/31 16:20:07][I][runTestItem] Test finished
[2020/07/31 16:20:07][I][checkTestResult] Version=3.0.0.3
[2020/07/31 16:20:07][I][checkTestResult] Result=Pass
[2020/07/31 16:20:07]*********************************************************
[2020/07/31 16:20:07]CountDown.py   3.0.0.3

[2020/07/31 16:20:07]			Result: Pass

[2020/07/31 16:20:07]			Method: 1

[2020/07/31 16:20:07]			Start: 2020/07/31 16:19:15

[2020/07/31 16:20:07]			End: 2020/07/31 16:20:07
[2020/07/31 16:20:07][I][runTestItem] Test end time: 2020/07/31 16:20:07
[2020/07/31 16:20:07]---------- TestItem:WaitConnect.py  Method:1 ----------
[2020/07/31 16:20:07][I][runTestItem] Test start time: 2020/07/31 16:20:07
[2020/07/31 16:20:14][I][runTestItem] Test finished
[2020/07/31 16:20:14][I][checkTestResult] Version=3.0.0.4
[2020/07/31 16:20:14][I][checkTestResult] Result=Pass
[2020/07/31 16:20:14]*********************************************************
[2020/07/31 16:20:14]WaitConnect.py   3.0.0.4

[2020/07/31 16:20:14]			Result: Pass

[2020/07/31 16:20:14]			Method: 1

[2020/07/31 16:20:14]			Start: 2020/07/31 16:20:07

[2020/07/31 16:20:14]			End: 2020/07/31 16:20:14
[2020/07/31 16:20:14][I][runTestItem] Test end time: 2020/07/31 16:20:14
[2020/07/31 16:20:14]---------- TestItem:GFI20_RF_Zigbee.py  Method:2 ----------
[2020/07/31 16:20:14][I][runTestItem] Test start time: 2020/07/31 16:20:14
[2020/07/31 16:21:59][I][runTestItem] Test finished
[2020/07/31 16:21:59][I][checkTestResult] Version=3.0.0.3
[2020/07/31 16:21:59][I][checkTestResult] Result=Pass
[2020/07/31 16:21:59]*********************************************************
[2020/07/31 16:21:59]GFI20_RF_Zigbee.py   3.0.0.3

[2020/07/31 16:21:59]			Result: Pass

[2020/07/31 16:21:59]			Method: 2

[2020/07/31 16:21:59]			Start: 2020/07/31 16:20:14

[2020/07/31 16:21:59]			End: 2020/07/31 16:21:59
[2020/07/31 16:21:59][I][runTestItem] Test end time: 2020/07/31 16:21:59
[2020/07/31 16:22:00]---------- TestItem:GFI20_RF_LTE.py  Method:1 ----------
[2020/07/31 16:22:00][I][runTestItem] Test start time: 2020/07/31 16:22:00
[2020/07/31 16:23:25][I][runTestItem] Test finished
[2020/07/31 16:23:25][I][checkTestResult] Version=3.0.0.11
[2020/07/31 16:23:25][I][checkTestResult] Result=Pass
[2020/07/31 16:23:25]*********************************************************
[2020/07/31 16:23:25]GFI20_RF_LTE.py   3.0.0.11

[2020/07/31 16:23:25]			Result: Pass

[2020/07/31 16:23:25]			Method: 1

[2020/07/31 16:23:25]			Start: 2020/07/31 16:22:00

[2020/07/31 16:23:25]			End: 2020/07/31 16:23:25
[2020/07/31 16:23:25][I][runTestItem] Test end time: 2020/07/31 16:23:25
[2020/07/31 16:23:26][I][runLastScript] Waiting for ending...
[2020/07/31 16:23:26]---------- TestItem:GFI20LastScript.py  Method:1 ----------
[2020/07/31 16:23:26][I][runLastScript] Test start time: 2020/07/31 16:23:26
[2020/07/31 16:23:48][I][runLastScript] Test finished
[2020/07/31 16:23:48][I][runLastScript] Test end time: 2020/07/31 16:23:48
[2020/07/31 16:23:48][I][checkTestResult] Version=3.0.0.6
[2020/07/31 16:23:48][I][checkTestResult] Result=Pass
[2020/07/31 16:23:48]*********************************************************
[2020/07/31 16:23:48]GFI20LastScript.py   3.0.0.6

[2020/07/31 16:23:48]			Result: Pass

[2020/07/31 16:23:48]			Method: 1

[2020/07/31 16:23:48]			Start: 2020/07/31 16:23:26

[2020/07/31 16:23:48]			End: 2020/07/31 16:23:48
[2020/07/31 16:23:48][I][processSFISUploadPass] No SFIS RecordInfo
[2020/07/31 16:23:48][I][processSFISUploadPass] No SFIS UploadPass
