[2020/07/31 16:20:15.785394]========== Start ==========
[2020/07/31 16:20:15.786399][I][class_E6640A_ZIGBEE] Initial class_E6640A_ZIGBEE
[2020/07/31 16:20:15.788406][I][class_E6640A_ZIGBEE] Version: 3.0.0.2
[2020/07/31 16:20:15.793459][I][connect_E6640A] Connect to E6640A
[2020/07/31 16:20:15.803854][I][connect_E6640A] Resource Manager of Visa Library at C:\Windows\system32\visa32.dll
[2020/07/31 16:20:15.853258][I][queryEx] E6640A <= *IDN?
[2020/07/31 16:20:15.858338][I][queryEx] E6640A => Keysight Technologies,E6640A,MY57150246,E.19.71
[2020/07/31 16:20:15.861250][I][set_Preset] System reset
[2020/07/31 16:20:15.862253][I][writeEx] E6640A <= *RST
[2020/07/31 16:20:15.865260][I][writeEx] E6640A <= *CLS
[2020/07/31 16:20:15.868109][I][writeEx] E6640A <= SYST:PRES
[2020/07/31 16:20:16.171165][I][queryEx] E6640A <= *OPC?
[2020/07/31 16:20:16.829696][I][queryEx] E6640A => 1
[2020/07/31 16:20:16.838677][I][set_Preset] System reset
[2020/07/31 16:20:16.841688][I][writeEx] E6640A <= *RST
[2020/07/31 16:20:16.843704][I][writeEx] E6640A <= *CLS
[2020/07/31 16:20:16.846717][I][writeEx] E6640A <= SYST:PRES
[2020/07/31 16:20:17.149590][I][queryEx] E6640A <= *OPC?
[2020/07/31 16:20:17.973061][I][queryEx] E6640A => 1
[2020/07/31 16:20:18.289497][I][set_Preset] System reset
[2020/07/31 16:20:18.291502][I][writeEx] E6640A <= *RST
[2020/07/31 16:20:18.294509][I][writeEx] E6640A <= *CLS
[2020/07/31 16:20:18.297517][I][writeEx] E6640A <= SYST:PRES
[2020/07/31 16:20:18.601638][I][queryEx] E6640A <= *OPC?
[2020/07/31 16:20:19.330687][I][queryEx] E6640A => 1
[2020/07/31 16:20:19.343722][I][set_Tx_Start] Set Tx start
[2020/07/31 16:20:19.346730][I][set_RFI_Port] Set input port
[2020/07/31 16:20:19.350740][I][writeEx] E6640A <= :FEED:RF:PORT:INPut RFIO1
[2020/07/31 16:20:19.353753][I][queryEx] E6640A <= :FEED:RF:PORT:INPut?
[2020/07/31 16:20:19.358762][I][queryEx] E6640A => RFIO1
[2020/07/31 16:20:19.360768][I][set_Modulation_Analysis] Set measurement function
[2020/07/31 16:20:19.363777][I][writeEx] E6640A <= INST:SEL VSA
[2020/07/31 16:20:19.667303][I][queryEx] E6640A <= *OPC?
[2020/07/31 16:20:19.752411][I][queryEx] E6640A => 1
[2020/07/31 16:20:19.758970][I][queryEx] E6640A <= INST:SEL?
[2020/07/31 16:20:19.764998][I][queryEx] E6640A => VSA
[2020/07/31 16:20:19.769025][I][writeEx] E6640A <= :CONFigure:DDEMod
[2020/07/31 16:20:20.073436][I][queryEx] E6640A <= *OPC?
[2020/07/31 16:20:20.268786][I][queryEx] E6640A => 1
[2020/07/31 16:20:20.279776][I][init_Zigbee_Mode] Initial Zigbee mode
[2020/07/31 16:20:20.286786][I][writeEx] E6640A <= :DDEM:STAN:PRES ZIGBEE2450
[2020/07/31 16:20:20.590769][I][queryEx] E6640A <= *OPC?
[2020/07/31 16:20:20.600242][I][queryEx] E6640A => 1
[2020/07/31 16:20:20.603253][I][set_Continue] Set continue
[2020/07/31 16:20:20.606291][I][writeEx] E6640A <= :INIT:CONT ON
[2020/07/31 16:20:20.609269][I][set_Freq] Set frequence
[2020/07/31 16:20:20.612276][I][writeEx] E6640A <= :FREQuency:CENTer 2425.0 MHz
[2020/07/31 16:20:20.614282][I][set_XScale_Span] Set frequence span
[2020/07/31 16:20:20.617316][I][writeEx] E6640A <= :FREQuency:SPAN 10000.000000 KHZ
[2020/07/31 16:20:20.620298][I][set_Power_Range] Get power range
[2020/07/31 16:20:20.623263][I][writeEx] E6640A <= :POW:RANG 20.000000
[2020/07/31 16:20:20.626034][I][set_Symbol_Rate] Get symbol rate
[2020/07/31 16:20:20.628042][I][writeEx] E6640A <= :DDEMod:SRATe 1000.000000 kHz
[2020/07/31 16:20:20.632091][I][set_Meas_Interval] Get meas interval
[2020/07/31 16:20:20.634984][I][writeEx] E6640A <= :DDEMod:SWEep:POINts 500
[2020/07/31 16:20:20.637995][I][set_Zigbee_TX_BandPower] Set marker function
[2020/07/31 16:20:20.640000][I][writeEx] E6640A <= CALC:DDEMod:MARK1:MODE POS
[2020/07/31 16:20:20.644119][I][writeEx] E6640A <= CALC:DDEMod:MARK1:TRAC 2
[2020/07/31 16:20:20.646939][I][writeEx] E6640A <= CALC:DDEMod:MARK1:FUNC BPOW
[2020/07/31 16:20:20.648947][I][writeEx] E6640A <= CALC:DDEMod:MARK1:FUNC:BPOW:CTYP MEAN
[2020/07/31 16:20:20.652958][I][writeEx] E6640A <= CALC:DDEMod:MARK1:FUNC:BAND:CENT 2425000000.000000
[2020/07/31 16:20:20.957771][I][queryEx] E6640A <= *OPC?
[2020/07/31 16:20:20.965269][I][queryEx] E6640A => 1
[2020/07/31 16:20:20.971288][I][queryEx] E6640A <= CALC:DDEMod:MARK1:FUNC:BAND:CENT?
[2020/07/31 16:20:20.977705][I][queryEx] E6640A => 2.425000000E+09
[2020/07/31 16:20:20.980711][I][writeEx] E6640A <= CALC:DDEMod:MARK1:FUNC:BAND:SPAN 10000000.000000
[2020/07/31 16:20:21.285639][I][queryEx] E6640A <= *OPC?
[2020/07/31 16:20:21.296111][I][queryEx] E6640A => 1
[2020/07/31 16:20:21.299124][I][set_Trigger_Video] Set trigger video
[2020/07/31 16:20:21.302130][I][writeEx] E6640A <= TRIG:DDEM:SOUR VID
[2020/07/31 16:20:21.607312][I][queryEx] E6640A <= *OPC?
[2020/07/31 16:20:21.618225][I][queryEx] E6640A => 1
[2020/07/31 16:20:21.621930][I][set_Trigger_Level] Set trigger level
[2020/07/31 16:20:21.623938][I][writeEx] E6640A <= :TRIGger:VIDeo:LEVel 30.000000 mV
[2020/07/31 16:20:21.627953][I][set_Trigger_Delay] Set trigger delay
[2020/07/31 16:20:21.631422][I][writeEx] E6640A <= :TRIGger:VIDeo:DELay:STATe ON
[2020/07/31 16:20:21.634444][I][queryEx] E6640A <= :TRIGger:VIDeo:DELay:STATe?
[2020/07/31 16:20:21.694592][I][queryEx] E6640A => 1
[2020/07/31 16:20:21.700739][I][writeEx] E6640A <= :TRIGger:VIDeo:DELay:STATe ON
[2020/07/31 16:20:21.706759][I][writeEx] E6640A <= :TRIGger:VIDeo:DELay 0.300000 ms
[2020/07/31 16:20:21.709804][I][init_Trigger_Reg] Initial trigger status register
[2020/07/31 16:20:21.712774][I][writeEx] E6640A <= *CLS
[2020/07/31 16:20:21.716965][I][writeEx] E6640A <= :STATus:PRESet
[2020/07/31 16:20:21.720000][I][writeEx] E6640A <= *SRE 192
[2020/07/31 16:20:21.724011][I][writeEx] E6640A <= :STATus:OPERation:ENABle 32
[2020/07/31 16:20:21.727660][I][writeEx] E6640A <= *CLS
[2020/07/31 16:20:21.730670][I][queryEx] E6640A <= *STB?
[2020/07/31 16:20:21.784368][I][queryEx] E6640A => 0
[2020/07/31 16:20:21.788867][I][init_Trigger_Reg] Status: 0
[2020/07/31 16:20:30.704613][I][chk_Tx_Result] Check Tx result
[2020/07/31 16:20:30.712641][I][get_Trigger_Status] Get trigger status
[2020/07/31 16:20:30.716650][I][queryEx] E6640A <= *STB?
[2020/07/31 16:20:30.724255][I][queryEx] E6640A => 192
[2020/07/31 16:20:30.728305][I][get_Trigger_Status] Status: 192
[2020/07/31 16:20:30.732319]Is triggered!
[2020/07/31 16:20:30.737239][I][writeEx] E6640A <= *CLS
[2020/07/31 16:20:30.741261][I][set_Continue] Set continue
[2020/07/31 16:20:30.744339][I][writeEx] E6640A <= :INIT:CONT ON
[2020/07/31 16:20:30.850853][I][set_Single] Set single
[2020/07/31 16:20:30.858859][I][writeEx] E6640A <= :INIT:CONT OFF
[2020/07/31 16:20:30.863909][I][set_Zigbee_TX_BandPower] Set marker function
[2020/07/31 16:20:30.867490][I][writeEx] E6640A <= CALC:DDEMod:MARK1:MODE POS
[2020/07/31 16:20:30.870501][I][writeEx] E6640A <= CALC:DDEMod:MARK1:TRAC 2
[2020/07/31 16:20:30.875791][I][writeEx] E6640A <= CALC:DDEMod:MARK1:FUNC BPOW
[2020/07/31 16:20:30.878846][I][writeEx] E6640A <= CALC:DDEMod:MARK1:FUNC:BPOW:CTYP MEAN
[2020/07/31 16:20:30.883867][I][writeEx] E6640A <= CALC:DDEMod:MARK1:FUNC:BAND:CENT 2425000000.000000
[2020/07/31 16:20:31.189838][I][queryEx] E6640A <= *OPC?
[2020/07/31 16:20:31.200117][I][queryEx] E6640A => 1
[2020/07/31 16:20:31.204139][I][queryEx] E6640A <= CALC:DDEMod:MARK1:FUNC:BAND:CENT?
[2020/07/31 16:20:31.210046][I][queryEx] E6640A => 2.425000000E+09
[2020/07/31 16:20:31.214616][I][writeEx] E6640A <= CALC:DDEMod:MARK1:FUNC:BAND:SPAN 10000000.000000
[2020/07/31 16:20:31.519266][I][queryEx] E6640A <= *OPC?
[2020/07/31 16:20:31.530004][I][queryEx] E6640A => 1
[2020/07/31 16:20:31.534312][I][get_Power] Get Tx power
[2020/07/31 16:20:31.537323][I][queryEx] E6640A <= :CALC:DDEMod:MARK1:Y?
[2020/07/31 16:20:31.544672][I][queryEx] E6640A => 8.116199011E-01
[2020/07/31 16:20:31.547719][I][chk_Tx_Result] Tx power(add loss: 8.200000) = 9.012000 dBm
[2020/07/31 16:20:31.552729][I][read_DDEMod_Array] Read measurement result
[2020/07/31 16:20:31.556743][I][queryEx] E6640A <= :READ:DDEMod?
[2020/07/31 16:20:31.816084][I][queryEx] E6640A => 1.409644127E+01,4.353634262E+01,2.030000000E+02,3.394510508E+00,1.724190712E+01,2.030000000E+02,9.91E+37,9.91E+37,9.91E+37,4.385105968E-01,-1.079362631E+00,1.780000000E+02,1.147542000E+01,3.589076233E+01,2.030000000E+02,2.892129883E+04,9.91E+37,9.91E+37,9.91E+37,9.91E+37,9.91E+37,-4.519584274E+01,9.91E+37,9.606093168E-01,-7.076365873E-03,3.620661497E-01,9.91E+37,9.91E+37,9.91E+37,9.91E+37,9.91E+37,9.91E+37,9.91E+37,9.91E+37,9.91E+37,9.91E+37,9.91E+37,9.91E+37,9.91E+37,9.91E+37,9.91E+37,9.91E+37,9.91E+37,9.91E+37,9.91E+37,9.91E+37,9.91E+37,9.91E+37,9.91E+37,9.91E+37,9.91E+37,9.91E+37,9.91E+37,9.91E+37,9.91E+37,9.91E+37,9.91E+37,9.91E+37,9.91E+37,9.91E+37,9.91E+37,2.226704732E-03,-5.026951898E-03
[2020/07/31 16:20:31.824103][I][set_Continue] Set continue
[2020/07/31 16:20:31.828161][I][writeEx] E6640A <= :INIT:CONT ON
[2020/07/31 16:20:33.295462][I][set_Preset] System reset
[2020/07/31 16:20:33.298533][I][writeEx] E6640A <= *RST
[2020/07/31 16:20:33.303486][I][writeEx] E6640A <= *CLS
[2020/07/31 16:20:33.307572][I][writeEx] E6640A <= SYST:PRES
[2020/07/31 16:20:33.613886][I][queryEx] E6640A <= *OPC?
[2020/07/31 16:20:34.562874][I][queryEx] E6640A => 1
[2020/07/31 16:20:34.579906][I][set_Tx_Start] Set Tx start
[2020/07/31 16:20:34.583916][I][set_RFI_Port] Set input port
[2020/07/31 16:20:34.588692][I][writeEx] E6640A <= :FEED:RF:PORT:INPut RFIO1
[2020/07/31 16:20:34.592706][I][queryEx] E6640A <= :FEED:RF:PORT:INPut?
[2020/07/31 16:20:34.599412][I][queryEx] E6640A => RFIO1
[2020/07/31 16:20:34.603120][I][set_Modulation_Analysis] Set measurement function
[2020/07/31 16:20:34.608105][I][writeEx] E6640A <= INST:SEL VSA
[2020/07/31 16:20:34.912253][I][queryEx] E6640A <= *OPC?
[2020/07/31 16:20:34.920082][I][queryEx] E6640A => 1
[2020/07/31 16:20:34.925099][I][queryEx] E6640A <= INST:SEL?
[2020/07/31 16:20:34.931154][I][queryEx] E6640A => VSA
[2020/07/31 16:20:34.935896][I][writeEx] E6640A <= :CONFigure:DDEMod
[2020/07/31 16:20:35.241020][I][queryEx] E6640A <= *OPC?
[2020/07/31 16:20:35.414913][I][queryEx] E6640A => 1
[2020/07/31 16:20:35.423312][I][init_Zigbee_Mode] Initial Zigbee mode
[2020/07/31 16:20:35.427331][I][writeEx] E6640A <= :DDEM:STAN:PRES ZIGBEE2450
[2020/07/31 16:20:35.733089][I][queryEx] E6640A <= *OPC?
[2020/07/31 16:20:35.743435][I][queryEx] E6640A => 1
[2020/07/31 16:20:35.748741][I][set_Continue] Set continue
[2020/07/31 16:20:35.752378][I][writeEx] E6640A <= :INIT:CONT ON
[2020/07/31 16:20:35.756851][I][set_Freq] Set frequence
[2020/07/31 16:20:35.759862][I][writeEx] E6640A <= :FREQuency:CENTer 2455.0 MHz
[2020/07/31 16:20:35.763924][I][set_XScale_Span] Set frequence span
[2020/07/31 16:20:35.768886][I][writeEx] E6640A <= :FREQuency:SPAN 10000.000000 KHZ
[2020/07/31 16:20:35.772855][I][set_Power_Range] Get power range
[2020/07/31 16:20:35.776868][I][writeEx] E6640A <= :POW:RANG 20.000000
[2020/07/31 16:20:35.780915][I][set_Symbol_Rate] Get symbol rate
[2020/07/31 16:20:35.784904][I][writeEx] E6640A <= :DDEMod:SRATe 1000.000000 kHz
[2020/07/31 16:20:35.789902][I][set_Meas_Interval] Get meas interval
[2020/07/31 16:20:35.793853][I][writeEx] E6640A <= :DDEMod:SWEep:POINts 500
[2020/07/31 16:20:35.797881][I][set_Zigbee_TX_BandPower] Set marker function
[2020/07/31 16:20:35.802405][I][writeEx] E6640A <= CALC:DDEMod:MARK1:MODE POS
[2020/07/31 16:20:35.805452][I][writeEx] E6640A <= CALC:DDEMod:MARK1:TRAC 2
[2020/07/31 16:20:35.811081][I][writeEx] E6640A <= CALC:DDEMod:MARK1:FUNC BPOW
[2020/07/31 16:20:35.815062][I][writeEx] E6640A <= CALC:DDEMod:MARK1:FUNC:BPOW:CTYP MEAN
[2020/07/31 16:20:35.819076][I][writeEx] E6640A <= CALC:DDEMod:MARK1:FUNC:BAND:CENT 2455000000.000000
[2020/07/31 16:20:36.124546][I][queryEx] E6640A <= *OPC?
[2020/07/31 16:20:36.135096][I][queryEx] E6640A => 1
[2020/07/31 16:20:36.139153][I][queryEx] E6640A <= CALC:DDEMod:MARK1:FUNC:BAND:CENT?
[2020/07/31 16:20:36.146168][I][queryEx] E6640A => 2.455000000E+09
[2020/07/31 16:20:36.150641][I][writeEx] E6640A <= CALC:DDEMod:MARK1:FUNC:BAND:SPAN 10000000.000000
[2020/07/31 16:20:36.455689][I][queryEx] E6640A <= *OPC?
[2020/07/31 16:20:36.467691][I][queryEx] E6640A => 1
[2020/07/31 16:20:36.471736][I][set_Trigger_Video] Set trigger video
[2020/07/31 16:20:36.478719][I][writeEx] E6640A <= TRIG:DDEM:SOUR VID
[2020/07/31 16:20:36.784447][I][queryEx] E6640A <= *OPC?
[2020/07/31 16:20:36.795364][I][queryEx] E6640A => 1
[2020/07/31 16:20:36.799420][I][set_Trigger_Level] Set trigger level
[2020/07/31 16:20:36.803428][I][writeEx] E6640A <= :TRIGger:VIDeo:LEVel 30.000000 mV
[2020/07/31 16:20:36.808406][I][set_Trigger_Delay] Set trigger delay
[2020/07/31 16:20:36.811413][I][writeEx] E6640A <= :TRIGger:VIDeo:DELay:STATe ON
[2020/07/31 16:20:36.816434][I][queryEx] E6640A <= :TRIGger:VIDeo:DELay:STATe?
[2020/07/31 16:20:36.878589][I][queryEx] E6640A => 1
[2020/07/31 16:20:36.886031][I][writeEx] E6640A <= :TRIGger:VIDeo:DELay:STATe ON
[2020/07/31 16:20:36.892685][I][writeEx] E6640A <= :TRIGger:VIDeo:DELay 0.300000 ms
[2020/07/31 16:20:36.898707][I][init_Trigger_Reg] Initial trigger status register
[2020/07/31 16:20:36.904768][I][writeEx] E6640A <= *CLS
[2020/07/31 16:20:36.911740][I][writeEx] E6640A <= :STATus:PRESet
[2020/07/31 16:20:36.916751][I][writeEx] E6640A <= *SRE 192
[2020/07/31 16:20:36.921767][I][writeEx] E6640A <= :STATus:OPERation:ENABle 32
[2020/07/31 16:20:36.925777][I][writeEx] E6640A <= *CLS
[2020/07/31 16:20:36.929786][I][queryEx] E6640A <= *STB?
[2020/07/31 16:20:36.969135][I][queryEx] E6640A => 0
[2020/07/31 16:20:36.974173][I][init_Trigger_Reg] Status: 0
[2020/07/31 16:20:45.960703][I][chk_Tx_Result] Check Tx result
[2020/07/31 16:20:45.968732][I][get_Trigger_Status] Get trigger status
[2020/07/31 16:20:45.973714][I][queryEx] E6640A <= *STB?
[2020/07/31 16:20:45.981231][I][queryEx] E6640A => 192
[2020/07/31 16:20:45.985224][I][get_Trigger_Status] Status: 192
[2020/07/31 16:20:45.989266]Is triggered!
[2020/07/31 16:20:45.994618][I][writeEx] E6640A <= *CLS
[2020/07/31 16:20:46.000646][I][set_Continue] Set continue
[2020/07/31 16:20:46.005651][I][writeEx] E6640A <= :INIT:CONT ON
[2020/07/31 16:20:46.111010][I][set_Single] Set single
[2020/07/31 16:20:46.126049][I][writeEx] E6640A <= :INIT:CONT OFF
[2020/07/31 16:20:46.134065][I][set_Zigbee_TX_BandPower] Set marker function
[2020/07/31 16:20:46.138636][I][writeEx] E6640A <= CALC:DDEMod:MARK1:MODE POS
[2020/07/31 16:20:46.143656][I][writeEx] E6640A <= CALC:DDEMod:MARK1:TRAC 2
[2020/07/31 16:20:46.148424][I][writeEx] E6640A <= CALC:DDEMod:MARK1:FUNC BPOW
[2020/07/31 16:20:46.152436][I][writeEx] E6640A <= CALC:DDEMod:MARK1:FUNC:BPOW:CTYP MEAN
[2020/07/31 16:20:46.157450][I][writeEx] E6640A <= CALC:DDEMod:MARK1:FUNC:BAND:CENT 2455000000.000000
[2020/07/31 16:20:46.462525][I][queryEx] E6640A <= *OPC?
[2020/07/31 16:20:46.474178][I][queryEx] E6640A => 1
[2020/07/31 16:20:46.479194][I][queryEx] E6640A <= CALC:DDEMod:MARK1:FUNC:BAND:CENT?
[2020/07/31 16:20:46.487149][I][queryEx] E6640A => 2.455000000E+09
[2020/07/31 16:20:46.491169][I][writeEx] E6640A <= CALC:DDEMod:MARK1:FUNC:BAND:SPAN 10000000.000000
[2020/07/31 16:20:46.796715][I][queryEx] E6640A <= *OPC?
[2020/07/31 16:20:46.807575][I][queryEx] E6640A => 1
[2020/07/31 16:20:46.811628][I][get_Power] Get Tx power
[2020/07/31 16:20:46.815601][I][queryEx] E6640A <= :CALC:DDEMod:MARK1:Y?
[2020/07/31 16:20:46.823255][I][queryEx] E6640A => 8.137566206E-01
[2020/07/31 16:20:46.827268][I][chk_Tx_Result] Tx power(add loss: 8.900000) = 9.714000 dBm
[2020/07/31 16:20:46.832204][I][read_DDEMod_Array] Read measurement result
[2020/07/31 16:20:46.835253][I][queryEx] E6640A <= :READ:DDEMod?
[2020/07/31 16:20:46.993110][I][queryEx] E6640A => 1.398495293E+01,4.259840775E+01,1.400000000E+01,3.222077608E+00,1.546356964E+01,1.400000000E+01,9.91E+37,9.91E+37,9.91E+37,5.658279061E-01,-1.229363680E+00,1.990000000E+02,1.137511921E+01,-3.499561691E+01,1.400000000E+01,2.931238867E+04,9.91E+37,9.91E+37,9.91E+37,9.91E+37,9.91E+37,-4.300085449E+01,9.91E+37,9.611977339E-01,1.312734336E-01,3.693205714E-01,9.91E+37,9.91E+37,9.91E+37,9.91E+37,9.91E+37,9.91E+37,9.91E+37,9.91E+37,9.91E+37,9.91E+37,9.91E+37,9.91E+37,9.91E+37,9.91E+37,9.91E+37,9.91E+37,9.91E+37,9.91E+37,9.91E+37,9.91E+37,9.91E+37,9.91E+37,9.91E+37,9.91E+37,9.91E+37,9.91E+37,9.91E+37,9.91E+37,9.91E+37,9.91E+37,9.91E+37,9.91E+37,9.91E+37,9.91E+37,9.91E+37,4.715282004E-03,-5.279673263E-03
[2020/07/31 16:20:46.999134][I][set_Continue] Set continue
[2020/07/31 16:20:47.007046][I][writeEx] E6640A <= :INIT:CONT ON
[2020/07/31 16:20:57.591527][I][chk_Tx_Result] Check Tx result
[2020/07/31 16:20:57.599530][I][get_Trigger_Status] Get trigger status
[2020/07/31 16:20:57.604358][I][queryEx] E6640A <= *STB?
[2020/07/31 16:20:57.610792][I][queryEx] E6640A => 192
[2020/07/31 16:20:57.616346][I][get_Trigger_Status] Status: 192
[2020/07/31 16:20:57.619356]Is triggered!
[2020/07/31 16:20:57.624375][I][writeEx] E6640A <= *CLS
[2020/07/31 16:20:57.630554][I][set_Continue] Set continue
[2020/07/31 16:20:57.635666][I][writeEx] E6640A <= :INIT:CONT ON
[2020/07/31 16:20:57.741358][I][set_Single] Set single
[2020/07/31 16:20:57.756440][I][writeEx] E6640A <= :INIT:CONT OFF
[2020/07/31 16:20:57.768406][I][set_Zigbee_TX_BandPower] Set marker function
[2020/07/31 16:20:57.775538][I][writeEx] E6640A <= CALC:DDEMod:MARK1:MODE POS
[2020/07/31 16:20:57.780555][I][writeEx] E6640A <= CALC:DDEMod:MARK1:TRAC 2
[2020/07/31 16:20:57.786571][I][writeEx] E6640A <= CALC:DDEMod:MARK1:FUNC BPOW
[2020/07/31 16:20:57.792624][I][writeEx] E6640A <= CALC:DDEMod:MARK1:FUNC:BPOW:CTYP MEAN
[2020/07/31 16:20:57.797734][I][writeEx] E6640A <= CALC:DDEMod:MARK1:FUNC:BAND:CENT 2455000000.000000
[2020/07/31 16:20:58.102816][I][queryEx] E6640A <= *OPC?
[2020/07/31 16:20:58.113880][I][queryEx] E6640A => 1
[2020/07/31 16:20:58.118899][I][queryEx] E6640A <= CALC:DDEMod:MARK1:FUNC:BAND:CENT?
[2020/07/31 16:20:58.125770][I][queryEx] E6640A => 2.455000000E+09
[2020/07/31 16:20:58.129785][I][writeEx] E6640A <= CALC:DDEMod:MARK1:FUNC:BAND:SPAN 10000000.000000
[2020/07/31 16:20:58.436405][I][queryEx] E6640A <= *OPC?
[2020/07/31 16:20:58.447666][I][queryEx] E6640A => 1
[2020/07/31 16:20:58.451680][I][get_Power] Get Tx power
[2020/07/31 16:20:58.454687][I][queryEx] E6640A <= :CALC:DDEMod:MARK1:Y?
[2020/07/31 16:20:58.462506][I][queryEx] E6640A => -3.735952801E-01
[2020/07/31 16:20:58.467522][I][chk_Tx_Result] Tx power(add loss: 8.900000) = 8.526000 dBm
[2020/07/31 16:20:58.471532][I][read_DDEMod_Array] Read measurement result
[2020/07/31 16:20:58.477094][I][queryEx] E6640A <= :READ:DDEMod?
[2020/07/31 16:20:58.741151][I][queryEx] E6640A => 1.369423771E+01,4.792692947E+01,2.220000000E+02,3.381407738E+00,2.070418358E+01,2.220000000E+02,9.91E+37,9.91E+37,9.91E+37,2.867429852E-01,-8.764982224E-01,2.280000000E+02,1.115841579E+01,3.966891098E+01,2.220000000E+02,2.928599219E+04,9.91E+37,9.91E+37,9.91E+37,9.91E+37,9.91E+37,-6.633312988E+01,9.91E+37,9.628558755E-01,-7.161916792E-02,2.581846416E-01,9.91E+37,9.91E+37,9.91E+37,9.91E+37,9.91E+37,9.91E+37,9.91E+37,9.91E+37,9.91E+37,9.91E+37,9.91E+37,9.91E+37,9.91E+37,9.91E+37,9.91E+37,9.91E+37,9.91E+37,9.91E+37,9.91E+37,9.91E+37,9.91E+37,9.91E+37,9.91E+37,9.91E+37,9.91E+37,9.91E+37,9.91E+37,9.91E+37,9.91E+37,9.91E+37,9.91E+37,9.91E+37,9.91E+37,9.91E+37,9.91E+37,3.130278492E-04,3.669535508E-04
[2020/07/31 16:20:58.750168][I][set_Continue] Set continue
[2020/07/31 16:20:58.755970][I][writeEx] E6640A <= :INIT:CONT ON
[2020/07/31 16:21:00.210615][I][set_Preset] System reset
[2020/07/31 16:21:00.214627][I][writeEx] E6640A <= *RST
[2020/07/31 16:21:00.219578][I][writeEx] E6640A <= *CLS
[2020/07/31 16:21:00.223653][I][writeEx] E6640A <= SYST:PRES
[2020/07/31 16:21:00.530085][I][queryEx] E6640A <= *OPC?
[2020/07/31 16:21:01.505522][I][queryEx] E6640A => 1
[2020/07/31 16:21:01.522908][I][set_Tx_Start] Set Tx start
[2020/07/31 16:21:01.526955][I][set_RFI_Port] Set input port
[2020/07/31 16:21:01.532940][I][writeEx] E6640A <= :FEED:RF:PORT:INPut RFIO1
[2020/07/31 16:21:01.536988][I][queryEx] E6640A <= :FEED:RF:PORT:INPut?
[2020/07/31 16:21:01.563826][I][queryEx] E6640A => RFIO1
[2020/07/31 16:21:01.568873][I][set_Modulation_Analysis] Set measurement function
[2020/07/31 16:21:01.572851][I][writeEx] E6640A <= INST:SEL VSA
[2020/07/31 16:21:01.879657][I][queryEx] E6640A <= *OPC?
[2020/07/31 16:21:01.891224][I][queryEx] E6640A => 1
[2020/07/31 16:21:01.895878][I][queryEx] E6640A <= INST:SEL?
[2020/07/31 16:21:01.902386][I][queryEx] E6640A => VSA
[2020/07/31 16:21:01.907452][I][writeEx] E6640A <= :CONFigure:DDEMod
[2020/07/31 16:21:02.213667][I][queryEx] E6640A <= *OPC?
[2020/07/31 16:21:02.429604][I][queryEx] E6640A => 1
[2020/07/31 16:21:02.446536][I][init_Zigbee_Mode] Initial Zigbee mode
[2020/07/31 16:21:02.455289][I][writeEx] E6640A <= :DDEM:STAN:PRES ZIGBEE2450
[2020/07/31 16:21:02.760550][I][queryEx] E6640A <= *OPC?
[2020/07/31 16:21:02.771572][I][queryEx] E6640A => 1
[2020/07/31 16:21:02.775580][I][set_Continue] Set continue
[2020/07/31 16:21:02.779629][I][writeEx] E6640A <= :INIT:CONT ON
[2020/07/31 16:21:02.784604][I][set_Freq] Set frequence
[2020/07/31 16:21:02.788653][I][writeEx] E6640A <= :FREQuency:CENTer 2470.0 MHz
[2020/07/31 16:21:02.794089][I][set_XScale_Span] Set frequence span
[2020/07/31 16:21:02.798342][I][writeEx] E6640A <= :FREQuency:SPAN 10000.000000 KHZ
[2020/07/31 16:21:02.803680][I][set_Power_Range] Get power range
[2020/07/31 16:21:02.807695][I][writeEx] E6640A <= :POW:RANG 20.000000
[2020/07/31 16:21:02.812876][I][set_Symbol_Rate] Get symbol rate
[2020/07/31 16:21:02.816902][I][writeEx] E6640A <= :DDEMod:SRATe 1000.000000 kHz
[2020/07/31 16:21:02.821939][I][set_Meas_Interval] Get meas interval
[2020/07/31 16:21:02.826917][I][writeEx] E6640A <= :DDEMod:SWEep:POINts 500
[2020/07/31 16:21:02.832752][I][set_Zigbee_TX_BandPower] Set marker function
[2020/07/31 16:21:02.836804][I][writeEx] E6640A <= CALC:DDEMod:MARK1:MODE POS
[2020/07/31 16:21:02.842790][I][writeEx] E6640A <= CALC:DDEMod:MARK1:TRAC 2
[2020/07/31 16:21:02.847374][I][writeEx] E6640A <= CALC:DDEMod:MARK1:FUNC BPOW
[2020/07/31 16:21:02.852399][I][writeEx] E6640A <= CALC:DDEMod:MARK1:FUNC:BPOW:CTYP MEAN
[2020/07/31 16:21:02.857404][I][writeEx] E6640A <= CALC:DDEMod:MARK1:FUNC:BAND:CENT 2470000000.000000
[2020/07/31 16:21:03.163447][I][queryEx] E6640A <= *OPC?
[2020/07/31 16:21:03.174863][I][queryEx] E6640A => 1
[2020/07/31 16:21:03.179879][I][queryEx] E6640A <= CALC:DDEMod:MARK1:FUNC:BAND:CENT?
[2020/07/31 16:21:03.186935][I][queryEx] E6640A => 2.470000000E+09
[2020/07/31 16:21:03.191647][I][writeEx] E6640A <= CALC:DDEMod:MARK1:FUNC:BAND:SPAN 10000000.000000
[2020/07/31 16:21:03.497765][I][queryEx] E6640A <= *OPC?
[2020/07/31 16:21:03.508848][I][queryEx] E6640A => 1
[2020/07/31 16:21:03.514316][I][set_Trigger_Video] Set trigger video
[2020/07/31 16:21:03.521337][I][writeEx] E6640A <= TRIG:DDEM:SOUR VID
[2020/07/31 16:21:03.827887][I][queryEx] E6640A <= *OPC?
[2020/07/31 16:21:03.839964][I][queryEx] E6640A => 1
[2020/07/31 16:21:03.844530][I][set_Trigger_Level] Set trigger level
[2020/07/31 16:21:03.848548][I][writeEx] E6640A <= :TRIGger:VIDeo:LEVel 30.000000 mV
[2020/07/31 16:21:03.853558][I][set_Trigger_Delay] Set trigger delay
[2020/07/31 16:21:03.858571][I][writeEx] E6640A <= :TRIGger:VIDeo:DELay:STATe ON
[2020/07/31 16:21:03.863602][I][queryEx] E6640A <= :TRIGger:VIDeo:DELay:STATe?
[2020/07/31 16:21:03.923731][I][queryEx] E6640A => 1
[2020/07/31 16:21:03.931352][I][writeEx] E6640A <= :TRIGger:VIDeo:DELay:STATe ON
[2020/07/31 16:21:03.937374][I][writeEx] E6640A <= :TRIGger:VIDeo:DELay 0.300000 ms
[2020/07/31 16:21:03.943389][I][init_Trigger_Reg] Initial trigger status register
[2020/07/31 16:21:03.950406][I][writeEx] E6640A <= *CLS
[2020/07/31 16:21:03.956425][I][writeEx] E6640A <= :STATus:PRESet
[2020/07/31 16:21:03.961523][I][writeEx] E6640A <= *SRE 192
[2020/07/31 16:21:03.966539][I][writeEx] E6640A <= :STATus:OPERation:ENABle 32
[2020/07/31 16:21:03.971378][I][writeEx] E6640A <= *CLS
[2020/07/31 16:21:03.976692][I][queryEx] E6640A <= *STB?
[2020/07/31 16:21:04.013499][I][queryEx] E6640A => 0
[2020/07/31 16:21:04.020528][I][init_Trigger_Reg] Status: 0
[2020/07/31 16:21:13.046649][I][chk_Tx_Result] Check Tx result
[2020/07/31 16:21:13.055521][I][get_Trigger_Status] Get trigger status
[2020/07/31 16:21:13.059534][I][queryEx] E6640A <= *STB?
[2020/07/31 16:21:13.068361][I][queryEx] E6640A => 192
[2020/07/31 16:21:13.073324][I][get_Trigger_Status] Status: 192
[2020/07/31 16:21:13.076332]Is triggered!
[2020/07/31 16:21:13.082119][I][writeEx] E6640A <= *CLS
[2020/07/31 16:21:13.086133][I][set_Continue] Set continue
[2020/07/31 16:21:13.091469][I][writeEx] E6640A <= :INIT:CONT ON
[2020/07/31 16:21:13.196699][I][set_Single] Set single
[2020/07/31 16:21:13.204725][I][writeEx] E6640A <= :INIT:CONT OFF
[2020/07/31 16:21:13.209738][I][set_Zigbee_TX_BandPower] Set marker function
[2020/07/31 16:21:13.214217][I][writeEx] E6640A <= CALC:DDEMod:MARK1:MODE POS
[2020/07/31 16:21:13.219264][I][writeEx] E6640A <= CALC:DDEMod:MARK1:TRAC 2
[2020/07/31 16:21:13.224264][I][writeEx] E6640A <= CALC:DDEMod:MARK1:FUNC BPOW
[2020/07/31 16:21:13.230266][I][writeEx] E6640A <= CALC:DDEMod:MARK1:FUNC:BPOW:CTYP MEAN
[2020/07/31 16:21:13.234277][I][writeEx] E6640A <= CALC:DDEMod:MARK1:FUNC:BAND:CENT 2470000000.000000
[2020/07/31 16:21:13.539564][I][queryEx] E6640A <= *OPC?
[2020/07/31 16:21:13.550141][I][queryEx] E6640A => 1
[2020/07/31 16:21:13.555149][I][queryEx] E6640A <= CALC:DDEMod:MARK1:FUNC:BAND:CENT?
[2020/07/31 16:21:13.561252][I][queryEx] E6640A => 2.470000000E+09
[2020/07/31 16:21:13.566787][I][writeEx] E6640A <= CALC:DDEMod:MARK1:FUNC:BAND:SPAN 10000000.000000
[2020/07/31 16:21:13.872477][I][queryEx] E6640A <= *OPC?
[2020/07/31 16:21:13.883792][I][queryEx] E6640A => 1
[2020/07/31 16:21:13.888849][I][get_Power] Get Tx power
[2020/07/31 16:21:13.894826][I][queryEx] E6640A <= :CALC:DDEMod:MARK1:Y?
[2020/07/31 16:21:13.902023][I][queryEx] E6640A => 1.277490029E+00
[2020/07/31 16:21:13.907081][I][chk_Tx_Result] Tx power(add loss: 8.800000) = 10.077000 dBm
[2020/07/31 16:21:13.912055][I][read_DDEMod_Array] Read measurement result
[2020/07/31 16:21:13.917070][I][queryEx] E6640A <= :READ:DDEMod?
[2020/07/31 16:21:14.169111][I][queryEx] E6640A => 1.486953259E+01,3.807334518E+01,1.400000000E+01,3.555493832E+00,1.338127136E+01,4.600000000E+01,9.91E+37,9.91E+37,9.91E+37,5.673248768E-01,-1.212710142E+00,3.740000000E+02,1.209780598E+01,-3.113277435E+01,1.400000000E+01,2.946270508E+04,9.91E+37,9.91E+37,9.91E+37,9.91E+37,9.91E+37,-4.249448395E+01,9.91E+37,9.562039375E-01,8.014943451E-02,4.347934425E-01,9.91E+37,9.91E+37,9.91E+37,9.91E+37,9.91E+37,9.91E+37,9.91E+37,9.91E+37,9.91E+37,9.91E+37,9.91E+37,9.91E+37,9.91E+37,9.91E+37,9.91E+37,9.91E+37,9.91E+37,9.91E+37,9.91E+37,9.91E+37,9.91E+37,9.91E+37,9.91E+37,9.91E+37,9.91E+37,9.91E+37,9.91E+37,9.91E+37,9.91E+37,9.91E+37,9.91E+37,9.91E+37,9.91E+37,9.91E+37,9.91E+37,3.296832787E-03,-6.740662269E-03
[2020/07/31 16:21:14.178117][I][set_Continue] Set continue
[2020/07/31 16:21:14.182128][I][writeEx] E6640A <= :INIT:CONT ON
[2020/07/31 16:21:24.781514][I][chk_Tx_Result] Check Tx result
[2020/07/31 16:21:24.789526][I][get_Trigger_Status] Get trigger status
[2020/07/31 16:21:24.794540][I][queryEx] E6640A <= *STB?
[2020/07/31 16:21:24.801676][I][queryEx] E6640A => 192
[2020/07/31 16:21:24.806692][I][get_Trigger_Status] Status: 192
[2020/07/31 16:21:24.810713]Is triggered!
[2020/07/31 16:21:24.816105][I][writeEx] E6640A <= *CLS
[2020/07/31 16:21:24.821249][I][set_Continue] Set continue
[2020/07/31 16:21:24.825332][I][writeEx] E6640A <= :INIT:CONT ON
[2020/07/31 16:21:24.932663][I][set_Single] Set single
[2020/07/31 16:21:24.949700][I][writeEx] E6640A <= :INIT:CONT OFF
[2020/07/31 16:21:24.957675][I][set_Zigbee_TX_BandPower] Set marker function
[2020/07/31 16:21:24.962703][I][writeEx] E6640A <= CALC:DDEMod:MARK1:MODE POS
[2020/07/31 16:21:24.967727][I][writeEx] E6640A <= CALC:DDEMod:MARK1:TRAC 2
[2020/07/31 16:21:24.971742][I][writeEx] E6640A <= CALC:DDEMod:MARK1:FUNC BPOW
[2020/07/31 16:21:24.976742][I][writeEx] E6640A <= CALC:DDEMod:MARK1:FUNC:BPOW:CTYP MEAN
[2020/07/31 16:21:24.981739][I][writeEx] E6640A <= CALC:DDEMod:MARK1:FUNC:BAND:CENT 2470000000.000000
[2020/07/31 16:21:25.288799][I][queryEx] E6640A <= *OPC?
[2020/07/31 16:21:25.300104][I][queryEx] E6640A => 1
[2020/07/31 16:21:25.305486][I][queryEx] E6640A <= CALC:DDEMod:MARK1:FUNC:BAND:CENT?
[2020/07/31 16:21:25.312922][I][queryEx] E6640A => 2.470000000E+09
[2020/07/31 16:21:25.316972][I][writeEx] E6640A <= CALC:DDEMod:MARK1:FUNC:BAND:SPAN 10000000.000000
[2020/07/31 16:21:25.623580][I][queryEx] E6640A <= *OPC?
[2020/07/31 16:21:25.634770][I][queryEx] E6640A => 1
[2020/07/31 16:21:25.639795][I][get_Power] Get Tx power
[2020/07/31 16:21:25.644811][I][queryEx] E6640A <= :CALC:DDEMod:MARK1:Y?
[2020/07/31 16:21:25.652505][I][queryEx] E6640A => 1.014476911E-01
[2020/07/31 16:21:25.658092][I][chk_Tx_Result] Tx power(add loss: 8.800000) = 8.901000 dBm
[2020/07/31 16:21:25.662354][I][read_DDEMod_Array] Read measurement result
[2020/07/31 16:21:25.666436][I][queryEx] E6640A <= :READ:DDEMod?
[2020/07/31 16:21:25.821496][I][queryEx] E6640A => 1.448645401E+01,4.735466003E+01,4.220000000E+02,3.693953991E+00,2.152483559E+01,4.220000000E+02,9.91E+37,9.91E+37,9.91E+37,5.920022130E-01,1.227062941E+00,8.900000000E+01,1.179463577E+01,-3.932047653E+01,4.220000000E+02,2.945808203E+04,9.91E+37,9.91E+37,9.91E+37,9.91E+37,9.91E+37,-4.213441849E+01,9.91E+37,9.583912492E-01,5.576713011E-02,3.783958256E-01,9.91E+37,9.91E+37,9.91E+37,9.91E+37,9.91E+37,9.91E+37,9.91E+37,9.91E+37,9.91E+37,9.91E+37,9.91E+37,9.91E+37,9.91E+37,9.91E+37,9.91E+37,9.91E+37,9.91E+37,9.91E+37,9.91E+37,9.91E+37,9.91E+37,9.91E+37,9.91E+37,9.91E+37,9.91E+37,9.91E+37,9.91E+37,9.91E+37,9.91E+37,9.91E+37,9.91E+37,9.91E+37,9.91E+37,9.91E+37,9.91E+37,5.263160914E-03,-5.785492714E-03
[2020/07/31 16:21:25.838591][I][set_Continue] Set continue
[2020/07/31 16:21:25.847566][I][writeEx] E6640A <= :INIT:CONT ON
[2020/07/31 16:21:27.313809][I][set_Preset] System reset
[2020/07/31 16:21:27.318818][I][writeEx] E6640A <= *RST
[2020/07/31 16:21:27.323837][I][writeEx] E6640A <= *CLS
[2020/07/31 16:21:27.328883][I][writeEx] E6640A <= SYST:PRES
[2020/07/31 16:21:27.636152][I][queryEx] E6640A <= *OPC?
[2020/07/31 16:21:28.615162][I][queryEx] E6640A => 1
[2020/07/31 16:21:28.633766][I][set_Rx_OneTone] Set Rx one tone
[2020/07/31 16:21:28.636776][I][set_RFO_Port] Set output port
[2020/07/31 16:21:28.641790][I][writeEx] E6640A <= :FEED:RF:PORT:OUTPut RFIO1
[2020/07/31 16:21:28.646803][I][queryEx] E6640A <= :FEED:RF:PORT:OUTPut?
[2020/07/31 16:21:28.654174][I][queryEx] E6640A => RFIO1
[2020/07/31 16:21:28.659230][I][set_OneTone_Freq] Set One Tone frequence
[2020/07/31 16:21:28.664204][I][writeEx] E6640A <= :SOUR:FREQ 2445.0 MHz
[2020/07/31 16:21:28.670236][I][set_OneTone_Power] Set One Tone power
[2020/07/31 16:21:28.675234][I][writeEx] E6640A <= :SOURce:POWer -16.1
[2020/07/31 16:21:38.079437][I][set_OneTone_Start] Set One Tone start
[2020/07/31 16:21:38.085453][I][writeEx] E6640A <= OUTP ON
[2020/07/31 16:21:42.618910][I][set_OneTone_Stop] Set One Tone stop
[2020/07/31 16:21:42.623118][I][writeEx] E6640A <= OUTP OFF
[2020/07/31 16:21:42.637474][I][set_Rx_OneTone] Set Rx one tone
[2020/07/31 16:21:42.641516][I][set_RFO_Port] Set output port
[2020/07/31 16:21:42.647503][I][writeEx] E6640A <= :FEED:RF:PORT:OUTPut RFIO1
[2020/07/31 16:21:42.651511][I][queryEx] E6640A <= :FEED:RF:PORT:OUTPut?
[2020/07/31 16:21:42.659607][I][queryEx] E6640A => RFIO1
[2020/07/31 16:21:42.664627][I][set_OneTone_Freq] Set One Tone frequence
[2020/07/31 16:21:42.669640][I][writeEx] E6640A <= :SOUR:FREQ 2445.0 MHz
[2020/07/31 16:21:42.674246][I][set_OneTone_Power] Set One Tone power
[2020/07/31 16:21:42.679262][I][writeEx] E6640A <= :SOURce:POWer -16.1
[2020/07/31 16:21:51.245074][I][set_OneTone_Start] Set One Tone start
[2020/07/31 16:21:51.250039][I][writeEx] E6640A <= OUTP ON
[2020/07/31 16:21:56.208702][I][set_OneTone_Stop] Set One Tone stop
[2020/07/31 16:21:56.213757][I][writeEx] E6640A <= OUTP OFF
[2020/07/31 16:21:56.594574][I][disconnect_E6640A] Disconnect E6640A
[2020/07/31 16:21:56.599596]========== End ==========
