[2020/07/31 16:19:13]============== Control PS_Keysight66321B ==============
[2020/07/31 16:19:13]List resource: ['GPIB0::5::INSTR', 'TCPIP0::192.168.1.2::hislip0::INSTR', 'ASRL1::INSTR']
[2020/07/31 16:19:13]Power Supply: control 66321B successfully
[2020/07/31 16:19:13]Power Supply send: *RST
[2020/07/31 16:19:13]Power Supply send: *IDN?
[2020/07/31 16:19:13]Power Supply recv: Agilent Technologies,66321B,0,A.03.01

[2020/07/31 16:19:13]Power Supply is: Agilent Technologies,66321B,0,A.03.01
 

[2020/07/31 16:19:13]Power Supply send: CURR:PROT:STAT 1
[2020/07/31 16:19:13]Power Supply send: CURR:PROT:STAT?
[2020/07/31 16:19:13]Power Supply recv: 1

[2020/07/31 16:19:13]Power Supply send: VOLT 12.0
[2020/07/31 16:19:13]Power Supply send: VOLT?
[2020/07/31 16:19:13]Power Supply recv: 1.20000E+1

[2020/07/31 16:19:13]Power Supply send: CURR 1.0
[2020/07/31 16:19:13]Power Supply send: CURR?
[2020/07/31 16:19:13]Power Supply recv: 1.00000E+0

[2020/07/31 16:19:13]Power Supply send: OUTP 1
[2020/07/31 16:19:13]Power Supply send: OUTP?
[2020/07/31 16:19:13]Power Supply recv: 1

[2020/07/31 16:20:17]============== Control PS_Keysight66321B ==============
[2020/07/31 16:20:18]List resource: ['GPIB0::5::INSTR', 'TCPIP0::192.168.1.2::hislip0::INSTR', 'ASRL1::INSTR', 'ASRL14::INSTR', 'ASRL15::INSTR', 'ASRL16::INSTR', 'ASRL17::INSTR', 'ASRL19::INSTR', 'ASRL20::INSTR']
[2020/07/31 16:20:18]Power Supply: control 66321B successfully
[2020/07/31 16:20:18]Power Supply send: *IDN?
[2020/07/31 16:20:18]Power Supply recv: Agilent Technologies,66321B,0,A.03.01

[2020/07/31 16:20:18]Power Supply is: Agilent Technologies,66321B,0,A.03.01
 

[2020/07/31 16:20:32]Power Supply send: MEAS:CURR?
[2020/07/31 16:20:32]Power Supply recv: 1.24006E-1

[2020/07/31 16:20:47]Power Supply send: MEAS:CURR?
[2020/07/31 16:20:47]Power Supply recv: 1.17958E-1

[2020/07/31 16:20:59]Power Supply send: MEAS:CURR?
[2020/07/31 16:20:59]Power Supply recv: 1.15164E-1

[2020/07/31 16:21:14]Power Supply send: MEAS:CURR?
[2020/07/31 16:21:14]Power Supply recv: 1.15608E-1

[2020/07/31 16:21:26]Power Supply send: MEAS:CURR?
[2020/07/31 16:21:26]Power Supply recv: 1.13995E-1

[2020/07/31 16:22:25]============== Control PS_Keysight66321B ==============
[2020/07/31 16:22:25]List resource: ['GPIB0::5::INSTR', 'TCPIP0::192.168.1.2::hislip0::INSTR', 'ASRL1::INSTR']
[2020/07/31 16:22:25]Power Supply: control 66321B successfully
[2020/07/31 16:22:25]Power Supply send: *IDN?
[2020/07/31 16:22:25]Power Supply recv: Agilent Technologies,66321B,0,A.03.01

[2020/07/31 16:22:25]Power Supply is: Agilent Technologies,66321B,0,A.03.01
 

[2020/07/31 16:22:34]Power Supply send: MEAS:CURR?
[2020/07/31 16:22:34]Power Supply recv: 3.69979E-1

[2020/07/31 16:22:43]Power Supply send: MEAS:CURR?
[2020/07/31 16:22:43]Power Supply recv: 3.05600E-1

[2020/07/31 16:22:53]Power Supply send: MEAS:CURR?
[2020/07/31 16:22:54]Power Supply recv: 2.42753E-1

[2020/07/31 16:23:27]============== Control PS_Keysight66321B ==============
[2020/07/31 16:23:27]List resource: ['GPIB0::5::INSTR', 'TCPIP0::192.168.1.2::hislip0::INSTR', 'ASRL1::INSTR', 'ASRL14::INSTR', 'ASRL15::INSTR', 'ASRL16::INSTR', 'ASRL17::INSTR', 'ASRL19::INSTR', 'ASRL20::INSTR']
[2020/07/31 16:23:27]Power Supply: control 66321B successfully
[2020/07/31 16:23:27]Power Supply send: *RST
[2020/07/31 16:23:27]Power Supply send: *IDN?
[2020/07/31 16:23:27]Power Supply recv: Agilent Technologies,66321B,0,A.03.01

[2020/07/31 16:23:27]Power Supply is: Agilent Technologies,66321B,0,A.03.01
 

[2020/07/31 16:23:27]Power Supply send: OUTP 0
[2020/07/31 16:23:27]Power Supply send: OUTP?
[2020/07/31 16:23:27]Power Supply recv: 0

