[2020/07/29 08:41:34.772438]========== Start ==========
[2020/07/29 08:41:34.773441][I][class_E6640A_LTE] Initial class_E6640A_LTE
[2020/07/29 08:41:34.774443][I][class_E6640A_LTE] Version: 3.0.0.3
[2020/07/29 08:41:34.779458][I][connect_E6640A] Connect to E6640A
[2020/07/29 08:41:34.789484][I][connect_E6640A] Resource Manager of Visa Library at C:\Windows\system32\visa64.dll
[2020/07/29 08:41:34.836609][I][queryEx] E6640A <= *IDN?
[2020/07/29 08:41:34.841622][I][queryEx] E6640A => Keysight Technologies,E6640A,MY57150246,E.19.71
[2020/07/29 08:41:34.844630][I][set_Preset] System reset
[2020/07/29 08:41:34.845633][I][writeEx] E6640A <= *RST
[2020/07/29 08:41:34.847638][I][writeEx] E6640A <= *CLS
[2020/07/29 08:41:34.850647][I][writeEx] E6640A <= SYST:PRES
[2020/07/29 08:41:35.153451][I][queryEx] E6640A <= *OPC?
[2020/07/29 08:41:35.910462][I][queryEx] E6640A => 1
[2020/07/29 08:41:35.916478][I][set_Preset] System reset
[2020/07/29 08:41:35.921494][I][writeEx] E6640A <= *RST
[2020/07/29 08:41:35.924500][I][writeEx] E6640A <= *CLS
[2020/07/29 08:41:35.926508][I][writeEx] E6640A <= SYST:PRES
[2020/07/29 08:41:36.229309][I][queryEx] E6640A <= *OPC?
[2020/07/29 08:41:37.027431][I][queryEx] E6640A => 1
[2020/07/29 08:41:37.355302][I][set_Preset] System reset
[2020/07/29 08:41:37.357307][I][writeEx] E6640A <= *RST
[2020/07/29 08:41:37.359315][I][writeEx] E6640A <= *CLS
[2020/07/29 08:41:37.361318][I][writeEx] E6640A <= SYST:PRES
[2020/07/29 08:41:37.664379][I][queryEx] E6640A <= *OPC?
[2020/07/29 08:41:38.430792][I][queryEx] E6640A => 1
[2020/07/29 08:41:38.446071][I][set_Tx_Start] Set Tx start
[2020/07/29 08:41:38.448582][I][set_RFI_Port] Set input port
[2020/07/29 08:41:38.450591][I][writeEx] E6640A <= :FEED:RF:PORT:INPut RFIO1
[2020/07/29 08:41:38.454768][I][queryEx] E6640A <= :FEED:RF:PORT:INPut?
[2020/07/29 08:41:38.459828][I][queryEx] E6640A => RFIO1
[2020/07/29 08:41:38.461849][I][set_Modulation_Analysis] Set measurement function
[2020/07/29 08:41:38.466170][I][writeEx] E6640A <= INST:SEL LTEAFDD
[2020/07/29 08:41:38.769551][I][queryEx] E6640A <= *OPC?
[2020/07/29 08:41:38.780115][I][queryEx] E6640A => 1
[2020/07/29 08:41:38.784038][I][queryEx] E6640A <= INST:SEL?
[2020/07/29 08:41:38.788502][I][queryEx] E6640A => LTEAFDD
[2020/07/29 08:41:38.792520][I][writeEx] E6640A <= DISP:CHP:VIEW:WIND:TRAC:Y:COUP OFF
[2020/07/29 08:41:38.796506][I][set_Freq] Set frequence
[2020/07/29 08:41:38.798523][I][writeEx] E6640A <= :FREQuency:CENTer 897.4 MHz
[2020/07/29 08:41:38.804550][I][set_Continue] Set continue
[2020/07/29 08:41:38.808538][I][writeEx] E6640A <= :INIT:CONT ON
[2020/07/29 08:41:38.812583][I][set_Trigger_Free_Run] Set trigger free run
[2020/07/29 08:41:38.815553][I][writeEx] E6640A <= TRIG:CHP:SOUR IMM
[2020/07/29 08:41:39.119342][I][queryEx] E6640A <= *OPC?
[2020/07/29 08:41:39.128431][I][queryEx] E6640A => 1
[2020/07/29 08:41:43.690538][I][chk_Tx_Result] Check Tx result
[2020/07/29 08:41:43.695678][I][set_Limit_Range] Set reference value
[2020/07/29 08:41:43.697686][I][writeEx] E6640A <= DISP:CHP:VIEW:WIND:TRAC:Y:RLEV 30.0 dBm
[2020/07/29 08:41:44.002517][I][queryEx] E6640A <= *OPC?
[2020/07/29 08:41:44.012290][I][queryEx] E6640A => 1
[2020/07/29 08:41:44.016289][I][set_Limit_Range] Set power range
[2020/07/29 08:41:44.019345][I][writeEx] E6640A <= :POW:RANG 30.0 dBm
[2020/07/29 08:41:44.324142][I][queryEx] E6640A <= *OPC?
[2020/07/29 08:41:44.333120][I][queryEx] E6640A => 1
[2020/07/29 08:41:44.337848][I][set_Trigger_Video] Set trigger video
[2020/07/29 08:41:44.339856][I][writeEx] E6640A <= TRIG:CHP:SOUR IF
[2020/07/29 08:41:44.644305][I][queryEx] E6640A <= *OPC?
[2020/07/29 08:41:44.651300][I][queryEx] E6640A => 1
[2020/07/29 08:41:44.755100][I][set_Trigger_Free_Run] Set trigger free run
[2020/07/29 08:41:44.764125][I][writeEx] E6640A <= TRIG:CHP:SOUR IMM
[2020/07/29 08:41:45.071063][I][queryEx] E6640A <= *OPC?
[2020/07/29 08:41:45.080572][I][queryEx] E6640A => 1
[2020/07/29 08:41:45.084586][I][get_Power] Get Tx power
[2020/07/29 08:41:45.088532][I][queryEx] E6640A <= :FETCh:CHPower:CHPower?
[2020/07/29 08:41:45.095176][I][queryEx] E6640A => 1.460259151E+01
[2020/07/29 08:41:45.098187][I][chk_Tx_Result] Tx power(add loss: 8.500000) = 23.103000 dBm
[2020/07/29 08:41:45.102244][I][set_Continue] Set continue
[2020/07/29 08:41:45.106214][I][writeEx] E6640A <= :INIT:CONT ON
[2020/07/29 08:41:47.038384][I][set_Preset] System reset
[2020/07/29 08:41:47.042397][I][writeEx] E6640A <= *RST
[2020/07/29 08:41:47.046406][I][writeEx] E6640A <= *CLS
[2020/07/29 08:41:47.049412][I][writeEx] E6640A <= SYST:PRES
[2020/07/29 08:41:47.354592][I][queryEx] E6640A <= *OPC?
[2020/07/29 08:41:48.076194][I][queryEx] E6640A => 1
[2020/07/29 08:41:48.097249][I][set_Tx_Start] Set Tx start
[2020/07/29 08:41:48.102265][I][set_RFI_Port] Set input port
[2020/07/29 08:41:48.113290][I][writeEx] E6640A <= :FEED:RF:PORT:INPut RFIO1
[2020/07/29 08:41:48.123318][I][queryEx] E6640A <= :FEED:RF:PORT:INPut?
[2020/07/29 08:41:48.130336][I][queryEx] E6640A => RFIO1
[2020/07/29 08:41:48.142371][I][set_Modulation_Analysis] Set measurement function
[2020/07/29 08:41:48.145375][I][writeEx] E6640A <= INST:SEL LTEAFDD
[2020/07/29 08:41:48.455770][I][queryEx] E6640A <= *OPC?
[2020/07/29 08:41:48.470857][I][queryEx] E6640A => 1
[2020/07/29 08:41:48.478828][I][queryEx] E6640A <= INST:SEL?
[2020/07/29 08:41:48.489857][I][queryEx] E6640A => LTEAFDD
[2020/07/29 08:41:48.493868][I][writeEx] E6640A <= DISP:CHP:VIEW:WIND:TRAC:Y:COUP OFF
[2020/07/29 08:41:48.497916][I][set_Freq] Set frequence
[2020/07/29 08:41:48.502931][I][writeEx] E6640A <= :FREQuency:CENTer 1950.0 MHz
[2020/07/29 08:41:48.506904][I][set_Continue] Set continue
[2020/07/29 08:41:48.511939][I][writeEx] E6640A <= :INIT:CONT ON
[2020/07/29 08:41:48.516930][I][set_Trigger_Free_Run] Set trigger free run
[2020/07/29 08:41:48.519938][I][writeEx] E6640A <= TRIG:CHP:SOUR IMM
[2020/07/29 08:41:48.825077][I][queryEx] E6640A <= *OPC?
[2020/07/29 08:41:48.832097][I][queryEx] E6640A => 1
[2020/07/29 08:41:53.138485][I][chk_Tx_Result] Check Tx result
[2020/07/29 08:41:53.143527][I][set_Limit_Range] Set reference value
[2020/07/29 08:41:53.146882][I][writeEx] E6640A <= DISP:CHP:VIEW:WIND:TRAC:Y:RLEV 30.0 dBm
[2020/07/29 08:41:53.451860][I][queryEx] E6640A <= *OPC?
[2020/07/29 08:41:53.458677][I][queryEx] E6640A => 1
[2020/07/29 08:41:53.463521][I][set_Limit_Range] Set power range
[2020/07/29 08:41:53.467492][I][writeEx] E6640A <= :POW:RANG 30.0 dBm
[2020/07/29 08:41:53.771959][I][queryEx] E6640A <= *OPC?
[2020/07/29 08:41:53.778198][I][queryEx] E6640A => 1
[2020/07/29 08:41:53.782252][I][set_Trigger_Video] Set trigger video
[2020/07/29 08:41:53.786223][I][writeEx] E6640A <= TRIG:CHP:SOUR IF
[2020/07/29 08:41:54.091617][I][queryEx] E6640A <= *OPC?
[2020/07/29 08:41:54.097736][I][queryEx] E6640A => 1
[2020/07/29 08:41:54.202409][I][set_Trigger_Free_Run] Set trigger free run
[2020/07/29 08:41:54.206428][I][writeEx] E6640A <= TRIG:CHP:SOUR IMM
[2020/07/29 08:41:54.510871][I][queryEx] E6640A <= *OPC?
[2020/07/29 08:41:54.519900][I][queryEx] E6640A => 1
[2020/07/29 08:41:54.525914][I][get_Power] Get Tx power
[2020/07/29 08:41:54.529955][I][queryEx] E6640A <= :FETCh:CHPower:CHPower?
[2020/07/29 08:41:54.537980][I][queryEx] E6640A => 1.201710033E+01
[2020/07/29 08:41:54.541953][I][chk_Tx_Result] Tx power(add loss: 9.200000) = 21.217000 dBm
[2020/07/29 08:41:54.545967][I][set_Continue] Set continue
[2020/07/29 08:41:54.549977][I][writeEx] E6640A <= :INIT:CONT ON
[2020/07/29 08:41:56.490866][I][set_Preset] System reset
[2020/07/29 08:41:56.495878][I][writeEx] E6640A <= *RST
[2020/07/29 08:41:56.499894][I][writeEx] E6640A <= *CLS
[2020/07/29 08:41:56.504904][I][writeEx] E6640A <= SYST:PRES
[2020/07/29 08:41:56.810559][I][queryEx] E6640A <= *OPC?
[2020/07/29 08:41:57.557692][I][queryEx] E6640A => 1
[2020/07/29 08:41:57.581836][I][set_Tx_Start] Set Tx start
[2020/07/29 08:41:57.586836][I][set_RFI_Port] Set input port
[2020/07/29 08:41:57.593858][I][writeEx] E6640A <= :FEED:RF:PORT:INPut RFIO1
[2020/07/29 08:41:57.597865][I][queryEx] E6640A <= :FEED:RF:PORT:INPut?
[2020/07/29 08:41:57.604769][I][queryEx] E6640A => RFIO1
[2020/07/29 08:41:57.608795][I][set_Modulation_Analysis] Set measurement function
[2020/07/29 08:41:57.613796][I][writeEx] E6640A <= INST:SEL LTEAFDD
[2020/07/29 08:41:57.918134][I][queryEx] E6640A <= *OPC?
[2020/07/29 08:41:57.927167][I][queryEx] E6640A => 1
[2020/07/29 08:41:57.933180][I][queryEx] E6640A <= INST:SEL?
[2020/07/29 08:41:57.942206][I][queryEx] E6640A => LTEAFDD
[2020/07/29 08:41:57.946253][I][writeEx] E6640A <= DISP:CHP:VIEW:WIND:TRAC:Y:COUP OFF
[2020/07/29 08:41:57.950225][I][set_Freq] Set frequence
[2020/07/29 08:41:57.954236][I][writeEx] E6640A <= :FREQuency:CENTer 914.8 MHz
[2020/07/29 08:41:57.958285][I][set_Continue] Set continue
[2020/07/29 08:41:57.963303][I][writeEx] E6640A <= :INIT:CONT ON
[2020/07/29 08:41:57.967271][I][set_Trigger_Free_Run] Set trigger free run
[2020/07/29 08:41:57.970278][I][writeEx] E6640A <= TRIG:CHP:SOUR IMM
[2020/07/29 08:41:58.276216][I][queryEx] E6640A <= *OPC?
[2020/07/29 08:41:58.283600][I][queryEx] E6640A => 1
[2020/07/29 08:42:01.251244][I][chk_Tx_Result] Check Tx result
[2020/07/29 08:42:01.255849][I][set_Limit_Range] Set reference value
[2020/07/29 08:42:01.259861][I][writeEx] E6640A <= DISP:CHP:VIEW:WIND:TRAC:Y:RLEV 30.0 dBm
[2020/07/29 08:42:01.564633][I][queryEx] E6640A <= *OPC?
[2020/07/29 08:42:01.572737][I][queryEx] E6640A => 1
[2020/07/29 08:42:01.577671][I][set_Limit_Range] Set power range
[2020/07/29 08:42:01.581681][I][writeEx] E6640A <= :POW:RANG 30.0 dBm
[2020/07/29 08:42:01.886686][I][queryEx] E6640A <= *OPC?
[2020/07/29 08:42:01.893920][I][queryEx] E6640A => 1
[2020/07/29 08:42:03.899489][I][set_Trigger_Video] Set trigger video
[2020/07/29 08:42:03.904808][I][writeEx] E6640A <= TRIG:CHP:SOUR IF
[2020/07/29 08:42:04.208850][I][queryEx] E6640A <= *OPC?
[2020/07/29 08:42:04.216800][I][queryEx] E6640A => 1
[2020/07/29 08:42:04.221855][I][get_Power] Get Tx power
[2020/07/29 08:42:04.225857][I][queryEx] E6640A <= :FETCh:CHPower:CHPower?
[2020/07/29 08:42:04.854957][I][queryEx] E6640A => 2.331237984E+01
[2020/07/29 08:42:04.859935][I][chk_Tx_Result] Tx power(add loss: 8.500000) = 31.812000 dBm
[2020/07/29 08:42:04.863975][I][set_Continue] Set continue
[2020/07/29 08:42:04.868959][I][writeEx] E6640A <= :INIT:CONT ON
[2020/07/29 08:42:06.586530][I][set_Preset] System reset
[2020/07/29 08:42:06.590539][I][writeEx] E6640A <= *RST
[2020/07/29 08:42:06.595555][I][writeEx] E6640A <= *CLS
[2020/07/29 08:42:06.598599][I][writeEx] E6640A <= SYST:PRES
[2020/07/29 08:42:06.904922][I][queryEx] E6640A <= *OPC?
[2020/07/29 08:42:07.609707][I][queryEx] E6640A => 1
[2020/07/29 08:42:07.624709][I][set_Rx_Waveform] Set Rx waveform
[2020/07/29 08:42:07.628720][I][set_RFO_Port] Set output port
[2020/07/29 08:42:07.633780][I][writeEx] E6640A <= :FEED:RF:PORT:OUTPut RFIO1
[2020/07/29 08:42:07.639059][I][queryEx] E6640A <= :FEED:RF:PORT:OUTPut?
[2020/07/29 08:42:07.645077][I][queryEx] E6640A => RFIO1
[2020/07/29 08:42:07.649088][I][set_OneTone_Freq] Set One Tone frequence
[2020/07/29 08:42:07.655139][I][writeEx] E6640A <= :SOUR:FREQ 959.8 MHz
[2020/07/29 08:42:07.659120][I][set_OneTone_Power] Set One Tone power
[2020/07/29 08:42:07.663125][I][writeEx] E6640A <= :SOURce:POWer -51.5
[2020/07/29 08:42:07.667138][I][loading_Waveform] Load waveform
[2020/07/29 08:42:07.672148][I][queryEx] E6640A <= :SOURce:RADio:ARB:CATalog?
[2020/07/29 08:42:07.678209][I][queryEx] E6640A => 9600,4184704,"CTX10_RFLTE_20160809.wfm"
[2020/07/29 08:42:07.682213][I][writeEx] E6640A <= :SOUR:RAD:ARB:WAV "D:\NVARB\CTX10_RFLTE_20160809.wfm"
[2020/07/29 08:42:07.987736][I][queryEx] E6640A <= *OPC?
[2020/07/29 08:42:07.995746][I][queryEx] E6640A => 1
[2020/07/29 08:42:08.000731][I][set_ARB_ON] Set ARB ON
[2020/07/29 08:42:08.004741][I][writeEx] E6640A <= :SOUR:RAD:ARB ON
[2020/07/29 08:42:08.012170][I][set_Sample_Rate] Set Sample Rate
[2020/07/29 08:42:08.016186][I][writeEx] E6640A <= SOUR:RAD:ARB:SCL:RATE 100.0 kHz
[2020/07/29 08:42:08.021946][I][set_Modulation_ON] Set ARB ON
[2020/07/29 08:42:08.026964][I][writeEx] E6640A <= :OUTP:MOD ON
[2020/07/29 08:42:08.035986][I][set_OneTone_Start] Set One Tone start
[2020/07/29 08:42:08.038994][I][writeEx] E6640A <= OUTP ON
[2020/07/29 08:42:14.286136][I][set_OneTone_Stop] Set One Tone stop
[2020/07/29 08:42:14.294154][I][writeEx] E6640A <= OUTP OFF
[2020/07/29 08:42:26.213868][I][disconnect_E6640A] Disconnect E6640A
[2020/07/29 08:42:26.218879][I][set_Preset] System reset
[2020/07/29 08:42:26.223893][I][writeEx] E6640A <= *RST
[2020/07/29 08:42:26.228908][I][writeEx] E6640A <= *CLS
[2020/07/29 08:42:26.232918][I][writeEx] E6640A <= SYST:PRES
[2020/07/29 08:42:26.537413][I][queryEx] E6640A <= *OPC?
[2020/07/29 08:42:27.219911][I][queryEx] E6640A => 1
[2020/07/29 08:42:27.225927]========== End ==========
