[2020/07/29 09:42:12][I][checkDatabaseONorNOT] Database running.
[2020/07/29 09:42:12][I][tryConnectDatabase] Connect to MariaDB GFI20 database success!!
[2020/07/29 09:42:12][I][tryConnectDatabase] Connect to MariaDB GFI20 database success!!
[2020/07/29 09:42:12][I][checkDatabaseONorNOT] Database running.
[2020/07/29 09:42:12][I][tryConnectDatabase] Connect to MariaDB GFI20 database success!!
[2020/07/29 09:42:12][I][tryConnectDatabase] Connect to MariaDB GFI20 database success!!
[2020/07/29 09:42:12][E][initialDatabase] UpdateDB.csv already exist.
[2020/07/29 09:42:27][I][WriteDataTocsv] Create new row with item GFI20Bootup.
[2020/07/29 09:42:27][I][WriteDataTocsv] Update complete.
[2020/07/29 09:42:27][WriteRFDataTocsv][I] Update testscript GFI20Bootup's data.
[2020/07/29 09:42:27][I][WriteRFDataTocsv] Update complete.
[2020/07/29 09:43:19][I][WriteDataTocsv] Create new row with item CountDown.
[2020/07/29 09:43:19][I][WriteDataTocsv] Update complete.
[2020/07/29 09:43:19][WriteRFDataTocsv][I] Update testscript CountDown's data.
[2020/07/29 09:43:19][I][WriteRFDataTocsv] Update complete.
[2020/07/29 09:43:22][I][WriteDataTocsv] Create new row with item WaitConnect.
[2020/07/29 09:43:22][I][WriteDataTocsv] Update complete.
[2020/07/29 09:43:22][WriteRFDataTocsv][I] Update testscript WaitConnect's data.
[2020/07/29 09:43:22][I][WriteRFDataTocsv] Update complete.
[2020/07/29 09:45:15][WriteRFDataTocsv][I] Update testscript GFI20_RF_Zigbee's data.
[2020/07/29 09:45:15][I][WriteRFDataTocsv] Update complete.
[2020/07/29 09:45:15][WriteRFDataTocsv][I] Update testscript GFI20_RF_Zigbee's data.
[2020/07/29 09:45:15][I][WriteRFDataTocsv] Update complete.
[2020/07/29 09:45:15][WriteRFDataTocsv][I] Update testscript GFI20_RF_Zigbee's data.
[2020/07/29 09:45:15][I][WriteRFDataTocsv] Update complete.
[2020/07/29 09:45:15][WriteRFDataTocsv][I] Update testscript GFI20_RF_Zigbee's data.
[2020/07/29 09:45:15][I][WriteRFDataTocsv] Update complete.
[2020/07/29 09:45:15][WriteRFDataTocsv][I] Update testscript GFI20_RF_Zigbee's data.
[2020/07/29 09:45:15][I][WriteRFDataTocsv] Update complete.
[2020/07/29 09:45:17][I][WriteDataTocsv] Create new row with item GFI20_RF_Zigbee.
[2020/07/29 09:45:18][I][WriteDataTocsv] Update complete.
[2020/07/29 09:45:18][WriteRFDataTocsv][I] Update testscript GFI20_RF_Zigbee's data.
[2020/07/29 09:45:18][I][WriteRFDataTocsv] Update complete.
[2020/07/29 09:46:40][WriteRFDataTocsv][I] Update testscript GFI20_RF_LTE's data.
[2020/07/29 09:46:40][I][WriteRFDataTocsv] Update complete.
[2020/07/29 09:46:40][WriteRFDataTocsv][I] Update testscript GFI20_RF_LTE's data.
[2020/07/29 09:46:41][I][WriteRFDataTocsv] Update complete.
[2020/07/29 09:46:41][WriteRFDataTocsv][I] Update testscript GFI20_RF_LTE's data.
[2020/07/29 09:46:41][I][WriteRFDataTocsv] Update complete.
[2020/07/29 09:46:41][WriteRFDataTocsv][I] Update testscript GFI20_RF_LTE's data.
[2020/07/29 09:46:41][I][WriteRFDataTocsv] Update complete.
[2020/07/29 09:46:44][I][WriteDataTocsv] Create new row with item GFI20_RF_LTE.
[2020/07/29 09:46:44][I][WriteDataTocsv] Update complete.
[2020/07/29 09:46:44][WriteRFDataTocsv][I] Update testscript GFI20_RF_LTE's data.
[2020/07/29 09:46:44][I][WriteRFDataTocsv] Update complete.
[2020/07/29 09:46:44]--------------------DBUploading start--------------------
[2020/07/29 09:46:44][I][uploadData] Projcet name: GFI20
[2020/07/29 09:46:44][I][uploadData] Station name: BRF
[2020/07/29 09:46:44][I][tryConnectDatabase] Connect to MariaDB GFI20 database success!!
[2020/07/29 09:46:44][I][uploadData] Write data into BRF_GFI20Bootup
[2020/07/29 09:46:44][I][uploadData] Write data into BRF_CountDown
[2020/07/29 09:46:44][I][uploadData] Write data into BRF_WaitConnect
[2020/07/29 09:46:44][I][uploadData] Write data into BRF_GFI20_RF_Zigbee
[2020/07/29 09:46:44][I][uploadData] Write data into BRF_GFI20_RF_LTE
[2020/07/29 09:46:44][I][tryConnectDatabase] Connect to MariaDB GFI20_RF database success!!
[2020/07/29 09:46:44][I][uploadData] Write data into BRF_GFI20_RF_Zigbee_ZIGBEE_2450_TX_FREQ2425_ANT1_Power
[2020/07/29 09:46:44][I][uploadData] Write data into BRF_GFI20_RF_Zigbee_ZIGBEE_2450_TX_FREQ2455_ANT1_Power
[2020/07/29 09:46:44][I][uploadData] Write data into BRF_GFI20_RF_Zigbee_ZIGBEE_2450_TX_FREQ2470_ANT1_Power
[2020/07/29 09:46:44][I][uploadData] Write data into BRF_GFI20_RF_Zigbee_ZIGBEE_2450_RX_FREQ2445_ANT1_LNAONRSSI
[2020/07/29 09:46:44][I][uploadData] Write data into BRF_GFI20_RF_Zigbee_ZIGBEE_2450_RX_FREQ2445_ANT1_LNAOFFRSSI
[2020/07/29 09:46:44][I][uploadData] Write data into BRF_GFI20_RF_LTE_LTE_3G_TX_FREQ897.4_ANT1_Power
[2020/07/29 09:46:44][I][uploadData] Write data into BRF_GFI20_RF_LTE_LTE_3G_TX_FREQ1950_ANT1_Power
[2020/07/29 09:46:44][I][uploadData] Write data into BRF_GFI20_RF_LTE_LTE_2G_TX_FREQ914.8_ANT1_Power
[2020/07/29 09:46:44][I][uploadData] Write data into BRF_GFI20_RF_LTE_LTE_2G_RX_FREQ959.8_ANT1_RSSI
[2020/07/29 09:46:44]---------- INI ----------
[2020/07/29 09:46:44][E][uploadData] Read MDUT.ini failed.
