[2020/07/29 09:43:22.951348][I][class_GFI20] Initial class_GFI20
[2020/07/29 09:43:22.961340][I][connectDUT] COM: COM20, BaudRate: 115200
[2020/07/29 09:43:22.967695][I][connectDUT] Connect DUT success
[2020/07/29 09:43:22.974719][I][setScimitarMenu] Set Scimitar menu
[2020/07/29 09:43:23.177688][I][sendCOMCommand] DUT <= x
[2020/07/29 09:43:23.284246][I][sendCOMCommand] Serial buffer size: 7
[2020/07/29 09:43:23.798167][I][sendCOMCommand] DUT => x
$>

[2020/07/29 09:43:23.803178][I][setScimitarMenu] Success
[2020/07/29 09:43:29.809322][I][setZigbee_Tx] ZIGBEE_2450 CH: 15, Tx PWR: 0 dBm
[2020/07/29 09:43:29.811327][I][setScimitarMenu] Set Scimitar menu
[2020/07/29 09:43:30.013937][I][sendCOMCommand] DUT <= x
[2020/07/29 09:43:30.120311][I][sendCOMCommand] Serial buffer size: 7
[2020/07/29 09:43:30.635976][I][sendCOMCommand] DUT => x
$>

[2020/07/29 09:43:30.643039][I][setScimitarMenu] Success
[2020/07/29 09:43:30.651066][I][setZigbeeMenu] Check Zigbee Menu
[2020/07/29 09:43:30.858719][I][sendCOMCommand] DUT <= 2
[2020/07/29 09:43:30.966666][I][sendCOMCommand] Serial buffer size: 22
[2020/07/29 09:43:31.476934][I][sendCOMCommand] DUT => 2
$2_Zigbee(EM357)>

[2020/07/29 09:43:31.486997][I][setZigbeeMenu] Success
[2020/07/29 09:43:31.492948][I][setZigbee_Tx] Set Diagnostics Menu
[2020/07/29 09:43:31.698916][I][sendCOMCommand] DUT <= d
[2020/07/29 09:43:31.807168][I][sendCOMCommand] Serial buffer size: 22
[2020/07/29 09:43:32.318157][I][sendCOMCommand] DUT => d
$2-d_Diagnostics>

[2020/07/29 09:43:32.321148][I][setZigbee_Tx] Success
[2020/07/29 09:43:32.324446][I][setZigbee_Tx] Set Channel Menu
[2020/07/29 09:43:32.528037][I][sendCOMCommand] DUT <= 2
[2020/07/29 09:43:32.637526][I][sendCOMCommand] Serial buffer size: 66
[2020/07/29 09:43:33.150165][I][sendCOMCommand] DUT => 2
$2-d-2_Set Channel (11 => 26) [0B - 1A by HEX]>
$PARAMETER?>

[2020/07/29 09:43:33.156131][I][setZigbee_Tx] Success
[2020/07/29 09:43:33.158147][I][setZigbee_Tx] Set Channel
[2020/07/29 09:43:33.364873][I][sendCOMCommand] DUT <= 0F
[2020/07/29 09:43:33.476828][I][sendCOMCommand] Serial buffer size: 53
[2020/07/29 09:43:33.986861][I][sendCOMCommand] DUT => Set Channel: 15 (0x0F)
$DONE_OK
$2-d_Diagnostics>

[2020/07/29 09:43:33.997284][I][setZigbee_Tx] Success
[2020/07/29 09:43:34.003311][I][setZigbee_Tx] Set PWR Menu
[2020/07/29 09:43:34.206925][I][sendCOMCommand] DUT <= 3
[2020/07/29 09:43:34.316014][I][sendCOMCommand] Serial buffer size: 79
[2020/07/29 09:43:34.827344][I][sendCOMCommand] DUT => 3
$2-d-3_Set Power (-32 => +8dBm, Step=1dB) [-2B - 08 by HEX]>
$PARAMETER?>

[2020/07/29 09:43:34.838373][I][setZigbee_Tx] Success
[2020/07/29 09:43:34.846396][I][setZigbee_Tx] Set Tx PWR
[2020/07/29 09:43:35.052955][I][sendCOMCommand] DUT <= 00
[2020/07/29 09:43:35.160713][I][sendCOMCommand] Serial buffer size: 50
[2020/07/29 09:43:35.678346][I][sendCOMCommand] DUT => Set Power: 0 (0x00)
$DONE_OK
$2-d_Diagnostics>

[2020/07/29 09:43:35.690381][I][setZigbee_Tx] Success
[2020/07/29 09:43:35.713292][I][setScimitarMenu] Set Scimitar menu
[2020/07/29 09:43:35.918445][I][sendCOMCommand] DUT <= x
[2020/07/29 09:43:36.027864][I][sendCOMCommand] Serial buffer size: 22
[2020/07/29 09:43:36.544321][I][sendCOMCommand] DUT => x
$2_Zigbee(EM357)>

[2020/07/29 09:43:36.751437][I][sendCOMCommand] DUT <= x
[2020/07/29 09:43:36.856421][I][sendCOMCommand] Serial buffer size: 7
[2020/07/29 09:43:37.370421][I][sendCOMCommand] DUT => x
$>

[2020/07/29 09:43:37.375520][I][setScimitarMenu] Success
[2020/07/29 09:43:37.377528][I][setZigbeeMenu] Check Zigbee Menu
[2020/07/29 09:43:37.582487][I][sendCOMCommand] DUT <= 2
[2020/07/29 09:43:37.691528][I][sendCOMCommand] Serial buffer size: 22
[2020/07/29 09:43:38.208316][I][sendCOMCommand] DUT => 2
$2_Zigbee(EM357)>

[2020/07/29 09:43:38.213311][I][setZigbeeMenu] Success
[2020/07/29 09:43:38.216315][I][setTxStart] Set Tx start
[2020/07/29 09:43:40.350599][I][setTxStop] Set Tx stop
[2020/07/29 09:43:40.556916][I][sendCOMCommand] DUT <= 5
[2020/07/29 09:43:40.662552][I][sendCOMCommand] Serial buffer size: 202
[2020/07/29 09:43:41.175832][I][sendCOMCommand] DUT => [mfglib]Send Packet(100 bytes)
[mfglib]Send Packet(100 bytes)
[mfglib]Send Packet(100 bytes)
5
ZigBee send packet test end.
Total number of emberStatus errors:0
$[0]
$DONE_OK
$2_Zigbee(EM357)>

[2020/07/29 09:43:41.181556][I][setTxStop] Success
[2020/07/29 09:43:41.211980][I][setZigbee_Tx] ZIGBEE_2450 CH: 15, Tx PWR: -1 dBm
[2020/07/29 09:43:41.213994][I][setScimitarMenu] Set Scimitar menu
[2020/07/29 09:43:41.420646][I][sendCOMCommand] DUT <= x
[2020/07/29 09:43:41.529758][I][sendCOMCommand] Serial buffer size: 7
[2020/07/29 09:43:42.043129][I][sendCOMCommand] DUT => x
$>

[2020/07/29 09:43:42.049128][I][setScimitarMenu] Success
[2020/07/29 09:43:42.054257][I][setZigbeeMenu] Check Zigbee Menu
[2020/07/29 09:43:42.259160][I][sendCOMCommand] DUT <= 2
[2020/07/29 09:43:42.368216][I][sendCOMCommand] Serial buffer size: 22
[2020/07/29 09:43:42.888040][I][sendCOMCommand] DUT => 2
$2_Zigbee(EM357)>

[2020/07/29 09:43:42.895063][I][setZigbeeMenu] Success
[2020/07/29 09:43:42.900078][I][setZigbee_Tx] Set Diagnostics Menu
[2020/07/29 09:43:43.104649][I][sendCOMCommand] DUT <= d
[2020/07/29 09:43:43.212922][I][sendCOMCommand] Serial buffer size: 22
[2020/07/29 09:43:43.733790][I][sendCOMCommand] DUT => d
$2-d_Diagnostics>

[2020/07/29 09:43:43.746863][I][setZigbee_Tx] Success
[2020/07/29 09:43:43.754849][I][setZigbee_Tx] Set Channel Menu
[2020/07/29 09:43:43.961971][I][sendCOMCommand] DUT <= 2
[2020/07/29 09:43:44.071576][I][sendCOMCommand] Serial buffer size: 66
[2020/07/29 09:43:44.587483][I][sendCOMCommand] DUT => 2
$2-d-2_Set Channel (11 => 26) [0B - 1A by HEX]>
$PARAMETER?>

[2020/07/29 09:43:44.593456][I][setZigbee_Tx] Success
[2020/07/29 09:43:44.598797][I][setZigbee_Tx] Set Channel
[2020/07/29 09:43:44.803790][I][sendCOMCommand] DUT <= 0F
[2020/07/29 09:43:44.918757][I][sendCOMCommand] Serial buffer size: 53
[2020/07/29 09:43:45.439550][I][sendCOMCommand] DUT => Set Channel: 15 (0x0F)
$DONE_OK
$2-d_Diagnostics>

[2020/07/29 09:43:45.449615][I][setZigbee_Tx] Success
[2020/07/29 09:43:45.460646][I][setZigbee_Tx] Set PWR Menu
[2020/07/29 09:43:45.667394][I][sendCOMCommand] DUT <= 3
[2020/07/29 09:43:45.776482][I][sendCOMCommand] Serial buffer size: 79
[2020/07/29 09:43:46.291328][I][sendCOMCommand] DUT => 3
$2-d-3_Set Power (-32 => +8dBm, Step=1dB) [-2B - 08 by HEX]>
$PARAMETER?>

[2020/07/29 09:43:46.298389][I][setZigbee_Tx] Success
[2020/07/29 09:43:46.303366][I][setZigbee_Tx] Set Tx PWR
[2020/07/29 09:43:46.507695][I][sendCOMCommand] DUT <= FF
[2020/07/29 09:43:46.617004][I][sendCOMCommand] Serial buffer size: 57
[2020/07/29 09:43:47.137077][I][sendCOMCommand] DUT => Set Power: -1 (0xFFFFFFFF)
$DONE_OK
$2-d_Diagnostics>

[2020/07/29 09:43:47.144130][I][setZigbee_Tx] Success
[2020/07/29 09:43:47.157018][I][setScimitarMenu] Set Scimitar menu
[2020/07/29 09:43:47.362256][I][sendCOMCommand] DUT <= x
[2020/07/29 09:43:47.476311][I][sendCOMCommand] Serial buffer size: 22
[2020/07/29 09:43:47.992415][I][sendCOMCommand] DUT => x
$2_Zigbee(EM357)>

[2020/07/29 09:43:48.199464][I][sendCOMCommand] DUT <= x
[2020/07/29 09:43:48.313808][I][sendCOMCommand] Serial buffer size: 7
[2020/07/29 09:43:48.833424][I][sendCOMCommand] DUT => x
$>

[2020/07/29 09:43:48.838462][I][setScimitarMenu] Success
[2020/07/29 09:43:48.841471][I][setZigbeeMenu] Check Zigbee Menu
[2020/07/29 09:43:49.047290][I][sendCOMCommand] DUT <= 2
[2020/07/29 09:43:49.153446][I][sendCOMCommand] Serial buffer size: 22
[2020/07/29 09:43:49.667090][I][sendCOMCommand] DUT => 2
$2_Zigbee(EM357)>

[2020/07/29 09:43:49.671106][I][setZigbeeMenu] Success
[2020/07/29 09:43:49.675148][I][setTxStart] Set Tx start
[2020/07/29 09:43:51.864095][I][setTxStop] Set Tx stop
[2020/07/29 09:43:52.071010][I][sendCOMCommand] DUT <= 5
[2020/07/29 09:43:52.180191][I][sendCOMCommand] Serial buffer size: 183
[2020/07/29 09:43:52.695084][I][sendCOMCommand] DUT => [mfglib]Send Packet(100 bytes)
[mfglib]Send Packet(100 bytes)
[mfglib]Send Packet(100 bytes)
5
ZigBee send packet test end.
Total number of emberStatus errors:0
$[0]
$DONE_OK
$2_Zigbee(EM357)>

[2020/07/29 09:43:52.708127][I][setTxStop] Success
[2020/07/29 09:43:56.482601][I][setZigbee_Tx] ZIGBEE_2450 CH: 21, Tx PWR: 0 dBm
[2020/07/29 09:43:56.485904][I][setScimitarMenu] Set Scimitar menu
[2020/07/29 09:43:56.689402][I][sendCOMCommand] DUT <= x
[2020/07/29 09:43:56.795029][I][sendCOMCommand] Serial buffer size: 7
[2020/07/29 09:43:57.307037][I][sendCOMCommand] DUT => x
$>

[2020/07/29 09:43:57.312050][I][setScimitarMenu] Success
[2020/07/29 09:43:57.317905][I][setZigbeeMenu] Check Zigbee Menu
[2020/07/29 09:43:57.521980][I][sendCOMCommand] DUT <= 2
[2020/07/29 09:43:57.629486][I][sendCOMCommand] Serial buffer size: 22
[2020/07/29 09:43:58.149338][I][sendCOMCommand] DUT => 2
$2_Zigbee(EM357)>

[2020/07/29 09:43:58.164383][I][setZigbeeMenu] Success
[2020/07/29 09:43:58.171399][I][setZigbee_Tx] Set Diagnostics Menu
[2020/07/29 09:43:58.377143][I][sendCOMCommand] DUT <= d
[2020/07/29 09:43:58.492736][I][sendCOMCommand] Serial buffer size: 22
[2020/07/29 09:43:59.012992][I][sendCOMCommand] DUT => d
$2-d_Diagnostics>

[2020/07/29 09:43:59.017067][I][setZigbee_Tx] Success
[2020/07/29 09:43:59.020115][I][setZigbee_Tx] Set Channel Menu
[2020/07/29 09:43:59.225968][I][sendCOMCommand] DUT <= 2
[2020/07/29 09:43:59.338817][I][sendCOMCommand] Serial buffer size: 66
[2020/07/29 09:43:59.849250][I][sendCOMCommand] DUT => 2
$2-d-2_Set Channel (11 => 26) [0B - 1A by HEX]>
$PARAMETER?>

[2020/07/29 09:43:59.862277][I][setZigbee_Tx] Success
[2020/07/29 09:43:59.872352][I][setZigbee_Tx] Set Channel
[2020/07/29 09:44:00.079037][I][sendCOMCommand] DUT <= 15
[2020/07/29 09:44:00.187530][I][sendCOMCommand] Serial buffer size: 53
[2020/07/29 09:44:00.707942][I][sendCOMCommand] DUT => Set Channel: 21 (0x15)
$DONE_OK
$2-d_Diagnostics>

[2020/07/29 09:44:00.711956][I][setZigbee_Tx] Success
[2020/07/29 09:44:00.714962][I][setZigbee_Tx] Set PWR Menu
[2020/07/29 09:44:00.920512][I][sendCOMCommand] DUT <= 3
[2020/07/29 09:44:01.036485][I][sendCOMCommand] Serial buffer size: 79
[2020/07/29 09:44:01.557607][I][sendCOMCommand] DUT => 3
$2-d-3_Set Power (-32 => +8dBm, Step=1dB) [-2B - 08 by HEX]>
$PARAMETER?>

[2020/07/29 09:44:01.563154][I][setZigbee_Tx] Success
[2020/07/29 09:44:01.566164][I][setZigbee_Tx] Set Tx PWR
[2020/07/29 09:44:01.771370][I][sendCOMCommand] DUT <= 00
[2020/07/29 09:44:01.881523][I][sendCOMCommand] Serial buffer size: 50
[2020/07/29 09:44:02.394456][I][sendCOMCommand] DUT => Set Power: 0 (0x00)
$DONE_OK
$2-d_Diagnostics>

[2020/07/29 09:44:02.399448][I][setZigbee_Tx] Success
[2020/07/29 09:44:02.410246][I][setScimitarMenu] Set Scimitar menu
[2020/07/29 09:44:02.615315][I][sendCOMCommand] DUT <= x
[2020/07/29 09:44:02.725258][I][sendCOMCommand] Serial buffer size: 22
[2020/07/29 09:44:03.238703][I][sendCOMCommand] DUT => x
$2_Zigbee(EM357)>

[2020/07/29 09:44:03.445847][I][sendCOMCommand] DUT <= x
[2020/07/29 09:44:03.554579][I][sendCOMCommand] Serial buffer size: 7
[2020/07/29 09:44:04.076918][I][sendCOMCommand] DUT => x
$>

[2020/07/29 09:44:04.091653][I][setScimitarMenu] Success
[2020/07/29 09:44:04.099722][I][setZigbeeMenu] Check Zigbee Menu
[2020/07/29 09:44:04.306701][I][sendCOMCommand] DUT <= 2
[2020/07/29 09:44:04.416412][I][sendCOMCommand] Serial buffer size: 22
[2020/07/29 09:44:04.937073][I][sendCOMCommand] DUT => 2
$2_Zigbee(EM357)>

[2020/07/29 09:44:04.943329][I][setZigbeeMenu] Success
[2020/07/29 09:44:04.947384][I][setTxStart] Set Tx start
[2020/07/29 09:44:07.187828][I][setTxStop] Set Tx stop
[2020/07/29 09:44:07.396357][I][sendCOMCommand] DUT <= 5
[2020/07/29 09:44:07.506295][I][sendCOMCommand] Serial buffer size: 170
[2020/07/29 09:44:08.019932][I][sendCOMCommand] DUT => [mfglib]Send Packet(100 bytes)
[mfglib]Send Packet(100 bytes)
5
ZigBee send packet test end.
Total number of emberStatus errors:0
$[0]
$DONE_OK
$2_Zigbee(EM357)>

[2020/07/29 09:44:08.025297][I][setTxStop] Success
[2020/07/29 09:44:08.052964][I][setZigbee_Tx] ZIGBEE_2450 CH: 21, Tx PWR: -2 dBm
[2020/07/29 09:44:08.056973][I][setScimitarMenu] Set Scimitar menu
[2020/07/29 09:44:08.261639][I][sendCOMCommand] DUT <= x
[2020/07/29 09:44:08.368874][I][sendCOMCommand] Serial buffer size: 7
[2020/07/29 09:44:08.889929][I][sendCOMCommand] DUT => x
$>

[2020/07/29 09:44:08.894890][I][setScimitarMenu] Success
[2020/07/29 09:44:08.899944][I][setZigbeeMenu] Check Zigbee Menu
[2020/07/29 09:44:09.106002][I][sendCOMCommand] DUT <= 2
[2020/07/29 09:44:09.216537][I][sendCOMCommand] Serial buffer size: 22
[2020/07/29 09:44:09.739065][I][sendCOMCommand] DUT => 2
$2_Zigbee(EM357)>

[2020/07/29 09:44:09.744301][I][setZigbeeMenu] Success
[2020/07/29 09:44:09.748354][I][setZigbee_Tx] Set Diagnostics Menu
[2020/07/29 09:44:09.953256][I][sendCOMCommand] DUT <= d
[2020/07/29 09:44:10.061876][I][sendCOMCommand] Serial buffer size: 22
[2020/07/29 09:44:10.578619][I][sendCOMCommand] DUT => d
$2-d_Diagnostics>

[2020/07/29 09:44:10.588191][I][setZigbee_Tx] Success
[2020/07/29 09:44:10.591963][I][setZigbee_Tx] Set Channel Menu
[2020/07/29 09:44:10.797158][I][sendCOMCommand] DUT <= 2
[2020/07/29 09:44:10.906399][I][sendCOMCommand] Serial buffer size: 66
[2020/07/29 09:44:11.419633][I][sendCOMCommand] DUT => 2
$2-d-2_Set Channel (11 => 26) [0B - 1A by HEX]>
$PARAMETER?>

[2020/07/29 09:44:11.424636][I][setZigbee_Tx] Success
[2020/07/29 09:44:11.429655][I][setZigbee_Tx] Set Channel
[2020/07/29 09:44:11.635621][I][sendCOMCommand] DUT <= 15
[2020/07/29 09:44:11.744523][I][sendCOMCommand] Serial buffer size: 34
[2020/07/29 09:44:11.759563][W][sendCOMCommand] Buffer not empty!!!
[2020/07/29 09:44:11.767608][I][sendCOMCommand] Serial buffer size: 19
[2020/07/29 09:44:12.277977][I][sendCOMCommand] DUT => Set Channel: 21 (0x15)
$DONE_OK
$2-d_Diagnostics>

[2020/07/29 09:44:12.282998][I][setZigbee_Tx] Success
[2020/07/29 09:44:12.288042][I][setZigbee_Tx] Set PWR Menu
[2020/07/29 09:44:12.492918][I][sendCOMCommand] DUT <= 3
[2020/07/29 09:44:12.602589][I][sendCOMCommand] Serial buffer size: 79
[2020/07/29 09:44:13.123318][I][sendCOMCommand] DUT => 3
$2-d-3_Set Power (-32 => +8dBm, Step=1dB) [-2B - 08 by HEX]>
$PARAMETER?>

[2020/07/29 09:44:13.138317][I][setZigbee_Tx] Success
[2020/07/29 09:44:13.148450][I][setZigbee_Tx] Set Tx PWR
[2020/07/29 09:44:13.356465][I][sendCOMCommand] DUT <= FE
[2020/07/29 09:44:13.466258][I][sendCOMCommand] Serial buffer size: 57
[2020/07/29 09:44:13.988936][I][sendCOMCommand] DUT => Set Power: -2 (0xFFFFFFFE)
$DONE_OK
$2-d_Diagnostics>

[2020/07/29 09:44:13.994490][I][setZigbee_Tx] Success
[2020/07/29 09:44:14.005522][I][setScimitarMenu] Set Scimitar menu
[2020/07/29 09:44:14.211350][I][sendCOMCommand] DUT <= x
[2020/07/29 09:44:14.320684][I][sendCOMCommand] Serial buffer size: 22
[2020/07/29 09:44:14.843445][I][sendCOMCommand] DUT => x
$2_Zigbee(EM357)>

[2020/07/29 09:44:15.049462][I][sendCOMCommand] DUT <= x
[2020/07/29 09:44:15.160987][I][sendCOMCommand] Serial buffer size: 7
[2020/07/29 09:44:15.682917][I][sendCOMCommand] DUT => x
$>

[2020/07/29 09:44:15.698924][I][setScimitarMenu] Success
[2020/07/29 09:44:15.707936][I][setZigbeeMenu] Check Zigbee Menu
[2020/07/29 09:44:15.916258][I][sendCOMCommand] DUT <= 2
[2020/07/29 09:44:16.025319][I][sendCOMCommand] Serial buffer size: 22
[2020/07/29 09:44:16.541273][I][sendCOMCommand] DUT => 2
$2_Zigbee(EM357)>

[2020/07/29 09:44:16.546226][I][setZigbeeMenu] Success
[2020/07/29 09:44:16.551849][I][setTxStart] Set Tx start
[2020/07/29 09:44:18.710255][I][setTxStop] Set Tx stop
[2020/07/29 09:44:18.918122][I][sendCOMCommand] DUT <= 5
[2020/07/29 09:44:19.027630][I][sendCOMCommand] Serial buffer size: 170
[2020/07/29 09:44:19.546910][I][sendCOMCommand] DUT => [mfglib]Send Packet(100 bytes)
[mfglib]Send Packet(100 bytes)
5
ZigBee send packet test end.
Total number of emberStatus errors:0
$[0]
$DONE_OK
$2_Zigbee(EM357)>

[2020/07/29 09:44:19.550907][I][setTxStop] Success
[2020/07/29 09:44:23.298420][I][setZigbee_Tx] ZIGBEE_2450 CH: 24, Tx PWR: 0 dBm
[2020/07/29 09:44:23.301430][I][setScimitarMenu] Set Scimitar menu
[2020/07/29 09:44:23.507329][I][sendCOMCommand] DUT <= x
[2020/07/29 09:44:23.616674][I][sendCOMCommand] Serial buffer size: 7
[2020/07/29 09:44:24.138424][I][sendCOMCommand] DUT => x
$>

[2020/07/29 09:44:24.154420][I][setScimitarMenu] Success
[2020/07/29 09:44:24.162485][I][setZigbeeMenu] Check Zigbee Menu
[2020/07/29 09:44:24.371381][I][sendCOMCommand] DUT <= 2
[2020/07/29 09:44:24.481070][I][sendCOMCommand] Serial buffer size: 22
[2020/07/29 09:44:25.003047][I][sendCOMCommand] DUT => 2
$2_Zigbee(EM357)>

[2020/07/29 09:44:25.008277][I][setZigbeeMenu] Success
[2020/07/29 09:44:25.011287][I][setZigbee_Tx] Set Diagnostics Menu
[2020/07/29 09:44:25.217349][I][sendCOMCommand] DUT <= d
[2020/07/29 09:44:25.327369][I][sendCOMCommand] Serial buffer size: 22
[2020/07/29 09:44:25.849385][I][sendCOMCommand] DUT => d
$2-d_Diagnostics>

[2020/07/29 09:44:25.854856][I][setZigbee_Tx] Success
[2020/07/29 09:44:25.858869][I][setZigbee_Tx] Set Channel Menu
[2020/07/29 09:44:26.064919][I][sendCOMCommand] DUT <= 2
[2020/07/29 09:44:26.176510][I][sendCOMCommand] Serial buffer size: 66
[2020/07/29 09:44:26.698177][I][sendCOMCommand] DUT => 2
$2-d-2_Set Channel (11 => 26) [0B - 1A by HEX]>
$PARAMETER?>

[2020/07/29 09:44:26.714099][I][setZigbee_Tx] Success
[2020/07/29 09:44:26.722661][I][setZigbee_Tx] Set Channel
[2020/07/29 09:44:26.930705][I][sendCOMCommand] DUT <= 18
[2020/07/29 09:44:27.038294][I][sendCOMCommand] Serial buffer size: 34
[2020/07/29 09:44:27.557518][I][sendCOMCommand] DUT => Set Channel: 24 (0x18)
$DONE_OK
$2-d_Diagnostics>

[2020/07/29 09:44:27.562573][I][setZigbee_Tx] Success
[2020/07/29 09:44:27.565527][I][setZigbee_Tx] Set PWR Menu
[2020/07/29 09:44:27.771783][I][sendCOMCommand] DUT <= 3
[2020/07/29 09:44:27.882601][I][sendCOMCommand] Serial buffer size: 79
[2020/07/29 09:44:28.405536][I][sendCOMCommand] DUT => 3
$2-d-3_Set Power (-32 => +8dBm, Step=1dB) [-2B - 08 by HEX]>
$PARAMETER?>

[2020/07/29 09:44:28.410574][I][setZigbee_Tx] Success
[2020/07/29 09:44:28.415585][I][setZigbee_Tx] Set Tx PWR
[2020/07/29 09:44:28.620694][I][sendCOMCommand] DUT <= 00
[2020/07/29 09:44:28.730650][I][sendCOMCommand] Serial buffer size: 31
[2020/07/29 09:44:29.245583][I][sendCOMCommand] DUT => Set Power: 0 (0x00)
$DONE_OK
$2-d_Diagnostics>

[2020/07/29 09:44:29.261583][I][setZigbee_Tx] Success
[2020/07/29 09:44:29.281674][I][setScimitarMenu] Set Scimitar menu
[2020/07/29 09:44:29.488850][I][sendCOMCommand] DUT <= x
[2020/07/29 09:44:29.596503][I][sendCOMCommand] Serial buffer size: 22
[2020/07/29 09:44:30.108097][I][sendCOMCommand] DUT => x
$2_Zigbee(EM357)>

[2020/07/29 09:44:30.323260][I][sendCOMCommand] DUT <= x
[2020/07/29 09:44:30.432997][I][sendCOMCommand] Serial buffer size: 3
[2020/07/29 09:44:30.956579][I][sendCOMCommand] DUT => x
$>

[2020/07/29 09:44:30.960894][I][setScimitarMenu] Success
[2020/07/29 09:44:30.965947][I][setZigbeeMenu] Check Zigbee Menu
[2020/07/29 09:44:31.171389][I][sendCOMCommand] DUT <= 2
[2020/07/29 09:44:31.281343][I][sendCOMCommand] Serial buffer size: 22
[2020/07/29 09:44:31.802534][I][sendCOMCommand] DUT => 2
$2_Zigbee(EM357)>

[2020/07/29 09:44:31.806542][I][setZigbeeMenu] Success
[2020/07/29 09:44:31.811597][I][setTxStart] Set Tx start
[2020/07/29 09:44:33.991322][I][setTxStop] Set Tx stop
[2020/07/29 09:44:34.198836][I][sendCOMCommand] DUT <= 5
[2020/07/29 09:44:34.306624][I][sendCOMCommand] Serial buffer size: 202
[2020/07/29 09:44:34.829985][I][sendCOMCommand] DUT => [mfglib]Send Packet(100 bytes)
[mfglib]Send Packet(100 bytes)
[mfglib]Send Packet(100 bytes)
5
ZigBee send packet test end.
Total number of emberStatus errors:0
$[0]
$DONE_OK
$2_Zigbee(EM357)>

[2020/07/29 09:44:34.834431][I][setTxStop] Success
[2020/07/29 09:44:34.861602][I][setZigbee_Tx] ZIGBEE_2450 CH: 24, Tx PWR: -2 dBm
[2020/07/29 09:44:34.865917][I][setScimitarMenu] Set Scimitar menu
[2020/07/29 09:44:35.070758][I][sendCOMCommand] DUT <= x
[2020/07/29 09:44:35.177882][I][sendCOMCommand] Serial buffer size: 7
[2020/07/29 09:44:35.690479][I][sendCOMCommand] DUT => x
$>

[2020/07/29 09:44:35.696074][I][setScimitarMenu] Success
[2020/07/29 09:44:35.699084][I][setZigbeeMenu] Check Zigbee Menu
[2020/07/29 09:44:35.905717][I][sendCOMCommand] DUT <= 2
[2020/07/29 09:44:36.015794][I][sendCOMCommand] Serial buffer size: 22
[2020/07/29 09:44:36.537997][I][sendCOMCommand] DUT => 2
$2_Zigbee(EM357)>

[2020/07/29 09:44:36.544060][I][setZigbeeMenu] Success
[2020/07/29 09:44:36.548075][I][setZigbee_Tx] Set Diagnostics Menu
[2020/07/29 09:44:36.754659][I][sendCOMCommand] DUT <= d
[2020/07/29 09:44:36.864479][I][sendCOMCommand] Serial buffer size: 22
[2020/07/29 09:44:37.377584][I][sendCOMCommand] DUT => d
$2-d_Diagnostics>

[2020/07/29 09:44:37.382556][I][setZigbee_Tx] Success
[2020/07/29 09:44:37.387615][I][setZigbee_Tx] Set Channel Menu
[2020/07/29 09:44:37.594102][I][sendCOMCommand] DUT <= 2
[2020/07/29 09:44:37.711692][I][sendCOMCommand] Serial buffer size: 66
[2020/07/29 09:44:38.234274][I][sendCOMCommand] DUT => 2
$2-d-2_Set Channel (11 => 26) [0B - 1A by HEX]>
$PARAMETER?>

[2020/07/29 09:44:38.251714][I][setZigbee_Tx] Success
[2020/07/29 09:44:38.260795][I][setZigbee_Tx] Set Channel
[2020/07/29 09:44:38.468380][I][sendCOMCommand] DUT <= 18
[2020/07/29 09:44:38.576532][I][sendCOMCommand] Serial buffer size: 53
[2020/07/29 09:44:39.088181][I][sendCOMCommand] DUT => Set Channel: 24 (0x18)
$DONE_OK
$2-d_Diagnostics>

[2020/07/29 09:44:39.092193][I][setZigbee_Tx] Success
[2020/07/29 09:44:39.098329][I][setZigbee_Tx] Set PWR Menu
[2020/07/29 09:44:39.304270][I][sendCOMCommand] DUT <= 3
[2020/07/29 09:44:39.411813][I][sendCOMCommand] Serial buffer size: 79
[2020/07/29 09:44:39.935588][I][sendCOMCommand] DUT => 3
$2-d-3_Set Power (-32 => +8dBm, Step=1dB) [-2B - 08 by HEX]>
$PARAMETER?>

[2020/07/29 09:44:39.941767][I][setZigbee_Tx] Success
[2020/07/29 09:44:39.945783][I][setZigbee_Tx] Set Tx PWR
[2020/07/29 09:44:40.152558][I][sendCOMCommand] DUT <= FE
[2020/07/29 09:44:40.270403][I][sendCOMCommand] Serial buffer size: 57
[2020/07/29 09:44:40.786462][I][sendCOMCommand] DUT => Set Power: -2 (0xFFFFFFFE)
$DONE_OK
$2-d_Diagnostics>

[2020/07/29 09:44:40.791405][I][setZigbee_Tx] Success
[2020/07/29 09:44:40.803077][I][setScimitarMenu] Set Scimitar menu
[2020/07/29 09:44:41.009286][I][sendCOMCommand] DUT <= x
[2020/07/29 09:44:41.118846][I][sendCOMCommand] Serial buffer size: 22
[2020/07/29 09:44:41.631559][I][sendCOMCommand] DUT => x
$2_Zigbee(EM357)>

[2020/07/29 09:44:41.838637][I][sendCOMCommand] DUT <= x
[2020/07/29 09:44:41.948674][I][sendCOMCommand] Serial buffer size: 7
[2020/07/29 09:44:42.463658][I][sendCOMCommand] DUT => x
$>

[2020/07/29 09:44:42.469682][I][setScimitarMenu] Success
[2020/07/29 09:44:42.474579][I][setZigbeeMenu] Check Zigbee Menu
[2020/07/29 09:44:42.680150][I][sendCOMCommand] DUT <= 2
[2020/07/29 09:44:42.797147][I][sendCOMCommand] Serial buffer size: 22
[2020/07/29 09:44:43.319334][I][sendCOMCommand] DUT => 2
$2_Zigbee(EM357)>

[2020/07/29 09:44:43.323307][I][setZigbeeMenu] Success
[2020/07/29 09:44:43.327356][I][setTxStart] Set Tx start
[2020/07/29 09:44:45.474294][I][setTxStop] Set Tx stop
[2020/07/29 09:44:45.679636][I][sendCOMCommand] DUT <= 5
[2020/07/29 09:44:45.790335][I][sendCOMCommand] Serial buffer size: 170
[2020/07/29 09:44:46.305253][I][sendCOMCommand] DUT => [mfglib]Send Packet(100 bytes)
[mfglib]Send Packet(100 bytes)
5
ZigBee send packet test end.
Total number of emberStatus errors:0
$[0]
$DONE_OK
$2_Zigbee(EM357)>

[2020/07/29 09:44:46.309266][I][setTxStop] Success
[2020/07/29 09:44:47.711201][I][setZigbee_Rx] ZIGBEE_2450 CH: 19
[2020/07/29 09:44:47.715212][I][setScimitarMenu] Set Scimitar menu
[2020/07/29 09:44:47.921546][I][sendCOMCommand] DUT <= x
[2020/07/29 09:44:48.031321][I][sendCOMCommand] Serial buffer size: 7
[2020/07/29 09:44:48.544697][I][sendCOMCommand] DUT => x
$>

[2020/07/29 09:44:48.549695][I][setScimitarMenu] Success
[2020/07/29 09:44:48.554669][I][setZigbeeMenu] Check Zigbee Menu
[2020/07/29 09:44:48.760915][I][sendCOMCommand] DUT <= 2
[2020/07/29 09:44:48.870814][I][sendCOMCommand] Serial buffer size: 22
[2020/07/29 09:44:49.395981][I][sendCOMCommand] DUT => 2
$2_Zigbee(EM357)>

[2020/07/29 09:44:49.401685][I][setZigbeeMenu] Success
[2020/07/29 09:44:49.405700][I][setZigbee_Rx] Set Diagnostics Menu
[2020/07/29 09:44:49.611713][I][sendCOMCommand] DUT <= d
[2020/07/29 09:44:49.717739][I][sendCOMCommand] Serial buffer size: 22
[2020/07/29 09:44:50.231978][I][sendCOMCommand] DUT => d
$2-d_Diagnostics>

[2020/07/29 09:44:50.247849][I][setZigbee_Rx] Success
[2020/07/29 09:44:50.255874][I][setZigbee_Rx] Set Channel Menu
[2020/07/29 09:44:50.464664][I][sendCOMCommand] DUT <= 2
[2020/07/29 09:44:50.575366][I][sendCOMCommand] Serial buffer size: 66
[2020/07/29 09:44:51.090544][I][sendCOMCommand] DUT => 2
$2-d-2_Set Channel (11 => 26) [0B - 1A by HEX]>
$PARAMETER?>

[2020/07/29 09:44:51.097558][I][setZigbee_Rx] Success
[2020/07/29 09:44:51.104070][I][setZigbee_Rx] Set Channel
[2020/07/29 09:44:51.310291][I][sendCOMCommand] DUT <= 13
[2020/07/29 09:44:51.420582][I][sendCOMCommand] Serial buffer size: 34
[2020/07/29 09:44:51.944810][I][sendCOMCommand] DUT => Set Channel: 19 (0x13)
$DONE_OK
$2-d_Diagnostics>

[2020/07/29 09:44:51.948822][I][setZigbee_Rx] Success
[2020/07/29 09:44:51.958488][I][setZigbeeLNAMode] LNA Mode: 1
[2020/07/29 09:44:51.961498][I][setScimitarMenu] Set Scimitar menu
[2020/07/29 09:44:52.168309][I][sendCOMCommand] DUT <= x
[2020/07/29 09:44:52.278528][I][sendCOMCommand] Serial buffer size: 22
[2020/07/29 09:44:52.792286][I][sendCOMCommand] DUT => x
$2_Zigbee(EM357)>

[2020/07/29 09:44:52.998404][I][sendCOMCommand] DUT <= x
[2020/07/29 09:44:53.108187][I][sendCOMCommand] Serial buffer size: 7
[2020/07/29 09:44:53.620731][I][sendCOMCommand] DUT => x
$>

[2020/07/29 09:44:53.627751][I][setScimitarMenu] Success
[2020/07/29 09:44:53.635069][I][setZigbeeMenu] Check Zigbee Menu
[2020/07/29 09:44:53.842502][I][sendCOMCommand] DUT <= 2
[2020/07/29 09:44:53.952898][I][sendCOMCommand] Serial buffer size: 22
[2020/07/29 09:44:54.468718][I][sendCOMCommand] DUT => 2
$2_Zigbee(EM357)>

[2020/07/29 09:44:54.476757][I][setZigbeeMenu] Success
[2020/07/29 09:44:54.482208][I][setZigbeeLNAMode] Set GPIO Write Menu
[2020/07/29 09:44:54.687704][I][sendCOMCommand] DUT <= 3
[2020/07/29 09:44:54.796703][I][sendCOMCommand] Serial buffer size: 28
[2020/07/29 09:44:55.311843][I][sendCOMCommand] DUT => 3
$2-3_ZigBee GPIO Write>

[2020/07/29 09:44:55.327830][I][setZigbeeLNAMode] Success
[2020/07/29 09:44:55.337365][I][setZigbeeLNAMode] Set LNA Mode
[2020/07/29 09:44:55.544864][I][sendCOMCommand] DUT <= 3
[2020/07/29 09:44:55.654642][I][sendCOMCommand] Serial buffer size: 106
[2020/07/29 09:44:56.181060][I][sendCOMCommand] DUT => 3
[EZSP]Setting GPIO was successful. (portPin=3, cfg=1, out=0)
$[0]
$DONE_OK
$2-3_ZigBee GPIO Write>

[2020/07/29 09:44:56.397286][I][sendCOMCommand] DUT <= 3
[2020/07/29 09:44:56.503800][I][sendCOMCommand] Serial buffer size: 106
[2020/07/29 09:44:57.014944][I][sendCOMCommand] DUT => 3
[EZSP]Setting GPIO was successful. (portPin=3, cfg=1, out=1)
$[1]
$DONE_OK
$2-3_ZigBee GPIO Write>

[2020/07/29 09:44:57.019004][I][setZigbeeLNAMode] Success
[2020/07/29 09:44:58.038843][I][getRxResult] Get Rx Result
[2020/07/29 09:44:58.047817][I][setScimitarMenu] Set Scimitar menu
[2020/07/29 09:44:58.253856][I][sendCOMCommand] DUT <= x
[2020/07/29 09:44:58.362702][I][sendCOMCommand] Serial buffer size: 22
[2020/07/29 09:44:58.878883][I][sendCOMCommand] DUT => x
$2_Zigbee(EM357)>

[2020/07/29 09:44:59.085925][I][sendCOMCommand] DUT <= x
[2020/07/29 09:44:59.196400][I][sendCOMCommand] Serial buffer size: 7
[2020/07/29 09:44:59.719319][I][sendCOMCommand] DUT => x
$>

[2020/07/29 09:44:59.736489][I][setScimitarMenu] Success
[2020/07/29 09:44:59.745518][I][setZigbeeMenu] Check Zigbee Menu
[2020/07/29 09:44:59.954005][I][sendCOMCommand] DUT <= 2
[2020/07/29 09:45:00.060617][I][sendCOMCommand] Serial buffer size: 22
[2020/07/29 09:45:00.576365][I][sendCOMCommand] DUT => 2
$2_Zigbee(EM357)>

[2020/07/29 09:45:00.581324][I][setZigbeeMenu] Success
[2020/07/29 09:45:00.787898][I][sendCOMCommand] DUT <= b
[2020/07/29 09:45:00.897744][I][sendCOMCommand] Serial buffer size: 94
[2020/07/29 09:45:01.015271][W][sendCOMCommand] Buffer not empty!!!
[2020/07/29 09:45:01.032240][I][sendCOMCommand] Serial buffer size: 183
[2020/07/29 09:45:01.548957][I][sendCOMCommand] DUT => b
ZigBee get Rssi test start.
Start Scan ... (Channel: 19 (0x13) duration:2 mask:00080000)
Channel: 19 (0x13), Rssi:-15
Total OK!    OOO   K  K   !
            O   O  K K    !
            O   O  KK     !
            O   O  K K     
             OOO   K  Kk  !
$[-15]

[2020/07/29 09:45:01.630709][I][setZigbee_Rx] ZIGBEE_2450 CH: 19
[2020/07/29 09:45:01.635694][I][setScimitarMenu] Set Scimitar menu
[2020/07/29 09:45:01.840797][I][sendCOMCommand] DUT <= x
[2020/07/29 09:45:01.950380][I][sendCOMCommand] Serial buffer size: 36
[2020/07/29 09:45:02.463975][I][sendCOMCommand] DUT => $DONE_OK
$2_Zigbee(EM357)>
x
$>

[2020/07/29 09:45:02.468923][I][setScimitarMenu] Success
[2020/07/29 09:45:02.474918][I][setZigbeeMenu] Check Zigbee Menu
[2020/07/29 09:45:02.680309][I][sendCOMCommand] DUT <= 2
[2020/07/29 09:45:02.798209][I][sendCOMCommand] Serial buffer size: 22
[2020/07/29 09:45:03.310722][I][sendCOMCommand] DUT => 2
$2_Zigbee(EM357)>

[2020/07/29 09:45:03.315715][I][setZigbeeMenu] Success
[2020/07/29 09:45:03.321356][I][setZigbee_Rx] Set Diagnostics Menu
[2020/07/29 09:45:03.526101][I][sendCOMCommand] DUT <= d
[2020/07/29 09:45:03.637018][I][sendCOMCommand] Serial buffer size: 22
[2020/07/29 09:45:04.149005][I][sendCOMCommand] DUT => d
$2-d_Diagnostics>

[2020/07/29 09:45:04.154573][I][setZigbee_Rx] Success
[2020/07/29 09:45:04.160845][I][setZigbee_Rx] Set Channel Menu
[2020/07/29 09:45:04.368139][I][sendCOMCommand] DUT <= 2
[2020/07/29 09:45:04.477686][I][sendCOMCommand] Serial buffer size: 66
[2020/07/29 09:45:04.994894][I][sendCOMCommand] DUT => 2
$2-d-2_Set Channel (11 => 26) [0B - 1A by HEX]>
$PARAMETER?>

[2020/07/29 09:45:05.010914][I][setZigbee_Rx] Success
[2020/07/29 09:45:05.018901][I][setZigbee_Rx] Set Channel
[2020/07/29 09:45:05.224625][I][sendCOMCommand] DUT <= 13
[2020/07/29 09:45:05.336180][I][sendCOMCommand] Serial buffer size: 53
[2020/07/29 09:45:05.853678][I][sendCOMCommand] DUT => Set Channel: 19 (0x13)
$DONE_OK
$2-d_Diagnostics>

[2020/07/29 09:45:05.870725][I][setZigbee_Rx] Success
[2020/07/29 09:45:05.879745][I][setZigbeeLNAMode] LNA Mode: 0
[2020/07/29 09:45:05.890803][I][setScimitarMenu] Set Scimitar menu
[2020/07/29 09:45:06.097559][I][sendCOMCommand] DUT <= x
[2020/07/29 09:45:06.207212][I][sendCOMCommand] Serial buffer size: 3
[2020/07/29 09:45:06.722765][I][sendCOMCommand] DUT => x
$2_Zigbee(EM357)>

[2020/07/29 09:45:06.933120][I][sendCOMCommand] DUT <= x
[2020/07/29 09:45:07.042320][I][sendCOMCommand] Serial buffer size: 7
[2020/07/29 09:45:07.553968][I][sendCOMCommand] DUT => x
$>

[2020/07/29 09:45:07.558963][I][setScimitarMenu] Success
[2020/07/29 09:45:07.564982][I][setZigbeeMenu] Check Zigbee Menu
[2020/07/29 09:45:07.769842][I][sendCOMCommand] DUT <= 2
[2020/07/29 09:45:07.879250][I][sendCOMCommand] Serial buffer size: 22
[2020/07/29 09:45:08.402603][I][sendCOMCommand] DUT => 2
$2_Zigbee(EM357)>

[2020/07/29 09:45:08.409620][I][setZigbeeMenu] Success
[2020/07/29 09:45:08.416639][I][setZigbeeLNAMode] Set GPIO Write Menu
[2020/07/29 09:45:08.622473][I][sendCOMCommand] DUT <= 3
[2020/07/29 09:45:08.732235][I][sendCOMCommand] Serial buffer size: 28
[2020/07/29 09:45:09.246825][I][sendCOMCommand] DUT => 3
$2-3_ZigBee GPIO Write>

[2020/07/29 09:45:09.258115][I][setZigbeeLNAMode] Success
[2020/07/29 09:45:09.262128][I][setZigbeeLNAMode] Set LNA Mode
[2020/07/29 09:45:09.467669][I][sendCOMCommand] DUT <= 3
[2020/07/29 09:45:09.577843][I][sendCOMCommand] Serial buffer size: 106
[2020/07/29 09:45:10.099697][I][sendCOMCommand] DUT => 3
[EZSP]Setting GPIO was successful. (portPin=3, cfg=1, out=0)
$[0]
$DONE_OK
$2-3_ZigBee GPIO Write>

[2020/07/29 09:45:10.109722][I][setZigbeeLNAMode] Success
[2020/07/29 09:45:11.135360][I][getRxResult] Get Rx Result
[2020/07/29 09:45:11.151903][I][setScimitarMenu] Set Scimitar menu
[2020/07/29 09:45:11.362584][I][sendCOMCommand] DUT <= x
[2020/07/29 09:45:11.476113][I][sendCOMCommand] Serial buffer size: 22
[2020/07/29 09:45:11.989867][I][sendCOMCommand] DUT => x
$2_Zigbee(EM357)>

[2020/07/29 09:45:12.196055][I][sendCOMCommand] DUT <= x
[2020/07/29 09:45:12.306673][I][sendCOMCommand] Serial buffer size: 7
[2020/07/29 09:45:12.823439][I][sendCOMCommand] DUT => x
$>

[2020/07/29 09:45:12.828391][I][setScimitarMenu] Success
[2020/07/29 09:45:12.833408][I][setZigbeeMenu] Check Zigbee Menu
[2020/07/29 09:45:13.040007][I][sendCOMCommand] DUT <= 2
[2020/07/29 09:45:13.149922][I][sendCOMCommand] Serial buffer size: 22
[2020/07/29 09:45:13.660990][I][sendCOMCommand] DUT => 2
$2_Zigbee(EM357)>

[2020/07/29 09:45:13.667704][I][setZigbeeMenu] Success
[2020/07/29 09:45:13.876096][I][sendCOMCommand] DUT <= b
[2020/07/29 09:45:13.994461][I][sendCOMCommand] Serial buffer size: 94
[2020/07/29 09:45:14.105041][W][sendCOMCommand] Buffer not empty!!!
[2020/07/29 09:45:14.115095][I][sendCOMCommand] Serial buffer size: 183
[2020/07/29 09:45:14.632114][I][sendCOMCommand] DUT => b
ZigBee get Rssi test start.
Start Scan ... (Channel: 19 (0x13) duration:2 mask:00080000)
Channel: 19 (0x13), Rssi:-28
Total OK!    OOO   K  K   !
            O   O  K K    !
            O   O  KK     !
            O   O  K K     
             OOO   K  Kk  !
$[-28]

[2020/07/29 09:45:15.130703][I][disconnectDUT] Disconnect DUT success
