[2020/07/31 16:25:51.903157]========== Start ==========
[2020/07/31 16:25:51.904786][I][class_E6640A_ZIGBEE] Initial class_E6640A_ZIGBEE
[2020/07/31 16:25:51.906794][I][class_E6640A_ZIGBEE] Version: 3.0.0.2
[2020/07/31 16:25:51.911895][I][connect_E6640A] Connect to E6640A
[2020/07/31 16:25:51.921233][I][connect_E6640A] Resource Manager of Visa Library at C:\Windows\system32\visa32.dll
[2020/07/31 16:25:51.971811][I][queryEx] E6640A <= *IDN?
[2020/07/31 16:25:51.977843][I][queryEx] E6640A => Keysight Technologies,E6640A,MY57150246,E.19.71
[2020/07/31 16:25:51.979834][I][set_Preset] System reset
[2020/07/31 16:25:51.982850][I][writeEx] E6640A <= *RST
[2020/07/31 16:25:51.984855][I][writeEx] E6640A <= *CLS
[2020/07/31 16:25:51.986851][I][writeEx] E6640A <= SYST:PRES
[2020/07/31 16:25:52.291052][I][queryEx] E6640A <= *OPC?
[2020/07/31 16:25:53.008990][I][queryEx] E6640A => 1
[2020/07/31 16:25:53.019655][I][set_Preset] System reset
[2020/07/31 16:25:53.022630][I][writeEx] E6640A <= *RST
[2020/07/31 16:25:53.026333][I][writeEx] E6640A <= *CLS
[2020/07/31 16:25:53.028377][I][writeEx] E6640A <= SYST:PRES
[2020/07/31 16:25:53.332672][I][queryEx] E6640A <= *OPC?
[2020/07/31 16:25:54.098277][I][queryEx] E6640A => 1
[2020/07/31 16:25:54.371121][I][set_Preset] System reset
[2020/07/31 16:25:54.373128][I][writeEx] E6640A <= *RST
[2020/07/31 16:25:54.376501][I][writeEx] E6640A <= *CLS
[2020/07/31 16:25:54.379550][I][writeEx] E6640A <= SYST:PRES
[2020/07/31 16:25:54.684378][I][queryEx] E6640A <= *OPC?
[2020/07/31 16:25:55.390572][I][queryEx] E6640A => 1
[2020/07/31 16:25:55.410591][I][set_Tx_Start] Set Tx start
[2020/07/31 16:25:55.415132][I][set_RFI_Port] Set input port
[2020/07/31 16:25:55.418142][I][writeEx] E6640A <= :FEED:RF:PORT:INPut RFIO1
[2020/07/31 16:25:55.422180][I][queryEx] E6640A <= :FEED:RF:PORT:INPut?
[2020/07/31 16:25:55.428373][I][queryEx] E6640A => RFIO1
[2020/07/31 16:25:55.430381][I][set_Modulation_Analysis] Set measurement function
[2020/07/31 16:25:55.434432][I][writeEx] E6640A <= INST:SEL VSA
[2020/07/31 16:25:55.740285][I][queryEx] E6640A <= *OPC?
[2020/07/31 16:25:55.751214][I][queryEx] E6640A => 1
[2020/07/31 16:25:55.754943][I][queryEx] E6640A <= INST:SEL?
[2020/07/31 16:25:55.760968][I][queryEx] E6640A => VSA
[2020/07/31 16:25:55.763969][I][writeEx] E6640A <= :CONFigure:DDEMod
[2020/07/31 16:25:56.068104][I][queryEx] E6640A <= *OPC?
[2020/07/31 16:25:56.258983][I][queryEx] E6640A => 1
[2020/07/31 16:25:56.263983][I][init_Zigbee_Mode] Initial Zigbee mode
[2020/07/31 16:25:56.267020][I][writeEx] E6640A <= :DDEM:STAN:PRES ZIGBEE2450
[2020/07/31 16:25:56.570302][I][queryEx] E6640A <= *OPC?
[2020/07/31 16:25:56.578335][I][queryEx] E6640A => 1
[2020/07/31 16:25:56.583339][I][set_Continue] Set continue
[2020/07/31 16:25:56.586348][I][writeEx] E6640A <= :INIT:CONT ON
[2020/07/31 16:25:56.590358][I][set_Freq] Set frequence
[2020/07/31 16:25:56.595411][I][writeEx] E6640A <= :FREQuency:CENTer 2425.0 MHz
[2020/07/31 16:25:56.598415][I][set_XScale_Span] Set frequence span
[2020/07/31 16:25:56.601387][I][writeEx] E6640A <= :FREQuency:SPAN 10000.000000 KHZ
[2020/07/31 16:25:56.605428][I][set_Power_Range] Get power range
[2020/07/31 16:25:56.608436][I][writeEx] E6640A <= :POW:RANG 20.000000
[2020/07/31 16:25:56.611445][I][set_Symbol_Rate] Get symbol rate
[2020/07/31 16:25:56.615424][I][writeEx] E6640A <= :DDEMod:SRATe 1000.000000 kHz
[2020/07/31 16:25:56.618464][I][set_Meas_Interval] Get meas interval
[2020/07/31 16:25:56.621470][I][writeEx] E6640A <= :DDEMod:SWEep:POINts 500
[2020/07/31 16:25:56.625811][I][set_Zigbee_TX_BandPower] Set marker function
[2020/07/31 16:25:56.628771][I][writeEx] E6640A <= CALC:DDEMod:MARK1:MODE POS
[2020/07/31 16:25:56.630779][I][writeEx] E6640A <= CALC:DDEMod:MARK1:TRAC 2
[2020/07/31 16:25:56.635378][I][writeEx] E6640A <= CALC:DDEMod:MARK1:FUNC BPOW
[2020/07/31 16:25:56.638866][I][writeEx] E6640A <= CALC:DDEMod:MARK1:FUNC:BPOW:CTYP MEAN
[2020/07/31 16:25:56.641888][I][writeEx] E6640A <= CALC:DDEMod:MARK1:FUNC:BAND:CENT 2425000000.000000
[2020/07/31 16:25:56.947723][I][queryEx] E6640A <= *OPC?
[2020/07/31 16:25:56.957566][I][queryEx] E6640A => 1
[2020/07/31 16:25:56.961579][I][queryEx] E6640A <= CALC:DDEMod:MARK1:FUNC:BAND:CENT?
[2020/07/31 16:25:56.967596][I][queryEx] E6640A => 2.425000000E+09
[2020/07/31 16:25:56.971647][I][writeEx] E6640A <= CALC:DDEMod:MARK1:FUNC:BAND:SPAN 10000000.000000
[2020/07/31 16:25:57.277087][I][queryEx] E6640A <= *OPC?
[2020/07/31 16:25:57.286747][I][queryEx] E6640A => 1
[2020/07/31 16:25:57.291616][I][set_Trigger_Video] Set trigger video
[2020/07/31 16:25:57.294796][I][writeEx] E6640A <= TRIG:DDEM:SOUR VID
[2020/07/31 16:25:57.599036][I][queryEx] E6640A <= *OPC?
[2020/07/31 16:25:57.607921][I][queryEx] E6640A => 1
[2020/07/31 16:25:57.612936][I][set_Trigger_Level] Set trigger level
[2020/07/31 16:25:57.616209][I][writeEx] E6640A <= :TRIGger:VIDeo:LEVel 30.000000 mV
[2020/07/31 16:25:57.619224][I][set_Trigger_Delay] Set trigger delay
[2020/07/31 16:25:57.623269][I][writeEx] E6640A <= :TRIGger:VIDeo:DELay:STATe ON
[2020/07/31 16:25:57.627623][I][queryEx] E6640A <= :TRIGger:VIDeo:DELay:STATe?
[2020/07/31 16:25:57.690198][I][queryEx] E6640A => 1
[2020/07/31 16:25:57.697168][I][writeEx] E6640A <= :TRIGger:VIDeo:DELay:STATe ON
[2020/07/31 16:25:57.704232][I][writeEx] E6640A <= :TRIGger:VIDeo:DELay 0.300000 ms
[2020/07/31 16:25:57.710216][I][init_Trigger_Reg] Initial trigger status register
[2020/07/31 16:25:57.716217][I][writeEx] E6640A <= *CLS
[2020/07/31 16:25:57.721230][I][writeEx] E6640A <= :STATus:PRESet
[2020/07/31 16:25:57.726247][I][writeEx] E6640A <= *SRE 192
[2020/07/31 16:25:57.729287][I][writeEx] E6640A <= :STATus:OPERation:ENABle 32
[2020/07/31 16:25:57.734715][I][writeEx] E6640A <= *CLS
[2020/07/31 16:25:57.738420][I][queryEx] E6640A <= *STB?
[2020/07/31 16:25:57.782839][I][queryEx] E6640A => 0
[2020/07/31 16:25:57.786870][I][init_Trigger_Reg] Status: 0
[2020/07/31 16:26:06.717726][I][chk_Tx_Result] Check Tx result
[2020/07/31 16:26:06.724761][I][get_Trigger_Status] Get trigger status
[2020/07/31 16:26:06.727820][I][queryEx] E6640A <= *STB?
[2020/07/31 16:26:06.735114][I][queryEx] E6640A => 192
[2020/07/31 16:26:06.740089][I][get_Trigger_Status] Status: 192
[2020/07/31 16:26:06.744137]Is triggered!
[2020/07/31 16:26:06.748112][I][writeEx] E6640A <= *CLS
[2020/07/31 16:26:06.752911][I][set_Continue] Set continue
[2020/07/31 16:26:06.756338][I][writeEx] E6640A <= :INIT:CONT ON
[2020/07/31 16:26:06.860926][I][set_Single] Set single
[2020/07/31 16:26:06.868847][I][writeEx] E6640A <= :INIT:CONT OFF
[2020/07/31 16:26:06.873898][I][set_Zigbee_TX_BandPower] Set marker function
[2020/07/31 16:26:06.877848][I][writeEx] E6640A <= CALC:DDEMod:MARK1:MODE POS
[2020/07/31 16:26:06.882910][I][writeEx] E6640A <= CALC:DDEMod:MARK1:TRAC 2
[2020/07/31 16:26:06.887662][I][writeEx] E6640A <= CALC:DDEMod:MARK1:FUNC BPOW
[2020/07/31 16:26:06.890713][I][writeEx] E6640A <= CALC:DDEMod:MARK1:FUNC:BPOW:CTYP MEAN
[2020/07/31 16:26:06.895985][I][writeEx] E6640A <= CALC:DDEMod:MARK1:FUNC:BAND:CENT 2425000000.000000
[2020/07/31 16:26:07.200784][I][queryEx] E6640A <= *OPC?
[2020/07/31 16:26:07.210183][I][queryEx] E6640A => 1
[2020/07/31 16:26:07.214196][I][queryEx] E6640A <= CALC:DDEMod:MARK1:FUNC:BAND:CENT?
[2020/07/31 16:26:07.220264][I][queryEx] E6640A => 2.425000000E+09
[2020/07/31 16:26:07.224274][I][writeEx] E6640A <= CALC:DDEMod:MARK1:FUNC:BAND:SPAN 10000000.000000
[2020/07/31 16:26:07.529788][I][queryEx] E6640A <= *OPC?
[2020/07/31 16:26:07.539996][I][queryEx] E6640A => 1
[2020/07/31 16:26:07.545013][I][get_Power] Get Tx power
[2020/07/31 16:26:07.548021][I][queryEx] E6640A <= :CALC:DDEMod:MARK1:Y?
[2020/07/31 16:26:07.556067][I][queryEx] E6640A => 1.321744997E+00
[2020/07/31 16:26:07.559084][I][chk_Tx_Result] Tx power(add loss: 8.200000) = 9.522000 dBm
[2020/07/31 16:26:07.564104][I][read_DDEMod_Array] Read measurement result
[2020/07/31 16:26:07.568352][I][queryEx] E6640A <= :READ:DDEMod?
[2020/07/31 16:26:07.832103][I][queryEx] E6640A => 1.472843933E+01,4.289767456E+01,0.000000000E+00,3.505351782E+00,1.598204422E+01,0.000000000E+00,9.91E+37,9.91E+37,9.91E+37,3.301755786E-01,7.780492306E-01,1.870000000E+02,1.198919106E+01,-3.533722305E+01,0.000000000E+00,2.788511914E+04,9.91E+37,9.91E+37,9.91E+37,9.91E+37,9.91E+37,-4.779480743E+01,9.91E+37,9.570865631E-01,6.068912148E-02,4.048883617E-01,9.91E+37,9.91E+37,9.91E+37,9.91E+37,9.91E+37,9.91E+37,9.91E+37,9.91E+37,9.91E+37,9.91E+37,9.91E+37,9.91E+37,9.91E+37,9.91E+37,9.91E+37,9.91E+37,9.91E+37,9.91E+37,9.91E+37,9.91E+37,9.91E+37,9.91E+37,9.91E+37,9.91E+37,9.91E+37,9.91E+37,9.91E+37,9.91E+37,9.91E+37,9.91E+37,9.91E+37,9.91E+37,9.91E+37,9.91E+37,9.91E+37,2.817962551E-03,-2.945302287E-03
[2020/07/31 16:26:07.839153][I][set_Continue] Set continue
[2020/07/31 16:26:07.843124][I][writeEx] E6640A <= :INIT:CONT ON
[2020/07/31 16:26:09.311439][I][set_Preset] System reset
[2020/07/31 16:26:09.316339][I][writeEx] E6640A <= *RST
[2020/07/31 16:26:09.319415][I][writeEx] E6640A <= *CLS
[2020/07/31 16:26:09.324755][I][writeEx] E6640A <= SYST:PRES
[2020/07/31 16:26:09.630166][I][queryEx] E6640A <= *OPC?
[2020/07/31 16:26:10.563844][I][queryEx] E6640A => 1
[2020/07/31 16:26:10.596880][I][set_Tx_Start] Set Tx start
[2020/07/31 16:26:10.603899][I][set_RFI_Port] Set input port
[2020/07/31 16:26:10.608931][I][writeEx] E6640A <= :FEED:RF:PORT:INPut RFIO1
[2020/07/31 16:26:10.612922][I][queryEx] E6640A <= :FEED:RF:PORT:INPut?
[2020/07/31 16:26:10.620582][I][queryEx] E6640A => RFIO1
[2020/07/31 16:26:10.624572][I][set_Modulation_Analysis] Set measurement function
[2020/07/31 16:26:10.628584][I][writeEx] E6640A <= INST:SEL VSA
[2020/07/31 16:26:10.933683][I][queryEx] E6640A <= *OPC?
[2020/07/31 16:26:10.943702][I][queryEx] E6640A => 1
[2020/07/31 16:26:10.948341][I][queryEx] E6640A <= INST:SEL?
[2020/07/31 16:26:10.955402][I][queryEx] E6640A => VSA
[2020/07/31 16:26:10.959409][I][writeEx] E6640A <= :CONFigure:DDEMod
[2020/07/31 16:26:11.264898][I][queryEx] E6640A <= *OPC?
[2020/07/31 16:26:11.443297][I][queryEx] E6640A => 1
[2020/07/31 16:26:11.458663][I][init_Zigbee_Mode] Initial Zigbee mode
[2020/07/31 16:26:11.469743][I][writeEx] E6640A <= :DDEM:STAN:PRES ZIGBEE2450
[2020/07/31 16:26:11.778124][I][queryEx] E6640A <= *OPC?
[2020/07/31 16:26:11.786930][I][queryEx] E6640A => 1
[2020/07/31 16:26:11.790981][I][set_Continue] Set continue
[2020/07/31 16:26:11.795957][I][writeEx] E6640A <= :INIT:CONT ON
[2020/07/31 16:26:11.800969][I][set_Freq] Set frequence
[2020/07/31 16:26:11.805187][I][writeEx] E6640A <= :FREQuency:CENTer 2455.0 MHz
[2020/07/31 16:26:11.808256][I][set_XScale_Span] Set frequence span
[2020/07/31 16:26:11.813592][I][writeEx] E6640A <= :FREQuency:SPAN 10000.000000 KHZ
[2020/07/31 16:26:11.817474][I][set_Power_Range] Get power range
[2020/07/31 16:26:11.821487][I][writeEx] E6640A <= :POW:RANG 20.000000
[2020/07/31 16:26:11.825497][I][set_Symbol_Rate] Get symbol rate
[2020/07/31 16:26:11.830555][I][writeEx] E6640A <= :DDEMod:SRATe 1000.000000 kHz
[2020/07/31 16:26:11.835361][I][set_Meas_Interval] Get meas interval
[2020/07/31 16:26:11.838401][I][writeEx] E6640A <= :DDEMod:SWEep:POINts 500
[2020/07/31 16:26:11.843385][I][set_Zigbee_TX_BandPower] Set marker function
[2020/07/31 16:26:11.847662][I][writeEx] E6640A <= CALC:DDEMod:MARK1:MODE POS
[2020/07/31 16:26:11.852388][I][writeEx] E6640A <= CALC:DDEMod:MARK1:TRAC 2
[2020/07/31 16:26:11.855472][I][writeEx] E6640A <= CALC:DDEMod:MARK1:FUNC BPOW
[2020/07/31 16:26:11.860455][I][writeEx] E6640A <= CALC:DDEMod:MARK1:FUNC:BPOW:CTYP MEAN
[2020/07/31 16:26:11.865047][I][writeEx] E6640A <= CALC:DDEMod:MARK1:FUNC:BAND:CENT 2455000000.000000
[2020/07/31 16:26:12.169782][I][queryEx] E6640A <= *OPC?
[2020/07/31 16:26:12.180077][I][queryEx] E6640A => 1
[2020/07/31 16:26:12.185124][I][queryEx] E6640A <= CALC:DDEMod:MARK1:FUNC:BAND:CENT?
[2020/07/31 16:26:12.193152][I][queryEx] E6640A => 2.455000000E+09
[2020/07/31 16:26:12.197775][I][writeEx] E6640A <= CALC:DDEMod:MARK1:FUNC:BAND:SPAN 10000000.000000
[2020/07/31 16:26:12.502661][I][queryEx] E6640A <= *OPC?
[2020/07/31 16:26:12.513188][I][queryEx] E6640A => 1
[2020/07/31 16:26:12.518203][I][set_Trigger_Video] Set trigger video
[2020/07/31 16:26:12.521212][I][writeEx] E6640A <= TRIG:DDEM:SOUR VID
[2020/07/31 16:26:12.828013][I][queryEx] E6640A <= *OPC?
[2020/07/31 16:26:12.837415][I][queryEx] E6640A => 1
[2020/07/31 16:26:12.841427][I][set_Trigger_Level] Set trigger level
[2020/07/31 16:26:12.845438][I][writeEx] E6640A <= :TRIGger:VIDeo:LEVel 30.000000 mV
[2020/07/31 16:26:12.850499][I][set_Trigger_Delay] Set trigger delay
[2020/07/31 16:26:12.855046][I][writeEx] E6640A <= :TRIGger:VIDeo:DELay:STATe ON
[2020/07/31 16:26:12.858100][I][queryEx] E6640A <= :TRIGger:VIDeo:DELay:STATe?
[2020/07/31 16:26:12.920116][I][queryEx] E6640A => 1
[2020/07/31 16:26:12.926139][I][writeEx] E6640A <= :TRIGger:VIDeo:DELay:STATe ON
[2020/07/31 16:26:12.932155][I][writeEx] E6640A <= :TRIGger:VIDeo:DELay 0.300000 ms
[2020/07/31 16:26:12.936177][I][init_Trigger_Reg] Initial trigger status register
[2020/07/31 16:26:12.941179][I][writeEx] E6640A <= *CLS
[2020/07/31 16:26:12.946427][I][writeEx] E6640A <= :STATus:PRESet
[2020/07/31 16:26:12.949475][I][writeEx] E6640A <= *SRE 192
[2020/07/31 16:26:12.954450][I][writeEx] E6640A <= :STATus:OPERation:ENABle 32
[2020/07/31 16:26:12.958461][I][writeEx] E6640A <= *CLS
[2020/07/31 16:26:12.963474][I][queryEx] E6640A <= *STB?
[2020/07/31 16:26:13.007974][I][queryEx] E6640A => 0
[2020/07/31 16:26:13.012984][I][init_Trigger_Reg] Status: 0
[2020/07/31 16:26:21.984399][I][chk_Tx_Result] Check Tx result
[2020/07/31 16:26:21.992535][I][get_Trigger_Status] Get trigger status
[2020/07/31 16:26:21.996548][I][queryEx] E6640A <= *STB?
[2020/07/31 16:26:22.003241][I][queryEx] E6640A => 192
[2020/07/31 16:26:22.008279][I][get_Trigger_Status] Status: 192
[2020/07/31 16:26:22.012290]Is triggered!
[2020/07/31 16:26:22.017129][I][writeEx] E6640A <= *CLS
[2020/07/31 16:26:22.021292][I][set_Continue] Set continue
[2020/07/31 16:26:22.026314][I][writeEx] E6640A <= :INIT:CONT ON
[2020/07/31 16:26:22.132037][I][set_Single] Set single
[2020/07/31 16:26:22.140990][I][writeEx] E6640A <= :INIT:CONT OFF
[2020/07/31 16:26:22.145953][I][set_Zigbee_TX_BandPower] Set marker function
[2020/07/31 16:26:22.148999][I][writeEx] E6640A <= CALC:DDEMod:MARK1:MODE POS
[2020/07/31 16:26:22.153003][I][writeEx] E6640A <= CALC:DDEMod:MARK1:TRAC 2
[2020/07/31 16:26:22.158466][I][writeEx] E6640A <= CALC:DDEMod:MARK1:FUNC BPOW
[2020/07/31 16:26:22.161477][I][writeEx] E6640A <= CALC:DDEMod:MARK1:FUNC:BPOW:CTYP MEAN
[2020/07/31 16:26:22.167416][I][writeEx] E6640A <= CALC:DDEMod:MARK1:FUNC:BAND:CENT 2455000000.000000
[2020/07/31 16:26:22.472702][I][queryEx] E6640A <= *OPC?
[2020/07/31 16:26:22.482778][I][queryEx] E6640A => 1
[2020/07/31 16:26:22.487490][I][queryEx] E6640A <= CALC:DDEMod:MARK1:FUNC:BAND:CENT?
[2020/07/31 16:26:22.495423][I][queryEx] E6640A => 2.455000000E+09
[2020/07/31 16:26:22.499436][I][writeEx] E6640A <= CALC:DDEMod:MARK1:FUNC:BAND:SPAN 10000000.000000
[2020/07/31 16:26:22.805458][I][queryEx] E6640A <= *OPC?
[2020/07/31 16:26:22.815207][I][queryEx] E6640A => 1
[2020/07/31 16:26:22.819189][I][get_Power] Get Tx power
[2020/07/31 16:26:22.823200][I][queryEx] E6640A <= :CALC:DDEMod:MARK1:Y?
[2020/07/31 16:26:22.830224][I][queryEx] E6640A => 1.432003008E+00
[2020/07/31 16:26:22.835053][I][chk_Tx_Result] Tx power(add loss: 8.900000) = 10.332000 dBm
[2020/07/31 16:26:22.839067][I][read_DDEMod_Array] Read measurement result
[2020/07/31 16:26:22.843078][I][queryEx] E6640A <= :READ:DDEMod?
[2020/07/31 16:26:22.995648][I][queryEx] E6640A => 1.412142754E+01,4.137325668E+01,1.670000000E+02,3.359762907E+00,1.477612400E+01,1.660000000E+02,9.91E+37,9.91E+37,9.91E+37,3.216106594E-01,-8.033394814E-01,3.400000000E+02,1.149933910E+01,3.412270355E+01,1.670000000E+02,2.823835156E+04,9.91E+37,9.91E+37,9.91E+37,9.91E+37,9.91E+37,-5.169116211E+01,9.91E+37,9.605098367E-01,-1.859315089E-04,3.231589496E-01,9.91E+37,9.91E+37,9.91E+37,9.91E+37,9.91E+37,9.91E+37,9.91E+37,9.91E+37,9.91E+37,9.91E+37,9.91E+37,9.91E+37,9.91E+37,9.91E+37,9.91E+37,9.91E+37,9.91E+37,9.91E+37,9.91E+37,9.91E+37,9.91E+37,9.91E+37,9.91E+37,9.91E+37,9.91E+37,9.91E+37,9.91E+37,9.91E+37,9.91E+37,9.91E+37,9.91E+37,9.91E+37,9.91E+37,9.91E+37,9.91E+37,1.789153437E-03,-1.890378539E-03
[2020/07/31 16:26:23.011559][I][set_Continue] Set continue
[2020/07/31 16:26:23.022594][I][writeEx] E6640A <= :INIT:CONT ON
[2020/07/31 16:26:33.474401][I][chk_Tx_Result] Check Tx result
[2020/07/31 16:26:33.483431][I][get_Trigger_Status] Get trigger status
[2020/07/31 16:26:33.487962][I][queryEx] E6640A <= *STB?
[2020/07/31 16:26:33.494629][I][queryEx] E6640A => 192
[2020/07/31 16:26:33.498638][I][get_Trigger_Status] Status: 192
[2020/07/31 16:26:33.502693]Is triggered!
[2020/07/31 16:26:33.507663][I][writeEx] E6640A <= *CLS
[2020/07/31 16:26:33.512912][I][set_Continue] Set continue
[2020/07/31 16:26:33.518651][I][writeEx] E6640A <= :INIT:CONT ON
[2020/07/31 16:26:33.623102][I][set_Single] Set single
[2020/07/31 16:26:33.629114][I][writeEx] E6640A <= :INIT:CONT OFF
[2020/07/31 16:26:33.633093][I][set_Zigbee_TX_BandPower] Set marker function
[2020/07/31 16:26:33.637140][I][writeEx] E6640A <= CALC:DDEMod:MARK1:MODE POS
[2020/07/31 16:26:33.643155][I][writeEx] E6640A <= CALC:DDEMod:MARK1:TRAC 2
[2020/07/31 16:26:33.648133][I][writeEx] E6640A <= CALC:DDEMod:MARK1:FUNC BPOW
[2020/07/31 16:26:33.652441][I][writeEx] E6640A <= CALC:DDEMod:MARK1:FUNC:BPOW:CTYP MEAN
[2020/07/31 16:26:33.657463][I][writeEx] E6640A <= CALC:DDEMod:MARK1:FUNC:BAND:CENT 2455000000.000000
[2020/07/31 16:26:33.963554][I][queryEx] E6640A <= *OPC?
[2020/07/31 16:26:33.975363][I][queryEx] E6640A => 1
[2020/07/31 16:26:33.979376][I][queryEx] E6640A <= CALC:DDEMod:MARK1:FUNC:BAND:CENT?
[2020/07/31 16:26:33.986396][I][queryEx] E6640A => 2.455000000E+09
[2020/07/31 16:26:33.990405][I][writeEx] E6640A <= CALC:DDEMod:MARK1:FUNC:BAND:SPAN 10000000.000000
[2020/07/31 16:26:34.297306][I][queryEx] E6640A <= *OPC?
[2020/07/31 16:26:34.305807][I][queryEx] E6640A => 1
[2020/07/31 16:26:34.310826][I][get_Power] Get Tx power
[2020/07/31 16:26:34.314837][I][queryEx] E6640A <= :CALC:DDEMod:MARK1:Y?
[2020/07/31 16:26:34.321926][I][queryEx] E6640A => 3.085834047E-01
[2020/07/31 16:26:34.325979][I][chk_Tx_Result] Tx power(add loss: 8.900000) = 9.209000 dBm
[2020/07/31 16:26:34.330952][I][read_DDEMod_Array] Read measurement result
[2020/07/31 16:26:34.335000][I][queryEx] E6640A <= :READ:DDEMod?
[2020/07/31 16:26:34.492083][I][queryEx] E6640A => 1.432734585E+01,4.114299393E+01,2.210000000E+02,3.586135149E+00,1.462891674E+01,4.620000000E+02,9.91E+37,9.91E+37,9.91E+37,4.350693822E-01,1.118087769E+00,3.000000000E+00,1.166846943E+01,3.380171204E+01,2.210000000E+02,2.821669727E+04,9.91E+37,9.91E+37,9.91E+37,9.91E+37,9.91E+37,-4.635606384E+01,9.91E+37,9.593342543E-01,2.808363549E-02,3.282243907E-01,9.91E+37,9.91E+37,9.91E+37,9.91E+37,9.91E+37,9.91E+37,9.91E+37,9.91E+37,9.91E+37,9.91E+37,9.91E+37,9.91E+37,9.91E+37,9.91E+37,9.91E+37,9.91E+37,9.91E+37,9.91E+37,9.91E+37,9.91E+37,9.91E+37,9.91E+37,9.91E+37,9.91E+37,9.91E+37,9.91E+37,9.91E+37,9.91E+37,9.91E+37,9.91E+37,9.91E+37,9.91E+37,9.91E+37,9.91E+37,9.91E+37,4.543870687E-03,-1.579513657E-03
[2020/07/31 16:26:34.509142][I][set_Continue] Set continue
[2020/07/31 16:26:34.519170][I][writeEx] E6640A <= :INIT:CONT ON
[2020/07/31 16:26:35.987359][I][set_Preset] System reset
[2020/07/31 16:26:35.990370][I][writeEx] E6640A <= *RST
[2020/07/31 16:26:35.995382][I][writeEx] E6640A <= *CLS
[2020/07/31 16:26:35.999466][I][writeEx] E6640A <= SYST:PRES
[2020/07/31 16:26:36.306654][I][queryEx] E6640A <= *OPC?
[2020/07/31 16:26:37.247050][I][queryEx] E6640A => 1
[2020/07/31 16:26:37.262599][I][set_Tx_Start] Set Tx start
[2020/07/31 16:26:37.266569][I][set_RFI_Port] Set input port
[2020/07/31 16:26:37.270590][I][writeEx] E6640A <= :FEED:RF:PORT:INPut RFIO1
[2020/07/31 16:26:37.275474][I][queryEx] E6640A <= :FEED:RF:PORT:INPut?
[2020/07/31 16:26:37.282414][I][queryEx] E6640A => RFIO1
[2020/07/31 16:26:37.286427][I][set_Modulation_Analysis] Set measurement function
[2020/07/31 16:26:37.291439][I][writeEx] E6640A <= INST:SEL VSA
[2020/07/31 16:26:37.597560][I][queryEx] E6640A <= *OPC?
[2020/07/31 16:26:37.608203][I][queryEx] E6640A => 1
[2020/07/31 16:26:37.613220][I][queryEx] E6640A <= INST:SEL?
[2020/07/31 16:26:37.621256][I][queryEx] E6640A => VSA
[2020/07/31 16:26:37.625269][I][writeEx] E6640A <= :CONFigure:DDEMod
[2020/07/31 16:26:37.932801][I][queryEx] E6640A <= *OPC?
[2020/07/31 16:26:38.116747][I][queryEx] E6640A => 1
[2020/07/31 16:26:38.131738][I][init_Zigbee_Mode] Initial Zigbee mode
[2020/07/31 16:26:38.135744][I][writeEx] E6640A <= :DDEM:STAN:PRES ZIGBEE2450
[2020/07/31 16:26:38.443041][I][queryEx] E6640A <= *OPC?
[2020/07/31 16:26:38.452891][I][queryEx] E6640A => 1
[2020/07/31 16:26:38.457947][I][set_Continue] Set continue
[2020/07/31 16:26:38.462923][I][writeEx] E6640A <= :INIT:CONT ON
[2020/07/31 16:26:38.467954][I][set_Freq] Set frequence
[2020/07/31 16:26:38.472142][I][writeEx] E6640A <= :FREQuency:CENTer 2470.0 MHz
[2020/07/31 16:26:38.477159][I][set_XScale_Span] Set frequence span
[2020/07/31 16:26:38.481201][I][writeEx] E6640A <= :FREQuency:SPAN 10000.000000 KHZ
[2020/07/31 16:26:38.487246][I][set_Power_Range] Get power range
[2020/07/31 16:26:38.491589][I][writeEx] E6640A <= :POW:RANG 20.000000
[2020/07/31 16:26:38.496655][I][set_Symbol_Rate] Get symbol rate
[2020/07/31 16:26:38.501643][I][writeEx] E6640A <= :DDEMod:SRATe 1000.000000 kHz
[2020/07/31 16:26:38.505657][I][set_Meas_Interval] Get meas interval
[2020/07/31 16:26:38.509667][I][writeEx] E6640A <= :DDEMod:SWEep:POINts 500
[2020/07/31 16:26:38.514680][I][set_Zigbee_TX_BandPower] Set marker function
[2020/07/31 16:26:38.519694][I][writeEx] E6640A <= CALC:DDEMod:MARK1:MODE POS
[2020/07/31 16:26:38.524231][I][writeEx] E6640A <= CALC:DDEMod:MARK1:TRAC 2
[2020/07/31 16:26:38.529246][I][writeEx] E6640A <= CALC:DDEMod:MARK1:FUNC BPOW
[2020/07/31 16:26:38.533296][I][writeEx] E6640A <= CALC:DDEMod:MARK1:FUNC:BPOW:CTYP MEAN
[2020/07/31 16:26:38.538315][I][writeEx] E6640A <= CALC:DDEMod:MARK1:FUNC:BAND:CENT 2470000000.000000
[2020/07/31 16:26:38.844846][I][queryEx] E6640A <= *OPC?
[2020/07/31 16:26:38.856453][I][queryEx] E6640A => 1
[2020/07/31 16:26:38.861474][I][queryEx] E6640A <= CALC:DDEMod:MARK1:FUNC:BAND:CENT?
[2020/07/31 16:26:38.868758][I][queryEx] E6640A => 2.470000000E+09
[2020/07/31 16:26:38.873775][I][writeEx] E6640A <= CALC:DDEMod:MARK1:FUNC:BAND:SPAN 10000000.000000
[2020/07/31 16:26:39.179072][I][queryEx] E6640A <= *OPC?
[2020/07/31 16:26:39.191111][I][queryEx] E6640A => 1
[2020/07/31 16:26:39.195444][I][set_Trigger_Video] Set trigger video
[2020/07/31 16:26:39.199458][I][writeEx] E6640A <= TRIG:DDEM:SOUR VID
[2020/07/31 16:26:39.506125][I][queryEx] E6640A <= *OPC?
[2020/07/31 16:26:39.518263][I][queryEx] E6640A => 1
[2020/07/31 16:26:39.522312][I][set_Trigger_Level] Set trigger level
[2020/07/31 16:26:39.527291][I][writeEx] E6640A <= :TRIGger:VIDeo:LEVel 30.000000 mV
[2020/07/31 16:26:39.532749][I][set_Trigger_Delay] Set trigger delay
[2020/07/31 16:26:39.537765][I][writeEx] E6640A <= :TRIGger:VIDeo:DELay:STATe ON
[2020/07/31 16:26:39.543812][I][queryEx] E6640A <= :TRIGger:VIDeo:DELay:STATe?
[2020/07/31 16:26:39.600118][I][queryEx] E6640A => 1
[2020/07/31 16:26:39.606140][I][writeEx] E6640A <= :TRIGger:VIDeo:DELay:STATe ON
[2020/07/31 16:26:39.612158][I][writeEx] E6640A <= :TRIGger:VIDeo:DELay 0.300000 ms
[2020/07/31 16:26:39.617170][I][init_Trigger_Reg] Initial trigger status register
[2020/07/31 16:26:39.622235][I][writeEx] E6640A <= *CLS
[2020/07/31 16:26:39.627235][I][writeEx] E6640A <= :STATus:PRESet
[2020/07/31 16:26:39.634217][I][writeEx] E6640A <= *SRE 192
[2020/07/31 16:26:39.638265][I][writeEx] E6640A <= :STATus:OPERation:ENABle 32
[2020/07/31 16:26:39.644243][I][writeEx] E6640A <= *CLS
[2020/07/31 16:26:39.648252][I][queryEx] E6640A <= *STB?
[2020/07/31 16:26:39.686565][I][queryEx] E6640A => 0
[2020/07/31 16:26:39.691595][I][init_Trigger_Reg] Status: 0
[2020/07/31 16:26:48.717131][I][chk_Tx_Result] Check Tx result
[2020/07/31 16:26:48.725910][I][get_Trigger_Status] Get trigger status
[2020/07/31 16:26:48.730927][I][queryEx] E6640A <= *STB?
[2020/07/31 16:26:48.737831][I][queryEx] E6640A => 192
[2020/07/31 16:26:48.742869][I][get_Trigger_Status] Status: 192
[2020/07/31 16:26:48.745895]Is triggered!
[2020/07/31 16:26:48.750898][I][writeEx] E6640A <= *CLS
[2020/07/31 16:26:48.755452][I][set_Continue] Set continue
[2020/07/31 16:26:48.760471][I][writeEx] E6640A <= :INIT:CONT ON
[2020/07/31 16:26:48.867685][I][set_Single] Set single
[2020/07/31 16:26:48.884168][I][writeEx] E6640A <= :INIT:CONT OFF
[2020/07/31 16:26:48.894260][I][set_Zigbee_TX_BandPower] Set marker function
[2020/07/31 16:26:48.901221][I][writeEx] E6640A <= CALC:DDEMod:MARK1:MODE POS
[2020/07/31 16:26:48.907277][I][writeEx] E6640A <= CALC:DDEMod:MARK1:TRAC 2
[2020/07/31 16:26:48.913056][I][writeEx] E6640A <= CALC:DDEMod:MARK1:FUNC BPOW
[2020/07/31 16:26:48.919086][I][writeEx] E6640A <= CALC:DDEMod:MARK1:FUNC:BPOW:CTYP MEAN
[2020/07/31 16:26:48.923393][I][writeEx] E6640A <= CALC:DDEMod:MARK1:FUNC:BAND:CENT 2470000000.000000
[2020/07/31 16:26:49.228588][I][queryEx] E6640A <= *OPC?
[2020/07/31 16:26:49.237910][I][queryEx] E6640A => 1
[2020/07/31 16:26:49.242925][I][queryEx] E6640A <= CALC:DDEMod:MARK1:FUNC:BAND:CENT?
[2020/07/31 16:26:49.250990][I][queryEx] E6640A => 2.470000000E+09
[2020/07/31 16:26:49.255960][I][writeEx] E6640A <= CALC:DDEMod:MARK1:FUNC:BAND:SPAN 10000000.000000
[2020/07/31 16:26:49.561062][I][queryEx] E6640A <= *OPC?
[2020/07/31 16:26:49.572276][I][queryEx] E6640A => 1
[2020/07/31 16:26:49.576289][I][get_Power] Get Tx power
[2020/07/31 16:26:49.580304][I][queryEx] E6640A <= :CALC:DDEMod:MARK1:Y?
[2020/07/31 16:26:49.588371][I][queryEx] E6640A => 2.075448871E+00
[2020/07/31 16:26:49.594172][I][chk_Tx_Result] Tx power(add loss: 8.800000) = 10.875000 dBm
[2020/07/31 16:26:49.598153][I][read_DDEMod_Array] Read measurement result
[2020/07/31 16:26:49.601161][I][queryEx] E6640A <= :READ:DDEMod?
[2020/07/31 16:26:49.857313][I][queryEx] E6640A => 1.502343464E+01,4.230768585E+01,4.230000000E+02,3.716454744E+00,1.819255447E+01,4.230000000E+02,9.91E+37,9.91E+37,9.91E+37,4.407150745E-01,-9.759724140E-01,2.200000000E+02,1.223229504E+01,-3.497079468E+01,4.230000000E+02,2.833873828E+04,9.91E+37,9.91E+37,9.91E+37,9.91E+37,9.91E+37,-4.556277466E+01,9.91E+37,9.553361535E-01,-4.947656998E-04,4.440884590E-01,9.91E+37,9.91E+37,9.91E+37,9.91E+37,9.91E+37,9.91E+37,9.91E+37,9.91E+37,9.91E+37,9.91E+37,9.91E+37,9.91E+37,9.91E+37,9.91E+37,9.91E+37,9.91E+37,9.91E+37,9.91E+37,9.91E+37,9.91E+37,9.91E+37,9.91E+37,9.91E+37,9.91E+37,9.91E+37,9.91E+37,9.91E+37,9.91E+37,9.91E+37,9.91E+37,9.91E+37,9.91E+37,9.91E+37,9.91E+37,9.91E+37,3.680070862E-03,-3.773124889E-03
[2020/07/31 16:26:49.866290][I][set_Continue] Set continue
[2020/07/31 16:26:49.871239][I][writeEx] E6640A <= :INIT:CONT ON
[2020/07/31 16:27:00.359520][I][chk_Tx_Result] Check Tx result
[2020/07/31 16:27:00.366564][I][get_Trigger_Status] Get trigger status
[2020/07/31 16:27:00.371583][I][queryEx] E6640A <= *STB?
[2020/07/31 16:27:00.378589][I][queryEx] E6640A => 192
[2020/07/31 16:27:00.384297][I][get_Trigger_Status] Status: 192
[2020/07/31 16:27:00.388346]Is triggered!
[2020/07/31 16:27:00.393172][I][writeEx] E6640A <= *CLS
[2020/07/31 16:27:00.397183][I][set_Continue] Set continue
[2020/07/31 16:27:00.402245][I][writeEx] E6640A <= :INIT:CONT ON
[2020/07/31 16:27:00.507384][I][set_Single] Set single
[2020/07/31 16:27:00.523416][I][writeEx] E6640A <= :INIT:CONT OFF
[2020/07/31 16:27:00.534443][I][set_Zigbee_TX_BandPower] Set marker function
[2020/07/31 16:27:00.541461][I][writeEx] E6640A <= CALC:DDEMod:MARK1:MODE POS
[2020/07/31 16:27:00.548530][I][writeEx] E6640A <= CALC:DDEMod:MARK1:TRAC 2
[2020/07/31 16:27:00.554038][I][writeEx] E6640A <= CALC:DDEMod:MARK1:FUNC BPOW
[2020/07/31 16:27:00.559102][I][writeEx] E6640A <= CALC:DDEMod:MARK1:FUNC:BPOW:CTYP MEAN
[2020/07/31 16:27:00.564069][I][writeEx] E6640A <= CALC:DDEMod:MARK1:FUNC:BAND:CENT 2470000000.000000
[2020/07/31 16:27:00.870082][I][queryEx] E6640A <= *OPC?
[2020/07/31 16:27:00.880174][I][queryEx] E6640A => 1
[2020/07/31 16:27:00.885190][I][queryEx] E6640A <= CALC:DDEMod:MARK1:FUNC:BAND:CENT?
[2020/07/31 16:27:00.892672][I][queryEx] E6640A => 2.470000000E+09
[2020/07/31 16:27:00.897684][I][writeEx] E6640A <= CALC:DDEMod:MARK1:FUNC:BAND:SPAN 10000000.000000
[2020/07/31 16:27:01.202863][I][queryEx] E6640A <= *OPC?
[2020/07/31 16:27:01.217334][I][queryEx] E6640A => 1
[2020/07/31 16:27:01.226357][I][get_Power] Get Tx power
[2020/07/31 16:27:01.230367][I][queryEx] E6640A <= :CALC:DDEMod:MARK1:Y?
[2020/07/31 16:27:01.237796][I][queryEx] E6640A => 9.715857438E-02
[2020/07/31 16:27:01.241967][I][chk_Tx_Result] Tx power(add loss: 8.800000) = 8.897000 dBm
[2020/07/31 16:27:01.245981][I][read_DDEMod_Array] Read measurement result
[2020/07/31 16:27:01.250000][I][queryEx] E6640A <= :READ:DDEMod?
[2020/07/31 16:27:01.510932][I][queryEx] E6640A => 1.332126045E+01,4.103906250E+01,4.280000000E+02,2.984378338E+00,1.677716637E+01,4.280000000E+02,9.91E+37,9.91E+37,9.91E+37,4.280703068E-01,-1.035267115E+00,4.540000000E+02,1.083138180E+01,-3.367753220E+01,4.280000000E+02,2.830622852E+04,9.91E+37,9.91E+37,9.91E+37,9.91E+37,9.91E+37,-4.586406708E+01,9.91E+37,9.648063183E-01,-2.759249508E-02,-3.557851315E-01,9.91E+37,9.91E+37,9.91E+37,9.91E+37,9.91E+37,9.91E+37,9.91E+37,9.91E+37,9.91E+37,9.91E+37,9.91E+37,9.91E+37,9.91E+37,9.91E+37,9.91E+37,9.91E+37,9.91E+37,9.91E+37,9.91E+37,9.91E+37,9.91E+37,9.91E+37,9.91E+37,9.91E+37,9.91E+37,9.91E+37,9.91E+37,9.91E+37,9.91E+37,9.91E+37,9.91E+37,9.91E+37,9.91E+37,9.91E+37,9.91E+37,-3.232577350E-03,-3.932933323E-03
[2020/07/31 16:27:01.519954][I][set_Continue] Set continue
[2020/07/31 16:27:01.524857][I][writeEx] E6640A <= :INIT:CONT ON
[2020/07/31 16:27:03.000234][I][set_Preset] System reset
[2020/07/31 16:27:03.005290][I][writeEx] E6640A <= *RST
[2020/07/31 16:27:03.010306][I][writeEx] E6640A <= *CLS
[2020/07/31 16:27:03.015316][I][writeEx] E6640A <= SYST:PRES
[2020/07/31 16:27:03.321609][I][queryEx] E6640A <= *OPC?
[2020/07/31 16:27:04.264399][I][queryEx] E6640A => 1
[2020/07/31 16:27:04.282522][I][set_Rx_OneTone] Set Rx one tone
[2020/07/31 16:27:04.285532][I][set_RFO_Port] Set output port
[2020/07/31 16:27:04.290546][I][writeEx] E6640A <= :FEED:RF:PORT:OUTPut RFIO1
[2020/07/31 16:27:04.295138][I][queryEx] E6640A <= :FEED:RF:PORT:OUTPut?
[2020/07/31 16:27:04.301510][I][queryEx] E6640A => RFIO1
[2020/07/31 16:27:04.305523][I][set_OneTone_Freq] Set One Tone frequence
[2020/07/31 16:27:04.310785][I][writeEx] E6640A <= :SOUR:FREQ 2445.0 MHz
[2020/07/31 16:27:04.314823][I][set_OneTone_Power] Set One Tone power
[2020/07/31 16:27:04.319878][I][writeEx] E6640A <= :SOURce:POWer -16.1
[2020/07/31 16:27:13.668281][I][set_OneTone_Start] Set One Tone start
[2020/07/31 16:27:13.673333][I][writeEx] E6640A <= OUTP ON
[2020/07/31 16:27:18.617824][I][set_OneTone_Stop] Set One Tone stop
[2020/07/31 16:27:18.622461][I][writeEx] E6640A <= OUTP OFF
[2020/07/31 16:27:18.635564][I][set_Rx_OneTone] Set Rx one tone
[2020/07/31 16:27:18.640512][I][set_RFO_Port] Set output port
[2020/07/31 16:27:18.646532][I][writeEx] E6640A <= :FEED:RF:PORT:OUTPut RFIO1
[2020/07/31 16:27:18.650543][I][queryEx] E6640A <= :FEED:RF:PORT:OUTPut?
[2020/07/31 16:27:18.656811][I][queryEx] E6640A => RFIO1
[2020/07/31 16:27:18.661994][I][set_OneTone_Freq] Set One Tone frequence
[2020/07/31 16:27:18.667046][I][writeEx] E6640A <= :SOUR:FREQ 2445.0 MHz
[2020/07/31 16:27:18.671056][I][set_OneTone_Power] Set One Tone power
[2020/07/31 16:27:18.676075][I][writeEx] E6640A <= :SOURce:POWer -16.1
[2020/07/31 16:27:27.199651][I][set_OneTone_Start] Set One Tone start
[2020/07/31 16:27:27.204665][I][writeEx] E6640A <= OUTP ON
[2020/07/31 16:27:31.731251][I][set_OneTone_Stop] Set One Tone stop
[2020/07/31 16:27:31.735303][I][writeEx] E6640A <= OUTP OFF
[2020/07/31 16:27:32.230122][I][disconnect_E6640A] Disconnect E6640A
[2020/07/31 16:27:32.235897]========== End ==========
