[2020/07/31 16:27:57.922082]========== Start ==========
[2020/07/31 16:27:57.924086][I][class_E6640A_LTE] Initial class_E6640A_LTE
[2020/07/31 16:27:57.925088][I][class_E6640A_LTE] Version: 3.0.0.3
[2020/07/31 16:27:57.930101][I][connect_E6640A] Connect to E6640A
[2020/07/31 16:27:57.941132][I][connect_E6640A] Resource Manager of Visa Library at C:\Windows\system32\visa32.dll
[2020/07/31 16:27:57.989260][I][queryEx] E6640A <= *IDN?
[2020/07/31 16:27:57.994272][I][queryEx] E6640A => Keysight Technologies,E6640A,MY57150246,E.19.71
[2020/07/31 16:27:57.996277][I][set_Preset] System reset
[2020/07/31 16:27:57.998287][I][writeEx] E6640A <= *RST
[2020/07/31 16:27:57.999286][I][writeEx] E6640A <= *CLS
[2020/07/31 16:27:58.002296][I][writeEx] E6640A <= SYST:PRES
[2020/07/31 16:27:58.305098][I][queryEx] E6640A <= *OPC?
[2020/07/31 16:27:59.077736][I][queryEx] E6640A => 1
[2020/07/31 16:27:59.082749][I][set_Preset] System reset
[2020/07/31 16:27:59.084755][I][writeEx] E6640A <= *RST
[2020/07/31 16:27:59.086760][I][writeEx] E6640A <= *CLS
[2020/07/31 16:27:59.088766][I][writeEx] E6640A <= SYST:PRES
[2020/07/31 16:27:59.391594][I][queryEx] E6640A <= *OPC?
[2020/07/31 16:28:00.147397][I][queryEx] E6640A => 1
[2020/07/31 16:28:00.411346][I][set_Preset] System reset
[2020/07/31 16:28:00.414340][I][writeEx] E6640A <= *RST
[2020/07/31 16:28:00.416336][I][writeEx] E6640A <= *CLS
[2020/07/31 16:28:00.418341][I][writeEx] E6640A <= SYST:PRES
[2020/07/31 16:28:00.721245][I][queryEx] E6640A <= *OPC?
[2020/07/31 16:28:01.480189][I][queryEx] E6640A => 1
[2020/07/31 16:28:01.492190][I][set_Tx_Start] Set Tx start
[2020/07/31 16:28:01.495215][I][set_RFI_Port] Set input port
[2020/07/31 16:28:01.497202][I][writeEx] E6640A <= :FEED:RF:PORT:INPut RFIO1
[2020/07/31 16:28:01.499208][I][queryEx] E6640A <= :FEED:RF:PORT:INPut?
[2020/07/31 16:28:01.504920][I][queryEx] E6640A => RFIO1
[2020/07/31 16:28:01.507200][I][set_Modulation_Analysis] Set measurement function
[2020/07/31 16:28:01.509246][I][writeEx] E6640A <= INST:SEL LTEAFDD
[2020/07/31 16:28:01.812552][I][queryEx] E6640A <= *OPC?
[2020/07/31 16:28:01.841434][I][queryEx] E6640A => 1
[2020/07/31 16:28:01.844444][I][queryEx] E6640A <= INST:SEL?
[2020/07/31 16:28:01.850051][I][queryEx] E6640A => LTEAFDD
[2020/07/31 16:28:01.854065][I][writeEx] E6640A <= DISP:CHP:VIEW:WIND:TRAC:Y:COUP OFF
[2020/07/31 16:28:01.857934][I][set_Freq] Set frequence
[2020/07/31 16:28:01.859942][I][writeEx] E6640A <= :FREQuency:CENTer 897.4 MHz
[2020/07/31 16:28:01.864980][I][set_Continue] Set continue
[2020/07/31 16:28:01.868537][I][writeEx] E6640A <= :INIT:CONT ON
[2020/07/31 16:28:01.871551][I][set_Trigger_Free_Run] Set trigger free run
[2020/07/31 16:28:01.874555][I][writeEx] E6640A <= TRIG:CHP:SOUR IMM
[2020/07/31 16:28:02.178530][I][queryEx] E6640A <= *OPC?
[2020/07/31 16:28:02.188237][I][queryEx] E6640A => 1
[2020/07/31 16:28:06.771503][I][chk_Tx_Result] Check Tx result
[2020/07/31 16:28:06.776700][I][set_Limit_Range] Set reference value
[2020/07/31 16:28:06.778707][I][writeEx] E6640A <= DISP:CHP:VIEW:WIND:TRAC:Y:RLEV 30.0 dBm
[2020/07/31 16:28:07.083822][I][queryEx] E6640A <= *OPC?
[2020/07/31 16:28:07.093605][I][queryEx] E6640A => 1
[2020/07/31 16:28:07.097919][I][set_Limit_Range] Set power range
[2020/07/31 16:28:07.099990][I][writeEx] E6640A <= :POW:RANG 30.0 dBm
[2020/07/31 16:28:07.404493][I][queryEx] E6640A <= *OPC?
[2020/07/31 16:28:07.414248][I][queryEx] E6640A => 1
[2020/07/31 16:28:07.419051][I][set_Trigger_Video] Set trigger video
[2020/07/31 16:28:07.421057][I][writeEx] E6640A <= TRIG:CHP:SOUR IF
[2020/07/31 16:28:07.726048][I][queryEx] E6640A <= *OPC?
[2020/07/31 16:28:07.736533][I][queryEx] E6640A => 1
[2020/07/31 16:28:07.842299][I][set_Trigger_Free_Run] Set trigger free run
[2020/07/31 16:28:07.853285][I][writeEx] E6640A <= TRIG:CHP:SOUR IMM
[2020/07/31 16:28:08.164373][I][queryEx] E6640A <= *OPC?
[2020/07/31 16:28:08.172841][I][queryEx] E6640A => 1
[2020/07/31 16:28:08.176891][I][get_Power] Get Tx power
[2020/07/31 16:28:08.179861][I][queryEx] E6640A <= :FETCh:CHPower:CHPower?
[2020/07/31 16:28:08.192035][I][queryEx] E6640A => 1.356960678E+01
[2020/07/31 16:28:08.195045][I][chk_Tx_Result] Tx power(add loss: 8.500000) = 22.070000 dBm
[2020/07/31 16:28:08.199056][I][set_Continue] Set continue
[2020/07/31 16:28:08.203067][I][writeEx] E6640A <= :INIT:CONT ON
[2020/07/31 16:28:10.142701][I][set_Preset] System reset
[2020/07/31 16:28:10.147678][I][writeEx] E6640A <= *RST
[2020/07/31 16:28:10.150701][I][writeEx] E6640A <= *CLS
[2020/07/31 16:28:10.155761][I][writeEx] E6640A <= SYST:PRES
[2020/07/31 16:28:10.460943][I][queryEx] E6640A <= *OPC?
[2020/07/31 16:28:11.107392][I][queryEx] E6640A => 1
[2020/07/31 16:28:11.123522][I][set_Tx_Start] Set Tx start
[2020/07/31 16:28:11.125529][I][set_RFI_Port] Set input port
[2020/07/31 16:28:11.129543][I][writeEx] E6640A <= :FEED:RF:PORT:INPut RFIO1
[2020/07/31 16:28:11.133901][I][queryEx] E6640A <= :FEED:RF:PORT:INPut?
[2020/07/31 16:28:11.187176][I][queryEx] E6640A => RFIO1
[2020/07/31 16:28:11.193052][I][set_Modulation_Analysis] Set measurement function
[2020/07/31 16:28:11.198105][I][writeEx] E6640A <= INST:SEL LTEAFDD
[2020/07/31 16:28:11.505744][I][queryEx] E6640A <= *OPC?
[2020/07/31 16:28:11.515775][I][queryEx] E6640A => 1
[2020/07/31 16:28:11.519811][I][queryEx] E6640A <= INST:SEL?
[2020/07/31 16:28:11.525802][I][queryEx] E6640A => LTEAFDD
[2020/07/31 16:28:11.529812][I][writeEx] E6640A <= DISP:CHP:VIEW:WIND:TRAC:Y:COUP OFF
[2020/07/31 16:28:11.533573][I][set_Freq] Set frequence
[2020/07/31 16:28:11.536585][I][writeEx] E6640A <= :FREQuency:CENTer 1950.0 MHz
[2020/07/31 16:28:11.540730][I][set_Continue] Set continue
[2020/07/31 16:28:11.543740][I][writeEx] E6640A <= :INIT:CONT ON
[2020/07/31 16:28:11.548707][I][set_Trigger_Free_Run] Set trigger free run
[2020/07/31 16:28:11.551811][I][writeEx] E6640A <= TRIG:CHP:SOUR IMM
[2020/07/31 16:28:11.855710][I][queryEx] E6640A <= *OPC?
[2020/07/31 16:28:11.868655][I][queryEx] E6640A => 1
[2020/07/31 16:28:16.249266][I][chk_Tx_Result] Check Tx result
[2020/07/31 16:28:16.256318][I][set_Limit_Range] Set reference value
[2020/07/31 16:28:16.259291][I][writeEx] E6640A <= DISP:CHP:VIEW:WIND:TRAC:Y:RLEV 30.0 dBm
[2020/07/31 16:28:16.565332][I][queryEx] E6640A <= *OPC?
[2020/07/31 16:28:16.576342][I][queryEx] E6640A => 1
[2020/07/31 16:28:16.580686][I][set_Limit_Range] Set power range
[2020/07/31 16:28:16.583704][I][writeEx] E6640A <= :POW:RANG 30.0 dBm
[2020/07/31 16:28:16.888539][I][queryEx] E6640A <= *OPC?
[2020/07/31 16:28:16.900571][I][queryEx] E6640A => 1
[2020/07/31 16:28:16.903581][I][set_Trigger_Video] Set trigger video
[2020/07/31 16:28:16.906588][I][writeEx] E6640A <= TRIG:CHP:SOUR IF
[2020/07/31 16:28:17.212657][I][queryEx] E6640A <= *OPC?
[2020/07/31 16:28:17.222650][I][queryEx] E6640A => 1
[2020/07/31 16:28:17.328586][I][set_Trigger_Free_Run] Set trigger free run
[2020/07/31 16:28:17.341629][I][writeEx] E6640A <= TRIG:CHP:SOUR IMM
[2020/07/31 16:28:17.652142][I][queryEx] E6640A <= *OPC?
[2020/07/31 16:28:17.662504][I][queryEx] E6640A => 1
[2020/07/31 16:28:17.666548][I][get_Power] Get Tx power
[2020/07/31 16:28:17.669559][I][queryEx] E6640A <= :FETCh:CHPower:CHPower?
[2020/07/31 16:28:17.677400][I][queryEx] E6640A => 1.248091602E+01
[2020/07/31 16:28:17.680409][I][chk_Tx_Result] Tx power(add loss: 9.200000) = 21.681000 dBm
[2020/07/31 16:28:17.685149][I][set_Continue] Set continue
[2020/07/31 16:28:17.688178][I][writeEx] E6640A <= :INIT:CONT ON
[2020/07/31 16:28:19.650804][I][set_Preset] System reset
[2020/07/31 16:28:19.653815][I][writeEx] E6640A <= *RST
[2020/07/31 16:28:19.658843][I][writeEx] E6640A <= *CLS
[2020/07/31 16:28:19.661836][I][writeEx] E6640A <= SYST:PRES
[2020/07/31 16:28:19.967240][I][queryEx] E6640A <= *OPC?
[2020/07/31 16:28:20.670129][I][queryEx] E6640A => 1
[2020/07/31 16:28:20.686862][I][set_Tx_Start] Set Tx start
[2020/07/31 16:28:20.689869][I][set_RFI_Port] Set input port
[2020/07/31 16:28:20.693881][I][writeEx] E6640A <= :FEED:RF:PORT:INPut RFIO1
[2020/07/31 16:28:20.697903][I][queryEx] E6640A <= :FEED:RF:PORT:INPut?
[2020/07/31 16:28:20.703950][I][queryEx] E6640A => RFIO1
[2020/07/31 16:28:20.707931][I][set_Modulation_Analysis] Set measurement function
[2020/07/31 16:28:20.710940][I][writeEx] E6640A <= INST:SEL LTEAFDD
[2020/07/31 16:28:21.016429][I][queryEx] E6640A <= *OPC?
[2020/07/31 16:28:21.024678][I][queryEx] E6640A => 1
[2020/07/31 16:28:21.029733][I][queryEx] E6640A <= INST:SEL?
[2020/07/31 16:28:21.037390][I][queryEx] E6640A => LTEAFDD
[2020/07/31 16:28:21.042769][I][writeEx] E6640A <= DISP:CHP:VIEW:WIND:TRAC:Y:COUP OFF
[2020/07/31 16:28:21.046818][I][set_Freq] Set frequence
[2020/07/31 16:28:21.051474][I][writeEx] E6640A <= :FREQuency:CENTer 914.8 MHz
[2020/07/31 16:28:21.055673][I][set_Continue] Set continue
[2020/07/31 16:28:21.059687][I][writeEx] E6640A <= :INIT:CONT ON
[2020/07/31 16:28:21.063954][I][set_Trigger_Free_Run] Set trigger free run
[2020/07/31 16:28:21.066972][I][writeEx] E6640A <= TRIG:CHP:SOUR IMM
[2020/07/31 16:28:21.372726][I][queryEx] E6640A <= *OPC?
[2020/07/31 16:28:21.384371][I][queryEx] E6640A => 1
[2020/07/31 16:28:24.422135][I][chk_Tx_Result] Check Tx result
[2020/07/31 16:28:24.429946][I][set_Limit_Range] Set reference value
[2020/07/31 16:28:24.433901][I][writeEx] E6640A <= DISP:CHP:VIEW:WIND:TRAC:Y:RLEV 30.0 dBm
[2020/07/31 16:28:24.740189][I][queryEx] E6640A <= *OPC?
[2020/07/31 16:28:24.748631][I][queryEx] E6640A => 1
[2020/07/31 16:28:24.754568][I][set_Limit_Range] Set power range
[2020/07/31 16:28:24.758581][I][writeEx] E6640A <= :POW:RANG 30.0 dBm
[2020/07/31 16:28:25.065506][I][queryEx] E6640A <= *OPC?
[2020/07/31 16:28:25.076105][I][queryEx] E6640A => 1
[2020/07/31 16:28:27.081435][I][set_Trigger_Video] Set trigger video
[2020/07/31 16:28:27.089463][I][writeEx] E6640A <= TRIG:CHP:SOUR IF
[2020/07/31 16:28:27.398423][I][queryEx] E6640A <= *OPC?
[2020/07/31 16:28:27.409115][I][queryEx] E6640A => 1
[2020/07/31 16:28:27.413596][I][get_Power] Get Tx power
[2020/07/31 16:28:27.416606][I][queryEx] E6640A <= :FETCh:CHPower:CHPower?
[2020/07/31 16:28:28.040478][I][queryEx] E6640A => 2.270737457E+01
[2020/07/31 16:28:28.047491][I][chk_Tx_Result] Tx power(add loss: 8.500000) = 31.207000 dBm
[2020/07/31 16:28:28.051520][I][set_Continue] Set continue
[2020/07/31 16:28:28.056067][I][writeEx] E6640A <= :INIT:CONT ON
[2020/07/31 16:28:29.798619][I][set_Preset] System reset
[2020/07/31 16:28:29.802316][I][writeEx] E6640A <= *RST
[2020/07/31 16:28:29.807176][I][writeEx] E6640A <= *CLS
[2020/07/31 16:28:29.811038][I][writeEx] E6640A <= SYST:PRES
[2020/07/31 16:28:30.116114][I][queryEx] E6640A <= *OPC?
[2020/07/31 16:28:30.833697][I][queryEx] E6640A => 1
[2020/07/31 16:28:30.851697][I][set_Rx_Waveform] Set Rx waveform
[2020/07/31 16:28:30.854745][I][set_RFO_Port] Set output port
[2020/07/31 16:28:30.858716][I][writeEx] E6640A <= :FEED:RF:PORT:OUTPut RFIO1
[2020/07/31 16:28:30.862726][I][queryEx] E6640A <= :FEED:RF:PORT:OUTPut?
[2020/07/31 16:28:30.871594][I][queryEx] E6640A => RFIO1
[2020/07/31 16:28:30.874613][I][set_OneTone_Freq] Set One Tone frequence
[2020/07/31 16:28:30.879664][I][writeEx] E6640A <= :SOUR:FREQ 959.8 MHz
[2020/07/31 16:28:30.883570][I][set_OneTone_Power] Set One Tone power
[2020/07/31 16:28:30.886579][I][writeEx] E6640A <= :SOURce:POWer -51.5
[2020/07/31 16:28:30.890591][I][loading_Waveform] Load waveform
[2020/07/31 16:28:30.894586][I][queryEx] E6640A <= :SOURce:RADio:ARB:CATalog?
[2020/07/31 16:28:30.902600][I][queryEx] E6640A => 9600,4184704,"CTX10_RFLTE_20160809.wfm"
[2020/07/31 16:28:30.906610][I][writeEx] E6640A <= :SOUR:RAD:ARB:WAV "D:\NVARB\CTX10_RFLTE_20160809.wfm"
[2020/07/31 16:28:31.215052][I][queryEx] E6640A <= *OPC?
[2020/07/31 16:28:31.224614][I][queryEx] E6640A => 1
[2020/07/31 16:28:31.228627][I][set_ARB_ON] Set ARB ON
[2020/07/31 16:28:31.232638][I][writeEx] E6640A <= :SOUR:RAD:ARB ON
[2020/07/31 16:28:31.238713][I][set_Sample_Rate] Set Sample Rate
[2020/07/31 16:28:31.243109][I][writeEx] E6640A <= SOUR:RAD:ARB:SCL:RATE 100.0 kHz
[2020/07/31 16:28:31.246119][I][set_Modulation_ON] Set ARB ON
[2020/07/31 16:28:31.251132][I][writeEx] E6640A <= :OUTP:MOD ON
[2020/07/31 16:28:31.259153][I][set_OneTone_Start] Set One Tone start
[2020/07/31 16:28:31.263164][I][writeEx] E6640A <= OUTP ON
[2020/07/31 16:28:37.632504][I][set_OneTone_Stop] Set One Tone stop
[2020/07/31 16:28:37.642529][I][writeEx] E6640A <= OUTP OFF
[2020/07/31 16:28:55.435945][I][disconnect_E6640A] Disconnect E6640A
[2020/07/31 16:28:55.438955][I][set_Preset] System reset
[2020/07/31 16:28:55.443970][I][writeEx] E6640A <= *RST
[2020/07/31 16:28:55.447974][I][writeEx] E6640A <= *CLS
[2020/07/31 16:28:55.451991][I][writeEx] E6640A <= SYST:PRES
[2020/07/31 16:28:55.758258][I][queryEx] E6640A <= *OPC?
[2020/07/31 16:28:56.439754][I][queryEx] E6640A => 1
[2020/07/31 16:28:56.446768]========== End ==========
