[2020/07/31 16:25:50.875129] ========== Start ==========
[2020/07/31 16:25:50.879139] [I][main] Python 3.7.2 (tags/v3.7.2:9a3ffc0492, Dec 23 2018, 23:09:28) [MSC v.1916 64 bit (AMD64)]
[2020/07/31 16:25:50.881145] [I][main] GFI20_RF_Zigbee.py 3.0.0.3
[2020/07/31 16:25:50.884874] [I][readINI] ---------- INI ----------
[2020/07/31 16:25:50.885911] [I][readINI] SKU = 1
[2020/07/31 16:25:50.888921] [I][readINI] InstrumentINI = GFI20_Zigbee_Instrument_Setting
[2020/07/31 16:25:50.890929] [I][readINI] ---------- Test Plan 1 ----------
[2020/07/31 16:25:50.893793] [I][readINI] TestPlan1 = ZIGBEE_2450;15/2425,21/2455,24/2470;TX_Power
[2020/07/31 16:25:50.895801] [I][readINI] CableLoss = ['8.2', '8.9', '8.8'] dBm
[2020/07/31 16:25:50.904824] [I][readINI] TX_Power = ['0', '0', '0'] dBm
[2020/07/31 16:25:50.906829] [I][readINI] Calibration_ON = 1
[2020/07/31 16:25:50.908836] [I][readINI] Ca_Tx_Power_Target = ['9.2', '9.2', '9.2']
[2020/07/31 16:25:50.910843] [I][readINI] Ca_Tx_Power_Gap = ['0.5', '0.5', '0.5']
[2020/07/31 16:25:50.914855] [I][readINI] Ca_Tx_Power_Offset = ['0.86', '0.86', '0.86']
[2020/07/31 16:25:50.917859] [I][readINI] Current_ON = 1
[2020/07/31 16:25:50.919915] [I][readINI] TX_Current_SpecMax = ['0.18', '0.18', '0.18'] A
[2020/07/31 16:25:50.923917] [I][readINI] TX_Current_SpecMin = ['0.045', '0.045', '0.045'] A
[2020/07/31 16:25:50.927328] [I][readINI] TX_Power_SpecMax = ['12', '12', '12'] dBm
[2020/07/31 16:25:50.929366] [I][readINI] TX_Power_SpecMin = ['6', '6', '6'] dBm
[2020/07/31 16:25:50.934906] [I][readINI] ---------- Test Plan 1 ----------
[2020/07/31 16:25:50.938067] [I][readINI] ---------- Test Plan 2 ----------
[2020/07/31 16:25:50.940104] [I][readINI] TestPlan2 = ZIGBEE_2450;19/2445;RX_RSSI
[2020/07/31 16:25:50.943085] [I][readINI] CableLoss = ['8.9'] dBm
[2020/07/31 16:25:50.946090] [I][readINI] RX_Cell_Power = ['-25'] dBm
[2020/07/31 16:25:50.949098] [I][readINI] RX_LNAON_RSSI_SpecMax = ['-9'] %
[2020/07/31 16:25:50.951140] [I][readINI] RX_LNAON_RSSI_SpecMin = ['-18'] %
[2020/07/31 16:25:50.953139] [I][readINI] RX_LNAOFF_RSSI_SpecMax = ['-24'] %
[2020/07/31 16:25:50.956118] [I][readINI] RX_LNAOFF_RSSI_SpecMin = ['-30'] %
[2020/07/31 16:25:50.960716] [I][readINI] ---------- Test Plan 2 ----------
[2020/07/31 16:25:50.968935] [I][readINI] StartButton_ON = 0
[2020/07/31 16:25:50.970931] [I][readINI] FailAutoExit = True
[2020/07/31 16:25:50.974034] [I][readINI] FailRetryAll = True
[2020/07/31 16:25:50.977028] [I][readINI] RFDatabase = True
[2020/07/31 16:25:50.980034] [I][readINI] EC = 010000S01
[2020/07/31 16:25:50.982424] [I][readINI] ---------- INI ----------
[2020/07/31 16:25:50.986441] [I][readInstrumentINI] ---------- Common ----------
[2020/07/31 16:25:50.989446] [I][readInstrumentINI] Instrument_Name = E6640A
[2020/07/31 16:25:50.992454] [I][readInstrumentINI] Instrument_IP_Addr = TCPIP0::192.168.1.2::hislip0::INSTR
[2020/07/31 16:25:50.995466] [I][readInstrumentINI] PowerSupplier_Name = 66321B
[2020/07/31 16:25:50.998470] [I][readInstrumentINI] PowerSupplier_Addr = GPIB0::5::INSTR
[2020/07/31 16:25:51.001843] [I][readInstrumentINI] Current_Delay = 0.5
[2020/07/31 16:25:51.003851] [I][readInstrumentINI] ---------- Common ----------
[2020/07/31 16:25:51.006862] [I][readInstrumentINI] ---------- ZIGBEE_2450 ----------
[2020/07/31 16:25:51.009867] [I][readInstrumentINI] RFIO_Input = 1
[2020/07/31 16:25:51.012875] [I][readInstrumentINI] Tx_Span = 10000.0 kHz
[2020/07/31 16:25:51.016888] [I][readInstrumentINI] Tx_PowRange = 20.0 dBm
[2020/07/31 16:25:51.019894] [I][readInstrumentINI] Tx_SymbolRate = 1000.0 kHz
[2020/07/31 16:25:51.022902] [I][readInstrumentINI] Tx_MeasInterval = 500
[2020/07/31 16:25:51.026955] [I][readInstrumentINI] Tx_TrigLevel = 30.0 mV
[2020/07/31 16:25:51.030923] [I][readInstrumentINI] Tx_TrigDelay = 0.3 ms
[2020/07/31 16:25:51.034206] [I][readInstrumentINI] RFIO_Output = 1
[2020/07/31 16:25:51.037217] [I][readInstrumentINI] ---------- ZIGBEE_2450 ----------
[2020/07/31 16:25:51.041227] ---------- StartTest ----------
[2020/07/31 16:25:51.051258] [I][chkDUTConnect] Connect to DUT
[2020/07/31 16:25:51.061005] [I][chkDUTConnect] Check DUT status
[2020/07/31 16:25:51.897648] [I][chkDUTConnect] Success
[2020/07/31 16:25:51.908883] [I][chkE6640AConnect] Connect to E6640A
[2020/07/31 16:25:53.016607] [I][chkE6640AConnect] Preset E6640A status
[2020/07/31 16:25:54.104292] [I][chkE6640AConnect] success
[2020/07/31 16:25:54.356281] ---------- Test Plan 1 ----------
[2020/07/31 16:25:54.360805] [I][startTestPlan]---------- ZIGBEE_2450 Freq 2425 ----------
[2020/07/31 16:25:54.364102] [I][startTestPlan]---------- Measure Tx Start ----------
[2020/07/31 16:25:54.367111] [I][startTestPlan] Preset E6640A
[2020/07/31 16:25:55.400596] [I][startTestPlan] Success
[2020/07/31 16:25:55.407570] [I][startTestPlan] Set Tx Start
[2020/07/31 16:25:57.790819] [I][startTestPlan] Success
[2020/07/31 16:25:57.794830] [I][startTestPlan] Set DUT Tx
[2020/07/31 16:26:03.683773] [I][startTestPlan] Success
[2020/07/31 16:26:03.686784] [I][startTestPlan] Start DUT Tx
[2020/07/31 16:26:06.212350] [I][startTestPlan] Success
[2020/07/31 16:26:07.848181] [I][startTestPlan] 9.521999999999998, 11.499, 14.728
[2020/07/31 16:26:08.405003] [I][startTestPlan] 0.081
[2020/07/31 16:26:08.411976] [I][startTestPlan] Stop DUT Tx
[2020/07/31 16:26:09.270759] [I][startTestPlan] Success
[2020/07/31 16:26:09.276319] [I][startTestPlan] Power: 9.521999999999998 dBm
[2020/07/31 16:26:09.280332] [I][startTestPlan] Freq Err: 11.499 ppm
[2020/07/31 16:26:09.284156] [I][startTestPlan] EVM: 14.728 %
[2020/07/31 16:26:09.287166] [I][startTestPlan] Current: 0.081 A
[2020/07/31 16:26:09.291176] [I][startTestPlan] Check Tx Result
[2020/07/31 16:26:09.295154] [I][startBTTest] Tx Test Time: 14.935
[2020/07/31 16:26:09.299166] [I][startTestPlan]---------- ZIGBEE_2450 Freq 2455 ----------
[2020/07/31 16:26:09.303567] [I][startTestPlan]---------- Measure Tx Start ----------
[2020/07/31 16:26:09.307424] [I][startTestPlan] Preset E6640A
[2020/07/31 16:26:10.577833] [I][startTestPlan] Success
[2020/07/31 16:26:10.589863] [I][startTestPlan] Set Tx Start
[2020/07/31 16:26:13.015955] [I][startTestPlan] Success
[2020/07/31 16:26:13.019973] [I][startTestPlan] Set DUT Tx
[2020/07/31 16:26:18.952041] [I][startTestPlan] Success
[2020/07/31 16:26:18.956015] [I][startTestPlan] Start DUT Tx
[2020/07/31 16:26:21.478447] [I][startTestPlan] Success
[2020/07/31 16:26:23.030615] [I][startTestPlan] 10.332, 11.502, 14.121
[2020/07/31 16:26:23.586576] [I][startTestPlan] 0.08
[2020/07/31 16:26:23.591596] [I][startTestPlan] Stop DUT Tx
[2020/07/31 16:26:24.451177] [I][startTestPlan] Success
[2020/07/31 16:26:24.455355] [I][startTestPlan] Calibration
[2020/07/31 16:26:24.459356] [I][startTestPlan] Calculate DUT Tx Power
[2020/07/31 16:26:24.463396] [I][startTestPlan] DUT Tx Power: -1
[2020/07/31 16:26:24.467421] [I][startTestPlan] Measure again
[2020/07/31 16:26:24.471430] [I][startTestPlan] Set DUT Tx
[2020/07/31 16:26:30.417936] [I][startTestPlan] Success
[2020/07/31 16:26:30.421986] [I][startTestPlan] Start DUT Tx
[2020/07/31 16:26:32.968883] [I][startTestPlan] Success
[2020/07/31 16:26:34.526182] [I][startTestPlan] 9.209, 11.494, 14.327
[2020/07/31 16:26:35.091988] [I][startTestPlan] 0.079
[2020/07/31 16:26:35.097003] [I][startTestPlan] Stop DUT Tx
[2020/07/31 16:26:35.947144] [I][startTestPlan] Success
[2020/07/31 16:26:35.950348] [I][startTestPlan] Power: 9.209 dBm
[2020/07/31 16:26:35.954629] [I][startTestPlan] Freq Err: 11.494 ppm
[2020/07/31 16:26:35.958293] [I][startTestPlan] EVM: 14.327 %
[2020/07/31 16:26:35.962349] [I][startTestPlan] Current: 0.079 A
[2020/07/31 16:26:35.966897] [I][startTestPlan] Check Tx Result
[2020/07/31 16:26:35.969913] [I][startBTTest] Tx Test Time: 26.672
[2020/07/31 16:26:35.975318] [I][startTestPlan]---------- ZIGBEE_2450 Freq 2470 ----------
[2020/07/31 16:26:35.978985] [I][startTestPlan]---------- Measure Tx Start ----------
[2020/07/31 16:26:35.982998] [I][startTestPlan] Preset E6640A
[2020/07/31 16:26:37.254053] [I][startTestPlan] Success
[2020/07/31 16:26:37.258070] [I][startTestPlan] Set Tx Start
[2020/07/31 16:26:39.695578] [I][startTestPlan] Success
[2020/07/31 16:26:39.699587] [I][startTestPlan] Set DUT Tx
[2020/07/31 16:26:45.657963] [I][startTestPlan] Success
[2020/07/31 16:26:45.663879] [I][startTestPlan] Start DUT Tx
[2020/07/31 16:26:48.212012] [I][startTestPlan] Success
[2020/07/31 16:26:49.875458] [I][startTestPlan] 10.875, 11.473, 15.023
[2020/07/31 16:26:50.435495] [I][startTestPlan] 0.079
[2020/07/31 16:26:50.443545] [I][startTestPlan] Stop DUT Tx
[2020/07/31 16:26:51.301723] [I][startTestPlan] Success
[2020/07/31 16:26:51.305698] [I][startTestPlan] Calibration
[2020/07/31 16:26:51.310712] [I][startTestPlan] Calculate DUT Tx Power
[2020/07/31 16:26:51.314451] [I][startTestPlan] DUT Tx Power: -2
[2020/07/31 16:26:51.317516] [I][startTestPlan] Measure again
[2020/07/31 16:26:51.321529] [I][startTestPlan] Set DUT Tx
[2020/07/31 16:26:57.289265] [I][startTestPlan] Success
[2020/07/31 16:26:57.292307] [I][startTestPlan] Start DUT Tx
[2020/07/31 16:26:59.853956] [I][startTestPlan] Success
[2020/07/31 16:27:01.528877] [I][startTestPlan] 8.897, 11.46, 13.321
[2020/07/31 16:27:02.088244] [I][startTestPlan] 0.079
[2020/07/31 16:27:02.095314] [I][startTestPlan] Stop DUT Tx
[2020/07/31 16:27:02.957518] [I][startTestPlan] Success
[2020/07/31 16:27:02.961547] [I][startTestPlan] Power: 8.897 dBm
[2020/07/31 16:27:02.965542] [I][startTestPlan] Freq Err: 11.46 ppm
[2020/07/31 16:27:02.969582] [I][startTestPlan] EVM: 13.321 %
[2020/07/31 16:27:02.973601] [I][startTestPlan] Current: 0.079 A
[2020/07/31 16:27:02.978199] [I][startTestPlan] Check Tx Result
[2020/07/31 16:27:02.981208] [I][startBTTest] Tx Test Time: 27.007
[2020/07/31 16:27:02.986054] ---------- Test Plan 2 ----------
[2020/07/31 16:27:02.989064] [I][startTestPlan]---------- ZIGBEE_2450 Freq 2445 ----------
[2020/07/31 16:27:02.993113] [I][startTestPlan]---------- Measure Rx Start ----------
[2020/07/31 16:27:02.997222] [I][startTestPlan] Preset E6640A
[2020/07/31 16:27:04.270905] [I][startTestPlan] Success
[2020/07/31 16:27:04.273914] [I][startTestPlan]---------- LNA ON ----------
[2020/07/31 16:27:04.277925] [I][startTestPlan] Set Rx one tone
[2020/07/31 16:27:04.324174] [I][startTestPlan] Success
[2020/07/31 16:27:04.327183] [I][startTestPlan] Set DUT Rx
[2020/07/31 16:27:08.591292] [I][startTestPlan] Success
[2020/07/31 16:27:13.665272] [I][startTestPlan] Success
[2020/07/31 16:27:18.613818] [I][startTestPlan] Rx RSSI: -16 dBm
[2020/07/31 16:27:18.627512] [I][startTestPlan]---------- LNA OFF ----------
[2020/07/31 16:27:18.630484] [I][startTestPlan] Set Rx one tone
[2020/07/31 16:27:18.681082] [I][startTestPlan] Success
[2020/07/31 16:27:18.684054] [I][startTestPlan] Set DUT Rx
[2020/07/31 16:27:22.942517] [I][startTestPlan] Success
[2020/07/31 16:27:27.196641] [I][startTestPlan] Success
[2020/07/31 16:27:31.727671] [I][startTestPlan] Rx RSSI: -28 dBm
[2020/07/31 16:27:31.740773] [I][startTestPlan] Check Rx Result
[2020/07/31 16:27:31.744365] [I][startBTTest] Rx Test Time: 28.755
[2020/07/31 16:27:31.748419] [I][startBTTest] Copy calibration data
[2020/07/31 16:27:31.760719] [I][startBTTest] Write Calibration Data
[2020/07/31 16:27:32.459726] [I][TestResult] Test Pass!
