[2020/07/29 03:09:39.675774] ========== Start ==========
[2020/07/29 03:09:39.678783] [I][main] Python 3.7.2 (tags/v3.7.2:9a3ffc0492, Dec 23 2018, 23:09:28) [MSC v.1916 64 bit (AMD64)]
[2020/07/29 03:09:39.680823] [I][main] GFI20_RF_Zigbee.py 3.0.0.3
[2020/07/29 03:09:39.684003] [I][readINI] ---------- INI ----------
[2020/07/29 03:09:39.685662] [I][readINI] SKU = 1
[2020/07/29 03:09:39.686666] [I][readINI] InstrumentINI = GFI20_Zigbee_Instrument_Setting
[2020/07/29 03:09:39.688671] [I][readINI] ---------- Test Plan 1 ----------
[2020/07/29 03:09:39.690678] [I][readINI] TestPlan1 = ZIGBEE_2450;15/2425,21/2455,24/2470;TX_Power
[2020/07/29 03:09:39.694689] [I][readINI] CableLoss = ['8.2', '8.9', '8.8'] dBm
[2020/07/29 03:09:39.698929] [I][readINI] TX_Power = ['0', '0', '0'] dBm
[2020/07/29 03:09:39.699933] [I][readINI] Calibration_ON = 1
[2020/07/29 03:09:39.701939] [I][readINI] Ca_Tx_Power_Target = ['9.2', '9.2', '9.2']
[2020/07/29 03:09:39.704049] [I][readINI] Ca_Tx_Power_Gap = ['0.5', '0.5', '0.5']
[2020/07/29 03:09:39.706057] [I][readINI] Ca_Tx_Power_Offset = ['0.86', '0.86', '0.86']
[2020/07/29 03:09:39.708092] [I][readINI] Current_ON = 1
[2020/07/29 03:09:39.710108] [I][readINI] TX_Current_SpecMax = ['0.18', '0.18', '0.18'] A
[2020/07/29 03:09:39.713083] [I][readINI] TX_Current_SpecMin = ['0.045', '0.045', '0.045'] A
[2020/07/29 03:09:39.715313] [I][readINI] TX_Power_SpecMax = ['12', '12', '12'] dBm
[2020/07/29 03:09:39.716317] [I][readINI] TX_Power_SpecMin = ['6', '6', '6'] dBm
[2020/07/29 03:09:39.719651] [I][readINI] ---------- Test Plan 1 ----------
[2020/07/29 03:09:39.721698] [I][readINI] ---------- Test Plan 2 ----------
[2020/07/29 03:09:39.723785] [I][readINI] TestPlan2 = ZIGBEE_2450;19/2445;RX_RSSI
[2020/07/29 03:09:39.725792] [I][readINI] CableLoss = ['8.9'] dBm
[2020/07/29 03:09:39.728027] [I][readINI] RX_Cell_Power = ['-25'] dBm
[2020/07/29 03:09:39.730033] [I][readINI] RX_LNAON_RSSI_SpecMax = ['-9'] %
[2020/07/29 03:09:39.732038] [I][readINI] RX_LNAON_RSSI_SpecMin = ['-18'] %
[2020/07/29 03:09:39.734043] [I][readINI] RX_LNAOFF_RSSI_SpecMax = ['-24'] %
[2020/07/29 03:09:39.736049] [I][readINI] RX_LNAOFF_RSSI_SpecMin = ['-30'] %
[2020/07/29 03:09:39.739058] [I][readINI] ---------- Test Plan 2 ----------
[2020/07/29 03:09:39.742066] [I][readINI] StartButton_ON = 0
[2020/07/29 03:09:39.744070] [I][readINI] FailAutoExit = True
[2020/07/29 03:09:39.746075] [I][readINI] FailRetryAll = True
[2020/07/29 03:09:39.749084] [I][readINI] RFDatabase = True
[2020/07/29 03:09:39.751089] [I][readINI] EC = 010000S01
[2020/07/29 03:09:39.753094] [I][readINI] ---------- INI ----------
[2020/07/29 03:09:39.756102] [I][readInstrumentINI] ---------- Common ----------
[2020/07/29 03:09:39.759137] [I][readInstrumentINI] Instrument_Name = E6640A
[2020/07/29 03:09:39.761132] [I][readInstrumentINI] Instrument_IP_Addr = TCPIP0::192.168.1.2::hislip0::INSTR
[2020/07/29 03:09:39.764337] [I][readInstrumentINI] PowerSupplier_Name = 66321B
[2020/07/29 03:09:39.766343] [I][readInstrumentINI] PowerSupplier_Addr = GPIB0::5::INSTR
[2020/07/29 03:09:39.768348] [I][readInstrumentINI] Current_Delay = 0.5
[2020/07/29 03:09:39.771357] [I][readInstrumentINI] ---------- Common ----------
[2020/07/29 03:09:39.773667] [I][readInstrumentINI] ---------- ZIGBEE_2450 ----------
[2020/07/29 03:09:39.775688] [I][readInstrumentINI] RFIO_Input = 1
[2020/07/29 03:09:39.778683] [I][readInstrumentINI] Tx_Span = 10000.0 kHz
[2020/07/29 03:09:39.780691] [I][readInstrumentINI] Tx_PowRange = 20.0 dBm
[2020/07/29 03:09:39.783696] [I][readInstrumentINI] Tx_SymbolRate = 1000.0 kHz
[2020/07/29 03:09:39.785702] [I][readInstrumentINI] Tx_MeasInterval = 500
[2020/07/29 03:09:39.788710] [I][readInstrumentINI] Tx_TrigLevel = 30.0 mV
[2020/07/29 03:09:39.791213] [I][readInstrumentINI] Tx_TrigDelay = 0.3 ms
[2020/07/29 03:09:39.793719] [I][readInstrumentINI] RFIO_Output = 1
[2020/07/29 03:09:39.795761] [I][readInstrumentINI] ---------- ZIGBEE_2450 ----------
[2020/07/29 03:09:39.798734] ---------- StartTest ----------
[2020/07/29 03:09:39.849005] [I][chkDUTConnect] Connect to DUT
[2020/07/29 03:09:39.858217] [I][chkDUTConnect] Check DUT status
[2020/07/29 03:09:40.691324] [I][chkDUTConnect] Success
[2020/07/29 03:09:40.705175] [I][chkE6640AConnect] Connect to E6640A
[2020/07/29 03:09:41.606937] [I][chkE6640AConnect] Preset E6640A status
[2020/07/29 03:09:42.513286] [I][chkE6640AConnect] success
[2020/07/29 03:09:42.762118] ---------- Test Plan 1 ----------
[2020/07/29 03:09:42.765127] [I][startTestPlan]---------- ZIGBEE_2450 Freq 2425 ----------
[2020/07/29 03:09:42.768734] [I][startTestPlan]---------- Measure Tx Start ----------
[2020/07/29 03:09:42.771745] [I][startTestPlan] Preset E6640A
[2020/07/29 03:09:43.647950] [I][startTestPlan] Success
[2020/07/29 03:09:43.650962] [I][startTestPlan] Set Tx Start
[2020/07/29 03:09:46.072956] [I][startTestPlan] Success
[2020/07/29 03:09:46.075959] [I][startTestPlan] Set DUT Tx
[2020/07/29 03:09:51.939714] [I][startTestPlan] Success
[2020/07/29 03:09:51.943960] [I][startTestPlan] Start DUT Tx
[2020/07/29 03:09:54.462851] [I][startTestPlan] Success
[2020/07/29 03:09:55.964394] [I][startTestPlan] 9.777999999999999, 13.706, 14.245
[2020/07/29 03:09:56.519304] [I][startTestPlan] 0.097
[2020/07/29 03:09:56.523316] [I][startTestPlan] Stop DUT Tx
[2020/07/29 03:09:57.352971] [I][startTestPlan] Success
[2020/07/29 03:09:57.358273] [I][startTestPlan] Calibration
[2020/07/29 03:09:57.364333] [I][startTestPlan] Calculate DUT Tx Power
[2020/07/29 03:09:57.368306] [I][startTestPlan] DUT Tx Power: -1
[2020/07/29 03:09:57.372982] [I][startTestPlan] Measure again
[2020/07/29 03:09:57.377034] [I][startTestPlan] Set DUT Tx
[2020/07/29 03:10:03.304120] [I][startTestPlan] Success
[2020/07/29 03:10:03.307178] [I][startTestPlan] Start DUT Tx
[2020/07/29 03:10:05.842205] [I][startTestPlan] Success
[2020/07/29 03:10:07.392715] [I][startTestPlan] 8.52, 13.646, 14.493
[2020/07/29 03:10:07.957797] [I][startTestPlan] 0.103
[2020/07/29 03:10:07.964834] [I][startTestPlan] Stop DUT Tx
[2020/07/29 03:10:08.804936] [I][startTestPlan] Success
[2020/07/29 03:10:08.807942] [I][startTestPlan] Power: 8.52 dBm
[2020/07/29 03:10:08.811816] [I][startTestPlan] Freq Err: 13.646 ppm
[2020/07/29 03:10:08.813822] [I][startTestPlan] EVM: 14.493 %
[2020/07/29 03:10:08.816832] [I][startTestPlan] Current: 0.103 A
[2020/07/29 03:10:08.820868] [I][startTestPlan] Check Tx Result
[2020/07/29 03:10:08.823877] [I][startBTTest] Tx Test Time: 26.058
[2020/07/29 03:10:08.826887] [I][startTestPlan]---------- ZIGBEE_2450 Freq 2455 ----------
[2020/07/29 03:10:08.829894] [I][startTestPlan]---------- Measure Tx Start ----------
[2020/07/29 03:10:08.833133] [I][startTestPlan] Preset E6640A
[2020/07/29 03:10:10.070490] [I][startTestPlan] Success
[2020/07/29 03:10:10.077528] [I][startTestPlan] Set Tx Start
[2020/07/29 03:10:12.490344] [I][startTestPlan] Success
[2020/07/29 03:10:12.494044] [I][startTestPlan] Set DUT Tx
[2020/07/29 03:10:18.495194] [I][startTestPlan] Success
[2020/07/29 03:10:18.498204] [I][startTestPlan] Start DUT Tx
[2020/07/29 03:10:21.028584] [I][startTestPlan] Success
[2020/07/29 03:10:22.619458] [I][startTestPlan] 10.117, 13.593, 15.253
[2020/07/29 03:10:23.183754] [I][startTestPlan] 0.08
[2020/07/29 03:10:23.186824] [I][startTestPlan] Stop DUT Tx
[2020/07/29 03:10:24.045353] [I][startTestPlan] Success
[2020/07/29 03:10:24.050026] [I][startTestPlan] Calibration
[2020/07/29 03:10:24.053216] [I][startTestPlan] Calculate DUT Tx Power
[2020/07/29 03:10:24.056230] [I][startTestPlan] DUT Tx Power: -1
[2020/07/29 03:10:24.059234] [I][startTestPlan] Measure again
[2020/07/29 03:10:24.063095] [I][startTestPlan] Set DUT Tx
[2020/07/29 03:10:30.135990] [I][startTestPlan] Success
[2020/07/29 03:10:30.139203] [I][startTestPlan] Start DUT Tx
[2020/07/29 03:10:32.704055] [I][startTestPlan] Success
[2020/07/29 03:10:34.346357] [I][startTestPlan] 8.927, 13.549, 14.565
[2020/07/29 03:10:34.905197] [I][startTestPlan] 0.096
[2020/07/29 03:10:34.913232] [I][startTestPlan] Stop DUT Tx
[2020/07/29 03:10:35.753195] [I][startTestPlan] Success
[2020/07/29 03:10:35.756206] [I][startTestPlan] Power: 8.927 dBm
[2020/07/29 03:10:35.760217] [I][startTestPlan] Freq Err: 13.549 ppm
[2020/07/29 03:10:35.763252] [I][startTestPlan] EVM: 14.565 %
[2020/07/29 03:10:35.766269] [I][startTestPlan] Current: 0.096 A
[2020/07/29 03:10:35.769240] [I][startTestPlan] Check Tx Result
[2020/07/29 03:10:35.773250] [I][startBTTest] Tx Test Time: 26.947
[2020/07/29 03:10:35.776297] [I][startTestPlan]---------- ZIGBEE_2450 Freq 2470 ----------
[2020/07/29 03:10:35.779268] [I][startTestPlan]---------- Measure Tx Start ----------
[2020/07/29 03:10:35.783278] [I][startTestPlan] Preset E6640A
[2020/07/29 03:10:37.019243] [I][startTestPlan] Success
[2020/07/29 03:10:37.023645] [I][startTestPlan] Set Tx Start
[2020/07/29 03:10:39.449826] [I][startTestPlan] Success
[2020/07/29 03:10:39.453838] [I][startTestPlan] Set DUT Tx
[2020/07/29 03:10:45.385651] [I][startTestPlan] Success
[2020/07/29 03:10:45.388661] [I][startTestPlan] Start DUT Tx
[2020/07/29 03:10:47.934890] [I][startTestPlan] Success
[2020/07/29 03:10:49.525473] [I][startTestPlan] 10.357000000000001, 13.537, 14.072
[2020/07/29 03:10:50.085511] [I][startTestPlan] 0.102
[2020/07/29 03:10:50.092711] [I][startTestPlan] Stop DUT Tx
[2020/07/29 03:10:50.935412] [I][startTestPlan] Success
[2020/07/29 03:10:50.939375] [I][startTestPlan] Calibration
[2020/07/29 03:10:50.942427] [I][startTestPlan] Calculate DUT Tx Power
[2020/07/29 03:10:50.947396] [I][startTestPlan] DUT Tx Power: -1
[2020/07/29 03:10:50.950404] [I][startTestPlan] Measure again
[2020/07/29 03:10:50.954415] [I][startTestPlan] Set DUT Tx
[2020/07/29 03:10:57.049584] [I][startTestPlan] Success
[2020/07/29 03:10:57.053601] [I][startTestPlan] Start DUT Tx
[2020/07/29 03:10:59.608612] [I][startTestPlan] Success
[2020/07/29 03:11:01.286836] [I][startTestPlan] 9.467, 13.487, 13.519
[2020/07/29 03:11:01.841862] [I][startTestPlan] 0.08
[2020/07/29 03:11:01.847899] [I][startTestPlan] Stop DUT Tx
[2020/07/29 03:11:02.698492] [I][startTestPlan] Success
[2020/07/29 03:11:02.702503] [I][startTestPlan] Power: 9.467 dBm
[2020/07/29 03:11:02.705943] [I][startTestPlan] Freq Err: 13.487 ppm
[2020/07/29 03:11:02.708989] [I][startTestPlan] EVM: 13.519 %
[2020/07/29 03:11:02.711961] [I][startTestPlan] Current: 0.08 A
[2020/07/29 03:11:02.716026] [I][startTestPlan] Check Tx Result
[2020/07/29 03:11:02.718980] [I][startBTTest] Tx Test Time: 26.943
[2020/07/29 03:11:02.722991] ---------- Test Plan 2 ----------
[2020/07/29 03:11:02.727002] [I][startTestPlan]---------- ZIGBEE_2450 Freq 2445 ----------
[2020/07/29 03:11:02.730057] [I][startTestPlan]---------- Measure Rx Start ----------
[2020/07/29 03:11:02.734020] [I][startTestPlan] Preset E6640A
[2020/07/29 03:11:03.978190] [I][startTestPlan] Success
[2020/07/29 03:11:03.982236] [I][startTestPlan]---------- LNA ON ----------
[2020/07/29 03:11:03.986248] [I][startTestPlan] Set Rx one tone
[2020/07/29 03:11:04.036541] [I][startTestPlan] Success
[2020/07/29 03:11:04.040685] [I][startTestPlan] Set DUT Rx
[2020/07/29 03:11:08.434332] [I][startTestPlan] Success
[2020/07/29 03:11:13.528853] [I][startTestPlan] Success
[2020/07/29 03:11:18.606858] [I][startTestPlan] Rx RSSI: -15 dBm
[2020/07/29 03:11:18.622561] [I][startTestPlan]---------- LNA OFF ----------
[2020/07/29 03:11:18.625552] [I][startTestPlan] Set Rx one tone
[2020/07/29 03:11:18.667763] [I][startTestPlan] Success
[2020/07/29 03:11:18.671775] [I][startTestPlan] Set DUT Rx
[2020/07/29 03:11:22.956070] [I][startTestPlan] Success
[2020/07/29 03:11:27.234410] [I][startTestPlan] Success
[2020/07/29 03:11:32.211755] [I][startTestPlan] Rx RSSI: -28 dBm
[2020/07/29 03:11:32.226895] [I][startTestPlan] Check Rx Result
[2020/07/29 03:11:32.230576] [I][startBTTest] Rx Test Time: 29.504
[2020/07/29 03:11:32.234392] [I][startBTTest] Copy calibration data
[2020/07/29 03:11:32.242415] [I][startBTTest] Write Calibration Data
[2020/07/29 03:11:32.712383] [I][TestResult] Test Pass!
