[2020/07/29 01:18:49.304597][I][class_GFI20] Initial class_GFI20
[2020/07/29 01:18:49.309314][I][connectDUT] COM: COM20, BaudRate: 115200
[2020/07/29 01:18:49.314037][I][connectDUT] Connect DUT success
[2020/07/29 01:18:49.318050][I][setScimitarMenu] Set Scimitar menu
[2020/07/29 01:18:49.522615][I][sendCOMCommand] DUT <= x
[2020/07/29 01:18:49.629929][I][sendCOMCommand] Serial buffer size: 7
[2020/07/29 01:18:50.141065][I][sendCOMCommand] DUT => x
$>

[2020/07/29 01:18:50.147890][I][setScimitarMenu] Success
[2020/07/29 01:18:55.413985][I][setZigbee_Tx] ZIGBEE_2450 CH: 15, Tx PWR: 0 dBm
[2020/07/29 01:18:55.416993][I][setScimitarMenu] Set Scimitar menu
[2020/07/29 01:18:55.620692][I][sendCOMCommand] DUT <= x
[2020/07/29 01:18:55.730967][I][sendCOMCommand] Serial buffer size: 7
[2020/07/29 01:18:56.245744][I][sendCOMCommand] DUT => x
$>

[2020/07/29 01:18:56.252770][I][setScimitarMenu] Success
[2020/07/29 01:18:56.254981][I][setZigbeeMenu] Check Zigbee Menu
[2020/07/29 01:18:56.457756][I][sendCOMCommand] DUT <= 2
[2020/07/29 01:18:56.568531][I][sendCOMCommand] Serial buffer size: 22
[2020/07/29 01:18:57.080368][I][sendCOMCommand] DUT => 2
$2_Zigbee(EM357)>

[2020/07/29 01:18:57.086390][I][setZigbeeMenu] Success
[2020/07/29 01:18:57.089442][I][setZigbee_Tx] Set Diagnostics Menu
[2020/07/29 01:18:57.292646][I][sendCOMCommand] DUT <= d
[2020/07/29 01:18:57.401078][I][sendCOMCommand] Serial buffer size: 22
[2020/07/29 01:18:57.915330][I][sendCOMCommand] DUT => d
$2-d_Diagnostics>

[2020/07/29 01:18:57.918513][I][setZigbee_Tx] Success
[2020/07/29 01:18:57.920520][I][setZigbee_Tx] Set Channel Menu
[2020/07/29 01:18:58.124648][I][sendCOMCommand] DUT <= 2
[2020/07/29 01:18:58.232935][I][sendCOMCommand] Serial buffer size: 66
[2020/07/29 01:18:58.746070][I][sendCOMCommand] DUT => 2
$2-d-2_Set Channel (11 => 26) [0B - 1A by HEX]>
$PARAMETER?>

[2020/07/29 01:18:58.753063][I][setZigbee_Tx] Success
[2020/07/29 01:18:58.756051][I][setZigbee_Tx] Set Channel
[2020/07/29 01:18:58.958362][I][sendCOMCommand] DUT <= 0F
[2020/07/29 01:18:59.065448][I][sendCOMCommand] Serial buffer size: 53
[2020/07/29 01:18:59.575212][I][sendCOMCommand] DUT => Set Channel: 15 (0x0F)
$DONE_OK
$2-d_Diagnostics>

[2020/07/29 01:18:59.581832][I][setZigbee_Tx] Success
[2020/07/29 01:18:59.584023][I][setZigbee_Tx] Set PWR Menu
[2020/07/29 01:18:59.787637][I][sendCOMCommand] DUT <= 3
[2020/07/29 01:18:59.896007][I][sendCOMCommand] Serial buffer size: 79
[2020/07/29 01:19:00.404976][I][sendCOMCommand] DUT => 3
$2-d-3_Set Power (-32 => +8dBm, Step=1dB) [-2B - 08 by HEX]>
$PARAMETER?>

[2020/07/29 01:19:00.415001][I][setZigbee_Tx] Success
[2020/07/29 01:19:00.422019][I][setZigbee_Tx] Set Tx PWR
[2020/07/29 01:19:00.626805][I][sendCOMCommand] DUT <= 00
[2020/07/29 01:19:00.734752][I][sendCOMCommand] Serial buffer size: 31
[2020/07/29 01:19:00.745822][W][sendCOMCommand] Buffer not empty!!!
[2020/07/29 01:19:00.751792][I][sendCOMCommand] Serial buffer size: 2
[2020/07/29 01:19:01.260018][I][sendCOMCommand] DUT => Set Power: 0 (0x00)
$DONE_OK
$2-d_Diagnostics>

[2020/07/29 01:19:01.267065][I][setZigbee_Tx] Success
[2020/07/29 01:19:01.277194][I][setScimitarMenu] Set Scimitar menu
[2020/07/29 01:19:01.481710][I][sendCOMCommand] DUT <= x
[2020/07/29 01:19:01.594706][I][sendCOMCommand] Serial buffer size: 22
[2020/07/29 01:19:02.106384][I][sendCOMCommand] DUT => x
$2_Zigbee(EM357)>

[2020/07/29 01:19:02.315424][I][sendCOMCommand] DUT <= x
[2020/07/29 01:19:02.422293][I][sendCOMCommand] Serial buffer size: 7
[2020/07/29 01:19:02.933394][I][sendCOMCommand] DUT => x
$>

[2020/07/29 01:19:02.944484][I][setScimitarMenu] Success
[2020/07/29 01:19:02.951160][I][setZigbeeMenu] Check Zigbee Menu
[2020/07/29 01:19:03.155201][I][sendCOMCommand] DUT <= 2
[2020/07/29 01:19:03.263131][I][sendCOMCommand] Serial buffer size: 22
[2020/07/29 01:19:03.779935][I][sendCOMCommand] DUT => 2
$2_Zigbee(EM357)>

[2020/07/29 01:19:03.786961][I][setZigbeeMenu] Success
[2020/07/29 01:19:03.790245][I][setTxStart] Set Tx start
[2020/07/29 01:19:05.878789][I][setTxStop] Set Tx stop
[2020/07/29 01:19:06.082521][I][sendCOMCommand] DUT <= 5
[2020/07/29 01:19:06.189935][I][sendCOMCommand] Serial buffer size: 202
[2020/07/29 01:19:06.707151][I][sendCOMCommand] DUT => [mfglib]Send Packet(100 bytes)
[mfglib]Send Packet(100 bytes)
5[mfglib]Send Packet(100 bytes)

ZigBee send packet test end.
Total number of emberStatus errors:0
$[0]
$DONE_OK
$2_Zigbee(EM357)>

[2020/07/29 01:19:06.715144][I][setTxStop] Success
[2020/07/29 01:19:06.738181][I][setZigbee_Tx] ZIGBEE_2450 CH: 15, Tx PWR: -1 dBm
[2020/07/29 01:19:06.741191][I][setScimitarMenu] Set Scimitar menu
[2020/07/29 01:19:06.945537][I][sendCOMCommand] DUT <= x
[2020/07/29 01:19:07.059784][I][sendCOMCommand] Serial buffer size: 7
[2020/07/29 01:19:07.570609][I][sendCOMCommand] DUT => x
$>

[2020/07/29 01:19:07.578582][I][setScimitarMenu] Success
[2020/07/29 01:19:07.581633][I][setZigbeeMenu] Check Zigbee Menu
[2020/07/29 01:19:07.786547][I][sendCOMCommand] DUT <= 2
[2020/07/29 01:19:07.902767][I][sendCOMCommand] Serial buffer size: 22
[2020/07/29 01:19:08.420239][I][sendCOMCommand] DUT => 2
$2_Zigbee(EM357)>

[2020/07/29 01:19:08.434278][I][setZigbeeMenu] Success
[2020/07/29 01:19:08.441593][I][setZigbee_Tx] Set Diagnostics Menu
[2020/07/29 01:19:08.646412][I][sendCOMCommand] DUT <= d
[2020/07/29 01:19:08.753678][I][sendCOMCommand] Serial buffer size: 22
[2020/07/29 01:19:09.270392][I][sendCOMCommand] DUT => d
$2-d_Diagnostics>

[2020/07/29 01:19:09.278363][I][setZigbee_Tx] Success
[2020/07/29 01:19:09.281894][I][setZigbee_Tx] Set Channel Menu
[2020/07/29 01:19:09.486115][I][sendCOMCommand] DUT <= 2
[2020/07/29 01:19:09.602426][I][sendCOMCommand] Serial buffer size: 66
[2020/07/29 01:19:10.114252][I][sendCOMCommand] DUT => 2
$2-d-2_Set Channel (11 => 26) [0B - 1A by HEX]>
$PARAMETER?>

[2020/07/29 01:19:10.121277][I][setZigbee_Tx] Success
[2020/07/29 01:19:10.125106][I][setZigbee_Tx] Set Channel
[2020/07/29 01:19:10.329704][I][sendCOMCommand] DUT <= 0F
[2020/07/29 01:19:10.442608][I][sendCOMCommand] Serial buffer size: 53
[2020/07/29 01:19:10.952783][I][sendCOMCommand] DUT => Set Channel: 15 (0x0F)
$DONE_OK
$2-d_Diagnostics>

[2020/07/29 01:19:10.966872][I][setZigbee_Tx] Success
[2020/07/29 01:19:10.973858][I][setZigbee_Tx] Set PWR Menu
[2020/07/29 01:19:11.178590][I][sendCOMCommand] DUT <= 3
[2020/07/29 01:19:11.288106][I][sendCOMCommand] Serial buffer size: 79
[2020/07/29 01:19:11.806296][I][sendCOMCommand] DUT => 3
$2-d-3_Set Power (-32 => +8dBm, Step=1dB) [-2B - 08 by HEX]>
$PARAMETER?>

[2020/07/29 01:19:11.815318][I][setZigbee_Tx] Success
[2020/07/29 01:19:11.819454][I][setZigbee_Tx] Set Tx PWR
[2020/07/29 01:19:12.023980][I][sendCOMCommand] DUT <= FF
[2020/07/29 01:19:12.140108][I][sendCOMCommand] Serial buffer size: 57
[2020/07/29 01:19:12.649587][I][sendCOMCommand] DUT => Set Power: -1 (0xFFFFFFFF)
$DONE_OK
$2-d_Diagnostics>

[2020/07/29 01:19:12.657605][I][setZigbee_Tx] Success
[2020/07/29 01:19:12.667910][I][setScimitarMenu] Set Scimitar menu
[2020/07/29 01:19:12.872130][I][sendCOMCommand] DUT <= x
[2020/07/29 01:19:12.986616][I][sendCOMCommand] Serial buffer size: 22
[2020/07/29 01:19:13.503548][I][sendCOMCommand] DUT => x
$2_Zigbee(EM357)>

[2020/07/29 01:19:13.718684][I][sendCOMCommand] DUT <= x
[2020/07/29 01:19:13.827387][I][sendCOMCommand] Serial buffer size: 7
[2020/07/29 01:19:14.346523][I][sendCOMCommand] DUT => x
$>

[2020/07/29 01:19:14.351411][I][setScimitarMenu] Success
[2020/07/29 01:19:14.354420][I][setZigbeeMenu] Check Zigbee Menu
[2020/07/29 01:19:14.559913][I][sendCOMCommand] DUT <= 2
[2020/07/29 01:19:14.676199][I][sendCOMCommand] Serial buffer size: 22
[2020/07/29 01:19:15.187705][I][sendCOMCommand] DUT => 2
$2_Zigbee(EM357)>

[2020/07/29 01:19:15.195676][I][setZigbeeMenu] Success
[2020/07/29 01:19:15.199951][I][setTxStart] Set Tx start
[2020/07/29 01:19:17.299497][I][setTxStop] Set Tx stop
[2020/07/29 01:19:17.504711][I][sendCOMCommand] DUT <= 5
[2020/07/29 01:19:17.614066][I][sendCOMCommand] Serial buffer size: 183
[2020/07/29 01:19:17.729566][W][sendCOMCommand] Buffer not empty!!!
[2020/07/29 01:19:17.744662][I][sendCOMCommand] Serial buffer size: 19
[2020/07/29 01:19:18.256087][I][sendCOMCommand] DUT => [mfglib]Send Packet(100 bytes)
[mfglib]Send Packet(100 bytes)
[mfglib]Send Packet(100 bytes)
5
ZigBee send packet test end.
Total number of emberStatus errors:0
$[0]
$DONE_OK
$2_Zigbee(EM357)>

[2020/07/29 01:19:18.264116][I][setTxStop] Success
[2020/07/29 01:19:21.965066][I][setZigbee_Tx] ZIGBEE_2450 CH: 21, Tx PWR: 0 dBm
[2020/07/29 01:19:21.970100][I][setScimitarMenu] Set Scimitar menu
[2020/07/29 01:19:22.176608][I][sendCOMCommand] DUT <= x
[2020/07/29 01:19:22.286489][I][sendCOMCommand] Serial buffer size: 7
[2020/07/29 01:19:22.804589][I][sendCOMCommand] DUT => x
$>

[2020/07/29 01:19:22.812552][I][setScimitarMenu] Success
[2020/07/29 01:19:22.815560][I][setZigbeeMenu] Check Zigbee Menu
[2020/07/29 01:19:23.021072][I][sendCOMCommand] DUT <= 2
[2020/07/29 01:19:23.129751][I][sendCOMCommand] Serial buffer size: 22
[2020/07/29 01:19:23.642139][I][sendCOMCommand] DUT => 2
$2_Zigbee(EM357)>

[2020/07/29 01:19:23.649163][I][setZigbeeMenu] Success
[2020/07/29 01:19:23.653333][I][setZigbee_Tx] Set Diagnostics Menu
[2020/07/29 01:19:23.860582][I][sendCOMCommand] DUT <= d
[2020/07/29 01:19:23.969609][I][sendCOMCommand] Serial buffer size: 22
[2020/07/29 01:19:24.476902][I][sendCOMCommand] DUT => d
$2-d_Diagnostics>

[2020/07/29 01:19:24.490938][I][setZigbee_Tx] Success
[2020/07/29 01:19:24.498172][I][setZigbee_Tx] Set Channel Menu
[2020/07/29 01:19:24.703002][I][sendCOMCommand] DUT <= 2
[2020/07/29 01:19:24.811080][I][sendCOMCommand] Serial buffer size: 66
[2020/07/29 01:19:25.330280][I][sendCOMCommand] DUT => 2
$2-d-2_Set Channel (11 => 26) [0B - 1A by HEX]>
$PARAMETER?>

[2020/07/29 01:19:25.338291][I][setZigbee_Tx] Success
[2020/07/29 01:19:25.342094][I][setZigbee_Tx] Set Channel
[2020/07/29 01:19:25.546653][I][sendCOMCommand] DUT <= 15
[2020/07/29 01:19:25.663775][I][sendCOMCommand] Serial buffer size: 53
[2020/07/29 01:19:26.176877][I][sendCOMCommand] DUT => Set Channel: 21 (0x15)
$DONE_OK
$2-d_Diagnostics>

[2020/07/29 01:19:26.184890][I][setZigbee_Tx] Success
[2020/07/29 01:19:26.188802][I][setZigbee_Tx] Set PWR Menu
[2020/07/29 01:19:26.393410][I][sendCOMCommand] DUT <= 3
[2020/07/29 01:19:26.502879][I][sendCOMCommand] Serial buffer size: 79
[2020/07/29 01:19:27.013896][I][sendCOMCommand] DUT => 3
$2-d-3_Set Power (-32 => +8dBm, Step=1dB) [-2B - 08 by HEX]>
$PARAMETER?>

[2020/07/29 01:19:27.028885][I][setZigbee_Tx] Success
[2020/07/29 01:19:27.036901][I][setZigbee_Tx] Set Tx PWR
[2020/07/29 01:19:27.242432][I][sendCOMCommand] DUT <= 00
[2020/07/29 01:19:27.351203][I][sendCOMCommand] Serial buffer size: 50
[2020/07/29 01:19:27.870253][I][sendCOMCommand] DUT => Set Power: 0 (0x00)
$DONE_OK
$2-d_Diagnostics>

[2020/07/29 01:19:27.873264][I][setZigbee_Tx] Success
[2020/07/29 01:19:27.885158][I][setScimitarMenu] Set Scimitar menu
[2020/07/29 01:19:28.090154][I][sendCOMCommand] DUT <= x
[2020/07/29 01:19:28.206274][I][sendCOMCommand] Serial buffer size: 22
[2020/07/29 01:19:28.716407][I][sendCOMCommand] DUT => x
$2_Zigbee(EM357)>

[2020/07/29 01:19:28.925106][I][sendCOMCommand] DUT <= x
[2020/07/29 01:19:29.041623][I][sendCOMCommand] Serial buffer size: 7
[2020/07/29 01:19:29.554108][I][sendCOMCommand] DUT => x
$>

[2020/07/29 01:19:29.565175][I][setScimitarMenu] Success
[2020/07/29 01:19:29.572874][I][setZigbeeMenu] Check Zigbee Menu
[2020/07/29 01:19:29.777650][I][sendCOMCommand] DUT <= 2
[2020/07/29 01:19:29.886425][I][sendCOMCommand] Serial buffer size: 22
[2020/07/29 01:19:30.403032][I][sendCOMCommand] DUT => 2
$2_Zigbee(EM357)>

[2020/07/29 01:19:30.410058][I][setZigbeeMenu] Success
[2020/07/29 01:19:30.414023][I][setTxStart] Set Tx start
[2020/07/29 01:19:32.652512][I][setTxStop] Set Tx stop
[2020/07/29 01:19:32.857475][I][sendCOMCommand] DUT <= 5
[2020/07/29 01:19:32.974202][I][sendCOMCommand] Serial buffer size: 170
[2020/07/29 01:19:33.495176][I][sendCOMCommand] DUT => [mfglib]Send Packet(100 bytes)
[mfglib]Send Packet(100 bytes)
5
ZigBee send packet test end.
Total number of emberStatus errors:0
$[0]
$DONE_OK
$2_Zigbee(EM357)>

[2020/07/29 01:19:33.510210][I][setTxStop] Success
[2020/07/29 01:19:33.538320][I][setZigbee_Tx] ZIGBEE_2450 CH: 21, Tx PWR: -1 dBm
[2020/07/29 01:19:33.542216][I][setScimitarMenu] Set Scimitar menu
[2020/07/29 01:19:33.746772][I][sendCOMCommand] DUT <= x
[2020/07/29 01:19:33.856066][I][sendCOMCommand] Serial buffer size: 7
[2020/07/29 01:19:34.378798][I][sendCOMCommand] DUT => x
$>

[2020/07/29 01:19:34.385463][I][setScimitarMenu] Success
[2020/07/29 01:19:34.388998][I][setZigbeeMenu] Check Zigbee Menu
[2020/07/29 01:19:34.593872][I][sendCOMCommand] DUT <= 2
[2020/07/29 01:19:34.701863][I][sendCOMCommand] Serial buffer size: 22
[2020/07/29 01:19:35.222495][I][sendCOMCommand] DUT => 2
$2_Zigbee(EM357)>

[2020/07/29 01:19:35.230911][I][setZigbeeMenu] Success
[2020/07/29 01:19:35.234445][I][setZigbee_Tx] Set Diagnostics Menu
[2020/07/29 01:19:35.438744][I][sendCOMCommand] DUT <= d
[2020/07/29 01:19:35.555544][I][sendCOMCommand] Serial buffer size: 22
[2020/07/29 01:19:36.065820][I][sendCOMCommand] DUT => d
$2-d_Diagnostics>

[2020/07/29 01:19:36.081914][I][setZigbee_Tx] Success
[2020/07/29 01:19:36.088939][I][setZigbee_Tx] Set Channel Menu
[2020/07/29 01:19:36.295034][I][sendCOMCommand] DUT <= 2
[2020/07/29 01:19:36.402402][I][sendCOMCommand] Serial buffer size: 66
[2020/07/29 01:19:36.921728][I][sendCOMCommand] DUT => 2
$2-d-2_Set Channel (11 => 26) [0B - 1A by HEX]>
$PARAMETER?>

[2020/07/29 01:19:36.928752][I][setZigbee_Tx] Success
[2020/07/29 01:19:36.935300][I][setZigbee_Tx] Set Channel
[2020/07/29 01:19:37.139931][I][sendCOMCommand] DUT <= 15
[2020/07/29 01:19:37.248060][I][sendCOMCommand] Serial buffer size: 53
[2020/07/29 01:19:37.768030][I][sendCOMCommand] DUT => Set Channel: 21 (0x15)
$DONE_OK
$2-d_Diagnostics>

[2020/07/29 01:19:37.776043][I][setZigbee_Tx] Success
[2020/07/29 01:19:37.780107][I][setZigbee_Tx] Set PWR Menu
[2020/07/29 01:19:37.985344][I][sendCOMCommand] DUT <= 3
[2020/07/29 01:19:38.102673][I][sendCOMCommand] Serial buffer size: 79
[2020/07/29 01:19:38.614249][I][sendCOMCommand] DUT => 3
$2-d-3_Set Power (-32 => +8dBm, Step=1dB) [-2B - 08 by HEX]>
$PARAMETER?>

[2020/07/29 01:19:38.622267][I][setZigbee_Tx] Success
[2020/07/29 01:19:38.625934][I][setZigbee_Tx] Set Tx PWR
[2020/07/29 01:19:38.830683][I][sendCOMCommand] DUT <= FF
[2020/07/29 01:19:38.947437][I][sendCOMCommand] Serial buffer size: 57
[2020/07/29 01:19:39.458623][I][sendCOMCommand] DUT => Set Power: -1 (0xFFFFFFFF)
$DONE_OK
$2-d_Diagnostics>

[2020/07/29 01:19:39.474708][I][setZigbee_Tx] Success
[2020/07/29 01:19:39.488893][I][setScimitarMenu] Set Scimitar menu
[2020/07/29 01:19:39.693691][I][sendCOMCommand] DUT <= x
[2020/07/29 01:19:39.803263][I][sendCOMCommand] Serial buffer size: 22
[2020/07/29 01:19:40.323052][I][sendCOMCommand] DUT => x
$2_Zigbee(EM357)>

[2020/07/29 01:19:40.532626][I][sendCOMCommand] DUT <= x
[2020/07/29 01:19:40.642551][I][sendCOMCommand] Serial buffer size: 7
[2020/07/29 01:19:41.163418][I][sendCOMCommand] DUT => x
$>

[2020/07/29 01:19:41.171888][I][setScimitarMenu] Success
[2020/07/29 01:19:41.175502][I][setZigbeeMenu] Check Zigbee Menu
[2020/07/29 01:19:41.380049][I][sendCOMCommand] DUT <= 2
[2020/07/29 01:19:41.496150][I][sendCOMCommand] Serial buffer size: 22
[2020/07/29 01:19:42.005819][I][sendCOMCommand] DUT => 2
$2_Zigbee(EM357)>

[2020/07/29 01:19:42.022021][I][setZigbeeMenu] Success
[2020/07/29 01:19:42.029045][I][setTxStart] Set Tx start
[2020/07/29 01:19:44.241122][I][setTxStop] Set Tx stop
[2020/07/29 01:19:44.446171][I][sendCOMCommand] DUT <= 5
[2020/07/29 01:19:44.563075][I][sendCOMCommand] Serial buffer size: 172
[2020/07/29 01:19:45.075974][I][sendCOMCommand] DUT => 
[mfglib]Send Packet(100 bytes)
[mfglib]Send Packet(100 bytes)
5
ZigBee send packet test end.
Total number of emberStatus errors:0
$[0]
$DONE_OK
$2_Zigbee(EM357)>

[2020/07/29 01:19:45.092026][I][setTxStop] Success
[2020/07/29 01:19:48.784600][I][setZigbee_Tx] ZIGBEE_2450 CH: 24, Tx PWR: 0 dBm
[2020/07/29 01:19:48.788661][I][setScimitarMenu] Set Scimitar menu
[2020/07/29 01:19:48.993743][I][sendCOMCommand] DUT <= x
[2020/07/29 01:19:49.099562][I][sendCOMCommand] Serial buffer size: 7
[2020/07/29 01:19:49.611583][I][sendCOMCommand] DUT => x
$>

[2020/07/29 01:19:49.627633][I][setScimitarMenu] Success
[2020/07/29 01:19:49.635094][I][setZigbeeMenu] Check Zigbee Menu
[2020/07/29 01:19:49.839663][I][sendCOMCommand] DUT <= 2
[2020/07/29 01:19:49.948887][I][sendCOMCommand] Serial buffer size: 22
[2020/07/29 01:19:50.458628][I][sendCOMCommand] DUT => 2
$2_Zigbee(EM357)>

[2020/07/29 01:19:50.473624][I][setZigbeeMenu] Success
[2020/07/29 01:19:50.481882][I][setZigbee_Tx] Set Diagnostics Menu
[2020/07/29 01:19:50.687428][I][sendCOMCommand] DUT <= d
[2020/07/29 01:19:50.796579][I][sendCOMCommand] Serial buffer size: 22
[2020/07/29 01:19:51.316835][I][sendCOMCommand] DUT => d
$2-d_Diagnostics>

[2020/07/29 01:19:51.322150][I][setZigbee_Tx] Success
[2020/07/29 01:19:51.325160][I][setZigbee_Tx] Set Channel Menu
[2020/07/29 01:19:51.530506][I][sendCOMCommand] DUT <= 2
[2020/07/29 01:19:51.647634][I][sendCOMCommand] Serial buffer size: 66
[2020/07/29 01:19:52.158506][I][sendCOMCommand] DUT => 2
$2-d-2_Set Channel (11 => 26) [0B - 1A by HEX]>
$PARAMETER?>

[2020/07/29 01:19:52.166533][I][setZigbee_Tx] Success
[2020/07/29 01:19:52.170108][I][setZigbee_Tx] Set Channel
[2020/07/29 01:19:52.374840][I][sendCOMCommand] DUT <= 18
[2020/07/29 01:19:52.491679][I][sendCOMCommand] Serial buffer size: 34
[2020/07/29 01:19:52.609672][W][sendCOMCommand] Buffer not empty!!!
[2020/07/29 01:19:52.618892][I][sendCOMCommand] Serial buffer size: 19
[2020/07/29 01:19:53.127149][I][sendCOMCommand] DUT => Set Channel: 24 (0x18)
$DONE_OK
$2-d_Diagnostics>

[2020/07/29 01:19:53.135100][I][setZigbee_Tx] Success
[2020/07/29 01:19:53.139648][I][setZigbee_Tx] Set PWR Menu
[2020/07/29 01:19:53.345019][I][sendCOMCommand] DUT <= 3
[2020/07/29 01:19:53.453612][I][sendCOMCommand] Serial buffer size: 79
[2020/07/29 01:19:53.974851][I][sendCOMCommand] DUT => 3
$2-d-3_Set Power (-32 => +8dBm, Step=1dB) [-2B - 08 by HEX]>
$PARAMETER?>

[2020/07/29 01:19:53.989899][I][setZigbee_Tx] Success
[2020/07/29 01:19:53.997918][I][setZigbee_Tx] Set Tx PWR
[2020/07/29 01:19:54.203817][I][sendCOMCommand] DUT <= 00
[2020/07/29 01:19:54.314312][I][sendCOMCommand] Serial buffer size: 50
[2020/07/29 01:19:54.833537][I][sendCOMCommand] DUT => Set Power: 0 (0x00)
$DONE_OK
$2-d_Diagnostics>

[2020/07/29 01:19:54.841551][I][setZigbee_Tx] Success
[2020/07/29 01:19:54.852100][I][setScimitarMenu] Set Scimitar menu
[2020/07/29 01:19:55.056861][I][sendCOMCommand] DUT <= x
[2020/07/29 01:19:55.174832][I][sendCOMCommand] Serial buffer size: 22
[2020/07/29 01:19:55.685837][I][sendCOMCommand] DUT => x
$2_Zigbee(EM357)>

[2020/07/29 01:19:55.896032][I][sendCOMCommand] DUT <= x
[2020/07/29 01:19:56.015138][I][sendCOMCommand] Serial buffer size: 7
[2020/07/29 01:19:56.526830][I][sendCOMCommand] DUT => x
$>

[2020/07/29 01:19:56.542910][I][setScimitarMenu] Success
[2020/07/29 01:19:56.550888][I][setZigbeeMenu] Check Zigbee Menu
[2020/07/29 01:19:56.756050][I][sendCOMCommand] DUT <= 2
[2020/07/29 01:19:56.864621][I][sendCOMCommand] Serial buffer size: 22
[2020/07/29 01:19:57.384995][I][sendCOMCommand] DUT => 2
$2_Zigbee(EM357)>

[2020/07/29 01:19:57.393022][I][setZigbeeMenu] Success
[2020/07/29 01:19:57.397043][I][setTxStart] Set Tx start
[2020/07/29 01:19:59.538763][I][setTxStop] Set Tx stop
[2020/07/29 01:19:59.743787][I][sendCOMCommand] DUT <= 5
[2020/07/29 01:19:59.853241][I][sendCOMCommand] Serial buffer size: 202
[2020/07/29 01:20:00.374886][I][sendCOMCommand] DUT => [mfglib]Send Packet(100 bytes)
[mfglib]Send Packet(100 bytes)
[mfglib]Send Packet(100 bytes)
5
ZigBee send packet test end.
Total number of emberStatus errors:0
$[0]
$DONE_OK
$2_Zigbee(EM357)>

[2020/07/29 01:20:00.383953][I][setTxStop] Success
[2020/07/29 01:20:00.407740][I][setZigbee_Tx] ZIGBEE_2450 CH: 24, Tx PWR: -1 dBm
[2020/07/29 01:20:00.412164][I][setScimitarMenu] Set Scimitar menu
[2020/07/29 01:20:00.617885][I][sendCOMCommand] DUT <= x
[2020/07/29 01:20:00.736025][I][sendCOMCommand] Serial buffer size: 7
[2020/07/29 01:20:01.245581][I][sendCOMCommand] DUT => x
$>

[2020/07/29 01:20:01.255298][I][setScimitarMenu] Success
[2020/07/29 01:20:01.259355][I][setZigbeeMenu] Check Zigbee Menu
[2020/07/29 01:20:01.465089][I][sendCOMCommand] DUT <= 2
[2020/07/29 01:20:01.582845][I][sendCOMCommand] Serial buffer size: 22
[2020/07/29 01:20:02.103385][I][sendCOMCommand] DUT => 2
$2_Zigbee(EM357)>

[2020/07/29 01:20:02.119436][I][setZigbeeMenu] Success
[2020/07/29 01:20:02.127818][I][setZigbee_Tx] Set Diagnostics Menu
[2020/07/29 01:20:02.332961][I][sendCOMCommand] DUT <= d
[2020/07/29 01:20:02.440131][I][sendCOMCommand] Serial buffer size: 22
[2020/07/29 01:20:02.960240][I][sendCOMCommand] DUT => d
$2-d_Diagnostics>

[2020/07/29 01:20:02.967304][I][setZigbee_Tx] Success
[2020/07/29 01:20:02.974308][I][setZigbee_Tx] Set Channel Menu
[2020/07/29 01:20:03.180326][I][sendCOMCommand] DUT <= 2
[2020/07/29 01:20:03.288210][I][sendCOMCommand] Serial buffer size: 66
[2020/07/29 01:20:03.807955][I][sendCOMCommand] DUT => 2
$2-d-2_Set Channel (11 => 26) [0B - 1A by HEX]>
$PARAMETER?>

[2020/07/29 01:20:03.813975][I][setZigbee_Tx] Success
[2020/07/29 01:20:03.819957][I][setZigbee_Tx] Set Channel
[2020/07/29 01:20:04.024934][I][sendCOMCommand] DUT <= 18
[2020/07/29 01:20:04.130431][I][sendCOMCommand] Serial buffer size: 53
[2020/07/29 01:20:04.642808][I][sendCOMCommand] DUT => Set Channel: 24 (0x18)
$DONE_OK
$2-d_Diagnostics>

[2020/07/29 01:20:04.659894][I][setZigbee_Tx] Success
[2020/07/29 01:20:04.666899][I][setZigbee_Tx] Set PWR Menu
[2020/07/29 01:20:04.872804][I][sendCOMCommand] DUT <= 3
[2020/07/29 01:20:04.981699][I][sendCOMCommand] Serial buffer size: 79
[2020/07/29 01:20:05.503548][I][sendCOMCommand] DUT => 3
$2-d-3_Set Power (-32 => +8dBm, Step=1dB) [-2B - 08 by HEX]>
$PARAMETER?>

[2020/07/29 01:20:05.518594][I][setZigbee_Tx] Success
[2020/07/29 01:20:05.525613][I][setZigbee_Tx] Set Tx PWR
[2020/07/29 01:20:05.731378][I][sendCOMCommand] DUT <= FF
[2020/07/29 01:20:05.840535][I][sendCOMCommand] Serial buffer size: 57
[2020/07/29 01:20:06.361888][I][sendCOMCommand] DUT => Set Power: -1 (0xFFFFFFFF)
$DONE_OK
$2-d_Diagnostics>

[2020/07/29 01:20:06.369920][I][setZigbee_Tx] Success
[2020/07/29 01:20:06.381470][I][setScimitarMenu] Set Scimitar menu
[2020/07/29 01:20:06.586657][I][sendCOMCommand] DUT <= x
[2020/07/29 01:20:06.704641][I][sendCOMCommand] Serial buffer size: 3
[2020/07/29 01:20:07.217339][I][sendCOMCommand] DUT => x
$2_Zigbee(EM357)>

[2020/07/29 01:20:07.429993][I][sendCOMCommand] DUT <= x
[2020/07/29 01:20:07.540142][I][sendCOMCommand] Serial buffer size: 7
[2020/07/29 01:20:08.049450][I][sendCOMCommand] DUT => x
$>

[2020/07/29 01:20:08.056475][I][setScimitarMenu] Success
[2020/07/29 01:20:08.063493][I][setZigbeeMenu] Check Zigbee Menu
[2020/07/29 01:20:08.268458][I][sendCOMCommand] DUT <= 2
[2020/07/29 01:20:08.378266][I][sendCOMCommand] Serial buffer size: 22
[2020/07/29 01:20:08.888527][I][sendCOMCommand] DUT => 2
$2_Zigbee(EM357)>

[2020/07/29 01:20:08.897918][I][setZigbeeMenu] Success
[2020/07/29 01:20:08.901932][I][setTxStart] Set Tx start
[2020/07/29 01:20:11.064453][I][setTxStop] Set Tx stop
[2020/07/29 01:20:11.269955][I][sendCOMCommand] DUT <= 5
[2020/07/29 01:20:11.380183][I][sendCOMCommand] Serial buffer size: 202
[2020/07/29 01:20:11.900839][I][sendCOMCommand] DUT => [mfglib]Send Packet(100 bytes)
[mfglib]Send Packet(100 bytes)
[mfglib]Send Packet(100 bytes)
5
ZigBee send packet test end.
Total number of emberStatus errors:0
$[0]
$DONE_OK
$2_Zigbee(EM357)>

[2020/07/29 01:20:11.908867][I][setTxStop] Success
[2020/07/29 01:20:13.280854][I][setZigbee_Rx] ZIGBEE_2450 CH: 19
[2020/07/29 01:20:13.283863][I][setScimitarMenu] Set Scimitar menu
[2020/07/29 01:20:13.488549][I][sendCOMCommand] DUT <= x
[2020/07/29 01:20:13.601002][I][sendCOMCommand] Serial buffer size: 7
[2020/07/29 01:20:14.110247][I][sendCOMCommand] DUT => x
$>

[2020/07/29 01:20:14.126298][I][setScimitarMenu] Success
[2020/07/29 01:20:14.134324][I][setZigbeeMenu] Check Zigbee Menu
[2020/07/29 01:20:14.339934][I][sendCOMCommand] DUT <= 2
[2020/07/29 01:20:14.449704][I][sendCOMCommand] Serial buffer size: 22
[2020/07/29 01:20:14.969231][I][sendCOMCommand] DUT => 2
$2_Zigbee(EM357)>

[2020/07/29 01:20:14.976284][I][setZigbeeMenu] Success
[2020/07/29 01:20:14.980555][I][setZigbee_Rx] Set Diagnostics Menu
[2020/07/29 01:20:15.185901][I][sendCOMCommand] DUT <= d
[2020/07/29 01:20:15.295163][I][sendCOMCommand] Serial buffer size: 22
[2020/07/29 01:20:15.815556][I][sendCOMCommand] DUT => d
$2-d_Diagnostics>

[2020/07/29 01:20:15.824721][I][setZigbee_Rx] Success
[2020/07/29 01:20:15.828733][I][setZigbee_Rx] Set Channel Menu
[2020/07/29 01:20:16.033949][I][sendCOMCommand] DUT <= 2
[2020/07/29 01:20:16.151864][I][sendCOMCommand] Serial buffer size: 66
[2020/07/29 01:20:16.671317][I][sendCOMCommand] DUT => 2
$2-d-2_Set Channel (11 => 26) [0B - 1A by HEX]>
$PARAMETER?>

[2020/07/29 01:20:16.680522][I][setZigbee_Rx] Success
[2020/07/29 01:20:16.683531][I][setZigbee_Rx] Set Channel
[2020/07/29 01:20:16.889411][I][sendCOMCommand] DUT <= 13
[2020/07/29 01:20:17.007191][I][sendCOMCommand] Serial buffer size: 53
[2020/07/29 01:20:17.529766][I][sendCOMCommand] DUT => Set Channel: 19 (0x13)
$DONE_OK
$2-d_Diagnostics>

[2020/07/29 01:20:17.546835][I][setZigbee_Rx] Success
[2020/07/29 01:20:17.557438][I][setZigbeeLNAMode] LNA Mode: 1
[2020/07/29 01:20:17.561710][I][setScimitarMenu] Set Scimitar menu
[2020/07/29 01:20:17.766897][I][sendCOMCommand] DUT <= x
[2020/07/29 01:20:17.875628][I][sendCOMCommand] Serial buffer size: 22
[2020/07/29 01:20:18.397544][I][sendCOMCommand] DUT => x
$2_Zigbee(EM357)>

[2020/07/29 01:20:18.607798][I][sendCOMCommand] DUT <= x
[2020/07/29 01:20:18.717730][I][sendCOMCommand] Serial buffer size: 7
[2020/07/29 01:20:19.230651][I][sendCOMCommand] DUT => x
$>

[2020/07/29 01:20:19.238663][I][setScimitarMenu] Success
[2020/07/29 01:20:19.242874][I][setZigbeeMenu] Check Zigbee Menu
[2020/07/29 01:20:19.450556][I][sendCOMCommand] DUT <= 2
[2020/07/29 01:20:19.558261][I][sendCOMCommand] Serial buffer size: 22
[2020/07/29 01:20:20.079565][I][sendCOMCommand] DUT => 2
$2_Zigbee(EM357)>

[2020/07/29 01:20:20.096603][I][setZigbeeMenu] Success
[2020/07/29 01:20:20.104264][I][setZigbeeLNAMode] Set GPIO Write Menu
[2020/07/29 01:20:20.309637][I][sendCOMCommand] DUT <= 3
[2020/07/29 01:20:20.420549][I][sendCOMCommand] Serial buffer size: 28
[2020/07/29 01:20:20.941576][I][sendCOMCommand] DUT => 3
$2-3_ZigBee GPIO Write>

[2020/07/29 01:20:20.951555][I][setZigbeeLNAMode] Success
[2020/07/29 01:20:20.955564][I][setZigbeeLNAMode] Set LNA Mode
[2020/07/29 01:20:21.162244][I][sendCOMCommand] DUT <= 3
[2020/07/29 01:20:21.281033][I][sendCOMCommand] Serial buffer size: 81
[2020/07/29 01:20:21.391928][W][sendCOMCommand] Buffer not empty!!!
[2020/07/29 01:20:21.408981][I][sendCOMCommand] Serial buffer size: 25
[2020/07/29 01:20:21.921331][I][sendCOMCommand] DUT => 3
[EZSP]Setting GPIO was successful. (portPin=3, cfg=1, out=0)
$[0]
$DONE_OK
$2-3_ZigBee GPIO Write>

[2020/07/29 01:20:22.131883][I][sendCOMCommand] DUT <= 3
[2020/07/29 01:20:22.250292][I][sendCOMCommand] Serial buffer size: 106
[2020/07/29 01:20:22.762679][I][sendCOMCommand] DUT => 3
[EZSP]Setting GPIO was successful. (portPin=3, cfg=1, out=1)
$[1]
$DONE_OK
$2-3_ZigBee GPIO Write>

[2020/07/29 01:20:22.771682][I][setZigbeeLNAMode] Success
[2020/07/29 01:20:23.789923][I][getRxResult] Get Rx Result
[2020/07/29 01:20:23.795967][I][setScimitarMenu] Set Scimitar menu
[2020/07/29 01:20:24.001728][I][sendCOMCommand] DUT <= x
[2020/07/29 01:20:24.120915][I][sendCOMCommand] Serial buffer size: 22
[2020/07/29 01:20:24.642414][I][sendCOMCommand] DUT => x
$2_Zigbee(EM357)>

[2020/07/29 01:20:24.860425][I][sendCOMCommand] DUT <= x
[2020/07/29 01:20:24.969429][I][sendCOMCommand] Serial buffer size: 7
[2020/07/29 01:20:25.489132][I][sendCOMCommand] DUT => x
$>

[2020/07/29 01:20:25.495150][I][setScimitarMenu] Success
[2020/07/29 01:20:25.502169][I][setZigbeeMenu] Check Zigbee Menu
[2020/07/29 01:20:25.708084][I][sendCOMCommand] DUT <= 2
[2020/07/29 01:20:25.817922][I][sendCOMCommand] Serial buffer size: 22
[2020/07/29 01:20:26.339296][I][sendCOMCommand] DUT => 2
$2_Zigbee(EM357)>

[2020/07/29 01:20:26.346320][I][setZigbeeMenu] Success
[2020/07/29 01:20:26.552461][I][sendCOMCommand] DUT <= b
[2020/07/29 01:20:26.670682][I][sendCOMCommand] Serial buffer size: 32
[2020/07/29 01:20:26.779701][W][sendCOMCommand] Buffer not empty!!!
[2020/07/29 01:20:26.796700][I][sendCOMCommand] Serial buffer size: 62
[2020/07/29 01:20:26.906021][W][sendCOMCommand] Buffer not empty!!!
[2020/07/29 01:20:26.914036][I][sendCOMCommand] Serial buffer size: 124
[2020/07/29 01:20:27.322857][W][sendCOMCommand] Buffer not empty!!!
[2020/07/29 01:20:27.330874][I][sendCOMCommand] Serial buffer size: 29
[2020/07/29 01:20:27.840035][I][sendCOMCommand] DUT => b
ZigBee get Rssi test start.
Start Scan ... (Channel: 19 (0x13) duration:2 mask:00080000)
Channel: 19 (0x13), Rssi:-14
Total OK!    OOO   K  K   !
            O   O  K K    !
            O   O  KK     !
            O   O  K K     
             OOO   K  Kk  !
$[-14]
$DONE_OK
$2_Zigbee(EM357)>

[2020/07/29 01:20:27.913463][I][setZigbee_Rx] ZIGBEE_2450 CH: 19
[2020/07/29 01:20:27.916472][I][setScimitarMenu] Set Scimitar menu
[2020/07/29 01:20:28.122610][I][sendCOMCommand] DUT <= x
[2020/07/29 01:20:28.241175][I][sendCOMCommand] Serial buffer size: 7
[2020/07/29 01:20:28.753030][I][sendCOMCommand] DUT => x
$>

[2020/07/29 01:20:28.761021][I][setScimitarMenu] Success
[2020/07/29 01:20:28.765723][I][setZigbeeMenu] Check Zigbee Menu
[2020/07/29 01:20:28.970892][I][sendCOMCommand] DUT <= 2
[2020/07/29 01:20:29.079601][I][sendCOMCommand] Serial buffer size: 22
[2020/07/29 01:20:29.600391][I][sendCOMCommand] DUT => 2
$2_Zigbee(EM357)>

[2020/07/29 01:20:29.617449][I][setZigbeeMenu] Success
[2020/07/29 01:20:29.624462][I][setZigbee_Rx] Set Diagnostics Menu
[2020/07/29 01:20:29.830074][I][sendCOMCommand] DUT <= d
[2020/07/29 01:20:29.938760][I][sendCOMCommand] Serial buffer size: 22
[2020/07/29 01:20:30.459777][I][sendCOMCommand] DUT => d
$2-d_Diagnostics>

[2020/07/29 01:20:30.468820][I][setZigbee_Rx] Success
[2020/07/29 01:20:30.473794][I][setZigbee_Rx] Set Channel Menu
[2020/07/29 01:20:30.678756][I][sendCOMCommand] DUT <= 2
[2020/07/29 01:20:30.797415][I][sendCOMCommand] Serial buffer size: 66
[2020/07/29 01:20:31.310363][I][sendCOMCommand] DUT => 2
$2-d-2_Set Channel (11 => 26) [0B - 1A by HEX]>
$PARAMETER?>

[2020/07/29 01:20:31.319393][I][setZigbee_Rx] Success
[2020/07/29 01:20:31.323564][I][setZigbee_Rx] Set Channel
[2020/07/29 01:20:31.528651][I][sendCOMCommand] DUT <= 13
[2020/07/29 01:20:31.647020][I][sendCOMCommand] Serial buffer size: 53
[2020/07/29 01:20:32.158724][I][sendCOMCommand] DUT => Set Channel: 19 (0x13)
$DONE_OK
$2-d_Diagnostics>

[2020/07/29 01:20:32.175759][I][setZigbee_Rx] Success
[2020/07/29 01:20:32.186429][I][setZigbeeLNAMode] LNA Mode: 0
[2020/07/29 01:20:32.190440][I][setScimitarMenu] Set Scimitar menu
[2020/07/29 01:20:32.396744][I][sendCOMCommand] DUT <= x
[2020/07/29 01:20:32.507112][I][sendCOMCommand] Serial buffer size: 22
[2020/07/29 01:20:33.019054][I][sendCOMCommand] DUT => x
$2_Zigbee(EM357)>

[2020/07/29 01:20:33.228441][I][sendCOMCommand] DUT <= x
[2020/07/29 01:20:33.338696][I][sendCOMCommand] Serial buffer size: 7
[2020/07/29 01:20:33.859664][I][sendCOMCommand] DUT => x
$>

[2020/07/29 01:20:33.868634][I][setScimitarMenu] Success
[2020/07/29 01:20:33.872646][I][setZigbeeMenu] Check Zigbee Menu
[2020/07/29 01:20:34.077116][I][sendCOMCommand] DUT <= 2
[2020/07/29 01:20:34.183589][I][sendCOMCommand] Serial buffer size: 22
[2020/07/29 01:20:34.696655][I][sendCOMCommand] DUT => 2
$2_Zigbee(EM357)>

[2020/07/29 01:20:34.713697][I][setZigbeeMenu] Success
[2020/07/29 01:20:34.721678][I][setZigbeeLNAMode] Set GPIO Write Menu
[2020/07/29 01:20:34.927041][I][sendCOMCommand] DUT <= 3
[2020/07/29 01:20:35.035664][I][sendCOMCommand] Serial buffer size: 28
[2020/07/29 01:20:35.555923][I][sendCOMCommand] DUT => 3
$2-3_ZigBee GPIO Write>

[2020/07/29 01:20:35.572976][I][setZigbeeLNAMode] Success
[2020/07/29 01:20:35.581187][I][setZigbeeLNAMode] Set LNA Mode
[2020/07/29 01:20:35.786359][I][sendCOMCommand] DUT <= 3
[2020/07/29 01:20:35.895742][I][sendCOMCommand] Serial buffer size: 106
[2020/07/29 01:20:36.417074][I][sendCOMCommand] DUT => 3
[EZSP]Setting GPIO was successful. (portPin=3, cfg=1, out=0)
$[0]
$DONE_OK
$2-3_ZigBee GPIO Write>

[2020/07/29 01:20:36.425086][I][setZigbeeLNAMode] Success
[2020/07/29 01:20:37.442658][I][getRxResult] Get Rx Result
[2020/07/29 01:20:37.450716][I][setScimitarMenu] Set Scimitar menu
[2020/07/29 01:20:37.656029][I][sendCOMCommand] DUT <= x
[2020/07/29 01:20:37.774949][I][sendCOMCommand] Serial buffer size: 22
[2020/07/29 01:20:38.287489][I][sendCOMCommand] DUT => x
$2_Zigbee(EM357)>

[2020/07/29 01:20:38.497784][I][sendCOMCommand] DUT <= x
[2020/07/29 01:20:38.615977][I][sendCOMCommand] Serial buffer size: 7
[2020/07/29 01:20:39.139549][I][sendCOMCommand] DUT => x
$>

[2020/07/29 01:20:39.156552][I][setScimitarMenu] Success
[2020/07/29 01:20:39.164401][I][setZigbeeMenu] Check Zigbee Menu
[2020/07/29 01:20:39.369988][I][sendCOMCommand] DUT <= 2
[2020/07/29 01:20:39.479599][I][sendCOMCommand] Serial buffer size: 22
[2020/07/29 01:20:39.993281][I][sendCOMCommand] DUT => 2
$2_Zigbee(EM357)>

[2020/07/29 01:20:39.998109][I][setZigbeeMenu] Success
[2020/07/29 01:20:40.203335][I][sendCOMCommand] DUT <= b
[2020/07/29 01:20:40.321894][I][sendCOMCommand] Serial buffer size: 94
[2020/07/29 01:20:40.429477][W][sendCOMCommand] Buffer not empty!!!
[2020/07/29 01:20:40.447520][I][sendCOMCommand] Serial buffer size: 183
[2020/07/29 01:20:40.961121][I][sendCOMCommand] DUT => b
ZigBee get Rssi test start.
Start Scan ... (Channel: 19 (0x13) duration:2 mask:00080000)
Channel: 19 (0x13), Rssi:-27
Total OK!    OOO   K  K   !
            O   O  K K    !
            O   O  KK     !
            O   O  K K     
             OOO   K  Kk  !
$[-27]

[2020/07/29 01:20:41.485579][I][disconnectDUT] Disconnect DUT success
