[2020/07/29 06:03:24.238915][I][class_GFI20] Initial class_GFI20
[2020/07/29 06:03:24.244299][I][connectDUT] COM: COM20, BaudRate: 115200
[2020/07/29 06:03:24.251837][I][connectDUT] Connect DUT success
[2020/07/29 06:03:24.255355][I][setScimitarMenu] Set Scimitar menu
[2020/07/29 06:03:24.459674][I][sendCOMCommand] DUT <= x
[2020/07/29 06:03:24.972223][I][sendCOMCommand] Serial buffer size: 283
[2020/07/29 06:03:25.484305][I][sendCOMCommand] DUT => MeshChipStateInit ended
Scimitar F/T program.
[1]: Cellular(Telit)
[2]: Zigbee(EM357)
[3]: Mesh(CC1200)
[4]: Other Device & Function
[5]: GUID & Certification Files/Keys
[6]: Calibration Data
[7]: Inject Keys
[d]: Diagnostics
[v]: Test Pro Version
[z]: Display menu.
$>

[2020/07/29 06:03:25.492555][I][setScimitarMenu] Success
[2020/07/29 06:03:31.436017][I][setZigbee_Tx] ZIGBEE_2450 CH: 15, Tx PWR: 0 dBm
[2020/07/29 06:03:31.438055][I][setScimitarMenu] Set Scimitar menu
[2020/07/29 06:03:31.641881][I][sendCOMCommand] DUT <= x
[2020/07/29 06:03:31.751353][I][sendCOMCommand] Serial buffer size: 7
[2020/07/29 06:03:32.259802][I][sendCOMCommand] DUT => x
$>

[2020/07/29 06:03:32.262097][I][setScimitarMenu] Success
[2020/07/29 06:03:32.264141][I][setZigbeeMenu] Check Zigbee Menu
[2020/07/29 06:03:32.467749][I][sendCOMCommand] DUT <= 2
[2020/07/29 06:03:32.576492][I][sendCOMCommand] Serial buffer size: 22
[2020/07/29 06:03:33.091537][I][sendCOMCommand] DUT => 2
$2_Zigbee(EM357)>

[2020/07/29 06:03:33.100640][I][setZigbeeMenu] Success
[2020/07/29 06:03:33.109160][I][setZigbee_Tx] Set Diagnostics Menu
[2020/07/29 06:03:33.314689][I][sendCOMCommand] DUT <= d
[2020/07/29 06:03:33.421938][I][sendCOMCommand] Serial buffer size: 22
[2020/07/29 06:03:33.934344][I][sendCOMCommand] DUT => d
$2-d_Diagnostics>

[2020/07/29 06:03:33.945424][I][setZigbee_Tx] Success
[2020/07/29 06:03:33.953391][I][setZigbee_Tx] Set Channel Menu
[2020/07/29 06:03:34.160801][I][sendCOMCommand] DUT <= 2
[2020/07/29 06:03:34.267764][I][sendCOMCommand] Serial buffer size: 66
[2020/07/29 06:03:34.783478][I][sendCOMCommand] DUT => 2
$2-d-2_Set Channel (11 => 26) [0B - 1A by HEX]>
$PARAMETER?>

[2020/07/29 06:03:34.787476][I][setZigbee_Tx] Success
[2020/07/29 06:03:34.789482][I][setZigbee_Tx] Set Channel
[2020/07/29 06:03:34.993727][I][sendCOMCommand] DUT <= 0F
[2020/07/29 06:03:35.105826][I][sendCOMCommand] Serial buffer size: 53
[2020/07/29 06:03:35.616040][I][sendCOMCommand] DUT => Set Channel: 15 (0x0F)
$DONE_OK
$2-d_Diagnostics>

[2020/07/29 06:03:35.623102][I][setZigbee_Tx] Success
[2020/07/29 06:03:35.626074][I][setZigbee_Tx] Set PWR Menu
[2020/07/29 06:03:35.829780][I][sendCOMCommand] DUT <= 3
[2020/07/29 06:03:35.941593][I][sendCOMCommand] Serial buffer size: 79
[2020/07/29 06:03:36.451959][I][sendCOMCommand] DUT => 3
$2-d-3_Set Power (-32 => +8dBm, Step=1dB) [-2B - 08 by HEX]>
$PARAMETER?>

[2020/07/29 06:03:36.458966][I][setZigbee_Tx] Success
[2020/07/29 06:03:36.461974][I][setZigbee_Tx] Set Tx PWR
[2020/07/29 06:03:36.665703][I][sendCOMCommand] DUT <= 00
[2020/07/29 06:03:36.774486][I][sendCOMCommand] Serial buffer size: 50
[2020/07/29 06:03:37.284662][I][sendCOMCommand] DUT => Set Power: 0 (0x00)
$DONE_OK
$2-d_Diagnostics>

[2020/07/29 06:03:37.289570][I][setZigbee_Tx] Success
[2020/07/29 06:03:37.301647][I][setScimitarMenu] Set Scimitar menu
[2020/07/29 06:03:37.506598][I][sendCOMCommand] DUT <= x
[2020/07/29 06:03:37.615603][I][sendCOMCommand] Serial buffer size: 22
[2020/07/29 06:03:38.130605][I][sendCOMCommand] DUT => x
$2_Zigbee(EM357)>

[2020/07/29 06:03:38.342928][I][sendCOMCommand] DUT <= x
[2020/07/29 06:03:38.456246][I][sendCOMCommand] Serial buffer size: 7
[2020/07/29 06:03:38.969168][I][sendCOMCommand] DUT => x
$>

[2020/07/29 06:03:38.976232][I][setScimitarMenu] Success
[2020/07/29 06:03:38.979012][I][setZigbeeMenu] Check Zigbee Menu
[2020/07/29 06:03:39.183778][I][sendCOMCommand] DUT <= 2
[2020/07/29 06:03:39.295870][I][sendCOMCommand] Serial buffer size: 22
[2020/07/29 06:03:39.805582][I][sendCOMCommand] DUT => 2
$2_Zigbee(EM357)>

[2020/07/29 06:03:39.812604][I][setZigbeeMenu] Success
[2020/07/29 06:03:39.816656][I][setTxStart] Set Tx start
[2020/07/29 06:03:41.972199][I][setTxStop] Set Tx stop
[2020/07/29 06:03:42.179748][I][sendCOMCommand] DUT <= 5
[2020/07/29 06:03:42.288279][I][sendCOMCommand] Serial buffer size: 170
[2020/07/29 06:03:42.795734][I][sendCOMCommand] DUT => [mfglib]Send Packet(100 bytes)
[mfglib]Send Packet(100 bytes)
5
ZigBee send packet test end.
Total number of emberStatus errors:0
$[0]
$DONE_OK
$2_Zigbee(EM357)>

[2020/07/29 06:03:42.800749][I][setTxStop] Success
[2020/07/29 06:03:42.824353][I][setZigbee_Tx] ZIGBEE_2450 CH: 15, Tx PWR: -1 dBm
[2020/07/29 06:03:42.827363][I][setScimitarMenu] Set Scimitar menu
[2020/07/29 06:03:43.031706][I][sendCOMCommand] DUT <= x
[2020/07/29 06:03:43.144940][I][sendCOMCommand] Serial buffer size: 7
[2020/07/29 06:03:43.655913][I][sendCOMCommand] DUT => x
$>

[2020/07/29 06:03:43.663926][I][setScimitarMenu] Success
[2020/07/29 06:03:43.666933][I][setZigbeeMenu] Check Zigbee Menu
[2020/07/29 06:03:43.871636][I][sendCOMCommand] DUT <= 2
[2020/07/29 06:03:43.986690][I][sendCOMCommand] Serial buffer size: 22
[2020/07/29 06:03:44.499890][I][sendCOMCommand] DUT => 2
$2_Zigbee(EM357)>

[2020/07/29 06:03:44.506914][I][setZigbeeMenu] Success
[2020/07/29 06:03:44.509922][I][setZigbee_Tx] Set Diagnostics Menu
[2020/07/29 06:03:44.715032][I][sendCOMCommand] DUT <= d
[2020/07/29 06:03:44.830083][I][sendCOMCommand] Serial buffer size: 22
[2020/07/29 06:03:45.341278][I][sendCOMCommand] DUT => d
$2-d_Diagnostics>

[2020/07/29 06:03:45.348303][I][setZigbee_Tx] Success
[2020/07/29 06:03:45.352330][I][setZigbee_Tx] Set Channel Menu
[2020/07/29 06:03:45.556766][I][sendCOMCommand] DUT <= 2
[2020/07/29 06:03:45.666026][I][sendCOMCommand] Serial buffer size: 66
[2020/07/29 06:03:46.180567][I][sendCOMCommand] DUT => 2
$2-d-2_Set Channel (11 => 26) [0B - 1A by HEX]>
$PARAMETER?>

[2020/07/29 06:03:46.187657][I][setZigbee_Tx] Success
[2020/07/29 06:03:46.190666][I][setZigbee_Tx] Set Channel
[2020/07/29 06:03:46.395207][I][sendCOMCommand] DUT <= 0F
[2020/07/29 06:03:46.510486][I][sendCOMCommand] Serial buffer size: 53
[2020/07/29 06:03:47.021292][I][sendCOMCommand] DUT => Set Channel: 15 (0x0F)
$DONE_OK
$2-d_Diagnostics>

[2020/07/29 06:03:47.028316][I][setZigbee_Tx] Success
[2020/07/29 06:03:47.032132][I][setZigbee_Tx] Set PWR Menu
[2020/07/29 06:03:47.237004][I][sendCOMCommand] DUT <= 3
[2020/07/29 06:03:47.352141][I][sendCOMCommand] Serial buffer size: 79
[2020/07/29 06:03:47.870549][I][sendCOMCommand] DUT => 3
$2-d-3_Set Power (-32 => +8dBm, Step=1dB) [-2B - 08 by HEX]>
$PARAMETER?>

[2020/07/29 06:03:47.884624][I][setZigbee_Tx] Success
[2020/07/29 06:03:47.893601][I][setZigbee_Tx] Set Tx PWR
[2020/07/29 06:03:48.101763][I][sendCOMCommand] DUT <= FF
[2020/07/29 06:03:48.216157][I][sendCOMCommand] Serial buffer size: 38
[2020/07/29 06:03:48.325558][W][sendCOMCommand] Buffer not empty!!!
[2020/07/29 06:03:48.337535][I][sendCOMCommand] Serial buffer size: 19
[2020/07/29 06:03:48.853127][I][sendCOMCommand] DUT => Set Power: -1 (0xFFFFFFFF)
$DONE_OK
$2-d_Diagnostics>

[2020/07/29 06:03:48.861135][I][setZigbee_Tx] Success
[2020/07/29 06:03:48.871896][I][setScimitarMenu] Set Scimitar menu
[2020/07/29 06:03:49.076356][I][sendCOMCommand] DUT <= x
[2020/07/29 06:03:49.190791][I][sendCOMCommand] Serial buffer size: 22
[2020/07/29 06:03:49.700987][I][sendCOMCommand] DUT => x
$2_Zigbee(EM357)>

[2020/07/29 06:03:49.909623][I][sendCOMCommand] DUT <= x
[2020/07/29 06:03:50.025221][I][sendCOMCommand] Serial buffer size: 3
[2020/07/29 06:03:50.535608][I][sendCOMCommand] DUT => x
$>

[2020/07/29 06:03:50.543625][I][setScimitarMenu] Success
[2020/07/29 06:03:50.546631][I][setZigbeeMenu] Check Zigbee Menu
[2020/07/29 06:03:50.751426][I][sendCOMCommand] DUT <= 2
[2020/07/29 06:03:50.860073][I][sendCOMCommand] Serial buffer size: 22
[2020/07/29 06:03:51.372618][I][sendCOMCommand] DUT => 2
$2_Zigbee(EM357)>

[2020/07/29 06:03:51.380625][I][setZigbeeMenu] Success
[2020/07/29 06:03:51.384064][I][setTxStart] Set Tx start
[2020/07/29 06:03:53.516061][I][setTxStop] Set Tx stop
[2020/07/29 06:03:53.720670][I][sendCOMCommand] DUT <= 5
[2020/07/29 06:03:53.829126][I][sendCOMCommand] Serial buffer size: 202
[2020/07/29 06:03:54.349933][I][sendCOMCommand] DUT => [mfglib]Send Packet(100 bytes)
[mfglib]Send Packet(100 bytes)
[mfglib]Send Packet(100 bytes)
5
ZigBee send packet test end.
Total number of emberStatus errors:0
$[0]
$DONE_OK
$2_Zigbee(EM357)>

[2020/07/29 06:03:54.364214][I][setTxStop] Success
[2020/07/29 06:03:58.160714][I][setZigbee_Tx] ZIGBEE_2450 CH: 21, Tx PWR: 0 dBm
[2020/07/29 06:03:58.164546][I][setScimitarMenu] Set Scimitar menu
[2020/07/29 06:03:58.368729][I][sendCOMCommand] DUT <= x
[2020/07/29 06:03:58.484855][I][sendCOMCommand] Serial buffer size: 7
[2020/07/29 06:03:58.998636][I][sendCOMCommand] DUT => x
$>

[2020/07/29 06:03:59.013438][I][setScimitarMenu] Success
[2020/07/29 06:03:59.023511][I][setZigbeeMenu] Check Zigbee Menu
[2020/07/29 06:03:59.231708][I][sendCOMCommand] DUT <= 2
[2020/07/29 06:03:59.340183][I][sendCOMCommand] Serial buffer size: 22
[2020/07/29 06:03:59.860672][I][sendCOMCommand] DUT => 2
$2_Zigbee(EM357)>

[2020/07/29 06:03:59.875663][I][setZigbeeMenu] Success
[2020/07/29 06:03:59.885798][I][setZigbee_Tx] Set Diagnostics Menu
[2020/07/29 06:04:00.092100][I][sendCOMCommand] DUT <= d
[2020/07/29 06:04:00.207282][I][sendCOMCommand] Serial buffer size: 22
[2020/07/29 06:04:00.726480][I][sendCOMCommand] DUT => d
$2-d_Diagnostics>

[2020/07/29 06:04:00.734517][I][setZigbee_Tx] Success
[2020/07/29 06:04:00.738488][I][setZigbee_Tx] Set Channel Menu
[2020/07/29 06:04:00.943966][I][sendCOMCommand] DUT <= 2
[2020/07/29 06:04:01.059870][I][sendCOMCommand] Serial buffer size: 66
[2020/07/29 06:04:01.571591][I][sendCOMCommand] DUT => 2
$2-d-2_Set Channel (11 => 26) [0B - 1A by HEX]>
$PARAMETER?>

[2020/07/29 06:04:01.579619][I][setZigbee_Tx] Success
[2020/07/29 06:04:01.583322][I][setZigbee_Tx] Set Channel
[2020/07/29 06:04:01.788115][I][sendCOMCommand] DUT <= 15
[2020/07/29 06:04:01.902952][I][sendCOMCommand] Serial buffer size: 34
[2020/07/29 06:04:02.422108][I][sendCOMCommand] DUT => Set Channel: 21 (0x15)
$DONE_OK
$2-d_Diagnostics>

[2020/07/29 06:04:02.437098][I][setZigbee_Tx] Success
[2020/07/29 06:04:02.448126][I][setZigbee_Tx] Set PWR Menu
[2020/07/29 06:04:02.656006][I][sendCOMCommand] DUT <= 3
[2020/07/29 06:04:02.765900][I][sendCOMCommand] Serial buffer size: 79
[2020/07/29 06:04:03.283730][I][sendCOMCommand] DUT => 3
$2-d-3_Set Power (-32 => +8dBm, Step=1dB) [-2B - 08 by HEX]>
$PARAMETER?>

[2020/07/29 06:04:03.291706][I][setZigbee_Tx] Success
[2020/07/29 06:04:03.295329][I][setZigbee_Tx] Set Tx PWR
[2020/07/29 06:04:03.499677][I][sendCOMCommand] DUT <= 00
[2020/07/29 06:04:03.616021][I][sendCOMCommand] Serial buffer size: 50
[2020/07/29 06:04:04.135155][I][sendCOMCommand] DUT => Set Power: 0 (0x00)
$DONE_OK
$2-d_Diagnostics>

[2020/07/29 06:04:04.144151][I][setZigbee_Tx] Success
[2020/07/29 06:04:04.154187][I][setScimitarMenu] Set Scimitar menu
[2020/07/29 06:04:04.359293][I][sendCOMCommand] DUT <= x
[2020/07/29 06:04:04.476252][I][sendCOMCommand] Serial buffer size: 22
[2020/07/29 06:04:04.995314][I][sendCOMCommand] DUT => x
$2_Zigbee(EM357)>

[2020/07/29 06:04:05.212067][I][sendCOMCommand] DUT <= x
[2020/07/29 06:04:05.320081][I][sendCOMCommand] Serial buffer size: 7
[2020/07/29 06:04:05.830019][I][sendCOMCommand] DUT => x
$>

[2020/07/29 06:04:05.835022][I][setScimitarMenu] Success
[2020/07/29 06:04:05.838030][I][setZigbeeMenu] Check Zigbee Menu
[2020/07/29 06:04:06.043652][I][sendCOMCommand] DUT <= 2
[2020/07/29 06:04:06.152608][I][sendCOMCommand] Serial buffer size: 22
[2020/07/29 06:04:06.672135][I][sendCOMCommand] DUT => 2
$2_Zigbee(EM357)>

[2020/07/29 06:04:06.680163][I][setZigbeeMenu] Success
[2020/07/29 06:04:06.683170][I][setTxStart] Set Tx start
[2020/07/29 06:04:08.825123][I][setTxStop] Set Tx stop
[2020/07/29 06:04:09.033297][I][sendCOMCommand] DUT <= 5
[2020/07/29 06:04:09.139268][I][sendCOMCommand] Serial buffer size: 202
[2020/07/29 06:04:09.647945][I][sendCOMCommand] DUT => [mfglib]Send Packet(100 bytes)
[mfglib]Send Packet(100 bytes)
[mfglib]Send Packet(100 bytes)
5
ZigBee send packet test end.
Total number of emberStatus errors:0
$[0]
$DONE_OK
$2_Zigbee(EM357)>

[2020/07/29 06:04:09.656966][I][setTxStop] Success
[2020/07/29 06:04:09.679211][I][setZigbee_Tx] ZIGBEE_2450 CH: 21, Tx PWR: -1 dBm
[2020/07/29 06:04:09.682847][I][setScimitarMenu] Set Scimitar menu
[2020/07/29 06:04:09.887343][I][sendCOMCommand] DUT <= x
[2020/07/29 06:04:10.004163][I][sendCOMCommand] Serial buffer size: 3
[2020/07/29 06:04:10.523108][I][sendCOMCommand] DUT => x
$>

[2020/07/29 06:04:10.539199][I][setScimitarMenu] Success
[2020/07/29 06:04:10.549222][I][setZigbeeMenu] Check Zigbee Menu
[2020/07/29 06:04:10.757792][I][sendCOMCommand] DUT <= 2
[2020/07/29 06:04:10.866293][I][sendCOMCommand] Serial buffer size: 22
[2020/07/29 06:04:11.387410][I][sendCOMCommand] DUT => 2
$2_Zigbee(EM357)>

[2020/07/29 06:04:11.402923][I][setZigbeeMenu] Success
[2020/07/29 06:04:11.410950][I][setZigbee_Tx] Set Diagnostics Menu
[2020/07/29 06:04:11.619747][I][sendCOMCommand] DUT <= d
[2020/07/29 06:04:11.728369][I][sendCOMCommand] Serial buffer size: 22
[2020/07/29 06:04:12.248508][I][sendCOMCommand] DUT => d
$2-d_Diagnostics>

[2020/07/29 06:04:12.256525][I][setZigbee_Tx] Success
[2020/07/29 06:04:12.259533][I][setZigbee_Tx] Set Channel Menu
[2020/07/29 06:04:12.465078][I][sendCOMCommand] DUT <= 2
[2020/07/29 06:04:12.581413][I][sendCOMCommand] Serial buffer size: 66
[2020/07/29 06:04:13.092759][I][sendCOMCommand] DUT => 2
$2-d-2_Set Channel (11 => 26) [0B - 1A by HEX]>
$PARAMETER?>

[2020/07/29 06:04:13.099784][I][setZigbee_Tx] Success
[2020/07/29 06:04:13.104137][I][setZigbee_Tx] Set Channel
[2020/07/29 06:04:13.308922][I][sendCOMCommand] DUT <= 15
[2020/07/29 06:04:13.424312][I][sendCOMCommand] Serial buffer size: 53
[2020/07/29 06:04:13.936754][I][sendCOMCommand] DUT => Set Channel: 21 (0x15)
$DONE_OK
$2-d_Diagnostics>

[2020/07/29 06:04:13.944762][I][setZigbee_Tx] Success
[2020/07/29 06:04:13.949014][I][setZigbee_Tx] Set PWR Menu
[2020/07/29 06:04:14.152777][I][sendCOMCommand] DUT <= 3
[2020/07/29 06:04:14.269308][I][sendCOMCommand] Serial buffer size: 79
[2020/07/29 06:04:14.780398][I][sendCOMCommand] DUT => 3
$2-d-3_Set Power (-32 => +8dBm, Step=1dB) [-2B - 08 by HEX]>
$PARAMETER?>

[2020/07/29 06:04:14.788417][I][setZigbee_Tx] Success
[2020/07/29 06:04:14.792388][I][setZigbee_Tx] Set Tx PWR
[2020/07/29 06:04:14.996836][I][sendCOMCommand] DUT <= FF
[2020/07/29 06:04:15.113642][I][sendCOMCommand] Serial buffer size: 57
[2020/07/29 06:04:15.625863][I][sendCOMCommand] DUT => Set Power: -1 (0xFFFFFFFF)
$DONE_OK
$2-d_Diagnostics>

[2020/07/29 06:04:15.633890][I][setZigbee_Tx] Success
[2020/07/29 06:04:15.643762][I][setScimitarMenu] Set Scimitar menu
[2020/07/29 06:04:15.847949][I][sendCOMCommand] DUT <= x
[2020/07/29 06:04:15.955093][I][sendCOMCommand] Serial buffer size: 22
[2020/07/29 06:04:16.467781][I][sendCOMCommand] DUT => x
$2_Zigbee(EM357)>

[2020/07/29 06:04:16.677462][I][sendCOMCommand] DUT <= x
[2020/07/29 06:04:16.794674][I][sendCOMCommand] Serial buffer size: 3
[2020/07/29 06:04:17.306317][I][sendCOMCommand] DUT => x
$>

[2020/07/29 06:04:17.315388][I][setScimitarMenu] Success
[2020/07/29 06:04:17.318408][I][setZigbeeMenu] Check Zigbee Menu
[2020/07/29 06:04:17.524511][I][sendCOMCommand] DUT <= 2
[2020/07/29 06:04:17.634150][I][sendCOMCommand] Serial buffer size: 22
[2020/07/29 06:04:18.145041][I][sendCOMCommand] DUT => 2
$2_Zigbee(EM357)>

[2020/07/29 06:04:18.161126][I][setZigbeeMenu] Success
[2020/07/29 06:04:18.171105][I][setTxStart] Set Tx start
[2020/07/29 06:04:20.377950][I][setTxStop] Set Tx stop
[2020/07/29 06:04:20.585717][I][sendCOMCommand] DUT <= 5
[2020/07/29 06:04:20.703643][I][sendCOMCommand] Serial buffer size: 170
[2020/07/29 06:04:21.217952][I][sendCOMCommand] DUT => [mfglib]Send Packet(100 bytes)
[mfglib]Send Packet(100 bytes)
5
ZigBee send packet test end.
Total number of emberStatus errors:0
$[0]
$DONE_OK
$2_Zigbee(EM357)>

[2020/07/29 06:04:21.225961][I][setTxStop] Success
[2020/07/29 06:04:25.024297][I][setZigbee_Tx] ZIGBEE_2450 CH: 24, Tx PWR: 0 dBm
[2020/07/29 06:04:25.028718][I][setScimitarMenu] Set Scimitar menu
[2020/07/29 06:04:25.233780][I][sendCOMCommand] DUT <= x
[2020/07/29 06:04:25.341556][I][sendCOMCommand] Serial buffer size: 7
[2020/07/29 06:04:25.853472][I][sendCOMCommand] DUT => x
$>

[2020/07/29 06:04:25.857523][I][setScimitarMenu] Success
[2020/07/29 06:04:25.863539][I][setZigbeeMenu] Check Zigbee Menu
[2020/07/29 06:04:26.070022][I][sendCOMCommand] DUT <= 2
[2020/07/29 06:04:26.178744][I][sendCOMCommand] Serial buffer size: 22
[2020/07/29 06:04:26.699642][I][sendCOMCommand] DUT => 2
$2_Zigbee(EM357)>

[2020/07/29 06:04:26.707609][I][setZigbeeMenu] Success
[2020/07/29 06:04:26.712201][I][setZigbee_Tx] Set Diagnostics Menu
[2020/07/29 06:04:26.917233][I][sendCOMCommand] DUT <= d
[2020/07/29 06:04:27.034402][I][sendCOMCommand] Serial buffer size: 22
[2020/07/29 06:04:27.547229][I][sendCOMCommand] DUT => d
$2-d_Diagnostics>

[2020/07/29 06:04:27.555293][I][setZigbee_Tx] Success
[2020/07/29 06:04:27.559776][I][setZigbee_Tx] Set Channel Menu
[2020/07/29 06:04:27.764764][I][sendCOMCommand] DUT <= 2
[2020/07/29 06:04:27.881718][I][sendCOMCommand] Serial buffer size: 66
[2020/07/29 06:04:28.391200][I][sendCOMCommand] DUT => 2
$2-d-2_Set Channel (11 => 26) [0B - 1A by HEX]>
$PARAMETER?>

[2020/07/29 06:04:28.404281][I][setZigbee_Tx] Success
[2020/07/29 06:04:28.414380][I][setZigbee_Tx] Set Channel
[2020/07/29 06:04:28.621834][I][sendCOMCommand] DUT <= 18
[2020/07/29 06:04:28.728672][I][sendCOMCommand] Serial buffer size: 53
[2020/07/29 06:04:29.253182][I][sendCOMCommand] DUT => Set Channel: 24 (0x18)
$DONE_OK
$2-d_Diagnostics>

[2020/07/29 06:04:29.269228][I][setZigbee_Tx] Success
[2020/07/29 06:04:29.276240][I][setZigbee_Tx] Set PWR Menu
[2020/07/29 06:04:29.482300][I][sendCOMCommand] DUT <= 3
[2020/07/29 06:04:29.599692][I][sendCOMCommand] Serial buffer size: 79
[2020/07/29 06:04:30.110163][I][sendCOMCommand] DUT => 3
$2-d-3_Set Power (-32 => +8dBm, Step=1dB) [-2B - 08 by HEX]>
$PARAMETER?>

[2020/07/29 06:04:30.118163][I][setZigbee_Tx] Success
[2020/07/29 06:04:30.122755][I][setZigbee_Tx] Set Tx PWR
[2020/07/29 06:04:30.326328][I][sendCOMCommand] DUT <= 00
[2020/07/29 06:04:30.441613][I][sendCOMCommand] Serial buffer size: 50
[2020/07/29 06:04:30.954385][I][sendCOMCommand] DUT => Set Power: 0 (0x00)
$DONE_OK
$2-d_Diagnostics>

[2020/07/29 06:04:30.961383][I][setZigbee_Tx] Success
[2020/07/29 06:04:30.971947][I][setScimitarMenu] Set Scimitar menu
[2020/07/29 06:04:31.177735][I][sendCOMCommand] DUT <= x
[2020/07/29 06:04:31.295816][I][sendCOMCommand] Serial buffer size: 22
[2020/07/29 06:04:31.814298][I][sendCOMCommand] DUT => x
$2_Zigbee(EM357)>

[2020/07/29 06:04:32.024504][I][sendCOMCommand] DUT <= x
[2020/07/29 06:04:32.134567][I][sendCOMCommand] Serial buffer size: 7
[2020/07/29 06:04:32.654580][I][sendCOMCommand] DUT => x
$>

[2020/07/29 06:04:32.662606][I][setScimitarMenu] Success
[2020/07/29 06:04:32.666619][I][setZigbeeMenu] Check Zigbee Menu
[2020/07/29 06:04:32.872074][I][sendCOMCommand] DUT <= 2
[2020/07/29 06:04:32.983513][I][sendCOMCommand] Serial buffer size: 22
[2020/07/29 06:04:33.504466][I][sendCOMCommand] DUT => 2
$2_Zigbee(EM357)>

[2020/07/29 06:04:33.521502][I][setZigbeeMenu] Success
[2020/07/29 06:04:33.531663][I][setTxStart] Set Tx start
[2020/07/29 06:04:35.804745][I][setTxStop] Set Tx stop
[2020/07/29 06:04:36.012975][I][sendCOMCommand] DUT <= 5
[2020/07/29 06:04:36.130469][I][sendCOMCommand] Serial buffer size: 170
[2020/07/29 06:04:36.643440][I][sendCOMCommand] DUT => [mfglib]Send Packet(100 bytes)
[mfglib]Send Packet(100 bytes)
5
ZigBee send packet test end.
Total number of emberStatus errors:0
$[0]
$DONE_OK
$2_Zigbee(EM357)>

[2020/07/29 06:04:36.652393][I][setTxStop] Success
[2020/07/29 06:04:36.676390][I][setZigbee_Tx] ZIGBEE_2450 CH: 24, Tx PWR: -2 dBm
[2020/07/29 06:04:36.680365][I][setScimitarMenu] Set Scimitar menu
[2020/07/29 06:04:36.884411][I][sendCOMCommand] DUT <= x
[2020/07/29 06:04:36.991045][I][sendCOMCommand] Serial buffer size: 7
[2020/07/29 06:04:37.502722][I][sendCOMCommand] DUT => x
$>

[2020/07/29 06:04:37.510740][I][setScimitarMenu] Success
[2020/07/29 06:04:37.515463][I][setZigbeeMenu] Check Zigbee Menu
[2020/07/29 06:04:37.720486][I][sendCOMCommand] DUT <= 2
[2020/07/29 06:04:37.830278][I][sendCOMCommand] Serial buffer size: 22
[2020/07/29 06:04:38.342700][I][sendCOMCommand] DUT => 2
$2_Zigbee(EM357)>

[2020/07/29 06:04:38.351710][I][setZigbeeMenu] Success
[2020/07/29 06:04:38.354719][I][setZigbee_Tx] Set Diagnostics Menu
[2020/07/29 06:04:38.560187][I][sendCOMCommand] DUT <= d
[2020/07/29 06:04:38.678286][I][sendCOMCommand] Serial buffer size: 22
[2020/07/29 06:04:39.193850][I][sendCOMCommand] DUT => d
$2-d_Diagnostics>

[2020/07/29 06:04:39.201879][I][setZigbee_Tx] Success
[2020/07/29 06:04:39.205898][I][setZigbee_Tx] Set Channel Menu
[2020/07/29 06:04:39.410017][I][sendCOMCommand] DUT <= 2
[2020/07/29 06:04:39.525280][I][sendCOMCommand] Serial buffer size: 66
[2020/07/29 06:04:40.036061][I][sendCOMCommand] DUT => 2
$2-d-2_Set Channel (11 => 26) [0B - 1A by HEX]>
$PARAMETER?>

[2020/07/29 06:04:40.045103][I][setZigbee_Tx] Success
[2020/07/29 06:04:40.048870][I][setZigbee_Tx] Set Channel
[2020/07/29 06:04:40.252725][I][sendCOMCommand] DUT <= 18
[2020/07/29 06:04:40.370441][I][sendCOMCommand] Serial buffer size: 34
[2020/07/29 06:04:40.476656][W][sendCOMCommand] Buffer not empty!!!
[2020/07/29 06:04:40.485624][I][sendCOMCommand] Serial buffer size: 19
[2020/07/29 06:04:40.993946][I][sendCOMCommand] DUT => Set Channel: 24 (0x18)
$DONE_OK
$2-d_Diagnostics>

[2020/07/29 06:04:41.002313][I][setZigbee_Tx] Success
[2020/07/29 06:04:41.006325][I][setZigbee_Tx] Set PWR Menu
[2020/07/29 06:04:41.211608][I][sendCOMCommand] DUT <= 3
[2020/07/29 06:04:41.329741][I][sendCOMCommand] Serial buffer size: 79
[2020/07/29 06:04:41.842130][I][sendCOMCommand] DUT => 3
$2-d-3_Set Power (-32 => +8dBm, Step=1dB) [-2B - 08 by HEX]>
$PARAMETER?>

[2020/07/29 06:04:41.850820][I][setZigbee_Tx] Success
[2020/07/29 06:04:41.854789][I][setZigbee_Tx] Set Tx PWR
[2020/07/29 06:04:42.059655][I][sendCOMCommand] DUT <= FE
[2020/07/29 06:04:42.176983][I][sendCOMCommand] Serial buffer size: 38
[2020/07/29 06:04:42.687349][I][sendCOMCommand] DUT => Set Power: -2 (0xFFFFFFFE)
$DONE_OK
$2-d_Diagnostics>

[2020/07/29 06:04:42.696353][I][setZigbee_Tx] Success
[2020/07/29 06:04:42.707345][I][setScimitarMenu] Set Scimitar menu
[2020/07/29 06:04:42.912538][I][sendCOMCommand] DUT <= x
[2020/07/29 06:04:43.030087][I][sendCOMCommand] Serial buffer size: 22
[2020/07/29 06:04:43.552190][I][sendCOMCommand] DUT => x
$2_Zigbee(EM357)>

[2020/07/29 06:04:43.769771][I][sendCOMCommand] DUT <= x
[2020/07/29 06:04:43.880333][I][sendCOMCommand] Serial buffer size: 7
[2020/07/29 06:04:44.399033][I][sendCOMCommand] DUT => x
$>

[2020/07/29 06:04:44.403509][I][setScimitarMenu] Success
[2020/07/29 06:04:44.406518][I][setZigbeeMenu] Check Zigbee Menu
[2020/07/29 06:04:44.612802][I][sendCOMCommand] DUT <= 2
[2020/07/29 06:04:44.721272][I][sendCOMCommand] Serial buffer size: 22
[2020/07/29 06:04:45.230891][I][sendCOMCommand] DUT => 2
$2_Zigbee(EM357)>

[2020/07/29 06:04:45.238920][I][setZigbeeMenu] Success
[2020/07/29 06:04:45.242931][I][setTxStart] Set Tx start
[2020/07/29 06:04:47.352151][I][setTxStop] Set Tx stop
[2020/07/29 06:04:47.559993][I][sendCOMCommand] DUT <= 5
[2020/07/29 06:04:47.678690][I][sendCOMCommand] Serial buffer size: 200
[2020/07/29 06:04:48.190665][I][sendCOMCommand] DUT => [mfglib]Send Packet(100 bytes)
[mfglib]Send Packet(100 bytes)
[mfglib]Send Packet(100 bytes)
5
ZigBee send packet test end.
Total number of emberStatus errors:0
$[0]
$DONE_OK
$2_Zigbee(EM357)>

[2020/07/29 06:04:48.207746][I][setTxStop] Success
[2020/07/29 06:04:49.619641][I][setZigbee_Rx] ZIGBEE_2450 CH: 19
[2020/07/29 06:04:49.622651][I][setScimitarMenu] Set Scimitar menu
[2020/07/29 06:04:49.828584][I][sendCOMCommand] DUT <= x
[2020/07/29 06:04:49.938995][I][sendCOMCommand] Serial buffer size: 7
[2020/07/29 06:04:50.460603][I][sendCOMCommand] DUT => x
$>

[2020/07/29 06:04:50.476681][I][setScimitarMenu] Success
[2020/07/29 06:04:50.486665][I][setZigbeeMenu] Check Zigbee Menu
[2020/07/29 06:04:50.695008][I][sendCOMCommand] DUT <= 2
[2020/07/29 06:04:50.805164][I][sendCOMCommand] Serial buffer size: 22
[2020/07/29 06:04:51.326351][I][sendCOMCommand] DUT => 2
$2_Zigbee(EM357)>

[2020/07/29 06:04:51.334392][I][setZigbeeMenu] Success
[2020/07/29 06:04:51.339038][I][setZigbee_Rx] Set Diagnostics Menu
[2020/07/29 06:04:51.544082][I][sendCOMCommand] DUT <= d
[2020/07/29 06:04:51.661933][I][sendCOMCommand] Serial buffer size: 22
[2020/07/29 06:04:52.182389][I][sendCOMCommand] DUT => d
$2-d_Diagnostics>

[2020/07/29 06:04:52.191415][I][setZigbee_Rx] Success
[2020/07/29 06:04:52.195472][I][setZigbee_Rx] Set Channel Menu
[2020/07/29 06:04:52.400897][I][sendCOMCommand] DUT <= 2
[2020/07/29 06:04:52.515782][I][sendCOMCommand] Serial buffer size: 66
[2020/07/29 06:04:53.038264][I][sendCOMCommand] DUT => 2
$2-d-2_Set Channel (11 => 26) [0B - 1A by HEX]>
$PARAMETER?>

[2020/07/29 06:04:53.055304][I][setZigbee_Rx] Success
[2020/07/29 06:04:53.065323][I][setZigbee_Rx] Set Channel
[2020/07/29 06:04:53.273612][I][sendCOMCommand] DUT <= 13
[2020/07/29 06:04:53.389290][I][sendCOMCommand] Serial buffer size: 53
[2020/07/29 06:04:53.900736][I][sendCOMCommand] DUT => Set Channel: 19 (0x13)
$DONE_OK
$2-d_Diagnostics>

[2020/07/29 06:04:53.904748][I][setZigbee_Rx] Success
[2020/07/29 06:04:53.912769][I][setZigbeeLNAMode] LNA Mode: 1
[2020/07/29 06:04:53.917783][I][setScimitarMenu] Set Scimitar menu
[2020/07/29 06:04:54.123557][I][sendCOMCommand] DUT <= x
[2020/07/29 06:04:54.241571][I][sendCOMCommand] Serial buffer size: 22
[2020/07/29 06:04:54.751995][I][sendCOMCommand] DUT => x
$2_Zigbee(EM357)>

[2020/07/29 06:04:54.961315][I][sendCOMCommand] DUT <= x
[2020/07/29 06:04:55.080021][I][sendCOMCommand] Serial buffer size: 7
[2020/07/29 06:04:55.601862][I][sendCOMCommand] DUT => x
$>

[2020/07/29 06:04:55.618933][I][setScimitarMenu] Success
[2020/07/29 06:04:55.627937][I][setZigbeeMenu] Check Zigbee Menu
[2020/07/29 06:04:55.835420][I][sendCOMCommand] DUT <= 2
[2020/07/29 06:04:55.945359][I][sendCOMCommand] Serial buffer size: 22
[2020/07/29 06:04:56.467052][I][sendCOMCommand] DUT => 2
$2_Zigbee(EM357)>

[2020/07/29 06:04:56.475083][I][setZigbeeMenu] Success
[2020/07/29 06:04:56.479093][I][setZigbeeLNAMode] Set GPIO Write Menu
[2020/07/29 06:04:56.685130][I][sendCOMCommand] DUT <= 3
[2020/07/29 06:04:56.794468][I][sendCOMCommand] Serial buffer size: 28
[2020/07/29 06:04:57.315939][I][sendCOMCommand] DUT => 3
$2-3_ZigBee GPIO Write>

[2020/07/29 06:04:57.324944][I][setZigbeeLNAMode] Success
[2020/07/29 06:04:57.328956][I][setZigbeeLNAMode] Set LNA Mode
[2020/07/29 06:04:57.533616][I][sendCOMCommand] DUT <= 3
[2020/07/29 06:04:57.652387][I][sendCOMCommand] Serial buffer size: 106
[2020/07/29 06:04:58.175093][I][sendCOMCommand] DUT => 3
[EZSP]Setting GPIO was successful. (portPin=3, cfg=1, out=0)
$[0]
$DONE_OK
$2-3_ZigBee GPIO Write>

[2020/07/29 06:04:58.384801][I][sendCOMCommand] DUT <= 3
[2020/07/29 06:04:58.500725][I][sendCOMCommand] Serial buffer size: 106
[2020/07/29 06:04:59.013165][I][sendCOMCommand] DUT => 3
[EZSP]Setting GPIO was successful. (portPin=3, cfg=1, out=1)
$[1]
$DONE_OK
$2-3_ZigBee GPIO Write>

[2020/07/29 06:04:59.021176][I][setZigbeeLNAMode] Success
[2020/07/29 06:05:00.037911][I][getRxResult] Get Rx Result
[2020/07/29 06:05:00.041920][I][setScimitarMenu] Set Scimitar menu
[2020/07/29 06:05:00.247791][I][sendCOMCommand] DUT <= x
[2020/07/29 06:05:00.357056][I][sendCOMCommand] Serial buffer size: 22
[2020/07/29 06:05:00.878545][I][sendCOMCommand] DUT => x
$2_Zigbee(EM357)>

[2020/07/29 06:05:01.089242][I][sendCOMCommand] DUT <= x
[2020/07/29 06:05:01.207143][I][sendCOMCommand] Serial buffer size: 7
[2020/07/29 06:05:01.718475][I][sendCOMCommand] DUT => x
$>

[2020/07/29 06:05:01.726488][I][setScimitarMenu] Success
[2020/07/29 06:05:01.730498][I][setZigbeeMenu] Check Zigbee Menu
[2020/07/29 06:05:01.935569][I][sendCOMCommand] DUT <= 2
[2020/07/29 06:05:02.044506][I][sendCOMCommand] Serial buffer size: 22
[2020/07/29 06:05:02.558961][I][sendCOMCommand] DUT => 2
$2_Zigbee(EM357)>

[2020/07/29 06:05:02.567931][I][setZigbeeMenu] Success
[2020/07/29 06:05:02.773621][I][sendCOMCommand] DUT <= b
[2020/07/29 06:05:02.891871][I][sendCOMCommand] Serial buffer size: 32
[2020/07/29 06:05:03.108339][W][sendCOMCommand] Buffer not empty!!!
[2020/07/29 06:05:03.113653][I][sendCOMCommand] Serial buffer size: 183
[2020/07/29 06:05:03.622135][I][sendCOMCommand] DUT => b
ZigBee get Rssi test start.
Start Scan ... (Channel: 19 (0x13) duration:2 mask:00080000)
Channel: 19 (0x13), Rssi:-15
Total OK!    OOO   K  K   !
            O   O  K K    !
            O   O  KK     !
            O   O  K K     
             OOO   K  Kk  !
$[-15]

[2020/07/29 06:05:03.695229][I][setZigbee_Rx] ZIGBEE_2450 CH: 19
[2020/07/29 06:05:03.698238][I][setScimitarMenu] Set Scimitar menu
[2020/07/29 06:05:03.906122][I][sendCOMCommand] DUT <= x
[2020/07/29 06:05:04.012945][I][sendCOMCommand] Serial buffer size: 36
[2020/07/29 06:05:04.535720][I][sendCOMCommand] DUT => $DONE_OK
$2_Zigbee(EM357)>
x
$>

[2020/07/29 06:05:04.552817][I][setScimitarMenu] Success
[2020/07/29 06:05:04.562801][I][setZigbeeMenu] Check Zigbee Menu
[2020/07/29 06:05:04.770999][I][sendCOMCommand] DUT <= 2
[2020/07/29 06:05:04.881249][I][sendCOMCommand] Serial buffer size: 22
[2020/07/29 06:05:05.407473][I][sendCOMCommand] DUT => 2
$2_Zigbee(EM357)>

[2020/07/29 06:05:05.414167][I][setZigbeeMenu] Success
[2020/07/29 06:05:05.418181][I][setZigbee_Rx] Set Diagnostics Menu
[2020/07/29 06:05:05.623968][I][sendCOMCommand] DUT <= d
[2020/07/29 06:05:05.742869][I][sendCOMCommand] Serial buffer size: 22
[2020/07/29 06:05:06.255006][I][sendCOMCommand] DUT => d
$2-d_Diagnostics>

[2020/07/29 06:05:06.263033][I][setZigbee_Rx] Success
[2020/07/29 06:05:06.267044][I][setZigbee_Rx] Set Channel Menu
[2020/07/29 06:05:06.473105][I][sendCOMCommand] DUT <= 2
[2020/07/29 06:05:06.590816][I][sendCOMCommand] Serial buffer size: 66
[2020/07/29 06:05:07.113368][I][sendCOMCommand] DUT => 2
$2-d-2_Set Channel (11 => 26) [0B - 1A by HEX]>
$PARAMETER?>

[2020/07/29 06:05:07.130435][I][setZigbee_Rx] Success
[2020/07/29 06:05:07.140445][I][setZigbee_Rx] Set Channel
[2020/07/29 06:05:07.349217][I][sendCOMCommand] DUT <= 13
[2020/07/29 06:05:07.458683][I][sendCOMCommand] Serial buffer size: 34
[2020/07/29 06:05:07.980398][I][sendCOMCommand] DUT => Set Channel: 19 (0x13)
$DONE_OK
$2-d_Diagnostics>

[2020/07/29 06:05:07.988425][I][setZigbee_Rx] Success
[2020/07/29 06:05:07.996447][I][setZigbeeLNAMode] LNA Mode: 0
[2020/07/29 06:05:08.000548][I][setScimitarMenu] Set Scimitar menu
[2020/07/29 06:05:08.206360][I][sendCOMCommand] DUT <= x
[2020/07/29 06:05:08.324613][I][sendCOMCommand] Serial buffer size: 22
[2020/07/29 06:05:08.846716][I][sendCOMCommand] DUT => x
$2_Zigbee(EM357)>

[2020/07/29 06:05:09.056589][I][sendCOMCommand] DUT <= x
[2020/07/29 06:05:09.175653][I][sendCOMCommand] Serial buffer size: 7
[2020/07/29 06:05:09.697229][I][sendCOMCommand] DUT => x
$>

[2020/07/29 06:05:09.706263][I][setScimitarMenu] Success
[2020/07/29 06:05:09.710527][I][setZigbeeMenu] Check Zigbee Menu
[2020/07/29 06:05:09.916551][I][sendCOMCommand] DUT <= 2
[2020/07/29 06:05:10.026299][I][sendCOMCommand] Serial buffer size: 22
[2020/07/29 06:05:10.537517][I][sendCOMCommand] DUT => 2
$2_Zigbee(EM357)>

[2020/07/29 06:05:10.554596][I][setZigbeeMenu] Success
[2020/07/29 06:05:10.563579][I][setZigbeeLNAMode] Set GPIO Write Menu
[2020/07/29 06:05:10.771390][I][sendCOMCommand] DUT <= 3
[2020/07/29 06:05:10.879411][I][sendCOMCommand] Serial buffer size: 28
[2020/07/29 06:05:11.401814][I][sendCOMCommand] DUT => 3
$2-3_ZigBee GPIO Write>

[2020/07/29 06:05:11.411797][I][setZigbeeLNAMode] Success
[2020/07/29 06:05:11.416854][I][setZigbeeLNAMode] Set LNA Mode
[2020/07/29 06:05:11.622733][I][sendCOMCommand] DUT <= 3
[2020/07/29 06:05:11.731583][I][sendCOMCommand] Serial buffer size: 106
[2020/07/29 06:05:12.252719][I][sendCOMCommand] DUT => 3
[EZSP]Setting GPIO was successful. (portPin=3, cfg=1, out=0)
$[0]
$DONE_OK
$2-3_ZigBee GPIO Write>

[2020/07/29 06:05:12.261746][I][setZigbeeLNAMode] Success
[2020/07/29 06:05:13.290730][I][getRxResult] Get Rx Result
[2020/07/29 06:05:13.298701][I][setScimitarMenu] Set Scimitar menu
[2020/07/29 06:05:13.504491][I][sendCOMCommand] DUT <= x
[2020/07/29 06:05:13.623012][I][sendCOMCommand] Serial buffer size: 22
[2020/07/29 06:05:14.143777][I][sendCOMCommand] DUT => x
$2_Zigbee(EM357)>

[2020/07/29 06:05:14.352973][I][sendCOMCommand] DUT <= x
[2020/07/29 06:05:14.472018][I][sendCOMCommand] Serial buffer size: 7
[2020/07/29 06:05:14.985765][I][sendCOMCommand] DUT => x
$>

[2020/07/29 06:05:14.994794][I][setScimitarMenu] Success
[2020/07/29 06:05:14.998806][I][setZigbeeMenu] Check Zigbee Menu
[2020/07/29 06:05:15.204147][I][sendCOMCommand] DUT <= 2
[2020/07/29 06:05:15.322710][I][sendCOMCommand] Serial buffer size: 22
[2020/07/29 06:05:15.836562][I][sendCOMCommand] DUT => 2
$2_Zigbee(EM357)>

[2020/07/29 06:05:15.845577][I][setZigbeeMenu] Success
[2020/07/29 06:05:16.050775][I][sendCOMCommand] DUT <= b
[2020/07/29 06:05:16.160941][I][sendCOMCommand] Serial buffer size: 94
[2020/07/29 06:05:16.270621][W][sendCOMCommand] Buffer not empty!!!
[2020/07/29 06:05:16.287670][I][sendCOMCommand] Serial buffer size: 183
[2020/07/29 06:05:16.702795][W][sendCOMCommand] Buffer not empty!!!
[2020/07/29 06:05:16.711793][I][sendCOMCommand] Serial buffer size: 10
[2020/07/29 06:05:16.818153][W][sendCOMCommand] Buffer not empty!!!
[2020/07/29 06:05:16.836208][I][sendCOMCommand] Serial buffer size: 19
[2020/07/29 06:05:17.352551][I][sendCOMCommand] DUT => b
ZigBee get Rssi test start.
Start Scan ... (Channel: 19 (0x13) duration:2 mask:00080000)
Channel: 19 (0x13), Rssi:-28
Total OK!    OOO   K  K   !
            O   O  K K    !
            O   O  KK     !
            O   O  K K     
             OOO   K  Kk  !
$[-28]
$DONE_OK
$2_Zigbee(EM357)>

[2020/07/29 06:05:17.422339][I][disconnectDUT] Disconnect DUT success
