[2020/07/29 05:37:35]============== Control PS_Keysight66321B ==============
[2020/07/29 05:37:35]List resource: ['GPIB0::5::INSTR', 'ASRL1::INSTR', 'TCPIP0::192.168.1.2::hislip0::INSTR']
[2020/07/29 05:37:35]Power Supply: control 66321B successfully
[2020/07/29 05:37:35]Power Supply send: *RST
[2020/07/29 05:37:35]Power Supply send: *IDN?
[2020/07/29 05:37:35]Power Supply recv: Agilent Technologies,66321B,0,A.03.01

[2020/07/29 05:37:35]Power Supply is: Agilent Technologies,66321B,0,A.03.01
 

[2020/07/29 05:37:35]Power Supply send: CURR:PROT:STAT 1
[2020/07/29 05:37:35]Power Supply send: CURR:PROT:STAT?
[2020/07/29 05:37:35]Power Supply recv: 1

[2020/07/29 05:37:35]Power Supply send: VOLT 12.0
[2020/07/29 05:37:35]Power Supply send: VOLT?
[2020/07/29 05:37:35]Power Supply recv: 1.20000E+1

[2020/07/29 05:37:35]Power Supply send: CURR 1.0
[2020/07/29 05:37:35]Power Supply send: CURR?
[2020/07/29 05:37:35]Power Supply recv: 1.00000E+0

[2020/07/29 05:37:35]Power Supply send: OUTP 1
[2020/07/29 05:37:35]Power Supply send: OUTP?
[2020/07/29 05:37:35]Power Supply recv: 1

[2020/07/29 05:38:32]============== Control PS_Keysight66321B ==============
[2020/07/29 05:38:32]List resource: ['GPIB0::5::INSTR', 'ASRL1::INSTR', 'TCPIP0::192.168.1.2::hislip0::INSTR', 'ASRL14::INSTR', 'ASRL15::INSTR', 'ASRL16::INSTR', 'ASRL17::INSTR', 'ASRL19::INSTR', 'ASRL20::INSTR']
[2020/07/29 05:38:32]Power Supply: control 66321B successfully
[2020/07/29 05:38:32]Power Supply send: *IDN?
[2020/07/29 05:38:32]Power Supply recv: Agilent Technologies,66321B,0,A.03.01

[2020/07/29 05:38:32]Power Supply is: Agilent Technologies,66321B,0,A.03.01
 

[2020/07/29 05:38:46]Power Supply send: MEAS:CURR?
[2020/07/29 05:38:46]Power Supply recv: 8.05998E-2

[2020/07/29 05:38:58]Power Supply send: MEAS:CURR?
[2020/07/29 05:38:58]Power Supply recv: 1.00257E-1

[2020/07/29 05:39:13]Power Supply send: MEAS:CURR?
[2020/07/29 05:39:13]Power Supply recv: 7.75065E-2

[2020/07/29 05:39:28]Power Supply send: MEAS:CURR?
[2020/07/29 05:39:28]Power Supply recv: 9.95562E-2

[2020/07/29 05:39:40]Power Supply send: MEAS:CURR?
[2020/07/29 05:39:40]Power Supply recv: 9.73014E-2

[2020/07/29 05:40:33]============== Control PS_Keysight66321B ==============
[2020/07/29 05:40:33]List resource: ['GPIB0::5::INSTR', 'ASRL1::INSTR', 'TCPIP0::192.168.1.2::hislip0::INSTR']
[2020/07/29 05:40:33]Power Supply: control 66321B successfully
[2020/07/29 05:40:33]Power Supply send: *IDN?
[2020/07/29 05:40:33]Power Supply recv: Agilent Technologies,66321B,0,A.03.01

[2020/07/29 05:40:33]Power Supply is: Agilent Technologies,66321B,0,A.03.01
 

[2020/07/29 05:40:42]Power Supply send: MEAS:CURR?
[2020/07/29 05:40:42]Power Supply recv: 2.42428E-1

[2020/07/29 05:40:51]Power Supply send: MEAS:CURR?
[2020/07/29 05:40:51]Power Supply recv: 2.09018E-1

[2020/07/29 05:41:02]Power Supply send: MEAS:CURR?
[2020/07/29 05:41:02]Power Supply recv: 1.53560E-1

[2020/07/29 05:41:34]============== Control PS_Keysight66321B ==============
[2020/07/29 05:41:35]List resource: ['GPIB0::5::INSTR', 'ASRL1::INSTR', 'TCPIP0::192.168.1.2::hislip0::INSTR', 'ASRL14::INSTR', 'ASRL15::INSTR', 'ASRL16::INSTR', 'ASRL17::INSTR', 'ASRL19::INSTR', 'ASRL20::INSTR']
[2020/07/29 05:41:35]Power Supply: control 66321B successfully
[2020/07/29 05:41:35]Power Supply send: *RST
[2020/07/29 05:41:35]Power Supply send: *IDN?
[2020/07/29 05:41:35]Power Supply recv: Agilent Technologies,66321B,0,A.03.01

[2020/07/29 05:41:35]Power Supply is: Agilent Technologies,66321B,0,A.03.01
 

[2020/07/29 05:41:35]Power Supply send: OUTP 0
[2020/07/29 05:41:35]Power Supply send: OUTP?
[2020/07/29 05:41:35]Power Supply recv: 0

