01/02/2022 02:41:42 - 344-6524 CommandLineParser::Parsecommands
01/02/2022 02:41:48 - 344-6524 main: Calculating color space parameters.
01/02/2022 02:41:48 - 344-6524 CommandLineParser::BuildCGTCommandString
01/02/2022 02:41:48 - 344-6524 CommandLineParser::BuildCGTCommandString, Profile: Native Command: /dcd /input "c:\dreamcolor\cnd140bb88_20220101135600.bin" /output "c:\dreamcolor\cnd140bb88_20220101135600\Data-CND140BB88\Native.txt" /nativecolorspace /filter /type MatrixRamp 256 16 txt /iccProfileAdvanced /iccd65
01/02/2022 02:41:48 - 344-6524 CommandLineParser::BuildCGTCommandString, Profile: Web(sRGB) Command: /dcd /input "c:\dreamcolor\cnd140bb88_20220101135600.bin" /output "c:\dreamcolor\cnd140bb88_20220101135600\Data-CND140BB88\Web(sRGB).txt" /filter /white 0.3127 0.329 /red 0.64 0.33 /green 0.3 0.6 /blue 0.15 0.06 /eotf PowerFunction 2.2 /type MatrixRamp 256 16 txt /iccProfileAdvanced /iccd65
01/02/2022 02:41:48 - 344-6524 CommandLineParser::BuildCGTCommandString, Profile: Printing and Imaging (Adobe RGB) Command: /dcd /input "c:\dreamcolor\cnd140bb88_20220101135600.bin" /output "c:\dreamcolor\cnd140bb88_20220101135600\Data-CND140BB88\Printing and Imaging (Adobe RGB).txt" /filter /white 0.3127 0.329 /red 0.64 0.33 /green 0.21 0.71 /blue 0.15 0.06 /eotf PowerFunction 2.2 /type MatrixRamp 256 16 txt /iccProfileAdvanced /iccd65
01/02/2022 02:41:48 - 344-6524 CommandLineParser::BuildCGTCommandString, Profile: Photos and Videos (DCI-P3) Command: /dcd /input "c:\dreamcolor\cnd140bb88_20220101135600.bin" /output "c:\dreamcolor\cnd140bb88_20220101135600\Data-CND140BB88\Photos and Videos (DCI-P3).txt" /filter /white 0.3127 0.329 /red 0.68 0.32 /green 0.265 0.69 /blue 0.15 0.06 /eotf PowerFunction 2.2 /type MatrixRamp 256 16 txt /iccProfileAdvanced /iccd65
01/02/2022 02:41:48 - 344-6524 CommandLineParser::BuildCGTCommandString, Profile: Default Command: /dcd /input "c:\dreamcolor\cnd140bb88_20220101135600.bin" /output "c:\dreamcolor\cnd140bb88_20220101135600\Data-CND140BB88\Default.txt" /filter /white 0.3127 0.329 /nativegamut /eotf PowerFunction 2.2 /type MatrixRamp 256 16 txt /iccProfileAdvanced /iccd65
01/02/2022 02:41:54 - 344-6524 LaunchApp::Success, C:\Program Files\Portrait Displays\DreamColor Factory Tools\cgt.exe  /dcd /input "c:\dreamcolor\cnd140bb88_20220101135600.bin" /output "c:\dreamcolor\cnd140bb88_20220101135600\Data-CND140BB88\Native.txt" /nativecolorspace /filter /type MatrixRamp 256 16 txt /iccProfileAdvanced /iccd65
01/02/2022 02:41:54 - 344-6524 LaunchApp::Success, C:\Program Files\Portrait Displays\DreamColor Factory Tools\cgt.exe  /dcd /input "c:\dreamcolor\cnd140bb88_20220101135600.bin" /output "c:\dreamcolor\cnd140bb88_20220101135600\Data-CND140BB88\Web(sRGB).txt" /filter /white 0.3127 0.329 /red 0.64 0.33 /green 0.3 0.6 /blue 0.15 0.06 /eotf PowerFunction 2.2 /type MatrixRamp 256 16 txt /iccProfileAdvanced /iccd65
01/02/2022 02:41:54 - 344-6524 LaunchApp::Success, C:\Program Files\Portrait Displays\DreamColor Factory Tools\cgt.exe  /dcd /input "c:\dreamcolor\cnd140bb88_20220101135600.bin" /output "c:\dreamcolor\cnd140bb88_20220101135600\Data-CND140BB88\Printing and Imaging (Adobe RGB).txt" /filter /white 0.3127 0.329 /red 0.64 0.33 /green 0.21 0.71 /blue 0.15 0.06 /eotf PowerFunction 2.2 /type MatrixRamp 256 16 txt /iccProfileAdvanced /iccd65
01/02/2022 02:41:55 - 344-6524 LaunchApp::Success, C:\Program Files\Portrait Displays\DreamColor Factory Tools\cgt.exe  /dcd /input "c:\dreamcolor\cnd140bb88_20220101135600.bin" /output "c:\dreamcolor\cnd140bb88_20220101135600\Data-CND140BB88\Photos and Videos (DCI-P3).txt" /filter /white 0.3127 0.329 /red 0.68 0.32 /green 0.265 0.69 /blue 0.15 0.06 /eotf PowerFunction 2.2 /type MatrixRamp 256 16 txt /iccProfileAdvanced /iccd65
01/02/2022 02:41:55 - 344-6524 LaunchApp::Success, C:\Program Files\Portrait Displays\DreamColor Factory Tools\cgt.exe  /dcd /input "c:\dreamcolor\cnd140bb88_20220101135600.bin" /output "c:\dreamcolor\cnd140bb88_20220101135600\Data-CND140BB88\Default.txt" /filter /white 0.3127 0.329 /nativegamut /eotf PowerFunction 2.2 /type MatrixRamp 256 16 txt /iccProfileAdvanced /iccd65
01/02/2022 02:42:02 - 344-6524 CommandLineParser::BuildCWCommandString
01/02/2022 02:42:02 - 344-6524 CommandLineParser::BuildCWCommandString: -cm4 SDC416C 97 "c:\dreamcolor\cnd140bb88_20220101135600\Data-CND140BB88\cw_Native.csv" 20 1 300 "c:\dreamcolor\cnd140bb88_20220101135600\Log\CND140BB88.log"
01/02/2022 02:42:02 - 6676-10332 Entering CcwDlg::OnInitDialog.
01/02/2022 02:42:02 - 6676-10332 Entering CTestSystem::Initialize.
01/02/2022 02:42:02 - 6676-10332 Entering CTestSystem::CreateDisplays.
01/02/2022 02:42:02 - 6676-10332 Entering CTestSystem::GetDTDisplay.
01/02/2022 02:42:02 - 6676-10332 Leaving CTestSystem::GetDTDisplay.
01/02/2022 02:42:02 - 6676-10332 Leaving CTestSystem::CreateDisplays.
01/02/2022 02:42:02 - 6676-10332 PNP Id and Gpu: SDC416C, ATI3 NODDC API.
01/02/2022 02:42:02 - 6676-10332 Leaving CTestSystem::Initialize.
01/02/2022 02:42:02 - 6676-10332 Entering CcwDlg::GetRegistryValue.
01/02/2022 02:42:02 - 6676-10332 Leaving CcwDlg::GetRegistryValue.
01/02/2022 02:42:02 - 6676-10332 Entering CTestSystem::AcquireTargetRects.
01/02/2022 02:42:02 - 6676-10332 Entering CMonitorReSynch::CMonitorReSynch().
01/02/2022 02:42:02 - 6676-10332 Leaving CMonitorReSynch::CMonitorReSynch().
01/02/2022 02:42:02 - 6676-10332 Entering CTestSystem::ReadEdidFromRegistry.
01/02/2022 02:42:02 - 6676-10332 Leaving CTestSystem::AcquireTargetRects.
01/02/2022 02:42:02 - 6676-10332 Entering CTestSystem::GetTargetRECT.
01/02/2022 02:42:02 - 6676-10332 Leaving CTestSystem::GetTargetRECT.
01/02/2022 02:42:02 - 6676-8548 Entering CTestSystem::CreateSensor.
01/02/2022 02:42:02 - 6676-8548 CalMANv6 - Load
01/02/2022 02:42:02 - 6676-8548 Initialized - 
01/02/2022 02:42:02 - 6676-8548 Meters - InitProfile
01/02/2022 02:42:02 - 6676-8548 Initialized - 
01/02/2022 02:42:02 - 6676-8548 X-Rite i1Display OEM - Create Object 
01/02/2022 02:42:02 - 6676-8548 X-Rite i1Display OEM - Load
01/02/2022 02:42:02 - 6676-8548 X-Rite i1Display OEM - Enum
01/02/2022 02:42:03 - 6676-8548 X-Rite i1Display OEM - Found  200776
01/02/2022 02:42:03 - 6676-8548 X-Rite i1Display OEM - Shutdown
01/02/2022 02:42:03 - 6676-8548 X-Rite i1Display OEM - Unload
01/02/2022 02:42:03 - 6676-8548 Initialized - 
01/02/2022 02:42:03 - 6676-8548 Meters - InitProfile
01/02/2022 02:42:03 - 6676-8548 Initialized - 
01/02/2022 02:42:03 - 6676-8548 Simulated Meter - Create Object 
01/02/2022 02:42:03 - 6676-8548 Simulated Meter - Load
01/02/2022 02:42:03 - 6676-8548 Simulated Meter - Enum
01/02/2022 02:42:03 - 6676-8548 Simulated Meter - Found  12345678
01/02/2022 02:42:03 - 6676-8548 Simulated Meter - Shutdown
01/02/2022 02:42:03 - 6676-8548 Simulated Meter - Shutdown
01/02/2022 02:42:03 - 6676-8548 Simulated Meter - Unload
01/02/2022 02:42:03 - 6676-8548 Initialized - 
01/02/2022 02:42:03 - 6676-8548 Meters - InitProfile
01/02/2022 02:42:03 - 6676-8548 Initialized - 
01/02/2022 02:42:03 - 6676-8548 X-Rite i1Display OEM - Create Object 
01/02/2022 02:42:03 - 6676-8548 SpectraCal C6 - Create Object 
01/02/2022 02:42:03 - 6676-8548 SpectraCal C6 - Load
01/02/2022 02:42:03 - 6676-8548 SpectraCal C6 - Startup
01/02/2022 02:42:04 - 6676-8548 SpectraCal C6 - Serial Number 00200776
01/02/2022 02:42:04 - 6676-8548 SpectraCal C6 - Version Version: SP-B-02 AIO
01/02/2022 02:42:04 - 6676-8548 SpectraCal C6 - Version2 Date Code: 1911
01/02/2022 02:42:04 - 6676-8548 SpectraCal C6 - Version3 Calibration Tables: 18
01/02/2022 02:42:04 - 6676-8548 SpectraCal C6 - Mode  5
01/02/2022 02:42:04 - 6676-8548 SpectraCal C6 - Table  12
01/02/2022 02:42:04 - 6676-8548 SpectraCal C6 - 45584302FA58.cbfx
01/02/2022 02:42:04 - 6676-8548 SpectraCal C6 - Tables 3
01/02/2022 02:42:04 - 6676-8548 SpectraCal C6 - Table  0 - __IDENTITY__
01/02/2022 02:42:04 - 6676-8548 SpectraCal C6 - Table  1 - __Generic CMF__
01/02/2022 02:42:04 - 6676-8548 SpectraCal C6 - Table *2 - HP LP2465
01/02/2022 02:42:05 - 6676-8548 SpectraCal C6 - Mode  5
01/02/2022 02:42:05 - 6676-8548 SpectraCal C6 - Table  12
01/02/2022 02:42:05 - 6676-8548 SpectraCal C6 - 45584302FA58.cbfx
01/02/2022 02:42:05 - 6676-8548 SpectraCal C6 - Tables 3
01/02/2022 02:42:05 - 6676-8548 SpectraCal C6 - Table  0 - __IDENTITY__
01/02/2022 02:42:05 - 6676-8548 SpectraCal C6 - Table  1 - __Generic CMF__
01/02/2022 02:42:05 - 6676-8548 SpectraCal C6 - Table *2 - HP LP2465
01/02/2022 02:42:06 - 6676-8548 Leaving CTestSystem::CreateSensor.
01/02/2022 02:42:06 - 6676-8548 Entering CDisplayCalibrator::SetSensorCalType.
01/02/2022 02:42:06 - 6676-8548 SpectraCal C6 - Mode  97
01/02/2022 02:42:06 - 6676-8548 SpectraCal C6 - Table  34
01/02/2022 02:42:06 - 6676-8548 SpectraCal C6 - CC62AB446B5B.cbfx
01/02/2022 02:42:06 - 6676-8548 SpectraCal C6 - Tables 3
01/02/2022 02:42:06 - 6676-8548 SpectraCal C6 - Table  0 - __IDENTITY__
01/02/2022 02:42:06 - 6676-8548 SpectraCal C6 - Table  1 - __Generic CMF__
01/02/2022 02:42:06 - 6676-8548 SpectraCal C6 - Table *2 - 
01/02/2022 02:42:07 - 6676-8548 CDisplayCalibrator::SetSensorCalType. CalType = 97 
01/02/2022 02:42:07 - 6676-8548 Leaving CDisplayCalibrator::SetSensorCalType.
01/02/2022 02:42:07 - 6676-8548 Entering CDisplayCalibrator::MeasureCustom4Data.
01/02/2022 02:42:10 - 6676-8548 Entering CDisplayCalibrator::TakeReading.
01/02/2022 02:42:10 - 6676-8548 SpectraCal C6 - ReadXYZ  0
01/02/2022 02:42:10 - 6676-8548 SpectraCal C6 - ReadRGB 14687500 11567500 5497500
01/02/2022 02:42:10 - 6676-8548 SpectraCal C6 - ReadRAW X:353.99573 Y:376.10336 Z:399.45962
01/02/2022 02:42:10 - 6676-8548 SpectraCal C6 - ReadXYZ XYZ X:353.99573 Y:376.10336 Z:399.45962
01/02/2022 02:42:10 - 6676-8548 CDisplayCalibrator::TakeReading X = 353.9957, Y = 376.1034, Z = 399.4596 
01/02/2022 02:42:10 - 6676-8548 Leaving CDisplayCalibrator::TakeReading.
01/02/2022 02:42:10 - 6676-8548 Entering CDisplayCalibrator::TakeReading.
01/02/2022 02:42:11 - 6676-8548 SpectraCal C6 - ReadXYZ  0
01/02/2022 02:42:11 - 6676-8548 SpectraCal C6 - ReadRGB 4922500 857500 76529
01/02/2022 02:42:11 - 6676-8548 SpectraCal C6 - ReadRAW X:155.8684 Y:79.258089 Z:5.549292
01/02/2022 02:42:11 - 6676-8548 SpectraCal C6 - ReadRGB 4913571 853571 76188
01/02/2022 02:42:11 - 6676-8548 SpectraCal C6 - ReadRAW X:155.633 Y:79.078292 Z:5.5240438
01/02/2022 02:42:11 - 6676-8548 SpectraCal C6 - ReadXYZ XYZ X:155.633 Y:79.078292 Z:5.5240438
01/02/2022 02:42:11 - 6676-8548 CDisplayCalibrator::TakeReading X = 155.6330, Y = 79.0783, Z =  5.5240 
01/02/2022 02:42:11 - 6676-8548 Leaving CDisplayCalibrator::TakeReading.
01/02/2022 02:42:12 - 6676-8548 Entering CDisplayCalibrator::TakeReading.
01/02/2022 02:42:12 - 6676-8548 SpectraCal C6 - ReadXYZ  0
01/02/2022 02:42:12 - 6676-8548 SpectraCal C6 - ReadRGB 9617500 9767500 582500
01/02/2022 02:42:12 - 6676-8548 SpectraCal C6 - ReadRAW X:139.28011 Y:277.56568 Z:43.981846
01/02/2022 02:42:12 - 6676-8548 SpectraCal C6 - ReadXYZ XYZ X:139.28011 Y:277.56568 Z:43.981846
01/02/2022 02:42:12 - 6676-8548 CDisplayCalibrator::TakeReading X = 139.2801, Y = 277.5657, Z = 43.9818 
01/02/2022 02:42:12 - 6676-8548 Leaving CDisplayCalibrator::TakeReading.
01/02/2022 02:42:13 - 6676-8548 Entering CDisplayCalibrator::TakeReading.
01/02/2022 02:42:13 - 6676-8548 SpectraCal C6 - ReadXYZ  0
01/02/2022 02:42:13 - 6676-8548 SpectraCal C6 - ReadRGB 436984 1112500 4867500
01/02/2022 02:42:13 - 6676-8548 SpectraCal C6 - ReadRAW X:65.847861 Y:25.765235 Z:352.05503
01/02/2022 02:42:13 - 6676-8548 SpectraCal C6 - ReadXYZ XYZ X:65.847861 Y:25.765235 Z:352.05503
01/02/2022 02:42:13 - 6676-8548 CDisplayCalibrator::TakeReading X = 65.8479, Y = 25.7652, Z = 352.0550 
01/02/2022 02:42:13 - 6676-8548 Leaving CDisplayCalibrator::TakeReading.
01/02/2022 02:42:13 - 6676-8548 Leaving CDisplayCalibrator::MeasureCustom4Data.
01/02/2022 02:42:14 - 6676-10332 SpectraCal C6 - Shutdown
01/02/2022 02:42:14 - 6676-10332 SpectraCal C6 - Shutdown
01/02/2022 02:42:14 - 6676-10332 SpectraCal C6 - Unload
01/02/2022 02:42:14 - 6676-10332 SpectraCal C6 - Shutdown
01/02/2022 02:42:14 - 6676-10332 SpectraCal C6 - Unload
01/02/2022 02:42:14 - 6676-10332 SpectraCal C6 - Shutdown
01/02/2022 02:42:14 - 6676-10332 SpectraCal C6 - Unload
01/02/2022 02:42:14 - 344-6524 LaunchApp::Application Failure, The operation completed successfully.
 C:\Program Files\Portrait Displays\DreamColor Factory Tools\cw.exe  -cm4 SDC416C 97 "c:\dreamcolor\cnd140bb88_20220101135600\Data-CND140BB88\cw_Native.csv" 20 1 300 "c:\dreamcolor\cnd140bb88_20220101135600\Log\CND140BB88.log"
01/02/2022 02:42:14 - 344-6524 CommandLineParser::BuildCVTCommandString
01/02/2022 02:42:14 - 344-6524 CommandLineParser::BuildCVTCommandString: --input "c:\dreamcolor\cnd140bb88_20220101135600\Data-CND140BB88\cw_Native.csv" --format CSV --output "c:\dreamcolor\cnd140bb88_20220101135600\Data-CND140BB88\cvt_Native.csv" 
01/02/2022 02:42:14 - 344-6524 LaunchApp::Success, C:\Program Files\Portrait Displays\DreamColor Factory Tools\cvt.exe  --input "c:\dreamcolor\cnd140bb88_20220101135600\Data-CND140BB88\cw_Native.csv" --format CSV --output "c:\dreamcolor\cnd140bb88_20220101135600\Data-CND140BB88\cvt_Native.csv" 
01/02/2022 02:42:14 - 344-6524 *****Delta E Values from file: c:\dreamcolor\cnd140bb88_20220101135600\Data-CND140BB88\cvt_Native.csv
01/02/2022 02:42:14 - 344-6524 255,255,255=2.767559
01/02/2022 02:42:14 - 344-6524 255,0,0=1.224174
01/02/2022 02:42:14 - 344-6524 0,255,0=0.875763
01/02/2022 02:42:14 - 344-6524 0,0,255=0.680049
01/02/2022 02:42:16 - 344-6524 CommandLineParser::BuildCWCommandString
01/02/2022 02:42:16 - 344-6524 CommandLineParser::BuildCWCommandString: -cm1 SDC416C 97 "c:\dreamcolor\cnd140bb88_20220101135600\Data-CND140BB88\cw_Web(sRGB).csv" 20 1 300 "c:\dreamcolor\cnd140bb88_20220101135600\Log\CND140BB88.log"
01/02/2022 02:42:16 - 5680-408 Entering CTestSystem::AcquireTargetRects.
01/02/2022 02:42:16 - 5680-408 Entering CMonitorReSynch::CMonitorReSynch().
01/02/2022 02:42:16 - 5680-408 Leaving CMonitorReSynch::CMonitorReSynch().
01/02/2022 02:42:16 - 5680-408 Entering CTestSystem::ReadEdidFromRegistry.
01/02/2022 02:42:16 - 5680-408 Leaving CTestSystem::AcquireTargetRects.
01/02/2022 02:42:16 - 5680-408 Entering CTestSystem::GetTargetRECT.
01/02/2022 02:42:16 - 5680-408 Leaving CTestSystem::GetTargetRECT.
01/02/2022 02:42:16 - 5680-9600 Entering CTestSystem::CreateSensor.
01/02/2022 02:42:16 - 5680-9600 CalMANv6 - Load
01/02/2022 02:42:16 - 5680-9600 Initialized - 
01/02/2022 02:42:16 - 5680-9600 Meters - InitProfile
01/02/2022 02:42:16 - 5680-9600 Initialized - 
01/02/2022 02:42:16 - 5680-9600 X-Rite i1Display OEM - Create Object 
01/02/2022 02:42:16 - 5680-9600 X-Rite i1Display OEM - Load
01/02/2022 02:42:16 - 5680-9600 X-Rite i1Display OEM - Enum
01/02/2022 02:42:17 - 5680-9600 X-Rite i1Display OEM - Found  200776
01/02/2022 02:42:17 - 5680-9600 X-Rite i1Display OEM - Shutdown
01/02/2022 02:42:17 - 5680-9600 X-Rite i1Display OEM - Unload
01/02/2022 02:42:17 - 5680-9600 Initialized - 
01/02/2022 02:42:17 - 5680-9600 Meters - InitProfile
01/02/2022 02:42:17 - 5680-9600 Initialized - 
01/02/2022 02:42:17 - 5680-9600 Simulated Meter - Create Object 
01/02/2022 02:42:17 - 5680-9600 Simulated Meter - Load
01/02/2022 02:42:17 - 5680-9600 Simulated Meter - Enum
01/02/2022 02:42:17 - 5680-9600 Simulated Meter - Found  12345678
01/02/2022 02:42:17 - 5680-9600 Simulated Meter - Shutdown
01/02/2022 02:42:17 - 5680-9600 Simulated Meter - Shutdown
01/02/2022 02:42:17 - 5680-9600 Simulated Meter - Unload
01/02/2022 02:42:17 - 5680-9600 Initialized - 
01/02/2022 02:42:17 - 5680-9600 Meters - InitProfile
01/02/2022 02:42:17 - 5680-9600 Initialized - 
01/02/2022 02:42:17 - 5680-9600 X-Rite i1Display OEM - Create Object 
01/02/2022 02:42:17 - 5680-9600 SpectraCal C6 - Create Object 
01/02/2022 02:42:17 - 5680-9600 SpectraCal C6 - Load
01/02/2022 02:42:17 - 5680-9600 SpectraCal C6 - Startup
01/02/2022 02:42:18 - 5680-9600 SpectraCal C6 - Serial Number 00200776
01/02/2022 02:42:18 - 5680-9600 SpectraCal C6 - Version Version: SP-B-02 AIO
01/02/2022 02:42:18 - 5680-9600 SpectraCal C6 - Version2 Date Code: 1911
01/02/2022 02:42:18 - 5680-9600 SpectraCal C6 - Version3 Calibration Tables: 18
01/02/2022 02:42:18 - 5680-9600 SpectraCal C6 - Mode  5
01/02/2022 02:42:18 - 5680-9600 SpectraCal C6 - Table  12
01/02/2022 02:42:18 - 5680-9600 SpectraCal C6 - 45584302FA58.cbfx
01/02/2022 02:42:18 - 5680-9600 SpectraCal C6 - Tables 3
01/02/2022 02:42:18 - 5680-9600 SpectraCal C6 - Table  0 - __IDENTITY__
01/02/2022 02:42:18 - 5680-9600 SpectraCal C6 - Table  1 - __Generic CMF__
01/02/2022 02:42:18 - 5680-9600 SpectraCal C6 - Table *2 - HP LP2465
01/02/2022 02:42:19 - 5680-9600 SpectraCal C6 - Mode  5
01/02/2022 02:42:19 - 5680-9600 SpectraCal C6 - Table  12
01/02/2022 02:42:19 - 5680-9600 SpectraCal C6 - 45584302FA58.cbfx
01/02/2022 02:42:19 - 5680-9600 SpectraCal C6 - Tables 3
01/02/2022 02:42:19 - 5680-9600 SpectraCal C6 - Table  0 - __IDENTITY__
01/02/2022 02:42:19 - 5680-9600 SpectraCal C6 - Table  1 - __Generic CMF__
01/02/2022 02:42:19 - 5680-9600 SpectraCal C6 - Table *2 - HP LP2465
01/02/2022 02:42:20 - 5680-9600 Leaving CTestSystem::CreateSensor.
01/02/2022 02:42:20 - 5680-9600 Entering CDisplayCalibrator::SetSensorCalType.
01/02/2022 02:42:20 - 5680-9600 SpectraCal C6 - Mode  97
01/02/2022 02:42:20 - 5680-9600 SpectraCal C6 - Table  34
01/02/2022 02:42:20 - 5680-9600 SpectraCal C6 - CC62AB446B5B.cbfx
01/02/2022 02:42:20 - 5680-9600 SpectraCal C6 - Tables 3
01/02/2022 02:42:20 - 5680-9600 SpectraCal C6 - Table  0 - __IDENTITY__
01/02/2022 02:42:20 - 5680-9600 SpectraCal C6 - Table  1 - __Generic CMF__
01/02/2022 02:42:20 - 5680-9600 SpectraCal C6 - Table *2 - 
01/02/2022 02:42:21 - 5680-9600 CDisplayCalibrator::SetSensorCalType. CalType = 97 
01/02/2022 02:42:21 - 5680-9600 Leaving CDisplayCalibrator::SetSensorCalType.
01/02/2022 02:42:21 - 5680-9600 Entering CDisplayCalibrator::MeasureCustom1Data.
01/02/2022 02:42:24 - 5680-9600 Entering CDisplayCalibrator::TakeReading.
01/02/2022 02:42:24 - 5680-9600 SpectraCal C6 - ReadXYZ  0
01/02/2022 02:42:24 - 5680-9600 SpectraCal C6 - ReadRGB 13712500 10662500 5367500
01/02/2022 02:42:24 - 5680-9600 SpectraCal C6 - ReadRAW X:336.98596 Y:349.20915 Z:389.89226
01/02/2022 02:42:24 - 5680-9600 SpectraCal C6 - ReadXYZ XYZ X:336.98596 Y:349.20915 Z:389.89226
01/02/2022 02:42:24 - 5680-9600 CDisplayCalibrator::TakeReading X = 336.9860, Y = 349.2091, Z = 389.8923 
01/02/2022 02:42:24 - 5680-9600 Leaving CDisplayCalibrator::TakeReading.
01/02/2022 02:42:24 - 5680-9600 Entering CDisplayCalibrator::TakeReading.
01/02/2022 02:42:24 - 5680-9600 SpectraCal C6 - ReadXYZ  0
01/02/2022 02:42:25 - 5680-9600 SpectraCal C6 - ReadRGB 2500 2500 2500
01/02/2022 02:42:25 - 5680-9600 SpectraCal C6 - ReadRAW X:7.2797565e-002 Y:7.3033942e-002 Z:0.18117673
01/02/2022 02:42:27 - 5680-9600 SpectraCal C6 - ReadRGB 113 113 113
01/02/2022 02:42:27 - 5680-9600 SpectraCal C6 - ReadRAW X:3.3089802e-003 Y:3.3197246e-003 Z:8.2353058e-003
01/02/2022 02:42:29 - 5680-9600 SpectraCal C6 - ReadRGB 113 113 113
01/02/2022 02:42:29 - 5680-9600 SpectraCal C6 - ReadRAW X:3.3089802e-003 Y:3.3197246e-003 Z:8.2353058e-003
01/02/2022 02:42:31 - 5680-9600 SpectraCal C6 - ReadRGB 113 113 113
01/02/2022 02:42:31 - 5680-9600 SpectraCal C6 - ReadRAW X:3.3089802e-003 Y:3.3197246e-003 Z:8.2353058e-003
01/02/2022 02:42:33 - 5680-9600 SpectraCal C6 - ReadRGB 113 113 113
01/02/2022 02:42:33 - 5680-9600 SpectraCal C6 - ReadRAW X:3.3089802e-003 Y:3.3197246e-003 Z:8.2353058e-003
01/02/2022 02:42:36 - 5680-9600 SpectraCal C6 - ReadRGB 113 113 113
01/02/2022 02:42:36 - 5680-9600 SpectraCal C6 - ReadRAW X:3.3089802e-003 Y:3.3197246e-003 Z:8.2353058e-003
01/02/2022 02:42:36 - 5680-9600 SpectraCal C6 - ReadXYZ XYZ X:3.3089802e-003 Y:3.3197246e-003 Z:8.2353058e-003
01/02/2022 02:42:36 - 5680-9600 CDisplayCalibrator::TakeReading X =  0.0033, Y =  0.0033, Z =  0.0082 
01/02/2022 02:42:36 - 5680-9600 Leaving CDisplayCalibrator::TakeReading.
01/02/2022 02:42:36 - 5680-9600 Entering CDisplayCalibrator::TakeReading.
01/02/2022 02:42:36 - 5680-9600 SpectraCal C6 - ReadXYZ  0
01/02/2022 02:42:36 - 5680-9600 SpectraCal C6 - ReadRGB 94153 72407 36183
01/02/2022 02:42:36 - 5680-9600 SpectraCal C6 - ReadRAW X:2.3206913 Y:2.385169 Z:2.6283876
01/02/2022 02:42:38 - 5680-9600 SpectraCal C6 - ReadRGB 93035 72678 36607
01/02/2022 02:42:38 - 5680-9600 SpectraCal C6 - ReadRAW X:2.2821138 Y:2.3745002 Z:2.659131
01/02/2022 02:42:38 - 5680-9600 SpectraCal C6 - ReadXYZ XYZ X:2.2821138 Y:2.3745002 Z:2.659131
01/02/2022 02:42:38 - 5680-9600 CDisplayCalibrator::TakeReading X =  2.2821, Y =  2.3745, Z =  2.6591 
01/02/2022 02:42:38 - 5680-9600 Leaving CDisplayCalibrator::TakeReading.
01/02/2022 02:42:38 - 5680-9600 Entering CDisplayCalibrator::TakeReading.
01/02/2022 02:42:38 - 5680-9600 SpectraCal C6 - ReadXYZ  0
01/02/2022 02:42:39 - 5680-9600 SpectraCal C6 - ReadRGB 413537 323717 161736
01/02/2022 02:42:39 - 5680-9600 SpectraCal C6 - ReadRAW X:10.11476 Y:10.563964 Z:11.748987
01/02/2022 02:42:40 - 5680-9600 SpectraCal C6 - ReadRGB 413611 324166 160833
01/02/2022 02:42:40 - 5680-9600 SpectraCal C6 - ReadRAW X:10.094069 Y:10.571179 Z:11.683812
01/02/2022 02:42:40 - 5680-9600 SpectraCal C6 - ReadXYZ XYZ X:10.094069 Y:10.571179 Z:11.683812
01/02/2022 02:42:40 - 5680-9600 CDisplayCalibrator::TakeReading X = 10.0941, Y = 10.5712, Z = 11.6838 
01/02/2022 02:42:40 - 5680-9600 Leaving CDisplayCalibrator::TakeReading.
01/02/2022 02:42:40 - 5680-9600 Entering CDisplayCalibrator::TakeReading.
01/02/2022 02:42:40 - 5680-9600 SpectraCal C6 - ReadXYZ  0
01/02/2022 02:42:40 - 5680-9600 SpectraCal C6 - ReadRGB 977500 767500 376066
01/02/2022 02:42:40 - 5680-9600 SpectraCal C6 - ReadRAW X:23.764722 Y:25.00165 Z:27.321342
01/02/2022 02:42:41 - 5680-9600 SpectraCal C6 - ReadRGB 974999 764230 377307
01/02/2022 02:42:41 - 5680-9600 SpectraCal C6 - ReadRAW X:23.765227 Y:24.919323 Z:27.410378
01/02/2022 02:42:41 - 5680-9600 SpectraCal C6 - ReadXYZ XYZ X:23.765227 Y:24.919323 Z:27.410378
01/02/2022 02:42:41 - 5680-9600 CDisplayCalibrator::TakeReading X = 23.7652, Y = 24.9193, Z = 27.4104 
01/02/2022 02:42:41 - 5680-9600 Leaving CDisplayCalibrator::TakeReading.
01/02/2022 02:42:42 - 5680-9600 Entering CDisplayCalibrator::TakeReading.
01/02/2022 02:42:42 - 5680-9600 SpectraCal C6 - ReadXYZ  0
01/02/2022 02:42:42 - 5680-9600 SpectraCal C6 - ReadRGB 1882500 1472500 727500
01/02/2022 02:42:42 - 5680-9600 SpectraCal C6 - ReadRAW X:45.93487 Y:48.06664 Z:52.850567
01/02/2022 02:42:42 - 5680-9600 SpectraCal C6 - ReadRGB 1877727 1471363 725909
01/02/2022 02:42:42 - 5680-9600 SpectraCal C6 - ReadRAW X:45.767124 Y:47.984228 Z:52.735492
01/02/2022 02:42:42 - 5680-9600 SpectraCal C6 - ReadXYZ XYZ X:45.767124 Y:47.984228 Z:52.735492
01/02/2022 02:42:42 - 5680-9600 CDisplayCalibrator::TakeReading X = 45.7671, Y = 47.9842, Z = 52.7355 
01/02/2022 02:42:42 - 5680-9600 Leaving CDisplayCalibrator::TakeReading.
01/02/2022 02:42:43 - 5680-9600 Entering CDisplayCalibrator::TakeReading.
01/02/2022 02:42:43 - 5680-9600 SpectraCal C6 - ReadXYZ  0
01/02/2022 02:42:43 - 5680-9600 SpectraCal C6 - ReadRGB 3102500 2432500 1197500
01/02/2022 02:42:43 - 5680-9600 SpectraCal C6 - ReadRAW X:75.560365 Y:79.302878 Z:86.996421
01/02/2022 02:42:43 - 5680-9600 SpectraCal C6 - ReadRGB 3103571 2433571 1199285
01/02/2022 02:42:43 - 5680-9600 SpectraCal C6 - ReadRAW X:75.602441 Y:79.334626 Z:87.125696
01/02/2022 02:42:43 - 5680-9600 SpectraCal C6 - ReadXYZ XYZ X:75.602441 Y:79.334626 Z:87.125696
01/02/2022 02:42:43 - 5680-9600 CDisplayCalibrator::TakeReading X = 75.6024, Y = 79.3346, Z = 87.1257 
01/02/2022 02:42:43 - 5680-9600 Leaving CDisplayCalibrator::TakeReading.
01/02/2022 02:42:44 - 5680-9600 Entering CDisplayCalibrator::TakeReading.
01/02/2022 02:42:44 - 5680-9600 SpectraCal C6 - ReadXYZ  0
01/02/2022 02:42:44 - 5680-9600 SpectraCal C6 - ReadRGB 4597500 3602500 1772500
01/02/2022 02:42:44 - 5680-9600 SpectraCal C6 - ReadRAW X:111.98516 Y:117.48274 Z:128.7695
01/02/2022 02:42:44 - 5680-9600 SpectraCal C6 - ReadRGB 4586250 3596250 1768750
01/02/2022 02:42:44 - 5680-9600 SpectraCal C6 - ReadRAW X:111.6656 Y:117.23445 Z:128.49743
01/02/2022 02:42:44 - 5680-9600 SpectraCal C6 - ReadXYZ XYZ X:111.6656 Y:117.23445 Z:128.49743
01/02/2022 02:42:44 - 5680-9600 CDisplayCalibrator::TakeReading X = 111.6656, Y = 117.2344, Z = 128.4974 
01/02/2022 02:42:44 - 5680-9600 Leaving CDisplayCalibrator::TakeReading.
01/02/2022 02:42:45 - 5680-9600 Entering CDisplayCalibrator::TakeReading.
01/02/2022 02:42:45 - 5680-9600 SpectraCal C6 - ReadXYZ  0
01/02/2022 02:42:45 - 5680-9600 SpectraCal C6 - ReadRGB 6362500 4982500 2457500
01/02/2022 02:42:45 - 5680-9600 SpectraCal C6 - ReadRAW X:155.10975 Y:162.54209 Z:178.53137
01/02/2022 02:42:45 - 5680-9600 SpectraCal C6 - ReadXYZ XYZ X:155.10975 Y:162.54209 Z:178.53137
01/02/2022 02:42:45 - 5680-9600 CDisplayCalibrator::TakeReading X = 155.1097, Y = 162.5421, Z = 178.5314 
01/02/2022 02:42:45 - 5680-9600 Leaving CDisplayCalibrator::TakeReading.
01/02/2022 02:42:45 - 5680-9600 Entering CDisplayCalibrator::TakeReading.
01/02/2022 02:42:45 - 5680-9600 SpectraCal C6 - ReadXYZ  0
01/02/2022 02:42:45 - 5680-9600 SpectraCal C6 - ReadRGB 8527500 6667500 3302500
01/02/2022 02:42:45 - 5680-9600 SpectraCal C6 - ReadRAW X:208.24463 Y:217.69894 Z:239.91294
01/02/2022 02:42:45 - 5680-9600 SpectraCal C6 - ReadXYZ XYZ X:208.24463 Y:217.69894 Z:239.91294
01/02/2022 02:42:45 - 5680-9600 CDisplayCalibrator::TakeReading X = 208.2446, Y = 217.6989, Z = 239.9129 
01/02/2022 02:42:45 - 5680-9600 Leaving CDisplayCalibrator::TakeReading.
01/02/2022 02:42:46 - 5680-9600 Entering CDisplayCalibrator::TakeReading.
01/02/2022 02:42:46 - 5680-9600 SpectraCal C6 - ReadXYZ  0
01/02/2022 02:42:46 - 5680-9600 SpectraCal C6 - ReadRGB 11047500 8627500 4292500
01/02/2022 02:42:46 - 5680-9600 SpectraCal C6 - ReadRAW X:270.21774 Y:281.88445 Z:311.82482
01/02/2022 02:42:46 - 5680-9600 SpectraCal C6 - ReadXYZ XYZ X:270.21774 Y:281.88445 Z:311.82482
01/02/2022 02:42:46 - 5680-9600 CDisplayCalibrator::TakeReading X = 270.2177, Y = 281.8845, Z = 311.8248 
01/02/2022 02:42:46 - 5680-9600 Leaving CDisplayCalibrator::TakeReading.
01/02/2022 02:42:46 - 5680-9600 Entering CDisplayCalibrator::TakeReading.
01/02/2022 02:42:46 - 5680-9600 SpectraCal C6 - ReadXYZ  0
01/02/2022 02:42:47 - 5680-9600 SpectraCal C6 - ReadRGB 4682500 802500 72640
01/02/2022 02:42:47 - 5680-9600 SpectraCal C6 - ReadRAW X:148.54667 Y:75.194099 Z:5.2642954
01/02/2022 02:42:48 - 5680-9600 SpectraCal C6 - ReadRGB 4680625 804375 72825
01/02/2022 02:42:48 - 5680-9600 SpectraCal C6 - ReadRAW X:148.4438 Y:75.197356 Z:5.2781415
01/02/2022 02:42:48 - 5680-9600 SpectraCal C6 - ReadXYZ XYZ X:148.4438 Y:75.197356 Z:5.2781415
01/02/2022 02:42:48 - 5680-9600 CDisplayCalibrator::TakeReading X = 148.4438, Y = 75.1974, Z =  5.2781 
01/02/2022 02:42:48 - 5680-9600 Leaving CDisplayCalibrator::TakeReading.
01/02/2022 02:42:48 - 5680-9600 Entering CDisplayCalibrator::TakeReading.
01/02/2022 02:42:48 - 5680-9600 SpectraCal C6 - ReadXYZ  0
01/02/2022 02:42:48 - 5680-9600 SpectraCal C6 - ReadRGB 8792500 8927500 547500
01/02/2022 02:42:48 - 5680-9600 SpectraCal C6 - ReadRAW X:127.60573 Y:253.73289 Z:41.290382
01/02/2022 02:42:48 - 5680-9600 SpectraCal C6 - ReadRGB 8793750 8926250 548750
01/02/2022 02:42:48 - 5680-9600 SpectraCal C6 - ReadRAW X:127.69522 Y:253.73158 Z:41.3804
01/02/2022 02:42:48 - 5680-9600 SpectraCal C6 - ReadXYZ XYZ X:127.69522 Y:253.73158 Z:41.3804
01/02/2022 02:42:48 - 5680-9600 CDisplayCalibrator::TakeReading X = 127.6952, Y = 253.7316, Z = 41.3804 
01/02/2022 02:42:48 - 5680-9600 Leaving CDisplayCalibrator::TakeReading.
01/02/2022 02:42:49 - 5680-9600 Entering CDisplayCalibrator::TakeReading.
01/02/2022 02:42:49 - 5680-9600 SpectraCal C6 - ReadXYZ  0
01/02/2022 02:42:49 - 5680-9600 SpectraCal C6 - ReadRGB 416445 1082500 4742500
01/02/2022 02:42:49 - 5680-9600 SpectraCal C6 - ReadRAW X:63.859969 Y:24.956568 Z:343.01408
01/02/2022 02:42:49 - 5680-9600 SpectraCal C6 - ReadXYZ XYZ X:63.859969 Y:24.956568 Z:343.01408
01/02/2022 02:42:49 - 5680-9600 CDisplayCalibrator::TakeReading X = 63.8600, Y = 24.9566, Z = 343.0141 
01/02/2022 02:42:49 - 5680-9600 Leaving CDisplayCalibrator::TakeReading.
01/02/2022 02:42:49 - 5680-9600 Leaving CDisplayCalibrator::MeasureCustom1Data.
01/02/2022 02:42:50 - 5680-408 SpectraCal C6 - Shutdown
01/02/2022 02:42:50 - 5680-408 SpectraCal C6 - Shutdown
01/02/2022 02:42:50 - 5680-408 SpectraCal C6 - Unload
01/02/2022 02:42:50 - 5680-408 SpectraCal C6 - Shutdown
01/02/2022 02:42:50 - 5680-408 SpectraCal C6 - Unload
01/02/2022 02:42:50 - 5680-408 SpectraCal C6 - Shutdown
01/02/2022 02:42:50 - 5680-408 SpectraCal C6 - Unload
01/02/2022 02:42:50 - 344-6524 LaunchApp::Application Failure, The operation completed successfully.
 C:\Program Files\Portrait Displays\DreamColor Factory Tools\cw.exe  -cm1 SDC416C 97 "c:\dreamcolor\cnd140bb88_20220101135600\Data-CND140BB88\cw_Web(sRGB).csv" 20 1 300 "c:\dreamcolor\cnd140bb88_20220101135600\Log\CND140BB88.log"
01/02/2022 02:42:50 - 344-6524 CommandLineParser::BuildCVTCommandString
01/02/2022 02:42:50 - 344-6524 CommandLineParser::BuildCVTCommandString: --input "c:\dreamcolor\cnd140bb88_20220101135600\Data-CND140BB88\cw_Web(sRGB).csv" --format CSV --output "c:\dreamcolor\cnd140bb88_20220101135600\Data-CND140BB88\cvt_Web(sRGB).csv" --white 0.3127 0.329 --red 0.64 0.33 --green 0.3 0.6 --blue 0.15 0.06 --eotf PowerFunction 2.2 
01/02/2022 02:42:50 - 344-6524 LaunchApp::Success, C:\Program Files\Portrait Displays\DreamColor Factory Tools\cvt.exe  --input "c:\dreamcolor\cnd140bb88_20220101135600\Data-CND140BB88\cw_Web(sRGB).csv" --format CSV --output "c:\dreamcolor\cnd140bb88_20220101135600\Data-CND140BB88\cvt_Web(sRGB).csv" --white 0.3127 0.329 --red 0.64 0.33 --green 0.3 0.6 --blue 0.15 0.06 --eotf PowerFunction 2.2 
01/02/2022 02:42:50 - 344-6524 *****Delta E Values from file: c:\dreamcolor\cnd140bb88_20220101135600\Data-CND140BB88\cvt_Web(sRGB).csv
01/02/2022 02:42:50 - 344-6524 0,0,0=0.000000
01/02/2022 02:42:50 - 344-6524 0,0,255=0.443825
01/02/2022 02:42:50 - 344-6524 0,255,0=0.472984
01/02/2022 02:42:50 - 344-6524 26,26,26=0.541323
01/02/2022 02:42:50 - 344-6524 51,51,51=0.588240
01/02/2022 02:42:50 - 344-6524 76,76,76=0.529893
01/02/2022 02:42:50 - 344-6524 102,102,102=0.787703
01/02/2022 02:42:50 - 344-6524 128,128,128=0.928311
01/02/2022 02:42:50 - 344-6524 153,153,153=0.858983
01/02/2022 02:42:50 - 344-6524 178,178,178=1.049710
01/02/2022 02:42:50 - 344-6524 204,204,204=1.532715
01/02/2022 02:42:50 - 344-6524 230,230,230=2.129882
01/02/2022 02:42:50 - 344-6524 255,0,0=1.240123
01/02/2022 02:42:50 - 344-6524 255,255,255=3.799679
01/02/2022 02:42:52 - 344-6524 CommandLineParser::BuildCWCommandString
01/02/2022 02:42:52 - 344-6524 CommandLineParser::BuildCWCommandString: -cm4 SDC416C 97 "c:\dreamcolor\cnd140bb88_20220101135600\Data-CND140BB88\cw_Printing and Imaging (Adobe RGB).csv" 20 1 300 "c:\dreamcolor\cnd140bb88_20220101135600\Log\CND140BB88.log"
01/02/2022 02:42:52 - 8696-2804 Entering CcwDlg::OnInitDialog.
01/02/2022 02:42:52 - 8696-2804 Entering CTestSystem::Initialize.
01/02/2022 02:42:52 - 8696-2804 Entering CTestSystem::CreateDisplays.
01/02/2022 02:42:52 - 8696-2804 Entering CTestSystem::GetDTDisplay.
01/02/2022 02:42:52 - 8696-2804 Leaving CTestSystem::GetDTDisplay.
01/02/2022 02:42:52 - 8696-2804 Leaving CTestSystem::CreateDisplays.
01/02/2022 02:42:52 - 8696-2804 PNP Id and Gpu: SDC416C, ATI3 NODDC API.
01/02/2022 02:42:53 - 8696-2804 Leaving CTestSystem::Initialize.
01/02/2022 02:42:53 - 8696-2804 Entering CcwDlg::GetRegistryValue.
01/02/2022 02:42:53 - 8696-2804 Leaving CcwDlg::GetRegistryValue.
01/02/2022 02:42:53 - 8696-2804 Entering CTestSystem::AcquireTargetRects.
01/02/2022 02:42:53 - 8696-2804 Entering CMonitorReSynch::CMonitorReSynch().
01/02/2022 02:42:53 - 8696-2804 Leaving CMonitorReSynch::CMonitorReSynch().
01/02/2022 02:42:53 - 8696-2804 Entering CTestSystem::ReadEdidFromRegistry.
01/02/2022 02:42:53 - 8696-2804 Leaving CTestSystem::AcquireTargetRects.
01/02/2022 02:42:53 - 8696-2804 Entering CTestSystem::GetTargetRECT.
01/02/2022 02:42:53 - 8696-2804 Leaving CTestSystem::GetTargetRECT.
01/02/2022 02:42:53 - 8696-2368 Entering CTestSystem::CreateSensor.
01/02/2022 02:42:53 - 8696-2368 CalMANv6 - Load
01/02/2022 02:42:53 - 8696-2368 Initialized - 
01/02/2022 02:42:53 - 8696-2368 Meters - InitProfile
01/02/2022 02:42:53 - 8696-2368 Initialized - 
01/02/2022 02:42:53 - 8696-2368 X-Rite i1Display OEM - Create Object 
01/02/2022 02:42:53 - 8696-2368 X-Rite i1Display OEM - Load
01/02/2022 02:42:53 - 8696-2368 X-Rite i1Display OEM - Enum
01/02/2022 02:42:54 - 8696-2368 X-Rite i1Display OEM - Found  200776
01/02/2022 02:42:54 - 8696-2368 X-Rite i1Display OEM - Shutdown
01/02/2022 02:42:54 - 8696-2368 X-Rite i1Display OEM - Unload
01/02/2022 02:42:54 - 8696-2368 Initialized - 
01/02/2022 02:42:54 - 8696-2368 Meters - InitProfile
01/02/2022 02:42:54 - 8696-2368 Initialized - 
01/02/2022 02:42:54 - 8696-2368 Simulated Meter - Create Object 
01/02/2022 02:42:54 - 8696-2368 Simulated Meter - Load
01/02/2022 02:42:54 - 8696-2368 Simulated Meter - Enum
01/02/2022 02:42:54 - 8696-2368 Simulated Meter - Found  12345678
01/02/2022 02:42:54 - 8696-2368 Simulated Meter - Shutdown
01/02/2022 02:42:54 - 8696-2368 Simulated Meter - Shutdown
01/02/2022 02:42:54 - 8696-2368 Simulated Meter - Unload
01/02/2022 02:42:54 - 8696-2368 Initialized - 
01/02/2022 02:42:54 - 8696-2368 Meters - InitProfile
01/02/2022 02:42:54 - 8696-2368 Initialized - 
01/02/2022 02:42:54 - 8696-2368 X-Rite i1Display OEM - Create Object 
01/02/2022 02:42:54 - 8696-2368 SpectraCal C6 - Create Object 
01/02/2022 02:42:54 - 8696-2368 SpectraCal C6 - Load
01/02/2022 02:42:54 - 8696-2368 SpectraCal C6 - Startup
01/02/2022 02:42:54 - 8696-2368 SpectraCal C6 - Serial Number 00200776
01/02/2022 02:42:54 - 8696-2368 SpectraCal C6 - Version Version: SP-B-02 AIO
01/02/2022 02:42:54 - 8696-2368 SpectraCal C6 - Version2 Date Code: 1911
01/02/2022 02:42:54 - 8696-2368 SpectraCal C6 - Version3 Calibration Tables: 18
01/02/2022 02:42:54 - 8696-2368 SpectraCal C6 - Mode  5
01/02/2022 02:42:54 - 8696-2368 SpectraCal C6 - Table  12
01/02/2022 02:42:54 - 8696-2368 SpectraCal C6 - 45584302FA58.cbfx
01/02/2022 02:42:54 - 8696-2368 SpectraCal C6 - Tables 3
01/02/2022 02:42:54 - 8696-2368 SpectraCal C6 - Table  0 - __IDENTITY__
01/02/2022 02:42:54 - 8696-2368 SpectraCal C6 - Table  1 - __Generic CMF__
01/02/2022 02:42:54 - 8696-2368 SpectraCal C6 - Table *2 - HP LP2465
01/02/2022 02:42:56 - 8696-2368 SpectraCal C6 - Mode  5
01/02/2022 02:42:56 - 8696-2368 SpectraCal C6 - Table  12
01/02/2022 02:42:56 - 8696-2368 SpectraCal C6 - 45584302FA58.cbfx
01/02/2022 02:42:56 - 8696-2368 SpectraCal C6 - Tables 3
01/02/2022 02:42:56 - 8696-2368 SpectraCal C6 - Table  0 - __IDENTITY__
01/02/2022 02:42:56 - 8696-2368 SpectraCal C6 - Table  1 - __Generic CMF__
01/02/2022 02:42:56 - 8696-2368 SpectraCal C6 - Table *2 - HP LP2465
01/02/2022 02:42:57 - 8696-2368 Leaving CTestSystem::CreateSensor.
01/02/2022 02:42:57 - 8696-2368 Entering CDisplayCalibrator::SetSensorCalType.
01/02/2022 02:42:57 - 8696-2368 SpectraCal C6 - Mode  97
01/02/2022 02:42:57 - 8696-2368 SpectraCal C6 - Table  34
01/02/2022 02:42:57 - 8696-2368 SpectraCal C6 - CC62AB446B5B.cbfx
01/02/2022 02:42:57 - 8696-2368 SpectraCal C6 - Tables 3
01/02/2022 02:42:57 - 8696-2368 SpectraCal C6 - Table  0 - __IDENTITY__
01/02/2022 02:42:57 - 8696-2368 SpectraCal C6 - Table  1 - __Generic CMF__
01/02/2022 02:42:57 - 8696-2368 SpectraCal C6 - Table *2 - 
01/02/2022 02:42:58 - 8696-2368 CDisplayCalibrator::SetSensorCalType. CalType = 97 
01/02/2022 02:42:58 - 8696-2368 Leaving CDisplayCalibrator::SetSensorCalType.
01/02/2022 02:42:58 - 8696-2368 Entering CDisplayCalibrator::MeasureCustom4Data.
01/02/2022 02:43:00 - 8696-2368 Entering CDisplayCalibrator::TakeReading.
01/02/2022 02:43:00 - 8696-2368 SpectraCal C6 - ReadXYZ  0
01/02/2022 02:43:00 - 8696-2368 SpectraCal C6 - ReadRGB 13637500 10602500 5337500
01/02/2022 02:43:00 - 8696-2368 SpectraCal C6 - ReadRAW X:335.16876 Y:347.27331 Z:387.71293
01/02/2022 02:43:00 - 8696-2368 SpectraCal C6 - ReadXYZ XYZ X:335.16876 Y:347.27331 Z:387.71293
01/02/2022 02:43:00 - 8696-2368 CDisplayCalibrator::TakeReading X = 335.1688, Y = 347.2733, Z = 387.7129 
01/02/2022 02:43:00 - 8696-2368 Leaving CDisplayCalibrator::TakeReading.
01/02/2022 02:43:01 - 8696-2368 Entering CDisplayCalibrator::TakeReading.
01/02/2022 02:43:01 - 8696-2368 SpectraCal C6 - ReadXYZ  0
01/02/2022 02:43:01 - 8696-2368 SpectraCal C6 - ReadRGB 6222500 967500 69009
01/02/2022 02:43:01 - 8696-2368 SpectraCal C6 - ReadRAW X:199.0831 Y:98.410098 Z:4.9838736
01/02/2022 02:43:01 - 8696-2368 SpectraCal C6 - ReadXYZ XYZ X:199.0831 Y:98.410098 Z:4.9838736
01/02/2022 02:43:01 - 8696-2368 CDisplayCalibrator::TakeReading X = 199.0831, Y = 98.4101, Z =  4.9839 
01/02/2022 02:43:01 - 8696-2368 Leaving CDisplayCalibrator::TakeReading.
01/02/2022 02:43:02 - 8696-2368 Entering CDisplayCalibrator::TakeReading.
01/02/2022 02:43:02 - 8696-2368 SpectraCal C6 - ReadXYZ  0
01/02/2022 02:43:02 - 8696-2368 SpectraCal C6 - ReadRGB 7837500 9152500 354573
01/02/2022 02:43:02 - 8696-2368 SpectraCal C6 - ReadRAW X:86.343292 Y:244.16623 Z:27.431672
01/02/2022 02:43:02 - 8696-2368 SpectraCal C6 - ReadXYZ XYZ X:86.343292 Y:244.16623 Z:27.431672
01/02/2022 02:43:02 - 8696-2368 CDisplayCalibrator::TakeReading X = 86.3433, Y = 244.1662, Z = 27.4317 
01/02/2022 02:43:02 - 8696-2368 Leaving CDisplayCalibrator::TakeReading.
01/02/2022 02:43:02 - 8696-2368 Entering CDisplayCalibrator::TakeReading.
01/02/2022 02:43:02 - 8696-2368 SpectraCal C6 - ReadXYZ  0
01/02/2022 02:43:02 - 8696-2368 SpectraCal C6 - ReadRGB 512500 1137500 4942500
01/02/2022 02:43:02 - 8696-2368 SpectraCal C6 - ReadRAW X:69.111723 Y:27.206652 Z:357.47891
01/02/2022 02:43:02 - 8696-2368 SpectraCal C6 - ReadXYZ XYZ X:69.111723 Y:27.206652 Z:357.47891
01/02/2022 02:43:02 - 8696-2368 CDisplayCalibrator::TakeReading X = 69.1117, Y = 27.2067, Z = 357.4789 
01/02/2022 02:43:02 - 8696-2368 Leaving CDisplayCalibrator::TakeReading.
01/02/2022 02:43:03 - 8696-2368 Leaving CDisplayCalibrator::MeasureCustom4Data.
01/02/2022 02:43:04 - 8696-2804 SpectraCal C6 - Shutdown
01/02/2022 02:43:04 - 8696-2804 SpectraCal C6 - Shutdown
01/02/2022 02:43:04 - 8696-2804 SpectraCal C6 - Unload
01/02/2022 02:43:04 - 8696-2804 SpectraCal C6 - Shutdown
01/02/2022 02:43:04 - 8696-2804 SpectraCal C6 - Unload
01/02/2022 02:43:04 - 8696-2804 SpectraCal C6 - Shutdown
01/02/2022 02:43:04 - 8696-2804 SpectraCal C6 - Unload
01/02/2022 02:43:04 - 344-6524 LaunchApp::Application Failure, The operation completed successfully.
 C:\Program Files\Portrait Displays\DreamColor Factory Tools\cw.exe  -cm4 SDC416C 97 "c:\dreamcolor\cnd140bb88_20220101135600\Data-CND140BB88\cw_Printing and Imaging (Adobe RGB).csv" 20 1 300 "c:\dreamcolor\cnd140bb88_20220101135600\Log\CND140BB88.log"
01/02/2022 02:43:04 - 344-6524 CommandLineParser::BuildCVTCommandString
01/02/2022 02:43:04 - 344-6524 CommandLineParser::BuildCVTCommandString: --input "c:\dreamcolor\cnd140bb88_20220101135600\Data-CND140BB88\cw_Printing and Imaging (Adobe RGB).csv" --format CSV --output "c:\dreamcolor\cnd140bb88_20220101135600\Data-CND140BB88\cvt_Printing and Imaging (Adobe RGB).csv" --white 0.3127 0.329 --red 0.64 0.33 --green 0.21 0.71 --blue 0.15 0.06 --eotf PowerFunction 2.2 
01/02/2022 02:43:04 - 344-6524 LaunchApp::Success, C:\Program Files\Portrait Displays\DreamColor Factory Tools\cvt.exe  --input "c:\dreamcolor\cnd140bb88_20220101135600\Data-CND140BB88\cw_Printing and Imaging (Adobe RGB).csv" --format CSV --output "c:\dreamcolor\cnd140bb88_20220101135600\Data-CND140BB88\cvt_Printing and Imaging (Adobe RGB).csv" --white 0.3127 0.329 --red 0.64 0.33 --green 0.21 0.71 --blue 0.15 0.06 --eotf PowerFunction 2.2 
01/02/2022 02:43:04 - 344-6524 *****Delta E Values from file: c:\dreamcolor\cnd140bb88_20220101135600\Data-CND140BB88\cvt_Printing and Imaging (Adobe RGB).csv
01/02/2022 02:43:04 - 344-6524 255,255,255=3.827381
01/02/2022 02:43:04 - 344-6524 255,0,0=2.457564
01/02/2022 02:43:04 - 344-6524 0,255,0=3.649287
01/02/2022 02:43:04 - 344-6524 0,0,255=0.823789
01/02/2022 02:43:06 - 344-6524 CommandLineParser::BuildCWCommandString
01/02/2022 02:43:06 - 344-6524 CommandLineParser::BuildCWCommandString: -cm4 SDC416C 97 "c:\dreamcolor\cnd140bb88_20220101135600\Data-CND140BB88\cw_Photos and Videos (DCI-P3).csv" 20 1 300 "c:\dreamcolor\cnd140bb88_20220101135600\Log\CND140BB88.log"
01/02/2022 02:43:06 - 3800-4968 Entering CcwDlg::OnInitDialog.
01/02/2022 02:43:06 - 3800-4968 Entering CTestSystem::Initialize.
01/02/2022 02:43:06 - 3800-4968 Entering CTestSystem::CreateDisplays.
01/02/2022 02:43:06 - 3800-4968 Entering CTestSystem::GetDTDisplay.
01/02/2022 02:43:06 - 3800-4968 Leaving CTestSystem::GetDTDisplay.
01/02/2022 02:43:06 - 3800-4968 Leaving CTestSystem::CreateDisplays.
01/02/2022 02:43:06 - 3800-4968 PNP Id and Gpu: SDC416C, ATI3 NODDC API.
01/02/2022 02:43:06 - 3800-4968 Leaving CTestSystem::Initialize.
01/02/2022 02:43:06 - 3800-4968 Entering CcwDlg::GetRegistryValue.
01/02/2022 02:43:06 - 3800-4968 Leaving CcwDlg::GetRegistryValue.
01/02/2022 02:43:06 - 3800-4968 Entering CTestSystem::AcquireTargetRects.
01/02/2022 02:43:06 - 3800-4968 Entering CMonitorReSynch::CMonitorReSynch().
01/02/2022 02:43:06 - 3800-4968 Leaving CMonitorReSynch::CMonitorReSynch().
01/02/2022 02:43:06 - 3800-4968 Entering CTestSystem::ReadEdidFromRegistry.
01/02/2022 02:43:06 - 3800-4968 Leaving CTestSystem::AcquireTargetRects.
01/02/2022 02:43:06 - 3800-4968 Entering CTestSystem::GetTargetRECT.
01/02/2022 02:43:06 - 3800-4968 Leaving CTestSystem::GetTargetRECT.
01/02/2022 02:43:06 - 3800-2532 Entering CTestSystem::CreateSensor.
01/02/2022 02:43:06 - 3800-2532 CalMANv6 - Load
01/02/2022 02:43:06 - 3800-2532 Initialized - 
01/02/2022 02:43:06 - 3800-2532 Meters - InitProfile
01/02/2022 02:43:06 - 3800-2532 Initialized - 
01/02/2022 02:43:06 - 3800-2532 X-Rite i1Display OEM - Create Object 
01/02/2022 02:43:06 - 3800-2532 X-Rite i1Display OEM - Load
01/02/2022 02:43:06 - 3800-2532 X-Rite i1Display OEM - Enum
01/02/2022 02:43:07 - 3800-2532 X-Rite i1Display OEM - Found  200776
01/02/2022 02:43:07 - 3800-2532 X-Rite i1Display OEM - Shutdown
01/02/2022 02:43:07 - 3800-2532 X-Rite i1Display OEM - Unload
01/02/2022 02:43:07 - 3800-2532 Initialized - 
01/02/2022 02:43:07 - 3800-2532 Meters - InitProfile
01/02/2022 02:43:07 - 3800-2532 Initialized - 
01/02/2022 02:43:07 - 3800-2532 Simulated Meter - Create Object 
01/02/2022 02:43:07 - 3800-2532 Simulated Meter - Load
01/02/2022 02:43:07 - 3800-2532 Simulated Meter - Enum
01/02/2022 02:43:07 - 3800-2532 Simulated Meter - Found  12345678
01/02/2022 02:43:07 - 3800-2532 Simulated Meter - Shutdown
01/02/2022 02:43:07 - 3800-2532 Simulated Meter - Shutdown
01/02/2022 02:43:07 - 3800-2532 Simulated Meter - Unload
01/02/2022 02:43:07 - 3800-2532 Initialized - 
01/02/2022 02:43:07 - 3800-2532 Meters - InitProfile
01/02/2022 02:43:07 - 3800-2532 Initialized - 
01/02/2022 02:43:07 - 3800-2532 X-Rite i1Display OEM - Create Object 
01/02/2022 02:43:07 - 3800-2532 SpectraCal C6 - Create Object 
01/02/2022 02:43:07 - 3800-2532 SpectraCal C6 - Load
01/02/2022 02:43:07 - 3800-2532 SpectraCal C6 - Startup
01/02/2022 02:43:08 - 3800-2532 SpectraCal C6 - Serial Number 00200776
01/02/2022 02:43:08 - 3800-2532 SpectraCal C6 - Version Version: SP-B-02 AIO
01/02/2022 02:43:08 - 3800-2532 SpectraCal C6 - Version2 Date Code: 1911
01/02/2022 02:43:08 - 3800-2532 SpectraCal C6 - Version3 Calibration Tables: 18
01/02/2022 02:43:08 - 3800-2532 SpectraCal C6 - Mode  5
01/02/2022 02:43:08 - 3800-2532 SpectraCal C6 - Table  12
01/02/2022 02:43:08 - 3800-2532 SpectraCal C6 - 45584302FA58.cbfx
01/02/2022 02:43:08 - 3800-2532 SpectraCal C6 - Tables 3
01/02/2022 02:43:08 - 3800-2532 SpectraCal C6 - Table  0 - __IDENTITY__
01/02/2022 02:43:08 - 3800-2532 SpectraCal C6 - Table  1 - __Generic CMF__
01/02/2022 02:43:08 - 3800-2532 SpectraCal C6 - Table *2 - HP LP2465
01/02/2022 02:43:09 - 3800-2532 SpectraCal C6 - Mode  5
01/02/2022 02:43:09 - 3800-2532 SpectraCal C6 - Table  12
01/02/2022 02:43:09 - 3800-2532 SpectraCal C6 - 45584302FA58.cbfx
01/02/2022 02:43:09 - 3800-2532 SpectraCal C6 - Tables 3
01/02/2022 02:43:09 - 3800-2532 SpectraCal C6 - Table  0 - __IDENTITY__
01/02/2022 02:43:09 - 3800-2532 SpectraCal C6 - Table  1 - __Generic CMF__
01/02/2022 02:43:09 - 3800-2532 SpectraCal C6 - Table *2 - HP LP2465
01/02/2022 02:43:10 - 3800-2532 Leaving CTestSystem::CreateSensor.
01/02/2022 02:43:10 - 3800-2532 Entering CDisplayCalibrator::SetSensorCalType.
01/02/2022 02:43:10 - 3800-2532 SpectraCal C6 - Mode  97
01/02/2022 02:43:10 - 3800-2532 SpectraCal C6 - Table  34
01/02/2022 02:43:10 - 3800-2532 SpectraCal C6 - CC62AB446B5B.cbfx
01/02/2022 02:43:10 - 3800-2532 SpectraCal C6 - Tables 3
01/02/2022 02:43:10 - 3800-2532 SpectraCal C6 - Table  0 - __IDENTITY__
01/02/2022 02:43:10 - 3800-2532 SpectraCal C6 - Table  1 - __Generic CMF__
01/02/2022 02:43:10 - 3800-2532 SpectraCal C6 - Table *2 - 
01/02/2022 02:43:11 - 3800-2532 CDisplayCalibrator::SetSensorCalType. CalType = 97 
01/02/2022 02:43:11 - 3800-2532 Leaving CDisplayCalibrator::SetSensorCalType.
01/02/2022 02:43:11 - 3800-2532 Entering CDisplayCalibrator::MeasureCustom4Data.
01/02/2022 02:43:13 - 3800-2532 Entering CDisplayCalibrator::TakeReading.
01/02/2022 02:43:13 - 3800-2532 SpectraCal C6 - ReadXYZ  0
01/02/2022 02:43:13 - 3800-2532 SpectraCal C6 - ReadRGB 13697500 10652500 5362500
01/02/2022 02:43:13 - 3800-2532 SpectraCal C6 - ReadRAW X:336.59528 Y:348.85287 Z:389.52913
01/02/2022 02:43:13 - 3800-2532 SpectraCal C6 - ReadXYZ XYZ X:336.59528 Y:348.85287 Z:389.52913
01/02/2022 02:43:13 - 3800-2532 CDisplayCalibrator::TakeReading X = 336.5953, Y = 348.8529, Z = 389.5291 
01/02/2022 02:43:13 - 3800-2532 Leaving CDisplayCalibrator::TakeReading.
01/02/2022 02:43:14 - 3800-2532 Entering CDisplayCalibrator::TakeReading.
01/02/2022 02:43:14 - 3800-2532 SpectraCal C6 - ReadXYZ  0
01/02/2022 02:43:14 - 3800-2532 SpectraCal C6 - ReadRGB 5407500 637500 2500
01/02/2022 02:43:14 - 3800-2532 SpectraCal C6 - ReadRAW X:176.44967 Y:82.408859 Z:0.13084857
01/02/2022 02:43:15 - 3800-2532 SpectraCal C6 - ReadRGB 5409285 637857 4011
01/02/2022 02:43:15 - 3800-2532 SpectraCal C6 - ReadRAW X:176.52784 Y:82.439239 Z:0.24015
01/02/2022 02:43:15 - 3800-2532 SpectraCal C6 - ReadXYZ XYZ X:176.52784 Y:82.439239 Z:0.24015
01/02/2022 02:43:15 - 3800-2532 CDisplayCalibrator::TakeReading X = 176.5278, Y = 82.4392, Z =  0.2401 
01/02/2022 02:43:15 - 3800-2532 Leaving CDisplayCalibrator::TakeReading.
01/02/2022 02:43:16 - 3800-2532 Entering CDisplayCalibrator::TakeReading.
01/02/2022 02:43:16 - 3800-2532 SpectraCal C6 - ReadXYZ  0
01/02/2022 02:43:16 - 3800-2532 SpectraCal C6 - ReadRGB 8027500 9052500 178010
01/02/2022 02:43:16 - 3800-2532 SpectraCal C6 - ReadRAW X:92.452321 Y:245.099 Z:14.640219
01/02/2022 02:43:16 - 3800-2532 SpectraCal C6 - ReadXYZ XYZ X:92.452321 Y:245.099 Z:14.640219
01/02/2022 02:43:16 - 3800-2532 CDisplayCalibrator::TakeReading X = 92.4523, Y = 245.0990, Z = 14.6402 
01/02/2022 02:43:16 - 3800-2532 Leaving CDisplayCalibrator::TakeReading.
01/02/2022 02:43:17 - 3800-2532 Entering CDisplayCalibrator::TakeReading.
01/02/2022 02:43:17 - 3800-2532 SpectraCal C6 - ReadXYZ  0
01/02/2022 02:43:17 - 3800-2532 SpectraCal C6 - ReadRGB 477735 1182500 5182500
01/02/2022 02:43:17 - 3800-2532 SpectraCal C6 - ReadRAW X:70.589682 Y:27.570258 Z:374.83734
01/02/2022 02:43:17 - 3800-2532 SpectraCal C6 - ReadXYZ XYZ X:70.589682 Y:27.570258 Z:374.83734
01/02/2022 02:43:17 - 3800-2532 CDisplayCalibrator::TakeReading X = 70.5897, Y = 27.5703, Z = 374.8373 
01/02/2022 02:43:17 - 3800-2532 Leaving CDisplayCalibrator::TakeReading.
01/02/2022 02:43:17 - 3800-2532 Leaving CDisplayCalibrator::MeasureCustom4Data.
01/02/2022 02:43:18 - 3800-4968 SpectraCal C6 - Shutdown
01/02/2022 02:43:18 - 3800-4968 SpectraCal C6 - Shutdown
01/02/2022 02:43:18 - 3800-4968 SpectraCal C6 - Unload
01/02/2022 02:43:18 - 3800-4968 SpectraCal C6 - Shutdown
01/02/2022 02:43:18 - 3800-4968 SpectraCal C6 - Unload
01/02/2022 02:43:18 - 3800-4968 SpectraCal C6 - Shutdown
01/02/2022 02:43:18 - 3800-4968 SpectraCal C6 - Unload
01/02/2022 02:43:18 - 344-6524 LaunchApp::Application Failure, The operation completed successfully.
 C:\Program Files\Portrait Displays\DreamColor Factory Tools\cw.exe  -cm4 SDC416C 97 "c:\dreamcolor\cnd140bb88_20220101135600\Data-CND140BB88\cw_Photos and Videos (DCI-P3).csv" 20 1 300 "c:\dreamcolor\cnd140bb88_20220101135600\Log\CND140BB88.log"
01/02/2022 02:43:18 - 344-6524 CommandLineParser::BuildCVTCommandString
01/02/2022 02:43:18 - 344-6524 CommandLineParser::BuildCVTCommandString: --input "c:\dreamcolor\cnd140bb88_20220101135600\Data-CND140BB88\cw_Photos and Videos (DCI-P3).csv" --format CSV --output "c:\dreamcolor\cnd140bb88_20220101135600\Data-CND140BB88\cvt_Photos and Videos (DCI-P3).csv" --white 0.3127 0.329 --red 0.68 0.32 --green 0.265 0.69 --blue 0.15 0.06 --eotf PowerFunction 2.2 
01/02/2022 02:43:18 - 344-6524 LaunchApp::Success, C:\Program Files\Portrait Displays\DreamColor Factory Tools\cvt.exe  --input "c:\dreamcolor\cnd140bb88_20220101135600\Data-CND140BB88\cw_Photos and Videos (DCI-P3).csv" --format CSV --output "c:\dreamcolor\cnd140bb88_20220101135600\Data-CND140BB88\cvt_Photos and Videos (DCI-P3).csv" --white 0.3127 0.329 --red 0.68 0.32 --green 0.265 0.69 --blue 0.15 0.06 --eotf PowerFunction 2.2 
01/02/2022 02:43:18 - 344-6524 *****Delta E Values from file: c:\dreamcolor\cnd140bb88_20220101135600\Data-CND140BB88\cvt_Photos and Videos (DCI-P3).csv
01/02/2022 02:43:18 - 344-6524 255,255,255=3.774703
01/02/2022 02:43:18 - 344-6524 255,0,0=0.903913
01/02/2022 02:43:18 - 344-6524 0,255,0=0.562268
01/02/2022 02:43:18 - 344-6524 0,0,255=0.447009
01/02/2022 02:43:18 - 344-6524 Main::Testing is Complete.
