[2020/07/29 03:53:19][I][getBOM] Get BOM Success!
[2020/07/29 03:53:19][I][getSKU] Get SKU from BOM: BOM_SKU, SKU name: 451AOD30L02
[2020/07/29 03:53:19][I][loadTestItemBySKU] Test Item List = (GFI20Bootup.py,1)(CountDown.py,1)(GFI20_RF_Zigbee,2)(GFI20_RF_LTE,1)
[2020/07/29 03:53:19][I][loadTestItemBySKU] Test Item List Element = ['GFI20Bootup.py,1', 'CountDown.py,1', 'GFI20_RF_Zigbee,2', 'GFI20_RF_LTE,1']
[2020/07/29 03:53:19][I][showTestingMsg] Waiting for testing...
[2020/07/29 03:53:19]---------- TestItem:GFI20Bootup.py  Method:1 ----------
[2020/07/29 03:53:19][I][runTestItem] Test start time: 2020/07/29 03:53:19
[2020/07/29 03:53:29][I][runTestItem] Test finished
[2020/07/29 03:53:29][I][checkTestResult] Version=3.0.0.3
[2020/07/29 03:53:29][I][checkTestResult] Result=Pass
[2020/07/29 03:53:29]*********************************************************
[2020/07/29 03:53:29]GFI20Bootup.py   3.0.0.3

[2020/07/29 03:53:29]			Result: Pass

[2020/07/29 03:53:29]			Method: 1

[2020/07/29 03:53:29]			Start: 2020/07/29 03:53:19

[2020/07/29 03:53:29]			End: 2020/07/29 03:53:29
[2020/07/29 03:53:29][I][runTestItem] Test end time: 2020/07/29 03:53:29
[2020/07/29 03:53:29]---------- TestItem:CountDown.py  Method:1 ----------
[2020/07/29 03:53:29][I][runTestItem] Test start time: 2020/07/29 03:53:29
[2020/07/29 03:54:21][I][runTestItem] Test finished
[2020/07/29 03:54:21][I][checkTestResult] Version=3.0.0.3
[2020/07/29 03:54:21][I][checkTestResult] Result=Pass
[2020/07/29 03:54:21]*********************************************************
[2020/07/29 03:54:21]CountDown.py   3.0.0.3

[2020/07/29 03:54:21]			Result: Pass

[2020/07/29 03:54:21]			Method: 1

[2020/07/29 03:54:21]			Start: 2020/07/29 03:53:29

[2020/07/29 03:54:21]			End: 2020/07/29 03:54:21
[2020/07/29 03:54:21][I][runTestItem] Test end time: 2020/07/29 03:54:21
[2020/07/29 03:54:21]---------- TestItem:GFI20_RF_Zigbee.py  Method:2 ----------
[2020/07/29 03:54:21][I][runTestItem] Test start time: 2020/07/29 03:54:21
[2020/07/29 03:56:05][I][runTestItem] Test finished
[2020/07/29 03:56:05][I][checkTestResult] Version=3.0.0.3
[2020/07/29 03:56:05][I][checkTestResult] Result=Pass
[2020/07/29 03:56:05]*********************************************************
[2020/07/29 03:56:05]GFI20_RF_Zigbee.py   3.0.0.3

[2020/07/29 03:56:05]			Result: Pass

[2020/07/29 03:56:05]			Method: 2

[2020/07/29 03:56:05]			Start: 2020/07/29 03:54:21

[2020/07/29 03:56:05]			End: 2020/07/29 03:56:05
[2020/07/29 03:56:05][I][runTestItem] Test end time: 2020/07/29 03:56:05
[2020/07/29 03:56:05]---------- TestItem:GFI20_RF_LTE.py  Method:1 ----------
[2020/07/29 03:56:05][I][runTestItem] Test start time: 2020/07/29 03:56:05
[2020/07/29 03:57:24][I][runTestItem] Test finished
[2020/07/29 03:57:24][I][checkTestResult] Version=3.0.0.11
[2020/07/29 03:57:24][I][checkTestResult] Result=Pass
[2020/07/29 03:57:24]*********************************************************
[2020/07/29 03:57:24]GFI20_RF_LTE.py   3.0.0.11

[2020/07/29 03:57:24]			Result: Pass

[2020/07/29 03:57:24]			Method: 1

[2020/07/29 03:57:24]			Start: 2020/07/29 03:56:05

[2020/07/29 03:57:24]			End: 2020/07/29 03:57:24
[2020/07/29 03:57:24][I][runTestItem] Test end time: 2020/07/29 03:57:24
[2020/07/29 03:57:25][I][runLastScript] Waiting for ending...
[2020/07/29 03:57:25]---------- TestItem:GFI20LastScript.py  Method:1 ----------
[2020/07/29 03:57:25][I][runLastScript] Test start time: 2020/07/29 03:57:25
[2020/07/29 03:58:19][I][runLastScript] Test finished
[2020/07/29 03:58:19][I][runLastScript] Test end time: 2020/07/29 03:58:19
[2020/07/29 03:58:19][I][checkTestResult] Version=3.0.0.6
[2020/07/29 03:58:19][I][checkTestResult] Result=Pass
[2020/07/29 03:58:19]*********************************************************
[2020/07/29 03:58:19]GFI20LastScript.py   3.0.0.6

[2020/07/29 03:58:19]			Result: Pass

[2020/07/29 03:58:19]			Method: 1

[2020/07/29 03:58:19]			Start: 2020/07/29 03:57:25

[2020/07/29 03:58:19]			End: 2020/07/29 03:58:19
[2020/07/29 03:58:19][I][processSFISUploadPass] No SFIS RecordInfo
[2020/07/29 03:58:21][I][processSFISUploadPass] Upload pass Success!
