[2020/07/29 03:53:27]============== Control PS_Keysight66321B ==============
[2020/07/29 03:53:27]List resource: ['GPIB0::5::INSTR', 'ASRL1::INSTR', 'TCPIP0::192.168.1.2::hislip0::INSTR']
[2020/07/29 03:53:27]Power Supply: control 66321B successfully
[2020/07/29 03:53:27]Power Supply send: *RST
[2020/07/29 03:53:27]Power Supply send: *IDN?
[2020/07/29 03:53:27]Power Supply recv: Agilent Technologies,66321B,0,A.03.01

[2020/07/29 03:53:27]Power Supply is: Agilent Technologies,66321B,0,A.03.01
 

[2020/07/29 03:53:27]Power Supply send: CURR:PROT:STAT 1
[2020/07/29 03:53:27]Power Supply send: CURR:PROT:STAT?
[2020/07/29 03:53:27]Power Supply recv: 1

[2020/07/29 03:53:27]Power Supply send: VOLT 12.0
[2020/07/29 03:53:27]Power Supply send: VOLT?
[2020/07/29 03:53:27]Power Supply recv: 1.20000E+1

[2020/07/29 03:53:27]Power Supply send: CURR 1.0
[2020/07/29 03:53:27]Power Supply send: CURR?
[2020/07/29 03:53:27]Power Supply recv: 1.00000E+0

[2020/07/29 03:53:27]Power Supply send: OUTP 1
[2020/07/29 03:53:27]Power Supply send: OUTP?
[2020/07/29 03:53:27]Power Supply recv: 1

[2020/07/29 03:54:24]============== Control PS_Keysight66321B ==============
[2020/07/29 03:54:24]List resource: ['GPIB0::5::INSTR', 'ASRL1::INSTR', 'TCPIP0::192.168.1.2::hislip0::INSTR', 'ASRL14::INSTR', 'ASRL15::INSTR', 'ASRL16::INSTR', 'ASRL17::INSTR', 'ASRL19::INSTR', 'ASRL20::INSTR']
[2020/07/29 03:54:24]Power Supply: control 66321B successfully
[2020/07/29 03:54:24]Power Supply send: *IDN?
[2020/07/29 03:54:24]Power Supply recv: Agilent Technologies,66321B,0,A.03.01

[2020/07/29 03:54:24]Power Supply is: Agilent Technologies,66321B,0,A.03.01
 

[2020/07/29 03:54:38]Power Supply send: MEAS:CURR?
[2020/07/29 03:54:38]Power Supply recv: 8.38312E-2

[2020/07/29 03:54:53]Power Supply send: MEAS:CURR?
[2020/07/29 03:54:53]Power Supply recv: 1.04432E-1

[2020/07/29 03:55:05]Power Supply send: MEAS:CURR?
[2020/07/29 03:55:05]Power Supply recv: 9.66923E-2

[2020/07/29 03:55:20]Power Supply send: MEAS:CURR?
[2020/07/29 03:55:20]Power Supply recv: 9.31176E-2

[2020/07/29 03:55:32]Power Supply send: MEAS:CURR?
[2020/07/29 03:55:32]Power Supply recv: 1.03976E-1

[2020/07/29 03:56:24]============== Control PS_Keysight66321B ==============
[2020/07/29 03:56:24]List resource: ['GPIB0::5::INSTR', 'ASRL1::INSTR', 'TCPIP0::192.168.1.2::hislip0::INSTR']
[2020/07/29 03:56:24]Power Supply: control 66321B successfully
[2020/07/29 03:56:24]Power Supply send: *IDN?
[2020/07/29 03:56:24]Power Supply recv: Agilent Technologies,66321B,0,A.03.01

[2020/07/29 03:56:24]Power Supply is: Agilent Technologies,66321B,0,A.03.01
 

[2020/07/29 03:56:33]Power Supply send: MEAS:CURR?
[2020/07/29 03:56:33]Power Supply recv: 2.38530E-1

[2020/07/29 03:56:43]Power Supply send: MEAS:CURR?
[2020/07/29 03:56:43]Power Supply recv: 2.06430E-1

[2020/07/29 03:56:53]Power Supply send: MEAS:CURR?
[2020/07/29 03:56:53]Power Supply recv: 1.51448E-1

[2020/07/29 03:57:26]============== Control PS_Keysight66321B ==============
[2020/07/29 03:57:26]List resource: ['GPIB0::5::INSTR', 'ASRL1::INSTR', 'TCPIP0::192.168.1.2::hislip0::INSTR', 'ASRL14::INSTR', 'ASRL15::INSTR', 'ASRL16::INSTR', 'ASRL17::INSTR', 'ASRL19::INSTR', 'ASRL20::INSTR']
[2020/07/29 03:57:26]Power Supply: control 66321B successfully
[2020/07/29 03:57:26]Power Supply send: *RST
[2020/07/29 03:57:26]Power Supply send: *IDN?
[2020/07/29 03:57:26]Power Supply recv: Agilent Technologies,66321B,0,A.03.01

[2020/07/29 03:57:26]Power Supply is: Agilent Technologies,66321B,0,A.03.01
 

[2020/07/29 03:57:26]Power Supply send: OUTP 0
[2020/07/29 03:57:26]Power Supply send: OUTP?
[2020/07/29 03:57:26]Power Supply recv: 0

