[2020/07/28 09:57:45.917418]========== Start ==========
[2020/07/28 09:57:45.917418][I][class_E6640A_ZIGBEE] Initial class_E6640A_ZIGBEE
[2020/07/28 09:57:45.917418][I][class_E6640A_ZIGBEE] Version: 3.0.0.2
[2020/07/28 09:57:45.927212][I][connect_E6640A] Connect to E6640A
[2020/07/28 09:57:46.017177][I][connect_E6640A] Resource Manager of Visa Library at C:\Windows\system32\visa32.dll
[2020/07/28 09:57:46.087178][I][queryEx] E6640A <= *IDN?
[2020/07/28 09:57:46.087178][I][queryEx] E6640A => Keysight Technologies,E6640A,MY57150246,E.19.71
[2020/07/28 09:57:46.097215][I][set_Preset] System reset
[2020/07/28 09:57:46.097215][I][writeEx] E6640A <= *RST
[2020/07/28 09:57:46.097215][I][writeEx] E6640A <= *CLS
[2020/07/28 09:57:46.107451][I][writeEx] E6640A <= SYST:PRES
[2020/07/28 09:57:46.417709][I][queryEx] E6640A <= *OPC?
[2020/07/28 09:57:47.137728][I][queryEx] E6640A => 1
[2020/07/28 09:57:47.147176][I][set_Preset] System reset
[2020/07/28 09:57:47.147176][I][writeEx] E6640A <= *RST
[2020/07/28 09:57:47.147176][I][writeEx] E6640A <= *CLS
[2020/07/28 09:57:47.147176][I][writeEx] E6640A <= SYST:PRES
[2020/07/28 09:57:47.467717][I][queryEx] E6640A <= *OPC?
[2020/07/28 09:57:48.217710][I][queryEx] E6640A => 1
[2020/07/28 09:57:48.637212][I][set_Preset] System reset
[2020/07/28 09:57:48.637212][I][writeEx] E6640A <= *RST
[2020/07/28 09:57:48.637212][I][writeEx] E6640A <= *CLS
[2020/07/28 09:57:48.647214][I][writeEx] E6640A <= SYST:PRES
[2020/07/28 09:57:48.957685][I][queryEx] E6640A <= *OPC?
[2020/07/28 09:57:49.707229][I][queryEx] E6640A => 1
[2020/07/28 09:57:49.717177][I][set_Tx_Start] Set Tx start
[2020/07/28 09:57:49.717177][I][set_RFI_Port] Set input port
[2020/07/28 09:57:49.717177][I][writeEx] E6640A <= :FEED:RF:PORT:INPut RFIO1
[2020/07/28 09:57:49.727216][I][queryEx] E6640A <= :FEED:RF:PORT:INPut?
[2020/07/28 09:57:49.727216][I][queryEx] E6640A => RFIO1
[2020/07/28 09:57:49.727216][I][set_Modulation_Analysis] Set measurement function
[2020/07/28 09:57:49.737213][I][writeEx] E6640A <= INST:SEL VSA
[2020/07/28 09:57:50.047712][I][queryEx] E6640A <= *OPC?
[2020/07/28 09:57:50.047712][I][queryEx] E6640A => 1
[2020/07/28 09:57:50.057178][I][queryEx] E6640A <= INST:SEL?
[2020/07/28 09:57:50.057178][I][queryEx] E6640A => VSA
[2020/07/28 09:57:50.057178][I][writeEx] E6640A <= :CONFigure:DDEMod
[2020/07/28 09:57:50.377715][I][queryEx] E6640A <= *OPC?
[2020/07/28 09:57:50.537542][I][queryEx] E6640A => 1
[2020/07/28 09:57:50.547228][I][init_Zigbee_Mode] Initial Zigbee mode
[2020/07/28 09:57:50.557185][I][writeEx] E6640A <= :DDEM:STAN:PRES ZIGBEE2450
[2020/07/28 09:57:50.867721][I][queryEx] E6640A <= *OPC?
[2020/07/28 09:57:50.867721][I][queryEx] E6640A => 1
[2020/07/28 09:57:50.877177][I][set_Continue] Set continue
[2020/07/28 09:57:50.877177][I][writeEx] E6640A <= :INIT:CONT ON
[2020/07/28 09:57:50.877177][I][set_Freq] Set frequence
[2020/07/28 09:57:50.887175][I][writeEx] E6640A <= :FREQuency:CENTer 2425.0 MHz
[2020/07/28 09:57:50.887175][I][set_XScale_Span] Set frequence span
[2020/07/28 09:57:50.887175][I][writeEx] E6640A <= :FREQuency:SPAN 10000.000000 KHZ
[2020/07/28 09:57:50.897214][I][set_Power_Range] Get power range
[2020/07/28 09:57:50.897214][I][writeEx] E6640A <= :POW:RANG 20.000000
[2020/07/28 09:57:50.897214][I][set_Symbol_Rate] Get symbol rate
[2020/07/28 09:57:50.897214][I][writeEx] E6640A <= :DDEMod:SRATe 1000.000000 kHz
[2020/07/28 09:57:50.907213][I][set_Meas_Interval] Get meas interval
[2020/07/28 09:57:50.907213][I][writeEx] E6640A <= :DDEMod:SWEep:POINts 500
[2020/07/28 09:57:50.917208][I][set_Zigbee_TX_BandPower] Set marker function
[2020/07/28 09:57:50.917208][I][writeEx] E6640A <= CALC:DDEMod:MARK1:MODE POS
[2020/07/28 09:57:50.917208][I][writeEx] E6640A <= CALC:DDEMod:MARK1:TRAC 2
[2020/07/28 09:57:50.917208][I][writeEx] E6640A <= CALC:DDEMod:MARK1:FUNC BPOW
[2020/07/28 09:57:50.927213][I][writeEx] E6640A <= CALC:DDEMod:MARK1:FUNC:BPOW:CTYP MEAN
[2020/07/28 09:57:50.927213][I][writeEx] E6640A <= CALC:DDEMod:MARK1:FUNC:BAND:CENT 2425000000.000000
[2020/07/28 09:57:51.237710][I][queryEx] E6640A <= *OPC?
[2020/07/28 09:57:51.247256][I][queryEx] E6640A => 1
[2020/07/28 09:57:51.247256][I][queryEx] E6640A <= CALC:DDEMod:MARK1:FUNC:BAND:CENT?
[2020/07/28 09:57:51.247256][I][queryEx] E6640A => 2.425000000E+09
[2020/07/28 09:57:51.257211][I][writeEx] E6640A <= CALC:DDEMod:MARK1:FUNC:BAND:SPAN 10000000.000000
[2020/07/28 09:57:51.567715][I][queryEx] E6640A <= *OPC?
[2020/07/28 09:57:51.577175][I][queryEx] E6640A => 1
[2020/07/28 09:57:51.577175][I][set_Trigger_Video] Set trigger video
[2020/07/28 09:57:51.577175][I][writeEx] E6640A <= TRIG:DDEM:SOUR VID
[2020/07/28 09:57:51.887725][I][queryEx] E6640A <= *OPC?
[2020/07/28 09:57:51.897195][I][queryEx] E6640A => 1
[2020/07/28 09:57:51.897195][I][set_Trigger_Level] Set trigger level
[2020/07/28 09:57:51.897195][I][writeEx] E6640A <= :TRIGger:VIDeo:LEVel 30.000000 mV
[2020/07/28 09:57:51.907175][I][set_Trigger_Delay] Set trigger delay
[2020/07/28 09:57:51.907175][I][writeEx] E6640A <= :TRIGger:VIDeo:DELay:STATe ON
[2020/07/28 09:57:51.907175][I][queryEx] E6640A <= :TRIGger:VIDeo:DELay:STATe?
[2020/07/28 09:57:51.977223][I][queryEx] E6640A => 1
[2020/07/28 09:57:51.987220][I][writeEx] E6640A <= :TRIGger:VIDeo:DELay:STATe ON
[2020/07/28 09:57:51.997291][I][writeEx] E6640A <= :TRIGger:VIDeo:DELay 0.300000 ms
[2020/07/28 09:57:51.997291][I][init_Trigger_Reg] Initial trigger status register
[2020/07/28 09:57:52.007175][I][writeEx] E6640A <= *CLS
[2020/07/28 09:57:52.007175][I][writeEx] E6640A <= :STATus:PRESet
[2020/07/28 09:57:52.007175][I][writeEx] E6640A <= *SRE 192
[2020/07/28 09:57:52.017215][I][writeEx] E6640A <= :STATus:OPERation:ENABle 32
[2020/07/28 09:57:52.017215][I][writeEx] E6640A <= *CLS
[2020/07/28 09:57:52.017215][I][queryEx] E6640A <= *STB?
[2020/07/28 09:57:52.067865][I][queryEx] E6640A => 0
[2020/07/28 09:57:52.067865][I][init_Trigger_Reg] Status: 0
[2020/07/28 09:58:01.517714][I][chk_Tx_Result] Check Tx result
[2020/07/28 09:58:01.517714][I][get_Trigger_Status] Get trigger status
[2020/07/28 09:58:01.527215][I][queryEx] E6640A <= *STB?
[2020/07/28 09:58:01.527215][I][queryEx] E6640A => 192
[2020/07/28 09:58:01.537202][I][get_Trigger_Status] Status: 192
[2020/07/28 09:58:01.537202]Is triggered!
[2020/07/28 09:58:01.537202][I][writeEx] E6640A <= *CLS
[2020/07/28 09:58:01.547203][I][set_Continue] Set continue
[2020/07/28 09:58:01.547203][I][writeEx] E6640A <= :INIT:CONT ON
[2020/07/28 09:58:01.657703][I][set_Single] Set single
[2020/07/28 09:58:01.667223][I][writeEx] E6640A <= :INIT:CONT OFF
[2020/07/28 09:58:01.677223][I][set_Zigbee_TX_BandPower] Set marker function
[2020/07/28 09:58:01.677223][I][writeEx] E6640A <= CALC:DDEMod:MARK1:MODE POS
[2020/07/28 09:58:01.687205][I][writeEx] E6640A <= CALC:DDEMod:MARK1:TRAC 2
[2020/07/28 09:58:01.687205][I][writeEx] E6640A <= CALC:DDEMod:MARK1:FUNC BPOW
[2020/07/28 09:58:01.687205][I][writeEx] E6640A <= CALC:DDEMod:MARK1:FUNC:BPOW:CTYP MEAN
[2020/07/28 09:58:01.697198][I][writeEx] E6640A <= CALC:DDEMod:MARK1:FUNC:BAND:CENT 2425000000.000000
[2020/07/28 09:58:02.007706][I][queryEx] E6640A <= *OPC?
[2020/07/28 09:58:02.017217][I][queryEx] E6640A => 1
[2020/07/28 09:58:02.017217][I][queryEx] E6640A <= CALC:DDEMod:MARK1:FUNC:BAND:CENT?
[2020/07/28 09:58:02.017217][I][queryEx] E6640A => 2.425000000E+09
[2020/07/28 09:58:02.027208][I][writeEx] E6640A <= CALC:DDEMod:MARK1:FUNC:BAND:SPAN 10000000.000000
[2020/07/28 09:58:02.337842][I][queryEx] E6640A <= *OPC?
[2020/07/28 09:58:02.337842][I][queryEx] E6640A => 1
[2020/07/28 09:58:02.347211][I][get_Power] Get Tx power
[2020/07/28 09:58:02.347211][I][queryEx] E6640A <= :CALC:DDEMod:MARK1:Y?
[2020/07/28 09:58:02.357172][I][queryEx] E6640A => 2.084345305E+00
[2020/07/28 09:58:02.357172][I][chk_Tx_Result] Tx power(add loss: 8.200000) = 10.284000 dBm
[2020/07/28 09:58:02.367196][I][read_DDEMod_Array] Read measurement result
[2020/07/28 09:58:02.367196][I][queryEx] E6640A <= :READ:DDEMod?
[2020/07/28 09:58:02.517721][I][queryEx] E6640A => 1.400197220E+01,3.470183182E+01,3.700000000E+01,3.120351553E+00,1.083436489E+01,2.000000000E+00,9.91E+37,9.91E+37,9.91E+37,3.320586979E-01,-7.892847061E-01,2.500000000E+02,1.139362240E+01,-2.845648766E+01,3.700000000E+01,2.509580078E+04,9.91E+37,9.91E+37,9.91E+37,9.91E+37,9.91E+37,-4.826229477E+01,9.91E+37,9.611590505E-01,1.799702831E-02,3.606089652E-01,9.91E+37,9.91E+37,9.91E+37,9.91E+37,9.91E+37,9.91E+37,9.91E+37,9.91E+37,9.91E+37,9.91E+37,9.91E+37,9.91E+37,9.91E+37,9.91E+37,9.91E+37,9.91E+37,9.91E+37,9.91E+37,9.91E+37,9.91E+37,9.91E+37,9.91E+37,9.91E+37,9.91E+37,9.91E+37,9.91E+37,9.91E+37,9.91E+37,9.91E+37,9.91E+37,9.91E+37,9.91E+37,9.91E+37,9.91E+37,9.91E+37,3.039665753E-03,-2.383378334E-03
[2020/07/28 09:58:02.517721][I][set_Continue] Set continue
[2020/07/28 09:58:02.527248][I][writeEx] E6640A <= :INIT:CONT ON
[2020/07/28 09:58:13.577716][I][chk_Tx_Result] Check Tx result
[2020/07/28 09:58:13.577716][I][get_Trigger_Status] Get trigger status
[2020/07/28 09:58:13.587209][I][queryEx] E6640A <= *STB?
[2020/07/28 09:58:13.587209][I][queryEx] E6640A => 192
[2020/07/28 09:58:13.597248][I][get_Trigger_Status] Status: 192
[2020/07/28 09:58:13.597248]Is triggered!
[2020/07/28 09:58:13.607208][I][writeEx] E6640A <= *CLS
[2020/07/28 09:58:13.607208][I][set_Continue] Set continue
[2020/07/28 09:58:13.607208][I][writeEx] E6640A <= :INIT:CONT ON
[2020/07/28 09:58:13.727695][I][set_Single] Set single
[2020/07/28 09:58:13.727695][I][writeEx] E6640A <= :INIT:CONT OFF
[2020/07/28 09:58:13.737169][I][set_Zigbee_TX_BandPower] Set marker function
[2020/07/28 09:58:13.737169][I][writeEx] E6640A <= CALC:DDEMod:MARK1:MODE POS
[2020/07/28 09:58:13.747205][I][writeEx] E6640A <= CALC:DDEMod:MARK1:TRAC 2
[2020/07/28 09:58:13.747205][I][writeEx] E6640A <= CALC:DDEMod:MARK1:FUNC BPOW
[2020/07/28 09:58:13.757171][I][writeEx] E6640A <= CALC:DDEMod:MARK1:FUNC:BPOW:CTYP MEAN
[2020/07/28 09:58:13.757171][I][writeEx] E6640A <= CALC:DDEMod:MARK1:FUNC:BAND:CENT 2425000000.000000
[2020/07/28 09:58:14.067716][I][queryEx] E6640A <= *OPC?
[2020/07/28 09:58:14.077172][I][queryEx] E6640A => 1
[2020/07/28 09:58:14.077172][I][queryEx] E6640A <= CALC:DDEMod:MARK1:FUNC:BAND:CENT?
[2020/07/28 09:58:14.087217][I][queryEx] E6640A => 2.425000000E+09
[2020/07/28 09:58:14.097204][I][writeEx] E6640A <= CALC:DDEMod:MARK1:FUNC:BAND:SPAN 10000000.000000
[2020/07/28 09:58:14.407714][I][queryEx] E6640A <= *OPC?
[2020/07/28 09:58:14.417172][I][queryEx] E6640A => 1
[2020/07/28 09:58:14.417172][I][get_Power] Get Tx power
[2020/07/28 09:58:14.417172][I][queryEx] E6640A <= :CALC:DDEMod:MARK1:Y?
[2020/07/28 09:58:14.427219][I][queryEx] E6640A => 1.019242155E+00
[2020/07/28 09:58:14.427219][I][chk_Tx_Result] Tx power(add loss: 8.200000) = 9.219000 dBm
[2020/07/28 09:58:14.437169][I][read_DDEMod_Array] Read measurement result
[2020/07/28 09:58:14.437169][I][queryEx] E6640A <= :READ:DDEMod?
[2020/07/28 09:58:14.697714][I][queryEx] E6640A => 1.394255543E+01,4.146881866E+01,4.220000000E+02,3.312053442E+00,1.690043831E+01,4.220000000E+02,9.91E+37,9.91E+37,9.91E+37,3.387182057E-01,-9.103059769E-01,3.850000000E+02,1.135153294E+01,-3.409049225E+01,4.220000000E+02,2.511321094E+04,9.91E+37,9.91E+37,9.91E+37,9.91E+37,9.91E+37,-4.788981628E+01,9.91E+37,9.614713788E-01,8.789717406E-02,3.576485515E-01,9.91E+37,9.91E+37,9.91E+37,9.91E+37,9.91E+37,9.91E+37,9.91E+37,9.91E+37,9.91E+37,9.91E+37,9.91E+37,9.91E+37,9.91E+37,9.91E+37,9.91E+37,9.91E+37,9.91E+37,9.91E+37,9.91E+37,9.91E+37,9.91E+37,9.91E+37,9.91E+37,9.91E+37,9.91E+37,9.91E+37,9.91E+37,9.91E+37,9.91E+37,9.91E+37,9.91E+37,9.91E+37,9.91E+37,9.91E+37,9.91E+37,3.565664403E-03,-1.882076613E-03
[2020/07/28 09:58:14.707220][I][set_Continue] Set continue
[2020/07/28 09:58:14.707220][I][writeEx] E6640A <= :INIT:CONT ON
[2020/07/28 09:58:16.207169][I][set_Preset] System reset
[2020/07/28 09:58:16.217249][I][writeEx] E6640A <= *RST
[2020/07/28 09:58:16.217249][I][writeEx] E6640A <= *CLS
[2020/07/28 09:58:16.227168][I][writeEx] E6640A <= SYST:PRES
[2020/07/28 09:58:16.537721][I][queryEx] E6640A <= *OPC?
[2020/07/28 09:58:17.447711][I][queryEx] E6640A => 1
[2020/07/28 09:58:17.457221][I][set_Tx_Start] Set Tx start
[2020/07/28 09:58:17.467167][I][set_RFI_Port] Set input port
[2020/07/28 09:58:17.467167][I][writeEx] E6640A <= :FEED:RF:PORT:INPut RFIO1
[2020/07/28 09:58:17.477220][I][queryEx] E6640A <= :FEED:RF:PORT:INPut?
[2020/07/28 09:58:17.477220][I][queryEx] E6640A => RFIO1
[2020/07/28 09:58:17.487203][I][set_Modulation_Analysis] Set measurement function
[2020/07/28 09:58:17.487203][I][writeEx] E6640A <= INST:SEL VSA
[2020/07/28 09:58:17.797711][I][queryEx] E6640A <= *OPC?
[2020/07/28 09:58:17.807168][I][queryEx] E6640A => 1
[2020/07/28 09:58:17.807168][I][queryEx] E6640A <= INST:SEL?
[2020/07/28 09:58:17.807168][I][queryEx] E6640A => VSA
[2020/07/28 09:58:17.817235][I][writeEx] E6640A <= :CONFigure:DDEMod
[2020/07/28 09:58:18.127817][I][queryEx] E6640A <= *OPC?
[2020/07/28 09:58:18.287712][I][queryEx] E6640A => 1
[2020/07/28 09:58:18.297170][I][init_Zigbee_Mode] Initial Zigbee mode
[2020/07/28 09:58:18.297170][I][writeEx] E6640A <= :DDEM:STAN:PRES ZIGBEE2450
[2020/07/28 09:58:18.617674][I][queryEx] E6640A <= *OPC?
[2020/07/28 09:58:18.627167][I][queryEx] E6640A => 1
[2020/07/28 09:58:18.627167][I][set_Continue] Set continue
[2020/07/28 09:58:18.637168][I][writeEx] E6640A <= :INIT:CONT ON
[2020/07/28 09:58:18.637168][I][set_Freq] Set frequence
[2020/07/28 09:58:18.637168][I][writeEx] E6640A <= :FREQuency:CENTer 2455.0 MHz
[2020/07/28 09:58:18.647168][I][set_XScale_Span] Set frequence span
[2020/07/28 09:58:18.647168][I][writeEx] E6640A <= :FREQuency:SPAN 10000.000000 KHZ
[2020/07/28 09:58:18.657206][I][set_Power_Range] Get power range
[2020/07/28 09:58:18.657206][I][writeEx] E6640A <= :POW:RANG 20.000000
[2020/07/28 09:58:18.667207][I][set_Symbol_Rate] Get symbol rate
[2020/07/28 09:58:18.667207][I][writeEx] E6640A <= :DDEMod:SRATe 1000.000000 kHz
[2020/07/28 09:58:18.677167][I][set_Meas_Interval] Get meas interval
[2020/07/28 09:58:18.677167][I][writeEx] E6640A <= :DDEMod:SWEep:POINts 500
[2020/07/28 09:58:18.677167][I][set_Zigbee_TX_BandPower] Set marker function
[2020/07/28 09:58:18.687203][I][writeEx] E6640A <= CALC:DDEMod:MARK1:MODE POS
[2020/07/28 09:58:18.687203][I][writeEx] E6640A <= CALC:DDEMod:MARK1:TRAC 2
[2020/07/28 09:58:18.697178][I][writeEx] E6640A <= CALC:DDEMod:MARK1:FUNC BPOW
[2020/07/28 09:58:18.697178][I][writeEx] E6640A <= CALC:DDEMod:MARK1:FUNC:BPOW:CTYP MEAN
[2020/07/28 09:58:18.707167][I][writeEx] E6640A <= CALC:DDEMod:MARK1:FUNC:BAND:CENT 2455000000.000000
[2020/07/28 09:58:19.017672][I][queryEx] E6640A <= *OPC?
[2020/07/28 09:58:19.017672][I][queryEx] E6640A => 1
[2020/07/28 09:58:19.027169][I][queryEx] E6640A <= CALC:DDEMod:MARK1:FUNC:BAND:CENT?
[2020/07/28 09:58:19.027169][I][queryEx] E6640A => 2.455000000E+09
[2020/07/28 09:58:19.037167][I][writeEx] E6640A <= CALC:DDEMod:MARK1:FUNC:BAND:SPAN 10000000.000000
[2020/07/28 09:58:19.347716][I][queryEx] E6640A <= *OPC?
[2020/07/28 09:58:19.357167][I][queryEx] E6640A => 1
[2020/07/28 09:58:19.357167][I][set_Trigger_Video] Set trigger video
[2020/07/28 09:58:19.357167][I][writeEx] E6640A <= TRIG:DDEM:SOUR VID
[2020/07/28 09:58:19.677786][I][queryEx] E6640A <= *OPC?
[2020/07/28 09:58:19.677786][I][queryEx] E6640A => 1
[2020/07/28 09:58:19.687204][I][set_Trigger_Level] Set trigger level
[2020/07/28 09:58:19.687204][I][writeEx] E6640A <= :TRIGger:VIDeo:LEVel 30.000000 mV
[2020/07/28 09:58:19.687204][I][set_Trigger_Delay] Set trigger delay
[2020/07/28 09:58:19.697196][I][writeEx] E6640A <= :TRIGger:VIDeo:DELay:STATe ON
[2020/07/28 09:58:19.697196][I][queryEx] E6640A <= :TRIGger:VIDeo:DELay:STATe?
[2020/07/28 09:58:19.767777][I][queryEx] E6640A => 1
[2020/07/28 09:58:19.767777][I][writeEx] E6640A <= :TRIGger:VIDeo:DELay:STATe ON
[2020/07/28 09:58:19.777204][I][writeEx] E6640A <= :TRIGger:VIDeo:DELay 0.300000 ms
[2020/07/28 09:58:19.777204][I][init_Trigger_Reg] Initial trigger status register
[2020/07/28 09:58:19.787201][I][writeEx] E6640A <= *CLS
[2020/07/28 09:58:19.787201][I][writeEx] E6640A <= :STATus:PRESet
[2020/07/28 09:58:19.797167][I][writeEx] E6640A <= *SRE 192
[2020/07/28 09:58:19.797167][I][writeEx] E6640A <= :STATus:OPERation:ENABle 32
[2020/07/28 09:58:19.797167][I][writeEx] E6640A <= *CLS
[2020/07/28 09:58:19.807205][I][queryEx] E6640A <= *STB?
[2020/07/28 09:58:19.847880][I][queryEx] E6640A => 0
[2020/07/28 09:58:19.857207][I][init_Trigger_Reg] Status: 0
[2020/07/28 09:58:29.287701][I][chk_Tx_Result] Check Tx result
[2020/07/28 09:58:29.297167][I][get_Trigger_Status] Get trigger status
[2020/07/28 09:58:29.297167][I][queryEx] E6640A <= *STB?
[2020/07/28 09:58:29.297167][I][queryEx] E6640A => 192
[2020/07/28 09:58:29.307200][I][get_Trigger_Status] Status: 192
[2020/07/28 09:58:29.307200]Is triggered!
[2020/07/28 09:58:29.317203][I][writeEx] E6640A <= *CLS
[2020/07/28 09:58:29.317203][I][set_Continue] Set continue
[2020/07/28 09:58:29.317203][I][writeEx] E6640A <= :INIT:CONT ON
[2020/07/28 09:58:29.437703][I][set_Single] Set single
[2020/07/28 09:58:29.447216][I][writeEx] E6640A <= :INIT:CONT OFF
[2020/07/28 09:58:29.457217][I][set_Zigbee_TX_BandPower] Set marker function
[2020/07/28 09:58:29.457217][I][writeEx] E6640A <= CALC:DDEMod:MARK1:MODE POS
[2020/07/28 09:58:29.467204][I][writeEx] E6640A <= CALC:DDEMod:MARK1:TRAC 2
[2020/07/28 09:58:29.467204][I][writeEx] E6640A <= CALC:DDEMod:MARK1:FUNC BPOW
[2020/07/28 09:58:29.477225][I][writeEx] E6640A <= CALC:DDEMod:MARK1:FUNC:BPOW:CTYP MEAN
[2020/07/28 09:58:29.477225][I][writeEx] E6640A <= CALC:DDEMod:MARK1:FUNC:BAND:CENT 2455000000.000000
[2020/07/28 09:58:29.787716][I][queryEx] E6640A <= *OPC?
[2020/07/28 09:58:29.797199][I][queryEx] E6640A => 1
[2020/07/28 09:58:29.797199][I][queryEx] E6640A <= CALC:DDEMod:MARK1:FUNC:BAND:CENT?
[2020/07/28 09:58:29.797199][I][queryEx] E6640A => 2.455000000E+09
[2020/07/28 09:58:29.807201][I][writeEx] E6640A <= CALC:DDEMod:MARK1:FUNC:BAND:SPAN 10000000.000000
[2020/07/28 09:58:30.117706][I][queryEx] E6640A <= *OPC?
[2020/07/28 09:58:30.127164][I][queryEx] E6640A => 1
[2020/07/28 09:58:30.127164][I][get_Power] Get Tx power
[2020/07/28 09:58:30.127164][I][queryEx] E6640A <= :CALC:DDEMod:MARK1:Y?
[2020/07/28 09:58:30.137199][I][queryEx] E6640A => 1.370411251E+00
[2020/07/28 09:58:30.137199][I][chk_Tx_Result] Tx power(add loss: 8.900000) = 10.270000 dBm
[2020/07/28 09:58:30.147217][I][read_DDEMod_Array] Read measurement result
[2020/07/28 09:58:30.147217][I][queryEx] E6640A <= :READ:DDEMod?
[2020/07/28 09:58:30.407727][I][queryEx] E6640A => 1.352949810E+01,4.174809647E+01,0.000000000E+00,3.193022966E+00,1.591132164E+01,0.000000000E+00,9.91E+37,9.91E+37,9.91E+37,4.698191285E-01,-1.050740480E+00,2.240000000E+02,1.101079750E+01,-3.435110855E+01,0.000000000E+00,2.551137695E+04,9.91E+37,9.91E+37,9.91E+37,9.91E+37,9.91E+37,-4.468245697E+01,9.91E+37,9.637013674E-01,9.584151208E-02,3.815344572E-01,9.91E+37,9.91E+37,9.91E+37,9.91E+37,9.91E+37,9.91E+37,9.91E+37,9.91E+37,9.91E+37,9.91E+37,9.91E+37,9.91E+37,9.91E+37,9.91E+37,9.91E+37,9.91E+37,9.91E+37,9.91E+37,9.91E+37,9.91E+37,9.91E+37,9.91E+37,9.91E+37,9.91E+37,9.91E+37,9.91E+37,9.91E+37,9.91E+37,9.91E+37,9.91E+37,9.91E+37,9.91E+37,9.91E+37,9.91E+37,9.91E+37,3.890902735E-03,-4.345395602E-03
[2020/07/28 09:58:30.417223][I][set_Continue] Set continue
[2020/07/28 09:58:30.417223][I][writeEx] E6640A <= :INIT:CONT ON
[2020/07/28 09:58:41.387681][I][chk_Tx_Result] Check Tx result
[2020/07/28 09:58:41.387681][I][get_Trigger_Status] Get trigger status
[2020/07/28 09:58:41.397162][I][queryEx] E6640A <= *STB?
[2020/07/28 09:58:41.397162][I][queryEx] E6640A => 192
[2020/07/28 09:58:41.407197][I][get_Trigger_Status] Status: 192
[2020/07/28 09:58:41.407197]Is triggered!
[2020/07/28 09:58:41.417205][I][writeEx] E6640A <= *CLS
[2020/07/28 09:58:41.417205][I][set_Continue] Set continue
[2020/07/28 09:58:41.427204][I][writeEx] E6640A <= :INIT:CONT ON
[2020/07/28 09:58:41.537696][I][set_Single] Set single
[2020/07/28 09:58:41.547208][I][writeEx] E6640A <= :INIT:CONT OFF
[2020/07/28 09:58:41.557200][I][set_Zigbee_TX_BandPower] Set marker function
[2020/07/28 09:58:41.557200][I][writeEx] E6640A <= CALC:DDEMod:MARK1:MODE POS
[2020/07/28 09:58:41.567201][I][writeEx] E6640A <= CALC:DDEMod:MARK1:TRAC 2
[2020/07/28 09:58:41.567201][I][writeEx] E6640A <= CALC:DDEMod:MARK1:FUNC BPOW
[2020/07/28 09:58:41.577161][I][writeEx] E6640A <= CALC:DDEMod:MARK1:FUNC:BPOW:CTYP MEAN
[2020/07/28 09:58:41.577161][I][writeEx] E6640A <= CALC:DDEMod:MARK1:FUNC:BAND:CENT 2455000000.000000
[2020/07/28 09:58:41.897705][I][queryEx] E6640A <= *OPC?
[2020/07/28 09:58:41.907162][I][queryEx] E6640A => 1
[2020/07/28 09:58:41.907162][I][queryEx] E6640A <= CALC:DDEMod:MARK1:FUNC:BAND:CENT?
[2020/07/28 09:58:41.917200][I][queryEx] E6640A => 2.455000000E+09
[2020/07/28 09:58:41.917200][I][writeEx] E6640A <= CALC:DDEMod:MARK1:FUNC:BAND:SPAN 10000000.000000
[2020/07/28 09:58:42.237720][I][queryEx] E6640A <= *OPC?
[2020/07/28 09:58:42.237720][I][queryEx] E6640A => 1
[2020/07/28 09:58:42.247206][I][get_Power] Get Tx power
[2020/07/28 09:58:42.247206][I][queryEx] E6640A <= :CALC:DDEMod:MARK1:Y?
[2020/07/28 09:58:42.257208][I][queryEx] E6640A => 2.890371277E-01
[2020/07/28 09:58:42.257208][I][chk_Tx_Result] Tx power(add loss: 8.900000) = 9.189000 dBm
[2020/07/28 09:58:42.267196][I][read_DDEMod_Array] Read measurement result
[2020/07/28 09:58:42.267196][I][queryEx] E6640A <= :READ:DDEMod?
[2020/07/28 09:58:42.527699][I][queryEx] E6640A => 1.406249523E+01,3.879851913E+01,1.660000000E+02,3.203558207E+00,1.367475986E+01,1.660000000E+02,9.91E+37,9.91E+37,9.91E+37,3.193370700E-01,-8.107483387E-01,2.920000000E+02,1.144403839E+01,3.192408180E+01,1.660000000E+02,2.552706250E+04,9.91E+37,9.91E+37,9.91E+37,9.91E+37,9.91E+37,-4.922718048E+01,9.91E+37,9.608293176E-01,2.861687727E-02,3.874254525E-01,9.91E+37,9.91E+37,9.91E+37,9.91E+37,9.91E+37,9.91E+37,9.91E+37,9.91E+37,9.91E+37,9.91E+37,9.91E+37,9.91E+37,9.91E+37,9.91E+37,9.91E+37,9.91E+37,9.91E+37,9.91E+37,9.91E+37,9.91E+37,9.91E+37,9.91E+37,9.91E+37,9.91E+37,9.91E+37,9.91E+37,9.91E+37,9.91E+37,9.91E+37,9.91E+37,9.91E+37,9.91E+37,9.91E+37,9.91E+37,9.91E+37,2.724613762E-03,-2.126995707E-03
[2020/07/28 09:58:42.537163][I][set_Continue] Set continue
[2020/07/28 09:58:42.537163][I][writeEx] E6640A <= :INIT:CONT ON
[2020/07/28 09:58:44.037160][I][set_Preset] System reset
[2020/07/28 09:58:44.037160][I][writeEx] E6640A <= *RST
[2020/07/28 09:58:44.047195][I][writeEx] E6640A <= *CLS
[2020/07/28 09:58:44.047195][I][writeEx] E6640A <= SYST:PRES
[2020/07/28 09:58:44.357702][I][queryEx] E6640A <= *OPC?
[2020/07/28 09:58:45.247697][I][queryEx] E6640A => 1
[2020/07/28 09:58:45.267160][I][set_Tx_Start] Set Tx start
[2020/07/28 09:58:45.267160][I][set_RFI_Port] Set input port
[2020/07/28 09:58:45.277197][I][writeEx] E6640A <= :FEED:RF:PORT:INPut RFIO1
[2020/07/28 09:58:45.277197][I][queryEx] E6640A <= :FEED:RF:PORT:INPut?
[2020/07/28 09:58:45.287224][I][queryEx] E6640A => RFIO1
[2020/07/28 09:58:45.287224][I][set_Modulation_Analysis] Set measurement function
[2020/07/28 09:58:45.297198][I][writeEx] E6640A <= INST:SEL VSA
[2020/07/28 09:58:45.607579][I][queryEx] E6640A <= *OPC?
[2020/07/28 09:58:45.617163][I][queryEx] E6640A => 1
[2020/07/28 09:58:45.617163][I][queryEx] E6640A <= INST:SEL?
[2020/07/28 09:58:45.627162][I][queryEx] E6640A => VSA
[2020/07/28 09:58:45.627162][I][writeEx] E6640A <= :CONFigure:DDEMod
[2020/07/28 09:58:45.947701][I][queryEx] E6640A <= *OPC?
[2020/07/28 09:58:46.107213][I][queryEx] E6640A => 1
[2020/07/28 09:58:46.117208][I][init_Zigbee_Mode] Initial Zigbee mode
[2020/07/28 09:58:46.127219][I][writeEx] E6640A <= :DDEM:STAN:PRES ZIGBEE2450
[2020/07/28 09:58:46.437698][I][queryEx] E6640A <= *OPC?
[2020/07/28 09:58:46.447220][I][queryEx] E6640A => 1
[2020/07/28 09:58:46.447220][I][set_Continue] Set continue
[2020/07/28 09:58:46.447220][I][writeEx] E6640A <= :INIT:CONT ON
[2020/07/28 09:58:46.457196][I][set_Freq] Set frequence
[2020/07/28 09:58:46.457196][I][writeEx] E6640A <= :FREQuency:CENTer 2470.0 MHz
[2020/07/28 09:58:46.467198][I][set_XScale_Span] Set frequence span
[2020/07/28 09:58:46.467198][I][writeEx] E6640A <= :FREQuency:SPAN 10000.000000 KHZ
[2020/07/28 09:58:46.477160][I][set_Power_Range] Get power range
[2020/07/28 09:58:46.477160][I][writeEx] E6640A <= :POW:RANG 20.000000
[2020/07/28 09:58:46.477160][I][set_Symbol_Rate] Get symbol rate
[2020/07/28 09:58:46.487198][I][writeEx] E6640A <= :DDEMod:SRATe 1000.000000 kHz
[2020/07/28 09:58:46.487198][I][set_Meas_Interval] Get meas interval
[2020/07/28 09:58:46.497231][I][writeEx] E6640A <= :DDEMod:SWEep:POINts 500
[2020/07/28 09:58:46.497231][I][set_Zigbee_TX_BandPower] Set marker function
[2020/07/28 09:58:46.507188][I][writeEx] E6640A <= CALC:DDEMod:MARK1:MODE POS
[2020/07/28 09:58:46.507188][I][writeEx] E6640A <= CALC:DDEMod:MARK1:TRAC 2
[2020/07/28 09:58:46.517160][I][writeEx] E6640A <= CALC:DDEMod:MARK1:FUNC BPOW
[2020/07/28 09:58:46.517160][I][writeEx] E6640A <= CALC:DDEMod:MARK1:FUNC:BPOW:CTYP MEAN
[2020/07/28 09:58:46.527199][I][writeEx] E6640A <= CALC:DDEMod:MARK1:FUNC:BAND:CENT 2470000000.000000
[2020/07/28 09:58:46.837699][I][queryEx] E6640A <= *OPC?
[2020/07/28 09:58:46.847161][I][queryEx] E6640A => 1
[2020/07/28 09:58:46.847161][I][queryEx] E6640A <= CALC:DDEMod:MARK1:FUNC:BAND:CENT?
[2020/07/28 09:58:46.857176][I][queryEx] E6640A => 2.470000000E+09
[2020/07/28 09:58:46.857176][I][writeEx] E6640A <= CALC:DDEMod:MARK1:FUNC:BAND:SPAN 10000000.000000
[2020/07/28 09:58:47.167832][I][queryEx] E6640A <= *OPC?
[2020/07/28 09:58:47.167832][I][queryEx] E6640A => 1
[2020/07/28 09:58:47.177194][I][set_Trigger_Video] Set trigger video
[2020/07/28 09:58:47.177194][I][writeEx] E6640A <= TRIG:DDEM:SOUR VID
[2020/07/28 09:58:47.487580][I][queryEx] E6640A <= *OPC?
[2020/07/28 09:58:47.497217][I][queryEx] E6640A => 1
[2020/07/28 09:58:47.497217][I][set_Trigger_Level] Set trigger level
[2020/07/28 09:58:47.497217][I][writeEx] E6640A <= :TRIGger:VIDeo:LEVel 30.000000 mV
[2020/07/28 09:58:47.507160][I][set_Trigger_Delay] Set trigger delay
[2020/07/28 09:58:47.507160][I][writeEx] E6640A <= :TRIGger:VIDeo:DELay:STATe ON
[2020/07/28 09:58:47.517195][I][queryEx] E6640A <= :TRIGger:VIDeo:DELay:STATe?
[2020/07/28 09:58:47.577204][I][queryEx] E6640A => 1
[2020/07/28 09:58:47.577204][I][writeEx] E6640A <= :TRIGger:VIDeo:DELay:STATe ON
[2020/07/28 09:58:47.587198][I][writeEx] E6640A <= :TRIGger:VIDeo:DELay 0.300000 ms
[2020/07/28 09:58:47.587198][I][init_Trigger_Reg] Initial trigger status register
[2020/07/28 09:58:47.597160][I][writeEx] E6640A <= *CLS
[2020/07/28 09:58:47.597160][I][writeEx] E6640A <= :STATus:PRESet
[2020/07/28 09:58:47.607210][I][writeEx] E6640A <= *SRE 192
[2020/07/28 09:58:47.607210][I][writeEx] E6640A <= :STATus:OPERation:ENABle 32
[2020/07/28 09:58:47.617197][I][writeEx] E6640A <= *CLS
[2020/07/28 09:58:47.617197][I][queryEx] E6640A <= *STB?
[2020/07/28 09:58:47.657760][I][queryEx] E6640A => 0
[2020/07/28 09:58:47.657760][I][init_Trigger_Reg] Status: 0
[2020/07/28 09:58:57.187711][I][chk_Tx_Result] Check Tx result
[2020/07/28 09:58:57.197170][I][get_Trigger_Status] Get trigger status
[2020/07/28 09:58:57.197170][I][queryEx] E6640A <= *STB?
[2020/07/28 09:58:57.197170][I][queryEx] E6640A => 192
[2020/07/28 09:58:57.207194][I][get_Trigger_Status] Status: 192
[2020/07/28 09:58:57.207194]Is triggered!
[2020/07/28 09:58:57.217203][I][writeEx] E6640A <= *CLS
[2020/07/28 09:58:57.217203][I][set_Continue] Set continue
[2020/07/28 09:58:57.227192][I][writeEx] E6640A <= :INIT:CONT ON
[2020/07/28 09:58:57.337700][I][set_Single] Set single
[2020/07/28 09:58:57.347207][I][writeEx] E6640A <= :INIT:CONT OFF
[2020/07/28 09:58:57.357199][I][set_Zigbee_TX_BandPower] Set marker function
[2020/07/28 09:58:57.367191][I][writeEx] E6640A <= CALC:DDEMod:MARK1:MODE POS
[2020/07/28 09:58:57.367191][I][writeEx] E6640A <= CALC:DDEMod:MARK1:TRAC 2
[2020/07/28 09:58:57.377161][I][writeEx] E6640A <= CALC:DDEMod:MARK1:FUNC BPOW
[2020/07/28 09:58:57.377161][I][writeEx] E6640A <= CALC:DDEMod:MARK1:FUNC:BPOW:CTYP MEAN
[2020/07/28 09:58:57.387157][I][writeEx] E6640A <= CALC:DDEMod:MARK1:FUNC:BAND:CENT 2470000000.000000
[2020/07/28 09:58:57.697694][I][queryEx] E6640A <= *OPC?
[2020/07/28 09:58:57.707155][I][queryEx] E6640A => 1
[2020/07/28 09:58:57.707155][I][queryEx] E6640A <= CALC:DDEMod:MARK1:FUNC:BAND:CENT?
[2020/07/28 09:58:57.717192][I][queryEx] E6640A => 2.470000000E+09
[2020/07/28 09:58:57.717192][I][writeEx] E6640A <= CALC:DDEMod:MARK1:FUNC:BAND:SPAN 10000000.000000
[2020/07/28 09:58:58.037580][I][queryEx] E6640A <= *OPC?
[2020/07/28 09:58:58.037580][I][queryEx] E6640A => 1
[2020/07/28 09:58:58.047192][I][get_Power] Get Tx power
[2020/07/28 09:58:58.047192][I][queryEx] E6640A <= :CALC:DDEMod:MARK1:Y?
[2020/07/28 09:58:58.057192][I][queryEx] E6640A => 1.695813395E+00
[2020/07/28 09:58:58.057192][I][chk_Tx_Result] Tx power(add loss: 8.800000) = 10.496000 dBm
[2020/07/28 09:58:58.067195][I][read_DDEMod_Array] Read measurement result
[2020/07/28 09:58:58.067195][I][queryEx] E6640A <= :READ:DDEMod?
[2020/07/28 09:58:58.327694][I][queryEx] E6640A => 1.437053967E+01,3.657488632E+01,1.670000000E+02,3.295577765E+00,1.271695518E+01,1.690000000E+02,9.91E+37,9.91E+37,9.91E+37,5.286763906E-01,-1.108711958E+00,2.880000000E+02,1.168532944E+01,3.001991081E+01,1.670000000E+02,2.572387305E+04,9.91E+37,9.91E+37,9.91E+37,9.91E+37,9.91E+37,-4.288598633E+01,9.91E+37,9.590881467E-01,1.053429246E-01,3.983715773E-01,9.91E+37,9.91E+37,9.91E+37,9.91E+37,9.91E+37,9.91E+37,9.91E+37,9.91E+37,9.91E+37,9.91E+37,9.91E+37,9.91E+37,9.91E+37,9.91E+37,9.91E+37,9.91E+37,9.91E+37,9.91E+37,9.91E+37,9.91E+37,9.91E+37,9.91E+37,9.91E+37,9.91E+37,9.91E+37,9.91E+37,9.91E+37,9.91E+37,9.91E+37,9.91E+37,9.91E+37,9.91E+37,9.91E+37,9.91E+37,9.91E+37,4.518924747E-03,-5.570570007E-03
[2020/07/28 09:58:58.337204][I][set_Continue] Set continue
[2020/07/28 09:58:58.347188][I][writeEx] E6640A <= :INIT:CONT ON
[2020/07/28 09:59:09.357687][I][chk_Tx_Result] Check Tx result
[2020/07/28 09:59:09.357687][I][get_Trigger_Status] Get trigger status
[2020/07/28 09:59:09.367190][I][queryEx] E6640A <= *STB?
[2020/07/28 09:59:09.367190][I][queryEx] E6640A => 192
[2020/07/28 09:59:09.377197][I][get_Trigger_Status] Status: 192
[2020/07/28 09:59:09.377197]Is triggered!
[2020/07/28 09:59:09.387153][I][writeEx] E6640A <= *CLS
[2020/07/28 09:59:09.387153][I][set_Continue] Set continue
[2020/07/28 09:59:09.387153][I][writeEx] E6640A <= :INIT:CONT ON
[2020/07/28 09:59:09.507681][I][set_Single] Set single
[2020/07/28 09:59:09.517204][I][writeEx] E6640A <= :INIT:CONT OFF
[2020/07/28 09:59:09.537198][I][set_Zigbee_TX_BandPower] Set marker function
[2020/07/28 09:59:09.547211][I][writeEx] E6640A <= CALC:DDEMod:MARK1:MODE POS
[2020/07/28 09:59:09.557201][I][writeEx] E6640A <= CALC:DDEMod:MARK1:TRAC 2
[2020/07/28 09:59:09.557201][I][writeEx] E6640A <= CALC:DDEMod:MARK1:FUNC BPOW
[2020/07/28 09:59:09.567189][I][writeEx] E6640A <= CALC:DDEMod:MARK1:FUNC:BPOW:CTYP MEAN
[2020/07/28 09:59:09.567189][I][writeEx] E6640A <= CALC:DDEMod:MARK1:FUNC:BAND:CENT 2470000000.000000
[2020/07/28 09:59:09.887691][I][queryEx] E6640A <= *OPC?
[2020/07/28 09:59:09.897211][I][queryEx] E6640A => 1
[2020/07/28 09:59:09.897211][I][queryEx] E6640A <= CALC:DDEMod:MARK1:FUNC:BAND:CENT?
[2020/07/28 09:59:09.907299][I][queryEx] E6640A => 2.470000000E+09
[2020/07/28 09:59:09.907299][I][writeEx] E6640A <= CALC:DDEMod:MARK1:FUNC:BAND:SPAN 10000000.000000
[2020/07/28 09:59:10.227695][I][queryEx] E6640A <= *OPC?
[2020/07/28 09:59:10.237154][I][queryEx] E6640A => 1
[2020/07/28 09:59:10.237154][I][get_Power] Get Tx power
[2020/07/28 09:59:10.237154][I][queryEx] E6640A <= :CALC:DDEMod:MARK1:Y?
[2020/07/28 09:59:10.247193][I][queryEx] E6640A => -2.404186484E-01
[2020/07/28 09:59:10.247193][I][chk_Tx_Result] Tx power(add loss: 8.800000) = 8.560000 dBm
[2020/07/28 09:59:10.257153][I][read_DDEMod_Array] Read measurement result
[2020/07/28 09:59:10.257153][I][queryEx] E6640A <= :READ:DDEMod?
[2020/07/28 09:59:10.517206][I][queryEx] E6640A => 1.436691380E+01,4.333554840E+01,2.200000000E+02,3.477065563E+00,1.640730858E+01,2.200000000E+02,9.91E+37,9.91E+37,9.91E+37,6.342471242E-01,-1.283121109E+00,3.710000000E+02,1.168244457E+01,3.539839935E+01,2.200000000E+02,2.573963672E+04,9.91E+37,9.91E+37,9.91E+37,9.91E+37,9.91E+37,-4.133049774E+01,9.91E+37,9.590741396E-01,-8.436198533E-02,-4.144974649E-01,9.91E+37,9.91E+37,9.91E+37,9.91E+37,9.91E+37,9.91E+37,9.91E+37,9.91E+37,9.91E+37,9.91E+37,9.91E+37,9.91E+37,9.91E+37,9.91E+37,9.91E+37,9.91E+37,9.91E+37,9.91E+37,9.91E+37,9.91E+37,9.91E+37,9.91E+37,9.91E+37,9.91E+37,9.91E+37,9.91E+37,9.91E+37,9.91E+37,9.91E+37,9.91E+37,9.91E+37,9.91E+37,9.91E+37,9.91E+37,9.91E+37,-5.892559420E-03,-6.236182526E-03
[2020/07/28 09:59:10.527153][I][set_Continue] Set continue
[2020/07/28 09:59:10.527153][I][writeEx] E6640A <= :INIT:CONT ON
[2020/07/28 09:59:12.047190][I][set_Preset] System reset
[2020/07/28 09:59:12.057207][I][writeEx] E6640A <= *RST
[2020/07/28 09:59:12.057207][I][writeEx] E6640A <= *CLS
[2020/07/28 09:59:12.057207][I][writeEx] E6640A <= SYST:PRES
[2020/07/28 09:59:12.377694][I][queryEx] E6640A <= *OPC?
[2020/07/28 09:59:13.267700][I][queryEx] E6640A => 1
[2020/07/28 09:59:13.287170][I][set_Rx_OneTone] Set Rx one tone
[2020/07/28 09:59:13.297152][I][set_RFO_Port] Set output port
[2020/07/28 09:59:13.297152][I][writeEx] E6640A <= :FEED:RF:PORT:OUTPut RFIO1
[2020/07/28 09:59:13.307190][I][queryEx] E6640A <= :FEED:RF:PORT:OUTPut?
[2020/07/28 09:59:13.307190][I][queryEx] E6640A => RFIO1
[2020/07/28 09:59:13.317155][I][set_OneTone_Freq] Set One Tone frequence
[2020/07/28 09:59:13.317155][I][writeEx] E6640A <= :SOUR:FREQ 2445.0 MHz
[2020/07/28 09:59:13.327190][I][set_OneTone_Power] Set One Tone power
[2020/07/28 09:59:13.327190][I][writeEx] E6640A <= :SOURce:POWer -16.1
[2020/07/28 09:59:23.337149][I][set_OneTone_Start] Set One Tone start
[2020/07/28 09:59:23.337149][I][writeEx] E6640A <= OUTP ON
[2020/07/28 09:59:28.667184][I][set_OneTone_Stop] Set One Tone stop
[2020/07/28 09:59:28.667184][I][writeEx] E6640A <= OUTP OFF
[2020/07/28 09:59:28.677148][I][set_Rx_OneTone] Set Rx one tone
[2020/07/28 09:59:28.687186][I][set_RFO_Port] Set output port
[2020/07/28 09:59:28.687186][I][writeEx] E6640A <= :FEED:RF:PORT:OUTPut RFIO1
[2020/07/28 09:59:28.697188][I][queryEx] E6640A <= :FEED:RF:PORT:OUTPut?
[2020/07/28 09:59:28.697188][I][queryEx] E6640A => RFIO1
[2020/07/28 09:59:28.707186][I][set_OneTone_Freq] Set One Tone frequence
[2020/07/28 09:59:28.707186][I][writeEx] E6640A <= :SOUR:FREQ 2445.0 MHz
[2020/07/28 09:59:28.717151][I][set_OneTone_Power] Set One Tone power
[2020/07/28 09:59:28.717151][I][writeEx] E6640A <= :SOURce:POWer -16.1
[2020/07/28 09:59:37.677153][I][set_OneTone_Start] Set One Tone start
[2020/07/28 09:59:37.687146][I][writeEx] E6640A <= OUTP ON
[2020/07/28 09:59:42.847199][I][set_OneTone_Stop] Set One Tone stop
[2020/07/28 09:59:42.857145][I][writeEx] E6640A <= OUTP OFF
[2020/07/28 09:59:43.267302][I][disconnect_E6640A] Disconnect E6640A
[2020/07/28 09:59:43.267302]========== End ==========
