[2020/07/29 00:26:35.497085]========== Start ==========
[2020/07/29 00:26:35.498090][I][class_E6640A_LTE] Initial class_E6640A_LTE
[2020/07/29 00:26:35.500094][I][class_E6640A_LTE] Version: 3.0.0.3
[2020/07/29 00:26:35.505110][I][connect_E6640A] Connect to E6640A
[2020/07/29 00:26:35.517139][I][connect_E6640A] Resource Manager of Visa Library at C:\Windows\system32\visa32.dll
[2020/07/29 00:26:35.567276][I][queryEx] E6640A <= *IDN?
[2020/07/29 00:26:35.572285][I][queryEx] E6640A => Keysight Technologies,E6640A,MY57150246,E.19.71
[2020/07/29 00:26:35.574292][I][set_Preset] System reset
[2020/07/29 00:26:35.575294][I][writeEx] E6640A <= *RST
[2020/07/29 00:26:35.577300][I][writeEx] E6640A <= *CLS
[2020/07/29 00:26:35.581310][I][writeEx] E6640A <= SYST:PRES
[2020/07/29 00:26:35.883522][I][queryEx] E6640A <= *OPC?
[2020/07/29 00:26:36.582380][I][queryEx] E6640A => 1
[2020/07/29 00:26:36.588395][I][set_Preset] System reset
[2020/07/29 00:26:36.590404][I][writeEx] E6640A <= *RST
[2020/07/29 00:26:36.595416][I][writeEx] E6640A <= *CLS
[2020/07/29 00:26:36.598421][I][writeEx] E6640A <= SYST:PRES
[2020/07/29 00:26:36.902460][I][queryEx] E6640A <= *OPC?
[2020/07/29 00:26:37.599188][I][queryEx] E6640A => 1
[2020/07/29 00:26:37.864529][I][set_Preset] System reset
[2020/07/29 00:26:37.866535][I][writeEx] E6640A <= *RST
[2020/07/29 00:26:37.868540][I][writeEx] E6640A <= *CLS
[2020/07/29 00:26:37.871548][I][writeEx] E6640A <= SYST:PRES
[2020/07/29 00:26:38.174248][I][queryEx] E6640A <= *OPC?
[2020/07/29 00:26:38.880145][I][queryEx] E6640A => 1
[2020/07/29 00:26:38.891183][I][set_Tx_Start] Set Tx start
[2020/07/29 00:26:38.894182][I][set_RFI_Port] Set input port
[2020/07/29 00:26:38.896187][I][writeEx] E6640A <= :FEED:RF:PORT:INPut RFIO1
[2020/07/29 00:26:38.899197][I][queryEx] E6640A <= :FEED:RF:PORT:INPut?
[2020/07/29 00:26:38.904212][I][queryEx] E6640A => RFIO1
[2020/07/29 00:26:38.906215][I][set_Modulation_Analysis] Set measurement function
[2020/07/29 00:26:38.909223][I][writeEx] E6640A <= INST:SEL LTEAFDD
[2020/07/29 00:26:39.213783][I][queryEx] E6640A <= *OPC?
[2020/07/29 00:26:39.220441][I][queryEx] E6640A => 1
[2020/07/29 00:26:39.222448][I][queryEx] E6640A <= INST:SEL?
[2020/07/29 00:26:39.228992][I][queryEx] E6640A => LTEAFDD
[2020/07/29 00:26:39.232005][I][writeEx] E6640A <= DISP:CHP:VIEW:WIND:TRAC:Y:COUP OFF
[2020/07/29 00:26:39.236131][I][set_Freq] Set frequence
[2020/07/29 00:26:39.238962][I][writeEx] E6640A <= :FREQuency:CENTer 897.4 MHz
[2020/07/29 00:26:39.241710][I][set_Continue] Set continue
[2020/07/29 00:26:39.243717][I][writeEx] E6640A <= :INIT:CONT ON
[2020/07/29 00:26:39.247729][I][set_Trigger_Free_Run] Set trigger free run
[2020/07/29 00:26:39.250737][I][writeEx] E6640A <= TRIG:CHP:SOUR IMM
[2020/07/29 00:26:39.555329][I][queryEx] E6640A <= *OPC?
[2020/07/29 00:26:39.570429][I][queryEx] E6640A => 1
[2020/07/29 00:26:44.149260][I][chk_Tx_Result] Check Tx result
[2020/07/29 00:26:44.160298][I][set_Limit_Range] Set reference value
[2020/07/29 00:26:44.170364][I][writeEx] E6640A <= DISP:CHP:VIEW:WIND:TRAC:Y:RLEV 30.0 dBm
[2020/07/29 00:26:44.478452][I][queryEx] E6640A <= *OPC?
[2020/07/29 00:26:44.487040][I][queryEx] E6640A => 1
[2020/07/29 00:26:44.491095][I][set_Limit_Range] Set power range
[2020/07/29 00:26:44.493996][I][writeEx] E6640A <= :POW:RANG 30.0 dBm
[2020/07/29 00:26:44.798413][I][queryEx] E6640A <= *OPC?
[2020/07/29 00:26:44.807060][I][queryEx] E6640A => 1
[2020/07/29 00:26:44.810910][I][set_Trigger_Video] Set trigger video
[2020/07/29 00:26:44.814648][I][writeEx] E6640A <= TRIG:CHP:SOUR IF
[2020/07/29 00:26:45.118606][I][queryEx] E6640A <= *OPC?
[2020/07/29 00:26:45.133845][I][queryEx] E6640A => 1
[2020/07/29 00:26:45.244693][I][set_Trigger_Free_Run] Set trigger free run
[2020/07/29 00:26:45.250750][I][writeEx] E6640A <= TRIG:CHP:SOUR IMM
[2020/07/29 00:26:45.554466][I][queryEx] E6640A <= *OPC?
[2020/07/29 00:26:45.563137][I][queryEx] E6640A => 1
[2020/07/29 00:26:45.568862][I][get_Power] Get Tx power
[2020/07/29 00:26:45.571499][I][queryEx] E6640A <= :FETCh:CHPower:CHPower?
[2020/07/29 00:26:45.578519][I][queryEx] E6640A => 1.456525135E+01
[2020/07/29 00:26:45.582529][I][chk_Tx_Result] Tx power(add loss: 8.500000) = 23.065000 dBm
[2020/07/29 00:26:45.585538][I][set_Continue] Set continue
[2020/07/29 00:26:45.589551][I][writeEx] E6640A <= :INIT:CONT ON
[2020/07/29 00:26:47.572368][I][set_Preset] System reset
[2020/07/29 00:26:47.575418][I][writeEx] E6640A <= *RST
[2020/07/29 00:26:47.580431][I][writeEx] E6640A <= *CLS
[2020/07/29 00:26:47.584332][I][writeEx] E6640A <= SYST:PRES
[2020/07/29 00:26:47.889864][I][queryEx] E6640A <= *OPC?
[2020/07/29 00:26:48.366622][I][queryEx] E6640A => 1
[2020/07/29 00:26:48.381400][I][set_Tx_Start] Set Tx start
[2020/07/29 00:26:48.384409][I][set_RFI_Port] Set input port
[2020/07/29 00:26:48.387418][I][writeEx] E6640A <= :FEED:RF:PORT:INPut RFIO1
[2020/07/29 00:26:48.392432][I][queryEx] E6640A <= :FEED:RF:PORT:INPut?
[2020/07/29 00:26:48.399619][I][queryEx] E6640A => RFIO1
[2020/07/29 00:26:48.403777][I][set_Modulation_Analysis] Set measurement function
[2020/07/29 00:26:48.406828][I][writeEx] E6640A <= INST:SEL LTEAFDD
[2020/07/29 00:26:48.713260][I][queryEx] E6640A <= *OPC?
[2020/07/29 00:26:48.722155][I][queryEx] E6640A => 1
[2020/07/29 00:26:48.726168][I][queryEx] E6640A <= INST:SEL?
[2020/07/29 00:26:48.732185][I][queryEx] E6640A => LTEAFDD
[2020/07/29 00:26:48.736195][I][writeEx] E6640A <= DISP:CHP:VIEW:WIND:TRAC:Y:COUP OFF
[2020/07/29 00:26:48.740786][I][set_Freq] Set frequence
[2020/07/29 00:26:48.743795][I][writeEx] E6640A <= :FREQuency:CENTer 1950.0 MHz
[2020/07/29 00:26:48.747806][I][set_Continue] Set continue
[2020/07/29 00:26:48.751816][I][writeEx] E6640A <= :INIT:CONT ON
[2020/07/29 00:26:48.755869][I][set_Trigger_Free_Run] Set trigger free run
[2020/07/29 00:26:48.760027][I][writeEx] E6640A <= TRIG:CHP:SOUR IMM
[2020/07/29 00:26:49.063113][I][queryEx] E6640A <= *OPC?
[2020/07/29 00:26:49.073578][I][queryEx] E6640A => 1
[2020/07/29 00:26:53.863884][I][chk_Tx_Result] Check Tx result
[2020/07/29 00:26:53.871912][I][set_Limit_Range] Set reference value
[2020/07/29 00:26:53.875964][I][writeEx] E6640A <= DISP:CHP:VIEW:WIND:TRAC:Y:RLEV 30.0 dBm
[2020/07/29 00:26:54.181444][I][queryEx] E6640A <= *OPC?
[2020/07/29 00:26:54.191034][I][queryEx] E6640A => 1
[2020/07/29 00:26:54.195436][I][set_Limit_Range] Set power range
[2020/07/29 00:26:54.198481][I][writeEx] E6640A <= :POW:RANG 30.0 dBm
[2020/07/29 00:26:54.504128][I][queryEx] E6640A <= *OPC?
[2020/07/29 00:26:54.520819][I][queryEx] E6640A => 1
[2020/07/29 00:26:54.531797][I][set_Trigger_Video] Set trigger video
[2020/07/29 00:26:54.538419][I][writeEx] E6640A <= TRIG:CHP:SOUR IF
[2020/07/29 00:26:54.842811][I][queryEx] E6640A <= *OPC?
[2020/07/29 00:26:54.852411][I][queryEx] E6640A => 1
[2020/07/29 00:26:54.957919][I][set_Trigger_Free_Run] Set trigger free run
[2020/07/29 00:26:54.970987][I][writeEx] E6640A <= TRIG:CHP:SOUR IMM
[2020/07/29 00:26:55.280352][I][queryEx] E6640A <= *OPC?
[2020/07/29 00:26:55.291306][I][queryEx] E6640A => 1
[2020/07/29 00:26:55.295563][I][get_Power] Get Tx power
[2020/07/29 00:26:55.298431][I][queryEx] E6640A <= :FETCh:CHPower:CHPower?
[2020/07/29 00:26:55.305384][I][queryEx] E6640A => 1.166711140E+01
[2020/07/29 00:26:55.308964][I][chk_Tx_Result] Tx power(add loss: 9.200000) = 20.867000 dBm
[2020/07/29 00:26:55.311976][I][set_Continue] Set continue
[2020/07/29 00:26:55.315985][I][writeEx] E6640A <= :INIT:CONT ON
[2020/07/29 00:26:57.292897][I][set_Preset] System reset
[2020/07/29 00:26:57.295910][I][writeEx] E6640A <= *RST
[2020/07/29 00:26:57.298916][I][writeEx] E6640A <= *CLS
[2020/07/29 00:26:57.302946][I][writeEx] E6640A <= SYST:PRES
[2020/07/29 00:26:57.607405][I][queryEx] E6640A <= *OPC?
[2020/07/29 00:26:58.098869][I][queryEx] E6640A => 1
[2020/07/29 00:26:58.112837][I][set_Tx_Start] Set Tx start
[2020/07/29 00:26:58.116084][I][set_RFI_Port] Set input port
[2020/07/29 00:26:58.120144][I][writeEx] E6640A <= :FEED:RF:PORT:INPut RFIO1
[2020/07/29 00:26:58.124108][I][queryEx] E6640A <= :FEED:RF:PORT:INPut?
[2020/07/29 00:26:58.130395][I][queryEx] E6640A => RFIO1
[2020/07/29 00:26:58.134458][I][set_Modulation_Analysis] Set measurement function
[2020/07/29 00:26:58.138414][I][writeEx] E6640A <= INST:SEL LTEAFDD
[2020/07/29 00:26:58.443941][I][queryEx] E6640A <= *OPC?
[2020/07/29 00:26:58.454933][I][queryEx] E6640A => 1
[2020/07/29 00:26:58.458950][I][queryEx] E6640A <= INST:SEL?
[2020/07/29 00:26:58.465970][I][queryEx] E6640A => LTEAFDD
[2020/07/29 00:26:58.470065][I][writeEx] E6640A <= DISP:CHP:VIEW:WIND:TRAC:Y:COUP OFF
[2020/07/29 00:26:58.473088][I][set_Freq] Set frequence
[2020/07/29 00:26:58.477085][I][writeEx] E6640A <= :FREQuency:CENTer 914.8 MHz
[2020/07/29 00:26:58.481763][I][set_Continue] Set continue
[2020/07/29 00:26:58.485817][I][writeEx] E6640A <= :INIT:CONT ON
[2020/07/29 00:26:58.489823][I][set_Trigger_Free_Run] Set trigger free run
[2020/07/29 00:26:58.493796][I][writeEx] E6640A <= TRIG:CHP:SOUR IMM
[2020/07/29 00:26:58.800097][I][queryEx] E6640A <= *OPC?
[2020/07/29 00:26:58.810131][I][queryEx] E6640A => 1
[2020/07/29 00:27:01.846038][I][chk_Tx_Result] Check Tx result
[2020/07/29 00:27:01.854032][I][set_Limit_Range] Set reference value
[2020/07/29 00:27:01.858006][I][writeEx] E6640A <= DISP:CHP:VIEW:WIND:TRAC:Y:RLEV 30.0 dBm
[2020/07/29 00:27:02.163931][I][queryEx] E6640A <= *OPC?
[2020/07/29 00:27:02.172341][I][queryEx] E6640A => 1
[2020/07/29 00:27:02.177683][I][set_Limit_Range] Set power range
[2020/07/29 00:27:02.180693][I][writeEx] E6640A <= :POW:RANG 30.0 dBm
[2020/07/29 00:27:02.486423][I][queryEx] E6640A <= *OPC?
[2020/07/29 00:27:02.496372][I][queryEx] E6640A => 1
[2020/07/29 00:27:04.502651][I][set_Trigger_Video] Set trigger video
[2020/07/29 00:27:04.517759][I][writeEx] E6640A <= TRIG:CHP:SOUR IF
[2020/07/29 00:27:04.827129][I][queryEx] E6640A <= *OPC?
[2020/07/29 00:27:04.838132][I][queryEx] E6640A => 1
[2020/07/29 00:27:04.842171][I][get_Power] Get Tx power
[2020/07/29 00:27:04.846205][I][queryEx] E6640A <= :FETCh:CHPower:CHPower?
[2020/07/29 00:27:05.485885][I][queryEx] E6640A => 2.310916710E+01
[2020/07/29 00:27:05.492573][I][chk_Tx_Result] Tx power(add loss: 8.500000) = 31.609000 dBm
[2020/07/29 00:27:05.495583][I][set_Continue] Set continue
[2020/07/29 00:27:05.499600][I][writeEx] E6640A <= :INIT:CONT ON
[2020/07/29 00:27:07.265572][I][set_Preset] System reset
[2020/07/29 00:27:07.268581][I][writeEx] E6640A <= *RST
[2020/07/29 00:27:07.273594][I][writeEx] E6640A <= *CLS
[2020/07/29 00:27:07.276649][I][writeEx] E6640A <= SYST:PRES
[2020/07/29 00:27:07.585738][I][queryEx] E6640A <= *OPC?
[2020/07/29 00:27:08.089763][I][queryEx] E6640A => 1
[2020/07/29 00:27:08.106777][I][set_Rx_Waveform] Set Rx waveform
[2020/07/29 00:27:08.110773][I][set_RFO_Port] Set output port
[2020/07/29 00:27:08.116198][I][writeEx] E6640A <= :FEED:RF:PORT:OUTPut RFIO1
[2020/07/29 00:27:08.119215][I][queryEx] E6640A <= :FEED:RF:PORT:OUTPut?
[2020/07/29 00:27:08.150078][I][queryEx] E6640A => RFIO1
[2020/07/29 00:27:08.154996][I][set_OneTone_Freq] Set One Tone frequence
[2020/07/29 00:27:08.158353][I][writeEx] E6640A <= :SOUR:FREQ 959.8 MHz
[2020/07/29 00:27:08.162617][I][set_OneTone_Power] Set One Tone power
[2020/07/29 00:27:08.166630][I][writeEx] E6640A <= :SOURce:POWer -51.5
[2020/07/29 00:27:08.171688][I][loading_Waveform] Load waveform
[2020/07/29 00:27:08.175653][I][queryEx] E6640A <= :SOURce:RADio:ARB:CATalog?
[2020/07/29 00:27:08.182710][I][queryEx] E6640A => 9600,4184704,"CTX10_RFLTE_20160809.wfm"
[2020/07/29 00:27:08.186694][I][writeEx] E6640A <= :SOUR:RAD:ARB:WAV "D:\NVARB\CTX10_RFLTE_20160809.wfm"
[2020/07/29 00:27:08.492235][I][queryEx] E6640A <= *OPC?
[2020/07/29 00:27:08.504192][I][queryEx] E6640A => 1
[2020/07/29 00:27:08.508138][I][set_ARB_ON] Set ARB ON
[2020/07/29 00:27:08.513204][I][writeEx] E6640A <= :SOUR:RAD:ARB ON
[2020/07/29 00:27:08.518181][I][set_Sample_Rate] Set Sample Rate
[2020/07/29 00:27:08.521191][I][writeEx] E6640A <= SOUR:RAD:ARB:SCL:RATE 100.0 kHz
[2020/07/29 00:27:08.526205][I][set_Modulation_ON] Set ARB ON
[2020/07/29 00:27:08.530215][I][writeEx] E6640A <= :OUTP:MOD ON
[2020/07/29 00:27:08.539248][I][set_OneTone_Start] Set One Tone start
[2020/07/29 00:27:08.543260][I][writeEx] E6640A <= OUTP ON
[2020/07/29 00:27:14.917404][I][set_OneTone_Stop] Set One Tone stop
[2020/07/29 00:27:14.925478][I][writeEx] E6640A <= OUTP OFF
[2020/07/29 00:27:32.616655][I][disconnect_E6640A] Disconnect E6640A
[2020/07/29 00:27:32.620944][I][set_Preset] System reset
[2020/07/29 00:27:32.625563][I][writeEx] E6640A <= *RST
[2020/07/29 00:27:32.629484][I][writeEx] E6640A <= *CLS
[2020/07/29 00:27:32.632513][I][writeEx] E6640A <= SYST:PRES
[2020/07/29 00:27:32.938360][I][queryEx] E6640A <= *OPC?
[2020/07/29 00:27:33.433746][I][queryEx] E6640A => 1
[2020/07/29 00:27:33.442768]========== End ==========
