[2020/07/29 00:24:23.928476]========== Start ==========
[2020/07/29 00:24:23.929480][I][class_E6640A_ZIGBEE] Initial class_E6640A_ZIGBEE
[2020/07/29 00:24:23.931486][I][class_E6640A_ZIGBEE] Version: 3.0.0.2
[2020/07/29 00:24:23.938820][I][connect_E6640A] Connect to E6640A
[2020/07/29 00:24:23.950662][I][connect_E6640A] Resource Manager of Visa Library at C:\Windows\system32\visa32.dll
[2020/07/29 00:24:24.003256][I][queryEx] E6640A <= *IDN?
[2020/07/29 00:24:24.010279][I][queryEx] E6640A => Keysight Technologies,E6640A,MY57150246,E.19.71
[2020/07/29 00:24:24.012279][I][set_Preset] System reset
[2020/07/29 00:24:24.015325][I][writeEx] E6640A <= *RST
[2020/07/29 00:24:24.018294][I][writeEx] E6640A <= *CLS
[2020/07/29 00:24:24.021050][I][writeEx] E6640A <= SYST:PRES
[2020/07/29 00:24:24.324390][I][queryEx] E6640A <= *OPC?
[2020/07/29 00:24:24.858653][I][queryEx] E6640A => 1
[2020/07/29 00:24:24.879631][I][set_Preset] System reset
[2020/07/29 00:24:24.884679][I][writeEx] E6640A <= *RST
[2020/07/29 00:24:24.889704][I][writeEx] E6640A <= *CLS
[2020/07/29 00:24:24.893711][I][writeEx] E6640A <= SYST:PRES
[2020/07/29 00:24:25.198607][I][queryEx] E6640A <= *OPC?
[2020/07/29 00:24:25.720984][I][queryEx] E6640A => 1
[2020/07/29 00:24:25.997027][I][set_Preset] System reset
[2020/07/29 00:24:25.999026][I][writeEx] E6640A <= *RST
[2020/07/29 00:24:26.002389][I][writeEx] E6640A <= *CLS
[2020/07/29 00:24:26.004285][I][writeEx] E6640A <= SYST:PRES
[2020/07/29 00:24:26.308254][I][queryEx] E6640A <= *OPC?
[2020/07/29 00:24:26.844349][I][queryEx] E6640A => 1
[2020/07/29 00:24:26.856411][I][set_Tx_Start] Set Tx start
[2020/07/29 00:24:26.859376][I][set_RFI_Port] Set input port
[2020/07/29 00:24:26.861382][I][writeEx] E6640A <= :FEED:RF:PORT:INPut RFIO1
[2020/07/29 00:24:26.863387][I][queryEx] E6640A <= :FEED:RF:PORT:INPut?
[2020/07/29 00:24:26.870067][I][queryEx] E6640A => RFIO1
[2020/07/29 00:24:26.872074][I][set_Modulation_Analysis] Set measurement function
[2020/07/29 00:24:26.874079][I][writeEx] E6640A <= INST:SEL VSA
[2020/07/29 00:24:27.179608][I][queryEx] E6640A <= *OPC?
[2020/07/29 00:24:27.187233][I][queryEx] E6640A => 1
[2020/07/29 00:24:27.192161][I][queryEx] E6640A <= INST:SEL?
[2020/07/29 00:24:27.198751][I][queryEx] E6640A => VSA
[2020/07/29 00:24:27.202764][I][writeEx] E6640A <= :CONFigure:DDEMod
[2020/07/29 00:24:27.508601][I][queryEx] E6640A <= *OPC?
[2020/07/29 00:24:27.675251][I][queryEx] E6640A => 1
[2020/07/29 00:24:27.686220][I][init_Zigbee_Mode] Initial Zigbee mode
[2020/07/29 00:24:27.694301][I][writeEx] E6640A <= :DDEM:STAN:PRES ZIGBEE2450
[2020/07/29 00:24:28.002118][I][queryEx] E6640A <= *OPC?
[2020/07/29 00:24:28.011746][I][queryEx] E6640A => 1
[2020/07/29 00:24:28.015795][I][set_Continue] Set continue
[2020/07/29 00:24:28.018343][I][writeEx] E6640A <= :INIT:CONT ON
[2020/07/29 00:24:28.020349][I][set_Freq] Set frequence
[2020/07/29 00:24:28.023357][I][writeEx] E6640A <= :FREQuency:CENTer 2425.0 MHz
[2020/07/29 00:24:28.026403][I][set_XScale_Span] Set frequence span
[2020/07/29 00:24:28.030080][I][writeEx] E6640A <= :FREQuency:SPAN 10000.000000 KHZ
[2020/07/29 00:24:28.032087][I][set_Power_Range] Get power range
[2020/07/29 00:24:28.036103][I][writeEx] E6640A <= :POW:RANG 20.000000
[2020/07/29 00:24:28.039885][I][set_Symbol_Rate] Get symbol rate
[2020/07/29 00:24:28.041892][I][writeEx] E6640A <= :DDEMod:SRATe 1000.000000 kHz
[2020/07/29 00:24:28.045943][I][set_Meas_Interval] Get meas interval
[2020/07/29 00:24:28.049925][I][writeEx] E6640A <= :DDEMod:SWEep:POINts 500
[2020/07/29 00:24:28.051933][I][set_Zigbee_TX_BandPower] Set marker function
[2020/07/29 00:24:28.055945][I][writeEx] E6640A <= CALC:DDEMod:MARK1:MODE POS
[2020/07/29 00:24:28.060029][I][writeEx] E6640A <= CALC:DDEMod:MARK1:TRAC 2
[2020/07/29 00:24:28.062036][I][writeEx] E6640A <= CALC:DDEMod:MARK1:FUNC BPOW
[2020/07/29 00:24:28.067093][I][writeEx] E6640A <= CALC:DDEMod:MARK1:FUNC:BPOW:CTYP MEAN
[2020/07/29 00:24:28.070395][I][writeEx] E6640A <= CALC:DDEMod:MARK1:FUNC:BAND:CENT 2425000000.000000
[2020/07/29 00:24:28.375206][I][queryEx] E6640A <= *OPC?
[2020/07/29 00:24:28.386220][I][queryEx] E6640A => 1
[2020/07/29 00:24:28.390190][I][queryEx] E6640A <= CALC:DDEMod:MARK1:FUNC:BAND:CENT?
[2020/07/29 00:24:28.395629][I][queryEx] E6640A => 2.425000000E+09
[2020/07/29 00:24:28.399935][I][writeEx] E6640A <= CALC:DDEMod:MARK1:FUNC:BAND:SPAN 10000000.000000
[2020/07/29 00:24:28.704705][I][queryEx] E6640A <= *OPC?
[2020/07/29 00:24:28.714754][I][queryEx] E6640A => 1
[2020/07/29 00:24:28.719117][I][set_Trigger_Video] Set trigger video
[2020/07/29 00:24:28.722128][I][writeEx] E6640A <= TRIG:DDEM:SOUR VID
[2020/07/29 00:24:29.027071][I][queryEx] E6640A <= *OPC?
[2020/07/29 00:24:29.045303][I][queryEx] E6640A => 1
[2020/07/29 00:24:29.055336][I][set_Trigger_Level] Set trigger level
[2020/07/29 00:24:29.062356][I][writeEx] E6640A <= :TRIGger:VIDeo:LEVel 30.000000 mV
[2020/07/29 00:24:29.067368][I][set_Trigger_Delay] Set trigger delay
[2020/07/29 00:24:29.072381][I][writeEx] E6640A <= :TRIGger:VIDeo:DELay:STATe ON
[2020/07/29 00:24:29.076391][I][queryEx] E6640A <= :TRIGger:VIDeo:DELay:STATe?
[2020/07/29 00:24:29.133360][I][queryEx] E6640A => 1
[2020/07/29 00:24:29.138966][I][writeEx] E6640A <= :TRIGger:VIDeo:DELay:STATe ON
[2020/07/29 00:24:29.141976][I][writeEx] E6640A <= :TRIGger:VIDeo:DELay 0.300000 ms
[2020/07/29 00:24:29.146992][I][init_Trigger_Reg] Initial trigger status register
[2020/07/29 00:24:29.151608][I][writeEx] E6640A <= *CLS
[2020/07/29 00:24:29.155662][I][writeEx] E6640A <= :STATus:PRESet
[2020/07/29 00:24:29.159631][I][writeEx] E6640A <= *SRE 192
[2020/07/29 00:24:29.163045][I][writeEx] E6640A <= :STATus:OPERation:ENABle 32
[2020/07/29 00:24:29.167057][I][writeEx] E6640A <= *CLS
[2020/07/29 00:24:29.170820][I][queryEx] E6640A <= *STB?
[2020/07/29 00:24:29.213048][I][queryEx] E6640A => 0
[2020/07/29 00:24:29.217099][I][init_Trigger_Reg] Status: 0
[2020/07/29 00:24:38.160665][I][chk_Tx_Result] Check Tx result
[2020/07/29 00:24:38.168002][I][get_Trigger_Status] Get trigger status
[2020/07/29 00:24:38.171011][I][queryEx] E6640A <= *STB?
[2020/07/29 00:24:38.177879][I][queryEx] E6640A => 192
[2020/07/29 00:24:38.180889][I][get_Trigger_Status] Status: 192
[2020/07/29 00:24:38.184900]Is triggered!
[2020/07/29 00:24:38.187908][I][writeEx] E6640A <= *CLS
[2020/07/29 00:24:38.193883][I][set_Continue] Set continue
[2020/07/29 00:24:38.196893][I][writeEx] E6640A <= :INIT:CONT ON
[2020/07/29 00:24:38.301469][I][set_Single] Set single
[2020/07/29 00:24:38.309170][I][writeEx] E6640A <= :INIT:CONT OFF
[2020/07/29 00:24:38.312181][I][set_Zigbee_TX_BandPower] Set marker function
[2020/07/29 00:24:38.316230][I][writeEx] E6640A <= CALC:DDEMod:MARK1:MODE POS
[2020/07/29 00:24:38.319241][I][writeEx] E6640A <= CALC:DDEMod:MARK1:TRAC 2
[2020/07/29 00:24:38.322206][I][writeEx] E6640A <= CALC:DDEMod:MARK1:FUNC BPOW
[2020/07/29 00:24:38.326217][I][writeEx] E6640A <= CALC:DDEMod:MARK1:FUNC:BPOW:CTYP MEAN
[2020/07/29 00:24:38.330412][I][writeEx] E6640A <= CALC:DDEMod:MARK1:FUNC:BAND:CENT 2425000000.000000
[2020/07/29 00:24:38.634846][I][queryEx] E6640A <= *OPC?
[2020/07/29 00:24:38.644261][I][queryEx] E6640A => 1
[2020/07/29 00:24:38.648275][I][queryEx] E6640A <= CALC:DDEMod:MARK1:FUNC:BAND:CENT?
[2020/07/29 00:24:38.654961][I][queryEx] E6640A => 2.425000000E+09
[2020/07/29 00:24:38.659974][I][writeEx] E6640A <= CALC:DDEMod:MARK1:FUNC:BAND:SPAN 10000000.000000
[2020/07/29 00:24:38.964507][I][queryEx] E6640A <= *OPC?
[2020/07/29 00:24:38.974525][I][queryEx] E6640A => 1
[2020/07/29 00:24:38.979035][I][get_Power] Get Tx power
[2020/07/29 00:24:38.982045][I][queryEx] E6640A <= :CALC:DDEMod:MARK1:Y?
[2020/07/29 00:24:38.989064][I][queryEx] E6640A => 2.150823798E+00
[2020/07/29 00:24:38.992820][I][chk_Tx_Result] Tx power(add loss: 8.200000) = 10.351000 dBm
[2020/07/29 00:24:38.995880][I][read_DDEMod_Array] Read measurement result
[2020/07/29 00:24:38.999893][I][queryEx] E6640A <= :READ:DDEMod?
[2020/07/29 00:24:39.260162][I][queryEx] E6640A => 1.416120911E+01,4.016175079E+01,2.900000000E+02,3.376987219E+00,1.374429893E+01,2.900000000E+02,9.91E+37,9.91E+37,9.91E+37,1.955317259E-01,-5.976140499E-01,2.130000000E+02,1.153191185E+01,3.294334793E+01,2.900000000E+02,2.090578320E+04,9.91E+37,9.91E+37,9.91E+37,9.91E+37,9.91E+37,-5.505927658E+01,9.91E+37,9.602967501E-01,-9.246720374E-02,3.737612963E-01,9.91E+37,9.91E+37,9.91E+37,9.91E+37,9.91E+37,9.91E+37,9.91E+37,9.91E+37,9.91E+37,9.91E+37,9.91E+37,9.91E+37,9.91E+37,9.91E+37,9.91E+37,9.91E+37,9.91E+37,9.91E+37,9.91E+37,9.91E+37,9.91E+37,9.91E+37,9.91E+37,9.91E+37,9.91E+37,9.91E+37,9.91E+37,9.91E+37,9.91E+37,9.91E+37,9.91E+37,9.91E+37,9.91E+37,9.91E+37,9.91E+37,9.498258005E-04,-1.489039743E-03
[2020/07/29 00:24:39.264210][I][set_Continue] Set continue
[2020/07/29 00:24:39.268186][I][writeEx] E6640A <= :INIT:CONT ON
[2020/07/29 00:24:49.772271][I][chk_Tx_Result] Check Tx result
[2020/07/29 00:24:49.778602][I][get_Trigger_Status] Get trigger status
[2020/07/29 00:24:49.781985][I][queryEx] E6640A <= *STB?
[2020/07/29 00:24:49.791445][I][queryEx] E6640A => 192
[2020/07/29 00:24:49.794455][I][get_Trigger_Status] Status: 192
[2020/07/29 00:24:49.799504]Is triggered!
[2020/07/29 00:24:49.803559][I][writeEx] E6640A <= *CLS
[2020/07/29 00:24:49.808618][I][set_Continue] Set continue
[2020/07/29 00:24:49.812610][I][writeEx] E6640A <= :INIT:CONT ON
[2020/07/29 00:24:49.917373][I][set_Single] Set single
[2020/07/29 00:24:49.931444][I][writeEx] E6640A <= :INIT:CONT OFF
[2020/07/29 00:24:49.943913][I][set_Zigbee_TX_BandPower] Set marker function
[2020/07/29 00:24:49.950976][I][writeEx] E6640A <= CALC:DDEMod:MARK1:MODE POS
[2020/07/29 00:24:49.955992][I][writeEx] E6640A <= CALC:DDEMod:MARK1:TRAC 2
[2020/07/29 00:24:49.961004][I][writeEx] E6640A <= CALC:DDEMod:MARK1:FUNC BPOW
[2020/07/29 00:24:49.966020][I][writeEx] E6640A <= CALC:DDEMod:MARK1:FUNC:BPOW:CTYP MEAN
[2020/07/29 00:24:49.970831][I][writeEx] E6640A <= CALC:DDEMod:MARK1:FUNC:BAND:CENT 2425000000.000000
[2020/07/29 00:24:50.274956][I][queryEx] E6640A <= *OPC?
[2020/07/29 00:24:50.284351][I][queryEx] E6640A => 1
[2020/07/29 00:24:50.288363][I][queryEx] E6640A <= CALC:DDEMod:MARK1:FUNC:BAND:CENT?
[2020/07/29 00:24:50.296039][I][queryEx] E6640A => 2.425000000E+09
[2020/07/29 00:24:50.303057][I][writeEx] E6640A <= CALC:DDEMod:MARK1:FUNC:BAND:SPAN 10000000.000000
[2020/07/29 00:24:50.609041][I][queryEx] E6640A <= *OPC?
[2020/07/29 00:24:50.618178][I][queryEx] E6640A => 1
[2020/07/29 00:24:50.622967][I][get_Power] Get Tx power
[2020/07/29 00:24:50.625976][I][queryEx] E6640A <= :CALC:DDEMod:MARK1:Y?
[2020/07/29 00:24:50.633250][I][queryEx] E6640A => 8.861493864E-01
[2020/07/29 00:24:50.637589][I][chk_Tx_Result] Tx power(add loss: 8.200000) = 9.086000 dBm
[2020/07/29 00:24:50.641605][I][read_DDEMod_Array] Read measurement result
[2020/07/29 00:24:50.646100][I][queryEx] E6640A <= :READ:DDEMod?
[2020/07/29 00:24:50.898889][I][queryEx] E6640A => 1.592460251E+01,4.834524918E+01,4.210000000E+02,4.290027618E+00,2.330859756E+01,4.220000000E+02,9.91E+37,9.91E+37,9.91E+37,6.280759573E-01,-1.168489456E+00,3.730000000E+02,1.297084808E+01,-4.013966370E+01,4.220000000E+02,2.073991406E+04,9.91E+37,9.91E+37,9.91E+37,9.91E+37,9.91E+37,-4.127338791E+01,9.91E+37,9.498477578E-01,1.236766204E-01,5.152133107E-01,9.91E+37,9.91E+37,9.91E+37,9.91E+37,9.91E+37,9.91E+37,9.91E+37,9.91E+37,9.91E+37,9.91E+37,9.91E+37,9.91E+37,9.91E+37,9.91E+37,9.91E+37,9.91E+37,9.91E+37,9.91E+37,9.91E+37,9.91E+37,9.91E+37,9.91E+37,9.91E+37,9.91E+37,9.91E+37,9.91E+37,9.91E+37,9.91E+37,9.91E+37,9.91E+37,9.91E+37,9.91E+37,9.91E+37,9.91E+37,9.91E+37,5.607520230E-03,-6.568282843E-03
[2020/07/29 00:24:50.914941][I][set_Continue] Set continue
[2020/07/29 00:24:50.924870][I][writeEx] E6640A <= :INIT:CONT ON
[2020/07/29 00:24:52.422121][I][set_Preset] System reset
[2020/07/29 00:24:52.426134][I][writeEx] E6640A <= *RST
[2020/07/29 00:24:52.430881][I][writeEx] E6640A <= *CLS
[2020/07/29 00:24:52.433891][I][writeEx] E6640A <= SYST:PRES
[2020/07/29 00:24:52.739998][I][queryEx] E6640A <= *OPC?
[2020/07/29 00:24:53.610389][I][queryEx] E6640A => 1
[2020/07/29 00:24:53.627498][I][set_Tx_Start] Set Tx start
[2020/07/29 00:24:53.630965][I][set_RFI_Port] Set input port
[2020/07/29 00:24:53.634978][I][writeEx] E6640A <= :FEED:RF:PORT:INPut RFIO1
[2020/07/29 00:24:53.639191][I][queryEx] E6640A <= :FEED:RF:PORT:INPut?
[2020/07/29 00:24:53.645145][I][queryEx] E6640A => RFIO1
[2020/07/29 00:24:53.649010][I][set_Modulation_Analysis] Set measurement function
[2020/07/29 00:24:53.653023][I][writeEx] E6640A <= INST:SEL VSA
[2020/07/29 00:24:53.960002][I][queryEx] E6640A <= *OPC?
[2020/07/29 00:24:53.969186][I][queryEx] E6640A => 1
[2020/07/29 00:24:53.974261][I][queryEx] E6640A <= INST:SEL?
[2020/07/29 00:24:53.980677][I][queryEx] E6640A => VSA
[2020/07/29 00:24:53.985525][I][writeEx] E6640A <= :CONFigure:DDEMod
[2020/07/29 00:24:54.290044][I][queryEx] E6640A <= *OPC?
[2020/07/29 00:24:54.459414][I][queryEx] E6640A => 1
[2020/07/29 00:24:54.465974][I][init_Zigbee_Mode] Initial Zigbee mode
[2020/07/29 00:24:54.469988][I][writeEx] E6640A <= :DDEM:STAN:PRES ZIGBEE2450
[2020/07/29 00:24:54.780337][I][queryEx] E6640A <= *OPC?
[2020/07/29 00:24:54.791137][I][queryEx] E6640A => 1
[2020/07/29 00:24:54.795166][I][set_Continue] Set continue
[2020/07/29 00:24:54.799162][I][writeEx] E6640A <= :INIT:CONT ON
[2020/07/29 00:24:54.804174][I][set_Freq] Set frequence
[2020/07/29 00:24:54.809236][I][writeEx] E6640A <= :FREQuency:CENTer 2455.0 MHz
[2020/07/29 00:24:54.813458][I][set_XScale_Span] Set frequence span
[2020/07/29 00:24:54.816467][I][writeEx] E6640A <= :FREQuency:SPAN 10000.000000 KHZ
[2020/07/29 00:24:54.822094][I][set_Power_Range] Get power range
[2020/07/29 00:24:54.825103][I][writeEx] E6640A <= :POW:RANG 20.000000
[2020/07/29 00:24:54.830159][I][set_Symbol_Rate] Get symbol rate
[2020/07/29 00:24:54.835051][I][writeEx] E6640A <= :DDEMod:SRATe 1000.000000 kHz
[2020/07/29 00:24:54.838060][I][set_Meas_Interval] Get meas interval
[2020/07/29 00:24:54.842079][I][writeEx] E6640A <= :DDEMod:SWEep:POINts 500
[2020/07/29 00:24:54.846081][I][set_Zigbee_TX_BandPower] Set marker function
[2020/07/29 00:24:54.851153][I][writeEx] E6640A <= CALC:DDEMod:MARK1:MODE POS
[2020/07/29 00:24:54.855296][I][writeEx] E6640A <= CALC:DDEMod:MARK1:TRAC 2
[2020/07/29 00:24:54.858305][I][writeEx] E6640A <= CALC:DDEMod:MARK1:FUNC BPOW
[2020/07/29 00:24:54.863320][I][writeEx] E6640A <= CALC:DDEMod:MARK1:FUNC:BPOW:CTYP MEAN
[2020/07/29 00:24:54.866326][I][writeEx] E6640A <= CALC:DDEMod:MARK1:FUNC:BAND:CENT 2455000000.000000
[2020/07/29 00:24:55.171665][I][queryEx] E6640A <= *OPC?
[2020/07/29 00:24:55.183311][I][queryEx] E6640A => 1
[2020/07/29 00:24:55.186320][I][queryEx] E6640A <= CALC:DDEMod:MARK1:FUNC:BAND:CENT?
[2020/07/29 00:24:55.193340][I][queryEx] E6640A => 2.455000000E+09
[2020/07/29 00:24:55.197350][I][writeEx] E6640A <= CALC:DDEMod:MARK1:FUNC:BAND:SPAN 10000000.000000
[2020/07/29 00:24:55.502168][I][queryEx] E6640A <= *OPC?
[2020/07/29 00:24:55.511364][I][queryEx] E6640A => 1
[2020/07/29 00:24:55.516383][I][set_Trigger_Video] Set trigger video
[2020/07/29 00:24:55.520313][I][writeEx] E6640A <= TRIG:DDEM:SOUR VID
[2020/07/29 00:24:55.825416][I][queryEx] E6640A <= *OPC?
[2020/07/29 00:24:55.838383][I][queryEx] E6640A => 1
[2020/07/29 00:24:55.848454][I][set_Trigger_Level] Set trigger level
[2020/07/29 00:24:55.855433][I][writeEx] E6640A <= :TRIGger:VIDeo:LEVel 30.000000 mV
[2020/07/29 00:24:55.861414][I][set_Trigger_Delay] Set trigger delay
[2020/07/29 00:24:55.866466][I][writeEx] E6640A <= :TRIGger:VIDeo:DELay:STATe ON
[2020/07/29 00:24:55.871454][I][queryEx] E6640A <= :TRIGger:VIDeo:DELay:STATe?
[2020/07/29 00:24:55.933316][I][queryEx] E6640A => 1
[2020/07/29 00:24:55.939499][I][writeEx] E6640A <= :TRIGger:VIDeo:DELay:STATe ON
[2020/07/29 00:24:55.945545][I][writeEx] E6640A <= :TRIGger:VIDeo:DELay 0.300000 ms
[2020/07/29 00:24:55.950909][I][init_Trigger_Reg] Initial trigger status register
[2020/07/29 00:24:55.955926][I][writeEx] E6640A <= *CLS
[2020/07/29 00:24:55.959489][I][writeEx] E6640A <= :STATus:PRESet
[2020/07/29 00:24:55.963515][I][writeEx] E6640A <= *SRE 192
[2020/07/29 00:24:55.967521][I][writeEx] E6640A <= :STATus:OPERation:ENABle 32
[2020/07/29 00:24:55.971523][I][writeEx] E6640A <= *CLS
[2020/07/29 00:24:55.976537][I][queryEx] E6640A <= *STB?
[2020/07/29 00:24:56.017212][I][queryEx] E6640A => 0
[2020/07/29 00:24:56.022231][I][init_Trigger_Reg] Status: 0
[2020/07/29 00:25:05.140814][I][chk_Tx_Result] Check Tx result
[2020/07/29 00:25:05.146885][I][get_Trigger_Status] Get trigger status
[2020/07/29 00:25:05.150887][I][queryEx] E6640A <= *STB?
[2020/07/29 00:25:05.158966][I][queryEx] E6640A => 192
[2020/07/29 00:25:05.162978][I][get_Trigger_Status] Status: 192
[2020/07/29 00:25:05.166989]Is triggered!
[2020/07/29 00:25:05.171000][I][writeEx] E6640A <= *CLS
[2020/07/29 00:25:05.175932][I][set_Continue] Set continue
[2020/07/29 00:25:05.179655][I][writeEx] E6640A <= :INIT:CONT ON
[2020/07/29 00:25:05.285332][I][set_Single] Set single
[2020/07/29 00:25:05.297931][I][writeEx] E6640A <= :INIT:CONT OFF
[2020/07/29 00:25:05.302954][I][set_Zigbee_TX_BandPower] Set marker function
[2020/07/29 00:25:05.307996][I][writeEx] E6640A <= CALC:DDEMod:MARK1:MODE POS
[2020/07/29 00:25:05.312001][I][writeEx] E6640A <= CALC:DDEMod:MARK1:TRAC 2
[2020/07/29 00:25:05.316986][I][writeEx] E6640A <= CALC:DDEMod:MARK1:FUNC BPOW
[2020/07/29 00:25:05.322032][I][writeEx] E6640A <= CALC:DDEMod:MARK1:FUNC:BPOW:CTYP MEAN
[2020/07/29 00:25:05.326008][I][writeEx] E6640A <= CALC:DDEMod:MARK1:FUNC:BAND:CENT 2455000000.000000
[2020/07/29 00:25:05.631899][I][queryEx] E6640A <= *OPC?
[2020/07/29 00:25:05.641933][I][queryEx] E6640A => 1
[2020/07/29 00:25:05.646945][I][queryEx] E6640A <= CALC:DDEMod:MARK1:FUNC:BAND:CENT?
[2020/07/29 00:25:05.654971][I][queryEx] E6640A => 2.455000000E+09
[2020/07/29 00:25:05.659169][I][writeEx] E6640A <= CALC:DDEMod:MARK1:FUNC:BAND:SPAN 10000000.000000
[2020/07/29 00:25:05.964906][I][queryEx] E6640A <= *OPC?
[2020/07/29 00:25:05.976198][I][queryEx] E6640A => 1
[2020/07/29 00:25:05.980214][I][get_Power] Get Tx power
[2020/07/29 00:25:05.984225][I][queryEx] E6640A <= :CALC:DDEMod:MARK1:Y?
[2020/07/29 00:25:05.991627][I][queryEx] E6640A => 1.879645886E+00
[2020/07/29 00:25:05.996674][I][chk_Tx_Result] Tx power(add loss: 8.900000) = 10.780000 dBm
[2020/07/29 00:25:06.001374][I][read_DDEMod_Array] Read measurement result
[2020/07/29 00:25:06.004384][I][queryEx] E6640A <= :READ:DDEMod?
[2020/07/29 00:25:06.153954][I][queryEx] E6640A => 1.388768673E+01,4.120991898E+01,2.570000000E+02,3.234111547E+00,1.435061359E+01,2.570000000E+02,9.91E+37,9.91E+37,9.91E+37,3.350276053E-01,-8.431494236E-01,2.930000000E+02,1.130348682E+01,3.379251862E+01,2.570000000E+02,2.092033594E+04,9.91E+37,9.91E+37,9.91E+37,9.91E+37,9.91E+37,-4.781567383E+01,9.91E+37,9.617908001E-01,-5.756710842E-02,3.495674133E-01,9.91E+37,9.91E+37,9.91E+37,9.91E+37,9.91E+37,9.91E+37,9.91E+37,9.91E+37,9.91E+37,9.91E+37,9.91E+37,9.91E+37,9.91E+37,9.91E+37,9.91E+37,9.91E+37,9.91E+37,9.91E+37,9.91E+37,9.91E+37,9.91E+37,9.91E+37,9.91E+37,9.91E+37,9.91E+37,9.91E+37,9.91E+37,9.91E+37,9.91E+37,9.91E+37,9.91E+37,9.91E+37,9.91E+37,9.91E+37,9.91E+37,2.285789698E-03,-3.363218857E-03
[2020/07/29 00:25:06.163006][I][set_Continue] Set continue
[2020/07/29 00:25:06.167986][I][writeEx] E6640A <= :INIT:CONT ON
[2020/07/29 00:25:16.621354][I][chk_Tx_Result] Check Tx result
[2020/07/29 00:25:16.629419][I][get_Trigger_Status] Get trigger status
[2020/07/29 00:25:16.634575][I][queryEx] E6640A <= *STB?
[2020/07/29 00:25:16.640638][I][queryEx] E6640A => 192
[2020/07/29 00:25:16.645652][I][get_Trigger_Status] Status: 192
[2020/07/29 00:25:16.648662]Is triggered!
[2020/07/29 00:25:16.653719][I][writeEx] E6640A <= *CLS
[2020/07/29 00:25:16.658809][I][set_Continue] Set continue
[2020/07/29 00:25:16.661818][I][writeEx] E6640A <= :INIT:CONT ON
[2020/07/29 00:25:16.768603][I][set_Single] Set single
[2020/07/29 00:25:16.784638][I][writeEx] E6640A <= :INIT:CONT OFF
[2020/07/29 00:25:16.795699][I][set_Zigbee_TX_BandPower] Set marker function
[2020/07/29 00:25:16.803249][I][writeEx] E6640A <= CALC:DDEMod:MARK1:MODE POS
[2020/07/29 00:25:16.809269][I][writeEx] E6640A <= CALC:DDEMod:MARK1:TRAC 2
[2020/07/29 00:25:16.815528][I][writeEx] E6640A <= CALC:DDEMod:MARK1:FUNC BPOW
[2020/07/29 00:25:16.822589][I][writeEx] E6640A <= CALC:DDEMod:MARK1:FUNC:BPOW:CTYP MEAN
[2020/07/29 00:25:16.826559][I][writeEx] E6640A <= CALC:DDEMod:MARK1:FUNC:BAND:CENT 2455000000.000000
[2020/07/29 00:25:17.132029][I][queryEx] E6640A <= *OPC?
[2020/07/29 00:25:17.143069][I][queryEx] E6640A => 1
[2020/07/29 00:25:17.148576][I][queryEx] E6640A <= CALC:DDEMod:MARK1:FUNC:BAND:CENT?
[2020/07/29 00:25:17.155046][I][queryEx] E6640A => 2.455000000E+09
[2020/07/29 00:25:17.160068][I][writeEx] E6640A <= CALC:DDEMod:MARK1:FUNC:BAND:SPAN 10000000.000000
[2020/07/29 00:25:17.466985][I][queryEx] E6640A <= *OPC?
[2020/07/29 00:25:17.478476][I][queryEx] E6640A => 1
[2020/07/29 00:25:17.483487][I][get_Power] Get Tx power
[2020/07/29 00:25:17.487499][I][queryEx] E6640A <= :CALC:DDEMod:MARK1:Y?
[2020/07/29 00:25:17.494690][I][queryEx] E6640A => 2.252031621E-02
[2020/07/29 00:25:17.497700][I][chk_Tx_Result] Tx power(add loss: 8.900000) = 8.923000 dBm
[2020/07/29 00:25:17.503495][I][read_DDEMod_Array] Read measurement result
[2020/07/29 00:25:17.506504][I][queryEx] E6640A <= :READ:DDEMod?
[2020/07/29 00:25:17.651904][I][queryEx] E6640A => 1.536633968E+01,4.503658295E+01,3.300000000E+01,4.068530560E+00,1.806605339E+01,2.210000000E+02,9.91E+37,9.91E+37,9.91E+37,7.408706546E-01,-1.709204912E+00,1.270000000E+02,1.250832081E+01,-3.696746445E+01,3.300000000E+01,2.084470898E+04,9.91E+37,9.91E+37,9.91E+37,9.91E+37,9.91E+37,-4.578305817E+01,9.91E+37,9.533063769E-01,1.014817730E-01,3.795023263E-01,9.91E+37,9.91E+37,9.91E+37,9.91E+37,9.91E+37,9.91E+37,9.91E+37,9.91E+37,9.91E+37,9.91E+37,9.91E+37,9.91E+37,9.91E+37,9.91E+37,9.91E+37,9.91E+37,9.91E+37,9.91E+37,9.91E+37,9.91E+37,9.91E+37,9.91E+37,9.91E+37,9.91E+37,9.91E+37,9.91E+37,9.91E+37,9.91E+37,9.91E+37,9.91E+37,9.91E+37,9.91E+37,9.91E+37,9.91E+37,9.91E+37,-3.776650177E-03,3.484594636E-03
[2020/07/29 00:25:17.667899][I][set_Continue] Set continue
[2020/07/29 00:25:17.676923][I][writeEx] E6640A <= :INIT:CONT ON
[2020/07/29 00:25:19.153621][I][set_Preset] System reset
[2020/07/29 00:25:19.157647][I][writeEx] E6640A <= *RST
[2020/07/29 00:25:19.163375][I][writeEx] E6640A <= *CLS
[2020/07/29 00:25:19.167418][I][writeEx] E6640A <= SYST:PRES
[2020/07/29 00:25:19.472702][I][queryEx] E6640A <= *OPC?
[2020/07/29 00:25:20.325913][I][queryEx] E6640A => 1
[2020/07/29 00:25:20.340334][I][set_Tx_Start] Set Tx start
[2020/07/29 00:25:20.344346][I][set_RFI_Port] Set input port
[2020/07/29 00:25:20.350394][I][writeEx] E6640A <= :FEED:RF:PORT:INPut RFIO1
[2020/07/29 00:25:20.354387][I][queryEx] E6640A <= :FEED:RF:PORT:INPut?
[2020/07/29 00:25:20.362290][I][queryEx] E6640A => RFIO1
[2020/07/29 00:25:20.366341][I][set_Modulation_Analysis] Set measurement function
[2020/07/29 00:25:20.371311][I][writeEx] E6640A <= INST:SEL VSA
[2020/07/29 00:25:20.676628][I][queryEx] E6640A <= *OPC?
[2020/07/29 00:25:20.687247][I][queryEx] E6640A => 1
[2020/07/29 00:25:20.692258][I][queryEx] E6640A <= INST:SEL?
[2020/07/29 00:25:20.700318][I][queryEx] E6640A => VSA
[2020/07/29 00:25:20.704290][I][writeEx] E6640A <= :CONFigure:DDEMod
[2020/07/29 00:25:21.011619][I][queryEx] E6640A <= *OPC?
[2020/07/29 00:25:21.180977][I][queryEx] E6640A => 1
[2020/07/29 00:25:21.196982][I][init_Zigbee_Mode] Initial Zigbee mode
[2020/07/29 00:25:21.208507][I][writeEx] E6640A <= :DDEM:STAN:PRES ZIGBEE2450
[2020/07/29 00:25:21.517163][I][queryEx] E6640A <= *OPC?
[2020/07/29 00:25:21.527665][I][queryEx] E6640A => 1
[2020/07/29 00:25:21.533416][I][set_Continue] Set continue
[2020/07/29 00:25:21.536426][I][writeEx] E6640A <= :INIT:CONT ON
[2020/07/29 00:25:21.541439][I][set_Freq] Set frequence
[2020/07/29 00:25:21.545450][I][writeEx] E6640A <= :FREQuency:CENTer 2470.0 MHz
[2020/07/29 00:25:21.551228][I][set_XScale_Span] Set frequence span
[2020/07/29 00:25:21.555086][I][writeEx] E6640A <= :FREQuency:SPAN 10000.000000 KHZ
[2020/07/29 00:25:21.558095][I][set_Power_Range] Get power range
[2020/07/29 00:25:21.563109][I][writeEx] E6640A <= :POW:RANG 20.000000
[2020/07/29 00:25:21.567120][I][set_Symbol_Rate] Get symbol rate
[2020/07/29 00:25:21.572387][I][writeEx] E6640A <= :DDEMod:SRATe 1000.000000 kHz
[2020/07/29 00:25:21.575991][I][set_Meas_Interval] Get meas interval
[2020/07/29 00:25:21.581006][I][writeEx] E6640A <= :DDEMod:SWEep:POINts 500
[2020/07/29 00:25:21.585294][I][set_Zigbee_TX_BandPower] Set marker function
[2020/07/29 00:25:21.588303][I][writeEx] E6640A <= CALC:DDEMod:MARK1:MODE POS
[2020/07/29 00:25:21.593367][I][writeEx] E6640A <= CALC:DDEMod:MARK1:TRAC 2
[2020/07/29 00:25:21.597678][I][writeEx] E6640A <= CALC:DDEMod:MARK1:FUNC BPOW
[2020/07/29 00:25:21.602985][I][writeEx] E6640A <= CALC:DDEMod:MARK1:FUNC:BPOW:CTYP MEAN
[2020/07/29 00:25:21.605995][I][writeEx] E6640A <= CALC:DDEMod:MARK1:FUNC:BAND:CENT 2470000000.000000
[2020/07/29 00:25:21.912491][I][queryEx] E6640A <= *OPC?
[2020/07/29 00:25:21.924492][I][queryEx] E6640A => 1
[2020/07/29 00:25:21.929039][I][queryEx] E6640A <= CALC:DDEMod:MARK1:FUNC:BAND:CENT?
[2020/07/29 00:25:21.936203][I][queryEx] E6640A => 2.470000000E+09
[2020/07/29 00:25:21.941064][I][writeEx] E6640A <= CALC:DDEMod:MARK1:FUNC:BAND:SPAN 10000000.000000
[2020/07/29 00:25:22.247535][I][queryEx] E6640A <= *OPC?
[2020/07/29 00:25:22.259318][I][queryEx] E6640A => 1
[2020/07/29 00:25:22.263337][I][set_Trigger_Video] Set trigger video
[2020/07/29 00:25:22.268407][I][writeEx] E6640A <= TRIG:DDEM:SOUR VID
[2020/07/29 00:25:22.574918][I][queryEx] E6640A <= *OPC?
[2020/07/29 00:25:22.586163][I][queryEx] E6640A => 1
[2020/07/29 00:25:22.591385][I][set_Trigger_Level] Set trigger level
[2020/07/29 00:25:22.596402][I][writeEx] E6640A <= :TRIGger:VIDeo:LEVel 30.000000 mV
[2020/07/29 00:25:22.600411][I][set_Trigger_Delay] Set trigger delay
[2020/07/29 00:25:22.605473][I][writeEx] E6640A <= :TRIGger:VIDeo:DELay:STATe ON
[2020/07/29 00:25:22.610012][I][queryEx] E6640A <= :TRIGger:VIDeo:DELay:STATe?
[2020/07/29 00:25:22.665434][I][queryEx] E6640A => 1
[2020/07/29 00:25:22.671495][I][writeEx] E6640A <= :TRIGger:VIDeo:DELay:STATe ON
[2020/07/29 00:25:22.678586][I][writeEx] E6640A <= :TRIGger:VIDeo:DELay 0.300000 ms
[2020/07/29 00:25:22.683969][I][init_Trigger_Reg] Initial trigger status register
[2020/07/29 00:25:22.688987][I][writeEx] E6640A <= *CLS
[2020/07/29 00:25:22.694083][I][writeEx] E6640A <= :STATus:PRESet
[2020/07/29 00:25:22.699414][I][writeEx] E6640A <= *SRE 192
[2020/07/29 00:25:22.703430][I][writeEx] E6640A <= :STATus:OPERation:ENABle 32
[2020/07/29 00:25:22.709455][I][writeEx] E6640A <= *CLS
[2020/07/29 00:25:22.713912][I][queryEx] E6640A <= *STB?
[2020/07/29 00:25:22.753311][I][queryEx] E6640A => 0
[2020/07/29 00:25:22.758320][I][init_Trigger_Reg] Status: 0
[2020/07/29 00:25:31.807442][I][chk_Tx_Result] Check Tx result
[2020/07/29 00:25:31.816431][I][get_Trigger_Status] Get trigger status
[2020/07/29 00:25:31.821542][I][queryEx] E6640A <= *STB?
[2020/07/29 00:25:31.829686][I][queryEx] E6640A => 192
[2020/07/29 00:25:31.835696][I][get_Trigger_Status] Status: 192
[2020/07/29 00:25:31.840602]Is triggered!
[2020/07/29 00:25:31.844641][I][writeEx] E6640A <= *CLS
[2020/07/29 00:25:31.851662][I][set_Continue] Set continue
[2020/07/29 00:25:31.856067][I][writeEx] E6640A <= :INIT:CONT ON
[2020/07/29 00:25:31.962320][I][set_Single] Set single
[2020/07/29 00:25:31.971326][I][writeEx] E6640A <= :INIT:CONT OFF
[2020/07/29 00:25:31.975352][I][set_Zigbee_TX_BandPower] Set marker function
[2020/07/29 00:25:31.980287][I][writeEx] E6640A <= CALC:DDEMod:MARK1:MODE POS
[2020/07/29 00:25:31.984316][I][writeEx] E6640A <= CALC:DDEMod:MARK1:TRAC 2
[2020/07/29 00:25:31.989317][I][writeEx] E6640A <= CALC:DDEMod:MARK1:FUNC BPOW
[2020/07/29 00:25:31.993324][I][writeEx] E6640A <= CALC:DDEMod:MARK1:FUNC:BPOW:CTYP MEAN
[2020/07/29 00:25:31.997725][I][writeEx] E6640A <= CALC:DDEMod:MARK1:FUNC:BAND:CENT 2470000000.000000
[2020/07/29 00:25:32.303786][I][queryEx] E6640A <= *OPC?
[2020/07/29 00:25:32.314801][I][queryEx] E6640A => 1
[2020/07/29 00:25:32.319814][I][queryEx] E6640A <= CALC:DDEMod:MARK1:FUNC:BAND:CENT?
[2020/07/29 00:25:32.326799][I][queryEx] E6640A => 2.470000000E+09
[2020/07/29 00:25:32.330807][I][writeEx] E6640A <= CALC:DDEMod:MARK1:FUNC:BAND:SPAN 10000000.000000
[2020/07/29 00:25:32.639147][I][queryEx] E6640A <= *OPC?
[2020/07/29 00:25:32.648661][I][queryEx] E6640A => 1
[2020/07/29 00:25:32.653656][I][get_Power] Get Tx power
[2020/07/29 00:25:32.657708][I][queryEx] E6640A <= :CALC:DDEMod:MARK1:Y?
[2020/07/29 00:25:32.665736][I][queryEx] E6640A => 1.810460402E+00
[2020/07/29 00:25:32.669749][I][chk_Tx_Result] Tx power(add loss: 8.800000) = 10.610000 dBm
[2020/07/29 00:25:32.674807][I][read_DDEMod_Array] Read measurement result
[2020/07/29 00:25:32.678851][I][queryEx] E6640A <= :READ:DDEMod?
[2020/07/29 00:25:32.938715][I][queryEx] E6640A => 1.452651787E+01,4.991524506E+01,2.230000000E+02,3.935469627E+00,2.206725693E+01,2.230000000E+02,9.91E+37,9.91E+37,9.91E+37,2.723988295E-01,-7.002174854E-01,4.700000000E+01,1.184864616E+01,4.129681778E+01,2.230000000E+02,2.095231055E+04,9.91E+37,9.91E+37,9.91E+37,9.91E+37,9.91E+37,-5.200708008E+01,9.91E+37,9.582379460E-01,3.161415458E-02,3.653155267E-01,9.91E+37,9.91E+37,9.91E+37,9.91E+37,9.91E+37,9.91E+37,9.91E+37,9.91E+37,9.91E+37,9.91E+37,9.91E+37,9.91E+37,9.91E+37,9.91E+37,9.91E+37,9.91E+37,9.91E+37,9.91E+37,9.91E+37,9.91E+37,9.91E+37,9.91E+37,9.91E+37,9.91E+37,9.91E+37,9.91E+37,9.91E+37,9.91E+37,9.91E+37,9.91E+37,9.91E+37,9.91E+37,9.91E+37,9.91E+37,9.91E+37,2.098747063E-03,-1.376428525E-03
[2020/07/29 00:25:32.956755][I][set_Continue] Set continue
[2020/07/29 00:25:32.966737][I][writeEx] E6640A <= :INIT:CONT ON
[2020/07/29 00:25:43.522269][I][chk_Tx_Result] Check Tx result
[2020/07/29 00:25:43.540373][I][get_Trigger_Status] Get trigger status
[2020/07/29 00:25:43.549198][I][queryEx] E6640A <= *STB?
[2020/07/29 00:25:43.559440][I][queryEx] E6640A => 192
[2020/07/29 00:25:43.564455][I][get_Trigger_Status] Status: 192
[2020/07/29 00:25:43.568466]Is triggered!
[2020/07/29 00:25:43.573521][I][writeEx] E6640A <= *CLS
[2020/07/29 00:25:43.578771][I][set_Continue] Set continue
[2020/07/29 00:25:43.581780][I][writeEx] E6640A <= :INIT:CONT ON
[2020/07/29 00:25:43.689004][I][set_Single] Set single
[2020/07/29 00:25:43.705607][I][writeEx] E6640A <= :INIT:CONT OFF
[2020/07/29 00:25:43.715690][I][set_Zigbee_TX_BandPower] Set marker function
[2020/07/29 00:25:43.722390][I][writeEx] E6640A <= CALC:DDEMod:MARK1:MODE POS
[2020/07/29 00:25:43.727442][I][writeEx] E6640A <= CALC:DDEMod:MARK1:TRAC 2
[2020/07/29 00:25:43.733423][I][writeEx] E6640A <= CALC:DDEMod:MARK1:FUNC BPOW
[2020/07/29 00:25:43.740092][I][writeEx] E6640A <= CALC:DDEMod:MARK1:FUNC:BPOW:CTYP MEAN
[2020/07/29 00:25:43.744250][I][writeEx] E6640A <= CALC:DDEMod:MARK1:FUNC:BAND:CENT 2470000000.000000
[2020/07/29 00:25:44.049676][I][queryEx] E6640A <= *OPC?
[2020/07/29 00:25:44.059295][I][queryEx] E6640A => 1
[2020/07/29 00:25:44.064866][I][queryEx] E6640A <= CALC:DDEMod:MARK1:FUNC:BAND:CENT?
[2020/07/29 00:25:44.072891][I][queryEx] E6640A => 2.470000000E+09
[2020/07/29 00:25:44.076935][I][writeEx] E6640A <= CALC:DDEMod:MARK1:FUNC:BAND:SPAN 10000000.000000
[2020/07/29 00:25:44.381902][I][queryEx] E6640A <= *OPC?
[2020/07/29 00:25:44.392591][I][queryEx] E6640A => 1
[2020/07/29 00:25:44.399603][I][get_Power] Get Tx power
[2020/07/29 00:25:44.405618][I][queryEx] E6640A <= :CALC:DDEMod:MARK1:Y?
[2020/07/29 00:25:44.413694][I][queryEx] E6640A => -2.749728314E-01
[2020/07/29 00:25:44.418508][I][chk_Tx_Result] Tx power(add loss: 8.800000) = 8.525000 dBm
[2020/07/29 00:25:44.421517][I][read_DDEMod_Array] Read measurement result
[2020/07/29 00:25:44.426530][I][queryEx] E6640A <= :READ:DDEMod?
[2020/07/29 00:25:44.577256][I][queryEx] E6640A => 1.374876690E+01,4.718875885E+01,2.550000000E+02,3.366549730E+00,1.910019493E+01,2.550000000E+02,9.91E+37,9.91E+37,9.91E+37,2.941910326E-01,7.922172546E-01,2.110000000E+02,1.119393253E+01,3.893377686E+01,2.550000000E+02,2.084187891E+04,9.91E+37,9.91E+37,9.91E+37,9.91E+37,9.91E+37,-4.914804840E+01,9.91E+37,9.625474811E-01,4.373960570E-02,-2.816218436E-01,9.91E+37,9.91E+37,9.91E+37,9.91E+37,9.91E+37,9.91E+37,9.91E+37,9.91E+37,9.91E+37,9.91E+37,9.91E+37,9.91E+37,9.91E+37,9.91E+37,9.91E+37,9.91E+37,9.91E+37,9.91E+37,9.91E+37,9.91E+37,9.91E+37,9.91E+37,9.91E+37,9.91E+37,9.91E+37,9.91E+37,9.91E+37,9.91E+37,9.91E+37,9.91E+37,9.91E+37,9.91E+37,9.91E+37,9.91E+37,9.91E+37,-1.365828095E-03,-3.209647490E-03
[2020/07/29 00:25:44.594313][I][set_Continue] Set continue
[2020/07/29 00:25:44.604339][I][writeEx] E6640A <= :INIT:CONT ON
[2020/07/29 00:25:46.090969][I][set_Preset] System reset
[2020/07/29 00:25:46.094983][I][writeEx] E6640A <= *RST
[2020/07/29 00:25:46.100343][I][writeEx] E6640A <= *CLS
[2020/07/29 00:25:46.105401][I][writeEx] E6640A <= SYST:PRES
[2020/07/29 00:25:46.411682][I][queryEx] E6640A <= *OPC?
[2020/07/29 00:25:47.274834][I][queryEx] E6640A => 1
[2020/07/29 00:25:47.294423][I][set_Rx_OneTone] Set Rx one tone
[2020/07/29 00:25:47.299452][I][set_RFO_Port] Set output port
[2020/07/29 00:25:47.303846][I][writeEx] E6640A <= :FEED:RF:PORT:OUTPut RFIO1
[2020/07/29 00:25:47.308864][I][queryEx] E6640A <= :FEED:RF:PORT:OUTPut?
[2020/07/29 00:25:47.315580][I][queryEx] E6640A => RFIO1
[2020/07/29 00:25:47.320392][I][set_OneTone_Freq] Set One Tone frequence
[2020/07/29 00:25:47.323419][I][writeEx] E6640A <= :SOUR:FREQ 2445.0 MHz
[2020/07/29 00:25:47.327411][I][set_OneTone_Power] Set One Tone power
[2020/07/29 00:25:47.332425][I][writeEx] E6640A <= :SOURce:POWer -16.1
[2020/07/29 00:25:56.719072][I][set_OneTone_Start] Set One Tone start
[2020/07/29 00:25:56.724086][I][writeEx] E6640A <= OUTP ON
[2020/07/29 00:26:01.818893][I][set_OneTone_Stop] Set One Tone stop
[2020/07/29 00:26:01.821902][I][writeEx] E6640A <= OUTP OFF
[2020/07/29 00:26:01.834378][I][set_Rx_OneTone] Set Rx one tone
[2020/07/29 00:26:01.838389][I][set_RFO_Port] Set output port
[2020/07/29 00:26:01.842400][I][writeEx] E6640A <= :FEED:RF:PORT:OUTPut RFIO1
[2020/07/29 00:26:01.848185][I][queryEx] E6640A <= :FEED:RF:PORT:OUTPut?
[2020/07/29 00:26:01.854467][I][queryEx] E6640A => RFIO1
[2020/07/29 00:26:01.859531][I][set_OneTone_Freq] Set One Tone frequence
[2020/07/29 00:26:01.863543][I][writeEx] E6640A <= :SOUR:FREQ 2445.0 MHz
[2020/07/29 00:26:01.868591][I][set_OneTone_Power] Set One Tone power
[2020/07/29 00:26:01.872771][I][writeEx] E6640A <= :SOURce:POWer -16.1
[2020/07/29 00:26:10.448577][I][set_OneTone_Start] Set One Tone start
[2020/07/29 00:26:10.452541][I][writeEx] E6640A <= OUTP ON
[2020/07/29 00:26:15.009664][I][set_OneTone_Stop] Set One Tone stop
[2020/07/29 00:26:15.013592][I][writeEx] E6640A <= OUTP OFF
[2020/07/29 00:26:15.408409][I][disconnect_E6640A] Disconnect E6640A
[2020/07/29 00:26:15.414171]========== End ==========
