[2020/07/29 01:25:58.653019]========== Start ==========
[2020/07/29 01:25:58.654963][I][class_E6640A_LTE] Initial class_E6640A_LTE
[2020/07/29 01:25:58.655967][I][class_E6640A_LTE] Version: 3.0.0.3
[2020/07/29 01:25:58.659985][I][connect_E6640A] Connect to E6640A
[2020/07/29 01:25:58.670199][I][connect_E6640A] Resource Manager of Visa Library at C:\Windows\system32\visa32.dll
[2020/07/29 01:25:58.719470][I][queryEx] E6640A <= *IDN?
[2020/07/29 01:25:58.724581][I][queryEx] E6640A => Keysight Technologies,E6640A,MY57150246,E.19.71
[2020/07/29 01:25:58.727459][I][set_Preset] System reset
[2020/07/29 01:25:58.729468][I][writeEx] E6640A <= *RST
[2020/07/29 01:25:58.731476][I][writeEx] E6640A <= *CLS
[2020/07/29 01:25:58.733675][I][writeEx] E6640A <= SYST:PRES
[2020/07/29 01:25:59.036910][I][queryEx] E6640A <= *OPC?
[2020/07/29 01:25:59.752877][I][queryEx] E6640A => 1
[2020/07/29 01:25:59.760851][I][set_Preset] System reset
[2020/07/29 01:25:59.762882][I][writeEx] E6640A <= *RST
[2020/07/29 01:25:59.765625][I][writeEx] E6640A <= *CLS
[2020/07/29 01:25:59.767633][I][writeEx] E6640A <= SYST:PRES
[2020/07/29 01:26:00.070506][I][queryEx] E6640A <= *OPC?
[2020/07/29 01:26:00.757101][I][queryEx] E6640A => 1
[2020/07/29 01:26:01.035030][I][set_Preset] System reset
[2020/07/29 01:26:01.037051][I][writeEx] E6640A <= *RST
[2020/07/29 01:26:01.039040][I][writeEx] E6640A <= *CLS
[2020/07/29 01:26:01.042290][I][writeEx] E6640A <= SYST:PRES
[2020/07/29 01:26:01.345619][I][queryEx] E6640A <= *OPC?
[2020/07/29 01:26:02.040172][I][queryEx] E6640A => 1
[2020/07/29 01:26:02.052150][I][set_Tx_Start] Set Tx start
[2020/07/29 01:26:02.055245][I][set_RFI_Port] Set input port
[2020/07/29 01:26:02.057252][I][writeEx] E6640A <= :FEED:RF:PORT:INPut RFIO1
[2020/07/29 01:26:02.059279][I][queryEx] E6640A <= :FEED:RF:PORT:INPut?
[2020/07/29 01:26:02.066139][I][queryEx] E6640A => RFIO1
[2020/07/29 01:26:02.068913][I][set_Modulation_Analysis] Set measurement function
[2020/07/29 01:26:02.071288][I][writeEx] E6640A <= INST:SEL LTEAFDD
[2020/07/29 01:26:02.375241][I][queryEx] E6640A <= *OPC?
[2020/07/29 01:26:02.385636][I][queryEx] E6640A => 1
[2020/07/29 01:26:02.388577][I][queryEx] E6640A <= INST:SEL?
[2020/07/29 01:26:02.393632][I][queryEx] E6640A => LTEAFDD
[2020/07/29 01:26:02.396600][I][writeEx] E6640A <= DISP:CHP:VIEW:WIND:TRAC:Y:COUP OFF
[2020/07/29 01:26:02.398605][I][set_Freq] Set frequence
[2020/07/29 01:26:02.401650][I][writeEx] E6640A <= :FREQuency:CENTer 897.4 MHz
[2020/07/29 01:26:02.404623][I][set_Continue] Set continue
[2020/07/29 01:26:02.410190][I][writeEx] E6640A <= :INIT:CONT ON
[2020/07/29 01:26:02.413151][I][set_Trigger_Free_Run] Set trigger free run
[2020/07/29 01:26:02.416177][I][writeEx] E6640A <= TRIG:CHP:SOUR IMM
[2020/07/29 01:26:02.719743][I][queryEx] E6640A <= *OPC?
[2020/07/29 01:26:02.729118][I][queryEx] E6640A => 1
[2020/07/29 01:26:07.335048][I][chk_Tx_Result] Check Tx result
[2020/07/29 01:26:07.340714][I][set_Limit_Range] Set reference value
[2020/07/29 01:26:07.342720][I][writeEx] E6640A <= DISP:CHP:VIEW:WIND:TRAC:Y:RLEV 30.0 dBm
[2020/07/29 01:26:07.648094][I][queryEx] E6640A <= *OPC?
[2020/07/29 01:26:07.662747][I][queryEx] E6640A => 1
[2020/07/29 01:26:07.672718][I][set_Limit_Range] Set power range
[2020/07/29 01:26:07.677731][I][writeEx] E6640A <= :POW:RANG 30.0 dBm
[2020/07/29 01:26:07.982640][I][queryEx] E6640A <= *OPC?
[2020/07/29 01:26:07.996630][I][queryEx] E6640A => 1
[2020/07/29 01:26:08.007613][I][set_Trigger_Video] Set trigger video
[2020/07/29 01:26:08.013625][I][writeEx] E6640A <= TRIG:CHP:SOUR IF
[2020/07/29 01:26:08.318763][I][queryEx] E6640A <= *OPC?
[2020/07/29 01:26:08.327817][I][queryEx] E6640A => 1
[2020/07/29 01:26:08.432230][I][set_Trigger_Free_Run] Set trigger free run
[2020/07/29 01:26:08.443269][I][writeEx] E6640A <= TRIG:CHP:SOUR IMM
[2020/07/29 01:26:08.751603][I][queryEx] E6640A <= *OPC?
[2020/07/29 01:26:08.766643][I][queryEx] E6640A => 1
[2020/07/29 01:26:08.776667][I][get_Power] Get Tx power
[2020/07/29 01:26:08.782118][I][queryEx] E6640A <= :FETCh:CHPower:CHPower?
[2020/07/29 01:26:08.794038][I][queryEx] E6640A => 1.402524662E+01
[2020/07/29 01:26:08.798316][I][chk_Tx_Result] Tx power(add loss: 8.500000) = 22.525000 dBm
[2020/07/29 01:26:08.801399][I][set_Continue] Set continue
[2020/07/29 01:26:08.804451][I][writeEx] E6640A <= :INIT:CONT ON
[2020/07/29 01:26:10.764098][I][set_Preset] System reset
[2020/07/29 01:26:10.767108][I][writeEx] E6640A <= *RST
[2020/07/29 01:26:10.771118][I][writeEx] E6640A <= *CLS
[2020/07/29 01:26:10.774150][I][writeEx] E6640A <= SYST:PRES
[2020/07/29 01:26:11.079748][I][queryEx] E6640A <= *OPC?
[2020/07/29 01:26:11.589962][I][queryEx] E6640A => 1
[2020/07/29 01:26:11.602136][I][set_Tx_Start] Set Tx start
[2020/07/29 01:26:11.606146][I][set_RFI_Port] Set input port
[2020/07/29 01:26:11.609190][I][writeEx] E6640A <= :FEED:RF:PORT:INPut RFIO1
[2020/07/29 01:26:11.615169][I][queryEx] E6640A <= :FEED:RF:PORT:INPut?
[2020/07/29 01:26:11.622284][I][queryEx] E6640A => RFIO1
[2020/07/29 01:26:11.626297][I][set_Modulation_Analysis] Set measurement function
[2020/07/29 01:26:11.630811][I][writeEx] E6640A <= INST:SEL LTEAFDD
[2020/07/29 01:26:11.936177][I][queryEx] E6640A <= *OPC?
[2020/07/29 01:26:11.945601][I][queryEx] E6640A => 1
[2020/07/29 01:26:11.950333][I][queryEx] E6640A <= INST:SEL?
[2020/07/29 01:26:11.956396][I][queryEx] E6640A => LTEAFDD
[2020/07/29 01:26:11.960361][I][writeEx] E6640A <= DISP:CHP:VIEW:WIND:TRAC:Y:COUP OFF
[2020/07/29 01:26:11.963369][I][set_Freq] Set frequence
[2020/07/29 01:26:11.967897][I][writeEx] E6640A <= :FREQuency:CENTer 1950.0 MHz
[2020/07/29 01:26:11.970947][I][set_Continue] Set continue
[2020/07/29 01:26:11.974918][I][writeEx] E6640A <= :INIT:CONT ON
[2020/07/29 01:26:11.978924][I][set_Trigger_Free_Run] Set trigger free run
[2020/07/29 01:26:11.982533][I][writeEx] E6640A <= TRIG:CHP:SOUR IMM
[2020/07/29 01:26:12.287449][I][queryEx] E6640A <= *OPC?
[2020/07/29 01:26:12.298634][I][queryEx] E6640A => 1
[2020/07/29 01:26:16.699997][I][chk_Tx_Result] Check Tx result
[2020/07/29 01:26:16.714076][I][set_Limit_Range] Set reference value
[2020/07/29 01:26:16.721341][I][writeEx] E6640A <= DISP:CHP:VIEW:WIND:TRAC:Y:RLEV 30.0 dBm
[2020/07/29 01:26:17.025322][I][queryEx] E6640A <= *OPC?
[2020/07/29 01:26:17.031340][I][queryEx] E6640A => 1
[2020/07/29 01:26:17.035314][I][set_Limit_Range] Set power range
[2020/07/29 01:26:17.039322][I][writeEx] E6640A <= :POW:RANG 30.0 dBm
[2020/07/29 01:26:17.344654][I][queryEx] E6640A <= *OPC?
[2020/07/29 01:26:17.353857][I][queryEx] E6640A => 1
[2020/07/29 01:26:17.356867][I][set_Trigger_Video] Set trigger video
[2020/07/29 01:26:17.359877][I][writeEx] E6640A <= TRIG:CHP:SOUR IF
[2020/07/29 01:26:17.665362][I][queryEx] E6640A <= *OPC?
[2020/07/29 01:26:17.682397][I][queryEx] E6640A => 1
[2020/07/29 01:26:17.794397][I][set_Trigger_Free_Run] Set trigger free run
[2020/07/29 01:26:17.807445][I][writeEx] E6640A <= TRIG:CHP:SOUR IMM
[2020/07/29 01:26:18.115033][I][queryEx] E6640A <= *OPC?
[2020/07/29 01:26:18.123737][I][queryEx] E6640A => 1
[2020/07/29 01:26:18.128974][I][get_Power] Get Tx power
[2020/07/29 01:26:18.132987][I][queryEx] E6640A <= :FETCh:CHPower:CHPower?
[2020/07/29 01:26:18.141062][I][queryEx] E6640A => 1.188177872E+01
[2020/07/29 01:26:18.146116][I][chk_Tx_Result] Tx power(add loss: 9.200000) = 21.082000 dBm
[2020/07/29 01:26:18.149126][I][set_Continue] Set continue
[2020/07/29 01:26:18.153847][I][writeEx] E6640A <= :INIT:CONT ON
[2020/07/29 01:26:20.113457][I][set_Preset] System reset
[2020/07/29 01:26:20.116468][I][writeEx] E6640A <= *RST
[2020/07/29 01:26:20.119510][I][writeEx] E6640A <= *CLS
[2020/07/29 01:26:20.123520][I][writeEx] E6640A <= SYST:PRES
[2020/07/29 01:26:20.428372][I][queryEx] E6640A <= *OPC?
[2020/07/29 01:26:20.900771][I][queryEx] E6640A => 1
[2020/07/29 01:26:20.916032][I][set_Tx_Start] Set Tx start
[2020/07/29 01:26:20.919411][I][set_RFI_Port] Set input port
[2020/07/29 01:26:20.922457][I][writeEx] E6640A <= :FEED:RF:PORT:INPut RFIO1
[2020/07/29 01:26:20.926433][I][queryEx] E6640A <= :FEED:RF:PORT:INPut?
[2020/07/29 01:26:20.933395][I][queryEx] E6640A => RFIO1
[2020/07/29 01:26:20.937450][I][set_Modulation_Analysis] Set measurement function
[2020/07/29 01:26:20.941419][I][writeEx] E6640A <= INST:SEL LTEAFDD
[2020/07/29 01:26:21.246582][I][queryEx] E6640A <= *OPC?
[2020/07/29 01:26:21.257790][I][queryEx] E6640A => 1
[2020/07/29 01:26:21.260799][I][queryEx] E6640A <= INST:SEL?
[2020/07/29 01:26:21.267288][I][queryEx] E6640A => LTEAFDD
[2020/07/29 01:26:21.271900][I][writeEx] E6640A <= DISP:CHP:VIEW:WIND:TRAC:Y:COUP OFF
[2020/07/29 01:26:21.274909][I][set_Freq] Set frequence
[2020/07/29 01:26:21.278828][I][writeEx] E6640A <= :FREQuency:CENTer 914.8 MHz
[2020/07/29 01:26:21.281837][I][set_Continue] Set continue
[2020/07/29 01:26:21.285718][I][writeEx] E6640A <= :INIT:CONT ON
[2020/07/29 01:26:21.288727][I][set_Trigger_Free_Run] Set trigger free run
[2020/07/29 01:26:21.292687][I][writeEx] E6640A <= TRIG:CHP:SOUR IMM
[2020/07/29 01:26:21.597232][I][queryEx] E6640A <= *OPC?
[2020/07/29 01:26:21.604397][I][queryEx] E6640A => 1
[2020/07/29 01:26:24.613701][I][chk_Tx_Result] Check Tx result
[2020/07/29 01:26:24.619868][I][set_Limit_Range] Set reference value
[2020/07/29 01:26:24.624884][I][writeEx] E6640A <= DISP:CHP:VIEW:WIND:TRAC:Y:RLEV 30.0 dBm
[2020/07/29 01:26:24.934070][I][queryEx] E6640A <= *OPC?
[2020/07/29 01:26:24.945388][I][queryEx] E6640A => 1
[2020/07/29 01:26:24.949402][I][set_Limit_Range] Set power range
[2020/07/29 01:26:24.952411][I][writeEx] E6640A <= :POW:RANG 30.0 dBm
[2020/07/29 01:26:25.258693][I][queryEx] E6640A <= *OPC?
[2020/07/29 01:26:25.269455][I][queryEx] E6640A => 1
[2020/07/29 01:26:27.275479][I][set_Trigger_Video] Set trigger video
[2020/07/29 01:26:27.283506][I][writeEx] E6640A <= TRIG:CHP:SOUR IF
[2020/07/29 01:26:27.588680][I][queryEx] E6640A <= *OPC?
[2020/07/29 01:26:27.600021][I][queryEx] E6640A => 1
[2020/07/29 01:26:27.604075][I][get_Power] Get Tx power
[2020/07/29 01:26:27.608049][I][queryEx] E6640A <= :FETCh:CHPower:CHPower?
[2020/07/29 01:26:28.233430][I][queryEx] E6640A => 2.292742538E+01
[2020/07/29 01:26:28.238822][I][chk_Tx_Result] Tx power(add loss: 8.500000) = 31.427000 dBm
[2020/07/29 01:26:28.241832][I][set_Continue] Set continue
[2020/07/29 01:26:28.244840][I][writeEx] E6640A <= :INIT:CONT ON
[2020/07/29 01:26:29.974117][I][set_Preset] System reset
[2020/07/29 01:26:29.977133][I][writeEx] E6640A <= *RST
[2020/07/29 01:26:29.981311][I][writeEx] E6640A <= *CLS
[2020/07/29 01:26:29.984320][I][writeEx] E6640A <= SYST:PRES
[2020/07/29 01:26:30.289923][I][queryEx] E6640A <= *OPC?
[2020/07/29 01:26:30.815901][I][queryEx] E6640A => 1
[2020/07/29 01:26:30.843677][I][set_Rx_Waveform] Set Rx waveform
[2020/07/29 01:26:30.846686][I][set_RFO_Port] Set output port
[2020/07/29 01:26:30.849703][I][writeEx] E6640A <= :FEED:RF:PORT:OUTPut RFIO1
[2020/07/29 01:26:30.853534][I][queryEx] E6640A <= :FEED:RF:PORT:OUTPut?
[2020/07/29 01:26:30.859792][I][queryEx] E6640A => RFIO1
[2020/07/29 01:26:30.863818][I][set_OneTone_Freq] Set One Tone frequence
[2020/07/29 01:26:30.866854][I][writeEx] E6640A <= :SOUR:FREQ 959.8 MHz
[2020/07/29 01:26:30.870827][I][set_OneTone_Power] Set One Tone power
[2020/07/29 01:26:30.874187][I][writeEx] E6640A <= :SOURce:POWer -51.5
[2020/07/29 01:26:30.877247][I][loading_Waveform] Load waveform
[2020/07/29 01:26:30.881208][I][queryEx] E6640A <= :SOURce:RADio:ARB:CATalog?
[2020/07/29 01:26:30.887178][I][queryEx] E6640A => 9600,4184704,"CTX10_RFLTE_20160809.wfm"
[2020/07/29 01:26:30.891244][I][writeEx] E6640A <= :SOUR:RAD:ARB:WAV "D:\NVARB\CTX10_RFLTE_20160809.wfm"
[2020/07/29 01:26:31.196065][I][queryEx] E6640A <= *OPC?
[2020/07/29 01:26:31.214619][I][queryEx] E6640A => 1
[2020/07/29 01:26:31.225914][I][set_ARB_ON] Set ARB ON
[2020/07/29 01:26:31.232180][I][writeEx] E6640A <= :SOUR:RAD:ARB ON
[2020/07/29 01:26:31.235860][I][set_Sample_Rate] Set Sample Rate
[2020/07/29 01:26:31.238871][I][writeEx] E6640A <= SOUR:RAD:ARB:SCL:RATE 100.0 kHz
[2020/07/29 01:26:31.242880][I][set_Modulation_ON] Set ARB ON
[2020/07/29 01:26:31.246925][I][writeEx] E6640A <= :OUTP:MOD ON
[2020/07/29 01:26:31.253910][I][set_OneTone_Start] Set One Tone start
[2020/07/29 01:26:31.256923][I][writeEx] E6640A <= OUTP ON
[2020/07/29 01:26:37.637458][I][set_OneTone_Stop] Set One Tone stop
[2020/07/29 01:26:37.651449][I][writeEx] E6640A <= OUTP OFF
[2020/07/29 01:26:55.633138][I][disconnect_E6640A] Disconnect E6640A
[2020/07/29 01:26:55.636153][I][set_Preset] System reset
[2020/07/29 01:26:55.640159][I][writeEx] E6640A <= *RST
[2020/07/29 01:26:55.643166][I][writeEx] E6640A <= *CLS
[2020/07/29 01:26:55.647177][I][writeEx] E6640A <= SYST:PRES
[2020/07/29 01:26:55.952470][I][queryEx] E6640A <= *OPC?
[2020/07/29 01:26:56.456641][I][queryEx] E6640A => 1
[2020/07/29 01:26:56.462159]========== End ==========
