[2020/07/29 01:24:05.637857]========== Start ==========
[2020/07/29 01:24:05.639865][I][class_E6640A_ZIGBEE] Initial class_E6640A_ZIGBEE
[2020/07/29 01:24:05.640867][I][class_E6640A_ZIGBEE] Version: 3.0.0.2
[2020/07/29 01:24:05.646004][I][connect_E6640A] Connect to E6640A
[2020/07/29 01:24:05.655067][I][connect_E6640A] Resource Manager of Visa Library at C:\Windows\system32\visa32.dll
[2020/07/29 01:24:05.705218][I][queryEx] E6640A <= *IDN?
[2020/07/29 01:24:05.710228][I][queryEx] E6640A => Keysight Technologies,E6640A,MY57150246,E.19.71
[2020/07/29 01:24:05.713259][I][set_Preset] System reset
[2020/07/29 01:24:05.714249][I][writeEx] E6640A <= *RST
[2020/07/29 01:24:05.716254][I][writeEx] E6640A <= *CLS
[2020/07/29 01:24:05.719251][I][writeEx] E6640A <= SYST:PRES
[2020/07/29 01:24:06.022808][I][queryEx] E6640A <= *OPC?
[2020/07/29 01:24:06.536173][I][queryEx] E6640A => 1
[2020/07/29 01:24:06.543654][I][set_Preset] System reset
[2020/07/29 01:24:06.545663][I][writeEx] E6640A <= *RST
[2020/07/29 01:24:06.547667][I][writeEx] E6640A <= *CLS
[2020/07/29 01:24:06.550809][I][writeEx] E6640A <= SYST:PRES
[2020/07/29 01:24:06.853737][I][queryEx] E6640A <= *OPC?
[2020/07/29 01:24:07.384553][I][queryEx] E6640A => 1
[2020/07/29 01:24:07.658858][I][set_Preset] System reset
[2020/07/29 01:24:07.661293][I][writeEx] E6640A <= *RST
[2020/07/29 01:24:07.663337][I][writeEx] E6640A <= *CLS
[2020/07/29 01:24:07.665306][I][writeEx] E6640A <= SYST:PRES
[2020/07/29 01:24:07.970124][I][queryEx] E6640A <= *OPC?
[2020/07/29 01:24:08.488659][I][queryEx] E6640A => 1
[2020/07/29 01:24:08.517699][I][set_Tx_Start] Set Tx start
[2020/07/29 01:24:08.522297][I][set_RFI_Port] Set input port
[2020/07/29 01:24:08.525310][I][writeEx] E6640A <= :FEED:RF:PORT:INPut RFIO1
[2020/07/29 01:24:08.529363][I][queryEx] E6640A <= :FEED:RF:PORT:INPut?
[2020/07/29 01:24:08.534445][I][queryEx] E6640A => RFIO1
[2020/07/29 01:24:08.537341][I][set_Modulation_Analysis] Set measurement function
[2020/07/29 01:24:08.540357][I][writeEx] E6640A <= INST:SEL VSA
[2020/07/29 01:24:08.844071][I][queryEx] E6640A <= *OPC?
[2020/07/29 01:24:08.854608][I][queryEx] E6640A => 1
[2020/07/29 01:24:08.862660][I][queryEx] E6640A <= INST:SEL?
[2020/07/29 01:24:08.872936][I][queryEx] E6640A => VSA
[2020/07/29 01:24:08.876950][I][writeEx] E6640A <= :CONFigure:DDEMod
[2020/07/29 01:24:09.182547][I][queryEx] E6640A <= *OPC?
[2020/07/29 01:24:09.354011][I][queryEx] E6640A => 1
[2020/07/29 01:24:09.365024][I][init_Zigbee_Mode] Initial Zigbee mode
[2020/07/29 01:24:09.368033][I][writeEx] E6640A <= :DDEM:STAN:PRES ZIGBEE2450
[2020/07/29 01:24:09.671851][I][queryEx] E6640A <= *OPC?
[2020/07/29 01:24:09.680593][I][queryEx] E6640A => 1
[2020/07/29 01:24:09.683607][I][set_Continue] Set continue
[2020/07/29 01:24:09.686662][I][writeEx] E6640A <= :INIT:CONT ON
[2020/07/29 01:24:09.689623][I][set_Freq] Set frequence
[2020/07/29 01:24:09.692382][I][writeEx] E6640A <= :FREQuency:CENTer 2425.0 MHz
[2020/07/29 01:24:09.695064][I][set_XScale_Span] Set frequence span
[2020/07/29 01:24:09.697071][I][writeEx] E6640A <= :FREQuency:SPAN 10000.000000 KHZ
[2020/07/29 01:24:09.700080][I][set_Power_Range] Get power range
[2020/07/29 01:24:09.702084][I][writeEx] E6640A <= :POW:RANG 20.000000
[2020/07/29 01:24:09.705012][I][set_Symbol_Rate] Get symbol rate
[2020/07/29 01:24:09.707021][I][writeEx] E6640A <= :DDEMod:SRATe 1000.000000 kHz
[2020/07/29 01:24:09.710058][I][set_Meas_Interval] Get meas interval
[2020/07/29 01:24:09.713036][I][writeEx] E6640A <= :DDEMod:SWEep:POINts 500
[2020/07/29 01:24:09.715041][I][set_Zigbee_TX_BandPower] Set marker function
[2020/07/29 01:24:09.718065][I][writeEx] E6640A <= CALC:DDEMod:MARK1:MODE POS
[2020/07/29 01:24:09.721058][I][writeEx] E6640A <= CALC:DDEMod:MARK1:TRAC 2
[2020/07/29 01:24:09.723063][I][writeEx] E6640A <= CALC:DDEMod:MARK1:FUNC BPOW
[2020/07/29 01:24:09.726075][I][writeEx] E6640A <= CALC:DDEMod:MARK1:FUNC:BPOW:CTYP MEAN
[2020/07/29 01:24:09.729286][I][writeEx] E6640A <= CALC:DDEMod:MARK1:FUNC:BAND:CENT 2425000000.000000
[2020/07/29 01:24:10.033783][I][queryEx] E6640A <= *OPC?
[2020/07/29 01:24:10.045010][I][queryEx] E6640A => 1
[2020/07/29 01:24:10.048710][I][queryEx] E6640A <= CALC:DDEMod:MARK1:FUNC:BAND:CENT?
[2020/07/29 01:24:10.054340][I][queryEx] E6640A => 2.425000000E+09
[2020/07/29 01:24:10.057350][I][writeEx] E6640A <= CALC:DDEMod:MARK1:FUNC:BAND:SPAN 10000000.000000
[2020/07/29 01:24:10.362240][I][queryEx] E6640A <= *OPC?
[2020/07/29 01:24:10.378230][I][queryEx] E6640A => 1
[2020/07/29 01:24:10.389250][I][set_Trigger_Video] Set trigger video
[2020/07/29 01:24:10.396107][I][writeEx] E6640A <= TRIG:DDEM:SOUR VID
[2020/07/29 01:24:10.702951][I][queryEx] E6640A <= *OPC?
[2020/07/29 01:24:10.713761][I][queryEx] E6640A => 1
[2020/07/29 01:24:10.716771][I][set_Trigger_Level] Set trigger level
[2020/07/29 01:24:10.719778][I][writeEx] E6640A <= :TRIGger:VIDeo:LEVel 30.000000 mV
[2020/07/29 01:24:10.722786][I][set_Trigger_Delay] Set trigger delay
[2020/07/29 01:24:10.725794][I][writeEx] E6640A <= :TRIGger:VIDeo:DELay:STATe ON
[2020/07/29 01:24:10.729607][I][queryEx] E6640A <= :TRIGger:VIDeo:DELay:STATe?
[2020/07/29 01:24:10.795785][I][queryEx] E6640A => 1
[2020/07/29 01:24:10.801800][I][writeEx] E6640A <= :TRIGger:VIDeo:DELay:STATe ON
[2020/07/29 01:24:10.806816][I][writeEx] E6640A <= :TRIGger:VIDeo:DELay 0.300000 ms
[2020/07/29 01:24:10.812874][I][init_Trigger_Reg] Initial trigger status register
[2020/07/29 01:24:10.817845][I][writeEx] E6640A <= *CLS
[2020/07/29 01:24:10.822857][I][writeEx] E6640A <= :STATus:PRESet
[2020/07/29 01:24:10.826867][I][writeEx] E6640A <= *SRE 192
[2020/07/29 01:24:10.830879][I][writeEx] E6640A <= :STATus:OPERation:ENABle 32
[2020/07/29 01:24:10.835096][I][writeEx] E6640A <= *CLS
[2020/07/29 01:24:10.838107][I][queryEx] E6640A <= *STB?
[2020/07/29 01:24:10.879887][I][queryEx] E6640A => 0
[2020/07/29 01:24:10.883607][I][init_Trigger_Reg] Status: 0
[2020/07/29 01:24:20.031846][I][chk_Tx_Result] Check Tx result
[2020/07/29 01:24:20.037894][I][get_Trigger_Status] Get trigger status
[2020/07/29 01:24:20.040872][I][queryEx] E6640A <= *STB?
[2020/07/29 01:24:20.046435][I][queryEx] E6640A => 192
[2020/07/29 01:24:20.050455][I][get_Trigger_Status] Status: 192
[2020/07/29 01:24:20.053459]Is triggered!
[2020/07/29 01:24:20.056468][I][writeEx] E6640A <= *CLS
[2020/07/29 01:24:20.060121][I][set_Continue] Set continue
[2020/07/29 01:24:20.063132][I][writeEx] E6640A <= :INIT:CONT ON
[2020/07/29 01:24:20.167840][I][set_Single] Set single
[2020/07/29 01:24:20.174857][I][writeEx] E6640A <= :INIT:CONT OFF
[2020/07/29 01:24:20.178892][I][set_Zigbee_TX_BandPower] Set marker function
[2020/07/29 01:24:20.182071][I][writeEx] E6640A <= CALC:DDEMod:MARK1:MODE POS
[2020/07/29 01:24:20.185085][I][writeEx] E6640A <= CALC:DDEMod:MARK1:TRAC 2
[2020/07/29 01:24:20.188436][I][writeEx] E6640A <= CALC:DDEMod:MARK1:FUNC BPOW
[2020/07/29 01:24:20.191447][I][writeEx] E6640A <= CALC:DDEMod:MARK1:FUNC:BPOW:CTYP MEAN
[2020/07/29 01:24:20.194454][I][writeEx] E6640A <= CALC:DDEMod:MARK1:FUNC:BAND:CENT 2425000000.000000
[2020/07/29 01:24:20.499917][I][queryEx] E6640A <= *OPC?
[2020/07/29 01:24:20.509240][I][queryEx] E6640A => 1
[2020/07/29 01:24:20.512987][I][queryEx] E6640A <= CALC:DDEMod:MARK1:FUNC:BAND:CENT?
[2020/07/29 01:24:20.518831][I][queryEx] E6640A => 2.425000000E+09
[2020/07/29 01:24:20.521944][I][writeEx] E6640A <= CALC:DDEMod:MARK1:FUNC:BAND:SPAN 10000000.000000
[2020/07/29 01:24:20.825502][I][queryEx] E6640A <= *OPC?
[2020/07/29 01:24:20.833173][I][queryEx] E6640A => 1
[2020/07/29 01:24:20.837190][I][get_Power] Get Tx power
[2020/07/29 01:24:20.840198][I][queryEx] E6640A <= :CALC:DDEMod:MARK1:Y?
[2020/07/29 01:24:20.846468][I][queryEx] E6640A => 9.503453251E-01
[2020/07/29 01:24:20.850199][I][chk_Tx_Result] Tx power(add loss: 8.200000) = 9.150000 dBm
[2020/07/29 01:24:20.854209][I][read_DDEMod_Array] Read measurement result
[2020/07/29 01:24:20.857854][I][queryEx] E6640A <= :READ:DDEMod?
[2020/07/29 01:24:21.008283][I][queryEx] E6640A => 1.377086639E+01,3.951909256E+01,4.620000000E+02,3.373375893E+00,1.458641434E+01,2.160000000E+02,9.91E+37,9.91E+37,9.91E+37,2.828501463E-01,-7.638156414E-01,2.000000000E+01,1.122008896E+01,3.250238037E+01,2.160000000E+02,2.272365039E+04,9.91E+37,9.91E+37,9.91E+37,9.91E+37,9.91E+37,-5.144012833E+01,9.91E+37,9.624164104E-01,7.828862220E-02,3.460789323E-01,9.91E+37,9.91E+37,9.91E+37,9.91E+37,9.91E+37,9.91E+37,9.91E+37,9.91E+37,9.91E+37,9.91E+37,9.91E+37,9.91E+37,9.91E+37,9.91E+37,9.91E+37,9.91E+37,9.91E+37,9.91E+37,9.91E+37,9.91E+37,9.91E+37,9.91E+37,9.91E+37,9.91E+37,9.91E+37,9.91E+37,9.91E+37,9.91E+37,9.91E+37,9.91E+37,9.91E+37,9.91E+37,9.91E+37,9.91E+37,9.91E+37,2.589181531E-03,-6.883833557E-04
[2020/07/29 01:24:21.022315][I][set_Continue] Set continue
[2020/07/29 01:24:21.033338][I][writeEx] E6640A <= :INIT:CONT ON
[2020/07/29 01:24:22.515316][I][set_Preset] System reset
[2020/07/29 01:24:22.518361][I][writeEx] E6640A <= *RST
[2020/07/29 01:24:22.522338][I][writeEx] E6640A <= *CLS
[2020/07/29 01:24:22.525904][I][writeEx] E6640A <= SYST:PRES
[2020/07/29 01:24:22.829989][I][queryEx] E6640A <= *OPC?
[2020/07/29 01:24:23.713398][I][queryEx] E6640A => 1
[2020/07/29 01:24:23.727268][I][set_Tx_Start] Set Tx start
[2020/07/29 01:24:23.730275][I][set_RFI_Port] Set input port
[2020/07/29 01:24:23.734167][I][writeEx] E6640A <= :FEED:RF:PORT:INPut RFIO1
[2020/07/29 01:24:23.737222][I][queryEx] E6640A <= :FEED:RF:PORT:INPut?
[2020/07/29 01:24:23.743816][I][queryEx] E6640A => RFIO1
[2020/07/29 01:24:23.746833][I][set_Modulation_Analysis] Set measurement function
[2020/07/29 01:24:23.750238][I][writeEx] E6640A <= INST:SEL VSA
[2020/07/29 01:24:24.054940][I][queryEx] E6640A <= *OPC?
[2020/07/29 01:24:24.064960][I][queryEx] E6640A => 1
[2020/07/29 01:24:24.068836][I][queryEx] E6640A <= INST:SEL?
[2020/07/29 01:24:24.075858][I][queryEx] E6640A => VSA
[2020/07/29 01:24:24.079868][I][writeEx] E6640A <= :CONFigure:DDEMod
[2020/07/29 01:24:24.384515][I][queryEx] E6640A <= *OPC?
[2020/07/29 01:24:24.554876][I][queryEx] E6640A => 1
[2020/07/29 01:24:24.561332][I][init_Zigbee_Mode] Initial Zigbee mode
[2020/07/29 01:24:24.564341][I][writeEx] E6640A <= :DDEM:STAN:PRES ZIGBEE2450
[2020/07/29 01:24:24.869254][I][queryEx] E6640A <= *OPC?
[2020/07/29 01:24:24.878567][I][queryEx] E6640A => 1
[2020/07/29 01:24:24.882998][I][set_Continue] Set continue
[2020/07/29 01:24:24.886007][I][writeEx] E6640A <= :INIT:CONT ON
[2020/07/29 01:24:24.889052][I][set_Freq] Set frequence
[2020/07/29 01:24:24.893027][I][writeEx] E6640A <= :FREQuency:CENTer 2455.0 MHz
[2020/07/29 01:24:24.896034][I][set_XScale_Span] Set frequence span
[2020/07/29 01:24:24.899918][I][writeEx] E6640A <= :FREQuency:SPAN 10000.000000 KHZ
[2020/07/29 01:24:24.902927][I][set_Power_Range] Get power range
[2020/07/29 01:24:24.905935][I][writeEx] E6640A <= :POW:RANG 20.000000
[2020/07/29 01:24:24.909950][I][set_Symbol_Rate] Get symbol rate
[2020/07/29 01:24:24.912970][I][writeEx] E6640A <= :DDEMod:SRATe 1000.000000 kHz
[2020/07/29 01:24:24.916000][I][set_Meas_Interval] Get meas interval
[2020/07/29 01:24:24.919973][I][writeEx] E6640A <= :DDEMod:SWEep:POINts 500
[2020/07/29 01:24:24.923439][I][set_Zigbee_TX_BandPower] Set marker function
[2020/07/29 01:24:24.926448][I][writeEx] E6640A <= CALC:DDEMod:MARK1:MODE POS
[2020/07/29 01:24:24.929457][I][writeEx] E6640A <= CALC:DDEMod:MARK1:TRAC 2
[2020/07/29 01:24:24.933544][I][writeEx] E6640A <= CALC:DDEMod:MARK1:FUNC BPOW
[2020/07/29 01:24:24.936553][I][writeEx] E6640A <= CALC:DDEMod:MARK1:FUNC:BPOW:CTYP MEAN
[2020/07/29 01:24:24.940271][I][writeEx] E6640A <= CALC:DDEMod:MARK1:FUNC:BAND:CENT 2455000000.000000
[2020/07/29 01:24:25.245043][I][queryEx] E6640A <= *OPC?
[2020/07/29 01:24:25.255184][I][queryEx] E6640A => 1
[2020/07/29 01:24:25.258194][I][queryEx] E6640A <= CALC:DDEMod:MARK1:FUNC:BAND:CENT?
[2020/07/29 01:24:25.264979][I][queryEx] E6640A => 2.455000000E+09
[2020/07/29 01:24:25.269035][I][writeEx] E6640A <= CALC:DDEMod:MARK1:FUNC:BAND:SPAN 10000000.000000
[2020/07/29 01:24:25.575244][I][queryEx] E6640A <= *OPC?
[2020/07/29 01:24:25.585222][I][queryEx] E6640A => 1
[2020/07/29 01:24:25.589234][I][set_Trigger_Video] Set trigger video
[2020/07/29 01:24:25.593245][I][writeEx] E6640A <= TRIG:DDEM:SOUR VID
[2020/07/29 01:24:25.899058][I][queryEx] E6640A <= *OPC?
[2020/07/29 01:24:25.907086][I][queryEx] E6640A => 1
[2020/07/29 01:24:25.911134][I][set_Trigger_Level] Set trigger level
[2020/07/29 01:24:25.915105][I][writeEx] E6640A <= :TRIGger:VIDeo:LEVel 30.000000 mV
[2020/07/29 01:24:25.919084][I][set_Trigger_Delay] Set trigger delay
[2020/07/29 01:24:25.922355][I][writeEx] E6640A <= :TRIGger:VIDeo:DELay:STATe ON
[2020/07/29 01:24:25.925753][I][queryEx] E6640A <= :TRIGger:VIDeo:DELay:STATe?
[2020/07/29 01:24:25.991511][I][queryEx] E6640A => 1
[2020/07/29 01:24:25.998183][I][writeEx] E6640A <= :TRIGger:VIDeo:DELay:STATe ON
[2020/07/29 01:24:26.004204][I][writeEx] E6640A <= :TRIGger:VIDeo:DELay 0.300000 ms
[2020/07/29 01:24:26.011097][I][init_Trigger_Reg] Initial trigger status register
[2020/07/29 01:24:26.016114][I][writeEx] E6640A <= *CLS
[2020/07/29 01:24:26.020123][I][writeEx] E6640A <= :STATus:PRESet
[2020/07/29 01:24:26.024861][I][writeEx] E6640A <= *SRE 192
[2020/07/29 01:24:26.027871][I][writeEx] E6640A <= :STATus:OPERation:ENABle 32
[2020/07/29 01:24:26.031882][I][writeEx] E6640A <= *CLS
[2020/07/29 01:24:26.034891][I][queryEx] E6640A <= *STB?
[2020/07/29 01:24:26.079875][I][queryEx] E6640A => 0
[2020/07/29 01:24:26.083888][I][init_Trigger_Reg] Status: 0
[2020/07/29 01:24:35.010535][I][chk_Tx_Result] Check Tx result
[2020/07/29 01:24:35.016556][I][get_Trigger_Status] Get trigger status
[2020/07/29 01:24:35.020567][I][queryEx] E6640A <= *STB?
[2020/07/29 01:24:35.026696][I][queryEx] E6640A => 192
[2020/07/29 01:24:35.030184][I][get_Trigger_Status] Status: 192
[2020/07/29 01:24:35.034193]Is triggered!
[2020/07/29 01:24:35.037232][I][writeEx] E6640A <= *CLS
[2020/07/29 01:24:35.041613][I][set_Continue] Set continue
[2020/07/29 01:24:35.044622][I][writeEx] E6640A <= :INIT:CONT ON
[2020/07/29 01:24:35.150110][I][set_Single] Set single
[2020/07/29 01:24:35.165210][I][writeEx] E6640A <= :INIT:CONT OFF
[2020/07/29 01:24:35.176248][I][set_Zigbee_TX_BandPower] Set marker function
[2020/07/29 01:24:35.183643][I][writeEx] E6640A <= CALC:DDEMod:MARK1:MODE POS
[2020/07/29 01:24:35.189177][I][writeEx] E6640A <= CALC:DDEMod:MARK1:TRAC 2
[2020/07/29 01:24:35.193189][I][writeEx] E6640A <= CALC:DDEMod:MARK1:FUNC BPOW
[2020/07/29 01:24:35.198135][I][writeEx] E6640A <= CALC:DDEMod:MARK1:FUNC:BPOW:CTYP MEAN
[2020/07/29 01:24:35.201145][I][writeEx] E6640A <= CALC:DDEMod:MARK1:FUNC:BAND:CENT 2455000000.000000
[2020/07/29 01:24:35.506829][I][queryEx] E6640A <= *OPC?
[2020/07/29 01:24:35.517590][I][queryEx] E6640A => 1
[2020/07/29 01:24:35.522492][I][queryEx] E6640A <= CALC:DDEMod:MARK1:FUNC:BAND:CENT?
[2020/07/29 01:24:35.528511][I][queryEx] E6640A => 2.455000000E+09
[2020/07/29 01:24:35.531517][I][writeEx] E6640A <= CALC:DDEMod:MARK1:FUNC:BAND:SPAN 10000000.000000
[2020/07/29 01:24:35.839742][I][queryEx] E6640A <= *OPC?
[2020/07/29 01:24:35.848757][I][queryEx] E6640A => 1
[2020/07/29 01:24:35.852764][I][get_Power] Get Tx power
[2020/07/29 01:24:35.855774][I][queryEx] E6640A <= :CALC:DDEMod:MARK1:Y?
[2020/07/29 01:24:35.862378][I][queryEx] E6640A => 8.432249515E-01
[2020/07/29 01:24:35.865387][I][chk_Tx_Result] Tx power(add loss: 8.900000) = 9.743000 dBm
[2020/07/29 01:24:35.869435][I][read_DDEMod_Array] Read measurement result
[2020/07/29 01:24:35.873104][I][queryEx] E6640A <= :READ:DDEMod?
[2020/07/29 01:24:36.124091][I][queryEx] E6640A => 1.340076733E+01,3.876446915E+01,4.230000000E+02,3.085665941E+00,1.407846928E+01,4.230000000E+02,9.91E+37,9.91E+37,9.91E+37,4.338914454E-01,-1.057863235E+00,2.000000000E+01,1.090548992E+01,-3.187223816E+01,4.230000000E+02,2.286386133E+04,9.91E+37,9.91E+37,9.91E+37,9.91E+37,9.91E+37,-4.511772156E+01,9.91E+37,9.643714428E-01,3.096612915E-02,3.066619039E-01,9.91E+37,9.91E+37,9.91E+37,9.91E+37,9.91E+37,9.91E+37,9.91E+37,9.91E+37,9.91E+37,9.91E+37,9.91E+37,9.91E+37,9.91E+37,9.91E+37,9.91E+37,9.91E+37,9.91E+37,9.91E+37,9.91E+37,9.91E+37,9.91E+37,9.91E+37,9.91E+37,9.91E+37,9.91E+37,9.91E+37,9.91E+37,9.91E+37,9.91E+37,9.91E+37,9.91E+37,9.91E+37,9.91E+37,9.91E+37,9.91E+37,5.369314924E-03,-1.395549509E-03
[2020/07/29 01:24:36.133122][I][set_Continue] Set continue
[2020/07/29 01:24:36.137132][I][writeEx] E6640A <= :INIT:CONT ON
[2020/07/29 01:24:46.561504][I][chk_Tx_Result] Check Tx result
[2020/07/29 01:24:46.569531][I][get_Trigger_Status] Get trigger status
[2020/07/29 01:24:46.573534][I][queryEx] E6640A <= *STB?
[2020/07/29 01:24:46.579551][I][queryEx] E6640A => 192
[2020/07/29 01:24:46.582559][I][get_Trigger_Status] Status: 192
[2020/07/29 01:24:46.586570]Is triggered!
[2020/07/29 01:24:46.590597][I][writeEx] E6640A <= *CLS
[2020/07/29 01:24:46.594261][I][set_Continue] Set continue
[2020/07/29 01:24:46.597683][I][writeEx] E6640A <= :INIT:CONT ON
[2020/07/29 01:24:46.702540][I][set_Single] Set single
[2020/07/29 01:24:46.717576][I][writeEx] E6640A <= :INIT:CONT OFF
[2020/07/29 01:24:46.727598][I][set_Zigbee_TX_BandPower] Set marker function
[2020/07/29 01:24:46.734617][I][writeEx] E6640A <= CALC:DDEMod:MARK1:MODE POS
[2020/07/29 01:24:46.739666][I][writeEx] E6640A <= CALC:DDEMod:MARK1:TRAC 2
[2020/07/29 01:24:46.744643][I][writeEx] E6640A <= CALC:DDEMod:MARK1:FUNC BPOW
[2020/07/29 01:24:46.748669][I][writeEx] E6640A <= CALC:DDEMod:MARK1:FUNC:BPOW:CTYP MEAN
[2020/07/29 01:24:46.752664][I][writeEx] E6640A <= CALC:DDEMod:MARK1:FUNC:BAND:CENT 2455000000.000000
[2020/07/29 01:24:47.058509][I][queryEx] E6640A <= *OPC?
[2020/07/29 01:24:47.068994][I][queryEx] E6640A => 1
[2020/07/29 01:24:47.073734][I][queryEx] E6640A <= CALC:DDEMod:MARK1:FUNC:BAND:CENT?
[2020/07/29 01:24:47.079816][I][queryEx] E6640A => 2.455000000E+09
[2020/07/29 01:24:47.083762][I][writeEx] E6640A <= CALC:DDEMod:MARK1:FUNC:BAND:SPAN 10000000.000000
[2020/07/29 01:24:47.388818][I][queryEx] E6640A <= *OPC?
[2020/07/29 01:24:47.402213][I][queryEx] E6640A => 1
[2020/07/29 01:24:47.407213][I][get_Power] Get Tx power
[2020/07/29 01:24:47.411221][I][queryEx] E6640A <= :CALC:DDEMod:MARK1:Y?
[2020/07/29 01:24:47.417737][I][queryEx] E6640A => -5.927920482E-01
[2020/07/29 01:24:47.420746][I][chk_Tx_Result] Tx power(add loss: 8.900000) = 8.307000 dBm
[2020/07/29 01:24:47.424758][I][read_DDEMod_Array] Read measurement result
[2020/07/29 01:24:47.427765][I][queryEx] E6640A <= :READ:DDEMod?
[2020/07/29 01:24:47.682978][I][queryEx] E6640A => 1.418017864E+01,4.031333160E+01,1.650000000E+02,3.379070044E+00,1.357315826E+01,1.660000000E+02,9.91E+37,9.91E+37,9.91E+37,3.950522244E-01,-1.012009382E+00,3.730000000E+02,1.154312706E+01,3.308990860E+01,1.650000000E+02,2.272858594E+04,9.91E+37,9.91E+37,9.91E+37,9.91E+37,9.91E+37,-4.714847565E+01,9.91E+37,9.601658583E-01,2.404465526E-02,3.456191123E-01,9.91E+37,9.91E+37,9.91E+37,9.91E+37,9.91E+37,9.91E+37,9.91E+37,9.91E+37,9.91E+37,9.91E+37,9.91E+37,9.91E+37,9.91E+37,9.91E+37,9.91E+37,9.91E+37,9.91E+37,9.91E+37,9.91E+37,9.91E+37,9.91E+37,9.91E+37,9.91E+37,9.91E+37,9.91E+37,9.91E+37,9.91E+37,9.91E+37,9.91E+37,9.91E+37,9.91E+37,9.91E+37,9.91E+37,9.91E+37,9.91E+37,4.099852405E-03,-1.572648413E-03
[2020/07/29 01:24:47.691949][I][set_Continue] Set continue
[2020/07/29 01:24:47.695924][I][writeEx] E6640A <= :INIT:CONT ON
[2020/07/29 01:24:49.159404][I][set_Preset] System reset
[2020/07/29 01:24:49.163162][I][writeEx] E6640A <= *RST
[2020/07/29 01:24:49.166171][I][writeEx] E6640A <= *CLS
[2020/07/29 01:24:49.170187][I][writeEx] E6640A <= SYST:PRES
[2020/07/29 01:24:49.474935][I][queryEx] E6640A <= *OPC?
[2020/07/29 01:24:50.364570][I][queryEx] E6640A => 1
[2020/07/29 01:24:50.376611][I][set_Tx_Start] Set Tx start
[2020/07/29 01:24:50.380628][I][set_RFI_Port] Set input port
[2020/07/29 01:24:50.384676][I][writeEx] E6640A <= :FEED:RF:PORT:INPut RFIO1
[2020/07/29 01:24:50.388411][I][queryEx] E6640A <= :FEED:RF:PORT:INPut?
[2020/07/29 01:24:50.396064][I][queryEx] E6640A => RFIO1
[2020/07/29 01:24:50.400078][I][set_Modulation_Analysis] Set measurement function
[2020/07/29 01:24:50.404368][I][writeEx] E6640A <= INST:SEL VSA
[2020/07/29 01:24:50.709956][I][queryEx] E6640A <= *OPC?
[2020/07/29 01:24:50.721524][I][queryEx] E6640A => 1
[2020/07/29 01:24:50.725529][I][queryEx] E6640A <= INST:SEL?
[2020/07/29 01:24:50.731482][I][queryEx] E6640A => VSA
[2020/07/29 01:24:50.735496][I][writeEx] E6640A <= :CONFigure:DDEMod
[2020/07/29 01:24:51.041331][I][queryEx] E6640A <= *OPC?
[2020/07/29 01:24:51.213235][I][queryEx] E6640A => 1
[2020/07/29 01:24:51.229286][I][init_Zigbee_Mode] Initial Zigbee mode
[2020/07/29 01:24:51.240253][I][writeEx] E6640A <= :DDEM:STAN:PRES ZIGBEE2450
[2020/07/29 01:24:51.548349][I][queryEx] E6640A <= *OPC?
[2020/07/29 01:24:51.557476][I][queryEx] E6640A => 1
[2020/07/29 01:24:51.562456][I][set_Continue] Set continue
[2020/07/29 01:24:51.566508][I][writeEx] E6640A <= :INIT:CONT ON
[2020/07/29 01:24:51.570528][I][set_Freq] Set frequence
[2020/07/29 01:24:51.574533][I][writeEx] E6640A <= :FREQuency:CENTer 2470.0 MHz
[2020/07/29 01:24:51.579300][I][set_XScale_Span] Set frequence span
[2020/07/29 01:24:51.582309][I][writeEx] E6640A <= :FREQuency:SPAN 10000.000000 KHZ
[2020/07/29 01:24:51.586322][I][set_Power_Range] Get power range
[2020/07/29 01:24:51.590329][I][writeEx] E6640A <= :POW:RANG 20.000000
[2020/07/29 01:24:51.593971][I][set_Symbol_Rate] Get symbol rate
[2020/07/29 01:24:51.596980][I][writeEx] E6640A <= :DDEMod:SRATe 1000.000000 kHz
[2020/07/29 01:24:51.600992][I][set_Meas_Interval] Get meas interval
[2020/07/29 01:24:51.604942][I][writeEx] E6640A <= :DDEMod:SWEep:POINts 500
[2020/07/29 01:24:51.608736][I][set_Zigbee_TX_BandPower] Set marker function
[2020/07/29 01:24:51.612401][I][writeEx] E6640A <= CALC:DDEMod:MARK1:MODE POS
[2020/07/29 01:24:51.615718][I][writeEx] E6640A <= CALC:DDEMod:MARK1:TRAC 2
[2020/07/29 01:24:51.618728][I][writeEx] E6640A <= CALC:DDEMod:MARK1:FUNC BPOW
[2020/07/29 01:24:51.623433][I][writeEx] E6640A <= CALC:DDEMod:MARK1:FUNC:BPOW:CTYP MEAN
[2020/07/29 01:24:51.626442][I][writeEx] E6640A <= CALC:DDEMod:MARK1:FUNC:BAND:CENT 2470000000.000000
[2020/07/29 01:24:51.932773][I][queryEx] E6640A <= *OPC?
[2020/07/29 01:24:51.952853][I][queryEx] E6640A => 1
[2020/07/29 01:24:51.963881][I][queryEx] E6640A <= CALC:DDEMod:MARK1:FUNC:BAND:CENT?
[2020/07/29 01:24:51.974698][I][queryEx] E6640A => 2.470000000E+09
[2020/07/29 01:24:51.979715][I][writeEx] E6640A <= CALC:DDEMod:MARK1:FUNC:BAND:SPAN 10000000.000000
[2020/07/29 01:24:52.286200][I][queryEx] E6640A <= *OPC?
[2020/07/29 01:24:52.298222][I][queryEx] E6640A => 1
[2020/07/29 01:24:52.302231][I][set_Trigger_Video] Set trigger video
[2020/07/29 01:24:52.306064][I][writeEx] E6640A <= TRIG:DDEM:SOUR VID
[2020/07/29 01:24:52.611363][I][queryEx] E6640A <= *OPC?
[2020/07/29 01:24:52.622680][I][queryEx] E6640A => 1
[2020/07/29 01:24:52.627699][I][set_Trigger_Level] Set trigger level
[2020/07/29 01:24:52.631635][I][writeEx] E6640A <= :TRIGger:VIDeo:LEVel 30.000000 mV
[2020/07/29 01:24:52.635548][I][set_Trigger_Delay] Set trigger delay
[2020/07/29 01:24:52.638561][I][writeEx] E6640A <= :TRIGger:VIDeo:DELay:STATe ON
[2020/07/29 01:24:52.643065][I][queryEx] E6640A <= :TRIGger:VIDeo:DELay:STATe?
[2020/07/29 01:24:52.701865][I][queryEx] E6640A => 1
[2020/07/29 01:24:52.706881][I][writeEx] E6640A <= :TRIGger:VIDeo:DELay:STATe ON
[2020/07/29 01:24:52.711895][I][writeEx] E6640A <= :TRIGger:VIDeo:DELay 0.300000 ms
[2020/07/29 01:24:52.716939][I][init_Trigger_Reg] Initial trigger status register
[2020/07/29 01:24:52.721953][I][writeEx] E6640A <= *CLS
[2020/07/29 01:24:52.726934][I][writeEx] E6640A <= :STATus:PRESet
[2020/07/29 01:24:52.731120][I][writeEx] E6640A <= *SRE 192
[2020/07/29 01:24:52.734130][I][writeEx] E6640A <= :STATus:OPERation:ENABle 32
[2020/07/29 01:24:52.738140][I][writeEx] E6640A <= *CLS
[2020/07/29 01:24:52.742160][I][queryEx] E6640A <= *STB?
[2020/07/29 01:24:52.785055][I][queryEx] E6640A => 0
[2020/07/29 01:24:52.789071][I][init_Trigger_Reg] Status: 0
[2020/07/29 01:25:01.883653][I][chk_Tx_Result] Check Tx result
[2020/07/29 01:25:01.887987][I][get_Trigger_Status] Get trigger status
[2020/07/29 01:25:01.892009][I][queryEx] E6640A <= *STB?
[2020/07/29 01:25:01.899320][I][queryEx] E6640A => 192
[2020/07/29 01:25:01.903329][I][get_Trigger_Status] Status: 192
[2020/07/29 01:25:01.907344]Is triggered!
[2020/07/29 01:25:01.911620][I][writeEx] E6640A <= *CLS
[2020/07/29 01:25:01.916007][I][set_Continue] Set continue
[2020/07/29 01:25:01.919871][I][writeEx] E6640A <= :INIT:CONT ON
[2020/07/29 01:25:02.024858][I][set_Single] Set single
[2020/07/29 01:25:02.040935][I][writeEx] E6640A <= :INIT:CONT OFF
[2020/07/29 01:25:02.050921][I][set_Zigbee_TX_BandPower] Set marker function
[2020/07/29 01:25:02.057939][I][writeEx] E6640A <= CALC:DDEMod:MARK1:MODE POS
[2020/07/29 01:25:02.062951][I][writeEx] E6640A <= CALC:DDEMod:MARK1:TRAC 2
[2020/07/29 01:25:02.067965][I][writeEx] E6640A <= CALC:DDEMod:MARK1:FUNC BPOW
[2020/07/29 01:25:02.073006][I][writeEx] E6640A <= CALC:DDEMod:MARK1:FUNC:BPOW:CTYP MEAN
[2020/07/29 01:25:02.076015][I][writeEx] E6640A <= CALC:DDEMod:MARK1:FUNC:BAND:CENT 2470000000.000000
[2020/07/29 01:25:02.382219][I][queryEx] E6640A <= *OPC?
[2020/07/29 01:25:02.393301][I][queryEx] E6640A => 1
[2020/07/29 01:25:02.397874][I][queryEx] E6640A <= CALC:DDEMod:MARK1:FUNC:BAND:CENT?
[2020/07/29 01:25:02.404896][I][queryEx] E6640A => 2.470000000E+09
[2020/07/29 01:25:02.410619][I][writeEx] E6640A <= CALC:DDEMod:MARK1:FUNC:BAND:SPAN 10000000.000000
[2020/07/29 01:25:02.716149][I][queryEx] E6640A <= *OPC?
[2020/07/29 01:25:02.725840][I][queryEx] E6640A => 1
[2020/07/29 01:25:02.730856][I][get_Power] Get Tx power
[2020/07/29 01:25:02.734866][I][queryEx] E6640A <= :CALC:DDEMod:MARK1:Y?
[2020/07/29 01:25:02.742071][I][queryEx] E6640A => 8.356274830E-01
[2020/07/29 01:25:02.746103][I][chk_Tx_Result] Tx power(add loss: 8.800000) = 9.636000 dBm
[2020/07/29 01:25:02.750094][I][read_DDEMod_Array] Read measurement result
[2020/07/29 01:25:02.755117][I][queryEx] E6640A <= :READ:DDEMod?
[2020/07/29 01:25:03.017177][I][queryEx] E6640A => 1.334903431E+01,4.246223068E+01,2.810000000E+02,3.067417860E+00,1.806833649E+01,2.810000000E+02,9.91E+37,9.91E+37,9.91E+37,3.247539103E-01,-8.854389191E-01,1.890000000E+02,1.086705303E+01,3.505762863E+01,2.810000000E+02,2.282331641E+04,9.91E+37,9.91E+37,9.91E+37,9.91E+37,9.91E+37,-4.888542938E+01,9.91E+37,9.646701217E-01,2.986908332E-02,2.766688466E-01,9.91E+37,9.91E+37,9.91E+37,9.91E+37,9.91E+37,9.91E+37,9.91E+37,9.91E+37,9.91E+37,9.91E+37,9.91E+37,9.91E+37,9.91E+37,9.91E+37,9.91E+37,9.91E+37,9.91E+37,9.91E+37,9.91E+37,9.91E+37,9.91E+37,9.91E+37,9.91E+37,9.91E+37,9.91E+37,9.91E+37,9.91E+37,9.91E+37,9.91E+37,9.91E+37,9.91E+37,9.91E+37,9.91E+37,9.91E+37,9.91E+37,3.580011893E-03,-3.305998980E-04
[2020/07/29 01:25:03.025352][I][set_Continue] Set continue
[2020/07/29 01:25:03.030365][I][writeEx] E6640A <= :INIT:CONT ON
[2020/07/29 01:25:04.498510][I][set_Preset] System reset
[2020/07/29 01:25:04.501519][I][writeEx] E6640A <= *RST
[2020/07/29 01:25:04.506190][I][writeEx] E6640A <= *CLS
[2020/07/29 01:25:04.510060][I][writeEx] E6640A <= SYST:PRES
[2020/07/29 01:25:04.815130][I][queryEx] E6640A <= *OPC?
[2020/07/29 01:25:05.685829][I][queryEx] E6640A => 1
[2020/07/29 01:25:05.705830][I][set_Rx_OneTone] Set Rx one tone
[2020/07/29 01:25:05.709835][I][set_RFO_Port] Set output port
[2020/07/29 01:25:05.713648][I][writeEx] E6640A <= :FEED:RF:PORT:OUTPut RFIO1
[2020/07/29 01:25:05.716657][I][queryEx] E6640A <= :FEED:RF:PORT:OUTPut?
[2020/07/29 01:25:05.724840][I][queryEx] E6640A => RFIO1
[2020/07/29 01:25:05.727861][I][set_OneTone_Freq] Set One Tone frequence
[2020/07/29 01:25:05.732553][I][writeEx] E6640A <= :SOUR:FREQ 2445.0 MHz
[2020/07/29 01:25:05.735562][I][set_OneTone_Power] Set One Tone power
[2020/07/29 01:25:05.740208][I][writeEx] E6640A <= :SOURce:POWer -16.1
[2020/07/29 01:25:15.120275][I][set_OneTone_Start] Set One Tone start
[2020/07/29 01:25:15.125291][I][writeEx] E6640A <= OUTP ON
[2020/07/29 01:25:20.175569][I][set_OneTone_Stop] Set One Tone stop
[2020/07/29 01:25:20.178572][I][writeEx] E6640A <= OUTP OFF
[2020/07/29 01:25:20.190164][I][set_Rx_OneTone] Set Rx one tone
[2020/07/29 01:25:20.193173][I][set_RFO_Port] Set output port
[2020/07/29 01:25:20.197184][I][writeEx] E6640A <= :FEED:RF:PORT:OUTPut RFIO1
[2020/07/29 01:25:20.201655][I][queryEx] E6640A <= :FEED:RF:PORT:OUTPut?
[2020/07/29 01:25:20.207785][I][queryEx] E6640A => RFIO1
[2020/07/29 01:25:20.211320][I][set_OneTone_Freq] Set One Tone frequence
[2020/07/29 01:25:20.214331][I][writeEx] E6640A <= :SOUR:FREQ 2445.0 MHz
[2020/07/29 01:25:20.218342][I][set_OneTone_Power] Set One Tone power
[2020/07/29 01:25:20.222381][I][writeEx] E6640A <= :SOURce:POWer -16.1
[2020/07/29 01:25:28.769020][I][set_OneTone_Start] Set One Tone start
[2020/07/29 01:25:28.772994][I][writeEx] E6640A <= OUTP ON
[2020/07/29 01:25:33.290935][I][set_OneTone_Stop] Set One Tone stop
[2020/07/29 01:25:33.293944][I][writeEx] E6640A <= OUTP OFF
[2020/07/29 01:25:33.441216][I][disconnect_E6640A] Disconnect E6640A
[2020/07/29 01:25:33.445409]========== End ==========
