[2020/07/29 06:59:37.507900]========== Start ==========
[2020/07/29 06:59:37.509546][I][class_E6640A_ZIGBEE] Initial class_E6640A_ZIGBEE
[2020/07/29 06:59:37.510589][I][class_E6640A_ZIGBEE] Version: 3.0.0.2
[2020/07/29 06:59:37.516095][I][connect_E6640A] Connect to E6640A
[2020/07/29 06:59:37.525120][I][connect_E6640A] Resource Manager of Visa Library at C:\Windows\system32\visa32.dll
[2020/07/29 06:59:37.577574][I][queryEx] E6640A <= *IDN?
[2020/07/29 06:59:37.582554][I][queryEx] E6640A => Keysight Technologies,E6640A,MY57150246,E.19.71
[2020/07/29 06:59:37.584559][I][set_Preset] System reset
[2020/07/29 06:59:37.586566][I][writeEx] E6640A <= *RST
[2020/07/29 06:59:37.588570][I][writeEx] E6640A <= *CLS
[2020/07/29 06:59:37.591346][I][writeEx] E6640A <= SYST:PRES
[2020/07/29 06:59:37.894709][I][queryEx] E6640A <= *OPC?
[2020/07/29 06:59:38.621180][I][queryEx] E6640A => 1
[2020/07/29 06:59:38.631792][I][set_Preset] System reset
[2020/07/29 06:59:38.633868][I][writeEx] E6640A <= *RST
[2020/07/29 06:59:38.635912][I][writeEx] E6640A <= *CLS
[2020/07/29 06:59:38.637880][I][writeEx] E6640A <= SYST:PRES
[2020/07/29 06:59:38.941246][I][queryEx] E6640A <= *OPC?
[2020/07/29 06:59:39.687264][I][queryEx] E6640A => 1
[2020/07/29 06:59:39.966505][I][set_Preset] System reset
[2020/07/29 06:59:39.969503][I][writeEx] E6640A <= *RST
[2020/07/29 06:59:39.971505][I][writeEx] E6640A <= *CLS
[2020/07/29 06:59:39.973511][I][writeEx] E6640A <= SYST:PRES
[2020/07/29 06:59:40.277440][I][queryEx] E6640A <= *OPC?
[2020/07/29 06:59:41.010752][I][queryEx] E6640A => 1
[2020/07/29 06:59:41.022769][I][set_Tx_Start] Set Tx start
[2020/07/29 06:59:41.025739][I][set_RFI_Port] Set input port
[2020/07/29 06:59:41.027782][I][writeEx] E6640A <= :FEED:RF:PORT:INPut RFIO1
[2020/07/29 06:59:41.030832][I][queryEx] E6640A <= :FEED:RF:PORT:INPut?
[2020/07/29 06:59:41.035727][I][queryEx] E6640A => RFIO1
[2020/07/29 06:59:41.038359][I][set_Modulation_Analysis] Set measurement function
[2020/07/29 06:59:41.040947][I][writeEx] E6640A <= INST:SEL VSA
[2020/07/29 06:59:41.344247][I][queryEx] E6640A <= *OPC?
[2020/07/29 06:59:41.355231][I][queryEx] E6640A => 1
[2020/07/29 06:59:41.358265][I][queryEx] E6640A <= INST:SEL?
[2020/07/29 06:59:41.363258][I][queryEx] E6640A => VSA
[2020/07/29 06:59:41.366303][I][writeEx] E6640A <= :CONFigure:DDEMod
[2020/07/29 06:59:41.671106][I][queryEx] E6640A <= *OPC?
[2020/07/29 06:59:41.872691][I][queryEx] E6640A => 1
[2020/07/29 06:59:41.878651][I][init_Zigbee_Mode] Initial Zigbee mode
[2020/07/29 06:59:41.880660][I][writeEx] E6640A <= :DDEM:STAN:PRES ZIGBEE2450
[2020/07/29 06:59:42.184570][I][queryEx] E6640A <= *OPC?
[2020/07/29 06:59:42.191371][I][queryEx] E6640A => 1
[2020/07/29 06:59:42.194381][I][set_Continue] Set continue
[2020/07/29 06:59:42.197389][I][writeEx] E6640A <= :INIT:CONT ON
[2020/07/29 06:59:42.200399][I][set_Freq] Set frequence
[2020/07/29 06:59:42.202401][I][writeEx] E6640A <= :FREQuency:CENTer 2425.0 MHz
[2020/07/29 06:59:42.207417][I][set_XScale_Span] Set frequence span
[2020/07/29 06:59:42.210423][I][writeEx] E6640A <= :FREQuency:SPAN 10000.000000 KHZ
[2020/07/29 06:59:42.213453][I][set_Power_Range] Get power range
[2020/07/29 06:59:42.215504][I][writeEx] E6640A <= :POW:RANG 20.000000
[2020/07/29 06:59:42.218517][I][set_Symbol_Rate] Get symbol rate
[2020/07/29 06:59:42.221477][I][writeEx] E6640A <= :DDEMod:SRATe 1000.000000 kHz
[2020/07/29 06:59:42.224536][I][set_Meas_Interval] Get meas interval
[2020/07/29 06:59:42.227493][I][writeEx] E6640A <= :DDEMod:SWEep:POINts 500
[2020/07/29 06:59:42.229498][I][set_Zigbee_TX_BandPower] Set marker function
[2020/07/29 06:59:42.232558][I][writeEx] E6640A <= CALC:DDEMod:MARK1:MODE POS
[2020/07/29 06:59:42.235514][I][writeEx] E6640A <= CALC:DDEMod:MARK1:TRAC 2
[2020/07/29 06:59:42.238663][I][writeEx] E6640A <= CALC:DDEMod:MARK1:FUNC BPOW
[2020/07/29 06:59:42.241415][I][writeEx] E6640A <= CALC:DDEMod:MARK1:FUNC:BPOW:CTYP MEAN
[2020/07/29 06:59:42.243421][I][writeEx] E6640A <= CALC:DDEMod:MARK1:FUNC:BAND:CENT 2425000000.000000
[2020/07/29 06:59:42.548230][I][queryEx] E6640A <= *OPC?
[2020/07/29 06:59:42.557412][I][queryEx] E6640A => 1
[2020/07/29 06:59:42.561438][I][queryEx] E6640A <= CALC:DDEMod:MARK1:FUNC:BAND:CENT?
[2020/07/29 06:59:42.567477][I][queryEx] E6640A => 2.425000000E+09
[2020/07/29 06:59:42.570599][I][writeEx] E6640A <= CALC:DDEMod:MARK1:FUNC:BAND:SPAN 10000000.000000
[2020/07/29 06:59:42.875200][I][queryEx] E6640A <= *OPC?
[2020/07/29 06:59:42.885235][I][queryEx] E6640A => 1
[2020/07/29 06:59:42.888281][I][set_Trigger_Video] Set trigger video
[2020/07/29 06:59:42.891249][I][writeEx] E6640A <= TRIG:DDEM:SOUR VID
[2020/07/29 06:59:43.195830][I][queryEx] E6640A <= *OPC?
[2020/07/29 06:59:43.203444][I][queryEx] E6640A => 1
[2020/07/29 06:59:43.208499][I][set_Trigger_Level] Set trigger level
[2020/07/29 06:59:43.211472][I][writeEx] E6640A <= :TRIGger:VIDeo:LEVel 30.000000 mV
[2020/07/29 06:59:43.215482][I][set_Trigger_Delay] Set trigger delay
[2020/07/29 06:59:43.218491][I][writeEx] E6640A <= :TRIGger:VIDeo:DELay:STATe ON
[2020/07/29 06:59:43.221498][I][queryEx] E6640A <= :TRIGger:VIDeo:DELay:STATe?
[2020/07/29 06:59:43.287536][I][queryEx] E6640A => 1
[2020/07/29 06:59:43.294555][I][writeEx] E6640A <= :TRIGger:VIDeo:DELay:STATe ON
[2020/07/29 06:59:43.301534][I][writeEx] E6640A <= :TRIGger:VIDeo:DELay 0.300000 ms
[2020/07/29 06:59:43.308555][I][init_Trigger_Reg] Initial trigger status register
[2020/07/29 06:59:43.313607][I][writeEx] E6640A <= *CLS
[2020/07/29 06:59:43.317579][I][writeEx] E6640A <= :STATus:PRESet
[2020/07/29 06:59:43.321588][I][writeEx] E6640A <= *SRE 192
[2020/07/29 06:59:43.325598][I][writeEx] E6640A <= :STATus:OPERation:ENABle 32
[2020/07/29 06:59:43.328606][I][writeEx] E6640A <= *CLS
[2020/07/29 06:59:43.331645][I][queryEx] E6640A <= *STB?
[2020/07/29 06:59:43.378801][I][queryEx] E6640A => 0
[2020/07/29 06:59:43.383246][I][init_Trigger_Reg] Status: 0
[2020/07/29 06:59:52.258449][I][chk_Tx_Result] Check Tx result
[2020/07/29 06:59:52.272961][I][get_Trigger_Status] Get trigger status
[2020/07/29 06:59:52.279900][I][queryEx] E6640A <= *STB?
[2020/07/29 06:59:52.285641][I][queryEx] E6640A => 192
[2020/07/29 06:59:52.290316][I][get_Trigger_Status] Status: 192
[2020/07/29 06:59:52.293326]Is triggered!
[2020/07/29 06:59:52.296335][I][writeEx] E6640A <= *CLS
[2020/07/29 06:59:52.299341][I][set_Continue] Set continue
[2020/07/29 06:59:52.303141][I][writeEx] E6640A <= :INIT:CONT ON
[2020/07/29 06:59:52.407559][I][set_Single] Set single
[2020/07/29 06:59:52.420634][I][writeEx] E6640A <= :INIT:CONT OFF
[2020/07/29 06:59:52.431639][I][set_Zigbee_TX_BandPower] Set marker function
[2020/07/29 06:59:52.437629][I][writeEx] E6640A <= CALC:DDEMod:MARK1:MODE POS
[2020/07/29 06:59:52.442643][I][writeEx] E6640A <= CALC:DDEMod:MARK1:TRAC 2
[2020/07/29 06:59:52.447659][I][writeEx] E6640A <= CALC:DDEMod:MARK1:FUNC BPOW
[2020/07/29 06:59:52.450664][I][writeEx] E6640A <= CALC:DDEMod:MARK1:FUNC:BPOW:CTYP MEAN
[2020/07/29 06:59:52.454674][I][writeEx] E6640A <= CALC:DDEMod:MARK1:FUNC:BAND:CENT 2425000000.000000
[2020/07/29 06:59:52.759704][I][queryEx] E6640A <= *OPC?
[2020/07/29 06:59:52.769672][I][queryEx] E6640A => 1
[2020/07/29 06:59:52.773624][I][queryEx] E6640A <= CALC:DDEMod:MARK1:FUNC:BAND:CENT?
[2020/07/29 06:59:52.779644][I][queryEx] E6640A => 2.425000000E+09
[2020/07/29 06:59:52.782650][I][writeEx] E6640A <= CALC:DDEMod:MARK1:FUNC:BAND:SPAN 10000000.000000
[2020/07/29 06:59:53.088148][I][queryEx] E6640A <= *OPC?
[2020/07/29 06:59:53.106457][I][queryEx] E6640A => 1
[2020/07/29 06:59:53.112466][I][get_Power] Get Tx power
[2020/07/29 06:59:53.115479][I][queryEx] E6640A <= :CALC:DDEMod:MARK1:Y?
[2020/07/29 06:59:53.121719][I][queryEx] E6640A => 1.567912118E+00
[2020/07/29 06:59:53.124736][I][chk_Tx_Result] Tx power(add loss: 8.200000) = 9.768000 dBm
[2020/07/29 06:59:53.128446][I][read_DDEMod_Array] Read measurement result
[2020/07/29 06:59:53.131456][I][queryEx] E6640A <= :READ:DDEMod?
[2020/07/29 06:59:53.287841][I][queryEx] E6640A => 1.445736980E+01,3.946694183E+01,1.000000000E+00,3.460674763E+00,1.409151745E+01,1.000000000E+00,9.91E+37,9.91E+37,9.91E+37,4.653933346E-01,-1.140767336E+00,9.200000000E+01,1.177127075E+01,-3.247414017E+01,1.000000000E+00,1.891950586E+04,9.91E+37,9.91E+37,9.91E+37,9.91E+37,9.91E+37,-4.476444244E+01,9.91E+37,9.585906863E-01,4.322493449E-02,3.541192412E-01,9.91E+37,9.91E+37,9.91E+37,9.91E+37,9.91E+37,9.91E+37,9.91E+37,9.91E+37,9.91E+37,9.91E+37,9.91E+37,9.91E+37,9.91E+37,9.91E+37,9.91E+37,9.91E+37,9.91E+37,9.91E+37,9.91E+37,9.91E+37,9.91E+37,9.91E+37,9.91E+37,9.91E+37,9.91E+37,9.91E+37,9.91E+37,9.91E+37,9.91E+37,9.91E+37,9.91E+37,9.91E+37,9.91E+37,9.91E+37,9.91E+37,5.560926627E-03,-1.568892738E-03
[2020/07/29 06:59:53.302746][I][set_Continue] Set continue
[2020/07/29 06:59:53.310772][I][writeEx] E6640A <= :INIT:CONT ON
[2020/07/29 07:00:03.657875][I][chk_Tx_Result] Check Tx result
[2020/07/29 07:00:03.663906][I][get_Trigger_Status] Get trigger status
[2020/07/29 07:00:03.666916][I][queryEx] E6640A <= *STB?
[2020/07/29 07:00:03.673936][I][queryEx] E6640A => 192
[2020/07/29 07:00:03.677946][I][get_Trigger_Status] Status: 192
[2020/07/29 07:00:03.680953]Is triggered!
[2020/07/29 07:00:03.684967][I][writeEx] E6640A <= *CLS
[2020/07/29 07:00:03.688658][I][set_Continue] Set continue
[2020/07/29 07:00:03.691676][I][writeEx] E6640A <= :INIT:CONT ON
[2020/07/29 07:00:03.795355][I][set_Single] Set single
[2020/07/29 07:00:03.810406][I][writeEx] E6640A <= :INIT:CONT OFF
[2020/07/29 07:00:03.821429][I][set_Zigbee_TX_BandPower] Set marker function
[2020/07/29 07:00:03.828447][I][writeEx] E6640A <= CALC:DDEMod:MARK1:MODE POS
[2020/07/29 07:00:03.834466][I][writeEx] E6640A <= CALC:DDEMod:MARK1:TRAC 2
[2020/07/29 07:00:03.838474][I][writeEx] E6640A <= CALC:DDEMod:MARK1:FUNC BPOW
[2020/07/29 07:00:03.843675][I][writeEx] E6640A <= CALC:DDEMod:MARK1:FUNC:BPOW:CTYP MEAN
[2020/07/29 07:00:03.846685][I][writeEx] E6640A <= CALC:DDEMod:MARK1:FUNC:BAND:CENT 2425000000.000000
[2020/07/29 07:00:04.152154][I][queryEx] E6640A <= *OPC?
[2020/07/29 07:00:04.163373][I][queryEx] E6640A => 1
[2020/07/29 07:00:04.166383][I][queryEx] E6640A <= CALC:DDEMod:MARK1:FUNC:BAND:CENT?
[2020/07/29 07:00:04.173143][I][queryEx] E6640A => 2.425000000E+09
[2020/07/29 07:00:04.177198][I][writeEx] E6640A <= CALC:DDEMod:MARK1:FUNC:BAND:SPAN 10000000.000000
[2020/07/29 07:00:04.483468][I][queryEx] E6640A <= *OPC?
[2020/07/29 07:00:04.494530][I][queryEx] E6640A => 1
[2020/07/29 07:00:04.498595][I][get_Power] Get Tx power
[2020/07/29 07:00:04.502684][I][queryEx] E6640A <= :CALC:DDEMod:MARK1:Y?
[2020/07/29 07:00:04.508609][I][queryEx] E6640A => 4.137161980E-01
[2020/07/29 07:00:04.511619][I][chk_Tx_Result] Tx power(add loss: 8.200000) = 8.614000 dBm
[2020/07/29 07:00:04.515653][I][read_DDEMod_Array] Read measurement result
[2020/07/29 07:00:04.518637][I][queryEx] E6640A <= :READ:DDEMod?
[2020/07/29 07:00:04.784099][I][queryEx] E6640A => 1.393127632E+01,3.617863083E+01,1.660000000E+02,3.188044310E+00,1.155900383E+01,1.660000000E+02,9.91E+37,9.91E+37,9.91E+37,3.529269695E-01,-9.245276451E-01,4.160000000E+02,1.133794975E+01,2.968090439E+01,1.660000000E+02,1.884557422E+04,9.91E+37,9.91E+37,9.91E+37,9.91E+37,9.91E+37,-4.830591583E+01,9.91E+37,9.615399837E-01,9.033552371E-03,3.515857756E-01,9.91E+37,9.91E+37,9.91E+37,9.91E+37,9.91E+37,9.91E+37,9.91E+37,9.91E+37,9.91E+37,9.91E+37,9.91E+37,9.91E+37,9.91E+37,9.91E+37,9.91E+37,9.91E+37,9.91E+37,9.91E+37,9.91E+37,9.91E+37,9.91E+37,9.91E+37,9.91E+37,9.91E+37,9.91E+37,9.91E+37,9.91E+37,9.91E+37,9.91E+37,9.91E+37,9.91E+37,9.91E+37,9.91E+37,9.91E+37,9.91E+37,2.922954969E-03,-2.495452529E-03
[2020/07/29 07:00:04.792088][I][set_Continue] Set continue
[2020/07/29 07:00:04.796061][I][writeEx] E6640A <= :INIT:CONT ON
[2020/07/29 07:00:06.254076][I][set_Preset] System reset
[2020/07/29 07:00:06.257085][I][writeEx] E6640A <= *RST
[2020/07/29 07:00:06.261098][I][writeEx] E6640A <= *CLS
[2020/07/29 07:00:06.264459][I][writeEx] E6640A <= SYST:PRES
[2020/07/29 07:00:06.569208][I][queryEx] E6640A <= *OPC?
[2020/07/29 07:00:07.546837][I][queryEx] E6640A => 1
[2020/07/29 07:00:07.562505][I][set_Tx_Start] Set Tx start
[2020/07/29 07:00:07.565515][I][set_RFI_Port] Set input port
[2020/07/29 07:00:07.568522][I][writeEx] E6640A <= :FEED:RF:PORT:INPut RFIO1
[2020/07/29 07:00:07.572533][I][queryEx] E6640A <= :FEED:RF:PORT:INPut?
[2020/07/29 07:00:07.578799][I][queryEx] E6640A => RFIO1
[2020/07/29 07:00:07.581842][I][set_Modulation_Analysis] Set measurement function
[2020/07/29 07:00:07.585527][I][writeEx] E6640A <= INST:SEL VSA
[2020/07/29 07:00:07.890432][I][queryEx] E6640A <= *OPC?
[2020/07/29 07:00:07.900568][I][queryEx] E6640A => 1
[2020/07/29 07:00:07.904475][I][queryEx] E6640A <= INST:SEL?
[2020/07/29 07:00:07.911541][I][queryEx] E6640A => VSA
[2020/07/29 07:00:07.915507][I][writeEx] E6640A <= :CONFigure:DDEMod
[2020/07/29 07:00:08.220461][I][queryEx] E6640A <= *OPC?
[2020/07/29 07:00:08.415812][I][queryEx] E6640A => 1
[2020/07/29 07:00:08.423832][I][init_Zigbee_Mode] Initial Zigbee mode
[2020/07/29 07:00:08.427794][I][writeEx] E6640A <= :DDEM:STAN:PRES ZIGBEE2450
[2020/07/29 07:00:08.732179][I][queryEx] E6640A <= *OPC?
[2020/07/29 07:00:08.741319][I][queryEx] E6640A => 1
[2020/07/29 07:00:08.745942][I][set_Continue] Set continue
[2020/07/29 07:00:08.748952][I][writeEx] E6640A <= :INIT:CONT ON
[2020/07/29 07:00:08.753966][I][set_Freq] Set frequence
[2020/07/29 07:00:08.756973][I][writeEx] E6640A <= :FREQuency:CENTer 2455.0 MHz
[2020/07/29 07:00:08.761363][I][set_XScale_Span] Set frequence span
[2020/07/29 07:00:08.764508][I][writeEx] E6640A <= :FREQuency:SPAN 10000.000000 KHZ
[2020/07/29 07:00:08.767552][I][set_Power_Range] Get power range
[2020/07/29 07:00:08.771581][I][writeEx] E6640A <= :POW:RANG 20.000000
[2020/07/29 07:00:08.774631][I][set_Symbol_Rate] Get symbol rate
[2020/07/29 07:00:08.778552][I][writeEx] E6640A <= :DDEMod:SRATe 1000.000000 kHz
[2020/07/29 07:00:08.781602][I][set_Meas_Interval] Get meas interval
[2020/07/29 07:00:08.784570][I][writeEx] E6640A <= :DDEMod:SWEep:POINts 500
[2020/07/29 07:00:08.788580][I][set_Zigbee_TX_BandPower] Set marker function
[2020/07/29 07:00:08.792482][I][writeEx] E6640A <= CALC:DDEMod:MARK1:MODE POS
[2020/07/29 07:00:08.795983][I][writeEx] E6640A <= CALC:DDEMod:MARK1:TRAC 2
[2020/07/29 07:00:08.798996][I][writeEx] E6640A <= CALC:DDEMod:MARK1:FUNC BPOW
[2020/07/29 07:00:08.802000][I][writeEx] E6640A <= CALC:DDEMod:MARK1:FUNC:BPOW:CTYP MEAN
[2020/07/29 07:00:08.806011][I][writeEx] E6640A <= CALC:DDEMod:MARK1:FUNC:BAND:CENT 2455000000.000000
[2020/07/29 07:00:09.110991][I][queryEx] E6640A <= *OPC?
[2020/07/29 07:00:09.121499][I][queryEx] E6640A => 1
[2020/07/29 07:00:09.125650][I][queryEx] E6640A <= CALC:DDEMod:MARK1:FUNC:BAND:CENT?
[2020/07/29 07:00:09.131669][I][queryEx] E6640A => 2.455000000E+09
[2020/07/29 07:00:09.135678][I][writeEx] E6640A <= CALC:DDEMod:MARK1:FUNC:BAND:SPAN 10000000.000000
[2020/07/29 07:00:09.441377][I][queryEx] E6640A <= *OPC?
[2020/07/29 07:00:09.451393][I][queryEx] E6640A => 1
[2020/07/29 07:00:09.455364][I][set_Trigger_Video] Set trigger video
[2020/07/29 07:00:09.458372][I][writeEx] E6640A <= TRIG:DDEM:SOUR VID
[2020/07/29 07:00:09.763870][I][queryEx] E6640A <= *OPC?
[2020/07/29 07:00:09.773150][I][queryEx] E6640A => 1
[2020/07/29 07:00:09.777178][I][set_Trigger_Level] Set trigger level
[2020/07/29 07:00:09.781222][I][writeEx] E6640A <= :TRIGger:VIDeo:LEVel 30.000000 mV
[2020/07/29 07:00:09.785236][I][set_Trigger_Delay] Set trigger delay
[2020/07/29 07:00:09.789210][I][writeEx] E6640A <= :TRIGger:VIDeo:DELay:STATe ON
[2020/07/29 07:00:09.792218][I][queryEx] E6640A <= :TRIGger:VIDeo:DELay:STATe?
[2020/07/29 07:00:09.861714][I][queryEx] E6640A => 1
[2020/07/29 07:00:09.869780][I][writeEx] E6640A <= :TRIGger:VIDeo:DELay:STATe ON
[2020/07/29 07:00:09.876769][I][writeEx] E6640A <= :TRIGger:VIDeo:DELay 0.300000 ms
[2020/07/29 07:00:09.883875][I][init_Trigger_Reg] Initial trigger status register
[2020/07/29 07:00:09.888891][I][writeEx] E6640A <= *CLS
[2020/07/29 07:00:09.894061][I][writeEx] E6640A <= :STATus:PRESet
[2020/07/29 07:00:09.898074][I][writeEx] E6640A <= *SRE 192
[2020/07/29 07:00:09.902085][I][writeEx] E6640A <= :STATus:OPERation:ENABle 32
[2020/07/29 07:00:09.905092][I][writeEx] E6640A <= *CLS
[2020/07/29 07:00:09.909659][I][queryEx] E6640A <= *STB?
[2020/07/29 07:00:09.956158][I][queryEx] E6640A => 0
[2020/07/29 07:00:09.960174][I][init_Trigger_Reg] Status: 0
[2020/07/29 07:00:18.936340][I][chk_Tx_Result] Check Tx result
[2020/07/29 07:00:18.952376][I][get_Trigger_Status] Get trigger status
[2020/07/29 07:00:18.960374][I][queryEx] E6640A <= *STB?
[2020/07/29 07:00:18.967240][I][queryEx] E6640A => 192
[2020/07/29 07:00:18.971264][I][get_Trigger_Status] Status: 192
[2020/07/29 07:00:18.974266]Is triggered!
[2020/07/29 07:00:18.978279][I][writeEx] E6640A <= *CLS
[2020/07/29 07:00:18.982287][I][set_Continue] Set continue
[2020/07/29 07:00:18.985350][I][writeEx] E6640A <= :INIT:CONT ON
[2020/07/29 07:00:19.091069][I][set_Single] Set single
[2020/07/29 07:00:19.106141][I][writeEx] E6640A <= :INIT:CONT OFF
[2020/07/29 07:00:19.116127][I][set_Zigbee_TX_BandPower] Set marker function
[2020/07/29 07:00:19.122143][I][writeEx] E6640A <= CALC:DDEMod:MARK1:MODE POS
[2020/07/29 07:00:19.127156][I][writeEx] E6640A <= CALC:DDEMod:MARK1:TRAC 2
[2020/07/29 07:00:19.132167][I][writeEx] E6640A <= CALC:DDEMod:MARK1:FUNC BPOW
[2020/07/29 07:00:19.136179][I][writeEx] E6640A <= CALC:DDEMod:MARK1:FUNC:BPOW:CTYP MEAN
[2020/07/29 07:00:19.140357][I][writeEx] E6640A <= CALC:DDEMod:MARK1:FUNC:BAND:CENT 2455000000.000000
[2020/07/29 07:00:19.445769][I][queryEx] E6640A <= *OPC?
[2020/07/29 07:00:19.455016][I][queryEx] E6640A => 1
[2020/07/29 07:00:19.459030][I][queryEx] E6640A <= CALC:DDEMod:MARK1:FUNC:BAND:CENT?
[2020/07/29 07:00:19.466049][I][queryEx] E6640A => 2.455000000E+09
[2020/07/29 07:00:19.470058][I][writeEx] E6640A <= CALC:DDEMod:MARK1:FUNC:BAND:SPAN 10000000.000000
[2020/07/29 07:00:19.775440][I][queryEx] E6640A <= *OPC?
[2020/07/29 07:00:19.786474][I][queryEx] E6640A => 1
[2020/07/29 07:00:19.794493][I][get_Power] Get Tx power
[2020/07/29 07:00:19.801548][I][queryEx] E6640A <= :CALC:DDEMod:MARK1:Y?
[2020/07/29 07:00:19.809608][I][queryEx] E6640A => 1.001015339E+00
[2020/07/29 07:00:19.813659][I][chk_Tx_Result] Tx power(add loss: 8.900000) = 9.901000 dBm
[2020/07/29 07:00:19.817632][I][read_DDEMod_Array] Read measurement result
[2020/07/29 07:00:19.822200][I][queryEx] E6640A <= :READ:DDEMod?
[2020/07/29 07:00:20.071384][I][queryEx] E6640A => 1.351914501E+01,4.385339355E+01,1.000000000E+00,3.104298830E+00,1.613198280E+01,1.000000000E+00,9.91E+37,9.91E+37,9.91E+37,3.068129718E-01,-8.908390999E-01,3.590000000E+02,1.100481224E+01,-3.608322525E+01,1.000000000E+00,1.906891992E+04,9.91E+37,9.91E+37,9.91E+37,9.91E+37,9.91E+37,-5.249634552E+01,9.91E+37,9.637870193E-01,-3.815506026E-02,3.180561364E-01,9.91E+37,9.91E+37,9.91E+37,9.91E+37,9.91E+37,9.91E+37,9.91E+37,9.91E+37,9.91E+37,9.91E+37,9.91E+37,9.91E+37,9.91E+37,9.91E+37,9.91E+37,9.91E+37,9.91E+37,9.91E+37,9.91E+37,9.91E+37,9.91E+37,9.91E+37,9.91E+37,9.91E+37,9.91E+37,9.91E+37,9.91E+37,9.91E+37,9.91E+37,9.91E+37,9.91E+37,9.91E+37,9.91E+37,9.91E+37,9.91E+37,1.476342324E-03,-1.857029740E-03
[2020/07/29 07:00:20.079384][I][set_Continue] Set continue
[2020/07/29 07:00:20.083426][I][writeEx] E6640A <= :INIT:CONT ON
[2020/07/29 07:00:30.512054][I][chk_Tx_Result] Check Tx result
[2020/07/29 07:00:30.518077][I][get_Trigger_Status] Get trigger status
[2020/07/29 07:00:30.522087][I][queryEx] E6640A <= *STB?
[2020/07/29 07:00:30.528177][I][queryEx] E6640A => 192
[2020/07/29 07:00:30.532004][I][get_Trigger_Status] Status: 192
[2020/07/29 07:00:30.535014]Is triggered!
[2020/07/29 07:00:30.539040][I][writeEx] E6640A <= *CLS
[2020/07/29 07:00:30.542808][I][set_Continue] Set continue
[2020/07/29 07:00:30.545817][I][writeEx] E6640A <= :INIT:CONT ON
[2020/07/29 07:00:30.651083][I][set_Single] Set single
[2020/07/29 07:00:30.658092][I][writeEx] E6640A <= :INIT:CONT OFF
[2020/07/29 07:00:30.663056][I][set_Zigbee_TX_BandPower] Set marker function
[2020/07/29 07:00:30.666066][I][writeEx] E6640A <= CALC:DDEMod:MARK1:MODE POS
[2020/07/29 07:00:30.670077][I][writeEx] E6640A <= CALC:DDEMod:MARK1:TRAC 2
[2020/07/29 07:00:30.674052][I][writeEx] E6640A <= CALC:DDEMod:MARK1:FUNC BPOW
[2020/07/29 07:00:30.677061][I][writeEx] E6640A <= CALC:DDEMod:MARK1:FUNC:BPOW:CTYP MEAN
[2020/07/29 07:00:30.681072][I][writeEx] E6640A <= CALC:DDEMod:MARK1:FUNC:BAND:CENT 2455000000.000000
[2020/07/29 07:00:30.986434][I][queryEx] E6640A <= *OPC?
[2020/07/29 07:00:30.996404][I][queryEx] E6640A => 1
[2020/07/29 07:00:31.000450][I][queryEx] E6640A <= CALC:DDEMod:MARK1:FUNC:BAND:CENT?
[2020/07/29 07:00:31.007433][I][queryEx] E6640A => 2.455000000E+09
[2020/07/29 07:00:31.011479][I][writeEx] E6640A <= CALC:DDEMod:MARK1:FUNC:BAND:SPAN 10000000.000000
[2020/07/29 07:00:31.317308][I][queryEx] E6640A <= *OPC?
[2020/07/29 07:00:31.328435][I][queryEx] E6640A => 1
[2020/07/29 07:00:31.333302][I][get_Power] Get Tx power
[2020/07/29 07:00:31.337312][I][queryEx] E6640A <= :CALC:DDEMod:MARK1:Y?
[2020/07/29 07:00:31.343344][I][queryEx] E6640A => -1.383010407E-01
[2020/07/29 07:00:31.347619][I][chk_Tx_Result] Tx power(add loss: 8.900000) = 8.762000 dBm
[2020/07/29 07:00:31.351518][I][read_DDEMod_Array] Read measurement result
[2020/07/29 07:00:31.354536][I][queryEx] E6640A <= :READ:DDEMod?
[2020/07/29 07:00:31.616305][I][queryEx] E6640A => 1.381006145E+01,4.150841522E+01,0.000000000E+00,3.179379225E+00,1.528323936E+01,0.000000000E+00,9.91E+37,9.91E+37,9.91E+37,3.199219704E-01,-8.894205093E-01,3.730000000E+02,1.124236679E+01,-3.412499237E+01,0.000000000E+00,1.900585938E+04,9.91E+37,9.91E+37,9.91E+37,9.91E+37,9.91E+37,-5.175405884E+01,9.91E+37,9.622356296E-01,3.163641691E-02,2.625308931E-01,9.91E+37,9.91E+37,9.91E+37,9.91E+37,9.91E+37,9.91E+37,9.91E+37,9.91E+37,9.91E+37,9.91E+37,9.91E+37,9.91E+37,9.91E+37,9.91E+37,9.91E+37,9.91E+37,9.91E+37,9.91E+37,9.91E+37,9.91E+37,9.91E+37,9.91E+37,9.91E+37,9.91E+37,9.91E+37,9.91E+37,9.91E+37,9.91E+37,9.91E+37,9.91E+37,9.91E+37,9.91E+37,9.91E+37,9.91E+37,9.91E+37,2.565378090E-03,-3.098833258E-04
[2020/07/29 07:00:31.624359][I][set_Continue] Set continue
[2020/07/29 07:00:31.628335][I][writeEx] E6640A <= :INIT:CONT ON
[2020/07/29 07:00:33.108354][I][set_Preset] System reset
[2020/07/29 07:00:33.111477][I][writeEx] E6640A <= *RST
[2020/07/29 07:00:33.115483][I][writeEx] E6640A <= *CLS
[2020/07/29 07:00:33.120070][I][writeEx] E6640A <= SYST:PRES
[2020/07/29 07:00:33.425341][I][queryEx] E6640A <= *OPC?
[2020/07/29 07:00:34.380605][I][queryEx] E6640A => 1
[2020/07/29 07:00:34.396146][I][set_Tx_Start] Set Tx start
[2020/07/29 07:00:34.400158][I][set_RFI_Port] Set input port
[2020/07/29 07:00:34.404170][I][writeEx] E6640A <= :FEED:RF:PORT:INPut RFIO1
[2020/07/29 07:00:34.408581][I][queryEx] E6640A <= :FEED:RF:PORT:INPut?
[2020/07/29 07:00:34.414307][I][queryEx] E6640A => RFIO1
[2020/07/29 07:00:34.418413][I][set_Modulation_Analysis] Set measurement function
[2020/07/29 07:00:34.422069][I][writeEx] E6640A <= INST:SEL VSA
[2020/07/29 07:00:34.726192][I][queryEx] E6640A <= *OPC?
[2020/07/29 07:00:34.737193][I][queryEx] E6640A => 1
[2020/07/29 07:00:34.741208][I][queryEx] E6640A <= INST:SEL?
[2020/07/29 07:00:34.748290][I][queryEx] E6640A => VSA
[2020/07/29 07:00:34.753264][I][writeEx] E6640A <= :CONFigure:DDEMod
[2020/07/29 07:00:35.060017][I][queryEx] E6640A <= *OPC?
[2020/07/29 07:00:35.256942][I][queryEx] E6640A => 1
[2020/07/29 07:00:35.261954][I][init_Zigbee_Mode] Initial Zigbee mode
[2020/07/29 07:00:35.266967][I][writeEx] E6640A <= :DDEM:STAN:PRES ZIGBEE2450
[2020/07/29 07:00:35.572686][I][queryEx] E6640A <= *OPC?
[2020/07/29 07:00:35.585046][I][queryEx] E6640A => 1
[2020/07/29 07:00:35.589058][I][set_Continue] Set continue
[2020/07/29 07:00:35.593069][I][writeEx] E6640A <= :INIT:CONT ON
[2020/07/29 07:00:35.597082][I][set_Freq] Set frequence
[2020/07/29 07:00:35.600088][I][writeEx] E6640A <= :FREQuency:CENTer 2470.0 MHz
[2020/07/29 07:00:35.604111][I][set_XScale_Span] Set frequence span
[2020/07/29 07:00:35.608109][I][writeEx] E6640A <= :FREQuency:SPAN 10000.000000 KHZ
[2020/07/29 07:00:35.612125][I][set_Power_Range] Get power range
[2020/07/29 07:00:35.616130][I][writeEx] E6640A <= :POW:RANG 20.000000
[2020/07/29 07:00:35.620423][I][set_Symbol_Rate] Get symbol rate
[2020/07/29 07:00:35.624472][I][writeEx] E6640A <= :DDEMod:SRATe 1000.000000 kHz
[2020/07/29 07:00:35.628475][I][set_Meas_Interval] Get meas interval
[2020/07/29 07:00:35.632499][I][writeEx] E6640A <= :DDEMod:SWEep:POINts 500
[2020/07/29 07:00:35.635929][I][set_Zigbee_TX_BandPower] Set marker function
[2020/07/29 07:00:35.639968][I][writeEx] E6640A <= CALC:DDEMod:MARK1:MODE POS
[2020/07/29 07:00:35.642978][I][writeEx] E6640A <= CALC:DDEMod:MARK1:TRAC 2
[2020/07/29 07:00:35.647027][I][writeEx] E6640A <= CALC:DDEMod:MARK1:FUNC BPOW
[2020/07/29 07:00:35.651033][I][writeEx] E6640A <= CALC:DDEMod:MARK1:FUNC:BPOW:CTYP MEAN
[2020/07/29 07:00:35.655520][I][writeEx] E6640A <= CALC:DDEMod:MARK1:FUNC:BAND:CENT 2470000000.000000
[2020/07/29 07:00:35.960478][I][queryEx] E6640A <= *OPC?
[2020/07/29 07:00:35.969579][I][queryEx] E6640A => 1
[2020/07/29 07:00:35.974596][I][queryEx] E6640A <= CALC:DDEMod:MARK1:FUNC:BAND:CENT?
[2020/07/29 07:00:35.981652][I][queryEx] E6640A => 2.470000000E+09
[2020/07/29 07:00:35.985626][I][writeEx] E6640A <= CALC:DDEMod:MARK1:FUNC:BAND:SPAN 10000000.000000
[2020/07/29 07:00:36.291777][I][queryEx] E6640A <= *OPC?
[2020/07/29 07:00:36.300952][I][queryEx] E6640A => 1
[2020/07/29 07:00:36.305968][I][set_Trigger_Video] Set trigger video
[2020/07/29 07:00:36.309980][I][writeEx] E6640A <= TRIG:DDEM:SOUR VID
[2020/07/29 07:00:36.616287][I][queryEx] E6640A <= *OPC?
[2020/07/29 07:00:36.626200][I][queryEx] E6640A => 1
[2020/07/29 07:00:36.631244][I][set_Trigger_Level] Set trigger level
[2020/07/29 07:00:36.635275][I][writeEx] E6640A <= :TRIGger:VIDeo:LEVel 30.000000 mV
[2020/07/29 07:00:36.639302][I][set_Trigger_Delay] Set trigger delay
[2020/07/29 07:00:36.643275][I][writeEx] E6640A <= :TRIGger:VIDeo:DELay:STATe ON
[2020/07/29 07:00:36.647286][I][queryEx] E6640A <= :TRIGger:VIDeo:DELay:STATe?
[2020/07/29 07:00:36.714755][I][queryEx] E6640A => 1
[2020/07/29 07:00:36.721780][I][writeEx] E6640A <= :TRIGger:VIDeo:DELay:STATe ON
[2020/07/29 07:00:36.729862][I][writeEx] E6640A <= :TRIGger:VIDeo:DELay 0.300000 ms
[2020/07/29 07:00:36.736858][I][init_Trigger_Reg] Initial trigger status register
[2020/07/29 07:00:36.741868][I][writeEx] E6640A <= *CLS
[2020/07/29 07:00:36.746882][I][writeEx] E6640A <= :STATus:PRESet
[2020/07/29 07:00:36.750854][I][writeEx] E6640A <= *SRE 192
[2020/07/29 07:00:36.754865][I][writeEx] E6640A <= :STATus:OPERation:ENABle 32
[2020/07/29 07:00:36.759893][I][writeEx] E6640A <= *CLS
[2020/07/29 07:00:36.764934][I][queryEx] E6640A <= *STB?
[2020/07/29 07:00:36.807704][I][queryEx] E6640A => 0
[2020/07/29 07:00:36.811707][I][init_Trigger_Reg] Status: 0
[2020/07/29 07:00:45.792051][I][chk_Tx_Result] Check Tx result
[2020/07/29 07:00:45.797692][I][get_Trigger_Status] Get trigger status
[2020/07/29 07:00:45.803708][I][queryEx] E6640A <= *STB?
[2020/07/29 07:00:45.810727][I][queryEx] E6640A => 192
[2020/07/29 07:00:45.815740][I][get_Trigger_Status] Status: 192
[2020/07/29 07:00:45.818767]Is triggered!
[2020/07/29 07:00:45.822793][I][writeEx] E6640A <= *CLS
[2020/07/29 07:00:45.826790][I][set_Continue] Set continue
[2020/07/29 07:00:45.831197][I][writeEx] E6640A <= :INIT:CONT ON
[2020/07/29 07:00:45.936334][I][set_Single] Set single
[2020/07/29 07:00:45.942341][I][writeEx] E6640A <= :INIT:CONT OFF
[2020/07/29 07:00:45.946368][I][set_Zigbee_TX_BandPower] Set marker function
[2020/07/29 07:00:45.950363][I][writeEx] E6640A <= CALC:DDEMod:MARK1:MODE POS
[2020/07/29 07:00:45.954373][I][writeEx] E6640A <= CALC:DDEMod:MARK1:TRAC 2
[2020/07/29 07:00:45.959526][I][writeEx] E6640A <= CALC:DDEMod:MARK1:FUNC BPOW
[2020/07/29 07:00:45.962535][I][writeEx] E6640A <= CALC:DDEMod:MARK1:FUNC:BPOW:CTYP MEAN
[2020/07/29 07:00:45.966546][I][writeEx] E6640A <= CALC:DDEMod:MARK1:FUNC:BAND:CENT 2470000000.000000
[2020/07/29 07:00:46.272552][I][queryEx] E6640A <= *OPC?
[2020/07/29 07:00:46.284610][I][queryEx] E6640A => 1
[2020/07/29 07:00:46.290629][I][queryEx] E6640A <= CALC:DDEMod:MARK1:FUNC:BAND:CENT?
[2020/07/29 07:00:46.297802][I][queryEx] E6640A => 2.470000000E+09
[2020/07/29 07:00:46.302662][I][writeEx] E6640A <= CALC:DDEMod:MARK1:FUNC:BAND:SPAN 10000000.000000
[2020/07/29 07:00:46.609453][I][queryEx] E6640A <= *OPC?
[2020/07/29 07:00:46.621887][I][queryEx] E6640A => 1
[2020/07/29 07:00:46.625900][I][get_Power] Get Tx power
[2020/07/29 07:00:46.629910][I][queryEx] E6640A <= :CALC:DDEMod:MARK1:Y?
[2020/07/29 07:00:46.636956][I][queryEx] E6640A => 1.408978432E+00
[2020/07/29 07:00:46.641974][I][chk_Tx_Result] Tx power(add loss: 8.800000) = 10.209000 dBm
[2020/07/29 07:00:46.644983][I][read_DDEMod_Array] Read measurement result
[2020/07/29 07:00:46.649868][I][queryEx] E6640A <= :READ:DDEMod?
[2020/07/29 07:00:46.903776][I][queryEx] E6640A => 1.435797024E+01,4.771852112E+01,2.230000000E+02,3.598990917E+00,2.002950668E+01,2.230000000E+02,9.91E+37,9.91E+37,9.91E+37,4.100072384E-01,-9.874820709E-01,2.290000000E+02,1.169322872E+01,3.933966827E+01,2.230000000E+02,1.910905078E+04,9.91E+37,9.91E+37,9.91E+37,9.91E+37,9.91E+37,-4.612388611E+01,9.91E+37,9.591510892E-01,-3.236994892E-02,3.896008134E-01,9.91E+37,9.91E+37,9.91E+37,9.91E+37,9.91E+37,9.91E+37,9.91E+37,9.91E+37,9.91E+37,9.91E+37,9.91E+37,9.91E+37,9.91E+37,9.91E+37,9.91E+37,9.91E+37,9.91E+37,9.91E+37,9.91E+37,9.91E+37,9.91E+37,9.91E+37,9.91E+37,9.91E+37,9.91E+37,9.91E+37,9.91E+37,9.91E+37,9.91E+37,9.91E+37,9.91E+37,9.91E+37,9.91E+37,9.91E+37,9.91E+37,2.892332384E-03,-4.005854018E-03
[2020/07/29 07:00:46.911825][I][set_Continue] Set continue
[2020/07/29 07:00:46.916803][I][writeEx] E6640A <= :INIT:CONT ON
[2020/07/29 07:00:57.446146][I][chk_Tx_Result] Check Tx result
[2020/07/29 07:00:57.455747][I][get_Trigger_Status] Get trigger status
[2020/07/29 07:00:57.458757][I][queryEx] E6640A <= *STB?
[2020/07/29 07:00:57.465892][I][queryEx] E6640A => 192
[2020/07/29 07:00:57.469904][I][get_Trigger_Status] Status: 192
[2020/07/29 07:00:57.473915]Is triggered!
[2020/07/29 07:00:57.477926][I][writeEx] E6640A <= *CLS
[2020/07/29 07:00:57.481937][I][set_Continue] Set continue
[2020/07/29 07:00:57.486170][I][writeEx] E6640A <= :INIT:CONT ON
[2020/07/29 07:00:57.591203][I][set_Single] Set single
[2020/07/29 07:00:57.607282][I][writeEx] E6640A <= :INIT:CONT OFF
[2020/07/29 07:00:57.619271][I][set_Zigbee_TX_BandPower] Set marker function
[2020/07/29 07:00:57.626343][I][writeEx] E6640A <= CALC:DDEMod:MARK1:MODE POS
[2020/07/29 07:00:57.632304][I][writeEx] E6640A <= CALC:DDEMod:MARK1:TRAC 2
[2020/07/29 07:00:57.637320][I][writeEx] E6640A <= CALC:DDEMod:MARK1:FUNC BPOW
[2020/07/29 07:00:57.641358][I][writeEx] E6640A <= CALC:DDEMod:MARK1:FUNC:BPOW:CTYP MEAN
[2020/07/29 07:00:57.645376][I][writeEx] E6640A <= CALC:DDEMod:MARK1:FUNC:BAND:CENT 2470000000.000000
[2020/07/29 07:00:57.951148][I][queryEx] E6640A <= *OPC?
[2020/07/29 07:00:57.962420][I][queryEx] E6640A => 1
[2020/07/29 07:00:57.966433][I][queryEx] E6640A <= CALC:DDEMod:MARK1:FUNC:BAND:CENT?
[2020/07/29 07:00:57.974456][I][queryEx] E6640A => 2.470000000E+09
[2020/07/29 07:00:57.978465][I][writeEx] E6640A <= CALC:DDEMod:MARK1:FUNC:BAND:SPAN 10000000.000000
[2020/07/29 07:00:58.284646][I][queryEx] E6640A <= *OPC?
[2020/07/29 07:00:58.295663][I][queryEx] E6640A => 1
[2020/07/29 07:00:58.301641][I][get_Power] Get Tx power
[2020/07/29 07:00:58.305652][I][queryEx] E6640A <= :CALC:DDEMod:MARK1:Y?
[2020/07/29 07:00:58.312302][I][queryEx] E6640A => 2.588825337E-01
[2020/07/29 07:00:58.317320][I][chk_Tx_Result] Tx power(add loss: 8.800000) = 9.059000 dBm
[2020/07/29 07:00:58.322334][I][read_DDEMod_Array] Read measurement result
[2020/07/29 07:00:58.326366][I][queryEx] E6640A <= :READ:DDEMod?
[2020/07/29 07:00:58.587211][I][queryEx] E6640A => 1.255860138E+01,4.273373032E+01,0.000000000E+00,2.919962168E+00,1.587201500E+01,0.000000000E+00,9.91E+37,9.91E+37,9.91E+37,2.729236484E-01,-7.443368435E-01,1.740000000E+02,1.022641659E+01,-3.515544891E+01,0.000000000E+00,1.908396875E+04,9.91E+37,9.91E+37,9.91E+37,9.91E+37,9.91E+37,-5.631002426E+01,9.91E+37,9.687160254E-01,-1.649625041E-02,1.784458607E-01,9.91E+37,9.91E+37,9.91E+37,9.91E+37,9.91E+37,9.91E+37,9.91E+37,9.91E+37,9.91E+37,9.91E+37,9.91E+37,9.91E+37,9.91E+37,9.91E+37,9.91E+37,9.91E+37,9.91E+37,9.91E+37,9.91E+37,9.91E+37,9.91E+37,9.91E+37,9.91E+37,9.91E+37,9.91E+37,9.91E+37,9.91E+37,9.91E+37,9.91E+37,9.91E+37,9.91E+37,9.91E+37,9.91E+37,9.91E+37,9.91E+37,1.398271183E-03,6.194034941E-04
[2020/07/29 07:00:58.596223][I][set_Continue] Set continue
[2020/07/29 07:00:58.600233][I][writeEx] E6640A <= :INIT:CONT ON
[2020/07/29 07:01:00.068756][I][set_Preset] System reset
[2020/07/29 07:01:00.073186][I][writeEx] E6640A <= *RST
[2020/07/29 07:01:00.076195][I][writeEx] E6640A <= *CLS
[2020/07/29 07:01:00.080998][I][writeEx] E6640A <= SYST:PRES
[2020/07/29 07:01:00.386126][I][queryEx] E6640A <= *OPC?
[2020/07/29 07:01:01.342400][I][queryEx] E6640A => 1
[2020/07/29 07:01:01.359489][I][set_Rx_OneTone] Set Rx one tone
[2020/07/29 07:01:01.363502][I][set_RFO_Port] Set output port
[2020/07/29 07:01:01.367509][I][writeEx] E6640A <= :FEED:RF:PORT:OUTPut RFIO1
[2020/07/29 07:01:01.371516][I][queryEx] E6640A <= :FEED:RF:PORT:OUTPut?
[2020/07/29 07:01:01.377766][I][queryEx] E6640A => RFIO1
[2020/07/29 07:01:01.381508][I][set_OneTone_Freq] Set One Tone frequence
[2020/07/29 07:01:01.385558][I][writeEx] E6640A <= :SOUR:FREQ 2445.0 MHz
[2020/07/29 07:01:01.389529][I][set_OneTone_Power] Set One Tone power
[2020/07/29 07:01:01.393582][I][writeEx] E6640A <= :SOURce:POWer -16.1
[2020/07/29 07:01:10.741893][I][set_OneTone_Start] Set One Tone start
[2020/07/29 07:01:10.746093][I][writeEx] E6640A <= OUTP ON
[2020/07/29 07:01:15.801351][I][set_OneTone_Stop] Set One Tone stop
[2020/07/29 07:01:15.805364][I][writeEx] E6640A <= OUTP OFF
[2020/07/29 07:01:15.816393][I][set_Rx_OneTone] Set Rx one tone
[2020/07/29 07:01:15.821408][I][set_RFO_Port] Set output port
[2020/07/29 07:01:15.826426][I][writeEx] E6640A <= :FEED:RF:PORT:OUTPut RFIO1
[2020/07/29 07:01:15.831377][I][queryEx] E6640A <= :FEED:RF:PORT:OUTPut?
[2020/07/29 07:01:15.837716][I][queryEx] E6640A => RFIO1
[2020/07/29 07:01:15.842736][I][set_OneTone_Freq] Set One Tone frequence
[2020/07/29 07:01:15.848876][I][writeEx] E6640A <= :SOUR:FREQ 2445.0 MHz
[2020/07/29 07:01:15.853058][I][set_OneTone_Power] Set One Tone power
[2020/07/29 07:01:15.856069][I][writeEx] E6640A <= :SOURce:POWer -16.1
[2020/07/29 07:01:24.365301][I][set_OneTone_Start] Set One Tone start
[2020/07/29 07:01:24.369358][I][writeEx] E6640A <= OUTP ON
[2020/07/29 07:01:28.896688][I][set_OneTone_Stop] Set One Tone stop
[2020/07/29 07:01:28.899688][I][writeEx] E6640A <= OUTP OFF
[2020/07/29 07:01:29.354991][I][disconnect_E6640A] Disconnect E6640A
[2020/07/29 07:01:29.360041]========== End ==========
