[2020/07/27 09:09:01.943106] ========== Start ==========
[2020/07/27 09:09:01.943106] [I][main] Python 3.7.2 (tags/v3.7.2:9a3ffc0492, Dec 23 2018, 23:09:28) [MSC v.1916 64 bit (AMD64)]
[2020/07/27 09:09:01.943106] [I][main] GFI20_RF_LTE.py 3.0.0.10
[2020/07/27 09:09:01.943106] [I][readINI] ---------- INI ----------
[2020/07/27 09:09:01.953112] [I][readINI] StartButton_ON = 0
[2020/07/27 09:09:01.953112] [I][readINI] FailAutoExit = False
[2020/07/27 09:09:01.953112] [I][readINI] FailRetryAll = False
[2020/07/27 09:09:01.953112] [I][readINI] RFDatabase = True
[2020/07/27 09:09:01.953112] [I][readINI] USB4_COM = COM14
[2020/07/27 09:09:01.963116] [I][readINI] EC = 010000L01
[2020/07/27 09:09:01.963116] [I][readINI] SKU = 8
[2020/07/27 09:09:01.973376] [I][readINI] InstrumentINI = GFI20_LTE_Instrument_Setting_1
[2020/07/27 09:09:01.973376] [I][readINI] ---------- Test Plan 1 ----------
[2020/07/27 09:09:01.983164] [I][readINI] TestPlan1 = LTE_3G;2878/897,9750/1950.4;TX_Power
[2020/07/27 09:09:01.983164] [I][readINI] CableLoss = ['7.3', '9.2'] dBm
[2020/07/27 09:09:01.983164] [I][readINI] Current_ON = 1
[2020/07/27 09:09:01.983164] [I][readINI] TX_Current_SpecMax = ['0.4', '0.35'] A
[2020/07/27 09:09:01.983164] [I][readINI] TX_Current_SpecMin = ['0.2', '0.15'] A
[2020/07/27 09:09:01.993133] [I][readINI] TX_Power = ['384', '384'] dBm
[2020/07/27 09:09:01.993133] [I][readINI] TX_Power_SpecMax = ['26', '23.5'] dBm
[2020/07/27 09:09:01.993133] [I][readINI] TX_Power_SpecMin = ['21', '18.5'] dBm
[2020/07/27 09:09:02.003139] [I][readINI] ---------- Test Plan 1 ----------
[2020/07/27 09:09:02.003139] [I][readINI] ---------- Test Plan 2 ----------
[2020/07/27 09:09:02.003139] [I][readINI] TestPlan2 = LTE_2G;124/914.8;TX_Power
[2020/07/27 09:09:02.003139] [I][readINI] CableLoss = ['7.3'] dBm
[2020/07/27 09:09:02.013144] [I][readINI] Current_ON = 1
[2020/07/27 09:09:02.013144] [I][readINI] TX_Current_SpecMax = ['0.25'] A
[2020/07/27 09:09:02.013144] [I][readINI] TX_Current_SpecMin = ['0.08'] A
[2020/07/27 09:09:02.013144] [I][readINI] TX_Power = ['0'] dBm
[2020/07/27 09:09:02.023167] [I][readINI] TX_Power_SpecMax = ['35'] dBm
[2020/07/27 09:09:02.023167] [I][readINI] TX_Power_SpecMin = ['28'] dBm
[2020/07/27 09:09:02.023167] [I][readINI] ---------- Test Plan 2 ----------
[2020/07/27 09:09:02.023167] [I][readINI] ---------- Test Plan 3 ----------
[2020/07/27 09:09:02.033155] [I][readINI] TestPlan3 = LTE_2G;124/959.8;RX_RSSI
[2020/07/27 09:09:02.033155] [I][readINI] CableLoss = ['8'] dBm
[2020/07/27 09:09:02.033155] [I][readINI] Current_ON = 1
[2020/07/27 09:09:02.043160] [I][readINI] TX_Current_SpecMax = ['0'] A
[2020/07/27 09:09:02.043160] [I][readINI] TX_Current_SpecMin = ['0'] A
[2020/07/27 09:09:02.043160] [I][readINI] RX_Cell_Power = ['-60'] dBm
[2020/07/27 09:09:02.043160] [I][readINI] RX_RSSI_SpecMax = ['-55'] %
[2020/07/27 09:09:02.043160] [I][readINI] RX_RSSI_SpecMin = ['-65'] %
[2020/07/27 09:09:02.053166] [I][readINI] ---------- Test Plan 3 ----------
[2020/07/27 09:09:02.053166] [I][readINI] ---------- INI ----------
[2020/07/27 09:09:02.063171] [I][readInstrumentINI] ---------- Instrument INI ----------
[2020/07/27 09:09:02.063171] [I][readInstrumentINI] [Method1_Common]
[2020/07/27 09:09:02.063171] [I][readInstrumentINI] DUT_Number = 1
[2020/07/27 09:09:02.063171] [I][readInstrumentINI] Instrument_Name = E6640A
[2020/07/27 09:09:02.073176] [I][readInstrumentINI] Instrument_IP_Addr = TCPIP0::192.168.1.2::hislip0::INSTR
[2020/07/27 09:09:02.073176] [I][readInstrumentINI] PowerSupplier_Name = 66321B
[2020/07/27 09:09:02.073176] [I][readInstrumentINI] PowerSupplier_Addr = GPIB0::5::INSTR
[2020/07/27 09:09:02.083182] [I][readInstrumentINI] Current_Delay = 1.0
[2020/07/27 09:09:02.083182] [I][readInstrumentINI] [LTE_3G]
[2020/07/27 09:09:02.083182] [I][readInstrumentINI] RFIO_Input = 1
[2020/07/27 09:09:02.083182] [I][readInstrumentINI] Tx_PowRange = 30.0 dBm
[2020/07/27 09:09:02.093208] [I][readInstrumentINI] Tx_TrigDelay = 0.1 ms
[2020/07/27 09:09:02.093208] [I][readInstrumentINI] [LTE_2G]
[2020/07/27 09:09:02.093208] [I][readInstrumentINI] RFIO_Input = 1
[2020/07/27 09:09:02.103193] [I][readInstrumentINI] Tx_PowRange = 30.0 dBm
[2020/07/27 09:09:02.103193] [I][readInstrumentINI] Tx_TrigDelay = 2.0 ms
[2020/07/27 09:09:02.103193] [I][readInstrumentINI] RFIO_Output = 1
[2020/07/27 09:09:02.103193] [I][readInstrumentINI] Rx_WaveName = CTX10_RFLTE_20160809.wfm
[2020/07/27 09:09:02.113197] [I][readInstrumentINI] Rx_SampleRate = 100 kHz
[2020/07/27 09:09:02.113197] [I][readInstrumentINI] ---------- Instrument INI ----------
[2020/07/27 09:09:02.123221] ---------- StartTest ----------
[2020/07/27 09:09:02.123221] [I][ConnectCOM] Start to connect DUT.
[2020/07/27 09:09:02.133208] [I][ConnectCOM] Connect DUT succesfully by COM.
[2020/07/27 09:09:02.133208] [I][setTestMode] Start to set test mode.
[2020/07/27 09:09:02.143217] [I][sendCOMCommand] Send DUT Command: b'AT#TESTMODE="TM"\r\n'
[2020/07/27 09:09:02.784012] [W][sendCOMCommand] DUT return: None
[2020/07/27 09:09:07.806777] [I][setTestMode] Get test mode COM (USB4)
[2020/07/27 09:09:08.056370] [I][setTestMode] Get test mode COM: COM14
[2020/07/27 09:09:08.056370] [I][sendCOMCommand] Send DUT Command: b'AT#TESTMODE="TM"\r\n'
[2020/07/27 09:09:08.727447] [W][sendCOMCommand] DUT return: None
[2020/07/27 09:09:13.759956] [I][setTestMode] Get test mode COM (USB4)
[2020/07/27 09:09:13.979533] [I][setTestMode] Get test mode COM: COM14
[2020/07/27 09:09:13.979533] [I][sendCOMCommand] Send DUT Command: b'AT#TESTMODE="TM"\r\n'
[2020/07/27 09:09:14.640407] [W][sendCOMCommand] DUT return: None
[2020/07/27 09:09:19.653107] [I][setTestMode] Get test mode COM (USB4)
[2020/07/27 09:09:19.862710] [I][setTestMode] Get test mode COM: COM14
[2020/07/27 09:09:19.872695] [I][sendCOMCommand] Send DUT Command: b'AT#TESTMODE="TM"\r\n'
[2020/07/27 09:09:20.533576] [W][sendCOMCommand] DUT return: None
[2020/07/27 09:09:25.546259] [I][setTestMode] Get test mode COM (USB4)
[2020/07/27 09:09:25.765823] [I][setTestMode] Get test mode COM: COM14
[2020/07/27 09:09:25.775830] [I][sendCOMCommand] Send DUT Command: b'AT#TESTMODE="TM"\r\n'
[2020/07/27 09:09:26.416687] [W][sendCOMCommand] DUT return: None
[2020/07/27 09:09:31.429368] [I][setTestMode] Get test mode COM (USB4)
[2020/07/27 09:09:31.638996] [I][setTestMode] Get test mode COM: COM14
[2020/07/27 09:09:31.648967] [I][sendCOMCommand] Send DUT Command: b'AT#TESTMODE="TM"\r\n'
[2020/07/27 09:09:32.309861] [W][sendCOMCommand] DUT return: None
[2020/07/27 09:09:37.332544] [I][setTestMode] Get test mode COM (USB4)
[2020/07/27 09:09:37.542113] [I][setTestMode] Get test mode COM: COM14
[2020/07/27 09:09:37.552127] [I][sendCOMCommand] Send DUT Command: b'AT#TESTMODE="TM"\r\n'
[2020/07/27 09:09:38.203013] [W][sendCOMCommand] DUT return: None
[2020/07/27 09:09:43.225683] [I][setTestMode] Get test mode COM (USB4)
[2020/07/27 09:09:43.435293] [I][setTestMode] Get test mode COM: COM14
[2020/07/27 09:09:43.445266] [I][sendCOMCommand] Send DUT Command: b'AT#TESTMODE="TM"\r\n'
[2020/07/27 09:09:44.106171] [W][sendCOMCommand] DUT return: None
[2020/07/27 09:09:49.118807] [I][setTestMode] Get test mode COM (USB4)
[2020/07/27 09:09:49.328439] [I][setTestMode] Get test mode COM: COM14
[2020/07/27 09:09:49.338417] [I][sendCOMCommand] Send DUT Command: b'AT#TESTMODE="TM"\r\n'
[2020/07/27 09:09:49.989309] [W][sendCOMCommand] DUT return: None
[2020/07/27 09:09:55.011991] [I][setTestMode] Get test mode COM (USB4)
[2020/07/27 09:09:55.231593] [I][setTestMode] Get test mode COM: COM14
[2020/07/27 09:09:55.241563] [I][sendCOMCommand] Send DUT Command: b'AT#TESTMODE="TM"\r\n'
[2020/07/27 09:09:55.902316] [W][sendCOMCommand] DUT return: None
[2020/07/27 09:10:00.914872] [I][setTestMode] Get test mode COM (USB4)
[2020/07/27 09:10:01.154720] [I][setTestMode] Get test mode COM: COM14
[2020/07/27 09:10:01.154720] [I][ConnectCOM] Start to connect DUT.
[2020/07/27 09:10:01.154720] [E][ConnectCOM] could not open port 'COM14': PermissionError(13, '存取被拒。', None, 5)
[2020/07/27 09:10:01.174982] [E][ConnectCOM] Retry 1 times Fail
[2020/07/27 09:10:01.685348] [E][ConnectCOM] could not open port 'COM14': PermissionError(13, '存取被拒。', None, 5)
[2020/07/27 09:10:01.685348] [E][ConnectCOM] Retry 2 times Fail
[2020/07/27 09:10:02.205703] [E][ConnectCOM] could not open port 'COM14': PermissionError(13, '存取被拒。', None, 5)
[2020/07/27 09:10:02.205703] [E][ConnectCOM] Retry 3 times Fail
[2020/07/27 09:10:02.726069] [I][ConnectCOM] Retry to connect DUT timeout.
[2020/07/27 09:21:48.572325] [I][pressCancelBtn] User click cancel button!
[2020/07/27 09:21:48.588830] [I][setNormalMode] Start to set normal mode.
[2020/07/27 09:21:48.592842] [E][sendTMCOMCommand] Not connect serial COM!!
[2020/07/27 09:21:53.607508] [I][setNormalMode] Get USB4 COM Number
[2020/07/27 09:21:53.837091] [I][setNormalMode] Get test mode COM: COM14
[2020/07/27 09:21:53.847134] [E][sendTMCOMCommand] Not connect serial COM!!
[2020/07/27 09:21:58.860325] [I][setNormalMode] Get USB4 COM Number
[2020/07/27 09:21:59.079896] [I][setNormalMode] Get test mode COM: COM14
[2020/07/27 09:21:59.079896] [I][disconnectDUT] Disconnect DUT success
[2020/07/27 09:21:59.079896] [I][TestResult] Test Fail! Retry to connect DUT timeout.
[2020/07/27 09:21:59.109955] ========== End MDUT ==========


