[2020/07/29 00:31:14][I][getBOM] Get BOM Success!
[2020/07/29 00:31:14][I][getSKU] Get SKU from BOM: BOM_SKU, SKU name: 451AOD30L02
[2020/07/29 00:31:14][I][loadTestItemBySKU] Test Item List = (GFI20Bootup.py,1)(CountDown.py,1)(GFI20_RF_Zigbee,2)(GFI20_RF_LTE,1)
[2020/07/29 00:31:14][I][loadTestItemBySKU] Test Item List Element = ['GFI20Bootup.py,1', 'CountDown.py,1', 'GFI20_RF_Zigbee,2', 'GFI20_RF_LTE,1']
[2020/07/29 00:31:14][I][showTestingMsg] Waiting for testing...
[2020/07/29 00:31:14]---------- TestItem:GFI20Bootup.py  Method:1 ----------
[2020/07/29 00:31:14][I][runTestItem] Test start time: 2020/07/29 00:31:14
[2020/07/29 00:31:23][I][runTestItem] Test finished
[2020/07/29 00:31:23][I][checkTestResult] Version=3.0.0.3
[2020/07/29 00:31:23][I][checkTestResult] Result=Pass
[2020/07/29 00:31:23]*********************************************************
[2020/07/29 00:31:23]GFI20Bootup.py   3.0.0.3

[2020/07/29 00:31:23]			Result: Pass

[2020/07/29 00:31:23]			Method: 1

[2020/07/29 00:31:23]			Start: 2020/07/29 00:31:14

[2020/07/29 00:31:23]			End: 2020/07/29 00:31:23
[2020/07/29 00:31:23][I][runTestItem] Test end time: 2020/07/29 00:31:23
[2020/07/29 00:31:23]---------- TestItem:CountDown.py  Method:1 ----------
[2020/07/29 00:31:23][I][runTestItem] Test start time: 2020/07/29 00:31:23
[2020/07/29 00:32:15][I][runTestItem] Test finished
[2020/07/29 00:32:15][I][checkTestResult] Version=3.0.0.3
[2020/07/29 00:32:15][I][checkTestResult] Result=Pass
[2020/07/29 00:32:15]*********************************************************
[2020/07/29 00:32:15]CountDown.py   3.0.0.3

[2020/07/29 00:32:15]			Result: Pass

[2020/07/29 00:32:15]			Method: 1

[2020/07/29 00:32:15]			Start: 2020/07/29 00:31:23

[2020/07/29 00:32:15]			End: 2020/07/29 00:32:15
[2020/07/29 00:32:15][I][runTestItem] Test end time: 2020/07/29 00:32:15
[2020/07/29 00:32:15]---------- TestItem:GFI20_RF_Zigbee.py  Method:2 ----------
[2020/07/29 00:32:15][I][runTestItem] Test start time: 2020/07/29 00:32:15
[2020/07/29 00:34:12][I][runTestItem] Test finished
[2020/07/29 00:34:12][I][checkTestResult] Version=3.0.0.3
[2020/07/29 00:34:12][I][checkTestResult] Result=Pass
[2020/07/29 00:34:12]*********************************************************
[2020/07/29 00:34:12]GFI20_RF_Zigbee.py   3.0.0.3

[2020/07/29 00:34:12]			Result: Pass

[2020/07/29 00:34:12]			Method: 2

[2020/07/29 00:34:12]			Start: 2020/07/29 00:32:15

[2020/07/29 00:34:12]			End: 2020/07/29 00:34:12
[2020/07/29 00:34:12][I][runTestItem] Test end time: 2020/07/29 00:34:12
[2020/07/29 00:34:12]---------- TestItem:GFI20_RF_LTE.py  Method:1 ----------
[2020/07/29 00:34:12][I][runTestItem] Test start time: 2020/07/29 00:34:12
[2020/07/29 00:35:31][I][runTestItem] Test finished
[2020/07/29 00:35:31][I][checkTestResult] Version=3.0.0.11
[2020/07/29 00:35:31][I][checkTestResult] Result=Pass
[2020/07/29 00:35:31]*********************************************************
[2020/07/29 00:35:31]GFI20_RF_LTE.py   3.0.0.11

[2020/07/29 00:35:31]			Result: Pass

[2020/07/29 00:35:31]			Method: 1

[2020/07/29 00:35:31]			Start: 2020/07/29 00:34:12

[2020/07/29 00:35:31]			End: 2020/07/29 00:35:31
[2020/07/29 00:35:31][I][runTestItem] Test end time: 2020/07/29 00:35:31
[2020/07/29 00:35:32][I][runLastScript] Waiting for ending...
[2020/07/29 00:35:32]---------- TestItem:GFI20LastScript.py  Method:1 ----------
[2020/07/29 00:35:32][I][runLastScript] Test start time: 2020/07/29 00:35:32
[2020/07/29 00:35:53][I][runLastScript] Test finished
[2020/07/29 00:35:53][I][runLastScript] Test end time: 2020/07/29 00:35:53
[2020/07/29 00:35:53][I][checkTestResult] Version=3.0.0.6
[2020/07/29 00:35:53][I][checkTestResult] Result=Pass
[2020/07/29 00:35:53]*********************************************************
[2020/07/29 00:35:53]GFI20LastScript.py   3.0.0.6

[2020/07/29 00:35:53]			Result: Pass

[2020/07/29 00:35:53]			Method: 1

[2020/07/29 00:35:53]			Start: 2020/07/29 00:35:32

[2020/07/29 00:35:53]			End: 2020/07/29 00:35:53
[2020/07/29 00:35:53][I][processSFISUploadPass] No SFIS RecordInfo
[2020/07/29 00:35:55][I][processSFISUploadPass] Upload pass Success!
