[2020/07/29 00:32:16.068174][I][class_GFI20] Initial class_GFI20
[2020/07/29 00:32:16.072854][I][connectDUT] COM: COM20, BaudRate: 115200
[2020/07/29 00:32:16.078863][I][connectDUT] Connect DUT success
[2020/07/29 00:32:16.082874][I][setScimitarMenu] Set Scimitar menu
[2020/07/29 00:32:16.286195][I][sendCOMCommand] DUT <= x
[2020/07/29 00:32:16.392818][I][sendCOMCommand] Serial buffer size: 7
[2020/07/29 00:32:16.905232][I][sendCOMCommand] DUT => x
$>

[2020/07/29 00:32:16.911547][I][setScimitarMenu] Success
[2020/07/29 00:32:22.170054][I][setZigbee_Tx] ZIGBEE_2450 CH: 15, Tx PWR: 0 dBm
[2020/07/29 00:32:22.172063][I][setScimitarMenu] Set Scimitar menu
[2020/07/29 00:32:22.375615][I][sendCOMCommand] DUT <= x
[2020/07/29 00:32:22.484727][I][sendCOMCommand] Serial buffer size: 7
[2020/07/29 00:32:23.000255][I][sendCOMCommand] DUT => x
$>

[2020/07/29 00:32:23.006284][I][setScimitarMenu] Success
[2020/07/29 00:32:23.009952][I][setZigbeeMenu] Check Zigbee Menu
[2020/07/29 00:32:23.213938][I][sendCOMCommand] DUT <= 2
[2020/07/29 00:32:23.324793][I][sendCOMCommand] Serial buffer size: 22
[2020/07/29 00:32:23.837791][I][sendCOMCommand] DUT => 2
$2_Zigbee(EM357)>

[2020/07/29 00:32:23.844174][I][setZigbeeMenu] Success
[2020/07/29 00:32:23.847861][I][setZigbee_Tx] Set Diagnostics Menu
[2020/07/29 00:32:24.051249][I][sendCOMCommand] DUT <= d
[2020/07/29 00:32:24.162758][I][sendCOMCommand] Serial buffer size: 22
[2020/07/29 00:32:24.674248][I][sendCOMCommand] DUT => d
$2-d_Diagnostics>

[2020/07/29 00:32:24.681258][I][setZigbee_Tx] Success
[2020/07/29 00:32:24.684420][I][setZigbee_Tx] Set Channel Menu
[2020/07/29 00:32:24.888924][I][sendCOMCommand] DUT <= 2
[2020/07/29 00:32:24.999748][I][sendCOMCommand] Serial buffer size: 66
[2020/07/29 00:32:25.518977][I][sendCOMCommand] DUT => 2
$2-d-2_Set Channel (11 => 26) [0B - 1A by HEX]>
$PARAMETER?>

[2020/07/29 00:32:25.525822][I][setZigbee_Tx] Success
[2020/07/29 00:32:25.528842][I][setZigbee_Tx] Set Channel
[2020/07/29 00:32:25.732405][I][sendCOMCommand] DUT <= 0F
[2020/07/29 00:32:25.843610][I][sendCOMCommand] Serial buffer size: 53
[2020/07/29 00:32:26.363404][I][sendCOMCommand] DUT => Set Channel: 15 (0x0F)
$DONE_OK
$2-d_Diagnostics>

[2020/07/29 00:32:26.370429][I][setZigbee_Tx] Success
[2020/07/29 00:32:26.373949][I][setZigbee_Tx] Set PWR Menu
[2020/07/29 00:32:26.578022][I][sendCOMCommand] DUT <= 3
[2020/07/29 00:32:26.690042][I][sendCOMCommand] Serial buffer size: 79
[2020/07/29 00:32:27.201850][I][sendCOMCommand] DUT => 3
$2-d-3_Set Power (-32 => +8dBm, Step=1dB) [-2B - 08 by HEX]>
$PARAMETER?>

[2020/07/29 00:32:27.205601][I][setZigbee_Tx] Success
[2020/07/29 00:32:27.208611][I][setZigbee_Tx] Set Tx PWR
[2020/07/29 00:32:27.414029][I][sendCOMCommand] DUT <= 00
[2020/07/29 00:32:27.526160][I][sendCOMCommand] Serial buffer size: 50
[2020/07/29 00:32:28.039648][I][sendCOMCommand] DUT => Set Power: 0 (0x00)
$DONE_OK
$2-d_Diagnostics>

[2020/07/29 00:32:28.050692][I][setZigbee_Tx] Success
[2020/07/29 00:32:28.070736][I][setScimitarMenu] Set Scimitar menu
[2020/07/29 00:32:28.275605][I][sendCOMCommand] DUT <= x
[2020/07/29 00:32:28.383165][I][sendCOMCommand] Serial buffer size: 20
[2020/07/29 00:32:28.901496][I][sendCOMCommand] DUT => x
$2_Zigbee(EM357)>

[2020/07/29 00:32:29.109264][I][sendCOMCommand] DUT <= x
[2020/07/29 00:32:29.215013][I][sendCOMCommand] Serial buffer size: 7
[2020/07/29 00:32:29.729361][I][sendCOMCommand] DUT => x
$>

[2020/07/29 00:32:29.741390][I][setScimitarMenu] Success
[2020/07/29 00:32:29.751407][I][setZigbeeMenu] Check Zigbee Menu
[2020/07/29 00:32:29.958656][I][sendCOMCommand] DUT <= 2
[2020/07/29 00:32:30.066657][I][sendCOMCommand] Serial buffer size: 22
[2020/07/29 00:32:30.585077][I][sendCOMCommand] DUT => 2
$2_Zigbee(EM357)>

[2020/07/29 00:32:30.594109][I][setZigbeeMenu] Success
[2020/07/29 00:32:30.598117][I][setTxStart] Set Tx start
[2020/07/29 00:32:32.726759][I][setTxStop] Set Tx stop
[2020/07/29 00:32:32.932331][I][sendCOMCommand] DUT <= 5
[2020/07/29 00:32:33.038384][I][sendCOMCommand] Serial buffer size: 202
[2020/07/29 00:32:33.560464][I][sendCOMCommand] DUT => [mfglib]Send Packet(100 bytes)
[mfglib]Send Packet(100 bytes)
[mfglib]Send Packet(100 bytes)
5
ZigBee send packet test end.
Total number of emberStatus errors:0
$[0]
$DONE_OK
$2_Zigbee(EM357)>

[2020/07/29 00:32:33.569537][I][setTxStop] Success
[2020/07/29 00:32:33.595609][I][setZigbee_Tx] ZIGBEE_2450 CH: 15, Tx PWR: -1 dBm
[2020/07/29 00:32:33.599637][I][setScimitarMenu] Set Scimitar menu
[2020/07/29 00:32:33.805177][I][sendCOMCommand] DUT <= x
[2020/07/29 00:32:33.918741][I][sendCOMCommand] Serial buffer size: 7
[2020/07/29 00:32:34.433028][I][sendCOMCommand] DUT => x
$>

[2020/07/29 00:32:34.441000][I][setScimitarMenu] Success
[2020/07/29 00:32:34.444008][I][setZigbeeMenu] Check Zigbee Menu
[2020/07/29 00:32:34.649550][I][sendCOMCommand] DUT <= 2
[2020/07/29 00:32:34.764186][I][sendCOMCommand] Serial buffer size: 22
[2020/07/29 00:32:35.279877][I][sendCOMCommand] DUT => 2
$2_Zigbee(EM357)>

[2020/07/29 00:32:35.287846][I][setZigbeeMenu] Success
[2020/07/29 00:32:35.291857][I][setZigbee_Tx] Set Diagnostics Menu
[2020/07/29 00:32:35.496552][I][sendCOMCommand] DUT <= d
[2020/07/29 00:32:35.605932][I][sendCOMCommand] Serial buffer size: 22
[2020/07/29 00:32:36.117570][I][sendCOMCommand] DUT => d
$2-d_Diagnostics>

[2020/07/29 00:32:36.122824][I][setZigbee_Tx] Success
[2020/07/29 00:32:36.125834][I][setZigbee_Tx] Set Channel Menu
[2020/07/29 00:32:36.332852][I][sendCOMCommand] DUT <= 2
[2020/07/29 00:32:36.442098][I][sendCOMCommand] Serial buffer size: 66
[2020/07/29 00:32:36.964761][I][sendCOMCommand] DUT => 2
$2-d-2_Set Channel (11 => 26) [0B - 1A by HEX]>
$PARAMETER?>

[2020/07/29 00:32:36.972778][I][setZigbee_Tx] Success
[2020/07/29 00:32:36.976778][I][setZigbee_Tx] Set Channel
[2020/07/29 00:32:37.182545][I][sendCOMCommand] DUT <= 0F
[2020/07/29 00:32:37.297798][I][sendCOMCommand] Serial buffer size: 53
[2020/07/29 00:32:37.813357][I][sendCOMCommand] DUT => Set Channel: 15 (0x0F)
$DONE_OK
$2-d_Diagnostics>

[2020/07/29 00:32:37.819324][I][setZigbee_Tx] Success
[2020/07/29 00:32:37.823334][I][setZigbee_Tx] Set PWR Menu
[2020/07/29 00:32:38.028782][I][sendCOMCommand] DUT <= 3
[2020/07/29 00:32:38.138652][I][sendCOMCommand] Serial buffer size: 79
[2020/07/29 00:32:38.659923][I][sendCOMCommand] DUT => 3
$2-d-3_Set Power (-32 => +8dBm, Step=1dB) [-2B - 08 by HEX]>
$PARAMETER?>

[2020/07/29 00:32:38.673952][I][setZigbee_Tx] Success
[2020/07/29 00:32:38.685002][I][setZigbee_Tx] Set Tx PWR
[2020/07/29 00:32:38.892532][I][sendCOMCommand] DUT <= FF
[2020/07/29 00:32:39.001795][I][sendCOMCommand] Serial buffer size: 57
[2020/07/29 00:32:39.524825][I][sendCOMCommand] DUT => Set Power: -1 (0xFFFFFFFF)
$DONE_OK
$2-d_Diagnostics>

[2020/07/29 00:32:39.531849][I][setZigbee_Tx] Success
[2020/07/29 00:32:39.543912][I][setScimitarMenu] Set Scimitar menu
[2020/07/29 00:32:39.749727][I][sendCOMCommand] DUT <= x
[2020/07/29 00:32:39.864679][I][sendCOMCommand] Serial buffer size: 22
[2020/07/29 00:32:40.379117][I][sendCOMCommand] DUT => x
$2_Zigbee(EM357)>

[2020/07/29 00:32:40.587158][I][sendCOMCommand] DUT <= x
[2020/07/29 00:32:40.702684][I][sendCOMCommand] Serial buffer size: 7
[2020/07/29 00:32:41.224461][I][sendCOMCommand] DUT => x
$>

[2020/07/29 00:32:41.237502][I][setScimitarMenu] Success
[2020/07/29 00:32:41.248671][I][setZigbeeMenu] Check Zigbee Menu
[2020/07/29 00:32:41.456427][I][sendCOMCommand] DUT <= 2
[2020/07/29 00:32:41.564798][I][sendCOMCommand] Serial buffer size: 22
[2020/07/29 00:32:42.085242][I][sendCOMCommand] DUT => 2
$2_Zigbee(EM357)>

[2020/07/29 00:32:42.094713][I][setZigbeeMenu] Success
[2020/07/29 00:32:42.097723][I][setTxStart] Set Tx start
[2020/07/29 00:32:44.227477][I][setTxStop] Set Tx stop
[2020/07/29 00:32:44.432643][I][sendCOMCommand] DUT <= 5
[2020/07/29 00:32:44.542334][I][sendCOMCommand] Serial buffer size: 202
[2020/07/29 00:32:45.066248][I][sendCOMCommand] DUT => [mfglib]Send Packet(100 bytes)
[mfglib]Send Packet(100 bytes)
[mfglib]Send Packet(100 bytes)
5
ZigBee send packet test end.
Total number of emberStatus errors:0
$[0]
$DONE_OK
$2_Zigbee(EM357)>

[2020/07/29 00:32:45.074218][I][setTxStop] Success
[2020/07/29 00:32:48.809759][I][setZigbee_Tx] ZIGBEE_2450 CH: 21, Tx PWR: 0 dBm
[2020/07/29 00:32:48.814463][I][setScimitarMenu] Set Scimitar menu
[2020/07/29 00:32:49.019705][I][sendCOMCommand] DUT <= x
[2020/07/29 00:32:49.127517][I][sendCOMCommand] Serial buffer size: 7
[2020/07/29 00:32:49.639694][I][sendCOMCommand] DUT => x
$>

[2020/07/29 00:32:49.645039][I][setScimitarMenu] Success
[2020/07/29 00:32:49.650719][I][setZigbeeMenu] Check Zigbee Menu
[2020/07/29 00:32:49.855285][I][sendCOMCommand] DUT <= 2
[2020/07/29 00:32:49.963386][I][sendCOMCommand] Serial buffer size: 22
[2020/07/29 00:32:50.484819][I][sendCOMCommand] DUT => 2
$2_Zigbee(EM357)>

[2020/07/29 00:32:50.492773][I][setZigbeeMenu] Success
[2020/07/29 00:32:50.498002][I][setZigbee_Tx] Set Diagnostics Menu
[2020/07/29 00:32:50.704068][I][sendCOMCommand] DUT <= d
[2020/07/29 00:32:50.820101][I][sendCOMCommand] Serial buffer size: 22
[2020/07/29 00:32:51.335898][I][sendCOMCommand] DUT => d
$2-d_Diagnostics>

[2020/07/29 00:32:51.351224][I][setZigbee_Tx] Success
[2020/07/29 00:32:51.363032][I][setZigbee_Tx] Set Channel Menu
[2020/07/29 00:32:51.571716][I][sendCOMCommand] DUT <= 2
[2020/07/29 00:32:51.679595][I][sendCOMCommand] Serial buffer size: 66
[2020/07/29 00:32:52.202870][I][sendCOMCommand] DUT => 2
$2-d-2_Set Channel (11 => 26) [0B - 1A by HEX]>
$PARAMETER?>

[2020/07/29 00:32:52.217913][I][setZigbee_Tx] Success
[2020/07/29 00:32:52.228897][I][setZigbee_Tx] Set Channel
[2020/07/29 00:32:52.437234][I][sendCOMCommand] DUT <= 15
[2020/07/29 00:32:52.545701][I][sendCOMCommand] Serial buffer size: 34
[2020/07/29 00:32:52.661016][W][sendCOMCommand] Buffer not empty!!!
[2020/07/29 00:32:52.676050][I][sendCOMCommand] Serial buffer size: 19
[2020/07/29 00:32:53.193738][I][sendCOMCommand] DUT => Set Channel: 21 (0x15)
$DONE_OK
$2-d_Diagnostics>

[2020/07/29 00:32:53.208738][I][setZigbee_Tx] Success
[2020/07/29 00:32:53.216786][I][setZigbee_Tx] Set PWR Menu
[2020/07/29 00:32:53.420966][I][sendCOMCommand] DUT <= 3
[2020/07/29 00:32:53.529437][I][sendCOMCommand] Serial buffer size: 79
[2020/07/29 00:32:54.051034][I][sendCOMCommand] DUT => 3
$2-d-3_Set Power (-32 => +8dBm, Step=1dB) [-2B - 08 by HEX]>
$PARAMETER?>

[2020/07/29 00:32:54.061463][I][setZigbee_Tx] Success
[2020/07/29 00:32:54.065478][I][setZigbee_Tx] Set Tx PWR
[2020/07/29 00:32:54.270981][I][sendCOMCommand] DUT <= 00
[2020/07/29 00:32:54.387695][I][sendCOMCommand] Serial buffer size: 50
[2020/07/29 00:32:54.901801][I][sendCOMCommand] DUT => Set Power: 0 (0x00)
$DONE_OK
$2-d_Diagnostics>

[2020/07/29 00:32:54.906803][I][setZigbee_Tx] Success
[2020/07/29 00:32:54.919186][I][setScimitarMenu] Set Scimitar menu
[2020/07/29 00:32:55.124650][I][sendCOMCommand] DUT <= x
[2020/07/29 00:32:55.236092][I][sendCOMCommand] Serial buffer size: 22
[2020/07/29 00:32:55.751058][I][sendCOMCommand] DUT => x
$2_Zigbee(EM357)>

[2020/07/29 00:32:55.958255][I][sendCOMCommand] DUT <= x
[2020/07/29 00:32:56.068149][I][sendCOMCommand] Serial buffer size: 7
[2020/07/29 00:32:56.591162][I][sendCOMCommand] DUT => x
$>

[2020/07/29 00:32:56.599126][I][setScimitarMenu] Success
[2020/07/29 00:32:56.604268][I][setZigbeeMenu] Check Zigbee Menu
[2020/07/29 00:32:56.809478][I][sendCOMCommand] DUT <= 2
[2020/07/29 00:32:56.926690][I][sendCOMCommand] Serial buffer size: 22
[2020/07/29 00:32:57.440445][I][sendCOMCommand] DUT => 2
$2_Zigbee(EM357)>

[2020/07/29 00:32:57.449445][I][setZigbeeMenu] Success
[2020/07/29 00:32:57.453465][I][setTxStart] Set Tx start
[2020/07/29 00:32:59.688513][I][setTxStop] Set Tx stop
[2020/07/29 00:32:59.897231][I][sendCOMCommand] DUT <= 5
[2020/07/29 00:33:00.005152][I][sendCOMCommand] Serial buffer size: 170
[2020/07/29 00:33:00.519343][I][sendCOMCommand] DUT => [mfglib]Send Packet(100 bytes)
[mfglib]Send Packet(100 bytes)
5
ZigBee send packet test end.
Total number of emberStatus errors:0
$[0]
$DONE_OK
$2_Zigbee(EM357)>

[2020/07/29 00:33:00.528409][I][setTxStop] Success
[2020/07/29 00:33:00.554292][I][setZigbee_Tx] ZIGBEE_2450 CH: 21, Tx PWR: -1 dBm
[2020/07/29 00:33:00.557308][I][setScimitarMenu] Set Scimitar menu
[2020/07/29 00:33:00.762915][I][sendCOMCommand] DUT <= x
[2020/07/29 00:33:00.872198][I][sendCOMCommand] Serial buffer size: 7
[2020/07/29 00:33:01.386495][I][sendCOMCommand] DUT => x
$>

[2020/07/29 00:33:01.395466][I][setScimitarMenu] Success
[2020/07/29 00:33:01.399909][I][setZigbeeMenu] Check Zigbee Menu
[2020/07/29 00:33:01.604682][I][sendCOMCommand] DUT <= 2
[2020/07/29 00:33:01.721160][I][sendCOMCommand] Serial buffer size: 22
[2020/07/29 00:33:02.244862][I][sendCOMCommand] DUT => 2
$2_Zigbee(EM357)>

[2020/07/29 00:33:02.259955][I][setZigbeeMenu] Success
[2020/07/29 00:33:02.269936][I][setZigbee_Tx] Set Diagnostics Menu
[2020/07/29 00:33:02.478252][I][sendCOMCommand] DUT <= d
[2020/07/29 00:33:02.588030][I][sendCOMCommand] Serial buffer size: 22
[2020/07/29 00:33:03.109566][I][sendCOMCommand] DUT => d
$2-d_Diagnostics>

[2020/07/29 00:33:03.118653][I][setZigbee_Tx] Success
[2020/07/29 00:33:03.123074][I][setZigbee_Tx] Set Channel Menu
[2020/07/29 00:33:03.327976][I][sendCOMCommand] DUT <= 2
[2020/07/29 00:33:03.445084][I][sendCOMCommand] Serial buffer size: 66
[2020/07/29 00:33:03.960704][I][sendCOMCommand] DUT => 2
$2-d-2_Set Channel (11 => 26) [0B - 1A by HEX]>
$PARAMETER?>

[2020/07/29 00:33:03.968733][I][setZigbee_Tx] Success
[2020/07/29 00:33:03.972743][I][setZigbee_Tx] Set Channel
[2020/07/29 00:33:04.176824][I][sendCOMCommand] DUT <= 15
[2020/07/29 00:33:04.286973][I][sendCOMCommand] Serial buffer size: 53
[2020/07/29 00:33:04.801667][I][sendCOMCommand] DUT => Set Channel: 21 (0x15)
$DONE_OK
$2-d_Diagnostics>

[2020/07/29 00:33:04.809677][I][setZigbee_Tx] Success
[2020/07/29 00:33:04.814693][I][setZigbee_Tx] Set PWR Menu
[2020/07/29 00:33:05.019712][I][sendCOMCommand] DUT <= 3
[2020/07/29 00:33:05.126401][I][sendCOMCommand] Serial buffer size: 79
[2020/07/29 00:33:05.639491][I][sendCOMCommand] DUT => 3
$2-d-3_Set Power (-32 => +8dBm, Step=1dB) [-2B - 08 by HEX]>
$PARAMETER?>

[2020/07/29 00:33:05.645512][I][setZigbee_Tx] Success
[2020/07/29 00:33:05.651102][I][setZigbee_Tx] Set Tx PWR
[2020/07/29 00:33:05.855554][I][sendCOMCommand] DUT <= FF
[2020/07/29 00:33:05.965420][I][sendCOMCommand] Serial buffer size: 57
[2020/07/29 00:33:06.487960][I][sendCOMCommand] DUT => Set Power: -1 (0xFFFFFFFF)
$DONE_OK
$2-d_Diagnostics>

[2020/07/29 00:33:06.495931][I][setZigbee_Tx] Success
[2020/07/29 00:33:06.508027][I][setScimitarMenu] Set Scimitar menu
[2020/07/29 00:33:06.713661][I][sendCOMCommand] DUT <= x
[2020/07/29 00:33:06.830856][I][sendCOMCommand] Serial buffer size: 22
[2020/07/29 00:33:07.344847][I][sendCOMCommand] DUT => x
$2_Zigbee(EM357)>

[2020/07/29 00:33:07.554326][I][sendCOMCommand] DUT <= x
[2020/07/29 00:33:07.671010][I][sendCOMCommand] Serial buffer size: 7
[2020/07/29 00:33:08.189507][I][sendCOMCommand] DUT => x
$>

[2020/07/29 00:33:08.197482][I][setScimitarMenu] Success
[2020/07/29 00:33:08.206503][I][setZigbeeMenu] Check Zigbee Menu
[2020/07/29 00:33:08.414698][I][sendCOMCommand] DUT <= 2
[2020/07/29 00:33:08.523331][I][sendCOMCommand] Serial buffer size: 22
[2020/07/29 00:33:09.045826][I][sendCOMCommand] DUT => 2
$2_Zigbee(EM357)>

[2020/07/29 00:33:09.055486][I][setZigbeeMenu] Success
[2020/07/29 00:33:09.058496][I][setTxStart] Set Tx start
[2020/07/29 00:33:11.320033][I][setTxStop] Set Tx stop
[2020/07/29 00:33:11.528466][I][sendCOMCommand] DUT <= 5
[2020/07/29 00:33:11.638514][I][sendCOMCommand] Serial buffer size: 170
[2020/07/29 00:33:12.163348][I][sendCOMCommand] DUT => [mfglib]Send Packet(100 bytes)
[mfglib]Send Packet(100 bytes)
5
ZigBee send packet test end.
Total number of emberStatus errors:0
$[0]
$DONE_OK
$2_Zigbee(EM357)>

[2020/07/29 00:33:12.172386][I][setTxStop] Success
[2020/07/29 00:33:15.948381][I][setZigbee_Tx] ZIGBEE_2450 CH: 24, Tx PWR: 0 dBm
[2020/07/29 00:33:15.951375][I][setScimitarMenu] Set Scimitar menu
[2020/07/29 00:33:16.157478][I][sendCOMCommand] DUT <= x
[2020/07/29 00:33:16.268572][I][sendCOMCommand] Serial buffer size: 7
[2020/07/29 00:33:16.791660][I][sendCOMCommand] DUT => x
$>

[2020/07/29 00:33:16.801522][I][setScimitarMenu] Success
[2020/07/29 00:33:16.805139][I][setZigbeeMenu] Check Zigbee Menu
[2020/07/29 00:33:17.010228][I][sendCOMCommand] DUT <= 2
[2020/07/29 00:33:17.119379][I][sendCOMCommand] Serial buffer size: 22
[2020/07/29 00:33:17.643990][I][sendCOMCommand] DUT => 2
$2_Zigbee(EM357)>

[2020/07/29 00:33:17.653057][I][setZigbeeMenu] Success
[2020/07/29 00:33:17.657030][I][setZigbee_Tx] Set Diagnostics Menu
[2020/07/29 00:33:17.861230][I][sendCOMCommand] DUT <= d
[2020/07/29 00:33:17.978432][I][sendCOMCommand] Serial buffer size: 22
[2020/07/29 00:33:18.501183][I][sendCOMCommand] DUT => d
$2-d_Diagnostics>

[2020/07/29 00:33:18.509235][I][setZigbee_Tx] Success
[2020/07/29 00:33:18.513205][I][setZigbee_Tx] Set Channel Menu
[2020/07/29 00:33:18.718885][I][sendCOMCommand] DUT <= 2
[2020/07/29 00:33:18.836758][I][sendCOMCommand] Serial buffer size: 66
[2020/07/29 00:33:19.359589][I][sendCOMCommand] DUT => 2
$2-d-2_Set Channel (11 => 26) [0B - 1A by HEX]>
$PARAMETER?>

[2020/07/29 00:33:19.367558][I][setZigbee_Tx] Success
[2020/07/29 00:33:19.371602][I][setZigbee_Tx] Set Channel
[2020/07/29 00:33:19.577112][I][sendCOMCommand] DUT <= 18
[2020/07/29 00:33:19.685465][I][sendCOMCommand] Serial buffer size: 53
[2020/07/29 00:33:20.206499][I][sendCOMCommand] DUT => Set Channel: 24 (0x18)
$DONE_OK
$2-d_Diagnostics>

[2020/07/29 00:33:20.223569][I][setZigbee_Tx] Success
[2020/07/29 00:33:20.232582][I][setZigbee_Tx] Set PWR Menu
[2020/07/29 00:33:20.440181][I][sendCOMCommand] DUT <= 3
[2020/07/29 00:33:20.548626][I][sendCOMCommand] Serial buffer size: 79
[2020/07/29 00:33:21.070945][I][sendCOMCommand] DUT => 3
$2-d-3_Set Power (-32 => +8dBm, Step=1dB) [-2B - 08 by HEX]>
$PARAMETER?>

[2020/07/29 00:33:21.080962][I][setZigbee_Tx] Success
[2020/07/29 00:33:21.084970][I][setZigbee_Tx] Set Tx PWR
[2020/07/29 00:33:21.290902][I][sendCOMCommand] DUT <= 00
[2020/07/29 00:33:21.408720][I][sendCOMCommand] Serial buffer size: 50
[2020/07/29 00:33:21.931667][I][sendCOMCommand] DUT => Set Power: 0 (0x00)
$DONE_OK
$2-d_Diagnostics>

[2020/07/29 00:33:21.939638][I][setZigbee_Tx] Success
[2020/07/29 00:33:21.951717][I][setScimitarMenu] Set Scimitar menu
[2020/07/29 00:33:22.158326][I][sendCOMCommand] DUT <= x
[2020/07/29 00:33:22.276272][I][sendCOMCommand] Serial buffer size: 22
[2020/07/29 00:33:22.790552][I][sendCOMCommand] DUT => x
$2_Zigbee(EM357)>

[2020/07/29 00:33:23.000883][I][sendCOMCommand] DUT <= x
[2020/07/29 00:33:23.118216][I][sendCOMCommand] Serial buffer size: 7
[2020/07/29 00:33:23.631751][I][sendCOMCommand] DUT => x
$>

[2020/07/29 00:33:23.639724][I][setScimitarMenu] Success
[2020/07/29 00:33:23.643735][I][setZigbeeMenu] Check Zigbee Menu
[2020/07/29 00:33:23.849600][I][sendCOMCommand] DUT <= 2
[2020/07/29 00:33:23.967874][I][sendCOMCommand] Serial buffer size: 22
[2020/07/29 00:33:24.481756][I][sendCOMCommand] DUT => 2
$2_Zigbee(EM357)>

[2020/07/29 00:33:24.490788][I][setZigbeeMenu] Success
[2020/07/29 00:33:24.495375][I][setTxStart] Set Tx start
[2020/07/29 00:33:26.743462][I][setTxStop] Set Tx stop
[2020/07/29 00:33:26.951784][I][sendCOMCommand] DUT <= 5
[2020/07/29 00:33:27.059899][I][sendCOMCommand] Serial buffer size: 170
[2020/07/29 00:33:27.583998][I][sendCOMCommand] DUT => [mfglib]Send Packet(100 bytes)
[mfglib]Send Packet(100 bytes)
5
ZigBee send packet test end.
Total number of emberStatus errors:0
$[0]
$DONE_OK
$2_Zigbee(EM357)>

[2020/07/29 00:33:27.593066][I][setTxStop] Success
[2020/07/29 00:33:27.619310][I][setZigbee_Tx] ZIGBEE_2450 CH: 24, Tx PWR: -1 dBm
[2020/07/29 00:33:27.623348][I][setScimitarMenu] Set Scimitar menu
[2020/07/29 00:33:27.829644][I][sendCOMCommand] DUT <= x
[2020/07/29 00:33:27.947689][I][sendCOMCommand] Serial buffer size: 3
[2020/07/29 00:33:28.464831][I][sendCOMCommand] DUT => x
$>

[2020/07/29 00:33:28.472800][I][setScimitarMenu] Success
[2020/07/29 00:33:28.477813][I][setZigbeeMenu] Check Zigbee Menu
[2020/07/29 00:33:28.683294][I][sendCOMCommand] DUT <= 2
[2020/07/29 00:33:28.794083][I][sendCOMCommand] Serial buffer size: 22
[2020/07/29 00:33:29.309569][I][sendCOMCommand] DUT => 2
$2_Zigbee(EM357)>

[2020/07/29 00:33:29.326554][I][setZigbeeMenu] Success
[2020/07/29 00:33:29.338360][I][setZigbee_Tx] Set Diagnostics Menu
[2020/07/29 00:33:29.547030][I][sendCOMCommand] DUT <= d
[2020/07/29 00:33:29.655826][I][sendCOMCommand] Serial buffer size: 22
[2020/07/29 00:33:30.178950][I][sendCOMCommand] DUT => d
$2-d_Diagnostics>

[2020/07/29 00:33:30.190023][I][setZigbee_Tx] Success
[2020/07/29 00:33:30.195586][I][setZigbee_Tx] Set Channel Menu
[2020/07/29 00:33:30.400944][I][sendCOMCommand] DUT <= 2
[2020/07/29 00:33:30.520014][I][sendCOMCommand] Serial buffer size: 66
[2020/07/29 00:33:31.035569][I][sendCOMCommand] DUT => 2
$2-d-2_Set Channel (11 => 26) [0B - 1A by HEX]>
$PARAMETER?>

[2020/07/29 00:33:31.043573][I][setZigbee_Tx] Success
[2020/07/29 00:33:31.048902][I][setZigbee_Tx] Set Channel
[2020/07/29 00:33:31.253780][I][sendCOMCommand] DUT <= 18
[2020/07/29 00:33:31.372241][I][sendCOMCommand] Serial buffer size: 53
[2020/07/29 00:33:31.898371][I][sendCOMCommand] DUT => Set Channel: 24 (0x18)
$DONE_OK
$2-d_Diagnostics>

[2020/07/29 00:33:31.914405][I][setZigbee_Tx] Success
[2020/07/29 00:33:31.922476][I][setZigbee_Tx] Set PWR Menu
[2020/07/29 00:33:32.127365][I][sendCOMCommand] DUT <= 3
[2020/07/29 00:33:32.235643][I][sendCOMCommand] Serial buffer size: 79
[2020/07/29 00:33:32.762468][I][sendCOMCommand] DUT => 3
$2-d-3_Set Power (-32 => +8dBm, Step=1dB) [-2B - 08 by HEX]>
$PARAMETER?>

[2020/07/29 00:33:32.778547][I][setZigbee_Tx] Success
[2020/07/29 00:33:32.788533][I][setZigbee_Tx] Set Tx PWR
[2020/07/29 00:33:32.997046][I][sendCOMCommand] DUT <= FF
[2020/07/29 00:33:33.107510][I][sendCOMCommand] Serial buffer size: 57
[2020/07/29 00:33:33.622811][I][sendCOMCommand] DUT => Set Power: -1 (0xFFFFFFFF)
$DONE_OK
$2-d_Diagnostics>

[2020/07/29 00:33:33.632816][I][setZigbee_Tx] Success
[2020/07/29 00:33:33.643810][I][setScimitarMenu] Set Scimitar menu
[2020/07/29 00:33:33.850094][I][sendCOMCommand] DUT <= x
[2020/07/29 00:33:33.967427][I][sendCOMCommand] Serial buffer size: 22
[2020/07/29 00:33:34.490960][I][sendCOMCommand] DUT => x
$2_Zigbee(EM357)>

[2020/07/29 00:33:34.700528][I][sendCOMCommand] DUT <= x
[2020/07/29 00:33:34.818365][I][sendCOMCommand] Serial buffer size: 7
[2020/07/29 00:33:35.342697][I][sendCOMCommand] DUT => x
$>

[2020/07/29 00:33:35.359693][I][setScimitarMenu] Success
[2020/07/29 00:33:35.370722][I][setZigbeeMenu] Check Zigbee Menu
[2020/07/29 00:33:35.579243][I][sendCOMCommand] DUT <= 2
[2020/07/29 00:33:35.689358][I][sendCOMCommand] Serial buffer size: 22
[2020/07/29 00:33:36.209090][I][sendCOMCommand] DUT => 2
$2_Zigbee(EM357)>

[2020/07/29 00:33:36.214136][I][setZigbeeMenu] Success
[2020/07/29 00:33:36.219129][I][setTxStart] Set Tx start
[2020/07/29 00:33:38.464041][I][setTxStop] Set Tx stop
[2020/07/29 00:33:38.672102][I][sendCOMCommand] DUT <= 5
[2020/07/29 00:33:38.781400][I][sendCOMCommand] Serial buffer size: 170
[2020/07/29 00:33:39.306736][I][sendCOMCommand] DUT => [mfglib]Send Packet(100 bytes)
[mfglib]Send Packet(100 bytes)
5
ZigBee send packet test end.
Total number of emberStatus errors:0
$[0]
$DONE_OK
$2_Zigbee(EM357)>

[2020/07/29 00:33:39.315706][I][setTxStop] Success
[2020/07/29 00:33:40.641280][I][setZigbee_Rx] ZIGBEE_2450 CH: 19
[2020/07/29 00:33:40.645252][I][setScimitarMenu] Set Scimitar menu
[2020/07/29 00:33:40.851693][I][sendCOMCommand] DUT <= x
[2020/07/29 00:33:40.969682][I][sendCOMCommand] Serial buffer size: 7
[2020/07/29 00:33:41.484179][I][sendCOMCommand] DUT => x
$>

[2020/07/29 00:33:41.493974][I][setScimitarMenu] Success
[2020/07/29 00:33:41.496983][I][setZigbeeMenu] Check Zigbee Menu
[2020/07/29 00:33:41.703242][I][sendCOMCommand] DUT <= 2
[2020/07/29 00:33:41.815970][I][sendCOMCommand] Serial buffer size: 22
[2020/07/29 00:33:42.330592][I][sendCOMCommand] DUT => 2
$2_Zigbee(EM357)>

[2020/07/29 00:33:42.338641][I][setZigbeeMenu] Success
[2020/07/29 00:33:42.343618][I][setZigbee_Rx] Set Diagnostics Menu
[2020/07/29 00:33:42.549797][I][sendCOMCommand] DUT <= d
[2020/07/29 00:33:42.667922][I][sendCOMCommand] Serial buffer size: 22
[2020/07/29 00:33:43.184526][I][sendCOMCommand] DUT => d
$2-d_Diagnostics>

[2020/07/29 00:33:43.190128][I][setZigbee_Rx] Success
[2020/07/29 00:33:43.195145][I][setZigbee_Rx] Set Channel Menu
[2020/07/29 00:33:43.400363][I][sendCOMCommand] DUT <= 2
[2020/07/29 00:33:43.508678][I][sendCOMCommand] Serial buffer size: 66
[2020/07/29 00:33:44.033908][I][sendCOMCommand] DUT => 2
$2-d-2_Set Channel (11 => 26) [0B - 1A by HEX]>
$PARAMETER?>

[2020/07/29 00:33:44.042940][I][setZigbee_Rx] Success
[2020/07/29 00:33:44.046948][I][setZigbee_Rx] Set Channel
[2020/07/29 00:33:44.252960][I][sendCOMCommand] DUT <= 13
[2020/07/29 00:33:44.370735][I][sendCOMCommand] Serial buffer size: 53
[2020/07/29 00:33:44.895756][I][sendCOMCommand] DUT => Set Channel: 19 (0x13)
$DONE_OK
$2-d_Diagnostics>

[2020/07/29 00:33:44.912752][I][setZigbee_Rx] Success
[2020/07/29 00:33:44.928357][I][setZigbeeLNAMode] LNA Mode: 1
[2020/07/29 00:33:44.933784][I][setScimitarMenu] Set Scimitar menu
[2020/07/29 00:33:45.140356][I][sendCOMCommand] DUT <= x
[2020/07/29 00:33:45.248682][I][sendCOMCommand] Serial buffer size: 22
[2020/07/29 00:33:45.772842][I][sendCOMCommand] DUT => x
$2_Zigbee(EM357)>

[2020/07/29 00:33:45.982549][I][sendCOMCommand] DUT <= x
[2020/07/29 00:33:46.100751][I][sendCOMCommand] Serial buffer size: 7
[2020/07/29 00:33:46.616804][I][sendCOMCommand] DUT => x
$>

[2020/07/29 00:33:46.624776][I][setScimitarMenu] Success
[2020/07/29 00:33:46.629790][I][setZigbeeMenu] Check Zigbee Menu
[2020/07/29 00:33:46.835536][I][sendCOMCommand] DUT <= 2
[2020/07/29 00:33:46.946135][I][sendCOMCommand] Serial buffer size: 22
[2020/07/29 00:33:47.460971][I][sendCOMCommand] DUT => 2
$2_Zigbee(EM357)>

[2020/07/29 00:33:47.468945][I][setZigbeeMenu] Success
[2020/07/29 00:33:47.474295][I][setZigbeeLNAMode] Set GPIO Write Menu
[2020/07/29 00:33:47.679752][I][sendCOMCommand] DUT <= 3
[2020/07/29 00:33:47.797244][I][sendCOMCommand] Serial buffer size: 28
[2020/07/29 00:33:48.319766][I][sendCOMCommand] DUT => 3
$2-3_ZigBee GPIO Write>

[2020/07/29 00:33:48.328815][I][setZigbeeLNAMode] Success
[2020/07/29 00:33:48.333819][I][setZigbeeLNAMode] Set LNA Mode
[2020/07/29 00:33:48.539165][I][sendCOMCommand] DUT <= 3
[2020/07/29 00:33:48.658004][I][sendCOMCommand] Serial buffer size: 106
[2020/07/29 00:33:49.173217][I][sendCOMCommand] DUT => 3
[EZSP]Setting GPIO was successful. (portPin=3, cfg=1, out=0)
$[0]
$DONE_OK
$2-3_ZigBee GPIO Write>

[2020/07/29 00:33:49.383955][I][sendCOMCommand] DUT <= 3
[2020/07/29 00:33:49.502370][I][sendCOMCommand] Serial buffer size: 106
[2020/07/29 00:33:50.016952][I][sendCOMCommand] DUT => 3
[EZSP]Setting GPIO was successful. (portPin=3, cfg=1, out=1)
$[1]
$DONE_OK
$2-3_ZigBee GPIO Write>

[2020/07/29 00:33:50.027017][I][setZigbeeLNAMode] Success
[2020/07/29 00:33:51.045357][I][getRxResult] Get Rx Result
[2020/07/29 00:33:51.053386][I][setScimitarMenu] Set Scimitar menu
[2020/07/29 00:33:51.259624][I][sendCOMCommand] DUT <= x
[2020/07/29 00:33:51.378041][I][sendCOMCommand] Serial buffer size: 22
[2020/07/29 00:33:51.895486][I][sendCOMCommand] DUT => x
$2_Zigbee(EM357)>

[2020/07/29 00:33:52.113795][I][sendCOMCommand] DUT <= x
[2020/07/29 00:33:52.222970][I][sendCOMCommand] Serial buffer size: 7
[2020/07/29 00:33:52.740177][I][sendCOMCommand] DUT => x
$>

[2020/07/29 00:33:52.746176][I][setScimitarMenu] Success
[2020/07/29 00:33:52.753202][I][setZigbeeMenu] Check Zigbee Menu
[2020/07/29 00:33:52.960175][I][sendCOMCommand] DUT <= 2
[2020/07/29 00:33:53.070059][I][sendCOMCommand] Serial buffer size: 22
[2020/07/29 00:33:53.583874][I][sendCOMCommand] DUT => 2
$2_Zigbee(EM357)>

[2020/07/29 00:33:53.592941][I][setZigbeeMenu] Success
[2020/07/29 00:33:53.799451][I][sendCOMCommand] DUT <= b
[2020/07/29 00:33:53.917772][I][sendCOMCommand] Serial buffer size: 32
[2020/07/29 00:33:54.036672][W][sendCOMCommand] Buffer not empty!!!
[2020/07/29 00:33:54.044657][I][sendCOMCommand] Serial buffer size: 179
[2020/07/29 00:33:54.151286][W][sendCOMCommand] Buffer not empty!!!
[2020/07/29 00:33:54.157287][I][sendCOMCommand] Serial buffer size: 2
[2020/07/29 00:33:54.566263][W][sendCOMCommand] Buffer not empty!!!
[2020/07/29 00:33:54.575538][I][sendCOMCommand] Serial buffer size: 29
[2020/07/29 00:33:55.089237][I][sendCOMCommand] DUT => b
ZigBee get Rssi test start.
Start Scan ... (Channel: 19 (0x13) duration:2 mask:00080000)
Channel: 19 (0x13), Rssi:-15
Total OK!    OOO   K  K   !
            O   O  K K    !
            O   O  KK     !
            O   O  K K     
             OOO   K  Kk  !
$[-15]
$DONE_OK
$2_Zigbee(EM357)>

[2020/07/29 00:33:55.187889][I][setZigbee_Rx] ZIGBEE_2450 CH: 19
[2020/07/29 00:33:55.193457][I][setScimitarMenu] Set Scimitar menu
[2020/07/29 00:33:55.398624][I][sendCOMCommand] DUT <= x
[2020/07/29 00:33:55.508719][I][sendCOMCommand] Serial buffer size: 7
[2020/07/29 00:33:56.033524][I][sendCOMCommand] DUT => x
$>

[2020/07/29 00:33:56.042544][I][setScimitarMenu] Success
[2020/07/29 00:33:56.046550][I][setZigbeeMenu] Check Zigbee Menu
[2020/07/29 00:33:56.252627][I][sendCOMCommand] DUT <= 2
[2020/07/29 00:33:56.366278][I][sendCOMCommand] Serial buffer size: 22
[2020/07/29 00:33:56.878579][I][sendCOMCommand] DUT => 2
$2_Zigbee(EM357)>

[2020/07/29 00:33:56.895600][I][setZigbeeMenu] Success
[2020/07/29 00:33:56.902633][I][setZigbee_Rx] Set Diagnostics Menu
[2020/07/29 00:33:57.109557][I][sendCOMCommand] DUT <= d
[2020/07/29 00:33:57.220779][I][sendCOMCommand] Serial buffer size: 22
[2020/07/29 00:33:57.734218][I][sendCOMCommand] DUT => d
$2-d_Diagnostics>

[2020/07/29 00:33:57.745110][I][setZigbee_Rx] Success
[2020/07/29 00:33:57.749122][I][setZigbee_Rx] Set Channel Menu
[2020/07/29 00:33:57.957176][I][sendCOMCommand] DUT <= 2
[2020/07/29 00:33:58.070875][I][sendCOMCommand] Serial buffer size: 66
[2020/07/29 00:33:58.584523][I][sendCOMCommand] DUT => 2
$2-d-2_Set Channel (11 => 26) [0B - 1A by HEX]>
$PARAMETER?>

[2020/07/29 00:33:58.592495][I][setZigbee_Rx] Success
[2020/07/29 00:33:58.596505][I][setZigbee_Rx] Set Channel
[2020/07/29 00:33:58.802330][I][sendCOMCommand] DUT <= 13
[2020/07/29 00:33:58.920399][I][sendCOMCommand] Serial buffer size: 34
[2020/07/29 00:33:59.445875][I][sendCOMCommand] DUT => Set Channel: 19 (0x13)
$DONE_OK
$2-d_Diagnostics>

[2020/07/29 00:33:59.454907][I][setZigbee_Rx] Success
[2020/07/29 00:33:59.462881][I][setZigbeeLNAMode] LNA Mode: 0
[2020/07/29 00:33:59.467895][I][setScimitarMenu] Set Scimitar menu
[2020/07/29 00:33:59.673329][I][sendCOMCommand] DUT <= x
[2020/07/29 00:33:59.791874][I][sendCOMCommand] Serial buffer size: 22
[2020/07/29 00:34:00.315095][I][sendCOMCommand] DUT => x
$2_Zigbee(EM357)>

[2020/07/29 00:34:00.525359][I][sendCOMCommand] DUT <= x
[2020/07/29 00:34:00.644399][I][sendCOMCommand] Serial buffer size: 7
[2020/07/29 00:34:01.158627][I][sendCOMCommand] DUT => x
$>

[2020/07/29 00:34:01.166640][I][setScimitarMenu] Success
[2020/07/29 00:34:01.171653][I][setZigbeeMenu] Check Zigbee Menu
[2020/07/29 00:34:01.377131][I][sendCOMCommand] DUT <= 2
[2020/07/29 00:34:01.495599][I][sendCOMCommand] Serial buffer size: 22
[2020/07/29 00:34:02.010243][I][sendCOMCommand] DUT => 2
$2_Zigbee(EM357)>

[2020/07/29 00:34:02.021009][I][setZigbeeMenu] Success
[2020/07/29 00:34:02.024019][I][setZigbeeLNAMode] Set GPIO Write Menu
[2020/07/29 00:34:02.229856][I][sendCOMCommand] DUT <= 3
[2020/07/29 00:34:02.348549][I][sendCOMCommand] Serial buffer size: 28
[2020/07/29 00:34:02.862944][I][sendCOMCommand] DUT => 3
$2-3_ZigBee GPIO Write>

[2020/07/29 00:34:02.872965][I][setZigbeeLNAMode] Success
[2020/07/29 00:34:02.876935][I][setZigbeeLNAMode] Set LNA Mode
[2020/07/29 00:34:03.083031][I][sendCOMCommand] DUT <= 3
[2020/07/29 00:34:03.191652][I][sendCOMCommand] Serial buffer size: 106
[2020/07/29 00:34:03.708029][I][sendCOMCommand] DUT => 3
[EZSP]Setting GPIO was successful. (portPin=3, cfg=1, out=0)
$[0]
$DONE_OK
$2-3_ZigBee GPIO Write>

[2020/07/29 00:34:03.718046][I][setZigbeeLNAMode] Success
[2020/07/29 00:34:04.736200][I][getRxResult] Get Rx Result
[2020/07/29 00:34:04.743265][I][setScimitarMenu] Set Scimitar menu
[2020/07/29 00:34:04.950273][I][sendCOMCommand] DUT <= x
[2020/07/29 00:34:05.068240][I][sendCOMCommand] Serial buffer size: 22
[2020/07/29 00:34:05.592855][I][sendCOMCommand] DUT => x
$2_Zigbee(EM357)>

[2020/07/29 00:34:05.802432][I][sendCOMCommand] DUT <= x
[2020/07/29 00:34:05.918021][I][sendCOMCommand] Serial buffer size: 7
[2020/07/29 00:34:06.443672][I][sendCOMCommand] DUT => x
$>

[2020/07/29 00:34:06.451683][I][setScimitarMenu] Success
[2020/07/29 00:34:06.456751][I][setZigbeeMenu] Check Zigbee Menu
[2020/07/29 00:34:06.662947][I][sendCOMCommand] DUT <= 2
[2020/07/29 00:34:06.780698][I][sendCOMCommand] Serial buffer size: 22
[2020/07/29 00:34:07.292625][I][sendCOMCommand] DUT => 2
$2_Zigbee(EM357)>

[2020/07/29 00:34:07.298596][I][setZigbeeMenu] Success
[2020/07/29 00:34:07.505030][I][sendCOMCommand] DUT <= b
[2020/07/29 00:34:07.623263][I][sendCOMCommand] Serial buffer size: 32
[2020/07/29 00:34:07.732855][W][sendCOMCommand] Buffer not empty!!!
[2020/07/29 00:34:07.749900][I][sendCOMCommand] Serial buffer size: 183
[2020/07/29 00:34:08.265610][I][sendCOMCommand] DUT => b
ZigBee get Rssi test start.
Start Scan ... (Channel: 19 (0x13) duration:2 mask:00080000)
Channel: 19 (0x13), Rssi:-28
Total OK!    OOO   K  K   !
            O   O  K K    !
            O   O  KK     !
            O   O  K K     
             OOO   K  Kk  !
$[-28]

[2020/07/29 00:34:08.754138][I][disconnectDUT] Disconnect DUT success
