[2020/07/28 20:06:34.610899]========== Start ==========
[2020/07/28 20:06:34.612909][I][class_E6640A_ZIGBEE] Initial class_E6640A_ZIGBEE
[2020/07/28 20:06:34.614915][I][class_E6640A_ZIGBEE] Version: 3.0.0.2
[2020/07/28 20:06:34.620965][I][connect_E6640A] Connect to E6640A
[2020/07/28 20:06:34.632897][I][connect_E6640A] Resource Manager of Visa Library at C:\Windows\system32\visa64.dll
[2020/07/28 20:06:34.710103][I][queryEx] E6640A <= *IDN?
[2020/07/28 20:06:34.714151][I][queryEx] E6640A => Keysight Technologies,E6640A,MY57150246,E.19.71
[2020/07/28 20:06:34.716118][I][set_Preset] System reset
[2020/07/28 20:06:34.718125][I][writeEx] E6640A <= *RST
[2020/07/28 20:06:34.721167][I][writeEx] E6640A <= *CLS
[2020/07/28 20:06:34.723138][I][writeEx] E6640A <= SYST:PRES
[2020/07/28 20:06:35.025942][I][queryEx] E6640A <= *OPC?
[2020/07/28 20:06:36.164122][I][queryEx] E6640A => 1
[2020/07/28 20:06:36.173093][I][set_Preset] System reset
[2020/07/28 20:06:36.175099][I][writeEx] E6640A <= *RST
[2020/07/28 20:06:36.178132][I][writeEx] E6640A <= *CLS
[2020/07/28 20:06:36.181086][I][writeEx] E6640A <= SYST:PRES
[2020/07/28 20:06:36.485439][I][queryEx] E6640A <= *OPC?
[2020/07/28 20:06:37.238774][I][queryEx] E6640A => 1
[2020/07/28 20:06:37.601331][I][set_Preset] System reset
[2020/07/28 20:06:37.603369][I][writeEx] E6640A <= *RST
[2020/07/28 20:06:37.606348][I][writeEx] E6640A <= *CLS
[2020/07/28 20:06:37.610390][I][writeEx] E6640A <= SYST:PRES
[2020/07/28 20:06:37.915113][I][queryEx] E6640A <= *OPC?
[2020/07/28 20:06:38.673511][I][queryEx] E6640A => 1
[2020/07/28 20:06:38.688678][I][set_Tx_Start] Set Tx start
[2020/07/28 20:06:38.690686][I][set_RFI_Port] Set input port
[2020/07/28 20:06:38.693702][I][writeEx] E6640A <= :FEED:RF:PORT:INPut RFIO1
[2020/07/28 20:06:38.696709][I][queryEx] E6640A <= :FEED:RF:PORT:INPut?
[2020/07/28 20:06:38.702773][I][queryEx] E6640A => RFIO1
[2020/07/28 20:06:38.704781][I][set_Modulation_Analysis] Set measurement function
[2020/07/28 20:06:38.708826][I][writeEx] E6640A <= INST:SEL VSA
[2020/07/28 20:06:39.012621][I][queryEx] E6640A <= *OPC?
[2020/07/28 20:06:39.021957][I][queryEx] E6640A => 1
[2020/07/28 20:06:39.025969][I][queryEx] E6640A <= INST:SEL?
[2020/07/28 20:06:39.031220][I][queryEx] E6640A => VSA
[2020/07/28 20:06:39.035260][I][writeEx] E6640A <= :CONFigure:DDEMod
[2020/07/28 20:06:39.339798][I][queryEx] E6640A <= *OPC?
[2020/07/28 20:06:39.536113][I][queryEx] E6640A => 1
[2020/07/28 20:06:39.547136][I][init_Zigbee_Mode] Initial Zigbee mode
[2020/07/28 20:06:39.553917][I][writeEx] E6640A <= :DDEM:STAN:PRES ZIGBEE2450
[2020/07/28 20:06:39.856745][I][queryEx] E6640A <= *OPC?
[2020/07/28 20:06:39.864765][I][queryEx] E6640A => 1
[2020/07/28 20:06:39.868786][I][set_Continue] Set continue
[2020/07/28 20:06:39.872822][I][writeEx] E6640A <= :INIT:CONT ON
[2020/07/28 20:06:39.875794][I][set_Freq] Set frequence
[2020/07/28 20:06:39.879804][I][writeEx] E6640A <= :FREQuency:CENTer 2425.0 MHz
[2020/07/28 20:06:39.882812][I][set_XScale_Span] Set frequence span
[2020/07/28 20:06:39.885819][I][writeEx] E6640A <= :FREQuency:SPAN 10000.000000 KHZ
[2020/07/28 20:06:39.890836][I][set_Power_Range] Get power range
[2020/07/28 20:06:39.893842][I][writeEx] E6640A <= :POW:RANG 20.000000
[2020/07/28 20:06:39.896849][I][set_Symbol_Rate] Get symbol rate
[2020/07/28 20:06:39.900862][I][writeEx] E6640A <= :DDEMod:SRATe 1000.000000 kHz
[2020/07/28 20:06:39.903868][I][set_Meas_Interval] Get meas interval
[2020/07/28 20:06:39.906876][I][writeEx] E6640A <= :DDEMod:SWEep:POINts 500
[2020/07/28 20:06:39.911890][I][set_Zigbee_TX_BandPower] Set marker function
[2020/07/28 20:06:39.914897][I][writeEx] E6640A <= CALC:DDEMod:MARK1:MODE POS
[2020/07/28 20:06:39.917905][I][writeEx] E6640A <= CALC:DDEMod:MARK1:TRAC 2
[2020/07/28 20:06:39.921964][I][writeEx] E6640A <= CALC:DDEMod:MARK1:FUNC BPOW
[2020/07/28 20:06:39.925928][I][writeEx] E6640A <= CALC:DDEMod:MARK1:FUNC:BPOW:CTYP MEAN
[2020/07/28 20:06:39.928936][I][writeEx] E6640A <= CALC:DDEMod:MARK1:FUNC:BAND:CENT 2425000000.000000
[2020/07/28 20:06:40.233813][I][queryEx] E6640A <= *OPC?
[2020/07/28 20:06:40.240764][I][queryEx] E6640A => 1
[2020/07/28 20:06:40.244819][I][queryEx] E6640A <= CALC:DDEMod:MARK1:FUNC:BAND:CENT?
[2020/07/28 20:06:40.250790][I][queryEx] E6640A => 2.425000000E+09
[2020/07/28 20:06:40.255842][I][writeEx] E6640A <= CALC:DDEMod:MARK1:FUNC:BAND:SPAN 10000000.000000
[2020/07/28 20:06:40.560614][I][queryEx] E6640A <= *OPC?
[2020/07/28 20:06:40.569438][I][queryEx] E6640A => 1
[2020/07/28 20:06:40.573454][I][set_Trigger_Video] Set trigger video
[2020/07/28 20:06:40.577465][I][writeEx] E6640A <= TRIG:DDEM:SOUR VID
[2020/07/28 20:06:40.882678][I][queryEx] E6640A <= *OPC?
[2020/07/28 20:06:40.893538][I][queryEx] E6640A => 1
[2020/07/28 20:06:40.898000][I][set_Trigger_Level] Set trigger level
[2020/07/28 20:06:40.901012][I][writeEx] E6640A <= :TRIGger:VIDeo:LEVel 30.000000 mV
[2020/07/28 20:06:40.905040][I][set_Trigger_Delay] Set trigger delay
[2020/07/28 20:06:40.909076][I][writeEx] E6640A <= :TRIGger:VIDeo:DELay:STATe ON
[2020/07/28 20:06:40.913046][I][queryEx] E6640A <= :TRIGger:VIDeo:DELay:STATe?
[2020/07/28 20:06:40.971549][I][queryEx] E6640A => 1
[2020/07/28 20:06:40.978576][I][writeEx] E6640A <= :TRIGger:VIDeo:DELay:STATe ON
[2020/07/28 20:06:40.984604][I][writeEx] E6640A <= :TRIGger:VIDeo:DELay 0.300000 ms
[2020/07/28 20:06:40.990632][I][init_Trigger_Reg] Initial trigger status register
[2020/07/28 20:06:40.995658][I][writeEx] E6640A <= *CLS
[2020/07/28 20:06:41.000666][I][writeEx] E6640A <= :STATus:PRESet
[2020/07/28 20:06:41.005683][I][writeEx] E6640A <= *SRE 192
[2020/07/28 20:06:41.009693][I][writeEx] E6640A <= :STATus:OPERation:ENABle 32
[2020/07/28 20:06:41.014719][I][writeEx] E6640A <= *CLS
[2020/07/28 20:06:41.018680][I][queryEx] E6640A <= *STB?
[2020/07/28 20:06:41.059902][I][queryEx] E6640A => 0
[2020/07/28 20:06:41.065089][I][init_Trigger_Reg] Status: 0
[2020/07/28 20:06:50.078384][I][chk_Tx_Result] Check Tx result
[2020/07/28 20:06:50.082360][I][get_Trigger_Status] Get trigger status
[2020/07/28 20:06:50.086371][I][queryEx] E6640A <= *STB?
[2020/07/28 20:06:50.093394][I][queryEx] E6640A => 192
[2020/07/28 20:06:50.097400][I][get_Trigger_Status] Status: 192
[2020/07/28 20:06:50.102415]Is triggered!
[2020/07/28 20:06:50.105454][I][writeEx] E6640A <= *CLS
[2020/07/28 20:06:50.109432][I][set_Continue] Set continue
[2020/07/28 20:06:50.113443][I][writeEx] E6640A <= :INIT:CONT ON
[2020/07/28 20:06:50.217784][I][set_Single] Set single
[2020/07/28 20:06:50.222734][I][writeEx] E6640A <= :INIT:CONT OFF
[2020/07/28 20:06:50.226771][I][set_Zigbee_TX_BandPower] Set marker function
[2020/07/28 20:06:50.230758][I][writeEx] E6640A <= CALC:DDEMod:MARK1:MODE POS
[2020/07/28 20:06:50.234764][I][writeEx] E6640A <= CALC:DDEMod:MARK1:TRAC 2
[2020/07/28 20:06:50.239786][I][writeEx] E6640A <= CALC:DDEMod:MARK1:FUNC BPOW
[2020/07/28 20:06:50.243788][I][writeEx] E6640A <= CALC:DDEMod:MARK1:FUNC:BPOW:CTYP MEAN
[2020/07/28 20:06:50.247800][I][writeEx] E6640A <= CALC:DDEMod:MARK1:FUNC:BAND:CENT 2425000000.000000
[2020/07/28 20:06:50.552522][I][queryEx] E6640A <= *OPC?
[2020/07/28 20:06:50.563558][I][queryEx] E6640A => 1
[2020/07/28 20:06:50.566564][I][queryEx] E6640A <= CALC:DDEMod:MARK1:FUNC:BAND:CENT?
[2020/07/28 20:06:50.573584][I][queryEx] E6640A => 2.425000000E+09
[2020/07/28 20:06:50.577594][I][writeEx] E6640A <= CALC:DDEMod:MARK1:FUNC:BAND:SPAN 10000000.000000
[2020/07/28 20:06:50.882594][I][queryEx] E6640A <= *OPC?
[2020/07/28 20:06:50.893466][I][queryEx] E6640A => 1
[2020/07/28 20:06:50.896459][I][get_Power] Get Tx power
[2020/07/28 20:06:50.900488][I][queryEx] E6640A <= :CALC:DDEMod:MARK1:Y?
[2020/07/28 20:06:50.906033][I][queryEx] E6640A => 1.979399886E+00
[2020/07/28 20:06:50.910044][I][chk_Tx_Result] Tx power(add loss: 8.200000) = 10.179000 dBm
[2020/07/28 20:06:50.914847][I][read_DDEMod_Array] Read measurement result
[2020/07/28 20:06:50.917887][I][queryEx] E6640A <= :READ:DDEMod?
[2020/07/28 20:06:51.065456][I][queryEx] E6640A => 1.464741039E+01,4.030435181E+01,2.230000000E+02,3.640588284E+00,1.484463978E+01,2.030000000E+02,9.91E+37,9.91E+37,9.91E+37,3.274823725E-01,-8.994579315E-01,2.470000000E+02,1.193706512E+01,3.308973312E+01,2.230000000E+02,3.771755469E+04,9.91E+37,9.91E+37,9.91E+37,9.91E+37,9.91E+37,-5.107642365E+01,9.91E+37,9.575196505E-01,-4.184915498E-02,3.329543471E-01,9.91E+37,9.91E+37,9.91E+37,9.91E+37,9.91E+37,9.91E+37,9.91E+37,9.91E+37,9.91E+37,9.91E+37,9.91E+37,9.91E+37,9.91E+37,9.91E+37,9.91E+37,9.91E+37,9.91E+37,9.91E+37,9.91E+37,9.91E+37,9.91E+37,9.91E+37,9.91E+37,9.91E+37,9.91E+37,9.91E+37,9.91E+37,9.91E+37,9.91E+37,9.91E+37,9.91E+37,9.91E+37,9.91E+37,9.91E+37,9.91E+37,2.683917759E-03,-7.754460676E-04
[2020/07/28 20:06:51.070495][I][set_Continue] Set continue
[2020/07/28 20:06:51.074511][I][writeEx] E6640A <= :INIT:CONT ON
[2020/07/28 20:07:01.698037][I][chk_Tx_Result] Check Tx result
[2020/07/28 20:07:01.704662][I][get_Trigger_Status] Get trigger status
[2020/07/28 20:07:01.708683][I][queryEx] E6640A <= *STB?
[2020/07/28 20:07:01.715038][I][queryEx] E6640A => 192
[2020/07/28 20:07:01.719059][I][get_Trigger_Status] Status: 192
[2020/07/28 20:07:01.723126]Is triggered!
[2020/07/28 20:07:01.727102][I][writeEx] E6640A <= *CLS
[2020/07/28 20:07:01.732093][I][set_Continue] Set continue
[2020/07/28 20:07:01.736096][I][writeEx] E6640A <= :INIT:CONT ON
[2020/07/28 20:07:01.842143][I][set_Single] Set single
[2020/07/28 20:07:01.856177][I][writeEx] E6640A <= :INIT:CONT OFF
[2020/07/28 20:07:01.871255][I][set_Zigbee_TX_BandPower] Set marker function
[2020/07/28 20:07:01.880237][I][writeEx] E6640A <= CALC:DDEMod:MARK1:MODE POS
[2020/07/28 20:07:01.887574][I][writeEx] E6640A <= CALC:DDEMod:MARK1:TRAC 2
[2020/07/28 20:07:01.892632][I][writeEx] E6640A <= CALC:DDEMod:MARK1:FUNC BPOW
[2020/07/28 20:07:01.897604][I][writeEx] E6640A <= CALC:DDEMod:MARK1:FUNC:BPOW:CTYP MEAN
[2020/07/28 20:07:01.901653][I][writeEx] E6640A <= CALC:DDEMod:MARK1:FUNC:BAND:CENT 2425000000.000000
[2020/07/28 20:07:02.207934][I][queryEx] E6640A <= *OPC?
[2020/07/28 20:07:02.217219][I][queryEx] E6640A => 1
[2020/07/28 20:07:02.222242][I][queryEx] E6640A <= CALC:DDEMod:MARK1:FUNC:BAND:CENT?
[2020/07/28 20:07:02.228254][I][queryEx] E6640A => 2.425000000E+09
[2020/07/28 20:07:02.232304][I][writeEx] E6640A <= CALC:DDEMod:MARK1:FUNC:BAND:SPAN 10000000.000000
[2020/07/28 20:07:02.538732][I][queryEx] E6640A <= *OPC?
[2020/07/28 20:07:02.549867][I][queryEx] E6640A => 1
[2020/07/28 20:07:02.553880][I][get_Power] Get Tx power
[2020/07/28 20:07:02.559931][I][queryEx] E6640A <= :CALC:DDEMod:MARK1:Y?
[2020/07/28 20:07:02.566267][I][queryEx] E6640A => 8.310307919E-01
[2020/07/28 20:07:02.571189][I][chk_Tx_Result] Tx power(add loss: 8.200000) = 9.031000 dBm
[2020/07/28 20:07:02.575198][I][read_DDEMod_Array] Read measurement result
[2020/07/28 20:07:02.580212][I][queryEx] E6640A <= :READ:DDEMod?
[2020/07/28 20:07:02.841861][I][queryEx] E6640A => 1.421623325E+01,4.266233826E+01,0.000000000E+00,3.593429089E+00,1.580656433E+01,0.000000000E+00,9.91E+37,9.91E+37,9.91E+37,5.949357152E-01,-1.246213913E+00,3.210000000E+02,1.157549477E+01,-3.507742691E+01,0.000000000E+00,3.769754297E+04,9.91E+37,9.91E+37,9.91E+37,9.91E+37,9.91E+37,-4.235030746E+01,9.91E+37,9.599022269E-01,2.455444820E-02,3.133871555E-01,9.91E+37,9.91E+37,9.91E+37,9.91E+37,9.91E+37,9.91E+37,9.91E+37,9.91E+37,9.91E+37,9.91E+37,9.91E+37,9.91E+37,9.91E+37,9.91E+37,9.91E+37,9.91E+37,9.91E+37,9.91E+37,9.91E+37,9.91E+37,9.91E+37,9.91E+37,9.91E+37,9.91E+37,9.91E+37,9.91E+37,9.91E+37,9.91E+37,9.91E+37,9.91E+37,9.91E+37,9.91E+37,9.91E+37,9.91E+37,9.91E+37,4.529364407E-03,-6.139303092E-03
[2020/07/28 20:07:02.848883][I][set_Continue] Set continue
[2020/07/28 20:07:02.852935][I][writeEx] E6640A <= :INIT:CONT ON
[2020/07/28 20:07:04.311490][I][set_Preset] System reset
[2020/07/28 20:07:04.315517][I][writeEx] E6640A <= *RST
[2020/07/28 20:07:04.321540][I][writeEx] E6640A <= *CLS
[2020/07/28 20:07:04.325721][I][writeEx] E6640A <= SYST:PRES
[2020/07/28 20:07:04.631577][I][queryEx] E6640A <= *OPC?
[2020/07/28 20:07:05.566711][I][queryEx] E6640A => 1
[2020/07/28 20:07:05.581012][I][set_Tx_Start] Set Tx start
[2020/07/28 20:07:05.584023][I][set_RFI_Port] Set input port
[2020/07/28 20:07:05.589040][I][writeEx] E6640A <= :FEED:RF:PORT:INPut RFIO1
[2020/07/28 20:07:05.594048][I][queryEx] E6640A <= :FEED:RF:PORT:INPut?
[2020/07/28 20:07:05.599386][I][queryEx] E6640A => RFIO1
[2020/07/28 20:07:05.604540][I][set_Modulation_Analysis] Set measurement function
[2020/07/28 20:07:05.607618][I][writeEx] E6640A <= INST:SEL VSA
[2020/07/28 20:07:05.913754][I][queryEx] E6640A <= *OPC?
[2020/07/28 20:07:05.924778][I][queryEx] E6640A => 1
[2020/07/28 20:07:05.928784][I][queryEx] E6640A <= INST:SEL?
[2020/07/28 20:07:05.935843][I][queryEx] E6640A => VSA
[2020/07/28 20:07:05.939813][I][writeEx] E6640A <= :CONFigure:DDEMod
[2020/07/28 20:07:06.245140][I][queryEx] E6640A <= *OPC?
[2020/07/28 20:07:06.423878][I][queryEx] E6640A => 1
[2020/07/28 20:07:06.428894][I][init_Zigbee_Mode] Initial Zigbee mode
[2020/07/28 20:07:06.433907][I][writeEx] E6640A <= :DDEM:STAN:PRES ZIGBEE2450
[2020/07/28 20:07:06.740287][I][queryEx] E6640A <= *OPC?
[2020/07/28 20:07:06.749782][I][queryEx] E6640A => 1
[2020/07/28 20:07:06.753830][I][set_Continue] Set continue
[2020/07/28 20:07:06.757840][I][writeEx] E6640A <= :INIT:CONT ON
[2020/07/28 20:07:06.762817][I][set_Freq] Set frequence
[2020/07/28 20:07:06.767828][I][writeEx] E6640A <= :FREQuency:CENTer 2455.0 MHz
[2020/07/28 20:07:06.770837][I][set_XScale_Span] Set frequence span
[2020/07/28 20:07:06.775850][I][writeEx] E6640A <= :FREQuency:SPAN 10000.000000 KHZ
[2020/07/28 20:07:06.779860][I][set_Power_Range] Get power range
[2020/07/28 20:07:06.784874][I][writeEx] E6640A <= :POW:RANG 20.000000
[2020/07/28 20:07:06.788884][I][set_Symbol_Rate] Get symbol rate
[2020/07/28 20:07:06.793930][I][writeEx] E6640A <= :DDEMod:SRATe 1000.000000 kHz
[2020/07/28 20:07:06.797908][I][set_Meas_Interval] Get meas interval
[2020/07/28 20:07:06.801919][I][writeEx] E6640A <= :DDEMod:SWEep:POINts 500
[2020/07/28 20:07:06.805936][I][set_Zigbee_TX_BandPower] Set marker function
[2020/07/28 20:07:06.810943][I][writeEx] E6640A <= CALC:DDEMod:MARK1:MODE POS
[2020/07/28 20:07:06.814954][I][writeEx] E6640A <= CALC:DDEMod:MARK1:TRAC 2
[2020/07/28 20:07:06.821008][I][writeEx] E6640A <= CALC:DDEMod:MARK1:FUNC BPOW
[2020/07/28 20:07:06.825982][I][writeEx] E6640A <= CALC:DDEMod:MARK1:FUNC:BPOW:CTYP MEAN
[2020/07/28 20:07:06.830034][I][writeEx] E6640A <= CALC:DDEMod:MARK1:FUNC:BAND:CENT 2455000000.000000
[2020/07/28 20:07:07.136294][I][queryEx] E6640A <= *OPC?
[2020/07/28 20:07:07.145821][I][queryEx] E6640A => 1
[2020/07/28 20:07:07.151119][I][queryEx] E6640A <= CALC:DDEMod:MARK1:FUNC:BAND:CENT?
[2020/07/28 20:07:07.159186][I][queryEx] E6640A => 2.455000000E+09
[2020/07/28 20:07:07.163154][I][writeEx] E6640A <= CALC:DDEMod:MARK1:FUNC:BAND:SPAN 10000000.000000
[2020/07/28 20:07:07.468797][I][queryEx] E6640A <= *OPC?
[2020/07/28 20:07:07.479925][I][queryEx] E6640A => 1
[2020/07/28 20:07:07.483942][I][set_Trigger_Video] Set trigger video
[2020/07/28 20:07:07.487952][I][writeEx] E6640A <= TRIG:DDEM:SOUR VID
[2020/07/28 20:07:07.793790][I][queryEx] E6640A <= *OPC?
[2020/07/28 20:07:07.804565][I][queryEx] E6640A => 1
[2020/07/28 20:07:07.808582][I][set_Trigger_Level] Set trigger level
[2020/07/28 20:07:07.813602][I][writeEx] E6640A <= :TRIGger:VIDeo:LEVel 30.000000 mV
[2020/07/28 20:07:07.817607][I][set_Trigger_Delay] Set trigger delay
[2020/07/28 20:07:07.822619][I][writeEx] E6640A <= :TRIGger:VIDeo:DELay:STATe ON
[2020/07/28 20:07:07.828636][I][queryEx] E6640A <= :TRIGger:VIDeo:DELay:STATe?
[2020/07/28 20:07:07.889167][I][queryEx] E6640A => 1
[2020/07/28 20:07:07.896222][I][writeEx] E6640A <= :TRIGger:VIDeo:DELay:STATe ON
[2020/07/28 20:07:07.902207][I][writeEx] E6640A <= :TRIGger:VIDeo:DELay 0.300000 ms
[2020/07/28 20:07:07.908222][I][init_Trigger_Reg] Initial trigger status register
[2020/07/28 20:07:07.914237][I][writeEx] E6640A <= *CLS
[2020/07/28 20:07:07.919250][I][writeEx] E6640A <= :STATus:PRESet
[2020/07/28 20:07:07.924264][I][writeEx] E6640A <= *SRE 192
[2020/07/28 20:07:07.928274][I][writeEx] E6640A <= :STATus:OPERation:ENABle 32
[2020/07/28 20:07:07.933657][I][writeEx] E6640A <= *CLS
[2020/07/28 20:07:07.937722][I][queryEx] E6640A <= *STB?
[2020/07/28 20:07:07.979307][I][queryEx] E6640A => 0
[2020/07/28 20:07:07.984322][I][init_Trigger_Reg] Status: 0
[2020/07/28 20:07:16.947992][I][chk_Tx_Result] Check Tx result
[2020/07/28 20:07:16.953997][I][get_Trigger_Status] Get trigger status
[2020/07/28 20:07:16.958007][I][queryEx] E6640A <= *STB?
[2020/07/28 20:07:16.965960][I][queryEx] E6640A => 192
[2020/07/28 20:07:16.970874][I][get_Trigger_Status] Status: 192
[2020/07/28 20:07:16.973885]Is triggered!
[2020/07/28 20:07:16.977954][I][writeEx] E6640A <= *CLS
[2020/07/28 20:07:16.982931][I][set_Continue] Set continue
[2020/07/28 20:07:16.986921][I][writeEx] E6640A <= :INIT:CONT ON
[2020/07/28 20:07:17.093607][I][set_Single] Set single
[2020/07/28 20:07:17.108701][I][writeEx] E6640A <= :INIT:CONT OFF
[2020/07/28 20:07:17.124697][I][set_Zigbee_TX_BandPower] Set marker function
[2020/07/28 20:07:17.134725][I][writeEx] E6640A <= CALC:DDEMod:MARK1:MODE POS
[2020/07/28 20:07:17.142745][I][writeEx] E6640A <= CALC:DDEMod:MARK1:TRAC 2
[2020/07/28 20:07:17.148760][I][writeEx] E6640A <= CALC:DDEMod:MARK1:FUNC BPOW
[2020/07/28 20:07:17.153773][I][writeEx] E6640A <= CALC:DDEMod:MARK1:FUNC:BPOW:CTYP MEAN
[2020/07/28 20:07:17.159817][I][writeEx] E6640A <= CALC:DDEMod:MARK1:FUNC:BAND:CENT 2455000000.000000
[2020/07/28 20:07:17.465264][I][queryEx] E6640A <= *OPC?
[2020/07/28 20:07:17.476303][I][queryEx] E6640A => 1
[2020/07/28 20:07:17.481349][I][queryEx] E6640A <= CALC:DDEMod:MARK1:FUNC:BAND:CENT?
[2020/07/28 20:07:17.487440][I][queryEx] E6640A => 2.455000000E+09
[2020/07/28 20:07:17.492423][I][writeEx] E6640A <= CALC:DDEMod:MARK1:FUNC:BAND:SPAN 10000000.000000
[2020/07/28 20:07:17.797761][I][queryEx] E6640A <= *OPC?
[2020/07/28 20:07:17.808912][I][queryEx] E6640A => 1
[2020/07/28 20:07:17.812921][I][get_Power] Get Tx power
[2020/07/28 20:07:17.816933][I][queryEx] E6640A <= :CALC:DDEMod:MARK1:Y?
[2020/07/28 20:07:17.825195][I][queryEx] E6640A => 1.914459083E+00
[2020/07/28 20:07:17.829208][I][chk_Tx_Result] Tx power(add loss: 8.900000) = 10.814000 dBm
[2020/07/28 20:07:17.833257][I][read_DDEMod_Array] Read measurement result
[2020/07/28 20:07:17.838267][I][queryEx] E6640A <= :READ:DDEMod?
[2020/07/28 20:07:17.989211][I][queryEx] E6640A => 1.457489395E+01,5.102137756E+01,1.500000000E+01,3.688482523E+00,2.364559746E+01,1.500000000E+01,9.91E+37,9.91E+37,9.91E+37,3.231909871E-01,-8.081674576E-01,3.740000000E+02,1.187343407E+01,-4.230986786E+01,1.500000000E+01,3.824301953E+04,9.91E+37,9.91E+37,9.91E+37,9.91E+37,9.91E+37,-4.805377197E+01,9.91E+37,9.579414129E-01,6.262519956E-02,4.249176681E-01,9.91E+37,9.91E+37,9.91E+37,9.91E+37,9.91E+37,9.91E+37,9.91E+37,9.91E+37,9.91E+37,9.91E+37,9.91E+37,9.91E+37,9.91E+37,9.91E+37,9.91E+37,9.91E+37,9.91E+37,9.91E+37,9.91E+37,9.91E+37,9.91E+37,9.91E+37,9.91E+37,9.91E+37,9.91E+37,9.91E+37,9.91E+37,9.91E+37,9.91E+37,9.91E+37,9.91E+37,9.91E+37,9.91E+37,9.91E+37,9.91E+37,3.151593031E-03,-2.391941147E-03
[2020/07/28 20:07:18.005186][I][set_Continue] Set continue
[2020/07/28 20:07:18.020226][I][writeEx] E6640A <= :INIT:CONT ON
[2020/07/28 20:07:28.421169][I][chk_Tx_Result] Check Tx result
[2020/07/28 20:07:28.430145][I][get_Trigger_Status] Get trigger status
[2020/07/28 20:07:28.434163][I][queryEx] E6640A <= *STB?
[2020/07/28 20:07:28.441527][I][queryEx] E6640A => 192
[2020/07/28 20:07:28.446542][I][get_Trigger_Status] Status: 192
[2020/07/28 20:07:28.450628]Is triggered!
[2020/07/28 20:07:28.454645][I][writeEx] E6640A <= *CLS
[2020/07/28 20:07:28.459654][I][set_Continue] Set continue
[2020/07/28 20:07:28.464718][I][writeEx] E6640A <= :INIT:CONT ON
[2020/07/28 20:07:28.570931][I][set_Single] Set single
[2020/07/28 20:07:28.585976][I][writeEx] E6640A <= :INIT:CONT OFF
[2020/07/28 20:07:28.595220][I][set_Zigbee_TX_BandPower] Set marker function
[2020/07/28 20:07:28.599234][I][writeEx] E6640A <= CALC:DDEMod:MARK1:MODE POS
[2020/07/28 20:07:28.604247][I][writeEx] E6640A <= CALC:DDEMod:MARK1:TRAC 2
[2020/07/28 20:07:28.608295][I][writeEx] E6640A <= CALC:DDEMod:MARK1:FUNC BPOW
[2020/07/28 20:07:28.613282][I][writeEx] E6640A <= CALC:DDEMod:MARK1:FUNC:BPOW:CTYP MEAN
[2020/07/28 20:07:28.618323][I][writeEx] E6640A <= CALC:DDEMod:MARK1:FUNC:BAND:CENT 2455000000.000000
[2020/07/28 20:07:28.924389][I][queryEx] E6640A <= *OPC?
[2020/07/28 20:07:28.935866][I][queryEx] E6640A => 1
[2020/07/28 20:07:28.940895][I][queryEx] E6640A <= CALC:DDEMod:MARK1:FUNC:BAND:CENT?
[2020/07/28 20:07:28.947904][I][queryEx] E6640A => 2.455000000E+09
[2020/07/28 20:07:28.951915][I][writeEx] E6640A <= CALC:DDEMod:MARK1:FUNC:BAND:SPAN 10000000.000000
[2020/07/28 20:07:29.258311][I][queryEx] E6640A <= *OPC?
[2020/07/28 20:07:29.270282][I][queryEx] E6640A => 1
[2020/07/28 20:07:29.274332][I][get_Power] Get Tx power
[2020/07/28 20:07:29.280217][I][queryEx] E6640A <= :CALC:DDEMod:MARK1:Y?
[2020/07/28 20:07:29.287361][I][queryEx] E6640A => -3.686221621E-02
[2020/07/28 20:07:29.293383][I][chk_Tx_Result] Tx power(add loss: 8.900000) = 8.863000 dBm
[2020/07/28 20:07:29.297394][I][read_DDEMod_Array] Read measurement result
[2020/07/28 20:07:29.302726][I][queryEx] E6640A <= :READ:DDEMod?
[2020/07/28 20:07:29.564805][I][queryEx] E6640A => 1.349345112E+01,3.648213196E+01,2.000000000E+02,3.002826452E+00,1.135144043E+01,4.530000000E+02,9.91E+37,9.91E+37,9.91E+37,3.195728064E-01,-9.174108505E-01,4.060000000E+02,1.097456551E+01,2.983864021E+01,2.000000000E+02,3.824206250E+04,9.91E+37,9.91E+37,9.91E+37,9.91E+37,9.91E+37,-4.835601807E+01,9.91E+37,9.639063478E-01,-3.580072895E-02,-3.137733340E-01,9.91E+37,9.91E+37,9.91E+37,9.91E+37,9.91E+37,9.91E+37,9.91E+37,9.91E+37,9.91E+37,9.91E+37,9.91E+37,9.91E+37,9.91E+37,9.91E+37,9.91E+37,9.91E+37,9.91E+37,9.91E+37,9.91E+37,9.91E+37,9.91E+37,9.91E+37,9.91E+37,9.91E+37,9.91E+37,9.91E+37,9.91E+37,9.91E+37,9.91E+37,9.91E+37,9.91E+37,9.91E+37,9.91E+37,9.91E+37,9.91E+37,-3.155459650E-03,-2.155131428E-03
[2020/07/28 20:07:29.573836][I][set_Continue] Set continue
[2020/07/28 20:07:29.576844][I][writeEx] E6640A <= :INIT:CONT ON
[2020/07/28 20:07:31.050329][I][set_Preset] System reset
[2020/07/28 20:07:31.055298][I][writeEx] E6640A <= *RST
[2020/07/28 20:07:31.060334][I][writeEx] E6640A <= *CLS
[2020/07/28 20:07:31.064324][I][writeEx] E6640A <= SYST:PRES
[2020/07/28 20:07:31.369965][I][queryEx] E6640A <= *OPC?
[2020/07/28 20:07:32.294194][I][queryEx] E6640A => 1
[2020/07/28 20:07:32.311219][I][set_Tx_Start] Set Tx start
[2020/07/28 20:07:32.315193][I][set_RFI_Port] Set input port
[2020/07/28 20:07:32.320080][I][writeEx] E6640A <= :FEED:RF:PORT:INPut RFIO1
[2020/07/28 20:07:32.324093][I][queryEx] E6640A <= :FEED:RF:PORT:INPut?
[2020/07/28 20:07:32.331198][I][queryEx] E6640A => RFIO1
[2020/07/28 20:07:32.335260][I][set_Modulation_Analysis] Set measurement function
[2020/07/28 20:07:32.340620][I][writeEx] E6640A <= INST:SEL VSA
[2020/07/28 20:07:32.646096][I][queryEx] E6640A <= *OPC?
[2020/07/28 20:07:32.656722][I][queryEx] E6640A => 1
[2020/07/28 20:07:32.661783][I][queryEx] E6640A <= INST:SEL?
[2020/07/28 20:07:32.670082][I][queryEx] E6640A => VSA
[2020/07/28 20:07:32.674146][I][writeEx] E6640A <= :CONFigure:DDEMod
[2020/07/28 20:07:32.980138][I][queryEx] E6640A <= *OPC?
[2020/07/28 20:07:33.150378][I][queryEx] E6640A => 1
[2020/07/28 20:07:33.166370][I][init_Zigbee_Mode] Initial Zigbee mode
[2020/07/28 20:07:33.174625][I][writeEx] E6640A <= :DDEM:STAN:PRES ZIGBEE2450
[2020/07/28 20:07:33.479941][I][queryEx] E6640A <= *OPC?
[2020/07/28 20:07:33.500034][I][queryEx] E6640A => 1
[2020/07/28 20:07:33.508063][I][set_Continue] Set continue
[2020/07/28 20:07:33.512073][I][writeEx] E6640A <= :INIT:CONT ON
[2020/07/28 20:07:33.517137][I][set_Freq] Set frequence
[2020/07/28 20:07:33.521097][I][writeEx] E6640A <= :FREQuency:CENTer 2470.0 MHz
[2020/07/28 20:07:33.526142][I][set_XScale_Span] Set frequence span
[2020/07/28 20:07:33.530164][I][writeEx] E6640A <= :FREQuency:SPAN 10000.000000 KHZ
[2020/07/28 20:07:33.535135][I][set_Power_Range] Get power range
[2020/07/28 20:07:33.540148][I][writeEx] E6640A <= :POW:RANG 20.000000
[2020/07/28 20:07:33.545198][I][set_Symbol_Rate] Get symbol rate
[2020/07/28 20:07:33.549210][I][writeEx] E6640A <= :DDEMod:SRATe 1000.000000 kHz
[2020/07/28 20:07:33.555191][I][set_Meas_Interval] Get meas interval
[2020/07/28 20:07:33.559236][I][writeEx] E6640A <= :DDEMod:SWEep:POINts 500
[2020/07/28 20:07:33.564225][I][set_Zigbee_TX_BandPower] Set marker function
[2020/07/28 20:07:33.568259][I][writeEx] E6640A <= CALC:DDEMod:MARK1:MODE POS
[2020/07/28 20:07:33.573272][I][writeEx] E6640A <= CALC:DDEMod:MARK1:TRAC 2
[2020/07/28 20:07:33.578249][I][writeEx] E6640A <= CALC:DDEMod:MARK1:FUNC BPOW
[2020/07/28 20:07:33.582297][I][writeEx] E6640A <= CALC:DDEMod:MARK1:FUNC:BPOW:CTYP MEAN
[2020/07/28 20:07:33.588311][I][writeEx] E6640A <= CALC:DDEMod:MARK1:FUNC:BAND:CENT 2470000000.000000
[2020/07/28 20:07:33.893794][I][queryEx] E6640A <= *OPC?
[2020/07/28 20:07:33.903123][I][queryEx] E6640A => 1
[2020/07/28 20:07:33.909147][I][queryEx] E6640A <= CALC:DDEMod:MARK1:FUNC:BAND:CENT?
[2020/07/28 20:07:33.916693][I][queryEx] E6640A => 2.470000000E+09
[2020/07/28 20:07:33.921703][I][writeEx] E6640A <= CALC:DDEMod:MARK1:FUNC:BAND:SPAN 10000000.000000
[2020/07/28 20:07:34.228503][I][queryEx] E6640A <= *OPC?
[2020/07/28 20:07:34.237579][I][queryEx] E6640A => 1
[2020/07/28 20:07:34.242597][I][set_Trigger_Video] Set trigger video
[2020/07/28 20:07:34.246604][I][writeEx] E6640A <= TRIG:DDEM:SOUR VID
[2020/07/28 20:07:34.553140][I][queryEx] E6640A <= *OPC?
[2020/07/28 20:07:34.565219][I][queryEx] E6640A => 1
[2020/07/28 20:07:34.569693][I][set_Trigger_Level] Set trigger level
[2020/07/28 20:07:34.574709][I][writeEx] E6640A <= :TRIGger:VIDeo:LEVel 30.000000 mV
[2020/07/28 20:07:34.579723][I][set_Trigger_Delay] Set trigger delay
[2020/07/28 20:07:34.584737][I][writeEx] E6640A <= :TRIGger:VIDeo:DELay:STATe ON
[2020/07/28 20:07:34.588782][I][queryEx] E6640A <= :TRIGger:VIDeo:DELay:STATe?
[2020/07/28 20:07:34.647218][I][queryEx] E6640A => 1
[2020/07/28 20:07:34.653292][I][writeEx] E6640A <= :TRIGger:VIDeo:DELay:STATe ON
[2020/07/28 20:07:34.660299][I][writeEx] E6640A <= :TRIGger:VIDeo:DELay 0.300000 ms
[2020/07/28 20:07:34.665310][I][init_Trigger_Reg] Initial trigger status register
[2020/07/28 20:07:34.672292][I][writeEx] E6640A <= *CLS
[2020/07/28 20:07:34.678349][I][writeEx] E6640A <= :STATus:PRESet
[2020/07/28 20:07:34.683321][I][writeEx] E6640A <= *SRE 192
[2020/07/28 20:07:34.689469][I][writeEx] E6640A <= :STATus:OPERation:ENABle 32
[2020/07/28 20:07:34.693520][I][writeEx] E6640A <= *CLS
[2020/07/28 20:07:34.699618][I][queryEx] E6640A <= *STB?
[2020/07/28 20:07:34.733241][I][queryEx] E6640A => 0
[2020/07/28 20:07:34.739511][I][init_Trigger_Reg] Status: 0
[2020/07/28 20:07:43.732583][I][chk_Tx_Result] Check Tx result
[2020/07/28 20:07:43.739608][I][get_Trigger_Status] Get trigger status
[2020/07/28 20:07:43.743653][I][queryEx] E6640A <= *STB?
[2020/07/28 20:07:43.751538][I][queryEx] E6640A => 192
[2020/07/28 20:07:43.755593][I][get_Trigger_Status] Status: 192
[2020/07/28 20:07:43.760564]Is triggered!
[2020/07/28 20:07:43.763582][I][writeEx] E6640A <= *CLS
[2020/07/28 20:07:43.769589][I][set_Continue] Set continue
[2020/07/28 20:07:43.773640][I][writeEx] E6640A <= :INIT:CONT ON
[2020/07/28 20:07:43.882291][I][set_Single] Set single
[2020/07/28 20:07:43.888303][I][writeEx] E6640A <= :INIT:CONT OFF
[2020/07/28 20:07:43.894352][I][set_Zigbee_TX_BandPower] Set marker function
[2020/07/28 20:07:43.901509][I][writeEx] E6640A <= CALC:DDEMod:MARK1:MODE POS
[2020/07/28 20:07:43.905571][I][writeEx] E6640A <= CALC:DDEMod:MARK1:TRAC 2
[2020/07/28 20:07:43.910535][I][writeEx] E6640A <= CALC:DDEMod:MARK1:FUNC BPOW
[2020/07/28 20:07:43.916580][I][writeEx] E6640A <= CALC:DDEMod:MARK1:FUNC:BPOW:CTYP MEAN
[2020/07/28 20:07:43.920577][I][writeEx] E6640A <= CALC:DDEMod:MARK1:FUNC:BAND:CENT 2470000000.000000
[2020/07/28 20:07:44.227600][I][queryEx] E6640A <= *OPC?
[2020/07/28 20:07:44.239616][I][queryEx] E6640A => 1
[2020/07/28 20:07:44.243666][I][queryEx] E6640A <= CALC:DDEMod:MARK1:FUNC:BAND:CENT?
[2020/07/28 20:07:44.251819][I][queryEx] E6640A => 2.470000000E+09
[2020/07/28 20:07:44.255872][I][writeEx] E6640A <= CALC:DDEMod:MARK1:FUNC:BAND:SPAN 10000000.000000
[2020/07/28 20:07:44.562629][I][queryEx] E6640A <= *OPC?
[2020/07/28 20:07:44.572730][I][queryEx] E6640A => 1
[2020/07/28 20:07:44.577745][I][get_Power] Get Tx power
[2020/07/28 20:07:44.583072][I][queryEx] E6640A <= :CALC:DDEMod:MARK1:Y?
[2020/07/28 20:07:44.590696][I][queryEx] E6640A => 2.090200534E+00
[2020/07/28 20:07:44.596715][I][chk_Tx_Result] Tx power(add loss: 8.800000) = 10.890000 dBm
[2020/07/28 20:07:44.601730][I][read_DDEMod_Array] Read measurement result
[2020/07/28 20:07:44.604737][I][queryEx] E6640A <= :READ:DDEMod?
[2020/07/28 20:07:44.868184][I][queryEx] E6640A => 1.527867031E+01,4.632194138E+01,3.400000000E+01,4.146356106E+00,1.942222977E+01,3.400000000E+01,9.91E+37,9.91E+37,9.91E+37,6.097202897E-01,-1.313841343E+00,4.230000000E+02,1.245200443E+01,-3.825776291E+01,3.400000000E+01,3.851023828E+04,9.91E+37,9.91E+37,9.91E+37,9.91E+37,9.91E+37,-4.204740143E+01,9.91E+37,9.537742734E-01,9.359750152E-02,3.870607316E-01,9.91E+37,9.91E+37,9.91E+37,9.91E+37,9.91E+37,9.91E+37,9.91E+37,9.91E+37,9.91E+37,9.91E+37,9.91E+37,9.91E+37,9.91E+37,9.91E+37,9.91E+37,9.91E+37,9.91E+37,9.91E+37,9.91E+37,9.91E+37,9.91E+37,9.91E+37,9.91E+37,9.91E+37,9.91E+37,9.91E+37,9.91E+37,9.91E+37,9.91E+37,9.91E+37,9.91E+37,9.91E+37,9.91E+37,9.91E+37,9.91E+37,5.344534758E-03,-5.817796569E-03
[2020/07/28 20:07:44.877156][I][set_Continue] Set continue
[2020/07/28 20:07:44.885274][I][writeEx] E6640A <= :INIT:CONT ON
[2020/07/28 20:07:55.344965][I][chk_Tx_Result] Check Tx result
[2020/07/28 20:07:55.352036][I][get_Trigger_Status] Get trigger status
[2020/07/28 20:07:55.357040][I][queryEx] E6640A <= *STB?
[2020/07/28 20:07:55.364793][I][queryEx] E6640A => 192
[2020/07/28 20:07:55.369798][I][get_Trigger_Status] Status: 192
[2020/07/28 20:07:55.373855]Is triggered!
[2020/07/28 20:07:55.378822][I][writeEx] E6640A <= *CLS
[2020/07/28 20:07:55.383836][I][set_Continue] Set continue
[2020/07/28 20:07:55.388849][I][writeEx] E6640A <= :INIT:CONT ON
[2020/07/28 20:07:55.494504][I][set_Single] Set single
[2020/07/28 20:07:55.511435][I][writeEx] E6640A <= :INIT:CONT OFF
[2020/07/28 20:07:55.526517][I][set_Zigbee_TX_BandPower] Set marker function
[2020/07/28 20:07:55.534568][I][writeEx] E6640A <= CALC:DDEMod:MARK1:MODE POS
[2020/07/28 20:07:55.541522][I][writeEx] E6640A <= CALC:DDEMod:MARK1:TRAC 2
[2020/07/28 20:07:55.546571][I][writeEx] E6640A <= CALC:DDEMod:MARK1:FUNC BPOW
[2020/07/28 20:07:55.552716][I][writeEx] E6640A <= CALC:DDEMod:MARK1:FUNC:BPOW:CTYP MEAN
[2020/07/28 20:07:55.556730][I][writeEx] E6640A <= CALC:DDEMod:MARK1:FUNC:BAND:CENT 2470000000.000000
[2020/07/28 20:07:55.863285][I][queryEx] E6640A <= *OPC?
[2020/07/28 20:07:55.874906][I][queryEx] E6640A => 1
[2020/07/28 20:07:55.880577][I][queryEx] E6640A <= CALC:DDEMod:MARK1:FUNC:BAND:CENT?
[2020/07/28 20:07:55.887805][I][queryEx] E6640A => 2.470000000E+09
[2020/07/28 20:07:55.892820][I][writeEx] E6640A <= CALC:DDEMod:MARK1:FUNC:BAND:SPAN 10000000.000000
[2020/07/28 20:07:56.199568][I][queryEx] E6640A <= *OPC?
[2020/07/28 20:07:56.210965][I][queryEx] E6640A => 1
[2020/07/28 20:07:56.214973][I][get_Power] Get Tx power
[2020/07/28 20:07:56.220970][I][queryEx] E6640A <= :CALC:DDEMod:MARK1:Y?
[2020/07/28 20:07:56.227688][I][queryEx] E6640A => 2.014496566E-01
[2020/07/28 20:07:56.232757][I][chk_Tx_Result] Tx power(add loss: 8.800000) = 9.001000 dBm
[2020/07/28 20:07:56.237717][I][read_DDEMod_Array] Read measurement result
[2020/07/28 20:07:56.242732][I][queryEx] E6640A <= :READ:DDEMod?
[2020/07/28 20:07:56.505007][I][queryEx] E6640A => 1.425762463E+01,3.955340576E+01,1.640000000E+02,3.384491444E+00,1.581022263E+01,1.640000000E+02,9.91E+37,9.91E+37,9.91E+37,2.701070011E-01,7.789075375E-01,1.250000000E+02,1.161156750E+01,3.256568527E+01,1.640000000E+02,3.848956641E+04,9.91E+37,9.91E+37,9.91E+37,9.91E+37,9.91E+37,-5.215821075E+01,9.91E+37,9.597269893E-01,1.375982305E-03,-1.824532896E-01,9.91E+37,9.91E+37,9.91E+37,9.91E+37,9.91E+37,9.91E+37,9.91E+37,9.91E+37,9.91E+37,9.91E+37,9.91E+37,9.91E+37,9.91E+37,9.91E+37,9.91E+37,9.91E+37,9.91E+37,9.91E+37,9.91E+37,9.91E+37,9.91E+37,9.91E+37,9.91E+37,9.91E+37,9.91E+37,9.91E+37,9.91E+37,9.91E+37,9.91E+37,9.91E+37,9.91E+37,9.91E+37,9.91E+37,9.91E+37,9.91E+37,2.037595492E-03,-1.389983809E-03
[2020/07/28 20:07:56.513977][I][set_Continue] Set continue
[2020/07/28 20:07:56.517988][I][writeEx] E6640A <= :INIT:CONT ON
[2020/07/28 20:07:57.989865][I][set_Preset] System reset
[2020/07/28 20:07:57.994903][I][writeEx] E6640A <= *RST
[2020/07/28 20:07:57.998929][I][writeEx] E6640A <= *CLS
[2020/07/28 20:07:58.004905][I][writeEx] E6640A <= SYST:PRES
[2020/07/28 20:07:58.310031][I][queryEx] E6640A <= *OPC?
[2020/07/28 20:07:59.215492][I][queryEx] E6640A => 1
[2020/07/28 20:07:59.236506][I][set_Rx_OneTone] Set Rx one tone
[2020/07/28 20:07:59.241522][I][set_RFO_Port] Set output port
[2020/07/28 20:07:59.245530][I][writeEx] E6640A <= :FEED:RF:PORT:OUTPut RFIO1
[2020/07/28 20:07:59.250549][I][queryEx] E6640A <= :FEED:RF:PORT:OUTPut?
[2020/07/28 20:07:59.258482][I][queryEx] E6640A => RFIO1
[2020/07/28 20:07:59.263472][I][set_OneTone_Freq] Set One Tone frequence
[2020/07/28 20:07:59.268479][I][writeEx] E6640A <= :SOUR:FREQ 2445.0 MHz
[2020/07/28 20:07:59.273542][I][set_OneTone_Power] Set One Tone power
[2020/07/28 20:07:59.278503][I][writeEx] E6640A <= :SOURce:POWer -16.1
[2020/07/28 20:08:08.636436][I][set_OneTone_Start] Set One Tone start
[2020/07/28 20:08:08.641862][I][writeEx] E6640A <= OUTP ON
[2020/07/28 20:08:13.155604][I][set_OneTone_Stop] Set One Tone stop
[2020/07/28 20:08:13.161703][I][writeEx] E6640A <= OUTP OFF
[2020/07/28 20:08:13.175715][I][set_Rx_OneTone] Set Rx one tone
[2020/07/28 20:08:13.180706][I][set_RFO_Port] Set output port
[2020/07/28 20:08:13.184753][I][writeEx] E6640A <= :FEED:RF:PORT:OUTPut RFIO1
[2020/07/28 20:08:13.189732][I][queryEx] E6640A <= :FEED:RF:PORT:OUTPut?
[2020/07/28 20:08:13.197105][I][queryEx] E6640A => RFIO1
[2020/07/28 20:08:13.203127][I][set_OneTone_Freq] Set One Tone frequence
[2020/07/28 20:08:13.207157][I][writeEx] E6640A <= :SOUR:FREQ 2445.0 MHz
[2020/07/28 20:08:13.213318][I][set_OneTone_Power] Set One Tone power
[2020/07/28 20:08:13.217330][I][writeEx] E6640A <= :SOURce:POWer -16.1
[2020/07/28 20:08:21.747139][I][set_OneTone_Start] Set One Tone start
[2020/07/28 20:08:21.752170][I][writeEx] E6640A <= OUTP ON
[2020/07/28 20:08:26.259283][I][set_OneTone_Stop] Set One Tone stop
[2020/07/28 20:08:26.263333][I][writeEx] E6640A <= OUTP OFF
[2020/07/28 20:08:26.458761][I][disconnect_E6640A] Disconnect E6640A
[2020/07/28 20:08:26.464780]========== End ==========
