[2020/07/28 20:08:41.391961]========== Start ==========
[2020/07/28 20:08:41.392963][I][class_E6640A_LTE] Initial class_E6640A_LTE
[2020/07/28 20:08:41.395971][I][class_E6640A_LTE] Version: 3.0.0.3
[2020/07/28 20:08:41.400983][I][connect_E6640A] Connect to E6640A
[2020/07/28 20:08:41.412012][I][connect_E6640A] Resource Manager of Visa Library at C:\Windows\system32\visa64.dll
[2020/07/28 20:08:41.464151][I][queryEx] E6640A <= *IDN?
[2020/07/28 20:08:41.469166][I][queryEx] E6640A => Keysight Technologies,E6640A,MY57150246,E.19.71
[2020/07/28 20:08:41.471170][I][set_Preset] System reset
[2020/07/28 20:08:41.473175][I][writeEx] E6640A <= *RST
[2020/07/28 20:08:41.476188][I][writeEx] E6640A <= *CLS
[2020/07/28 20:08:41.479194][I][writeEx] E6640A <= SYST:PRES
[2020/07/28 20:08:41.781996][I][queryEx] E6640A <= *OPC?
[2020/07/28 20:08:42.533901][I][queryEx] E6640A => 1
[2020/07/28 20:08:42.539917][I][set_Preset] System reset
[2020/07/28 20:08:42.541922][I][writeEx] E6640A <= *RST
[2020/07/28 20:08:42.543927][I][writeEx] E6640A <= *CLS
[2020/07/28 20:08:42.546936][I][writeEx] E6640A <= SYST:PRES
[2020/07/28 20:08:42.851044][I][queryEx] E6640A <= *OPC?
[2020/07/28 20:08:43.578606][I][queryEx] E6640A => 1
[2020/07/28 20:08:43.990702][I][set_Preset] System reset
[2020/07/28 20:08:43.992707][I][writeEx] E6640A <= *RST
[2020/07/28 20:08:43.996718][I][writeEx] E6640A <= *CLS
[2020/07/28 20:08:44.000727][I][writeEx] E6640A <= SYST:PRES
[2020/07/28 20:08:44.304541][I][queryEx] E6640A <= *OPC?
[2020/07/28 20:08:45.063554][I][queryEx] E6640A => 1
[2020/07/28 20:08:45.077591][I][set_Tx_Start] Set Tx start
[2020/07/28 20:08:45.081601][I][set_RFI_Port] Set input port
[2020/07/28 20:08:45.084609][I][writeEx] E6640A <= :FEED:RF:PORT:INPut RFIO1
[2020/07/28 20:08:45.088620][I][queryEx] E6640A <= :FEED:RF:PORT:INPut?
[2020/07/28 20:08:45.093633][I][queryEx] E6640A => RFIO1
[2020/07/28 20:08:45.099650][I][set_Modulation_Analysis] Set measurement function
[2020/07/28 20:08:45.103659][I][writeEx] E6640A <= INST:SEL LTEAFDD
[2020/07/28 20:08:45.407866][I][queryEx] E6640A <= *OPC?
[2020/07/28 20:08:45.417717][I][queryEx] E6640A => 1
[2020/07/28 20:08:45.421742][I][queryEx] E6640A <= INST:SEL?
[2020/07/28 20:08:45.427748][I][queryEx] E6640A => LTEAFDD
[2020/07/28 20:08:45.430737][I][writeEx] E6640A <= DISP:CHP:VIEW:WIND:TRAC:Y:COUP OFF
[2020/07/28 20:08:45.433741][I][set_Freq] Set frequence
[2020/07/28 20:08:45.436750][I][writeEx] E6640A <= :FREQuency:CENTer 897.4 MHz
[2020/07/28 20:08:45.440800][I][set_Continue] Set continue
[2020/07/28 20:08:45.444593][I][writeEx] E6640A <= :INIT:CONT ON
[2020/07/28 20:08:45.446601][I][set_Trigger_Free_Run] Set trigger free run
[2020/07/28 20:08:45.450653][I][writeEx] E6640A <= TRIG:CHP:SOUR IMM
[2020/07/28 20:08:45.755632][I][queryEx] E6640A <= *OPC?
[2020/07/28 20:08:45.765205][I][queryEx] E6640A => 1
[2020/07/28 20:08:50.347659][I][chk_Tx_Result] Check Tx result
[2020/07/28 20:08:50.352917][I][set_Limit_Range] Set reference value
[2020/07/28 20:08:50.355928][I][writeEx] E6640A <= DISP:CHP:VIEW:WIND:TRAC:Y:RLEV 30.0 dBm
[2020/07/28 20:08:50.660637][I][queryEx] E6640A <= *OPC?
[2020/07/28 20:08:50.668845][I][queryEx] E6640A => 1
[2020/07/28 20:08:50.672853][I][set_Limit_Range] Set power range
[2020/07/28 20:08:50.675823][I][writeEx] E6640A <= :POW:RANG 30.0 dBm
[2020/07/28 20:08:50.980915][I][queryEx] E6640A <= *OPC?
[2020/07/28 20:08:50.991526][I][queryEx] E6640A => 1
[2020/07/28 20:08:50.994579][I][set_Trigger_Video] Set trigger video
[2020/07/28 20:08:50.997552][I][writeEx] E6640A <= TRIG:CHP:SOUR IF
[2020/07/28 20:08:51.302530][I][queryEx] E6640A <= *OPC?
[2020/07/28 20:08:51.310003][I][queryEx] E6640A => 1
[2020/07/28 20:08:51.416337][I][set_Trigger_Free_Run] Set trigger free run
[2020/07/28 20:08:51.423594][I][writeEx] E6640A <= TRIG:CHP:SOUR IMM
[2020/07/28 20:08:51.727921][I][queryEx] E6640A <= *OPC?
[2020/07/28 20:08:51.737473][I][queryEx] E6640A => 1
[2020/07/28 20:08:51.742358][I][get_Power] Get Tx power
[2020/07/28 20:08:51.745367][I][queryEx] E6640A <= :FETCh:CHPower:CHPower?
[2020/07/28 20:08:51.752477][I][queryEx] E6640A => 1.388724422E+01
[2020/07/28 20:08:51.755525][I][chk_Tx_Result] Tx power(add loss: 8.500000) = 22.387000 dBm
[2020/07/28 20:08:51.759511][I][set_Continue] Set continue
[2020/07/28 20:08:51.763509][I][writeEx] E6640A <= :INIT:CONT ON
[2020/07/28 20:08:53.731160][I][set_Preset] System reset
[2020/07/28 20:08:53.734156][I][writeEx] E6640A <= *RST
[2020/07/28 20:08:53.738166][I][writeEx] E6640A <= *CLS
[2020/07/28 20:08:53.742177][I][writeEx] E6640A <= SYST:PRES
[2020/07/28 20:08:54.047681][I][queryEx] E6640A <= *OPC?
[2020/07/28 20:08:54.739726][I][queryEx] E6640A => 1
[2020/07/28 20:08:54.756714][I][set_Tx_Start] Set Tx start
[2020/07/28 20:08:54.759762][I][set_RFI_Port] Set input port
[2020/07/28 20:08:54.763771][I][writeEx] E6640A <= :FEED:RF:PORT:INPut RFIO1
[2020/07/28 20:08:54.768005][I][queryEx] E6640A <= :FEED:RF:PORT:INPut?
[2020/07/28 20:08:54.773323][I][queryEx] E6640A => RFIO1
[2020/07/28 20:08:54.777594][I][set_Modulation_Analysis] Set measurement function
[2020/07/28 20:08:54.780641][I][writeEx] E6640A <= INST:SEL LTEAFDD
[2020/07/28 20:08:55.086914][I][queryEx] E6640A <= *OPC?
[2020/07/28 20:08:55.096127][I][queryEx] E6640A => 1
[2020/07/28 20:08:55.101199][I][queryEx] E6640A <= INST:SEL?
[2020/07/28 20:08:55.106625][I][queryEx] E6640A => LTEAFDD
[2020/07/28 20:08:55.111641][I][writeEx] E6640A <= DISP:CHP:VIEW:WIND:TRAC:Y:COUP OFF
[2020/07/28 20:08:55.116655][I][set_Freq] Set frequence
[2020/07/28 20:08:55.120706][I][writeEx] E6640A <= :FREQuency:CENTer 1950.0 MHz
[2020/07/28 20:08:55.124676][I][set_Continue] Set continue
[2020/07/28 20:08:55.127684][I][writeEx] E6640A <= :INIT:CONT ON
[2020/07/28 20:08:55.133700][I][set_Trigger_Free_Run] Set trigger free run
[2020/07/28 20:08:55.136748][I][writeEx] E6640A <= TRIG:CHP:SOUR IMM
[2020/07/28 20:08:55.442549][I][queryEx] E6640A <= *OPC?
[2020/07/28 20:08:55.453571][I][queryEx] E6640A => 1
[2020/07/28 20:08:59.805438][I][chk_Tx_Result] Check Tx result
[2020/07/28 20:08:59.811442][I][set_Limit_Range] Set reference value
[2020/07/28 20:08:59.815130][I][writeEx] E6640A <= DISP:CHP:VIEW:WIND:TRAC:Y:RLEV 30.0 dBm
[2020/07/28 20:09:00.120686][I][queryEx] E6640A <= *OPC?
[2020/07/28 20:09:00.129123][I][queryEx] E6640A => 1
[2020/07/28 20:09:00.133788][I][set_Limit_Range] Set power range
[2020/07/28 20:09:00.136799][I][writeEx] E6640A <= :POW:RANG 30.0 dBm
[2020/07/28 20:09:00.442216][I][queryEx] E6640A <= *OPC?
[2020/07/28 20:09:00.450707][I][queryEx] E6640A => 1
[2020/07/28 20:09:00.455724][I][set_Trigger_Video] Set trigger video
[2020/07/28 20:09:00.458777][I][writeEx] E6640A <= TRIG:CHP:SOUR IF
[2020/07/28 20:09:00.763735][I][queryEx] E6640A <= *OPC?
[2020/07/28 20:09:00.772502][I][queryEx] E6640A => 1
[2020/07/28 20:09:00.877359][I][set_Trigger_Free_Run] Set trigger free run
[2020/07/28 20:09:00.890359][I][writeEx] E6640A <= TRIG:CHP:SOUR IMM
[2020/07/28 20:09:01.205583][I][queryEx] E6640A <= *OPC?
[2020/07/28 20:09:01.216292][I][queryEx] E6640A => 1
[2020/07/28 20:09:01.220348][I][get_Power] Get Tx power
[2020/07/28 20:09:01.223446][I][queryEx] E6640A <= :FETCh:CHPower:CHPower?
[2020/07/28 20:09:01.230454][I][queryEx] E6640A => 1.221427822E+01
[2020/07/28 20:09:01.235368][I][chk_Tx_Result] Tx power(add loss: 9.200000) = 21.414000 dBm
[2020/07/28 20:09:01.239994][I][set_Continue] Set continue
[2020/07/28 20:09:01.243103][I][writeEx] E6640A <= :INIT:CONT ON
[2020/07/28 20:09:03.213564][I][set_Preset] System reset
[2020/07/28 20:09:03.217558][I][writeEx] E6640A <= *RST
[2020/07/28 20:09:03.222050][I][writeEx] E6640A <= *CLS
[2020/07/28 20:09:03.225097][I][writeEx] E6640A <= SYST:PRES
[2020/07/28 20:09:03.531501][I][queryEx] E6640A <= *OPC?
[2020/07/28 20:09:04.222747][I][queryEx] E6640A => 1
[2020/07/28 20:09:04.236867][I][set_Tx_Start] Set Tx start
[2020/07/28 20:09:04.239875][I][set_RFI_Port] Set input port
[2020/07/28 20:09:04.244933][I][writeEx] E6640A <= :FEED:RF:PORT:INPut RFIO1
[2020/07/28 20:09:04.248950][I][queryEx] E6640A <= :FEED:RF:PORT:INPut?
[2020/07/28 20:09:04.255960][I][queryEx] E6640A => RFIO1
[2020/07/28 20:09:04.259929][I][set_Modulation_Analysis] Set measurement function
[2020/07/28 20:09:04.262936][I][writeEx] E6640A <= INST:SEL LTEAFDD
[2020/07/28 20:09:04.569827][I][queryEx] E6640A <= *OPC?
[2020/07/28 20:09:04.579181][I][queryEx] E6640A => 1
[2020/07/28 20:09:04.583195][I][queryEx] E6640A <= INST:SEL?
[2020/07/28 20:09:04.588685][I][queryEx] E6640A => LTEAFDD
[2020/07/28 20:09:04.593702][I][writeEx] E6640A <= DISP:CHP:VIEW:WIND:TRAC:Y:COUP OFF
[2020/07/28 20:09:04.597712][I][set_Freq] Set frequence
[2020/07/28 20:09:04.600758][I][writeEx] E6640A <= :FREQuency:CENTer 914.8 MHz
[2020/07/28 20:09:04.605733][I][set_Continue] Set continue
[2020/07/28 20:09:04.609744][I][writeEx] E6640A <= :INIT:CONT ON
[2020/07/28 20:09:04.615760][I][set_Trigger_Free_Run] Set trigger free run
[2020/07/28 20:09:04.619771][I][writeEx] E6640A <= TRIG:CHP:SOUR IMM
[2020/07/28 20:09:04.926052][I][queryEx] E6640A <= *OPC?
[2020/07/28 20:09:04.935044][I][queryEx] E6640A => 1
[2020/07/28 20:09:07.942253][I][chk_Tx_Result] Check Tx result
[2020/07/28 20:09:07.950538][I][set_Limit_Range] Set reference value
[2020/07/28 20:09:07.954553][I][writeEx] E6640A <= DISP:CHP:VIEW:WIND:TRAC:Y:RLEV 30.0 dBm
[2020/07/28 20:09:08.260253][I][queryEx] E6640A <= *OPC?
[2020/07/28 20:09:08.271328][I][queryEx] E6640A => 1
[2020/07/28 20:09:08.275867][I][set_Limit_Range] Set power range
[2020/07/28 20:09:08.278912][I][writeEx] E6640A <= :POW:RANG 30.0 dBm
[2020/07/28 20:09:08.584625][I][queryEx] E6640A <= *OPC?
[2020/07/28 20:09:08.592863][I][queryEx] E6640A => 1
[2020/07/28 20:09:10.598641][I][set_Trigger_Video] Set trigger video
[2020/07/28 20:09:10.604891][I][writeEx] E6640A <= TRIG:CHP:SOUR IF
[2020/07/28 20:09:10.910688][I][queryEx] E6640A <= *OPC?
[2020/07/28 20:09:10.922636][I][queryEx] E6640A => 1
[2020/07/28 20:09:10.926651][I][get_Power] Get Tx power
[2020/07/28 20:09:10.930670][I][queryEx] E6640A <= :FETCh:CHPower:CHPower?
[2020/07/28 20:09:11.561880][I][queryEx] E6640A => 2.275005150E+01
[2020/07/28 20:09:11.569908][I][chk_Tx_Result] Tx power(add loss: 8.500000) = 31.250000 dBm
[2020/07/28 20:09:11.574726][I][set_Continue] Set continue
[2020/07/28 20:09:11.577773][I][writeEx] E6640A <= :INIT:CONT ON
[2020/07/28 20:09:13.306530][I][set_Preset] System reset
[2020/07/28 20:09:13.310520][I][writeEx] E6640A <= *RST
[2020/07/28 20:09:13.315532][I][writeEx] E6640A <= *CLS
[2020/07/28 20:09:13.318576][I][writeEx] E6640A <= SYST:PRES
[2020/07/28 20:09:13.625598][I][queryEx] E6640A <= *OPC?
[2020/07/28 20:09:14.271001][I][queryEx] E6640A => 1
[2020/07/28 20:09:14.287380][I][set_Rx_Waveform] Set Rx waveform
[2020/07/28 20:09:14.291391][I][set_RFO_Port] Set output port
[2020/07/28 20:09:14.295438][I][writeEx] E6640A <= :FEED:RF:PORT:OUTPut RFIO1
[2020/07/28 20:09:14.300415][I][queryEx] E6640A <= :FEED:RF:PORT:OUTPut?
[2020/07/28 20:09:14.306664][I][queryEx] E6640A => RFIO1
[2020/07/28 20:09:14.310716][I][set_OneTone_Freq] Set One Tone frequence
[2020/07/28 20:09:14.315690][I][writeEx] E6640A <= :SOUR:FREQ 959.8 MHz
[2020/07/28 20:09:14.319701][I][set_OneTone_Power] Set One Tone power
[2020/07/28 20:09:14.323729][I][writeEx] E6640A <= :SOURce:POWer -51.5
[2020/07/28 20:09:14.327728][I][loading_Waveform] Load waveform
[2020/07/28 20:09:14.331734][I][queryEx] E6640A <= :SOURce:RADio:ARB:CATalog?
[2020/07/28 20:09:14.383710][I][queryEx] E6640A => 9600,4184704,"CTX10_RFLTE_20160809.wfm"
[2020/07/28 20:09:14.388727][I][writeEx] E6640A <= :SOUR:RAD:ARB:WAV "D:\NVARB\CTX10_RFLTE_20160809.wfm"
[2020/07/28 20:09:14.695560][I][queryEx] E6640A <= *OPC?
[2020/07/28 20:09:14.706020][I][queryEx] E6640A => 1
[2020/07/28 20:09:14.711497][I][set_ARB_ON] Set ARB ON
[2020/07/28 20:09:14.714834][I][writeEx] E6640A <= :SOUR:RAD:ARB ON
[2020/07/28 20:09:14.718849][I][set_Sample_Rate] Set Sample Rate
[2020/07/28 20:09:14.723443][I][writeEx] E6640A <= SOUR:RAD:ARB:SCL:RATE 100.0 kHz
[2020/07/28 20:09:14.727459][I][set_Modulation_ON] Set ARB ON
[2020/07/28 20:09:14.731466][I][writeEx] E6640A <= :OUTP:MOD ON
[2020/07/28 20:09:14.740491][I][set_OneTone_Start] Set One Tone start
[2020/07/28 20:09:14.743499][I][writeEx] E6640A <= OUTP ON
[2020/07/28 20:09:21.080467][I][set_OneTone_Stop] Set One Tone stop
[2020/07/28 20:09:21.089497][I][writeEx] E6640A <= OUTP OFF
[2020/07/28 20:09:38.724519][I][disconnect_E6640A] Disconnect E6640A
[2020/07/28 20:09:38.728528][I][set_Preset] System reset
[2020/07/28 20:09:38.732540][I][writeEx] E6640A <= *RST
[2020/07/28 20:09:38.736550][I][writeEx] E6640A <= *CLS
[2020/07/28 20:09:38.742623][I][writeEx] E6640A <= SYST:PRES
[2020/07/28 20:09:39.048123][I][queryEx] E6640A <= *OPC?
[2020/07/28 20:09:39.764229][I][queryEx] E6640A => 1
[2020/07/28 20:09:39.773182]========== End ==========
