[2020/07/28 20:05:00]============== Control PS_Keysight66321B ==============
[2020/07/28 20:05:01]List resource: ['GPIB0::5::INSTR', 'ASRL1::INSTR']
[2020/07/28 20:05:01]Power Supply: control 66321B successfully
[2020/07/28 20:05:01]Power Supply send: *RST
[2020/07/28 20:05:01]Power Supply send: *IDN?
[2020/07/28 20:05:01]Power Supply recv: Agilent Technologies,66321B,0,A.03.01

[2020/07/28 20:05:01]Power Supply is: Agilent Technologies,66321B,0,A.03.01
 

[2020/07/28 20:05:01]Power Supply send: CURR:PROT:STAT 1
[2020/07/28 20:05:01]Power Supply send: CURR:PROT:STAT?
[2020/07/28 20:05:01]Power Supply recv: 1

[2020/07/28 20:05:01]Power Supply send: VOLT 12.0
[2020/07/28 20:05:01]Power Supply send: VOLT?
[2020/07/28 20:05:01]Power Supply recv: 1.20000E+1

[2020/07/28 20:05:01]Power Supply send: CURR 1.0
[2020/07/28 20:05:01]Power Supply send: CURR?
[2020/07/28 20:05:01]Power Supply recv: 1.00000E+0

[2020/07/28 20:05:01]Power Supply send: OUTP 1
[2020/07/28 20:05:01]Power Supply send: OUTP?
[2020/07/28 20:05:01]Power Supply recv: 1

[2020/07/28 20:06:37]============== Control PS_Keysight66321B ==============
[2020/07/28 20:06:37]List resource: ['GPIB0::5::INSTR', 'TCPIP0::192.168.1.2::hislip0::INSTR', 'ASRL1::INSTR', 'ASRL14::INSTR', 'ASRL15::INSTR', 'ASRL16::INSTR', 'ASRL17::INSTR', 'ASRL19::INSTR', 'ASRL20::INSTR']
[2020/07/28 20:06:37]Power Supply: control 66321B successfully
[2020/07/28 20:06:37]Power Supply send: *IDN?
[2020/07/28 20:06:37]Power Supply recv: Agilent Technologies,66321B,0,A.03.01

[2020/07/28 20:06:37]Power Supply is: Agilent Technologies,66321B,0,A.03.01
 

[2020/07/28 20:06:51]Power Supply send: MEAS:CURR?
[2020/07/28 20:06:51]Power Supply recv: 7.74816E-2

[2020/07/28 20:07:03]Power Supply send: MEAS:CURR?
[2020/07/28 20:07:03]Power Supply recv: 7.61939E-2

[2020/07/28 20:07:18]Power Supply send: MEAS:CURR?
[2020/07/28 20:07:18]Power Supply recv: 9.82610E-2

[2020/07/28 20:07:30]Power Supply send: MEAS:CURR?
[2020/07/28 20:07:30]Power Supply recv: 9.86365E-2

[2020/07/28 20:07:45]Power Supply send: MEAS:CURR?
[2020/07/28 20:07:45]Power Supply recv: 7.73489E-2

[2020/07/28 20:07:57]Power Supply send: MEAS:CURR?
[2020/07/28 20:07:57]Power Supply recv: 8.60022E-2

[2020/07/28 20:08:43]============== Control PS_Keysight66321B ==============
[2020/07/28 20:08:43]List resource: ['GPIB0::5::INSTR', 'TCPIP0::192.168.1.2::hislip0::INSTR', 'ASRL1::INSTR']
[2020/07/28 20:08:43]Power Supply: control 66321B successfully
[2020/07/28 20:08:43]Power Supply send: *IDN?
[2020/07/28 20:08:43]Power Supply recv: Agilent Technologies,66321B,0,A.03.01

[2020/07/28 20:08:43]Power Supply is: Agilent Technologies,66321B,0,A.03.01
 

[2020/07/28 20:08:52]Power Supply send: MEAS:CURR?
[2020/07/28 20:08:52]Power Supply recv: 2.39115E-1

[2020/07/28 20:09:02]Power Supply send: MEAS:CURR?
[2020/07/28 20:09:02]Power Supply recv: 2.09002E-1

[2020/07/28 20:09:12]Power Supply send: MEAS:CURR?
[2020/07/28 20:09:12]Power Supply recv: 1.48946E-1

[2020/07/28 20:09:47]============== Control PS_Keysight66321B ==============
[2020/07/28 20:09:48]List resource: ['GPIB0::5::INSTR', 'TCPIP0::192.168.1.2::hislip0::INSTR', 'ASRL1::INSTR', 'ASRL14::INSTR', 'ASRL15::INSTR', 'ASRL16::INSTR', 'ASRL17::INSTR', 'ASRL19::INSTR', 'ASRL20::INSTR']
[2020/07/28 20:09:48]Power Supply: control 66321B successfully
[2020/07/28 20:09:48]Power Supply send: *RST
[2020/07/28 20:09:48]Power Supply send: *IDN?
[2020/07/28 20:09:48]Power Supply recv: Agilent Technologies,66321B,0,A.03.01

[2020/07/28 20:09:48]Power Supply is: Agilent Technologies,66321B,0,A.03.01
 

[2020/07/28 20:09:48]Power Supply send: OUTP 0
[2020/07/28 20:09:48]Power Supply send: OUTP?
[2020/07/28 20:09:48]Power Supply recv: 0

