[2020/07/27 20:31:36.175530][I][class_GFI20] Initial class_GFI20
[2020/07/27 20:31:36.175530][I][connectDUT] COM: COM20, BaudRate: 115200
[2020/07/27 20:31:36.185529][I][connectDUT] Connect DUT success
[2020/07/27 20:31:36.185529][I][setScimitarMenu] Set Scimitar menu
[2020/07/27 20:31:36.406065][I][sendCOMCommand] DUT <= x
[2020/07/27 20:31:36.516063][I][sendCOMCommand] Serial buffer size: 7
[2020/07/27 20:31:37.066064][I][sendCOMCommand] DUT => x
$>

[2020/07/27 20:31:37.075576][I][setScimitarMenu] Success
[2020/07/27 20:31:43.245523][I][setZigbee_Tx] ZIGBEE_2450 CH: 15, Tx PWR: 0 dBm
[2020/07/27 20:31:43.245523][I][setScimitarMenu] Set Scimitar menu
[2020/07/27 20:31:43.456058][I][sendCOMCommand] DUT <= x
[2020/07/27 20:31:43.576041][I][sendCOMCommand] Serial buffer size: 7
[2020/07/27 20:31:44.126030][I][sendCOMCommand] DUT => x
$>

[2020/07/27 20:31:44.135565][I][setScimitarMenu] Success
[2020/07/27 20:31:44.135565][I][setZigbeeMenu] Check Zigbee Menu
[2020/07/27 20:31:44.346150][I][sendCOMCommand] DUT <= 2
[2020/07/27 20:31:44.456063][I][sendCOMCommand] Serial buffer size: 22
[2020/07/27 20:31:45.005947][I][sendCOMCommand] DUT => 2
$2_Zigbee(EM357)>

[2020/07/27 20:31:45.015531][I][setZigbeeMenu] Success
[2020/07/27 20:31:45.015531][I][setZigbee_Tx] Set Diagnostics Menu
[2020/07/27 20:31:45.226026][I][sendCOMCommand] DUT <= d
[2020/07/27 20:31:45.336122][I][sendCOMCommand] Serial buffer size: 22
[2020/07/27 20:31:45.886118][I][sendCOMCommand] DUT => d
$2-d_Diagnostics>

[2020/07/27 20:31:45.886118][I][setZigbee_Tx] Success
[2020/07/27 20:31:45.895532][I][setZigbee_Tx] Set Channel Menu
[2020/07/27 20:31:46.106063][I][sendCOMCommand] DUT <= 2
[2020/07/27 20:31:46.216063][I][sendCOMCommand] Serial buffer size: 66
[2020/07/27 20:31:46.776056][I][sendCOMCommand] DUT => 2
$2-d-2_Set Channel (11 => 26) [0B - 1A by HEX]>
$PARAMETER?>

[2020/07/27 20:31:46.785570][I][setZigbee_Tx] Success
[2020/07/27 20:31:46.785570][I][setZigbee_Tx] Set Channel
[2020/07/27 20:31:46.996060][I][sendCOMCommand] DUT <= 0F
[2020/07/27 20:31:47.116060][I][sendCOMCommand] Serial buffer size: 53
[2020/07/27 20:31:47.666055][I][sendCOMCommand] DUT => Set Channel: 15 (0x0F)
$DONE_OK
$2-d_Diagnostics>

[2020/07/27 20:31:47.675573][I][setZigbee_Tx] Success
[2020/07/27 20:31:47.675573][I][setZigbee_Tx] Set PWR Menu
[2020/07/27 20:31:47.886145][I][sendCOMCommand] DUT <= 3
[2020/07/27 20:31:47.996065][I][sendCOMCommand] Serial buffer size: 79
[2020/07/27 20:31:48.535869][I][sendCOMCommand] DUT => 3
$2-d-3_Set Power (-32 => +8dBm, Step=1dB) [-2B - 08 by HEX]>
$PARAMETER?>

[2020/07/27 20:31:48.545571][I][setZigbee_Tx] Success
[2020/07/27 20:31:48.545571][I][setZigbee_Tx] Set Tx PWR
[2020/07/27 20:31:48.756034][I][sendCOMCommand] DUT <= 00
[2020/07/27 20:31:48.876057][I][sendCOMCommand] Serial buffer size: 31
[2020/07/27 20:31:49.426193][I][sendCOMCommand] DUT => Set Power: 0 (0x00)
$DONE_OK
$2-d_Diagnostics>

[2020/07/27 20:31:49.426193][I][setZigbee_Tx] Success
[2020/07/27 20:31:49.435521][I][setScimitarMenu] Set Scimitar menu
[2020/07/27 20:31:49.656029][I][sendCOMCommand] DUT <= x
[2020/07/27 20:31:49.766048][I][sendCOMCommand] Serial buffer size: 22
[2020/07/27 20:31:50.336060][I][sendCOMCommand] DUT => x
$2_Zigbee(EM357)>

[2020/07/27 20:31:50.556031][I][sendCOMCommand] DUT <= x
[2020/07/27 20:31:50.676063][I][sendCOMCommand] Serial buffer size: 7
[2020/07/27 20:31:51.226062][I][sendCOMCommand] DUT => x
$>

[2020/07/27 20:31:51.235578][I][setScimitarMenu] Success
[2020/07/27 20:31:51.235578][I][setZigbeeMenu] Check Zigbee Menu
[2020/07/27 20:31:51.446161][I][sendCOMCommand] DUT <= 2
[2020/07/27 20:31:51.556054][I][sendCOMCommand] Serial buffer size: 22
[2020/07/27 20:31:52.106058][I][sendCOMCommand] DUT => 2
$2_Zigbee(EM357)>

[2020/07/27 20:31:52.115570][I][setZigbeeMenu] Success
[2020/07/27 20:31:52.115570][I][setTxStart] Set Tx start
[2020/07/27 20:31:54.225562][I][setTxStop] Set Tx stop
[2020/07/27 20:31:54.436029][I][sendCOMCommand] DUT <= 5
[2020/07/27 20:31:54.546049][I][sendCOMCommand] Serial buffer size: 170
[2020/07/27 20:31:55.096063][I][sendCOMCommand] DUT => [mfglib]Send Packet(100 bytes)
[mfglib]Send Packet(100 bytes)
5
ZigBee send packet test end.
Total number of emberStatus errors:0
$[0]
$DONE_OK
$2_Zigbee(EM357)>

[2020/07/27 20:31:55.105533][I][setTxStop] Success
[2020/07/27 20:31:55.135517][I][setZigbee_Tx] ZIGBEE_2450 CH: 15, Tx PWR: -2 dBm
[2020/07/27 20:31:55.135517][I][setScimitarMenu] Set Scimitar menu
[2020/07/27 20:31:55.346086][I][sendCOMCommand] DUT <= x
[2020/07/27 20:31:55.456054][I][sendCOMCommand] Serial buffer size: 7
[2020/07/27 20:31:56.016064][I][sendCOMCommand] DUT => x
$>

[2020/07/27 20:31:56.025563][I][setScimitarMenu] Success
[2020/07/27 20:31:56.025563][I][setZigbeeMenu] Check Zigbee Menu
[2020/07/27 20:31:56.246060][I][sendCOMCommand] DUT <= 2
[2020/07/27 20:31:56.356059][I][sendCOMCommand] Serial buffer size: 22
[2020/07/27 20:31:56.916059][I][sendCOMCommand] DUT => 2
$2_Zigbee(EM357)>

[2020/07/27 20:31:56.925590][I][setZigbeeMenu] Success
[2020/07/27 20:31:56.925590][I][setZigbee_Tx] Set Diagnostics Menu
[2020/07/27 20:31:57.136058][I][sendCOMCommand] DUT <= d
[2020/07/27 20:31:57.266056][I][sendCOMCommand] Serial buffer size: 22
[2020/07/27 20:31:57.816062][I][sendCOMCommand] DUT => d
$2-d_Diagnostics>

[2020/07/27 20:31:57.825561][I][setZigbee_Tx] Success
[2020/07/27 20:31:57.825561][I][setZigbee_Tx] Set Channel Menu
[2020/07/27 20:31:58.036061][I][sendCOMCommand] DUT <= 2
[2020/07/27 20:31:58.156052][I][sendCOMCommand] Serial buffer size: 66
[2020/07/27 20:31:58.706061][I][sendCOMCommand] DUT => 2
$2-d-2_Set Channel (11 => 26) [0B - 1A by HEX]>
$PARAMETER?>

[2020/07/27 20:31:58.715581][I][setZigbee_Tx] Success
[2020/07/27 20:31:58.715581][I][setZigbee_Tx] Set Channel
[2020/07/27 20:31:58.936057][I][sendCOMCommand] DUT <= 0F
[2020/07/27 20:31:59.056058][I][sendCOMCommand] Serial buffer size: 53
[2020/07/27 20:31:59.615525][I][sendCOMCommand] DUT => Set Channel: 15 (0x0F)
$DONE_OK
$2-d_Diagnostics>

[2020/07/27 20:31:59.615525][I][setZigbee_Tx] Success
[2020/07/27 20:31:59.615525][I][setZigbee_Tx] Set PWR Menu
[2020/07/27 20:31:59.836057][I][sendCOMCommand] DUT <= 3
[2020/07/27 20:31:59.956030][I][sendCOMCommand] Serial buffer size: 79
[2020/07/27 20:32:00.516023][I][sendCOMCommand] DUT => 3
$2-d-3_Set Power (-32 => +8dBm, Step=1dB) [-2B - 08 by HEX]>
$PARAMETER?>

[2020/07/27 20:32:00.525568][I][setZigbee_Tx] Success
[2020/07/27 20:32:00.525568][I][setZigbee_Tx] Set Tx PWR
[2020/07/27 20:32:00.736062][I][sendCOMCommand] DUT <= FE
[2020/07/27 20:32:00.856225][I][sendCOMCommand] Serial buffer size: 57
[2020/07/27 20:32:01.456059][I][sendCOMCommand] DUT => Set Power: -2 (0xFFFFFFFE)
$DONE_OK
$2-d_Diagnostics>

[2020/07/27 20:32:01.465561][I][setZigbee_Tx] Success
[2020/07/27 20:32:01.475516][I][setScimitarMenu] Set Scimitar menu
[2020/07/27 20:32:01.686149][I][sendCOMCommand] DUT <= x
[2020/07/27 20:32:01.796060][I][sendCOMCommand] Serial buffer size: 22
[2020/07/27 20:32:02.346056][I][sendCOMCommand] DUT => x
$2_Zigbee(EM357)>

[2020/07/27 20:32:02.566054][I][sendCOMCommand] DUT <= x
[2020/07/27 20:32:02.686170][I][sendCOMCommand] Serial buffer size: 7
[2020/07/27 20:32:03.236057][I][sendCOMCommand] DUT => x
$>

[2020/07/27 20:32:03.255521][I][setScimitarMenu] Success
[2020/07/27 20:32:03.265565][I][setZigbeeMenu] Check Zigbee Menu
[2020/07/27 20:32:03.486053][I][sendCOMCommand] DUT <= 2
[2020/07/27 20:32:03.596020][I][sendCOMCommand] Serial buffer size: 22
[2020/07/27 20:32:04.156057][I][sendCOMCommand] DUT => 2
$2_Zigbee(EM357)>

[2020/07/27 20:32:04.165560][I][setZigbeeMenu] Success
[2020/07/27 20:32:04.165560][I][setTxStart] Set Tx start
[2020/07/27 20:32:06.415557][I][setTxStop] Set Tx stop
[2020/07/27 20:32:06.636050][I][sendCOMCommand] DUT <= 5
[2020/07/27 20:32:06.746055][I][sendCOMCommand] Serial buffer size: 170
[2020/07/27 20:32:07.306092][I][sendCOMCommand] DUT => [mfglib]Send Packet(100 bytes)
[mfglib]Send Packet(100 bytes)
5
ZigBee send packet test end.
Total number of emberStatus errors:0
$[0]
$DONE_OK
$2_Zigbee(EM357)>

[2020/07/27 20:32:07.315559][I][setTxStop] Success
[2020/07/27 20:32:11.005514][I][setZigbee_Tx] ZIGBEE_2450 CH: 21, Tx PWR: 0 dBm
[2020/07/27 20:32:11.015513][I][setScimitarMenu] Set Scimitar menu
[2020/07/27 20:32:11.226049][I][sendCOMCommand] DUT <= x
[2020/07/27 20:32:11.335964][I][sendCOMCommand] Serial buffer size: 7
[2020/07/27 20:32:11.896066][I][sendCOMCommand] DUT => x
$>

[2020/07/27 20:32:11.905532][I][setScimitarMenu] Success
[2020/07/27 20:32:11.905532][I][setZigbeeMenu] Check Zigbee Menu
[2020/07/27 20:32:12.116058][I][sendCOMCommand] DUT <= 2
[2020/07/27 20:32:12.236056][I][sendCOMCommand] Serial buffer size: 22
[2020/07/27 20:32:12.786055][I][sendCOMCommand] DUT => 2
$2_Zigbee(EM357)>

[2020/07/27 20:32:12.795566][I][setZigbeeMenu] Success
[2020/07/27 20:32:12.795566][I][setZigbee_Tx] Set Diagnostics Menu
[2020/07/27 20:32:13.016060][I][sendCOMCommand] DUT <= d
[2020/07/27 20:32:13.136051][I][sendCOMCommand] Serial buffer size: 22
[2020/07/27 20:32:13.686052][I][sendCOMCommand] DUT => d
$2-d_Diagnostics>

[2020/07/27 20:32:13.695512][I][setZigbee_Tx] Success
[2020/07/27 20:32:13.695512][I][setZigbee_Tx] Set Channel Menu
[2020/07/27 20:32:13.906162][I][sendCOMCommand] DUT <= 2
[2020/07/27 20:32:14.016050][I][sendCOMCommand] Serial buffer size: 66
[2020/07/27 20:32:14.566056][I][sendCOMCommand] DUT => 2
$2-d-2_Set Channel (11 => 26) [0B - 1A by HEX]>
$PARAMETER?>

[2020/07/27 20:32:14.575558][I][setZigbee_Tx] Success
[2020/07/27 20:32:14.575558][I][setZigbee_Tx] Set Channel
[2020/07/27 20:32:14.796052][I][sendCOMCommand] DUT <= 15
[2020/07/27 20:32:14.906132][I][sendCOMCommand] Serial buffer size: 53
[2020/07/27 20:32:15.456003][I][sendCOMCommand] DUT => Set Channel: 21 (0x15)
$DONE_OK
$2-d_Diagnostics>

[2020/07/27 20:32:15.465566][I][setZigbee_Tx] Success
[2020/07/27 20:32:15.465566][I][setZigbee_Tx] Set PWR Menu
[2020/07/27 20:32:15.686052][I][sendCOMCommand] DUT <= 3
[2020/07/27 20:32:15.795791][I][sendCOMCommand] Serial buffer size: 79
[2020/07/27 20:32:16.356048][I][sendCOMCommand] DUT => 3
$2-d-3_Set Power (-32 => +8dBm, Step=1dB) [-2B - 08 by HEX]>
$PARAMETER?>

[2020/07/27 20:32:16.365563][I][setZigbee_Tx] Success
[2020/07/27 20:32:16.365563][I][setZigbee_Tx] Set Tx PWR
[2020/07/27 20:32:16.586050][I][sendCOMCommand] DUT <= 00
[2020/07/27 20:32:16.696056][I][sendCOMCommand] Serial buffer size: 50
[2020/07/27 20:32:17.256057][I][sendCOMCommand] DUT => Set Power: 0 (0x00)
$DONE_OK
$2-d_Diagnostics>

[2020/07/27 20:32:17.265574][I][setZigbee_Tx] Success
[2020/07/27 20:32:17.275543][I][setScimitarMenu] Set Scimitar menu
[2020/07/27 20:32:17.486144][I][sendCOMCommand] DUT <= x
[2020/07/27 20:32:17.596055][I][sendCOMCommand] Serial buffer size: 22
[2020/07/27 20:32:18.146054][I][sendCOMCommand] DUT => x
$2_Zigbee(EM357)>

[2020/07/27 20:32:18.376055][I][sendCOMCommand] DUT <= x
[2020/07/27 20:32:18.486216][I][sendCOMCommand] Serial buffer size: 7
[2020/07/27 20:32:19.035920][I][sendCOMCommand] DUT => x
$>

[2020/07/27 20:32:19.045560][I][setScimitarMenu] Success
[2020/07/27 20:32:19.045560][I][setZigbeeMenu] Check Zigbee Menu
[2020/07/27 20:32:19.266048][I][sendCOMCommand] DUT <= 2
[2020/07/27 20:32:19.376050][I][sendCOMCommand] Serial buffer size: 22
[2020/07/27 20:32:19.936021][I][sendCOMCommand] DUT => 2
$2_Zigbee(EM357)>

[2020/07/27 20:32:19.945557][I][setZigbeeMenu] Success
[2020/07/27 20:32:19.945557][I][setTxStart] Set Tx start
[2020/07/27 20:32:22.095552][I][setTxStop] Set Tx stop
[2020/07/27 20:32:22.316045][I][sendCOMCommand] DUT <= 5
[2020/07/27 20:32:22.426044][I][sendCOMCommand] Serial buffer size: 170
[2020/07/27 20:32:22.986059][I][sendCOMCommand] DUT => [mfglib]Send Packet(100 bytes)
[mfglib]Send Packet(100 bytes)
5
ZigBee send packet test end.
Total number of emberStatus errors:0
$[0]
$DONE_OK
$2_Zigbee(EM357)>

[2020/07/27 20:32:22.995551][I][setTxStop] Success
[2020/07/27 20:32:23.015546][I][setZigbee_Tx] ZIGBEE_2450 CH: 21, Tx PWR: -2 dBm
[2020/07/27 20:32:23.025538][I][setScimitarMenu] Set Scimitar menu
[2020/07/27 20:32:23.236051][I][sendCOMCommand] DUT <= x
[2020/07/27 20:32:23.346037][I][sendCOMCommand] Serial buffer size: 7
[2020/07/27 20:32:23.906052][I][sendCOMCommand] DUT => x
$>

[2020/07/27 20:32:23.915510][I][setScimitarMenu] Success
[2020/07/27 20:32:23.915510][I][setZigbeeMenu] Check Zigbee Menu
[2020/07/27 20:32:24.126093][I][sendCOMCommand] DUT <= 2
[2020/07/27 20:32:24.236057][I][sendCOMCommand] Serial buffer size: 22
[2020/07/27 20:32:24.796048][I][sendCOMCommand] DUT => 2
$2_Zigbee(EM357)>

[2020/07/27 20:32:24.805557][I][setZigbeeMenu] Success
[2020/07/27 20:32:24.805557][I][setZigbee_Tx] Set Diagnostics Menu
[2020/07/27 20:32:25.026045][I][sendCOMCommand] DUT <= d
[2020/07/27 20:32:25.136053][I][sendCOMCommand] Serial buffer size: 22
[2020/07/27 20:32:25.686046][I][sendCOMCommand] DUT => d
$2-d_Diagnostics>

[2020/07/27 20:32:25.695560][I][setZigbee_Tx] Success
[2020/07/27 20:32:25.695560][I][setZigbee_Tx] Set Channel Menu
[2020/07/27 20:32:25.916013][I][sendCOMCommand] DUT <= 2
[2020/07/27 20:32:26.026044][I][sendCOMCommand] Serial buffer size: 66
[2020/07/27 20:32:26.586047][I][sendCOMCommand] DUT => 2
$2-d-2_Set Channel (11 => 26) [0B - 1A by HEX]>
$PARAMETER?>

[2020/07/27 20:32:26.595559][I][setZigbee_Tx] Success
[2020/07/27 20:32:26.595559][I][setZigbee_Tx] Set Channel
[2020/07/27 20:32:26.816051][I][sendCOMCommand] DUT <= 15
[2020/07/27 20:32:26.936048][I][sendCOMCommand] Serial buffer size: 53
[2020/07/27 20:32:27.486050][I][sendCOMCommand] DUT => Set Channel: 21 (0x15)
$DONE_OK
$2-d_Diagnostics>

[2020/07/27 20:32:27.495509][I][setZigbee_Tx] Success
[2020/07/27 20:32:27.495509][I][setZigbee_Tx] Set PWR Menu
[2020/07/27 20:32:27.705955][I][sendCOMCommand] DUT <= 3
[2020/07/27 20:32:27.815958][I][sendCOMCommand] Serial buffer size: 79
[2020/07/27 20:32:28.376048][I][sendCOMCommand] DUT => 3
$2-d-3_Set Power (-32 => +8dBm, Step=1dB) [-2B - 08 by HEX]>
$PARAMETER?>

[2020/07/27 20:32:28.385554][I][setZigbee_Tx] Success
[2020/07/27 20:32:28.385554][I][setZigbee_Tx] Set Tx PWR
[2020/07/27 20:32:28.616047][I][sendCOMCommand] DUT <= FE
[2020/07/27 20:32:28.726062][I][sendCOMCommand] Serial buffer size: 57
[2020/07/27 20:32:29.296052][I][sendCOMCommand] DUT => Set Power: -2 (0xFFFFFFFE)
$DONE_OK
$2-d_Diagnostics>

[2020/07/27 20:32:29.305555][I][setZigbee_Tx] Success
[2020/07/27 20:32:29.315537][I][setScimitarMenu] Set Scimitar menu
[2020/07/27 20:32:29.526044][I][sendCOMCommand] DUT <= x
[2020/07/27 20:32:29.636045][I][sendCOMCommand] Serial buffer size: 22
[2020/07/27 20:32:30.186055][I][sendCOMCommand] DUT => x
$2_Zigbee(EM357)>

[2020/07/27 20:32:30.406059][I][sendCOMCommand] DUT <= x
[2020/07/27 20:32:30.516045][I][sendCOMCommand] Serial buffer size: 7
[2020/07/27 20:32:31.076047][I][sendCOMCommand] DUT => x
$>

[2020/07/27 20:32:31.085553][I][setScimitarMenu] Success
[2020/07/27 20:32:31.085553][I][setZigbeeMenu] Check Zigbee Menu
[2020/07/27 20:32:31.306056][I][sendCOMCommand] DUT <= 2
[2020/07/27 20:32:31.426043][I][sendCOMCommand] Serial buffer size: 22
[2020/07/27 20:32:31.976055][I][sendCOMCommand] DUT => 2
$2_Zigbee(EM357)>

[2020/07/27 20:32:31.985557][I][setZigbeeMenu] Success
[2020/07/27 20:32:31.985557][I][setTxStart] Set Tx start
[2020/07/27 20:32:34.225541][I][setTxStop] Set Tx stop
[2020/07/27 20:32:34.436047][I][sendCOMCommand] DUT <= 5
[2020/07/27 20:32:34.546043][I][sendCOMCommand] Serial buffer size: 170
[2020/07/27 20:32:35.106046][I][sendCOMCommand] DUT => [mfglib]Send Packet(100 bytes)
[mfglib]Send Packet(100 bytes)
5
ZigBee send packet test end.
Total number of emberStatus errors:0
$[0]
$DONE_OK
$2_Zigbee(EM357)>

[2020/07/27 20:32:35.115563][I][setTxStop] Success
[2020/07/27 20:32:38.835534][I][setZigbee_Tx] ZIGBEE_2450 CH: 24, Tx PWR: 0 dBm
[2020/07/27 20:32:38.835534][I][setScimitarMenu] Set Scimitar menu
[2020/07/27 20:32:39.056029][I][sendCOMCommand] DUT <= x
[2020/07/27 20:32:39.166041][I][sendCOMCommand] Serial buffer size: 7
[2020/07/27 20:32:39.726049][I][sendCOMCommand] DUT => x
$>

[2020/07/27 20:32:39.735567][I][setScimitarMenu] Success
[2020/07/27 20:32:39.735567][I][setZigbeeMenu] Check Zigbee Menu
[2020/07/27 20:32:39.956018][I][sendCOMCommand] DUT <= 2
[2020/07/27 20:32:40.076043][I][sendCOMCommand] Serial buffer size: 22
[2020/07/27 20:32:40.626051][I][sendCOMCommand] DUT => 2
$2_Zigbee(EM357)>

[2020/07/27 20:32:40.635570][I][setZigbeeMenu] Success
[2020/07/27 20:32:40.635570][I][setZigbee_Tx] Set Diagnostics Menu
[2020/07/27 20:32:40.856109][I][sendCOMCommand] DUT <= d
[2020/07/27 20:32:40.966043][I][sendCOMCommand] Serial buffer size: 22
[2020/07/27 20:32:41.526046][I][sendCOMCommand] DUT => d
$2-d_Diagnostics>

[2020/07/27 20:32:41.535569][I][setZigbee_Tx] Success
[2020/07/27 20:32:41.535569][I][setZigbee_Tx] Set Channel Menu
[2020/07/27 20:32:41.756045][I][sendCOMCommand] DUT <= 2
[2020/07/27 20:32:41.866044][I][sendCOMCommand] Serial buffer size: 66
[2020/07/27 20:32:42.416049][I][sendCOMCommand] DUT => 2
$2-d-2_Set Channel (11 => 26) [0B - 1A by HEX]>
$PARAMETER?>

[2020/07/27 20:32:42.425549][I][setZigbee_Tx] Success
[2020/07/27 20:32:42.435504][I][setZigbee_Tx] Set Channel
[2020/07/27 20:32:42.646042][I][sendCOMCommand] DUT <= 18
[2020/07/27 20:32:42.756046][I][sendCOMCommand] Serial buffer size: 53
[2020/07/27 20:32:43.315562][I][sendCOMCommand] DUT => Set Channel: 24 (0x18)
$DONE_OK
$2-d_Diagnostics>

[2020/07/27 20:32:43.315562][I][setZigbee_Tx] Success
[2020/07/27 20:32:43.325504][I][setZigbee_Tx] Set PWR Menu
[2020/07/27 20:32:43.536040][I][sendCOMCommand] DUT <= 3
[2020/07/27 20:32:43.656043][I][sendCOMCommand] Serial buffer size: 79
[2020/07/27 20:32:44.205740][I][sendCOMCommand] DUT => 3
$2-d-3_Set Power (-32 => +8dBm, Step=1dB) [-2B - 08 by HEX]>
$PARAMETER?>

[2020/07/27 20:32:44.215548][I][setZigbee_Tx] Success
[2020/07/27 20:32:44.215548][I][setZigbee_Tx] Set Tx PWR
[2020/07/27 20:32:44.436011][I][sendCOMCommand] DUT <= 00
[2020/07/27 20:32:44.556053][I][sendCOMCommand] Serial buffer size: 50
[2020/07/27 20:32:45.106052][I][sendCOMCommand] DUT => Set Power: 0 (0x00)
$DONE_OK
$2-d_Diagnostics>

[2020/07/27 20:32:45.125509][I][setZigbee_Tx] Success
[2020/07/27 20:32:45.145505][I][setScimitarMenu] Set Scimitar menu
[2020/07/27 20:32:45.366171][I][sendCOMCommand] DUT <= x
[2020/07/27 20:32:45.476044][I][sendCOMCommand] Serial buffer size: 22
[2020/07/27 20:32:46.036068][I][sendCOMCommand] DUT => x
$2_Zigbee(EM357)>

[2020/07/27 20:32:46.246044][I][sendCOMCommand] DUT <= x
[2020/07/27 20:32:46.366045][I][sendCOMCommand] Serial buffer size: 7
[2020/07/27 20:32:46.916045][I][sendCOMCommand] DUT => x
$>

[2020/07/27 20:32:46.925547][I][setScimitarMenu] Success
[2020/07/27 20:32:46.925547][I][setZigbeeMenu] Check Zigbee Menu
[2020/07/27 20:32:47.146040][I][sendCOMCommand] DUT <= 2
[2020/07/27 20:32:47.266048][I][sendCOMCommand] Serial buffer size: 22
[2020/07/27 20:32:47.816049][I][sendCOMCommand] DUT => 2
$2_Zigbee(EM357)>

[2020/07/27 20:32:47.825503][I][setZigbeeMenu] Success
[2020/07/27 20:32:47.825503][I][setTxStart] Set Tx start
[2020/07/27 20:32:50.075517][I][setTxStop] Set Tx stop
[2020/07/27 20:32:50.286040][I][sendCOMCommand] DUT <= 5
[2020/07/27 20:32:50.396072][I][sendCOMCommand] Serial buffer size: 170
[2020/07/27 20:32:50.946039][I][sendCOMCommand] DUT => [mfglib]Send Packet(100 bytes)
[mfglib]Send Packet(100 bytes)
5
ZigBee send packet test end.
Total number of emberStatus errors:0
$[0]
$DONE_OK
$2_Zigbee(EM357)>

[2020/07/27 20:32:50.955539][I][setTxStop] Success
[2020/07/27 20:32:50.985501][I][setZigbee_Tx] ZIGBEE_2450 CH: 24, Tx PWR: -2 dBm
[2020/07/27 20:32:50.985501][I][setScimitarMenu] Set Scimitar menu
[2020/07/27 20:32:51.196043][I][sendCOMCommand] DUT <= x
[2020/07/27 20:32:51.316011][I][sendCOMCommand] Serial buffer size: 7
[2020/07/27 20:32:51.866039][I][sendCOMCommand] DUT => x
$>

[2020/07/27 20:32:51.875555][I][setScimitarMenu] Success
[2020/07/27 20:32:51.875555][I][setZigbeeMenu] Check Zigbee Menu
[2020/07/27 20:32:52.096041][I][sendCOMCommand] DUT <= 2
[2020/07/27 20:32:52.216048][I][sendCOMCommand] Serial buffer size: 22
[2020/07/27 20:32:52.776047][I][sendCOMCommand] DUT => 2
$2_Zigbee(EM357)>

[2020/07/27 20:32:52.785551][I][setZigbeeMenu] Success
[2020/07/27 20:32:52.785551][I][setZigbee_Tx] Set Diagnostics Menu
[2020/07/27 20:32:53.006039][I][sendCOMCommand] DUT <= d
[2020/07/27 20:32:53.126181][I][sendCOMCommand] Serial buffer size: 22
[2020/07/27 20:32:53.676083][I][sendCOMCommand] DUT => d
$2-d_Diagnostics>

[2020/07/27 20:32:53.685502][I][setZigbee_Tx] Success
[2020/07/27 20:32:53.685502][I][setZigbee_Tx] Set Channel Menu
[2020/07/27 20:32:53.896032][I][sendCOMCommand] DUT <= 2
[2020/07/27 20:32:54.016037][I][sendCOMCommand] Serial buffer size: 66
[2020/07/27 20:32:54.566045][I][sendCOMCommand] DUT => 2
$2-d-2_Set Channel (11 => 26) [0B - 1A by HEX]>
$PARAMETER?>

[2020/07/27 20:32:54.575551][I][setZigbee_Tx] Success
[2020/07/27 20:32:54.575551][I][setZigbee_Tx] Set Channel
[2020/07/27 20:32:54.796006][I][sendCOMCommand] DUT <= 18
[2020/07/27 20:32:54.916037][I][sendCOMCommand] Serial buffer size: 53
[2020/07/27 20:32:55.456036][I][sendCOMCommand] DUT => Set Channel: 24 (0x18)
$DONE_OK
$2-d_Diagnostics>

[2020/07/27 20:32:55.475508][I][setZigbee_Tx] Success
[2020/07/27 20:32:55.485547][I][setZigbee_Tx] Set PWR Menu
[2020/07/27 20:32:55.695929][I][sendCOMCommand] DUT <= 3
[2020/07/27 20:32:55.806038][I][sendCOMCommand] Serial buffer size: 79
[2020/07/27 20:32:56.356047][I][sendCOMCommand] DUT => 3
$2-d-3_Set Power (-32 => +8dBm, Step=1dB) [-2B - 08 by HEX]>
$PARAMETER?>

[2020/07/27 20:32:56.365550][I][setZigbee_Tx] Success
[2020/07/27 20:32:56.365550][I][setZigbee_Tx] Set Tx PWR
[2020/07/27 20:32:56.586037][I][sendCOMCommand] DUT <= FE
[2020/07/27 20:32:56.706213][I][sendCOMCommand] Serial buffer size: 57
[2020/07/27 20:32:57.256077][I][sendCOMCommand] DUT => Set Power: -2 (0xFFFFFFFE)
$DONE_OK
$2-d_Diagnostics>

[2020/07/27 20:32:57.265500][I][setZigbee_Tx] Success
[2020/07/27 20:32:57.275530][I][setScimitarMenu] Set Scimitar menu
[2020/07/27 20:32:57.486041][I][sendCOMCommand] DUT <= x
[2020/07/27 20:32:57.606037][I][sendCOMCommand] Serial buffer size: 22
[2020/07/27 20:32:58.156039][I][sendCOMCommand] DUT => x
$2_Zigbee(EM357)>

[2020/07/27 20:32:58.376046][I][sendCOMCommand] DUT <= x
[2020/07/27 20:32:58.496038][I][sendCOMCommand] Serial buffer size: 7
[2020/07/27 20:32:59.046035][I][sendCOMCommand] DUT => x
$>

[2020/07/27 20:32:59.055558][I][setScimitarMenu] Success
[2020/07/27 20:32:59.055558][I][setZigbeeMenu] Check Zigbee Menu
[2020/07/27 20:32:59.276153][I][sendCOMCommand] DUT <= 2
[2020/07/27 20:32:59.386036][I][sendCOMCommand] Serial buffer size: 22
[2020/07/27 20:32:59.936041][I][sendCOMCommand] DUT => 2
$2_Zigbee(EM357)>

[2020/07/27 20:32:59.945545][I][setZigbeeMenu] Success
[2020/07/27 20:32:59.945545][I][setTxStart] Set Tx start
[2020/07/27 20:33:02.105541][I][setTxStop] Set Tx stop
[2020/07/27 20:33:02.326150][I][sendCOMCommand] DUT <= 5
[2020/07/27 20:33:02.436035][I][sendCOMCommand] Serial buffer size: 183
[2020/07/27 20:33:02.986046][I][sendCOMCommand] DUT => [mfglib]Send Packet(100 bytes)
[mfglib]Send Packet(100 bytes)
[mfglib]Send Packet(100 bytes)
5
ZigBee send packet test end.
Total number of emberStatus errors:0
$[0]
$DONE_OK
$2_Zigbee(EM357)>

[2020/07/27 20:33:02.995547][I][setTxStop] Success
[2020/07/27 20:33:04.345537][I][setZigbee_Rx] ZIGBEE_2450 CH: 19
[2020/07/27 20:33:04.345537][I][setScimitarMenu] Set Scimitar menu
[2020/07/27 20:33:04.556011][I][sendCOMCommand] DUT <= x
[2020/07/27 20:33:04.676047][I][sendCOMCommand] Serial buffer size: 7
[2020/07/27 20:33:05.226038][I][sendCOMCommand] DUT => x
$>

[2020/07/27 20:33:05.235554][I][setScimitarMenu] Success
[2020/07/27 20:33:05.235554][I][setZigbeeMenu] Check Zigbee Menu
[2020/07/27 20:33:05.456006][I][sendCOMCommand] DUT <= 2
[2020/07/27 20:33:05.576041][I][sendCOMCommand] Serial buffer size: 22
[2020/07/27 20:33:06.126039][I][sendCOMCommand] DUT => 2
$2_Zigbee(EM357)>

[2020/07/27 20:33:06.135559][I][setZigbeeMenu] Success
[2020/07/27 20:33:06.135559][I][setZigbee_Rx] Set Diagnostics Menu
[2020/07/27 20:33:06.356002][I][sendCOMCommand] DUT <= d
[2020/07/27 20:33:06.476015][I][sendCOMCommand] Serial buffer size: 22
[2020/07/27 20:33:07.026039][I][sendCOMCommand] DUT => d
$2-d_Diagnostics>

[2020/07/27 20:33:07.035553][I][setZigbee_Rx] Success
[2020/07/27 20:33:07.035553][I][setZigbee_Rx] Set Channel Menu
[2020/07/27 20:33:07.256038][I][sendCOMCommand] DUT <= 2
[2020/07/27 20:33:07.376040][I][sendCOMCommand] Serial buffer size: 66
[2020/07/27 20:33:07.915912][I][sendCOMCommand] DUT => 2
$2-d-2_Set Channel (11 => 26) [0B - 1A by HEX]>
$PARAMETER?>

[2020/07/27 20:33:07.915912][I][setZigbee_Rx] Success
[2020/07/27 20:33:07.925532][I][setZigbee_Rx] Set Channel
[2020/07/27 20:33:08.136043][I][sendCOMCommand] DUT <= 13
[2020/07/27 20:33:08.246032][I][sendCOMCommand] Serial buffer size: 53
[2020/07/27 20:33:08.806032][I][sendCOMCommand] DUT => Set Channel: 19 (0x13)
$DONE_OK
$2-d_Diagnostics>

[2020/07/27 20:33:08.815545][I][setZigbee_Rx] Success
[2020/07/27 20:33:08.825529][I][setZigbeeLNAMode] LNA Mode: 1
[2020/07/27 20:33:08.825529][I][setScimitarMenu] Set Scimitar menu
[2020/07/27 20:33:09.046035][I][sendCOMCommand] DUT <= x
[2020/07/27 20:33:09.166034][I][sendCOMCommand] Serial buffer size: 22
[2020/07/27 20:33:09.716038][I][sendCOMCommand] DUT => x
$2_Zigbee(EM357)>

[2020/07/27 20:33:09.936004][I][sendCOMCommand] DUT <= x
[2020/07/27 20:33:10.056036][I][sendCOMCommand] Serial buffer size: 7
[2020/07/27 20:33:10.606042][I][sendCOMCommand] DUT => x
$>

[2020/07/27 20:33:10.615553][I][setScimitarMenu] Success
[2020/07/27 20:33:10.615553][I][setZigbeeMenu] Check Zigbee Menu
[2020/07/27 20:33:10.836005][I][sendCOMCommand] DUT <= 2
[2020/07/27 20:33:10.956032][I][sendCOMCommand] Serial buffer size: 22
[2020/07/27 20:33:11.506098][I][sendCOMCommand] DUT => 2
$2_Zigbee(EM357)>

[2020/07/27 20:33:11.515497][I][setZigbeeMenu] Success
[2020/07/27 20:33:11.515497][I][setZigbeeLNAMode] Set GPIO Write Menu
[2020/07/27 20:33:11.726043][I][sendCOMCommand] DUT <= 3
[2020/07/27 20:33:11.846044][I][sendCOMCommand] Serial buffer size: 28
[2020/07/27 20:33:12.396036][I][sendCOMCommand] DUT => 3
$2-3_ZigBee GPIO Write>

[2020/07/27 20:33:12.405540][I][setZigbeeLNAMode] Success
[2020/07/27 20:33:12.405540][I][setZigbeeLNAMode] Set LNA Mode
[2020/07/27 20:33:12.626038][I][sendCOMCommand] DUT <= 3
[2020/07/27 20:33:12.746034][I][sendCOMCommand] Serial buffer size: 106
[2020/07/27 20:33:13.296032][I][sendCOMCommand] DUT => 3
[EZSP]Setting GPIO was successful. (portPin=3, cfg=1, out=0)
$[0]
$DONE_OK
$2-3_ZigBee GPIO Write>

[2020/07/27 20:33:13.516123][I][sendCOMCommand] DUT <= 3
[2020/07/27 20:33:13.626045][I][sendCOMCommand] Serial buffer size: 81
[2020/07/27 20:33:14.185953][I][sendCOMCommand] DUT => 3
[EZSP]Setting GPIO was successful. (portPin=3, cfg=1, out=1)
$[1]
$DONE_OK
$2-3_ZigBee GPIO Write>

[2020/07/27 20:33:14.195550][I][setZigbeeLNAMode] Success
[2020/07/27 20:33:15.225833][I][getRxResult] Get Rx Result
[2020/07/27 20:33:15.225833][I][setScimitarMenu] Set Scimitar menu
[2020/07/27 20:33:15.446032][I][sendCOMCommand] DUT <= x
[2020/07/27 20:33:15.566001][I][sendCOMCommand] Serial buffer size: 22
[2020/07/27 20:33:16.115993][I][sendCOMCommand] DUT => x
$2_Zigbee(EM357)>

[2020/07/27 20:33:16.336032][I][sendCOMCommand] DUT <= x
[2020/07/27 20:33:16.446029][I][sendCOMCommand] Serial buffer size: 7
[2020/07/27 20:33:17.005932][I][sendCOMCommand] DUT => x
$>

[2020/07/27 20:33:17.015551][I][setScimitarMenu] Success
[2020/07/27 20:33:17.015551][I][setZigbeeMenu] Check Zigbee Menu
[2020/07/27 20:33:17.236038][I][sendCOMCommand] DUT <= 2
[2020/07/27 20:33:17.356032][I][sendCOMCommand] Serial buffer size: 22
[2020/07/27 20:33:17.906002][I][sendCOMCommand] DUT => 2
$2_Zigbee(EM357)>

[2020/07/27 20:33:17.915539][I][setZigbeeMenu] Success
[2020/07/27 20:33:18.126186][I][sendCOMCommand] DUT <= b
[2020/07/27 20:33:18.236030][I][sendCOMCommand] Serial buffer size: 94
[2020/07/27 20:33:18.356036][W][sendCOMCommand] Buffer not empty!!!
[2020/07/27 20:33:18.365494][I][sendCOMCommand] Serial buffer size: 183
[2020/07/27 20:33:18.806029][W][sendCOMCommand] Buffer not empty!!!
[2020/07/27 20:33:18.815494][I][sendCOMCommand] Serial buffer size: 10
[2020/07/27 20:33:18.926023][W][sendCOMCommand] Buffer not empty!!!
[2020/07/27 20:33:18.935539][I][sendCOMCommand] Serial buffer size: 19
[2020/07/27 20:33:19.496011][I][sendCOMCommand] DUT => b
ZigBee get Rssi test start.
Start Scan ... (Channel: 19 (0x13) duration:2 mask:00080000)
Channel: 19 (0x13), Rssi:-16
Total OK!    OOO   K  K   !
            O   O  K K    !
            O   O  KK     !
            O   O  K K     
             OOO   K  Kk  !
$[-16]
$DONE_OK
$2_Zigbee(EM357)>

[2020/07/27 20:33:19.575494][I][setZigbee_Rx] ZIGBEE_2450 CH: 19
[2020/07/27 20:33:19.585494][I][setScimitarMenu] Set Scimitar menu
[2020/07/27 20:33:19.796011][I][sendCOMCommand] DUT <= x
[2020/07/27 20:33:19.906033][I][sendCOMCommand] Serial buffer size: 7
[2020/07/27 20:33:20.456034][I][sendCOMCommand] DUT => x
$>

[2020/07/27 20:33:20.465538][I][setScimitarMenu] Success
[2020/07/27 20:33:20.465538][I][setZigbeeMenu] Check Zigbee Menu
[2020/07/27 20:33:20.686100][I][sendCOMCommand] DUT <= 2
[2020/07/27 20:33:20.796000][I][sendCOMCommand] Serial buffer size: 22
[2020/07/27 20:33:21.346005][I][sendCOMCommand] DUT => 2
$2_Zigbee(EM357)>

[2020/07/27 20:33:21.365498][I][setZigbeeMenu] Success
[2020/07/27 20:33:21.375536][I][setZigbee_Rx] Set Diagnostics Menu
[2020/07/27 20:33:21.596030][I][sendCOMCommand] DUT <= d
[2020/07/27 20:33:21.705537][I][sendCOMCommand] Serial buffer size: 22
[2020/07/27 20:33:22.256034][I][sendCOMCommand] DUT => d
$2-d_Diagnostics>

[2020/07/27 20:33:22.265548][I][setZigbee_Rx] Success
[2020/07/27 20:33:22.265548][I][setZigbee_Rx] Set Channel Menu
[2020/07/27 20:33:22.486038][I][sendCOMCommand] DUT <= 2
[2020/07/27 20:33:22.606031][I][sendCOMCommand] Serial buffer size: 66
[2020/07/27 20:33:23.165786][I][sendCOMCommand] DUT => 2
$2-d-2_Set Channel (11 => 26) [0B - 1A by HEX]>
$PARAMETER?>

[2020/07/27 20:33:23.175550][I][setZigbee_Rx] Success
[2020/07/27 20:33:23.175550][I][setZigbee_Rx] Set Channel
[2020/07/27 20:33:23.396028][I][sendCOMCommand] DUT <= 13
[2020/07/27 20:33:23.516034][I][sendCOMCommand] Serial buffer size: 34
[2020/07/27 20:33:24.056037][I][sendCOMCommand] DUT => Set Channel: 19 (0x13)
$DONE_OK
$2-d_Diagnostics>

[2020/07/27 20:33:24.065537][I][setZigbee_Rx] Success
[2020/07/27 20:33:24.075493][I][setZigbeeLNAMode] LNA Mode: 0
[2020/07/27 20:33:24.075493][I][setScimitarMenu] Set Scimitar menu
[2020/07/27 20:33:24.296039][I][sendCOMCommand] DUT <= x
[2020/07/27 20:33:24.416032][I][sendCOMCommand] Serial buffer size: 22
[2020/07/27 20:33:24.966034][I][sendCOMCommand] DUT => x
$2_Zigbee(EM357)>

[2020/07/27 20:33:25.186032][I][sendCOMCommand] DUT <= x
[2020/07/27 20:33:25.306023][I][sendCOMCommand] Serial buffer size: 7
[2020/07/27 20:33:25.875997][I][sendCOMCommand] DUT => x
$>

[2020/07/27 20:33:25.885557][I][setScimitarMenu] Success
[2020/07/27 20:33:25.885557][I][setZigbeeMenu] Check Zigbee Menu
[2020/07/27 20:33:26.106026][I][sendCOMCommand] DUT <= 2
[2020/07/27 20:33:26.216029][I][sendCOMCommand] Serial buffer size: 22
[2020/07/27 20:33:26.766073][I][sendCOMCommand] DUT => 2
$2_Zigbee(EM357)>

[2020/07/27 20:33:26.766073][I][setZigbeeMenu] Success
[2020/07/27 20:33:26.775521][I][setZigbeeLNAMode] Set GPIO Write Menu
[2020/07/27 20:33:26.986036][I][sendCOMCommand] DUT <= 3
[2020/07/27 20:33:27.096033][I][sendCOMCommand] Serial buffer size: 28
[2020/07/27 20:33:27.655541][I][sendCOMCommand] DUT => 3
$2-3_ZigBee GPIO Write>

[2020/07/27 20:33:27.665537][I][setZigbeeLNAMode] Success
[2020/07/27 20:33:27.665537][I][setZigbeeLNAMode] Set LNA Mode
[2020/07/27 20:33:27.886024][I][sendCOMCommand] DUT <= 3
[2020/07/27 20:33:27.996028][I][sendCOMCommand] Serial buffer size: 106
[2020/07/27 20:33:28.556033][I][sendCOMCommand] DUT => 3
[EZSP]Setting GPIO was successful. (portPin=3, cfg=1, out=0)
$[0]
$DONE_OK
$2-3_ZigBee GPIO Write>

[2020/07/27 20:33:28.565536][I][setZigbeeLNAMode] Success
[2020/07/27 20:33:29.596031][I][getRxResult] Get Rx Result
[2020/07/27 20:33:29.605493][I][setScimitarMenu] Set Scimitar menu
[2020/07/27 20:33:29.816033][I][sendCOMCommand] DUT <= x
[2020/07/27 20:33:29.936031][I][sendCOMCommand] Serial buffer size: 22
[2020/07/27 20:33:30.486029][I][sendCOMCommand] DUT => x
$2_Zigbee(EM357)>

[2020/07/27 20:33:30.706003][I][sendCOMCommand] DUT <= x
[2020/07/27 20:33:30.826025][I][sendCOMCommand] Serial buffer size: 7
[2020/07/27 20:33:31.376091][I][sendCOMCommand] DUT => x
$>

[2020/07/27 20:33:31.385492][I][setScimitarMenu] Success
[2020/07/27 20:33:31.385492][I][setZigbeeMenu] Check Zigbee Menu
[2020/07/27 20:33:31.596028][I][sendCOMCommand] DUT <= 2
[2020/07/27 20:33:31.716030][I][sendCOMCommand] Serial buffer size: 22
[2020/07/27 20:33:32.266030][I][sendCOMCommand] DUT => 2
$2_Zigbee(EM357)>

[2020/07/27 20:33:32.275534][I][setZigbeeMenu] Success
[2020/07/27 20:33:32.486028][I][sendCOMCommand] DUT <= b
[2020/07/27 20:33:32.606028][I][sendCOMCommand] Serial buffer size: 94
[2020/07/27 20:33:32.826042][W][sendCOMCommand] Buffer not empty!!!
[2020/07/27 20:33:32.835535][I][sendCOMCommand] Serial buffer size: 183
[2020/07/27 20:33:33.176041][W][sendCOMCommand] Buffer not empty!!!
[2020/07/27 20:33:33.176041][I][sendCOMCommand] Serial buffer size: 10
[2020/07/27 20:33:33.295540][W][sendCOMCommand] Buffer not empty!!!
[2020/07/27 20:33:33.295540][I][sendCOMCommand] Serial buffer size: 19
[2020/07/27 20:33:33.856031][I][sendCOMCommand] DUT => b
ZigBee get Rssi test start.
Start Scan ... (Channel: 19 (0x13) duration:2 mask:00080000)
Channel: 19 (0x13), Rssi:-29
Total OK!    OOO   K  K   !
            O   O  K K    !
            O   O  KK     !
            O   O  K K     
             OOO   K  Kk  !
$[-29]
$DONE_OK
$2_Zigbee(EM357)>

[2020/07/27 20:33:39.651208][I][disconnectDUT] Disconnect DUT success
