[2020/08/03 15:13:17][I][checkDatabaseONorNOT] Database running.
[2020/08/03 15:13:17][I][tryConnectDatabase] Connect to MariaDB GFI20 database success!!
[2020/08/03 15:13:17][I][tryConnectDatabase] Connect to MariaDB GFI20 database success!!
[2020/08/03 15:13:17][I][checkDatabaseONorNOT] Database running.
[2020/08/03 15:13:17][I][tryConnectDatabase] Connect to MariaDB GFI20 database success!!
[2020/08/03 15:13:17][I][tryConnectDatabase] Connect to MariaDB GFI20 database success!!
[2020/08/03 15:13:17][E][initialDatabase] UpdateDB.csv already exist.
[2020/08/03 15:13:22][I][WriteDataTocsv] Create new row with item GFI20Bootup.
[2020/08/03 15:13:22][I][WriteDataTocsv] Update complete.
[2020/08/03 15:13:22][WriteRFDataTocsv][I] Update testscript GFI20Bootup's data.
[2020/08/03 15:13:22][I][WriteRFDataTocsv] Update complete.
[2020/08/03 15:14:14][I][WriteDataTocsv] Create new row with item CountDown.
[2020/08/03 15:14:14][I][WriteDataTocsv] Update complete.
[2020/08/03 15:14:14][WriteRFDataTocsv][I] Update testscript CountDown's data.
[2020/08/03 15:14:14][I][WriteRFDataTocsv] Update complete.
[2020/08/03 15:14:16][I][WriteDataTocsv] Create new row with item WaitConnect.
[2020/08/03 15:14:16][I][WriteDataTocsv] Update complete.
[2020/08/03 15:14:16][WriteRFDataTocsv][I] Update testscript WaitConnect's data.
[2020/08/03 15:14:16][I][WriteRFDataTocsv] Update complete.
[2020/08/03 15:15:10][I][WriteDataTocsv] Create new row with item GFI20_RF_Zigbee.
[2020/08/03 15:15:10][I][WriteDataTocsv] Update complete.
[2020/08/03 15:15:10][WriteRFDataTocsv][I] Update testscript GFI20_RF_Zigbee's data.
[2020/08/03 15:15:10][I][WriteRFDataTocsv] Update complete.
[2020/08/03 15:15:10]--------------------DBUploading start--------------------
[2020/08/03 15:15:10][I][uploadData] Projcet name: GFI20
[2020/08/03 15:15:10][I][uploadData] Station name: BRF
[2020/08/03 15:15:10][I][tryConnectDatabase] Connect to MariaDB GFI20 database success!!
[2020/08/03 15:15:10][I][uploadData] Write data into BRF_GFI20Bootup
[2020/08/03 15:15:10][I][uploadData] Write data into BRF_CountDown
[2020/08/03 15:15:10][I][uploadData] Write data into BRF_WaitConnect
[2020/08/03 15:15:10][I][uploadData] Write data into BRF_GFI20_RF_Zigbee
[2020/08/03 15:15:10][I][tryConnectDatabase] Connect to MariaDB GFI20_RF database success!!
[2020/08/03 15:15:10]---------- INI ----------
[2020/08/03 15:15:10][E][uploadData] Read MDUT.ini failed.
