[2020/08/03 15:14:16.857418] ========== Start ==========
[2020/08/03 15:14:16.860395] [I][main] Python 3.7.2 (tags/v3.7.2:9a3ffc0492, Dec 23 2018, 23:09:28) [MSC v.1916 64 bit (AMD64)]
[2020/08/03 15:14:16.861395] [I][main] GFI20_RF_Zigbee.py 3.0.0.3
[2020/08/03 15:14:16.864429] [I][readINI] ---------- INI ----------
[2020/08/03 15:14:16.866434] [I][readINI] SKU = 1
[2020/08/03 15:14:16.868428] [I][readINI] InstrumentINI = GFI20_Zigbee_Instrument_Setting
[2020/08/03 15:14:16.870420] [I][readINI] ---------- Test Plan 1 ----------
[2020/08/03 15:14:16.873430] [I][readINI] TestPlan1 = ZIGBEE_2450;15/2425,21/2455,24/2470;TX_Power
[2020/08/03 15:14:16.876447] [I][readINI] CableLoss = ['8.2', '8.9', '8.8'] dBm
[2020/08/03 15:14:16.878440] [I][readINI] TX_Power = ['0', '0', '0'] dBm
[2020/08/03 15:14:16.880446] [I][readINI] Calibration_ON = 1
[2020/08/03 15:14:16.883454] [I][readINI] Ca_Tx_Power_Target = ['9.2', '9.2', '9.2']
[2020/08/03 15:14:16.885460] [I][readINI] Ca_Tx_Power_Gap = ['0.5', '0.5', '0.5']
[2020/08/03 15:14:16.890218] [I][readINI] Ca_Tx_Power_Offset = ['0.86', '0.86', '0.86']
[2020/08/03 15:14:16.893229] [I][readINI] Current_ON = 1
[2020/08/03 15:14:16.895234] [I][readINI] TX_Current_SpecMax = ['0.18', '0.18', '0.18'] A
[2020/08/03 15:14:16.897238] [I][readINI] TX_Current_SpecMin = ['0.045', '0.045', '0.045'] A
[2020/08/03 15:14:16.899252] [I][readINI] TX_Power_SpecMax = ['12', '12', '12'] dBm
[2020/08/03 15:14:16.903286] [I][readINI] TX_Power_SpecMin = ['6', '6', '6'] dBm
[2020/08/03 15:14:16.907643] [I][readINI] ---------- Test Plan 1 ----------
[2020/08/03 15:14:16.909678] [I][readINI] ---------- Test Plan 2 ----------
[2020/08/03 15:14:16.912695] [I][readINI] TestPlan2 = ZIGBEE_2450;19/2445;RX_RSSI
[2020/08/03 15:14:16.915666] [I][readINI] CableLoss = ['8.9'] dBm
[2020/08/03 15:14:16.917671] [I][readINI] RX_Cell_Power = ['-25'] dBm
[2020/08/03 15:14:16.919695] [I][readINI] RX_LNAON_RSSI_SpecMax = ['-9'] %
[2020/08/03 15:14:16.922685] [I][readINI] RX_LNAON_RSSI_SpecMin = ['-18'] %
[2020/08/03 15:14:16.924691] [I][readINI] RX_LNAOFF_RSSI_SpecMax = ['-24'] %
[2020/08/03 15:14:16.927697] [I][readINI] RX_LNAOFF_RSSI_SpecMin = ['-30'] %
[2020/08/03 15:14:16.930706] [I][readINI] ---------- Test Plan 2 ----------
[2020/08/03 15:14:16.937724] [I][readINI] StartButton_ON = 0
[2020/08/03 15:14:16.939730] [I][readINI] FailAutoExit = True
[2020/08/03 15:14:16.942739] [I][readINI] FailRetryAll = True
[2020/08/03 15:14:16.944743] [I][readINI] RFDatabase = True
[2020/08/03 15:14:16.947752] [I][readINI] EC = 010000S01
[2020/08/03 15:14:16.949757] [I][readINI] ---------- INI ----------
[2020/08/03 15:14:16.952766] [I][readInstrumentINI] ---------- Common ----------
[2020/08/03 15:14:16.955797] [I][readInstrumentINI] Instrument_Name = E6640A
[2020/08/03 15:14:16.957815] [I][readInstrumentINI] Instrument_IP_Addr = TCPIP0::192.168.1.2::hislip0::INSTR
[2020/08/03 15:14:16.959817] [I][readInstrumentINI] PowerSupplier_Name = 66321B
[2020/08/03 15:14:16.962823] [I][readInstrumentINI] PowerSupplier_Addr = GPIB0::5::INSTR
[2020/08/03 15:14:16.965800] [I][readInstrumentINI] Current_Delay = 0.5
[2020/08/03 15:14:16.967834] [I][readInstrumentINI] ---------- Common ----------
[2020/08/03 15:14:16.970812] [I][readInstrumentINI] ---------- ZIGBEE_2450 ----------
[2020/08/03 15:14:16.972819] [I][readInstrumentINI] RFIO_Input = 1
[2020/08/03 15:14:16.975859] [I][readInstrumentINI] Tx_Span = 10000.0 kHz
[2020/08/03 15:14:16.977860] [I][readInstrumentINI] Tx_PowRange = 20.0 dBm
[2020/08/03 15:14:16.980853] [I][readInstrumentINI] Tx_SymbolRate = 1000.0 kHz
[2020/08/03 15:14:16.983848] [I][readInstrumentINI] Tx_MeasInterval = 500
[2020/08/03 15:14:16.985853] [I][readInstrumentINI] Tx_TrigLevel = 30.0 mV
[2020/08/03 15:14:16.987886] [I][readInstrumentINI] Tx_TrigDelay = 0.3 ms
[2020/08/03 15:14:16.990892] [I][readInstrumentINI] RFIO_Output = 1
[2020/08/03 15:14:16.993873] [I][readInstrumentINI] ---------- ZIGBEE_2450 ----------
[2020/08/03 15:14:16.995880] ---------- StartTest ----------
[2020/08/03 15:14:17.003968] [I][chkDUTConnect] Connect to DUT
[2020/08/03 15:14:17.015812] [I][chkDUTConnect] Check DUT status
[2020/08/03 15:14:23.593399] [W][chkDUTConnect] Fail
[2020/08/03 15:14:44.845208] [I][pressRetryBtn] User click Retry button
[2020/08/03 15:14:44.868073] [I][chkDUTConnect] Connect to DUT
[2020/08/03 15:14:44.882126] [I][chkDUTConnect] Check DUT status
[2020/08/03 15:14:45.732436] [I][chkDUTConnect] Success
[2020/08/03 15:14:45.744442] [I][chkE6640AConnect] Connect to E6640A
[2020/08/03 15:14:47.126557] [I][chkE6640AConnect] Preset E6640A status
[2020/08/03 15:14:48.237730] [I][chkE6640AConnect] success
[2020/08/03 15:14:48.581085] ---------- Test Plan 1 ----------
[2020/08/03 15:14:48.586099] [I][startTestPlan]---------- ZIGBEE_2450 Freq 2425 ----------
[2020/08/03 15:14:48.590206] [I][startTestPlan]---------- Measure Tx Start ----------
[2020/08/03 15:14:48.593216] [I][startTestPlan] Preset E6640A
[2020/08/03 15:14:49.651022] [I][startTestPlan] Success
[2020/08/03 15:14:49.654030] [I][startTestPlan] Set Tx Start
[2020/08/03 15:14:52.036882] [I][startTestPlan] Success
[2020/08/03 15:14:52.041831] [I][startTestPlan] Set DUT Tx
[2020/08/03 15:14:57.971882] [I][startTestPlan] Success
[2020/08/03 15:14:57.974891] [I][startTestPlan] Start DUT Tx
[2020/08/03 15:15:00.508721] [I][startTestPlan] Success
[2020/08/03 15:15:02.038911] [I][startTestPlan] 3.3089999999999993, 8.028, 13.007
[2020/08/03 15:15:02.601291] [I][startTestPlan] 0.067
[2020/08/03 15:15:02.608310] [I][startTestPlan] Stop DUT Tx
[2020/08/03 15:15:03.455561] [I][startTestPlan] Success
[2020/08/03 15:15:03.464351] [I][startTestPlan] Tx Power out of spec, give up calibration
[2020/08/03 15:15:04.033115] [I][TestResult] Test Fail! Tx Power out of spec, give up calibration
[2020/08/03 15:15:04.047810] ========== End MDUT ==========


