[2020/07/29 02:10:41.335141]========== Start ==========
[2020/07/29 02:10:41.336143][I][class_E6640A_LTE] Initial class_E6640A_LTE
[2020/07/29 02:10:41.338150][I][class_E6640A_LTE] Version: 3.0.0.3
[2020/07/29 02:10:41.342165][I][connect_E6640A] Connect to E6640A
[2020/07/29 02:10:41.353188][I][connect_E6640A] Resource Manager of Visa Library at C:\Windows\system32\visa32.dll
[2020/07/29 02:10:41.402370][I][queryEx] E6640A <= *IDN?
[2020/07/29 02:10:41.407358][I][queryEx] E6640A => Keysight Technologies,E6640A,MY57150246,E.19.71
[2020/07/29 02:10:41.409339][I][set_Preset] System reset
[2020/07/29 02:10:41.410385][I][writeEx] E6640A <= *RST
[2020/07/29 02:10:41.412346][I][writeEx] E6640A <= *CLS
[2020/07/29 02:10:41.417390][I][writeEx] E6640A <= SYST:PRES
[2020/07/29 02:10:41.719813][I][queryEx] E6640A <= *OPC?
[2020/07/29 02:10:42.463959][I][queryEx] E6640A => 1
[2020/07/29 02:10:42.468972][I][set_Preset] System reset
[2020/07/29 02:10:42.470979][I][writeEx] E6640A <= *RST
[2020/07/29 02:10:42.473987][I][writeEx] E6640A <= *CLS
[2020/07/29 02:10:42.475991][I][writeEx] E6640A <= SYST:PRES
[2020/07/29 02:10:42.779357][I][queryEx] E6640A <= *OPC?
[2020/07/29 02:10:43.508295][I][queryEx] E6640A => 1
[2020/07/29 02:10:43.793053][I][set_Preset] System reset
[2020/07/29 02:10:43.795059][I][writeEx] E6640A <= *RST
[2020/07/29 02:10:43.797065][I][writeEx] E6640A <= *CLS
[2020/07/29 02:10:43.800072][I][writeEx] E6640A <= SYST:PRES
[2020/07/29 02:10:44.103879][I][queryEx] E6640A <= *OPC?
[2020/07/29 02:10:44.815981][I][queryEx] E6640A => 1
[2020/07/29 02:10:44.825009][I][set_Tx_Start] Set Tx start
[2020/07/29 02:10:44.827010][I][set_RFI_Port] Set input port
[2020/07/29 02:10:44.829016][I][writeEx] E6640A <= :FEED:RF:PORT:INPut RFIO1
[2020/07/29 02:10:44.831021][I][queryEx] E6640A <= :FEED:RF:PORT:INPut?
[2020/07/29 02:10:44.836033][I][queryEx] E6640A => RFIO1
[2020/07/29 02:10:44.838039][I][set_Modulation_Analysis] Set measurement function
[2020/07/29 02:10:44.840044][I][writeEx] E6640A <= INST:SEL LTEAFDD
[2020/07/29 02:10:45.143853][I][queryEx] E6640A <= *OPC?
[2020/07/29 02:10:45.158893][I][queryEx] E6640A => 1
[2020/07/29 02:10:45.161901][I][queryEx] E6640A <= INST:SEL?
[2020/07/29 02:10:45.165912][I][queryEx] E6640A => LTEAFDD
[2020/07/29 02:10:45.168921][I][writeEx] E6640A <= DISP:CHP:VIEW:WIND:TRAC:Y:COUP OFF
[2020/07/29 02:10:45.170925][I][set_Freq] Set frequence
[2020/07/29 02:10:45.173933][I][writeEx] E6640A <= :FREQuency:CENTer 897.4 MHz
[2020/07/29 02:10:45.175940][I][set_Continue] Set continue
[2020/07/29 02:10:45.178946][I][writeEx] E6640A <= :INIT:CONT ON
[2020/07/29 02:10:45.180951][I][set_Trigger_Free_Run] Set trigger free run
[2020/07/29 02:10:45.183960][I][writeEx] E6640A <= TRIG:CHP:SOUR IMM
[2020/07/29 02:10:45.486765][I][queryEx] E6640A <= *OPC?
[2020/07/29 02:10:45.491778][I][queryEx] E6640A => 1
[2020/07/29 02:10:50.025316][I][chk_Tx_Result] Check Tx result
[2020/07/29 02:10:50.031537][I][set_Limit_Range] Set reference value
[2020/07/29 02:10:50.033543][I][writeEx] E6640A <= DISP:CHP:VIEW:WIND:TRAC:Y:RLEV 30.0 dBm
[2020/07/29 02:10:50.338597][I][queryEx] E6640A <= *OPC?
[2020/07/29 02:10:50.348017][I][queryEx] E6640A => 1
[2020/07/29 02:10:50.351042][I][set_Limit_Range] Set power range
[2020/07/29 02:10:50.353048][I][writeEx] E6640A <= :POW:RANG 30.0 dBm
[2020/07/29 02:10:50.657366][I][queryEx] E6640A <= *OPC?
[2020/07/29 02:10:50.666365][I][queryEx] E6640A => 1
[2020/07/29 02:10:50.669724][I][set_Trigger_Video] Set trigger video
[2020/07/29 02:10:50.672170][I][writeEx] E6640A <= TRIG:CHP:SOUR IF
[2020/07/29 02:10:50.976477][I][queryEx] E6640A <= *OPC?
[2020/07/29 02:10:50.986385][I][queryEx] E6640A => 1
[2020/07/29 02:10:51.091638][I][set_Trigger_Free_Run] Set trigger free run
[2020/07/29 02:10:51.102676][I][writeEx] E6640A <= TRIG:CHP:SOUR IMM
[2020/07/29 02:10:51.411030][I][queryEx] E6640A <= *OPC?
[2020/07/29 02:10:51.425496][I][queryEx] E6640A => 1
[2020/07/29 02:10:51.435669][I][get_Power] Get Tx power
[2020/07/29 02:10:51.440870][I][queryEx] E6640A <= :FETCh:CHPower:CHPower?
[2020/07/29 02:10:51.447403][I][queryEx] E6640A => 1.425112915E+01
[2020/07/29 02:10:51.451371][I][chk_Tx_Result] Tx power(add loss: 8.500000) = 22.751000 dBm
[2020/07/29 02:10:51.454417][I][set_Continue] Set continue
[2020/07/29 02:10:51.458114][I][writeEx] E6640A <= :INIT:CONT ON
[2020/07/29 02:10:53.414611][I][set_Preset] System reset
[2020/07/29 02:10:53.417927][I][writeEx] E6640A <= *RST
[2020/07/29 02:10:53.419934][I][writeEx] E6640A <= *CLS
[2020/07/29 02:10:53.423882][I][writeEx] E6640A <= SYST:PRES
[2020/07/29 02:10:53.728325][I][queryEx] E6640A <= *OPC?
[2020/07/29 02:10:54.273954][I][queryEx] E6640A => 1
[2020/07/29 02:10:54.286787][I][set_Tx_Start] Set Tx start
[2020/07/29 02:10:54.290797][I][set_RFI_Port] Set input port
[2020/07/29 02:10:54.293975][I][writeEx] E6640A <= :FEED:RF:PORT:INPut RFIO1
[2020/07/29 02:10:54.297004][I][queryEx] E6640A <= :FEED:RF:PORT:INPut?
[2020/07/29 02:10:54.303052][I][queryEx] E6640A => RFIO1
[2020/07/29 02:10:54.306105][I][set_Modulation_Analysis] Set measurement function
[2020/07/29 02:10:54.309071][I][writeEx] E6640A <= INST:SEL LTEAFDD
[2020/07/29 02:10:54.614298][I][queryEx] E6640A <= *OPC?
[2020/07/29 02:10:54.622873][I][queryEx] E6640A => 1
[2020/07/29 02:10:54.626887][I][queryEx] E6640A <= INST:SEL?
[2020/07/29 02:10:54.633906][I][queryEx] E6640A => LTEAFDD
[2020/07/29 02:10:54.636914][I][writeEx] E6640A <= DISP:CHP:VIEW:WIND:TRAC:Y:COUP OFF
[2020/07/29 02:10:54.641340][I][set_Freq] Set frequence
[2020/07/29 02:10:54.644350][I][writeEx] E6640A <= :FREQuency:CENTer 1950.0 MHz
[2020/07/29 02:10:54.647361][I][set_Continue] Set continue
[2020/07/29 02:10:54.651370][I][writeEx] E6640A <= :INIT:CONT ON
[2020/07/29 02:10:54.655093][I][set_Trigger_Free_Run] Set trigger free run
[2020/07/29 02:10:54.658564][I][writeEx] E6640A <= TRIG:CHP:SOUR IMM
[2020/07/29 02:10:54.962895][I][queryEx] E6640A <= *OPC?
[2020/07/29 02:10:54.973170][I][queryEx] E6640A => 1
[2020/07/29 02:10:59.346185][I][chk_Tx_Result] Check Tx result
[2020/07/29 02:10:59.359266][I][set_Limit_Range] Set reference value
[2020/07/29 02:10:59.366232][I][writeEx] E6640A <= DISP:CHP:VIEW:WIND:TRAC:Y:RLEV 30.0 dBm
[2020/07/29 02:10:59.670888][I][queryEx] E6640A <= *OPC?
[2020/07/29 02:10:59.679380][I][queryEx] E6640A => 1
[2020/07/29 02:10:59.683441][I][set_Limit_Range] Set power range
[2020/07/29 02:10:59.686401][I][writeEx] E6640A <= :POW:RANG 30.0 dBm
[2020/07/29 02:10:59.991957][I][queryEx] E6640A <= *OPC?
[2020/07/29 02:11:00.002968][I][queryEx] E6640A => 1
[2020/07/29 02:11:00.006942][I][set_Trigger_Video] Set trigger video
[2020/07/29 02:11:00.010952][I][writeEx] E6640A <= TRIG:CHP:SOUR IF
[2020/07/29 02:11:00.315248][I][queryEx] E6640A <= *OPC?
[2020/07/29 02:11:00.324075][I][queryEx] E6640A => 1
[2020/07/29 02:11:00.432063][I][set_Trigger_Free_Run] Set trigger free run
[2020/07/29 02:11:00.445131][I][writeEx] E6640A <= TRIG:CHP:SOUR IMM
[2020/07/29 02:11:00.753754][I][queryEx] E6640A <= *OPC?
[2020/07/29 02:11:00.762967][I][queryEx] E6640A => 1
[2020/07/29 02:11:00.765976][I][get_Power] Get Tx power
[2020/07/29 02:11:00.768985][I][queryEx] E6640A <= :FETCh:CHPower:CHPower?
[2020/07/29 02:11:00.776157][I][queryEx] E6640A => 1.238046455E+01
[2020/07/29 02:11:00.781173][I][chk_Tx_Result] Tx power(add loss: 9.200000) = 21.580000 dBm
[2020/07/29 02:11:00.785302][I][set_Continue] Set continue
[2020/07/29 02:11:00.788667][I][writeEx] E6640A <= :INIT:CONT ON
[2020/07/29 02:11:02.746459][I][set_Preset] System reset
[2020/07/29 02:11:02.749467][I][writeEx] E6640A <= *RST
[2020/07/29 02:11:02.752979][I][writeEx] E6640A <= *CLS
[2020/07/29 02:11:02.756036][I][writeEx] E6640A <= SYST:PRES
[2020/07/29 02:11:03.061328][I][queryEx] E6640A <= *OPC?
[2020/07/29 02:11:03.574880][I][queryEx] E6640A => 1
[2020/07/29 02:11:03.589204][I][set_Tx_Start] Set Tx start
[2020/07/29 02:11:03.592212][I][set_RFI_Port] Set input port
[2020/07/29 02:11:03.595660][I][writeEx] E6640A <= :FEED:RF:PORT:INPut RFIO1
[2020/07/29 02:11:03.599003][I][queryEx] E6640A <= :FEED:RF:PORT:INPut?
[2020/07/29 02:11:03.605005][I][queryEx] E6640A => RFIO1
[2020/07/29 02:11:03.608018][I][set_Modulation_Analysis] Set measurement function
[2020/07/29 02:11:03.612191][I][writeEx] E6640A <= INST:SEL LTEAFDD
[2020/07/29 02:11:03.916749][I][queryEx] E6640A <= *OPC?
[2020/07/29 02:11:03.925269][I][queryEx] E6640A => 1
[2020/07/29 02:11:03.930165][I][queryEx] E6640A <= INST:SEL?
[2020/07/29 02:11:03.936185][I][queryEx] E6640A => LTEAFDD
[2020/07/29 02:11:03.939191][I][writeEx] E6640A <= DISP:CHP:VIEW:WIND:TRAC:Y:COUP OFF
[2020/07/29 02:11:03.943203][I][set_Freq] Set frequence
[2020/07/29 02:11:03.946211][I][writeEx] E6640A <= :FREQuency:CENTer 914.8 MHz
[2020/07/29 02:11:03.949217][I][set_Continue] Set continue
[2020/07/29 02:11:03.953229][I][writeEx] E6640A <= :INIT:CONT ON
[2020/07/29 02:11:03.956236][I][set_Trigger_Free_Run] Set trigger free run
[2020/07/29 02:11:03.959245][I][writeEx] E6640A <= TRIG:CHP:SOUR IMM
[2020/07/29 02:11:04.265095][I][queryEx] E6640A <= *OPC?
[2020/07/29 02:11:04.282164][I][queryEx] E6640A => 1
[2020/07/29 02:11:07.308728][I][chk_Tx_Result] Check Tx result
[2020/07/29 02:11:07.315744][I][set_Limit_Range] Set reference value
[2020/07/29 02:11:07.320833][I][writeEx] E6640A <= DISP:CHP:VIEW:WIND:TRAC:Y:RLEV 30.0 dBm
[2020/07/29 02:11:07.625700][I][queryEx] E6640A <= *OPC?
[2020/07/29 02:11:07.637214][I][queryEx] E6640A => 1
[2020/07/29 02:11:07.641230][I][set_Limit_Range] Set power range
[2020/07/29 02:11:07.645029][I][writeEx] E6640A <= :POW:RANG 30.0 dBm
[2020/07/29 02:11:07.950105][I][queryEx] E6640A <= *OPC?
[2020/07/29 02:11:07.959137][I][queryEx] E6640A => 1
[2020/07/29 02:11:09.965212][I][set_Trigger_Video] Set trigger video
[2020/07/29 02:11:09.973230][I][writeEx] E6640A <= TRIG:CHP:SOUR IF
[2020/07/29 02:11:10.278437][I][queryEx] E6640A <= *OPC?
[2020/07/29 02:11:10.288151][I][queryEx] E6640A => 1
[2020/07/29 02:11:10.291160][I][get_Power] Get Tx power
[2020/07/29 02:11:10.295172][I][queryEx] E6640A <= :FETCh:CHPower:CHPower?
[2020/07/29 02:11:10.920280][I][queryEx] E6640A => 2.280729294E+01
[2020/07/29 02:11:10.935246][I][chk_Tx_Result] Tx power(add loss: 8.500000) = 31.307000 dBm
[2020/07/29 02:11:10.942270][I][set_Continue] Set continue
[2020/07/29 02:11:10.945314][I][writeEx] E6640A <= :INIT:CONT ON
[2020/07/29 02:11:12.674321][I][set_Preset] System reset
[2020/07/29 02:11:12.677779][I][writeEx] E6640A <= *RST
[2020/07/29 02:11:12.680752][I][writeEx] E6640A <= *CLS
[2020/07/29 02:11:12.683797][I][writeEx] E6640A <= SYST:PRES
[2020/07/29 02:11:12.989232][I][queryEx] E6640A <= *OPC?
[2020/07/29 02:11:13.483691][I][queryEx] E6640A => 1
[2020/07/29 02:11:13.509039][I][set_Rx_Waveform] Set Rx waveform
[2020/07/29 02:11:13.513453][I][set_RFO_Port] Set output port
[2020/07/29 02:11:13.516462][I][writeEx] E6640A <= :FEED:RF:PORT:OUTPut RFIO1
[2020/07/29 02:11:13.520502][I][queryEx] E6640A <= :FEED:RF:PORT:OUTPut?
[2020/07/29 02:11:13.526023][I][queryEx] E6640A => RFIO1
[2020/07/29 02:11:13.530651][I][set_OneTone_Freq] Set One Tone frequence
[2020/07/29 02:11:13.534025][I][writeEx] E6640A <= :SOUR:FREQ 959.8 MHz
[2020/07/29 02:11:13.537038][I][set_OneTone_Power] Set One Tone power
[2020/07/29 02:11:13.540044][I][writeEx] E6640A <= :SOURce:POWer -51.5
[2020/07/29 02:11:13.544054][I][loading_Waveform] Load waveform
[2020/07/29 02:11:13.547069][I][queryEx] E6640A <= :SOURce:RADio:ARB:CATalog?
[2020/07/29 02:11:13.581615][I][queryEx] E6640A => 9600,4184704,"CTX10_RFLTE_20160809.wfm"
[2020/07/29 02:11:13.585972][I][writeEx] E6640A <= :SOUR:RAD:ARB:WAV "D:\NVARB\CTX10_RFLTE_20160809.wfm"
[2020/07/29 02:11:13.891235][I][queryEx] E6640A <= *OPC?
[2020/07/29 02:11:13.909309][I][queryEx] E6640A => 1
[2020/07/29 02:11:13.921456][I][set_ARB_ON] Set ARB ON
[2020/07/29 02:11:13.927475][I][writeEx] E6640A <= :SOUR:RAD:ARB ON
[2020/07/29 02:11:13.931491][I][set_Sample_Rate] Set Sample Rate
[2020/07/29 02:11:13.934500][I][writeEx] E6640A <= SOUR:RAD:ARB:SCL:RATE 100.0 kHz
[2020/07/29 02:11:13.938511][I][set_Modulation_ON] Set ARB ON
[2020/07/29 02:11:13.942536][I][writeEx] E6640A <= :OUTP:MOD ON
[2020/07/29 02:11:13.949540][I][set_OneTone_Start] Set One Tone start
[2020/07/29 02:11:13.952585][I][writeEx] E6640A <= OUTP ON
[2020/07/29 02:11:20.324781][I][set_OneTone_Stop] Set One Tone stop
[2020/07/29 02:11:20.334819][I][writeEx] E6640A <= OUTP OFF
[2020/07/29 02:11:38.341402][I][disconnect_E6640A] Disconnect E6640A
[2020/07/29 02:11:38.345413][I][set_Preset] System reset
[2020/07/29 02:11:38.348450][I][writeEx] E6640A <= *RST
[2020/07/29 02:11:38.352432][I][writeEx] E6640A <= *CLS
[2020/07/29 02:11:38.355487][I][writeEx] E6640A <= SYST:PRES
[2020/07/29 02:11:38.660875][I][queryEx] E6640A <= *OPC?
[2020/07/29 02:11:39.159513][I][queryEx] E6640A => 1
[2020/07/29 02:11:39.168488]========== End ==========
