[2020/07/29 02:52:27.341438] ========== Start ==========
[2020/07/29 02:52:27.344445] [I][main] Python 3.7.2 (tags/v3.7.2:9a3ffc0492, Dec 23 2018, 23:09:28) [MSC v.1916 64 bit (AMD64)]
[2020/07/29 02:52:27.346453] [I][main] GFI20_RF_Zigbee.py 3.0.0.3
[2020/07/29 02:52:27.350091] [I][readINI] ---------- INI ----------
[2020/07/29 02:52:27.351687] [I][readINI] SKU = 1
[2020/07/29 02:52:27.353345] [I][readINI] InstrumentINI = GFI20_Zigbee_Instrument_Setting
[2020/07/29 02:52:27.354349] [I][readINI] ---------- Test Plan 1 ----------
[2020/07/29 02:52:27.356396] [I][readINI] TestPlan1 = ZIGBEE_2450;15/2425,21/2455,24/2470;TX_Power
[2020/07/29 02:52:27.358374] [I][readINI] CableLoss = ['8.2', '8.9', '8.8'] dBm
[2020/07/29 02:52:27.365374] [I][readINI] TX_Power = ['0', '0', '0'] dBm
[2020/07/29 02:52:27.366379] [I][readINI] Calibration_ON = 1
[2020/07/29 02:52:27.369209] [I][readINI] Ca_Tx_Power_Target = ['9.2', '9.2', '9.2']
[2020/07/29 02:52:27.370783] [I][readINI] Ca_Tx_Power_Gap = ['0.5', '0.5', '0.5']
[2020/07/29 02:52:27.372791] [I][readINI] Ca_Tx_Power_Offset = ['0.86', '0.86', '0.86']
[2020/07/29 02:52:27.374815] [I][readINI] Current_ON = 1
[2020/07/29 02:52:27.376831] [I][readINI] TX_Current_SpecMax = ['0.18', '0.18', '0.18'] A
[2020/07/29 02:52:27.379809] [I][readINI] TX_Current_SpecMin = ['0.045', '0.045', '0.045'] A
[2020/07/29 02:52:27.381823] [I][readINI] TX_Power_SpecMax = ['12', '12', '12'] dBm
[2020/07/29 02:52:27.383829] [I][readINI] TX_Power_SpecMin = ['6', '6', '6'] dBm
[2020/07/29 02:52:27.386173] [I][readINI] ---------- Test Plan 1 ----------
[2020/07/29 02:52:27.388219] [I][readINI] ---------- Test Plan 2 ----------
[2020/07/29 02:52:27.390221] [I][readINI] TestPlan2 = ZIGBEE_2450;19/2445;RX_RSSI
[2020/07/29 02:52:27.392226] [I][readINI] CableLoss = ['8.9'] dBm
[2020/07/29 02:52:27.395333] [I][readINI] RX_Cell_Power = ['-25'] dBm
[2020/07/29 02:52:27.397547] [I][readINI] RX_LNAON_RSSI_SpecMax = ['-9'] %
[2020/07/29 02:52:27.399555] [I][readINI] RX_LNAON_RSSI_SpecMin = ['-18'] %
[2020/07/29 02:52:27.401558] [I][readINI] RX_LNAOFF_RSSI_SpecMax = ['-24'] %
[2020/07/29 02:52:27.404199] [I][readINI] RX_LNAOFF_RSSI_SpecMin = ['-30'] %
[2020/07/29 02:52:27.406206] [I][readINI] ---------- Test Plan 2 ----------
[2020/07/29 02:52:27.409215] [I][readINI] StartButton_ON = 0
[2020/07/29 02:52:27.412222] [I][readINI] FailAutoExit = True
[2020/07/29 02:52:27.414514] [I][readINI] FailRetryAll = True
[2020/07/29 02:52:27.416526] [I][readINI] RFDatabase = True
[2020/07/29 02:52:27.419361] [I][readINI] EC = 010000S01
[2020/07/29 02:52:27.421368] [I][readINI] ---------- INI ----------
[2020/07/29 02:52:27.424376] [I][readInstrumentINI] ---------- Common ----------
[2020/07/29 02:52:27.427591] [I][readInstrumentINI] Instrument_Name = E6640A
[2020/07/29 02:52:27.430031] [I][readInstrumentINI] Instrument_IP_Addr = TCPIP0::192.168.1.2::hislip0::INSTR
[2020/07/29 02:52:27.432191] [I][readInstrumentINI] PowerSupplier_Name = 66321B
[2020/07/29 02:52:27.434199] [I][readInstrumentINI] PowerSupplier_Addr = GPIB0::5::INSTR
[2020/07/29 02:52:27.437484] [I][readInstrumentINI] Current_Delay = 0.5
[2020/07/29 02:52:27.439929] [I][readInstrumentINI] ---------- Common ----------
[2020/07/29 02:52:27.441935] [I][readInstrumentINI] ---------- ZIGBEE_2450 ----------
[2020/07/29 02:52:27.444981] [I][readInstrumentINI] RFIO_Input = 1
[2020/07/29 02:52:27.446988] [I][readInstrumentINI] Tx_Span = 10000.0 kHz
[2020/07/29 02:52:27.449997] [I][readInstrumentINI] Tx_PowRange = 20.0 dBm
[2020/07/29 02:52:27.452002] [I][readInstrumentINI] Tx_SymbolRate = 1000.0 kHz
[2020/07/29 02:52:27.455280] [I][readInstrumentINI] Tx_MeasInterval = 500
[2020/07/29 02:52:27.457286] [I][readInstrumentINI] Tx_TrigLevel = 30.0 mV
[2020/07/29 02:52:27.460295] [I][readInstrumentINI] Tx_TrigDelay = 0.3 ms
[2020/07/29 02:52:27.462306] [I][readInstrumentINI] RFIO_Output = 1
[2020/07/29 02:52:27.465759] [I][readInstrumentINI] ---------- ZIGBEE_2450 ----------
[2020/07/29 02:52:27.468105] ---------- StartTest ----------
[2020/07/29 02:52:27.475980] [I][chkDUTConnect] Connect to DUT
[2020/07/29 02:52:27.488518] [I][chkDUTConnect] Check DUT status
[2020/07/29 02:52:28.322685] [I][chkDUTConnect] Success
[2020/07/29 02:52:28.333290] [I][chkE6640AConnect] Connect to E6640A
[2020/07/29 02:52:29.218839] [I][chkE6640AConnect] Preset E6640A status
[2020/07/29 02:52:30.119823] [I][chkE6640AConnect] success
[2020/07/29 02:52:30.395933] ---------- Test Plan 1 ----------
[2020/07/29 02:52:30.400048] [I][startTestPlan]---------- ZIGBEE_2450 Freq 2425 ----------
[2020/07/29 02:52:30.403051] [I][startTestPlan]---------- Measure Tx Start ----------
[2020/07/29 02:52:30.405102] [I][startTestPlan] Preset E6640A
[2020/07/29 02:52:31.246803] [I][startTestPlan] Success
[2020/07/29 02:52:31.249858] [I][startTestPlan] Set Tx Start
[2020/07/29 02:52:33.591132] [I][startTestPlan] Success
[2020/07/29 02:52:33.595560] [I][startTestPlan] Set DUT Tx
[2020/07/29 02:52:39.468641] [I][startTestPlan] Success
[2020/07/29 02:52:39.472699] [I][startTestPlan] Start DUT Tx
[2020/07/29 02:52:41.999162] [I][startTestPlan] Success
[2020/07/29 02:52:43.511450] [I][startTestPlan] 10.154, 12.826, 13.734
[2020/07/29 02:52:44.069961] [I][startTestPlan] 0.082
[2020/07/29 02:52:44.080982] [I][startTestPlan] Stop DUT Tx
[2020/07/29 02:52:44.932834] [I][startTestPlan] Success
[2020/07/29 02:52:44.936194] [I][startTestPlan] Calibration
[2020/07/29 02:52:44.939179] [I][startTestPlan] Calculate DUT Tx Power
[2020/07/29 02:52:44.942187] [I][startTestPlan] DUT Tx Power: -1
[2020/07/29 02:52:44.945194] [I][startTestPlan] Measure again
[2020/07/29 02:52:44.948521] [I][startTestPlan] Set DUT Tx
[2020/07/29 02:52:50.884931] [I][startTestPlan] Success
[2020/07/29 02:52:50.888271] [I][startTestPlan] Start DUT Tx
[2020/07/29 02:52:53.444783] [I][startTestPlan] Success
[2020/07/29 02:52:55.078972] [I][startTestPlan] 8.883999999999999, 12.768, 13.882
[2020/07/29 02:52:55.638490] [I][startTestPlan] 0.104
[2020/07/29 02:52:55.647514] [I][startTestPlan] Stop DUT Tx
[2020/07/29 02:52:56.499448] [I][startTestPlan] Success
[2020/07/29 02:52:56.503440] [I][startTestPlan] Power: 8.883999999999999 dBm
[2020/07/29 02:52:56.506450] [I][startTestPlan] Freq Err: 12.768 ppm
[2020/07/29 02:52:56.509472] [I][startTestPlan] EVM: 13.882 %
[2020/07/29 02:52:56.512746] [I][startTestPlan] Current: 0.104 A
[2020/07/29 02:52:56.515756] [I][startTestPlan] Check Tx Result
[2020/07/29 02:52:56.520373] [I][startBTTest] Tx Test Time: 26.119
[2020/07/29 02:52:56.523928] [I][startTestPlan]---------- ZIGBEE_2450 Freq 2455 ----------
[2020/07/29 02:52:56.526943] [I][startTestPlan]---------- Measure Tx Start ----------
[2020/07/29 02:52:56.529887] [I][startTestPlan] Preset E6640A
[2020/07/29 02:52:58.096182] [I][startTestPlan] Success
[2020/07/29 02:52:58.099287] [I][startTestPlan] Set Tx Start
[2020/07/29 02:53:00.520783] [I][startTestPlan] Success
[2020/07/29 02:53:00.523773] [I][startTestPlan] Set DUT Tx
[2020/07/29 02:53:06.495318] [I][startTestPlan] Success
[2020/07/29 02:53:06.498470] [I][startTestPlan] Start DUT Tx
[2020/07/29 02:53:09.063129] [I][startTestPlan] Success
[2020/07/29 02:53:10.611063] [I][startTestPlan] 10.145, 12.729, 13.888
[2020/07/29 02:53:11.169779] [I][startTestPlan] 0.079
[2020/07/29 02:53:11.176797] [I][startTestPlan] Stop DUT Tx
[2020/07/29 02:53:12.035149] [I][startTestPlan] Success
[2020/07/29 02:53:12.039271] [I][startTestPlan] Calibration
[2020/07/29 02:53:12.044110] [I][startTestPlan] Calculate DUT Tx Power
[2020/07/29 02:53:12.047158] [I][startTestPlan] DUT Tx Power: -1
[2020/07/29 02:53:12.050130] [I][startTestPlan] Measure again
[2020/07/29 02:53:12.053155] [I][startTestPlan] Set DUT Tx
[2020/07/29 02:53:17.972690] [I][startTestPlan] Success
[2020/07/29 02:53:17.975890] [I][startTestPlan] Start DUT Tx
[2020/07/29 02:53:20.520080] [I][startTestPlan] Success
[2020/07/29 02:53:22.163535] [I][startTestPlan] 9.031, 12.705, 14.223
[2020/07/29 02:53:22.719028] [I][startTestPlan] 0.097
[2020/07/29 02:53:22.725009] [I][startTestPlan] Stop DUT Tx
[2020/07/29 02:53:23.575915] [I][startTestPlan] Success
[2020/07/29 02:53:23.581413] [I][startTestPlan] Power: 9.031 dBm
[2020/07/29 02:53:23.585427] [I][startTestPlan] Freq Err: 12.705 ppm
[2020/07/29 02:53:23.589437] [I][startTestPlan] EVM: 14.223 %
[2020/07/29 02:53:23.592443] [I][startTestPlan] Current: 0.097 A
[2020/07/29 02:53:23.596456] [I][startTestPlan] Check Tx Result
[2020/07/29 02:53:23.600140] [I][startBTTest] Tx Test Time: 27.076
[2020/07/29 02:53:23.603601] [I][startTestPlan]---------- ZIGBEE_2450 Freq 2470 ----------
[2020/07/29 02:53:23.606621] [I][startTestPlan]---------- Measure Tx Start ----------
[2020/07/29 02:53:23.609618] [I][startTestPlan] Preset E6640A
[2020/07/29 02:53:24.829148] [I][startTestPlan] Success
[2020/07/29 02:53:24.832158] [I][startTestPlan] Set Tx Start
[2020/07/29 02:53:27.257829] [I][startTestPlan] Success
[2020/07/29 02:53:27.261804] [I][startTestPlan] Set DUT Tx
[2020/07/29 02:53:33.220312] [I][startTestPlan] Success
[2020/07/29 02:53:33.225328] [I][startTestPlan] Start DUT Tx
[2020/07/29 02:53:35.778526] [I][startTestPlan] Success
[2020/07/29 02:53:37.420471] [I][startTestPlan] 10.270000000000001, 12.665, 13.081
[2020/07/29 02:53:37.987023] [I][startTestPlan] 0.104
[2020/07/29 02:53:37.998036] [I][startTestPlan] Stop DUT Tx
[2020/07/29 02:53:38.855001] [I][startTestPlan] Success
[2020/07/29 02:53:38.859013] [I][startTestPlan] Calibration
[2020/07/29 02:53:38.862592] [I][startTestPlan] Calculate DUT Tx Power
[2020/07/29 02:53:38.865704] [I][startTestPlan] DUT Tx Power: -1
[2020/07/29 02:53:38.869248] [I][startTestPlan] Measure again
[2020/07/29 02:53:38.872559] [I][startTestPlan] Set DUT Tx
[2020/07/29 02:53:44.877015] [I][startTestPlan] Success
[2020/07/29 02:53:44.881054] [I][startTestPlan] Start DUT Tx
[2020/07/29 02:53:47.426555] [I][startTestPlan] Success
[2020/07/29 02:53:48.977584] [I][startTestPlan] 9.24, 12.639, 12.764
[2020/07/29 02:53:49.539853] [I][startTestPlan] 0.08
[2020/07/29 02:53:49.548917] [I][startTestPlan] Stop DUT Tx
[2020/07/29 02:53:50.406178] [I][startTestPlan] Success
[2020/07/29 02:53:50.410189] [I][startTestPlan] Power: 9.24 dBm
[2020/07/29 02:53:50.413625] [I][startTestPlan] Freq Err: 12.639 ppm
[2020/07/29 02:53:50.416619] [I][startTestPlan] EVM: 12.764 %
[2020/07/29 02:53:50.420594] [I][startTestPlan] Current: 0.08 A
[2020/07/29 02:53:50.423603] [I][startTestPlan] Check Tx Result
[2020/07/29 02:53:50.426612] [I][startBTTest] Tx Test Time: 26.824
[2020/07/29 02:53:50.430929] ---------- Test Plan 2 ----------
[2020/07/29 02:53:50.433939] [I][startTestPlan]---------- ZIGBEE_2450 Freq 2445 ----------
[2020/07/29 02:53:50.436946] [I][startTestPlan]---------- Measure Rx Start ----------
[2020/07/29 02:53:50.440887] [I][startTestPlan] Preset E6640A
[2020/07/29 02:53:51.651156] [I][startTestPlan] Success
[2020/07/29 02:53:51.654166] [I][startTestPlan]---------- LNA ON ----------
[2020/07/29 02:53:51.658177] [I][startTestPlan] Set Rx one tone
[2020/07/29 02:53:51.702851] [I][startTestPlan] Success
[2020/07/29 02:53:51.705961] [I][startTestPlan] Set DUT Rx
[2020/07/29 02:53:55.959626] [I][startTestPlan] Success
[2020/07/29 02:54:01.088944] [I][startTestPlan] Success
[2020/07/29 02:54:06.152439] [I][startTestPlan] Rx RSSI: -15 dBm
[2020/07/29 02:54:06.164059] [I][startTestPlan]---------- LNA OFF ----------
[2020/07/29 02:54:06.167069] [I][startTestPlan] Set Rx one tone
[2020/07/29 02:54:06.207401] [I][startTestPlan] Success
[2020/07/29 02:54:06.210406] [I][startTestPlan] Set DUT Rx
[2020/07/29 02:54:10.466189] [I][startTestPlan] Success
[2020/07/29 02:54:14.740723] [I][startTestPlan] Success
[2020/07/29 02:54:19.286335] [I][startTestPlan] Rx RSSI: -27 dBm
[2020/07/29 02:54:19.298368] [I][startTestPlan] Check Rx Result
[2020/07/29 02:54:19.301375] [I][startBTTest] Rx Test Time: 28.867
[2020/07/29 02:54:19.305387] [I][startBTTest] Copy calibration data
[2020/07/29 02:54:19.314522] [I][startBTTest] Write Calibration Data
[2020/07/29 02:54:19.868242] [I][TestResult] Test Pass!
