[2020/08/03 14:42:07]========== Start ==========
[2020/08/03 14:42:07][I][main] Python 3.7.2 (tags/v3.7.2:9a3ffc0492, Dec 23 2018, 23:09:28) [MSC v.1916 64 bit (AMD64)]
[2020/08/03 14:42:07][I][main] WaitConnect.py 3.0.0.4
[2020/08/03 14:42:07][I][readINI] ---------- INI ----------
[2020/08/03 14:42:07][I][readINI] StartButton_ON = 0
[2020/08/03 14:42:07][I][readINI] Title_Value = 等待開機~
[2020/08/03 14:42:07][I][readINI] Timeout_Value = 40
[2020/08/03 14:42:07][I][readINI] TestCMD_Value = z
[2020/08/03 14:42:07][I][readINI] EC = 123
[2020/08/03 14:42:07][I][readINI] ---------- INI ----------
[2020/08/03 14:42:07]---------- startTest ----------
[2020/08/03 14:42:07][E][ConnectCOM] could not open port 'COM20': FileNotFoundError(2, '系統找不到指定的檔案。', None, 2)
[2020/08/03 14:42:07][E][ConnectCOM] could not open port 'COM20': FileNotFoundError(2, '系統找不到指定的檔案。', None, 2)
[2020/08/03 14:42:08][E][ConnectCOM] could not open port 'COM20': FileNotFoundError(2, '系統找不到指定的檔案。', None, 2)
[2020/08/03 14:42:08][E][ConnectCOM] Retry 3 times Fail
[2020/08/03 14:42:08][E][ConnectCOM] Unable to connect DUT
[2020/08/03 14:42:08][W][startTest] DUT still not connect.
[2020/08/03 14:42:08][E][ConnectCOM] could not open port 'COM20': FileNotFoundError(2, '系統找不到指定的檔案。', None, 2)
[2020/08/03 14:42:09][E][ConnectCOM] could not open port 'COM20': FileNotFoundError(2, '系統找不到指定的檔案。', None, 2)
[2020/08/03 14:42:09][E][ConnectCOM] could not open port 'COM20': FileNotFoundError(2, '系統找不到指定的檔案。', None, 2)
[2020/08/03 14:42:09][E][ConnectCOM] Retry 3 times Fail
[2020/08/03 14:42:09][E][ConnectCOM] Unable to connect DUT
[2020/08/03 14:42:09][W][startTest] DUT still not connect.
[2020/08/03 14:42:10][E][ConnectCOM] could not open port 'COM20': FileNotFoundError(2, '系統找不到指定的檔案。', None, 2)
[2020/08/03 14:42:11][E][ConnectCOM] could not open port 'COM20': FileNotFoundError(2, '系統找不到指定的檔案。', None, 2)
[2020/08/03 14:42:11][E][ConnectCOM] could not open port 'COM20': FileNotFoundError(2, '系統找不到指定的檔案。', None, 2)
[2020/08/03 14:42:11][E][ConnectCOM] Retry 3 times Fail
[2020/08/03 14:42:11][E][ConnectCOM] Unable to connect DUT
[2020/08/03 14:42:11][W][startTest] DUT still not connect.
[2020/08/03 14:42:12][E][ConnectCOM] could not open port 'COM20': FileNotFoundError(2, '系統找不到指定的檔案。', None, 2)
[2020/08/03 14:42:12][E][ConnectCOM] could not open port 'COM20': FileNotFoundError(2, '系統找不到指定的檔案。', None, 2)
[2020/08/03 14:42:13][E][ConnectCOM] could not open port 'COM20': FileNotFoundError(2, '系統找不到指定的檔案。', None, 2)
[2020/08/03 14:42:13][E][ConnectCOM] Retry 3 times Fail
[2020/08/03 14:42:13][E][ConnectCOM] Unable to connect DUT
[2020/08/03 14:42:13][W][startTest] DUT still not connect.
[2020/08/03 14:42:13][E][ConnectCOM] could not open port 'COM20': FileNotFoundError(2, '系統找不到指定的檔案。', None, 2)
[2020/08/03 14:42:14][E][ConnectCOM] could not open port 'COM20': FileNotFoundError(2, '系統找不到指定的檔案。', None, 2)
[2020/08/03 14:42:14][E][ConnectCOM] could not open port 'COM20': FileNotFoundError(2, '系統找不到指定的檔案。', None, 2)
[2020/08/03 14:42:14][E][ConnectCOM] Retry 3 times Fail
[2020/08/03 14:42:14][E][ConnectCOM] Unable to connect DUT
[2020/08/03 14:42:14][W][startTest] DUT still not connect.
[2020/08/03 14:42:15][E][ConnectCOM] could not open port 'COM20': FileNotFoundError(2, '系統找不到指定的檔案。', None, 2)
[2020/08/03 14:42:15][E][ConnectCOM] could not open port 'COM20': FileNotFoundError(2, '系統找不到指定的檔案。', None, 2)
[2020/08/03 14:42:16][E][ConnectCOM] could not open port 'COM20': FileNotFoundError(2, '系統找不到指定的檔案。', None, 2)
[2020/08/03 14:42:16][E][ConnectCOM] Retry 3 times Fail
[2020/08/03 14:42:16][E][ConnectCOM] Unable to connect DUT
[2020/08/03 14:42:16][W][startTest] DUT still not connect.
[2020/08/03 14:42:16][E][ConnectCOM] could not open port 'COM20': FileNotFoundError(2, '系統找不到指定的檔案。', None, 2)
[2020/08/03 14:42:17][E][ConnectCOM] could not open port 'COM20': FileNotFoundError(2, '系統找不到指定的檔案。', None, 2)
[2020/08/03 14:42:17][E][ConnectCOM] could not open port 'COM20': FileNotFoundError(2, '系統找不到指定的檔案。', None, 2)
[2020/08/03 14:42:17][E][ConnectCOM] Retry 3 times Fail
[2020/08/03 14:42:17][E][ConnectCOM] Unable to connect DUT
[2020/08/03 14:42:17][W][startTest] DUT still not connect.
[2020/08/03 14:42:18][E][ConnectCOM] could not open port 'COM20': FileNotFoundError(2, '系統找不到指定的檔案。', None, 2)
[2020/08/03 14:42:18][E][ConnectCOM] could not open port 'COM20': FileNotFoundError(2, '系統找不到指定的檔案。', None, 2)
[2020/08/03 14:42:19][E][ConnectCOM] could not open port 'COM20': FileNotFoundError(2, '系統找不到指定的檔案。', None, 2)
[2020/08/03 14:42:19][E][ConnectCOM] Retry 3 times Fail
[2020/08/03 14:42:19][E][ConnectCOM] Unable to connect DUT
[2020/08/03 14:42:19][W][startTest] DUT still not connect.
[2020/08/03 14:42:19][E][ConnectCOM] could not open port 'COM20': FileNotFoundError(2, '系統找不到指定的檔案。', None, 2)
[2020/08/03 14:42:20][E][ConnectCOM] could not open port 'COM20': FileNotFoundError(2, '系統找不到指定的檔案。', None, 2)
[2020/08/03 14:42:20][E][ConnectCOM] could not open port 'COM20': FileNotFoundError(2, '系統找不到指定的檔案。', None, 2)
[2020/08/03 14:42:20][E][ConnectCOM] Retry 3 times Fail
[2020/08/03 14:42:20][E][ConnectCOM] Unable to connect DUT
[2020/08/03 14:42:20][W][startTest] DUT still not connect.
[2020/08/03 14:42:21][E][ConnectCOM] could not open port 'COM20': FileNotFoundError(2, '系統找不到指定的檔案。', None, 2)
[2020/08/03 14:42:21][E][ConnectCOM] could not open port 'COM20': FileNotFoundError(2, '系統找不到指定的檔案。', None, 2)
[2020/08/03 14:42:22][E][ConnectCOM] could not open port 'COM20': FileNotFoundError(2, '系統找不到指定的檔案。', None, 2)
[2020/08/03 14:42:22][E][ConnectCOM] Retry 3 times Fail
[2020/08/03 14:42:22][E][ConnectCOM] Unable to connect DUT
[2020/08/03 14:42:22][W][startTest] DUT still not connect.
[2020/08/03 14:42:22][E][ConnectCOM] could not open port 'COM20': FileNotFoundError(2, '系統找不到指定的檔案。', None, 2)
[2020/08/03 14:42:23][E][ConnectCOM] could not open port 'COM20': FileNotFoundError(2, '系統找不到指定的檔案。', None, 2)
[2020/08/03 14:42:23][E][ConnectCOM] could not open port 'COM20': FileNotFoundError(2, '系統找不到指定的檔案。', None, 2)
[2020/08/03 14:42:23][E][ConnectCOM] Retry 3 times Fail
[2020/08/03 14:42:23][E][ConnectCOM] Unable to connect DUT
[2020/08/03 14:42:23][W][startTest] DUT still not connect.
[2020/08/03 14:42:24][E][ConnectCOM] could not open port 'COM20': FileNotFoundError(2, '系統找不到指定的檔案。', None, 2)
[2020/08/03 14:42:24][E][ConnectCOM] could not open port 'COM20': FileNotFoundError(2, '系統找不到指定的檔案。', None, 2)
[2020/08/03 14:42:25][E][ConnectCOM] could not open port 'COM20': FileNotFoundError(2, '系統找不到指定的檔案。', None, 2)
[2020/08/03 14:42:25][E][ConnectCOM] Retry 3 times Fail
[2020/08/03 14:42:25][E][ConnectCOM] Unable to connect DUT
[2020/08/03 14:42:25][W][startTest] DUT still not connect.
[2020/08/03 14:42:25][E][ConnectCOM] could not open port 'COM20': FileNotFoundError(2, '系統找不到指定的檔案。', None, 2)
[2020/08/03 14:42:26][E][ConnectCOM] could not open port 'COM20': FileNotFoundError(2, '系統找不到指定的檔案。', None, 2)
[2020/08/03 14:42:26][E][ConnectCOM] could not open port 'COM20': FileNotFoundError(2, '系統找不到指定的檔案。', None, 2)
[2020/08/03 14:42:26][E][ConnectCOM] Retry 3 times Fail
[2020/08/03 14:42:26][E][ConnectCOM] Unable to connect DUT
[2020/08/03 14:42:26][W][startTest] DUT still not connect.
[2020/08/03 14:42:27][E][ConnectCOM] could not open port 'COM20': FileNotFoundError(2, '系統找不到指定的檔案。', None, 2)
[2020/08/03 14:42:27][E][ConnectCOM] could not open port 'COM20': FileNotFoundError(2, '系統找不到指定的檔案。', None, 2)
[2020/08/03 14:42:28][E][ConnectCOM] could not open port 'COM20': FileNotFoundError(2, '系統找不到指定的檔案。', None, 2)
[2020/08/03 14:42:28][E][ConnectCOM] Retry 3 times Fail
[2020/08/03 14:42:28][E][ConnectCOM] Unable to connect DUT
[2020/08/03 14:42:28][W][startTest] DUT still not connect.
[2020/08/03 14:42:28][E][ConnectCOM] could not open port 'COM20': FileNotFoundError(2, '系統找不到指定的檔案。', None, 2)
[2020/08/03 14:42:29][E][ConnectCOM] could not open port 'COM20': FileNotFoundError(2, '系統找不到指定的檔案。', None, 2)
[2020/08/03 14:42:29][E][ConnectCOM] could not open port 'COM20': FileNotFoundError(2, '系統找不到指定的檔案。', None, 2)
[2020/08/03 14:42:29][E][ConnectCOM] Retry 3 times Fail
[2020/08/03 14:42:29][E][ConnectCOM] Unable to connect DUT
[2020/08/03 14:42:29][W][startTest] DUT still not connect.
[2020/08/03 14:42:30][E][ConnectCOM] could not open port 'COM20': FileNotFoundError(2, '系統找不到指定的檔案。', None, 2)
[2020/08/03 14:42:30][E][ConnectCOM] could not open port 'COM20': FileNotFoundError(2, '系統找不到指定的檔案。', None, 2)
[2020/08/03 14:42:31][E][ConnectCOM] could not open port 'COM20': FileNotFoundError(2, '系統找不到指定的檔案。', None, 2)
[2020/08/03 14:42:31][E][ConnectCOM] Retry 3 times Fail
[2020/08/03 14:42:31][E][ConnectCOM] Unable to connect DUT
[2020/08/03 14:42:31][W][startTest] DUT still not connect.
[2020/08/03 14:42:31][E][ConnectCOM] could not open port 'COM20': FileNotFoundError(2, '系統找不到指定的檔案。', None, 2)
[2020/08/03 14:42:32][E][ConnectCOM] could not open port 'COM20': FileNotFoundError(2, '系統找不到指定的檔案。', None, 2)
[2020/08/03 14:42:32][E][ConnectCOM] could not open port 'COM20': FileNotFoundError(2, '系統找不到指定的檔案。', None, 2)
[2020/08/03 14:42:32][E][ConnectCOM] Retry 3 times Fail
[2020/08/03 14:42:32][E][ConnectCOM] Unable to connect DUT
[2020/08/03 14:42:32][W][startTest] DUT still not connect.
[2020/08/03 14:42:33][E][ConnectCOM] could not open port 'COM20': FileNotFoundError(2, '系統找不到指定的檔案。', None, 2)
[2020/08/03 14:42:33][E][ConnectCOM] could not open port 'COM20': FileNotFoundError(2, '系統找不到指定的檔案。', None, 2)
[2020/08/03 14:42:34][E][ConnectCOM] could not open port 'COM20': FileNotFoundError(2, '系統找不到指定的檔案。', None, 2)
[2020/08/03 14:42:34][E][ConnectCOM] Retry 3 times Fail
[2020/08/03 14:42:34][E][ConnectCOM] Unable to connect DUT
[2020/08/03 14:42:34][W][startTest] DUT still not connect.
[2020/08/03 14:42:34][E][ConnectCOM] could not open port 'COM20': FileNotFoundError(2, '系統找不到指定的檔案。', None, 2)
[2020/08/03 14:42:35][E][ConnectCOM] could not open port 'COM20': FileNotFoundError(2, '系統找不到指定的檔案。', None, 2)
[2020/08/03 14:42:35][E][ConnectCOM] could not open port 'COM20': FileNotFoundError(2, '系統找不到指定的檔案。', None, 2)
[2020/08/03 14:42:35][E][ConnectCOM] Retry 3 times Fail
[2020/08/03 14:42:35][E][ConnectCOM] Unable to connect DUT
[2020/08/03 14:42:35][W][startTest] DUT still not connect.
[2020/08/03 14:42:36][E][ConnectCOM] could not open port 'COM20': FileNotFoundError(2, '系統找不到指定的檔案。', None, 2)
[2020/08/03 14:42:36][E][ConnectCOM] could not open port 'COM20': FileNotFoundError(2, '系統找不到指定的檔案。', None, 2)
[2020/08/03 14:42:37][E][ConnectCOM] could not open port 'COM20': FileNotFoundError(2, '系統找不到指定的檔案。', None, 2)
[2020/08/03 14:42:37][E][ConnectCOM] Retry 3 times Fail
[2020/08/03 14:42:37][E][ConnectCOM] Unable to connect DUT
[2020/08/03 14:42:37][W][startTest] DUT still not connect.
[2020/08/03 14:42:37][E][ConnectCOM] could not open port 'COM20': FileNotFoundError(2, '系統找不到指定的檔案。', None, 2)
[2020/08/03 14:42:38][E][ConnectCOM] could not open port 'COM20': FileNotFoundError(2, '系統找不到指定的檔案。', None, 2)
[2020/08/03 14:42:39][E][ConnectCOM] could not open port 'COM20': FileNotFoundError(2, '系統找不到指定的檔案。', None, 2)
[2020/08/03 14:42:39][E][ConnectCOM] Retry 3 times Fail
[2020/08/03 14:42:39][E][ConnectCOM] Unable to connect DUT
[2020/08/03 14:42:39][W][startTest] DUT still not connect.
[2020/08/03 14:42:39][E][ConnectCOM] could not open port 'COM20': FileNotFoundError(2, '系統找不到指定的檔案。', None, 2)
[2020/08/03 14:42:40][E][ConnectCOM] could not open port 'COM20': FileNotFoundError(2, '系統找不到指定的檔案。', None, 2)
[2020/08/03 14:42:40][E][ConnectCOM] could not open port 'COM20': FileNotFoundError(2, '系統找不到指定的檔案。', None, 2)
[2020/08/03 14:42:40][E][ConnectCOM] Retry 3 times Fail
[2020/08/03 14:42:40][E][ConnectCOM] Unable to connect DUT
[2020/08/03 14:42:40][W][startTest] DUT still not connect.
[2020/08/03 14:42:41][E][ConnectCOM] could not open port 'COM20': FileNotFoundError(2, '系統找不到指定的檔案。', None, 2)
[2020/08/03 14:42:41][E][ConnectCOM] could not open port 'COM20': FileNotFoundError(2, '系統找不到指定的檔案。', None, 2)
[2020/08/03 14:42:42][E][ConnectCOM] could not open port 'COM20': FileNotFoundError(2, '系統找不到指定的檔案。', None, 2)
[2020/08/03 14:42:42][E][ConnectCOM] Retry 3 times Fail
[2020/08/03 14:42:42][E][ConnectCOM] Unable to connect DUT
[2020/08/03 14:42:42][W][startTest] DUT still not connect.
[2020/08/03 14:42:42][E][ConnectCOM] could not open port 'COM20': FileNotFoundError(2, '系統找不到指定的檔案。', None, 2)
[2020/08/03 14:42:43][E][ConnectCOM] could not open port 'COM20': FileNotFoundError(2, '系統找不到指定的檔案。', None, 2)
[2020/08/03 14:42:43][E][ConnectCOM] could not open port 'COM20': FileNotFoundError(2, '系統找不到指定的檔案。', None, 2)
[2020/08/03 14:42:43][E][ConnectCOM] Retry 3 times Fail
[2020/08/03 14:42:43][E][ConnectCOM] Unable to connect DUT
[2020/08/03 14:42:43][W][startTest] DUT still not connect.
[2020/08/03 14:42:44][E][ConnectCOM] could not open port 'COM20': FileNotFoundError(2, '系統找不到指定的檔案。', None, 2)
[2020/08/03 14:42:44][E][ConnectCOM] could not open port 'COM20': FileNotFoundError(2, '系統找不到指定的檔案。', None, 2)
[2020/08/03 14:42:45][E][ConnectCOM] could not open port 'COM20': FileNotFoundError(2, '系統找不到指定的檔案。', None, 2)
[2020/08/03 14:42:45][E][ConnectCOM] Retry 3 times Fail
[2020/08/03 14:42:45][E][ConnectCOM] Unable to connect DUT
[2020/08/03 14:42:45][W][startTest] DUT still not connect.
[2020/08/03 14:42:45][E][ConnectCOM] could not open port 'COM20': FileNotFoundError(2, '系統找不到指定的檔案。', None, 2)
[2020/08/03 14:42:46][E][ConnectCOM] could not open port 'COM20': FileNotFoundError(2, '系統找不到指定的檔案。', None, 2)
[2020/08/03 14:42:46][E][ConnectCOM] could not open port 'COM20': FileNotFoundError(2, '系統找不到指定的檔案。', None, 2)
[2020/08/03 14:42:46][E][ConnectCOM] Retry 3 times Fail
[2020/08/03 14:42:46][E][ConnectCOM] Unable to connect DUT
[2020/08/03 14:42:46][W][startTest] DUT still not connect.
[2020/08/03 14:42:47][E][ConnectCOM] could not open port 'COM20': FileNotFoundError(2, '系統找不到指定的檔案。', None, 2)
[2020/08/03 14:42:47][E][ConnectCOM] could not open port 'COM20': FileNotFoundError(2, '系統找不到指定的檔案。', None, 2)
[2020/08/03 14:42:48][E][ConnectCOM] could not open port 'COM20': FileNotFoundError(2, '系統找不到指定的檔案。', None, 2)
[2020/08/03 14:42:48][E][ConnectCOM] Retry 3 times Fail
[2020/08/03 14:42:48][E][ConnectCOM] Unable to connect DUT
[2020/08/03 14:42:48][W][startTest] DUT still not connect.
[2020/08/03 14:42:48][I][TestResult] Test Fail! Unable to connect DUT
[2020/08/03 14:42:48]========== End MDUT ==========


