[2020/07/29 10:31:13][I][getBOM] Get BOM Success!
[2020/07/29 10:31:13][I][getSKU] Get SKU from BOM: BOM_SKU, SKU name: 451AOD30L02
[2020/07/29 10:31:13][I][loadTestItemBySKU] Test Item List = (GFI20Bootup.py,1)(CountDown.py,1)(WaitConnect.py,1)(GFI20_RF_Zigbee,2)(GFI20_RF_LTE,1)
[2020/07/29 10:31:13][I][loadTestItemBySKU] Test Item List Element = ['GFI20Bootup.py,1', 'CountDown.py,1', 'WaitConnect.py,1', 'GFI20_RF_Zigbee,2', 'GFI20_RF_LTE,1']
[2020/07/29 10:31:13][I][showTestingMsg] Waiting for testing...
[2020/07/29 10:31:13]---------- TestItem:GFI20Bootup.py  Method:1 ----------
[2020/07/29 10:31:13][I][runTestItem] Test start time: 2020/07/29 10:31:13
[2020/07/29 10:31:20][I][runTestItem] Test finished
[2020/07/29 10:31:20][I][checkTestResult] Version=3.0.0.3
[2020/07/29 10:31:20][I][checkTestResult] Result=Pass
[2020/07/29 10:31:20]*********************************************************
[2020/07/29 10:31:20]GFI20Bootup.py   3.0.0.3

[2020/07/29 10:31:20]			Result: Pass

[2020/07/29 10:31:20]			Method: 1

[2020/07/29 10:31:20]			Start: 2020/07/29 10:31:13

[2020/07/29 10:31:20]			End: 2020/07/29 10:31:20
[2020/07/29 10:31:20][I][runTestItem] Test end time: 2020/07/29 10:31:20
[2020/07/29 10:31:20]---------- TestItem:CountDown.py  Method:1 ----------
[2020/07/29 10:31:20][I][runTestItem] Test start time: 2020/07/29 10:31:20
[2020/07/29 10:32:12][I][runTestItem] Test finished
[2020/07/29 10:32:12][I][checkTestResult] Version=3.0.0.3
[2020/07/29 10:32:12][I][checkTestResult] Result=Pass
[2020/07/29 10:32:12]*********************************************************
[2020/07/29 10:32:12]CountDown.py   3.0.0.3

[2020/07/29 10:32:12]			Result: Pass

[2020/07/29 10:32:12]			Method: 1

[2020/07/29 10:32:12]			Start: 2020/07/29 10:31:20

[2020/07/29 10:32:12]			End: 2020/07/29 10:32:12
[2020/07/29 10:32:12][I][runTestItem] Test end time: 2020/07/29 10:32:12
[2020/07/29 10:32:12]---------- TestItem:WaitConnect.py  Method:1 ----------
[2020/07/29 10:32:12][I][runTestItem] Test start time: 2020/07/29 10:32:12
[2020/07/29 10:32:14][I][runTestItem] Test finished
[2020/07/29 10:32:14][I][checkTestResult] Version=3.0.0.4
[2020/07/29 10:32:14][I][checkTestResult] Result=Pass
[2020/07/29 10:32:14]*********************************************************
[2020/07/29 10:32:14]WaitConnect.py   3.0.0.4

[2020/07/29 10:32:14]			Result: Pass

[2020/07/29 10:32:14]			Method: 1

[2020/07/29 10:32:14]			Start: 2020/07/29 10:32:12

[2020/07/29 10:32:14]			End: 2020/07/29 10:32:14
[2020/07/29 10:32:15][I][runTestItem] Test end time: 2020/07/29 10:32:14
[2020/07/29 10:32:15]---------- TestItem:GFI20_RF_Zigbee.py  Method:2 ----------
[2020/07/29 10:32:15][I][runTestItem] Test start time: 2020/07/29 10:32:15
[2020/07/29 10:34:10][I][runTestItem] Test finished
[2020/07/29 10:34:10][I][checkTestResult] Version=3.0.0.3
[2020/07/29 10:34:10][I][checkTestResult] Result=Pass
[2020/07/29 10:34:10]*********************************************************
[2020/07/29 10:34:10]GFI20_RF_Zigbee.py   3.0.0.3

[2020/07/29 10:34:10]			Result: Pass

[2020/07/29 10:34:10]			Method: 2

[2020/07/29 10:34:10]			Start: 2020/07/29 10:32:15

[2020/07/29 10:34:10]			End: 2020/07/29 10:34:10
[2020/07/29 10:34:10][I][runTestItem] Test end time: 2020/07/29 10:34:10
[2020/07/29 10:34:10]---------- TestItem:GFI20_RF_LTE.py  Method:1 ----------
[2020/07/29 10:34:10][I][runTestItem] Test start time: 2020/07/29 10:34:10
[2020/07/29 10:35:29][I][runTestItem] Test finished
[2020/07/29 10:35:29][I][checkTestResult] Version=3.0.0.11
[2020/07/29 10:35:29][I][checkTestResult] Result=Pass
[2020/07/29 10:35:29]*********************************************************
[2020/07/29 10:35:29]GFI20_RF_LTE.py   3.0.0.11

[2020/07/29 10:35:29]			Result: Pass

[2020/07/29 10:35:29]			Method: 1

[2020/07/29 10:35:29]			Start: 2020/07/29 10:34:10

[2020/07/29 10:35:29]			End: 2020/07/29 10:35:29
[2020/07/29 10:35:29][I][runTestItem] Test end time: 2020/07/29 10:35:29
[2020/07/29 10:35:30][I][runLastScript] Waiting for ending...
[2020/07/29 10:35:30]---------- TestItem:GFI20LastScript.py  Method:1 ----------
[2020/07/29 10:35:30][I][runLastScript] Test start time: 2020/07/29 10:35:30
[2020/07/29 10:35:54][I][runLastScript] Test finished
[2020/07/29 10:35:54][I][runLastScript] Test end time: 2020/07/29 10:35:54
[2020/07/29 10:35:54][I][checkTestResult] Version=3.0.0.6
[2020/07/29 10:35:54][I][checkTestResult] Result=Pass
[2020/07/29 10:35:54]*********************************************************
[2020/07/29 10:35:54]GFI20LastScript.py   3.0.0.6

[2020/07/29 10:35:54]			Result: Pass

[2020/07/29 10:35:54]			Method: 1

[2020/07/29 10:35:54]			Start: 2020/07/29 10:35:30

[2020/07/29 10:35:54]			End: 2020/07/29 10:35:54
[2020/07/29 10:35:54][I][processSFISUploadPass] No SFIS RecordInfo
[2020/07/29 10:35:56][I][processSFISUploadPass] Upload pass Success!
