[2020/07/28 23:06:54][I][getBOM] Get BOM Success!
[2020/07/28 23:06:54][I][getSKU] Get SKU from BOM: BOM_SKU, SKU name: 451AOD30L02
[2020/07/28 23:06:54][I][loadTestItemBySKU] Test Item List = (GFI20Bootup.py,1)(CountDown.py,1)(GFI20_RF_Zigbee,2)(GFI20_RF_LTE,1)
[2020/07/28 23:06:54][I][loadTestItemBySKU] Test Item List Element = ['GFI20Bootup.py,1', 'CountDown.py,1', 'GFI20_RF_Zigbee,2', 'GFI20_RF_LTE,1']
[2020/07/28 23:06:54][I][showTestingMsg] Waiting for testing...
[2020/07/28 23:06:54]---------- TestItem:GFI20Bootup.py  Method:1 ----------
[2020/07/28 23:06:54][I][runTestItem] Test start time: 2020/07/28 23:06:54
[2020/07/28 23:07:02][I][runTestItem] Test finished
[2020/07/28 23:07:02][I][checkTestResult] Version=3.0.0.3
[2020/07/28 23:07:02][I][checkTestResult] Result=Pass
[2020/07/28 23:07:02]*********************************************************
[2020/07/28 23:07:02]GFI20Bootup.py   3.0.0.3

[2020/07/28 23:07:02]			Result: Pass

[2020/07/28 23:07:02]			Method: 1

[2020/07/28 23:07:02]			Start: 2020/07/28 23:06:54

[2020/07/28 23:07:02]			End: 2020/07/28 23:07:02
[2020/07/28 23:07:02][I][runTestItem] Test end time: 2020/07/28 23:07:02
[2020/07/28 23:07:02]---------- TestItem:CountDown.py  Method:1 ----------
[2020/07/28 23:07:02][I][runTestItem] Test start time: 2020/07/28 23:07:02
[2020/07/28 23:07:54][I][runTestItem] Test finished
[2020/07/28 23:07:54][I][checkTestResult] Version=3.0.0.3
[2020/07/28 23:07:54][I][checkTestResult] Result=Pass
[2020/07/28 23:07:54]*********************************************************
[2020/07/28 23:07:54]CountDown.py   3.0.0.3

[2020/07/28 23:07:54]			Result: Pass

[2020/07/28 23:07:54]			Method: 1

[2020/07/28 23:07:54]			Start: 2020/07/28 23:07:02

[2020/07/28 23:07:54]			End: 2020/07/28 23:07:54
[2020/07/28 23:07:54][I][runTestItem] Test end time: 2020/07/28 23:07:54
[2020/07/28 23:07:54]---------- TestItem:GFI20_RF_Zigbee.py  Method:2 ----------
[2020/07/28 23:07:54][I][runTestItem] Test start time: 2020/07/28 23:07:54
[2020/07/28 23:09:14][I][runTestItem] Test finished
[2020/07/28 23:09:14][I][checkTestResult] Version=3.0.0.3
[2020/07/28 23:09:14][I][checkTestResult] Result=Pass
[2020/07/28 23:09:14]*********************************************************
[2020/07/28 23:09:14]GFI20_RF_Zigbee.py   3.0.0.3

[2020/07/28 23:09:14]			Result: Pass

[2020/07/28 23:09:15]			Method: 2

[2020/07/28 23:09:15]			Start: 2020/07/28 23:07:54

[2020/07/28 23:09:15]			End: 2020/07/28 23:09:14
[2020/07/28 23:09:15][I][runTestItem] Test end time: 2020/07/28 23:09:15
[2020/07/28 23:09:15]---------- TestItem:GFI20_RF_LTE.py  Method:1 ----------
[2020/07/28 23:09:15][I][runTestItem] Test start time: 2020/07/28 23:09:15
[2020/07/28 23:10:39][I][runTestItem] Test finished
[2020/07/28 23:10:39][I][checkTestResult] Version=3.0.0.11
[2020/07/28 23:10:39][I][checkTestResult] Result=Pass
[2020/07/28 23:10:39]*********************************************************
[2020/07/28 23:10:39]GFI20_RF_LTE.py   3.0.0.11

[2020/07/28 23:10:39]			Result: Pass

[2020/07/28 23:10:39]			Method: 1

[2020/07/28 23:10:39]			Start: 2020/07/28 23:09:15

[2020/07/28 23:10:39]			End: 2020/07/28 23:10:39
[2020/07/28 23:10:39][I][runTestItem] Test end time: 2020/07/28 23:10:39
[2020/07/28 23:10:40][I][runLastScript] Waiting for ending...
[2020/07/28 23:10:40]---------- TestItem:GFI20LastScript.py  Method:1 ----------
[2020/07/28 23:10:40][I][runLastScript] Test start time: 2020/07/28 23:10:40
[2020/07/28 23:11:02][I][runLastScript] Test finished
[2020/07/28 23:11:02][I][runLastScript] Test end time: 2020/07/28 23:11:02
[2020/07/28 23:11:02][I][checkTestResult] Version=3.0.0.6
[2020/07/28 23:11:02][I][checkTestResult] Result=Pass
[2020/07/28 23:11:02]*********************************************************
[2020/07/28 23:11:02]GFI20LastScript.py   3.0.0.6

[2020/07/28 23:11:02]			Result: Pass

[2020/07/28 23:11:02]			Method: 1

[2020/07/28 23:11:02]			Start: 2020/07/28 23:10:40

[2020/07/28 23:11:02]			End: 2020/07/28 23:11:02
[2020/07/28 23:11:02][I][processSFISUploadPass] No SFIS RecordInfo
[2020/07/28 23:11:04][I][processSFISUploadPass] Upload pass Success!
