[2020/07/28 20:12:19]========== Start ==========
[2020/07/28 20:12:19][I][main] Python 3.7.2 (tags/v3.7.2:9a3ffc0492, Dec 23 2018, 23:09:28) [MSC v.1916 64 bit (AMD64)]
[2020/07/28 20:12:19][I][main] CountDown.py 3.0.0.3
[2020/07/28 20:12:19][I][readINI] ---------- INI ----------
[2020/07/28 20:12:19][I][readINI] StartButton_ON = 1
[2020/07/28 20:12:19][I][readINI] timeout_Value = 80
[2020/07/28 20:12:19][I][readINI] EC = 1111
[2020/07/28 20:12:19][I][readINI] ---------- INI ----------
[2020/07/28 20:12:23]---------- startTest ----------
[2020/07/28 20:12:23][I][startTest] Start coundown...
[2020/07/28 20:16:27]========== Start ==========
[2020/07/28 20:16:27][I][main] Python 3.7.2 (tags/v3.7.2:9a3ffc0492, Dec 23 2018, 23:09:28) [MSC v.1916 64 bit (AMD64)]
[2020/07/28 20:16:27][I][main] CountDown.py 3.0.0.3
[2020/07/28 20:16:27][I][readINI] ---------- INI ----------
[2020/07/28 20:16:27][I][readINI] StartButton_ON = 1
[2020/07/28 20:16:27][I][readINI] timeout_Value = 50
[2020/07/28 20:16:27][I][readINI] EC = 1111
[2020/07/28 20:16:27][I][readINI] ---------- INI ----------
[2020/07/28 20:16:39]---------- startTest ----------
[2020/07/28 20:16:39][I][startTest] Start coundown...
[2020/07/28 20:17:30][I][startTest] Countdown finish
[2020/07/28 20:17:30][I][TestResult] Test Pass!
[2020/07/28 20:17:31]========== End MDUT ==========


[2020/07/28 20:19:32]========== Start ==========
[2020/07/28 20:19:32][I][main] Python 3.7.2 (tags/v3.7.2:9a3ffc0492, Dec 23 2018, 23:09:28) [MSC v.1916 64 bit (AMD64)]
[2020/07/28 20:19:32][I][main] CountDown.py 3.0.0.3
[2020/07/28 20:19:32][I][readINI] ---------- INI ----------
[2020/07/28 20:19:32][I][readINI] StartButton_ON = 1
[2020/07/28 20:19:32][I][readINI] timeout_Value = 50
[2020/07/28 20:19:32][I][readINI] EC = 1111
[2020/07/28 20:19:32][I][readINI] ---------- INI ----------
[2020/07/28 20:19:34]---------- startTest ----------
[2020/07/28 20:19:34][I][startTest] Start coundown...
[2020/07/28 20:20:24][I][startTest] Countdown finish
[2020/07/28 20:20:24][I][TestResult] Test Pass!
[2020/07/28 20:20:25]========== End MDUT ==========


