[2020/07/28 21:02:53][I][getBOM] Get BOM Success!
[2020/07/28 21:02:53][I][getSKU] Get SKU from BOM: BOM_SKU, SKU name: 451AOD30L02
[2020/07/28 21:02:53][I][loadTestItemBySKU] Test Item List = (GFI20Bootup.py,1)(CountDown.py,1)(GFI20_RF_Zigbee,2)(GFI20_RF_LTE,1)
[2020/07/28 21:02:53][I][loadTestItemBySKU] Test Item List Element = ['GFI20Bootup.py,1', 'CountDown.py,1', 'GFI20_RF_Zigbee,2', 'GFI20_RF_LTE,1']
[2020/07/28 21:02:53][I][showTestingMsg] Waiting for testing...
[2020/07/28 21:02:53]---------- TestItem:GFI20Bootup.py  Method:1 ----------
[2020/07/28 21:02:53][I][runTestItem] Test start time: 2020/07/28 21:02:53
[2020/07/28 21:03:08][I][runTestItem] Test finished
[2020/07/28 21:03:08][I][checkTestResult] Version=3.0.0.3
[2020/07/28 21:03:08][I][checkTestResult] Result=Pass
[2020/07/28 21:03:08]*********************************************************
[2020/07/28 21:03:08]GFI20Bootup.py   3.0.0.3

[2020/07/28 21:03:08]			Result: Pass

[2020/07/28 21:03:08]			Method: 1

[2020/07/28 21:03:08]			Start: 2020/07/28 21:02:53

[2020/07/28 21:03:08]			End: 2020/07/28 21:03:08
[2020/07/28 21:03:08][I][runTestItem] Test end time: 2020/07/28 21:03:08
[2020/07/28 21:03:08]---------- TestItem:CountDown.py  Method:1 ----------
[2020/07/28 21:03:08][I][runTestItem] Test start time: 2020/07/28 21:03:08
[2020/07/28 21:04:00][I][runTestItem] Test finished
[2020/07/28 21:04:00][I][checkTestResult] Version=3.0.0.3
[2020/07/28 21:04:00][I][checkTestResult] Result=Pass
[2020/07/28 21:04:00]*********************************************************
[2020/07/28 21:04:00]CountDown.py   3.0.0.3

[2020/07/28 21:04:00]			Result: Pass

[2020/07/28 21:04:00]			Method: 1

[2020/07/28 21:04:00]			Start: 2020/07/28 21:03:08

[2020/07/28 21:04:00]			End: 2020/07/28 21:04:00
[2020/07/28 21:04:00][I][runTestItem] Test end time: 2020/07/28 21:04:00
[2020/07/28 21:04:00]---------- TestItem:GFI20_RF_Zigbee.py  Method:2 ----------
[2020/07/28 21:04:00][I][runTestItem] Test start time: 2020/07/28 21:04:00
[2020/07/28 21:05:55][I][runTestItem] Test finished
[2020/07/28 21:05:55][I][checkTestResult] Version=3.0.0.3
[2020/07/28 21:05:55][I][checkTestResult] Result=Pass
[2020/07/28 21:05:55]*********************************************************
[2020/07/28 21:05:55]GFI20_RF_Zigbee.py   3.0.0.3

[2020/07/28 21:05:55]			Result: Pass

[2020/07/28 21:05:55]			Method: 2

[2020/07/28 21:05:55]			Start: 2020/07/28 21:04:00

[2020/07/28 21:05:55]			End: 2020/07/28 21:05:55
[2020/07/28 21:05:55][I][runTestItem] Test end time: 2020/07/28 21:05:55
[2020/07/28 21:05:55]---------- TestItem:GFI20_RF_LTE.py  Method:1 ----------
[2020/07/28 21:05:55][I][runTestItem] Test start time: 2020/07/28 21:05:55
[2020/07/28 21:07:20][I][runTestItem] Test finished
[2020/07/28 21:07:20][I][checkTestResult] Version=3.0.0.11
[2020/07/28 21:07:20][I][checkTestResult] Result=Pass
[2020/07/28 21:07:20]*********************************************************
[2020/07/28 21:07:20]GFI20_RF_LTE.py   3.0.0.11

[2020/07/28 21:07:20]			Result: Pass

[2020/07/28 21:07:20]			Method: 1

[2020/07/28 21:07:20]			Start: 2020/07/28 21:05:55

[2020/07/28 21:07:20]			End: 2020/07/28 21:07:20
[2020/07/28 21:07:20][I][runTestItem] Test end time: 2020/07/28 21:07:20
[2020/07/28 21:07:22][I][runLastScript] Waiting for ending...
[2020/07/28 21:07:22]---------- TestItem:GFI20LastScript.py  Method:1 ----------
[2020/07/28 21:07:22][I][runLastScript] Test start time: 2020/07/28 21:07:22
[2020/07/28 21:07:43][I][runLastScript] Test finished
[2020/07/28 21:07:43][I][runLastScript] Test end time: 2020/07/28 21:07:43
[2020/07/28 21:07:43][I][checkTestResult] Version=3.0.0.6
[2020/07/28 21:07:43][I][checkTestResult] Result=Pass
[2020/07/28 21:07:43]*********************************************************
[2020/07/28 21:07:43]GFI20LastScript.py   3.0.0.6

[2020/07/28 21:07:43]			Result: Pass

[2020/07/28 21:07:43]			Method: 1

[2020/07/28 21:07:43]			Start: 2020/07/28 21:07:22

[2020/07/28 21:07:43]			End: 2020/07/28 21:07:43
[2020/07/28 21:07:43][I][processSFISUploadPass] No SFIS RecordInfo
[2020/07/28 21:07:45][I][processSFISUploadPass] Upload pass Success!
