[2020/07/29 08:46:59.589064]========== Start ==========
[2020/07/29 08:46:59.590108][I][class_E6640A_LTE] Initial class_E6640A_LTE
[2020/07/29 08:46:59.592076][I][class_E6640A_LTE] Version: 3.0.0.3
[2020/07/29 08:46:59.599145][I][connect_E6640A] Connect to E6640A
[2020/07/29 08:46:59.611160][I][connect_E6640A] Resource Manager of Visa Library at C:\Windows\system32\visa64.dll
[2020/07/29 08:46:59.662260][I][queryEx] E6640A <= *IDN?
[2020/07/29 08:46:59.668349][I][queryEx] E6640A => Keysight Technologies,E6640A,MY57150246,E.19.71
[2020/07/29 08:46:59.670292][I][set_Preset] System reset
[2020/07/29 08:46:59.674370][I][writeEx] E6640A <= *RST
[2020/07/29 08:46:59.677300][I][writeEx] E6640A <= *CLS
[2020/07/29 08:46:59.679306][I][writeEx] E6640A <= SYST:PRES
[2020/07/29 08:46:59.982227][I][queryEx] E6640A <= *OPC?
[2020/07/29 08:47:00.731069][I][queryEx] E6640A => 1
[2020/07/29 08:47:00.740949][I][set_Preset] System reset
[2020/07/29 08:47:00.743957][I][writeEx] E6640A <= *RST
[2020/07/29 08:47:00.746963][I][writeEx] E6640A <= *CLS
[2020/07/29 08:47:00.748970][I][writeEx] E6640A <= SYST:PRES
[2020/07/29 08:47:01.052605][I][queryEx] E6640A <= *OPC?
[2020/07/29 08:47:01.797722][I][queryEx] E6640A => 1
[2020/07/29 08:47:02.078466][I][set_Preset] System reset
[2020/07/29 08:47:02.081438][I][writeEx] E6640A <= *RST
[2020/07/29 08:47:02.085386][I][writeEx] E6640A <= *CLS
[2020/07/29 08:47:02.088146][I][writeEx] E6640A <= SYST:PRES
[2020/07/29 08:47:02.392189][I][queryEx] E6640A <= *OPC?
[2020/07/29 08:47:03.147334][I][queryEx] E6640A => 1
[2020/07/29 08:47:03.166208][I][set_Tx_Start] Set Tx start
[2020/07/29 08:47:03.168228][I][set_RFI_Port] Set input port
[2020/07/29 08:47:03.171243][I][writeEx] E6640A <= :FEED:RF:PORT:INPut RFIO1
[2020/07/29 08:47:03.174231][I][queryEx] E6640A <= :FEED:RF:PORT:INPut?
[2020/07/29 08:47:03.180274][I][queryEx] E6640A => RFIO1
[2020/07/29 08:47:03.184022][I][set_Modulation_Analysis] Set measurement function
[2020/07/29 08:47:03.186058][I][writeEx] E6640A <= INST:SEL LTEAFDD
[2020/07/29 08:47:03.491131][I][queryEx] E6640A <= *OPC?
[2020/07/29 08:47:03.500584][I][queryEx] E6640A => 1
[2020/07/29 08:47:03.504596][I][queryEx] E6640A <= INST:SEL?
[2020/07/29 08:47:03.509771][I][queryEx] E6640A => LTEAFDD
[2020/07/29 08:47:03.511779][I][writeEx] E6640A <= DISP:CHP:VIEW:WIND:TRAC:Y:COUP OFF
[2020/07/29 08:47:03.515838][I][set_Freq] Set frequence
[2020/07/29 08:47:03.518956][I][writeEx] E6640A <= :FREQuency:CENTer 897.4 MHz
[2020/07/29 08:47:03.520993][I][set_Continue] Set continue
[2020/07/29 08:47:03.524974][I][writeEx] E6640A <= :INIT:CONT ON
[2020/07/29 08:47:03.527988][I][set_Trigger_Free_Run] Set trigger free run
[2020/07/29 08:47:03.529988][I][writeEx] E6640A <= TRIG:CHP:SOUR IMM
[2020/07/29 08:47:03.835110][I][queryEx] E6640A <= *OPC?
[2020/07/29 08:47:03.845780][I][queryEx] E6640A => 1
[2020/07/29 08:47:08.405006][I][chk_Tx_Result] Check Tx result
[2020/07/29 08:47:08.412391][I][set_Limit_Range] Set reference value
[2020/07/29 08:47:08.414424][I][writeEx] E6640A <= DISP:CHP:VIEW:WIND:TRAC:Y:RLEV 30.0 dBm
[2020/07/29 08:47:08.720150][I][queryEx] E6640A <= *OPC?
[2020/07/29 08:47:08.727614][I][queryEx] E6640A => 1
[2020/07/29 08:47:08.731627][I][set_Limit_Range] Set power range
[2020/07/29 08:47:08.734636][I][writeEx] E6640A <= :POW:RANG 30.0 dBm
[2020/07/29 08:47:09.039903][I][queryEx] E6640A <= *OPC?
[2020/07/29 08:47:09.049907][I][queryEx] E6640A => 1
[2020/07/29 08:47:09.053525][I][set_Trigger_Video] Set trigger video
[2020/07/29 08:47:09.056536][I][writeEx] E6640A <= TRIG:CHP:SOUR IF
[2020/07/29 08:47:09.361350][I][queryEx] E6640A <= *OPC?
[2020/07/29 08:47:09.371522][I][queryEx] E6640A => 1
[2020/07/29 08:47:09.477630][I][set_Trigger_Free_Run] Set trigger free run
[2020/07/29 08:47:09.488707][I][writeEx] E6640A <= TRIG:CHP:SOUR IMM
[2020/07/29 08:47:09.801029][I][queryEx] E6640A <= *OPC?
[2020/07/29 08:47:09.809104][I][queryEx] E6640A => 1
[2020/07/29 08:47:09.813111][I][get_Power] Get Tx power
[2020/07/29 08:47:09.817121][I][queryEx] E6640A <= :FETCh:CHPower:CHPower?
[2020/07/29 08:47:09.824140][I][queryEx] E6640A => 1.424632931E+01
[2020/07/29 08:47:09.827186][I][chk_Tx_Result] Tx power(add loss: 8.500000) = 22.746000 dBm
[2020/07/29 08:47:09.831186][I][set_Continue] Set continue
[2020/07/29 08:47:09.834206][I][writeEx] E6640A <= :INIT:CONT ON
[2020/07/29 08:47:11.795368][I][set_Preset] System reset
[2020/07/29 08:47:11.799377][I][writeEx] E6640A <= *RST
[2020/07/29 08:47:11.803418][I][writeEx] E6640A <= *CLS
[2020/07/29 08:47:11.808129][I][writeEx] E6640A <= SYST:PRES
[2020/07/29 08:47:12.112487][I][queryEx] E6640A <= *OPC?
[2020/07/29 08:47:12.726237][I][queryEx] E6640A => 1
[2020/07/29 08:47:12.740732][I][set_Tx_Start] Set Tx start
[2020/07/29 08:47:12.744009][I][set_RFI_Port] Set input port
[2020/07/29 08:47:12.748058][I][writeEx] E6640A <= :FEED:RF:PORT:INPut RFIO1
[2020/07/29 08:47:12.752033][I][queryEx] E6640A <= :FEED:RF:PORT:INPut?
[2020/07/29 08:47:12.819165][I][queryEx] E6640A => RFIO1
[2020/07/29 08:47:12.826238][I][set_Modulation_Analysis] Set measurement function
[2020/07/29 08:47:12.833570][I][writeEx] E6640A <= INST:SEL LTEAFDD
[2020/07/29 08:47:13.140071][I][queryEx] E6640A <= *OPC?
[2020/07/29 08:47:13.148549][I][queryEx] E6640A => 1
[2020/07/29 08:47:13.154444][I][queryEx] E6640A <= INST:SEL?
[2020/07/29 08:47:13.161972][I][queryEx] E6640A => LTEAFDD
[2020/07/29 08:47:13.165980][I][writeEx] E6640A <= DISP:CHP:VIEW:WIND:TRAC:Y:COUP OFF
[2020/07/29 08:47:13.169024][I][set_Freq] Set frequence
[2020/07/29 08:47:13.174011][I][writeEx] E6640A <= :FREQuency:CENTer 1950.0 MHz
[2020/07/29 08:47:13.178011][I][set_Continue] Set continue
[2020/07/29 08:47:13.182071][I][writeEx] E6640A <= :INIT:CONT ON
[2020/07/29 08:47:13.186057][I][set_Trigger_Free_Run] Set trigger free run
[2020/07/29 08:47:13.189059][I][writeEx] E6640A <= TRIG:CHP:SOUR IMM
[2020/07/29 08:47:13.495158][I][queryEx] E6640A <= *OPC?
[2020/07/29 08:47:13.505301][I][queryEx] E6640A => 1
[2020/07/29 08:47:17.858529][I][chk_Tx_Result] Check Tx result
[2020/07/29 08:47:17.866596][I][set_Limit_Range] Set reference value
[2020/07/29 08:47:17.870650][I][writeEx] E6640A <= DISP:CHP:VIEW:WIND:TRAC:Y:RLEV 30.0 dBm
[2020/07/29 08:47:18.175075][I][queryEx] E6640A <= *OPC?
[2020/07/29 08:47:18.185596][I][queryEx] E6640A => 1
[2020/07/29 08:47:18.189604][I][set_Limit_Range] Set power range
[2020/07/29 08:47:18.193615][I][writeEx] E6640A <= :POW:RANG 30.0 dBm
[2020/07/29 08:47:18.499174][I][queryEx] E6640A <= *OPC?
[2020/07/29 08:47:18.507408][I][queryEx] E6640A => 1
[2020/07/29 08:47:18.512207][I][set_Trigger_Video] Set trigger video
[2020/07/29 08:47:18.516380][I][writeEx] E6640A <= TRIG:CHP:SOUR IF
[2020/07/29 08:47:18.821525][I][queryEx] E6640A <= *OPC?
[2020/07/29 08:47:18.831740][I][queryEx] E6640A => 1
[2020/07/29 08:47:18.937962][I][set_Trigger_Free_Run] Set trigger free run
[2020/07/29 08:47:18.950996][I][writeEx] E6640A <= TRIG:CHP:SOUR IMM
[2020/07/29 08:47:19.260015][I][queryEx] E6640A <= *OPC?
[2020/07/29 08:47:19.269000][I][queryEx] E6640A => 1
[2020/07/29 08:47:19.274019][I][get_Power] Get Tx power
[2020/07/29 08:47:19.277027][I][queryEx] E6640A <= :FETCh:CHPower:CHPower?
[2020/07/29 08:47:19.285924][I][queryEx] E6640A => 1.156711483E+01
[2020/07/29 08:47:19.289937][I][chk_Tx_Result] Tx power(add loss: 9.200000) = 20.767000 dBm
[2020/07/29 08:47:19.293949][I][set_Continue] Set continue
[2020/07/29 08:47:19.298051][I][writeEx] E6640A <= :INIT:CONT ON
[2020/07/29 08:47:21.265045][I][set_Preset] System reset
[2020/07/29 08:47:21.270059][I][writeEx] E6640A <= *RST
[2020/07/29 08:47:21.274111][I][writeEx] E6640A <= *CLS
[2020/07/29 08:47:21.277070][I][writeEx] E6640A <= SYST:PRES
[2020/07/29 08:47:21.583443][I][queryEx] E6640A <= *OPC?
[2020/07/29 08:47:22.286974][I][queryEx] E6640A => 1
[2020/07/29 08:47:22.303631][I][set_Tx_Start] Set Tx start
[2020/07/29 08:47:22.306642][I][set_RFI_Port] Set input port
[2020/07/29 08:47:22.310677][I][writeEx] E6640A <= :FEED:RF:PORT:INPut RFIO1
[2020/07/29 08:47:22.315004][I][queryEx] E6640A <= :FEED:RF:PORT:INPut?
[2020/07/29 08:47:22.321343][I][queryEx] E6640A => RFIO1
[2020/07/29 08:47:22.325042][I][set_Modulation_Analysis] Set measurement function
[2020/07/29 08:47:22.328086][I][writeEx] E6640A <= INST:SEL LTEAFDD
[2020/07/29 08:47:22.634010][I][queryEx] E6640A <= *OPC?
[2020/07/29 08:47:22.645920][I][queryEx] E6640A => 1
[2020/07/29 08:47:22.648967][I][queryEx] E6640A <= INST:SEL?
[2020/07/29 08:47:22.655385][I][queryEx] E6640A => LTEAFDD
[2020/07/29 08:47:22.659388][I][writeEx] E6640A <= DISP:CHP:VIEW:WIND:TRAC:Y:COUP OFF
[2020/07/29 08:47:22.663402][I][set_Freq] Set frequence
[2020/07/29 08:47:22.667410][I][writeEx] E6640A <= :FREQuency:CENTer 914.8 MHz
[2020/07/29 08:47:22.673461][I][set_Continue] Set continue
[2020/07/29 08:47:22.677440][I][writeEx] E6640A <= :INIT:CONT ON
[2020/07/29 08:47:22.681447][I][set_Trigger_Free_Run] Set trigger free run
[2020/07/29 08:47:22.686502][I][writeEx] E6640A <= TRIG:CHP:SOUR IMM
[2020/07/29 08:47:22.992478][I][queryEx] E6640A <= *OPC?
[2020/07/29 08:47:23.003262][I][queryEx] E6640A => 1
[2020/07/29 08:47:26.016253][I][chk_Tx_Result] Check Tx result
[2020/07/29 08:47:26.024884][I][set_Limit_Range] Set reference value
[2020/07/29 08:47:26.028899][I][writeEx] E6640A <= DISP:CHP:VIEW:WIND:TRAC:Y:RLEV 30.0 dBm
[2020/07/29 08:47:26.335109][I][queryEx] E6640A <= *OPC?
[2020/07/29 08:47:26.345521][I][queryEx] E6640A => 1
[2020/07/29 08:47:26.350710][I][set_Limit_Range] Set power range
[2020/07/29 08:47:26.354330][I][writeEx] E6640A <= :POW:RANG 30.0 dBm
[2020/07/29 08:47:26.658931][I][queryEx] E6640A <= *OPC?
[2020/07/29 08:47:26.668046][I][queryEx] E6640A => 1
[2020/07/29 08:47:28.674202][I][set_Trigger_Video] Set trigger video
[2020/07/29 08:47:28.680514][I][writeEx] E6640A <= TRIG:CHP:SOUR IF
[2020/07/29 08:47:28.985543][I][queryEx] E6640A <= *OPC?
[2020/07/29 08:47:28.996147][I][queryEx] E6640A => 1
[2020/07/29 08:47:29.001293][I][get_Power] Get Tx power
[2020/07/29 08:47:29.004313][I][queryEx] E6640A <= :FETCh:CHPower:CHPower?
[2020/07/29 08:47:29.639031][I][queryEx] E6640A => 2.313439751E+01
[2020/07/29 08:47:29.646985][I][chk_Tx_Result] Tx power(add loss: 8.500000) = 31.634000 dBm
[2020/07/29 08:47:29.651003][I][set_Continue] Set continue
[2020/07/29 08:47:29.659026][I][writeEx] E6640A <= :INIT:CONT ON
[2020/07/29 08:47:31.391110][I][set_Preset] System reset
[2020/07/29 08:47:31.394115][I][writeEx] E6640A <= *RST
[2020/07/29 08:47:31.399168][I][writeEx] E6640A <= *CLS
[2020/07/29 08:47:31.403626][I][writeEx] E6640A <= SYST:PRES
[2020/07/29 08:47:31.708678][I][queryEx] E6640A <= *OPC?
[2020/07/29 08:47:32.416999][I][queryEx] E6640A => 1
[2020/07/29 08:47:32.432045][I][set_Rx_Waveform] Set Rx waveform
[2020/07/29 08:47:32.436092][I][set_RFO_Port] Set output port
[2020/07/29 08:47:32.441426][I][writeEx] E6640A <= :FEED:RF:PORT:OUTPut RFIO1
[2020/07/29 08:47:32.445409][I][queryEx] E6640A <= :FEED:RF:PORT:OUTPut?
[2020/07/29 08:47:32.451769][I][queryEx] E6640A => RFIO1
[2020/07/29 08:47:32.455834][I][set_OneTone_Freq] Set One Tone frequence
[2020/07/29 08:47:32.460799][I][writeEx] E6640A <= :SOUR:FREQ 959.8 MHz
[2020/07/29 08:47:32.464806][I][set_OneTone_Power] Set One Tone power
[2020/07/29 08:47:32.468817][I][writeEx] E6640A <= :SOURce:POWer -51.5
[2020/07/29 08:47:32.472835][I][loading_Waveform] Load waveform
[2020/07/29 08:47:32.476838][I][queryEx] E6640A <= :SOURce:RADio:ARB:CATalog?
[2020/07/29 08:47:32.483708][I][queryEx] E6640A => 9600,4184704,"CTX10_RFLTE_20160809.wfm"
[2020/07/29 08:47:32.487761][I][writeEx] E6640A <= :SOUR:RAD:ARB:WAV "D:\NVARB\CTX10_RFLTE_20160809.wfm"
[2020/07/29 08:47:32.793950][I][queryEx] E6640A <= *OPC?
[2020/07/29 08:47:32.804580][I][queryEx] E6640A => 1
[2020/07/29 08:47:32.808592][I][set_ARB_ON] Set ARB ON
[2020/07/29 08:47:32.812603][I][writeEx] E6640A <= :SOUR:RAD:ARB ON
[2020/07/29 08:47:32.816654][I][set_Sample_Rate] Set Sample Rate
[2020/07/29 08:47:32.820938][I][writeEx] E6640A <= SOUR:RAD:ARB:SCL:RATE 100.0 kHz
[2020/07/29 08:47:32.825954][I][set_Modulation_ON] Set ARB ON
[2020/07/29 08:47:32.828962][I][writeEx] E6640A <= :OUTP:MOD ON
[2020/07/29 08:47:32.836983][I][set_OneTone_Start] Set One Tone start
[2020/07/29 08:47:32.840994][I][writeEx] E6640A <= OUTP ON
[2020/07/29 08:47:39.229943][I][set_OneTone_Stop] Set One Tone stop
[2020/07/29 08:47:39.238920][I][writeEx] E6640A <= OUTP OFF
[2020/07/29 08:47:57.167922][I][disconnect_E6640A] Disconnect E6640A
[2020/07/29 08:47:57.170932][I][set_Preset] System reset
[2020/07/29 08:47:57.175946][I][writeEx] E6640A <= *RST
[2020/07/29 08:47:57.179956][I][writeEx] E6640A <= *CLS
[2020/07/29 08:47:57.184972][I][writeEx] E6640A <= SYST:PRES
[2020/07/29 08:47:57.491327][I][queryEx] E6640A <= *OPC?
[2020/07/29 08:47:58.168300][I][queryEx] E6640A => 1
[2020/07/29 08:47:58.175385]========== End ==========
