[2020/07/28 09:29:47.959267]========== Start ==========
[2020/07/28 09:29:47.959267][I][class_E6640A_ZIGBEE] Initial class_E6640A_ZIGBEE
[2020/07/28 09:29:47.968863][I][class_E6640A_ZIGBEE] Version: 3.0.0.2
[2020/07/28 09:29:47.978828][I][connect_E6640A] Connect to E6640A
[2020/07/28 09:29:48.068860][I][connect_E6640A] Resource Manager of Visa Library at C:\Windows\system32\visa64.dll
[2020/07/28 09:29:48.138862][I][queryEx] E6640A <= *IDN?
[2020/07/28 09:29:48.148876][I][queryEx] E6640A => Keysight Technologies,E6640A,MY57150246,E.19.71
[2020/07/28 09:29:48.148876][I][set_Preset] System reset
[2020/07/28 09:29:48.148876][I][writeEx] E6640A <= *RST
[2020/07/28 09:29:48.158823][I][writeEx] E6640A <= *CLS
[2020/07/28 09:29:48.169448][I][writeEx] E6640A <= SYST:PRES
[2020/07/28 09:29:48.479356][I][queryEx] E6640A <= *OPC?
[2020/07/28 09:29:49.219364][I][queryEx] E6640A => 1
[2020/07/28 09:29:49.228823][I][set_Preset] System reset
[2020/07/28 09:29:49.228823][I][writeEx] E6640A <= *RST
[2020/07/28 09:29:49.228823][I][writeEx] E6640A <= *CLS
[2020/07/28 09:29:49.238852][I][writeEx] E6640A <= SYST:PRES
[2020/07/28 09:29:49.549365][I][queryEx] E6640A <= *OPC?
[2020/07/28 09:29:50.299358][I][queryEx] E6640A => 1
[2020/07/28 09:29:50.738822][I][set_Preset] System reset
[2020/07/28 09:29:50.738822][I][writeEx] E6640A <= *RST
[2020/07/28 09:29:50.738822][I][writeEx] E6640A <= *CLS
[2020/07/28 09:29:50.748867][I][writeEx] E6640A <= SYST:PRES
[2020/07/28 09:29:51.059360][I][queryEx] E6640A <= *OPC?
[2020/07/28 09:29:51.809362][I][queryEx] E6640A => 1
[2020/07/28 09:29:51.818822][I][set_Tx_Start] Set Tx start
[2020/07/28 09:29:51.818822][I][set_RFI_Port] Set input port
[2020/07/28 09:29:51.828857][I][writeEx] E6640A <= :FEED:RF:PORT:INPut RFIO1
[2020/07/28 09:29:51.828857][I][queryEx] E6640A <= :FEED:RF:PORT:INPut?
[2020/07/28 09:29:51.828857][I][queryEx] E6640A => RFIO1
[2020/07/28 09:29:51.838842][I][set_Modulation_Analysis] Set measurement function
[2020/07/28 09:29:51.838842][I][writeEx] E6640A <= INST:SEL VSA
[2020/07/28 09:29:52.149478][I][queryEx] E6640A <= *OPC?
[2020/07/28 09:29:52.149478][I][queryEx] E6640A => 1
[2020/07/28 09:29:52.149478][I][queryEx] E6640A <= INST:SEL?
[2020/07/28 09:29:52.158822][I][queryEx] E6640A => VSA
[2020/07/28 09:29:52.158822][I][writeEx] E6640A <= :CONFigure:DDEMod
[2020/07/28 09:29:52.479361][I][queryEx] E6640A <= *OPC?
[2020/07/28 09:29:52.649462][I][queryEx] E6640A => 1
[2020/07/28 09:29:52.649462][I][init_Zigbee_Mode] Initial Zigbee mode
[2020/07/28 09:29:52.649462][I][writeEx] E6640A <= :DDEM:STAN:PRES ZIGBEE2450
[2020/07/28 09:29:52.969360][I][queryEx] E6640A <= *OPC?
[2020/07/28 09:29:52.978870][I][queryEx] E6640A => 1
[2020/07/28 09:29:52.988869][I][set_Continue] Set continue
[2020/07/28 09:29:52.988869][I][writeEx] E6640A <= :INIT:CONT ON
[2020/07/28 09:29:52.988869][I][set_Freq] Set frequence
[2020/07/28 09:29:52.998821][I][writeEx] E6640A <= :FREQuency:CENTer 2425.0 MHz
[2020/07/28 09:29:52.998821][I][set_XScale_Span] Set frequence span
[2020/07/28 09:29:52.998821][I][writeEx] E6640A <= :FREQuency:SPAN 10000.000000 KHZ
[2020/07/28 09:29:53.008856][I][set_Power_Range] Get power range
[2020/07/28 09:29:53.008856][I][writeEx] E6640A <= :POW:RANG 20.000000
[2020/07/28 09:29:53.008856][I][set_Symbol_Rate] Get symbol rate
[2020/07/28 09:29:53.018821][I][writeEx] E6640A <= :DDEMod:SRATe 1000.000000 kHz
[2020/07/28 09:29:53.018821][I][set_Meas_Interval] Get meas interval
[2020/07/28 09:29:53.018821][I][writeEx] E6640A <= :DDEMod:SWEep:POINts 500
[2020/07/28 09:29:53.018821][I][set_Zigbee_TX_BandPower] Set marker function
[2020/07/28 09:29:53.028850][I][writeEx] E6640A <= CALC:DDEMod:MARK1:MODE POS
[2020/07/28 09:29:53.028850][I][writeEx] E6640A <= CALC:DDEMod:MARK1:TRAC 2
[2020/07/28 09:29:53.028850][I][writeEx] E6640A <= CALC:DDEMod:MARK1:FUNC BPOW
[2020/07/28 09:29:53.038851][I][writeEx] E6640A <= CALC:DDEMod:MARK1:FUNC:BPOW:CTYP MEAN
[2020/07/28 09:29:53.038851][I][writeEx] E6640A <= CALC:DDEMod:MARK1:FUNC:BAND:CENT 2425000000.000000
[2020/07/28 09:29:53.349331][I][queryEx] E6640A <= *OPC?
[2020/07/28 09:29:53.358821][I][queryEx] E6640A => 1
[2020/07/28 09:29:53.358821][I][queryEx] E6640A <= CALC:DDEMod:MARK1:FUNC:BAND:CENT?
[2020/07/28 09:29:53.358821][I][queryEx] E6640A => 2.425000000E+09
[2020/07/28 09:29:53.368831][I][writeEx] E6640A <= CALC:DDEMod:MARK1:FUNC:BAND:SPAN 10000000.000000
[2020/07/28 09:29:53.679504][I][queryEx] E6640A <= *OPC?
[2020/07/28 09:29:53.679504][I][queryEx] E6640A => 1
[2020/07/28 09:29:53.688821][I][set_Trigger_Video] Set trigger video
[2020/07/28 09:29:53.688821][I][writeEx] E6640A <= TRIG:DDEM:SOUR VID
[2020/07/28 09:29:53.999355][I][queryEx] E6640A <= *OPC?
[2020/07/28 09:29:54.008821][I][queryEx] E6640A => 1
[2020/07/28 09:29:54.008821][I][set_Trigger_Level] Set trigger level
[2020/07/28 09:29:54.008821][I][writeEx] E6640A <= :TRIGger:VIDeo:LEVel 30.000000 mV
[2020/07/28 09:29:54.018866][I][set_Trigger_Delay] Set trigger delay
[2020/07/28 09:29:54.029472][I][writeEx] E6640A <= :TRIGger:VIDeo:DELay:STATe ON
[2020/07/28 09:29:54.029472][I][queryEx] E6640A <= :TRIGger:VIDeo:DELay:STATe?
[2020/07/28 09:29:54.088857][I][queryEx] E6640A => 1
[2020/07/28 09:29:54.088857][I][writeEx] E6640A <= :TRIGger:VIDeo:DELay:STATe ON
[2020/07/28 09:29:54.098862][I][writeEx] E6640A <= :TRIGger:VIDeo:DELay 0.300000 ms
[2020/07/28 09:29:54.098862][I][init_Trigger_Reg] Initial trigger status register
[2020/07/28 09:29:54.108858][I][writeEx] E6640A <= *CLS
[2020/07/28 09:29:54.108858][I][writeEx] E6640A <= :STATus:PRESet
[2020/07/28 09:29:54.118853][I][writeEx] E6640A <= *SRE 192
[2020/07/28 09:29:54.118853][I][writeEx] E6640A <= :STATus:OPERation:ENABle 32
[2020/07/28 09:29:54.128821][I][writeEx] E6640A <= *CLS
[2020/07/28 09:29:54.128821][I][queryEx] E6640A <= *STB?
[2020/07/28 09:29:54.169530][I][queryEx] E6640A => 0
[2020/07/28 09:29:54.169530][I][init_Trigger_Reg] Status: 0
[2020/07/28 09:30:03.709352][I][chk_Tx_Result] Check Tx result
[2020/07/28 09:30:03.718820][I][get_Trigger_Status] Get trigger status
[2020/07/28 09:30:03.728868][I][queryEx] E6640A <= *STB?
[2020/07/28 09:30:03.728868][I][queryEx] E6640A => 192
[2020/07/28 09:30:03.738855][I][get_Trigger_Status] Status: 192
[2020/07/28 09:30:03.738855]Is triggered!
[2020/07/28 09:30:03.738855][I][writeEx] E6640A <= *CLS
[2020/07/28 09:30:03.748853][I][set_Continue] Set continue
[2020/07/28 09:30:03.748853][I][writeEx] E6640A <= :INIT:CONT ON
[2020/07/28 09:30:03.859370][I][set_Single] Set single
[2020/07/28 09:30:03.859370][I][writeEx] E6640A <= :INIT:CONT OFF
[2020/07/28 09:30:03.868847][I][set_Zigbee_TX_BandPower] Set marker function
[2020/07/28 09:30:03.868847][I][writeEx] E6640A <= CALC:DDEMod:MARK1:MODE POS
[2020/07/28 09:30:03.878817][I][writeEx] E6640A <= CALC:DDEMod:MARK1:TRAC 2
[2020/07/28 09:30:03.878817][I][writeEx] E6640A <= CALC:DDEMod:MARK1:FUNC BPOW
[2020/07/28 09:30:03.888818][I][writeEx] E6640A <= CALC:DDEMod:MARK1:FUNC:BPOW:CTYP MEAN
[2020/07/28 09:30:03.888818][I][writeEx] E6640A <= CALC:DDEMod:MARK1:FUNC:BAND:CENT 2425000000.000000
[2020/07/28 09:30:04.199362][I][queryEx] E6640A <= *OPC?
[2020/07/28 09:30:04.208898][I][queryEx] E6640A => 1
[2020/07/28 09:30:04.208898][I][queryEx] E6640A <= CALC:DDEMod:MARK1:FUNC:BAND:CENT?
[2020/07/28 09:30:04.208898][I][queryEx] E6640A => 2.425000000E+09
[2020/07/28 09:30:04.218856][I][writeEx] E6640A <= CALC:DDEMod:MARK1:FUNC:BAND:SPAN 10000000.000000
[2020/07/28 09:30:04.529358][I][queryEx] E6640A <= *OPC?
[2020/07/28 09:30:04.538818][I][queryEx] E6640A => 1
[2020/07/28 09:30:04.538818][I][get_Power] Get Tx power
[2020/07/28 09:30:04.538818][I][queryEx] E6640A <= :CALC:DDEMod:MARK1:Y?
[2020/07/28 09:30:04.548855][I][queryEx] E6640A => 1.134518685E+00
[2020/07/28 09:30:04.548855][I][chk_Tx_Result] Tx power(add loss: 8.200000) = 9.335000 dBm
[2020/07/28 09:30:04.558818][I][read_DDEMod_Array] Read measurement result
[2020/07/28 09:30:04.558818][I][queryEx] E6640A <= :READ:DDEMod?
[2020/07/28 09:30:04.819356][I][queryEx] E6640A => 1.176982975E+01,3.911594009E+01,2.630000000E+02,2.372126818E+00,1.298387814E+01,2.620000000E+02,9.91E+37,9.91E+37,9.91E+37,2.710424662E-01,-7.447600365E-01,3.110000000E+02,9.568949699E+00,3.214220428E+01,2.630000000E+02,-2.754778516E+04,9.91E+37,9.91E+37,9.91E+37,9.91E+37,9.91E+37,-5.141165924E+01,9.91E+37,9.724736810E-01,3.146416321E-02,-2.038639784E-01,9.91E+37,9.91E+37,9.91E+37,9.91E+37,9.91E+37,9.91E+37,9.91E+37,9.91E+37,9.91E+37,9.91E+37,9.91E+37,9.91E+37,9.91E+37,9.91E+37,9.91E+37,9.91E+37,9.91E+37,9.91E+37,9.91E+37,9.91E+37,9.91E+37,9.91E+37,9.91E+37,9.91E+37,9.91E+37,9.91E+37,9.91E+37,9.91E+37,9.91E+37,9.91E+37,9.91E+37,9.91E+37,9.91E+37,9.91E+37,9.91E+37,-9.375465452E-04,-2.519116970E-03
[2020/07/28 09:30:04.828830][I][set_Continue] Set continue
[2020/07/28 09:30:04.828830][I][writeEx] E6640A <= :INIT:CONT ON
[2020/07/28 09:30:06.458856][I][set_Preset] System reset
[2020/07/28 09:30:06.458856][I][writeEx] E6640A <= *RST
[2020/07/28 09:30:06.468818][I][writeEx] E6640A <= *CLS
[2020/07/28 09:30:06.468818][I][writeEx] E6640A <= SYST:PRES
[2020/07/28 09:30:06.789352][I][queryEx] E6640A <= *OPC?
[2020/07/28 09:30:07.848846][I][queryEx] E6640A => 1
[2020/07/28 09:30:07.868863][I][set_Tx_Start] Set Tx start
[2020/07/28 09:30:07.878820][I][set_RFI_Port] Set input port
[2020/07/28 09:30:07.878820][I][writeEx] E6640A <= :FEED:RF:PORT:INPut RFIO1
[2020/07/28 09:30:07.888866][I][queryEx] E6640A <= :FEED:RF:PORT:INPut?
[2020/07/28 09:30:07.888866][I][queryEx] E6640A => RFIO1
[2020/07/28 09:30:07.898858][I][set_Modulation_Analysis] Set measurement function
[2020/07/28 09:30:07.898858][I][writeEx] E6640A <= INST:SEL VSA
[2020/07/28 09:30:08.219354][I][queryEx] E6640A <= *OPC?
[2020/07/28 09:30:08.228869][I][queryEx] E6640A => 1
[2020/07/28 09:30:08.228869][I][queryEx] E6640A <= INST:SEL?
[2020/07/28 09:30:08.228869][I][queryEx] E6640A => VSA
[2020/07/28 09:30:08.238852][I][writeEx] E6640A <= :CONFigure:DDEMod
[2020/07/28 09:30:08.549371][I][queryEx] E6640A <= *OPC?
[2020/07/28 09:30:08.719354][I][queryEx] E6640A => 1
[2020/07/28 09:30:08.728871][I][init_Zigbee_Mode] Initial Zigbee mode
[2020/07/28 09:30:08.738867][I][writeEx] E6640A <= :DDEM:STAN:PRES ZIGBEE2450
[2020/07/28 09:30:09.049383][I][queryEx] E6640A <= *OPC?
[2020/07/28 09:30:09.049383][I][queryEx] E6640A => 1
[2020/07/28 09:30:09.058817][I][set_Continue] Set continue
[2020/07/28 09:30:09.058817][I][writeEx] E6640A <= :INIT:CONT ON
[2020/07/28 09:30:09.068827][I][set_Freq] Set frequence
[2020/07/28 09:30:09.068827][I][writeEx] E6640A <= :FREQuency:CENTer 2455.0 MHz
[2020/07/28 09:30:09.078857][I][set_XScale_Span] Set frequence span
[2020/07/28 09:30:09.078857][I][writeEx] E6640A <= :FREQuency:SPAN 10000.000000 KHZ
[2020/07/28 09:30:09.078857][I][set_Power_Range] Get power range
[2020/07/28 09:30:09.088852][I][writeEx] E6640A <= :POW:RANG 20.000000
[2020/07/28 09:30:09.088852][I][set_Symbol_Rate] Get symbol rate
[2020/07/28 09:30:09.098825][I][writeEx] E6640A <= :DDEMod:SRATe 1000.000000 kHz
[2020/07/28 09:30:09.098825][I][set_Meas_Interval] Get meas interval
[2020/07/28 09:30:09.098825][I][writeEx] E6640A <= :DDEMod:SWEep:POINts 500
[2020/07/28 09:30:09.108827][I][set_Zigbee_TX_BandPower] Set marker function
[2020/07/28 09:30:09.108827][I][writeEx] E6640A <= CALC:DDEMod:MARK1:MODE POS
[2020/07/28 09:30:09.118821][I][writeEx] E6640A <= CALC:DDEMod:MARK1:TRAC 2
[2020/07/28 09:30:09.118821][I][writeEx] E6640A <= CALC:DDEMod:MARK1:FUNC BPOW
[2020/07/28 09:30:09.118821][I][writeEx] E6640A <= CALC:DDEMod:MARK1:FUNC:BPOW:CTYP MEAN
[2020/07/28 09:30:09.128861][I][writeEx] E6640A <= CALC:DDEMod:MARK1:FUNC:BAND:CENT 2455000000.000000
[2020/07/28 09:30:09.439353][I][queryEx] E6640A <= *OPC?
[2020/07/28 09:30:09.448817][I][queryEx] E6640A => 1
[2020/07/28 09:30:09.448817][I][queryEx] E6640A <= CALC:DDEMod:MARK1:FUNC:BAND:CENT?
[2020/07/28 09:30:09.458850][I][queryEx] E6640A => 2.455000000E+09
[2020/07/28 09:30:09.458850][I][writeEx] E6640A <= CALC:DDEMod:MARK1:FUNC:BAND:SPAN 10000000.000000
[2020/07/28 09:30:09.769369][I][queryEx] E6640A <= *OPC?
[2020/07/28 09:30:09.778816][I][queryEx] E6640A => 1
[2020/07/28 09:30:09.778816][I][set_Trigger_Video] Set trigger video
[2020/07/28 09:30:09.778816][I][writeEx] E6640A <= TRIG:DDEM:SOUR VID
[2020/07/28 09:30:10.099372][I][queryEx] E6640A <= *OPC?
[2020/07/28 09:30:10.108816][I][queryEx] E6640A => 1
[2020/07/28 09:30:10.108816][I][set_Trigger_Level] Set trigger level
[2020/07/28 09:30:10.108816][I][writeEx] E6640A <= :TRIGger:VIDeo:LEVel 30.000000 mV
[2020/07/28 09:30:10.118856][I][set_Trigger_Delay] Set trigger delay
[2020/07/28 09:30:10.118856][I][writeEx] E6640A <= :TRIGger:VIDeo:DELay:STATe ON
[2020/07/28 09:30:10.128817][I][queryEx] E6640A <= :TRIGger:VIDeo:DELay:STATe?
[2020/07/28 09:30:10.189481][I][queryEx] E6640A => 1
[2020/07/28 09:30:10.189481][I][writeEx] E6640A <= :TRIGger:VIDeo:DELay:STATe ON
[2020/07/28 09:30:10.198853][I][writeEx] E6640A <= :TRIGger:VIDeo:DELay 0.300000 ms
[2020/07/28 09:30:10.198853][I][init_Trigger_Reg] Initial trigger status register
[2020/07/28 09:30:10.208848][I][writeEx] E6640A <= *CLS
[2020/07/28 09:30:10.208848][I][writeEx] E6640A <= :STATus:PRESet
[2020/07/28 09:30:10.218817][I][writeEx] E6640A <= *SRE 192
[2020/07/28 09:30:10.218817][I][writeEx] E6640A <= :STATus:OPERation:ENABle 32
[2020/07/28 09:30:10.218817][I][writeEx] E6640A <= *CLS
[2020/07/28 09:30:10.228817][I][queryEx] E6640A <= *STB?
[2020/07/28 09:30:10.269078][I][queryEx] E6640A => 0
[2020/07/28 09:30:10.269078][I][init_Trigger_Reg] Status: 0
[2020/07/28 09:30:19.729366][I][chk_Tx_Result] Check Tx result
[2020/07/28 09:30:19.729366][I][get_Trigger_Status] Get trigger status
[2020/07/28 09:30:19.738851][I][queryEx] E6640A <= *STB?
[2020/07/28 09:30:19.738851][I][queryEx] E6640A => 192
[2020/07/28 09:30:19.748813][I][get_Trigger_Status] Status: 192
[2020/07/28 09:30:19.748813]Is triggered!
[2020/07/28 09:30:19.748813][I][writeEx] E6640A <= *CLS
[2020/07/28 09:30:19.758817][I][set_Continue] Set continue
[2020/07/28 09:30:19.758817][I][writeEx] E6640A <= :INIT:CONT ON
[2020/07/28 09:30:19.879349][I][set_Single] Set single
[2020/07/28 09:30:19.888829][I][writeEx] E6640A <= :INIT:CONT OFF
[2020/07/28 09:30:19.898864][I][set_Zigbee_TX_BandPower] Set marker function
[2020/07/28 09:30:19.898864][I][writeEx] E6640A <= CALC:DDEMod:MARK1:MODE POS
[2020/07/28 09:30:19.908845][I][writeEx] E6640A <= CALC:DDEMod:MARK1:TRAC 2
[2020/07/28 09:30:19.908845][I][writeEx] E6640A <= CALC:DDEMod:MARK1:FUNC BPOW
[2020/07/28 09:30:19.908845][I][writeEx] E6640A <= CALC:DDEMod:MARK1:FUNC:BPOW:CTYP MEAN
[2020/07/28 09:30:19.918848][I][writeEx] E6640A <= CALC:DDEMod:MARK1:FUNC:BAND:CENT 2455000000.000000
[2020/07/28 09:30:20.239355][I][queryEx] E6640A <= *OPC?
[2020/07/28 09:30:20.248815][I][queryEx] E6640A => 1
[2020/07/28 09:30:20.248815][I][queryEx] E6640A <= CALC:DDEMod:MARK1:FUNC:BAND:CENT?
[2020/07/28 09:30:20.248815][I][queryEx] E6640A => 2.455000000E+09
[2020/07/28 09:30:20.258825][I][writeEx] E6640A <= CALC:DDEMod:MARK1:FUNC:BAND:SPAN 10000000.000000
[2020/07/28 09:30:20.569352][I][queryEx] E6640A <= *OPC?
[2020/07/28 09:30:20.578903][I][queryEx] E6640A => 1
[2020/07/28 09:30:20.578903][I][get_Power] Get Tx power
[2020/07/28 09:30:20.578903][I][queryEx] E6640A <= :CALC:DDEMod:MARK1:Y?
[2020/07/28 09:30:20.588853][I][queryEx] E6640A => 1.043463680E+00
[2020/07/28 09:30:20.588853][I][chk_Tx_Result] Tx power(add loss: 8.900000) = 9.943000 dBm
[2020/07/28 09:30:20.598853][I][read_DDEMod_Array] Read measurement result
[2020/07/28 09:30:20.598853][I][queryEx] E6640A <= :READ:DDEMod?
[2020/07/28 09:30:20.748839][I][queryEx] E6640A => 1.403047752E+01,4.095700836E+01,2.040000000E+02,3.172230244E+00,1.609021187E+01,2.040000000E+02,9.91E+37,9.91E+37,9.91E+37,3.770778477E-01,-8.739471436E-01,2.770000000E+02,1.141210365E+01,3.360904312E+01,2.040000000E+02,-2.787106445E+04,9.91E+37,9.91E+37,9.91E+37,9.91E+37,9.91E+37,-4.707630157E+01,9.91E+37,9.609889984E-01,2.962135477E-04,-3.362833858E-01,9.91E+37,9.91E+37,9.91E+37,9.91E+37,9.91E+37,9.91E+37,9.91E+37,9.91E+37,9.91E+37,9.91E+37,9.91E+37,9.91E+37,9.91E+37,9.91E+37,9.91E+37,9.91E+37,9.91E+37,9.91E+37,9.91E+37,9.91E+37,9.91E+37,9.91E+37,9.91E+37,9.91E+37,9.91E+37,9.91E+37,9.91E+37,9.91E+37,9.91E+37,9.91E+37,9.91E+37,9.91E+37,9.91E+37,9.91E+37,9.91E+37,-3.117311979E-03,-3.144439543E-03
[2020/07/28 09:30:20.758868][I][set_Continue] Set continue
[2020/07/28 09:30:20.778819][I][writeEx] E6640A <= :INIT:CONT ON
[2020/07/28 09:30:31.769351][I][chk_Tx_Result] Check Tx result
[2020/07/28 09:30:31.769351][I][get_Trigger_Status] Get trigger status
[2020/07/28 09:30:31.778810][I][queryEx] E6640A <= *STB?
[2020/07/28 09:30:31.778810][I][queryEx] E6640A => 192
[2020/07/28 09:30:31.788846][I][get_Trigger_Status] Status: 192
[2020/07/28 09:30:31.788846]Is triggered!
[2020/07/28 09:30:31.788846][I][writeEx] E6640A <= *CLS
[2020/07/28 09:30:31.798811][I][set_Continue] Set continue
[2020/07/28 09:30:31.798811][I][writeEx] E6640A <= :INIT:CONT ON
[2020/07/28 09:30:31.919341][I][set_Single] Set single
[2020/07/28 09:30:31.919341][I][writeEx] E6640A <= :INIT:CONT OFF
[2020/07/28 09:30:31.928810][I][set_Zigbee_TX_BandPower] Set marker function
[2020/07/28 09:30:31.928810][I][writeEx] E6640A <= CALC:DDEMod:MARK1:MODE POS
[2020/07/28 09:30:31.938846][I][writeEx] E6640A <= CALC:DDEMod:MARK1:TRAC 2
[2020/07/28 09:30:31.938846][I][writeEx] E6640A <= CALC:DDEMod:MARK1:FUNC BPOW
[2020/07/28 09:30:31.948848][I][writeEx] E6640A <= CALC:DDEMod:MARK1:FUNC:BPOW:CTYP MEAN
[2020/07/28 09:30:31.948848][I][writeEx] E6640A <= CALC:DDEMod:MARK1:FUNC:BAND:CENT 2455000000.000000
[2020/07/28 09:30:32.259349][I][queryEx] E6640A <= *OPC?
[2020/07/28 09:30:32.268911][I][queryEx] E6640A => 1
[2020/07/28 09:30:32.268911][I][queryEx] E6640A <= CALC:DDEMod:MARK1:FUNC:BAND:CENT?
[2020/07/28 09:30:32.268911][I][queryEx] E6640A => 2.455000000E+09
[2020/07/28 09:30:32.278847][I][writeEx] E6640A <= CALC:DDEMod:MARK1:FUNC:BAND:SPAN 10000000.000000
[2020/07/28 09:30:32.589032][I][queryEx] E6640A <= *OPC?
[2020/07/28 09:30:32.589032][I][queryEx] E6640A => 1
[2020/07/28 09:30:32.598846][I][get_Power] Get Tx power
[2020/07/28 09:30:32.598846][I][queryEx] E6640A <= :CALC:DDEMod:MARK1:Y?
[2020/07/28 09:30:32.608861][I][queryEx] E6640A => -5.445542548E-01
[2020/07/28 09:30:32.608861][I][chk_Tx_Result] Tx power(add loss: 8.900000) = 8.355000 dBm
[2020/07/28 09:30:32.618849][I][read_DDEMod_Array] Read measurement result
[2020/07/28 09:30:32.618849][I][queryEx] E6640A <= :READ:DDEMod?
[2020/07/28 09:30:32.769347][I][queryEx] E6640A => 1.356728935E+01,4.283448410E+01,1.420000000E+02,3.259684563E+00,1.643040276E+01,1.420000000E+02,9.91E+37,9.91E+37,9.91E+37,4.922572970E-01,-1.286494732E+00,1.180000000E+02,1.104457188E+01,3.536094666E+01,1.420000000E+02,-2.792781055E+04,9.91E+37,9.91E+37,9.91E+37,9.91E+37,9.91E+37,-4.490884399E+01,9.91E+37,9.634469151E-01,6.542180479E-02,3.348985016E-01,9.91E+37,9.91E+37,9.91E+37,9.91E+37,9.91E+37,9.91E+37,9.91E+37,9.91E+37,9.91E+37,9.91E+37,9.91E+37,9.91E+37,9.91E+37,9.91E+37,9.91E+37,9.91E+37,9.91E+37,9.91E+37,9.91E+37,9.91E+37,9.91E+37,9.91E+37,9.91E+37,9.91E+37,9.91E+37,9.91E+37,9.91E+37,9.91E+37,9.91E+37,9.91E+37,9.91E+37,9.91E+37,9.91E+37,9.91E+37,9.91E+37,4.476652481E-03,-3.500445513E-03
[2020/07/28 09:30:32.788859][I][set_Continue] Set continue
[2020/07/28 09:30:32.798861][I][writeEx] E6640A <= :INIT:CONT ON
[2020/07/28 09:30:34.438810][I][set_Preset] System reset
[2020/07/28 09:30:34.448845][I][writeEx] E6640A <= *RST
[2020/07/28 09:30:34.448845][I][writeEx] E6640A <= *CLS
[2020/07/28 09:30:34.458810][I][writeEx] E6640A <= SYST:PRES
[2020/07/28 09:30:34.769351][I][queryEx] E6640A <= *OPC?
[2020/07/28 09:30:35.679349][I][queryEx] E6640A => 1
[2020/07/28 09:30:35.698809][I][set_Tx_Start] Set Tx start
[2020/07/28 09:30:35.698809][I][set_RFI_Port] Set input port
[2020/07/28 09:30:35.708844][I][writeEx] E6640A <= :FEED:RF:PORT:INPut RFIO1
[2020/07/28 09:30:35.708844][I][queryEx] E6640A <= :FEED:RF:PORT:INPut?
[2020/07/28 09:30:35.718849][I][queryEx] E6640A => RFIO1
[2020/07/28 09:30:35.718849][I][set_Modulation_Analysis] Set measurement function
[2020/07/28 09:30:35.728854][I][writeEx] E6640A <= INST:SEL VSA
[2020/07/28 09:30:36.039230][I][queryEx] E6640A <= *OPC?
[2020/07/28 09:30:36.048808][I][queryEx] E6640A => 1
[2020/07/28 09:30:36.048808][I][queryEx] E6640A <= INST:SEL?
[2020/07/28 09:30:36.058962][I][queryEx] E6640A => VSA
[2020/07/28 09:30:36.058962][I][writeEx] E6640A <= :CONFigure:DDEMod
[2020/07/28 09:30:36.379350][I][queryEx] E6640A <= *OPC?
[2020/07/28 09:30:36.538863][I][queryEx] E6640A => 1
[2020/07/28 09:30:36.548864][I][init_Zigbee_Mode] Initial Zigbee mode
[2020/07/28 09:30:36.558816][I][writeEx] E6640A <= :DDEM:STAN:PRES ZIGBEE2450
[2020/07/28 09:30:36.879354][I][queryEx] E6640A <= *OPC?
[2020/07/28 09:30:36.888837][I][queryEx] E6640A => 1
[2020/07/28 09:30:36.888837][I][set_Continue] Set continue
[2020/07/28 09:30:36.888837][I][writeEx] E6640A <= :INIT:CONT ON
[2020/07/28 09:30:36.898845][I][set_Freq] Set frequence
[2020/07/28 09:30:36.898845][I][writeEx] E6640A <= :FREQuency:CENTer 2470.0 MHz
[2020/07/28 09:30:36.908809][I][set_XScale_Span] Set frequence span
[2020/07/28 09:30:36.908809][I][writeEx] E6640A <= :FREQuency:SPAN 10000.000000 KHZ
[2020/07/28 09:30:36.918809][I][set_Power_Range] Get power range
[2020/07/28 09:30:36.918809][I][writeEx] E6640A <= :POW:RANG 20.000000
[2020/07/28 09:30:36.928808][I][set_Symbol_Rate] Get symbol rate
[2020/07/28 09:30:36.928808][I][writeEx] E6640A <= :DDEMod:SRATe 1000.000000 kHz
[2020/07/28 09:30:36.938828][I][set_Meas_Interval] Get meas interval
[2020/07/28 09:30:36.938828][I][writeEx] E6640A <= :DDEMod:SWEep:POINts 500
[2020/07/28 09:30:36.948809][I][set_Zigbee_TX_BandPower] Set marker function
[2020/07/28 09:30:36.948809][I][writeEx] E6640A <= CALC:DDEMod:MARK1:MODE POS
[2020/07/28 09:30:36.948809][I][writeEx] E6640A <= CALC:DDEMod:MARK1:TRAC 2
[2020/07/28 09:30:36.958846][I][writeEx] E6640A <= CALC:DDEMod:MARK1:FUNC BPOW
[2020/07/28 09:30:36.958846][I][writeEx] E6640A <= CALC:DDEMod:MARK1:FUNC:BPOW:CTYP MEAN
[2020/07/28 09:30:36.968848][I][writeEx] E6640A <= CALC:DDEMod:MARK1:FUNC:BAND:CENT 2470000000.000000
[2020/07/28 09:30:37.279359][I][queryEx] E6640A <= *OPC?
[2020/07/28 09:30:37.288839][I][queryEx] E6640A => 1
[2020/07/28 09:30:37.288839][I][queryEx] E6640A <= CALC:DDEMod:MARK1:FUNC:BAND:CENT?
[2020/07/28 09:30:37.298816][I][queryEx] E6640A => 2.470000000E+09
[2020/07/28 09:30:37.298816][I][writeEx] E6640A <= CALC:DDEMod:MARK1:FUNC:BAND:SPAN 10000000.000000
[2020/07/28 09:30:37.619339][I][queryEx] E6640A <= *OPC?
[2020/07/28 09:30:37.628812][I][queryEx] E6640A => 1
[2020/07/28 09:30:37.628812][I][set_Trigger_Video] Set trigger video
[2020/07/28 09:30:37.628812][I][writeEx] E6640A <= TRIG:DDEM:SOUR VID
[2020/07/28 09:30:37.959354][I][queryEx] E6640A <= *OPC?
[2020/07/28 09:30:37.968851][I][queryEx] E6640A => 1
[2020/07/28 09:30:37.968851][I][set_Trigger_Level] Set trigger level
[2020/07/28 09:30:37.968851][I][writeEx] E6640A <= :TRIGger:VIDeo:LEVel 30.000000 mV
[2020/07/28 09:30:37.978846][I][set_Trigger_Delay] Set trigger delay
[2020/07/28 09:30:37.978846][I][writeEx] E6640A <= :TRIGger:VIDeo:DELay:STATe ON
[2020/07/28 09:30:37.988845][I][queryEx] E6640A <= :TRIGger:VIDeo:DELay:STATe?
[2020/07/28 09:30:38.039503][I][queryEx] E6640A => 1
[2020/07/28 09:30:38.048855][I][writeEx] E6640A <= :TRIGger:VIDeo:DELay:STATe ON
[2020/07/28 09:30:38.058853][I][writeEx] E6640A <= :TRIGger:VIDeo:DELay 0.300000 ms
[2020/07/28 09:30:38.058853][I][init_Trigger_Reg] Initial trigger status register
[2020/07/28 09:30:38.068840][I][writeEx] E6640A <= *CLS
[2020/07/28 09:30:38.068840][I][writeEx] E6640A <= :STATus:PRESet
[2020/07/28 09:30:38.078846][I][writeEx] E6640A <= *SRE 192
[2020/07/28 09:30:38.078846][I][writeEx] E6640A <= :STATus:OPERation:ENABle 32
[2020/07/28 09:30:38.088819][I][writeEx] E6640A <= *CLS
[2020/07/28 09:30:38.088819][I][queryEx] E6640A <= *STB?
[2020/07/28 09:30:38.129440][I][queryEx] E6640A => 0
[2020/07/28 09:30:38.138849][I][init_Trigger_Reg] Status: 0
[2020/07/28 09:30:47.579318][I][chk_Tx_Result] Check Tx result
[2020/07/28 09:30:47.588804][I][get_Trigger_Status] Get trigger status
[2020/07/28 09:30:47.588804][I][queryEx] E6640A <= *STB?
[2020/07/28 09:30:47.588804][I][queryEx] E6640A => 192
[2020/07/28 09:30:47.598843][I][get_Trigger_Status] Status: 192
[2020/07/28 09:30:47.598843]Is triggered!
[2020/07/28 09:30:47.608855][I][writeEx] E6640A <= *CLS
[2020/07/28 09:30:47.608855][I][set_Continue] Set continue
[2020/07/28 09:30:47.618841][I][writeEx] E6640A <= :INIT:CONT ON
[2020/07/28 09:30:47.729244][I][set_Single] Set single
[2020/07/28 09:30:47.738848][I][writeEx] E6640A <= :INIT:CONT OFF
[2020/07/28 09:30:47.758851][I][set_Zigbee_TX_BandPower] Set marker function
[2020/07/28 09:30:47.768806][I][writeEx] E6640A <= CALC:DDEMod:MARK1:MODE POS
[2020/07/28 09:30:47.768806][I][writeEx] E6640A <= CALC:DDEMod:MARK1:TRAC 2
[2020/07/28 09:30:47.778845][I][writeEx] E6640A <= CALC:DDEMod:MARK1:FUNC BPOW
[2020/07/28 09:30:47.788845][I][writeEx] E6640A <= CALC:DDEMod:MARK1:FUNC:BPOW:CTYP MEAN
[2020/07/28 09:30:47.788845][I][writeEx] E6640A <= CALC:DDEMod:MARK1:FUNC:BAND:CENT 2470000000.000000
[2020/07/28 09:30:48.109341][I][queryEx] E6640A <= *OPC?
[2020/07/28 09:30:48.118804][I][queryEx] E6640A => 1
[2020/07/28 09:30:48.118804][I][queryEx] E6640A <= CALC:DDEMod:MARK1:FUNC:BAND:CENT?
[2020/07/28 09:30:48.128805][I][queryEx] E6640A => 2.470000000E+09
[2020/07/28 09:30:48.128805][I][writeEx] E6640A <= CALC:DDEMod:MARK1:FUNC:BAND:SPAN 10000000.000000
[2020/07/28 09:30:48.439347][I][queryEx] E6640A <= *OPC?
[2020/07/28 09:30:48.448804][I][queryEx] E6640A => 1
[2020/07/28 09:30:48.448804][I][get_Power] Get Tx power
[2020/07/28 09:30:48.448804][I][queryEx] E6640A <= :CALC:DDEMod:MARK1:Y?
[2020/07/28 09:30:48.458806][I][queryEx] E6640A => 1.066812803E+00
[2020/07/28 09:30:48.468806][I][chk_Tx_Result] Tx power(add loss: 8.800000) = 9.867000 dBm
[2020/07/28 09:30:48.468806][I][read_DDEMod_Array] Read measurement result
[2020/07/28 09:30:48.468806][I][queryEx] E6640A <= :READ:DDEMod?
[2020/07/28 09:30:48.729442][I][queryEx] E6640A => 1.453909302E+01,4.135367966E+01,1.830000000E+02,3.565429926E+00,1.729621315E+01,1.830000000E+02,9.91E+37,9.91E+37,9.91E+37,6.945965886E-01,1.294261217E+00,2.380000000E+02,1.181986713E+01,3.425311661E+01,1.830000000E+02,-2.812511328E+04,9.91E+37,9.91E+37,9.91E+37,9.91E+37,9.91E+37,-4.043855667E+01,9.91E+37,9.580808878E-01,-1.379476488E-01,-4.608746171E-01,9.91E+37,9.91E+37,9.91E+37,9.91E+37,9.91E+37,9.91E+37,9.91E+37,9.91E+37,9.91E+37,9.91E+37,9.91E+37,9.91E+37,9.91E+37,9.91E+37,9.91E+37,9.91E+37,9.91E+37,9.91E+37,9.91E+37,9.91E+37,9.91E+37,9.91E+37,9.91E+37,9.91E+37,9.91E+37,9.91E+37,9.91E+37,9.91E+37,9.91E+37,9.91E+37,9.91E+37,9.91E+37,9.91E+37,9.91E+37,9.91E+37,-7.935443893E-03,-5.236767232E-03
[2020/07/28 09:30:48.738840][I][set_Continue] Set continue
[2020/07/28 09:30:48.738840][I][writeEx] E6640A <= :INIT:CONT ON
[2020/07/28 09:30:59.709353][I][chk_Tx_Result] Check Tx result
[2020/07/28 09:30:59.718820][I][get_Trigger_Status] Get trigger status
[2020/07/28 09:30:59.718820][I][queryEx] E6640A <= *STB?
[2020/07/28 09:30:59.718820][I][queryEx] E6640A => 192
[2020/07/28 09:30:59.728841][I][get_Trigger_Status] Status: 192
[2020/07/28 09:30:59.728841]Is triggered!
[2020/07/28 09:30:59.738842][I][writeEx] E6640A <= *CLS
[2020/07/28 09:30:59.738842][I][set_Continue] Set continue
[2020/07/28 09:30:59.748842][I][writeEx] E6640A <= :INIT:CONT ON
[2020/07/28 09:30:59.859358][I][set_Single] Set single
[2020/07/28 09:30:59.868836][I][writeEx] E6640A <= :INIT:CONT OFF
[2020/07/28 09:30:59.868836][I][set_Zigbee_TX_BandPower] Set marker function
[2020/07/28 09:30:59.878802][I][writeEx] E6640A <= CALC:DDEMod:MARK1:MODE POS
[2020/07/28 09:30:59.878802][I][writeEx] E6640A <= CALC:DDEMod:MARK1:TRAC 2
[2020/07/28 09:30:59.888838][I][writeEx] E6640A <= CALC:DDEMod:MARK1:FUNC BPOW
[2020/07/28 09:30:59.888838][I][writeEx] E6640A <= CALC:DDEMod:MARK1:FUNC:BPOW:CTYP MEAN
[2020/07/28 09:30:59.898839][I][writeEx] E6640A <= CALC:DDEMod:MARK1:FUNC:BAND:CENT 2470000000.000000
[2020/07/28 09:31:00.209353][I][queryEx] E6640A <= *OPC?
[2020/07/28 09:31:00.218803][I][queryEx] E6640A => 1
[2020/07/28 09:31:00.218803][I][queryEx] E6640A <= CALC:DDEMod:MARK1:FUNC:BAND:CENT?
[2020/07/28 09:31:00.218803][I][queryEx] E6640A => 2.470000000E+09
[2020/07/28 09:31:00.228839][I][writeEx] E6640A <= CALC:DDEMod:MARK1:FUNC:BAND:SPAN 10000000.000000
[2020/07/28 09:31:00.539347][I][queryEx] E6640A <= *OPC?
[2020/07/28 09:31:00.548801][I][queryEx] E6640A => 1
[2020/07/28 09:31:00.548801][I][get_Power] Get Tx power
[2020/07/28 09:31:00.558802][I][queryEx] E6640A <= :CALC:DDEMod:MARK1:Y?
[2020/07/28 09:31:00.558802][I][queryEx] E6640A => -9.676418287E-02
[2020/07/28 09:31:00.568842][I][chk_Tx_Result] Tx power(add loss: 8.800000) = 8.703000 dBm
[2020/07/28 09:31:00.568842][I][read_DDEMod_Array] Read measurement result
[2020/07/28 09:31:00.578803][I][queryEx] E6640A <= :READ:DDEMod?
[2020/07/28 09:31:00.728886][I][queryEx] E6640A => 1.404826641E+01,4.313319016E+01,2.310000000E+02,3.378390074E+00,1.519742870E+01,2.310000000E+02,9.91E+37,9.91E+37,9.91E+37,6.067807078E-01,-1.117467880E+00,3.920000000E+02,1.142598438E+01,3.537628937E+01,2.310000000E+02,-2.815908984E+04,9.91E+37,9.91E+37,9.91E+37,9.91E+37,9.91E+37,-4.177454376E+01,9.91E+37,9.608375430E-01,7.468272746E-02,4.017620981E-01,9.91E+37,9.91E+37,9.91E+37,9.91E+37,9.91E+37,9.91E+37,9.91E+37,9.91E+37,9.91E+37,9.91E+37,9.91E+37,9.91E+37,9.91E+37,9.91E+37,9.91E+37,9.91E+37,9.91E+37,9.91E+37,9.91E+37,9.91E+37,9.91E+37,9.91E+37,9.91E+37,9.91E+37,9.91E+37,9.91E+37,9.91E+37,9.91E+37,9.91E+37,9.91E+37,9.91E+37,9.91E+37,9.91E+37,9.91E+37,9.91E+37,6.488533691E-03,-4.935249686E-03
[2020/07/28 09:31:00.738840][I][set_Continue] Set continue
[2020/07/28 09:31:00.738840][I][writeEx] E6640A <= :INIT:CONT ON
[2020/07/28 09:31:02.268832][I][set_Preset] System reset
[2020/07/28 09:31:02.268832][I][writeEx] E6640A <= *RST
[2020/07/28 09:31:02.278844][I][writeEx] E6640A <= *CLS
[2020/07/28 09:31:02.278844][I][writeEx] E6640A <= SYST:PRES
[2020/07/28 09:31:02.589343][I][queryEx] E6640A <= *OPC?
[2020/07/28 09:31:03.498853][I][queryEx] E6640A => 1
[2020/07/28 09:31:03.518842][I][set_Rx_OneTone] Set Rx one tone
[2020/07/28 09:31:03.518842][I][set_RFO_Port] Set output port
[2020/07/28 09:31:03.528841][I][writeEx] E6640A <= :FEED:RF:PORT:OUTPut RFIO1
[2020/07/28 09:31:03.528841][I][queryEx] E6640A <= :FEED:RF:PORT:OUTPut?
[2020/07/28 09:31:03.538838][I][queryEx] E6640A => RFIO1
[2020/07/28 09:31:03.538838][I][set_OneTone_Freq] Set One Tone frequence
[2020/07/28 09:31:03.548835][I][writeEx] E6640A <= :SOUR:FREQ 2445.0 MHz
[2020/07/28 09:31:03.548835][I][set_OneTone_Power] Set One Tone power
[2020/07/28 09:31:03.558836][I][writeEx] E6640A <= :SOURce:POWer -16.1
[2020/07/28 09:31:13.478832][I][set_OneTone_Start] Set One Tone start
[2020/07/28 09:31:13.478832][I][writeEx] E6640A <= OUTP ON
[2020/07/28 09:31:18.768833][I][set_OneTone_Stop] Set One Tone stop
[2020/07/28 09:31:18.778835][I][writeEx] E6640A <= OUTP OFF
[2020/07/28 09:31:18.788835][I][set_Rx_OneTone] Set Rx one tone
[2020/07/28 09:31:18.788835][I][set_RFO_Port] Set output port
[2020/07/28 09:31:18.798796][I][writeEx] E6640A <= :FEED:RF:PORT:OUTPut RFIO1
[2020/07/28 09:31:18.798796][I][queryEx] E6640A <= :FEED:RF:PORT:OUTPut?
[2020/07/28 09:31:18.808835][I][queryEx] E6640A => RFIO1
[2020/07/28 09:31:18.808835][I][set_OneTone_Freq] Set One Tone frequence
[2020/07/28 09:31:18.818836][I][writeEx] E6640A <= :SOUR:FREQ 2445.0 MHz
[2020/07/28 09:31:18.818836][I][set_OneTone_Power] Set One Tone power
[2020/07/28 09:31:18.828836][I][writeEx] E6640A <= :SOURce:POWer -16.1
[2020/07/28 09:31:27.828835][I][set_OneTone_Start] Set One Tone start
[2020/07/28 09:31:27.828835][I][writeEx] E6640A <= OUTP ON
[2020/07/28 09:31:33.098837][I][set_OneTone_Stop] Set One Tone stop
[2020/07/28 09:31:33.108872][I][writeEx] E6640A <= OUTP OFF
[2020/07/28 09:31:33.558797][I][disconnect_E6640A] Disconnect E6640A
[2020/07/28 09:31:33.558797]========== End ==========
