[2020/07/28 09:44:34.576924] ========== Start ==========
[2020/07/28 09:44:34.576924] [I][main] Python 3.7.2 (tags/v3.7.2:9a3ffc0492, Dec 23 2018, 23:09:28) [MSC v.1916 64 bit (AMD64)]
[2020/07/28 09:44:34.586928] [I][main] GFI20_RF_Zigbee.py 3.0.0.3
[2020/07/28 09:44:34.586928] [I][readINI] ---------- INI ----------
[2020/07/28 09:44:34.586928] [I][readINI] SKU = 1
[2020/07/28 09:44:34.596925] [I][readINI] InstrumentINI = GFI20_Zigbee_Instrument_Setting
[2020/07/28 09:44:34.596925] [I][readINI] ---------- Test Plan 1 ----------
[2020/07/28 09:44:34.596925] [I][readINI] TestPlan1 = ZIGBEE_2450;15/2425,21/2455,24/2470;TX_Power
[2020/07/28 09:44:34.596925] [I][readINI] CableLoss = ['0.5', '0.5', '0.5'] dBm
[2020/07/28 09:44:34.606923] [I][readINI] TX_Power = ['0', '0', '0'] dBm
[2020/07/28 09:44:34.606923] [I][readINI] Calibration_ON = 1
[2020/07/28 09:44:34.606923] [I][readINI] Ca_Tx_Power_Target = ['9.2', '9.2', '9.2']
[2020/07/28 09:44:34.616923] [I][readINI] Ca_Tx_Power_Gap = ['0.5', '0.5', '0.5']
[2020/07/28 09:44:34.616923] [I][readINI] Ca_Tx_Power_Offset = ['0.86', '0.86', '0.86']
[2020/07/28 09:44:34.616923] [I][readINI] Current_ON = 1
[2020/07/28 09:44:34.616923] [I][readINI] TX_Current_SpecMax = ['0.18', '0.18', '0.18'] A
[2020/07/28 09:44:34.616923] [I][readINI] TX_Current_SpecMin = ['0.045', '0.045', '0.045'] A
[2020/07/28 09:44:34.626924] [I][readINI] TX_Power_SpecMax = ['13', '13', '13'] dBm
[2020/07/28 09:44:34.626924] [I][readINI] TX_Power_SpecMin = ['6', '6', '6'] dBm
[2020/07/28 09:44:34.626924] [I][readINI] ---------- Test Plan 1 ----------
[2020/07/28 09:44:34.636924] [I][readINI] ---------- Test Plan 2 ----------
[2020/07/28 09:44:34.636924] [I][readINI] TestPlan2 = ZIGBEE_2450;19/2445;RX_RSSI
[2020/07/28 09:44:34.636924] [I][readINI] CableLoss = ['0.5'] dBm
[2020/07/28 09:44:34.636924] [I][readINI] RX_Cell_Power = ['-25'] dBm
[2020/07/28 09:44:34.636924] [I][readINI] RX_LNAON_RSSI_SpecMax = ['-9'] %
[2020/07/28 09:44:34.646925] [I][readINI] RX_LNAON_RSSI_SpecMin = ['-18'] %
[2020/07/28 09:44:34.646925] [I][readINI] RX_LNAOFF_RSSI_SpecMax = ['-24'] %
[2020/07/28 09:44:34.646925] [I][readINI] RX_LNAOFF_RSSI_SpecMin = ['-30'] %
[2020/07/28 09:44:34.656924] [I][readINI] ---------- Test Plan 2 ----------
[2020/07/28 09:44:34.656924] [I][readINI] StartButton_ON = 0
[2020/07/28 09:44:34.656924] [I][readINI] FailAutoExit = False
[2020/07/28 09:44:34.666924] [I][readINI] FailRetryAll = False
[2020/07/28 09:44:34.666924] [I][readINI] RFDatabase = True
[2020/07/28 09:44:34.666924] [I][readINI] EC = 010000S01
[2020/07/28 09:44:34.676923] [I][readINI] ---------- INI ----------
[2020/07/28 09:44:34.676923] [I][readInstrumentINI] ---------- Common ----------
[2020/07/28 09:44:34.676923] [I][readInstrumentINI] Instrument_Name = E6640A
[2020/07/28 09:44:34.676923] [I][readInstrumentINI] Instrument_IP_Addr = TCPIP0::192.168.1.2::hislip0::INSTR
[2020/07/28 09:44:34.686955] [I][readInstrumentINI] PowerSupplier_Name = 66321B
[2020/07/28 09:44:34.686955] [I][readInstrumentINI] PowerSupplier_Addr = GPIB0::5::INSTR
[2020/07/28 09:44:34.686955] [I][readInstrumentINI] Current_Delay = 0.5
[2020/07/28 09:44:34.696924] [I][readInstrumentINI] ---------- Common ----------
[2020/07/28 09:44:34.696924] [I][readInstrumentINI] ---------- ZIGBEE_2450 ----------
[2020/07/28 09:44:34.696924] [I][readInstrumentINI] RFIO_Input = 1
[2020/07/28 09:44:34.696924] [I][readInstrumentINI] Tx_Span = 10000.0 kHz
[2020/07/28 09:44:34.706924] [I][readInstrumentINI] Tx_PowRange = 20.0 dBm
[2020/07/28 09:44:34.706924] [I][readInstrumentINI] Tx_SymbolRate = 1000.0 kHz
[2020/07/28 09:44:34.706924] [I][readInstrumentINI] Tx_MeasInterval = 500
[2020/07/28 09:44:34.716924] [I][readInstrumentINI] Tx_TrigLevel = 30.0 mV
[2020/07/28 09:44:34.716924] [I][readInstrumentINI] Tx_TrigDelay = 0.3 ms
[2020/07/28 09:44:34.716924] [I][readInstrumentINI] RFIO_Output = 1
[2020/07/28 09:44:34.716924] [I][readInstrumentINI] ---------- ZIGBEE_2450 ----------
[2020/07/28 09:44:34.726961] ---------- StartTest ----------
[2020/07/28 09:44:34.736925] [I][chkDUTConnect] Connect to DUT
[2020/07/28 09:44:34.746923] [I][chkDUTConnect] Check DUT status
[2020/07/28 09:44:35.626982] [I][chkDUTConnect] Success
[2020/07/28 09:44:35.637158] [I][chkE6640AConnect] Connect to E6640A
[2020/07/28 09:44:37.106928] [I][chkE6640AConnect] Preset E6640A status
[2020/07/28 09:44:38.186947] [I][chkE6640AConnect] success
[2020/07/28 09:44:38.576922] ---------- Test Plan 1 ----------
[2020/07/28 09:44:38.586922] [I][startTestPlan]---------- ZIGBEE_2450 Freq 2425 ----------
[2020/07/28 09:44:38.586922] [I][startTestPlan]---------- Measure Tx Start ----------
[2020/07/28 09:44:38.596938] [I][startTestPlan] Preset E6640A
[2020/07/28 09:44:39.706925] [I][startTestPlan] Success
[2020/07/28 09:44:39.706925] [I][startTestPlan] Set Tx Start
[2020/07/28 09:44:42.107363] [I][startTestPlan] Success
[2020/07/28 09:44:42.116921] [I][startTestPlan] Set DUT Tx
[2020/07/28 09:44:48.316983] [I][startTestPlan] Success
[2020/07/28 09:44:48.316983] [I][startTestPlan] Start DUT Tx
[2020/07/28 09:44:51.006964] [I][startTestPlan] Success
[2020/07/28 09:44:52.646978] [I][startTestPlan] 11.063, 11.862, 13.968
[2020/07/28 09:44:53.216961] [I][startTestPlan] 0.045
[2020/07/28 09:44:53.216961] [I][startTestPlan] Stop DUT Tx
[2020/07/28 09:44:54.116918] [I][startTestPlan] Success
[2020/07/28 09:44:54.116918] [I][startTestPlan] Calibration
[2020/07/28 09:44:54.126943] [I][startTestPlan] Calculate DUT Tx Power
[2020/07/28 09:44:54.126943] [I][startTestPlan] DUT Tx Power: -2
[2020/07/28 09:44:54.136950] [I][startTestPlan] Measure again
[2020/07/28 09:44:54.136950] [I][startTestPlan] Set DUT Tx
[2020/07/28 09:45:00.366976] [I][startTestPlan] Success
[2020/07/28 09:45:00.376917] [I][startTestPlan] Start DUT Tx
[2020/07/28 09:45:03.066965] [I][startTestPlan] Success
[2020/07/28 09:45:04.746916] [I][startTestPlan] 9.064, 11.846, 14.234
[2020/07/28 09:45:05.307227] [I][startTestPlan] 0.046
[2020/07/28 09:45:05.316963] [I][startTestPlan] Stop DUT Tx
[2020/07/28 09:45:06.226965] [I][startTestPlan] Success
[2020/07/28 09:45:06.236952] [I][startTestPlan] Power: 9.064 dBm
[2020/07/28 09:45:06.236952] [I][startTestPlan] Freq Err: 11.846 ppm
[2020/07/28 09:45:06.236952] [I][startTestPlan] EVM: 14.234 %
[2020/07/28 09:45:06.246915] [I][startTestPlan] Current: 0.046 A
[2020/07/28 09:45:06.246915] [I][startTestPlan] Check Tx Result
[2020/07/28 09:45:06.256915] [I][startBTTest] Tx Test Time: 27.67
[2020/07/28 09:45:06.256915] [I][startTestPlan]---------- ZIGBEE_2450 Freq 2455 ----------
[2020/07/28 09:45:06.266932] [I][startTestPlan]---------- Measure Tx Start ----------
[2020/07/28 09:45:06.266932] [I][startTestPlan] Preset E6640A
[2020/07/28 09:45:07.556916] [I][startTestPlan] Success
[2020/07/28 09:45:07.566958] [I][startTestPlan] Set Tx Start
[2020/07/28 09:45:10.006946] [I][startTestPlan] Success
[2020/07/28 09:45:10.006946] [I][startTestPlan] Set DUT Tx
[2020/07/28 09:45:16.306969] [I][startTestPlan] Success
[2020/07/28 09:45:16.316958] [I][startTestPlan] Start DUT Tx
[2020/07/28 09:45:18.966912] [I][startTestPlan] Success
[2020/07/28 09:45:20.546911] [I][startTestPlan] 11.122, 11.839, 13.26
[2020/07/28 09:45:21.106911] [I][startTestPlan] 0.047
[2020/07/28 09:45:21.116912] [I][startTestPlan] Stop DUT Tx
[2020/07/28 09:45:22.016956] [I][startTestPlan] Success
[2020/07/28 09:45:22.026940] [I][startTestPlan] Calibration
[2020/07/28 09:45:22.026940] [I][startTestPlan] Calculate DUT Tx Power
[2020/07/28 09:45:22.036910] [I][startTestPlan] DUT Tx Power: -2
[2020/07/28 09:45:22.036910] [I][startTestPlan] Measure again
[2020/07/28 09:45:22.036910] [I][startTestPlan] Set DUT Tx
[2020/07/28 09:45:28.336954] [I][startTestPlan] Success
[2020/07/28 09:45:28.346946] [I][startTestPlan] Start DUT Tx
[2020/07/28 09:45:31.036942] [I][startTestPlan] Success
[2020/07/28 09:45:32.686950] [I][startTestPlan] 9.115, 11.828, 13.937
[2020/07/28 09:45:33.246908] [I][startTestPlan] 0.047
[2020/07/28 09:45:33.246908] [I][startTestPlan] Stop DUT Tx
[2020/07/28 09:45:34.146951] [I][startTestPlan] Success
[2020/07/28 09:45:34.156944] [I][startTestPlan] Power: 9.115 dBm
[2020/07/28 09:45:34.156944] [I][startTestPlan] Freq Err: 11.828 ppm
[2020/07/28 09:45:34.166906] [I][startTestPlan] EVM: 13.937 %
[2020/07/28 09:45:34.166906] [I][startTestPlan] Current: 0.047 A
[2020/07/28 09:45:34.166906] [I][startTestPlan] Check Tx Result
[2020/07/28 09:45:34.176919] [I][startBTTest] Tx Test Time: 27.92
[2020/07/28 09:45:34.176919] [I][startTestPlan]---------- ZIGBEE_2450 Freq 2470 ----------
[2020/07/28 09:45:34.186941] [I][startTestPlan]---------- Measure Tx Start ----------
[2020/07/28 09:45:34.186941] [I][startTestPlan] Preset E6640A
[2020/07/28 09:45:35.486906] [I][startTestPlan] Success
[2020/07/28 09:45:35.486906] [I][startTestPlan] Set Tx Start
[2020/07/28 09:45:37.916906] [I][startTestPlan] Success
[2020/07/28 09:45:37.916906] [I][startTestPlan] Set DUT Tx
[2020/07/28 09:45:44.246968] [I][startTestPlan] Success
[2020/07/28 09:45:44.256939] [I][startTestPlan] Start DUT Tx
[2020/07/28 09:45:46.966903] [I][startTestPlan] Success
[2020/07/28 09:45:48.616902] [I][startTestPlan] 11.21, 11.811, 13.822
[2020/07/28 09:45:49.176953] [I][startTestPlan] 0.048
[2020/07/28 09:45:49.186902] [I][startTestPlan] Stop DUT Tx
[2020/07/28 09:45:50.086902] [I][startTestPlan] Success
[2020/07/28 09:45:50.086902] [I][startTestPlan] Calibration
[2020/07/28 09:45:50.096903] [I][startTestPlan] Calculate DUT Tx Power
[2020/07/28 09:45:50.096903] [I][startTestPlan] DUT Tx Power: -2
[2020/07/28 09:45:50.096903] [I][startTestPlan] Measure again
[2020/07/28 09:45:50.106941] [I][startTestPlan] Set DUT Tx
[2020/07/28 09:45:56.366900] [I][startTestPlan] Success
[2020/07/28 09:45:56.366900] [I][startTestPlan] Start DUT Tx
[2020/07/28 09:45:59.086945] [I][startTestPlan] Success
[2020/07/28 09:46:00.666952] [I][startTestPlan] 9.218, 11.792, 13.525
[2020/07/28 09:46:01.236952] [I][startTestPlan] 0.047
[2020/07/28 09:46:01.246898] [I][startTestPlan] Stop DUT Tx
[2020/07/28 09:46:02.156916] [I][startTestPlan] Success
[2020/07/28 09:46:02.156916] [I][startTestPlan] Power: 9.218 dBm
[2020/07/28 09:46:02.156916] [I][startTestPlan] Freq Err: 11.792 ppm
[2020/07/28 09:46:02.166898] [I][startTestPlan] EVM: 13.525 %
[2020/07/28 09:46:02.166898] [I][startTestPlan] Current: 0.047 A
[2020/07/28 09:46:02.166898] [I][startTestPlan] Check Tx Result
[2020/07/28 09:46:02.176934] [I][startBTTest] Tx Test Time: 28.0
[2020/07/28 09:46:02.176934] ---------- Test Plan 2 ----------
[2020/07/28 09:46:02.186901] [I][startTestPlan]---------- ZIGBEE_2450 Freq 2445 ----------
[2020/07/28 09:46:02.186901] [I][startTestPlan]---------- Measure Rx Start ----------
[2020/07/28 09:46:02.186901] [I][startTestPlan] Preset E6640A
[2020/07/28 09:46:03.586899] [I][startTestPlan] Success
[2020/07/28 09:46:03.596933] [I][startTestPlan]---------- LNA ON ----------
[2020/07/28 09:46:03.596933] [I][startTestPlan] Set Rx one tone
[2020/07/28 09:46:03.646942] [I][startTestPlan] Success
[2020/07/28 09:46:03.646942] [I][startTestPlan] Set DUT Rx
[2020/07/28 09:46:08.236943] [I][startTestPlan] Success
[2020/07/28 09:46:13.636931] [I][startTestPlan] Success
[2020/07/28 09:46:18.386930] [I][startTestPlan] Rx RSSI: -17 dBm
[2020/07/28 09:46:18.396940] [I][startTestPlan]---------- LNA OFF ----------
[2020/07/28 09:46:18.406894] [I][startTestPlan] Set Rx one tone
[2020/07/28 09:46:18.446916] [I][startTestPlan] Success
[2020/07/28 09:46:18.456942] [I][startTestPlan] Set DUT Rx
[2020/07/28 09:46:22.916942] [I][startTestPlan] Success
[2020/07/28 09:46:27.406937] [I][startTestPlan] Success
[2020/07/28 09:46:32.716942] [I][startTestPlan] Rx RSSI: -29 dBm
[2020/07/28 09:46:32.726941] [I][startTestPlan] Check Rx Result
[2020/07/28 09:46:32.736927] [I][startBTTest] Rx Test Time: 30.55
[2020/07/28 09:46:32.736927] [I][startBTTest] Copy calibration data
[2020/07/28 09:46:32.757600] [I][startBTTest] Write Calibration Data
[2020/07/28 09:46:33.408128] [I][TestResult] Test Pass!
