[2022/03/24 16:58:20][INFO ][43 ][__init__] ========= Initiating =========
[2022/03/24 16:58:20][INFO ][45 ][__init__] Reading and Setting Workbook
[2022/03/24 16:58:27][INFO ][56 ][startFlow] ========== Start ==========
[2022/03/24 16:58:27][INFO ][57 ][startFlow] Python 3.10.2 (main, Jan 15 2022, 19:56:27) [GCC 11.1.0]
[2022/03/24 16:58:27][INFO ][58 ][startFlow] report.py 1.0.0.1
[2022/03/24 16:58:27][INFO ][65 ][startFlow] Read the excel sheet "Post-RTS"
[2022/03/24 16:58:33][INFO ][68 ][startFlow] Construct the slide "Carnoustie Regulatory status summary"
[2022/03/24 16:58:33][INFO ][107][add_regulatory_status_summary_slide] Creating System Level Table
[2022/03/24 16:58:33][INFO ][110][add_regulatory_status_summary_slide] Creating Module Level Table
[2022/03/24 16:58:33][INFO ][113][add_regulatory_status_summary_slide] Creating Status-Date Table
[2022/03/24 16:58:33][INFO ][212][create_status_date_table] Unexpected Error :name 'slide_idx' is not defined
[2022/03/24 16:58:33][INFO ][73 ][startFlow] ========== End ==========
[2022/03/24 17:00:22][INFO ][43 ][__init__] ========= Initiating =========
[2022/03/24 17:00:22][INFO ][45 ][__init__] Reading and Setting Workbook
[2022/03/24 17:00:29][INFO ][56 ][startFlow] ========== Start ==========
[2022/03/24 17:00:29][INFO ][57 ][startFlow] Python 3.10.2 (main, Jan 15 2022, 19:56:27) [GCC 11.1.0]
[2022/03/24 17:00:29][INFO ][58 ][startFlow] report.py 1.0.0.1
[2022/03/24 17:00:29][INFO ][65 ][startFlow] Read the excel sheet "Post-RTS"
[2022/03/24 17:00:35][INFO ][68 ][startFlow] Construct the slide "Carnoustie Regulatory status summary"
[2022/03/24 17:00:35][INFO ][107][add_regulatory_status_summary_slide] Creating System Level Table
[2022/03/24 17:00:35][INFO ][110][add_regulatory_status_summary_slide] Creating Module Level Table
[2022/03/24 17:00:35][INFO ][113][add_regulatory_status_summary_slide] Creating Status-Date Table
[2022/03/24 17:00:35][INFO ][73 ][startFlow] ========== End ==========
[2022/03/24 17:05:04][INFO ][43 ][__init__] ========= Initiating =========
[2022/03/24 17:05:04][INFO ][45 ][__init__] Reading and Setting Workbook
[2022/03/24 17:05:11][INFO ][56 ][startFlow] ========== Start ==========
[2022/03/24 17:05:11][INFO ][57 ][startFlow] Python 3.10.2 (main, Jan 15 2022, 19:56:27) [GCC 11.1.0]
[2022/03/24 17:05:11][INFO ][58 ][startFlow] report.py 1.0.0.1
[2022/03/24 17:05:11][INFO ][65 ][startFlow] Read the excel sheet "Post-RTS"
[2022/03/24 17:05:18][INFO ][68 ][startFlow] Construct the slide "Carnoustie Regulatory status summary"
[2022/03/24 17:05:18][INFO ][107][add_regulatory_status_summary_slide] Creating System Level Table
[2022/03/24 17:05:18][INFO ][110][add_regulatory_status_summary_slide] Creating Module Level Table
[2022/03/24 17:05:18][INFO ][113][add_regulatory_status_summary_slide] Creating Status-Date Table
[2022/03/24 17:05:18][INFO ][212][create_status_date_table] Unexpected Error :2 columns passed, passed data had 3 columns
[2022/03/24 17:05:18][INFO ][73 ][startFlow] ========== End ==========
[2022/03/24 17:11:26][INFO ][43 ][__init__] ========= Initiating =========
[2022/03/24 17:11:26][INFO ][45 ][__init__] Reading and Setting Workbook
[2022/03/24 17:11:33][INFO ][56 ][startFlow] ========== Start ==========
[2022/03/24 17:11:33][INFO ][57 ][startFlow] Python 3.10.2 (main, Jan 15 2022, 19:56:27) [GCC 11.1.0]
[2022/03/24 17:11:33][INFO ][58 ][startFlow] report.py 1.0.0.1
[2022/03/24 17:11:33][INFO ][65 ][startFlow] Read the excel sheet "Post-RTS"
[2022/03/24 17:11:39][INFO ][68 ][startFlow] Construct the slide "Carnoustie Regulatory status summary"
[2022/03/24 17:11:39][INFO ][107][add_regulatory_status_summary_slide] Creating System Level Table
[2022/03/24 17:11:39][INFO ][110][add_regulatory_status_summary_slide] Creating Module Level Table
[2022/03/24 17:11:39][INFO ][113][add_regulatory_status_summary_slide] Creating Status-Date Table
[2022/03/24 17:11:39][INFO ][73 ][startFlow] ========== End ==========
[2022/03/24 17:23:30][INFO ][43 ][__init__] ========= Initiating =========
[2022/03/24 17:23:30][INFO ][45 ][__init__] Reading and Setting Workbook
[2022/03/24 17:23:37][INFO ][56 ][startFlow] ========== Start ==========
[2022/03/24 17:23:37][INFO ][57 ][startFlow] Python 3.10.2 (main, Jan 15 2022, 19:56:27) [GCC 11.1.0]
[2022/03/24 17:23:37][INFO ][58 ][startFlow] report.py 1.0.0.1
[2022/03/24 17:23:37][INFO ][65 ][startFlow] Read the excel sheet "Post-RTS"
[2022/03/24 17:23:44][INFO ][68 ][startFlow] Construct the slide "Carnoustie Regulatory status summary"
[2022/03/24 17:23:44][INFO ][107][add_regulatory_status_summary_slide] Creating System Level Table
[2022/03/24 17:23:44][INFO ][110][add_regulatory_status_summary_slide] Creating Module Level Table
[2022/03/24 17:23:44][INFO ][113][add_regulatory_status_summary_slide] Creating Status-Date Table
[2022/03/24 17:23:44][INFO ][213][create_status_date_table] Unexpected Error :name 'df' is not defined
[2022/03/24 17:23:44][INFO ][73 ][startFlow] ========== End ==========
[2022/03/24 17:24:38][INFO ][43 ][__init__] ========= Initiating =========
[2022/03/24 17:24:38][INFO ][45 ][__init__] Reading and Setting Workbook
[2022/03/24 17:24:45][INFO ][56 ][startFlow] ========== Start ==========
[2022/03/24 17:24:45][INFO ][57 ][startFlow] Python 3.10.2 (main, Jan 15 2022, 19:56:27) [GCC 11.1.0]
[2022/03/24 17:24:45][INFO ][58 ][startFlow] report.py 1.0.0.1
[2022/03/24 17:24:45][INFO ][65 ][startFlow] Read the excel sheet "Post-RTS"
[2022/03/24 17:24:52][INFO ][68 ][startFlow] Construct the slide "Carnoustie Regulatory status summary"
[2022/03/24 17:24:52][INFO ][107][add_regulatory_status_summary_slide] Creating System Level Table
[2022/03/24 17:24:52][INFO ][110][add_regulatory_status_summary_slide] Creating Module Level Table
[2022/03/24 17:24:52][INFO ][113][add_regulatory_status_summary_slide] Creating Status-Date Table
[2022/03/24 17:24:52][INFO ][73 ][startFlow] ========== End ==========
[2022/03/24 17:32:53][INFO ][43 ][__init__] ========= Initiating =========
[2022/03/24 17:32:53][INFO ][45 ][__init__] Reading and Setting Workbook
[2022/03/24 17:33:00][INFO ][56 ][startFlow] ========== Start ==========
[2022/03/24 17:33:00][INFO ][57 ][startFlow] Python 3.10.2 (main, Jan 15 2022, 19:56:27) [GCC 11.1.0]
[2022/03/24 17:33:00][INFO ][58 ][startFlow] report.py 1.0.0.1
[2022/03/24 17:33:00][INFO ][65 ][startFlow] Read the excel sheet "Post-RTS"
[2022/03/24 17:33:06][INFO ][68 ][startFlow] Construct the slide "Carnoustie Regulatory status summary"
[2022/03/24 17:33:06][INFO ][107][add_regulatory_status_summary_slide] Creating System Level Table
[2022/03/24 17:33:06][INFO ][110][add_regulatory_status_summary_slide] Creating Module Level Table
[2022/03/24 17:33:06][INFO ][113][add_regulatory_status_summary_slide] Creating Status-Date Table
[2022/03/24 17:33:06][INFO ][213][create_status_date_table] Unexpected Error :name 'df' is not defined
[2022/03/24 17:33:06][INFO ][73 ][startFlow] ========== End ==========
[2022/03/24 17:34:39][INFO ][43 ][__init__] ========= Initiating =========
[2022/03/24 17:34:39][INFO ][45 ][__init__] Reading and Setting Workbook
[2022/03/24 17:34:46][INFO ][56 ][startFlow] ========== Start ==========
[2022/03/24 17:34:46][INFO ][57 ][startFlow] Python 3.10.2 (main, Jan 15 2022, 19:56:27) [GCC 11.1.0]
[2022/03/24 17:34:46][INFO ][58 ][startFlow] report.py 1.0.0.1
[2022/03/24 17:34:46][INFO ][65 ][startFlow] Read the excel sheet "Post-RTS"
[2022/03/24 17:34:52][INFO ][68 ][startFlow] Construct the slide "Carnoustie Regulatory status summary"
[2022/03/24 17:34:52][INFO ][107][add_regulatory_status_summary_slide] Creating System Level Table
[2022/03/24 17:34:52][INFO ][110][add_regulatory_status_summary_slide] Creating Module Level Table
[2022/03/24 17:34:52][INFO ][113][add_regulatory_status_summary_slide] Creating Status-Date Table
[2022/03/24 17:34:52][INFO ][213][create_status_date_table] Unexpected Error :expected unicode string, got <class 'pandas._libs.tslibs.timestamps.Timestamp'> value 2021-03-24 00:00:00
[2022/03/24 17:34:52][INFO ][73 ][startFlow] ========== End ==========
[2022/03/24 17:36:09][INFO ][43 ][__init__] ========= Initiating =========
[2022/03/24 17:36:09][INFO ][45 ][__init__] Reading and Setting Workbook
[2022/03/24 17:36:16][INFO ][56 ][startFlow] ========== Start ==========
[2022/03/24 17:36:16][INFO ][57 ][startFlow] Python 3.10.2 (main, Jan 15 2022, 19:56:27) [GCC 11.1.0]
[2022/03/24 17:36:16][INFO ][58 ][startFlow] report.py 1.0.0.1
[2022/03/24 17:36:16][INFO ][65 ][startFlow] Read the excel sheet "Post-RTS"
[2022/03/24 17:36:23][INFO ][68 ][startFlow] Construct the slide "Carnoustie Regulatory status summary"
[2022/03/24 17:36:23][INFO ][107][add_regulatory_status_summary_slide] Creating System Level Table
[2022/03/24 17:36:23][INFO ][110][add_regulatory_status_summary_slide] Creating Module Level Table
[2022/03/24 17:36:23][INFO ][113][add_regulatory_status_summary_slide] Creating Status-Date Table
[2022/03/24 17:36:23][INFO ][213][create_status_date_table] Unexpected Error :expected unicode string, got <class 'pandas._libs.tslibs.timestamps.Timestamp'> value 2021-03-24 00:00:00
[2022/03/24 17:36:23][INFO ][73 ][startFlow] ========== End ==========
[2022/03/24 17:39:27][INFO ][43 ][__init__] ========= Initiating =========
[2022/03/24 17:39:27][INFO ][45 ][__init__] Reading and Setting Workbook
[2022/03/24 17:39:35][INFO ][56 ][startFlow] ========== Start ==========
[2022/03/24 17:39:35][INFO ][57 ][startFlow] Python 3.10.2 (main, Jan 15 2022, 19:56:27) [GCC 11.1.0]
[2022/03/24 17:39:35][INFO ][58 ][startFlow] report.py 1.0.0.1
[2022/03/24 17:39:35][INFO ][65 ][startFlow] Read the excel sheet "Post-RTS"
[2022/03/24 17:39:41][INFO ][68 ][startFlow] Construct the slide "Carnoustie Regulatory status summary"
[2022/03/24 17:39:41][INFO ][107][add_regulatory_status_summary_slide] Creating System Level Table
[2022/03/24 17:39:41][INFO ][110][add_regulatory_status_summary_slide] Creating Module Level Table
[2022/03/24 17:39:41][INFO ][113][add_regulatory_status_summary_slide] Creating Status-Date Table
[2022/03/24 17:39:41][INFO ][213][create_status_date_table] Unexpected Error :expected unicode string, got <class 'pandas._libs.tslibs.timestamps.Timestamp'> value 2021-03-24 00:00:00
[2022/03/24 17:39:41][INFO ][73 ][startFlow] ========== End ==========
[2022/03/24 17:40:40][INFO ][43 ][__init__] ========= Initiating =========
[2022/03/24 17:40:40][INFO ][45 ][__init__] Reading and Setting Workbook
[2022/03/24 17:40:47][INFO ][56 ][startFlow] ========== Start ==========
[2022/03/24 17:40:47][INFO ][57 ][startFlow] Python 3.10.2 (main, Jan 15 2022, 19:56:27) [GCC 11.1.0]
[2022/03/24 17:40:47][INFO ][58 ][startFlow] report.py 1.0.0.1
[2022/03/24 17:40:47][INFO ][65 ][startFlow] Read the excel sheet "Post-RTS"
[2022/03/24 17:40:53][INFO ][68 ][startFlow] Construct the slide "Carnoustie Regulatory status summary"
[2022/03/24 17:40:53][INFO ][107][add_regulatory_status_summary_slide] Creating System Level Table
[2022/03/24 17:40:53][INFO ][110][add_regulatory_status_summary_slide] Creating Module Level Table
[2022/03/24 17:40:53][INFO ][113][add_regulatory_status_summary_slide] Creating Status-Date Table
[2022/03/24 17:40:53][INFO ][213][create_status_date_table] Unexpected Error :'NoneType' object has no attribute 'columns'
[2022/03/24 17:40:53][INFO ][73 ][startFlow] ========== End ==========
[2022/03/24 17:41:57][INFO ][43 ][__init__] ========= Initiating =========
[2022/03/24 17:41:57][INFO ][45 ][__init__] Reading and Setting Workbook
[2022/03/24 17:42:04][INFO ][56 ][startFlow] ========== Start ==========
[2022/03/24 17:42:04][INFO ][57 ][startFlow] Python 3.10.2 (main, Jan 15 2022, 19:56:27) [GCC 11.1.0]
[2022/03/24 17:42:04][INFO ][58 ][startFlow] report.py 1.0.0.1
[2022/03/24 17:42:04][INFO ][65 ][startFlow] Read the excel sheet "Post-RTS"
[2022/03/24 17:42:10][INFO ][68 ][startFlow] Construct the slide "Carnoustie Regulatory status summary"
[2022/03/24 17:42:10][INFO ][107][add_regulatory_status_summary_slide] Creating System Level Table
[2022/03/24 17:42:10][INFO ][110][add_regulatory_status_summary_slide] Creating Module Level Table
[2022/03/24 17:42:10][INFO ][113][add_regulatory_status_summary_slide] Creating Status-Date Table
[2022/03/24 17:42:10][INFO ][73 ][startFlow] ========== End ==========
